>Y5.M004_1
247	402	-	1	1.289883	I:	D:
484	1410	+	1	1.331374	I:	D:
1426	2211	+	1	1.328213	I:	D:
2211	3116	+	3	1.327101	I:	D:
3174	4136	+	3	1.330030	I:	D:
4186	4482	+	1	1.327536	I:	D:
4611	4946	-	3	1.337070	I:	D:
5067	5444	-	3	1.344943	I:	D:
5497	5973	-	1	1.322957	I:	D:
6139	6381	+	1	1.322941	I:	D:
6378	7295	+	3	1.332108	I:	D:
7367	8290	+	2	1.317350	I:	D:
8291	8752	+	2	1.334033	I:	D:
8782	10116	+	1	1.318885	I:	D:
10400	10882	-	2	1.323630	I:	D:
11210	11374	+	2	1.342394	I:	D:
11437	12498	+	1	1.334840	I:	D:
12601	12777	+	1	1.359086	I:	D:
12871	13179	+	1	1.320526	I:	D:
13259	13504	+	2	1.318596	I:	D:
13547	13960	+	2	1.319305	I:	D:
13982	14362	+	2	1.328385	I:	D:
14383	14535	-	1	1.339455	I:	D:
14362	14817	+	1	1.301122	I:	D:
14973	15206	+	3	1.335794	I:	D:
15462	15917	+	3	1.315946	I:	D:
15914	16666	+	2	1.350285	I:	D:
16669	17574	-	1	1.337154	I:	D:
17694	18752	+	3	1.326308	I:	D:
18771	21020	+	3	1.351167	I:	D:
21135	21536	+	3	1.370740	I:	D:
22315	22818	-	1	1.329590	I:	D:
22829	23869	-	2	1.316378	I:	D:
23913	26594	-	3	1.335733	I:	D:
26675	27514	+	2	1.348347	I:	D:
27543	27740	-	3	1.340174	I:	D:
27947	28747	-	2	1.349116	I:	D:
28744	29064	-	1	1.363921	I:	D:
29415	32399	-	3	1.344872	I:	D:
32514	32765	-	3	1.346231	I:	D:
32936	33628	+	2	1.327944	I:	D:
33849	34616	+	3	1.366622	I:	D:
34806	35096	+	3	1.346299	I:	D:
35549	36652	+	2	1.342306	I:	D:
36682	37137	+	1	1.302268	I:	D:
37165	38661	+	1	1.309862	I:	D:
38673	38993	+	3	1.321906	I:	D:
39109	39936	+	1	1.337039	I:	D:
39938	40783	+	2	1.314613	I:	D:
40799	41851	+	2	1.331687	I:	D:
41863	42555	+	1	1.334506	I:	D:
42570	43283	+	3	1.340044	I:	D:
43421	45406	+	2	1.329572	I:	D:
45914	46054	+	2	1.324118	I:	D:
46455	47171	-	3	1.319506	I:	D:
47199	47465	-	3	1.322748	I:	D:
47532	48239	-	3	1.369828	I:	D:
48303	49532	+	3	1.327318	I:	D:
49632	51521	-	3	1.346593	I:	D:
51526	52650	-	1	1.344177	I:	D:
52738	54129	-	1	1.330690	I:	D:
54379	55785	+	1	1.329128	I:	D:
55782	56903	+	3	1.337473	I:	D:
56981	57262	+	2	1.305701	I:	D:
57507	59420	+	3	1.361275	I:	D:
59460	59783	+	3	1.353339	I:	D:
59790	61028	+	3	1.324622	I:	D:
61104	61454	+	3	1.302376	I:	D:
61465	62910	+	1	1.323814	I:	D:
62968	64371	-	1	1.328076	I:	D:
64465	65826	-	1	1.355198	I:	D:
66027	66779	+	3	1.324907	I:	D:
66866	67564	+	2	1.357121	I:	D:
67836	71411	+	3	1.336345	I:	D:
71438	73387	+	2	1.342365	I:	D:
73392	73997	+	3	1.355907	I:	D:
74005	75750	+	1	1.338381	I:	D:
76013	76561	+	2	1.333598	I:	D:
76878	77024	+	3	1.318063	I:	D:
77119	78231	+	1	1.341699	I:	D:
78194	79657	+	2	1.335505	I:	D:
79632	80471	+	3	1.322950	I:	D:
80630	80911	-	2	1.319818	I:	D:
81002	82840	-	2	1.348302	I:	D:
83091	85115	+	3	1.328427	I:	D:
85257	86030	+	3	1.331021	I:	D:
86035	86910	+	1	1.336645	I:	D:
86973	88739	+	3	1.357659	I:	D:
88765	89490	+	1	1.326909	I:	D:
89731	91455	+	1	1.337326	I:	D:
91706	92176	+	2	1.372259	I:	D:
92194	92334	+	1	1.308318	I:	D:
92370	93068	+	3	1.355722	I:	D:
93421	94728	+	1	1.332678	I:	D:
94756	95412	+	1	1.364096	I:	D:
95614	96180	+	1	1.375596	I:	D:
96177	96977	+	3	1.341488	I:	D:
96979	97704	-	1	1.359641	I:	D:
97682	97972	+	2	1.376780	I:	D:
98073	98819	-	3	1.350121	I:	D:
98892	99137	-	3	1.335618	I:	D:
99184	101292	-	1	1.332679	I:	D:
101601	101801	+	3	1.315941	I:	D:
101900	103207	+	2	1.350739	I:	D:
103283	103687	+	2	1.375575	I:	D:
103733	103891	+	2	1.329028	I:	D:
104296	104511	-	1	1.359616	I:	D:
104542	105900	-	1	1.339982	I:	D:
106226	106969	-	2	1.317899	I:	D:
107183	108616	+	2	1.362268	I:	D:
108589	109185	+	1	1.360083	I:	D:
109319	109576	+	2	1.349966	I:	D:
109692	111485	+	3	1.332146	I:	D:
111528	113021	+	3	1.343356	I:	D:
113118	113861	+	3	1.340579	I:	D:
113885	114787	+	2	1.354552	I:	D:
114804	114977	+	3	1.380099	I:	D:
115177	116559	-	1	1.339836	I:	D:
116681	117583	-	2	1.324503	I:	D:
117835	119088	+	1	1.358660	I:	D:
119169	120089	+	3	1.315907	I:	D:
120180	120779	+	3	1.345639	I:	D:
120956	122095	+	2	1.337164	I:	D:
122165	123454	+	2	1.330357	I:	D:
123491	124435	+	2	1.333500	I:	D:
124571	125623	+	2	1.320385	I:	D:
125627	127894	+	2	1.326638	I:	D:
127983	128999	-	3	1.338246	I:	D:
129094	130500	-	1	1.331263	I:	D:
130505	131215	-	2	1.325702	I:	D:
131239	133746	-	1	1.340142	I:	D:
133917	135239	+	3	1.339729	I:	D:
135298	136248	+	1	1.327632	I:	D:
136254	137624	+	3	1.340327	I:	D:
137646	138074	+	3	1.309869	I:	D:
138123	138722	+	3	1.303513	I:	D:
139158	140369	-	3	1.329427	I:	D:
140609	141148	+	2	1.338821	I:	D:
141184	142611	+	1	1.343085	I:	D:
142879	143874	+	1	1.345211	I:	D:
143996	144844	+	2	1.311239	I:	D:
145018	147609	+	1	1.322999	I:	D:
147630	147809	+	3	1.336241	I:	D:
148025	149557	+	2	1.340544	I:	D:
149596	150087	+	1	1.369992	I:	D:
150203	150943	+	2	1.327255	I:	D:
150940	152076	+	1	1.344499	I:	D:
152159	153433	+	2	1.331136	I:	D:
153559	155124	+	1	1.342349	I:	D:
155126	157294	+	2	1.339118	I:	D:
157405	158166	+	1	1.320764	I:	D:
158156	159286	+	2	1.326784	I:	D:
159322	161889	+	1	1.353603	I:	D:
161889	162857	+	3	1.343474	I:	D:
162829	163764	+	1	1.344263	I:	D:
164143	164814	-	1	1.336259	I:	D:
164983	165738	+	1	1.366721	I:	D:
165831	166559	+	3	1.364674	I:	D:
166691	168310	-	2	1.319291	I:	D:
168397	169347	+	1	1.362040	I:	D:
169374	170768	+	3	1.322508	I:	D:
170862	171953	+	3	1.325644	I:	D:
172018	172602	+	1	1.307070	I:	D:
172604	173386	+	2	1.352251	I:	D:
173421	174974	+	3	1.337696	I:	D:
175138	175896	+	1	1.355922	I:	D:
175900	176919	+	1	1.323831	I:	D:
176989	177723	+	1	1.352488	I:	D:
177720	178586	+	3	1.359280	I:	D:
178583	179794	+	2	1.349138	I:	D:
179832	181043	+	3	1.345037	I:	D:
182303	182698	+	2	1.319515	I:	D:
182701	184713	+	1	1.355874	I:	D:
184754	185140	-	2	1.392965	I:	D:
185167	185364	+	1	1.309950	I:	D:
185414	185584	+	2	1.390426	I:	D:
185999	186232	-	2	1.351000	I:	D:
186282	187124	-	3	1.351553	I:	D:
187309	188805	+	1	1.323744	I:	D:
188951	189820	+	2	1.320796	I:	D:
189955	192141	+	1	1.335465	I:	D:
192267	192953	+	3	1.333207	I:	D:
192943	194187	+	1	1.340213	I:	D:
194312	194542	+	2	1.379375	I:	D:
194593	195309	+	1	1.341575	I:	D:
195346	196338	+	1	1.337695	I:	D:
196335	197198	+	3	1.329714	I:	D:
197198	198616	+	2	1.330472	I:	D:
198603	200033	+	3	1.318955	I:	D:
200166	202046	+	3	1.342731	I:	D:
202179	203222	+	3	1.326869	I:	D:
203342	205204	+	2	1.343124	I:	D:
205249	205419	+	1	1.334203	I:	D:
205463	206200	+	2	1.343964	I:	D:
206224	207051	+	1	1.322468	I:	D:
207149	207358	+	2	1.357474	I:	D:
207613	208305	+	1	1.354315	I:	D:
208319	209635	+	2	1.336400	I:	D:
209845	211539	+	1	1.350026	I:	D:
211619	213385	+	2	1.329935	I:	D:
213448	214332	-	1	1.357187	I:	D:
214349	215203	-	2	1.351086	I:	D:
215219	216076	-	2	1.365042	I:	D:
216125	217000	-	2	1.347640	I:	D:
217016	217867	-	2	1.342783	I:	D:
218107	219345	-	1	1.334068	I:	D:
219414	221282	-	3	1.307922	I:	D:
221615	221851	+	2	1.368690	I:	D:
222047	222235	+	2	1.322406	I:	D:
222417	222971	+	3	1.339209	I:	D:
223078	223452	-	1	1.299195	I:	D:
223559	224059	-	2	1.322697	I:	D:
224354	225049	-	2	1.336579	I:	D:
225128	225553	-	2	1.330601	I:	D:
225655	226170	-	1	1.312863	I:	D:
226192	226446	-	1	1.273686	I:	D:
226473	226637	-	3	1.373903	I:	D:
226781	227515	-	2	1.363990	I:	D:
227503	229791	-	1	1.321335	I:	D:
229898	230947	-	2	1.316614	I:	D:
230938	231144	+	1	1.333913	I:	D:
231360	231563	-	3	1.346397	I:	D:
231677	233500	+	2	1.316998	I:	D:
233606	234757	+	2	1.308510	I:	D:
234885	236003	-	3	1.301262	I:	D:
236102	237496	-	2	1.335081	I:	D:
237796	238221	+	1	1.325688	I:	D:
238286	238966	+	2	1.370638	I:	D:
238941	239276	+	3	1.339029	I:	D:
239341	240489	-	1	1.325089	I:	D:
240622	242502	-	1	1.303781	I:	D:
242703	244328	+	3	1.344041	I:	D:
244554	245900	+	3	1.332789	I:	D:
245897	246847	+	2	1.348869	I:	D:
246870	247658	+	3	1.332253	I:	D:
247671	248426	+	3	1.308726	I:	D:
248459	250354	+	2	1.327963	I:	D:
250387	252789	+	1	1.326296	I:	D:
252817	255342	+	1	1.324180	I:	D:
255531	255878	+	3	1.333796	I:	D:
255866	256459	+	2	1.331122	I:	D:
256498	257799	+	1	1.325690	I:	D:
>Y5.M004_2
326	538	+	2	1.344905	I:	D:
571	1287	-	1	1.345374	I:	D:
1310	2140	-	2	1.324549	I:	D:
2137	4257	-	1	1.308451	I:	D:
4279	4770	-	1	1.335267	I:	D:
4875	5231	-	3	1.298717	I:	D:
5290	6981	-	1	1.338371	I:	D:
6994	8088	-	1	1.327425	I:	D:
8144	8305	-	2	1.338128	I:	D:
8401	8640	-	1	1.389254	I:	D:
8646	9227	-	3	1.354612	I:	D:
9231	9980	-	3	1.349372	I:	D:
9986	11038	-	2	1.329223	I:	D:
11063	11737	-	2	1.354043	I:	D:
11908	12624	+	1	1.368600	I:	D:
12612	13355	+	3	1.348365	I:	D:
13352	14284	+	2	1.346087	I:	D:
14296	15498	-	1	1.327535	I:	D:
15650	15829	+	2	1.338366	I:	D:
15843	16424	-	3	1.339671	I:	D:
16525	17220	+	1	1.357014	I:	D:
17236	18537	-	1	1.320300	I:	D:
18730	19455	+	1	1.316034	I:	D:
19547	20098	-	2	1.314300	I:	D:
20115	20558	-	3	1.322163	I:	D:
20660	22096	-	2	1.347187	I:	D:
22115	23545	-	2	1.337751	I:	D:
23695	24222	-	1	1.358208	I:	D:
24309	25322	-	3	1.330369	I:	D:
25484	26830	+	2	1.340898	I:	D:
26916	27800	-	3	1.317903	I:	D:
27912	29099	-	3	1.321108	I:	D:
29202	30218	-	3	1.335863	I:	D:
30215	31243	-	2	1.321374	I:	D:
31245	32813	-	3	1.325238	I:	D:
33098	34009	+	2	1.325029	I:	D:
34014	35576	+	3	1.335352	I:	D:
35580	35987	+	3	1.315435	I:	D:
36024	36626	-	3	1.364468	I:	D:
36769	37431	+	1	1.347228	I:	D:
37463	37603	+	2	1.343740	I:	D:
37791	38615	-	3	1.354420	I:	D:
38741	39877	-	2	1.333895	I:	D:
39877	41637	-	1	1.327186	I:	D:
41664	43016	-	3	1.334430	I:	D:
43031	43456	-	2	1.331535	I:	D:
43481	44017	-	2	1.331392	I:	D:
44031	45269	-	3	1.327914	I:	D:
45300	46040	-	3	1.324660	I:	D:
46043	46969	-	2	1.332204	I:	D:
46973	47899	-	2	1.328337	I:	D:
47997	48230	-	3	1.309784	I:	D:
48371	49333	-	2	1.347630	I:	D:
49649	49918	+	2	1.318565	I:	D:
50002	50355	-	1	1.349956	I:	D:
50361	50843	-	3	1.364061	I:	D:
50840	51631	-	2	1.342382	I:	D:
51665	52510	-	2	1.345873	I:	D:
52525	53295	-	1	1.344460	I:	D:
53285	54220	-	2	1.331321	I:	D:
54247	55284	-	1	1.325816	I:	D:
55388	56998	-	2	1.318243	I:	D:
57001	58074	-	1	1.337542	I:	D:
58334	58636	+	2	1.314516	I:	D:
58667	59356	+	2	1.322039	I:	D:
59384	60064	+	2	1.333506	I:	D:
60115	61143	-	1	1.330095	I:	D:
61159	61611	-	1	1.303618	I:	D:
61629	62678	-	3	1.337671	I:	D:
62693	63742	-	2	1.328011	I:	D:
63762	64553	-	3	1.332004	I:	D:
64560	66707	-	3	1.326107	I:	D:
66825	68210	-	3	1.341795	I:	D:
68363	69106	-	2	1.346050	I:	D:
69292	70056	+	1	1.355485	I:	D:
70077	70856	+	3	1.339519	I:	D:
70921	71421	+	1	1.330392	I:	D:
71440	72267	+	1	1.350840	I:	D:
72340	73041	-	1	1.332708	I:	D:
73175	73858	-	2	1.336889	I:	D:
73975	74103	+	1	1.346056	I:	D:
74146	74793	+	1	1.326438	I:	D:
74800	75516	-	1	1.333971	I:	D:
75531	76559	-	3	1.347638	I:	D:
76495	78240	-	1	1.336329	I:	D:
78257	79336	-	2	1.323098	I:	D:
79333	80124	-	1	1.334559	I:	D:
80296	81132	+	1	1.327834	I:	D:
81286	82149	-	1	1.303327	I:	D:
82152	82742	-	3	1.326624	I:	D:
82772	84286	-	2	1.367870	I:	D:
84283	84981	-	1	1.360863	I:	D:
84956	85450	-	2	1.349938	I:	D:
85572	87326	-	3	1.330864	I:	D:
87484	87690	-	1	1.358735	I:	D:
87805	88227	+	1	1.318551	I:	D:
88444	90291	-	1	1.327499	I:	D:
90424	90657	+	1	1.386109	I:	D:
90750	91034	-	3	1.376385	I:	D:
>Y5.M004_3
349	606	+	1	1.395754	I:	D:
628	1992	-	1	1.341099	I:	D:
2112	2813	-	3	1.352161	I:	D:
2806	3891	-	1	1.349569	I:	D:
3888	4535	-	3	1.321087	I:	D:
4554	5927	-	3	1.357069	I:	D:
6070	6900	-	1	1.361794	I:	D:
7161	8567	-	3	1.342237	I:	D:
8637	8960	-	3	1.307723	I:	D:
9304	9522	+	1	1.369181	I:	D:
9515	9817	+	2	1.349129	I:	D:
9817	10434	+	1	1.310739	I:	D:
10497	10832	-	3	1.283308	I:	D:
11045	12370	-	2	1.326017	I:	D:
12455	12592	+	2	1.320608	I:	D:
12664	13500	-	1	1.347526	I:	D:
13503	14246	-	3	1.322476	I:	D:
14274	14738	-	3	1.335555	I:	D:
14731	15162	-	1	1.314733	I:	D:
15187	15858	-	1	1.343681	I:	D:
15889	16866	-	1	1.334683	I:	D:
16708	17817	+	1	1.334429	I:	D:
17947	18984	-	1	1.329130	I:	D:
18996	24551	-	3	1.323797	I:	D:
24671	26077	-	2	1.329295	I:	D:
26144	27925	-	2	1.329891	I:	D:
27940	29805	-	1	1.346664	I:	D:
29934	32372	-	3	1.358281	I:	D:
32450	33316	-	2	1.347951	I:	D:
33328	34242	-	1	1.335356	I:	D:
34326	35732	-	3	1.318698	I:	D:
35850	37580	+	3	1.345236	I:	D:
37601	39406	+	2	1.340004	I:	D:
39522	39755	+	3	1.354334	I:	D:
39780	42758	+	3	1.333344	I:	D:
42761	44254	+	2	1.344099	I:	D:
44270	45394	-	2	1.340410	I:	D:
45482	45658	-	2	1.356857	I:	D:
45886	47121	-	1	1.332264	I:	D:
47196	48509	+	3	1.355055	I:	D:
48496	49503	+	1	1.355788	I:	D:
49594	52221	-	1	1.326024	I:	D:
52435	52605	-	1	1.366910	I:	D:
52625	53812	-	2	1.327111	I:	D:
54281	56137	-	2	1.339011	I:	D:
56233	57525	-	1	1.320761	I:	D:
57692	60172	-	2	1.332838	I:	D:
60391	61446	-	1	1.358386	I:	D:
61563	62075	-	3	1.315473	I:	D:
62131	63027	-	1	1.300479	I:	D:
63027	63794	-	3	1.330817	I:	D:
64040	65095	+	2	1.344096	I:	D:
65174	65341	+	2	1.356571	I:	D:
65614	65793	-	1	1.322039	I:	D:
66021	67148	-	3	1.338696	I:	D:
67251	68015	-	3	1.337240	I:	D:
68053	69924	-	1	1.349863	I:	D:
69948	71327	-	3	1.331637	I:	D:
71415	72209	-	3	1.333239	I:	D:
72221	73543	-	2	1.317086	I:	D:
73558	73755	+	1	1.390678	I:	D:
73789	74133	-	1	1.361281	I:	D:
74525	75142	-	2	1.339610	I:	D:
75222	75440	-	3	1.335378	I:	D:
75509	76927	+	2	1.326638	I:	D:
76950	77141	+	3	1.366840	I:	D:
77207	78325	+	2	1.312354	I:	D:
78326	78610	+	2	1.319729	I:	D:
78630	79715	+	3	1.340623	I:	D:
79749	81665	+	3	1.330253	I:	D:
81701	84211	+	2	1.320230	I:	D:
>Y5.M004_4
535	1071	+	1	1.330469	I:	D:
1185	2144	+	3	1.353705	I:	D:
2205	2897	-	3	1.323052	I:	D:
2899	4020	-	1	1.343086	I:	D:
4060	5643	-	1	1.344605	I:	D:
5655	6347	-	3	1.331492	I:	D:
6626	7954	-	2	1.309883	I:	D:
7984	9576	-	1	1.323589	I:	D:
9828	10553	+	3	1.335094	I:	D:
10649	12070	-	2	1.349733	I:	D:
12283	13212	-	1	1.316573	I:	D:
13294	14388	-	1	1.345114	I:	D:
14597	15679	+	2	1.338593	I:	D:
15699	17096	+	3	1.333808	I:	D:
17128	18294	+	1	1.338908	I:	D:
18400	19704	+	1	1.335857	I:	D:
20189	20848	-	2	1.339907	I:	D:
20931	21059	+	3	1.346989	I:	D:
21158	22180	+	2	1.347495	I:	D:
22364	22675	+	2	1.317824	I:	D:
22680	23702	+	3	1.344034	I:	D:
23718	25652	+	3	1.331415	I:	D:
25691	26131	+	2	1.325653	I:	D:
26131	26439	+	1	1.311450	I:	D:
26487	27068	+	3	1.325972	I:	D:
27069	28835	+	3	1.335340	I:	D:
28847	30223	+	2	1.340573	I:	D:
30235	30858	+	1	1.325784	I:	D:
31002	31277	+	3	1.319897	I:	D:
31281	31520	+	3	1.318560	I:	D:
31634	31921	+	2	1.342214	I:	D:
31938	32282	+	3	1.343795	I:	D:
32361	32624	+	3	1.314061	I:	D:
32673	34181	+	3	1.355689	I:	D:
34194	35636	+	3	1.361301	I:	D:
35654	36184	+	2	1.348271	I:	D:
36237	38063	+	3	1.330224	I:	D:
38476	40593	+	1	1.342678	I:	D:
41044	41181	+	1	1.311593	I:	D:
41654	41833	+	2	1.371042	I:	D:
41884	42738	-	1	1.336028	I:	D:
42972	45020	+	3	1.322598	I:	D:
45042	45488	+	3	1.287406	I:	D:
45617	46975	+	2	1.327920	I:	D:
47090	47788	+	2	1.349553	I:	D:
47823	49550	+	3	1.348423	I:	D:
49658	50353	+	2	1.322164	I:	D:
50362	52719	+	1	1.341160	I:	D:
52799	53554	-	2	1.315493	I:	D:
53704	55671	-	1	1.330895	I:	D:
55673	57013	-	2	1.344664	I:	D:
57043	57282	-	1	1.326357	I:	D:
57411	57764	-	3	1.341213	I:	D:
58134	58706	+	3	1.362926	I:	D:
58819	59820	+	1	1.359150	I:	D:
59813	61015	+	2	1.348516	I:	D:
60993	61862	+	3	1.336919	I:	D:
61923	63149	+	3	1.348960	I:	D:
63191	63388	+	2	1.300596	I:	D:
63388	65325	+	1	1.341308	I:	D:
65354	66418	+	2	1.376221	I:	D:
66418	66921	+	1	1.361456	I:	D:
66940	67341	+	1	1.327328	I:	D:
67319	68770	+	2	1.342908	I:	D:
68779	70182	-	1	1.322225	I:	D:
70800	71033	+	3	1.361002	I:	D:
71325	72827	-	3	1.331679	I:	D:
72821	73528	-	2	1.324681	I:	D:
73720	75255	-	1	1.340822	I:	D:
>Y5.M004_5
861	1220	+	3	1.350587	I:	D:
1226	2143	+	2	1.315941	I:	D:
2150	3442	+	2	1.348223	I:	D:
3427	4281	+	1	1.332731	I:	D:
4299	4853	+	3	1.344035	I:	D:
4921	6339	+	1	1.344586	I:	D:
6581	8770	+	2	1.355029	I:	D:
8803	9312	+	1	1.359109	I:	D:
9451	10272	+	1	1.348568	I:	D:
10369	10764	-	1	1.332238	I:	D:
11006	11944	+	2	1.307149	I:	D:
11976	13103	+	3	1.303499	I:	D:
13134	14660	+	3	1.322371	I:	D:
14664	15767	+	3	1.313767	I:	D:
15781	16734	+	1	1.325058	I:	D:
16771	17517	+	1	1.338665	I:	D:
17520	18962	+	3	1.341205	I:	D:
18968	19723	+	2	1.355150	I:	D:
19730	20953	+	2	1.334930	I:	D:
20979	22172	+	3	1.303299	I:	D:
22336	23184	+	1	1.315882	I:	D:
23290	23910	+	1	1.320907	I:	D:
23936	25420	+	2	1.331191	I:	D:
25433	26902	+	2	1.325344	I:	D:
27021	28757	-	3	1.335837	I:	D:
28773	29528	-	3	1.332353	I:	D:
29854	31212	+	1	1.317306	I:	D:
31306	32217	+	1	1.326038	I:	D:
32227	33066	+	1	1.328510	I:	D:
33082	34596	+	1	1.349680	I:	D:
34682	34867	-	2	1.312058	I:	D:
35156	35989	+	2	1.349218	I:	D:
36001	37425	+	1	1.354085	I:	D:
37449	39242	+	3	1.338716	I:	D:
39377	39967	-	2	1.361990	I:	D:
40157	41737	+	2	1.340841	I:	D:
41774	43813	+	2	1.289216	I:	D:
43883	44908	+	2	1.298468	I:	D:
45197	45394	+	2	1.345659	I:	D:
45407	45721	+	2	1.327584	I:	D:
45745	46776	+	1	1.316569	I:	D:
>Y5.M004_6
225	680	-	3	1.365039	I:	D:
834	1880	-	3	1.318480	I:	D:
1885	3042	-	1	1.331314	I:	D:
3044	3415	-	2	1.332229	I:	D:
3487	3654	-	1	1.349380	I:	D:
3711	3872	-	3	1.313878	I:	D:
3926	4120	-	2	1.338662	I:	D:
4408	5889	-	1	1.352471	I:	D:
5895	7334	-	3	1.358639	I:	D:
7348	8412	-	1	1.331992	I:	D:
8414	9832	-	2	1.312738	I:	D:
9871	10563	-	1	1.295971	I:	D:
10573	11592	-	1	1.331568	I:	D:
11654	12832	-	2	1.324274	I:	D:
13032	14231	-	3	1.333658	I:	D:
14288	15538	-	2	1.307196	I:	D:
15560	16609	-	2	1.325106	I:	D:
16937	18079	-	2	1.313859	I:	D:
18087	19505	-	3	1.334130	I:	D:
19512	19739	-	3	1.349280	I:	D:
19843	20523	-	1	1.340444	I:	D:
20558	21607	-	2	1.346534	I:	D:
21591	22352	-	3	1.332243	I:	D:
22356	23102	-	3	1.307192	I:	D:
23139	23861	-	3	1.356083	I:	D:
23858	24382	-	2	1.340835	I:	D:
24625	25107	-	1	1.334577	I:	D:
25253	25405	-	2	1.291510	I:	D:
25504	26895	-	1	1.322701	I:	D:
26465	26620	+	2	1.390158	I:	D:
26895	27785	-	3	1.335573	I:	D:
27873	28784	-	3	1.343765	I:	D:
28901	29398	-	2	1.335857	I:	D:
29402	29977	-	2	1.343820	I:	D:
30248	31672	-	2	1.334156	I:	D:
31789	32712	+	1	1.340144	I:	D:
32735	33235	+	2	1.373569	I:	D:
33373	33663	-	1	1.289781	I:	D:
33694	34053	-	1	1.294509	I:	D:
34087	34377	-	1	1.346287	I:	D:
34388	35821	-	2	1.316351	I:	D:
35848	37167	-	1	1.336892	I:	D:
37386	38087	-	3	1.341979	I:	D:
38335	38787	-	1	1.310737	I:	D:
38894	39151	-	2	1.310650	I:	D:
39333	39827	+	3	1.346140	I:	D:
39844	41616	+	1	1.340767	I:	D:
41651	43459	+	2	1.326542	I:	D:
43465	45798	-	1	1.338106	I:	D:
45798	46265	-	3	1.369490	I:	D:
46265	47104	-	2	1.343938	I:	D:
47151	48596	-	3	1.342963	I:	D:
48596	49954	-	2	1.337062	I:	D:
49958	52216	-	2	1.363046	I:	D:
52350	53108	-	3	1.314270	I:	D:
53176	54192	-	1	1.341317	I:	D:
54215	54904	-	2	1.347563	I:	D:
55040	56137	+	2	1.346844	I:	D:
56149	56760	-	1	1.362498	I:	D:
56996	57577	-	2	1.312539	I:	D:
57591	58388	-	3	1.333457	I:	D:
58401	59747	-	3	1.331767	I:	D:
59785	61221	-	1	1.321930	I:	D:
61328	62182	-	2	1.339833	I:	D:
62199	63140	-	3	1.320925	I:	D:
63484	67758	+	1	1.338410	I:	D:
67832	69082	-	2	1.328701	I:	D:
69192	70916	-	3	1.334864	I:	D:
70957	72324	-	1	1.350482	I:	D:
72355	72489	-	1	1.304764	I:	D:
72516	73010	+	3	1.327217	I:	D:
73391	74818	+	2	1.328486	I:	D:
74875	75084	-	1	1.391738	I:	D:
75112	75258	+	1	1.341701	I:	D:
75315	75926	-	3	1.343313	I:	D:
76160	76321	+	2	1.381964	I:	D:
76581	77954	-	3	1.332619	I:	D:
78003	79838	-	3	1.347024	I:	D:
80160	80660	-	3	1.338896	I:	D:
80682	81302	-	3	1.330780	I:	D:
81309	82748	-	3	1.349268	I:	D:
82756	83931	-	1	1.332621	I:	D:
83948	84502	-	2	1.343584	I:	D:
84692	85024	-	2	1.359503	I:	D:
85292	85531	+	2	1.317723	I:	D:
85704	86438	-	3	1.342033	I:	D:
86549	87268	-	2	1.344341	I:	D:
87386	88711	-	2	1.358146	I:	D:
88728	90860	-	3	1.366224	I:	D:
90857	94042	-	2	1.350816	I:	D:
94160	95701	-	2	1.315404	I:	D:
95726	96637	-	2	1.343254	I:	D:
96655	97560	-	1	1.324519	I:	D:
97700	97837	+	2	1.298375	I:	D:
97919	100234	-	2	1.332995	I:	D:
100235	100747	-	2	1.345941	I:	D:
100748	102844	-	2	1.347579	I:	D:
102956	103759	+	2	1.323678	I:	D:
103860	105044	-	3	1.349544	I:	D:
105615	106190	-	3	1.383358	I:	D:
106423	107661	-	1	1.344402	I:	D:
107831	108994	-	2	1.325512	I:	D:
108991	110082	-	1	1.335073	I:	D:
110350	112032	-	1	1.326937	I:	D:
112075	113742	-	1	1.343672	I:	D:
113778	114875	-	3	1.328626	I:	D:
115054	115689	-	1	1.340353	I:	D:
115691	117814	-	2	1.332710	I:	D:
117933	118928	-	3	1.338158	I:	D:
118929	119090	+	3	1.345882	I:	D:
119104	120663	-	1	1.316428	I:	D:
120803	121420	-	2	1.345716	I:	D:
121417	122571	-	1	1.317069	I:	D:
122693	122893	+	2	1.395393	I:	D:
122949	124193	-	3	1.363793	I:	D:
124208	125431	-	2	1.334019	I:	D:
125470	126450	-	1	1.348788	I:	D:
126496	127749	-	1	1.344461	I:	D:
127865	129250	-	2	1.337714	I:	D:
129325	129531	+	1	1.341450	I:	D:
129730	130221	+	1	1.355312	I:	D:
130281	131888	-	3	1.335048	I:	D:
131990	133231	-	2	1.336412	I:	D:
133421	134473	+	2	1.342852	I:	D:
134496	135476	-	3	1.348073	I:	D:
135784	136770	-	1	1.345157	I:	D:
136798	138996	-	1	1.332566	I:	D:
139012	140454	-	1	1.337972	I:	D:
140462	142510	-	2	1.340699	I:	D:
142527	143696	-	3	1.332283	I:	D:
143821	145209	-	1	1.314495	I:	D:
145241	146083	-	2	1.334034	I:	D:
146085	146987	-	3	1.324931	I:	D:
147212	148813	-	2	1.310749	I:	D:
148829	150613	-	2	1.326840	I:	D:
150675	150893	+	3	1.363879	I:	D:
150937	151254	+	1	1.339555	I:	D:
151415	152776	-	2	1.343432	I:	D:
152955	154220	+	3	1.327556	I:	D:
154321	155733	-	1	1.332631	I:	D:
155774	156919	-	2	1.329649	I:	D:
156970	157362	-	1	1.332280	I:	D:
157395	158222	-	3	1.336881	I:	D:
158240	159706	-	2	1.324404	I:	D:
160023	161234	-	3	1.332894	I:	D:
161340	161540	-	3	1.373487	I:	D:
161689	162513	-	1	1.332259	I:	D:
162528	163424	-	3	1.341675	I:	D:
163491	164882	-	3	1.332217	I:	D:
165155	166078	-	2	1.332797	I:	D:
166151	166873	+	2	1.347223	I:	D:
166953	167819	-	3	1.341014	I:	D:
167906	168811	-	2	1.339720	I:	D:
168822	169520	-	3	1.332676	I:	D:
169738	170511	-	1	1.330703	I:	D:
170566	172302	-	1	1.320960	I:	D:
172423	173301	-	1	1.339990	I:	D:
173504	174415	+	2	1.360167	I:	D:
174464	175282	+	2	1.343115	I:	D:
175520	175720	+	2	1.400655	I:	D:
176014	177207	-	1	1.346725	I:	D:
177308	179425	-	2	1.326085	I:	D:
179468	180013	-	2	1.318914	I:	D:
180171	180671	-	3	1.387579	I:	D:
180784	181590	+	1	1.333334	I:	D:
181587	182498	+	3	1.340663	I:	D:
182648	183100	+	2	1.300155	I:	D:
183319	184737	+	1	1.353209	I:	D:
184783	185688	+	1	1.348730	I:	D:
185762	189613	-	2	1.333086	I:	D:
189633	193733	-	3	1.333700	I:	D:
193875	194327	+	3	1.326051	I:	D:
194412	194837	-	3	1.319196	I:	D:
194874	195941	-	3	1.333550	I:	D:
196116	196895	+	3	1.375010	I:	D:
196932	197135	-	3	1.290163	I:	D:
197139	197846	-	3	1.339585	I:	D:
197865	198776	-	3	1.345791	I:	D:
198934	199701	-	1	1.346294	I:	D:
199798	201096	-	1	1.331655	I:	D:
201116	201595	-	2	1.362516	I:	D:
201739	202473	-	1	1.315206	I:	D:
202536	203330	+	3	1.324577	I:	D:
203484	203702	+	3	1.377905	I:	D:
203830	203994	+	1	1.403674	I:	D:
204050	204574	-	2	1.336552	I:	D:
204686	205147	-	2	1.294478	I:	D:
205312	206217	-	1	1.367847	I:	D:
206228	206740	+	2	1.399709	I:	D:
206817	208349	-	3	1.326510	I:	D:
208452	208775	+	3	1.387272	I:	D:
208884	209153	-	3	1.376671	I:	D:
209196	209672	-	3	1.355510	I:	D:
209720	210007	-	2	1.330983	I:	D:
210131	210346	-	2	1.356585	I:	D:
210399	211394	-	3	1.350372	I:	D:
211409	212221	-	2	1.340431	I:	D:
212249	212956	+	2	1.322514	I:	D:
213066	214520	-	3	1.333949	I:	D:
214557	215738	-	3	1.355116	I:	D:
215735	216046	-	2	1.316241	I:	D:
216048	217334	-	3	1.334848	I:	D:
217541	219160	-	2	1.344697	I:	D:
219216	220079	-	3	1.343067	I:	D:
220076	220810	-	2	1.332935	I:	D:
220997	221386	-	2	1.353820	I:	D:
221484	222524	-	3	1.341369	I:	D:
222730	228189	-	1	1.316128	I:	D:
228662	230413	+	2	1.319454	I:	D:
230410	231954	+	1	1.330242	I:	D:
231956	232786	-	2	1.329488	I:	D:
232799	233680	-	2	1.335780	I:	D:
233775	235106	-	3	1.321630	I:	D:
235407	236549	+	3	1.328001	I:	D:
236585	238261	+	2	1.348268	I:	D:
238461	239519	+	3	1.327851	I:	D:
239542	239955	+	1	1.339518	I:	D:
240031	240189	+	1	1.343228	I:	D:
240424	240642	-	1	1.291111	I:	D:
240851	241102	-	2	1.286492	I:	D:
241265	241540	+	2	1.349718	I:	D:
241631	242428	-	2	1.314104	I:	D:
242501	243955	-	2	1.330495	I:	D:
244127	244699	-	2	1.318410	I:	D:
244889	245221	-	2	1.334470	I:	D:
245478	246227	+	3	1.332815	I:	D:
246240	246821	-	3	1.344900	I:	D:
247140	247319	+	3	1.367673	I:	D:
247352	248014	+	2	1.335877	I:	D:
248103	248294	+	3	1.351704	I:	D:
248297	248596	+	2	1.341530	I:	D:
248789	248989	+	2	1.353948	I:	D:
249312	250358	+	3	1.349823	I:	D:
250440	251774	-	3	1.336001	I:	D:
251799	253382	-	3	1.324119	I:	D:
253512	254267	-	3	1.324743	I:	D:
254248	255333	-	1	1.342587	I:	D:
255374	256204	-	2	1.350225	I:	D:
256222	256797	-	1	1.358645	I:	D:
256950	257318	-	3	1.336484	I:	D:
257408	258724	-	2	1.364951	I:	D:
258724	260163	-	1	1.345883	I:	D:
260212	260556	+	1	1.394682	I:	D:
260619	261788	-	3	1.316091	I:	D:
261952	262599	-	1	1.352416	I:	D:
262638	263927	-	3	1.348302	I:	D:
263946	265475	-	3	1.334637	I:	D:
265807	267234	-	1	1.334428	I:	D:
267237	268643	-	3	1.327202	I:	D:
268776	269564	-	3	1.329466	I:	D:
269577	270701	-	3	1.348121	I:	D:
270756	271361	-	3	1.337359	I:	D:
271485	272504	-	3	1.349496	I:	D:
272515	273036	-	1	1.345105	I:	D:
273079	274371	-	1	1.341826	I:	D:
274371	274895	-	3	1.318119	I:	D:
275034	276167	-	3	1.319538	I:	D:
276336	277124	-	3	1.313927	I:	D:
277124	278614	-	2	1.340795	I:	D:
278673	281159	-	3	1.336549	I:	D:
281185	281649	-	1	1.319817	I:	D:
281687	282583	-	2	1.341551	I:	D:
282682	285411	-	1	1.353460	I:	D:
285450	286598	-	3	1.358748	I:	D:
286588	288510	-	1	1.342264	I:	D:
288541	290364	-	1	1.336359	I:	D:
290390	291145	-	2	1.335135	I:	D:
291175	291660	-	1	1.336989	I:	D:
291803	293440	-	2	1.317982	I:	D:
293917	295065	-	1	1.316461	I:	D:
295065	295976	-	3	1.329039	I:	D:
296015	297307	-	2	1.337367	I:	D:
297694	298626	+	1	1.319132	I:	D:
298807	298992	-	1	1.327553	I:	D:
299074	299700	-	1	1.330585	I:	D:
299902	300663	-	1	1.341004	I:	D:
300683	301342	-	2	1.329379	I:	D:
301359	302234	-	3	1.321892	I:	D:
302463	303245	+	3	1.342851	I:	D:
303299	303895	+	2	1.353790	I:	D:
303986	304204	+	2	1.336038	I:	D:
304419	304700	+	3	1.313985	I:	D:
304808	305350	+	2	1.323816	I:	D:
305431	306711	-	1	1.334179	I:	D:
306747	307463	-	3	1.321383	I:	D:
307558	309237	-	1	1.338782	I:	D:
309255	310763	-	3	1.345370	I:	D:
310760	312202	-	2	1.341845	I:	D:
312199	312636	-	1	1.322661	I:	D:
312654	313205	-	3	1.339132	I:	D:
313253	313900	-	2	1.308591	I:	D:
313918	314679	-	1	1.315677	I:	D:
314916	315707	+	3	1.352893	I:	D:
315821	316666	+	2	1.343911	I:	D:
316765	317193	+	1	1.342850	I:	D:
317303	317848	+	2	1.350235	I:	D:
318002	319429	+	2	1.331216	I:	D:
319451	320866	+	2	1.341808	I:	D:
320934	321311	-	3	1.335954	I:	D:
321368	321676	-	2	1.335598	I:	D:
321907	322452	+	1	1.342227	I:	D:
322623	325313	-	3	1.320350	I:	D:
325335	325583	-	3	1.393179	I:	D:
325594	326523	-	1	1.335818	I:	D:
326571	327095	-	3	1.348829	I:	D:
327202	328320	-	1	1.358018	I:	D:
328342	329172	-	1	1.340569	I:	D:
329189	329635	-	2	1.316777	I:	D:
329632	330747	-	1	1.358402	I:	D:
330750	331808	-	3	1.362598	I:	D:
332037	332570	+	3	1.329166	I:	D:
332636	333712	+	2	1.316083	I:	D:
333705	334544	+	3	1.332792	I:	D:
334544	335335	+	2	1.337447	I:	D:
335370	336479	+	3	1.314881	I:	D:
336529	337644	+	1	1.313345	I:	D:
337789	338205	+	1	1.316890	I:	D:
338198	338767	+	2	1.356994	I:	D:
338926	340851	-	1	1.339256	I:	D:
340890	341126	-	3	1.306206	I:	D:
341137	341496	-	1	1.338503	I:	D:
341664	343457	-	3	1.323060	I:	D:
343741	345006	-	1	1.320510	I:	D:
345120	346667	-	3	1.347239	I:	D:
346689	347330	-	3	1.360266	I:	D:
347343	349628	-	3	1.322716	I:	D:
349826	351709	-	2	1.327040	I:	D:
351699	353435	-	3	1.333614	I:	D:
353428	353940	-	1	1.349273	I:	D:
354115	354678	-	1	1.318030	I:	D:
354682	355674	-	1	1.350156	I:	D:
355690	357240	-	1	1.346800	I:	D:
357318	358169	-	3	1.336694	I:	D:
358176	359069	-	3	1.335565	I:	D:
359098	359400	-	1	1.312124	I:	D:
359465	360823	-	2	1.321640	I:	D:
361276	362421	+	1	1.319096	I:	D:
362427	363176	+	3	1.339219	I:	D:
363403	364056	+	1	1.306330	I:	D:
364125	364787	-	3	1.317022	I:	D:
364821	365582	-	3	1.327943	I:	D:
365613	366515	-	3	1.342056	I:	D:
366505	367440	-	1	1.337918	I:	D:
367468	368412	-	1	1.306892	I:	D:
368619	369047	-	3	1.352561	I:	D:
369082	369300	-	1	1.314341	I:	D:
369436	370506	+	1	1.335664	I:	D:
370513	371061	-	1	1.358214	I:	D:
371058	371486	-	3	1.334045	I:	D:
371697	372713	-	3	1.362175	I:	D:
372770	374995	-	2	1.340063	I:	D:
375027	376073	-	3	1.327773	I:	D:
376176	377021	-	3	1.334957	I:	D:
377025	377915	-	3	1.318853	I:	D:
378018	379376	-	3	1.314516	I:	D:
379605	380672	+	3	1.335558	I:	D:
>Y5.M004_7
561	1298	-	3	1.341101	I:	D:
1299	2333	-	3	1.330825	I:	D:
2337	3248	-	3	1.351319	I:	D:
3389	3631	-	2	1.369275	I:	D:
3794	4243	-	2	1.343796	I:	D:
4275	5036	-	3	1.335159	I:	D:
5033	5461	-	2	1.319965	I:	D:
5451	7607	-	3	1.325652	I:	D:
7777	8196	+	1	1.315473	I:	D:
8268	9509	-	3	1.322563	I:	D:
9557	10000	-	2	1.322023	I:	D:
10171	11187	-	1	1.328490	I:	D:
11404	13974	-	1	1.315609	I:	D:
14373	14609	-	3	1.308474	I:	D:
14621	15217	+	2	1.308078	I:	D:
15306	16472	-	3	1.334389	I:	D:
16487	17401	-	2	1.341311	I:	D:
17615	18367	+	2	1.326254	I:	D:
18538	18990	+	1	1.331105	I:	D:
19226	19645	-	2	1.346576	I:	D:
19652	19927	+	2	1.388957	I:	D:
20402	20725	-	2	1.383317	I:	D:
21099	21509	-	3	1.349703	I:	D:
21516	21944	-	3	1.354522	I:	D:
22147	22908	-	1	1.348916	I:	D:
22921	23721	-	1	1.322179	I:	D:
23715	24590	-	3	1.338521	I:	D:
24660	25511	-	3	1.322565	I:	D:
25643	26950	-	2	1.336189	I:	D:
27113	27649	-	2	1.330949	I:	D:
27798	28760	-	3	1.301219	I:	D:
28917	29510	-	3	1.337856	I:	D:
29537	29941	-	2	1.356147	I:	D:
30031	30399	-	1	1.347874	I:	D:
30644	30862	-	2	1.330615	I:	D:
30844	31140	-	1	1.338466	I:	D:
31153	31899	-	1	1.328129	I:	D:
31902	32546	-	3	1.317061	I:	D:
32632	33948	-	1	1.330381	I:	D:
33948	34388	-	3	1.336062	I:	D:
34417	34599	-	1	1.354350	I:	D:
34615	35124	-	1	1.321160	I:	D:
35142	35510	-	3	1.313302	I:	D:
35528	36070	-	2	1.329736	I:	D:
36230	36631	-	2	1.320267	I:	D:
36666	36851	-	3	1.366188	I:	D:
36868	37407	-	1	1.309706	I:	D:
37431	37736	-	3	1.312242	I:	D:
37751	38119	-	2	1.329920	I:	D:
38141	38413	-	2	1.327952	I:	D:
38606	39043	-	2	1.335291	I:	D:
39043	39699	-	1	1.311699	I:	D:
39709	40095	-	1	1.382577	I:	D:
40129	40413	-	1	1.345120	I:	D:
40433	41278	-	2	1.346004	I:	D:
41377	41676	-	1	1.324978	I:	D:
41676	42296	-	3	1.344740	I:	D:
42325	42960	-	1	1.336646	I:	D:
43142	43660	-	2	1.367158	I:	D:
43870	45303	-	1	1.330132	I:	D:
45499	46971	-	1	1.326891	I:	D:
47416	48276	+	1	1.344001	I:	D:
48591	49481	-	3	1.366182	I:	D:
49377	49622	+	3	1.340296	I:	D:
49727	50344	-	2	1.324919	I:	D:
50418	50696	-	3	1.305770	I:	D:
50748	51884	-	3	1.335734	I:	D:
51888	53285	-	3	1.329317	I:	D:
53726	54088	+	2	1.355593	I:	D:
54090	54605	-	3	1.341919	I:	D:
54607	54762	-	1	1.369441	I:	D:
54929	56677	+	2	1.343658	I:	D:
56716	58113	-	1	1.325117	I:	D:
58146	59492	-	3	1.322371	I:	D:
59628	61637	-	3	1.342321	I:	D:
61656	63080	-	3	1.344137	I:	D:
63214	64203	-	1	1.342821	I:	D:
64200	66422	-	3	1.341131	I:	D:
66412	67401	-	1	1.323681	I:	D:
67429	68346	-	1	1.367823	I:	D:
68358	69491	-	3	1.332659	I:	D:
69492	70445	-	3	1.356671	I:	D:
70497	72653	-	3	1.336696	I:	D:
72768	74084	+	3	1.313257	I:	D:
74393	74818	+	2	1.323434	I:	D:
74930	75532	+	2	1.338285	I:	D:
75632	75946	+	2	1.313699	I:	D:
76049	76978	+	2	1.348430	I:	D:
77002	77625	-	1	1.363187	I:	D:
77858	79036	+	2	1.339618	I:	D:
79092	80192	-	3	1.316201	I:	D:
>Y5.M004_8
1	183	+	1	1.306585	I:	D:
191	3565	+	2	1.321776	I:	D:
3927	4391	+	3	1.328890	I:	D:
4450	5307	+	1	1.346693	I:	D:
5312	6103	+	2	1.349553	I:	D:
6130	6957	+	1	1.344995	I:	D:
6950	8374	+	2	1.360545	I:	D:
8758	9153	+	1	1.403320	I:	D:
9183	10460	-	3	1.336248	I:	D:
10457	11035	-	2	1.356931	I:	D:
11074	12399	-	1	1.325637	I:	D:
12437	13258	-	2	1.325396	I:	D:
13274	14206	-	2	1.335303	I:	D:
14196	15257	-	3	1.345842	I:	D:
15519	16298	+	3	1.357720	I:	D:
16435	17754	+	1	1.333630	I:	D:
17801	19189	+	2	1.336438	I:	D:
19205	19918	+	2	1.335272	I:	D:
19915	21933	+	1	1.328415	I:	D:
22041	23402	-	3	1.370897	I:	D:
23399	24139	-	2	1.346125	I:	D:
24363	24581	+	3	1.307670	I:	D:
24660	25736	+	3	1.354074	I:	D:
25816	27000	+	1	1.355778	I:	D:
27023	28603	+	2	1.345103	I:	D:
28608	29429	+	3	1.357173	I:	D:
29426	30742	+	2	1.354686	I:	D:
30775	32121	+	1	1.348100	I:	D:
32118	33215	+	3	1.342423	I:	D:
33212	33751	+	2	1.345239	I:	D:
33748	34554	+	1	1.341624	I:	D:
34559	35023	+	2	1.379137	I:	D:
35052	36050	+	3	1.355056	I:	D:
36059	37147	+	2	1.358332	I:	D:
37179	38753	+	3	1.341848	I:	D:
38759	39445	+	2	1.337996	I:	D:
39633	39794	+	3	1.351753	I:	D:
39818	40138	-	2	1.296690	I:	D:
40465	40614	-	1	1.310123	I:	D:
40785	42236	-	3	1.346680	I:	D:
42467	43456	+	2	1.348776	I:	D:
43483	45120	+	1	1.321876	I:	D:
45121	46923	+	1	1.333401	I:	D:
46910	47881	+	2	1.330843	I:	D:
47899	48957	+	1	1.342704	I:	D:
49082	50326	+	2	1.308274	I:	D:
50424	51926	+	3	1.324460	I:	D:
51944	53023	+	2	1.328338	I:	D:
53039	53692	+	2	1.330212	I:	D:
53922	54242	+	3	1.374845	I:	D:
54273	54830	+	3	1.345200	I:	D:
54960	56246	+	3	1.312103	I:	D:
56336	56953	+	2	1.328130	I:	D:
56988	58298	+	3	1.326069	I:	D:
58403	60718	+	2	1.333023	I:	D:
60715	61311	+	1	1.331539	I:	D:
61359	61910	-	3	1.364720	I:	D:
61949	62467	-	2	1.327135	I:	D:
62635	66213	+	1	1.355051	I:	D:
66230	67453	+	2	1.341499	I:	D:
67450	68262	+	1	1.346850	I:	D:
68630	71272	+	2	1.331153	I:	D:
71650	72246	+	1	1.333789	I:	D:
72348	73685	+	3	1.344837	I:	D:
73825	75132	+	1	1.330257	I:	D:
75238	75585	+	1	1.373951	I:	D:
75602	76036	+	2	1.344441	I:	D:
76042	76770	+	1	1.337890	I:	D:
76885	77040	+	1	1.327737	I:	D:
77043	77669	+	3	1.336779	I:	D:
77656	78093	+	1	1.323757	I:	D:
78111	78566	+	3	1.334940	I:	D:
78915	79166	-	3	1.390217	I:	D:
79878	82109	-	3	1.343159	I:	D:
82390	83955	+	1	1.336612	I:	D:
83982	84935	+	3	1.327697	I:	D:
84950	85789	+	2	1.325843	I:	D:
85812	87365	+	3	1.352156	I:	D:
87328	89130	+	1	1.353546	I:	D:
89087	89743	+	2	1.334093	I:	D:
89745	91532	+	3	1.353491	I:	D:
91539	92189	+	3	1.352047	I:	D:
92182	93288	+	1	1.352873	I:	D:
93330	96707	+	3	1.338723	I:	D:
96769	98199	-	1	1.328999	I:	D:
98363	98836	+	2	1.366542	I:	D:
98650	99534	+	1	1.348243	I:	D:
99543	100838	-	3	1.332835	I:	D:
101124	103721	+	3	1.358552	I:	D:
103592	105070	+	2	1.336473	I:	D:
105183	105614	+	3	1.346118	I:	D:
105743	106582	+	2	1.338858	I:	D:
106616	107503	+	2	1.335677	I:	D:
107481	108788	+	3	1.338288	I:	D:
108825	109088	+	3	1.346320	I:	D:
109171	110892	+	1	1.311332	I:	D:
110892	112199	+	3	1.356561	I:	D:
112349	113296	-	2	1.359628	I:	D:
113280	113759	-	3	1.344806	I:	D:
114116	114784	+	2	1.335206	I:	D:
114781	115620	+	1	1.344418	I:	D:
115632	116609	+	3	1.333592	I:	D:
116682	117857	+	3	1.327578	I:	D:
117877	118725	+	1	1.329225	I:	D:
118718	119689	+	2	1.363073	I:	D:
119719	121032	+	1	1.360197	I:	D:
121356	122636	+	3	1.337775	I:	D:
123054	125480	+	3	1.336845	I:	D:
125501	126391	+	2	1.343161	I:	D:
126384	126875	+	3	1.342284	I:	D:
126932	128329	+	2	1.335915	I:	D:
128477	130030	+	2	1.338137	I:	D:
130144	131316	+	1	1.329531	I:	D:
131329	132993	+	1	1.332046	I:	D:
133014	133748	+	3	1.318064	I:	D:
133732	134910	+	1	1.330163	I:	D:
135133	135834	+	1	1.347056	I:	D:
135831	137231	+	3	1.338729	I:	D:
137382	138398	+	3	1.324875	I:	D:
138405	139322	+	3	1.329039	I:	D:
139322	140119	+	2	1.324448	I:	D:
140231	141895	+	2	1.331895	I:	D:
142009	142722	+	1	1.336844	I:	D:
142780	143718	+	1	1.351156	I:	D:
143978	146956	+	2	1.339667	I:	D:
147078	148748	+	3	1.325478	I:	D:
148773	150293	+	3	1.341786	I:	D:
150290	151729	+	2	1.347301	I:	D:
151731	153089	+	3	1.329963	I:	D:
153231	154181	+	3	1.337608	I:	D:
154286	154558	+	2	1.354377	I:	D:
154555	156831	+	1	1.356018	I:	D:
156903	157388	+	3	1.315216	I:	D:
157390	158322	+	1	1.338485	I:	D:
158368	159066	+	1	1.349364	I:	D:
159079	160440	+	1	1.342920	I:	D:
160476	161537	+	3	1.354003	I:	D:
161539	162285	+	1	1.351628	I:	D:
162279	164576	+	3	1.331716	I:	D:
164595	165473	+	3	1.345184	I:	D:
165477	166142	+	3	1.329940	I:	D:
166139	166789	+	2	1.329286	I:	D:
166891	167469	+	1	1.329559	I:	D:
167482	168327	+	1	1.361462	I:	D:
168434	169723	+	2	1.332683	I:	D:
169738	170106	+	1	1.313762	I:	D:
170188	170622	-	1	1.301857	I:	D:
170616	171539	-	3	1.336005	I:	D:
171745	172569	+	1	1.352541	I:	D:
172566	174401	+	3	1.326587	I:	D:
174388	175773	+	1	1.335693	I:	D:
175826	176737	+	2	1.347367	I:	D:
176769	177947	+	3	1.337750	I:	D:
178095	179414	+	3	1.345760	I:	D:
179460	180104	+	3	1.354524	I:	D:
180229	181245	+	1	1.340238	I:	D:
181487	183040	+	2	1.373799	I:	D:
183019	184131	+	1	1.340549	I:	D:
184193	186304	+	2	1.331621	I:	D:
186424	187212	+	1	1.316153	I:	D:
187429	188181	+	1	1.321634	I:	D:
188212	189150	+	1	1.310878	I:	D:
189496	190326	+	1	1.340952	I:	D:
190696	190917	+	1	1.372026	I:	D:
190949	191125	+	2	1.329812	I:	D:
191276	191752	+	2	1.345476	I:	D:
191843	193636	+	2	1.333707	I:	D:
193726	194841	+	1	1.350511	I:	D:
194838	195899	+	3	1.357814	I:	D:
196013	197950	+	2	1.354801	I:	D:
198030	198893	-	3	1.315954	I:	D:
199156	202164	+	1	1.345213	I:	D:
202169	203149	+	2	1.335424	I:	D:
203152	203598	+	1	1.338367	I:	D:
203623	204246	+	1	1.341904	I:	D:
204269	204988	+	2	1.341242	I:	D:
205041	206036	+	3	1.305395	I:	D:
206064	206519	+	3	1.309062	I:	D:
206583	207668	+	3	1.326817	I:	D:
207838	208038	+	1	1.337237	I:	D:
208561	209139	+	1	1.314586	I:	D:
209152	209379	+	1	1.342804	I:	D:
209518	209979	+	1	1.323402	I:	D:
209984	211972	+	2	1.344383	I:	D:
213194	214669	-	2	1.312156	I:	D:
214863	215606	+	3	1.342611	I:	D:
215637	216779	-	3	1.330781	I:	D:
216953	217720	+	2	1.324016	I:	D:
217750	218349	+	1	1.318104	I:	D:
218446	219165	+	1	1.335121	I:	D:
219184	219984	+	1	1.340969	I:	D:
220035	221195	+	3	1.331897	I:	D:
221200	222249	+	1	1.327866	I:	D:
222267	223340	+	3	1.332903	I:	D:
223345	227970	+	1	1.337693	I:	D:
228105	229463	+	3	1.330516	I:	D:
229890	230282	+	3	1.343660	I:	D:
230289	231395	+	3	1.316119	I:	D:
231429	232262	+	3	1.335814	I:	D:
232301	233167	+	2	1.329159	I:	D:
233176	233658	+	1	1.322609	I:	D:
233689	235020	+	1	1.308379	I:	D:
235073	235714	-	2	1.316148	I:	D:
235976	236245	+	2	1.358358	I:	D:
236273	237436	+	2	1.349362	I:	D:
237467	237805	-	2	1.349206	I:	D:
237978	239222	+	3	1.324545	I:	D:
239248	241209	+	1	1.339322	I:	D:
241228	241569	+	1	1.319343	I:	D:
241736	241945	+	2	1.396320	I:	D:
241945	242520	+	1	1.358530	I:	D:
242574	243233	-	3	1.340079	I:	D:
243423	244442	+	3	1.340920	I:	D:
244491	244844	+	3	1.339959	I:	D:
244980	246860	+	3	1.333901	I:	D:
246969	249671	-	3	1.337899	I:	D:
249878	250528	+	2	1.350940	I:	D:
250625	252463	+	2	1.321995	I:	D:
252714	253352	+	3	1.356970	I:	D:
253485	253985	+	3	1.315247	I:	D:
254007	254330	-	3	1.392798	I:	D:
254337	255260	+	3	1.328840	I:	D:
255326	256084	+	2	1.313709	I:	D:
256203	256535	+	3	1.354190	I:	D:
256686	257063	+	3	1.359145	I:	D:
257197	258633	+	1	1.330321	I:	D:
258650	259549	+	2	1.326060	I:	D:
259698	260975	+	3	1.336966	I:	D:
260979	261563	-	3	1.322630	I:	D:
261586	262797	-	1	1.331802	I:	D:
262818	263540	-	3	1.327559	I:	D:
263588	265093	-	2	1.352048	I:	D:
265093	266187	-	1	1.321344	I:	D:
266476	268572	+	1	1.335668	I:	D:
268622	270334	+	2	1.330442	I:	D:
270369	271949	+	3	1.342441	I:	D:
272299	273906	+	1	1.340356	I:	D:
273917	274069	+	2	1.358542	I:	D:
274103	275527	+	2	1.353065	I:	D:
275543	276727	+	2	1.340047	I:	D:
276952	278271	+	1	1.356814	I:	D:
278357	279259	+	2	1.340554	I:	D:
279369	280988	+	3	1.325021	I:	D:
281068	282006	+	1	1.343731	I:	D:
282012	282836	+	3	1.343190	I:	D:
282833	283672	+	2	1.324697	I:	D:
283656	284450	+	3	1.346194	I:	D:
284447	285379	+	2	1.352770	I:	D:
285667	286293	+	1	1.351363	I:	D:
286429	286806	+	1	1.347759	I:	D:
287007	288908	+	3	1.320051	I:	D:
289442	291421	-	2	1.320528	I:	D:
291597	292262	+	3	1.320277	I:	D:
292264	292647	+	1	1.357330	I:	D:
292649	294235	+	2	1.330523	I:	D:
294232	295422	+	1	1.335835	I:	D:
295508	295870	+	2	1.358203	I:	D:
295878	296828	+	3	1.313423	I:	D:
296788	298167	+	1	1.336181	I:	D:
298272	299405	+	3	1.317939	I:	D:
299402	300268	+	2	1.326015	I:	D:
300425	300982	+	2	1.328838	I:	D:
300983	301480	+	2	1.332933	I:	D:
301494	302192	+	3	1.318388	I:	D:
303246	304682	+	3	1.343891	I:	D:
304730	305527	+	2	1.342343	I:	D:
305524	306171	+	1	1.326545	I:	D:
306184	308127	+	1	1.348543	I:	D:
308136	308927	+	3	1.344518	I:	D:
308953	310044	+	1	1.337368	I:	D:
310152	311249	+	3	1.333021	I:	D:
311351	312481	-	2	1.338481	I:	D:
312643	313197	+	1	1.359619	I:	D:
313297	314547	+	1	1.328297	I:	D:
314588	315304	-	2	1.315777	I:	D:
315611	316852	+	2	1.335323	I:	D:
316904	317431	+	2	1.342086	I:	D:
317428	319722	+	1	1.332263	I:	D:
319719	322085	+	3	1.331260	I:	D:
322164	322559	+	3	1.336211	I:	D:
322573	323655	+	1	1.341813	I:	D:
323823	324254	+	3	1.351893	I:	D:
324349	324600	+	1	1.365782	I:	D:
324632	325546	+	2	1.337959	I:	D:
326253	326663	+	3	1.317094	I:	D:
326842	327057	-	1	1.346557	I:	D:
327128	327301	+	2	1.372783	I:	D:
327339	328031	-	3	1.349121	I:	D:
328235	328564	+	2	1.351751	I:	D:
328673	328963	-	2	1.322218	I:	D:
328960	329328	-	1	1.309473	I:	D:
329371	329850	-	1	1.390328	I:	D:
329896	330336	+	1	1.359958	I:	D:
330346	330603	+	1	1.358404	I:	D:
330898	331176	+	1	1.316362	I:	D:
331256	331438	+	2	1.358227	I:	D:
331461	332345	-	3	1.351730	I:	D:
332519	333301	+	2	1.325073	I:	D:
333316	334536	+	1	1.332744	I:	D:
334542	334793	-	3	1.358123	I:	D:
334900	335154	+	1	1.307789	I:	D:
335568	337442	+	3	1.341139	I:	D:
337439	338188	+	2	1.316747	I:	D:
338188	339399	+	1	1.336435	I:	D:
339396	340754	+	3	1.322563	I:	D:
340768	342207	+	1	1.322046	I:	D:
342513	343043	+	3	1.322777	I:	D:
343047	344129	+	3	1.358162	I:	D:
344248	344556	+	1	1.314649	I:	D:
344568	344909	+	3	1.332676	I:	D:
344913	345203	+	3	1.338680	I:	D:
345334	346623	+	1	1.315873	I:	D:
346681	346977	+	1	1.324113	I:	D:
346993	347598	+	1	1.338869	I:	D:
347631	348233	+	3	1.328268	I:	D:
348230	348580	+	2	1.305446	I:	D:
348698	349312	-	2	1.319921	I:	D:
349471	349821	+	1	1.346624	I:	D:
349924	350541	+	1	1.354472	I:	D:
350555	350986	+	2	1.337527	I:	D:
350995	352059	-	1	1.312095	I:	D:
352346	352612	-	2	1.350296	I:	D:
353177	353488	-	2	1.363565	I:	D:
353566	355374	-	1	1.343324	I:	D:
355602	356303	-	3	1.321860	I:	D:
356414	357325	-	2	1.340507	I:	D:
357322	357852	-	1	1.330269	I:	D:
357910	358998	-	1	1.325744	I:	D:
359120	359641	-	2	1.327365	I:	D:
359677	360378	-	1	1.321100	I:	D:
360422	361828	-	2	1.319198	I:	D:
361956	362375	-	3	1.314217	I:	D:
362465	363436	-	2	1.333051	I:	D:
363436	363831	-	1	1.332016	I:	D:
363853	364974	-	1	1.330404	I:	D:
364976	365233	-	2	1.359520	I:	D:
365249	366040	-	2	1.349519	I:	D:
366159	366821	-	3	1.342794	I:	D:
366847	369780	-	1	1.326405	I:	D:
369773	370306	-	2	1.345716	I:	D:
370303	371148	-	1	1.329975	I:	D:
371181	371876	-	3	1.356372	I:	D:
371926	372177	-	1	1.296687	I:	D:
372264	373568	-	3	1.334473	I:	D:
373619	374596	-	2	1.330312	I:	D:
374615	376660	-	2	1.335120	I:	D:
376675	377184	-	1	1.310127	I:	D:
377257	377484	-	1	1.294925	I:	D:
377513	377755	-	2	1.324304	I:	D:
377844	379217	-	3	1.314324	I:	D:
379251	379616	-	3	1.307232	I:	D:
379637	381109	-	2	1.324016	I:	D:
381213	382832	-	3	1.338366	I:	D:
382777	386208	-	1	1.334698	I:	D:
386192	386839	-	2	1.320677	I:	D:
386836	388185	-	1	1.337701	I:	D:
388233	389789	-	3	1.352613	I:	D:
389780	390757	-	2	1.359359	I:	D:
390754	391416	-	1	1.361090	I:	D:
391413	392888	-	3	1.331131	I:	D:
392906	393787	-	2	1.328801	I:	D:
393899	394195	-	2	1.314231	I:	D:
394205	394777	-	2	1.343594	I:	D:
394806	396062	-	3	1.356264	I:	D:
396083	397315	-	2	1.321559	I:	D:
397397	398332	-	2	1.311062	I:	D:
398369	401929	-	2	1.322020	I:	D:
401920	402618	-	1	1.327493	I:	D:
402677	402910	-	2	1.258544	I:	D:
402940	403959	-	1	1.338118	I:	D:
404112	405302	-	3	1.324933	I:	D:
405314	405751	-	2	1.334708	I:	D:
405771	406466	-	3	1.313940	I:	D:
406492	407199	-	1	1.325271	I:	D:
407248	408183	-	1	1.337201	I:	D:
408185	409255	-	2	1.325857	I:	D:
409248	410792	-	3	1.320585	I:	D:
410810	411652	-	2	1.360469	I:	D:
411652	413196	-	1	1.331447	I:	D:
413228	414337	-	2	1.312466	I:	D:
414463	415236	-	1	1.334617	I:	D:
415292	416074	-	2	1.312932	I:	D:
416239	417663	-	1	1.321992	I:	D:
417717	418964	-	3	1.331058	I:	D:
419158	420675	-	1	1.324139	I:	D:
420690	421598	-	3	1.337231	I:	D:
421591	422688	-	1	1.323583	I:	D:
422767	423891	-	1	1.309745	I:	D:
424256	424828	-	2	1.351131	I:	D:
424903	426099	-	1	1.327009	I:	D:
426118	427236	-	1	1.336423	I:	D:
427303	427635	-	1	1.312585	I:	D:
427726	429213	-	1	1.328899	I:	D:
429428	430714	+	2	1.357238	I:	D:
430743	432005	-	3	1.335046	I:	D:
432035	432670	-	2	1.363301	I:	D:
432682	434046	-	1	1.329518	I:	D:
434079	434351	-	3	1.313682	I:	D:
434419	435216	-	1	1.338269	I:	D:
435213	435821	-	3	1.346242	I:	D:
435842	436549	-	2	1.341386	I:	D:
436521	438590	-	3	1.327429	I:	D:
438612	438998	-	3	1.351024	I:	D:
439121	439258	-	2	1.357064	I:	D:
439271	439468	-	2	1.325620	I:	D:
439627	440466	+	1	1.312035	I:	D:
440565	441194	+	3	1.320194	I:	D:
441294	442085	-	3	1.331291	I:	D:
442082	444151	-	2	1.337055	I:	D:
444412	445476	-	1	1.341527	I:	D:
445521	446606	-	3	1.332239	I:	D:
446761	448995	-	1	1.334288	I:	D:
449010	450929	-	3	1.325606	I:	D:
451028	451222	-	2	1.302802	I:	D:
451382	452587	+	2	1.349324	I:	D:
452942	453196	-	2	1.336634	I:	D:
453200	453451	-	2	1.317234	I:	D:
453636	453839	-	3	1.305924	I:	D:
453987	454502	-	3	1.322117	I:	D:
454519	456576	-	1	1.329347	I:	D:
456573	457454	-	3	1.334109	I:	D:
457476	458183	-	3	1.321880	I:	D:
458206	459909	-	1	1.312350	I:	D:
459923	460357	-	2	1.313393	I:	D:
460597	460794	+	1	1.363816	I:	D:
461005	461412	-	1	1.304755	I:	D:
461443	462378	-	1	1.330888	I:	D:
462389	462709	-	2	1.352902	I:	D:
462750	464057	-	3	1.333404	I:	D:
464073	465332	-	3	1.336248	I:	D:
465334	465876	-	1	1.309960	I:	D:
465860	467236	-	2	1.331020	I:	D:
467339	467623	-	2	1.305928	I:	D:
467713	468345	-	1	1.319297	I:	D:
468369	469268	-	3	1.329146	I:	D:
469389	469826	-	3	1.351979	I:	D:
469840	470688	-	1	1.333063	I:	D:
470691	471182	-	3	1.328399	I:	D:
471197	472801	-	2	1.345759	I:	D:
472820	472987	+	2	1.347565	I:	D:
473024	473884	-	2	1.364200	I:	D:
474311	476080	+	2	1.333708	I:	D:
476228	476404	-	2	1.340524	I:	D:
476568	479258	-	3	1.331344	I:	D:
479434	480795	+	1	1.351683	I:	D:
480907	481440	+	1	1.318660	I:	D:
481449	482336	-	3	1.333936	I:	D:
482333	483154	-	2	1.343513	I:	D:
483162	484589	-	3	1.322798	I:	D:
484638	485465	-	3	1.335982	I:	D:
485455	486099	-	1	1.326031	I:	D:
486352	487314	-	1	1.333290	I:	D:
487447	488259	-	1	1.326494	I:	D:
488394	489155	-	3	1.336209	I:	D:
489284	489805	-	2	1.325126	I:	D:
489807	491414	-	3	1.343069	I:	D:
491514	492995	-	3	1.332876	I:	D:
493049	493759	-	2	1.321362	I:	D:
493774	494532	-	1	1.331509	I:	D:
494532	495593	-	3	1.331862	I:	D:
495604	496485	-	1	1.337556	I:	D:
496569	497777	-	3	1.319796	I:	D:
497943	498953	-	3	1.352147	I:	D:
498986	499618	-	2	1.348476	I:	D:
499637	500965	-	2	1.317265	I:	D:
500981	502396	-	2	1.336808	I:	D:
502631	503815	+	2	1.337154	I:	D:
503884	504249	-	1	1.343023	I:	D:
504255	504737	-	3	1.368972	I:	D:
504773	505114	-	2	1.349535	I:	D:
505111	505767	-	1	1.331739	I:	D:
505768	506685	-	1	1.331866	I:	D:
506729	507307	-	2	1.344600	I:	D:
507363	507728	-	3	1.345284	I:	D:
507825	509108	-	3	1.318724	I:	D:
509211	510134	-	3	1.343463	I:	D:
510141	512810	-	3	1.329391	I:	D:
512813	514321	-	2	1.337814	I:	D:
514419	514997	-	3	1.318033	I:	D:
515018	516262	-	2	1.332711	I:	D:
516302	516523	-	2	1.318707	I:	D:
516539	517402	-	2	1.332322	I:	D:
517488	519131	-	3	1.353009	I:	D:
519154	520458	-	1	1.369231	I:	D:
520465	520869	-	1	1.365308	I:	D:
520951	522657	-	1	1.343777	I:	D:
522777	523274	-	3	1.326848	I:	D:
523280	524275	-	2	1.331857	I:	D:
524283	525506	-	3	1.356639	I:	D:
525533	525835	-	2	1.346387	I:	D:
525943	526905	+	1	1.355968	I:	D:
527183	527911	-	2	1.288861	I:	D:
528020	528268	-	2	1.311484	I:	D:
528303	528509	-	3	1.328879	I:	D:
528877	529047	+	1	1.352399	I:	D:
529230	529445	-	3	1.319040	I:	D:
529466	529963	-	2	1.313598	I:	D:
530039	530263	-	2	1.330303	I:	D:
530439	530678	-	3	1.302429	I:	D:
531065	531676	-	2	1.329920	I:	D:
531745	532977	-	1	1.336859	I:	D:
533024	533206	-	2	1.337073	I:	D:
533314	533496	-	1	1.331606	I:	D:
533585	533770	+	2	1.368247	I:	D:
534038	534367	-	2	1.339642	I:	D:
534371	534532	-	2	1.338712	I:	D:
534553	534795	+	1	1.409101	I:	D:
535208	536611	+	2	1.320611	I:	D:
536829	537176	+	3	1.312162	I:	D:
537408	537794	+	3	1.340918	I:	D:
537796	539601	+	1	1.338182	I:	D:
539743	540738	-	1	1.324544	I:	D:
540847	541344	-	1	1.298108	I:	D:
542402	542566	+	2	1.342326	I:	D:
543031	543924	+	1	1.303343	I:	D:
544292	544819	-	2	1.293654	I:	D:
545252	545620	+	2	1.340301	I:	D:
545533	545979	+	1	1.341096	I:	D:
546234	546494	-	3	1.305135	I:	D:
546487	548082	-	1	1.312404	I:	D:
548110	549381	-	1	1.328581	I:	D:
549381	550622	-	3	1.319001	I:	D:
550570	552696	-	1	1.326478	I:	D:
552870	553097	-	3	1.294559	I:	D:
553101	557129	-	3	1.309169	I:	D:
557234	558262	-	2	1.316764	I:	D:
558429	567128	-	3	1.323731	I:	D:
567171	567533	-	3	1.284269	I:	D:
567549	569648	-	3	1.326027	I:	D:
569652	571376	-	3	1.315286	I:	D:
571351	571635	-	1	1.284604	I:	D:
571657	574245	-	1	1.337706	I:	D:
574245	576695	-	3	1.326327	I:	D:
576655	577050	-	1	1.328711	I:	D:
577114	577986	-	1	1.333514	I:	D:
577990	578205	-	1	1.330723	I:	D:
578313	580166	-	3	1.326166	I:	D:
580163	580639	-	2	1.327985	I:	D:
580759	581184	-	1	1.323036	I:	D:
581299	581847	-	1	1.333813	I:	D:
581926	582582	-	1	1.340965	I:	D:
582675	583070	-	3	1.309328	I:	D:
583082	583243	-	2	1.291758	I:	D:
583299	583550	+	3	1.327305	I:	D:
583568	583798	+	2	1.355959	I:	D:
583910	584974	-	2	1.313241	I:	D:
584990	585871	-	2	1.317939	I:	D:
585864	586646	-	3	1.317444	I:	D:
586670	586846	-	2	1.330850	I:	D:
586846	587319	-	1	1.348143	I:	D:
587558	589498	-	2	1.313341	I:	D:
589543	590025	-	1	1.309737	I:	D:
590242	591204	-	1	1.333960	I:	D:
591194	591613	-	2	1.328584	I:	D:
591617	592591	-	2	1.324770	I:	D:
592670	596155	-	2	1.328509	I:	D:
596271	596525	-	3	1.311608	I:	D:
596562	597521	-	3	1.358950	I:	D:
597544	598410	-	1	1.322934	I:	D:
598448	599359	-	2	1.352548	I:	D:
599385	600317	-	3	1.340076	I:	D:
600399	602321	-	3	1.349763	I:	D:
602336	602848	-	2	1.330256	I:	D:
603049	603198	-	1	1.265490	I:	D:
603369	603584	+	3	1.333787	I:	D:
603675	604547	+	3	1.340187	I:	D:
604872	608408	-	3	1.334897	I:	D:
608695	610548	-	1	1.342621	I:	D:
610686	614198	-	3	1.336931	I:	D:
614278	616347	-	1	1.343024	I:	D:
616344	617471	-	3	1.332778	I:	D:
617461	619827	-	1	1.354037	I:	D:
619788	620903	-	3	1.336219	I:	D:
621000	621863	+	3	1.341157	I:	D:
621887	622132	+	2	1.312945	I:	D:
622342	623943	+	1	1.329944	I:	D:
623943	625787	+	3	1.342025	I:	D:
625784	627271	+	2	1.349156	I:	D:
627334	629769	-	1	1.344214	I:	D:
629793	630665	-	3	1.326428	I:	D:
630675	631601	-	3	1.342991	I:	D:
631729	633174	-	1	1.311365	I:	D:
633368	634522	-	2	1.330117	I:	D:
634539	635714	-	3	1.333183	I:	D:
635820	636089	-	3	1.369353	I:	D:
636298	636471	-	1	1.343136	I:	D:
636602	637030	+	2	1.311174	I:	D:
637098	637379	+	3	1.316362	I:	D:
637421	638149	-	2	1.336480	I:	D:
638155	638412	-	1	1.331646	I:	D:
638521	639102	-	1	1.318356	I:	D:
639207	641621	-	3	1.331933	I:	D:
641748	641909	+	3	1.405278	I:	D:
642022	643023	-	1	1.321451	I:	D:
643027	644370	-	1	1.330162	I:	D:
644391	646769	-	3	1.340178	I:	D:
646899	647063	+	3	1.355603	I:	D:
647066	647770	-	2	1.343564	I:	D:
647859	648113	-	3	1.329897	I:	D:
648150	648386	-	3	1.365135	I:	D:
648425	648640	-	2	1.334550	I:	D:
648937	649263	-	1	1.339474	I:	D:
649283	649975	-	2	1.327133	I:	D:
650208	650780	-	3	1.340744	I:	D:
650790	651176	-	3	1.344036	I:	D:
651202	651696	-	1	1.351038	I:	D:
651726	652418	-	3	1.370493	I:	D:
652599	653249	+	3	1.357278	I:	D:
653331	653495	-	3	1.344689	I:	D:
653584	655677	-	1	1.326545	I:	D:
656007	657026	+	3	1.339606	I:	D:
657061	658191	+	1	1.335015	I:	D:
658213	659505	+	1	1.349301	I:	D:
659505	660017	+	3	1.317349	I:	D:
660096	661583	-	3	1.332824	I:	D:
661600	662676	-	1	1.326985	I:	D:
662801	664198	-	2	1.362476	I:	D:
664271	665089	+	2	1.334764	I:	D:
665125	665466	+	1	1.351854	I:	D:
665654	666163	-	2	1.309341	I:	D:
666156	667547	-	3	1.313967	I:	D:
667901	668074	-	2	1.304736	I:	D:
668129	668344	-	2	1.325206	I:	D:
668596	668934	+	1	1.344070	I:	D:
>Y5.M004_9
2	145	+	2	1.314095	I:	D:
209	409	+	2	1.325414	I:	D:
550	1608	+	1	1.333341	I:	D:
1614	2102	+	3	1.337879	I:	D:
2106	3161	+	3	1.354010	I:	D:
3166	3690	+	1	1.348464	I:	D:
3746	4636	+	2	1.300155	I:	D:
4664	5341	+	2	1.339995	I:	D:
5331	6482	+	3	1.347382	I:	D:
6484	7428	+	1	1.344026	I:	D:
7425	8564	+	3	1.344049	I:	D:
8569	9330	+	1	1.341412	I:	D:
9343	9930	-	1	1.346444	I:	D:
9964	10800	-	1	1.361652	I:	D:
10839	11390	+	3	1.347454	I:	D:
11374	12405	+	1	1.326273	I:	D:
12431	13069	+	2	1.342650	I:	D:
13080	13904	+	3	1.342223	I:	D:
13917	15068	+	3	1.348050	I:	D:
15131	15421	+	2	1.372760	I:	D:
15536	15868	-	2	1.360263	I:	D:
15888	16718	+	3	1.346102	I:	D:
16745	17368	+	2	1.337974	I:	D:
17352	18728	+	3	1.343794	I:	D:
18712	20355	+	1	1.342733	I:	D:
20460	20774	+	3	1.390990	I:	D:
21084	21578	+	3	1.317691	I:	D:
21610	21807	+	1	1.342958	I:	D:
21837	22193	+	3	1.326419	I:	D:
22290	23702	+	3	1.334295	I:	D:
23755	23955	+	1	1.365168	I:	D:
23969	24856	-	2	1.312778	I:	D:
24870	25370	-	3	1.321460	I:	D:
25642	27222	+	1	1.317636	I:	D:
27348	28112	+	3	1.336423	I:	D:
28146	28955	-	3	1.348451	I:	D:
29223	30254	+	3	1.332222	I:	D:
30342	31562	+	3	1.317543	I:	D:
31658	32413	+	2	1.311217	I:	D:
32436	33977	+	3	1.322937	I:	D:
34084	34968	-	1	1.341672	I:	D:
35145	36920	+	3	1.324521	I:	D:
36935	37804	+	2	1.331994	I:	D:
37857	39275	+	3	1.332965	I:	D:
39272	40228	+	2	1.335280	I:	D:
40238	42628	+	2	1.359620	I:	D:
42758	43624	+	2	1.348620	I:	D:
43709	44518	+	2	1.332304	I:	D:
44628	45959	-	3	1.336799	I:	D:
46079	47041	-	2	1.308844	I:	D:
47210	48403	-	2	1.328036	I:	D:
48495	49811	-	3	1.335331	I:	D:
49843	51051	-	1	1.326300	I:	D:
51080	51751	-	2	1.326142	I:	D:
51968	53299	+	2	1.326859	I:	D:
53453	56440	+	2	1.335768	I:	D:
56593	56832	+	1	1.346290	I:	D:
56816	59494	+	2	1.337918	I:	D:
59610	60233	-	3	1.330619	I:	D:
60257	60400	+	2	1.351819	I:	D:
60397	62757	+	1	1.339557	I:	D:
62880	63275	+	3	1.298836	I:	D:
63382	64785	+	1	1.341998	I:	D:
64913	65329	-	2	1.341690	I:	D:
65370	65699	-	3	1.330208	I:	D:
66022	66255	+	1	1.337345	I:	D:
66670	66849	+	1	1.332305	I:	D:
66885	67028	+	3	1.268005	I:	D:
67076	67645	-	2	1.321592	I:	D:
67677	67862	-	3	1.344050	I:	D:
68210	68596	+	2	1.334300	I:	D:
68619	70271	-	3	1.315890	I:	D:
70274	70531	-	2	1.296985	I:	D:
70562	70774	+	2	1.316958	I:	D:
70887	71507	+	3	1.320742	I:	D:
71615	72265	+	2	1.362581	I:	D:
72819	72965	+	3	1.341398	I:	D:
73001	73978	+	2	1.351347	I:	D:
74138	75019	+	2	1.317388	I:	D:
75044	75379	+	2	1.336499	I:	D:
75473	75649	+	2	1.358255	I:	D:
75739	77736	+	1	1.325952	I:	D:
77874	79055	+	3	1.341041	I:	D:
79135	80046	-	1	1.347661	I:	D:
80410	81456	+	1	1.307901	I:	D:
81463	82053	+	1	1.312691	I:	D:
82092	83954	+	3	1.312146	I:	D:
84122	85282	+	2	1.344719	I:	D:
85380	85538	+	3	1.380185	I:	D:
85802	86710	+	2	1.362011	I:	D:
87378	88292	-	3	1.343028	I:	D:
88556	88684	+	2	1.382451	I:	D:
88695	89897	+	3	1.331699	I:	D:
89930	92362	+	2	1.329288	I:	D:
92437	92889	+	1	1.330094	I:	D:
93563	94300	+	2	1.324712	I:	D:
94315	95232	+	1	1.311606	I:	D:
95256	96323	-	3	1.349294	I:	D:
96408	97814	+	3	1.333253	I:	D:
97845	99104	+	3	1.337271	I:	D:
99119	99943	+	2	1.337831	I:	D:
99957	100271	+	3	1.313069	I:	D:
100384	101133	+	1	1.354971	I:	D:
101207	102115	+	2	1.355311	I:	D:
102099	103229	+	3	1.350639	I:	D:
103313	105106	+	2	1.354361	I:	D:
105314	106126	+	2	1.320084	I:	D:
106128	107138	+	3	1.321404	I:	D:
107325	107516	+	3	1.310440	I:	D:
107730	108896	+	3	1.334217	I:	D:
108942	109316	+	3	1.312699	I:	D:
109423	109764	+	1	1.303812	I:	D:
109761	110378	+	3	1.340689	I:	D:
110484	110888	+	3	1.330373	I:	D:
111001	112047	+	1	1.341489	I:	D:
112169	113176	+	2	1.355521	I:	D:
113201	115057	+	2	1.325949	I:	D:
115087	115827	+	1	1.339664	I:	D:
115814	116623	+	2	1.335759	I:	D:
116680	118332	+	1	1.340108	I:	D:
118410	119282	+	3	1.336359	I:	D:
119547	119972	+	3	1.324557	I:	D:
119972	120916	+	2	1.357488	I:	D:
120963	121484	+	3	1.342763	I:	D:
121567	123789	+	1	1.325744	I:	D:
123853	125616	+	1	1.345304	I:	D:
125695	126663	+	1	1.331468	I:	D:
126705	128063	+	3	1.332631	I:	D:
128077	129579	+	1	1.343981	I:	D:
129748	130974	+	1	1.361870	I:	D:
130983	131714	+	3	1.328740	I:	D:
131880	133232	+	3	1.316202	I:	D:
133412	134260	+	2	1.368846	I:	D:
134298	135038	+	3	1.325290	I:	D:
135125	136108	-	2	1.313135	I:	D:
136234	137013	-	1	1.309333	I:	D:
137215	137982	-	1	1.333890	I:	D:
138079	139278	+	1	1.329387	I:	D:
139435	141039	+	1	1.326431	I:	D:
141095	141541	+	2	1.326804	I:	D:
141582	142985	+	3	1.333195	I:	D:
143028	143198	+	3	1.354348	I:	D:
143362	144378	+	1	1.330510	I:	D:
144381	145046	+	3	1.343313	I:	D:
145120	146007	+	1	1.311938	I:	D:
146124	146384	+	3	1.354952	I:	D:
146621	147379	-	2	1.350837	I:	D:
147527	148018	+	2	1.341846	I:	D:
148037	148558	+	2	1.345476	I:	D:
148671	149228	+	3	1.322347	I:	D:
149322	151109	+	3	1.317141	I:	D:
151131	154325	+	3	1.345126	I:	D:
154362	154988	+	3	1.346817	I:	D:
155256	156581	+	3	1.340956	I:	D:
156597	157538	+	3	1.330540	I:	D:
157535	158143	+	2	1.314778	I:	D:
158156	158833	+	2	1.333878	I:	D:
158847	159422	+	3	1.316789	I:	D:
159438	160238	+	3	1.338907	I:	D:
160324	161103	+	1	1.343290	I:	D:
161155	161550	-	1	1.374371	I:	D:
161310	161840	-	3	1.374957	I:	D:
161840	163012	-	2	1.353730	I:	D:
163024	163155	+	1	1.336890	I:	D:
163326	163514	-	3	1.349097	I:	D:
163614	164936	-	3	1.348699	I:	D:
165096	165962	+	3	1.341999	I:	D:
166080	166970	+	3	1.347310	I:	D:
167060	167863	+	2	1.314734	I:	D:
168186	169214	+	3	1.345174	I:	D:
169321	169785	+	1	1.321846	I:	D:
170019	171623	+	3	1.317551	I:	D:
172051	173001	+	1	1.321771	I:	D:
173029	173289	+	1	1.307504	I:	D:
173432	175045	+	2	1.312590	I:	D:
175038	176129	+	3	1.329514	I:	D:
176122	177624	+	1	1.319870	I:	D:
178023	178388	-	3	1.343394	I:	D:
178461	179009	-	3	1.341991	I:	D:
179059	179556	+	1	1.345798	I:	D:
179522	180421	+	2	1.342756	I:	D:
180396	182939	+	3	1.330436	I:	D:
183052	184347	+	1	1.348470	I:	D:
184396	185550	+	1	1.337853	I:	D:
185572	186930	+	1	1.326813	I:	D:
186962	188815	+	2	1.339456	I:	D:
189052	189438	+	1	1.311944	I:	D:
189515	191035	+	2	1.351058	I:	D:
191094	191468	+	3	1.357392	I:	D:
191595	191753	+	3	1.386826	I:	D:
192077	193441	+	2	1.348199	I:	D:
193590	195893	+	3	1.362350	I:	D:
195953	197515	+	2	1.328155	I:	D:
197697	198899	+	3	1.325322	I:	D:
198907	200757	-	1	1.351871	I:	D:
200946	202064	+	3	1.352279	I:	D:
202090	203115	+	1	1.333853	I:	D:
203324	203719	+	2	1.336552	I:	D:
203749	204420	+	1	1.337587	I:	D:
204404	205444	+	2	1.348804	I:	D:
205461	207974	+	3	1.323811	I:	D:
208034	208519	+	2	1.324888	I:	D:
208625	210013	+	2	1.355661	I:	D:
210074	210235	+	2	1.295515	I:	D:
210338	210559	+	2	1.358651	I:	D:
210567	211106	+	3	1.339549	I:	D:
211389	212528	+	3	1.323229	I:	D:
212559	213068	+	3	1.337013	I:	D:
213243	214481	+	3	1.327030	I:	D:
214488	215177	+	3	1.345103	I:	D:
215209	215871	+	1	1.337079	I:	D:
216164	216409	+	2	1.308783	I:	D:
216550	218997	+	1	1.351660	I:	D:
219008	219883	-	2	1.327976	I:	D:
220014	220664	+	3	1.325317	I:	D:
220674	221279	+	3	1.344712	I:	D:
221482	222957	+	1	1.346359	I:	D:
223151	224398	+	2	1.335359	I:	D:
224484	225962	-	3	1.323139	I:	D:
226273	230049	+	1	1.333993	I:	D:
230218	231753	+	1	1.332503	I:	D:
231773	232366	+	2	1.343351	I:	D:
232363	233469	+	1	1.337257	I:	D:
233487	233780	+	3	1.311499	I:	D:
233767	234171	+	1	1.291198	I:	D:
234228	235223	+	3	1.353568	I:	D:
>Y5.M004_10
2	697	+	2	1.336989	I:	D:
858	989	+	3	1.295161	I:	D:
1015	1890	+	1	1.333621	I:	D:
1887	2765	+	3	1.340796	I:	D:
2769	2906	+	3	1.338925	I:	D:
2931	3140	+	3	1.355380	I:	D:
3759	4238	+	3	1.319415	I:	D:
4522	4908	+	1	1.328870	I:	D:
4996	5607	+	1	1.326533	I:	D:
5615	6727	+	2	1.349696	I:	D:
6714	8006	+	3	1.382048	I:	D:
8010	8657	-	3	1.356861	I:	D:
8775	9563	-	3	1.386952	I:	D:
9621	10997	+	3	1.357576	I:	D:
11201	12526	+	2	1.320002	I:	D:
12569	14092	+	2	1.318987	I:	D:
14129	14887	-	2	1.336482	I:	D:
14871	15674	-	3	1.338381	I:	D:
15747	16073	-	3	1.377502	I:	D:
16355	16621	+	2	1.324400	I:	D:
16639	16833	+	1	1.341870	I:	D:
17021	17155	+	2	1.325889	I:	D:
17233	17997	+	1	1.351909	I:	D:
17994	18818	+	3	1.352927	I:	D:
18815	19696	+	2	1.346441	I:	D:
19693	20061	+	1	1.329717	I:	D:
20163	20996	+	3	1.342044	I:	D:
21074	22096	-	2	1.332435	I:	D:
22317	23054	-	3	1.316315	I:	D:
23277	25067	+	3	1.349028	I:	D:
25130	25819	+	2	1.330263	I:	D:
25853	27949	+	2	1.347548	I:	D:
28046	28963	+	2	1.329756	I:	D:
29003	29794	+	2	1.326720	I:	D:
29809	30711	+	1	1.313659	I:	D:
30826	32283	+	1	1.359677	I:	D:
32303	34036	+	2	1.319707	I:	D:
34149	34490	+	3	1.370485	I:	D:
34575	36959	+	3	1.334663	I:	D:
37178	37801	+	2	1.347173	I:	D:
37956	39323	+	3	1.330741	I:	D:
39385	39681	+	1	1.362225	I:	D:
39714	40814	+	3	1.344944	I:	D:
40860	42602	+	3	1.326781	I:	D:
42624	43124	+	3	1.345177	I:	D:
43298	43519	+	2	1.309340	I:	D:
43534	44364	+	1	1.324998	I:	D:
44404	45783	+	1	1.312885	I:	D:
45858	47603	+	3	1.341769	I:	D:
47641	48498	+	1	1.320883	I:	D:
48518	49984	+	2	1.366622	I:	D:
50025	51128	+	3	1.339895	I:	D:
51270	52967	+	3	1.327017	I:	D:
52996	53487	+	1	1.319497	I:	D:
53561	53716	+	2	1.365505	I:	D:
53798	56083	+	2	1.329590	I:	D:
56166	56897	-	3	1.327892	I:	D:
56931	57203	-	3	1.351212	I:	D:
57341	58354	+	2	1.321073	I:	D:
58395	59432	+	3	1.336102	I:	D:
59486	59647	+	2	1.372201	I:	D:
59834	60607	+	2	1.357142	I:	D:
60631	62583	+	1	1.331229	I:	D:
62600	63517	+	2	1.358293	I:	D:
63671	63889	+	2	1.331186	I:	D:
64300	66027	+	1	1.325156	I:	D:
66056	68110	+	2	1.323126	I:	D:
68154	68792	+	3	1.325206	I:	D:
68803	70863	+	1	1.344124	I:	D:
70860	72818	+	3	1.336705	I:	D:
72940	74463	+	1	1.339358	I:	D:
74610	77471	+	3	1.334888	I:	D:
77422	78939	+	1	1.327752	I:	D:
78964	79332	+	1	1.324316	I:	D:
79357	80298	+	1	1.338219	I:	D:
80313	80591	+	3	1.346455	I:	D:
80622	81488	+	3	1.349185	I:	D:
81485	83233	+	2	1.341503	I:	D:
83223	84998	+	3	1.329934	I:	D:
85010	85696	-	2	1.330713	I:	D:
85833	87203	+	3	1.319093	I:	D:
87227	88459	+	2	1.317811	I:	D:
88472	88600	+	2	1.260483	I:	D:
88689	91607	-	3	1.324584	I:	D:
91804	91947	+	1	1.317561	I:	D:
91949	93046	-	2	1.308475	I:	D:
93183	93404	+	3	1.347452	I:	D:
93422	94957	+	2	1.349183	I:	D:
95228	95371	+	2	1.395386	I:	D:
95475	96356	-	3	1.333546	I:	D:
96402	97070	-	3	1.318014	I:	D:
97239	98120	+	3	1.341905	I:	D:
98413	99099	+	1	1.334868	I:	D:
99129	99353	+	3	1.308008	I:	D:
99373	99870	+	1	1.316322	I:	D:
99863	100369	+	2	1.345103	I:	D:
100389	101927	+	3	1.339233	I:	D:
101894	102784	+	2	1.337095	I:	D:
102793	104193	+	1	1.331598	I:	D:
104195	104623	+	2	1.344688	I:	D:
104652	105542	-	3	1.366270	I:	D:
105543	105737	+	3	1.347305	I:	D:
105759	107513	+	3	1.331015	I:	D:
107990	108124	+	2	1.394135	I:	D:
108589	109416	+	1	1.355082	I:	D:
109416	110198	+	3	1.338944	I:	D:
110211	111251	+	3	1.332914	I:	D:
111291	112346	+	3	1.316509	I:	D:
112360	114078	+	1	1.342479	I:	D:
114081	115421	+	3	1.344321	I:	D:
115494	116351	+	3	1.321594	I:	D:
116466	118019	+	3	1.331899	I:	D:
118027	119154	+	1	1.342539	I:	D:
119283	119438	+	3	1.292678	I:	D:
119419	119733	+	1	1.385112	I:	D:
119801	120271	+	2	1.332964	I:	D:
120280	120702	+	1	1.351256	I:	D:
120873	121289	-	3	1.396768	I:	D:
121394	122638	-	2	1.325257	I:	D:
122852	124000	+	2	1.334213	I:	D:
124118	125032	+	2	1.334523	I:	D:
125120	126262	-	2	1.314825	I:	D:
126256	127464	-	1	1.314947	I:	D:
127680	128294	-	3	1.336967	I:	D:
128341	128658	+	1	1.370123	I:	D:
128698	130179	+	1	1.329295	I:	D:
130197	131810	+	3	1.348711	I:	D:
131813	132454	+	2	1.354354	I:	D:
132520	133683	+	1	1.343325	I:	D:
133697	134743	+	2	1.353384	I:	D:
134754	136763	+	3	1.352598	I:	D:
136760	138061	+	2	1.340199	I:	D:
138141	138389	+	3	1.336132	I:	D:
138403	138798	+	1	1.355596	I:	D:
138836	139219	-	2	1.348856	I:	D:
139195	139689	-	1	1.312909	I:	D:
139778	140284	+	2	1.339893	I:	D:
140479	141999	+	1	1.329892	I:	D:
142030	142362	+	1	1.336072	I:	D:
142369	143925	-	1	1.347589	I:	D:
144237	144656	+	3	1.365500	I:	D:
144663	145436	-	3	1.352989	I:	D:
145659	147635	+	3	1.350343	I:	D:
147632	148423	+	2	1.353520	I:	D:
148480	148698	+	1	1.372255	I:	D:
148695	149834	+	3	1.342854	I:	D:
149937	150926	+	3	1.335158	I:	D:
150960	151283	+	3	1.358684	I:	D:
151300	152280	+	1	1.350019	I:	D:
152216	153412	+	2	1.353168	I:	D:
153409	154302	+	1	1.342298	I:	D:
154362	155522	+	3	1.312015	I:	D:
155619	156269	+	3	1.345627	I:	D:
156363	156629	+	3	1.337698	I:	D:
156715	159282	-	1	1.336676	I:	D:
159294	159605	-	3	1.316814	I:	D:
159775	160734	+	1	1.344059	I:	D:
160802	161404	+	2	1.337201	I:	D:
161532	162170	+	3	1.343412	I:	D:
162204	163331	+	3	1.322372	I:	D:
163335	166379	+	3	1.321530	I:	D:
166596	167216	+	3	1.309276	I:	D:
167239	167724	+	1	1.305047	I:	D:
167914	168936	-	1	1.338591	I:	D:
169171	169980	+	1	1.332546	I:	D:
169956	170747	+	3	1.331993	I:	D:
170809	171909	+	1	1.308246	I:	D:
172013	172834	+	2	1.332847	I:	D:
172855	174048	+	1	1.352200	I:	D:
174045	174887	+	3	1.344323	I:	D:
174913	176364	+	1	1.343986	I:	D:
176355	177512	+	3	1.337010	I:	D:
177716	178222	+	2	1.358076	I:	D:
178282	179493	+	1	1.338363	I:	D:
179679	181688	+	3	1.312634	I:	D:
181799	183238	+	2	1.333153	I:	D:
183365	184222	+	2	1.325412	I:	D:
184237	185463	+	1	1.336125	I:	D:
185530	186096	+	1	1.396646	I:	D:
186610	187905	+	1	1.317053	I:	D:
187988	189445	-	2	1.322768	I:	D:
189648	190991	+	3	1.350847	I:	D:
191389	194523	+	1	1.336793	I:	D:
194605	197061	+	1	1.320999	I:	D:
197188	198048	+	1	1.328933	I:	D:
198077	198748	+	2	1.376476	I:	D:
198752	201163	+	2	1.334939	I:	D:
201185	202000	+	2	1.339882	I:	D:
202087	202764	+	1	1.348813	I:	D:
202757	203818	+	2	1.334519	I:	D:
203822	204595	+	2	1.363893	I:	D:
204579	205397	+	3	1.344450	I:	D:
205454	205732	-	2	1.346069	I:	D:
205653	206774	+	3	1.323427	I:	D:
206785	207744	+	1	1.320324	I:	D:
207934	208152	-	1	1.333171	I:	D:
208167	209228	-	3	1.332548	I:	D:
209509	209652	+	1	1.445079	I:	D:
209852	210511	+	2	1.343186	I:	D:
210514	211272	+	1	1.322037	I:	D:
211330	212745	-	1	1.330025	I:	D:
212768	213769	-	2	1.354415	I:	D:
213838	215466	+	1	1.328419	I:	D:
215513	216274	+	2	1.340801	I:	D:
216421	217074	+	1	1.323745	I:	D:
217160	218191	+	2	1.321625	I:	D:
218315	219349	+	2	1.338007	I:	D:
219410	220180	+	2	1.333736	I:	D:
220239	220796	-	3	1.298931	I:	D:
221005	221928	-	1	1.328377	I:	D:
221943	223049	-	3	1.315094	I:	D:
223175	223444	+	2	1.387780	I:	D:
223491	224003	+	3	1.339156	I:	D:
224026	224664	+	1	1.321384	I:	D:
>Y5.M004_11
110	424	+	2	1.329952	I:	D:
442	894	-	1	1.326652	I:	D:
1011	1964	+	3	1.324622	I:	D:
1981	2877	+	1	1.334434	I:	D:
3032	4312	+	2	1.340579	I:	D:
4441	5085	-	1	1.340442	I:	D:
5133	6062	-	3	1.345594	I:	D:
6064	6759	-	1	1.335375	I:	D:
6807	6980	+	3	1.347146	I:	D:
6968	10042	+	2	1.345578	I:	D:
10065	11318	+	3	1.354620	I:	D:
11512	13212	+	1	1.326739	I:	D:
13320	14333	+	3	1.344608	I:	D:
14317	15345	+	1	1.359289	I:	D:
15342	16289	+	3	1.350260	I:	D:
16304	17176	+	2	1.340475	I:	D:
17531	17794	+	2	1.366189	I:	D:
17807	18229	+	2	1.327475	I:	D:
18251	19012	+	2	1.324429	I:	D:
19061	19342	+	2	1.313154	I:	D:
19385	19891	+	2	1.298518	I:	D:
19888	20427	+	1	1.330818	I:	D:
20442	21962	+	3	1.331374	I:	D:
21984	22841	+	3	1.333177	I:	D:
22940	24337	+	2	1.334800	I:	D:
24356	24760	+	2	1.337021	I:	D:
24905	25999	+	2	1.339177	I:	D:
26014	26691	+	1	1.328105	I:	D:
26754	30770	-	3	1.332748	I:	D:
31107	32564	+	3	1.342379	I:	D:
32568	33830	+	3	1.343059	I:	D:
34277	34606	+	2	1.352991	I:	D:
34701	35195	+	3	1.350703	I:	D:
35201	37051	+	2	1.342946	I:	D:
37086	37295	+	3	1.354939	I:	D:
37265	37594	+	2	1.317904	I:	D:
37793	38482	+	2	1.355522	I:	D:
38479	39258	+	1	1.362684	I:	D:
39447	41126	+	3	1.347876	I:	D:
41123	41716	+	2	1.322427	I:	D:
41754	42242	+	3	1.306382	I:	D:
42239	43408	+	2	1.321270	I:	D:
43414	43923	+	1	1.321191	I:	D:
44032	45291	+	1	1.329063	I:	D:
45353	47320	+	2	1.353095	I:	D:
47337	47633	+	3	1.288038	I:	D:
47649	48386	+	3	1.343549	I:	D:
48477	49094	-	3	1.310161	I:	D:
49097	49417	-	2	1.297300	I:	D:
49432	50829	-	1	1.325801	I:	D:
50959	52017	+	1	1.367115	I:	D:
52299	52511	+	3	1.351141	I:	D:
52623	53570	+	3	1.322991	I:	D:
53567	54484	+	2	1.338038	I:	D:
54504	55577	+	3	1.318460	I:	D:
55700	57001	-	2	1.330388	I:	D:
57006	57503	-	3	1.338509	I:	D:
57519	58550	-	3	1.340094	I:	D:
58708	59532	+	1	1.338709	I:	D:
59529	59990	+	3	1.352146	I:	D:
59993	60724	+	2	1.333908	I:	D:
60724	61587	+	1	1.335023	I:	D:
61709	62617	+	2	1.320050	I:	D:
62623	63645	+	1	1.337797	I:	D:
63755	64615	+	2	1.345293	I:	D:
64677	66029	+	3	1.330292	I:	D:
66121	67629	-	1	1.334767	I:	D:
67453	67593	+	1	1.367643	I:	D:
67610	69478	-	2	1.333915	I:	D:
69462	70454	-	3	1.309807	I:	D:
70762	72000	+	1	1.339436	I:	D:
71997	73244	+	3	1.338537	I:	D:
73249	73719	+	1	1.344366	I:	D:
73814	75106	-	2	1.324578	I:	D:
75108	75599	-	3	1.330448	I:	D:
75658	76683	-	1	1.308646	I:	D:
76944	78611	+	3	1.338002	I:	D:
79100	79687	+	2	1.322343	I:	D:
79711	79848	+	1	1.295541	I:	D:
79852	80040	+	1	1.291249	I:	D:
80254	80844	+	1	1.344496	I:	D:
80858	81670	+	2	1.360441	I:	D:
81805	82902	+	1	1.329777	I:	D:
82920	83510	+	3	1.355095	I:	D:
83592	85406	-	3	1.320695	I:	D:
85459	86412	-	1	1.348132	I:	D:
86477	88108	+	2	1.358482	I:	D:
88110	89006	+	3	1.346084	I:	D:
89088	90599	-	3	1.351310	I:	D:
90745	91755	+	1	1.365665	I:	D:
91763	92722	+	2	1.334360	I:	D:
92741	93460	+	2	1.335061	I:	D:
93467	94762	+	2	1.342460	I:	D:
94783	95739	+	1	1.346127	I:	D:
95777	96181	+	2	1.326577	I:	D:
96183	97841	+	3	1.341339	I:	D:
97871	98518	+	2	1.329262	I:	D:
98537	99349	+	2	1.327179	I:	D:
99356	99955	+	2	1.358838	I:	D:
100054	100425	-	1	1.338532	I:	D:
100474	101058	-	1	1.356033	I:	D:
101055	101648	-	3	1.321773	I:	D:
101818	102699	+	1	1.347569	I:	D:
102728	104224	+	2	1.317073	I:	D:
104217	108239	+	3	1.329363	I:	D:
108270	109070	+	3	1.330979	I:	D:
109094	110164	+	2	1.334129	I:	D:
110178	110753	+	3	1.347351	I:	D:
110797	111447	+	1	1.331798	I:	D:
111437	112222	+	2	1.351962	I:	D:
112262	114619	+	2	1.346680	I:	D:
114704	116521	+	2	1.325800	I:	D:
116559	118031	+	3	1.344634	I:	D:
118045	118842	+	1	1.335499	I:	D:
118854	119060	-	3	1.380809	I:	D:
118839	119900	+	3	1.352964	I:	D:
119987	121333	+	2	1.339481	I:	D:
121357	122199	+	1	1.345379	I:	D:
122202	123179	+	3	1.335783	I:	D:
123266	123754	-	2	1.349539	I:	D:
123751	123957	-	1	1.322494	I:	D:
124242	124874	+	3	1.333722	I:	D:
124915	126135	+	1	1.321473	I:	D:
126160	127380	+	1	1.320289	I:	D:
127661	127915	+	2	1.353393	I:	D:
128066	129670	-	2	1.349134	I:	D:
129821	130372	+	2	1.324245	I:	D:
130386	131444	+	3	1.338555	I:	D:
131620	133107	-	1	1.371920	I:	D:
133209	134285	+	3	1.360498	I:	D:
134380	135009	+	1	1.349324	I:	D:
135092	135304	+	2	1.357351	I:	D:
135526	136365	-	1	1.329356	I:	D:
136358	137170	-	2	1.348746	I:	D:
137177	138214	-	2	1.357064	I:	D:
138355	139518	+	1	1.313645	I:	D:
139605	141020	-	3	1.336201	I:	D:
141302	142024	+	2	1.348967	I:	D:
142053	142436	+	3	1.331542	I:	D:
142563	143414	+	3	1.340422	I:	D:
143439	144404	-	3	1.377923	I:	D:
144613	146154	+	1	1.330609	I:	D:
146267	146893	-	2	1.329488	I:	D:
146907	147689	-	3	1.336546	I:	D:
148310	149803	+	2	1.327829	I:	D:
149800	150945	+	1	1.330301	I:	D:
150938	155038	+	2	1.324585	I:	D:
155042	156325	+	2	1.317591	I:	D:
156380	157768	-	2	1.323999	I:	D:
157648	158049	+	1	1.386851	I:	D:
158090	158941	-	2	1.336746	I:	D:
159023	159562	+	2	1.338543	I:	D:
159783	160817	+	3	1.343085	I:	D:
160823	162679	+	2	1.343472	I:	D:
162681	163838	+	3	1.343675	I:	D:
163901	165235	+	2	1.336771	I:	D:
165295	165552	+	1	1.378928	I:	D:
165691	167583	-	1	1.336283	I:	D:
167583	169307	-	3	1.326913	I:	D:
169533	172415	+	3	1.332559	I:	D:
172473	173114	+	3	1.343247	I:	D:
173116	173592	+	1	1.315048	I:	D:
173596	173874	+	1	1.345177	I:	D:
173921	175282	+	2	1.315726	I:	D:
175315	176952	+	1	1.346061	I:	D:
177020	177187	-	2	1.382582	I:	D:
177313	178068	+	1	1.344147	I:	D:
178119	179081	+	3	1.307562	I:	D:
179085	179834	+	3	1.323665	I:	D:
179850	181004	+	3	1.343093	I:	D:
181040	182221	+	2	1.328332	I:	D:
182285	182518	-	2	1.311067	I:	D:
182657	184030	+	2	1.345365	I:	D:
184125	184385	+	3	1.301430	I:	D:
184694	185164	+	2	1.317775	I:	D:
185166	185444	+	3	1.318693	I:	D:
185475	187520	+	3	1.330012	I:	D:
187554	188162	+	3	1.331202	I:	D:
188166	188819	+	3	1.340457	I:	D:
188829	190055	+	3	1.334767	I:	D:
190075	190899	+	1	1.340209	I:	D:
190930	193878	+	1	1.338699	I:	D:
193895	194809	+	2	1.309363	I:	D:
194824	195474	+	1	1.354373	I:	D:
195516	196283	+	3	1.341375	I:	D:
196338	197726	+	3	1.333076	I:	D:
197899	199431	+	1	1.315312	I:	D:
199428	200117	+	3	1.310669	I:	D:
200475	203108	+	3	1.323143	I:	D:
203297	204376	-	2	1.333929	I:	D:
204490	204717	+	1	1.319133	I:	D:
204804	205043	+	3	1.336779	I:	D:
>Y5.M004_12
508	846	-	1	1.331543	I:	D:
876	1031	+	3	1.341182	I:	D:
1189	2079	-	1	1.298448	I:	D:
2114	2731	-	2	1.300122	I:	D:
2971	3147	+	1	1.348754	I:	D:
3175	4044	-	1	1.294979	I:	D:
4061	4678	-	2	1.354858	I:	D:
4632	5354	-	3	1.326203	I:	D:
5401	6651	-	1	1.338732	I:	D:
6699	7085	-	3	1.332564	I:	D:
7094	7288	-	2	1.317089	I:	D:
7315	7845	-	1	1.355386	I:	D:
7859	8830	-	2	1.365168	I:	D:
8921	9400	-	2	1.338876	I:	D:
9397	9894	-	1	1.334075	I:	D:
9900	10733	-	3	1.342624	I:	D:
10730	11491	-	2	1.357356	I:	D:
11494	11823	-	1	1.342660	I:	D:
11823	12569	-	3	1.337650	I:	D:
12976	13686	-	1	1.338007	I:	D:
13745	14488	-	2	1.334862	I:	D:
14578	15006	-	1	1.335316	I:	D:
15243	16643	+	3	1.337057	I:	D:
17341	17538	+	1	1.322549	I:	D:
17676	18557	-	3	1.330359	I:	D:
18560	19324	-	2	1.317588	I:	D:
19401	19910	-	3	1.320114	I:	D:
19988	20152	+	2	1.362764	I:	D:
20178	20351	-	3	1.355214	I:	D:
20545	22188	+	1	1.324219	I:	D:
22710	23702	-	3	1.322309	I:	D:
23641	23796	+	1	1.311770	I:	D:
23902	25539	+	1	1.344072	I:	D:
25629	25919	+	3	1.342274	I:	D:
26074	26727	-	1	1.319079	I:	D:
26728	28089	-	1	1.319114	I:	D:
28246	28395	+	1	1.347115	I:	D:
28484	36886	-	2	1.318943	I:	D:
31994	32623	+	2	1.382401	I:	D:
32678	33127	+	2	1.376023	I:	D:
33182	33577	+	2	1.380719	I:	D:
33639	33770	+	3	1.380670	I:	D:
34025	34264	+	2	1.358682	I:	D:
34655	34933	+	2	1.355709	I:	D:
34951	35079	+	1	1.383917	I:	D:
35129	35419	+	2	1.404881	I:	D:
35527	35667	+	1	1.392252	I:	D:
35646	35939	+	3	1.360025	I:	D:
36175	36330	+	1	1.378829	I:	D:
36677	36907	+	2	1.374782	I:	D:
37292	38464	+	2	1.354757	I:	D:
38467	39645	-	1	1.347372	I:	D:
39683	40222	-	2	1.332182	I:	D:
40440	41402	-	3	1.352984	I:	D:
41566	42414	-	1	1.320921	I:	D:
42447	43316	-	3	1.330431	I:	D:
43361	44740	-	2	1.330998	I:	D:
44910	45851	+	3	1.347980	I:	D:
45975	46883	-	3	1.339179	I:	D:
47000	48307	-	2	1.336408	I:	D:
48304	48807	-	1	1.320474	I:	D:
48809	49831	-	2	1.312944	I:	D:
49933	50772	-	1	1.326127	I:	D:
50769	52208	-	3	1.332120	I:	D:
52338	52556	-	3	1.349299	I:	D:
52732	52932	+	1	1.328850	I:	D:
52952	53659	-	2	1.326600	I:	D:
53768	54589	-	2	1.317529	I:	D:
54619	55461	-	1	1.344920	I:	D:
55714	56952	+	1	1.322711	I:	D:
56949	57893	+	3	1.358920	I:	D:
57934	58185	+	1	1.379134	I:	D:
58193	58390	+	2	1.369512	I:	D:
58698	60050	-	3	1.340745	I:	D:
60180	60749	+	3	1.309983	I:	D:
60831	61574	-	3	1.338529	I:	D:
61600	62826	-	1	1.317840	I:	D:
63131	63277	-	2	1.350537	I:	D:
63367	64440	+	1	1.333921	I:	D:
64511	65353	-	2	1.332291	I:	D:
65445	66149	-	3	1.344093	I:	D:
66100	66813	-	1	1.360277	I:	D:
66940	68130	-	1	1.335018	I:	D:
68368	70137	+	1	1.346378	I:	D:
70142	70387	-	2	1.343428	I:	D:
70500	71462	+	3	1.320936	I:	D:
71496	71726	+	3	1.356179	I:	D:
71784	72806	+	3	1.323482	I:	D:
72827	73483	+	2	1.328549	I:	D:
73591	75330	-	1	1.316521	I:	D:
75575	76723	-	2	1.330652	I:	D:
76870	77442	-	1	1.327914	I:	D:
77516	79741	-	2	1.329471	I:	D:
79731	81938	-	3	1.336442	I:	D:
81975	82778	-	3	1.329744	I:	D:
82946	83581	+	2	1.321110	I:	D:
83693	84925	+	2	1.327033	I:	D:
84928	85098	+	1	1.320992	I:	D:
85251	86573	+	3	1.335597	I:	D:
86630	87475	+	2	1.316387	I:	D:
87816	88493	-	3	1.354323	I:	D:
88502	89212	-	2	1.352676	I:	D:
89245	91455	-	1	1.349109	I:	D:
91452	92357	-	3	1.327462	I:	D:
92416	93276	-	1	1.325451	I:	D:
93298	96513	-	1	1.330238	I:	D:
96517	97650	-	1	1.342717	I:	D:
97647	99530	-	3	1.328596	I:	D:
99568	101733	-	1	1.339033	I:	D:
101799	103175	-	3	1.329739	I:	D:
103201	105798	-	1	1.337897	I:	D:
105903	106349	-	3	1.321823	I:	D:
106430	107434	-	2	1.345982	I:	D:
107574	109070	-	3	1.322340	I:	D:
109186	109680	-	1	1.299203	I:	D:
109807	112125	+	1	1.356325	I:	D:
112224	113852	+	3	1.330204	I:	D:
113870	114796	+	2	1.345021	I:	D:
114965	116152	+	2	1.321855	I:	D:
116179	116349	+	1	1.369590	I:	D:
116446	116769	+	1	1.391470	I:	D:
116888	118228	-	2	1.335305	I:	D:
118625	119194	-	2	1.334581	I:	D:
119310	120086	-	3	1.322304	I:	D:
120129	121118	-	3	1.346119	I:	D:
121181	122221	-	2	1.336486	I:	D:
122218	125244	-	1	1.353295	I:	D:
125241	126491	-	3	1.351216	I:	D:
126757	127587	+	1	1.332053	I:	D:
127609	131463	-	1	1.334724	I:	D:
131444	134932	-	2	1.347437	I:	D:
134988	135434	+	3	1.330169	I:	D:
135575	137965	-	2	1.341138	I:	D:
138136	139398	-	1	1.340454	I:	D:
139407	140444	-	3	1.350999	I:	D:
140447	140965	-	2	1.313905	I:	D:
141046	141546	-	1	1.353098	I:	D:
141565	142026	-	1	1.311740	I:	D:
142053	142229	-	3	1.373306	I:	D:
142477	142845	-	1	1.323652	I:	D:
142963	143301	+	1	1.351896	I:	D:
143358	145490	-	3	1.331967	I:	D:
145644	147050	-	3	1.337585	I:	D:
147172	147864	-	1	1.367174	I:	D:
147895	148524	-	1	1.313582	I:	D:
148528	149328	-	1	1.301820	I:	D:
149331	150206	-	3	1.358091	I:	D:
150356	150766	+	2	1.337938	I:	D:
150835	151107	+	1	1.331792	I:	D:
151108	151263	+	1	1.301818	I:	D:
151489	152727	-	1	1.322751	I:	D:
152720	153610	-	2	1.302872	I:	D:
153665	154891	-	2	1.325012	I:	D:
154905	155369	-	3	1.335322	I:	D:
155432	156475	-	2	1.335086	I:	D:
156721	157953	+	1	1.323185	I:	D:
158367	159065	-	3	1.337871	I:	D:
159141	159821	-	3	1.330563	I:	D:
159899	161233	-	2	1.322309	I:	D:
161292	162590	-	3	1.338678	I:	D:
162606	163451	-	3	1.332736	I:	D:
163467	164393	-	3	1.337725	I:	D:
164397	165431	-	3	1.322379	I:	D:
165447	166379	-	3	1.322091	I:	D:
166404	167480	-	3	1.335896	I:	D:
167998	168477	+	1	1.349079	I:	D:
168608	169612	-	2	1.321779	I:	D:
169698	171776	-	3	1.358708	I:	D:
171858	172673	-	3	1.314377	I:	D:
172657	173445	-	1	1.318360	I:	D:
173467	173973	-	1	1.318783	I:	D:
173977	175167	-	1	1.339577	I:	D:
175208	175651	-	2	1.302355	I:	D:
176210	176833	-	2	1.314226	I:	D:
176860	177912	-	1	1.350014	I:	D:
177984	178304	-	3	1.325123	I:	D:
178326	179843	-	3	1.335192	I:	D:
179810	180088	+	2	1.363753	I:	D:
>Y5.M004_13
280	1470	-	1	1.351990	I:	D:
2008	2148	-	1	1.249055	I:	D:
2175	2402	-	3	1.311361	I:	D:
2405	2731	-	2	1.330298	I:	D:
2750	3496	-	2	1.308692	I:	D:
3644	3865	+	2	1.314027	I:	D:
3933	4304	-	3	1.285677	I:	D:
4496	4696	+	2	1.315647	I:	D:
4740	5279	+	3	1.339045	I:	D:
5575	6057	-	1	1.310220	I:	D:
6138	6356	+	3	1.344527	I:	D:
6337	6561	+	1	1.341737	I:	D:
6579	6773	+	3	1.332128	I:	D:
6883	7080	+	1	1.290079	I:	D:
7077	7271	+	3	1.329836	I:	D:
7272	7919	+	3	1.335571	I:	D:
7942	8538	+	1	1.330284	I:	D:
8541	9077	+	3	1.364865	I:	D:
9061	9816	+	1	1.336753	I:	D:
9813	9986	+	3	1.398885	I:	D:
9803	11641	+	2	1.351404	I:	D:
11634	11912	+	3	1.364536	I:	D:
11950	12405	+	1	1.377637	I:	D:
12513	12845	+	3	1.303739	I:	D:
12964	13701	+	1	1.382706	I:	D:
13931	14248	+	2	1.326856	I:	D:
14438	14584	+	2	1.352309	I:	D:
14581	14826	+	1	1.409037	I:	D:
14831	15061	+	2	1.407961	I:	D:
15067	15492	+	1	1.364807	I:	D:
15572	15757	+	2	1.362534	I:	D:
15912	16271	+	3	1.328610	I:	D:
16354	16785	+	1	1.334519	I:	D:
17345	17722	+	2	1.330788	I:	D:
17804	18553	+	2	1.317779	I:	D:
18543	19982	+	3	1.341462	I:	D:
19993	21474	+	1	1.333120	I:	D:
21474	23066	+	3	1.332220	I:	D:
23274	23615	+	3	1.331224	I:	D:
23812	24366	-	1	1.321660	I:	D:
24472	24651	+	1	1.280990	I:	D:
24654	25550	+	3	1.335831	I:	D:
25552	25755	+	1	1.309970	I:	D:
26078	26731	+	2	1.318436	I:	D:
26735	27685	+	2	1.319143	I:	D:
27695	27886	+	2	1.307354	I:	D:
27897	28250	+	3	1.345589	I:	D:
28243	28578	+	1	1.386158	I:	D:
28575	29081	+	3	1.348282	I:	D:
29116	29484	+	1	1.335080	I:	D:
29488	30537	+	1	1.329718	I:	D:
30551	31030	+	2	1.333599	I:	D:
31050	31454	+	3	1.318922	I:	D:
31656	33737	+	3	1.327581	I:	D:
33737	34399	+	2	1.323944	I:	D:
34459	35379	+	1	1.341721	I:	D:
35435	35653	+	2	1.346029	I:	D:
35653	36039	+	1	1.348122	I:	D:
36036	37064	+	3	1.329303	I:	D:
37099	37584	+	1	1.343149	I:	D:
37581	38447	+	3	1.331945	I:	D:
38461	38745	-	1	1.346673	I:	D:
38826	39113	+	3	1.297612	I:	D:
39223	39402	+	1	1.334549	I:	D:
39420	39650	+	3	1.351788	I:	D:
39744	39947	+	3	1.345110	I:	D:
40095	40268	-	3	1.340898	I:	D:
40388	41254	+	2	1.346559	I:	D:
41620	41787	+	1	1.346121	I:	D:
42291	42869	+	3	1.313442	I:	D:
43240	43620	+	1	1.303130	I:	D:
43826	44308	+	2	1.317644	I:	D:
44330	45595	+	2	1.341876	I:	D:
45610	45837	+	1	1.290825	I:	D:
45830	46741	+	2	1.330579	I:	D:
46771	48684	+	1	1.337236	I:	D:
48703	49530	+	1	1.318305	I:	D:
49551	50390	+	3	1.360225	I:	D:
50445	50897	+	3	1.310725	I:	D:
50903	52579	+	2	1.330731	I:	D:
52615	53937	+	1	1.360152	I:	D:
54152	54982	+	2	1.309215	I:	D:
55084	56526	+	1	1.335179	I:	D:
56582	57040	+	2	1.333566	I:	D:
57181	57804	+	1	1.341956	I:	D:
57797	58582	+	2	1.320491	I:	D:
58609	59601	+	1	1.316991	I:	D:
59762	60901	-	2	1.337252	I:	D:
60874	61227	+	1	1.370103	I:	D:
61279	62310	+	1	1.345838	I:	D:
62431	62682	+	1	1.310956	I:	D:
62762	64978	+	2	1.343949	I:	D:
65059	65523	+	1	1.313791	I:	D:
65538	65708	+	3	1.348301	I:	D:
66693	66863	+	3	1.345650	I:	D:
67032	67703	+	3	1.365136	I:	D:
67785	69422	+	3	1.321084	I:	D:
69436	70623	+	1	1.331246	I:	D:
70620	71753	+	3	1.357689	I:	D:
71905	72057	+	1	1.366582	I:	D:
72170	73045	+	2	1.344415	I:	D:
73107	73271	+	3	1.352528	I:	D:
73299	75098	-	3	1.333813	I:	D:
75143	76720	-	2	1.340685	I:	D:
76921	77202	+	1	1.324171	I:	D:
77226	77507	-	3	1.379744	I:	D:
77524	78093	+	1	1.350187	I:	D:
78108	78959	+	3	1.327315	I:	D:
79220	80560	+	2	1.306013	I:	D:
80649	81545	+	3	1.334540	I:	D:
81535	82359	+	1	1.319408	I:	D:
82372	83463	+	1	1.331620	I:	D:
83483	84280	+	2	1.335853	I:	D:
84315	85991	+	3	1.323422	I:	D:
85991	87154	+	2	1.318607	I:	D:
87165	87965	+	3	1.329625	I:	D:
87973	88641	+	1	1.350000	I:	D:
88698	90278	-	3	1.379104	I:	D:
90435	91619	+	3	1.329267	I:	D:
91652	92089	+	2	1.306593	I:	D:
92086	93162	+	1	1.353352	I:	D:
93159	94457	+	3	1.343369	I:	D:
94614	95450	+	3	1.306968	I:	D:
95583	96407	+	3	1.322259	I:	D:
96404	99133	+	2	1.344648	I:	D:
99176	100300	+	2	1.357205	I:	D:
100425	101267	+	3	1.328207	I:	D:
101291	102004	+	2	1.323929	I:	D:
102021	102758	-	3	1.360534	I:	D:
102951	103313	+	3	1.334672	I:	D:
103318	104022	+	1	1.345839	I:	D:
104123	106528	+	2	1.343592	I:	D:
106549	107385	+	1	1.340778	I:	D:
107719	108006	+	1	1.325775	I:	D:
108025	109026	+	1	1.328634	I:	D:
109028	109312	+	2	1.343081	I:	D:
109330	109626	+	1	1.326020	I:	D:
109662	109973	+	3	1.319635	I:	D:
109999	111369	+	1	1.341772	I:	D:
111399	113954	+	3	1.335110	I:	D:
113985	114911	+	3	1.345373	I:	D:
114928	115278	+	1	1.331708	I:	D:
115275	115754	+	3	1.358496	I:	D:
115757	116899	+	2	1.340750	I:	D:
116896	117600	+	1	1.358725	I:	D:
117585	118427	+	3	1.318835	I:	D:
118433	118738	+	2	1.347966	I:	D:
118732	119001	+	1	1.332451	I:	D:
119028	119666	+	3	1.322899	I:	D:
119679	120425	+	3	1.333536	I:	D:
120461	122092	+	2	1.329479	I:	D:
122104	122754	+	1	1.344249	I:	D:
122839	123123	+	1	1.321229	I:	D:
123226	124395	-	1	1.323103	I:	D:
124443	125807	-	3	1.329337	I:	D:
126003	126311	+	3	1.321987	I:	D:
>Y5.M004_14
73	1083	-	1	1.337423	I:	D:
1111	1803	-	1	1.327669	I:	D:
1854	1994	+	3	1.345877	I:	D:
2094	14378	-	3	1.339271	I:	D:
14717	15847	-	2	1.339309	I:	D:
15866	17056	-	2	1.319029	I:	D:
17076	18287	-	3	1.325448	I:	D:
18256	19023	-	1	1.350052	I:	D:
19026	20387	-	3	1.321540	I:	D:
20551	22140	-	1	1.340894	I:	D:
22244	23038	-	2	1.361955	I:	D:
23035	24051	-	1	1.355788	I:	D:
24102	25136	-	3	1.319947	I:	D:
25158	25379	+	3	1.398865	I:	D:
25478	26440	-	2	1.345823	I:	D:
26480	28123	-	2	1.337600	I:	D:
28139	28975	-	2	1.336219	I:	D:
28975	29862	-	1	1.348123	I:	D:
29887	30990	-	1	1.340245	I:	D:
31225	32619	-	1	1.327409	I:	D:
32717	35935	-	2	1.344783	I:	D:
35970	37124	-	3	1.340264	I:	D:
37144	40203	-	1	1.352525	I:	D:
40377	41318	+	3	1.335459	I:	D:
41422	43230	+	1	1.322942	I:	D:
43346	44836	-	2	1.352589	I:	D:
45053	46675	-	2	1.309474	I:	D:
46721	47005	-	2	1.316234	I:	D:
47204	48793	-	2	1.347109	I:	D:
48944	49633	+	2	1.343701	I:	D:
49774	50436	+	1	1.296921	I:	D:
50488	51369	-	1	1.341441	I:	D:
51415	52815	-	1	1.348384	I:	D:
52946	54658	-	2	1.329228	I:	D:
54853	55557	+	1	1.340713	I:	D:
55554	55895	+	3	1.342039	I:	D:
56149	56697	-	1	1.342240	I:	D:
56818	57762	-	1	1.356172	I:	D:
57841	58902	-	1	1.329057	I:	D:
58918	59391	-	1	1.327589	I:	D:
59417	59827	-	2	1.316683	I:	D:
59824	60354	-	1	1.338440	I:	D:
60366	60698	-	3	1.348882	I:	D:
60711	61769	-	3	1.309878	I:	D:
61787	62755	-	2	1.330925	I:	D:
62779	63522	-	1	1.320246	I:	D:
63537	63992	-	3	1.324102	I:	D:
63977	65386	-	2	1.318796	I:	D:
65425	65973	-	1	1.338627	I:	D:
66050	66976	-	2	1.372618	I:	D:
67587	68009	+	3	1.310240	I:	D:
68070	69995	-	3	1.320338	I:	D:
69999	70919	-	3	1.322505	I:	D:
71094	71969	-	3	1.330785	I:	D:
72187	72852	+	1	1.319936	I:	D:
72932	73969	-	2	1.338648	I:	D:
73997	74482	-	2	1.360880	I:	D:
74598	75530	+	3	1.317020	I:	D:
75664	78882	-	1	1.322607	I:	D:
78882	79955	-	3	1.331197	I:	D:
80212	80682	-	1	1.321329	I:	D:
80830	82080	-	1	1.352377	I:	D:
82181	82759	-	2	1.338155	I:	D:
82889	84904	-	2	1.349069	I:	D:
84945	86153	-	3	1.351606	I:	D:
86169	87005	-	3	1.332494	I:	D:
87021	88100	-	3	1.328288	I:	D:
88178	89530	-	2	1.320189	I:	D:
89797	91656	+	1	1.349867	I:	D:
91653	93281	+	3	1.331878	I:	D:
93286	95103	+	1	1.347227	I:	D:
95125	98208	-	1	1.355743	I:	D:
98198	100015	-	2	1.349685	I:	D:
100160	100945	-	2	1.338163	I:	D:
101169	102008	-	3	1.343570	I:	D:
102018	102566	-	3	1.354258	I:	D:
102597	103928	-	3	1.352328	I:	D:
104058	104972	-	3	1.344660	I:	D:
105094	105957	+	1	1.368879	I:	D:
106181	108217	-	2	1.320307	I:	D:
108382	108849	-	1	1.360734	I:	D:
108938	109123	+	2	1.348735	I:	D:
109209	109961	-	3	1.324925	I:	D:
109767	109901	+	3	1.321981	I:	D:
109961	110758	-	2	1.324551	I:	D:
110807	111682	-	2	1.320751	I:	D:
111718	111852	+	1	1.320617	I:	D:
111884	112768	-	2	1.313534	I:	D:
112765	113625	-	1	1.343021	I:	D:
113779	115020	+	1	1.330572	I:	D:
115086	116537	-	3	1.346165	I:	D:
116646	117476	-	3	1.327993	I:	D:
117536	118399	-	2	1.335035	I:	D:
118785	120872	-	3	1.329586	I:	D:
120873	121169	-	3	1.299103	I:	D:
121389	121652	-	3	1.320062	I:	D:
121731	122168	-	3	1.316890	I:	D:
122490	124505	-	3	1.328007	I:	D:
124566	124793	-	3	1.293729	I:	D:
124981	126042	-	1	1.347732	I:	D:
126069	126365	-	3	1.350776	I:	D:
>Y5.M004_15
2	322	+	2	1.333488	I:	D:
351	548	-	3	1.348334	I:	D:
564	797	+	3	1.321914	I:	D:
909	2108	+	3	1.336016	I:	D:
2294	2761	+	2	1.351943	I:	D:
2985	4349	-	3	1.327306	I:	D:
4342	4794	-	1	1.346208	I:	D:
4951	5928	+	1	1.312308	I:	D:
5943	6506	+	3	1.337772	I:	D:
6563	6826	-	2	1.343642	I:	D:
7057	8118	+	1	1.345487	I:	D:
8247	9512	+	3	1.336354	I:	D:
9567	11381	+	3	1.330685	I:	D:
11406	12602	+	3	1.346527	I:	D:
12619	14118	+	1	1.336193	I:	D:
14124	14429	-	3	1.331200	I:	D:
14430	15137	-	3	1.347421	I:	D:
15155	16162	-	2	1.328388	I:	D:
16357	16842	+	1	1.340742	I:	D:
16854	17804	+	3	1.311541	I:	D:
17848	19245	+	1	1.336961	I:	D:
19303	19485	+	1	1.330904	I:	D:
19502	20341	+	2	1.346070	I:	D:
20341	21024	+	1	1.343297	I:	D:
21176	21682	+	2	1.336054	I:	D:
21711	22730	+	3	1.324835	I:	D:
22833	23102	+	3	1.317309	I:	D:
23153	24073	-	2	1.315257	I:	D:
24138	25442	+	3	1.325933	I:	D:
25494	25979	+	3	1.330762	I:	D:
26038	26166	+	1	1.303984	I:	D:
26521	26805	+	1	1.331778	I:	D:
27041	28318	+	2	1.328427	I:	D:
28397	28672	-	2	1.318506	I:	D:
28745	29878	+	2	1.339429	I:	D:
30040	31179	+	1	1.345918	I:	D:
31289	31810	+	2	1.318120	I:	D:
31832	33016	+	2	1.321674	I:	D:
33034	33309	+	1	1.336382	I:	D:
33296	33631	+	2	1.341394	I:	D:
33618	36464	+	3	1.331261	I:	D:
36504	36884	+	3	1.331068	I:	D:
36885	37853	+	3	1.329678	I:	D:
37854	38810	+	3	1.353086	I:	D:
38807	39748	+	2	1.334277	I:	D:
39889	40155	+	1	1.322894	I:	D:
40349	42442	+	2	1.323647	I:	D:
42534	43982	+	3	1.335966	I:	D:
43984	45900	+	1	1.338883	I:	D:
45870	46430	+	3	1.329699	I:	D:
46547	46867	+	2	1.320306	I:	D:
47072	47752	+	2	1.317383	I:	D:
47749	49272	+	1	1.320854	I:	D:
49405	50700	+	1	1.327938	I:	D:
>Y5.M004_16
85	1047	+	1	1.331535	I:	D:
1037	1312	+	2	1.292022	I:	D:
1338	3065	-	3	1.324693	I:	D:
3311	5260	+	2	1.311647	I:	D:
5205	5813	+	3	1.310586	I:	D:
5942	6886	+	2	1.321656	I:	D:
6935	7612	+	2	1.346414	I:	D:
7602	8363	+	3	1.336037	I:	D:
8368	9825	+	1	1.340225	I:	D:
10231	10404	+	1	1.349476	I:	D:
11244	11684	-	3	1.329694	I:	D:
11867	13378	+	2	1.339077	I:	D:
13456	14223	+	1	1.357733	I:	D:
14216	15019	+	2	1.353230	I:	D:
15143	16399	+	2	1.331426	I:	D:
16406	17893	-	2	1.334261	I:	D:
18017	18193	-	2	1.305832	I:	D:
18386	19774	+	2	1.345542	I:	D:
19870	21204	-	1	1.332933	I:	D:
21264	22496	-	3	1.346959	I:	D:
22516	23418	-	1	1.337195	I:	D:
23476	24147	-	1	1.343510	I:	D:
24163	25305	-	1	1.313268	I:	D:
25402	26577	-	1	1.331089	I:	D:
26709	27674	-	3	1.329512	I:	D:
27682	28515	-	1	1.340548	I:	D:
28531	29259	-	1	1.342189	I:	D:
29395	29550	+	1	1.363193	I:	D:
29768	30283	-	2	1.355798	I:	D:
30324	31511	-	3	1.330647	I:	D:
31508	32269	-	2	1.334555	I:	D:
32337	33326	-	3	1.319905	I:	D:
33352	34062	-	1	1.338441	I:	D:
34101	35087	-	3	1.330442	I:	D:
35084	36103	-	2	1.346820	I:	D:
36301	36678	-	1	1.320546	I:	D:
36702	36902	-	3	1.357538	I:	D:
>Y5.M004_17
363	545	+	3	1.377936	I:	D:
690	881	+	3	1.362107	I:	D:
1471	1635	-	1	1.361147	I:	D:
2153	2386	+	2	1.361710	I:	D:
2754	5600	-	3	1.344693	I:	D:
5673	5957	-	3	1.339952	I:	D:
6082	7971	-	1	1.320221	I:	D:
8155	8904	-	1	1.331333	I:	D:
8894	9586	-	2	1.320178	I:	D:
9768	10610	-	3	1.300796	I:	D:
10748	11599	-	2	1.325308	I:	D:
11630	12271	-	2	1.309511	I:	D:
12496	13218	-	1	1.326679	I:	D:
13215	13547	-	3	1.314652	I:	D:
13544	14941	-	2	1.347935	I:	D:
14954	15376	-	2	1.316390	I:	D:
15431	15778	-	2	1.375604	I:	D:
15972	16493	+	3	1.324577	I:	D:
16497	17054	+	3	1.337699	I:	D:
17090	17467	+	2	1.326925	I:	D:
17482	19272	+	1	1.325513	I:	D:
19290	21035	+	3	1.327959	I:	D:
21138	23666	-	3	1.328189	I:	D:
23638	24348	-	1	1.334072	I:	D:
24497	26869	-	2	1.324137	I:	D:
26916	27794	-	3	1.352517	I:	D:
27964	29130	-	1	1.339608	I:	D:
29127	31061	-	3	1.340358	I:	D:
31298	32716	-	2	1.337269	I:	D:
32713	33798	-	1	1.318051	I:	D:
33880	34878	-	1	1.352152	I:	D:
34875	35867	-	3	1.333788	I:	D:
35882	36790	-	2	1.329446	I:	D:
36798	37730	-	3	1.339058	I:	D:
37805	39490	-	2	1.335531	I:	D:
39558	39983	-	3	1.367607	I:	D:
39990	40925	-	3	1.321324	I:	D:
40932	41987	-	3	1.325658	I:	D:
41998	42930	-	1	1.343778	I:	D:
42927	43877	-	3	1.334293	I:	D:
43881	45860	-	3	1.322209	I:	D:
46047	46739	-	3	1.351095	I:	D:
46820	48271	-	2	1.343999	I:	D:
48366	49544	-	3	1.322579	I:	D:
49548	51551	-	3	1.345628	I:	D:
51554	51823	-	2	1.348683	I:	D:
52024	52881	+	1	1.347678	I:	D:
52907	53281	-	2	1.331570	I:	D:
53449	53865	+	1	1.388592	I:	D:
53862	54134	+	3	1.314638	I:	D:
54134	54751	+	2	1.322387	I:	D:
54759	55346	-	3	1.354541	I:	D:
55359	56096	-	3	1.340748	I:	D:
56105	57232	-	2	1.317262	I:	D:
57433	59160	-	1	1.341616	I:	D:
59265	59747	-	3	1.360894	I:	D:
59859	61340	-	3	1.334367	I:	D:
61365	61598	-	3	1.312870	I:	D:
61618	63033	-	1	1.352501	I:	D:
63030	63998	-	3	1.345954	I:	D:
63995	64624	-	2	1.379686	I:	D:
64648	65433	+	1	1.327664	I:	D:
65438	68245	+	2	1.318781	I:	D:
68238	68552	+	3	1.337959	I:	D:
68632	69171	-	1	1.304003	I:	D:
69192	69773	-	3	1.346803	I:	D:
69793	71463	-	1	1.323835	I:	D:
71780	73210	-	2	1.322024	I:	D:
73307	74857	-	2	1.342530	I:	D:
74935	75813	-	1	1.355294	I:	D:
75946	78216	+	1	1.311788	I:	D:
78296	78439	-	2	1.296709	I:	D:
78504	78980	-	3	1.372042	I:	D:
79102	80940	-	1	1.330795	I:	D:
80983	81501	-	1	1.368983	I:	D:
