>YA4_13
3	176	+	3	1.360631	I:	D:
644	1573	+	2	1.328097	I:	D:
1577	1924	+	2	1.235216	I:	D:
1928	2059	+	2	1.264603	I:	D:
2191	3057	-	1	1.354523	I:	D:
3274	4923	+	1	1.315246	I:	D:
>YA4_206
132	536	+	3	1.281765	I:	D:
599	1768	+	2	1.329235	I:	D:
1743	1991	+	3	1.271696	I:	D:
1988	2872	+	2	1.323720	I:	D:
2887	4770	+	1	1.308194	I:	D:
>YA4_225
1	1353	+	1	1.317847	I:	D:
1373	1981	+	2	1.282190	I:	D:
1971	2543	+	3	1.300266	I:	D:
2555	4216	+	2	1.314659	I:	D:
4240	4812	+	1	1.327384	I:	D:
>YA4_285
2	169	-	2	1.273904	I:	D:
186	503	-	3	1.328867	I:	D:
487	762	-	1	1.331986	I:	D:
785	1981	-	2	1.270262	I:	D:
1997	2464	-	2	1.290702	I:	D:
2609	3886	-	2	1.319729	I:	D:
4083	4448	+	3	1.293130	I:	D:
4533	4775	-	3	1.292843	I:	D:
>YA4_419
299	1654	+	2	1.337715	I:	D:
1875	2744	-	3	1.331866	I:	D:
2748	3422	-	3	1.329178	I:	D:
3453	4490	-	3	1.332427	I:	D:
>YA4_451
327	2603	-	3	1.311250	I:	D:
2974	4362	-	1	1.297158	I:	D:
>YA4_704
454	1008	+	1	1.342832	I:	D:
1253	2050	+	2	1.319980	I:	D:
2127	2417	+	3	1.291598	I:	D:
2496	3635	+	3	1.349184	I:	D:
3641	4036	+	2	1.351941	I:	D:
4038	4370	+	3	1.321385	I:	D:
4408	4572	-	1	1.354713	I:	D:
>YA4_722
146	1186	-	2	1.322123	I:	D:
1207	1584	-	1	1.305534	I:	D:
1836	3011	-	3	1.343023	I:	D:
3272	4465	+	2	1.304745	I:	D:
>YA4_723
1	162	+	1	1.420494	I:	D:
187	342	+	1	1.429740	I:	D:
529	696	-	1	1.298218	I:	D:
812	1705	+	2	1.288400	I:	D:
1871	3085	+	2	1.313120	I:	D:
3248	4564	+	2	1.346555	I:	D:
>YA4_762
3	737	-	3	1.303272	I:	D:
759	1262	-	3	1.256427	I:	D:
1262	2572	-	2	1.297282	I:	D:
2596	3519	-	1	1.320884	I:	D:
3681	3995	-	3	1.322875	I:	D:
4217	4546	-	2	1.249447	I:	D:
>YA4_1005
2	2128	+	2	1.318494	I:	D:
2232	2567	-	3	1.372500	I:	D:
2514	3191	+	3	1.248311	I:	D:
3124	4164	+	1	1.295356	I:	D:
>YA4_1181
115	1149	-	1	1.367472	I:	D:
1165	1767	-	1	1.316655	I:	D:
2115	3245	-	3	1.299662	I:	D:
3289	3804	-	1	1.324076	I:	D:
3825	4349	-	3	1.316196	I:	D:
>YA4_1195
26	565	+	2	1.290561	I:	D:
592	1122	+	1	1.306223	I:	D:
1187	1462	+	2	1.301124	I:	D:
1476	2642	+	3	1.330782	I:	D:
2905	4215	+	1	1.313399	I:	D:
>YA4_1391
49	351	+	1	1.238521	I:	D:
416	544	+	2	1.336735	I:	D:
593	1789	-	2	1.325349	I:	D:
2127	3095	-	3	1.351375	I:	D:
3259	4170	+	1	1.315925	I:	D:
>YA4_1488
1	1161	+	1	1.307272	I:	D:
1373	1870	+	2	1.303445	I:	D:
1867	2811	+	1	1.310958	I:	D:
2808	3353	+	3	1.311296	I:	D:
3461	3829	-	2	1.367049	I:	D:
>YA4_1585
98	1627	+	2	1.324790	I:	D:
1624	2022	+	1	1.320894	I:	D:
2103	2933	-	3	1.251246	I:	D:
2999	3382	-	2	1.223514	I:	D:
3468	3650	-	3	1.258344	I:	D:
>YA4_1608
81	980	-	3	1.351018	I:	D:
977	1657	-	2	1.333468	I:	D:
1688	2812	-	2	1.302910	I:	D:
3091	3945	-	1	1.320241	I:	D:
3977	4165	+	2	1.312112	I:	D:
>YA4_1696
93	998	-	3	1.314757	I:	D:
1534	2364	+	1	1.357180	I:	D:
2661	3650	-	3	1.276779	I:	D:
>YA4_1739
205	912	-	1	1.321223	I:	D:
925	1686	-	1	1.312862	I:	D:
1697	2965	-	2	1.324779	I:	D:
2967	3518	-	3	1.311064	I:	D:
3554	4117	-	2	1.346730	I:	D:
>YA4_1816
246	428	-	3	1.311898	I:	D:
496	2229	-	1	1.317475	I:	D:
2273	3733	-	2	1.305458	I:	D:
3868	4017	+	1	1.356929	I:	D:
>YA4_1838
3	1100	+	3	1.326485	I:	D:
1343	3037	+	2	1.322822	I:	D:
3059	3766	+	2	1.280207	I:	D:
>YA4_2156
3	143	-	3	1.232912	I:	D:
351	1751	-	3	1.327933	I:	D:
1726	3093	-	1	1.366905	I:	D:
3110	3961	-	2	1.343545	I:	D:
>YA4_2196
210	470	-	3	1.289421	I:	D:
474	1004	-	3	1.325064	I:	D:
1369	2319	+	1	1.279759	I:	D:
2316	3047	+	3	1.353558	I:	D:
3113	3421	-	2	1.341973	I:	D:
3518	3736	+	2	1.333889	I:	D:
>YA4_2211
2	712	+	2	1.345509	I:	D:
1188	1478	-	3	1.289289	I:	D:
1533	2648	-	3	1.331886	I:	D:
2645	3940	-	2	1.332682	I:	D:
>YA4_2244
328	1371	-	1	1.346735	I:	D:
1482	2318	+	3	1.332422	I:	D:
2419	3024	+	1	1.291545	I:	D:
3029	3928	+	2	1.329494	I:	D:
>YA4_2346
181	1161	-	1	1.339803	I:	D:
1379	2296	-	2	1.321929	I:	D:
2550	3662	+	3	1.317215	I:	D:
3739	3894	+	1	1.388736	I:	D:
>YA4_2356
177	587	-	3	1.257763	I:	D:
859	1515	-	1	1.342733	I:	D:
1739	2674	+	2	1.343165	I:	D:
3063	3272	-	3	1.276879	I:	D:
3409	3618	+	1	1.213766	I:	D:
>YA4_2382
237	476	+	3	1.314037	I:	D:
526	1632	-	1	1.311408	I:	D:
1704	2237	+	3	1.343989	I:	D:
2253	3218	+	3	1.324019	I:	D:
3596	3883	-	2	1.248996	I:	D:
>YA4_2399
17	1216	+	2	1.301760	I:	D:
1271	1804	-	2	1.284227	I:	D:
1886	2185	-	2	1.302472	I:	D:
2244	3266	-	3	1.321097	I:	D:
3271	3726	-	1	1.329910	I:	D:
>YA4_2430
283	2211	-	1	1.351921	I:	D:
2232	2846	-	3	1.351910	I:	D:
3047	3409	+	2	1.281006	I:	D:
3611	3868	-	2	1.359254	I:	D:
>YA4_2454
217	1698	-	1	1.353240	I:	D:
1910	2527	-	2	1.327554	I:	D:
2552	3076	+	2	1.372495	I:	D:
3156	3653	+	3	1.357123	I:	D:
>YA4_2625
2	292	-	2	1.408872	I:	D:
316	447	-	1	1.329937	I:	D:
457	759	-	1	1.378442	I:	D:
760	939	-	1	1.407441	I:	D:
960	1172	-	3	1.320037	I:	D:
1194	1907	-	3	1.348056	I:	D:
1996	2916	+	1	1.323453	I:	D:
2998	3804	+	1	1.305042	I:	D:
>YA4_2630
3	203	+	3	1.349728	I:	D:
223	645	+	1	1.318257	I:	D:
791	1264	-	2	1.304851	I:	D:
1623	2735	+	3	1.342447	I:	D:
2897	3721	+	2	1.333379	I:	D:
>YA4_2729
1	459	-	1	1.296022	I:	D:
506	856	+	2	1.352947	I:	D:
853	1203	+	1	1.318799	I:	D:
1884	3548	-	3	1.320993	I:	D:
3586	3771	-	1	1.300291	I:	D:
>YA4_2789
211	843	-	1	1.329871	I:	D:
954	2243	-	3	1.243943	I:	D:
2263	2763	+	1	1.346150	I:	D:
2768	3640	+	2	1.354678	I:	D:
>YA4_2792
3	1031	-	3	1.292159	I:	D:
1126	2127	-	1	1.299409	I:	D:
2380	3594	+	1	1.312060	I:	D:
3612	3752	+	3	1.286700	I:	D:
>YA4_2979
505	2481	+	1	1.321467	I:	D:
2500	3693	+	1	1.331951	I:	D:
>YA4_3031
281	2092	-	2	1.323910	I:	D:
2306	2629	+	2	1.321795	I:	D:
2650	3570	+	1	1.307258	I:	D:
>YA4_3130
2	208	-	2	1.375834	I:	D:
341	1825	+	2	1.324025	I:	D:
2315	3559	+	2	1.323329	I:	D:
>YA4_3244
1	408	+	1	1.224730	I:	D:
523	1452	-	1	1.384334	I:	D:
1694	2602	+	2	1.345086	I:	D:
2614	3117	+	1	1.341290	I:	D:
3151	3612	+	1	1.344043	I:	D:
>YA4_3342
217	1080	-	1	1.371812	I:	D:
1089	1220	-	3	1.244147	I:	D:
1690	3267	+	1	1.324919	I:	D:
3388	3585	+	1	1.323299	I:	D:
>YA4_3625
389	2203	+	2	1.318391	I:	D:
2247	3320	+	3	1.308385	I:	D:
3364	3507	+	1	1.393403	I:	D:
>YA4_3851
1	603	-	1	1.315508	I:	D:
648	1682	-	3	1.316873	I:	D:
1811	2464	-	2	1.359969	I:	D:
2415	3257	-	3	1.329932	I:	D:
>YA4_4532
136	1482	-	1	1.344820	I:	D:
1916	3133	-	2	1.304252	I:	D:
>YA4_4773
2	487	-	2	1.298083	I:	D:
721	3210	+	1	1.331384	I:	D:
>YA4_4774
2	145	+	2	1.310470	I:	D:
178	999	+	1	1.348876	I:	D:
1230	1982	-	3	1.270264	I:	D:
2119	2442	+	1	1.273294	I:	D:
2495	3211	-	2	1.303331	I:	D:
>YA4_4927
2	793	+	2	1.310278	I:	D:
812	1663	+	2	1.315118	I:	D:
1668	2126	+	3	1.307298	I:	D:
2158	3180	+	1	1.288921	I:	D:
>YA4_4964
1	1041	-	1	1.317230	I:	D:
1058	1855	-	2	1.316330	I:	D:
1858	2112	-	1	1.230939	I:	D:
2208	2972	-	3	1.301715	I:	D:
>YA4_4995
206	1321	+	2	1.270812	I:	D:
1351	1782	+	1	1.293252	I:	D:
1779	2495	+	3	1.322434	I:	D:
2492	2962	+	2	1.294235	I:	D:
3016	3165	-	1	1.389188	I:	D:
>YA4_5280
2	763	+	2	1.319665	I:	D:
1119	2261	+	3	1.299140	I:	D:
2361	3101	-	3	1.339265	I:	D:
>YA4_5306
1	2508	-	1	1.286729	I:	D:
>YA4_5601
1	1344	-	1	1.328586	I:	D:
1440	2924	+	3	1.369154	I:	D:
>YA4_5785
165	413	-	3	1.262904	I:	D:
418	1959	-	1	1.329407	I:	D:
2225	2812	-	2	1.325063	I:	D:
>YA4_6260
324	1241	+	3	1.309495	I:	D:
1244	1924	+	2	1.315112	I:	D:
1921	2835	+	1	1.347934	I:	D:
>YA4_6320
179	379	-	2	1.293138	I:	D:
492	767	-	3	1.300892	I:	D:
833	1483	-	2	1.319943	I:	D:
1521	2732	-	3	1.311427	I:	D:
>YA4_6325
2	2782	+	2	1.296230	I:	D:
>YA4_6455
329	922	-	2	1.355809	I:	D:
971	2521	-	2	1.343909	I:	D:
>YA4_6560
300	1568	+	3	1.282004	I:	D:
1752	2762	-	3	1.299843	I:	D:
>YA4_6895
162	662	+	3	1.314358	I:	D:
659	1549	+	2	1.283447	I:	D:
1805	2797	+	2	1.319834	I:	D:
>YA4_7181
414	2420	+	3	1.345861	I:	D:
2530	2718	+	1	1.258501	I:	D:
>YA4_7699
1	342	+	1	1.352370	I:	D:
513	695	+	3	1.319088	I:	D:
800	2650	+	2	1.328591	I:	D:
>YA4_7956
3	314	-	3	1.321509	I:	D:
330	626	-	3	1.289313	I:	D:
927	2555	-	3	1.322561	I:	D:
>YA4_8253
3	362	+	3	1.293430	I:	D:
334	1452	+	1	1.282267	I:	D:
1623	2591	+	3	1.311771	I:	D:
>YA4_8266
96	1664	+	3	1.332715	I:	D:
1661	2590	+	2	1.375474	I:	D:
>YA4_8537
2	187	+	2	1.333895	I:	D:
249	2375	-	3	1.338302	I:	D:
>YA4_8539
2	517	-	2	1.320587	I:	D:
693	1355	-	3	1.350901	I:	D:
1382	2215	-	2	1.319106	I:	D:
>YA4_9085
158	1555	-	2	1.334622	I:	D:
1800	2168	-	3	1.246731	I:	D:
>YA4_9496
297	779	-	3	1.246848	I:	D:
836	1186	-	2	1.218188	I:	D:
1526	1783	+	2	1.362921	I:	D:
>YA4_9512
108	1478	-	3	1.338700	I:	D:
1507	2049	-	1	1.329695	I:	D:
>YA4_9921
345	2741	+	3	1.325150	I:	D:
2758	3450	+	1	1.319390	I:	D:
3510	4892	+	3	1.314536	I:	D:
5022	6359	+	3	1.325064	I:	D:
6723	7247	+	3	1.354320	I:	D:
7357	7986	+	1	1.272213	I:	D:
8015	8635	+	2	1.313691	I:	D:
8635	8934	+	1	1.247611	I:	D:
8990	9817	+	2	1.320283	I:	D:
9862	10146	+	1	1.315897	I:	D:
10173	10562	+	3	1.311232	I:	D:
10574	11233	+	2	1.280326	I:	D:
11233	11679	+	1	1.314861	I:	D:
11901	12158	+	3	1.310683	I:	D:
12184	12552	+	1	1.311048	I:	D:
12567	12878	+	3	1.283893	I:	D:
12899	13438	+	2	1.295294	I:	D:
13452	13637	+	3	1.337950	I:	D:
13659	14060	+	3	1.280293	I:	D:
14098	14640	+	1	1.289027	I:	D:
14701	15069	+	1	1.280594	I:	D:
15081	15590	+	3	1.297367	I:	D:
15604	15783	+	1	1.284804	I:	D:
15802	16242	+	1	1.321795	I:	D:
16273	17502	+	1	1.337656	I:	D:
17573	18205	+	2	1.304525	I:	D:
18210	18956	+	3	1.321881	I:	D:
19002	19268	+	3	1.294663	I:	D:
19281	19499	+	3	1.295090	I:	D:
19866	20237	+	3	1.312634	I:	D:
20257	20658	+	1	1.319916	I:	D:
20678	21280	+	2	1.299529	I:	D:
21404	22363	+	2	1.288024	I:	D:
22463	23005	+	2	1.283904	I:	D:
23286	24200	+	3	1.316850	I:	D:
24176	25033	+	2	1.316150	I:	D:
25030	25833	+	1	1.320177	I:	D:
25838	26581	+	2	1.320787	I:	D:
26790	27227	+	3	1.273292	I:	D:
27253	27645	+	1	1.320307	I:	D:
27770	27934	+	2	1.354877	I:	D:
28014	28547	+	3	1.390346	I:	D:
28696	28914	-	1	1.359640	I:	D:
29031	30605	+	3	1.342374	I:	D:
30798	31571	+	3	1.405677	I:	D:
31675	32325	+	1	1.354557	I:	D:
32721	34112	+	3	1.359633	I:	D:
34131	35540	+	3	1.364798	I:	D:
35646	36818	+	3	1.370866	I:	D:
36924	37082	+	3	1.340828	I:	D:
37174	38484	+	1	1.364788	I:	D:
38563	40119	+	1	1.358976	I:	D:
40135	40392	+	1	1.343194	I:	D:
40561	40692	+	1	1.317574	I:	D:
>YA4_9999
1	471	+	1	1.320904	I:	D:
437	1696	+	2	1.325065	I:	D:
1712	2356	+	2	1.329658	I:	D:
>YA4_10146
154	669	-	1	1.307763	I:	D:
659	2056	-	2	1.350872	I:	D:
>YA4_10156
3	491	-	3	1.303545	I:	D:
460	1005	-	1	1.276618	I:	D:
998	1291	-	2	1.254020	I:	D:
1359	2342	-	3	1.295847	I:	D:
>YA4_10389
95	700	-	2	1.260634	I:	D:
707	1726	-	2	1.297072	I:	D:
1959	2315	-	3	1.246851	I:	D:
>YA4_10896
133	2262	-	1	1.303303	I:	D:
>YA4_11443
18	2198	+	3	1.292547	I:	D:
>YA4_11515
2	196	+	2	1.234598	I:	D:
373	2043	+	1	1.321756	I:	D:
>YA4_11767
2	163	+	2	1.307778	I:	D:
342	1043	-	3	1.331268	I:	D:
1336	1860	+	1	1.324423	I:	D:
1924	2073	-	1	1.349736	I:	D:
>YA4_12225
3	131	+	3	1.320084	I:	D:
279	1013	+	3	1.292982	I:	D:
1141	1650	+	1	1.338760	I:	D:
1710	2006	+	3	1.325329	I:	D:
>YA4_12676
1	681	+	1	1.320316	I:	D:
1077	2081	+	3	1.326333	I:	D:
>YA4_12994
2	130	+	2	1.370077	I:	D:
141	1274	-	3	1.337103	I:	D:
1751	2053	+	2	1.277972	I:	D:
>YA4_13174
1	483	+	1	1.342741	I:	D:
625	861	+	1	1.252729	I:	D:
868	1092	+	1	1.268027	I:	D:
1157	2035	+	2	1.304074	I:	D:
>YA4_13374
3	461	-	3	1.305003	I:	D:
583	1272	-	1	1.297532	I:	D:
1279	1506	-	1	1.201956	I:	D:
1556	2017	-	2	1.262417	I:	D:
>YA4_13986
2	1135	-	2	1.298765	I:	D:
1291	1923	-	1	1.311330	I:	D:
1942	2832	-	1	1.303381	I:	D:
2834	3607	-	2	1.324794	I:	D:
3859	5547	-	1	1.313280	I:	D:
6083	7030	+	2	1.309897	I:	D:
7057	7560	+	1	1.314285	I:	D:
7728	8642	+	3	1.332923	I:	D:
8752	9165	-	1	1.299700	I:	D:
9329	10213	-	2	1.295827	I:	D:
10365	11453	-	3	1.307544	I:	D:
11455	11676	-	1	1.249183	I:	D:
11688	12785	-	3	1.303891	I:	D:
13118	14479	-	2	1.297987	I:	D:
15446	15796	+	2	1.331297	I:	D:
15878	16090	+	2	1.403667	I:	D:
16125	17135	+	3	1.338617	I:	D:
17136	17753	+	3	1.303153	I:	D:
18126	19526	+	3	1.328143	I:	D:
19546	21456	+	1	1.371406	I:	D:
21460	22164	+	1	1.332680	I:	D:
22477	23169	-	1	1.342234	I:	D:
23340	25004	+	3	1.352845	I:	D:
25457	26770	-	2	1.343247	I:	D:
27108	28637	+	3	1.272620	I:	D:
>YA4_14112
2	136	+	2	1.289720	I:	D:
155	1147	+	2	1.296975	I:	D:
1170	1733	+	3	1.303439	I:	D:
2481	2687	-	3	1.316495	I:	D:
2779	3363	+	1	1.281347	I:	D:
3489	4043	+	3	1.277058	I:	D:
4202	4924	+	2	1.310586	I:	D:
5418	5756	+	3	1.250375	I:	D:
5743	6147	+	1	1.240199	I:	D:
6158	6367	+	2	1.276185	I:	D:
6721	7908	+	1	1.304232	I:	D:
7905	10307	+	3	1.313882	I:	D:
10326	11471	+	3	1.315074	I:	D:
11496	14537	+	3	1.337861	I:	D:
14601	19130	+	3	1.298168	I:	D:
19135	19686	+	1	1.312313	I:	D:
19713	20411	+	3	1.346686	I:	D:
20426	22690	+	2	1.320615	I:	D:
22696	23628	+	1	1.278000	I:	D:
23621	24298	+	2	1.302340	I:	D:
24423	24680	+	3	1.345911	I:	D:
24772	25908	+	1	1.299747	I:	D:
25981	26793	+	1	1.400524	I:	D:
26753	27685	+	2	1.375232	I:	D:
27728	27865	+	2	1.251283	I:	D:
>YA4_14283
133	1236	-	1	1.304443	I:	D:
1233	2027	-	3	1.372608	I:	D:
1738	1968	+	1	1.335120	I:	D:
2024	2866	-	2	1.382427	I:	D:
2869	4449	-	1	1.327845	I:	D:
4465	4998	-	1	1.344225	I:	D:
5259	5402	-	3	1.298665	I:	D:
5478	6293	+	3	1.334979	I:	D:
6337	7953	-	1	1.333320	I:	D:
7980	8237	-	3	1.285076	I:	D:
8242	10113	-	1	1.327682	I:	D:
10110	11033	-	3	1.271301	I:	D:
11215	11640	+	1	1.318746	I:	D:
11976	12851	+	3	1.298103	I:	D:
12892	13335	-	1	1.268373	I:	D:
13353	13529	-	3	1.301748	I:	D:
13804	16005	-	1	1.360755	I:	D:
16054	17337	-	1	1.316116	I:	D:
17686	19443	+	1	1.319633	I:	D:
19446	20156	+	3	1.332652	I:	D:
20401	21228	-	1	1.316887	I:	D:
21308	22801	-	2	1.312315	I:	D:
22817	24340	-	2	1.311320	I:	D:
24532	25896	-	1	1.335194	I:	D:
>YA4_14503
219	431	+	3	1.290072	I:	D:
510	1010	+	3	1.305806	I:	D:
1405	1701	+	1	1.225154	I:	D:
1770	3845	+	3	1.333564	I:	D:
4042	6030	+	1	1.329235	I:	D:
6032	6178	-	2	1.306307	I:	D:
6230	7258	-	2	1.329614	I:	D:
7938	9293	-	3	1.369651	I:	D:
9689	10879	-	2	1.309738	I:	D:
11093	11911	-	2	1.308348	I:	D:
12225	13316	+	3	1.323141	I:	D:
14887	16287	+	1	1.351248	I:	D:
16619	17677	+	2	1.323410	I:	D:
17678	18679	+	2	1.343838	I:	D:
18772	18903	-	1	1.275351	I:	D:
18940	19914	-	1	1.322475	I:	D:
20270	20557	+	2	1.298742	I:	D:
20575	21063	+	1	1.348410	I:	D:
21086	21316	+	2	1.307144	I:	D:
21459	22736	-	3	1.324699	I:	D:
22777	23973	-	1	1.340684	I:	D:
>YA4_14747
238	600	+	1	1.270211	I:	D:
634	1032	+	1	1.295264	I:	D:
1626	2612	-	3	1.314853	I:	D:
2705	3229	-	2	1.328540	I:	D:
3257	4915	-	2	1.328672	I:	D:
5733	7724	+	3	1.347576	I:	D:
7859	10735	+	2	1.351722	I:	D:
10825	11133	+	1	1.244616	I:	D:
11380	14442	-	1	1.291518	I:	D:
14755	15318	-	1	1.316732	I:	D:
15320	16069	-	2	1.292607	I:	D:
16069	17127	-	1	1.304103	I:	D:
17145	17363	-	3	1.385037	I:	D:
17389	18075	-	1	1.317906	I:	D:
18560	19513	-	2	1.312869	I:	D:
19525	20118	-	1	1.328991	I:	D:
20267	21670	-	2	1.336129	I:	D:
>YA4_14818
2	133	-	2	1.379877	I:	D:
220	1497	-	1	1.336271	I:	D:
1490	2239	-	2	1.349304	I:	D:
2356	3225	-	1	1.358896	I:	D:
3275	3715	-	2	1.334187	I:	D:
4290	5654	+	3	1.351009	I:	D:
5821	6243	+	1	1.306760	I:	D:
6273	7661	+	3	1.330230	I:	D:
7678	8544	+	1	1.309139	I:	D:
8715	8858	+	3	1.207058	I:	D:
8959	10218	+	1	1.326547	I:	D:
10235	11032	+	2	1.331698	I:	D:
11035	11514	+	1	1.320105	I:	D:
11588	13375	-	2	1.337442	I:	D:
13385	14083	-	2	1.339246	I:	D:
14107	14916	-	1	1.313127	I:	D:
14977	15645	-	1	1.323324	I:	D:
15659	16579	-	2	1.289294	I:	D:
16783	19116	+	1	1.321034	I:	D:
19210	19812	+	1	1.315532	I:	D:
19845	20522	-	3	1.339212	I:	D:
20537	21184	-	2	1.312955	I:	D:
>YA4_14977
1	366	+	1	1.297419	I:	D:
444	1649	-	3	1.324204	I:	D:
1794	2798	-	3	1.335817	I:	D:
2895	3719	-	3	1.319844	I:	D:
3869	4507	-	2	1.349592	I:	D:
4640	5140	-	2	1.325278	I:	D:
5154	6725	-	3	1.314458	I:	D:
6789	7136	-	3	1.225037	I:	D:
7409	8719	-	2	1.327640	I:	D:
8896	9675	+	1	1.299628	I:	D:
9749	11149	-	2	1.317764	I:	D:
11173	13470	-	1	1.313354	I:	D:
13470	13940	-	3	1.364133	I:	D:
13940	14731	-	2	1.310523	I:	D:
14883	15224	+	3	1.310503	I:	D:
15238	15969	+	1	1.278898	I:	D:
16100	17479	-	2	1.290024	I:	D:
17472	18530	-	3	1.289882	I:	D:
18565	19374	-	1	1.280992	I:	D:
19384	19986	-	1	1.281966	I:	D:
19993	20154	-	1	1.226583	I:	D:
>YA4_14986
78	365	+	3	1.266545	I:	D:
605	1846	+	2	1.344191	I:	D:
2079	3584	-	3	1.311259	I:	D:
3967	5370	+	1	1.322278	I:	D:
5467	6885	-	1	1.353196	I:	D:
7266	8003	+	3	1.313468	I:	D:
8036	8590	+	2	1.275797	I:	D:
8666	9409	+	2	1.327522	I:	D:
9428	10243	+	2	1.315539	I:	D:
10270	11424	+	1	1.326288	I:	D:
11443	12525	+	1	1.342587	I:	D:
12532	13590	+	1	1.339616	I:	D:
13603	17961	+	1	1.343442	I:	D:
18289	19728	+	1	1.286954	I:	D:
19797	20078	-	3	1.351324	I:	D:
>YA4_15017
164	685	-	2	1.309652	I:	D:
943	2013	+	1	1.285214	I:	D:
2078	3046	+	2	1.313218	I:	D:
3039	3836	+	3	1.333067	I:	D:
4166	5524	+	2	1.314555	I:	D:
5620	6579	+	1	1.307316	I:	D:
7106	8089	+	2	1.297745	I:	D:
8357	9229	+	2	1.306859	I:	D:
9394	9990	+	1	1.319437	I:	D:
9987	13496	+	3	1.337387	I:	D:
13511	14470	+	2	1.265091	I:	D:
14547	15479	+	3	1.306123	I:	D:
15655	17760	+	1	1.311523	I:	D:
17931	19703	-	3	1.326353	I:	D:
>YA4_15112
79	1035	-	1	1.334933	I:	D:
1284	2459	-	3	1.343432	I:	D:
2478	3191	-	3	1.316879	I:	D:
3643	5382	-	1	1.359326	I:	D:
5376	7211	-	3	1.363715	I:	D:
7459	8616	+	1	1.273657	I:	D:
8613	9002	+	3	1.294943	I:	D:
9033	9368	+	3	1.274157	I:	D:
9467	9826	+	2	1.244321	I:	D:
9873	11045	-	3	1.339624	I:	D:
11343	12338	-	3	1.305345	I:	D:
12366	13676	-	3	1.339082	I:	D:
14193	15353	-	3	1.340388	I:	D:
15406	15699	-	1	1.257315	I:	D:
15928	16566	+	1	1.301815	I:	D:
16915	17268	-	1	1.308240	I:	D:
17406	18059	+	3	1.310691	I:	D:
18113	18484	-	2	1.244622	I:	D:
18610	18780	+	1	1.174396	I:	D:
18794	19111	+	2	1.229792	I:	D:
>YA4_15127
42	254	-	3	1.296546	I:	D:
460	2259	+	1	1.339878	I:	D:
2505	3803	-	3	1.315003	I:	D:
3830	4654	-	2	1.307461	I:	D:
4669	5841	-	1	1.299391	I:	D:
5853	6734	-	3	1.341954	I:	D:
6782	7375	-	2	1.291035	I:	D:
7448	11509	-	2	1.298535	I:	D:
11512	13218	-	1	1.288564	I:	D:
13534	13695	+	1	1.194872	I:	D:
13764	14342	-	3	1.294600	I:	D:
14434	15024	-	1	1.291788	I:	D:
15418	16179	+	1	1.372796	I:	D:
16600	19014	+	1	1.343281	I:	D:
>YA4_15198
256	1746	-	1	1.345041	I:	D:
1781	2947	-	2	1.332588	I:	D:
2948	4660	-	2	1.326561	I:	D:
4660	4905	-	1	1.332350	I:	D:
5093	6358	-	2	1.319901	I:	D:
6358	6984	-	1	1.292375	I:	D:
6972	8015	-	3	1.296038	I:	D:
8201	8332	-	2	1.218265	I:	D:
8510	9907	-	2	1.324699	I:	D:
9904	10620	-	1	1.305845	I:	D:
10607	12454	-	2	1.351124	I:	D:
12770	13252	-	2	1.326017	I:	D:
13158	13592	-	3	1.258693	I:	D:
14099	15526	-	2	1.329614	I:	D:
15516	16220	-	3	1.310971	I:	D:
16501	17535	+	1	1.304393	I:	D:
17538	18101	+	3	1.308863	I:	D:
>YA4_15248
2	622	-	2	1.296286	I:	D:
957	2720	-	3	1.312653	I:	D:
2723	4168	-	2	1.332991	I:	D:
4563	6047	+	3	1.322920	I:	D:
6123	7106	-	3	1.300722	I:	D:
7316	7525	-	2	1.365833	I:	D:
7590	8267	-	3	1.298132	I:	D:
8273	9646	-	2	1.310689	I:	D:
9643	11424	-	1	1.325830	I:	D:
11461	11781	-	1	1.303093	I:	D:
11774	12745	-	2	1.287665	I:	D:
12758	13321	-	2	1.263695	I:	D:
13360	13854	-	1	1.300415	I:	D:
13855	15807	-	1	1.326389	I:	D:
15794	16297	-	2	1.289125	I:	D:
16817	17845	-	2	1.301902	I:	D:
17944	18354	+	1	1.432094	I:	D:
>YA4_15263
3	185	-	3	1.349688	I:	D:
368	1288	-	2	1.369664	I:	D:
1300	1767	-	1	1.338433	I:	D:
1775	2857	-	2	1.309667	I:	D:
2873	3652	-	2	1.321505	I:	D:
3665	3946	-	2	1.352513	I:	D:
3967	4473	-	1	1.327936	I:	D:
4494	5198	-	3	1.296706	I:	D:
5214	6776	-	3	1.318825	I:	D:
6929	7441	-	2	1.291387	I:	D:
7453	7935	-	1	1.293210	I:	D:
7928	8530	-	2	1.311359	I:	D:
8667	10721	-	3	1.332074	I:	D:
11106	12791	-	3	1.317452	I:	D:
12810	13289	-	3	1.310970	I:	D:
13418	13651	+	2	1.361783	I:	D:
13708	13893	-	1	1.361683	I:	D:
14214	14378	+	3	1.238127	I:	D:
14747	15301	-	2	1.305514	I:	D:
15372	15719	-	3	1.293737	I:	D:
15839	16351	-	2	1.308759	I:	D:
16353	18128	-	3	1.329687	I:	D:
>YA4_15319
2	1114	+	2	1.286844	I:	D:
1129	1806	+	1	1.329024	I:	D:
1793	4192	+	2	1.322537	I:	D:
4223	6001	+	2	1.303072	I:	D:
6254	7450	+	2	1.285085	I:	D:
7498	8934	+	1	1.303585	I:	D:
8957	9493	+	2	1.309837	I:	D:
9636	10904	+	3	1.313068	I:	D:
11080	11718	+	1	1.357715	I:	D:
11956	13596	-	1	1.322912	I:	D:
14124	14255	+	3	1.338296	I:	D:
14559	15578	+	3	1.318120	I:	D:
15599	17425	+	2	1.315365	I:	D:
17489	17935	+	2	1.299521	I:	D:
>YA4_15322
87	884	-	3	1.357346	I:	D:
881	1777	-	2	1.340094	I:	D:
1789	3135	-	1	1.350553	I:	D:
3153	3578	-	3	1.294837	I:	D:
3591	4070	-	3	1.305442	I:	D:
4076	5314	-	2	1.320254	I:	D:
5332	6063	-	1	1.298608	I:	D:
6063	6995	-	3	1.301265	I:	D:
7256	8188	-	2	1.319889	I:	D:
8358	8579	-	3	1.249433	I:	D:
8626	9600	-	1	1.325092	I:	D:
9634	10074	-	1	1.302874	I:	D:
10478	11539	+	2	1.331304	I:	D:
11849	12910	-	2	1.326314	I:	D:
13274	14074	+	2	1.298015	I:	D:
14322	16208	-	3	1.315782	I:	D:
16281	16499	-	3	1.240206	I:	D:
16714	17094	+	1	1.338830	I:	D:
17153	17617	-	2	1.280286	I:	D:
17727	17909	-	3	1.317806	I:	D:
>YA4_15393
68	1267	-	2	1.306471	I:	D:
1495	2514	-	1	1.290999	I:	D:
3271	5853	-	1	1.323842	I:	D:
6350	7153	-	2	1.324437	I:	D:
7166	8224	-	2	1.308786	I:	D:
8475	9020	-	3	1.338568	I:	D:
9147	11864	-	3	1.286581	I:	D:
11861	12991	-	2	1.296693	I:	D:
13363	14847	+	1	1.348858	I:	D:
14947	17469	-	1	1.288112	I:	D:
>YA4_15397
139	1515	+	1	1.330306	I:	D:
1531	2097	+	1	1.324828	I:	D:
2278	3081	-	1	1.326827	I:	D:
3208	3870	-	1	1.292543	I:	D:
4025	5218	-	2	1.318056	I:	D:
5614	5799	-	1	1.289056	I:	D:
6017	6994	+	2	1.315987	I:	D:
7272	8477	+	3	1.321683	I:	D:
8553	9476	+	3	1.334831	I:	D:
9995	11500	+	2	1.329545	I:	D:
11882	13081	+	2	1.332644	I:	D:
13151	13591	+	2	1.296775	I:	D:
13665	14087	-	3	1.336395	I:	D:
14104	15018	-	1	1.339073	I:	D:
15276	16145	-	3	1.312096	I:	D:
16362	17240	-	3	1.338686	I:	D:
>YA4_15420
98	547	-	2	1.349718	I:	D:
880	1695	-	1	1.312400	I:	D:
2164	2421	+	1	1.282695	I:	D:
2478	2909	+	3	1.315965	I:	D:
3096	3434	+	3	1.313174	I:	D:
3568	4656	+	1	1.338599	I:	D:
4738	6210	+	1	1.333658	I:	D:
6269	6742	+	2	1.245954	I:	D:
6758	7636	+	2	1.314613	I:	D:
7639	7974	+	1	1.360799	I:	D:
7965	8333	+	3	1.349830	I:	D:
8345	8761	+	2	1.316510	I:	D:
8767	10056	+	1	1.309645	I:	D:
10069	10527	+	1	1.326087	I:	D:
10908	11327	+	3	1.298928	I:	D:
11480	12109	+	2	1.292441	I:	D:
12102	13073	+	3	1.301932	I:	D:
13131	13901	+	3	1.218606	I:	D:
14048	14290	+	2	1.281456	I:	D:
14400	14684	+	3	1.228971	I:	D:
14677	15750	+	1	1.297698	I:	D:
15780	16286	+	3	1.277205	I:	D:
16303	16434	+	1	1.364786	I:	D:
16535	17251	+	2	1.321299	I:	D:
>YA4_15431
94	834	-	1	1.327496	I:	D:
978	2264	-	3	1.332609	I:	D:
2791	3606	+	1	1.298730	I:	D:
3633	5615	+	3	1.340001	I:	D:
5618	6355	+	2	1.326368	I:	D:
6449	7843	+	2	1.324171	I:	D:
7873	8424	+	1	1.294327	I:	D:
8532	10265	+	3	1.320266	I:	D:
10535	10699	+	2	1.288065	I:	D:
10705	15252	+	1	1.318490	I:	D:
15268	16749	+	1	1.325371	I:	D:
16951	17277	+	1	1.325237	I:	D:
>YA4_15498
2	586	+	2	1.299723	I:	D:
692	2434	+	2	1.308129	I:	D:
2686	3228	-	1	1.284949	I:	D:
3615	3743	+	3	1.216495	I:	D:
3761	4132	+	2	1.299037	I:	D:
4262	6652	+	2	1.297381	I:	D:
6655	7368	+	1	1.280905	I:	D:
7827	8282	+	3	1.297076	I:	D:
8302	9324	+	1	1.288856	I:	D:
9330	9689	+	3	1.293677	I:	D:
10152	11693	+	3	1.316768	I:	D:
11826	12902	-	3	1.314873	I:	D:
13102	13293	+	1	1.374878	I:	D:
13336	13764	+	1	1.311110	I:	D:
13973	14554	-	2	1.247114	I:	D:
14606	15127	-	2	1.245940	I:	D:
15298	15507	+	1	1.230588	I:	D:
15540	16013	+	3	1.306152	I:	D:
16051	16275	+	1	1.332571	I:	D:
16459	16896	+	1	1.267183	I:	D:
>YA4_15568
1	144	-	1	1.258925	I:	D:
199	1491	-	1	1.316549	I:	D:
1719	2249	-	3	1.341375	I:	D:
2246	2644	-	2	1.295666	I:	D:
2717	3748	-	2	1.299312	I:	D:
3810	4184	-	3	1.283373	I:	D:
4442	5872	-	2	1.331832	I:	D:
6651	7154	+	3	1.297972	I:	D:
7263	7427	-	3	1.351258	I:	D:
7505	9472	-	2	1.305718	I:	D:
9753	10217	-	3	1.317142	I:	D:
10569	12038	+	3	1.344175	I:	D:
12007	13074	+	1	1.338463	I:	D:
13457	15130	+	2	1.336199	I:	D:
15143	15601	+	2	1.358441	I:	D:
15623	16180	+	2	1.330405	I:	D:
16187	16390	+	2	1.279576	I:	D:
>YA4_15586
298	714	+	1	1.353462	I:	D:
711	1499	+	3	1.309067	I:	D:
1703	2413	-	2	1.373707	I:	D:
2429	3355	-	2	1.323408	I:	D:
3395	3853	-	2	1.333279	I:	D:
3913	6144	-	1	1.326465	I:	D:
6556	6894	-	1	1.295144	I:	D:
6919	7518	-	1	1.305539	I:	D:
7525	7782	-	1	1.345062	I:	D:
7805	8683	-	2	1.338827	I:	D:
8809	10581	+	1	1.310989	I:	D:
10898	11338	+	2	1.269289	I:	D:
11410	11829	+	1	1.335288	I:	D:
12014	12940	+	2	1.263233	I:	D:
13089	13460	-	3	1.294481	I:	D:
13485	14537	-	3	1.289214	I:	D:
14688	16337	+	3	1.326923	I:	D:
>YA4_15590
1	2160	+	1	1.332772	I:	D:
2141	2608	+	2	1.345781	I:	D:
2745	3137	+	3	1.378768	I:	D:
3140	3391	+	2	1.365494	I:	D:
3471	3713	+	3	1.347240	I:	D:
3706	4617	+	1	1.362139	I:	D:
4630	5373	+	1	1.350295	I:	D:
5430	5855	+	3	1.278107	I:	D:
6143	9499	-	2	1.327863	I:	D:
9851	10264	+	2	1.323905	I:	D:
10303	10494	+	1	1.327932	I:	D:
10508	10657	-	2	1.370555	I:	D:
10669	11880	-	1	1.312110	I:	D:
12071	16405	-	2	1.292956	I:	D:
>YA4_15592
167	2806	-	2	1.340615	I:	D:
3355	4524	-	1	1.377847	I:	D:
4565	5914	-	2	1.337223	I:	D:
5954	6928	-	2	1.343887	I:	D:
6932	8299	-	2	1.312185	I:	D:
8296	8949	-	1	1.344417	I:	D:
8958	9749	-	3	1.311296	I:	D:
9847	11790	-	1	1.329452	I:	D:
11892	14132	-	3	1.331932	I:	D:
14177	14713	-	2	1.310292	I:	D:
14738	15673	-	2	1.340705	I:	D:
15694	16125	-	1	1.330450	I:	D:
>YA4_15647
1	948	-	1	1.339829	I:	D:
1051	1728	-	1	1.259430	I:	D:
1914	2357	-	3	1.285414	I:	D:
2581	4644	+	1	1.337164	I:	D:
4942	5331	-	1	1.316639	I:	D:
5362	5523	-	1	1.347982	I:	D:
5698	6333	+	1	1.327552	I:	D:
6648	8042	-	3	1.323138	I:	D:
8447	9904	-	2	1.313178	I:	D:
9917	11254	-	2	1.262950	I:	D:
11474	12406	-	2	1.285744	I:	D:
12422	12841	-	2	1.301175	I:	D:
12905	13828	-	2	1.296689	I:	D:
13828	14559	-	1	1.301949	I:	D:
14850	15995	+	3	1.323304	I:	D:
>YA4_15796
240	1007	+	3	1.326816	I:	D:
1047	1916	+	3	1.312499	I:	D:
1931	2944	+	2	1.332019	I:	D:
3230	4057	+	2	1.354099	I:	D:
4054	4851	+	1	1.347070	I:	D:
4852	5913	+	1	1.337832	I:	D:
5916	6800	+	3	1.338917	I:	D:
6803	7792	+	2	1.321125	I:	D:
8211	9875	+	3	1.316246	I:	D:
9975	10154	-	3	1.342535	I:	D:
10401	11792	+	3	1.351377	I:	D:
12171	14999	+	3	1.312515	I:	D:
>YA4_15851
2	3214	-	2	1.298087	I:	D:
3595	3930	+	1	1.295878	I:	D:
4051	4575	-	1	1.318895	I:	D:
4579	4995	-	1	1.216346	I:	D:
5015	5857	-	2	1.304139	I:	D:
5873	6745	-	2	1.310407	I:	D:
7070	9175	-	2	1.301504	I:	D:
9476	9811	-	2	1.282846	I:	D:
9884	10615	-	2	1.262590	I:	D:
10689	11342	-	3	1.315290	I:	D:
11326	13197	-	1	1.384544	I:	D:
13194	14651	-	3	1.340883	I:	D:
14755	15066	-	1	1.315553	I:	D:
>YA4_15989
203	832	-	2	1.318180	I:	D:
867	1145	-	3	1.324143	I:	D:
1319	1861	-	2	1.310548	I:	D:
2041	2181	-	1	1.299561	I:	D:
2298	3164	-	3	1.327320	I:	D:
3273	4955	-	3	1.299263	I:	D:
5110	5997	-	1	1.298467	I:	D:
6702	8138	-	3	1.311068	I:	D:
8181	9086	-	3	1.307901	I:	D:
9242	9400	-	2	1.331450	I:	D:
9429	10274	-	3	1.319529	I:	D:
10290	11183	-	3	1.335458	I:	D:
11750	12271	+	2	1.339095	I:	D:
12394	12762	-	1	1.285291	I:	D:
13076	14494	-	2	1.307163	I:	D:
>YA4_16008
72	3641	+	3	1.304181	I:	D:
3646	5007	+	1	1.298787	I:	D:
5512	5865	+	1	1.318811	I:	D:
5878	7221	+	1	1.315633	I:	D:
7256	7504	+	2	1.292183	I:	D:
7530	7760	+	3	1.285929	I:	D:
7879	8559	+	1	1.288896	I:	D:
8543	9082	+	2	1.292812	I:	D:
9085	9834	+	1	1.329145	I:	D:
9881	11140	+	2	1.319138	I:	D:
11146	11778	+	1	1.285777	I:	D:
11890	12594	+	1	1.318847	I:	D:
12676	12840	-	1	1.209149	I:	D:
12955	14154	+	1	1.297828	I:	D:
>YA4_16045
2	454	+	2	1.280036	I:	D:
577	780	+	1	1.270951	I:	D:
848	1111	+	2	1.240174	I:	D:
1131	1454	+	3	1.277193	I:	D:
1409	1753	+	2	1.250474	I:	D:
1769	2071	+	2	1.312077	I:	D:
2102	2446	+	2	1.239835	I:	D:
2543	2866	+	2	1.214437	I:	D:
2957	3553	-	2	1.306395	I:	D:
3544	5898	-	1	1.332051	I:	D:
6571	7773	-	1	1.336162	I:	D:
8102	11596	+	2	1.340816	I:	D:
11784	13550	+	3	1.325810	I:	D:
13656	14207	-	3	1.314493	I:	D:
>YA4_16074
119	883	-	2	1.300464	I:	D:
958	2952	-	1	1.319811	I:	D:
3415	3954	+	1	1.291083	I:	D:
3912	4214	+	3	1.359659	I:	D:
4503	5612	-	3	1.309026	I:	D:
5669	6136	+	2	1.296431	I:	D:
6260	6865	+	2	1.313736	I:	D:
6958	7335	-	1	1.328515	I:	D:
7700	7933	+	2	1.263185	I:	D:
8127	8387	+	3	1.241064	I:	D:
8418	9008	+	3	1.257664	I:	D:
9404	9715	-	2	1.340073	I:	D:
9773	10129	+	2	1.338487	I:	D:
10217	10519	+	2	1.266907	I:	D:
10547	11557	+	2	1.276348	I:	D:
11574	11960	+	3	1.285082	I:	D:
11964	13196	+	3	1.328251	I:	D:
13291	14067	+	1	1.347859	I:	D:
>YA4_16081
92	655	+	2	1.286058	I:	D:
760	1779	+	1	1.300827	I:	D:
1983	2126	+	3	1.376574	I:	D:
2389	3636	+	1	1.325622	I:	D:
3652	4902	+	1	1.322303	I:	D:
4923	5801	+	3	1.345154	I:	D:
5791	6069	+	1	1.371937	I:	D:
6075	6293	+	3	1.281612	I:	D:
6425	6631	+	2	1.327069	I:	D:
6703	7110	+	1	1.241989	I:	D:
7283	7882	-	2	1.313468	I:	D:
7956	8378	-	3	1.330030	I:	D:
8489	9316	-	2	1.358050	I:	D:
9678	10019	-	3	1.340549	I:	D:
10180	11340	-	1	1.334839	I:	D:
11387	12013	-	2	1.311628	I:	D:
12070	13599	-	1	1.334147	I:	D:
13634	14008	-	2	1.298132	I:	D:
>YA4_16172
290	700	+	2	1.268038	I:	D:
700	1641	+	1	1.325618	I:	D:
1764	2237	+	3	1.340059	I:	D:
2292	5099	+	3	1.333030	I:	D:
5575	6927	+	1	1.328323	I:	D:
7158	8537	+	3	1.341480	I:	D:
8852	10105	+	2	1.317243	I:	D:
10635	12299	+	3	1.331602	I:	D:
12497	13576	+	2	1.318343	I:	D:
>YA4_16173
151	1332	+	1	1.351010	I:	D:
1705	2055	+	1	1.319419	I:	D:
2170	3921	-	1	1.319095	I:	D:
3938	4117	-	2	1.312564	I:	D:
4289	4963	-	2	1.295179	I:	D:
4967	5542	-	2	1.276903	I:	D:
5558	6040	-	2	1.246272	I:	D:
6055	7176	-	1	1.325187	I:	D:
7173	7556	-	3	1.318967	I:	D:
8115	8636	-	3	1.247774	I:	D:
8633	9577	-	2	1.323476	I:	D:
9741	10469	+	3	1.287255	I:	D:
10581	11678	+	3	1.317428	I:	D:
11694	12980	+	3	1.313593	I:	D:
12994	13572	+	1	1.345094	I:	D:
>YA4_16212
2	940	-	2	1.349371	I:	D:
1592	2152	+	2	1.318036	I:	D:
2192	2602	+	2	1.304730	I:	D:
2798	3556	-	2	1.312680	I:	D:
3564	4379	-	3	1.337188	I:	D:
4520	6100	-	2	1.316466	I:	D:
6296	7156	-	2	1.351217	I:	D:
7153	8097	-	1	1.338245	I:	D:
8099	8851	-	2	1.301936	I:	D:
9249	10967	-	3	1.320171	I:	D:
10989	11498	-	3	1.327799	I:	D:
12328	13470	-	1	1.280472	I:	D:
>YA4_16245
3	788	-	3	1.341235	I:	D:
922	1608	+	1	1.326892	I:	D:
1640	1870	+	2	1.337769	I:	D:
1913	2365	+	2	1.218230	I:	D:
2866	4374	+	1	1.334863	I:	D:
4391	5272	+	2	1.324351	I:	D:
5295	6686	+	3	1.354589	I:	D:
6711	7124	+	3	1.314663	I:	D:
7377	8174	+	3	1.297951	I:	D:
8245	9975	-	1	1.320056	I:	D:
10195	11385	-	1	1.308275	I:	D:
11984	13084	+	2	1.319544	I:	D:
>YA4_16330
240	1409	-	3	1.311544	I:	D:
1430	2212	-	2	1.320328	I:	D:
2396	2968	+	2	1.318966	I:	D:
3236	3685	+	2	1.301777	I:	D:
3735	5180	+	3	1.306752	I:	D:
5184	8333	+	3	1.325932	I:	D:
8913	10085	+	3	1.328285	I:	D:
10090	10659	+	1	1.338292	I:	D:
10957	12162	+	1	1.318638	I:	D:
12207	12728	+	3	1.302794	I:	D:
>YA4_16392
3	824	+	3	1.335756	I:	D:
842	2803	+	2	1.312849	I:	D:
2810	3757	+	2	1.272791	I:	D:
3767	5053	+	2	1.318357	I:	D:
5103	6620	+	3	1.305876	I:	D:
6872	7453	-	2	1.307293	I:	D:
7764	9182	-	3	1.280036	I:	D:
9342	10652	-	3	1.281485	I:	D:
11059	11949	+	1	1.309794	I:	D:
>YA4_16399
215	520	+	2	1.322428	I:	D:
517	1677	+	1	1.339485	I:	D:
1693	2961	+	1	1.333772	I:	D:
3263	3781	-	2	1.339352	I:	D:
3795	6017	-	3	1.331822	I:	D:
6330	7436	-	3	1.339151	I:	D:
7787	9226	-	2	1.347425	I:	D:
9238	10593	-	1	1.358049	I:	D:
10829	11359	-	2	1.328321	I:	D:
11396	12133	-	2	1.286638	I:	D:
12262	12696	-	1	1.319559	I:	D:
>YA4_16438
1	525	+	1	1.374783	I:	D:
545	1537	+	2	1.328643	I:	D:
1534	2481	+	1	1.344346	I:	D:
2600	3850	+	2	1.305622	I:	D:
3880	5049	+	1	1.323209	I:	D:
5177	5830	+	2	1.302161	I:	D:
5844	5993	+	3	1.298606	I:	D:
6221	7063	+	2	1.327520	I:	D:
7075	7356	+	1	1.299475	I:	D:
7522	8823	+	1	1.282066	I:	D:
8872	9456	+	1	1.321491	I:	D:
9470	10765	+	2	1.323889	I:	D:
10924	11619	-	1	1.338327	I:	D:
11729	12388	+	2	1.282797	I:	D:
12410	12730	+	2	1.298745	I:	D:
>YA4_16497
2	2494	+	2	1.313490	I:	D:
2677	3642	-	1	1.325928	I:	D:
3749	4612	+	2	1.335400	I:	D:
4663	6024	-	1	1.350000	I:	D:
6486	7667	+	3	1.310805	I:	D:
7722	8150	+	3	1.303586	I:	D:
8450	10252	+	2	1.334640	I:	D:
10422	11597	+	3	1.282244	I:	D:
11714	12493	+	2	1.325116	I:	D:
>YA4_16509
176	454	-	2	1.298165	I:	D:
619	873	-	1	1.284930	I:	D:
1015	1803	+	1	1.308840	I:	D:
2210	2536	-	2	1.284583	I:	D:
2555	2887	-	2	1.240189	I:	D:
2905	3132	-	1	1.252620	I:	D:
3203	3571	-	2	1.231954	I:	D:
3592	5061	-	1	1.291263	I:	D:
5081	5311	-	2	1.356655	I:	D:
5396	5770	-	2	1.207675	I:	D:
5826	6320	-	3	1.293098	I:	D:
6593	7288	-	2	1.282895	I:	D:
7364	7789	-	2	1.311833	I:	D:
7908	8486	-	3	1.332319	I:	D:
8503	8778	-	1	1.308758	I:	D:
9404	10750	-	2	1.310172	I:	D:
11376	11864	-	3	1.345413	I:	D:
11973	12392	+	3	1.305321	I:	D:
>YA4_16626
208	729	+	1	1.263326	I:	D:
1015	2982	-	1	1.315353	I:	D:
2979	3671	-	3	1.322262	I:	D:
3891	5210	-	3	1.327270	I:	D:
5675	6862	+	2	1.341553	I:	D:
6910	7062	+	1	1.244087	I:	D:
7275	7664	+	3	1.315830	I:	D:
8437	8700	-	1	1.249564	I:	D:
9081	10079	+	3	1.321152	I:	D:
10131	11006	+	3	1.304028	I:	D:
11128	11883	+	1	1.341786	I:	D:
>YA4_16659
170	1384	-	2	1.322456	I:	D:
1400	2326	-	2	1.308959	I:	D:
2440	2655	+	1	1.280344	I:	D:
2803	3105	+	1	1.296762	I:	D:
3192	5453	+	3	1.325231	I:	D:
5467	7419	+	1	1.315121	I:	D:
7447	8406	+	1	1.310632	I:	D:
8883	9167	-	3	1.323635	I:	D:
9397	9606	+	1	1.350169	I:	D:
9630	9854	+	3	1.266610	I:	D:
9948	11957	+	3	1.316045	I:	D:
>YA4_16677
245	2413	-	2	1.345467	I:	D:
2431	4023	-	1	1.357692	I:	D:
4406	5875	-	2	1.366685	I:	D:
5896	7158	-	1	1.347361	I:	D:
7188	7319	-	3	1.339079	I:	D:
7361	7738	-	2	1.330524	I:	D:
7741	8673	-	1	1.344566	I:	D:
8674	8925	-	1	1.324738	I:	D:
8922	9236	-	3	1.323546	I:	D:
9233	9547	-	2	1.352224	I:	D:
9547	10014	-	1	1.293629	I:	D:
10425	10556	-	3	1.238280	I:	D:
10662	11411	-	3	1.319399	I:	D:
11437	11808	-	1	1.286757	I:	D:
>YA4_16685
3	521	+	3	1.327550	I:	D:
654	1865	+	3	1.319778	I:	D:
2031	2726	-	3	1.298592	I:	D:
2834	3403	+	2	1.327941	I:	D:
4112	5260	+	2	1.327263	I:	D:
5432	7111	+	2	1.327844	I:	D:
7214	8722	-	2	1.340634	I:	D:
8719	9027	-	1	1.270156	I:	D:
9237	9737	-	3	1.350851	I:	D:
9914	11260	+	2	1.307384	I:	D:
11406	11888	-	3	1.312904	I:	D:
>YA4_16699
298	810	+	1	1.319953	I:	D:
841	1479	+	1	1.322580	I:	D:
1479	2468	+	3	1.315997	I:	D:
2470	3378	+	1	1.305699	I:	D:
3384	4121	+	3	1.332763	I:	D:
4147	4986	+	1	1.325365	I:	D:
5215	6627	+	1	1.319744	I:	D:
6730	7134	+	1	1.347533	I:	D:
7393	11715	+	1	1.335776	I:	D:
>YA4_16700
2	349	+	2	1.215081	I:	D:
564	980	+	3	1.314426	I:	D:
1042	1758	+	1	1.299254	I:	D:
1863	3563	+	3	1.309267	I:	D:
3583	3846	+	1	1.331562	I:	D:
3803	5818	+	2	1.293663	I:	D:
5829	6497	+	3	1.298378	I:	D:
6617	6988	+	2	1.262762	I:	D:
6995	7168	+	2	1.398881	I:	D:
7184	7900	+	2	1.213525	I:	D:
7912	9894	+	1	1.290187	I:	D:
9906	10400	+	3	1.241085	I:	D:
10439	10798	-	2	1.311525	I:	D:
10997	11227	+	2	1.316324	I:	D:
11313	11441	+	3	1.289237	I:	D:
11464	11850	+	1	1.275920	I:	D:
>YA4_16715
56	1057	-	2	1.285663	I:	D:
1093	1245	-	1	1.203219	I:	D:
1551	1943	-	3	1.340333	I:	D:
2012	3349	-	2	1.305985	I:	D:
3466	3660	+	1	1.298697	I:	D:
3875	4093	+	2	1.291764	I:	D:
4656	6170	+	3	1.370106	I:	D:
6167	7246	+	2	1.291929	I:	D:
7243	8256	+	1	1.261954	I:	D:
8378	9553	-	2	1.344108	I:	D:
9584	10663	-	2	1.287860	I:	D:
10954	11814	-	1	1.304108	I:	D:
>YA4_16743
221	853	-	2	1.321227	I:	D:
1017	1505	-	3	1.340600	I:	D:
1747	2712	-	1	1.272081	I:	D:
2927	3379	+	2	1.290234	I:	D:
3796	4794	-	1	1.322162	I:	D:
4812	5927	-	3	1.315507	I:	D:
6119	7378	-	2	1.327027	I:	D:
8103	8939	+	3	1.332490	I:	D:
8954	10195	+	2	1.293876	I:	D:
10299	11573	+	3	1.334488	I:	D:
>YA4_16804
136	585	-	1	1.361296	I:	D:
589	1917	-	1	1.316006	I:	D:
2345	2869	-	2	1.281526	I:	D:
2872	3621	-	1	1.323134	I:	D:
3639	4691	-	3	1.303488	I:	D:
4863	5063	+	3	1.364227	I:	D:
5246	6043	+	2	1.330503	I:	D:
6238	7395	+	1	1.322507	I:	D:
7398	8036	+	3	1.339340	I:	D:
8029	8898	+	1	1.303282	I:	D:
8891	10393	+	2	1.328012	I:	D:
10372	11337	+	1	1.358201	I:	D:
>YA4_16825
252	1136	+	3	1.309923	I:	D:
1312	2925	+	1	1.320057	I:	D:
3094	5640	+	1	1.296661	I:	D:
6236	7672	-	2	1.346277	I:	D:
7983	8174	-	3	1.307202	I:	D:
8207	9256	+	2	1.307588	I:	D:
9300	10292	+	3	1.308686	I:	D:
10329	11285	+	3	1.307644	I:	D:
>YA4_16830
45	743	-	3	1.322050	I:	D:
1002	1202	+	3	1.329802	I:	D:
1374	2033	-	3	1.300786	I:	D:
2527	3819	-	1	1.310885	I:	D:
3865	5958	-	1	1.308957	I:	D:
6092	6562	-	2	1.301915	I:	D:
6713	7129	-	2	1.334258	I:	D:
8037	9230	+	3	1.312105	I:	D:
9285	10502	+	3	1.304823	I:	D:
10666	11043	+	1	1.324532	I:	D:
>YA4_16861
240	1058	-	3	1.316204	I:	D:
1272	1967	-	3	1.295014	I:	D:
2187	3638	-	3	1.286028	I:	D:
3838	4776	-	1	1.323995	I:	D:
4885	7329	-	1	1.312618	I:	D:
7547	8200	-	2	1.303080	I:	D:
8190	10229	-	3	1.294881	I:	D:
10481	11053	-	2	1.260584	I:	D:
>YA4_16876
4	228	-	1	1.358788	I:	D:
366	1592	+	3	1.354542	I:	D:
1677	2471	-	3	1.233555	I:	D:
2503	3033	-	1	1.278459	I:	D:
3471	3656	-	3	1.244805	I:	D:
3829	4809	-	1	1.333757	I:	D:
4908	5585	-	3	1.328523	I:	D:
5966	7000	+	2	1.288650	I:	D:
7048	7485	-	1	1.308166	I:	D:
7645	8280	+	1	1.303206	I:	D:
8302	8871	+	1	1.313953	I:	D:
8884	9219	+	1	1.318715	I:	D:
9271	9699	-	1	1.321293	I:	D:
9810	11288	+	3	1.352538	I:	D:
>YA4_16970
127	1656	-	1	1.333240	I:	D:
1679	2986	-	2	1.313391	I:	D:
3016	4590	-	1	1.305505	I:	D:
4735	5772	-	1	1.289347	I:	D:
5823	6617	-	3	1.289563	I:	D:
6665	7819	-	2	1.309042	I:	D:
7876	8112	+	1	1.343329	I:	D:
8486	9019	-	2	1.329563	I:	D:
9021	10022	-	3	1.332212	I:	D:
10000	10845	-	1	1.296855	I:	D:
>YA4_17024
199	1155	-	1	1.338838	I:	D:
1148	1933	-	2	1.325419	I:	D:
1947	3557	-	3	1.321429	I:	D:
3591	4418	-	3	1.369246	I:	D:
4419	5357	-	3	1.355327	I:	D:
6137	8362	+	2	1.311530	I:	D:
8423	8629	+	2	1.394456	I:	D:
8789	9049	-	2	1.363493	I:	D:
9052	9795	-	1	1.365877	I:	D:
9795	10544	-	3	1.333698	I:	D:
>YA4_17051
3	635	-	3	1.409182	I:	D:
726	1469	+	3	1.321593	I:	D:
1496	3037	+	2	1.336828	I:	D:
3078	4391	+	3	1.303352	I:	D:
4594	4788	+	1	1.328879	I:	D:
5310	5765	-	3	1.332168	I:	D:
5779	6588	-	1	1.326544	I:	D:
7155	8177	+	3	1.323985	I:	D:
8711	9208	-	2	1.297507	I:	D:
9749	10525	-	2	1.337456	I:	D:
>YA4_17118
3	350	-	3	1.383430	I:	D:
468	800	+	3	1.377012	I:	D:
823	1059	-	1	1.283274	I:	D:
1117	1536	+	1	1.314492	I:	D:
1581	2870	-	3	1.319901	I:	D:
3172	3645	-	1	1.345802	I:	D:
3808	4035	-	1	1.288368	I:	D:
4155	5921	-	3	1.288530	I:	D:
6363	6809	+	3	1.300424	I:	D:
6844	8595	+	1	1.346276	I:	D:
8595	10487	+	3	1.350201	I:	D:
>YA4_17176
1	381	-	1	1.362078	I:	D:
498	1646	-	3	1.316886	I:	D:
1639	2367	-	1	1.303720	I:	D:
2379	3236	-	3	1.304619	I:	D:
3229	3933	-	1	1.284226	I:	D:
3941	6193	-	2	1.323805	I:	D:
6591	8717	-	3	1.316055	I:	D:
8935	9132	-	1	1.286243	I:	D:
9211	9528	-	1	1.373854	I:	D:
9705	9908	-	3	1.403047	I:	D:
10005	10499	-	3	1.402109	I:	D:
>YA4_17269
57	242	+	3	1.320306	I:	D:
270	4724	-	3	1.303691	I:	D:
4897	6000	+	1	1.303994	I:	D:
6220	7344	-	1	1.291409	I:	D:
7364	8641	-	2	1.310187	I:	D:
8665	9444	-	1	1.328380	I:	D:
>YA4_17282
3	191	+	3	1.311236	I:	D:
207	992	+	3	1.327709	I:	D:
1003	1758	+	1	1.339032	I:	D:
1774	2268	+	1	1.319273	I:	D:
2589	3782	+	3	1.325336	I:	D:
3887	5137	+	2	1.321675	I:	D:
5460	6305	+	3	1.327476	I:	D:
6391	7095	+	1	1.274891	I:	D:
7117	7275	+	1	1.362188	I:	D:
7092	8585	+	3	1.346561	I:	D:
8542	9975	+	1	1.304439	I:	D:
>YA4_17326
2	145	+	2	1.287954	I:	D:
178	1131	-	1	1.323165	I:	D:
1200	2936	+	3	1.311330	I:	D:
2948	3520	+	2	1.311810	I:	D:
3723	4142	+	3	1.353940	I:	D:
4155	4823	+	3	1.336548	I:	D:
4836	5414	+	3	1.344683	I:	D:
5427	6107	+	3	1.351796	I:	D:
6151	7494	+	1	1.369116	I:	D:
7636	7791	+	1	1.419677	I:	D:
7874	8671	-	2	1.347406	I:	D:
8985	9869	-	3	1.319546	I:	D:
10007	10153	-	2	1.282796	I:	D:
>YA4_17375
1	282	-	1	1.311460	I:	D:
362	1624	-	2	1.329015	I:	D:
2300	3748	-	2	1.317041	I:	D:
3753	4415	-	3	1.321490	I:	D:
4429	4881	-	1	1.310342	I:	D:
4897	7128	-	1	1.343692	I:	D:
7537	8256	+	1	1.336886	I:	D:
8263	9336	+	1	1.329278	I:	D:
9339	10007	+	3	1.335283	I:	D:
>YA4_17414
230	1519	-	2	1.302351	I:	D:
1519	2013	-	1	1.320225	I:	D:
2396	3478	-	2	1.316689	I:	D:
4047	5597	+	3	1.314968	I:	D:
5961	6125	-	3	1.164664	I:	D:
6447	7544	+	3	1.309317	I:	D:
8162	9082	+	2	1.340203	I:	D:
9194	9727	-	2	1.370149	I:	D:
>YA4_17475
108	1229	-	3	1.324652	I:	D:
1436	2596	-	2	1.322793	I:	D:
3173	4393	+	2	1.327294	I:	D:
4543	4710	-	1	1.173058	I:	D:
5068	7659	+	1	1.342699	I:	D:
7684	8274	+	1	1.328691	I:	D:
8424	8831	+	3	1.246639	I:	D:
9022	9501	-	1	1.338896	I:	D:
9538	9858	-	1	1.418978	I:	D:
>YA4_17527
39	656	-	3	1.274805	I:	D:
1287	2951	+	3	1.343129	I:	D:
2998	4275	+	1	1.331226	I:	D:
4275	4769	+	3	1.301577	I:	D:
4871	5941	+	2	1.327824	I:	D:
6164	7336	-	2	1.340155	I:	D:
7557	7694	+	3	1.290035	I:	D:
7733	8965	+	2	1.298045	I:	D:
8958	9713	+	3	1.330431	I:	D:
>YA4_17593
2	175	+	2	1.309172	I:	D:
484	3963	-	1	1.332749	I:	D:
3979	5727	-	1	1.325573	I:	D:
5764	5892	+	1	1.367277	I:	D:
6330	6482	+	3	1.300611	I:	D:
6646	8664	-	1	1.296198	I:	D:
8735	9394	+	2	1.329760	I:	D:
>YA4_17721
106	873	-	1	1.332671	I:	D:
903	1670	-	3	1.309773	I:	D:
1834	2016	-	1	1.265548	I:	D:
2503	3843	+	1	1.312099	I:	D:
3947	4189	+	2	1.218747	I:	D:
4423	4665	-	1	1.292850	I:	D:
4670	5626	-	2	1.325121	I:	D:
5761	6630	-	1	1.324812	I:	D:
6653	7576	-	2	1.325240	I:	D:
7589	8554	-	2	1.320677	I:	D:
8561	9322	-	2	1.349708	I:	D:
>YA4_17762
1	150	-	1	1.247078	I:	D:
388	1608	-	1	1.323194	I:	D:
1621	2493	-	1	1.318150	I:	D:
2512	3741	-	1	1.302289	I:	D:
3762	4997	-	3	1.321916	I:	D:
5023	6066	-	1	1.319065	I:	D:
6362	7585	+	2	1.310452	I:	D:
7835	9217	+	2	1.331069	I:	D:
>YA4_17822
134	799	-	2	1.331234	I:	D:
802	1683	-	1	1.336012	I:	D:
1683	4103	-	3	1.319384	I:	D:
4109	4843	-	2	1.325321	I:	D:
4906	5943	-	1	1.346816	I:	D:
5948	7285	-	2	1.320795	I:	D:
7865	8518	+	2	1.346896	I:	D:
8597	9070	+	2	1.362873	I:	D:
>YA4_17884
149	634	-	2	1.332799	I:	D:
612	1349	-	3	1.317841	I:	D:
1270	1698	-	1	1.273490	I:	D:
1907	3544	+	2	1.324211	I:	D:
3930	5027	-	3	1.326415	I:	D:
5393	6571	-	2	1.339548	I:	D:
6591	7274	-	3	1.290220	I:	D:
7426	7875	-	1	1.314232	I:	D:
7947	8882	+	3	1.323709	I:	D:
>YA4_17915
69	1058	-	3	1.303685	I:	D:
1068	1199	-	3	1.279318	I:	D:
1256	1915	-	2	1.329981	I:	D:
1957	2490	-	1	1.344520	I:	D:
2490	3260	-	3	1.290826	I:	D:
3273	3926	-	3	1.354253	I:	D:
4033	4683	-	1	1.334938	I:	D:
4931	5764	-	2	1.307177	I:	D:
5785	7131	-	1	1.354887	I:	D:
7537	8712	-	1	1.345339	I:	D:
>YA4_17930
1	960	+	1	1.303629	I:	D:
1080	1574	+	3	1.321503	I:	D:
1574	2851	+	2	1.324638	I:	D:
2882	4210	+	2	1.340926	I:	D:
4225	4353	+	1	1.291912	I:	D:
4408	4974	+	1	1.318286	I:	D:
4985	5641	+	2	1.314968	I:	D:
5800	7248	-	1	1.321737	I:	D:
7353	8198	+	3	1.271961	I:	D:
8377	8922	+	1	1.311480	I:	D:
>YA4_18062
2	1144	-	2	1.366131	I:	D:
1377	2045	+	3	1.343885	I:	D:
2198	2641	+	2	1.320631	I:	D:
2919	4115	+	3	1.314545	I:	D:
4131	5687	+	3	1.322207	I:	D:
5789	6208	+	2	1.247085	I:	D:
6407	6739	-	2	1.298404	I:	D:
6769	8730	+	1	1.242689	I:	D:
>YA4_18080
166	1167	-	1	1.368016	I:	D:
1243	2148	+	1	1.324581	I:	D:
2476	3084	-	1	1.265837	I:	D:
3195	4748	-	3	1.336940	I:	D:
5247	6389	-	3	1.336266	I:	D:
6611	8461	+	2	1.345651	I:	D:
>YA4_18107
3	263	-	3	1.202656	I:	D:
310	771	+	1	1.236577	I:	D:
768	1664	+	3	1.249666	I:	D:
2068	3396	+	1	1.330906	I:	D:
3548	4123	+	2	1.328529	I:	D:
4120	5565	+	1	1.300597	I:	D:
5655	6254	+	3	1.342478	I:	D:
7171	8592	+	1	1.312227	I:	D:
>YA4_18119
3	293	+	3	1.292874	I:	D:
342	1319	+	3	1.320141	I:	D:
1363	2358	+	1	1.301503	I:	D:
2461	3522	-	1	1.318378	I:	D:
3538	4725	-	1	1.333589	I:	D:
4785	6086	-	3	1.326205	I:	D:
6445	7914	+	1	1.301947	I:	D:
7939	8424	+	1	1.297327	I:	D:
8485	8625	-	1	1.259575	I:	D:
>YA4_18139
1	1035	+	1	1.316158	I:	D:
1216	2370	+	1	1.334359	I:	D:
2554	2964	-	1	1.266392	I:	D:
3410	4795	+	2	1.345943	I:	D:
4994	8482	+	2	1.310232	I:	D:
>YA4_18156
3	620	-	3	1.318371	I:	D:
601	1341	-	1	1.347455	I:	D:
1472	2410	-	2	1.287501	I:	D:
2431	4380	-	1	1.295587	I:	D:
4381	5055	-	1	1.317205	I:	D:
5083	5364	-	1	1.338699	I:	D:
5436	6677	-	3	1.331364	I:	D:
6692	7321	-	2	1.312884	I:	D:
7348	8061	-	1	1.316879	I:	D:
>YA4_18250
2	136	+	2	1.285012	I:	D:
146	1690	-	2	1.294282	I:	D:
1948	2931	-	1	1.349250	I:	D:
3047	3184	+	2	1.267932	I:	D:
3220	3888	+	1	1.306729	I:	D:
4118	5656	+	2	1.324809	I:	D:
5668	6354	+	1	1.327401	I:	D:
6504	7826	+	3	1.351067	I:	D:
7948	8316	+	1	1.312588	I:	D:
>YA4_18270
299	481	+	2	1.386946	I:	D:
548	1642	+	2	1.297406	I:	D:
1666	2841	+	1	1.300196	I:	D:
3070	4302	+	1	1.296484	I:	D:
4685	5035	+	2	1.270981	I:	D:
5168	6370	-	2	1.308003	I:	D:
6800	8182	+	2	1.318278	I:	D:
8237	8401	-	2	1.404058	I:	D:
>YA4_18283
2	343	+	2	1.286835	I:	D:
540	1313	-	3	1.382781	I:	D:
1306	2190	-	1	1.354978	I:	D:
2505	3593	-	3	1.304493	I:	D:
3715	3870	+	1	1.396370	I:	D:
3975	4391	-	3	1.270626	I:	D:
4381	4605	-	1	1.244446	I:	D:
4705	5451	-	1	1.321778	I:	D:
5473	6936	-	1	1.341041	I:	D:
7138	7593	+	1	1.281447	I:	D:
7675	8046	-	1	1.302389	I:	D:
>YA4_18286
78	308	-	3	1.348812	I:	D:
823	2244	+	1	1.322921	I:	D:
2352	2606	-	3	1.337826	I:	D:
2775	4034	-	3	1.318108	I:	D:
4034	4543	-	2	1.324269	I:	D:
4580	5638	-	2	1.306604	I:	D:
5685	6968	-	3	1.360240	I:	D:
7054	7287	-	1	1.308173	I:	D:
7435	8382	+	1	1.349228	I:	D:
>YA4_18330
538	1467	+	1	1.299018	I:	D:
1651	2439	+	1	1.347603	I:	D:
2446	3291	+	1	1.357622	I:	D:
3295	4218	+	1	1.358688	I:	D:
4232	4984	+	2	1.324379	I:	D:
4986	5642	+	3	1.282987	I:	D:
5639	6322	+	2	1.329499	I:	D:
6259	7980	+	1	1.323112	I:	D:
>YA4_18385
274	1359	+	1	1.323913	I:	D:
1455	2402	-	3	1.310752	I:	D:
2546	3463	-	2	1.319131	I:	D:
3453	5627	-	3	1.331143	I:	D:
5795	6727	-	2	1.294218	I:	D:
7077	7511	+	3	1.258865	I:	D:
7508	8152	+	2	1.337373	I:	D:
>YA4_18450
3	722	-	3	1.342433	I:	D:
927	2153	-	3	1.314649	I:	D:
2194	3099	-	1	1.346876	I:	D:
3103	4344	-	1	1.276389	I:	D:
4349	4792	-	2	1.306893	I:	D:
4909	5268	-	1	1.297149	I:	D:
5541	6467	+	3	1.321132	I:	D:
6648	8132	-	3	1.314673	I:	D:
>YA4_18467
123	1169	-	3	1.332478	I:	D:
1166	1840	-	2	1.308673	I:	D:
2002	3282	+	1	1.299720	I:	D:
3298	4827	+	1	1.326415	I:	D:
4866	8006	+	3	1.351595	I:	D:
>YA4_18478
3	677	+	3	1.265435	I:	D:
875	2161	+	2	1.309049	I:	D:
2475	2861	+	3	1.246568	I:	D:
2867	3310	+	2	1.313582	I:	D:
3312	3788	+	3	1.255453	I:	D:
3776	4711	+	2	1.324935	I:	D:
4717	5391	+	1	1.328201	I:	D:
5464	6033	+	1	1.297919	I:	D:
6030	6848	+	3	1.287553	I:	D:
6860	7807	+	2	1.290620	I:	D:
7834	8097	+	1	1.438411	I:	D:
>YA4_18541
71	964	-	2	1.317031	I:	D:
1221	2552	+	3	1.324185	I:	D:
2952	4016	-	3	1.350826	I:	D:
4045	4488	-	1	1.294563	I:	D:
4490	4879	-	2	1.324097	I:	D:
4905	5408	-	3	1.294554	I:	D:
5401	5724	-	1	1.320000	I:	D:
5735	6769	-	2	1.295400	I:	D:
6914	7813	-	2	1.301708	I:	D:
>YA4_18549
1	1254	+	1	1.330118	I:	D:
1337	2815	+	2	1.301423	I:	D:
2975	3811	-	2	1.298260	I:	D:
4136	4840	-	2	1.339386	I:	D:
5321	6028	-	2	1.325083	I:	D:
6045	7244	-	3	1.291151	I:	D:
7241	7810	-	2	1.325260	I:	D:
>YA4_18596
1	609	-	1	1.287529	I:	D:
623	790	-	2	1.203343	I:	D:
1086	2459	-	3	1.334918	I:	D:
2468	3007	-	2	1.281752	I:	D:
3027	3323	-	3	1.356267	I:	D:
3327	4268	-	3	1.333502	I:	D:
4425	5312	-	3	1.314219	I:	D:
5658	6314	-	3	1.306544	I:	D:
6298	6687	-	1	1.280900	I:	D:
6785	7471	-	2	1.292515	I:	D:
7668	7934	-	3	1.362580	I:	D:
>YA4_18615
3	1169	-	3	1.313066	I:	D:
1417	2766	+	1	1.316595	I:	D:
2917	3327	+	1	1.275864	I:	D:
3328	4683	+	1	1.328618	I:	D:
4695	5597	+	3	1.297763	I:	D:
5599	6327	+	1	1.347383	I:	D:
6349	6822	+	1	1.321230	I:	D:
6851	7483	+	2	1.339278	I:	D:
7497	7901	+	3	1.304286	I:	D:
>YA4_18622
1	1935	-	1	1.340413	I:	D:
1973	2359	-	2	1.297275	I:	D:
2360	3772	-	2	1.336142	I:	D:
3924	4157	+	3	1.313030	I:	D:
4221	4811	-	3	1.319771	I:	D:
4954	5382	-	1	1.360502	I:	D:
5396	6280	-	2	1.313998	I:	D:
6286	7125	-	1	1.297132	I:	D:
7246	7710	-	1	1.285078	I:	D:
>YA4_18646
160	351	+	1	1.343305	I:	D:
457	729	+	1	1.361191	I:	D:
839	1684	-	2	1.283622	I:	D:
2151	3440	-	3	1.311067	I:	D:
3684	4337	-	3	1.290067	I:	D:
4342	5091	-	1	1.327694	I:	D:
5109	6275	-	3	1.314419	I:	D:
6452	7594	-	2	1.274973	I:	D:
>YA4_18701
2	157	+	2	1.306421	I:	D:
207	1859	-	3	1.305540	I:	D:
2258	3265	-	2	1.290780	I:	D:
3540	7418	-	3	1.320574	I:	D:
>YA4_18716
3	380	-	3	1.253232	I:	D:
391	579	-	1	1.224704	I:	D:
1028	2305	+	2	1.295119	I:	D:
2340	2885	+	3	1.346616	I:	D:
2897	4144	+	2	1.321215	I:	D:
4187	5401	+	2	1.320472	I:	D:
5568	6878	-	3	1.322097	I:	D:
6891	7394	-	3	1.290055	I:	D:
7581	7745	-	3	1.343478	I:	D:
>YA4_18760
3	1844	+	3	1.282089	I:	D:
1894	2748	+	1	1.272860	I:	D:
2741	3376	+	2	1.300080	I:	D:
3360	4175	+	3	1.337043	I:	D:
4175	4993	+	2	1.249243	I:	D:
5009	6265	+	2	1.309587	I:	D:
6332	7201	+	2	1.289324	I:	D:
7203	7394	+	3	1.305160	I:	D:
>YA4_18764
418	1323	+	1	1.325945	I:	D:
1443	2561	+	3	1.301405	I:	D:
2675	3523	-	2	1.307930	I:	D:
3524	4882	-	2	1.346080	I:	D:
5192	6394	+	2	1.336002	I:	D:
6696	6932	-	3	1.267779	I:	D:
7109	7381	-	2	1.260059	I:	D:
>YA4_18805
335	664	-	2	1.337364	I:	D:
687	1178	-	3	1.315604	I:	D:
1192	2022	-	1	1.327516	I:	D:
2038	2637	-	1	1.367963	I:	D:
2662	3000	-	1	1.296285	I:	D:
3048	4637	-	3	1.334855	I:	D:
4908	5039	-	3	1.390101	I:	D:
5361	5513	-	3	1.341342	I:	D:
5533	6891	-	1	1.334651	I:	D:
6913	7182	-	1	1.270554	I:	D:
>YA4_18831
100	843	-	1	1.308932	I:	D:
918	1661	-	3	1.333424	I:	D:
1797	1925	+	3	1.376148	I:	D:
2230	2766	+	1	1.317970	I:	D:
3066	3743	+	3	1.308178	I:	D:
3756	5174	+	3	1.307263	I:	D:
5179	5595	+	1	1.331072	I:	D:
5598	6359	+	3	1.318990	I:	D:
6375	6893	+	3	1.331371	I:	D:
6902	7528	+	2	1.321109	I:	D:
>YA4_18928
3	644	-	3	1.324111	I:	D:
1235	4282	+	2	1.323104	I:	D:
4356	5150	-	3	1.346593	I:	D:
5350	5856	+	1	1.284681	I:	D:
5853	6689	+	3	1.310607	I:	D:
6692	7369	+	2	1.299468	I:	D:
>YA4_18943
3	134	+	3	1.219609	I:	D:
82	1125	+	1	1.350341	I:	D:
1393	1632	-	1	1.349185	I:	D:
1675	2385	-	1	1.327129	I:	D:
2378	2854	-	2	1.275384	I:	D:
2951	3241	+	2	1.290075	I:	D:
3292	4488	-	1	1.361000	I:	D:
4507	5337	-	1	1.323965	I:	D:
5375	7186	-	2	1.312339	I:	D:
>YA4_19077
168	785	+	3	1.276948	I:	D:
1115	2683	+	2	1.305304	I:	D:
2680	4524	+	1	1.285999	I:	D:
4542	7298	+	3	1.318132	I:	D:
>YA4_19081
2	235	+	2	1.335150	I:	D:
363	1178	-	3	1.338079	I:	D:
1359	2015	-	3	1.334620	I:	D:
2096	3319	-	2	1.317402	I:	D:
3519	4310	-	3	1.353290	I:	D:
4304	5320	-	2	1.349145	I:	D:
5678	7021	-	2	1.332642	I:	D:
>YA4_19196
254	1588	-	2	1.320596	I:	D:
1588	2976	-	1	1.358294	I:	D:
2977	3840	-	1	1.358905	I:	D:
3842	4798	-	2	1.343214	I:	D:
5198	6022	-	2	1.325588	I:	D:
6052	6996	-	1	1.316594	I:	D:
>YA4_19197
3	1502	-	3	1.327542	I:	D:
1803	4163	-	3	1.334847	I:	D:
4417	4617	-	1	1.259780	I:	D:
4924	5595	+	1	1.296392	I:	D:
5856	6236	-	3	1.257374	I:	D:
6390	7160	+	3	1.388581	I:	D:
>YA4_19201
2	268	-	2	1.257775	I:	D:
580	1182	+	1	1.278211	I:	D:
1183	1893	+	1	1.291642	I:	D:
2040	2504	+	3	1.311496	I:	D:
2521	3063	+	1	1.306948	I:	D:
3276	3611	+	3	1.304672	I:	D:
3624	4064	+	3	1.323760	I:	D:
4070	4783	+	2	1.315311	I:	D:
4904	5737	+	2	1.248717	I:	D:
5756	7096	+	2	1.342657	I:	D:
>YA4_19267
2	151	-	2	1.367830	I:	D:
151	549	+	1	1.316500	I:	D:
650	1495	-	2	1.309784	I:	D:
1695	2357	-	3	1.306308	I:	D:
2374	3243	-	1	1.314430	I:	D:
3278	4054	-	2	1.343561	I:	D:
4051	7074	-	1	1.311171	I:	D:
>YA4_19279
15	1787	+	3	1.335684	I:	D:
2083	2769	+	1	1.295202	I:	D:
2785	3759	+	1	1.309571	I:	D:
3770	4501	+	2	1.328405	I:	D:
4515	5675	+	3	1.324828	I:	D:
5679	6854	+	3	1.351959	I:	D:
>YA4_19352
75	404	-	3	1.296408	I:	D:
404	739	-	2	1.316482	I:	D:
753	1511	-	3	1.345638	I:	D:
1540	2256	-	1	1.298759	I:	D:
2260	2856	-	1	1.324988	I:	D:
2861	3451	-	2	1.329304	I:	D:
3468	4763	-	3	1.331476	I:	D:
4760	5407	-	2	1.325059	I:	D:
5408	6703	-	2	1.320811	I:	D:
>YA4_19377
1	1407	+	1	1.326266	I:	D:
1585	2310	+	1	1.285217	I:	D:
2432	3364	+	2	1.270070	I:	D:
3546	4535	+	3	1.297566	I:	D:
4579	6198	+	1	1.342920	I:	D:
6222	6791	+	3	1.359054	I:	D:
>YA4_19433
218	1165	-	2	1.281908	I:	D:
1180	2604	-	1	1.323478	I:	D:
2597	3289	-	2	1.309055	I:	D:
3291	3794	-	3	1.231228	I:	D:
3876	5285	+	3	1.333872	I:	D:
5446	5943	-	1	1.284058	I:	D:
6078	6551	+	3	1.238705	I:	D:
6742	6906	-	1	1.485974	I:	D:
>YA4_19486
61	279	-	1	1.359103	I:	D:
517	1926	-	1	1.318273	I:	D:
1980	2861	-	3	1.326409	I:	D:
3110	3298	+	2	1.358204	I:	D:
3425	3787	-	2	1.298888	I:	D:
3784	4443	-	1	1.339855	I:	D:
4642	5865	+	1	1.312873	I:	D:
5929	6834	-	1	1.329984	I:	D:
>YA4_19509
2	442	+	2	1.287624	I:	D:
543	1808	+	3	1.295639	I:	D:
1864	2079	+	1	1.327371	I:	D:
2333	4885	+	2	1.316167	I:	D:
4885	5148	+	1	1.298987	I:	D:
5388	5663	+	3	1.230400	I:	D:
5746	5988	+	1	1.339621	I:	D:
6015	6332	+	3	1.281224	I:	D:
6371	6706	+	2	1.293555	I:	D:
>YA4_19549
2	595	-	2	1.328766	I:	D:
588	1772	-	3	1.338819	I:	D:
1774	2376	-	1	1.289955	I:	D:
2376	3152	-	3	1.291260	I:	D:
3165	4175	-	3	1.327313	I:	D:
4182	4748	-	3	1.342937	I:	D:
4753	6219	-	1	1.332306	I:	D:
>YA4_19557
2	643	+	2	1.294955	I:	D:
928	1734	-	1	1.334156	I:	D:
2051	2506	-	2	1.306182	I:	D:
2703	3257	+	3	1.329319	I:	D:
3278	3802	+	2	1.333505	I:	D:
4068	5075	-	3	1.347900	I:	D:
5130	6440	-	3	1.330502	I:	D:
6584	6754	-	2	1.345467	I:	D:
>YA4_19586
122	1477	-	2	1.354468	I:	D:
1605	1769	-	3	1.301736	I:	D:
1887	2159	+	3	1.360791	I:	D:
2538	2999	-	3	1.299373	I:	D:
3044	4243	-	2	1.339785	I:	D:
4263	4913	-	3	1.335015	I:	D:
4928	6031	-	2	1.332407	I:	D:
6164	6400	-	2	1.279184	I:	D:
>YA4_19734
3	2513	-	3	1.326986	I:	D:
2539	2823	-	1	1.346881	I:	D:
2931	5402	-	3	1.308353	I:	D:
5498	6403	-	2	1.289395	I:	D:
>YA4_19839
112	834	-	1	1.336867	I:	D:
844	1398	-	1	1.320635	I:	D:
1889	2887	-	2	1.285707	I:	D:
2958	3227	-	3	1.333756	I:	D:
3206	3469	-	2	1.248531	I:	D:
3768	4259	-	3	1.362508	I:	D:
4275	4640	-	3	1.311278	I:	D:
4715	5989	-	2	1.279141	I:	D:
6183	6485	-	3	1.249746	I:	D:
>YA4_19924
2	256	+	2	1.265004	I:	D:
253	1578	+	1	1.329148	I:	D:
1580	2179	+	2	1.363851	I:	D:
2198	3202	+	2	1.343057	I:	D:
3520	4002	+	1	1.290687	I:	D:
4067	4513	+	2	1.257386	I:	D:
4679	5887	-	2	1.305960	I:	D:
6162	6419	+	3	1.263971	I:	D:
>YA4_19929
92	2701	-	2	1.295796	I:	D:
2639	2773	+	2	1.232125	I:	D:
2830	3753	-	1	1.343368	I:	D:
3776	4978	-	2	1.317427	I:	D:
5314	6309	+	1	1.328138	I:	D:
>YA4_19992
1	1110	-	1	1.328523	I:	D:
1267	2418	+	1	1.319337	I:	D:
2521	3924	-	1	1.316072	I:	D:
4203	6038	-	3	1.310712	I:	D:
6211	6357	-	1	1.346764	I:	D:
>YA4_20018
350	709	+	2	1.279671	I:	D:
861	1340	+	3	1.269600	I:	D:
1536	4001	-	3	1.325268	I:	D:
4035	5963	-	3	1.345602	I:	D:
6015	6215	-	3	1.292474	I:	D:
>YA4_20171
1	1503	-	1	1.293579	I:	D:
1581	2147	-	3	1.291750	I:	D:
2168	3250	-	2	1.316270	I:	D:
3557	4708	-	2	1.331197	I:	D:
4709	5296	-	2	1.330787	I:	D:
5293	6006	-	1	1.305976	I:	D:
5993	6196	-	2	1.271433	I:	D:
>YA4_20230
1	165	+	1	1.334805	I:	D:
207	512	-	3	1.302583	I:	D:
616	1803	-	1	1.317121	I:	D:
1974	2876	-	3	1.337964	I:	D:
3030	3413	+	3	1.288058	I:	D:
3481	3663	-	1	1.295006	I:	D:
3853	5073	+	1	1.311419	I:	D:
5073	6077	+	3	1.350384	I:	D:
>YA4_20257
194	1072	-	2	1.327163	I:	D:
1087	2355	-	1	1.324824	I:	D:
2359	3726	-	1	1.335918	I:	D:
4060	4464	-	1	1.322952	I:	D:
4573	5460	+	1	1.331216	I:	D:
5453	5956	+	2	1.323626	I:	D:
>YA4_20305
2	1201	-	2	1.301042	I:	D:
1218	3449	-	3	1.329044	I:	D:
3462	3953	-	3	1.286689	I:	D:
3965	4429	-	2	1.309196	I:	D:
4419	5549	-	3	1.337447	I:	D:
5553	6083	-	3	1.357548	I:	D:
>YA4_20442
3	1244	-	3	1.304436	I:	D:
1880	3172	+	2	1.307554	I:	D:
3162	4085	+	3	1.319993	I:	D:
4087	5175	+	1	1.327834	I:	D:
5168	5971	+	2	1.312477	I:	D:
>YA4_20571
3	650	-	3	1.340977	I:	D:
400	576	+	1	1.360781	I:	D:
643	1218	-	1	1.283464	I:	D:
1224	1571	-	3	1.265591	I:	D:
1585	2340	-	1	1.345034	I:	D:
2343	2864	-	3	1.286287	I:	D:
2867	3958	-	2	1.304392	I:	D:
3955	5316	-	1	1.312334	I:	D:
5313	5858	-	3	1.306039	I:	D:
>YA4_20588
3	1700	-	3	1.300891	I:	D:
1713	2192	-	3	1.267398	I:	D:
2349	3275	-	3	1.340968	I:	D:
3337	4299	-	1	1.345786	I:	D:
4311	4679	-	3	1.302511	I:	D:
4682	5647	-	2	1.329136	I:	D:
>YA4_20685
3	1046	+	3	1.252714	I:	D:
1379	1828	-	2	1.320695	I:	D:
1860	2318	-	3	1.311259	I:	D:
2711	4063	+	2	1.381195	I:	D:
4321	5568	+	1	1.280177	I:	D:
>YA4_20736
228	1841	-	3	1.355036	I:	D:
1892	3733	-	2	1.325861	I:	D:
4029	4229	-	3	1.272065	I:	D:
4345	5565	-	1	1.304761	I:	D:
>YA4_20781
3	281	+	3	1.298881	I:	D:
313	1047	-	1	1.348545	I:	D:
1237	2112	+	1	1.373423	I:	D:
2368	2643	-	1	1.285252	I:	D:
2968	3453	+	1	1.318773	I:	D:
3725	5026	-	2	1.345362	I:	D:
5334	5711	+	3	1.347675	I:	D:
>YA4_20836
1	627	+	1	1.330869	I:	D:
1027	2121	-	1	1.316928	I:	D:
2243	3592	+	2	1.340990	I:	D:
3659	4015	-	2	1.307356	I:	D:
4351	4497	+	1	1.235600	I:	D:
4589	5518	+	2	1.349051	I:	D:
>YA4_20859
252	905	+	3	1.282953	I:	D:
902	1447	+	2	1.319432	I:	D:
1468	1731	+	1	1.266015	I:	D:
2000	4096	+	2	1.311355	I:	D:
4258	5526	+	1	1.343560	I:	D:
>YA4_20962
169	444	+	1	1.339512	I:	D:
472	675	+	1	1.266008	I:	D:
675	968	+	3	1.358131	I:	D:
1068	1304	+	3	1.312919	I:	D:
1523	2275	+	2	1.307732	I:	D:
2205	3020	+	3	1.329098	I:	D:
3035	3418	+	2	1.287411	I:	D:
3534	4094	+	3	1.291455	I:	D:
4296	4565	+	3	1.321244	I:	D:
4865	5350	+	2	1.359435	I:	D:
>YA4_21056
355	834	+	1	1.339784	I:	D:
918	1418	+	3	1.282308	I:	D:
1466	2461	+	2	1.318751	I:	D:
2606	3034	+	2	1.324750	I:	D:
3047	3673	+	2	1.315734	I:	D:
3689	4732	+	2	1.332481	I:	D:
4762	5301	+	1	1.300423	I:	D:
>YA4_21070
207	1118	-	3	1.321292	I:	D:
1142	2356	-	2	1.325150	I:	D:
2407	5334	-	1	1.336378	I:	D:
>YA4_21160
456	1184	-	3	1.321796	I:	D:
1197	2126	-	3	1.287129	I:	D:
2223	2948	+	3	1.347573	I:	D:
2945	3277	+	2	1.361775	I:	D:
3485	3751	-	2	1.341629	I:	D:
3771	5309	-	3	1.337032	I:	D:
>YA4_21161
3	908	+	3	1.354263	I:	D:
1077	3146	-	3	1.323959	I:	D:
3347	3658	+	2	1.265155	I:	D:
3663	3998	+	3	1.244504	I:	D:
4030	5136	+	1	1.326671	I:	D:
5154	5435	-	3	1.281762	I:	D:
>YA4_21229
2	2212	-	2	1.339467	I:	D:
2222	2383	-	2	1.289771	I:	D:
2454	2978	-	3	1.339742	I:	D:
2975	3859	-	2	1.328670	I:	D:
3876	4904	-	3	1.336060	I:	D:
5223	5396	-	3	1.341035	I:	D:
>YA4_21244
2	1039	+	2	1.309111	I:	D:
1162	2649	+	1	1.285212	I:	D:
2714	3400	+	2	1.290558	I:	D:
3997	4161	+	1	1.426342	I:	D:
5188	5388	-	1	1.429463	I:	D:
>YA4_21317
50	634	-	2	1.327730	I:	D:
845	3025	+	2	1.340552	I:	D:
3036	5219	+	3	1.318797	I:	D:
>YA4_21328
242	1126	+	2	1.347203	I:	D:
1386	2390	+	3	1.332358	I:	D:
2410	3183	+	1	1.330472	I:	D:
3302	3892	+	2	1.321696	I:	D:
4161	4544	-	3	1.327655	I:	D:
4729	4881	-	1	1.321373	I:	D:
4995	5330	-	3	1.387084	I:	D:
>YA4_21343
2	1183	-	2	1.312940	I:	D:
1377	2573	+	3	1.340703	I:	D:
2918	3952	-	2	1.341585	I:	D:
4082	4339	+	2	1.371953	I:	D:
4671	5144	+	3	1.333070	I:	D:
>YA4_21350
88	1191	+	1	1.333338	I:	D:
1206	1892	+	3	1.339503	I:	D:
1885	3126	+	1	1.323361	I:	D:
3208	4131	+	1	1.270175	I:	D:
4264	4848	+	1	1.353164	I:	D:
4849	5316	+	1	1.321208	I:	D:
>YA4_21356
91	1764	-	1	1.335181	I:	D:
2120	3514	+	2	1.354387	I:	D:
3742	5190	+	1	1.321190	I:	D:
>YA4_21363
146	886	+	2	1.315580	I:	D:
890	3022	+	2	1.317312	I:	D:
3009	4313	+	3	1.344281	I:	D:
4734	5300	+	3	1.271361	I:	D:
>YA4_21393
3	455	-	3	1.304174	I:	D:
724	5286	-	1	1.287552	I:	D:
>YA4_21500
179	1243	-	2	1.330486	I:	D:
1259	2053	-	2	1.317462	I:	D:
2242	3006	-	1	1.320818	I:	D:
3022	3669	-	1	1.352131	I:	D:
3755	4624	-	2	1.302874	I:	D:
4832	5155	+	2	1.293183	I:	D:
>YA4_21511
1	1632	-	1	1.327182	I:	D:
2067	3608	-	3	1.317312	I:	D:
3605	5215	-	2	1.334161	I:	D:
>YA4_21548
174	1169	-	3	1.319806	I:	D:
1250	1648	-	2	1.298311	I:	D:
1685	3613	-	2	1.309838	I:	D:
3974	4507	-	2	1.331075	I:	D:
4500	5195	-	3	1.300242	I:	D:
>YA4_21706
3	176	+	3	1.392577	I:	D:
270	1421	+	3	1.316046	I:	D:
1772	2335	-	2	1.292564	I:	D:
2422	3378	-	1	1.344885	I:	D:
3554	4429	-	2	1.320608	I:	D:
4436	4948	-	2	1.302489	I:	D:
>YA4_21787
221	745	+	2	1.362439	I:	D:
903	1391	+	3	1.271363	I:	D:
1579	2415	+	1	1.274481	I:	D:
2431	3750	+	1	1.336595	I:	D:
3948	4556	+	3	1.283062	I:	D:
4556	4975	+	2	1.316874	I:	D:
>YA4_21820
1	147	-	1	1.402919	I:	D:
266	892	+	2	1.291904	I:	D:
864	3611	+	3	1.281896	I:	D:
3735	4064	+	3	1.286335	I:	D:
4427	4720	+	2	1.297348	I:	D:
4859	5038	-	2	1.345676	I:	D:
>YA4_21872
641	3109	-	2	1.298286	I:	D:
3290	4597	-	2	1.260223	I:	D:
