>Y5.M022_1
3	1895	-	3	1.286345	I:	D:
2242	2799	+	1	1.406863	I:	D:
>Y5.M022_2
1	705	+	1	1.281158	I:	D:
805	1119	+	1	1.335590	I:	D:
1185	1646	-	3	1.319479	I:	D:
1652	1924	-	2	1.249061	I:	D:
2016	2459	-	3	1.278925	I:	D:
2487	3545	+	3	1.258077	I:	D:
3566	3901	+	2	1.228059	I:	D:
4134	4535	-	3	1.196765	I:	D:
5260	5523	+	1	1.263716	I:	D:
6236	7099	+	2	1.201498	I:	D:
7442	7681	+	2	1.292418	I:	D:
>Y5.M022_3
3	788	+	3	1.366635	I:	D:
831	2192	+	3	1.335573	I:	D:
2219	3202	+	2	1.346263	I:	D:
3205	4233	+	1	1.257032	I:	D:
4248	5228	+	3	1.272320	I:	D:
5251	6363	+	1	1.270996	I:	D:
6446	7384	+	2	1.248008	I:	D:
7418	7852	+	2	1.289133	I:	D:
7839	10556	+	3	1.253941	I:	D:
>Y5.M022_4
3	1799	-	3	1.203244	I:	D:
1968	2345	+	3	1.194726	I:	D:
2386	3171	+	1	1.237868	I:	D:
3304	6366	-	1	1.255817	I:	D:
6427	6972	-	1	1.283480	I:	D:
7811	8374	-	2	1.217078	I:	D:
8548	9807	-	1	1.230335	I:	D:
9800	10885	-	2	1.247792	I:	D:
10873	12048	-	1	1.263378	I:	D:
12068	12670	-	2	1.230200	I:	D:
12750	14522	-	3	1.227206	I:	D:
14680	15162	-	1	1.189483	I:	D:
15369	15842	+	3	1.180441	I:	D:
15923	16090	-	2	1.142192	I:	D:
16312	16551	-	1	1.193115	I:	D:
>Y5.M022_5
1	165	+	1	1.158270	I:	D:
232	1287	-	1	1.256785	I:	D:
1556	2506	-	2	1.266087	I:	D:
2570	3958	-	2	1.243352	I:	D:
4262	4540	-	2	1.224757	I:	D:
4687	5520	-	1	1.229004	I:	D:
5753	7105	+	2	1.229824	I:	D:
7229	8035	-	2	1.261608	I:	D:
8089	9063	-	1	1.251311	I:	D:
9376	10776	-	1	1.209064	I:	D:
10841	11707	-	2	1.236922	I:	D:
11709	12257	-	3	1.246976	I:	D:
12651	13985	-	3	1.197239	I:	D:
13987	14499	-	1	1.224434	I:	D:
14684	15454	-	2	1.230518	I:	D:
15467	16147	-	2	1.235735	I:	D:
>Y5.M022_6
1	312	+	1	1.314222	I:	D:
407	1048	+	2	1.259808	I:	D:
1237	2172	-	1	1.203421	I:	D:
2299	3321	+	1	1.235989	I:	D:
3410	4267	-	2	1.261460	I:	D:
4467	4637	-	3	1.205249	I:	D:
4634	5032	-	2	1.223072	I:	D:
5280	6344	-	3	1.220018	I:	D:
6971	9751	-	2	1.235763	I:	D:
10370	11185	+	2	1.223786	I:	D:
11215	12219	-	1	1.221667	I:	D:
12222	12971	-	3	1.239933	I:	D:
12988	15522	-	1	1.223748	I:	D:
15522	15965	-	3	1.258256	I:	D:
>Y5.M022_7
1	2691	+	1	1.230935	I:	D:
2733	3644	+	3	1.213338	I:	D:
4240	6330	+	1	1.230016	I:	D:
6342	6965	+	3	1.187993	I:	D:
7030	8265	+	1	1.267617	I:	D:
8513	9133	+	2	1.200801	I:	D:
9306	10196	+	3	1.313185	I:	D:
10169	11875	+	2	1.273398	I:	D:
11899	12888	+	1	1.311418	I:	D:
13278	15704	+	3	1.214996	I:	D:
>Y5.M022_8
352	1200	+	1	1.176212	I:	D:
1295	2431	+	2	1.248975	I:	D:
2435	3901	+	2	1.264650	I:	D:
3973	4962	+	1	1.216964	I:	D:
5186	5383	+	2	1.273414	I:	D:
5617	8391	+	1	1.253347	I:	D:
8580	9953	+	3	1.280008	I:	D:
10061	10633	-	2	1.244117	I:	D:
10811	12919	+	2	1.269644	I:	D:
12982	14937	+	1	1.201716	I:	D:
15092	15496	+	2	1.223615	I:	D:
>Y5.M022_9
96	854	-	3	1.277323	I:	D:
871	1794	-	1	1.289654	I:	D:
1915	2610	-	1	1.244763	I:	D:
2953	4215	+	1	1.228896	I:	D:
4481	5287	+	2	1.228567	I:	D:
5429	7102	+	2	1.264982	I:	D:
7203	7910	-	3	1.237367	I:	D:
8020	8304	-	1	1.173047	I:	D:
8499	9833	+	3	1.280743	I:	D:
9943	10281	+	1	1.250833	I:	D:
10412	10969	+	2	1.173429	I:	D:
11066	11833	+	2	1.265684	I:	D:
11904	12614	+	3	1.284560	I:	D:
12761	13297	+	2	1.189435	I:	D:
13505	15121	+	2	1.242776	I:	D:
15276	15482	+	3	1.313314	I:	D:
>Y5.M022_10
2	460	-	2	1.249631	I:	D:
648	1829	+	3	1.305157	I:	D:
1877	2881	+	2	1.272036	I:	D:
3279	4637	-	3	1.179204	I:	D:
5020	6153	-	1	1.182579	I:	D:
6138	7745	-	3	1.167450	I:	D:
7829	12163	-	2	1.184101	I:	D:
12209	12373	-	2	1.228462	I:	D:
13017	13586	+	3	1.326148	I:	D:
13821	14918	-	3	1.213206	I:	D:
14987	15436	-	2	1.242452	I:	D:
>Y5.M022_11
2	751	-	2	1.251413	I:	D:
848	1687	-	2	1.223363	I:	D:
1772	3565	-	2	1.251958	I:	D:
3673	4542	-	1	1.248229	I:	D:
4632	5687	-	3	1.272356	I:	D:
5842	7272	-	1	1.263895	I:	D:
7866	8564	+	3	1.238399	I:	D:
8672	10495	-	2	1.250334	I:	D:
10663	12831	-	1	1.242003	I:	D:
13050	13706	-	3	1.275515	I:	D:
13863	14324	-	3	1.250777	I:	D:
14534	15349	-	2	1.255859	I:	D:
>Y5.M022_12
2	337	-	2	1.259382	I:	D:
393	2483	-	3	1.246012	I:	D:
2706	3578	-	3	1.189818	I:	D:
3589	4257	-	1	1.221282	I:	D:
4480	5214	-	1	1.216792	I:	D:
5568	6947	-	3	1.232886	I:	D:
6973	7185	-	1	1.188721	I:	D:
7230	8648	-	3	1.208211	I:	D:
8718	9557	+	3	1.219405	I:	D:
9622	10965	+	1	1.265070	I:	D:
11225	12379	-	2	1.261812	I:	D:
12606	13625	+	3	1.252092	I:	D:
13704	14885	-	3	1.285803	I:	D:
>Y5.M022_13
1	504	+	1	1.252326	I:	D:
519	1082	+	3	1.202822	I:	D:
1094	4489	+	2	1.237823	I:	D:
4508	5554	+	2	1.190526	I:	D:
5857	6396	+	1	1.230198	I:	D:
6615	8279	+	3	1.270716	I:	D:
8354	9802	+	2	1.239110	I:	D:
9885	10166	+	3	1.213945	I:	D:
10442	10708	+	2	1.211043	I:	D:
10766	11020	+	2	1.297513	I:	D:
11021	11500	+	2	1.252848	I:	D:
11515	11796	+	1	1.193045	I:	D:
11885	12811	+	2	1.224609	I:	D:
12897	15218	+	3	1.278710	I:	D:
>Y5.M022_14
245	1072	+	2	1.205013	I:	D:
1105	2781	+	1	1.217862	I:	D:
2889	3896	+	3	1.172526	I:	D:
4375	5211	+	1	1.196608	I:	D:
5694	6809	+	3	1.243913	I:	D:
6827	7702	+	2	1.150498	I:	D:
7733	8422	+	2	1.213628	I:	D:
8427	9290	+	3	1.246019	I:	D:
9295	10371	+	1	1.247745	I:	D:
10364	10894	+	2	1.208852	I:	D:
10963	11556	+	1	1.245237	I:	D:
11568	12455	+	3	1.201178	I:	D:
12629	13699	+	2	1.189720	I:	D:
13768	14448	+	1	1.214794	I:	D:
14441	15097	+	2	1.212085	I:	D:
>Y5.M022_15
3	2339	+	3	1.185729	I:	D:
2614	4062	+	1	1.265243	I:	D:
4192	4404	+	1	1.174152	I:	D:
4445	6619	-	2	1.241167	I:	D:
7158	7802	-	3	1.259448	I:	D:
7969	9651	+	1	1.205878	I:	D:
9663	10715	+	3	1.231703	I:	D:
10848	11549	+	3	1.272999	I:	D:
11734	12522	+	1	1.202592	I:	D:
12512	14512	+	2	1.220525	I:	D:
14556	15086	+	3	1.203369	I:	D:
>Y5.M022_16
8	205	-	2	1.266872	I:	D:
255	2231	-	3	1.237560	I:	D:
2385	2834	-	3	1.212112	I:	D:
2852	3850	-	2	1.276654	I:	D:
3990	4514	-	3	1.283733	I:	D:
4583	5242	-	2	1.301180	I:	D:
5507	6595	-	2	1.249825	I:	D:
6948	8486	-	3	1.292254	I:	D:
8576	10570	-	2	1.270821	I:	D:
10810	12099	-	1	1.266342	I:	D:
12269	12706	-	2	1.327487	I:	D:
12871	13911	-	1	1.276268	I:	D:
14065	14751	-	1	1.262168	I:	D:
>Y5.M022_17
2	604	-	2	1.238772	I:	D:
755	2359	-	2	1.242796	I:	D:
2535	2669	-	3	1.184022	I:	D:
2683	3132	-	1	1.193766	I:	D:
3153	4319	-	3	1.233434	I:	D:
5103	6908	-	3	1.245329	I:	D:
7061	7333	-	2	1.162384	I:	D:
7360	8325	-	1	1.234182	I:	D:
8351	9295	-	2	1.237898	I:	D:
9547	9813	+	1	1.261094	I:	D:
9924	10970	-	3	1.243509	I:	D:
10945	12204	-	1	1.230139	I:	D:
12324	13514	-	3	1.215350	I:	D:
13687	14709	-	1	1.218329	I:	D:
>Y5.M022_18
60	1721	-	3	1.213393	I:	D:
1875	2714	-	3	1.286642	I:	D:
3071	3880	+	2	1.229647	I:	D:
4011	4619	+	3	1.281650	I:	D:
4762	5487	-	1	1.278634	I:	D:
5723	6487	-	2	1.244526	I:	D:
6480	7364	-	3	1.271751	I:	D:
7366	7734	-	1	1.244144	I:	D:
7915	8457	-	1	1.233681	I:	D:
8793	9458	+	3	1.243324	I:	D:
9469	9894	+	1	1.241336	I:	D:
10045	10203	+	1	1.151680	I:	D:
10279	10821	-	1	1.256321	I:	D:
11095	11706	-	1	1.247571	I:	D:
11869	12411	-	1	1.224761	I:	D:
12602	13135	-	2	1.246482	I:	D:
13159	14295	-	1	1.248690	I:	D:
14357	14620	-	2	1.188092	I:	D:
>Y5.M022_19
42	1499	-	3	1.284320	I:	D:
1777	2415	+	1	1.253907	I:	D:
2529	2909	-	3	1.203428	I:	D:
2919	3572	-	3	1.258596	I:	D:
3631	5088	-	1	1.234570	I:	D:
5181	6596	-	3	1.275544	I:	D:
6897	8216	-	3	1.263440	I:	D:
8538	9548	+	3	1.278697	I:	D:
9732	11180	-	3	1.256698	I:	D:
11325	12056	-	3	1.188749	I:	D:
12339	12863	-	3	1.254029	I:	D:
13032	14243	-	3	1.226400	I:	D:
>Y5.M022_20
3	527	+	3	1.230691	I:	D:
901	2898	+	1	1.261523	I:	D:
3109	3552	+	1	1.248972	I:	D:
3658	4128	+	1	1.171949	I:	D:
4177	8547	-	1	1.257824	I:	D:
8581	9231	-	1	1.225343	I:	D:
9340	9513	+	1	1.239210	I:	D:
9605	9928	-	2	1.307248	I:	D:
10008	10340	-	3	1.227151	I:	D:
10481	11059	+	2	1.210000	I:	D:
11304	11801	+	3	1.284791	I:	D:
11819	12412	+	2	1.203688	I:	D:
12513	13529	+	3	1.257401	I:	D:
13622	14467	+	2	1.223764	I:	D:
>Y5.M022_21
1	1797	+	1	1.194268	I:	D:
2504	2662	+	2	1.191522	I:	D:
2833	3837	+	1	1.220236	I:	D:
3849	5114	+	3	1.275029	I:	D:
5199	6098	+	3	1.263102	I:	D:
6122	6889	+	2	1.223422	I:	D:
6947	8614	-	2	1.270702	I:	D:
9033	10817	+	3	1.238464	I:	D:
10926	11537	+	3	1.239007	I:	D:
11894	13090	+	2	1.209454	I:	D:
13120	14172	+	1	1.230398	I:	D:
>Y5.M022_22
1	495	-	1	1.314177	I:	D:
678	1172	+	3	1.210448	I:	D:
1286	2266	+	2	1.226762	I:	D:
2282	3286	+	2	1.186904	I:	D:
3929	4843	+	2	1.222813	I:	D:
4824	5849	+	3	1.289042	I:	D:
5855	6610	+	2	1.229782	I:	D:
6776	7528	-	2	1.263127	I:	D:
7789	8127	-	1	1.158061	I:	D:
8300	8506	+	2	1.243186	I:	D:
9206	9604	+	2	1.222058	I:	D:
9622	10098	+	1	1.207921	I:	D:
10235	11617	+	2	1.259103	I:	D:
11632	12837	+	1	1.214379	I:	D:
13618	14043	-	1	1.317613	I:	D:
>Y5.M022_23
1	189	+	1	1.285505	I:	D:
543	1568	+	3	1.275784	I:	D:
1814	2029	+	2	1.188757	I:	D:
2029	2523	+	1	1.218256	I:	D:
2510	2740	+	2	1.184713	I:	D:
2913	3170	-	3	1.245375	I:	D:
3351	3719	+	3	1.231377	I:	D:
3778	4386	-	1	1.235751	I:	D:
4926	6251	+	3	1.301302	I:	D:
6352	6534	-	1	1.246659	I:	D:
6822	7619	+	3	1.251645	I:	D:
7637	8782	+	2	1.256057	I:	D:
8873	9553	+	2	1.158619	I:	D:
9695	11092	+	2	1.224072	I:	D:
11121	11819	+	3	1.221892	I:	D:
11823	13304	+	3	1.261168	I:	D:
13420	14037	+	1	1.286727	I:	D:
>Y5.M022_24
2	2440	-	2	1.262337	I:	D:
2643	3362	-	3	1.263823	I:	D:
3537	4406	-	3	1.342844	I:	D:
4357	5139	-	1	1.303319	I:	D:
5240	5674	-	2	1.312557	I:	D:
5829	6224	-	3	1.223141	I:	D:
6462	7451	-	3	1.241050	I:	D:
7566	8534	+	3	1.263668	I:	D:
8607	9617	-	3	1.246539	I:	D:
9880	10866	-	1	1.243115	I:	D:
10989	12773	+	3	1.251598	I:	D:
12813	13610	-	3	1.250226	I:	D:
>Y5.M022_25
3	590	-	3	1.237982	I:	D:
747	1475	-	3	1.230137	I:	D:
1481	1699	+	2	1.284379	I:	D:
1833	2963	-	3	1.266595	I:	D:
3169	5208	-	1	1.244812	I:	D:
5518	6504	-	1	1.217956	I:	D:
6518	7042	-	2	1.272715	I:	D:
7134	8630	-	3	1.270551	I:	D:
8752	8973	-	1	1.273802	I:	D:
9147	9758	+	3	1.208637	I:	D:
9892	10779	+	1	1.221636	I:	D:
10867	11631	-	1	1.247916	I:	D:
11628	12548	-	3	1.259201	I:	D:
12755	13603	-	2	1.261926	I:	D:
>Y5.M022_26
143	2008	-	2	1.201233	I:	D:
2096	3067	-	2	1.238460	I:	D:
3195	3692	-	3	1.205770	I:	D:
3797	5170	-	2	1.278798	I:	D:
5535	6320	+	3	1.295645	I:	D:
6325	6807	+	1	1.233531	I:	D:
6833	7261	-	2	1.258348	I:	D:
7273	7566	-	1	1.280440	I:	D:
7659	8483	-	3	1.202043	I:	D:
8630	9589	-	2	1.243219	I:	D:
9599	11143	-	2	1.210185	I:	D:
11166	12038	-	3	1.260600	I:	D:
12038	13009	-	2	1.271098	I:	D:
>Y5.M022_27
3	140	+	3	1.191713	I:	D:
296	2485	-	2	1.228089	I:	D:
2514	2891	-	3	1.240969	I:	D:
2921	3490	-	2	1.233791	I:	D:
3696	6929	-	3	1.219231	I:	D:
7112	8485	-	2	1.252782	I:	D:
8772	10160	-	3	1.214452	I:	D:
10213	11601	-	1	1.232645	I:	D:
12066	12755	+	3	1.250977	I:	D:
12755	13510	+	2	1.279283	I:	D:
>Y5.M022_28
142	582	+	1	1.167795	I:	D:
882	1475	+	3	1.239067	I:	D:
1487	2476	+	2	1.208533	I:	D:
2517	4982	+	3	1.220613	I:	D:
5209	6588	+	1	1.239843	I:	D:
6597	7664	+	3	1.220185	I:	D:
7730	8830	+	2	1.193370	I:	D:
8979	9509	+	3	1.264216	I:	D:
9592	11613	+	1	1.195230	I:	D:
11636	12064	+	2	1.178598	I:	D:
12390	13259	+	3	1.246677	I:	D:
>Y5.M022_29
2	505	-	2	1.275153	I:	D:
258	1460	+	3	1.297177	I:	D:
1644	2855	+	3	1.227456	I:	D:
2976	5633	+	3	1.234127	I:	D:
5648	6148	+	2	1.210451	I:	D:
6340	9111	+	1	1.230628	I:	D:
9126	9284	+	3	1.221462	I:	D:
9475	10704	+	1	1.223625	I:	D:
10901	12154	+	2	1.247385	I:	D:
12322	13191	+	1	1.276831	I:	D:
>Y5.M022_30
2	430	-	2	1.252717	I:	D:
447	2156	-	3	1.216915	I:	D:
2156	2482	-	2	1.205911	I:	D:
2491	2880	-	1	1.141887	I:	D:
3053	3784	-	2	1.295235	I:	D:
3786	4247	-	3	1.284828	I:	D:
4439	4987	-	2	1.280305	I:	D:
5198	5650	-	2	1.212478	I:	D:
5713	6033	-	1	1.261230	I:	D:
6052	6588	-	1	1.202861	I:	D:
6841	7425	-	1	1.273612	I:	D:
7766	7930	-	2	1.217908	I:	D:
8022	8276	-	3	1.302483	I:	D:
8290	9048	-	1	1.178005	I:	D:
9202	9726	-	1	1.258174	I:	D:
9790	10005	-	1	1.209887	I:	D:
10056	10259	-	3	1.202321	I:	D:
10327	10716	+	1	1.213541	I:	D:
10821	11045	+	3	1.167059	I:	D:
11201	11425	-	2	1.199141	I:	D:
11436	12290	-	3	1.221840	I:	D:
12332	12523	-	2	1.184129	I:	D:
12708	12995	+	3	1.311663	I:	D:
>Y5.M022_31
312	1526	-	3	1.258191	I:	D:
1648	2517	-	1	1.234298	I:	D:
2692	3423	-	1	1.272737	I:	D:
3463	4545	-	1	1.254348	I:	D:
4759	6219	+	1	1.224388	I:	D:
6442	7731	-	1	1.262005	I:	D:
7981	8223	-	1	1.196118	I:	D:
8402	9343	-	2	1.260280	I:	D:
9375	11438	-	3	1.255958	I:	D:
11484	12986	-	3	1.258117	I:	D:
>Y5.M022_32
2	946	-	2	1.275801	I:	D:
999	1700	-	3	1.237068	I:	D:
1713	2927	-	3	1.254425	I:	D:
3190	4281	-	1	1.191975	I:	D:
4414	6021	-	1	1.239838	I:	D:
6213	8192	-	3	1.233808	I:	D:
8618	10408	-	2	1.231644	I:	D:
10577	10759	-	2	1.303207	I:	D:
10810	12870	-	1	1.254661	I:	D:
>Y5.M022_33
21	806	-	3	1.234735	I:	D:
983	2437	-	2	1.271269	I:	D:
2541	3716	-	3	1.264355	I:	D:
3939	5258	+	3	1.236844	I:	D:
5301	6242	-	3	1.241334	I:	D:
6265	7011	-	1	1.275167	I:	D:
6998	7300	-	2	1.255581	I:	D:
7490	9145	-	2	1.257213	I:	D:
9236	10105	-	2	1.253899	I:	D:
10467	10655	+	3	1.228191	I:	D:
10796	11794	-	2	1.268899	I:	D:
11813	12505	-	2	1.283710	I:	D:
>Y5.M022_34
450	1007	+	3	1.250925	I:	D:
1285	1812	+	1	1.213157	I:	D:
1979	2680	+	2	1.199729	I:	D:
2695	3762	+	1	1.234864	I:	D:
3783	7337	+	3	1.185373	I:	D:
7353	8708	+	3	1.171744	I:	D:
8759	9175	+	2	1.254690	I:	D:
9172	10524	+	1	1.232188	I:	D:
10567	10815	+	1	1.246011	I:	D:
10860	11096	+	3	1.241957	I:	D:
11160	11672	+	3	1.209427	I:	D:
11744	12376	+	2	1.250740	I:	D:
12472	12810	+	1	1.244123	I:	D:
>Y5.M022_35
2	229	-	2	1.232381	I:	D:
434	1654	-	2	1.218960	I:	D:
2056	3366	-	1	1.249600	I:	D:
3402	4094	-	3	1.244471	I:	D:
4133	4984	-	2	1.262896	I:	D:
5013	6479	-	3	1.281395	I:	D:
6673	8256	-	1	1.251956	I:	D:
8391	8555	-	3	1.125454	I:	D:
9162	9839	+	3	1.227411	I:	D:
9921	10571	-	3	1.242010	I:	D:
10930	11784	+	1	1.231089	I:	D:
>Y5.M022_36
3	686	+	3	1.209196	I:	D:
887	1954	+	2	1.228305	I:	D:
2039	3046	+	2	1.223347	I:	D:
3331	4533	+	1	1.234447	I:	D:
4614	5360	+	3	1.211554	I:	D:
5377	6903	+	1	1.246901	I:	D:
7163	8455	+	2	1.248786	I:	D:
8620	9765	+	1	1.272713	I:	D:
9758	10867	+	2	1.265004	I:	D:
10988	11227	+	2	1.271942	I:	D:
11408	12346	-	2	1.298193	I:	D:
>Y5.M022_37
231	1151	-	3	1.209741	I:	D:
1216	2169	-	1	1.222505	I:	D:
2389	3735	-	1	1.256652	I:	D:
4039	5499	-	1	1.251392	I:	D:
5499	6182	-	3	1.249826	I:	D:
6270	7214	-	3	1.334677	I:	D:
7338	7985	-	3	1.233238	I:	D:
8149	9663	+	1	1.294568	I:	D:
9782	10591	-	2	1.259496	I:	D:
10593	11417	-	3	1.241609	I:	D:
11419	12183	-	1	1.251682	I:	D:
12326	12682	-	2	1.321153	I:	D:
>Y5.M022_38
2	892	+	2	1.245819	I:	D:
1371	1547	-	3	1.322827	I:	D:
1822	2925	-	1	1.168288	I:	D:
2957	3103	-	2	1.143328	I:	D:
3135	4529	-	3	1.198499	I:	D:
5181	5399	-	3	1.160620	I:	D:
5412	6500	-	3	1.216117	I:	D:
7224	7682	-	3	1.278452	I:	D:
7829	8752	-	2	1.366917	I:	D:
8867	11047	-	2	1.290734	I:	D:
11467	12156	-	1	1.290965	I:	D:
12514	12660	+	1	1.247744	I:	D:
>Y5.M022_39
104	529	+	2	1.258032	I:	D:
630	1136	+	3	1.194865	I:	D:
1196	1981	+	2	1.194381	I:	D:
2217	2567	+	3	1.183078	I:	D:
2580	3107	+	3	1.162047	I:	D:
3157	5079	+	1	1.258722	I:	D:
5239	6153	+	1	1.199078	I:	D:
6194	7252	+	2	1.218541	I:	D:
7249	10545	+	1	1.221752	I:	D:
10836	11294	+	3	1.312262	I:	D:
11513	12124	+	2	1.295696	I:	D:
12256	12384	-	1	1.475485	I:	D:
>Y5.M022_40
1	867	+	1	1.228563	I:	D:
1293	2318	+	3	1.205773	I:	D:
2816	3973	+	2	1.220207	I:	D:
4093	5088	+	1	1.226048	I:	D:
5450	6718	+	2	1.250141	I:	D:
6912	7661	+	3	1.197982	I:	D:
7890	8498	+	3	1.284357	I:	D:
8491	9840	+	1	1.253670	I:	D:
9932	10567	+	2	1.253146	I:	D:
10582	11235	+	1	1.185664	I:	D:
11263	11829	+	1	1.239737	I:	D:
11935	12372	+	1	1.242544	I:	D:
>Y5.M022_41
1	1065	+	1	1.216399	I:	D:
1377	8876	+	3	1.229102	I:	D:
9201	9713	-	3	1.250764	I:	D:
9810	10472	-	3	1.253616	I:	D:
11009	12079	+	2	1.282920	I:	D:
>Y5.M022_42
2	1375	+	2	1.243816	I:	D:
1497	2147	-	3	1.260371	I:	D:
2290	3048	-	1	1.243113	I:	D:
3265	4014	-	1	1.212980	I:	D:
4105	4482	-	1	1.255749	I:	D:
4552	5157	-	1	1.249657	I:	D:
5211	5915	-	3	1.233631	I:	D:
6337	7752	-	1	1.264386	I:	D:
7980	8363	-	3	1.199475	I:	D:
8381	8851	-	2	1.189658	I:	D:
8948	9853	-	2	1.241403	I:	D:
9901	10746	-	1	1.199228	I:	D:
10777	11646	-	1	1.253737	I:	D:
11951	12199	-	2	1.177805	I:	D:
>Y5.M022_43
3	509	+	3	1.220341	I:	D:
558	1436	+	3	1.228314	I:	D:
1446	2570	+	3	1.209110	I:	D:
2594	4672	+	2	1.231080	I:	D:
4846	5631	+	1	1.222469	I:	D:
5723	6994	+	2	1.241175	I:	D:
7139	7918	+	2	1.178735	I:	D:
8106	8579	+	3	1.276363	I:	D:
8584	9792	+	1	1.251314	I:	D:
9936	10376	+	3	1.234810	I:	D:
10516	11604	+	1	1.251097	I:	D:
>Y5.M022_44
3	677	+	3	1.259188	I:	D:
793	1914	+	1	1.256349	I:	D:
1971	2849	-	3	1.245741	I:	D:
3129	4598	+	3	1.316523	I:	D:
4685	5257	+	2	1.311475	I:	D:
5239	5697	+	1	1.336967	I:	D:
5898	7463	+	3	1.238966	I:	D:
7674	10484	+	3	1.217324	I:	D:
10637	11131	-	2	1.252437	I:	D:
11426	12004	+	2	1.201451	I:	D:
>Y5.M022_45
2	166	+	2	1.205032	I:	D:
287	589	+	2	1.304141	I:	D:
831	2237	+	3	1.218358	I:	D:
2243	2971	+	2	1.244261	I:	D:
3493	4389	+	1	1.303749	I:	D:
4539	5327	+	3	1.260461	I:	D:
5691	7253	+	3	1.245451	I:	D:
7373	7681	+	2	1.258367	I:	D:
7762	8298	-	1	1.287608	I:	D:
8361	9182	-	3	1.262493	I:	D:
9375	10256	+	3	1.259339	I:	D:
10548	10877	+	3	1.289350	I:	D:
11209	11391	+	1	1.330263	I:	D:
11686	11991	+	1	1.207530	I:	D:
>Y5.M022_46
1	2016	+	1	1.261326	I:	D:
2211	2723	+	3	1.165570	I:	D:
2769	3440	-	3	1.224993	I:	D:
3701	4135	+	2	1.186214	I:	D:
4139	5512	+	2	1.176216	I:	D:
5663	6439	+	2	1.216957	I:	D:
6658	7878	+	1	1.191864	I:	D:
8086	9003	+	1	1.234242	I:	D:
9404	10282	+	2	1.245814	I:	D:
10375	11313	-	1	1.238570	I:	D:
11354	11914	-	2	1.272104	I:	D:
>Y5.M022_47
331	2205	+	1	1.200194	I:	D:
2301	4358	+	3	1.195955	I:	D:
4626	6377	+	3	1.204443	I:	D:
6597	7994	+	3	1.263447	I:	D:
8318	9502	-	2	1.342174	I:	D:
10088	10555	+	2	1.221398	I:	D:
11031	11252	+	3	1.255161	I:	D:
>Y5.M022_48
3	1016	-	3	1.228139	I:	D:
1017	1694	-	3	1.308852	I:	D:
1883	3067	-	2	1.244917	I:	D:
3105	3815	-	3	1.314254	I:	D:
3951	5042	-	3	1.233191	I:	D:
5219	6091	-	2	1.213730	I:	D:
6170	6934	-	2	1.244046	I:	D:
7103	8005	+	2	1.243539	I:	D:
8050	8889	-	1	1.271864	I:	D:
8983	9591	-	1	1.239279	I:	D:
9610	10257	-	1	1.271948	I:	D:
10285	11517	-	1	1.265056	I:	D:
11524	11745	-	1	1.296945	I:	D:
>Y5.M022_49
337	2310	-	1	1.236856	I:	D:
2279	3541	-	2	1.248472	I:	D:
4430	4909	-	2	1.260596	I:	D:
5223	6248	-	3	1.230644	I:	D:
6298	7089	-	1	1.243172	I:	D:
7215	8708	-	3	1.252487	I:	D:
8775	9881	+	3	1.234965	I:	D:
9894	10886	+	3	1.256934	I:	D:
10973	11743	-	2	1.264761	I:	D:
>Y5.M022_50
1	333	-	1	1.186848	I:	D:
469	720	+	1	1.276292	I:	D:
804	995	+	3	1.210476	I:	D:
1053	2474	-	3	1.196108	I:	D:
2628	3218	-	3	1.236840	I:	D:
3278	4477	-	2	1.228745	I:	D:
4499	5911	-	2	1.220507	I:	D:
6126	6896	-	3	1.232165	I:	D:
7037	7351	-	2	1.257430	I:	D:
7563	8090	+	3	1.312622	I:	D:
8108	8980	-	2	1.246194	I:	D:
9006	9263	-	3	1.204483	I:	D:
9274	9504	-	1	1.284463	I:	D:
9580	9990	-	1	1.241839	I:	D:
10067	11080	-	2	1.189197	I:	D:
11131	11259	-	1	1.159376	I:	D:
11418	11690	-	3	1.218563	I:	D:
>Y5.M022_51
2	1474	+	2	1.243320	I:	D:
1721	2734	+	2	1.229020	I:	D:
2857	4686	+	1	1.213000	I:	D:
4831	6015	+	1	1.257520	I:	D:
6346	6780	+	1	1.163197	I:	D:
6960	7211	+	3	1.204216	I:	D:
7630	7995	+	1	1.227656	I:	D:
8410	10350	+	1	1.220983	I:	D:
10491	11636	-	3	1.243580	I:	D:
>Y5.M022_52
3	482	+	3	1.200451	I:	D:
467	916	+	2	1.159941	I:	D:
1185	1370	-	3	1.246682	I:	D:
1565	2800	+	2	1.244285	I:	D:
3107	4891	+	2	1.263477	I:	D:
4893	5468	+	3	1.202954	I:	D:
5591	6661	+	2	1.255385	I:	D:
6689	7516	+	2	1.223649	I:	D:
7530	8420	+	3	1.191055	I:	D:
8650	9867	+	1	1.243699	I:	D:
10125	10976	+	3	1.272190	I:	D:
>Y5.M022_53
3	281	-	3	1.219716	I:	D:
353	1153	-	2	1.259001	I:	D:
1170	1829	-	3	1.238533	I:	D:
1848	2666	-	3	1.241100	I:	D:
2752	3444	-	1	1.206661	I:	D:
3437	3982	-	2	1.195916	I:	D:
4001	4129	-	2	1.138929	I:	D:
4304	5158	+	2	1.172932	I:	D:
5244	5924	-	3	1.247706	I:	D:
5964	6620	-	3	1.270056	I:	D:
6607	7446	-	1	1.277171	I:	D:
7449	7757	-	3	1.244358	I:	D:
7911	8150	-	3	1.251085	I:	D:
8443	8871	+	1	1.262880	I:	D:
8873	9535	+	2	1.272001	I:	D:
9585	10259	+	3	1.274049	I:	D:
10276	10779	+	1	1.298937	I:	D:
>Y5.M022_54
242	475	+	2	1.203339	I:	D:
490	1779	+	1	1.216956	I:	D:
1828	2838	+	1	1.207150	I:	D:
2903	3364	+	2	1.232223	I:	D:
3371	4093	+	2	1.259105	I:	D:
4261	5151	+	1	1.219407	I:	D:
5163	6554	+	3	1.235358	I:	D:
6742	7506	+	1	1.264485	I:	D:
7508	8125	+	2	1.217338	I:	D:
8436	9314	+	3	1.262263	I:	D:
9314	10852	+	2	1.232694	I:	D:
>Y5.M022_55
1	1623	-	1	1.231471	I:	D:
1870	3240	-	1	1.239796	I:	D:
3655	4803	+	1	1.184477	I:	D:
4960	6489	-	1	1.264418	I:	D:
6666	8639	-	3	1.232990	I:	D:
8669	9589	-	2	1.201065	I:	D:
9820	10722	-	1	1.237344	I:	D:
>Y5.M022_56
2	3052	-	2	1.239005	I:	D:
3276	3857	-	3	1.293645	I:	D:
4139	4399	-	2	1.241826	I:	D:
4410	4565	-	3	1.275680	I:	D:
4570	4923	-	1	1.363843	I:	D:
5297	5782	+	2	1.229912	I:	D:
5893	6276	-	1	1.228477	I:	D:
6482	7585	+	2	1.294782	I:	D:
7779	8876	-	3	1.257863	I:	D:
8983	10041	-	1	1.230883	I:	D:
10242	10619	-	3	1.263995	I:	D:
>Y5.M022_57
233	1309	-	2	1.230738	I:	D:
1338	1553	-	3	1.254962	I:	D:
1612	2289	-	1	1.258820	I:	D:
2955	4154	+	3	1.252998	I:	D:
4340	5686	-	2	1.265152	I:	D:
5792	6211	-	2	1.195878	I:	D:
6463	7014	-	1	1.199691	I:	D:
6974	7465	-	2	1.206001	I:	D:
7531	7707	-	1	1.166396	I:	D:
8207	9757	+	2	1.289900	I:	D:
10097	10561	-	2	1.243629	I:	D:
>Y5.M022_58
2	208	+	2	1.209828	I:	D:
232	2115	+	1	1.198937	I:	D:
2151	3176	+	3	1.228379	I:	D:
3227	3856	+	2	1.202052	I:	D:
4031	4825	+	2	1.266608	I:	D:
5207	6121	+	2	1.224210	I:	D:
6108	6839	+	3	1.228166	I:	D:
6853	7710	+	1	1.246816	I:	D:
7724	8821	+	2	1.246598	I:	D:
8896	9321	+	1	1.278158	I:	D:
9337	10275	+	1	1.203927	I:	D:
>Y5.M022_59
1	228	-	1	1.279558	I:	D:
565	1113	+	1	1.272951	I:	D:
1190	1903	+	2	1.240323	I:	D:
1982	2311	-	2	1.235477	I:	D:
2500	4008	-	1	1.300188	I:	D:
4260	4898	-	3	1.269144	I:	D:
5258	6061	+	2	1.303614	I:	D:
6189	7193	-	3	1.269515	I:	D:
7342	8979	-	1	1.271135	I:	D:
9055	10323	-	1	1.245412	I:	D:
10333	10512	-	1	1.378729	I:	D:
>Y5.M022_60
330	653	-	3	1.269246	I:	D:
1043	1669	-	2	1.235218	I:	D:
2014	2925	+	1	1.275428	I:	D:
3003	4274	+	3	1.255433	I:	D:
4638	5291	+	3	1.193046	I:	D:
5414	6052	-	2	1.256966	I:	D:
6166	6903	-	1	1.234785	I:	D:
6956	8878	-	2	1.242180	I:	D:
9126	9941	+	3	1.203022	I:	D:
10020	10496	+	3	1.216999	I:	D:
>Y5.M022_61
3	410	+	3	1.215141	I:	D:
520	2181	+	1	1.202096	I:	D:
2324	3028	+	2	1.185745	I:	D:
3225	5606	+	3	1.181682	I:	D:
5654	7900	+	2	1.181653	I:	D:
7956	8354	+	3	1.199934	I:	D:
8476	8964	+	1	1.168373	I:	D:
8984	9403	+	2	1.205038	I:	D:
9400	9951	+	1	1.161433	I:	D:
>Y5.M022_62
3	434	+	3	1.264271	I:	D:
533	1468	+	2	1.232052	I:	D:
1465	2364	+	1	1.250559	I:	D:
2375	3124	+	2	1.239380	I:	D:
3126	3959	+	3	1.177344	I:	D:
4003	4710	+	1	1.249472	I:	D:
4785	5213	-	3	1.252573	I:	D:
5250	6680	-	3	1.242893	I:	D:
6843	7427	+	3	1.284910	I:	D:
7427	7951	+	2	1.219275	I:	D:
8143	8376	+	1	1.182534	I:	D:
8788	10197	+	1	1.292524	I:	D:
>Y5.M022_63
1	1143	+	1	1.245324	I:	D:
1360	2406	+	1	1.243802	I:	D:
2428	2988	+	1	1.236471	I:	D:
2995	3765	+	1	1.253899	I:	D:
3785	4393	+	2	1.184312	I:	D:
4690	6228	+	1	1.218639	I:	D:
6238	7602	+	1	1.233240	I:	D:
7604	8593	+	2	1.240416	I:	D:
8619	9686	+	3	1.209176	I:	D:
9691	10098	+	1	1.273769	I:	D:
>Y5.M022_64
1	885	+	1	1.245160	I:	D:
977	2746	+	2	1.259118	I:	D:
2737	4479	+	1	1.243196	I:	D:
4650	5573	+	3	1.237466	I:	D:
5738	6139	+	2	1.273951	I:	D:
6410	7120	+	2	1.230004	I:	D:
7228	7905	+	1	1.228323	I:	D:
7990	9294	-	1	1.298023	I:	D:
9801	10091	+	3	1.214376	I:	D:
>Y5.M022_65
5	1066	-	2	1.215690	I:	D:
1671	3032	+	3	1.266255	I:	D:
3161	4003	+	2	1.264819	I:	D:
4135	5199	-	1	1.275685	I:	D:
5377	5718	+	1	1.265285	I:	D:
6133	6519	+	1	1.243549	I:	D:
6545	7234	+	2	1.262960	I:	D:
7545	8504	+	3	1.227811	I:	D:
8734	9195	-	1	1.277350	I:	D:
9223	10002	-	1	1.237402	I:	D:
>Y5.M022_66
1	249	-	1	1.180083	I:	D:
693	1451	+	3	1.222101	I:	D:
1479	2237	-	3	1.192295	I:	D:
2567	4465	+	2	1.204330	I:	D:
4642	4878	+	1	1.187479	I:	D:
5269	5934	+	1	1.224597	I:	D:
5985	7097	-	3	1.224404	I:	D:
7278	8591	+	3	1.213130	I:	D:
8816	9916	+	2	1.233131	I:	D:
>Y5.M022_67
24	944	-	3	1.295773	I:	D:
1604	2323	-	2	1.234464	I:	D:
2345	3190	-	2	1.234633	I:	D:
3417	3551	-	3	1.173318	I:	D:
3649	4242	-	1	1.296892	I:	D:
4349	4786	+	2	1.219650	I:	D:
5026	5343	+	1	1.218296	I:	D:
5390	6358	-	2	1.252485	I:	D:
6580	7242	+	1	1.223422	I:	D:
7455	8867	-	3	1.280794	I:	D:
9091	9906	-	1	1.244045	I:	D:
>Y5.M022_68
3	167	+	3	1.400903	I:	D:
581	1744	+	2	1.183473	I:	D:
1848	3377	+	3	1.238790	I:	D:
3494	4042	+	2	1.223643	I:	D:
4087	4356	+	1	1.201370	I:	D:
4405	4770	-	1	1.174574	I:	D:
5014	5811	+	1	1.211476	I:	D:
5937	6635	+	3	1.163840	I:	D:
6704	7762	+	2	1.250275	I:	D:
7779	8795	+	3	1.240688	I:	D:
8895	9869	+	3	1.269759	I:	D:
>Y5.M022_69
20	4333	-	2	1.237399	I:	D:
4571	5038	-	2	1.168091	I:	D:
5278	6000	-	1	1.185177	I:	D:
6239	8179	-	2	1.289206	I:	D:
8298	9194	-	3	1.203356	I:	D:
9429	9755	+	3	1.198782	I:	D:
>Y5.M022_70
158	1528	+	2	1.303277	I:	D:
1770	2159	-	3	1.223842	I:	D:
2270	2695	-	2	1.179226	I:	D:
2822	2968	-	2	1.242239	I:	D:
3220	5214	-	1	1.265229	I:	D:
5318	5965	-	2	1.221888	I:	D:
6369	7313	+	3	1.262223	I:	D:
7413	8357	-	3	1.255194	I:	D:
8491	9057	-	1	1.235231	I:	D:
9185	9523	+	2	1.280670	I:	D:
>Y5.M022_71
3	542	-	3	1.211127	I:	D:
580	1656	-	1	1.228759	I:	D:
1675	3156	-	1	1.254114	I:	D:
3183	4067	-	3	1.254825	I:	D:
4067	4912	-	2	1.243891	I:	D:
5065	6531	-	1	1.232542	I:	D:
6662	8926	-	2	1.220114	I:	D:
9364	9519	+	1	1.388477	I:	D:
>Y5.M022_72
3	740	+	3	1.225995	I:	D:
734	2080	+	2	1.244818	I:	D:
2052	3242	+	3	1.261102	I:	D:
3260	4417	+	2	1.281923	I:	D:
4942	6060	-	1	1.242120	I:	D:
6441	8276	-	3	1.287604	I:	D:
8679	9479	+	3	1.225720	I:	D:
>Y5.M022_73
2	1096	+	2	1.242644	I:	D:
1277	1828	+	2	1.218601	I:	D:
1818	3710	+	3	1.228070	I:	D:
3779	4207	-	2	1.300491	I:	D:
4381	6288	+	1	1.196511	I:	D:
6355	7242	+	1	1.262631	I:	D:
7363	7800	+	1	1.296293	I:	D:
7918	8118	+	1	1.286883	I:	D:
8257	9378	+	1	1.199849	I:	D:
>Y5.M022_74
3	548	-	3	1.239388	I:	D:
553	1257	-	1	1.275544	I:	D:
1321	4389	-	1	1.228229	I:	D:
4400	4882	-	2	1.213852	I:	D:
4896	5780	-	3	1.219193	I:	D:
5790	6857	-	3	1.233595	I:	D:
6889	7596	-	1	1.278794	I:	D:
7593	8177	-	3	1.237256	I:	D:
8487	9119	-	3	1.263213	I:	D:
>Y5.M022_75
1	960	-	1	1.246257	I:	D:
1086	1763	+	3	1.213699	I:	D:
2170	3867	-	1	1.247809	I:	D:
4315	4491	-	1	1.261040	I:	D:
4565	4840	-	2	1.349957	I:	D:
4812	5039	-	3	1.284983	I:	D:
5787	7151	+	3	1.235126	I:	D:
7473	8996	-	3	1.298954	I:	D:
>Y5.M022_76
289	888	+	1	1.270248	I:	D:
889	1617	+	1	1.206274	I:	D:
1619	2152	+	2	1.209852	I:	D:
2173	2370	+	1	1.254354	I:	D:
2467	2610	-	1	1.245756	I:	D:
2774	2944	+	2	1.183174	I:	D:
3086	3832	-	2	1.231785	I:	D:
4040	5701	+	2	1.238108	I:	D:
5749	6468	-	1	1.224094	I:	D:
6590	8983	+	2	1.225390	I:	D:
>Y5.M022_77
2	610	-	2	1.231560	I:	D:
639	1499	-	3	1.219153	I:	D:
1868	3919	-	2	1.289535	I:	D:
4105	5670	-	1	1.290415	I:	D:
5789	6532	-	2	1.226264	I:	D:
6608	7375	-	2	1.246365	I:	D:
7799	8680	-	2	1.251529	I:	D:
>Y5.M022_78
1	549	+	1	1.157578	I:	D:
883	1857	+	1	1.232492	I:	D:
2067	3422	+	3	1.251397	I:	D:
3583	5262	+	1	1.216360	I:	D:
5344	6141	+	1	1.246272	I:	D:
6322	7914	+	1	1.228916	I:	D:
7923	8591	+	3	1.261189	I:	D:
>Y5.M022_79
309	1394	-	3	1.223494	I:	D:
1573	2307	+	1	1.253648	I:	D:
2331	3293	+	3	1.201590	I:	D:
3485	4540	+	2	1.255688	I:	D:
4700	5629	-	2	1.204176	I:	D:
5678	6988	-	2	1.222168	I:	D:
7185	7628	-	3	1.292835	I:	D:
8019	8567	+	3	1.228581	I:	D:
>Y5.M022_80
2	898	+	2	1.307010	I:	D:
911	1876	+	2	1.214836	I:	D:
1897	2547	-	1	1.258103	I:	D:
2745	3914	-	3	1.246022	I:	D:
4088	5596	-	2	1.210642	I:	D:
5709	6017	-	3	1.202397	I:	D:
6050	7939	-	2	1.207833	I:	D:
7990	8556	-	1	1.181682	I:	D:
>Y5.M022_81
3	896	+	3	1.205710	I:	D:
922	1920	+	1	1.278820	I:	D:
1923	2954	+	3	1.284430	I:	D:
2957	3763	+	2	1.238740	I:	D:
3864	5258	-	3	1.257485	I:	D:
5482	6933	-	1	1.272727	I:	D:
7130	7282	+	2	1.249375	I:	D:
7530	7964	+	3	1.190966	I:	D:
8005	8199	+	1	1.179571	I:	D:
8291	8539	+	2	1.266815	I:	D:
>Y5.M022_82
1	405	+	1	1.294265	I:	D:
405	1307	+	3	1.264637	I:	D:
1434	2018	+	3	1.243728	I:	D:
2161	3171	-	1	1.244459	I:	D:
3302	3859	+	2	1.245623	I:	D:
4145	5347	+	2	1.258958	I:	D:
5375	6565	+	2	1.252166	I:	D:
6620	7285	+	2	1.212029	I:	D:
7305	8537	+	3	1.223309	I:	D:
>Y5.M022_83
3	128	-	3	1.177863	I:	D:
275	1534	-	2	1.231518	I:	D:
1537	2442	-	1	1.238040	I:	D:
2690	3214	-	2	1.209120	I:	D:
3539	4615	+	2	1.214638	I:	D:
4770	5051	-	3	1.190009	I:	D:
5350	6540	+	1	1.248004	I:	D:
6629	7168	-	2	1.220388	I:	D:
7286	7690	-	2	1.205580	I:	D:
7836	7967	-	3	1.252960	I:	D:
8012	8527	-	2	1.280964	I:	D:
>Y5.M022_84
33	686	-	3	1.323374	I:	D:
704	2359	-	2	1.276402	I:	D:
2571	3809	-	3	1.248587	I:	D:
3916	4557	+	1	1.241134	I:	D:
4634	6040	-	2	1.236050	I:	D:
6381	6746	-	3	1.246606	I:	D:
6891	8267	-	3	1.260106	I:	D:
8276	8503	-	2	1.327408	I:	D:
>Y5.M022_85
3	674	-	3	1.222853	I:	D:
667	1449	-	1	1.233226	I:	D:
1636	2646	-	1	1.239113	I:	D:
2658	3329	-	3	1.205870	I:	D:
4036	4986	+	1	1.228415	I:	D:
5156	5959	+	2	1.197489	I:	D:
6048	7205	+	3	1.222216	I:	D:
7487	8458	+	2	1.190464	I:	D:
>Y5.M022_86
71	1168	+	2	1.256745	I:	D:
1666	2574	+	1	1.160179	I:	D:
2862	3134	-	3	1.205688	I:	D:
3225	3872	-	3	1.219030	I:	D:
4081	4629	+	1	1.207503	I:	D:
4729	4890	-	1	1.211157	I:	D:
4954	5556	-	1	1.268210	I:	D:
5631	6533	-	3	1.219860	I:	D:
6663	7058	+	3	1.196606	I:	D:
7133	8092	-	2	1.238830	I:	D:
8143	8346	-	1	1.279824	I:	D:
>Y5.M022_87
1	1269	-	1	1.184298	I:	D:
1520	2743	+	2	1.252915	I:	D:
2754	4175	+	3	1.234757	I:	D:
4453	5958	-	1	1.238191	I:	D:
6316	6516	-	1	1.348983	I:	D:
6619	8370	-	1	1.255906	I:	D:
>Y5.M022_88
1	582	-	1	1.272375	I:	D:
1216	1998	-	1	1.248450	I:	D:
2061	2468	-	3	1.375315	I:	D:
2485	2901	-	1	1.303882	I:	D:
2963	3154	-	2	1.178330	I:	D:
3366	5294	-	3	1.246699	I:	D:
5869	6249	-	1	1.247433	I:	D:
6293	7948	-	2	1.282580	I:	D:
>Y5.M022_89
22	183	-	1	1.225101	I:	D:
203	787	+	2	1.239293	I:	D:
908	1198	+	2	1.164515	I:	D:
1252	2706	-	1	1.245690	I:	D:
2801	3193	-	2	1.281872	I:	D:
3422	4519	+	2	1.251444	I:	D:
4754	5596	-	2	1.290272	I:	D:
5976	7397	+	3	1.298864	I:	D:
7559	7906	-	2	1.271922	I:	D:
>Y5.M022_90
462	1232	-	3	1.232627	I:	D:
1232	1639	-	2	1.222543	I:	D:
1642	1959	-	1	1.206470	I:	D:
2242	2526	-	1	1.169358	I:	D:
2746	5181	-	1	1.248249	I:	D:
5194	7095	-	1	1.258677	I:	D:
7096	7800	-	1	1.243754	I:	D:
>Y5.M022_91
1	180	+	1	1.230662	I:	D:
307	2853	-	1	1.241504	I:	D:
3034	3825	-	1	1.200426	I:	D:
3826	4713	-	1	1.278916	I:	D:
4786	5655	-	1	1.245373	I:	D:
5705	6409	-	2	1.246496	I:	D:
6527	6979	-	2	1.266106	I:	D:
7052	7795	-	2	1.236132	I:	D:
>Y5.M022_92
3	140	-	3	1.380971	I:	D:
383	2353	+	2	1.263428	I:	D:
2434	5259	+	1	1.262627	I:	D:
5477	7291	+	2	1.241423	I:	D:
7294	7761	+	1	1.247798	I:	D:
>Y5.M022_93
1	2082	+	1	1.194845	I:	D:
2205	3593	+	3	1.274944	I:	D:
3674	4039	+	2	1.185597	I:	D:
4242	4715	+	3	1.257380	I:	D:
5816	6076	-	2	1.257913	I:	D:
6855	7691	+	3	1.217239	I:	D:
>Y5.M022_94
2	1651	-	2	1.233810	I:	D:
1889	2716	+	2	1.237814	I:	D:
2761	3897	-	1	1.223125	I:	D:
4000	5202	-	1	1.233089	I:	D:
5445	7520	-	3	1.213921	I:	D:
>Y5.M022_95
93	377	+	3	1.222561	I:	D:
510	2288	+	3	1.199029	I:	D:
2486	3142	+	2	1.232940	I:	D:
3339	3473	+	3	1.131888	I:	D:
3539	4891	+	2	1.227858	I:	D:
5129	6478	+	2	1.229703	I:	D:
6940	7566	+	1	1.272120	I:	D:
>Y5.M022_96
22	3144	-	1	1.221879	I:	D:
3211	4557	-	1	1.215230	I:	D:
4585	5493	-	1	1.209947	I:	D:
6040	7266	-	1	1.291985	I:	D:
>Y5.M022_97
1	264	-	1	1.256779	I:	D:
284	877	-	2	1.261243	I:	D:
897	1472	-	3	1.204075	I:	D:
1472	2452	-	2	1.260087	I:	D:
2472	3830	-	3	1.268282	I:	D:
4065	5006	-	3	1.210663	I:	D:
5079	6206	-	3	1.244383	I:	D:
6235	6609	-	1	1.239875	I:	D:
6663	7385	-	3	1.248503	I:	D:
>Y5.M022_98
3	431	-	3	1.277753	I:	D:
486	3224	-	3	1.249006	I:	D:
3855	4685	+	3	1.284692	I:	D:
4740	5198	-	3	1.230972	I:	D:
5342	6640	+	2	1.244194	I:	D:
6737	7387	-	2	1.259119	I:	D:
>Y5.M022_99
1	3501	+	1	1.191305	I:	D:
3609	4343	-	3	1.183101	I:	D:
4360	4557	-	1	1.178056	I:	D:
5852	6982	+	2	1.219692	I:	D:
7023	7475	-	3	1.228847	I:	D:
>Y5.M022_100
1	495	-	1	1.242248	I:	D:
709	1878	-	1	1.334269	I:	D:
2120	2956	+	2	1.240184	I:	D:
3088	3822	-	1	1.206722	I:	D:
3910	4638	-	1	1.283129	I:	D:
4596	6314	-	3	1.229758	I:	D:
6287	7171	-	2	1.267648	I:	D:
7173	7403	-	3	1.243281	I:	D:
>Y5.M022_101
2	409	+	2	1.255749	I:	D:
739	1074	+	1	1.280438	I:	D:
1275	1682	-	3	1.243202	I:	D:
1955	2749	+	2	1.239247	I:	D:
3314	4147	+	2	1.235580	I:	D:
4410	5993	+	3	1.247867	I:	D:
6338	7381	+	2	1.256196	I:	D:
>Y5.M022_102
13	1137	-	1	1.226098	I:	D:
1150	2301	-	1	1.219374	I:	D:
2452	3231	-	1	1.254869	I:	D:
3243	3974	-	3	1.215136	I:	D:
4003	4206	-	1	1.192936	I:	D:
4209	4763	-	3	1.212228	I:	D:
4790	5494	-	2	1.281936	I:	D:
5589	6500	-	3	1.232185	I:	D:
6634	7365	-	1	1.230172	I:	D:
>Y5.M022_103
1	1332	-	1	1.222667	I:	D:
1819	2241	+	1	1.283130	I:	D:
2290	3969	+	1	1.259504	I:	D:
3992	4561	+	2	1.264673	I:	D:
4576	5943	+	1	1.247615	I:	D:
5961	6515	+	3	1.282984	I:	D:
6637	7137	-	1	1.232285	I:	D:
7141	7353	-	1	1.312602	I:	D:
>Y5.M022_104
2	424	+	2	1.197650	I:	D:
458	1123	+	2	1.266377	I:	D:
1384	1815	+	1	1.284000	I:	D:
1832	3211	+	2	1.274920	I:	D:
3235	3861	+	1	1.253057	I:	D:
4160	6217	+	2	1.311077	I:	D:
6368	7189	+	2	1.262224	I:	D:
>Y5.M022_105
1	228	+	1	1.216540	I:	D:
392	2317	+	2	1.240018	I:	D:
2466	3335	+	3	1.203005	I:	D:
3512	4744	+	2	1.264834	I:	D:
5441	6307	+	2	1.220069	I:	D:
6528	7310	-	3	1.220209	I:	D:
>Y5.M022_106
1	267	+	1	1.292847	I:	D:
290	1420	+	2	1.237317	I:	D:
1643	2518	+	2	1.208005	I:	D:
2557	3996	+	1	1.206373	I:	D:
3986	4624	+	2	1.195053	I:	D:
4639	5289	+	1	1.204994	I:	D:
5503	6264	+	1	1.275927	I:	D:
6393	7310	-	3	1.267335	I:	D:
>Y5.M022_107
3	128	+	3	1.292268	I:	D:
193	765	+	1	1.186885	I:	D:
752	1786	+	2	1.230738	I:	D:
1856	2746	+	2	1.280115	I:	D:
2855	3274	-	2	1.231283	I:	D:
3409	4515	-	1	1.251878	I:	D:
4911	6770	-	3	1.222582	I:	D:
6912	7271	-	3	1.255371	I:	D:
>Y5.M022_108
1	165	+	1	1.243899	I:	D:
281	421	+	2	1.171554	I:	D:
451	7140	+	1	1.178143	I:	D:
>Y5.M022_109
157	660	-	1	1.222213	I:	D:
678	2426	-	3	1.236474	I:	D:
2956	4137	-	1	1.255309	I:	D:
4396	5751	+	1	1.240825	I:	D:
5763	7127	+	3	1.268355	I:	D:
>Y5.M022_110
3	485	+	3	1.226034	I:	D:
631	1659	+	1	1.195983	I:	D:
1661	2728	+	2	1.269797	I:	D:
2755	3486	+	1	1.209598	I:	D:
3666	4712	-	3	1.217023	I:	D:
4793	5467	+	2	1.263038	I:	D:
5703	6014	+	3	1.244763	I:	D:
6176	6883	+	2	1.218618	I:	D:
>Y5.M022_111
36	1352	+	3	1.268833	I:	D:
1568	2761	+	2	1.226102	I:	D:
2986	3603	+	1	1.167970	I:	D:
3629	4444	+	2	1.178612	I:	D:
4519	5190	+	1	1.180873	I:	D:
5180	6436	+	2	1.207136	I:	D:
6583	6891	+	1	1.222245	I:	D:
>Y5.M022_112
1	666	+	1	1.274880	I:	D:
688	948	+	1	1.264450	I:	D:
967	1800	+	1	1.270815	I:	D:
2067	3929	+	3	1.261611	I:	D:
3988	4560	+	1	1.273424	I:	D:
4686	5288	+	3	1.216315	I:	D:
5716	5871	+	1	1.229679	I:	D:
5895	6374	+	3	1.251907	I:	D:
6541	7014	+	1	1.235662	I:	D:
>Y5.M022_113
679	1413	+	1	1.236409	I:	D:
1488	1763	-	3	1.234531	I:	D:
1876	3795	-	1	1.223745	I:	D:
4100	4519	+	2	1.233175	I:	D:
4601	5989	+	2	1.232278	I:	D:
5995	7002	+	1	1.211718	I:	D:
>Y5.M022_114
3	194	+	3	1.500344	I:	D:
899	1312	+	2	1.160358	I:	D:
1772	5227	+	2	1.241990	I:	D:
5596	6978	+	1	1.208667	I:	D:
>Y5.M022_115
1	393	-	1	1.268900	I:	D:
726	1325	-	3	1.252104	I:	D:
1352	1882	-	2	1.281439	I:	D:
2045	2296	-	2	1.179958	I:	D:
2367	3035	-	3	1.255684	I:	D:
3439	6165	-	1	1.249544	I:	D:
6442	6744	-	1	1.319862	I:	D:
>Y5.M022_116
149	325	-	2	1.184186	I:	D:
448	657	+	1	1.116370	I:	D:
767	1642	+	2	1.253992	I:	D:
1883	2170	+	2	1.212437	I:	D:
2197	3822	+	1	1.202735	I:	D:
4127	5956	+	2	1.239065	I:	D:
6118	6861	+	1	1.243938	I:	D:
>Y5.M022_117
1	414	+	1	1.211065	I:	D:
431	1867	+	2	1.219046	I:	D:
1894	2913	+	1	1.191756	I:	D:
3129	4091	+	3	1.245957	I:	D:
4218	5939	-	3	1.239593	I:	D:
6163	6906	+	1	1.231268	I:	D:
>Y5.M022_118
98	904	-	2	1.192342	I:	D:
919	2010	-	1	1.258183	I:	D:
2063	3298	-	2	1.244096	I:	D:
3418	4584	-	1	1.250014	I:	D:
4610	5536	-	2	1.228809	I:	D:
5679	6824	-	3	1.234818	I:	D:
>Y5.M022_119
2	673	-	2	1.274870	I:	D:
687	1493	-	3	1.244599	I:	D:
1493	2314	-	2	1.274469	I:	D:
2311	3252	-	1	1.291627	I:	D:
3328	4968	-	1	1.213179	I:	D:
5128	6024	-	1	1.226215	I:	D:
6184	6516	-	1	1.172027	I:	D:
6643	6831	-	1	1.230516	I:	D:
>Y5.M022_120
2	463	+	2	1.219477	I:	D:
499	1836	+	1	1.253668	I:	D:
1882	2703	+	1	1.235164	I:	D:
2762	4024	+	2	1.237781	I:	D:
4056	4403	+	3	1.281522	I:	D:
4434	5219	+	3	1.205838	I:	D:
5244	6827	+	3	1.195365	I:	D:
>Y5.M022_121
3	3272	+	3	1.197963	I:	D:
3318	4076	+	3	1.199651	I:	D:
4126	5400	-	1	1.252024	I:	D:
5632	6336	+	1	1.197291	I:	D:
6359	6775	+	2	1.242085	I:	D:
>Y5.M022_122
1	1023	-	1	1.274650	I:	D:
1235	1537	+	2	1.251666	I:	D:
1552	1884	+	1	1.199048	I:	D:
1982	4576	-	2	1.253021	I:	D:
5230	5820	+	1	1.282846	I:	D:
6018	6722	-	3	1.193384	I:	D:
>Y5.M022_123
30	341	-	3	1.181987	I:	D:
352	1047	-	1	1.262107	I:	D:
1261	1740	-	1	1.166795	I:	D:
1916	2233	-	2	1.191054	I:	D:
2250	3179	-	3	1.229399	I:	D:
3199	4974	-	1	1.249021	I:	D:
4994	6250	-	2	1.252428	I:	D:
6564	6704	+	3	1.220609	I:	D:
>Y5.M022_124
1	1071	-	1	1.264948	I:	D:
1439	1699	+	2	1.263457	I:	D:
1838	3001	+	2	1.234643	I:	D:
3061	3423	-	1	1.306625	I:	D:
3624	4862	+	3	1.292701	I:	D:
5015	5653	+	2	1.259716	I:	D:
5984	6718	-	2	1.290736	I:	D:
>Y5.M022_125
1	471	-	1	1.307069	I:	D:
476	1399	-	2	1.256463	I:	D:
1836	3200	+	3	1.297211	I:	D:
3329	4135	-	2	1.228638	I:	D:
4150	4659	-	1	1.226608	I:	D:
4723	5049	-	1	1.233442	I:	D:
5378	5527	-	2	1.256266	I:	D:
5627	6442	-	2	1.222922	I:	D:
>Y5.M022_126
1	2268	-	1	1.225692	I:	D:
2551	3870	-	1	1.237721	I:	D:
4074	4691	-	3	1.201819	I:	D:
4720	6600	-	1	1.235722	I:	D:
>Y5.M022_127
73	705	+	1	1.194390	I:	D:
967	2766	+	1	1.215742	I:	D:
3034	4359	+	1	1.218118	I:	D:
4572	5111	+	3	1.198690	I:	D:
5192	5821	-	2	1.252242	I:	D:
6320	6562	+	2	1.276567	I:	D:
>Y5.M022_128
3	272	-	3	1.313639	I:	D:
373	2463	-	1	1.241051	I:	D:
2946	4265	+	3	1.225117	I:	D:
4287	4856	+	3	1.290568	I:	D:
4904	6499	+	2	1.229058	I:	D:
>Y5.M022_129
157	612	+	1	1.243161	I:	D:
832	1482	+	1	1.222330	I:	D:
1515	2183	-	3	1.190175	I:	D:
2353	2931	+	1	1.223687	I:	D:
2954	3532	+	2	1.208959	I:	D:
3558	4169	+	3	1.254563	I:	D:
4172	6430	+	2	1.247516	I:	D:
>Y5.M022_130
3	539	+	3	1.241728	I:	D:
610	924	-	1	1.186186	I:	D:
1079	1384	+	2	1.244361	I:	D:
1703	2635	+	2	1.244286	I:	D:
2677	3201	+	1	1.213693	I:	D:
3298	4287	-	1	1.280566	I:	D:
4565	4990	+	2	1.212620	I:	D:
5216	5929	+	2	1.248214	I:	D:
6009	6335	+	3	1.245963	I:	D:
>Y5.M022_131
92	2731	+	2	1.253122	I:	D:
2804	3061	+	2	1.246269	I:	D:
3102	3251	-	3	1.201918	I:	D:
3919	5433	+	1	1.220906	I:	D:
5591	6016	+	2	1.230347	I:	D:
6115	6327	+	1	1.176887	I:	D:
>Y5.M022_132
3	392	-	3	1.209335	I:	D:
467	1624	-	2	1.246863	I:	D:
1654	3480	-	1	1.211372	I:	D:
3951	4139	-	3	1.270595	I:	D:
4216	4926	-	1	1.264749	I:	D:
5012	5818	-	2	1.236920	I:	D:
6098	6301	-	2	1.200218	I:	D:
>Y5.M022_133
1	1623	-	1	1.262907	I:	D:
1919	2260	-	2	1.204159	I:	D:
2621	3277	+	2	1.274199	I:	D:
3437	3688	-	2	1.231804	I:	D:
3777	4505	+	3	1.215520	I:	D:
4683	5594	+	3	1.202565	I:	D:
5647	6273	+	1	1.220302	I:	D:
>Y5.M022_134
2	346	+	2	1.228703	I:	D:
357	971	+	3	1.298522	I:	D:
1065	1691	+	3	1.227621	I:	D:
1991	2701	+	2	1.232762	I:	D:
2779	3264	-	1	1.282067	I:	D:
3772	3918	+	1	1.292034	I:	D:
4442	5620	+	2	1.257486	I:	D:
5748	6227	+	3	1.259575	I:	D:
>Y5.M022_135
42	524	-	3	1.189759	I:	D:
669	2240	+	3	1.264314	I:	D:
2324	3217	-	2	1.242263	I:	D:
3545	4513	-	2	1.263926	I:	D:
4525	5316	-	1	1.238043	I:	D:
5318	6139	-	2	1.278789	I:	D:
>Y5.M022_136
2	313	+	2	1.219736	I:	D:
315	1154	+	3	1.221992	I:	D:
1528	2640	+	1	1.234251	I:	D:
2750	3547	-	2	1.227374	I:	D:
3774	4346	+	3	1.204826	I:	D:
4418	4828	+	2	1.222240	I:	D:
4854	5876	+	3	1.229866	I:	D:
>Y5.M022_137
3	2270	-	3	1.222315	I:	D:
2282	3019	-	2	1.221053	I:	D:
3003	5453	-	3	1.230568	I:	D:
5453	5710	-	2	1.164583	I:	D:
5752	6039	-	1	1.212685	I:	D:
>Y5.M022_138
1	354	+	1	1.238359	I:	D:
546	746	+	3	1.281327	I:	D:
918	1331	+	3	1.227083	I:	D:
1432	1914	+	1	1.209658	I:	D:
2060	2812	-	2	1.218271	I:	D:
2946	3353	-	3	1.229066	I:	D:
3690	3974	+	3	1.272071	I:	D:
4025	4477	-	2	1.234857	I:	D:
4768	5130	+	1	1.244450	I:	D:
5131	6021	+	1	1.234390	I:	D:
>Y5.M022_139
65	808	-	2	1.255014	I:	D:
812	1570	-	2	1.275741	I:	D:
1757	2152	-	2	1.223258	I:	D:
2155	3579	-	1	1.258485	I:	D:
3803	4621	-	2	1.181850	I:	D:
4624	5328	-	1	1.277795	I:	D:
5429	5986	-	2	1.279540	I:	D:
>Y5.M022_140
2	229	-	2	1.297840	I:	D:
883	1506	-	1	1.237586	I:	D:
1591	2544	-	1	1.213201	I:	D:
2875	3237	-	1	1.159791	I:	D:
3330	3557	-	3	1.248790	I:	D:
3792	4298	-	3	1.198808	I:	D:
4318	4866	-	1	1.165674	I:	D:
4911	5084	-	3	1.177457	I:	D:
5136	5414	-	3	1.185667	I:	D:
5494	5763	+	1	1.235119	I:	D:
5770	5925	-	1	1.314276	I:	D:
>Y5.M022_141
3	164	+	3	1.204336	I:	D:
269	2092	+	2	1.223882	I:	D:
2137	2349	-	1	1.253413	I:	D:
2376	2855	-	3	1.219122	I:	D:
3112	3699	+	1	1.210888	I:	D:
3780	4286	+	3	1.210280	I:	D:
4323	5756	-	3	1.284179	I:	D:
>Y5.M022_142
193	762	-	1	1.239375	I:	D:
792	1703	-	3	1.251398	I:	D:
1888	2373	-	1	1.236936	I:	D:
2513	3121	-	2	1.214668	I:	D:
3123	4178	-	3	1.239132	I:	D:
4179	5117	-	3	1.251480	I:	D:
5150	5917	-	2	1.290582	I:	D:
>Y5.M022_143
5	1063	-	2	1.244129	I:	D:
1338	2315	-	3	1.248983	I:	D:
2344	3846	-	1	1.221496	I:	D:
3846	4742	-	3	1.230127	I:	D:
4769	5476	-	2	1.221162	I:	D:
5513	5917	-	2	1.222850	I:	D:
>Y5.M022_144
3	665	-	3	1.258440	I:	D:
714	989	-	3	1.194964	I:	D:
991	1614	-	1	1.238112	I:	D:
1650	2531	-	3	1.215646	I:	D:
2533	3366	-	1	1.281271	I:	D:
3789	4010	-	3	1.206841	I:	D:
4204	5871	+	1	1.237721	I:	D:
>Y5.M022_145
2	1150	-	2	1.235314	I:	D:
1200	2159	-	3	1.244650	I:	D:
2330	5875	-	2	1.255119	I:	D:
>Y5.M022_146
3	2180	-	3	1.264683	I:	D:
2205	2687	-	3	1.212946	I:	D:
2714	3433	-	2	1.183207	I:	D:
3462	3722	-	3	1.259468	I:	D:
4215	4607	-	3	1.236317	I:	D:
4688	4924	-	2	1.152000	I:	D:
4987	5856	-	1	1.186982	I:	D:
>Y5.M022_147
3	239	+	3	1.289701	I:	D:
1020	1610	-	3	1.257962	I:	D:
1902	2705	+	3	1.283038	I:	D:
2772	3032	-	3	1.229521	I:	D:
3414	3755	+	3	1.210884	I:	D:
3801	4301	-	3	1.226548	I:	D:
4491	4775	+	3	1.218100	I:	D:
4822	5730	-	1	1.236844	I:	D:
>Y5.M022_148
3	233	-	3	1.230378	I:	D:
541	885	-	1	1.255294	I:	D:
2107	3462	+	1	1.262390	I:	D:
3727	4842	+	1	1.203053	I:	D:
4991	5197	+	2	1.192909	I:	D:
5218	5745	+	1	1.241702	I:	D:
>Y5.M022_149
2	775	+	2	1.246184	I:	D:
927	1667	-	3	1.257456	I:	D:
2326	2943	+	1	1.167230	I:	D:
2974	3138	-	1	1.200208	I:	D:
3186	3497	+	3	1.253805	I:	D:
3591	4028	+	3	1.126318	I:	D:
4137	4271	+	3	1.148418	I:	D:
4402	5034	+	1	1.205405	I:	D:
5053	5562	+	1	1.135957	I:	D:
>Y5.M022_150
3	275	-	3	1.294191	I:	D:
712	1251	+	1	1.333964	I:	D:
1310	2392	+	2	1.262088	I:	D:
2434	3279	+	1	1.316446	I:	D:
3309	4055	+	3	1.302939	I:	D:
4072	5127	+	1	1.293025	I:	D:
>Y5.M022_151
15	884	+	3	1.249645	I:	D:
1025	1393	+	2	1.264602	I:	D:
1396	1800	+	1	1.221401	I:	D:
1979	2842	+	2	1.243342	I:	D:
2905	3387	-	1	1.225531	I:	D:
3504	4796	-	3	1.235858	I:	D:
5072	5320	+	2	1.231830	I:	D:
5432	5623	-	2	1.337970	I:	D:
>Y5.M022_152
2	2656	-	2	1.266995	I:	D:
2656	3411	-	1	1.282500	I:	D:
3411	5579	-	3	1.245194	I:	D:
>Y5.M022_153
474	1316	-	3	1.206255	I:	D:
1309	2601	-	1	1.241188	I:	D:
2604	3512	-	3	1.211610	I:	D:
3745	4257	+	1	1.204382	I:	D:
4420	4872	+	1	1.257922	I:	D:
>Y5.M022_154
3	236	+	3	1.231304	I:	D:
251	1225	-	2	1.259703	I:	D:
1396	1914	-	1	1.292727	I:	D:
1996	2913	-	1	1.215274	I:	D:
2956	3678	-	1	1.176933	I:	D:
3691	4224	-	1	1.188596	I:	D:
4249	4719	-	1	1.244756	I:	D:
4909	5547	+	1	1.255078	I:	D:
>Y5.M022_155
13	657	-	1	1.264580	I:	D:
857	1198	-	2	1.311038	I:	D:
1293	1847	-	3	1.284387	I:	D:
1929	2129	-	3	1.244644	I:	D:
2327	2515	+	2	1.300680	I:	D:
2877	3989	+	3	1.257067	I:	D:
4756	5451	-	1	1.250978	I:	D:
>Y5.M022_156
1	957	+	1	1.217630	I:	D:
1029	1289	+	3	1.181576	I:	D:
1505	3211	+	2	1.216619	I:	D:
3701	4975	+	2	1.260593	I:	D:
5010	5432	+	3	1.300016	I:	D:
>Y5.M022_157
15	326	-	3	1.286611	I:	D:
363	4352	-	3	1.246387	I:	D:
4412	5305	-	2	1.270427	I:	D:
>Y5.M022_158
2	499	+	2	1.269575	I:	D:
603	968	+	3	1.232243	I:	D:
961	1449	+	1	1.293140	I:	D:
1584	2588	+	3	1.188283	I:	D:
2637	3272	+	3	1.254148	I:	D:
3269	3727	+	2	1.256369	I:	D:
3730	4533	+	1	1.230790	I:	D:
4774	5352	+	1	1.239102	I:	D:
>Y5.M022_159
176	706	-	2	1.224677	I:	D:
850	1293	-	1	1.233315	I:	D:
1682	1981	+	2	1.200619	I:	D:
2109	3872	+	3	1.218165	I:	D:
3950	4951	-	2	1.230562	I:	D:
4942	5271	-	1	1.236995	I:	D:
>Y5.M022_160
2	136	+	2	1.223348	I:	D:
381	905	-	3	1.269940	I:	D:
1054	1818	-	1	1.243350	I:	D:
1899	4139	-	3	1.249243	I:	D:
4320	5147	-	3	1.194249	I:	D:
5141	5290	-	2	1.241761	I:	D:
>Y5.M022_161
2	967	+	2	1.284586	I:	D:
1106	1426	+	2	1.211614	I:	D:
1677	3065	+	3	1.250470	I:	D:
3150	4259	+	3	1.223786	I:	D:
4320	5255	-	3	1.227303	I:	D:
>Y5.M022_162
2	985	+	2	1.210030	I:	D:
1240	3597	+	1	1.208563	I:	D:
3587	4198	+	2	1.287166	I:	D:
4346	5239	+	2	1.248343	I:	D:
>Y5.M022_163
1	333	-	1	1.251342	I:	D:
342	1040	-	3	1.222821	I:	D:
1043	2887	-	2	1.288244	I:	D:
3326	4438	-	2	1.266328	I:	D:
4525	4758	-	1	1.218217	I:	D:
4823	5182	-	2	1.264643	I:	D:
>Y5.M022_164
100	480	-	1	1.184193	I:	D:
606	1175	+	3	1.229621	I:	D:
1286	1876	+	2	1.196549	I:	D:
1954	2589	-	1	1.213672	I:	D:
2770	3789	-	1	1.218177	I:	D:
3859	4626	-	1	1.205704	I:	D:
4775	5128	-	2	1.246023	I:	D:
>Y5.M022_165
1	1224	+	1	1.270498	I:	D:
1217	1579	+	2	1.292623	I:	D:
1581	2861	+	3	1.234946	I:	D:
3593	5074	+	2	1.258233	I:	D:
>Y5.M022_166
108	794	-	3	1.177935	I:	D:
818	1387	-	2	1.199159	I:	D:
1402	2007	-	1	1.168251	I:	D:
2052	3251	-	3	1.230471	I:	D:
3262	3648	-	1	1.262227	I:	D:
3694	3891	-	1	1.290904	I:	D:
3903	4424	-	3	1.211427	I:	D:
4414	4998	-	1	1.296409	I:	D:
>Y5.M022_167
97	417	-	1	1.276410	I:	D:
921	1553	-	3	1.359075	I:	D:
1563	1694	-	3	1.165002	I:	D:
1799	1969	-	2	1.306769	I:	D:
2434	3141	-	1	1.252033	I:	D:
3219	3962	-	3	1.263236	I:	D:
4044	4895	-	3	1.242166	I:	D:
>Y5.M022_168
3	191	-	3	1.197625	I:	D:
609	1871	+	3	1.218342	I:	D:
1888	2835	+	1	1.271025	I:	D:
2947	3957	-	1	1.218969	I:	D:
4236	4892	-	3	1.267866	I:	D:
>Y5.M022_169
59	358	+	2	1.275539	I:	D:
530	1405	+	2	1.207355	I:	D:
1611	2963	+	3	1.216399	I:	D:
2983	3684	+	1	1.183246	I:	D:
4008	4505	+	3	1.215608	I:	D:
4694	4879	+	2	1.208456	I:	D:
>Y5.M022_170
2	208	-	2	1.355170	I:	D:
338	1180	-	2	1.217849	I:	D:
1318	1572	-	1	1.229073	I:	D:
1681	2610	-	1	1.230896	I:	D:
2639	3553	-	2	1.255430	I:	D:
3564	4538	-	3	1.224962	I:	D:
4540	4788	-	1	1.272352	I:	D:
>Y5.M022_171
17	502	+	2	1.164359	I:	D:
586	1095	+	1	1.210270	I:	D:
1184	2056	+	2	1.235532	I:	D:
2059	3264	+	1	1.219832	I:	D:
3267	3482	+	3	1.206885	I:	D:
3485	4372	+	2	1.217427	I:	D:
4397	4786	+	2	1.311421	I:	D:
>Y5.M022_172
1	711	+	1	1.266017	I:	D:
937	1590	-	1	1.257980	I:	D:
1883	2065	+	2	1.219860	I:	D:
2425	3378	+	1	1.264141	I:	D:
3523	3816	-	1	1.242968	I:	D:
3416	4378	+	2	1.234806	I:	D:
4417	4761	+	1	1.300993	I:	D:
>Y5.M022_173
3	191	-	3	1.191664	I:	D:
269	1639	+	2	1.212053	I:	D:
1706	3022	-	2	1.233493	I:	D:
3089	3910	-	2	1.176664	I:	D:
4091	4471	-	2	1.209760	I:	D:
4610	4744	-	2	1.213181	I:	D:
>Y5.M022_174
3	500	-	3	1.260002	I:	D:
679	1455	+	1	1.226602	I:	D:
1625	3004	+	2	1.270228	I:	D:
3131	3721	+	2	1.226142	I:	D:
3832	4404	+	1	1.166858	I:	D:
4442	4738	+	2	1.205251	I:	D:
>Y5.M022_175
1	675	+	1	1.239843	I:	D:
684	1436	+	3	1.235579	I:	D:
1436	2734	+	2	1.239354	I:	D:
2776	3126	+	1	1.248172	I:	D:
3314	3493	+	2	1.215551	I:	D:
3536	3979	+	2	1.220077	I:	D:
4113	4610	+	3	1.264243	I:	D:
>Y5.M022_176
1	516	-	1	1.245176	I:	D:
1046	2353	+	2	1.275025	I:	D:
2457	3443	+	3	1.240776	I:	D:
3558	4538	-	3	1.215883	I:	D:
>Y5.M022_177
2	814	+	2	1.249056	I:	D:
801	1637	+	3	1.222004	I:	D:
1812	2282	+	3	1.211203	I:	D:
2571	3260	+	3	1.250916	I:	D:
3371	4003	+	2	1.198339	I:	D:
4265	4504	+	2	1.334549	I:	D:
>Y5.M022_178
3	527	-	3	1.241764	I:	D:
590	1336	-	2	1.220612	I:	D:
1384	2109	-	1	1.263365	I:	D:
2106	3260	-	3	1.240000	I:	D:
3244	4008	-	1	1.248796	I:	D:
4013	4459	-	2	1.257395	I:	D:
>Y5.M022_179
15	506	-	3	1.281544	I:	D:
836	1384	+	2	1.288072	I:	D:
1450	2274	+	1	1.288724	I:	D:
2277	2684	+	3	1.240523	I:	D:
2793	3578	-	3	1.233803	I:	D:
3794	4417	-	2	1.282571	I:	D:
>Y5.M022_180
3	1697	+	3	1.189931	I:	D:
1780	1992	+	1	1.194137	I:	D:
2229	3413	+	3	1.227235	I:	D:
3702	4307	+	3	1.198450	I:	D:
>Y5.M022_181
3	725	+	3	1.263500	I:	D:
744	1439	+	3	1.278626	I:	D:
1542	2867	+	3	1.214076	I:	D:
2877	3908	+	3	1.237609	I:	D:
3926	4393	+	2	1.312976	I:	D:
>Y5.M022_182
3	683	-	3	1.216021	I:	D:
792	1694	-	3	1.202121	I:	D:
1996	2937	-	1	1.253293	I:	D:
3200	3739	-	2	1.247271	I:	D:
3741	4394	-	3	1.236264	I:	D:
>Y5.M022_183
101	565	+	2	1.163012	I:	D:
641	1561	-	2	1.198097	I:	D:
1753	3939	+	1	1.212986	I:	D:
3949	4272	+	1	1.278228	I:	D:
>Y5.M022_184
1	711	-	1	1.226829	I:	D:
868	2850	-	1	1.212784	I:	D:
2843	3820	-	2	1.199650	I:	D:
4091	4270	+	2	1.330021	I:	D:
>Y5.M022_185
3	2951	+	3	1.221083	I:	D:
3163	4197	+	1	1.263497	I:	D:
>Y5.M022_186
257	1882	-	2	1.225075	I:	D:
2116	3069	-	1	1.248589	I:	D:
3575	4186	+	2	1.260375	I:	D:
>Y5.M022_187
3	1673	+	3	1.211895	I:	D:
2107	3075	+	1	1.222317	I:	D:
3065	3730	+	2	1.237944	I:	D:
3796	4176	+	1	1.169231	I:	D:
>Y5.M022_188
2	433	+	2	1.289200	I:	D:
484	798	+	1	1.313761	I:	D:
928	1635	-	1	1.241657	I:	D:
1712	2125	-	2	1.226226	I:	D:
2141	3088	-	2	1.279688	I:	D:
3256	3729	-	1	1.217412	I:	D:
>Y5.M022_189
136	2784	+	1	1.240232	I:	D:
2793	3386	+	3	1.207594	I:	D:
3389	3928	+	2	1.258058	I:	D:
3943	4122	+	1	1.258963	I:	D:
>Y5.M022_190
2	769	+	2	1.233626	I:	D:
1014	1166	+	3	1.221072	I:	D:
1224	1931	+	3	1.206105	I:	D:
2021	2983	-	2	1.245370	I:	D:
3327	3584	+	3	1.198042	I:	D:
3709	4113	-	1	1.377856	I:	D:
>Y5.M022_191
17	664	+	2	1.242121	I:	D:
666	1670	+	3	1.253970	I:	D:
1733	3058	-	2	1.247842	I:	D:
3335	4075	+	2	1.216403	I:	D:
>Y5.M022_192
1	237	+	1	1.216807	I:	D:
439	1344	+	1	1.224535	I:	D:
1486	2946	+	1	1.221719	I:	D:
3022	4062	-	1	1.218764	I:	D:
>Y5.M022_193
1	567	-	1	1.248473	I:	D:
1277	3487	+	2	1.214785	I:	D:
3552	3914	-	3	1.235458	I:	D:
>Y5.M022_194
2	622	-	2	1.208622	I:	D:
782	1426	+	2	1.233446	I:	D:
1658	2461	-	2	1.248657	I:	D:
3358	3648	-	1	1.294021	I:	D:
3766	4032	-	1	1.200631	I:	D:
>Y5.M022_195
377	1576	-	2	1.209315	I:	D:
1684	2730	-	1	1.263890	I:	D:
2840	3184	-	2	1.199494	I:	D:
3205	3885	-	1	1.231868	I:	D:
3887	4012	-	2	1.179862	I:	D:
>Y5.M022_196
891	1805	+	3	1.243107	I:	D:
1861	2799	+	1	1.266073	I:	D:
2802	3650	+	3	1.255449	I:	D:
3702	3935	+	3	1.359126	I:	D:
>Y5.M022_197
293	1495	-	2	1.220478	I:	D:
1828	3936	+	1	1.239721	I:	D:
>Y5.M022_198
2	292	-	2	1.243591	I:	D:
293	1276	-	2	1.231414	I:	D:
1539	2375	+	3	1.245485	I:	D:
2481	3845	-	3	1.229062	I:	D:
>Y5.M022_199
2	466	-	2	1.242448	I:	D:
527	1462	-	2	1.220109	I:	D:
1640	2359	-	2	1.273751	I:	D:
2454	3206	-	3	1.290322	I:	D:
3336	3698	+	3	1.263104	I:	D:
>Y5.M022_200
40	324	+	1	1.311595	I:	D:
1159	2364	+	1	1.220680	I:	D:
2670	3869	+	3	1.281814	I:	D:
>Y5.M022_201
135	1094	+	3	1.304386	I:	D:
1391	2326	+	2	1.274001	I:	D:
2406	3821	-	3	1.241421	I:	D:
>Y5.M022_202
2	688	-	2	1.283872	I:	D:
697	2178	-	1	1.237755	I:	D:
2844	2999	+	3	1.219280	I:	D:
3629	3796	-	2	1.399425	I:	D:
>Y5.M022_203
16	2181	-	1	1.232416	I:	D:
2697	3488	-	3	1.206360	I:	D:
>Y5.M022_204
3	188	+	3	1.235254	I:	D:
193	918	+	1	1.219671	I:	D:
1126	2742	+	1	1.296892	I:	D:
2797	3225	-	1	1.259756	I:	D:
>Y5.M022_205
51	1121	+	3	1.250085	I:	D:
1338	2564	+	3	1.273371	I:	D:
2576	2809	+	2	1.245796	I:	D:
>Y5.M022_206
3	2984	-	3	1.231721	I:	D:
2992	3198	-	1	1.227102	I:	D:
3350	4768	-	2	1.222300	I:	D:
4981	6252	-	1	1.205537	I:	D:
6543	7622	+	3	1.278322	I:	D:
7669	8628	-	1	1.203575	I:	D:
>Y5.M022_207
3	545	+	3	1.277868	I:	D:
582	860	+	3	1.138234	I:	D:
938	2299	-	2	1.255397	I:	D:
2570	3220	-	2	1.188352	I:	D:
3327	4412	-	3	1.211271	I:	D:
4585	5880	+	1	1.227294	I:	D:
6072	6692	+	3	1.247988	I:	D:
>Y5.M022_208
45	1115	+	3	1.304018	I:	D:
1130	1990	+	2	1.295470	I:	D:
1984	3384	+	1	1.313411	I:	D:
3450	4103	+	3	1.329307	I:	D:
4138	5757	+	1	1.321188	I:	D:
5768	6265	+	2	1.381663	I:	D:
6341	6748	+	2	1.331594	I:	D:
>Y5.M022_209
2	1075	+	2	1.237472	I:	D:
1239	2585	+	3	1.266803	I:	D:
2617	3141	-	1	1.322056	I:	D:
3305	3571	+	2	1.245282	I:	D:
3582	3827	+	3	1.161103	I:	D:
4131	4853	+	3	1.180033	I:	D:
4840	5346	+	1	1.214180	I:	D:
5458	5796	-	1	1.271654	I:	D:
>Y5.M022_210
1	540	+	1	1.337974	I:	D:
1963	2751	-	1	1.394443	I:	D:
>Y5.M022_211
307	1206	+	1	1.227554	I:	D:
1403	2464	+	2	1.279546	I:	D:
>Y5.M022_212
2	544	-	2	1.208832	I:	D:
556	876	-	1	1.203384	I:	D:
866	1147	-	2	1.229257	I:	D:
1172	2326	-	2	1.237193	I:	D:
2356	2817	-	1	1.202465	I:	D:
3054	5063	-	3	1.289204	I:	D:
>Y5.M022_213
1	1308	+	1	1.252944	I:	D:
1330	1809	+	1	1.229164	I:	D:
1943	3226	+	2	1.206962	I:	D:
3303	3884	+	3	1.248269	I:	D:
3923	4315	+	2	1.240054	I:	D:
>Y5.M022_214
214	714	+	1	1.245011	I:	D:
727	2613	+	1	1.259754	I:	D:
2665	2799	+	1	1.171341	I:	D:
>Y5.M022_215
3	539	-	3	1.244312	I:	D:
668	1687	-	2	1.251903	I:	D:
>Y5.M022_216
16	471	-	1	1.285271	I:	D:
695	1366	-	2	1.273168	I:	D:
1347	2096	-	3	1.272511	I:	D:
2150	2476	-	2	1.295451	I:	D:
>Y5.M022_217
98	997	+	2	1.289028	I:	D:
990	1862	+	3	1.260240	I:	D:
1855	2688	+	1	1.266643	I:	D:
2735	3340	+	2	1.295762	I:	D:
>Y5.M022_218
1	159	-	1	1.262876	I:	D:
162	656	-	3	1.156705	I:	D:
808	1008	+	1	1.201816	I:	D:
1026	1205	+	3	1.210056	I:	D:
1218	1559	+	3	1.283612	I:	D:
1927	3297	+	1	1.218568	I:	D:
3398	3604	+	2	1.111434	I:	D:
3815	7696	+	2	1.259078	I:	D:
7697	8086	+	2	1.211938	I:	D:
9011	9223	-	2	1.169343	I:	D:
9410	9973	+	2	1.329073	I:	D:
9973	10227	+	1	1.191679	I:	D:
10240	10971	+	1	1.269118	I:	D:
11228	11425	+	2	1.224735	I:	D:
11703	12290	+	3	1.203474	I:	D:
12293	12445	+	2	1.202749	I:	D:
12816	13208	+	3	1.308115	I:	D:
>Y5.M022_219
2	232	+	2	1.184736	I:	D:
1355	2278	+	2	1.259946	I:	D:
2282	2677	+	2	1.246563	I:	D:
>Y5.M022_220
2	703	-	2	1.310420	I:	D:
1355	2518	-	2	1.242077	I:	D:
2526	3578	-	3	1.302962	I:	D:
3762	5003	-	3	1.260554	I:	D:
5311	6327	+	1	1.304184	I:	D:
6485	7378	-	2	1.308204	I:	D:
7843	9597	-	1	1.306843	I:	D:
9926	10306	-	2	1.293357	I:	D:
10384	10653	-	1	1.229897	I:	D:
10808	11542	-	2	1.279689	I:	D:
>Y5.M022_221
2	298	+	2	1.246817	I:	D:
391	1422	+	1	1.209732	I:	D:
1831	2469	+	1	1.202737	I:	D:
2549	3925	+	2	1.230798	I:	D:
4122	5060	+	3	1.223398	I:	D:
5148	6386	-	3	1.242840	I:	D:
6713	7243	+	2	1.179071	I:	D:
>Y5.M022_222
204	1484	-	3	1.177448	I:	D:
1486	2148	-	1	1.187532	I:	D:
2334	3638	-	3	1.193893	I:	D:
3635	4339	-	2	1.167383	I:	D:
4528	4683	+	1	1.318265	I:	D:
>Y5.M022_223
2	961	-	2	1.265627	I:	D:
1303	2112	-	1	1.233404	I:	D:
2315	2509	+	2	1.164912	I:	D:
>Y5.M022_224
1	954	+	1	1.258382	I:	D:
1036	1308	+	1	1.249790	I:	D:
1454	1813	+	2	1.255793	I:	D:
1944	2156	-	3	1.257088	I:	D:
>Y5.M022_225
589	993	-	1	1.246212	I:	D:
1158	1334	+	3	1.264486	I:	D:
1461	1682	-	3	1.307433	I:	D:
2102	2260	+	2	1.287223	I:	D:
>Y5.M022_226
1	492	+	1	1.316500	I:	D:
551	1513	+	2	1.312224	I:	D:
2032	3123	+	1	1.298287	I:	D:
>Y5.M022_227
552	1103	+	3	1.275706	I:	D:
1573	2022	+	1	1.231563	I:	D:
>Y5.M022_228
3	245	+	3	1.249722	I:	D:
304	507	+	1	1.208032	I:	D:
523	681	+	1	1.239527	I:	D:
718	1089	+	1	1.258905	I:	D:
1127	1327	+	2	1.178402	I:	D:
2034	2180	+	3	1.136964	I:	D:
2173	3144	+	1	1.289859	I:	D:
3226	3879	+	1	1.260132	I:	D:
>Y5.M022_229
298	1125	+	1	1.229268	I:	D:
1638	2360	+	3	1.237405	I:	D:
2464	2661	-	1	1.280184	I:	D:
2716	3423	+	1	1.278543	I:	D:
3610	4197	+	1	1.245977	I:	D:
>Y5.M022_230
69	1499	-	3	1.260511	I:	D:
1716	2408	-	3	1.301737	I:	D:
2671	2937	-	1	1.279025	I:	D:
2942	3286	-	2	1.281985	I:	D:
>Y5.M022_231
3	1067	-	3	1.388912	I:	D:
1203	1925	-	3	1.292451	I:	D:
2360	2536	-	2	1.251251	I:	D:
2704	2889	-	1	1.294056	I:	D:
>Y5.M022_232
3	218	+	3	1.185290	I:	D:
758	1285	+	2	1.231595	I:	D:
1323	1742	+	3	1.311427	I:	D:
2132	2581	+	2	1.287902	I:	D:
2987	3943	+	2	1.287010	I:	D:
4014	4616	+	3	1.259872	I:	D:
4875	5537	+	3	1.305597	I:	D:
5597	6172	+	2	1.272878	I:	D:
6253	6438	+	1	1.196198	I:	D:
>Y5.M022_233
122	1507	-	2	1.263786	I:	D:
1600	2583	-	1	1.254868	I:	D:
2583	3557	-	3	1.301305	I:	D:
3569	4354	-	2	1.229896	I:	D:
4356	5267	-	3	1.290653	I:	D:
5270	6313	-	2	1.252404	I:	D:
>Y5.M022_234
582	2507	+	3	1.238963	I:	D:
>Y5.M022_235
221	1483	+	2	1.301924	I:	D:
1470	2228	+	3	1.251704	I:	D:
2229	2372	+	3	1.324352	I:	D:
>Y5.M022_236
2	598	-	2	1.311168	I:	D:
689	2026	+	2	1.214600	I:	D:
>Y5.M022_237
165	512	+	3	1.222368	I:	D:
525	1439	+	3	1.298665	I:	D:
1444	2394	+	1	1.213742	I:	D:
2408	3520	+	2	1.234841	I:	D:
3534	4655	+	3	1.229603	I:	D:
4702	5631	+	1	1.218291	I:	D:
5642	6754	+	2	1.219218	I:	D:
6768	7754	+	3	1.221198	I:	D:
7772	8740	+	2	1.196954	I:	D:
8760	9719	+	3	1.201552	I:	D:
9762	10751	+	3	1.203773	I:	D:
>Y5.M022_238
1	1044	+	1	1.199416	I:	D:
1037	2209	+	2	1.213623	I:	D:
2211	3368	+	3	1.211817	I:	D:
3370	4929	+	1	1.212017	I:	D:
5187	5414	-	3	1.244091	I:	D:
5415	5540	-	3	1.338522	I:	D:
>Y5.M022_239
1	1035	-	1	1.248453	I:	D:
1032	1733	-	3	1.266676	I:	D:
2148	2495	-	3	1.177052	I:	D:
2661	3338	-	3	1.193108	I:	D:
3524	4732	-	2	1.180014	I:	D:
4756	5163	-	1	1.218248	I:	D:
>Y5.M022_240
3	374	+	3	1.332060	I:	D:
771	1724	+	3	1.292787	I:	D:
>Y5.M022_241
229	837	-	1	1.240638	I:	D:
572	769	+	2	1.258592	I:	D:
834	2003	-	3	1.250914	I:	D:
>Y5.M022_242
162	1271	+	3	1.322804	I:	D:
1334	2584	+	2	1.286301	I:	D:
2594	3532	+	2	1.269960	I:	D:
3529	4164	+	1	1.358205	I:	D:
>Y5.M022_243
3	1304	-	3	1.287860	I:	D:
1610	1804	+	2	1.369699	I:	D:
1957	2121	+	1	1.388988	I:	D:
2172	2747	+	3	1.256615	I:	D:
2761	3006	+	1	1.322828	I:	D:
>Y5.M022_244
1	798	-	1	1.256554	I:	D:
795	2009	-	3	1.313386	I:	D:
2066	2446	-	2	1.314728	I:	D:
>Y5.M022_245
2	238	-	2	1.309307	I:	D:
254	1237	-	2	1.280945	I:	D:
1250	1942	-	2	1.291433	I:	D:
1927	2145	-	1	1.310820	I:	D:
>Y5.M022_246
607	1710	-	1	1.273926	I:	D:
1707	2105	-	3	1.327935	I:	D:
>Y5.M022_247
3	926	+	3	1.229693	I:	D:
1087	1983	+	1	1.296115	I:	D:
2002	3279	+	1	1.192056	I:	D:
3289	3945	+	1	1.203122	I:	D:
3945	5285	+	3	1.217358	I:	D:
>Y5.M022_248
59	508	+	2	1.289338	I:	D:
566	1822	+	2	1.301537	I:	D:
1841	2668	+	2	1.289271	I:	D:
2747	3481	+	2	1.334904	I:	D:
3462	4496	+	3	1.308611	I:	D:
4567	5574	+	1	1.285021	I:	D:
>Y5.M022_249
2	2080	+	2	1.269962	I:	D:
2067	3845	+	3	1.244064	I:	D:
4394	4612	-	2	1.373161	I:	D:
5165	5311	+	2	1.368524	I:	D:
>Y5.M022_250
58	753	+	1	1.314959	I:	D:
754	1851	+	1	1.284518	I:	D:
1853	2992	+	2	1.285212	I:	D:
2989	3612	+	1	1.307917	I:	D:
3609	4070	+	3	1.321266	I:	D:
4067	4552	+	2	1.335538	I:	D:
>Y5.M022_251
362	2419	+	2	1.254246	I:	D:
2648	2905	-	2	1.210322	I:	D:
3181	3750	+	1	1.224054	I:	D:
3811	4068	+	1	1.238123	I:	D:
4616	5440	+	2	1.234076	I:	D:
5434	5937	+	1	1.235636	I:	D:
5973	6983	-	3	1.194205	I:	D:
7073	7558	-	2	1.231694	I:	D:
7688	8449	+	2	1.245402	I:	D:
8635	8958	+	1	1.201684	I:	D:
10030	11757	+	1	1.246969	I:	D:
11833	12039	+	1	1.210647	I:	D:
12093	12722	+	3	1.193747	I:	D:
12741	14186	+	3	1.234492	I:	D:
14304	14468	-	3	1.242407	I:	D:
14496	14927	-	3	1.249961	I:	D:
15143	15340	+	2	1.199096	I:	D:
15396	16178	-	3	1.226607	I:	D:
16505	17218	-	2	1.185426	I:	D:
17605	19281	+	1	1.209787	I:	D:
19338	21551	+	3	1.236098	I:	D:
21698	22681	+	2	1.230265	I:	D:
22684	23496	+	1	1.216036	I:	D:
23518	27012	+	1	1.230422	I:	D:
27737	29218	+	2	1.261511	I:	D:
29239	30771	+	1	1.245236	I:	D:
30758	31132	+	2	1.269349	I:	D:
31229	32218	+	2	1.215864	I:	D:
32221	33468	+	1	1.228214	I:	D:
33789	34247	+	3	1.217546	I:	D:
35148	35429	+	3	1.216091	I:	D:
35601	35765	+	3	1.293345	I:	D:
35775	36245	+	3	1.225264	I:	D:
36390	36605	+	3	1.187090	I:	D:
36648	37301	+	3	1.229852	I:	D:
37404	37823	+	3	1.288336	I:	D:
37807	38634	+	1	1.332234	I:	D:
38658	39359	+	3	1.274564	I:	D:
39378	39914	+	3	1.241933	I:	D:
40117	40569	+	1	1.214429	I:	D:
40571	41041	+	2	1.197691	I:	D:
41068	41310	+	1	1.307443	I:	D:
41323	41769	+	1	1.212429	I:	D:
41895	42323	+	3	1.196212	I:	D:
42383	42625	+	2	1.254852	I:	D:
42741	44126	+	3	1.248569	I:	D:
44116	44676	+	1	1.274536	I:	D:
44767	45312	-	1	1.236570	I:	D:
45403	45702	+	1	1.245056	I:	D:
45716	45889	+	2	1.246091	I:	D:
45910	46200	+	1	1.257379	I:	D:
46218	46697	+	3	1.212923	I:	D:
46709	47209	+	2	1.251674	I:	D:
47221	47355	+	1	1.179570	I:	D:
47371	47544	+	1	1.276832	I:	D:
47586	48071	+	3	1.260721	I:	D:
48327	48494	+	3	1.261971	I:	D:
48496	48717	+	1	1.246738	I:	D:
48735	49505	+	3	1.323766	I:	D:
49577	50140	+	2	1.283283	I:	D:
50499	50975	+	3	1.261166	I:	D:
50992	51234	+	1	1.215307	I:	D:
51317	52570	+	2	1.244425	I:	D:
52596	52868	+	3	1.173376	I:	D:
53048	53638	+	2	1.240018	I:	D:
53640	53777	+	3	1.230572	I:	D:
53979	54488	+	3	1.223748	I:	D:
54502	55110	+	1	1.267642	I:	D:
55219	55395	-	1	1.180137	I:	D:
55422	56240	-	3	1.214680	I:	D:
56309	56575	-	2	1.233632	I:	D:
57224	57649	+	2	1.259084	I:	D:
57662	58144	+	2	1.218825	I:	D:
58290	58907	+	3	1.299789	I:	D:
58931	59215	+	2	1.203897	I:	D:
59280	59936	+	3	1.247911	I:	D:
59917	60102	+	1	1.231013	I:	D:
60116	60280	+	2	1.253560	I:	D:
60294	60437	+	3	1.220168	I:	D:
>Y5.M022_252
1	201	+	1	1.464137	I:	D:
784	990	-	1	1.408932	I:	D:
1680	2879	-	3	1.276821	I:	D:
2876	4000	-	2	1.321178	I:	D:
4016	4558	-	2	1.259567	I:	D:
4574	5467	-	2	1.296303	I:	D:
5467	6000	-	1	1.273450	I:	D:
>Y5.M022_253
3	206	-	3	1.282682	I:	D:
219	710	-	3	1.287245	I:	D:
726	3293	-	3	1.278342	I:	D:
>Y5.M022_254
127	1167	+	1	1.298209	I:	D:
1167	2246	+	3	1.302226	I:	D:
2249	2833	+	2	1.282756	I:	D:
>Y5.M022_255
571	1227	+	1	1.298656	I:	D:
1287	1784	+	3	1.322324	I:	D:
1808	2449	+	2	1.316725	I:	D:
>Y5.M022_256
2	511	+	2	1.216941	I:	D:
620	1120	-	2	1.193598	I:	D:
1276	2322	-	1	1.263429	I:	D:
2639	2785	+	2	1.237120	I:	D:
3092	3316	-	2	1.297449	I:	D:
3528	3929	+	3	1.316661	I:	D:
3999	4172	-	3	1.290106	I:	D:
4407	5054	+	3	1.266026	I:	D:
5121	5633	+	3	1.238341	I:	D:
5906	8002	-	2	1.221438	I:	D:
8559	9917	-	3	1.238841	I:	D:
9918	10397	-	3	1.330596	I:	D:
10420	12309	-	1	1.262245	I:	D:
12718	12921	+	1	1.330917	I:	D:
13029	13199	+	3	1.392556	I:	D:
13339	13968	-	1	1.280729	I:	D:
14109	16025	+	3	1.263754	I:	D:
16303	17091	-	1	1.257007	I:	D:
17311	17655	-	1	1.270307	I:	D:
17704	18720	-	1	1.267230	I:	D:
18814	19353	-	1	1.291478	I:	D:
19390	20124	-	1	1.262050	I:	D:
20124	20594	-	3	1.332211	I:	D:
20781	21395	-	3	1.253801	I:	D:
21889	23067	-	1	1.263214	I:	D:
23263	25404	-	1	1.246962	I:	D:
25467	26516	-	3	1.263153	I:	D:
26590	29316	-	1	1.248006	I:	D:
29487	30815	-	3	1.262086	I:	D:
30975	31520	-	3	1.231003	I:	D:
31864	32373	-	1	1.246379	I:	D:
32490	32903	-	3	1.291407	I:	D:
32905	33414	-	1	1.217847	I:	D:
33479	34144	-	2	1.257103	I:	D:
34200	34463	-	3	1.291338	I:	D:
34460	34732	-	2	1.270785	I:	D:
34944	35546	+	3	1.279361	I:	D:
35626	36543	-	1	1.223059	I:	D:
36590	37525	-	2	1.262979	I:	D:
37515	39008	-	3	1.236867	I:	D:
39030	39431	-	3	1.246325	I:	D:
39464	40348	-	2	1.235059	I:	D:
40354	41340	-	1	1.265561	I:	D:
42069	42887	-	3	1.222733	I:	D:
42871	45099	-	1	1.307551	I:	D:
45204	46901	-	3	1.257601	I:	D:
46928	50104	-	2	1.225136	I:	D:
50255	51445	-	2	1.260129	I:	D:
51936	52445	+	3	1.333618	I:	D:
52574	53590	-	2	1.244333	I:	D:
53717	53974	-	2	1.265942	I:	D:
54085	54744	-	1	1.201918	I:	D:
54908	55933	-	2	1.289773	I:	D:
56075	57328	-	2	1.245805	I:	D:
57363	58094	-	3	1.202043	I:	D:
58234	59391	-	1	1.219120	I:	D:
59437	59856	-	1	1.216052	I:	D:
59886	62051	-	3	1.235633	I:	D:
62429	63862	-	2	1.259503	I:	D:
64429	66258	-	1	1.247899	I:	D:
66661	68007	-	1	1.236333	I:	D:
68335	69519	-	1	1.208623	I:	D:
69516	70331	-	3	1.257405	I:	D:
>Y5.M022_257
243	989	+	3	1.250903	I:	D:
1019	1432	+	2	1.238947	I:	D:
1848	3317	+	3	1.253469	I:	D:
3317	4852	+	2	1.264692	I:	D:
5159	5689	+	2	1.216617	I:	D:
5705	6337	+	2	1.211241	I:	D:
6385	7584	+	1	1.213457	I:	D:
7612	8382	+	1	1.233481	I:	D:
8686	9582	+	1	1.218477	I:	D:
9804	10358	+	3	1.299529	I:	D:
10431	11198	-	3	1.236525	I:	D:
11432	11896	+	2	1.201118	I:	D:
12091	13221	+	1	1.284276	I:	D:
13425	14150	-	3	1.246213	I:	D:
14393	14878	+	2	1.212041	I:	D:
15128	15886	+	2	1.256360	I:	D:
16090	16797	+	1	1.215047	I:	D:
16949	17656	+	2	1.274412	I:	D:
17705	17878	+	2	1.225379	I:	D:
18306	18830	+	3	1.240241	I:	D:
18898	19599	+	1	1.227789	I:	D:
19787	21787	+	2	1.266758	I:	D:
21878	22816	+	2	1.224120	I:	D:
23026	23457	+	1	1.223318	I:	D:
23814	25352	+	3	1.280339	I:	D:
25521	26084	+	3	1.217456	I:	D:
26232	26447	+	3	1.282777	I:	D:
26440	27222	+	1	1.266753	I:	D:
27453	27791	+	3	1.233985	I:	D:
27863	29944	-	2	1.289847	I:	D:
30623	31993	+	2	1.273708	I:	D:
32361	32843	+	3	1.218372	I:	D:
32938	33633	+	1	1.214286	I:	D:
33661	35037	+	1	1.264618	I:	D:
35031	36104	+	3	1.231787	I:	D:
36311	36691	+	2	1.245639	I:	D:
36716	37966	+	2	1.225949	I:	D:
38022	41792	+	3	1.234860	I:	D:
41992	43812	+	1	1.210264	I:	D:
44003	44233	+	2	1.225765	I:	D:
>Y5.M022_258
1	426	-	1	1.184096	I:	D:
446	1411	-	2	1.265333	I:	D:
1741	3732	-	1	1.242637	I:	D:
3745	4092	-	1	1.208546	I:	D:
4371	6218	-	3	1.245954	I:	D:
6262	7995	-	1	1.248292	I:	D:
8068	8493	-	1	1.216191	I:	D:
8642	9988	+	2	1.215246	I:	D:
10164	11141	-	3	1.233462	I:	D:
11188	12597	-	1	1.250048	I:	D:
12806	13978	-	2	1.230608	I:	D:
14011	15660	-	1	1.225195	I:	D:
15815	17455	-	2	1.222630	I:	D:
17484	18152	-	3	1.254420	I:	D:
18178	18903	-	1	1.227067	I:	D:
19210	19704	-	1	1.224045	I:	D:
20044	21432	-	1	1.225109	I:	D:
21922	23085	+	1	1.263576	I:	D:
23155	23601	+	1	1.159610	I:	D:
23680	25032	-	1	1.262776	I:	D:
25209	26495	-	3	1.232470	I:	D:
26838	27773	-	3	1.259761	I:	D:
27831	28562	-	3	1.260408	I:	D:
28574	29356	-	2	1.226329	I:	D:
29528	30829	-	2	1.224866	I:	D:
30840	32102	-	3	1.214824	I:	D:
32287	33429	+	1	1.244392	I:	D:
33545	34285	-	2	1.265653	I:	D:
>Y5.M022_259
2	292	+	2	1.253547	I:	D:
458	1033	+	2	1.190375	I:	D:
1493	2527	+	2	1.217309	I:	D:
2550	3770	+	3	1.249773	I:	D:
3817	4665	+	1	1.197654	I:	D:
4738	5928	+	1	1.218524	I:	D:
6107	6904	+	2	1.202815	I:	D:
6939	7196	+	3	1.234214	I:	D:
7272	8192	+	3	1.255866	I:	D:
8326	9690	+	1	1.253402	I:	D:
9960	14540	+	3	1.240036	I:	D:
14553	15965	+	3	1.252686	I:	D:
16187	17053	+	2	1.247687	I:	D:
17348	18271	+	2	1.239940	I:	D:
18320	20110	+	2	1.248398	I:	D:
20764	21486	+	1	1.271199	I:	D:
21543	21803	+	3	1.226231	I:	D:
21856	22554	+	1	1.249190	I:	D:
22547	23362	+	2	1.258176	I:	D:
23486	24844	-	2	1.256998	I:	D:
24931	25746	+	1	1.212895	I:	D:
25833	27026	-	3	1.244912	I:	D:
27179	27553	+	2	1.210573	I:	D:
27546	28199	+	3	1.221646	I:	D:
>Y5.M022_260
1	369	+	1	1.190102	I:	D:
382	2226	+	1	1.217705	I:	D:
2269	3150	+	1	1.213759	I:	D:
3153	3809	+	3	1.228227	I:	D:
3821	4468	+	2	1.236013	I:	D:
4518	4916	-	3	1.200626	I:	D:
5030	5887	+	2	1.202676	I:	D:
5955	8558	-	3	1.252115	I:	D:
9305	10609	+	2	1.224510	I:	D:
10890	11078	-	3	1.289320	I:	D:
11731	12081	+	1	1.212548	I:	D:
12097	13734	+	1	1.194516	I:	D:
13861	15921	+	1	1.220352	I:	D:
15965	16522	+	2	1.226683	I:	D:
16522	17019	+	1	1.257898	I:	D:
17019	17540	+	3	1.163676	I:	D:
17684	18586	+	2	1.199300	I:	D:
18612	20000	+	3	1.227818	I:	D:
20005	20793	+	1	1.270108	I:	D:
20909	22072	-	2	1.250215	I:	D:
22240	22947	+	1	1.241081	I:	D:
23165	24694	+	2	1.265063	I:	D:
24776	26050	+	2	1.244069	I:	D:
26066	26854	+	2	1.209715	I:	D:
26873	27406	+	2	1.226510	I:	D:
>Y5.M022_261
11	1870	-	2	1.231151	I:	D:
1863	4160	-	3	1.219915	I:	D:
4254	4712	-	3	1.204121	I:	D:
5069	5797	+	2	1.197481	I:	D:
5936	7186	-	2	1.221769	I:	D:
7474	8754	-	1	1.204851	I:	D:
9192	12692	-	3	1.233629	I:	D:
12706	14460	-	1	1.254478	I:	D:
14491	15021	-	1	1.222087	I:	D:
15558	15992	+	3	1.264971	I:	D:
16049	16963	-	2	1.222696	I:	D:
16968	18308	-	3	1.220381	I:	D:
18470	18778	-	2	1.238153	I:	D:
18797	18931	-	2	1.232060	I:	D:
19029	20228	-	3	1.245339	I:	D:
20247	20903	-	3	1.250558	I:	D:
20928	22040	-	3	1.222828	I:	D:
22372	22770	-	1	1.163028	I:	D:
23039	23653	+	2	1.273438	I:	D:
23767	24276	-	1	1.219619	I:	D:
24677	25576	-	2	1.200766	I:	D:
25922	26167	-	2	1.268896	I:	D:
>Y5.M022_262
1	384	+	1	1.196739	I:	D:
516	1199	-	3	1.240676	I:	D:
1542	7577	+	3	1.244301	I:	D:
7671	11462	+	3	1.287477	I:	D:
11548	12186	-	1	1.299315	I:	D:
12444	13643	+	3	1.186007	I:	D:
13832	14203	+	2	1.143356	I:	D:
14322	15485	+	3	1.276033	I:	D:
15516	15971	+	3	1.293716	I:	D:
16150	16488	+	1	1.298380	I:	D:
16693	17901	+	1	1.212241	I:	D:
18159	18587	+	3	1.236894	I:	D:
18724	19431	+	1	1.188194	I:	D:
19603	20991	-	1	1.289879	I:	D:
21131	22132	+	2	1.301122	I:	D:
22186	22608	+	1	1.214427	I:	D:
22654	23511	-	1	1.245141	I:	D:
23801	25345	+	2	1.261916	I:	D:
>Y5.M022_263
404	928	+	2	1.252399	I:	D:
1433	1765	+	2	1.252653	I:	D:
1783	2208	+	1	1.200183	I:	D:
2235	3002	+	3	1.239611	I:	D:
3161	3640	+	2	1.234522	I:	D:
3653	4666	+	2	1.282584	I:	D:
4702	5064	+	1	1.231893	I:	D:
5136	7829	-	3	1.230985	I:	D:
8142	9116	-	3	1.210769	I:	D:
9308	9832	-	2	1.263389	I:	D:
10000	10770	+	1	1.244047	I:	D:
10780	11493	+	1	1.294153	I:	D:
11551	13101	+	1	1.257507	I:	D:
13127	13771	+	2	1.244344	I:	D:
13914	14177	-	3	1.286064	I:	D:
14280	18005	+	3	1.233541	I:	D:
18006	19073	+	3	1.220056	I:	D:
19338	20624	+	3	1.240447	I:	D:
20627	21316	+	2	1.260203	I:	D:
21418	21957	+	1	1.262089	I:	D:
22003	23574	+	1	1.233670	I:	D:
23618	23920	-	2	1.332409	I:	D:
>Y5.M022_264
81	386	-	3	1.271708	I:	D:
694	2613	-	1	1.244692	I:	D:
3007	3801	-	1	1.201281	I:	D:
4062	4997	-	3	1.278664	I:	D:
4997	6088	-	2	1.268481	I:	D:
6078	7649	-	3	1.253138	I:	D:
7814	8863	-	2	1.230673	I:	D:
9210	10241	-	3	1.210255	I:	D:
10591	11433	-	1	1.203776	I:	D:
11462	11932	-	2	1.239851	I:	D:
12065	13414	-	2	1.219337	I:	D:
13436	14065	-	2	1.244071	I:	D:
14256	16466	-	3	1.207691	I:	D:
16563	17489	-	3	1.249771	I:	D:
17537	17941	+	2	1.238930	I:	D:
18063	19067	-	3	1.231092	I:	D:
19205	19792	-	2	1.205912	I:	D:
20180	21838	-	2	1.246764	I:	D:
21970	22527	-	1	1.219847	I:	D:
22672	23646	-	1	1.239682	I:	D:
>Y5.M022_265
3	494	+	3	1.250847	I:	D:
556	1053	+	1	1.254970	I:	D:
1295	3145	+	2	1.216396	I:	D:
3267	3806	-	3	1.236077	I:	D:
3962	4564	-	2	1.210593	I:	D:
4714	5574	+	1	1.242001	I:	D:
5781	6050	+	3	1.247800	I:	D:
6118	7683	+	1	1.206178	I:	D:
7813	8694	+	1	1.216662	I:	D:
8687	9355	+	2	1.201474	I:	D:
9600	10322	+	3	1.187765	I:	D:
10345	11052	+	1	1.264559	I:	D:
11219	11626	+	2	1.210234	I:	D:
11918	13306	+	2	1.229231	I:	D:
13320	15338	+	3	1.251642	I:	D:
15531	16514	+	3	1.239367	I:	D:
16507	17484	+	1	1.239691	I:	D:
17764	18369	+	1	1.254060	I:	D:
18387	19157	+	3	1.261032	I:	D:
19443	20411	+	3	1.261318	I:	D:
20519	20995	+	2	1.189385	I:	D:
21010	22533	+	1	1.268406	I:	D:
22788	23225	+	3	1.258274	I:	D:
23218	23673	+	1	1.250569	I:	D:
>Y5.M022_266
3	314	+	3	1.221531	I:	D:
441	1040	-	3	1.240980	I:	D:
1042	1920	-	1	1.243546	I:	D:
2252	3550	+	2	1.257675	I:	D:
3582	4769	+	3	1.250139	I:	D:
4810	5217	+	1	1.234668	I:	D:
5245	6105	+	1	1.188624	I:	D:
6107	6562	+	2	1.190905	I:	D:
6573	7037	+	3	1.211722	I:	D:
7161	9173	+	3	1.209650	I:	D:
9302	9727	+	2	1.209918	I:	D:
9805	11424	+	1	1.241338	I:	D:
11638	13266	+	1	1.243244	I:	D:
13601	14947	+	2	1.257700	I:	D:
15182	16270	+	2	1.223160	I:	D:
16418	17377	+	2	1.242810	I:	D:
17398	18693	+	1	1.254438	I:	D:
18807	20720	-	3	1.232336	I:	D:
20735	20953	-	2	1.279711	I:	D:
21252	21773	+	3	1.238608	I:	D:
21804	21965	+	3	1.142110	I:	D:
22233	22526	-	3	1.362967	I:	D:
>Y5.M022_267
1	855	-	1	1.260369	I:	D:
1011	1886	-	3	1.202423	I:	D:
2030	2965	-	2	1.183852	I:	D:
3156	5621	-	3	1.242136	I:	D:
5910	6287	+	3	1.282038	I:	D:
6300	6740	+	3	1.227623	I:	D:
6796	7443	-	1	1.250789	I:	D:
7591	8415	-	1	1.226628	I:	D:
8709	10148	-	3	1.232547	I:	D:
10306	10941	-	1	1.191841	I:	D:
11119	11658	-	1	1.324033	I:	D:
11874	12407	+	3	1.256039	I:	D:
12573	18908	-	3	1.218845	I:	D:
19313	21976	+	2	1.254648	I:	D:
>Y5.M022_268
1	702	+	1	1.228743	I:	D:
967	2616	+	1	1.228469	I:	D:
2798	3007	+	2	1.317523	I:	D:
3203	4114	+	2	1.236137	I:	D:
4125	4976	+	3	1.196335	I:	D:
4989	6053	+	3	1.244003	I:	D:
6259	6939	+	1	1.241887	I:	D:
6961	8001	+	1	1.246009	I:	D:
8326	8778	+	1	1.268230	I:	D:
8861	9490	+	2	1.251070	I:	D:
10035	10262	+	3	1.360683	I:	D:
10267	10656	+	1	1.286205	I:	D:
10660	11364	+	1	1.306694	I:	D:
11450	11695	+	2	1.271490	I:	D:
11923	12291	+	1	1.121071	I:	D:
12288	12827	+	3	1.214368	I:	D:
12846	14348	+	3	1.258362	I:	D:
14378	15244	+	2	1.257850	I:	D:
15257	16648	+	2	1.278152	I:	D:
16652	16936	+	2	1.159068	I:	D:
17245	17625	+	1	1.204980	I:	D:
17699	18295	+	2	1.212635	I:	D:
18642	18887	+	3	1.154457	I:	D:
18835	19245	+	1	1.261506	I:	D:
19396	20223	+	1	1.243666	I:	D:
20216	21151	+	2	1.255373	I:	D:
21283	21606	+	1	1.243512	I:	D:
>Y5.M022_269
1	942	+	1	1.247302	I:	D:
1010	1462	-	2	1.230736	I:	D:
1756	3201	-	1	1.230800	I:	D:
3363	4271	-	3	1.220103	I:	D:
4403	6178	-	2	1.204178	I:	D:
6347	7891	-	2	1.224272	I:	D:
8187	9254	-	3	1.241383	I:	D:
9507	10049	-	3	1.251638	I:	D:
10033	11370	-	1	1.243184	I:	D:
11389	13860	-	1	1.230936	I:	D:
14001	14966	-	3	1.262761	I:	D:
15183	16391	-	3	1.234738	I:	D:
16401	16646	-	3	1.271429	I:	D:
16829	18070	-	2	1.223577	I:	D:
18151	18903	-	1	1.272510	I:	D:
19080	21122	-	3	1.248741	I:	D:
>Y5.M022_270
1	1248	+	1	1.222235	I:	D:
1783	2583	+	1	1.276699	I:	D:
2576	3301	+	2	1.205943	I:	D:
3304	4311	+	1	1.204545	I:	D:
4506	5117	+	3	1.149881	I:	D:
5157	6077	-	3	1.233427	I:	D:
6276	7079	+	3	1.201869	I:	D:
7099	7878	+	1	1.224872	I:	D:
7881	9503	+	3	1.227007	I:	D:
9575	10900	-	2	1.221810	I:	D:
11507	12025	+	2	1.251248	I:	D:
12261	13145	+	3	1.228230	I:	D:
13250	13474	-	2	1.269524	I:	D:
13665	15791	-	3	1.264655	I:	D:
15807	16067	-	3	1.230753	I:	D:
16162	16626	+	1	1.240560	I:	D:
16680	18137	+	3	1.212539	I:	D:
18210	19112	-	3	1.248437	I:	D:
19474	20679	+	1	1.217350	I:	D:
>Y5.M022_271
1	687	+	1	1.238369	I:	D:
774	1100	+	3	1.239887	I:	D:
1273	2493	+	1	1.258472	I:	D:
2774	3826	+	2	1.221311	I:	D:
4276	5232	+	1	1.224317	I:	D:
5244	5894	+	3	1.260018	I:	D:
6016	7047	+	1	1.214457	I:	D:
7141	7719	+	1	1.344380	I:	D:
7719	8327	+	3	1.256515	I:	D:
8324	9037	+	2	1.260231	I:	D:
9031	9789	+	1	1.224090	I:	D:
9878	10240	+	2	1.197075	I:	D:
10539	11336	+	3	1.236936	I:	D:
11343	12308	+	3	1.165429	I:	D:
12666	13235	+	3	1.194513	I:	D:
13392	13970	+	3	1.306013	I:	D:
14139	14636	-	3	1.242179	I:	D:
14724	15722	-	3	1.297597	I:	D:
15914	17245	+	2	1.294943	I:	D:
17249	18031	+	2	1.268055	I:	D:
18081	18245	+	3	1.215652	I:	D:
18590	18808	+	2	1.188052	I:	D:
19189	20178	+	1	1.241047	I:	D:
20511	20786	+	3	1.343190	I:	D:
>Y5.M022_272
120	314	+	3	1.307694	I:	D:
498	1349	+	3	1.174655	I:	D:
1528	2709	+	1	1.248814	I:	D:
2773	4050	+	1	1.258040	I:	D:
4051	4305	+	1	1.215116	I:	D:
4317	5072	+	3	1.229864	I:	D:
5393	6730	+	2	1.256171	I:	D:
6731	7267	+	2	1.221452	I:	D:
7333	7716	+	1	1.228332	I:	D:
7759	9945	-	1	1.236822	I:	D:
10124	10558	+	2	1.253048	I:	D:
10897	11814	+	1	1.247321	I:	D:
11896	12348	+	1	1.223964	I:	D:
12404	13555	-	2	1.249606	I:	D:
13837	14409	-	1	1.212475	I:	D:
14429	14698	-	2	1.258578	I:	D:
14698	14904	-	1	1.215698	I:	D:
15110	15973	+	2	1.250693	I:	D:
16259	17293	+	2	1.191757	I:	D:
17882	18922	+	2	1.244373	I:	D:
18934	19458	+	1	1.214660	I:	D:
19611	20582	+	3	1.231149	I:	D:
>Y5.M022_273
474	1973	+	3	1.273258	I:	D:
2116	2553	+	1	1.189743	I:	D:
2591	4033	-	2	1.216521	I:	D:
4191	4862	+	3	1.261221	I:	D:
5014	6699	+	1	1.245169	I:	D:
6921	7790	-	3	1.204134	I:	D:
7907	8698	-	2	1.234222	I:	D:
8804	9115	-	2	1.306587	I:	D:
9388	10440	-	1	1.235721	I:	D:
10397	12349	-	2	1.246539	I:	D:
12421	12636	-	1	1.348977	I:	D:
12787	13116	+	1	1.218945	I:	D:
13495	15624	+	1	1.246117	I:	D:
15640	16140	+	1	1.269740	I:	D:
16266	16610	+	3	1.294911	I:	D:
16724	17605	+	2	1.254740	I:	D:
17673	18803	-	3	1.276775	I:	D:
19019	20605	+	2	1.248972	I:	D:
>Y5.M022_274
3	1631	-	3	1.233489	I:	D:
1958	2995	-	2	1.226532	I:	D:
3075	3233	-	3	1.364669	I:	D:
3255	3413	-	3	1.152198	I:	D:
3461	3976	-	2	1.254178	I:	D:
3982	4293	-	1	1.276022	I:	D:
4603	5490	+	1	1.230773	I:	D:
5564	6763	-	2	1.231647	I:	D:
6841	7554	-	1	1.271556	I:	D:
7868	8260	-	2	1.274100	I:	D:
8288	8716	-	2	1.241888	I:	D:
8840	9571	-	2	1.330951	I:	D:
9723	10550	-	3	1.278341	I:	D:
10544	11410	-	2	1.224093	I:	D:
11398	12231	-	1	1.236082	I:	D:
12518	12859	-	2	1.288699	I:	D:
12881	13828	-	2	1.236920	I:	D:
13903	14523	-	1	1.230622	I:	D:
14542	14940	-	1	1.261938	I:	D:
14967	15338	-	3	1.265832	I:	D:
15633	15851	-	3	1.225995	I:	D:
16039	16785	-	1	1.300339	I:	D:
16789	17436	-	1	1.227491	I:	D:
17452	18720	-	1	1.274182	I:	D:
18759	19202	-	3	1.217557	I:	D:
19238	19423	-	2	1.192063	I:	D:
19438	19944	-	1	1.235247	I:	D:
19966	20157	-	1	1.243896	I:	D:
>Y5.M022_275
1	624	+	1	1.235634	I:	D:
1111	2295	+	1	1.220286	I:	D:
2298	3452	+	3	1.216611	I:	D:
3625	4701	+	1	1.227521	I:	D:
4736	5968	+	2	1.237130	I:	D:
5982	7133	+	3	1.243064	I:	D:
7135	7926	+	1	1.230654	I:	D:
7994	8209	-	2	1.260673	I:	D:
8388	8798	-	3	1.265567	I:	D:
9049	10851	+	1	1.225197	I:	D:
10860	11711	+	3	1.172870	I:	D:
11712	12275	+	3	1.260147	I:	D:
12388	13260	+	1	1.204808	I:	D:
13253	14257	+	2	1.310695	I:	D:
14257	15033	+	1	1.205137	I:	D:
15181	15555	+	1	1.299700	I:	D:
15557	17344	+	2	1.249517	I:	D:
17346	19022	+	3	1.258935	I:	D:
19131	19427	+	3	1.307166	I:	D:
19640	19888	+	2	1.274330	I:	D:
>Y5.M022_276
2	301	+	2	1.260721	I:	D:
331	813	+	1	1.220412	I:	D:
880	2001	+	1	1.298715	I:	D:
2068	2349	+	1	1.214591	I:	D:
2409	2768	+	3	1.234864	I:	D:
2855	2998	+	2	1.241023	I:	D:
3075	4034	-	3	1.214876	I:	D:
4359	5141	+	3	1.179472	I:	D:
5307	6002	+	3	1.272625	I:	D:
6005	7057	+	2	1.231525	I:	D:
7234	8601	+	1	1.251063	I:	D:
8616	9122	+	3	1.239792	I:	D:
9232	10044	+	1	1.241629	I:	D:
10189	12696	+	1	1.235360	I:	D:
12709	13221	+	1	1.188420	I:	D:
13290	15500	+	3	1.253340	I:	D:
15544	15993	+	1	1.226357	I:	D:
16006	16629	+	1	1.251867	I:	D:
16715	18187	+	2	1.244630	I:	D:
18177	19439	+	3	1.278747	I:	D:
19536	20126	+	3	1.283272	I:	D:
>Y5.M022_277
1	357	-	1	1.289134	I:	D:
420	1397	-	3	1.238699	I:	D:
1433	1921	-	2	1.244733	I:	D:
1923	2966	-	3	1.237768	I:	D:
2970	3497	-	3	1.208104	I:	D:
3525	4730	-	3	1.246303	I:	D:
5020	5601	-	1	1.255884	I:	D:
5809	8505	-	1	1.270794	I:	D:
8721	10325	-	3	1.251315	I:	D:
10353	11417	-	3	1.284681	I:	D:
11571	13439	-	3	1.269652	I:	D:
13439	14014	-	2	1.262678	I:	D:
15761	16261	+	2	1.248161	I:	D:
16275	18161	+	3	1.266887	I:	D:
18223	19992	+	1	1.276304	I:	D:
>Y5.M022_278
3	1442	+	3	1.221414	I:	D:
1506	1703	-	3	1.274999	I:	D:
2134	3759	+	1	1.235008	I:	D:
4228	6174	-	1	1.252047	I:	D:
6198	7643	-	3	1.219254	I:	D:
7950	9710	+	3	1.225977	I:	D:
9906	12284	+	3	1.227445	I:	D:
12329	12781	+	2	1.202084	I:	D:
12888	14588	+	3	1.227401	I:	D:
14790	15641	+	3	1.219556	I:	D:
15933	17720	+	3	1.222980	I:	D:
17744	18886	+	2	1.211993	I:	D:
19486	19722	+	1	1.285629	I:	D:
>Y5.M022_279
1	504	-	1	1.266555	I:	D:
762	1916	-	3	1.260635	I:	D:
2114	2608	+	2	1.284207	I:	D:
2613	3020	+	3	1.233319	I:	D:
3220	4953	+	1	1.276699	I:	D:
5050	5364	-	1	1.252624	I:	D:
5556	7277	+	3	1.265663	I:	D:
7277	8434	+	2	1.330357	I:	D:
8552	9145	-	2	1.278914	I:	D:
9278	9979	-	2	1.221448	I:	D:
10185	10883	-	3	1.297955	I:	D:
11571	11735	-	3	1.202418	I:	D:
11793	13226	+	3	1.305856	I:	D:
13436	14527	+	2	1.295023	I:	D:
14636	15832	-	2	1.248721	I:	D:
16080	16253	-	3	1.242814	I:	D:
16374	17303	-	3	1.246732	I:	D:
17318	18391	-	2	1.233418	I:	D:
18413	19057	-	2	1.226991	I:	D:
>Y5.M022_280
170	793	+	2	1.234582	I:	D:
809	2629	+	2	1.234006	I:	D:
2656	2892	+	1	1.156277	I:	D:
2885	3898	+	2	1.252743	I:	D:
3924	4607	+	3	1.206782	I:	D:
4586	5446	+	2	1.224806	I:	D:
5493	6194	+	3	1.232192	I:	D:
6195	8498	+	3	1.252447	I:	D:
8562	9554	+	3	1.232943	I:	D:
9593	9811	+	2	1.126814	I:	D:
9869	10810	+	2	1.239509	I:	D:
10820	12055	+	2	1.233316	I:	D:
12114	12983	+	3	1.249377	I:	D:
12976	13782	+	1	1.240335	I:	D:
13901	14842	+	2	1.229050	I:	D:
14900	15652	+	2	1.214104	I:	D:
15702	16172	+	3	1.231115	I:	D:
16186	16608	+	1	1.217454	I:	D:
16617	17969	+	3	1.259524	I:	D:
>Y5.M022_281
263	691	+	2	1.226613	I:	D:
989	3856	+	2	1.210587	I:	D:
3989	4660	+	2	1.209027	I:	D:
4680	5423	+	3	1.224878	I:	D:
5496	6176	+	3	1.210812	I:	D:
6198	7379	+	3	1.213957	I:	D:
7414	8694	+	1	1.193088	I:	D:
8733	9614	+	3	1.169470	I:	D:
9625	10911	+	1	1.220566	I:	D:
10920	12338	+	3	1.216883	I:	D:
12364	13242	+	1	1.226154	I:	D:
13273	14304	+	1	1.218429	I:	D:
14219	15112	+	2	1.216731	I:	D:
15128	15688	+	2	1.199279	I:	D:
15669	16874	+	3	1.218457	I:	D:
17103	17369	+	3	1.233857	I:	D:
17629	18357	+	1	1.262188	I:	D:
>Y5.M022_282
1	378	+	1	1.230962	I:	D:
766	1131	+	1	1.198161	I:	D:
1342	1863	+	1	1.259051	I:	D:
1888	2910	+	1	1.265327	I:	D:
3103	4059	+	1	1.218619	I:	D:
4437	5399	+	3	1.235785	I:	D:
5436	6422	+	3	1.252187	I:	D:
6926	7642	+	2	1.234199	I:	D:
7875	8357	+	3	1.236222	I:	D:
8667	10382	+	3	1.264896	I:	D:
10524	12008	+	3	1.259259	I:	D:
12201	12854	+	3	1.240668	I:	D:
13026	14378	-	3	1.256776	I:	D:
14607	15137	-	3	1.265418	I:	D:
15689	17017	+	2	1.263615	I:	D:
17358	18227	+	3	1.218590	I:	D:
>Y5.M022_283
2	871	+	2	1.245714	I:	D:
880	1782	+	1	1.239174	I:	D:
1814	2365	+	2	1.197923	I:	D:
2697	3215	+	3	1.210308	I:	D:
3243	3773	+	3	1.153491	I:	D:
4053	4421	+	3	1.177193	I:	D:
4522	4956	-	1	1.227479	I:	D:
5055	6575	-	3	1.218421	I:	D:
6874	8196	+	1	1.267034	I:	D:
8549	9337	+	2	1.225932	I:	D:
9340	9819	+	1	1.253744	I:	D:
9803	12094	+	2	1.254791	I:	D:
12084	12653	+	3	1.166098	I:	D:
12674	13411	+	2	1.171517	I:	D:
13430	14245	+	2	1.230441	I:	D:
14256	15302	+	3	1.200635	I:	D:
15673	16260	+	1	1.229806	I:	D:
16409	17338	+	2	1.197365	I:	D:
17433	17630	+	3	1.191500	I:	D:
17695	18261	-	1	1.239312	I:	D:
>Y5.M022_284
2	655	+	2	1.253622	I:	D:
676	1281	+	1	1.253079	I:	D:
1304	2329	+	2	1.252282	I:	D:
2487	3956	+	3	1.209956	I:	D:
4591	5865	+	1	1.247215	I:	D:
6101	6370	+	2	1.202482	I:	D:
6385	7740	+	1	1.223847	I:	D:
7919	8986	+	2	1.156396	I:	D:
8996	9694	+	2	1.205485	I:	D:
9756	10229	+	3	1.226589	I:	D:
10250	10510	+	2	1.307747	I:	D:
10513	11295	+	1	1.243299	I:	D:
11387	12007	+	2	1.215347	I:	D:
12599	15712	+	2	1.261603	I:	D:
16008	16562	-	3	1.275058	I:	D:
16766	17608	+	2	1.197348	I:	D:
17764	18129	+	1	1.211002	I:	D:
>Y5.M022_285
2	1213	+	2	1.213895	I:	D:
1333	1644	+	1	1.219192	I:	D:
1660	1980	+	1	1.303650	I:	D:
1994	2287	+	2	1.256534	I:	D:
2387	3676	+	2	1.270924	I:	D:
3704	4069	+	2	1.247577	I:	D:
4162	5079	-	1	1.277262	I:	D:
5237	6124	+	2	1.253232	I:	D:
6335	7489	+	2	1.223648	I:	D:
7585	8109	+	1	1.238301	I:	D:
8273	8914	-	2	1.201593	I:	D:
9149	9838	+	2	1.263210	I:	D:
9840	10424	+	3	1.226877	I:	D:
10538	10888	+	2	1.256201	I:	D:
11251	13671	+	1	1.255286	I:	D:
13859	14599	+	2	1.260425	I:	D:
14720	15172	+	2	1.209904	I:	D:
15237	16172	+	3	1.234440	I:	D:
16428	16961	+	3	1.218832	I:	D:
17000	18010	+	2	1.271531	I:	D:
>Y5.M022_286
3	317	-	3	1.237421	I:	D:
531	917	+	3	1.205384	I:	D:
1057	1806	-	1	1.271564	I:	D:
1841	3367	-	2	1.244298	I:	D:
3539	4408	-	2	1.203652	I:	D:
4448	5059	-	2	1.278057	I:	D:
5063	6511	-	2	1.227006	I:	D:
6524	6799	-	2	1.187812	I:	D:
6859	8178	-	1	1.214837	I:	D:
8768	9274	+	2	1.210216	I:	D:
9364	9918	-	1	1.228052	I:	D:
10099	10710	+	1	1.254689	I:	D:
10828	11997	-	1	1.223247	I:	D:
12212	12508	-	2	1.198713	I:	D:
12591	14669	-	3	1.238872	I:	D:
14938	15489	-	1	1.240209	I:	D:
16026	17123	-	3	1.240517	I:	D:
17135	17554	-	2	1.210295	I:	D:
>Y5.M022_287
2	415	-	2	1.157385	I:	D:
408	1760	-	3	1.258860	I:	D:
1769	2191	-	2	1.236984	I:	D:
2201	2695	-	2	1.223375	I:	D:
2708	3943	-	2	1.254726	I:	D:
3965	4717	-	2	1.216781	I:	D:
4764	5711	-	3	1.251684	I:	D:
5765	6691	-	2	1.276910	I:	D:
6789	7013	-	3	1.175704	I:	D:
7130	8110	-	2	1.249704	I:	D:
8420	9475	+	2	1.227807	I:	D:
9544	10869	-	1	1.267550	I:	D:
10887	12317	-	3	1.260792	I:	D:
12816	13802	+	3	1.293939	I:	D:
13922	15409	-	2	1.251651	I:	D:
15437	15799	-	2	1.172927	I:	D:
16005	16976	-	3	1.205111	I:	D:
17045	17464	-	2	1.240341	I:	D:
>Y5.M022_288
2	328	-	2	1.236506	I:	D:
528	1862	-	3	1.275120	I:	D:
2184	2465	-	3	1.256209	I:	D:
2468	2932	-	2	1.202468	I:	D:
2943	5030	-	3	1.263695	I:	D:
5308	5925	+	1	1.242981	I:	D:
6043	6651	-	1	1.287731	I:	D:
7052	7348	-	2	1.278820	I:	D:
7597	7944	+	1	1.260462	I:	D:
8021	8446	-	2	1.255422	I:	D:
8727	9017	+	3	1.173508	I:	D:
9098	10081	-	2	1.367908	I:	D:
10106	12202	-	2	1.306607	I:	D:
12447	13991	-	3	1.254071	I:	D:
14134	14403	-	1	1.186294	I:	D:
14616	15956	-	3	1.224026	I:	D:
15969	17054	-	3	1.219331	I:	D:
>Y5.M022_289
78	1040	+	3	1.249310	I:	D:
1320	2954	+	3	1.214938	I:	D:
3080	4066	+	2	1.297639	I:	D:
4066	4932	+	1	1.282606	I:	D:
4942	5886	+	1	1.226843	I:	D:
5927	6502	+	2	1.243431	I:	D:
6745	6939	+	1	1.206072	I:	D:
6941	7747	+	2	1.237418	I:	D:
7813	8583	+	1	1.234041	I:	D:
8596	9699	+	1	1.265741	I:	D:
9700	10329	+	1	1.236111	I:	D:
10506	11561	+	3	1.210410	I:	D:
11683	11961	+	1	1.252857	I:	D:
12014	13180	-	2	1.300379	I:	D:
13477	14382	+	1	1.240402	I:	D:
14398	15867	+	1	1.253334	I:	D:
16099	16893	+	1	1.231416	I:	D:
>Y5.M022_290
2	1054	+	2	1.239775	I:	D:
1108	2244	+	1	1.292436	I:	D:
2259	3467	+	3	1.222771	I:	D:
3680	4420	+	2	1.193499	I:	D:
4682	5854	+	2	1.246946	I:	D:
5886	6887	+	3	1.267002	I:	D:
6943	7638	+	1	1.201212	I:	D:
7728	8501	+	3	1.246899	I:	D:
8827	9093	+	1	1.238517	I:	D:
9127	9585	+	1	1.244852	I:	D:
9587	10309	+	2	1.227014	I:	D:
10322	11005	+	2	1.228362	I:	D:
11023	12324	+	1	1.212697	I:	D:
12462	13394	+	3	1.225498	I:	D:
13414	14346	+	1	1.225799	I:	D:
14348	14545	+	2	1.211065	I:	D:
14635	15960	+	1	1.225884	I:	D:
15974	16837	+	2	1.289805	I:	D:
>Y5.M022_291
1	585	-	1	1.239355	I:	D:
844	2172	-	1	1.241011	I:	D:
2196	2642	-	3	1.163155	I:	D:
2639	4639	-	2	1.242085	I:	D:
4650	5567	-	3	1.257007	I:	D:
5632	5997	-	1	1.214668	I:	D:
6333	6560	-	3	1.295520	I:	D:
6582	7022	-	3	1.236849	I:	D:
7062	7340	-	3	1.202055	I:	D:
7519	7710	-	1	1.242180	I:	D:
7727	7987	-	2	1.177681	I:	D:
8149	9462	-	1	1.220465	I:	D:
9757	10578	-	1	1.209216	I:	D:
10661	11446	-	2	1.238023	I:	D:
11606	12325	-	2	1.201727	I:	D:
12318	14213	-	3	1.226302	I:	D:
14382	15770	-	3	1.202160	I:	D:
15930	16649	-	3	1.222385	I:	D:
>Y5.M022_292
3	1607	-	3	1.256901	I:	D:
1632	3020	-	3	1.244550	I:	D:
3317	4816	+	2	1.237282	I:	D:
5011	6258	+	1	1.238338	I:	D:
6338	7396	-	2	1.208790	I:	D:
7616	9853	-	2	1.271192	I:	D:
10231	11451	+	1	1.239703	I:	D:
11478	11888	-	3	1.253794	I:	D:
12037	12648	+	1	1.338807	I:	D:
12748	13446	-	1	1.226710	I:	D:
13531	14901	-	1	1.216010	I:	D:
14904	15572	-	3	1.260161	I:	D:
15627	15974	-	3	1.181120	I:	D:
>Y5.M022_293
81	1583	-	3	1.258328	I:	D:
1724	3265	-	2	1.264775	I:	D:
3293	3805	-	2	1.216904	I:	D:
4022	4624	-	2	1.236187	I:	D:
4899	5183	-	3	1.200070	I:	D:
5374	6345	-	1	1.243314	I:	D:
6471	7673	-	3	1.218587	I:	D:
7811	8176	-	2	1.212910	I:	D:
8255	9307	-	2	1.256362	I:	D:
9366	9914	-	3	1.266068	I:	D:
9927	10406	-	3	1.227334	I:	D:
10393	12324	-	1	1.217407	I:	D:
12345	13169	-	3	1.243185	I:	D:
13725	14513	-	3	1.236343	I:	D:
14769	15314	+	3	1.268961	I:	D:
15408	16706	-	3	1.203448	I:	D:
>Y5.M022_294
80	514	+	2	1.261841	I:	D:
830	1069	+	2	1.265370	I:	D:
1159	1344	+	1	1.202606	I:	D:
1748	1897	+	2	1.186186	I:	D:
2006	2410	+	2	1.283955	I:	D:
2559	3089	+	3	1.227746	I:	D:
3076	3405	+	1	1.235242	I:	D:
3402	4109	+	3	1.226974	I:	D:
4122	4721	+	3	1.246016	I:	D:
4860	6263	-	3	1.257382	I:	D:
6315	6992	-	3	1.247301	I:	D:
7410	7949	-	3	1.254573	I:	D:
8350	9621	+	1	1.199098	I:	D:
9708	10421	+	3	1.248556	I:	D:
11074	12819	+	1	1.256910	I:	D:
12842	14131	+	2	1.249444	I:	D:
14133	14621	+	3	1.240899	I:	D:
14710	15780	+	1	1.227952	I:	D:
16159	16635	+	1	1.217222	I:	D:
>Y5.M022_295
328	687	+	1	1.236440	I:	D:
706	1002	+	1	1.238373	I:	D:
1011	1472	+	3	1.310356	I:	D:
1514	1996	+	2	1.279173	I:	D:
2306	2737	+	2	1.279120	I:	D:
2837	3466	+	2	1.260846	I:	D:
3508	4812	+	1	1.254054	I:	D:
5088	6107	+	3	1.227742	I:	D:
6232	7734	+	1	1.266966	I:	D:
9067	9711	+	1	1.258396	I:	D:
9825	10397	-	3	1.249466	I:	D:
10781	11212	+	2	1.202905	I:	D:
11292	12395	+	3	1.233182	I:	D:
12484	12651	+	1	1.177780	I:	D:
12671	12901	+	2	1.185133	I:	D:
12898	13335	+	1	1.262911	I:	D:
13349	14110	+	2	1.276298	I:	D:
14443	15000	+	1	1.241306	I:	D:
14984	15244	+	2	1.231286	I:	D:
15259	16416	+	1	1.228917	I:	D:
16422	16826	+	3	1.269199	I:	D:
16988	17155	-	2	1.247659	I:	D:
17250	17750	+	3	1.208331	I:	D:
17817	18680	-	3	1.244432	I:	D:
18760	19503	-	1	1.276138	I:	D:
19584	20288	-	3	1.222507	I:	D:
20340	21014	-	3	1.269574	I:	D:
21130	22593	-	1	1.254113	I:	D:
22924	23631	+	1	1.201032	I:	D:
23909	24337	-	2	1.236902	I:	D:
24475	25398	+	1	1.218827	I:	D:
25522	26733	-	1	1.280094	I:	D:
27014	27295	+	2	1.264001	I:	D:
27318	27947	-	3	1.200619	I:	D:
28075	28887	+	1	1.241154	I:	D:
29471	29989	+	2	1.259218	I:	D:
30199	30462	+	1	1.182232	I:	D:
30868	31533	+	1	1.230450	I:	D:
31535	32290	+	2	1.236453	I:	D:
32589	33524	+	3	1.249064	I:	D:
33677	34288	+	2	1.233863	I:	D:
34521	34811	-	3	1.290785	I:	D:
35219	35965	+	2	1.279384	I:	D:
36141	36899	+	3	1.236861	I:	D:
37021	39186	+	1	1.277568	I:	D:
39469	40806	+	1	1.233136	I:	D:
41285	42154	-	2	1.268676	I:	D:
42241	42555	-	1	1.267708	I:	D:
>Y5.M022_296
367	1305	+	1	1.226619	I:	D:
1444	1899	+	1	1.220207	I:	D:
1947	2681	+	3	1.220207	I:	D:
2599	4311	+	1	1.237082	I:	D:
4393	5061	+	1	1.206825	I:	D:
5292	5858	-	3	1.231054	I:	D:
5852	6400	-	2	1.254031	I:	D:
6584	7462	+	2	1.236340	I:	D:
7562	8857	-	2	1.270398	I:	D:
9091	9891	+	1	1.232409	I:	D:
10303	11019	+	1	1.233438	I:	D:
11032	12090	+	1	1.246156	I:	D:
12129	15335	+	3	1.240616	I:	D:
15817	16074	-	1	1.203874	I:	D:
16462	17205	-	1	1.230827	I:	D:
17435	18265	+	2	1.291393	I:	D:
>Y5.M022_297
3	248	-	3	1.306475	I:	D:
318	479	-	3	1.225056	I:	D:
523	984	+	1	1.206932	I:	D:
1133	1468	-	2	1.212943	I:	D:
1573	2526	+	1	1.292181	I:	D:
2611	2856	+	1	1.330135	I:	D:
3053	4600	-	2	1.289016	I:	D:
4612	4917	-	1	1.243465	I:	D:
4939	5241	-	1	1.344667	I:	D:
>Y5.M022_298
3	143	-	3	1.181207	I:	D:
261	1586	-	3	1.306791	I:	D:
1620	2303	-	3	1.324195	I:	D:
>Y5.M022_299
52	291	+	1	1.249888	I:	D:
345	1841	+	3	1.302270	I:	D:
1843	3252	+	1	1.303188	I:	D:
>Y5.M022_300
624	1544	+	3	1.277927	I:	D:
1649	1813	+	2	1.378277	I:	D:
2043	3032	+	3	1.300171	I:	D:
>Y5.M022_301
2	127	+	2	1.419567	I:	D:
179	1147	-	2	1.348198	I:	D:
1382	2158	-	2	1.232236	I:	D:
2358	3101	-	3	1.322680	I:	D:
>Y5.M022_302
3	542	+	3	1.223803	I:	D:
864	1838	+	3	1.258305	I:	D:
1986	2795	-	3	1.239428	I:	D:
3056	3457	+	2	1.239256	I:	D:
3487	3870	+	1	1.187770	I:	D:
>Y5.M022_303
96	1160	+	3	1.234426	I:	D:
1203	1868	+	3	1.262072	I:	D:
2282	3418	+	2	1.237215	I:	D:
3411	3761	+	3	1.312641	I:	D:
>Y5.M022_304
367	639	+	1	1.203108	I:	D:
668	1453	+	2	1.267377	I:	D:
1521	2411	+	3	1.243543	I:	D:
2530	3177	-	1	1.245651	I:	D:
>Y5.M022_305
3	131	-	3	1.313300	I:	D:
170	1462	+	2	1.293917	I:	D:
1623	3074	-	3	1.339607	I:	D:
3101	3739	-	2	1.292770	I:	D:
>Y5.M022_306
1	225	-	1	1.202870	I:	D:
231	1427	-	3	1.224815	I:	D:
1559	2950	-	2	1.216793	I:	D:
2962	3696	-	1	1.211149	I:	D:
>Y5.M022_307
2	178	-	2	1.233918	I:	D:
406	690	-	1	1.219514	I:	D:
1007	1348	-	2	1.166459	I:	D:
1498	2577	-	1	1.202640	I:	D:
2829	3671	-	3	1.223943	I:	D:
>Y5.M022_308
2	1030	-	2	1.218094	I:	D:
1014	1703	-	3	1.220074	I:	D:
1706	2584	-	2	1.192202	I:	D:
2609	3655	-	2	1.234861	I:	D:
>Y5.M022_309
2	370	+	2	1.291029	I:	D:
474	1100	-	3	1.205827	I:	D:
1112	2467	-	2	1.259737	I:	D:
2804	3577	-	2	1.261397	I:	D:
>Y5.M022_310
538	1155	+	1	1.243040	I:	D:
1276	1845	+	1	1.245912	I:	D:
1973	2758	-	2	1.221480	I:	D:
3112	3621	+	1	1.249322	I:	D:
>Y5.M022_311
2	172	+	2	1.204494	I:	D:
276	998	+	3	1.243847	I:	D:
1115	1804	+	2	1.203784	I:	D:
1975	2532	+	1	1.203181	I:	D:
2566	3051	+	1	1.217668	I:	D:
3283	3543	-	1	1.208780	I:	D:
>Y5.M022_312
3	452	+	3	1.270967	I:	D:
479	1936	+	2	1.270042	I:	D:
2072	2233	+	2	1.389946	I:	D:
2449	3627	+	1	1.283185	I:	D:
>Y5.M022_313
62	526	-	2	1.252474	I:	D:
616	1461	-	1	1.196899	I:	D:
1740	3056	-	3	1.223572	I:	D:
3102	3596	-	3	1.246564	I:	D:
>Y5.M022_314
3	893	-	3	1.296200	I:	D:
1093	1626	+	1	1.231491	I:	D:
1640	1975	+	2	1.201357	I:	D:
2005	2733	-	1	1.292511	I:	D:
2736	3578	-	3	1.274591	I:	D:
>Y5.M022_315
164	469	+	2	1.261705	I:	D:
503	1354	+	2	1.205264	I:	D:
1399	2004	+	1	1.227779	I:	D:
2204	3037	+	2	1.228896	I:	D:
3306	3563	+	3	1.289844	I:	D:
>Y5.M022_316
104	250	+	2	1.147955	I:	D:
486	1862	+	3	1.255474	I:	D:
1885	2568	+	1	1.214471	I:	D:
2589	3386	+	3	1.213763	I:	D:
>Y5.M022_317
1	2031	-	1	1.246417	I:	D:
2182	3510	-	1	1.251377	I:	D:
>Y5.M022_318
222	1289	+	3	1.171743	I:	D:
1319	1828	+	2	1.242169	I:	D:
1890	2807	+	3	1.180689	I:	D:
3063	3497	+	3	1.199171	I:	D:
>Y5.M022_319
1	651	-	1	1.240686	I:	D:
897	1121	+	3	1.202275	I:	D:
1173	2576	+	3	1.229261	I:	D:
2754	3488	+	3	1.228206	I:	D:
>Y5.M022_320
64	504	+	1	1.251730	I:	D:
1125	2378	+	3	1.257209	I:	D:
2532	3161	+	3	1.275281	I:	D:
3241	3381	+	1	1.288529	I:	D:
>Y5.M022_321
1	579	+	1	1.247744	I:	D:
579	1421	+	3	1.239463	I:	D:
1523	2287	+	2	1.248019	I:	D:
2341	2997	+	1	1.190072	I:	D:
3255	3455	+	3	1.222783	I:	D:
>Y5.M022_322
1	312	-	1	1.287074	I:	D:
475	1731	-	1	1.270963	I:	D:
1744	2592	-	1	1.289380	I:	D:
2683	3192	-	1	1.232066	I:	D:
>Y5.M022_323
3	758	-	3	1.245593	I:	D:
1017	1928	+	3	1.264231	I:	D:
1990	3003	-	1	1.248093	I:	D:
>Y5.M022_324
2	910	-	2	1.231767	I:	D:
1005	2207	-	3	1.254771	I:	D:
2641	3204	+	1	1.179549	I:	D:
3248	3424	+	2	1.236041	I:	D:
>Y5.M022_325
1	783	+	1	1.219094	I:	D:
803	2095	+	2	1.223225	I:	D:
2125	2766	+	1	1.169522	I:	D:
2889	3263	-	3	1.171801	I:	D:
>Y5.M022_326
2	703	+	2	1.205684	I:	D:
776	1405	+	2	1.254638	I:	D:
1603	3078	+	1	1.231804	I:	D:
3119	3352	+	2	1.238162	I:	D:
>Y5.M022_327
1	1011	+	1	1.242462	I:	D:
1030	2277	+	1	1.220718	I:	D:
2541	3347	+	3	1.250142	I:	D:
>Y5.M022_328
524	721	+	2	1.195663	I:	D:
1151	2293	-	2	1.214342	I:	D:
2466	3035	+	3	1.227130	I:	D:
3130	3279	-	1	1.265564	I:	D:
>Y5.M022_329
144	2258	-	3	1.227910	I:	D:
2444	3022	-	2	1.207191	I:	D:
3054	3221	-	3	1.226156	I:	D:
>Y5.M022_330
1	240	-	1	1.330370	I:	D:
381	1262	+	3	1.261395	I:	D:
1589	1999	+	2	1.224593	I:	D:
2409	3209	+	3	1.213472	I:	D:
>Y5.M022_331
2	346	+	2	1.249085	I:	D:
451	1461	+	1	1.279484	I:	D:
1463	2473	+	2	1.256353	I:	D:
2506	3204	+	1	1.211698	I:	D:
>Y5.M022_332
3	239	+	3	1.228574	I:	D:
268	870	+	1	1.220664	I:	D:
900	2087	-	3	1.215111	I:	D:
2341	3042	+	1	1.235942	I:	D:
>Y5.M022_333
2	1036	+	2	1.232622	I:	D:
1144	1614	+	1	1.211807	I:	D:
1618	2037	+	1	1.235715	I:	D:
2119	3039	+	1	1.224749	I:	D:
>Y5.M022_334
10	786	-	1	1.235591	I:	D:
934	1854	-	1	1.266565	I:	D:
1844	2623	-	2	1.211964	I:	D:
2744	3187	-	2	1.281642	I:	D:
>Y5.M022_335
2	172	-	2	1.249473	I:	D:
404	1552	-	2	1.293238	I:	D:
1721	2434	-	2	1.220375	I:	D:
2460	3122	-	3	1.260840	I:	D:
>Y5.M022_336
3	986	+	3	1.261196	I:	D:
979	1647	+	1	1.217767	I:	D:
1637	2938	+	2	1.206249	I:	D:
2951	3115	+	2	1.102840	I:	D:
>Y5.M022_337
43	822	-	1	1.225893	I:	D:
1163	1951	-	2	1.221761	I:	D:
2087	2974	-	2	1.191144	I:	D:
>Y5.M022_338
58	744	+	1	1.212856	I:	D:
1414	2550	+	1	1.198592	I:	D:
2607	3086	+	3	1.209988	I:	D:
>Y5.M022_339
2	472	-	2	1.227854	I:	D:
551	2512	-	2	1.220042	I:	D:
>Y5.M022_340
1	336	-	1	1.239818	I:	D:
535	1599	+	1	1.203651	I:	D:
1972	2154	+	1	1.224916	I:	D:
2164	2970	+	1	1.229341	I:	D:
>Y5.M022_341
1	741	-	1	1.260415	I:	D:
997	1971	-	1	1.268835	I:	D:
1971	2813	-	3	1.223892	I:	D:
>Y5.M022_342
1	285	-	1	1.196571	I:	D:
384	1226	-	3	1.235942	I:	D:
1240	1875	-	1	1.217012	I:	D:
2306	2953	-	2	1.229349	I:	D:
>Y5.M022_343
1	297	+	1	1.266309	I:	D:
321	761	+	3	1.204109	I:	D:
971	2878	+	2	1.221264	I:	D:
>Y5.M022_344
3	428	-	3	1.270934	I:	D:
605	1894	-	2	1.235643	I:	D:
2215	2805	-	1	1.247298	I:	D:
>Y5.M022_345
3	227	-	3	1.378457	I:	D:
448	1245	-	1	1.268788	I:	D:
1540	2784	-	1	1.225796	I:	D:
>Y5.M022_346
2	703	+	2	1.209980	I:	D:
890	1384	+	2	1.238360	I:	D:
1713	2819	+	3	1.257871	I:	D:
>Y5.M022_347
160	480	-	1	1.201431	I:	D:
824	1462	-	2	1.253627	I:	D:
1908	2810	+	3	1.225407	I:	D:
>Y5.M022_348
262	462	+	1	1.273329	I:	D:
515	943	+	2	1.257784	I:	D:
1250	2020	+	2	1.193092	I:	D:
2147	2797	+	2	1.238262	I:	D:
>Y5.M022_349
2	568	-	2	1.282308	I:	D:
725	1444	-	2	1.234797	I:	D:
1641	2249	-	3	1.285577	I:	D:
2472	2789	-	3	1.241921	I:	D:
>Y5.M022_350
3	131	-	3	1.249218	I:	D:
226	798	-	1	1.208691	I:	D:
821	1534	-	2	1.237015	I:	D:
1688	2254	-	2	1.173795	I:	D:
2380	2769	-	1	1.247688	I:	D:
>Y5.M022_351
2	334	-	2	1.245345	I:	D:
491	1426	+	2	1.253892	I:	D:
1664	2737	+	2	1.267136	I:	D:
>Y5.M022_352
33	449	-	3	1.251370	I:	D:
544	1698	-	1	1.244202	I:	D:
2261	2674	-	2	1.232895	I:	D:
>Y5.M022_353
3	695	-	3	1.192118	I:	D:
883	1764	-	1	1.255942	I:	D:
2167	2673	-	1	1.223259	I:	D:
>Y5.M022_354
3	539	-	3	1.272044	I:	D:
621	827	-	3	1.226627	I:	D:
790	1353	+	1	1.281862	I:	D:
1508	2311	-	2	1.251487	I:	D:
>Y5.M022_355
125	1060	+	2	1.213741	I:	D:
1250	2584	+	2	1.249245	I:	D:
>Y5.M022_356
19	348	-	1	1.330877	I:	D:
362	706	-	2	1.205894	I:	D:
766	2421	-	1	1.237223	I:	D:
>Y5.M022_357
3	452	+	3	1.209761	I:	D:
454	999	-	1	1.222347	I:	D:
1205	1411	-	2	1.208340	I:	D:
1601	2353	+	2	1.239232	I:	D:
>Y5.M022_358
3	701	-	3	1.278525	I:	D:
711	1604	-	3	1.293266	I:	D:
1621	2295	-	1	1.311460	I:	D:
>Y5.M022_359
2	478	+	2	1.260888	I:	D:
492	668	+	3	1.308065	I:	D:
872	1903	+	2	1.197440	I:	D:
2062	2337	+	1	1.270261	I:	D:
>Y5.M022_360
513	1553	+	3	1.280150	I:	D:
1653	2141	-	3	1.202929	I:	D:
>Y5.M022_361
1	417	-	1	1.349118	I:	D:
580	1257	-	1	1.218910	I:	D:
1339	1608	-	1	1.256231	I:	D:
1802	3157	-	2	1.256211	I:	D:
>Y5.M022_362
748	978	-	1	1.256966	I:	D:
1132	2298	+	1	1.232970	I:	D:
2363	2566	-	2	1.249569	I:	D:
2576	2710	-	2	1.266820	I:	D:
>Y5.M022_363
14	295	-	2	1.295602	I:	D:
315	512	-	3	1.253348	I:	D:
546	1748	-	3	1.251884	I:	D:
1780	2454	-	1	1.327285	I:	D:
>Y5.M022_364
3	584	+	3	1.237119	I:	D:
615	1688	+	3	1.271042	I:	D:
1723	2838	+	1	1.267993	I:	D:
2850	3389	+	3	1.239129	I:	D:
3386	4795	+	2	1.293332	I:	D:
>Y5.M022_365
1	627	-	1	1.274466	I:	D:
630	1421	-	3	1.289636	I:	D:
1522	1995	+	1	1.283510	I:	D:
2059	2895	+	1	1.249264	I:	D:
2925	3794	+	3	1.269269	I:	D:
3917	4177	+	2	1.161425	I:	D:
4260	5018	+	3	1.293245	I:	D:
>Y5.M022_366
17	229	-	2	1.259717	I:	D:
450	737	-	3	1.322609	I:	D:
776	1315	-	2	1.309091	I:	D:
1556	2521	-	2	1.273139	I:	D:
2588	4036	-	2	1.282185	I:	D:
4039	4365	-	1	1.292934	I:	D:
4745	4984	-	2	1.195848	I:	D:
5009	5929	-	2	1.284555	I:	D:
>Y5.M022_367
3	335	+	3	1.295303	I:	D:
399	1511	+	3	1.280348	I:	D:
1771	2472	+	1	1.317969	I:	D:
2552	2998	+	2	1.368390	I:	D:
3150	3293	+	3	1.259476	I:	D:
3358	3618	+	1	1.358785	I:	D:
3685	4035	+	1	1.311798	I:	D:
4066	4560	+	1	1.321339	I:	D:
>Y5.M022_368
18	443	-	3	1.281213	I:	D:
552	1643	-	3	1.293978	I:	D:
1717	1890	-	1	1.214297	I:	D:
1959	2432	-	3	1.244438	I:	D:
2617	4260	-	1	1.304918	I:	D:
4268	4558	-	2	1.295670	I:	D:
>Y5.M022_369
63	566	-	3	1.447731	I:	D:
896	1369	+	2	1.300356	I:	D:
1362	1808	+	3	1.243164	I:	D:
1861	3102	-	1	1.218641	I:	D:
>Y5.M022_370
2	2740	-	2	1.227141	I:	D:
2940	3539	-	3	1.240665	I:	D:
>Y5.M022_371
3	3368	+	3	1.286151	I:	D:
>Y5.M022_372
1	1065	-	1	1.341849	I:	D:
1223	2122	-	2	1.283137	I:	D:
2142	2690	-	3	1.288267	I:	D:
2749	3015	-	1	1.296522	I:	D:
>Y5.M022_373
1	810	-	1	1.233384	I:	D:
1475	2431	-	2	1.300157	I:	D:
>Y5.M022_374
286	1704	+	1	1.327395	I:	D:
>Y5.M022_375
158	1033	+	2	1.202350	I:	D:
1630	2301	+	1	1.298537	I:	D:
>Y5.M022_376
3	605	+	3	1.204755	I:	D:
724	1374	+	1	1.263031	I:	D:
1386	2147	+	3	1.232751	I:	D:
>Y5.M022_377
2	610	+	2	1.244239	I:	D:
724	1911	+	1	1.254518	I:	D:
2067	2267	-	3	1.232473	I:	D:
>Y5.M022_378
1	513	-	1	1.248770	I:	D:
783	1370	+	3	1.178655	I:	D:
1444	2190	-	1	1.214522	I:	D:
>Y5.M022_379
333	1154	+	3	1.252386	I:	D:
1343	1861	+	2	1.211898	I:	D:
2099	2230	+	2	1.284607	I:	D:
>Y5.M022_380
2	553	+	2	1.206642	I:	D:
650	1666	+	2	1.239660	I:	D:
1697	2146	+	2	1.146004	I:	D:
>Y5.M022_381
3	128	-	3	1.237297	I:	D:
569	1060	-	2	1.304922	I:	D:
1175	1615	-	2	1.199921	I:	D:
1650	2042	-	3	1.226544	I:	D:
>Y5.M022_382
3	461	+	3	1.220141	I:	D:
523	1008	-	1	1.251628	I:	D:
1026	1442	-	3	1.381101	I:	D:
1432	2082	-	1	1.246838	I:	D:
>Y5.M022_383
179	442	+	2	1.195758	I:	D:
1075	2028	+	1	1.248098	I:	D:
>Y5.M022_384
94	546	-	1	1.324913	I:	D:
558	1223	-	3	1.301001	I:	D:
1220	2275	-	2	1.284745	I:	D:
>Y5.M022_385
2	604	+	2	1.224625	I:	D:
730	1446	+	1	1.244468	I:	D:
1991	2200	-	2	1.433755	I:	D:
>Y5.M022_386
1	1299	-	1	1.234311	I:	D:
1858	2010	-	1	1.351559	I:	D:
>Y5.M022_387
2	1165	+	2	1.268630	I:	D:
1197	2204	+	3	1.332916	I:	D:
2223	2864	+	3	1.327490	I:	D:
>Y5.M022_388
2	1147	-	2	1.269587	I:	D:
1144	2337	-	1	1.314898	I:	D:
2366	3418	-	2	1.266618	I:	D:
3470	4102	-	2	1.294157	I:	D:
>Y5.M022_389
2	151	+	2	1.249987	I:	D:
184	1368	+	1	1.292437	I:	D:
1386	2525	+	3	1.315760	I:	D:
>Y5.M022_390
1	1719	-	1	1.278215	I:	D:
1701	2024	-	3	1.268335	I:	D:
>Y5.M022_391
108	1274	-	3	1.299278	I:	D:
1548	2072	+	3	1.333897	I:	D:
>Y5.M022_392
1	642	+	1	1.254736	I:	D:
717	1382	+	3	1.246423	I:	D:
1540	1992	+	1	1.339562	I:	D:
>Y5.M022_393
3	1349	-	3	1.321337	I:	D:
1330	2094	-	1	1.316240	I:	D:
>Y5.M022_394
3	1535	-	3	1.339971	I:	D:
1537	3537	-	1	1.275064	I:	D:
>Y5.M022_395
25	1176	-	1	1.319403	I:	D:
2193	2522	-	3	1.301364	I:	D:
>Y5.M022_396
272	751	+	2	1.305991	I:	D:
765	2174	+	3	1.275997	I:	D:
2179	2487	+	1	1.417146	I:	D:
