>Y8.M074_1
215	3325	+	2	1.316780	I:	D:
3464	4486	-	2	1.337256	I:	D:
4538	5605	-	2	1.314663	I:	D:
5773	8088	+	1	1.325007	I:	D:
8450	8818	+	2	1.347956	I:	D:
>Y8.M074_2
157	585	+	1	1.321262	I:	D:
603	1118	+	3	1.319429	I:	D:
1423	2781	-	1	1.326290	I:	D:
3021	4421	-	3	1.300005	I:	D:
4956	5990	-	3	1.330991	I:	D:
6006	6968	-	3	1.328823	I:	D:
6971	8482	-	2	1.321876	I:	D:
8624	9649	-	2	1.305453	I:	D:
9906	10808	-	3	1.348710	I:	D:
10917	14561	-	3	1.328001	I:	D:
14565	14747	-	3	1.323980	I:	D:
14822	15298	-	2	1.316333	I:	D:
15393	15836	-	3	1.320885	I:	D:
16007	17203	-	2	1.316351	I:	D:
17233	17370	+	1	1.344221	I:	D:
17384	17923	-	2	1.331338	I:	D:
17928	19280	-	3	1.340257	I:	D:
19296	19577	-	3	1.319071	I:	D:
19662	20516	-	3	1.318276	I:	D:
20538	21362	-	3	1.323729	I:	D:
21388	22032	-	1	1.339015	I:	D:
22029	22934	-	3	1.312997	I:	D:
22977	23261	-	3	1.310448	I:	D:
23390	23758	-	2	1.320957	I:	D:
23778	25259	-	3	1.335512	I:	D:
25385	26122	-	2	1.292165	I:	D:
26151	26801	-	3	1.322110	I:	D:
26821	27774	-	1	1.327979	I:	D:
27793	29160	-	1	1.329928	I:	D:
29177	30694	-	2	1.326442	I:	D:
30726	31193	-	3	1.323202	I:	D:
31190	31540	-	2	1.323355	I:	D:
31591	32727	-	1	1.325111	I:	D:
32882	33724	-	2	1.368924	I:	D:
34191	39410	-	3	1.330502	I:	D:
39489	39779	-	3	1.337087	I:	D:
39808	41022	+	1	1.322995	I:	D:
41072	42349	+	2	1.337292	I:	D:
42881	43594	-	2	1.334528	I:	D:
43762	44445	-	1	1.332497	I:	D:
44524	45399	-	1	1.311767	I:	D:
45549	45923	-	3	1.299652	I:	D:
46106	48388	+	2	1.333363	I:	D:
48489	49556	-	3	1.318894	I:	D:
49568	50338	-	2	1.345439	I:	D:
50332	51351	-	1	1.352893	I:	D:
51352	52380	-	1	1.328926	I:	D:
52501	53121	-	1	1.334595	I:	D:
53296	53445	-	1	1.350713	I:	D:
53451	54470	+	3	1.315068	I:	D:
54679	55848	+	1	1.331253	I:	D:
55845	57614	+	3	1.320577	I:	D:
57754	58113	+	1	1.330185	I:	D:
58170	58553	-	3	1.346601	I:	D:
58617	58847	+	3	1.382709	I:	D:
>Y8.M074_3
2	1477	+	2	1.311750	I:	D:
1705	2301	+	1	1.332388	I:	D:
3000	4256	+	3	1.332290	I:	D:
4411	5562	+	1	1.332072	I:	D:
5879	6187	-	2	1.358643	I:	D:
6329	7807	+	2	1.340510	I:	D:
7887	8540	-	3	1.352646	I:	D:
8625	8996	+	3	1.383393	I:	D:
9026	9310	+	2	1.349709	I:	D:
9407	10801	+	2	1.332026	I:	D:
10805	11689	+	2	1.320627	I:	D:
11710	13407	-	1	1.322356	I:	D:
13404	14684	-	3	1.331559	I:	D:
14879	15037	+	2	1.347289	I:	D:
15074	15394	+	2	1.312882	I:	D:
15546	17321	+	3	1.316328	I:	D:
17383	17961	+	1	1.342936	I:	D:
17983	18831	+	1	1.343877	I:	D:
18857	19819	+	2	1.316948	I:	D:
19826	20509	+	2	1.311054	I:	D:
20639	21304	+	2	1.324441	I:	D:
21350	22954	-	2	1.323524	I:	D:
22969	23709	-	1	1.324714	I:	D:
23786	24478	+	2	1.343597	I:	D:
24495	24887	+	3	1.318886	I:	D:
25134	25364	+	3	1.331261	I:	D:
>Y8.M074_4
85	414	+	1	1.333618	I:	D:
604	1005	-	1	1.346681	I:	D:
1115	2254	-	2	1.325668	I:	D:
2305	3021	-	1	1.306634	I:	D:
3091	3975	-	1	1.304689	I:	D:
4000	4932	-	1	1.306619	I:	D:
4944	5768	-	3	1.302128	I:	D:
5782	6807	-	1	1.321947	I:	D:
6846	8864	-	3	1.321912	I:	D:
8892	9734	-	3	1.326908	I:	D:
9735	10637	-	3	1.309200	I:	D:
10743	11951	-	3	1.314315	I:	D:
12368	12889	-	2	1.322843	I:	D:
13168	13854	+	1	1.323799	I:	D:
13851	14693	+	3	1.335172	I:	D:
14706	15437	+	3	1.330413	I:	D:
15530	17347	-	2	1.337531	I:	D:
17716	19119	-	1	1.338159	I:	D:
19351	20532	-	1	1.341349	I:	D:
20791	21276	+	1	1.365226	I:	D:
21509	22432	+	2	1.312181	I:	D:
22506	23177	+	3	1.340690	I:	D:
23164	23907	+	1	1.318750	I:	D:
24163	25551	-	1	1.335875	I:	D:
25636	26259	-	1	1.330759	I:	D:
26449	27606	-	1	1.334305	I:	D:
>Y8.M074_5
2	163	+	2	1.383593	I:	D:
236	718	+	2	1.342014	I:	D:
742	1005	-	1	1.295234	I:	D:
1023	1175	+	3	1.351801	I:	D:
1222	2436	+	1	1.357312	I:	D:
2440	3519	-	1	1.333568	I:	D:
3526	5070	-	1	1.332168	I:	D:
5158	6594	+	1	1.327714	I:	D:
6597	7874	-	3	1.352951	I:	D:
7891	8676	-	1	1.332541	I:	D:
8630	9892	-	2	1.334276	I:	D:
9889	10254	-	1	1.337100	I:	D:
10275	11720	-	3	1.347989	I:	D:
11755	13212	-	1	1.323472	I:	D:
13225	15045	-	1	1.325139	I:	D:
15050	17404	-	2	1.347670	I:	D:
17424	18332	-	3	1.328472	I:	D:
18317	20506	-	2	1.320936	I:	D:
20509	21552	-	1	1.328350	I:	D:
21724	21945	-	1	1.409008	I:	D:
22004	22492	-	2	1.324212	I:	D:
22535	23449	-	2	1.319086	I:	D:
23599	24168	-	1	1.324511	I:	D:
24350	25723	-	2	1.349608	I:	D:
25744	26634	-	1	1.328990	I:	D:
26885	28231	-	2	1.299509	I:	D:
28429	29655	-	1	1.330378	I:	D:
29971	31089	-	1	1.354220	I:	D:
31096	31293	-	1	1.310436	I:	D:
31236	31502	+	3	1.358157	I:	D:
31697	32047	-	2	1.297911	I:	D:
32054	32917	-	2	1.311118	I:	D:
33391	33528	+	1	1.360864	I:	D:
33552	34619	-	3	1.328935	I:	D:
34898	35032	+	2	1.367962	I:	D:
35356	35676	-	1	1.312168	I:	D:
35681	36007	-	2	1.302856	I:	D:
36144	36452	-	3	1.324037	I:	D:
36678	36956	+	3	1.327565	I:	D:
37005	37181	+	3	1.324345	I:	D:
37233	37469	+	3	1.327108	I:	D:
37491	38135	+	3	1.360720	I:	D:
38219	38512	+	2	1.325515	I:	D:
38530	38826	+	1	1.345403	I:	D:
38807	39040	+	2	1.347784	I:	D:
39184	39750	+	1	1.344355	I:	D:
39778	40113	+	1	1.348431	I:	D:
40168	41004	-	1	1.299290	I:	D:
41131	41292	+	1	1.268803	I:	D:
41363	41668	-	2	1.327909	I:	D:
42027	43259	-	3	1.335576	I:	D:
43644	45743	-	3	1.341961	I:	D:
45750	46052	-	3	1.359768	I:	D:
46003	46518	+	1	1.296432	I:	D:
46583	47035	-	2	1.292619	I:	D:
47043	47930	-	3	1.337341	I:	D:
48079	48726	-	1	1.317347	I:	D:
49000	51534	+	1	1.350875	I:	D:
51543	52211	+	3	1.388131	I:	D:
52259	54133	-	2	1.312982	I:	D:
54449	54586	-	2	1.362359	I:	D:
54767	55372	-	2	1.336763	I:	D:
55518	57350	-	3	1.314759	I:	D:
57374	59596	-	2	1.309449	I:	D:
59625	60152	-	3	1.363383	I:	D:
60412	61551	+	1	1.323176	I:	D:
61699	62742	+	1	1.352055	I:	D:
62773	63837	-	1	1.312342	I:	D:
63794	64705	-	2	1.327059	I:	D:
64741	66525	-	1	1.332493	I:	D:
66593	68203	-	2	1.330760	I:	D:
68203	68643	-	1	1.290784	I:	D:
68657	69643	-	2	1.316116	I:	D:
69659	71167	-	2	1.317912	I:	D:
71433	72497	-	3	1.319240	I:	D:
72870	73829	-	3	1.329250	I:	D:
73832	75322	-	2	1.315080	I:	D:
75534	76667	-	3	1.308810	I:	D:
76739	77287	-	2	1.305537	I:	D:
77314	78453	-	1	1.321310	I:	D:
78562	79749	-	1	1.320284	I:	D:
79892	80749	-	2	1.308926	I:	D:
80991	83114	+	3	1.329508	I:	D:
83160	83333	+	3	1.366320	I:	D:
83346	84692	-	3	1.316310	I:	D:
84903	86342	-	3	1.323978	I:	D:
86421	87788	-	3	1.331020	I:	D:
88042	88542	-	1	1.340532	I:	D:
89076	90059	-	3	1.329931	I:	D:
90127	90279	-	1	1.315951	I:	D:
90299	91531	-	2	1.328601	I:	D:
91625	92398	-	2	1.319385	I:	D:
92569	93315	-	1	1.316932	I:	D:
93407	94273	-	2	1.311237	I:	D:
94481	95737	-	2	1.350115	I:	D:
95951	96361	-	2	1.349361	I:	D:
96848	97339	-	2	1.320084	I:	D:
97342	97749	-	1	1.386873	I:	D:
97759	98190	-	1	1.337632	I:	D:
>Y8.M074_6
188	577	+	2	1.299414	I:	D:
685	1455	+	1	1.348203	I:	D:
1478	5041	+	2	1.330402	I:	D:
5043	9044	+	3	1.322127	I:	D:
9100	11784	+	1	1.324700	I:	D:
11789	12961	+	2	1.319229	I:	D:
12980	13891	+	2	1.315167	I:	D:
13993	14937	+	1	1.329684	I:	D:
14953	15927	+	1	1.347175	I:	D:
15924	16181	+	3	1.306443	I:	D:
16388	17314	+	2	1.310074	I:	D:
17364	17600	+	3	1.328009	I:	D:
17752	18756	+	1	1.349521	I:	D:
18859	20211	+	1	1.323721	I:	D:
20335	21228	+	1	1.329393	I:	D:
21233	22096	+	2	1.328247	I:	D:
22291	22440	+	1	1.393054	I:	D:
22525	23382	+	1	1.328031	I:	D:
23561	25882	+	2	1.334633	I:	D:
26270	27355	+	2	1.337578	I:	D:
27699	29495	+	3	1.323926	I:	D:
29689	30693	+	1	1.312510	I:	D:
30709	31956	+	1	1.320602	I:	D:
31969	32976	+	1	1.320783	I:	D:
32963	33781	+	2	1.301447	I:	D:
33980	36250	-	2	1.318407	I:	D:
36470	36640	+	2	1.335335	I:	D:
36678	39188	+	3	1.329667	I:	D:
39418	41547	+	1	1.330398	I:	D:
41828	42034	+	2	1.355854	I:	D:
42031	44445	+	1	1.352107	I:	D:
44635	45198	-	1	1.350239	I:	D:
45530	46363	+	2	1.336541	I:	D:
46391	47374	+	2	1.339454	I:	D:
47404	48195	+	1	1.341269	I:	D:
48231	49766	+	3	1.326939	I:	D:
49766	51352	+	2	1.335753	I:	D:
51374	52135	+	2	1.332430	I:	D:
52181	52324	-	2	1.359883	I:	D:
52344	52577	-	3	1.364658	I:	D:
52676	53668	+	2	1.328346	I:	D:
53846	55267	+	2	1.333264	I:	D:
55391	56836	+	2	1.335455	I:	D:
56896	58170	+	1	1.332661	I:	D:
58226	59104	+	2	1.344840	I:	D:
59253	59567	+	3	1.332750	I:	D:
59758	60618	+	1	1.329772	I:	D:
60742	61635	+	1	1.352308	I:	D:
61801	62067	-	1	1.329644	I:	D:
62082	62234	+	3	1.327769	I:	D:
62263	62784	+	1	1.300461	I:	D:
62933	63400	-	2	1.351057	I:	D:
>Y8.M074_7
121	354	-	1	1.324568	I:	D:
634	1008	-	1	1.332036	I:	D:
1230	2063	-	3	1.335950	I:	D:
2244	3077	-	3	1.352662	I:	D:
3108	4151	-	3	1.338562	I:	D:
4143	4397	+	3	1.347062	I:	D:
4522	5664	-	1	1.318941	I:	D:
5993	7204	-	2	1.293486	I:	D:
7244	7876	-	2	1.279434	I:	D:
7887	8510	-	3	1.342654	I:	D:
8537	9346	-	2	1.311845	I:	D:
9343	10056	-	1	1.349994	I:	D:
10065	11303	-	3	1.309757	I:	D:
11329	12441	-	1	1.309286	I:	D:
12495	12719	-	3	1.336407	I:	D:
12978	14300	-	3	1.341125	I:	D:
14531	15337	+	2	1.380417	I:	D:
15998	16531	-	2	1.328108	I:	D:
16660	18018	-	1	1.343273	I:	D:
18023	19006	-	2	1.331666	I:	D:
19318	20061	-	1	1.331342	I:	D:
20135	21031	-	2	1.317351	I:	D:
21039	21974	-	3	1.319808	I:	D:
21979	22836	-	1	1.316441	I:	D:
22837	23280	-	1	1.295603	I:	D:
23391	24659	-	3	1.306536	I:	D:
24768	25622	-	3	1.334240	I:	D:
25615	26490	-	1	1.328160	I:	D:
26514	27680	-	3	1.317309	I:	D:
27693	28715	-	3	1.323390	I:	D:
28712	29371	-	2	1.291443	I:	D:
29394	29735	-	3	1.288263	I:	D:
30023	30808	+	2	1.327425	I:	D:
30910	32412	+	1	1.313053	I:	D:
32867	33271	-	2	1.305256	I:	D:
33268	33600	-	1	1.316508	I:	D:
33686	34411	-	2	1.349917	I:	D:
34495	34626	-	1	1.289737	I:	D:
34697	34924	-	2	1.353477	I:	D:
35059	36528	+	1	1.322265	I:	D:
36599	36856	+	2	1.377557	I:	D:
36941	38383	+	2	1.324227	I:	D:
38426	41425	+	2	1.342283	I:	D:
41534	42082	+	2	1.359329	I:	D:
42089	42733	-	2	1.339136	I:	D:
42790	43659	-	1	1.354234	I:	D:
43740	45875	+	3	1.334426	I:	D:
46056	46922	-	3	1.334820	I:	D:
47201	47488	-	2	1.365856	I:	D:
47481	47789	-	3	1.367470	I:	D:
48132	49019	-	3	1.336501	I:	D:
49103	50578	-	2	1.334481	I:	D:
50568	51668	-	3	1.341402	I:	D:
51780	52223	+	3	1.330724	I:	D:
52417	53136	-	1	1.358310	I:	D:
53146	54012	-	1	1.345451	I:	D:
54027	54422	-	3	1.368131	I:	D:
54580	56916	-	1	1.344301	I:	D:
57039	57734	-	3	1.318386	I:	D:
58033	59469	-	1	1.321624	I:	D:
59654	60394	-	2	1.323625	I:	D:
>Y8.M074_8
411	1289	+	3	1.322192	I:	D:
1342	2175	+	1	1.321236	I:	D:
2270	3097	-	2	1.340299	I:	D:
3160	3315	-	1	1.324967	I:	D:
3465	4325	-	3	1.322111	I:	D:
4366	5064	-	1	1.319823	I:	D:
5542	5784	+	1	1.335277	I:	D:
5864	6805	-	2	1.319509	I:	D:
6802	7089	-	1	1.303378	I:	D:
7110	7802	-	3	1.341949	I:	D:
7981	8901	-	1	1.321485	I:	D:
8978	9964	-	2	1.313634	I:	D:
10032	11006	-	3	1.331264	I:	D:
11033	12526	-	2	1.310415	I:	D:
12552	13466	-	3	1.330136	I:	D:
13842	14906	+	3	1.326357	I:	D:
14976	15950	-	3	1.321237	I:	D:
15991	16869	-	1	1.348038	I:	D:
16910	18268	-	2	1.334835	I:	D:
18368	18793	-	2	1.324398	I:	D:
18801	19433	-	3	1.305681	I:	D:
19489	20721	-	1	1.322235	I:	D:
20791	21531	-	1	1.322487	I:	D:
21525	22460	-	3	1.340604	I:	D:
22818	23750	-	3	1.320543	I:	D:
23747	23998	-	2	1.279245	I:	D:
24321	24590	-	3	1.353588	I:	D:
24587	25201	-	2	1.314411	I:	D:
25297	26490	-	1	1.337308	I:	D:
26713	28320	-	1	1.339482	I:	D:
29063	29545	-	2	1.367402	I:	D:
29606	31000	-	2	1.302356	I:	D:
31089	32231	+	3	1.312443	I:	D:
32280	32813	-	3	1.343389	I:	D:
32868	33362	-	3	1.332362	I:	D:
33375	34016	-	3	1.324224	I:	D:
33913	34242	+	1	1.347693	I:	D:
34307	35185	+	2	1.328609	I:	D:
35223	36725	-	3	1.330876	I:	D:
36812	37297	-	2	1.341547	I:	D:
37388	37807	-	2	1.339488	I:	D:
37825	38748	-	1	1.362727	I:	D:
38769	40310	-	3	1.337331	I:	D:
40368	40535	-	3	1.294245	I:	D:
40601	41950	-	2	1.333251	I:	D:
41952	42749	-	3	1.341306	I:	D:
42884	44116	-	2	1.339453	I:	D:
44113	45132	-	1	1.330520	I:	D:
45129	45641	-	3	1.341911	I:	D:
45930	46196	+	3	1.366549	I:	D:
46262	46951	-	2	1.349406	I:	D:
46955	48040	-	2	1.312697	I:	D:
48316	50349	-	1	1.327326	I:	D:
50431	51789	-	1	1.327365	I:	D:
51868	52446	-	1	1.300722	I:	D:
52685	53389	-	2	1.312489	I:	D:
53801	55162	-	2	1.330639	I:	D:
55138	55971	-	1	1.344699	I:	D:
55968	56150	-	3	1.346060	I:	D:
56370	56594	-	3	1.356276	I:	D:
>Y8.M074_9
1	354	+	1	1.381096	I:	D:
272	655	+	2	1.349706	I:	D:
732	986	+	3	1.339715	I:	D:
1711	2190	+	1	1.322881	I:	D:
2190	2690	+	3	1.349981	I:	D:
2687	3670	+	2	1.312163	I:	D:
3885	4148	-	3	1.317369	I:	D:
4330	5295	+	1	1.332818	I:	D:
5587	7065	+	1	1.320694	I:	D:
7171	8982	+	1	1.318553	I:	D:
9024	10376	+	3	1.327790	I:	D:
10463	11758	+	2	1.342906	I:	D:
11920	12942	+	1	1.328863	I:	D:
12952	14361	+	1	1.308235	I:	D:
14429	14581	+	2	1.353132	I:	D:
14593	15465	+	1	1.310725	I:	D:
15537	17441	-	3	1.313604	I:	D:
17444	19192	-	2	1.308489	I:	D:
19679	20398	-	2	1.325266	I:	D:
20688	21719	+	3	1.312431	I:	D:
21758	22384	+	2	1.290031	I:	D:
22419	24296	+	3	1.317460	I:	D:
24383	25615	+	2	1.327408	I:	D:
25642	26595	+	1	1.300658	I:	D:
26609	27355	+	2	1.317871	I:	D:
27540	28922	+	3	1.324597	I:	D:
29032	30285	+	1	1.324232	I:	D:
30376	30606	-	1	1.310135	I:	D:
30739	32076	+	1	1.323880	I:	D:
32418	32693	+	3	1.308202	I:	D:
32690	33136	+	2	1.329748	I:	D:
33120	33383	+	3	1.303024	I:	D:
33632	35281	+	2	1.313161	I:	D:
35286	35642	+	3	1.345670	I:	D:
35698	36357	+	1	1.312753	I:	D:
36468	37691	+	3	1.336216	I:	D:
37745	37906	+	2	1.383505	I:	D:
37920	39410	+	3	1.331991	I:	D:
39414	40289	+	3	1.350116	I:	D:
40555	40815	-	1	1.307688	I:	D:
40982	41821	-	2	1.323420	I:	D:
42181	42684	+	1	1.335419	I:	D:
42857	44941	+	2	1.305054	I:	D:
>Y8.M074_10
288	3893	-	3	1.330043	I:	D:
3993	6068	-	3	1.330278	I:	D:
6253	7089	-	1	1.340547	I:	D:
7200	8858	-	3	1.334527	I:	D:
8935	10587	-	1	1.309423	I:	D:
10612	10755	+	1	1.349789	I:	D:
10941	11378	-	3	1.319032	I:	D:
11368	12600	-	1	1.333554	I:	D:
12648	13847	-	3	1.329348	I:	D:
13854	15260	-	3	1.343722	I:	D:
15274	16020	-	1	1.328948	I:	D:
16409	17848	-	2	1.333459	I:	D:
17898	19187	-	3	1.324287	I:	D:
19315	19500	+	1	1.338994	I:	D:
>Y8.M074_11
1	579	+	1	1.329098	I:	D:
579	770	+	3	1.341015	I:	D:
849	2420	-	3	1.339525	I:	D:
2458	3237	-	1	1.326568	I:	D:
3258	5036	-	3	1.336218	I:	D:
5163	6752	-	3	1.325910	I:	D:
6869	7834	-	2	1.356525	I:	D:
7848	8006	-	3	1.310766	I:	D:
8131	8445	-	1	1.328356	I:	D:
8539	8826	-	1	1.332972	I:	D:
8934	9476	-	3	1.320784	I:	D:
>Y8.M074_12
1	1017	+	1	1.326356	I:	D:
1017	4223	+	3	1.317986	I:	D:
4284	4460	+	3	1.352266	I:	D:
4542	5150	+	3	1.334421	I:	D:
5459	6793	+	2	1.340335	I:	D:
6898	7977	+	1	1.330470	I:	D:
7996	8793	+	1	1.319389	I:	D:
8852	9274	+	2	1.332430	I:	D:
9404	11410	+	2	1.334804	I:	D:
11624	13261	-	2	1.314208	I:	D:
13538	14962	+	2	1.334387	I:	D:
15109	18708	+	1	1.338014	I:	D:
18918	19598	+	3	1.333975	I:	D:
19637	22546	+	2	1.323355	I:	D:
22623	23531	+	3	1.303941	I:	D:
23546	24214	+	2	1.335307	I:	D:
24254	24937	+	2	1.310015	I:	D:
25009	26406	+	1	1.323013	I:	D:
26524	26673	+	1	1.341867	I:	D:
26822	29452	+	2	1.321762	I:	D:
29904	30119	-	3	1.355797	I:	D:
30329	31048	+	2	1.310668	I:	D:
>Y8.M074_13
193	369	+	1	1.352634	I:	D:
451	2607	+	1	1.331566	I:	D:
2773	2904	+	1	1.324402	I:	D:
>Y8.M074_14
1	1197	-	1	1.335903	I:	D:
1286	2185	-	2	1.308145	I:	D:
2282	2416	+	2	1.401398	I:	D:
2535	2693	+	3	1.296717	I:	D:
2757	3089	+	3	1.312278	I:	D:
3089	3847	+	2	1.325567	I:	D:
4101	4469	-	3	1.399018	I:	D:
4519	5460	+	1	1.324709	I:	D:
5470	6516	+	1	1.332411	I:	D:
6528	7307	+	3	1.331837	I:	D:
7579	7815	-	1	1.324287	I:	D:
7886	8077	+	2	1.345392	I:	D:
>Y8.M074_15
181	1317	-	1	1.325244	I:	D:
1435	3162	-	1	1.313087	I:	D:
3533	3949	-	2	1.319912	I:	D:
4075	5466	-	1	1.327237	I:	D:
5460	6404	-	3	1.322706	I:	D:
6432	8468	-	3	1.313049	I:	D:
8470	8946	-	1	1.286482	I:	D:
9088	9312	-	1	1.306460	I:	D:
9427	10116	-	1	1.311082	I:	D:
10316	11203	+	2	1.317438	I:	D:
11586	12665	-	3	1.328318	I:	D:
12743	13093	-	2	1.321984	I:	D:
13096	13233	-	1	1.354943	I:	D:
13258	15453	-	1	1.312555	I:	D:
15595	16434	-	1	1.314303	I:	D:
16427	16681	+	2	1.359760	I:	D:
16749	17570	-	3	1.313148	I:	D:
17735	18295	-	2	1.339394	I:	D:
18295	18852	-	1	1.299977	I:	D:
18852	20144	-	3	1.318672	I:	D:
20266	20394	-	1	1.305959	I:	D:
20577	22586	-	3	1.324755	I:	D:
22666	23568	-	1	1.313369	I:	D:
23582	24520	-	2	1.325993	I:	D:
24487	25002	-	1	1.326415	I:	D:
24980	25222	+	2	1.345702	I:	D:
25432	25599	+	1	1.335147	I:	D:
>Y8.M074_16
3	8276	-	3	1.326048	I:	D:
8672	9802	-	2	1.292331	I:	D:
9816	11243	-	3	1.334988	I:	D:
11277	12866	-	3	1.323771	I:	D:
12717	13061	+	3	1.360265	I:	D:
13071	14732	-	3	1.324262	I:	D:
14798	16039	-	2	1.303890	I:	D:
16204	17256	-	1	1.300309	I:	D:
17367	18206	-	3	1.317563	I:	D:
18297	19178	-	3	1.328996	I:	D:
19259	20083	-	2	1.327571	I:	D:
20169	21074	-	3	1.317133	I:	D:
21046	21225	+	1	1.360520	I:	D:
21229	22554	-	1	1.319248	I:	D:
22711	24588	-	1	1.329759	I:	D:
24697	25527	-	1	1.313463	I:	D:
25524	26594	-	3	1.326111	I:	D:
26803	27504	-	1	1.354132	I:	D:
27461	27682	+	2	1.370314	I:	D:
27694	29160	-	1	1.328126	I:	D:
29157	30212	-	3	1.317528	I:	D:
30217	31821	-	1	1.318265	I:	D:
32304	33245	-	3	1.307282	I:	D:
33417	34433	-	3	1.317025	I:	D:
34430	35956	-	2	1.317942	I:	D:
36389	37042	-	2	1.311624	I:	D:
37218	38141	-	3	1.328537	I:	D:
38661	38807	+	3	1.345784	I:	D:
38811	39704	-	3	1.330926	I:	D:
39767	42946	-	2	1.319103	I:	D:
43037	44647	-	2	1.320032	I:	D:
44956	46299	+	1	1.320121	I:	D:
46401	48056	+	3	1.313011	I:	D:
48425	48847	-	2	1.339075	I:	D:
49073	49336	-	2	1.320591	I:	D:
>Y8.M074_17
175	774	-	1	1.290014	I:	D:
975	1487	-	3	1.329482	I:	D:
1553	2107	-	2	1.329696	I:	D:
2229	3857	+	3	1.325119	I:	D:
4153	4806	-	1	1.324658	I:	D:
4899	5603	-	3	1.313146	I:	D:
5616	6395	-	3	1.320329	I:	D:
6388	7392	-	1	1.327686	I:	D:
7402	8289	-	1	1.308555	I:	D:
8481	9623	-	3	1.301103	I:	D:
9853	10683	+	1	1.331946	I:	D:
10684	11595	+	1	1.349377	I:	D:
11615	11836	+	2	1.395351	I:	D:
11857	12642	+	1	1.328729	I:	D:
12668	13444	+	2	1.321411	I:	D:
13554	14429	+	3	1.335160	I:	D:
14502	14771	-	3	1.304555	I:	D:
15052	15462	+	1	1.333382	I:	D:
15684	16106	-	3	1.296505	I:	D:
16285	18345	-	1	1.319462	I:	D:
18369	18581	-	3	1.356079	I:	D:
18618	20306	-	3	1.299147	I:	D:
20321	20707	-	2	1.326160	I:	D:
20917	21096	-	1	1.325268	I:	D:
21390	21662	-	3	1.364352	I:	D:
21690	22088	-	3	1.304916	I:	D:
22091	23245	-	2	1.325434	I:	D:
23249	23740	-	2	1.355326	I:	D:
23765	24217	-	2	1.320415	I:	D:
24431	26287	-	2	1.326045	I:	D:
25911	27722	-	3	1.321959	I:	D:
27726	30185	-	3	1.346017	I:	D:
30359	30769	-	2	1.296361	I:	D:
30849	31850	-	3	1.311711	I:	D:
31860	32480	-	3	1.306450	I:	D:
32633	33922	-	2	1.345612	I:	D:
34000	35466	-	1	1.328466	I:	D:
35644	37341	-	1	1.336716	I:	D:
37355	39238	-	2	1.328366	I:	D:
39235	39714	-	1	1.329537	I:	D:
39902	40078	+	2	1.358601	I:	D:
40163	40444	+	2	1.367104	I:	D:
40945	41553	-	1	1.307915	I:	D:
41581	42936	-	1	1.327150	I:	D:
43011	43163	+	3	1.331535	I:	D:
43324	44661	-	1	1.324628	I:	D:
44873	45727	-	2	1.326411	I:	D:
45758	46444	-	2	1.302000	I:	D:
46638	48323	-	3	1.314408	I:	D:
48561	49196	-	3	1.326356	I:	D:
49491	51419	-	3	1.320636	I:	D:
51734	52519	-	2	1.315871	I:	D:
52706	54052	-	2	1.325669	I:	D:
54089	55093	-	2	1.312546	I:	D:
55409	57532	-	2	1.326706	I:	D:
57548	58318	-	2	1.316325	I:	D:
58486	60378	-	1	1.344785	I:	D:
60427	61197	-	1	1.334409	I:	D:
61294	62235	-	1	1.320039	I:	D:
62322	62513	-	3	1.309918	I:	D:
62526	62969	-	3	1.330307	I:	D:
63239	64243	-	2	1.327837	I:	D:
64362	65006	-	3	1.320868	I:	D:
65014	66342	-	1	1.307245	I:	D:
66371	67699	-	2	1.311167	I:	D:
67914	69134	-	3	1.322945	I:	D:
69259	70125	-	1	1.356382	I:	D:
70247	70588	-	2	1.327933	I:	D:
70632	71393	-	3	1.313522	I:	D:
71413	71970	-	1	1.314652	I:	D:
72082	72702	-	1	1.311424	I:	D:
72747	73595	-	3	1.311187	I:	D:
73692	74234	-	3	1.318614	I:	D:
74317	74664	-	1	1.336673	I:	D:
74749	75561	-	1	1.325664	I:	D:
75558	76067	-	3	1.300195	I:	D:
76175	76405	-	2	1.274509	I:	D:
76425	76670	-	3	1.335659	I:	D:
76765	78114	-	1	1.306293	I:	D:
78116	78460	-	2	1.311724	I:	D:
78594	79310	-	3	1.303989	I:	D:
79715	81409	-	2	1.327158	I:	D:
81406	82110	-	1	1.326155	I:	D:
82468	82986	+	1	1.339376	I:	D:
82989	83237	+	3	1.325021	I:	D:
83334	84074	-	3	1.344811	I:	D:
84149	85051	-	2	1.348187	I:	D:
85324	86541	-	1	1.314369	I:	D:
86654	87589	-	2	1.302579	I:	D:
87666	91226	-	3	1.308485	I:	D:
91252	91947	-	1	1.300568	I:	D:
92135	92365	-	2	1.261841	I:	D:
92381	93400	-	2	1.315263	I:	D:
93838	94326	-	1	1.342845	I:	D:
94405	95607	-	1	1.327855	I:	D:
95752	96747	-	1	1.328697	I:	D:
97280	97873	-	2	1.415884	I:	D:
98140	98412	-	1	1.357004	I:	D:
98634	100109	-	3	1.299281	I:	D:
100374	101738	-	3	1.317424	I:	D:
101797	102069	-	1	1.295831	I:	D:
>Y8.M074_18
247	2052	-	1	1.300136	I:	D:
2177	2707	-	2	1.340594	I:	D:
2691	4118	-	3	1.320588	I:	D:
4123	5601	-	1	1.326256	I:	D:
5789	6103	-	2	1.290957	I:	D:
6104	6661	-	2	1.332125	I:	D:
6658	6936	-	1	1.326385	I:	D:
7017	7256	-	3	1.301449	I:	D:
7381	7653	-	1	1.314253	I:	D:
7947	8462	-	3	1.305864	I:	D:
8629	9615	-	1	1.335055	I:	D:
9640	9903	+	1	1.370774	I:	D:
9961	10611	-	1	1.308192	I:	D:
10845	12626	-	3	1.313459	I:	D:
12617	14488	-	2	1.314220	I:	D:
14532	14750	+	3	1.359635	I:	D:
14811	16247	-	3	1.324976	I:	D:
16314	17072	-	3	1.310841	I:	D:
17083	17568	-	1	1.339948	I:	D:
17627	17866	-	2	1.393940	I:	D:
17929	18810	-	1	1.313852	I:	D:
18820	19767	-	1	1.305603	I:	D:
19760	21886	-	2	1.330922	I:	D:
22249	23946	-	1	1.316855	I:	D:
24316	24972	+	1	1.323449	I:	D:
25133	25468	-	2	1.311009	I:	D:
25494	26477	-	3	1.345124	I:	D:
26474	27682	-	2	1.329836	I:	D:
27691	29406	-	1	1.308847	I:	D:
29421	30707	-	3	1.336157	I:	D:
30733	33027	-	1	1.309507	I:	D:
33128	33286	-	2	1.332080	I:	D:
33360	33968	-	3	1.339082	I:	D:
33975	34127	-	3	1.308975	I:	D:
34154	34777	+	2	1.334613	I:	D:
34938	36038	-	3	1.343674	I:	D:
36050	36697	-	2	1.293733	I:	D:
36797	38203	-	2	1.335917	I:	D:
38217	39236	-	3	1.320509	I:	D:
39456	39914	-	3	1.313937	I:	D:
39899	41302	-	2	1.312302	I:	D:
41443	42000	-	1	1.320122	I:	D:
42312	43004	-	3	1.335418	I:	D:
43149	43646	-	3	1.320608	I:	D:
43901	44542	-	2	1.356642	I:	D:
44817	47957	-	3	1.315881	I:	D:
47957	51784	-	2	1.322348	I:	D:
52021	54663	-	1	1.332488	I:	D:
54826	55116	-	1	1.312836	I:	D:
55271	56053	-	2	1.324098	I:	D:
56034	57641	-	3	1.347005	I:	D:
57696	57950	-	3	1.342332	I:	D:
57972	58940	-	3	1.317625	I:	D:
58944	60419	-	3	1.318558	I:	D:
60586	60804	-	1	1.349172	I:	D:
61069	61239	+	1	1.379660	I:	D:
61269	61955	-	3	1.304771	I:	D:
62271	63599	-	3	1.306878	I:	D:
63625	64071	-	1	1.286984	I:	D:
64074	66281	-	3	1.317848	I:	D:
66420	67142	-	3	1.301700	I:	D:
67360	68631	-	1	1.313026	I:	D:
68890	69732	-	1	1.321612	I:	D:
69729	70715	-	3	1.328338	I:	D:
70941	72731	+	3	1.313392	I:	D:
72957	73697	+	3	1.306249	I:	D:
73847	74110	-	2	1.394532	I:	D:
74165	74635	-	2	1.341807	I:	D:
74655	74942	-	3	1.315219	I:	D:
75137	75370	-	2	1.332143	I:	D:
75508	76248	-	1	1.308978	I:	D:
76395	77435	-	3	1.316052	I:	D:
77476	78633	-	1	1.298853	I:	D:
78623	79318	-	2	1.303685	I:	D:
79369	80757	-	1	1.318134	I:	D:
80925	81062	+	3	1.364647	I:	D:
81116	81871	+	2	1.338120	I:	D:
81920	84142	+	2	1.330167	I:	D:
84444	85340	-	3	1.316523	I:	D:
85343	86113	-	2	1.316201	I:	D:
86346	87758	-	3	1.323129	I:	D:
87800	88483	-	2	1.332016	I:	D:
88590	89252	-	3	1.318414	I:	D:
89329	90672	-	1	1.327380	I:	D:
90884	91012	-	2	1.364725	I:	D:
91087	93270	-	1	1.327481	I:	D:
93424	93636	-	1	1.313602	I:	D:
93665	93847	-	2	1.339811	I:	D:
93850	96120	-	1	1.320407	I:	D:
96119	96349	+	2	1.367606	I:	D:
96379	96954	-	1	1.339438	I:	D:
96926	98362	-	2	1.349094	I:	D:
98672	99868	-	2	1.305668	I:	D:
99944	101545	-	2	1.314304	I:	D:
101686	103179	-	1	1.314286	I:	D:
103182	104207	-	3	1.317148	I:	D:
104252	105466	-	2	1.318363	I:	D:
105459	106943	-	3	1.335801	I:	D:
107053	107670	-	1	1.315331	I:	D:
>Y8.M074_19
153	437	-	3	1.300064	I:	D:
674	925	+	2	1.339902	I:	D:
1217	2242	-	2	1.318920	I:	D:
2438	4552	-	2	1.345839	I:	D:
4565	5404	-	2	1.338965	I:	D:
5415	6314	-	3	1.350170	I:	D:
6355	7710	-	1	1.305980	I:	D:
8164	8355	-	1	1.361540	I:	D:
8384	9037	-	2	1.316412	I:	D:
9099	9887	-	3	1.333132	I:	D:
10417	17349	-	1	1.322138	I:	D:
17466	17687	+	3	1.359250	I:	D:
17823	17993	+	3	1.337163	I:	D:
18092	18940	+	2	1.323933	I:	D:
19177	19398	+	1	1.355784	I:	D:
19595	20902	+	2	1.319156	I:	D:
21025	21873	-	1	1.330696	I:	D:
22135	23523	+	1	1.320990	I:	D:
23683	25623	-	1	1.325968	I:	D:
25735	27408	-	1	1.333099	I:	D:
27619	28581	-	1	1.324326	I:	D:
28693	29388	-	1	1.320760	I:	D:
29385	30788	-	3	1.339240	I:	D:
30871	31830	-	1	1.334400	I:	D:
31827	32642	-	3	1.334593	I:	D:
32748	33749	-	3	1.327392	I:	D:
33930	34586	-	3	1.321287	I:	D:
34697	35458	-	2	1.322289	I:	D:
35490	36941	-	3	1.328895	I:	D:
36971	38260	-	2	1.328128	I:	D:
38257	38760	-	1	1.340385	I:	D:
38765	39817	-	2	1.324531	I:	D:
40319	40582	-	2	1.318550	I:	D:
40582	40716	+	1	1.330894	I:	D:
40738	42345	-	1	1.334238	I:	D:
42489	42986	-	3	1.324276	I:	D:
43151	44248	-	2	1.328976	I:	D:
44323	44805	-	1	1.312129	I:	D:
44807	45838	-	2	1.337271	I:	D:
46005	47576	-	3	1.319645	I:	D:
47749	48474	-	1	1.335215	I:	D:
48600	50498	-	3	1.331161	I:	D:
50483	52246	-	2	1.327952	I:	D:
52333	53268	-	1	1.308000	I:	D:
53272	54273	-	1	1.326432	I:	D:
54628	56832	-	1	1.330081	I:	D:
56765	56944	-	2	1.314838	I:	D:
57024	59000	-	3	1.308689	I:	D:
58872	59318	+	3	1.352785	I:	D:
59415	59918	-	3	1.297365	I:	D:
60032	61555	-	2	1.302839	I:	D:
61669	61815	+	1	1.323406	I:	D:
61866	62414	+	3	1.321724	I:	D:
62445	62966	+	3	1.316997	I:	D:
63019	64254	-	1	1.319057	I:	D:
64427	65305	-	2	1.325868	I:	D:
65340	68396	-	3	1.322762	I:	D:
68712	69572	-	3	1.338529	I:	D:
69643	70476	-	1	1.338398	I:	D:
70685	71542	-	2	1.325703	I:	D:
71562	71870	-	3	1.358147	I:	D:
71860	72606	-	1	1.319426	I:	D:
72599	73534	-	2	1.312015	I:	D:
73559	74644	-	2	1.306960	I:	D:
74918	75508	-	2	1.336572	I:	D:
75540	77093	-	3	1.339279	I:	D:
77115	78287	-	3	1.313901	I:	D:
78587	79378	+	2	1.324964	I:	D:
79394	80341	-	2	1.319793	I:	D:
80387	80722	-	2	1.305409	I:	D:
80737	81150	-	1	1.314776	I:	D:
81138	82358	-	3	1.318076	I:	D:
82417	83403	-	1	1.317331	I:	D:
83503	84480	-	1	1.340872	I:	D:
84630	86324	-	3	1.323844	I:	D:
86427	86804	-	3	1.367877	I:	D:
86996	87835	+	2	1.303238	I:	D:
88113	91556	-	3	1.316210	I:	D:
>Y8.M074_20
3	1433	-	3	1.318887	I:	D:
1502	2449	-	2	1.310388	I:	D:
2595	5873	-	3	1.315085	I:	D:
6284	8683	+	2	1.308658	I:	D:
8696	9397	+	2	1.305628	I:	D:
9411	10511	+	3	1.313106	I:	D:
10685	11623	-	2	1.326790	I:	D:
11611	12450	-	1	1.332024	I:	D:
12556	13257	-	1	1.326008	I:	D:
13314	13478	+	3	1.352369	I:	D:
13494	18470	-	3	1.293628	I:	D:
18549	19256	-	3	1.315178	I:	D:
19684	21054	-	1	1.328223	I:	D:
21137	22630	-	2	1.354778	I:	D:
22639	23292	-	1	1.308326	I:	D:
23304	23504	+	3	1.346076	I:	D:
23577	24572	-	3	1.336000	I:	D:
24608	25495	-	2	1.296678	I:	D:
25627	27648	-	1	1.320206	I:	D:
27729	28751	-	3	1.326159	I:	D:
28938	30170	+	3	1.310483	I:	D:
30385	31146	+	1	1.302169	I:	D:
31207	31503	+	1	1.390705	I:	D:
31500	32126	+	3	1.320347	I:	D:
32126	33415	+	2	1.307432	I:	D:
33432	34487	+	3	1.316163	I:	D:
34709	35497	-	2	1.308466	I:	D:
35593	35808	-	1	1.339345	I:	D:
>Y8.M074_21
234	1004	-	3	1.364317	I:	D:
1142	2194	+	2	1.331352	I:	D:
2164	2676	+	1	1.313464	I:	D:
2880	4355	-	3	1.320897	I:	D:
4691	5182	-	2	1.322080	I:	D:
5362	6159	-	1	1.328867	I:	D:
6317	7291	-	2	1.308547	I:	D:
7454	7636	+	2	1.361891	I:	D:
7652	11140	-	2	1.312226	I:	D:
>Y8.M074_22
263	538	+	2	1.326175	I:	D:
615	863	+	3	1.320722	I:	D:
878	2494	+	2	1.312099	I:	D:
2607	4109	-	3	1.314949	I:	D:
4491	5570	-	3	1.306109	I:	D:
5716	5865	-	1	1.349820	I:	D:
6003	6503	+	3	1.327063	I:	D:
6614	7372	+	2	1.328679	I:	D:
7559	8575	+	2	1.315629	I:	D:
8642	9820	+	2	1.343389	I:	D:
10105	10644	+	1	1.320668	I:	D:
>Y8.M074_23
102	854	+	3	1.337684	I:	D:
931	2106	+	1	1.312788	I:	D:
2121	4910	+	3	1.333009	I:	D:
4970	5437	-	2	1.334915	I:	D:
5653	6597	-	1	1.325993	I:	D:
6605	6874	-	2	1.290658	I:	D:
6914	7702	-	2	1.311443	I:	D:
7901	8527	-	2	1.339507	I:	D:
>Y8.M074_24
487	1689	+	1	1.338487	I:	D:
1692	2708	+	3	1.317652	I:	D:
2644	3669	+	1	1.319108	I:	D:
3757	4989	-	1	1.307809	I:	D:
5112	6272	+	3	1.324817	I:	D:
6370	7620	+	1	1.309121	I:	D:
7641	8540	+	3	1.307662	I:	D:
8548	9723	+	1	1.309661	I:	D:
9877	10368	+	1	1.329076	I:	D:
10474	11298	+	1	1.325433	I:	D:
11339	12028	+	2	1.329448	I:	D:
12096	13451	+	3	1.319970	I:	D:
13470	14525	+	3	1.327559	I:	D:
14586	16895	+	3	1.341637	I:	D:
17259	19028	+	3	1.321773	I:	D:
19083	20204	+	3	1.304961	I:	D:
20367	20495	+	3	1.320942	I:	D:
20614	21504	+	1	1.317346	I:	D:
21704	22486	+	2	1.317466	I:	D:
22637	24307	+	2	1.327604	I:	D:
25012	27813	+	1	1.326157	I:	D:
28036	28842	-	1	1.328233	I:	D:
28869	29111	-	3	1.293802	I:	D:
29172	30044	-	3	1.330286	I:	D:
30578	30721	+	2	1.375633	I:	D:
30839	31489	+	2	1.343808	I:	D:
31675	35493	+	1	1.327366	I:	D:
35520	36569	+	3	1.324031	I:	D:
36677	37852	+	2	1.307287	I:	D:
38294	39181	+	2	1.306606	I:	D:
39344	40798	-	2	1.323658	I:	D:
40802	42211	-	2	1.316757	I:	D:
42544	45291	+	1	1.314459	I:	D:
45432	46130	+	3	1.319723	I:	D:
46144	46695	+	1	1.311021	I:	D:
46768	47472	+	1	1.331414	I:	D:
47499	48305	+	3	1.326736	I:	D:
48466	49608	+	1	1.313497	I:	D:
49612	50643	+	1	1.314384	I:	D:
50761	51471	-	1	1.335970	I:	D:
51468	52094	-	3	1.336808	I:	D:
52142	52417	+	2	1.371019	I:	D:
52561	54705	+	1	1.308493	I:	D:
>Y8.M074_25
88	1917	-	1	1.337398	I:	D:
2123	3556	+	2	1.319063	I:	D:
3731	4690	+	2	1.316713	I:	D:
4674	6839	+	3	1.323397	I:	D:
6933	7472	-	3	1.310966	I:	D:
7517	7717	+	2	1.361274	I:	D:
7812	9323	+	3	1.308908	I:	D:
9333	9599	+	3	1.316542	I:	D:
11228	12973	+	2	1.314878	I:	D:
12979	13545	+	1	1.335974	I:	D:
13708	15000	+	1	1.305802	I:	D:
15354	17654	+	3	1.316366	I:	D:
17741	17872	+	2	1.347892	I:	D:
18887	19132	+	2	1.368724	I:	D:
19185	22442	+	3	1.300613	I:	D:
22539	22691	+	3	1.364936	I:	D:
22714	23334	+	1	1.321036	I:	D:
23365	24591	+	1	1.319026	I:	D:
24942	25730	+	3	1.336962	I:	D:
25780	27702	+	1	1.314919	I:	D:
27702	30461	+	3	1.333276	I:	D:
30570	31694	+	3	1.327996	I:	D:
31815	33704	+	3	1.316117	I:	D:
33848	34789	+	2	1.324714	I:	D:
34798	36777	+	1	1.317889	I:	D:
36783	37754	+	3	1.323374	I:	D:
37835	38428	+	2	1.328108	I:	D:
38661	39395	+	3	1.317795	I:	D:
39551	40363	+	2	1.329413	I:	D:
40600	41673	+	1	1.316979	I:	D:
41840	43555	+	2	1.312695	I:	D:
43697	44062	+	2	1.283388	I:	D:
44083	44658	+	1	1.321815	I:	D:
44671	45228	-	1	1.368837	I:	D:
45511	46959	+	1	1.331606	I:	D:
47215	48495	+	1	1.309714	I:	D:
48528	49472	+	3	1.313670	I:	D:
49940	50944	+	2	1.308448	I:	D:
51136	52059	+	1	1.338853	I:	D:
52053	52859	+	3	1.308599	I:	D:
>Y8.M074_26
130	384	+	1	1.307230	I:	D:
565	1848	-	1	1.330864	I:	D:
2121	3005	-	3	1.329843	I:	D:
3012	4445	-	3	1.317649	I:	D:
4491	5993	-	3	1.342487	I:	D:
6084	6878	-	3	1.309192	I:	D:
6904	8193	-	1	1.319970	I:	D:
8218	11811	-	1	1.322051	I:	D:
11816	12265	-	2	1.337001	I:	D:
12358	12729	-	1	1.348623	I:	D:
12735	13523	-	3	1.324582	I:	D:
13655	14398	-	2	1.321192	I:	D:
14476	15255	-	1	1.351274	I:	D:
15434	16789	-	2	1.336496	I:	D:
16804	16983	+	1	1.363051	I:	D:
17079	17657	-	3	1.319043	I:	D:
17894	19138	-	2	1.323454	I:	D:
19319	20407	-	2	1.323913	I:	D:
20523	21836	-	3	1.335728	I:	D:
21953	23038	-	2	1.326122	I:	D:
23073	24428	-	3	1.314685	I:	D:
24469	25440	-	1	1.318390	I:	D:
25522	27345	-	1	1.325087	I:	D:
27636	29861	-	3	1.314692	I:	D:
29933	30439	-	2	1.317425	I:	D:
30458	31399	-	2	1.349972	I:	D:
31415	31963	-	2	1.339373	I:	D:
32090	32236	-	2	1.280772	I:	D:
32271	33173	-	3	1.336547	I:	D:
33205	34302	-	1	1.315091	I:	D:
34476	35234	-	3	1.318016	I:	D:
35385	36287	-	3	1.338388	I:	D:
36399	38810	-	3	1.324605	I:	D:
38823	39545	-	3	1.293426	I:	D:
39542	40627	-	2	1.327302	I:	D:
>Y8.M074_27
282	1586	+	3	1.334833	I:	D:
1684	1911	+	1	1.314216	I:	D:
1951	2139	+	1	1.376173	I:	D:
2206	4350	+	1	1.318426	I:	D:
>Y8.M074_28
1	831	+	1	1.313145	I:	D:
872	1369	-	2	1.309220	I:	D:
1619	4021	+	2	1.324482	I:	D:
4174	5799	+	1	1.325964	I:	D:
5853	7394	+	3	1.318418	I:	D:
7459	8508	+	1	1.319284	I:	D:
8717	9025	+	2	1.335672	I:	D:
9356	9886	+	2	1.350929	I:	D:
10085	11071	+	2	1.318528	I:	D:
11165	12790	+	2	1.312671	I:	D:
12790	13851	+	1	1.317724	I:	D:
13848	14864	+	3	1.319188	I:	D:
15013	15219	+	1	1.347927	I:	D:
15216	16562	+	3	1.320811	I:	D:
16708	17256	+	1	1.322316	I:	D:
17420	18271	+	2	1.330434	I:	D:
18420	19634	+	3	1.314671	I:	D:
19935	20915	+	3	1.329946	I:	D:
21063	21218	-	3	1.409656	I:	D:
21291	22301	-	3	1.309356	I:	D:
22794	24125	+	3	1.320015	I:	D:
24269	25384	+	2	1.326136	I:	D:
25519	25812	+	1	1.307352	I:	D:
25870	27345	+	1	1.325275	I:	D:
27346	28776	+	1	1.314194	I:	D:
28921	30237	+	1	1.310111	I:	D:
30332	32551	+	2	1.332530	I:	D:
32686	33525	+	1	1.322727	I:	D:
33818	34213	+	2	1.315852	I:	D:
34210	35112	+	1	1.318442	I:	D:
35087	37177	+	2	1.323309	I:	D:
>Y8.M074_29
1	390	+	1	1.332731	I:	D:
466	2355	-	1	1.325504	I:	D:
2624	3853	-	2	1.321093	I:	D:
3905	4084	+	2	1.357295	I:	D:
4151	4363	-	2	1.307971	I:	D:
4495	4770	-	1	1.308203	I:	D:
4863	5804	-	3	1.319106	I:	D:
5898	6257	-	3	1.318550	I:	D:
6344	6610	+	2	1.293159	I:	D:
6625	6834	+	1	1.296135	I:	D:
6882	7868	-	3	1.333818	I:	D:
7959	9353	-	3	1.331015	I:	D:
9476	12856	-	2	1.309226	I:	D:
12853	13110	-	1	1.321514	I:	D:
>Y8.M074_30
552	1826	+	3	1.311421	I:	D:
1823	2941	+	2	1.332596	I:	D:
2945	3115	+	2	1.345496	I:	D:
3144	3380	+	3	1.305954	I:	D:
3467	4198	-	2	1.316914	I:	D:
4221	5795	-	3	1.306884	I:	D:
5940	6347	+	3	1.346953	I:	D:
6456	8036	+	3	1.318989	I:	D:
8101	8982	+	1	1.316276	I:	D:
9069	9737	+	3	1.304660	I:	D:
10076	10633	+	2	1.345461	I:	D:
10630	10818	+	1	1.351359	I:	D:
11019	12785	+	3	1.305041	I:	D:
13005	13499	+	3	1.319875	I:	D:
13496	14188	+	2	1.302530	I:	D:
14388	15374	+	3	1.322503	I:	D:
15391	16245	+	1	1.337523	I:	D:
16464	17342	+	3	1.317831	I:	D:
17439	19367	+	3	1.328959	I:	D:
19612	20661	+	1	1.316918	I:	D:
21059	22210	+	2	1.307964	I:	D:
22191	23267	+	3	1.346061	I:	D:
23264	24058	+	2	1.334056	I:	D:
24460	24888	+	1	1.313276	I:	D:
24892	26835	+	1	1.316926	I:	D:
>Y8.M074_31
3	386	-	3	1.314322	I:	D:
634	2781	-	1	1.319332	I:	D:
2797	4272	-	1	1.326837	I:	D:
4286	5803	-	2	1.316411	I:	D:
5816	7324	-	2	1.324475	I:	D:
7324	7701	-	1	1.296017	I:	D:
7703	8674	-	2	1.314218	I:	D:
8643	8987	-	3	1.306697	I:	D:
8984	9376	-	2	1.295783	I:	D:
9363	9695	-	3	1.282929	I:	D:
9700	10173	-	1	1.308079	I:	D:
10546	11796	-	1	1.357237	I:	D:
11857	13191	-	1	1.313854	I:	D:
13296	13877	-	3	1.319981	I:	D:
14289	15662	-	3	1.323480	I:	D:
15649	16854	-	1	1.324131	I:	D:
16867	17349	-	1	1.340229	I:	D:
17420	17989	-	2	1.332912	I:	D:
18103	19065	-	1	1.338741	I:	D:
19340	19702	-	2	1.295462	I:	D:
19717	20817	-	1	1.331485	I:	D:
20538	20996	+	3	1.383418	I:	D:
21001	21741	-	1	1.320554	I:	D:
21738	22388	-	3	1.333782	I:	D:
22536	24323	-	3	1.341413	I:	D:
24409	25329	-	1	1.315596	I:	D:
>Y8.M074_32
107	859	+	2	1.323143	I:	D:
997	2178	-	1	1.315314	I:	D:
2300	3064	-	2	1.340097	I:	D:
3058	4098	-	1	1.345698	I:	D:
4454	5584	-	2	1.306594	I:	D:
5646	7430	-	3	1.306179	I:	D:
7546	8580	-	1	1.331796	I:	D:
8611	10089	-	1	1.317492	I:	D:
10148	11548	-	2	1.318209	I:	D:
11591	12550	-	2	1.340191	I:	D:
12557	14371	-	2	1.326625	I:	D:
14374	15507	-	1	1.323617	I:	D:
15658	17226	-	1	1.335310	I:	D:
17239	19866	-	1	1.322252	I:	D:
19841	22087	-	2	1.327581	I:	D:
22084	24264	-	1	1.320910	I:	D:
24306	24431	-	3	1.379431	I:	D:
>Y8.M074_33
2	154	-	2	1.388532	I:	D:
225	2687	+	3	1.327321	I:	D:
2691	4286	+	3	1.325448	I:	D:
4305	5348	+	3	1.325603	I:	D:
5437	6813	+	1	1.310487	I:	D:
6872	7498	+	2	1.317321	I:	D:
7503	11054	+	3	1.309139	I:	D:
11142	11270	+	3	1.332110	I:	D:
11289	12965	+	3	1.306670	I:	D:
13490	14605	+	2	1.327055	I:	D:
14602	16098	+	1	1.307635	I:	D:
16845	18866	+	3	1.336131	I:	D:
>Y8.M074_34
38	469	-	2	1.342561	I:	D:
598	1617	-	1	1.306211	I:	D:
1973	4549	-	2	1.310361	I:	D:
4763	5293	-	2	1.327233	I:	D:
5438	6214	-	2	1.325238	I:	D:
6626	7300	-	2	1.333258	I:	D:
7316	9607	-	2	1.343270	I:	D:
9752	10300	+	2	1.353681	I:	D:
10443	11222	-	3	1.318866	I:	D:
11372	13078	-	2	1.311042	I:	D:
13075	13236	-	1	1.326731	I:	D:
13567	14934	-	1	1.324641	I:	D:
14931	17342	-	3	1.324892	I:	D:
17355	17945	-	3	1.330140	I:	D:
>Y8.M074_35
309	983	+	3	1.320293	I:	D:
1020	1172	+	3	1.285193	I:	D:
1172	1663	+	2	1.319147	I:	D:
1683	1934	-	3	1.316820	I:	D:
1865	2206	+	2	1.360560	I:	D:
2222	4336	+	2	1.320370	I:	D:
4466	5011	+	2	1.316849	I:	D:
5051	6076	+	2	1.307578	I:	D:
6070	6696	+	1	1.311730	I:	D:
6743	8017	+	2	1.303344	I:	D:
8045	9169	+	2	1.325433	I:	D:
9473	9871	+	2	1.346655	I:	D:
9893	12346	+	2	1.315043	I:	D:
12412	12609	+	1	1.352538	I:	D:
12628	13047	+	1	1.311223	I:	D:
13048	14409	+	1	1.334225	I:	D:
14892	15431	+	3	1.353915	I:	D:
15452	15985	+	2	1.340659	I:	D:
16105	17061	+	1	1.322524	I:	D:
>Y8.M074_36
175	1146	-	1	1.363716	I:	D:
1359	2189	+	3	1.343902	I:	D:
2254	3087	+	1	1.317927	I:	D:
3139	4704	+	1	1.335734	I:	D:
4766	5488	+	2	1.331403	I:	D:
5482	6138	+	1	1.330528	I:	D:
6183	8180	+	3	1.338963	I:	D:
8228	8836	+	2	1.312157	I:	D:
8849	9682	+	2	1.339478	I:	D:
9791	10801	+	2	1.314194	I:	D:
10884	11417	+	3	1.311095	I:	D:
11497	12693	+	1	1.316305	I:	D:
12708	13367	+	3	1.321198	I:	D:
13380	14672	+	3	1.302327	I:	D:
14690	14824	-	2	1.375103	I:	D:
>Y8.M074_37
265	474	-	1	1.368405	I:	D:
520	1257	+	1	1.329418	I:	D:
1266	1394	+	3	1.390373	I:	D:
1489	3924	-	1	1.322621	I:	D:
4201	5496	-	1	1.345554	I:	D:
5514	7004	-	3	1.334478	I:	D:
7194	7814	+	3	1.319063	I:	D:
7827	8945	+	3	1.332021	I:	D:
8999	9130	+	2	1.308601	I:	D:
9127	10221	+	1	1.325164	I:	D:
10239	11261	+	3	1.317888	I:	D:
11287	12204	-	1	1.337714	I:	D:
12486	14183	+	3	1.320242	I:	D:
>Y8.M074_38
193	1743	+	1	1.318134	I:	D:
1851	2015	-	3	1.351812	I:	D:
2328	2570	+	3	1.312624	I:	D:
2567	4573	+	2	1.316414	I:	D:
4639	4854	+	1	1.372351	I:	D:
5110	5574	+	1	1.334481	I:	D:
5701	6156	+	1	1.294767	I:	D:
6144	7067	+	3	1.298076	I:	D:
7106	8116	+	2	1.309721	I:	D:
8097	8363	+	3	1.318218	I:	D:
8554	9618	+	1	1.325804	I:	D:
9908	10243	+	2	1.299070	I:	D:
10247	11200	+	2	1.329247	I:	D:
11327	11809	+	2	1.307326	I:	D:
11833	13383	+	1	1.309653	I:	D:
>Y8.M074_39
2	1096	+	2	1.324293	I:	D:
1077	1637	+	3	1.344513	I:	D:
1835	3025	+	2	1.345504	I:	D:
3268	5217	-	1	1.349876	I:	D:
5487	6434	+	3	1.304778	I:	D:
6602	7849	+	2	1.318716	I:	D:
7913	8797	+	2	1.335579	I:	D:
8797	9639	+	1	1.333960	I:	D:
9820	11385	+	1	1.339557	I:	D:
11569	12933	+	1	1.347992	I:	D:
13005	13940	+	3	1.328047	I:	D:
14117	15514	+	2	1.329955	I:	D:
15661	15978	+	1	1.317999	I:	D:
16054	16653	-	1	1.298365	I:	D:
16801	17118	+	1	1.340924	I:	D:
17133	19364	+	3	1.329655	I:	D:
19365	19523	+	3	1.324274	I:	D:
19520	19867	+	2	1.253254	I:	D:
20095	21720	+	1	1.348340	I:	D:
21854	23170	+	2	1.338488	I:	D:
23233	23391	-	1	1.365628	I:	D:
23658	24815	+	3	1.334399	I:	D:
25058	26077	+	2	1.312473	I:	D:
26079	28643	+	3	1.325212	I:	D:
28773	30455	+	3	1.323507	I:	D:
30498	31142	+	3	1.305104	I:	D:
31167	32264	+	3	1.319959	I:	D:
32293	33039	+	1	1.295766	I:	D:
33046	34809	+	1	1.312523	I:	D:
34812	36401	+	3	1.298909	I:	D:
36633	37907	+	3	1.314431	I:	D:
37910	38791	+	2	1.326036	I:	D:
38805	39656	+	3	1.321116	I:	D:
39661	40743	+	1	1.328740	I:	D:
40750	40884	-	1	1.328359	I:	D:
>Y8.M074_40
3	653	+	3	1.333014	I:	D:
777	1877	-	3	1.308305	I:	D:
2009	2890	-	2	1.351215	I:	D:
3040	3237	+	1	1.321045	I:	D:
3412	4365	+	1	1.322501	I:	D:
4569	5870	-	3	1.349474	I:	D:
>Y8.M074_41
199	825	+	1	1.332164	I:	D:
835	1404	+	1	1.332939	I:	D:
1443	1838	+	3	1.344753	I:	D:
1857	3458	+	3	1.318088	I:	D:
3503	4129	+	2	1.370078	I:	D:
4235	6373	-	2	1.328750	I:	D:
6393	7250	-	3	1.332315	I:	D:
7262	8149	-	2	1.317105	I:	D:
8214	8501	-	3	1.357023	I:	D:
8537	9826	-	2	1.316845	I:	D:
10152	11120	+	3	1.327995	I:	D:
11133	14720	+	3	1.335163	I:	D:
14747	14884	+	2	1.354546	I:	D:
14899	17376	-	1	1.321587	I:	D:
17775	17963	+	3	1.343980	I:	D:
18194	19588	+	2	1.330579	I:	D:
19705	20433	+	1	1.335108	I:	D:
20456	21235	-	2	1.324524	I:	D:
21232	22233	-	1	1.345487	I:	D:
22220	23398	-	2	1.313012	I:	D:
23444	24463	-	2	1.353554	I:	D:
24444	25346	-	3	1.343401	I:	D:
25433	25564	+	2	1.381982	I:	D:
25716	26642	-	3	1.328083	I:	D:
26820	28007	-	3	1.318870	I:	D:
28044	29390	-	3	1.325029	I:	D:
29392	30360	-	1	1.336473	I:	D:
30353	31135	-	2	1.328416	I:	D:
31146	31973	-	3	1.321706	I:	D:
31978	32916	-	1	1.333019	I:	D:
33131	34681	-	2	1.315671	I:	D:
34733	35134	+	2	1.372146	I:	D:
35291	35437	-	2	1.332201	I:	D:
35442	36944	-	3	1.332325	I:	D:
36972	37265	+	3	1.381720	I:	D:
37373	38962	-	2	1.324226	I:	D:
39235	40785	-	1	1.332843	I:	D:
40791	42245	-	3	1.328517	I:	D:
42230	43198	-	2	1.330903	I:	D:
43337	43501	-	2	1.303020	I:	D:
43828	44733	-	1	1.329336	I:	D:
44774	46528	-	2	1.329882	I:	D:
46795	49062	-	1	1.311724	I:	D:
49215	50321	-	3	1.337813	I:	D:
50419	51384	-	1	1.325473	I:	D:
51398	52894	-	2	1.312290	I:	D:
52907	53845	-	2	1.331204	I:	D:
53937	55079	-	3	1.329160	I:	D:
55300	56916	-	1	1.321019	I:	D:
56913	58715	-	3	1.333675	I:	D:
58741	59586	-	1	1.316351	I:	D:
59682	60815	-	3	1.328974	I:	D:
61165	61917	-	1	1.335995	I:	D:
61924	62736	-	1	1.321589	I:	D:
62914	63768	-	1	1.318651	I:	D:
63941	64897	-	2	1.328147	I:	D:
64945	65337	-	1	1.313985	I:	D:
65629	66126	+	1	1.318607	I:	D:
66157	66357	-	1	1.362150	I:	D:
66405	68096	+	3	1.314601	I:	D:
68294	69055	+	2	1.331632	I:	D:
69074	70744	+	2	1.318777	I:	D:
70872	71627	-	3	1.340032	I:	D:
71911	72138	+	1	1.312426	I:	D:
72143	73747	+	2	1.307539	I:	D:
73734	74855	+	3	1.322586	I:	D:
74872	78288	+	1	1.317553	I:	D:
78301	78888	+	1	1.314906	I:	D:
>Y8.M074_42
147	791	+	3	1.346000	I:	D:
911	2299	+	2	1.317939	I:	D:
2330	3106	+	2	1.336100	I:	D:
3267	4121	-	3	1.322469	I:	D:
4111	4680	-	1	1.327864	I:	D:
5041	6801	+	1	1.326523	I:	D:
6858	9809	-	3	1.324891	I:	D:
9815	11665	-	2	1.322559	I:	D:
11846	12238	-	2	1.313006	I:	D:
12478	13905	-	1	1.328943	I:	D:
13955	14905	-	2	1.330700	I:	D:
15131	16030	-	2	1.331514	I:	D:
16011	17075	-	3	1.322398	I:	D:
17072	17581	-	2	1.301415	I:	D:
17689	19071	-	1	1.330612	I:	D:
19223	20803	+	2	1.302077	I:	D:
20986	21186	+	1	1.308895	I:	D:
21325	21465	-	1	1.331490	I:	D:
21542	22858	+	2	1.350345	I:	D:
22898	23050	-	2	1.354496	I:	D:
23052	23615	-	3	1.337965	I:	D:
23962	26454	-	1	1.316431	I:	D:
26610	26831	-	3	1.335597	I:	D:
26892	27104	-	3	1.292055	I:	D:
27353	27775	-	2	1.314246	I:	D:
27919	28515	-	1	1.327701	I:	D:
28575	28889	+	3	1.356129	I:	D:
28910	29155	+	2	1.398403	I:	D:
29201	29329	+	2	1.365798	I:	D:
29428	30699	-	1	1.315415	I:	D:
30717	31862	-	3	1.337775	I:	D:
32140	32625	+	1	1.321008	I:	D:
32689	33087	-	1	1.311971	I:	D:
33257	35209	-	2	1.308031	I:	D:
35483	35725	-	2	1.287679	I:	D:
35968	36897	+	1	1.315546	I:	D:
36977	37636	+	2	1.324671	I:	D:
37633	38442	+	1	1.327211	I:	D:
38555	39316	+	2	1.316863	I:	D:
39596	39853	-	2	1.342604	I:	D:
40177	40428	-	1	1.330612	I:	D:
>Y8.M074_43
106	528	+	1	1.336417	I:	D:
729	1079	-	3	1.326803	I:	D:
1528	3021	-	1	1.338386	I:	D:
3182	4207	-	2	1.324808	I:	D:
4237	4503	-	1	1.353156	I:	D:
4584	5423	-	3	1.330645	I:	D:
5425	6285	-	1	1.322938	I:	D:
6308	6469	+	2	1.348232	I:	D:
6474	7793	-	3	1.320185	I:	D:
7795	7998	-	1	1.362572	I:	D:
8157	9197	-	3	1.329771	I:	D:
9222	10715	-	3	1.341642	I:	D:
10865	12151	-	2	1.336164	I:	D:
12314	12973	+	2	1.332363	I:	D:
13082	14002	+	2	1.328781	I:	D:
14241	15335	-	3	1.344121	I:	D:
15603	17867	-	3	1.312186	I:	D:
17920	18942	-	1	1.332939	I:	D:
19180	20730	-	1	1.329882	I:	D:
21018	21878	-	3	1.334424	I:	D:
21878	22759	-	2	1.344362	I:	D:
22894	24159	-	1	1.311433	I:	D:
24320	24478	-	2	1.323680	I:	D:
24484	24657	-	1	1.310660	I:	D:
24868	26160	+	1	1.328332	I:	D:
26473	28971	-	1	1.323377	I:	D:
>Y8.M074_44
112	1839	-	1	1.329365	I:	D:
1836	2498	-	3	1.353033	I:	D:
2747	4957	-	2	1.334226	I:	D:
4944	5927	-	3	1.319708	I:	D:
6189	8039	-	3	1.336753	I:	D:
8176	9114	-	1	1.343702	I:	D:
9136	9456	-	1	1.322152	I:	D:
9858	10946	+	3	1.329672	I:	D:
11007	11417	+	3	1.321826	I:	D:
11433	13388	+	3	1.349241	I:	D:
13605	14855	+	3	1.323184	I:	D:
>Y8.M074_45
201	893	-	3	1.317396	I:	D:
1070	1762	-	2	1.327392	I:	D:
1759	4041	-	1	1.295047	I:	D:
4278	6014	-	3	1.316843	I:	D:
6011	7048	-	2	1.312666	I:	D:
7221	8099	-	3	1.336590	I:	D:
8099	8959	-	2	1.349701	I:	D:
8974	9927	-	1	1.349428	I:	D:
9994	10905	-	1	1.348330	I:	D:
10938	11141	+	3	1.349388	I:	D:
11189	12916	-	2	1.307999	I:	D:
13050	13802	-	3	1.346363	I:	D:
13799	14956	-	2	1.317843	I:	D:
15021	25559	-	3	1.332497	I:	D:
25559	26506	-	2	1.334000	I:	D:
26607	27935	-	3	1.324666	I:	D:
27968	28810	-	2	1.291906	I:	D:
>Y8.M074_46
311	1258	-	2	1.322744	I:	D:
1248	2399	-	3	1.335878	I:	D:
2601	5105	+	3	1.329491	I:	D:
5115	7139	-	3	1.330491	I:	D:
7327	8292	+	1	1.329311	I:	D:
8292	9149	+	3	1.325365	I:	D:
9176	10159	+	2	1.332943	I:	D:
10159	11121	+	1	1.328621	I:	D:
11151	12659	+	3	1.325012	I:	D:
12715	15657	+	1	1.336990	I:	D:
15753	17108	+	3	1.331197	I:	D:
17161	19152	+	1	1.335323	I:	D:
19325	20677	+	2	1.327762	I:	D:
20733	21716	+	3	1.340124	I:	D:
22142	23665	+	2	1.302690	I:	D:
23675	25861	+	2	1.335709	I:	D:
25891	26895	+	1	1.333085	I:	D:
26892	27941	+	3	1.341617	I:	D:
>Y8.M074_47
391	612	-	1	1.324166	I:	D:
861	1574	-	3	1.333451	I:	D:
1567	3534	-	1	1.328808	I:	D:
3573	3860	-	3	1.284744	I:	D:
3900	4547	-	3	1.315375	I:	D:
4567	5904	-	1	1.342129	I:	D:
5927	6055	+	2	1.325931	I:	D:
6124	6318	+	1	1.359556	I:	D:
6479	6712	-	2	1.349814	I:	D:
6739	7623	-	1	1.321169	I:	D:
7651	8457	-	1	1.345571	I:	D:
8442	9233	-	3	1.340357	I:	D:
9230	10543	-	2	1.334501	I:	D:
10545	12044	-	3	1.342256	I:	D:
12046	12717	-	1	1.337704	I:	D:
12680	13639	-	2	1.341753	I:	D:
13632	14480	-	3	1.340967	I:	D:
14470	15459	-	1	1.344271	I:	D:
15599	17359	-	2	1.323215	I:	D:
17371	17634	+	1	1.379082	I:	D:
17671	17820	+	1	1.347257	I:	D:
17934	19034	-	3	1.324837	I:	D:
19035	20117	-	3	1.330401	I:	D:
20180	21433	-	2	1.312021	I:	D:
21457	22419	-	1	1.317261	I:	D:
22521	23738	-	3	1.303020	I:	D:
24031	24366	-	1	1.374589	I:	D:
24376	25563	-	1	1.347993	I:	D:
25560	26399	-	3	1.334587	I:	D:
>Y8.M074_48
1	156	+	1	1.306030	I:	D:
339	3572	-	3	1.336090	I:	D:
3701	4990	-	2	1.328399	I:	D:
5084	6805	-	2	1.341941	I:	D:
7161	9479	-	3	1.319480	I:	D:
9488	10186	-	2	1.318241	I:	D:
10347	10685	+	3	1.353998	I:	D:
10676	12049	+	2	1.333934	I:	D:
12046	12360	+	1	1.353042	I:	D:
12494	13663	-	2	1.341453	I:	D:
13665	13823	-	3	1.319828	I:	D:
13907	14107	-	2	1.317704	I:	D:
14114	14350	-	2	1.279964	I:	D:
14475	14807	-	3	1.325708	I:	D:
14808	14981	+	3	1.377386	I:	D:
15156	15371	+	3	1.322690	I:	D:
15593	15754	+	2	1.419872	I:	D:
15784	16182	-	1	1.300314	I:	D:
16391	16759	-	2	1.353657	I:	D:
16759	20706	-	1	1.326600	I:	D:
20806	21000	-	1	1.321093	I:	D:
21009	21413	-	3	1.316055	I:	D:
21429	21668	-	3	1.323085	I:	D:
21815	21988	-	2	1.329725	I:	D:
22281	24707	-	3	1.351144	I:	D:
24720	24920	-	3	1.341440	I:	D:
24917	25117	-	2	1.341430	I:	D:
25250	25858	+	2	1.323036	I:	D:
25848	26024	+	3	1.309524	I:	D:
26043	26462	+	3	1.346988	I:	D:
26503	26943	-	1	1.351987	I:	D:
27045	27224	-	3	1.300297	I:	D:
27348	28610	-	3	1.335537	I:	D:
28825	30540	-	1	1.328264	I:	D:
30650	31660	-	2	1.349305	I:	D:
31730	31885	+	2	1.358098	I:	D:
>Y8.M074_49
3	1124	-	3	1.330552	I:	D:
1121	2203	-	2	1.339721	I:	D:
>Y8.M074_50
2	256	-	2	1.339791	I:	D:
313	678	-	1	1.312165	I:	D:
960	2561	+	3	1.345753	I:	D:
2593	3402	-	1	1.319393	I:	D:
3447	3878	-	3	1.351462	I:	D:
4201	5772	+	1	1.328245	I:	D:
5830	7905	+	1	1.338804	I:	D:
7916	8377	+	2	1.328032	I:	D:
8481	8795	+	3	1.377956	I:	D:
9170	10414	+	2	1.315595	I:	D:
10537	11886	+	1	1.328704	I:	D:
11899	12777	+	1	1.332969	I:	D:
12848	14638	+	2	1.332123	I:	D:
15160	15354	-	1	1.324154	I:	D:
>Y8.M074_51
116	352	-	2	1.323374	I:	D:
690	2018	+	3	1.343892	I:	D:
1984	2613	+	1	1.346588	I:	D:
2723	3235	+	2	1.357817	I:	D:
3376	4503	+	1	1.355773	I:	D:
4528	5568	+	1	1.348493	I:	D:
5676	6482	+	3	1.315509	I:	D:
6633	8324	+	3	1.333949	I:	D:
8670	8906	+	3	1.321315	I:	D:
8990	10252	-	2	1.329041	I:	D:
10526	11821	+	2	1.311247	I:	D:
12126	12896	+	3	1.298524	I:	D:
12934	14163	+	1	1.325375	I:	D:
14174	16612	+	2	1.329637	I:	D:
16659	17645	+	3	1.327603	I:	D:
17645	18928	+	2	1.318927	I:	D:
18988	19437	+	1	1.321573	I:	D:
19543	20316	+	1	1.329420	I:	D:
20440	20868	+	1	1.317524	I:	D:
20865	21587	+	3	1.329646	I:	D:
21676	22122	+	1	1.334831	I:	D:
22131	23096	+	3	1.322289	I:	D:
23297	24442	+	2	1.318222	I:	D:
24424	25965	+	1	1.310724	I:	D:
26229	26873	+	3	1.318995	I:	D:
26870	29023	+	2	1.334998	I:	D:
29197	29889	+	1	1.320904	I:	D:
29893	30660	+	1	1.326601	I:	D:
30832	31977	+	1	1.332014	I:	D:
31967	32701	+	2	1.317106	I:	D:
32755	34863	+	1	1.333123	I:	D:
35059	36480	+	1	1.325265	I:	D:
36580	37647	+	1	1.313179	I:	D:
38080	39774	+	1	1.339612	I:	D:
39893	40669	+	2	1.340355	I:	D:
40680	40886	-	3	1.320687	I:	D:
40662	41465	+	3	1.330480	I:	D:
41952	42320	+	3	1.328903	I:	D:
42399	45230	+	3	1.327864	I:	D:
45632	46297	+	2	1.321539	I:	D:
46528	47178	+	1	1.336015	I:	D:
47300	48814	+	2	1.313794	I:	D:
49071	50156	+	3	1.324733	I:	D:
50503	52599	+	1	1.323359	I:	D:
52601	53266	+	2	1.330687	I:	D:
53298	55220	+	3	1.322668	I:	D:
55262	57496	+	2	1.317356	I:	D:
57493	58626	+	1	1.328825	I:	D:
58623	62366	+	3	1.318149	I:	D:
62667	63134	+	3	1.302813	I:	D:
63168	64367	+	3	1.302690	I:	D:
64371	64652	+	3	1.350492	I:	D:
64639	65004	+	1	1.328958	I:	D:
65045	67750	+	2	1.330127	I:	D:
67773	68168	+	3	1.331832	I:	D:
68140	69123	+	1	1.314437	I:	D:
69116	70084	+	2	1.334845	I:	D:
70105	71019	+	1	1.324942	I:	D:
71136	71402	+	3	1.328808	I:	D:
71691	73775	+	3	1.316273	I:	D:
74037	75992	+	3	1.309018	I:	D:
76133	77479	+	2	1.334108	I:	D:
77776	79056	-	1	1.332370	I:	D:
>Y8.M074_52
2	241	+	2	1.300577	I:	D:
318	2816	+	3	1.328438	I:	D:
3457	3642	+	1	1.371493	I:	D:
3750	4793	+	3	1.329678	I:	D:
>Y8.M074_53
2	541	+	2	1.319423	I:	D:
695	2251	+	2	1.304118	I:	D:
2244	3314	+	3	1.318483	I:	D:
3315	4235	+	3	1.316508	I:	D:
4356	5303	+	3	1.313784	I:	D:
5504	6400	-	2	1.326549	I:	D:
6579	8213	+	3	1.332479	I:	D:
8197	9033	+	1	1.329986	I:	D:
9195	9422	+	3	1.380536	I:	D:
9454	10473	+	1	1.307622	I:	D:
10487	12904	+	2	1.312354	I:	D:
12926	13576	+	2	1.323293	I:	D:
13563	14621	+	3	1.323485	I:	D:
14630	15118	+	2	1.330031	I:	D:
15158	15592	+	2	1.312093	I:	D:
15731	16663	-	2	1.306096	I:	D:
16820	16981	+	2	1.361265	I:	D:
16921	17886	+	1	1.350060	I:	D:
17959	18489	+	1	1.330020	I:	D:
18615	18809	+	3	1.311231	I:	D:
18881	19258	+	2	1.317999	I:	D:
19284	20462	+	3	1.330137	I:	D:
20468	21052	+	2	1.336610	I:	D:
21049	21606	+	1	1.319106	I:	D:
21628	22272	+	1	1.310722	I:	D:
22511	23536	+	2	1.327431	I:	D:
23642	24433	+	2	1.326460	I:	D:
24529	25245	+	1	1.321420	I:	D:
25320	26735	+	3	1.326213	I:	D:
26930	27784	+	2	1.321861	I:	D:
27784	28632	+	1	1.335302	I:	D:
28645	29634	+	1	1.314948	I:	D:
29638	30612	+	1	1.317200	I:	D:
30749	32302	+	2	1.303674	I:	D:
32484	33500	+	3	1.309609	I:	D:
33970	34140	+	1	1.327917	I:	D:
34386	34802	+	3	1.351742	I:	D:
34998	35576	-	3	1.280589	I:	D:
35747	37360	+	2	1.318112	I:	D:
37421	38818	+	2	1.331881	I:	D:
38919	40199	-	3	1.321482	I:	D:
40196	41047	-	2	1.316601	I:	D:
41096	41296	+	2	1.385341	I:	D:
41420	43009	+	2	1.319761	I:	D:
43142	43393	+	2	1.367640	I:	D:
43384	43890	+	1	1.383871	I:	D:
43893	44516	+	3	1.319543	I:	D:
44951	46174	+	2	1.322279	I:	D:
46197	47717	+	3	1.319437	I:	D:
47714	49558	+	2	1.315563	I:	D:
49710	50060	-	3	1.296827	I:	D:
50203	50994	+	1	1.328553	I:	D:
51087	53069	+	3	1.340089	I:	D:
53011	53598	+	1	1.332807	I:	D:
53767	54246	-	1	1.319055	I:	D:
54341	55267	-	2	1.346927	I:	D:
55565	56653	+	2	1.329429	I:	D:
56796	57899	-	3	1.334452	I:	D:
58176	59024	+	3	1.334608	I:	D:
59048	61084	+	2	1.325005	I:	D:
61241	62509	+	2	1.308919	I:	D:
62519	62791	+	2	1.379198	I:	D:
63030	63479	+	3	1.378624	I:	D:
63670	64503	+	1	1.334433	I:	D:
64604	66145	+	2	1.316880	I:	D:
66210	66563	+	3	1.326510	I:	D:
66600	67292	+	3	1.307903	I:	D:
67403	69322	-	2	1.315024	I:	D:
69491	71545	+	2	1.318711	I:	D:
71863	72501	+	1	1.311161	I:	D:
72558	74150	+	3	1.334216	I:	D:
74168	75295	+	2	1.316726	I:	D:
75625	75999	+	1	1.318918	I:	D:
76127	77416	+	2	1.318024	I:	D:
77416	78144	+	1	1.296794	I:	D:
78147	78917	+	3	1.329300	I:	D:
78924	79061	+	3	1.353372	I:	D:
79118	79837	+	2	1.324177	I:	D:
79912	80787	+	1	1.321413	I:	D:
80940	84410	+	3	1.324404	I:	D:
84612	85505	+	3	1.317991	I:	D:
85505	86896	+	2	1.322694	I:	D:
87083	87562	+	2	1.310689	I:	D:
87671	88639	+	2	1.344680	I:	D:
88756	89034	+	1	1.339498	I:	D:
89056	90321	+	1	1.341024	I:	D:
90308	91327	+	2	1.309125	I:	D:
91339	91839	+	1	1.317121	I:	D:
91862	92959	+	2	1.316053	I:	D:
92976	94637	+	3	1.325057	I:	D:
94639	95571	+	1	1.313741	I:	D:
95695	95934	+	1	1.302443	I:	D:
95906	97723	+	2	1.310475	I:	D:
97782	99299	+	3	1.322405	I:	D:
99424	100662	+	1	1.319281	I:	D:
100681	101226	+	1	1.306551	I:	D:
101453	103243	-	2	1.312788	I:	D:
103199	103393	+	2	1.338311	I:	D:
103525	104172	+	1	1.320571	I:	D:
104654	106123	+	2	1.343920	I:	D:
106129	106983	+	1	1.328160	I:	D:
106987	107844	+	1	1.341959	I:	D:
107872	109281	+	1	1.330548	I:	D:
109281	110516	+	3	1.338692	I:	D:
110731	113487	+	1	1.316243	I:	D:
113500	115638	+	1	1.316656	I:	D:
115651	116637	+	1	1.312199	I:	D:
116824	118107	+	1	1.316142	I:	D:
118101	119324	+	3	1.348117	I:	D:
119440	120261	+	1	1.310419	I:	D:
120248	120898	+	2	1.308430	I:	D:
120895	121713	+	1	1.312413	I:	D:
121821	122669	-	3	1.307518	I:	D:
122671	122832	-	1	1.328600	I:	D:
122889	124622	+	3	1.342685	I:	D:
124700	125452	+	2	1.331282	I:	D:
125458	126477	+	1	1.332697	I:	D:
126491	127468	+	2	1.316357	I:	D:
127510	128031	+	1	1.319010	I:	D:
128099	130939	+	2	1.318069	I:	D:
131068	131748	+	1	1.322341	I:	D:
131779	132579	+	1	1.319040	I:	D:
132641	132898	+	2	1.327044	I:	D:
132873	133973	+	3	1.318264	I:	D:
134013	134408	+	3	1.297914	I:	D:
134383	135495	+	1	1.322746	I:	D:
135580	136062	+	1	1.313687	I:	D:
136150	136365	-	1	1.329743	I:	D:
136465	137868	+	1	1.321064	I:	D:
137920	138615	+	1	1.311848	I:	D:
138637	139227	+	1	1.306832	I:	D:
139247	140038	+	2	1.331599	I:	D:
140053	141159	+	1	1.300526	I:	D:
141162	141689	+	3	1.303535	I:	D:
141764	142840	+	2	1.328071	I:	D:
142921	143364	+	1	1.383051	I:	D:
143855	144304	+	2	1.341366	I:	D:
144309	144908	+	3	1.357136	I:	D:
145012	146562	-	1	1.312960	I:	D:
146802	149279	+	3	1.327823	I:	D:
149631	151886	+	3	1.322315	I:	D:
152036	152803	+	2	1.338993	I:	D:
153039	155597	+	3	1.331140	I:	D:
155690	156925	+	2	1.324266	I:	D:
157300	158595	+	1	1.311087	I:	D:
159057	160121	+	3	1.310295	I:	D:
160239	160796	-	3	1.342259	I:	D:
160847	161629	-	2	1.346947	I:	D:
161677	162315	-	1	1.335133	I:	D:
162548	162856	+	2	1.316299	I:	D:
162911	163081	+	2	1.318146	I:	D:
163184	164041	-	2	1.323659	I:	D:
164046	164300	-	3	1.290912	I:	D:
164525	164713	-	2	1.351332	I:	D:
164719	166539	-	1	1.317088	I:	D:
166751	167368	+	2	1.319485	I:	D:
167583	168386	-	3	1.301450	I:	D:
168694	169050	-	1	1.290089	I:	D:
169053	169646	-	3	1.305375	I:	D:
169646	170281	-	2	1.321363	I:	D:
170366	170683	-	2	1.304789	I:	D:
170696	171988	-	2	1.311369	I:	D:
172102	172389	-	1	1.352026	I:	D:
172392	172718	-	3	1.300443	I:	D:
172725	173030	-	3	1.302938	I:	D:
173414	174676	-	2	1.306850	I:	D:
174660	175379	-	3	1.307577	I:	D:
175464	177335	-	3	1.321641	I:	D:
177594	179180	-	3	1.337987	I:	D:
>Y8.M074_54
494	1222	-	2	1.320283	I:	D:
1224	2267	-	3	1.323047	I:	D:
2342	3256	-	2	1.328730	I:	D:
3313	3531	-	1	1.352501	I:	D:
3700	4152	-	1	1.330791	I:	D:
4232	4960	-	2	1.321702	I:	D:
5070	5507	-	3	1.313955	I:	D:
5545	6045	-	1	1.345953	I:	D:
6042	6683	-	3	1.318847	I:	D:
6720	7037	-	3	1.389207	I:	D:
7161	7922	+	3	1.313845	I:	D:
8025	8459	-	3	1.329290	I:	D:
8505	8660	-	3	1.333502	I:	D:
8700	10010	-	3	1.328442	I:	D:
10202	11116	-	2	1.329828	I:	D:
11110	11280	+	1	1.340138	I:	D:
>Y8.M074_55
179	421	+	2	1.349477	I:	D:
422	820	+	2	1.324188	I:	D:
813	1847	+	3	1.343797	I:	D:
1979	2455	+	2	1.327732	I:	D:
2675	3550	+	2	1.331531	I:	D:
4156	5370	-	1	1.313123	I:	D:
5673	6206	+	3	1.311021	I:	D:
6334	6999	+	1	1.323791	I:	D:
7471	8010	-	1	1.328525	I:	D:
8575	9864	+	1	1.323132	I:	D:
9931	10071	+	1	1.334420	I:	D:
10150	11079	+	1	1.312885	I:	D:
11478	13214	+	3	1.331168	I:	D:
13219	14004	+	1	1.316008	I:	D:
14145	15245	-	3	1.325161	I:	D:
15472	16308	-	1	1.338285	I:	D:
16305	17162	-	3	1.328919	I:	D:
17241	18563	-	3	1.325879	I:	D:
18641	20194	-	2	1.321865	I:	D:
20163	21896	-	3	1.318063	I:	D:
21902	22729	-	2	1.344190	I:	D:
22794	23861	-	3	1.331123	I:	D:
23945	24433	-	2	1.350880	I:	D:
24458	24598	+	2	1.318350	I:	D:
24697	26004	+	1	1.309494	I:	D:
26092	27000	+	1	1.337046	I:	D:
26997	27827	+	3	1.335932	I:	D:
27840	29327	+	3	1.348266	I:	D:
29324	31327	+	2	1.348801	I:	D:
31429	33237	+	1	1.325167	I:	D:
33287	34732	+	2	1.320078	I:	D:
34743	35270	-	3	1.359844	I:	D:
35480	35980	-	2	1.325428	I:	D:
36056	36403	-	2	1.353351	I:	D:
36416	37456	-	2	1.323669	I:	D:
37648	38595	-	1	1.327645	I:	D:
38934	40190	+	3	1.322359	I:	D:
40406	41308	+	2	1.325572	I:	D:
41305	42135	+	1	1.314126	I:	D:
42301	43809	+	1	1.330736	I:	D:
44092	45135	+	1	1.344381	I:	D:
45630	46589	+	3	1.347490	I:	D:
46702	47484	-	1	1.313126	I:	D:
47477	47695	-	2	1.373513	I:	D:
47760	50903	+	3	1.333441	I:	D:
50982	53462	+	3	1.317049	I:	D:
53563	53967	-	1	1.379204	I:	D:
53973	55004	+	3	1.315943	I:	D:
55161	55331	+	3	1.337621	I:	D:
55394	55819	-	2	1.314493	I:	D:
55883	56812	+	2	1.359746	I:	D:
56824	58071	+	1	1.338459	I:	D:
58128	59627	+	3	1.337374	I:	D:
59829	60371	-	3	1.320268	I:	D:
60665	61126	+	2	1.354140	I:	D:
61161	61460	-	3	1.392697	I:	D:
61511	62428	+	2	1.326204	I:	D:
62549	62737	-	2	1.377009	I:	D:
62926	64887	+	1	1.326270	I:	D:
65058	66722	+	3	1.346266	I:	D:
66768	68018	+	3	1.314317	I:	D:
68024	68725	-	2	1.326645	I:	D:
68722	69933	-	1	1.331703	I:	D:
70244	70411	+	2	1.291356	I:	D:
70507	71385	+	1	1.332506	I:	D:
71475	71699	+	3	1.315602	I:	D:
71739	72197	+	3	1.353444	I:	D:
72306	73592	+	3	1.330874	I:	D:
73740	75617	+	3	1.328142	I:	D:
75904	76122	+	1	1.361598	I:	D:
76268	76522	+	2	1.334280	I:	D:
76603	77280	+	1	1.328069	I:	D:
>Y8.M074_56
3	1136	-	3	1.334718	I:	D:
1340	3457	-	2	1.323967	I:	D:
3476	4039	-	2	1.319529	I:	D:
4143	4565	-	3	1.385391	I:	D:
4988	5986	+	2	1.333729	I:	D:
6123	9911	-	3	1.327226	I:	D:
9933	13889	-	3	1.330065	I:	D:
14088	14465	-	3	1.288129	I:	D:
14580	15080	-	3	1.318323	I:	D:
15428	15580	+	2	1.373790	I:	D:
15588	16280	-	3	1.320436	I:	D:
16336	16761	-	1	1.314208	I:	D:
16869	17408	-	3	1.315810	I:	D:
17412	17630	-	3	1.285703	I:	D:
17685	17957	+	3	1.375829	I:	D:
18001	18486	-	1	1.336751	I:	D:
18505	19107	-	1	1.322877	I:	D:
19226	20620	-	2	1.343578	I:	D:
20601	21779	-	3	1.321861	I:	D:
21776	22339	-	2	1.309957	I:	D:
22510	22824	-	1	1.331990	I:	D:
22924	23124	-	1	1.338131	I:	D:
23131	23343	-	1	1.325726	I:	D:
23474	23680	+	2	1.367826	I:	D:
23840	26425	-	2	1.342825	I:	D:
26635	27909	-	1	1.312223	I:	D:
28000	28839	-	1	1.331295	I:	D:
28836	29687	-	3	1.341771	I:	D:
29702	31321	-	2	1.337825	I:	D:
31622	32638	-	2	1.343938	I:	D:
32649	33689	-	3	1.332523	I:	D:
33892	35091	-	1	1.316812	I:	D:
35459	35818	-	2	1.346260	I:	D:
35848	37422	-	1	1.326153	I:	D:
37462	37650	-	1	1.320626	I:	D:
38117	38746	+	2	1.321792	I:	D:
38815	40527	-	1	1.345034	I:	D:
40518	41522	-	3	1.342000	I:	D:
41559	44585	-	3	1.342602	I:	D:
45049	46080	-	1	1.338311	I:	D:
46102	46506	-	1	1.337226	I:	D:
46678	47517	+	1	1.327294	I:	D:
47514	48920	+	3	1.346888	I:	D:
49115	50632	+	2	1.330802	I:	D:
50634	51515	+	3	1.355709	I:	D:
51522	52250	+	3	1.362921	I:	D:
52341	53093	+	3	1.328025	I:	D:
53122	53253	+	1	1.314369	I:	D:
53440	54072	-	1	1.329391	I:	D:
54238	55512	-	1	1.328909	I:	D:
55524	56363	-	3	1.327641	I:	D:
56379	57248	-	3	1.327488	I:	D:
57504	58853	-	3	1.322169	I:	D:
58882	59841	-	1	1.315884	I:	D:
60259	60591	-	1	1.343706	I:	D:
60598	60846	+	1	1.351713	I:	D:
60917	61339	-	2	1.343655	I:	D:
61339	61509	+	1	1.345597	I:	D:
61529	62806	-	2	1.326453	I:	D:
62788	63492	-	1	1.335726	I:	D:
63495	64361	-	3	1.321072	I:	D:
64382	65272	-	2	1.325478	I:	D:
65266	66663	-	1	1.297135	I:	D:
66779	67414	-	2	1.348930	I:	D:
67411	70356	-	1	1.326666	I:	D:
70370	71647	-	2	1.320756	I:	D:
72011	72880	+	2	1.333777	I:	D:
72951	73307	-	3	1.330678	I:	D:
73430	73627	-	2	1.357465	I:	D:
73667	74164	-	2	1.298030	I:	D:
74261	74473	+	2	1.376686	I:	D:
74583	75974	-	3	1.334360	I:	D:
75994	76836	-	1	1.328060	I:	D:
76836	77717	-	3	1.343371	I:	D:
77859	79178	-	3	1.321018	I:	D:
79326	80939	-	3	1.328627	I:	D:
80936	82756	-	2	1.321533	I:	D:
82781	83485	+	2	1.380964	I:	D:
>Y8.M074_57
284	1330	+	2	1.344295	I:	D:
1337	3043	+	2	1.335271	I:	D:
3049	4350	+	1	1.340776	I:	D:
4429	5721	+	1	1.357647	I:	D:
5825	6673	-	2	1.324245	I:	D:
6932	7486	+	2	1.323802	I:	D:
7500	8423	+	3	1.340238	I:	D:
8603	9241	+	2	1.347943	I:	D:
9363	10826	-	3	1.327311	I:	D:
11075	12436	+	2	1.325532	I:	D:
12551	14107	-	2	1.323404	I:	D:
14511	15290	+	3	1.326828	I:	D:
15420	16094	-	3	1.346956	I:	D:
16134	16895	-	3	1.312790	I:	D:
16912	17535	-	1	1.339671	I:	D:
17902	22143	-	1	1.325112	I:	D:
22432	22608	+	1	1.322296	I:	D:
22676	22822	+	2	1.302429	I:	D:
22933	24066	+	1	1.334334	I:	D:
24151	24465	+	1	1.298424	I:	D:
24895	25977	+	1	1.317008	I:	D:
26093	27769	+	2	1.330762	I:	D:
27788	29473	+	2	1.319750	I:	D:
29563	30645	+	1	1.322324	I:	D:
30645	31802	+	3	1.322802	I:	D:
32032	34818	+	1	1.323535	I:	D:
35033	35434	+	2	1.334079	I:	D:
35478	36335	+	3	1.333810	I:	D:
36357	36584	+	3	1.337837	I:	D:
36702	37736	+	3	1.334085	I:	D:
37813	38274	+	1	1.330775	I:	D:
38413	38619	+	1	1.348046	I:	D:
38713	39489	-	1	1.333053	I:	D:
39730	41151	+	1	1.336531	I:	D:
41419	42558	+	1	1.326480	I:	D:
42572	43237	+	2	1.325244	I:	D:
43313	43828	+	2	1.315331	I:	D:
43999	44439	-	1	1.313812	I:	D:
44433	45353	-	3	1.322802	I:	D:
45614	46000	+	2	1.344139	I:	D:
46026	46169	+	3	1.345815	I:	D:
46278	47867	+	3	1.310195	I:	D:
47964	48347	+	3	1.307989	I:	D:
48434	48841	+	2	1.311997	I:	D:
48941	50209	+	2	1.330984	I:	D:
50214	50447	+	3	1.298701	I:	D:
50434	51324	+	1	1.320108	I:	D:
51331	53202	+	1	1.324082	I:	D:
53211	54146	+	3	1.319570	I:	D:
54149	55009	+	2	1.330478	I:	D:
55030	55485	+	1	1.328606	I:	D:
55542	57254	+	3	1.313403	I:	D:
57371	58582	+	2	1.322270	I:	D:
58843	59955	-	1	1.341544	I:	D:
60220	60942	-	1	1.340666	I:	D:
61014	62003	-	3	1.368453	I:	D:
61975	62979	-	1	1.319135	I:	D:
63106	63900	+	1	1.348514	I:	D:
64071	64361	-	3	1.382662	I:	D:
64364	66661	+	2	1.342050	I:	D:
66685	68082	+	1	1.311759	I:	D:
68425	69222	+	1	1.296673	I:	D:
69317	70762	+	2	1.319777	I:	D:
70909	72462	-	1	1.368518	I:	D:
72576	72710	+	3	1.314482	I:	D:
72707	73177	+	2	1.343490	I:	D:
73207	74388	+	1	1.320164	I:	D:
74474	75013	+	2	1.323136	I:	D:
75094	76173	+	1	1.330408	I:	D:
76184	77269	+	2	1.328861	I:	D:
77411	78457	-	2	1.343189	I:	D:
78634	79647	+	1	1.334732	I:	D:
79740	80960	+	3	1.313339	I:	D:
81001	81132	+	1	1.307214	I:	D:
81259	82011	+	1	1.321521	I:	D:
82156	83376	+	1	1.336551	I:	D:
83448	84044	+	3	1.354573	I:	D:
84209	84409	+	2	1.353012	I:	D:
84555	85445	+	3	1.330366	I:	D:
85651	86688	-	1	1.316455	I:	D:
86879	87388	+	2	1.322568	I:	D:
87392	87871	+	2	1.314754	I:	D:
87907	88065	+	1	1.369564	I:	D:
88103	88246	+	2	1.297018	I:	D:
88263	90902	+	3	1.319682	I:	D:
91040	91216	+	2	1.334074	I:	D:
91334	92521	+	2	1.338281	I:	D:
92777	93574	+	2	1.330204	I:	D:
93587	94375	+	2	1.311899	I:	D:
94486	95061	+	1	1.304877	I:	D:
95140	96441	+	1	1.338726	I:	D:
96808	97764	+	1	1.337581	I:	D:
97965	99254	+	3	1.321652	I:	D:
99422	100300	+	2	1.327024	I:	D:
100297	101103	+	1	1.331061	I:	D:
101293	102729	+	1	1.315862	I:	D:
102744	103676	+	3	1.311585	I:	D:
103695	104066	+	3	1.324491	I:	D:
104135	105292	+	2	1.314751	I:	D:
105365	106819	+	2	1.325785	I:	D:
107071	107877	+	1	1.309225	I:	D:
107881	108279	+	1	1.343077	I:	D:
108389	109285	+	2	1.311626	I:	D:
109418	110308	+	2	1.326842	I:	D:
110292	111068	+	3	1.306243	I:	D:
111258	111389	+	3	1.320049	I:	D:
111418	112860	+	1	1.331625	I:	D:
112982	114379	+	2	1.322643	I:	D:
114643	116184	+	1	1.325048	I:	D:
116279	117778	+	2	1.307724	I:	D:
>Y8.M074_58
428	1612	+	2	1.339068	I:	D:
1734	1919	-	3	1.316936	I:	D:
2082	3599	+	3	1.328060	I:	D:
3646	4713	+	1	1.306485	I:	D:
5305	7176	-	1	1.310883	I:	D:
7273	8799	-	1	1.329639	I:	D:
8856	10388	-	3	1.339705	I:	D:
10497	10877	-	3	1.295620	I:	D:
10905	12131	-	3	1.346303	I:	D:
12231	12416	-	3	1.334941	I:	D:
12480	13076	+	3	1.324928	I:	D:
13145	13408	-	2	1.383019	I:	D:
13429	14955	+	1	1.323699	I:	D:
15035	16804	+	2	1.323122	I:	D:
16888	17652	-	1	1.327788	I:	D:
17679	19571	-	3	1.312663	I:	D:
19576	20412	-	1	1.328153	I:	D:
20413	21990	-	1	1.307110	I:	D:
22156	22314	-	1	1.344272	I:	D:
22333	25914	-	1	1.323212	I:	D:
26173	27591	-	1	1.326732	I:	D:
27656	28009	-	2	1.383033	I:	D:
28189	28458	-	1	1.305733	I:	D:
28584	29660	-	3	1.304123	I:	D:
29683	30426	-	1	1.311184	I:	D:
30682	31938	-	1	1.321409	I:	D:
31957	35193	-	1	1.310072	I:	D:
35190	35873	-	3	1.327668	I:	D:
35893	37464	-	1	1.307293	I:	D:
37976	39259	+	2	1.329225	I:	D:
39332	39946	-	2	1.311817	I:	D:
39939	41459	-	3	1.337107	I:	D:
41474	42100	-	2	1.319674	I:	D:
42112	44415	-	1	1.317253	I:	D:
44469	44633	-	3	1.340895	I:	D:
44657	45181	-	2	1.317022	I:	D:
45370	45846	-	1	1.323118	I:	D:
46223	47950	-	2	1.325285	I:	D:
47977	48498	-	1	1.334574	I:	D:
48514	48729	-	1	1.314694	I:	D:
48947	50206	-	2	1.343746	I:	D:
50312	51928	-	2	1.330311	I:	D:
51940	52458	-	1	1.328181	I:	D:
52484	53212	-	2	1.305940	I:	D:
53242	53985	-	1	1.362027	I:	D:
54004	54765	-	1	1.366073	I:	D:
54805	55992	-	1	1.319262	I:	D:
56012	57589	-	2	1.345550	I:	D:
57608	58318	-	2	1.314414	I:	D:
58490	59968	+	2	1.337483	I:	D:
60204	62516	-	3	1.321889	I:	D:
62491	63186	-	1	1.309004	I:	D:
63662	65305	-	2	1.323369	I:	D:
65541	66230	-	3	1.323546	I:	D:
66340	67551	-	1	1.328149	I:	D:
>Y8.M074_59
214	894	+	1	1.344098	I:	D:
930	1898	+	3	1.333874	I:	D:
2024	2788	+	2	1.323077	I:	D:
2785	4827	+	1	1.337746	I:	D:
5102	5284	+	2	1.407497	I:	D:
5380	6288	+	1	1.332782	I:	D:
6402	7724	+	3	1.330972	I:	D:
7741	8841	+	1	1.344477	I:	D:
9199	10344	+	1	1.343374	I:	D:
10540	10779	-	1	1.325797	I:	D:
10927	11271	-	1	1.338740	I:	D:
11328	11594	+	3	1.331702	I:	D:
11744	12190	-	2	1.345170	I:	D:
12402	12950	+	3	1.321394	I:	D:
13089	14405	+	3	1.302182	I:	D:
14501	15082	+	2	1.323933	I:	D:
15157	16443	+	1	1.320069	I:	D:
16785	19103	+	3	1.322735	I:	D:
19327	19947	+	1	1.324347	I:	D:
20177	20827	-	2	1.351088	I:	D:
20914	21072	+	1	1.365390	I:	D:
21165	21437	-	3	1.347404	I:	D:
21654	22913	+	3	1.330698	I:	D:
22958	23155	+	2	1.363716	I:	D:
23190	24722	+	3	1.330999	I:	D:
24712	25824	+	1	1.336191	I:	D:
25817	26806	+	2	1.345218	I:	D:
27154	28962	+	1	1.327536	I:	D:
29036	30388	+	2	1.333926	I:	D:
30530	30946	+	2	1.304328	I:	D:
31082	32026	-	2	1.319061	I:	D:
31928	32251	+	2	1.349161	I:	D:
32285	34165	+	2	1.325759	I:	D:
34419	35714	+	3	1.300434	I:	D:
35793	36671	+	3	1.324472	I:	D:
36757	37599	+	1	1.334706	I:	D:
37756	39567	+	1	1.313879	I:	D:
39574	41187	+	1	1.308286	I:	D:
41551	44484	+	1	1.332509	I:	D:
44540	45304	-	2	1.320252	I:	D:
45645	46358	+	3	1.321607	I:	D:
46352	47947	+	2	1.335475	I:	D:
48051	50117	+	3	1.344425	I:	D:
50227	50664	+	1	1.330153	I:	D:
50661	51074	+	3	1.316059	I:	D:
51098	51256	+	2	1.336560	I:	D:
51253	52152	+	1	1.337515	I:	D:
>Y8.M074_60
344	481	-	2	1.322278	I:	D:
810	2018	-	3	1.308740	I:	D:
2162	3271	-	2	1.353879	I:	D:
3337	4191	-	1	1.315613	I:	D:
4389	5765	+	3	1.319965	I:	D:
5935	6312	+	1	1.316450	I:	D:
6509	8194	+	2	1.353010	I:	D:
8344	8703	-	1	1.340967	I:	D:
8726	8887	-	2	1.305744	I:	D:
9001	9405	+	1	1.332414	I:	D:
9519	9833	+	3	1.320621	I:	D:
9864	10517	-	3	1.316279	I:	D:
10685	10837	+	2	1.315031	I:	D:
10937	11476	-	2	1.313967	I:	D:
11494	12816	-	1	1.314316	I:	D:
12820	13491	-	1	1.306063	I:	D:
13509	13769	-	3	1.304238	I:	D:
13772	14410	-	2	1.307295	I:	D:
14407	14682	-	1	1.310592	I:	D:
14767	15657	-	1	1.309949	I:	D:
15912	17654	+	3	1.333968	I:	D:
17852	19321	-	2	1.317938	I:	D:
19363	20289	-	1	1.315558	I:	D:
20339	21268	-	2	1.333262	I:	D:
21269	21865	-	2	1.327037	I:	D:
22377	23930	-	3	1.309695	I:	D:
24025	24666	-	1	1.329640	I:	D:
24644	25945	-	2	1.316739	I:	D:
26217	27431	-	3	1.312229	I:	D:
27495	27755	-	3	1.315798	I:	D:
>Y8.M074_61
143	1921	-	2	1.339222	I:	D:
2009	2956	-	2	1.322783	I:	D:
2961	4967	-	3	1.331440	I:	D:
5072	6055	-	2	1.323701	I:	D:
6180	7013	-	3	1.320860	I:	D:
7010	7903	-	2	1.338385	I:	D:
8043	9338	-	3	1.307491	I:	D:
9562	9825	+	1	1.327083	I:	D:
9852	10727	+	3	1.318797	I:	D:
>Y8.M074_62
1	333	+	1	1.334403	I:	D:
390	1403	+	3	1.332548	I:	D:
1425	2276	+	3	1.315753	I:	D:
2277	2804	+	3	1.308119	I:	D:
2789	5779	+	2	1.320714	I:	D:
5910	6689	+	3	1.322151	I:	D:
6702	6869	+	3	1.343414	I:	D:
6906	8102	+	3	1.317974	I:	D:
8077	8481	+	1	1.331200	I:	D:
8510	9541	+	2	1.322749	I:	D:
10279	10713	+	1	1.339994	I:	D:
>Y8.M074_63
21	869	-	3	1.343798	I:	D:
866	1537	-	2	1.325078	I:	D:
1654	2904	-	1	1.331379	I:	D:
2944	4587	-	1	1.309032	I:	D:
4594	5280	-	1	1.297633	I:	D:
5473	6324	-	1	1.345663	I:	D:
6561	7946	-	3	1.318558	I:	D:
8098	8301	+	1	1.371741	I:	D:
8565	8720	-	3	1.355398	I:	D:
8757	9221	-	3	1.281893	I:	D:
>Y8.M074_64
142	1335	+	1	1.330249	I:	D:
1360	2868	-	1	1.323189	I:	D:
2899	3057	+	1	1.355282	I:	D:
3171	3353	+	3	1.361029	I:	D:
3744	4535	+	3	1.333309	I:	D:
4532	4921	+	2	1.368330	I:	D:
4926	6914	+	3	1.348144	I:	D:
6905	7348	+	2	1.370302	I:	D:
7336	8310	+	1	1.334248	I:	D:
8314	9357	+	1	1.333897	I:	D:
9350	10204	+	2	1.326975	I:	D:
10218	10979	+	3	1.347467	I:	D:
10994	12595	+	2	1.319279	I:	D:
12671	13576	+	2	1.332477	I:	D:
13578	14153	+	3	1.318033	I:	D:
14305	16209	-	1	1.331919	I:	D:
16428	17540	+	3	1.327538	I:	D:
17899	19503	+	1	1.310773	I:	D:
19549	20595	+	1	1.327455	I:	D:
20598	21509	+	3	1.325264	I:	D:
21522	22508	+	3	1.329028	I:	D:
22501	23460	+	1	1.346544	I:	D:
23546	23761	-	2	1.353641	I:	D:
23809	24603	+	1	1.330441	I:	D:
24773	26734	-	2	1.322363	I:	D:
26937	27608	-	3	1.298149	I:	D:
27843	28043	+	3	1.324159	I:	D:
28265	29116	+	2	1.318976	I:	D:
29288	30277	+	2	1.319222	I:	D:
30292	31614	+	1	1.311344	I:	D:
32007	33221	-	3	1.324809	I:	D:
33398	34198	+	2	1.329801	I:	D:
34236	35336	+	3	1.325409	I:	D:
35349	36089	+	3	1.336382	I:	D:
36383	36574	+	2	1.386632	I:	D:
36787	38277	+	1	1.325290	I:	D:
38274	38849	+	3	1.339674	I:	D:
38914	39930	+	1	1.321320	I:	D:
39934	40752	+	1	1.326023	I:	D:
40766	41461	+	2	1.343442	I:	D:
41514	42698	+	3	1.330840	I:	D:
42691	43464	+	1	1.312282	I:	D:
43553	44506	-	2	1.308150	I:	D:
44655	45701	+	3	1.315672	I:	D:
45723	46190	+	3	1.316037	I:	D:
46184	46615	+	2	1.342759	I:	D:
46710	47339	+	3	1.321076	I:	D:
47719	52386	+	1	1.318939	I:	D:
52599	53129	+	3	1.335029	I:	D:
53176	53499	+	1	1.328202	I:	D:
53890	54606	+	1	1.315294	I:	D:
54603	56126	+	3	1.336165	I:	D:
56254	58902	+	1	1.341037	I:	D:
58907	59260	-	2	1.320205	I:	D:
59356	59880	-	1	1.320576	I:	D:
60058	60237	+	1	1.312491	I:	D:
60291	66881	+	3	1.334952	I:	D:
67071	67346	+	3	1.354464	I:	D:
67369	67668	+	1	1.342490	I:	D:
67686	68204	+	3	1.337992	I:	D:
68215	68628	+	1	1.326679	I:	D:
68706	69401	+	3	1.357203	I:	D:
69507	69743	+	3	1.286040	I:	D:
70555	70983	+	1	1.371128	I:	D:
71147	71683	+	2	1.332415	I:	D:
71831	72283	+	2	1.335642	I:	D:
72336	73319	+	3	1.328812	I:	D:
73336	73950	+	1	1.352109	I:	D:
74111	74398	+	2	1.354605	I:	D:
74421	74720	+	3	1.340412	I:	D:
74749	75123	+	1	1.344345	I:	D:
75441	76862	+	3	1.334012	I:	D:
76865	77566	+	2	1.303026	I:	D:
77556	77858	+	3	1.340281	I:	D:
77944	78807	+	1	1.338850	I:	D:
78920	79198	+	2	1.359273	I:	D:
79056	80588	+	3	1.341572	I:	D:
80795	81334	-	2	1.305852	I:	D:
81593	82471	+	2	1.335517	I:	D:
82527	82679	+	3	1.361388	I:	D:
82695	84521	-	3	1.330015	I:	D:
85028	85225	+	2	1.359907	I:	D:
85242	87230	+	3	1.315380	I:	D:
87235	88593	+	1	1.327575	I:	D:
88711	90105	+	1	1.314661	I:	D:
90408	90572	+	3	1.364665	I:	D:
90747	92276	+	3	1.323397	I:	D:
92289	92951	+	3	1.304779	I:	D:
92977	93363	+	1	1.349747	I:	D:
93477	95228	+	3	1.326606	I:	D:
95594	96841	+	2	1.316423	I:	D:
96881	98395	+	2	1.329955	I:	D:
98573	98902	-	2	1.353525	I:	D:
99011	99223	+	2	1.360565	I:	D:
>Y8.M074_65
159	455	-	3	1.378502	I:	D:
632	826	+	2	1.297942	I:	D:
831	1481	+	3	1.339203	I:	D:
1509	2273	+	3	1.327676	I:	D:
2290	3549	+	1	1.323123	I:	D:
3542	4123	+	2	1.343664	I:	D:
4306	5412	+	1	1.332663	I:	D:
5463	6533	+	3	1.341663	I:	D:
6906	8417	+	3	1.316374	I:	D:
8419	9375	+	1	1.319628	I:	D:
9476	10441	+	2	1.312447	I:	D:
10541	12949	+	2	1.329489	I:	D:
12975	13154	+	3	1.346785	I:	D:
13306	15237	+	1	1.331984	I:	D:
15362	16195	-	2	1.333786	I:	D:
16230	16382	+	3	1.360951	I:	D:
16396	16548	+	1	1.360882	I:	D:
16788	18173	+	3	1.326346	I:	D:
18264	19166	+	3	1.331770	I:	D:
19179	20000	+	3	1.341632	I:	D:
20275	21612	+	1	1.344605	I:	D:
21859	22770	+	1	1.324566	I:	D:
22782	23870	+	3	1.324514	I:	D:
23876	24892	+	2	1.326523	I:	D:
24955	25851	+	1	1.333729	I:	D:
26014	27939	+	1	1.308725	I:	D:
28195	28404	+	1	1.345367	I:	D:
28408	30201	+	1	1.314349	I:	D:
30313	31929	-	1	1.317116	I:	D:
32008	33858	-	1	1.323748	I:	D:
34066	35295	+	1	1.315337	I:	D:
35412	36293	+	3	1.327126	I:	D:
36312	37157	+	3	1.324087	I:	D:
37490	38593	+	2	1.348457	I:	D:
38953	39717	-	1	1.330490	I:	D:
39756	40382	-	3	1.330277	I:	D:
40498	40650	+	1	1.330090	I:	D:
40893	42101	+	3	1.325336	I:	D:
42148	42378	+	1	1.308087	I:	D:
42503	43420	+	2	1.324623	I:	D:
43492	45267	+	1	1.338515	I:	D:
45478	46329	+	1	1.330168	I:	D:
46507	47775	+	1	1.325927	I:	D:
48390	48596	+	3	1.360470	I:	D:
48697	50529	-	1	1.317092	I:	D:
50694	51398	+	3	1.351111	I:	D:
51488	51997	+	2	1.332799	I:	D:
52299	52640	+	3	1.383626	I:	D:
52692	53582	+	3	1.319726	I:	D:
53832	54593	+	3	1.317636	I:	D:
54733	56160	+	1	1.323426	I:	D:
56174	57202	+	2	1.314077	I:	D:
57361	58767	+	1	1.333973	I:	D:
58772	60022	+	2	1.322597	I:	D:
60031	61197	+	1	1.338041	I:	D:
61278	62030	+	3	1.318712	I:	D:
62195	63355	+	2	1.342454	I:	D:
63535	64893	+	1	1.340226	I:	D:
65053	66561	+	1	1.317158	I:	D:
66717	67742	-	3	1.333218	I:	D:
67894	69180	-	1	1.349464	I:	D:
69187	69795	-	1	1.333798	I:	D:
69975	71651	+	3	1.311045	I:	D:
71766	73949	-	3	1.345024	I:	D:
74058	74720	+	3	1.309928	I:	D:
74956	76011	+	1	1.311546	I:	D:
76144	77160	+	1	1.323164	I:	D:
77167	78861	+	1	1.331398	I:	D:
78950	79810	+	2	1.327334	I:	D:
79807	80484	+	1	1.342635	I:	D:
80614	81090	-	1	1.312478	I:	D:
81152	81373	+	2	1.337142	I:	D:
81644	82003	+	2	1.328125	I:	D:
82020	84647	+	3	1.322774	I:	D:
84878	86653	+	2	1.321566	I:	D:
86663	87232	-	2	1.332723	I:	D:
87232	88104	-	1	1.305179	I:	D:
88123	88254	+	1	1.324599	I:	D:
88293	89690	+	3	1.333812	I:	D:
>Y8.M074_66
3	794	+	3	1.341639	I:	D:
885	1463	-	3	1.325129	I:	D:
1530	1688	+	3	1.344343	I:	D:
1722	1892	+	3	1.291722	I:	D:
1947	2828	-	3	1.329033	I:	D:
3042	4343	-	3	1.329750	I:	D:
4356	5150	-	3	1.316679	I:	D:
5409	6092	-	3	1.312225	I:	D:
6118	6858	-	1	1.321509	I:	D:
6889	7179	+	1	1.404025	I:	D:
7303	8196	-	1	1.304537	I:	D:
8428	8832	-	1	1.307315	I:	D:
9016	9660	-	1	1.317494	I:	D:
9794	10504	-	2	1.310935	I:	D:
10520	11278	-	2	1.306316	I:	D:
11280	12350	-	3	1.321357	I:	D:
12360	13244	-	3	1.316851	I:	D:
13268	14209	-	2	1.355106	I:	D:
14414	15649	-	2	1.317023	I:	D:
16050	17489	-	3	1.323949	I:	D:
17626	17772	+	1	1.355427	I:	D:
18104	18451	+	2	1.325225	I:	D:
18649	19734	-	1	1.340093	I:	D:
20203	20922	-	1	1.320964	I:	D:
20937	21434	-	3	1.346238	I:	D:
21509	21844	-	2	1.326508	I:	D:
21870	22007	+	3	1.344965	I:	D:
22052	23695	-	2	1.313417	I:	D:
23692	23850	-	1	1.287669	I:	D:
23862	25400	-	3	1.326697	I:	D:
25597	26232	+	1	1.298729	I:	D:
26254	27378	+	1	1.308754	I:	D:
27542	28528	+	2	1.315152	I:	D:
28607	29845	+	2	1.317909	I:	D:
29920	30162	+	1	1.354145	I:	D:
30285	31043	-	3	1.322974	I:	D:
31163	32044	-	2	1.334395	I:	D:
32181	34592	+	3	1.317711	I:	D:
34803	35690	-	3	1.325235	I:	D:
35743	35883	+	1	1.386134	I:	D:
35889	36857	+	3	1.326893	I:	D:
36930	38042	-	3	1.314971	I:	D:
38244	38852	-	3	1.306953	I:	D:
39268	39831	+	1	1.290510	I:	D:
40140	40958	+	3	1.321329	I:	D:
41061	41384	-	3	1.356349	I:	D:
41377	43458	-	1	1.322424	I:	D:
43654	44631	-	1	1.341822	I:	D:
44621	45622	-	2	1.329918	I:	D:
45633	46532	-	3	1.334093	I:	D:
46525	47475	-	1	1.320897	I:	D:
47829	49322	-	3	1.321709	I:	D:
49279	49443	+	1	1.373915	I:	D:
49682	50944	-	2	1.329859	I:	D:
51077	52093	-	2	1.325790	I:	D:
52404	53066	+	3	1.303435	I:	D:
53291	55255	-	2	1.335008	I:	D:
55252	57015	-	1	1.317754	I:	D:
57036	57230	+	3	1.351686	I:	D:
57375	58700	-	3	1.315676	I:	D:
58730	59296	-	2	1.340999	I:	D:
59927	60058	-	2	1.339741	I:	D:
60123	60779	-	3	1.307541	I:	D:
61030	61704	-	1	1.335484	I:	D:
61737	62540	-	3	1.346032	I:	D:
62733	64739	+	3	1.320768	I:	D:
64890	66278	-	3	1.323173	I:	D:
66343	66489	+	1	1.345118	I:	D:
66791	67744	+	2	1.334295	I:	D:
67782	68669	-	3	1.325514	I:	D:
68865	70199	+	3	1.325335	I:	D:
70433	70879	-	2	1.299314	I:	D:
71471	71866	+	2	1.337163	I:	D:
72061	73020	-	1	1.330071	I:	D:
73330	74109	-	1	1.340779	I:	D:
74513	74662	-	2	1.347916	I:	D:
74751	75230	-	3	1.313647	I:	D:
75342	76697	-	3	1.346846	I:	D:
76718	76915	-	2	1.348769	I:	D:
77462	77620	+	2	1.377200	I:	D:
>Y8.M074_67
77	595	-	2	1.316732	I:	D:
621	1127	-	3	1.326767	I:	D:
1178	1372	+	2	1.353627	I:	D:
1454	3187	-	2	1.319960	I:	D:
3177	4988	-	3	1.326954	I:	D:
4996	5157	-	1	1.339395	I:	D:
5180	5971	-	2	1.321627	I:	D:
5995	6204	-	1	1.286848	I:	D:
6186	6410	-	3	1.329161	I:	D:
>Y8.M074_68
3	131	+	3	1.337296	I:	D:
201	1568	-	3	1.326028	I:	D:
1558	2310	-	1	1.343982	I:	D:
2342	3301	-	2	1.305933	I:	D:
3307	3792	-	1	1.310775	I:	D:
3870	6116	-	3	1.330104	I:	D:
6292	7773	-	1	1.311288	I:	D:
7915	8601	-	1	1.336289	I:	D:
8592	8882	+	3	1.347700	I:	D:
8907	10391	-	3	1.329685	I:	D:
10404	15050	-	3	1.319772	I:	D:
15464	16159	-	2	1.339418	I:	D:
16160	17302	-	2	1.313104	I:	D:
17314	18300	-	1	1.292679	I:	D:
18335	21421	-	2	1.333123	I:	D:
21562	23253	-	1	1.337655	I:	D:
23700	24701	-	3	1.317656	I:	D:
24892	26313	-	1	1.324604	I:	D:
26413	26913	-	1	1.332990	I:	D:
27033	27197	-	3	1.343844	I:	D:
27318	29060	-	3	1.321773	I:	D:
29567	30241	-	2	1.310734	I:	D:
30334	30882	-	1	1.376495	I:	D:
31024	31911	-	1	1.304059	I:	D:
31987	33033	-	1	1.308694	I:	D:
33025	33228	+	1	1.340672	I:	D:
33665	33916	-	2	1.312902	I:	D:
33936	34067	+	3	1.331994	I:	D:
34185	35612	-	3	1.314145	I:	D:
35790	37130	-	3	1.308205	I:	D:
37245	37928	-	3	1.307980	I:	D:
38172	40001	-	3	1.319702	I:	D:
40224	40916	-	3	1.309489	I:	D:
41070	41819	-	3	1.312668	I:	D:
41853	42734	-	3	1.340344	I:	D:
42748	43605	-	1	1.327296	I:	D:
43772	44626	-	2	1.313512	I:	D:
44942	45844	-	2	1.319003	I:	D:
45979	46590	-	1	1.326719	I:	D:
46748	47467	-	2	1.321240	I:	D:
47458	47727	-	1	1.313144	I:	D:
47767	48207	-	1	1.307556	I:	D:
48279	48485	+	3	1.368365	I:	D:
48622	49224	-	1	1.326877	I:	D:
49286	49873	-	2	1.310873	I:	D:
50149	52197	-	1	1.319278	I:	D:
52332	53339	-	3	1.333761	I:	D:
53614	54312	+	1	1.314649	I:	D:
54414	54701	-	3	1.347065	I:	D:
55185	55343	+	3	1.373085	I:	D:
>Y8.M074_69
150	1250	-	3	1.322706	I:	D:
1651	3729	+	1	1.327151	I:	D:
3873	5027	-	3	1.364886	I:	D:
5203	6570	+	1	1.327140	I:	D:
6595	8742	+	1	1.318304	I:	D:
8788	10701	+	1	1.331341	I:	D:
10717	11445	-	1	1.339942	I:	D:
11707	11970	+	1	1.337983	I:	D:
12081	12473	-	3	1.356513	I:	D:
12612	12818	-	3	1.359376	I:	D:
12853	13983	+	1	1.315616	I:	D:
13997	15295	+	2	1.319811	I:	D:
15321	16865	+	3	1.316090	I:	D:
16879	19017	+	1	1.316569	I:	D:
19001	20134	+	2	1.322229	I:	D:
20144	24631	+	2	1.322503	I:	D:
24691	25203	+	1	1.314629	I:	D:
25275	26516	-	3	1.319858	I:	D:
27149	27706	+	2	1.316589	I:	D:
27730	27936	-	1	1.329813	I:	D:
28049	29008	+	2	1.322997	I:	D:
29022	29168	+	3	1.304719	I:	D:
29180	35755	+	2	1.318183	I:	D:
36117	37109	+	3	1.326541	I:	D:
37336	38304	+	1	1.348451	I:	D:
38297	40291	+	2	1.322402	I:	D:
40318	41250	+	1	1.317747	I:	D:
41439	42323	+	3	1.296978	I:	D:
42541	43551	+	1	1.314842	I:	D:
43541	44227	+	2	1.321011	I:	D:
44264	45352	+	2	1.315037	I:	D:
45492	45959	+	3	1.324768	I:	D:
46149	47741	+	3	1.329177	I:	D:
47749	47895	+	1	1.338031	I:	D:
47976	48473	+	3	1.321985	I:	D:
48761	49780	+	2	1.314908	I:	D:
49890	51158	+	3	1.316797	I:	D:
51262	51747	+	1	1.302249	I:	D:
51878	53284	+	2	1.337432	I:	D:
53281	54807	+	1	1.291640	I:	D:
>Y8.M074_70
125	709	-	2	1.320944	I:	D:
657	1025	-	3	1.325520	I:	D:
1315	2886	-	1	1.312511	I:	D:
3297	3698	-	3	1.295566	I:	D:
4041	4211	-	3	1.324423	I:	D:
4211	4480	-	2	1.302739	I:	D:
4486	4617	+	1	1.297896	I:	D:
4730	8767	-	2	1.350273	I:	D:
8892	9527	-	3	1.343452	I:	D:
9826	10080	+	1	1.309764	I:	D:
10245	10427	+	3	1.407896	I:	D:
10456	12648	-	1	1.344226	I:	D:
12922	13749	-	1	1.321186	I:	D:
13746	14651	-	3	1.332254	I:	D:
14840	16123	-	2	1.310062	I:	D:
16238	17704	-	2	1.330750	I:	D:
18217	19314	+	1	1.323171	I:	D:
19342	19512	-	1	1.345603	I:	D:
19793	20743	-	2	1.333561	I:	D:
20968	21198	-	1	1.309019	I:	D:
21716	22093	-	2	1.350998	I:	D:
22333	23310	-	1	1.335351	I:	D:
23300	24094	-	2	1.322694	I:	D:
24104	25639	-	2	1.328879	I:	D:
25991	26830	-	2	1.331630	I:	D:
26827	27771	-	1	1.352687	I:	D:
27773	28732	-	2	1.329410	I:	D:
29363	30436	-	2	1.310891	I:	D:
30605	31555	-	2	1.330605	I:	D:
31596	32702	-	3	1.315464	I:	D:
32857	33135	+	1	1.366370	I:	D:
33256	35355	-	1	1.334489	I:	D:
35577	35975	-	3	1.344047	I:	D:
36281	37597	+	2	1.312114	I:	D:
37784	39451	-	2	1.335429	I:	D:
39610	41046	-	1	1.335360	I:	D:
41057	42520	-	2	1.319280	I:	D:
42558	45413	-	3	1.328507	I:	D:
45498	45935	-	3	1.312757	I:	D:
46151	46774	-	2	1.348022	I:	D:
46967	49729	-	2	1.354668	I:	D:
49887	52106	-	3	1.341471	I:	D:
>Y8.M074_71
432	2627	-	3	1.339164	I:	D:
2912	3769	+	2	1.329282	I:	D:
4065	5243	-	3	1.315611	I:	D:
5248	5478	-	1	1.310087	I:	D:
5660	6817	-	2	1.345532	I:	D:
6814	8403	-	1	1.334770	I:	D:
8505	10685	-	3	1.311004	I:	D:
11024	11845	-	2	1.320855	I:	D:
11882	12859	-	2	1.323701	I:	D:
12870	13835	-	3	1.328497	I:	D:
13851	15398	-	3	1.319376	I:	D:
15431	16396	-	2	1.305317	I:	D:
16978	18108	-	1	1.324452	I:	D:
18372	19451	-	3	1.321412	I:	D:
19519	20571	-	1	1.332684	I:	D:
20731	21963	+	1	1.333739	I:	D:
22227	23846	+	3	1.323611	I:	D:
24013	25266	-	1	1.323042	I:	D:
25413	26492	-	3	1.350825	I:	D:
26573	28234	-	2	1.344063	I:	D:
28502	28921	-	2	1.334990	I:	D:
29056	29673	-	1	1.329388	I:	D:
29676	29978	-	3	1.304489	I:	D:
30159	32360	-	3	1.348912	I:	D:
32316	32477	+	3	1.381182	I:	D:
32911	33258	+	1	1.388687	I:	D:
33613	34704	-	1	1.347509	I:	D:
34730	35704	-	2	1.313061	I:	D:
35794	37311	-	1	1.337071	I:	D:
37329	37937	-	3	1.307064	I:	D:
37954	38856	-	1	1.314902	I:	D:
38883	39947	-	3	1.318686	I:	D:
39980	42397	-	2	1.328915	I:	D:
42422	43330	-	2	1.328029	I:	D:
43334	44440	-	2	1.320119	I:	D:
44663	46441	+	2	1.331085	I:	D:
46479	47261	+	3	1.338488	I:	D:
47251	47559	+	1	1.343576	I:	D:
47597	47788	+	2	1.346196	I:	D:
47801	48409	-	2	1.314373	I:	D:
48435	49289	-	3	1.345383	I:	D:
49390	50142	-	1	1.355795	I:	D:
50166	50882	-	3	1.348711	I:	D:
>Y8.M074_72
1	189	-	1	1.319928	I:	D:
371	1687	+	2	1.335259	I:	D:
1838	2806	+	2	1.326246	I:	D:
3047	3883	-	2	1.335148	I:	D:
3998	5395	-	2	1.319837	I:	D:
5539	7023	-	1	1.308953	I:	D:
7020	7763	-	3	1.327524	I:	D:
7777	7992	+	1	1.361585	I:	D:
8055	9509	-	3	1.304728	I:	D:
9603	10103	-	3	1.299240	I:	D:
10248	11120	-	3	1.316705	I:	D:
11276	12901	-	2	1.301075	I:	D:
12997	13284	-	1	1.299463	I:	D:
13579	13719	-	1	1.360616	I:	D:
13748	14530	-	2	1.310217	I:	D:
14666	16747	-	2	1.330718	I:	D:
16795	17943	-	1	1.341537	I:	D:
18193	19716	-	1	1.347489	I:	D:
20123	20722	-	2	1.337773	I:	D:
20736	22679	-	3	1.326970	I:	D:
22882	23880	+	1	1.322809	I:	D:
24086	25012	+	2	1.318282	I:	D:
25005	25799	+	3	1.307875	I:	D:
25884	26432	-	3	1.339593	I:	D:
26445	27788	-	3	1.318327	I:	D:
27959	28267	-	2	1.300283	I:	D:
28443	29624	+	3	1.337271	I:	D:
29976	30875	+	3	1.309961	I:	D:
30976	31995	+	1	1.320595	I:	D:
32007	32948	+	3	1.330019	I:	D:
33085	33693	+	1	1.308916	I:	D:
33849	34607	-	3	1.305222	I:	D:
34846	35667	-	1	1.303899	I:	D:
35762	36832	-	2	1.333092	I:	D:
36848	37603	-	2	1.328901	I:	D:
37614	38339	-	3	1.310580	I:	D:
38352	39086	-	3	1.365571	I:	D:
39290	40195	-	2	1.307765	I:	D:
40349	40534	-	2	1.315012	I:	D:
40734	42236	+	3	1.322359	I:	D:
42208	42723	+	1	1.368315	I:	D:
42817	44205	-	1	1.320640	I:	D:
44275	45390	-	1	1.342301	I:	D:
45448	45630	-	1	1.340378	I:	D:
45727	45891	+	1	1.342738	I:	D:
>Y8.M074_73
104	1615	+	2	1.324121	I:	D:
1639	2610	+	1	1.314688	I:	D:
2667	3500	+	3	1.326361	I:	D:
3501	4298	+	3	1.328266	I:	D:
4560	4754	-	3	1.320986	I:	D:
>Y8.M074_74
3	128	+	3	1.377654	I:	D:
757	2328	+	1	1.357651	I:	D:
2460	2657	-	3	1.366402	I:	D:
2690	2896	+	2	1.336901	I:	D:
3035	3463	+	2	1.315549	I:	D:
3560	5035	+	2	1.326990	I:	D:
5050	5208	-	1	1.334729	I:	D:
5032	6177	+	1	1.334100	I:	D:
6276	10334	+	3	1.323261	I:	D:
10552	11700	+	1	1.331533	I:	D:
11906	12496	-	2	1.306292	I:	D:
12486	12968	-	3	1.308644	I:	D:
13188	14174	+	3	1.325234	I:	D:
14223	15479	+	3	1.337944	I:	D:
>Y8.M074_75
58	1134	+	1	1.312939	I:	D:
1404	2201	-	3	1.343278	I:	D:
2275	2856	-	1	1.332576	I:	D:
2862	3539	-	3	1.339747	I:	D:
3554	5092	-	2	1.326427	I:	D:
5104	6438	-	1	1.332301	I:	D:
6799	8139	-	1	1.353203	I:	D:
8424	9119	+	3	1.335257	I:	D:
9230	9982	+	2	1.338814	I:	D:
10113	11147	-	3	1.339929	I:	D:
11458	12474	+	1	1.329094	I:	D:
12637	13329	+	1	1.325989	I:	D:
13348	14358	+	1	1.326699	I:	D:
14918	17011	+	2	1.322207	I:	D:
17153	20974	+	2	1.317149	I:	D:
21056	21217	-	2	1.342077	I:	D:
21360	21806	+	3	1.316032	I:	D:
22226	23020	+	2	1.339647	I:	D:
23021	24103	+	2	1.332094	I:	D:
24243	24923	+	3	1.337211	I:	D:
25048	25974	+	1	1.327346	I:	D:
26300	27082	+	2	1.324062	I:	D:
27082	28140	+	1	1.331145	I:	D:
28155	29492	+	3	1.335198	I:	D:
29587	30564	+	1	1.316257	I:	D:
30743	31414	+	2	1.339488	I:	D:
>Y8.M074_76
7	201	-	1	1.255337	I:	D:
225	392	-	3	1.346414	I:	D:
675	1670	-	3	1.330300	I:	D:
1852	2829	-	1	1.318603	I:	D:
3146	5665	-	2	1.330971	I:	D:
5670	7277	-	3	1.339635	I:	D:
7274	7873	-	2	1.357823	I:	D:
8201	9538	-	2	1.321799	I:	D:
9553	9906	+	1	1.399986	I:	D:
9922	11163	-	1	1.313764	I:	D:
11327	11464	+	2	1.342226	I:	D:
11486	12436	+	2	1.335069	I:	D:
12497	13108	-	2	1.349125	I:	D:
13791	14558	+	3	1.316496	I:	D:
14595	15671	+	3	1.324528	I:	D:
15737	15934	+	2	1.382736	I:	D:
15969	16886	-	3	1.332061	I:	D:
16898	18010	-	2	1.347232	I:	D:
18030	18602	-	3	1.340255	I:	D:
18691	19608	+	1	1.328044	I:	D:
19853	20005	-	2	1.302099	I:	D:
20092	21045	-	1	1.325312	I:	D:
21083	21913	-	2	1.284199	I:	D:
21926	22267	-	2	1.330812	I:	D:
22343	23161	-	2	1.333653	I:	D:
23200	23772	-	1	1.341604	I:	D:
23882	24664	-	2	1.325756	I:	D:
24697	25476	-	1	1.321913	I:	D:
25492	26232	-	1	1.325821	I:	D:
26251	27159	-	1	1.313583	I:	D:
>Y8.M074_77
141	938	-	3	1.343952	I:	D:
925	1569	-	1	1.321273	I:	D:
1737	4379	-	3	1.319139	I:	D:
4354	5037	-	1	1.319077	I:	D:
5132	5269	-	2	1.314434	I:	D:
5368	6126	+	1	1.320093	I:	D:
6320	7306	-	2	1.317105	I:	D:
7697	7864	-	2	1.305660	I:	D:
7878	8036	+	3	1.357793	I:	D:
8101	9102	-	1	1.338849	I:	D:
9374	11038	-	2	1.329419	I:	D:
11574	12734	-	3	1.339600	I:	D:
12961	13119	-	1	1.330951	I:	D:
13148	13333	-	2	1.335543	I:	D:
13355	14287	+	2	1.320602	I:	D:
14406	14579	+	3	1.352094	I:	D:
14632	15891	-	1	1.340295	I:	D:
16113	16325	-	3	1.308203	I:	D:
16598	18439	-	2	1.312536	I:	D:
18441	21230	-	3	1.343019	I:	D:
21245	22180	-	2	1.308150	I:	D:
22328	24082	-	2	1.334385	I:	D:
24079	25341	-	1	1.328136	I:	D:
25374	25829	-	3	1.337558	I:	D:
>Y8.M074_78
2	271	+	2	1.327628	I:	D:
388	1323	-	1	1.313012	I:	D:
1347	1487	+	3	1.360823	I:	D:
1708	1905	-	1	1.332679	I:	D:
2063	3601	-	2	1.333973	I:	D:
3805	4014	-	1	1.329696	I:	D:
4199	5242	-	2	1.321258	I:	D:
5239	6705	-	1	1.321293	I:	D:
6718	7371	-	1	1.306816	I:	D:
7343	7633	-	2	1.315545	I:	D:
7795	7971	-	1	1.347844	I:	D:
8158	8919	-	1	1.321584	I:	D:
8916	9965	-	3	1.304150	I:	D:
10022	10378	-	2	1.351462	I:	D:
10506	11300	-	3	1.305942	I:	D:
11297	11719	-	2	1.316574	I:	D:
11765	12586	-	2	1.320070	I:	D:
12590	14434	-	2	1.328509	I:	D:
14630	15913	+	2	1.314848	I:	D:
15991	16869	+	1	1.332427	I:	D:
16866	17687	+	3	1.325081	I:	D:
17815	18993	-	1	1.332035	I:	D:
>Y8.M074_79
245	907	-	2	1.309631	I:	D:
1160	2041	+	2	1.319319	I:	D:
2054	2665	+	2	1.362709	I:	D:
>Y8.M074_80
1	135	+	1	1.391737	I:	D:
406	555	-	1	1.326943	I:	D:
598	1515	+	1	1.331212	I:	D:
1594	2106	+	1	1.301159	I:	D:
>Y8.M074_81
182	1531	-	2	1.305700	I:	D:
1722	2876	-	3	1.316253	I:	D:
3420	5531	-	3	1.322801	I:	D:
5808	6983	-	3	1.318265	I:	D:
7080	8618	-	3	1.310684	I:	D:
8815	9879	-	1	1.320936	I:	D:
10013	10144	+	2	1.315676	I:	D:
10187	11458	-	2	1.351388	I:	D:
11903	12232	-	2	1.299309	I:	D:
12529	13182	-	1	1.320667	I:	D:
13179	14030	-	3	1.326315	I:	D:
14034	14405	-	3	1.301264	I:	D:
14713	15135	-	1	1.334775	I:	D:
15161	15526	-	2	1.349097	I:	D:
>Y8.M074_82
87	1670	-	3	1.314285	I:	D:
1945	2856	+	1	1.316775	I:	D:
3058	4086	+	1	1.316801	I:	D:
4083	5531	+	3	1.327966	I:	D:
5643	6611	-	3	1.326075	I:	D:
6709	7791	-	1	1.328285	I:	D:
7878	8618	-	3	1.347584	I:	D:
8890	9282	+	1	1.304811	I:	D:
9279	10694	+	3	1.337206	I:	D:
10800	11132	+	3	1.395471	I:	D:
11581	13128	+	1	1.324912	I:	D:
13179	13343	-	3	1.367164	I:	D:
>Y8.M074_83
3	143	+	3	1.307706	I:	D:
224	637	+	2	1.330269	I:	D:
798	1970	+	3	1.320596	I:	D:
2247	3170	+	3	1.344751	I:	D:
3338	4297	+	2	1.325913	I:	D:
4490	5422	-	2	1.335954	I:	D:
5793	7223	+	3	1.335468	I:	D:
7380	8288	+	3	1.338936	I:	D:
8293	9192	+	1	1.332996	I:	D:
9540	11045	+	3	1.328957	I:	D:
11149	11505	+	1	1.332043	I:	D:
11655	13172	+	3	1.325517	I:	D:
>Y8.M074_84
1	237	+	1	1.317396	I:	D:
354	875	+	3	1.323609	I:	D:
1054	1323	+	1	1.339295	I:	D:
1311	1610	+	3	1.314235	I:	D:
1781	3109	-	2	1.346541	I:	D:
2896	3072	+	1	1.329426	I:	D:
3106	3828	-	1	1.321407	I:	D:
4192	4653	+	1	1.358851	I:	D:
4826	6919	+	2	1.325959	I:	D:
7160	8857	+	2	1.347153	I:	D:
8896	9633	+	1	1.318854	I:	D:
9669	10604	-	3	1.355920	I:	D:
10867	12051	+	1	1.327134	I:	D:
12186	12407	-	3	1.375886	I:	D:
