>Y6.M001_1
56	1018	-	2	1.319300	I:	D:
1174	4071	-	1	1.272804	I:	D:
4341	5636	-	3	1.278973	I:	D:
5724	7205	+	3	1.260560	I:	D:
7211	8029	+	2	1.333861	I:	D:
8169	8483	+	3	1.323669	I:	D:
8938	10767	-	1	1.279504	I:	D:
10965	12068	-	3	1.296677	I:	D:
>Y6.M001_2
277	438	+	1	1.322778	I:	D:
831	1601	+	3	1.315527	I:	D:
1681	1854	-	1	1.297686	I:	D:
2074	2637	-	1	1.308272	I:	D:
2647	2907	-	1	1.360127	I:	D:
3023	3379	+	2	1.330529	I:	D:
3504	4532	+	3	1.340046	I:	D:
4617	5885	+	3	1.292822	I:	D:
5888	6595	+	2	1.283404	I:	D:
6588	6938	+	3	1.321580	I:	D:
7022	8326	+	2	1.312030	I:	D:
8327	8602	+	2	1.381965	I:	D:
8648	9013	-	2	1.297301	I:	D:
9311	11503	+	2	1.320514	I:	D:
11572	13728	-	1	1.305038	I:	D:
13721	16327	-	2	1.312311	I:	D:
16347	16607	-	3	1.268975	I:	D:
16915	17277	+	1	1.333741	I:	D:
17434	18468	-	1	1.303218	I:	D:
18561	19394	-	3	1.300822	I:	D:
19524	19844	-	3	1.336657	I:	D:
19932	20414	-	3	1.319065	I:	D:
20427	20864	-	3	1.338005	I:	D:
20986	21648	-	1	1.335609	I:	D:
21645	22511	-	3	1.310894	I:	D:
22489	22950	-	1	1.319328	I:	D:
23035	23613	+	1	1.346281	I:	D:
23633	24517	+	2	1.311800	I:	D:
24514	25206	+	1	1.307194	I:	D:
25289	26098	+	2	1.287395	I:	D:
26171	27481	-	2	1.306174	I:	D:
27532	28335	+	1	1.303846	I:	D:
28410	29306	-	3	1.300532	I:	D:
29340	30098	-	3	1.351228	I:	D:
30102	31193	-	3	1.339519	I:	D:
31233	32534	-	3	1.325642	I:	D:
32619	34520	-	3	1.316511	I:	D:
35242	36078	-	1	1.362430	I:	D:
36140	38104	+	2	1.338388	I:	D:
38145	38498	+	3	1.342095	I:	D:
38640	40358	-	3	1.308147	I:	D:
40416	41453	-	3	1.294494	I:	D:
41524	43128	+	1	1.298405	I:	D:
43485	43967	+	3	1.353454	I:	D:
43978	44949	+	1	1.327722	I:	D:
45020	45487	+	2	1.327266	I:	D:
45493	47271	+	1	1.296302	I:	D:
47279	48778	+	2	1.302133	I:	D:
48781	50232	+	1	1.300751	I:	D:
50232	51281	+	3	1.287364	I:	D:
51322	52800	+	1	1.296311	I:	D:
52804	54069	+	1	1.294349	I:	D:
54082	55182	+	1	1.279900	I:	D:
55218	56639	+	3	1.283411	I:	D:
56639	57577	+	2	1.320334	I:	D:
57516	58745	+	3	1.313089	I:	D:
58864	60000	+	1	1.278658	I:	D:
60049	60897	+	1	1.312175	I:	D:
60991	61683	+	1	1.313493	I:	D:
61741	62652	+	1	1.325875	I:	D:
62722	62976	+	1	1.358121	I:	D:
63010	63792	+	1	1.291302	I:	D:
63799	64092	+	1	1.306037	I:	D:
64194	64328	+	3	1.359767	I:	D:
64490	65182	+	2	1.316847	I:	D:
65272	66531	-	1	1.337874	I:	D:
66734	68041	+	2	1.293774	I:	D:
68046	68696	+	3	1.311695	I:	D:
68760	69665	+	3	1.305102	I:	D:
69890	71335	-	2	1.297039	I:	D:
71353	72141	-	1	1.286862	I:	D:
72191	72652	-	2	1.340849	I:	D:
72539	74191	+	2	1.308876	I:	D:
74249	76048	+	2	1.302204	I:	D:
76066	76908	+	1	1.301910	I:	D:
77172	77840	+	3	1.287701	I:	D:
77873	79579	+	2	1.286723	I:	D:
79612	80610	+	1	1.312098	I:	D:
80594	82615	+	2	1.296953	I:	D:
82681	83181	+	1	1.296584	I:	D:
83413	84123	+	1	1.321223	I:	D:
84274	84954	+	1	1.310989	I:	D:
85285	87807	+	1	1.293442	I:	D:
88052	89032	+	2	1.298388	I:	D:
89060	89905	+	2	1.301348	I:	D:
89895	90437	+	3	1.295447	I:	D:
90445	91194	+	1	1.303303	I:	D:
91200	92330	+	3	1.308319	I:	D:
92308	93717	+	1	1.318959	I:	D:
93698	95158	+	2	1.315643	I:	D:
95155	96063	+	1	1.304335	I:	D:
96079	97008	+	1	1.302049	I:	D:
97029	98030	+	3	1.294802	I:	D:
98046	98987	+	3	1.335574	I:	D:
99362	99727	-	2	1.338778	I:	D:
99951	100889	+	3	1.342696	I:	D:
101045	101434	+	2	1.316723	I:	D:
101480	102550	-	2	1.338314	I:	D:
102669	103175	-	3	1.311204	I:	D:
103336	104115	-	1	1.309805	I:	D:
104119	105021	-	1	1.279218	I:	D:
105018	105857	-	3	1.302581	I:	D:
105955	106578	-	1	1.305329	I:	D:
107183	108406	+	2	1.286536	I:	D:
108504	108830	-	3	1.330934	I:	D:
109312	109737	-	1	1.317382	I:	D:
109747	110625	-	1	1.315836	I:	D:
110625	110894	-	3	1.328537	I:	D:
110903	111247	-	2	1.297735	I:	D:
111294	112493	-	3	1.344147	I:	D:
112543	114069	-	1	1.334259	I:	D:
114060	114902	-	3	1.321962	I:	D:
114902	118825	-	2	1.316095	I:	D:
118826	119428	-	2	1.336130	I:	D:
119428	119778	-	1	1.282241	I:	D:
119853	120389	-	3	1.305800	I:	D:
120403	120846	-	1	1.333439	I:	D:
120843	121139	-	3	1.346791	I:	D:
121223	121435	+	2	1.378524	I:	D:
121504	121851	-	1	1.333058	I:	D:
121855	122850	-	1	1.325181	I:	D:
122866	123441	-	1	1.320838	I:	D:
123785	125542	-	2	1.354913	I:	D:
125542	126984	-	1	1.309298	I:	D:
126985	128685	-	1	1.315940	I:	D:
128766	129494	-	3	1.366387	I:	D:
129704	129970	-	2	1.383937	I:	D:
130319	130945	-	2	1.384754	I:	D:
131172	131453	-	3	1.357215	I:	D:
131623	132366	-	1	1.369578	I:	D:
132363	132602	-	3	1.291925	I:	D:
132608	133024	-	2	1.297209	I:	D:
133014	133226	-	3	1.300543	I:	D:
133494	135833	-	3	1.319974	I:	D:
135830	137428	-	2	1.324243	I:	D:
137433	138032	-	3	1.323083	I:	D:
138048	139097	-	3	1.326263	I:	D:
139097	139435	-	2	1.340121	I:	D:
139423	140769	-	1	1.313674	I:	D:
140782	141111	-	1	1.331771	I:	D:
141196	141438	+	1	1.358725	I:	D:
141669	142274	-	3	1.399971	I:	D:
142332	142589	-	3	1.362757	I:	D:
142919	143119	-	2	1.285959	I:	D:
143218	143427	+	1	1.413604	I:	D:
143646	143840	-	3	1.344295	I:	D:
143901	144125	-	3	1.354772	I:	D:
144263	144937	+	2	1.378619	I:	D:
144951	145187	-	3	1.362978	I:	D:
145213	145530	+	1	1.364936	I:	D:
145561	146778	+	1	1.377753	I:	D:
147156	147542	+	3	1.285018	I:	D:
147603	150107	+	3	1.304514	I:	D:
150110	152563	+	2	1.284559	I:	D:
152667	153440	+	3	1.286333	I:	D:
153444	154115	+	3	1.267306	I:	D:
154253	155596	+	2	1.295907	I:	D:
155606	156280	+	2	1.302407	I:	D:
156283	158916	+	1	1.283157	I:	D:
159220	159543	+	1	1.291608	I:	D:
159559	159810	+	1	1.332577	I:	D:
159874	161277	+	1	1.282320	I:	D:
161309	162496	+	2	1.307937	I:	D:
162506	163768	+	2	1.282307	I:	D:
163768	164427	+	1	1.315200	I:	D:
164431	165486	+	1	1.301693	I:	D:
165495	165932	+	3	1.289559	I:	D:
166469	168010	+	2	1.294967	I:	D:
168029	168556	-	2	1.359553	I:	D:
168588	168971	-	3	1.366865	I:	D:
169005	169547	-	3	1.317439	I:	D:
169544	169984	-	2	1.319721	I:	D:
169985	172183	-	2	1.325358	I:	D:
172168	172752	-	1	1.306599	I:	D:
172749	173057	-	3	1.332967	I:	D:
173086	173301	-	1	1.310322	I:	D:
173324	174259	-	2	1.312572	I:	D:
174259	175233	-	1	1.311528	I:	D:
175203	176567	-	3	1.316515	I:	D:
176616	178277	-	3	1.342431	I:	D:
178322	179089	-	2	1.304127	I:	D:
179246	179806	+	2	1.342261	I:	D:
179852	180436	+	2	1.328137	I:	D:
180444	181517	+	3	1.305053	I:	D:
181518	181961	+	3	1.293395	I:	D:
182228	182437	+	2	1.353688	I:	D:
182473	182694	+	1	1.306901	I:	D:
182818	185295	+	1	1.284706	I:	D:
185437	185706	+	1	1.381236	I:	D:
185824	187149	-	1	1.296396	I:	D:
187316	187855	+	2	1.307932	I:	D:
187858	189204	+	1	1.277367	I:	D:
189232	189636	+	1	1.282768	I:	D:
189700	190740	+	1	1.313121	I:	D:
190730	191647	+	2	1.303068	I:	D:
191649	192464	+	3	1.299337	I:	D:
192445	193728	+	1	1.304158	I:	D:
193815	194870	+	3	1.296046	I:	D:
194886	195887	+	3	1.302480	I:	D:
195890	196417	+	2	1.295179	I:	D:
196430	198544	+	2	1.293278	I:	D:
198537	199730	+	3	1.294725	I:	D:
199758	200828	+	3	1.286688	I:	D:
201309	201716	+	3	1.362090	I:	D:
201825	202187	+	3	1.360067	I:	D:
202302	202760	-	3	1.302923	I:	D:
202822	203265	-	1	1.352652	I:	D:
203407	204114	-	1	1.333596	I:	D:
204178	206037	+	1	1.287342	I:	D:
206039	207880	+	2	1.282120	I:	D:
207890	208765	+	2	1.293326	I:	D:
209029	210666	+	1	1.299075	I:	D:
210666	211109	+	3	1.314993	I:	D:
211360	211752	-	1	1.378266	I:	D:
211834	211962	-	1	1.276732	I:	D:
211983	212849	-	3	1.306248	I:	D:
213140	214360	+	2	1.323092	I:	D:
214363	216090	+	1	1.329460	I:	D:
216068	216760	+	2	1.309854	I:	D:
217172	217603	+	2	1.302250	I:	D:
217624	218115	+	1	1.287491	I:	D:
218254	218964	-	1	1.300350	I:	D:
218990	220408	-	2	1.340070	I:	D:
220755	222143	+	3	1.365089	I:	D:
222190	222696	+	1	1.361309	I:	D:
222712	223446	+	1	1.342622	I:	D:
223446	224210	+	3	1.332598	I:	D:
224210	225184	+	2	1.308294	I:	D:
225438	230027	+	3	1.325755	I:	D:
230034	230537	-	3	1.315074	I:	D:
230538	231350	-	3	1.323405	I:	D:
231777	232448	+	3	1.324108	I:	D:
232450	233457	+	1	1.313532	I:	D:
233652	234335	+	3	1.300238	I:	D:
234332	237301	+	2	1.323402	I:	D:
237240	237683	+	3	1.387536	I:	D:
237801	240782	+	3	1.313788	I:	D:
240801	241145	+	3	1.296831	I:	D:
241190	241846	-	2	1.319229	I:	D:
241923	245636	+	3	1.296318	I:	D:
245733	247421	-	3	1.311740	I:	D:
247495	248298	-	1	1.299570	I:	D:
248477	248878	-	2	1.281765	I:	D:
248980	250302	-	1	1.323570	I:	D:
250350	251846	-	3	1.269549	I:	D:
251903	252673	-	2	1.282203	I:	D:
252677	254071	-	2	1.287955	I:	D:
254363	255850	+	2	1.299718	I:	D:
255883	257139	+	1	1.292359	I:	D:
257171	259441	+	2	1.299639	I:	D:
259662	260594	-	3	1.287318	I:	D:
260823	262238	+	3	1.283455	I:	D:
262307	263263	-	2	1.292062	I:	D:
263425	263973	-	1	1.334819	I:	D:
263995	264465	-	1	1.310522	I:	D:
264638	265141	+	2	1.312627	I:	D:
265256	266671	+	2	1.279828	I:	D:
266671	268989	+	1	1.305703	I:	D:
269196	269540	+	3	1.336520	I:	D:
269704	270573	+	1	1.308924	I:	D:
270579	271055	+	3	1.295491	I:	D:
271060	271278	+	1	1.244836	I:	D:
271297	272268	+	1	1.274679	I:	D:
272282	273205	+	2	1.282887	I:	D:
273229	274068	+	1	1.270348	I:	D:
274108	275394	+	1	1.297620	I:	D:
275405	275863	+	2	1.311481	I:	D:
275914	278562	+	1	1.300366	I:	D:
278864	279499	+	2	1.305906	I:	D:
279521	281368	+	2	1.292781	I:	D:
281373	282170	+	3	1.318170	I:	D:
282355	283293	+	1	1.297254	I:	D:
283294	284154	+	1	1.283509	I:	D:
284151	285047	+	3	1.297450	I:	D:
285116	285985	+	2	1.313758	I:	D:
286025	286816	+	2	1.323384	I:	D:
286865	288400	+	2	1.313092	I:	D:
288552	289076	-	3	1.318868	I:	D:
289332	290255	+	3	1.311875	I:	D:
290243	290926	+	2	1.313433	I:	D:
290998	292461	-	1	1.304632	I:	D:
292478	293221	-	2	1.301717	I:	D:
293184	294215	+	3	1.357690	I:	D:
294341	295387	-	2	1.343635	I:	D:
295847	296116	+	2	1.376456	I:	D:
296428	299658	-	1	1.268209	I:	D:
299905	300405	+	1	1.291147	I:	D:
300662	301174	+	2	1.292810	I:	D:
301253	302299	+	2	1.303376	I:	D:
302317	302799	+	1	1.359042	I:	D:
303153	304424	-	3	1.329178	I:	D:
304929	306095	+	3	1.301737	I:	D:
306200	306964	+	2	1.289114	I:	D:
306988	307872	+	1	1.288773	I:	D:
307940	309259	+	2	1.290803	I:	D:
309256	309558	+	1	1.325197	I:	D:
309740	310672	+	2	1.293814	I:	D:
310946	312988	+	2	1.299588	I:	D:
313059	313529	+	3	1.302465	I:	D:
313544	314212	+	2	1.297700	I:	D:
314241	315008	+	3	1.281013	I:	D:
315020	315724	+	2	1.279240	I:	D:
315737	316483	+	2	1.311297	I:	D:
316538	317668	+	2	1.307536	I:	D:
317674	318999	+	1	1.297055	I:	D:
318996	319670	+	3	1.283751	I:	D:
319680	320516	+	3	1.304570	I:	D:
320516	321364	+	2	1.297856	I:	D:
321378	322691	+	3	1.298628	I:	D:
322695	323339	+	3	1.291495	I:	D:
323343	324371	+	3	1.303269	I:	D:
324361	324831	+	1	1.306668	I:	D:
324858	325559	+	3	1.298232	I:	D:
325563	326783	+	3	1.314937	I:	D:
326786	327601	+	2	1.325039	I:	D:
327619	328497	+	1	1.316652	I:	D:
328516	329253	+	1	1.300540	I:	D:
329269	330318	+	1	1.298134	I:	D:
330395	331096	+	2	1.325603	I:	D:
331077	331406	+	3	1.273804	I:	D:
331577	331921	+	2	1.281752	I:	D:
332067	332846	+	3	1.304707	I:	D:
333014	333589	+	2	1.319010	I:	D:
333597	335147	+	3	1.325686	I:	D:
335165	336082	+	2	1.341444	I:	D:
336095	337501	+	2	1.298153	I:	D:
337505	338473	+	2	1.337262	I:	D:
338718	338864	+	3	1.364332	I:	D:
338994	341906	+	3	1.287078	I:	D:
341958	342749	+	3	1.272340	I:	D:
342965	344386	+	2	1.289898	I:	D:
344419	345060	+	1	1.303880	I:	D:
345069	346412	+	3	1.285597	I:	D:
346518	349181	+	3	1.295457	I:	D:
349347	349775	-	3	1.336312	I:	D:
349799	351712	+	2	1.284828	I:	D:
351861	352178	+	3	1.293161	I:	D:
352189	353181	+	1	1.297760	I:	D:
353275	354342	+	1	1.278087	I:	D:
354367	355536	+	1	1.316106	I:	D:
355552	355968	-	1	1.341116	I:	D:
355949	356251	-	2	1.334696	I:	D:
356412	357968	+	3	1.325694	I:	D:
358123	360006	-	1	1.275287	I:	D:
360037	360258	-	1	1.254116	I:	D:
360336	360695	-	3	1.281980	I:	D:
360772	361605	-	1	1.297438	I:	D:
361846	362070	+	1	1.300975	I:	D:
362301	363230	-	3	1.275785	I:	D:
363239	364015	-	2	1.286304	I:	D:
364244	365941	+	2	1.277620	I:	D:
365960	366361	+	2	1.316416	I:	D:
366372	367133	+	3	1.278811	I:	D:
367347	367913	+	3	1.283077	I:	D:
367913	368110	+	2	1.385699	I:	D:
368129	368500	+	2	1.309380	I:	D:
368500	369564	+	1	1.265707	I:	D:
369641	371557	+	2	1.293291	I:	D:
371569	372156	+	1	1.271458	I:	D:
372258	373157	+	3	1.320414	I:	D:
373167	375263	+	3	1.292178	I:	D:
375456	376205	+	3	1.295073	I:	D:
376785	377996	+	3	1.367011	I:	D:
378836	379738	+	2	1.343453	I:	D:
379819	381216	+	1	1.354780	I:	D:
381403	382767	-	1	1.292881	I:	D:
382782	383003	+	3	1.395715	I:	D:
383095	383742	+	1	1.297237	I:	D:
383762	388477	+	2	1.286536	I:	D:
388547	389443	+	2	1.292730	I:	D:
389502	390737	-	3	1.280893	I:	D:
390981	391397	+	3	1.274894	I:	D:
391518	392318	+	3	1.298767	I:	D:
392358	392819	+	3	1.304091	I:	D:
393154	394569	+	1	1.301656	I:	D:
394701	394910	-	3	1.355767	I:	D:
395067	396302	+	3	1.333886	I:	D:
396319	397089	+	1	1.351859	I:	D:
397104	397592	+	3	1.339943	I:	D:
397641	398300	+	3	1.333585	I:	D:
398404	399291	+	1	1.296473	I:	D:
399304	399555	+	1	1.302598	I:	D:
400037	402358	+	2	1.282039	I:	D:
402358	402894	+	1	1.334602	I:	D:
403269	405983	+	3	1.328913	I:	D:
405973	409680	+	1	1.320612	I:	D:
409765	411069	+	1	1.295605	I:	D:
411115	411732	+	1	1.270132	I:	D:
411753	413033	+	3	1.309934	I:	D:
413105	415747	+	2	1.291644	I:	D:
415793	416203	+	2	1.312875	I:	D:
416226	417359	+	3	1.297815	I:	D:
417387	417941	+	3	1.306683	I:	D:
418061	419233	+	2	1.306277	I:	D:
419339	419911	+	2	1.275608	I:	D:
419904	421001	+	3	1.296501	I:	D:
421016	422236	+	2	1.298782	I:	D:
422269	422829	+	1	1.280796	I:	D:
422957	424855	+	2	1.303268	I:	D:
424856	426205	+	2	1.279664	I:	D:
426205	426549	+	1	1.277810	I:	D:
426559	426990	+	1	1.289166	I:	D:
426983	427267	+	2	1.280446	I:	D:
427319	429193	+	2	1.294531	I:	D:
429222	430097	+	3	1.303459	I:	D:
430182	430745	-	3	1.303072	I:	D:
430922	432196	+	2	1.297852	I:	D:
432284	432622	+	2	1.306778	I:	D:
432729	434249	+	3	1.299379	I:	D:
434329	435282	+	1	1.310654	I:	D:
435514	437514	+	1	1.361680	I:	D:
437530	439365	+	1	1.342350	I:	D:
439476	441008	+	3	1.349015	I:	D:
441148	441675	+	1	1.305145	I:	D:
441678	442895	+	3	1.289151	I:	D:
442917	443186	+	3	1.327701	I:	D:
443207	445933	+	2	1.275090	I:	D:
445936	446313	+	1	1.283390	I:	D:
446317	447372	+	1	1.307636	I:	D:
447425	448423	+	2	1.304337	I:	D:
448407	449339	+	3	1.298165	I:	D:
449363	449950	-	2	1.315724	I:	D:
449960	451441	-	2	1.293754	I:	D:
451504	451971	-	1	1.330853	I:	D:
452197	454050	+	1	1.295087	I:	D:
454144	454674	+	1	1.317165	I:	D:
454697	455656	+	2	1.307553	I:	D:
455646	457040	+	3	1.302286	I:	D:
457194	457781	+	3	1.287653	I:	D:
457784	458722	+	2	1.287301	I:	D:
458706	460001	+	3	1.289345	I:	D:
460058	460837	+	2	1.315928	I:	D:
460838	461752	+	2	1.294714	I:	D:
461746	462456	+	1	1.296368	I:	D:
462459	462938	+	3	1.296340	I:	D:
463225	463533	+	1	1.304073	I:	D:
463537	464097	+	1	1.345581	I:	D:
464109	464369	+	3	1.302506	I:	D:
464463	465680	+	3	1.315628	I:	D:
465782	466519	+	2	1.339943	I:	D:
466523	468874	+	2	1.327879	I:	D:
468879	469844	+	3	1.313911	I:	D:
469953	470942	-	3	1.282061	I:	D:
471085	472104	+	1	1.300078	I:	D:
472235	473527	-	2	1.321576	I:	D:
473616	474746	+	3	1.310560	I:	D:
474865	475737	-	1	1.289763	I:	D:
475900	478725	+	1	1.301933	I:	D:
478783	479253	+	1	1.303911	I:	D:
479266	480312	+	1	1.310678	I:	D:
480429	481157	-	3	1.311596	I:	D:
481116	482510	+	3	1.297986	I:	D:
482516	483328	+	2	1.296205	I:	D:
483517	485925	+	1	1.329394	I:	D:
486572	488053	+	2	1.289281	I:	D:
488097	489008	+	3	1.293218	I:	D:
489166	491094	+	1	1.296162	I:	D:
491110	491991	+	1	1.305754	I:	D:
492001	492447	+	1	1.318007	I:	D:
492453	493037	+	3	1.296513	I:	D:
493040	494128	+	2	1.306169	I:	D:
494133	494606	+	3	1.346044	I:	D:
494680	495339	+	1	1.314408	I:	D:
495332	497908	+	2	1.313581	I:	D:
497911	499233	+	1	1.314362	I:	D:
499233	499655	+	3	1.286842	I:	D:
499642	501075	+	1	1.304395	I:	D:
501103	501537	+	1	1.296274	I:	D:
501595	503322	+	1	1.312758	I:	D:
503336	503920	+	2	1.299913	I:	D:
503923	504336	+	1	1.267531	I:	D:
504414	505733	+	3	1.291032	I:	D:
505738	506676	+	1	1.320092	I:	D:
506696	507670	-	2	1.303741	I:	D:
507741	508178	+	3	1.305107	I:	D:
508317	509654	+	3	1.326259	I:	D:
510074	510349	-	2	1.375959	I:	D:
>Y6.M001_3
210	773	-	3	1.292715	I:	D:
877	1722	+	1	1.337150	I:	D:
1806	2030	+	3	1.358227	I:	D:
2399	3577	-	2	1.304424	I:	D:
4089	4583	-	3	1.326197	I:	D:
4871	5809	-	2	1.291322	I:	D:
5901	6347	-	3	1.311317	I:	D:
6334	7134	-	1	1.301777	I:	D:
7216	7818	-	1	1.295400	I:	D:
7854	8141	-	3	1.381565	I:	D:
8189	8605	-	2	1.328711	I:	D:
8609	9472	-	2	1.327313	I:	D:
9494	10774	-	2	1.286103	I:	D:
10973	11161	+	2	1.275760	I:	D:
11227	12102	+	1	1.308495	I:	D:
12286	12504	+	1	1.317888	I:	D:
12507	13781	+	3	1.346575	I:	D:
13929	14963	+	3	1.317534	I:	D:
15173	16621	-	2	1.294396	I:	D:
16772	16903	+	2	1.292127	I:	D:
16909	17523	+	1	1.317080	I:	D:
17722	18849	-	1	1.330223	I:	D:
18951	20168	-	3	1.339243	I:	D:
20243	21130	-	2	1.316703	I:	D:
21153	22373	-	3	1.340283	I:	D:
22557	23225	+	3	1.332058	I:	D:
23331	24050	-	3	1.313003	I:	D:
24102	25151	-	3	1.324202	I:	D:
25178	25471	-	2	1.297345	I:	D:
25550	26572	-	2	1.299847	I:	D:
26615	28705	-	2	1.294979	I:	D:
28852	29475	-	1	1.322274	I:	D:
29654	30046	-	2	1.304410	I:	D:
30046	30483	-	1	1.298832	I:	D:
30485	30706	+	2	1.355686	I:	D:
30807	31802	-	3	1.305243	I:	D:
31986	33266	+	3	1.300733	I:	D:
33270	33434	+	3	1.379207	I:	D:
33463	34749	-	1	1.274813	I:	D:
34873	36231	-	1	1.284324	I:	D:
36433	38001	-	1	1.314652	I:	D:
38007	40124	-	3	1.306166	I:	D:
40280	40723	+	2	1.298519	I:	D:
40724	42199	-	2	1.305231	I:	D:
42363	42986	-	3	1.309388	I:	D:
43066	45219	+	1	1.296934	I:	D:
45714	47354	-	3	1.295073	I:	D:
47379	47795	-	3	1.352306	I:	D:
47526	48866	+	3	1.306555	I:	D:
49002	49793	-	3	1.294788	I:	D:
49996	50904	-	1	1.296458	I:	D:
51091	53070	-	1	1.306141	I:	D:
53074	53622	-	1	1.308136	I:	D:
53725	54591	-	1	1.299418	I:	D:
54609	55247	-	3	1.308765	I:	D:
55250	56410	-	2	1.281728	I:	D:
56561	58141	-	2	1.294292	I:	D:
58231	59295	+	1	1.266795	I:	D:
59471	60856	-	2	1.315113	I:	D:
60955	61134	+	1	1.378465	I:	D:
61304	62332	-	2	1.310376	I:	D:
62276	63886	+	2	1.323859	I:	D:
64074	66017	+	3	1.311000	I:	D:
66203	66700	+	2	1.317889	I:	D:
66788	70822	-	2	1.365284	I:	D:
70825	71652	-	1	1.363026	I:	D:
72050	75196	-	2	1.377217	I:	D:
75463	75672	+	1	1.376956	I:	D:
76005	76319	-	3	1.320526	I:	D:
76364	76675	+	2	1.378047	I:	D:
76901	77749	+	2	1.355613	I:	D:
77773	78348	-	1	1.321244	I:	D:
78362	79381	-	2	1.339174	I:	D:
79388	80296	-	2	1.340292	I:	D:
80293	81195	-	1	1.329573	I:	D:
81312	82550	-	3	1.388295	I:	D:
82980	83132	-	3	1.348739	I:	D:
83011	84300	+	1	1.383067	I:	D:
84272	85732	+	2	1.371790	I:	D:
85848	87170	+	3	1.355352	I:	D:
87185	87982	+	2	1.370506	I:	D:
87972	88898	+	3	1.364930	I:	D:
88958	90040	+	2	1.365329	I:	D:
90110	91012	+	2	1.389248	I:	D:
91053	92096	-	3	1.360404	I:	D:
92127	93248	-	3	1.375570	I:	D:
93258	94226	-	3	1.348056	I:	D:
94226	95575	-	2	1.357553	I:	D:
95607	96356	-	3	1.363091	I:	D:
96379	97791	-	1	1.358062	I:	D:
97899	98063	+	3	1.396991	I:	D:
98076	99389	+	3	1.375249	I:	D:
99527	100783	+	2	1.358751	I:	D:
100797	102215	-	3	1.364572	I:	D:
102297	103343	-	3	1.351545	I:	D:
103408	104580	-	1	1.340841	I:	D:
104591	105286	-	2	1.366172	I:	D:
105273	106154	-	3	1.360878	I:	D:
106151	106669	-	2	1.377602	I:	D:
106678	107823	-	1	1.346741	I:	D:
107834	109141	-	2	1.335664	I:	D:
109146	110054	-	3	1.363293	I:	D:
110095	111441	-	1	1.377519	I:	D:
111438	112379	-	3	1.357763	I:	D:
112372	113214	-	1	1.360597	I:	D:
113260	114405	-	1	1.356935	I:	D:
114632	116068	-	2	1.301286	I:	D:
116207	117850	-	2	1.328849	I:	D:
117898	121374	-	1	1.287974	I:	D:
121749	122207	+	3	1.320626	I:	D:
122579	124243	-	2	1.297632	I:	D:
124277	125149	-	2	1.299610	I:	D:
125386	125931	-	1	1.307667	I:	D:
125941	126783	-	1	1.287052	I:	D:
126998	129574	-	2	1.285942	I:	D:
129595	131106	-	1	1.291565	I:	D:
131220	131687	-	3	1.260167	I:	D:
131782	132123	-	1	1.252910	I:	D:
132282	132536	-	3	1.362905	I:	D:
132842	133924	-	2	1.307594	I:	D:
134256	135959	-	3	1.304686	I:	D:
136131	136694	+	3	1.284607	I:	D:
137105	137938	-	2	1.303048	I:	D:
137956	138609	-	1	1.286650	I:	D:
138747	139601	-	3	1.287719	I:	D:
139699	140382	+	1	1.323670	I:	D:
140639	142027	-	2	1.320293	I:	D:
142318	142746	+	1	1.309544	I:	D:
142752	143060	-	3	1.304903	I:	D:
142743	144332	+	3	1.320489	I:	D:
144365	144814	+	2	1.323472	I:	D:
144872	145345	+	2	1.302859	I:	D:
145353	146465	-	3	1.301791	I:	D:
146652	147944	+	3	1.319148	I:	D:
147961	148455	+	1	1.336401	I:	D:
148702	149841	-	1	1.289227	I:	D:
149899	150039	+	1	1.331298	I:	D:
150101	150517	+	2	1.295245	I:	D:
150623	151822	+	2	1.301852	I:	D:
151949	152632	-	2	1.288918	I:	D:
152716	153576	-	1	1.304583	I:	D:
153579	154202	-	3	1.348051	I:	D:
154214	156712	-	2	1.303207	I:	D:
157029	158426	+	3	1.329248	I:	D:
158446	158790	-	1	1.292594	I:	D:
158910	159746	+	3	1.297859	I:	D:
159749	161197	+	2	1.304111	I:	D:
161194	162381	+	1	1.311376	I:	D:
162423	163439	+	3	1.315720	I:	D:
163488	164024	+	3	1.289479	I:	D:
164239	164508	-	1	1.375024	I:	D:
164585	164971	-	2	1.334308	I:	D:
165024	165989	-	3	1.330637	I:	D:
166136	167140	-	2	1.342073	I:	D:
167264	167731	-	2	1.311976	I:	D:
167728	169005	-	1	1.288313	I:	D:
169062	170987	-	3	1.301905	I:	D:
170994	172316	-	3	1.284497	I:	D:
172505	173839	+	2	1.317184	I:	D:
173839	174561	+	1	1.312772	I:	D:
174599	175417	-	2	1.290438	I:	D:
175419	176753	-	3	1.304322	I:	D:
176869	178809	-	1	1.297477	I:	D:
179112	180455	-	3	1.298139	I:	D:
180550	181356	+	1	1.320041	I:	D:
181375	183003	+	1	1.302689	I:	D:
183087	184031	-	3	1.322811	I:	D:
184209	184883	-	3	1.308791	I:	D:
184880	185794	-	2	1.287982	I:	D:
185962	187611	+	1	1.335923	I:	D:
187727	190318	-	2	1.352349	I:	D:
190692	191597	-	3	1.286900	I:	D:
191612	192466	-	2	1.292576	I:	D:
192533	192802	-	2	1.295308	I:	D:
192925	193491	-	1	1.301025	I:	D:
193627	194424	-	1	1.306967	I:	D:
194433	195110	-	3	1.293787	I:	D:
195202	196077	-	1	1.284447	I:	D:
196271	197725	-	2	1.296747	I:	D:
197765	198475	-	2	1.282067	I:	D:
198680	200146	+	2	1.331284	I:	D:
200234	201577	-	2	1.289395	I:	D:
201652	202323	-	1	1.299305	I:	D:
202333	202992	-	1	1.317514	I:	D:
203166	203969	-	3	1.334869	I:	D:
204143	204988	-	2	1.353646	I:	D:
205066	205740	-	1	1.316162	I:	D:
205836	207851	-	3	1.310172	I:	D:
207855	208349	-	3	1.320989	I:	D:
208575	209651	-	3	1.300562	I:	D:
209601	209885	+	3	1.305526	I:	D:
209894	212419	-	2	1.291073	I:	D:
212425	214146	-	1	1.303155	I:	D:
214224	215045	-	3	1.298047	I:	D:
215311	220071	-	1	1.305989	I:	D:
220085	222262	-	2	1.305156	I:	D:
222383	222859	+	2	1.391075	I:	D:
222890	224182	-	2	1.274593	I:	D:
224234	225529	-	2	1.303094	I:	D:
225570	227813	-	3	1.301297	I:	D:
227806	229062	-	1	1.311526	I:	D:
229104	230492	-	3	1.316759	I:	D:
230634	231209	-	3	1.267178	I:	D:
231222	231482	-	3	1.315151	I:	D:
231505	231966	-	1	1.310625	I:	D:
232096	232425	-	1	1.304621	I:	D:
232837	233850	+	1	1.291042	I:	D:
233922	234485	-	3	1.272322	I:	D:
234674	234832	+	2	1.389245	I:	D:
234883	235683	-	1	1.340760	I:	D:
235682	235819	+	2	1.346062	I:	D:
235914	236276	-	3	1.336054	I:	D:
236422	239178	-	1	1.277959	I:	D:
239224	239604	-	1	1.304531	I:	D:
239608	240588	-	1	1.304348	I:	D:
240659	241294	-	2	1.273562	I:	D:
241297	243204	-	1	1.279167	I:	D:
243310	243555	+	1	1.375264	I:	D:
243628	243816	-	1	1.350474	I:	D:
243947	244225	-	2	1.308642	I:	D:
244320	245339	-	3	1.286802	I:	D:
245356	245778	-	1	1.293161	I:	D:
245800	246054	-	1	1.275369	I:	D:
245536	246234	+	1	1.376836	I:	D:
246361	247545	-	1	1.295630	I:	D:
247560	248072	-	3	1.329586	I:	D:
248083	248745	-	1	1.304106	I:	D:
248886	250649	-	3	1.303565	I:	D:
250778	251281	-	2	1.331730	I:	D:
251427	252212	+	3	1.306552	I:	D:
252216	253013	-	3	1.320885	I:	D:
253251	254123	-	3	1.295014	I:	D:
254198	254725	-	2	1.340519	I:	D:
254737	255405	-	1	1.327552	I:	D:
255448	256479	-	1	1.306235	I:	D:
256719	257270	+	3	1.323035	I:	D:
257592	258554	-	3	1.337877	I:	D:
258705	258857	-	3	1.344933	I:	D:
258972	262634	-	3	1.311729	I:	D:
262669	262824	-	1	1.349795	I:	D:
262918	264282	-	1	1.327736	I:	D:
264263	267379	-	2	1.326875	I:	D:
267448	267774	-	1	1.356810	I:	D:
268086	269036	-	3	1.322128	I:	D:
269188	270243	+	1	1.349188	I:	D:
270318	271604	-	3	1.334028	I:	D:
271597	272661	-	1	1.329441	I:	D:
272731	273414	-	1	1.335581	I:	D:
273443	274039	-	2	1.317636	I:	D:
274129	274902	-	1	1.328485	I:	D:
275225	275578	-	2	1.356705	I:	D:
275600	275734	-	2	1.348477	I:	D:
275807	276319	-	2	1.357303	I:	D:
276220	276429	+	1	1.348700	I:	D:
276423	276647	+	3	1.347406	I:	D:
276925	277812	+	1	1.342391	I:	D:
277894	279507	+	1	1.344534	I:	D:
280029	281126	+	3	1.333551	I:	D:
281184	282311	+	3	1.348255	I:	D:
282313	282852	+	1	1.335486	I:	D:
283028	284968	+	2	1.312367	I:	D:
285040	287547	+	1	1.301802	I:	D:
287616	288272	+	3	1.331207	I:	D:
288858	289739	-	3	1.304070	I:	D:
289997	291817	+	2	1.293742	I:	D:
291987	293180	+	3	1.316478	I:	D:
293302	294105	+	1	1.319774	I:	D:
294166	294501	+	1	1.400774	I:	D:
294534	294689	-	3	1.364960	I:	D:
294773	294994	+	2	1.384072	I:	D:
295358	295597	-	2	1.383392	I:	D:
295852	297171	+	1	1.317493	I:	D:
297235	297378	+	1	1.309721	I:	D:
297393	298913	+	3	1.314200	I:	D:
298914	299642	+	3	1.321103	I:	D:
299648	300646	+	2	1.312530	I:	D:
300759	302033	+	3	1.317451	I:	D:
302043	303023	+	3	1.316233	I:	D:
303034	304332	+	1	1.303734	I:	D:
304530	305246	+	3	1.296955	I:	D:
305575	306516	+	1	1.315042	I:	D:
306521	307936	+	2	1.305628	I:	D:
307951	308862	+	1	1.309625	I:	D:
309063	309533	+	3	1.306208	I:	D:
309616	311604	+	1	1.316770	I:	D:
311597	312223	+	2	1.282676	I:	D:
312373	313608	+	1	1.293179	I:	D:
313808	314008	+	2	1.364457	I:	D:
314135	315742	+	2	1.300125	I:	D:
316079	316315	-	2	1.303792	I:	D:
316493	317353	+	2	1.310339	I:	D:
317943	318941	+	3	1.288359	I:	D:
319025	319723	-	2	1.322616	I:	D:
319843	321156	-	1	1.291196	I:	D:
321166	322518	-	1	1.278437	I:	D:
322575	322862	+	3	1.350971	I:	D:
322971	323120	+	3	1.358211	I:	D:
323334	324602	+	3	1.319504	I:	D:
324604	326538	+	1	1.318396	I:	D:
326626	327537	+	1	1.333523	I:	D:
327652	328491	+	1	1.293847	I:	D:
328634	331351	+	2	1.307432	I:	D:
331437	332804	+	3	1.317296	I:	D:
332961	333908	+	3	1.325477	I:	D:
334193	335077	-	2	1.294200	I:	D:
335408	338065	+	2	1.323468	I:	D:
338138	339598	-	2	1.296566	I:	D:
339954	341063	+	3	1.303332	I:	D:
341162	341701	-	2	1.321290	I:	D:
341703	343025	-	3	1.320492	I:	D:
343059	343946	-	3	1.316647	I:	D:
343987	345126	-	1	1.302591	I:	D:
345229	345891	-	1	1.353750	I:	D:
345900	347180	-	3	1.298820	I:	D:
347468	347923	+	2	1.288679	I:	D:
347978	348406	-	2	1.328095	I:	D:
348554	349486	+	2	1.302710	I:	D:
349644	349985	+	3	1.304593	I:	D:
350009	350611	+	2	1.311700	I:	D:
350687	353314	-	2	1.320560	I:	D:
353451	354344	-	3	1.345222	I:	D:
354360	355829	-	3	1.271997	I:	D:
355849	356283	-	1	1.337007	I:	D:
356409	357239	-	3	1.324091	I:	D:
357294	357785	-	3	1.308494	I:	D:
357958	359460	+	1	1.304849	I:	D:
359468	360001	-	2	1.292623	I:	D:
360020	360775	-	2	1.305599	I:	D:
360904	361065	+	1	1.386268	I:	D:
361074	361937	-	3	1.294475	I:	D:
361937	363427	-	2	1.340972	I:	D:
363658	364140	+	1	1.332398	I:	D:
364257	365378	-	3	1.331666	I:	D:
365624	366727	+	2	1.300624	I:	D:
366831	367718	-	3	1.282735	I:	D:
367891	368415	+	1	1.291148	I:	D:
368427	369233	+	3	1.299044	I:	D:
369299	369955	-	2	1.319443	I:	D:
370113	372218	-	3	1.309353	I:	D:
372559	373641	-	1	1.338965	I:	D:
374017	374652	+	1	1.327883	I:	D:
374673	375995	-	3	1.322263	I:	D:
376133	376612	+	2	1.326966	I:	D:
376665	377072	-	3	1.307513	I:	D:
377081	377320	-	2	1.330419	I:	D:
377480	378157	-	2	1.348880	I:	D:
378295	381837	-	1	1.362880	I:	D:
381876	385064	-	3	1.332320	I:	D:
385080	386081	-	3	1.385061	I:	D:
386173	387768	-	1	1.333622	I:	D:
387771	387974	-	3	1.359487	I:	D:
388555	389403	-	1	1.286068	I:	D:
389406	390923	-	3	1.313128	I:	D:
390985	391797	-	1	1.280127	I:	D:
391963	393927	-	1	1.322231	I:	D:
394072	395976	-	1	1.281925	I:	D:
396164	396958	-	2	1.299450	I:	D:
396968	397483	-	2	1.360359	I:	D:
397223	397750	+	2	1.299144	I:	D:
397990	401739	+	1	1.293070	I:	D:
401834	402091	+	2	1.300805	I:	D:
402238	403191	-	1	1.279036	I:	D:
403445	406147	+	2	1.325810	I:	D:
>Y6.M001_4
555	2096	+	3	1.319642	I:	D:
2250	3167	-	3	1.303456	I:	D:
3266	5002	-	2	1.307162	I:	D:
5180	5917	+	2	1.304561	I:	D:
5917	7062	+	1	1.321516	I:	D:
7205	10054	+	2	1.306876	I:	D:
10051	10368	+	1	1.266584	I:	D:
10647	12200	+	3	1.307367	I:	D:
12267	13205	-	3	1.296944	I:	D:
13411	14232	+	1	1.303969	I:	D:
14397	17936	+	3	1.295970	I:	D:
17937	22355	+	3	1.286405	I:	D:
22515	23816	+	3	1.313289	I:	D:
23839	24258	+	1	1.297912	I:	D:
24342	25682	+	3	1.293868	I:	D:
25697	27679	-	2	1.309062	I:	D:
28121	28918	+	2	1.275403	I:	D:
29109	30251	+	3	1.343838	I:	D:
30303	31268	+	3	1.321244	I:	D:
31364	32386	+	2	1.309148	I:	D:
32778	33887	+	3	1.293936	I:	D:
33903	34814	+	3	1.306844	I:	D:
34902	36269	+	3	1.310379	I:	D:
36361	37335	+	1	1.293823	I:	D:
37338	37904	+	3	1.315125	I:	D:
37974	41306	+	3	1.309022	I:	D:
41311	43650	+	1	1.294488	I:	D:
43692	44378	+	3	1.303194	I:	D:
44466	45098	+	3	1.289198	I:	D:
45263	46543	+	2	1.295490	I:	D:
46547	47587	+	2	1.288575	I:	D:
47742	48959	+	3	1.320956	I:	D:
48823	49137	+	1	1.349695	I:	D:
49520	52189	+	2	1.321069	I:	D:
52231	52359	+	1	1.326399	I:	D:
52386	55142	+	3	1.291952	I:	D:
55193	56275	+	2	1.302833	I:	D:
56301	57134	+	3	1.318926	I:	D:
57127	58101	+	1	1.304361	I:	D:
58141	58977	+	1	1.309193	I:	D:
58970	59884	+	2	1.300725	I:	D:
59915	61153	+	2	1.303877	I:	D:
61169	63211	+	2	1.313152	I:	D:
63320	64387	+	2	1.295332	I:	D:
64390	64860	+	1	1.315710	I:	D:
64875	65345	+	3	1.310523	I:	D:
65516	65701	-	2	1.228292	I:	D:
65963	66151	+	2	1.355172	I:	D:
66272	66616	+	2	1.327203	I:	D:
66662	68290	+	2	1.293532	I:	D:
68300	70540	+	2	1.303840	I:	D:
70558	71136	+	1	1.335166	I:	D:
71137	71622	+	1	1.310296	I:	D:
71739	72212	+	3	1.284514	I:	D:
72212	72763	+	2	1.306389	I:	D:
72912	73091	+	3	1.378577	I:	D:
73205	74230	+	2	1.305340	I:	D:
74267	75088	+	2	1.316252	I:	D:
75098	78655	+	2	1.294260	I:	D:
78657	79574	+	3	1.274362	I:	D:
79564	80976	+	1	1.273646	I:	D:
81107	81352	+	2	1.314562	I:	D:
81355	81609	+	1	1.292261	I:	D:
81714	82124	+	3	1.314910	I:	D:
82177	82899	+	1	1.309881	I:	D:
83041	83613	+	1	1.289852	I:	D:
83680	84627	+	1	1.300875	I:	D:
84632	86716	+	2	1.295402	I:	D:
86832	87728	+	3	1.325703	I:	D:
87768	90488	+	3	1.292562	I:	D:
90659	90820	+	2	1.370882	I:	D:
91212	91352	+	3	1.370383	I:	D:
91695	93146	+	3	1.316366	I:	D:
93154	93312	+	1	1.364627	I:	D:
93337	95007	+	1	1.319221	I:	D:
95175	96620	+	3	1.319275	I:	D:
96910	99519	+	1	1.314685	I:	D:
99516	101702	+	3	1.308149	I:	D:
101768	102796	-	2	1.318260	I:	D:
102914	104200	+	2	1.319909	I:	D:
104231	105214	-	2	1.298987	I:	D:
105377	106222	+	2	1.317668	I:	D:
106235	107959	+	2	1.315473	I:	D:
107956	109677	+	1	1.316825	I:	D:
109784	111277	+	2	1.301442	I:	D:
111280	112311	+	1	1.303704	I:	D:
112646	114352	+	2	1.295465	I:	D:
114418	116160	+	1	1.290266	I:	D:
116163	116648	+	3	1.298158	I:	D:
116706	117701	+	3	1.296481	I:	D:
117844	119436	+	1	1.294395	I:	D:
119622	119846	-	3	1.359049	I:	D:
119824	121041	+	1	1.285612	I:	D:
121067	122170	+	2	1.347746	I:	D:
122258	122860	+	2	1.283666	I:	D:
122857	124977	+	1	1.289424	I:	D:
124992	128072	-	3	1.307007	I:	D:
128205	129134	-	3	1.309700	I:	D:
129242	131077	+	2	1.300461	I:	D:
131117	131986	+	2	1.310489	I:	D:
132044	133210	+	2	1.291280	I:	D:
133259	133900	+	2	1.298925	I:	D:
133932	135500	+	3	1.292743	I:	D:
135571	136449	-	1	1.330780	I:	D:
136523	136873	-	2	1.335454	I:	D:
136724	138343	+	2	1.302379	I:	D:
138447	139715	+	3	1.299095	I:	D:
139725	140222	+	3	1.286418	I:	D:
140232	141341	+	3	1.285111	I:	D:
141357	142715	+	3	1.302848	I:	D:
142783	144561	+	1	1.286990	I:	D:
144626	146125	+	2	1.315961	I:	D:
146139	147092	+	3	1.325284	I:	D:
147105	147698	+	3	1.319638	I:	D:
147896	148339	-	2	1.340670	I:	D:
148405	148854	-	1	1.339572	I:	D:
148976	149383	-	2	1.338627	I:	D:
149490	150116	+	3	1.321983	I:	D:
150129	151412	-	3	1.330736	I:	D:
151468	152478	-	1	1.329758	I:	D:
152483	153844	-	2	1.326951	I:	D:
153864	154169	-	3	1.311284	I:	D:
154085	154228	+	2	1.379450	I:	D:
154289	155404	-	2	1.329985	I:	D:
155435	156970	-	2	1.293454	I:	D:
157201	157794	-	1	1.311378	I:	D:
157815	158861	-	3	1.290249	I:	D:
159085	160263	-	1	1.318182	I:	D:
160253	161533	-	2	1.304569	I:	D:
161608	162105	-	1	1.307597	I:	D:
162140	163348	-	2	1.336429	I:	D:
163366	165921	-	1	1.314779	I:	D:
165980	167827	-	2	1.301932	I:	D:
167891	168793	-	2	1.298833	I:	D:
168895	169656	-	1	1.313169	I:	D:
169703	170080	-	2	1.338360	I:	D:
170130	172388	-	3	1.297709	I:	D:
172450	172737	-	1	1.284739	I:	D:
172890	173663	-	3	1.340551	I:	D:
173670	174581	-	3	1.278442	I:	D:
174584	174964	-	2	1.314134	I:	D:
174973	175470	-	1	1.271195	I:	D:
175476	176441	-	3	1.297255	I:	D:
176426	177622	-	2	1.322841	I:	D:
177622	178416	-	1	1.314726	I:	D:
178426	179550	-	1	1.298697	I:	D:
179574	180560	-	3	1.301334	I:	D:
180729	181877	-	3	1.316259	I:	D:
181874	182854	-	2	1.297301	I:	D:
182873	184678	-	2	1.288641	I:	D:
184984	185541	+	1	1.290175	I:	D:
185776	186591	+	1	1.298607	I:	D:
186731	187099	-	2	1.304847	I:	D:
187243	188121	-	1	1.330119	I:	D:
188127	188681	-	3	1.337385	I:	D:
188666	189619	-	2	1.315297	I:	D:
189657	191237	-	3	1.303899	I:	D:
191339	192589	-	2	1.313751	I:	D:
192730	192978	-	1	1.290817	I:	D:
193020	194504	-	3	1.304958	I:	D:
194514	195179	-	3	1.311038	I:	D:
195284	196438	-	2	1.311275	I:	D:
196593	197000	-	3	1.331899	I:	D:
197031	197234	-	3	1.288981	I:	D:
197453	198298	-	2	1.289188	I:	D:
198337	198561	+	1	1.378935	I:	D:
198846	199607	-	3	1.302290	I:	D:
199642	200871	-	1	1.306929	I:	D:
201222	202058	+	3	1.303524	I:	D:
202202	203170	+	2	1.299284	I:	D:
203196	204149	-	3	1.307015	I:	D:
204462	204722	-	3	1.319727	I:	D:
204784	206340	-	1	1.309054	I:	D:
206344	207123	-	1	1.290467	I:	D:
207133	208317	-	1	1.289107	I:	D:
208391	209395	-	2	1.294942	I:	D:
209640	210584	-	3	1.299361	I:	D:
210589	211722	-	1	1.305378	I:	D:
211719	212672	-	3	1.301081	I:	D:
212677	214614	-	1	1.306695	I:	D:
214660	216693	-	1	1.310142	I:	D:
217032	217199	-	3	1.371351	I:	D:
217265	218440	-	2	1.324769	I:	D:
218696	219628	+	2	1.312289	I:	D:
219772	221103	-	1	1.303540	I:	D:
221209	222927	-	1	1.293565	I:	D:
223014	224006	-	3	1.304704	I:	D:
224138	226375	-	2	1.305877	I:	D:
226394	226804	-	2	1.324445	I:	D:
227101	228147	-	1	1.300519	I:	D:
228238	229098	-	1	1.309683	I:	D:
229361	230236	-	2	1.376963	I:	D:
230337	231383	-	3	1.332008	I:	D:
231488	232345	-	2	1.345169	I:	D:
232459	232671	-	1	1.369056	I:	D:
>Y6.M001_5
1	150	-	1	1.392665	I:	D:
283	786	-	1	1.306501	I:	D:
1552	2751	+	1	1.305627	I:	D:
2752	3930	+	1	1.275008	I:	D:
3954	4550	-	3	1.320446	I:	D:
4557	4865	-	3	1.263012	I:	D:
4914	7448	-	3	1.339013	I:	D:
7466	8164	-	2	1.303469	I:	D:
8336	9583	-	2	1.318263	I:	D:
9628	11145	-	1	1.322307	I:	D:
11241	12509	-	3	1.309182	I:	D:
12617	13486	-	2	1.284420	I:	D:
13563	14549	-	3	1.299225	I:	D:
14677	15912	+	1	1.298725	I:	D:
16120	16662	-	1	1.294938	I:	D:
16701	17462	-	3	1.300125	I:	D:
17625	19298	+	3	1.306465	I:	D:
19301	19669	+	2	1.300427	I:	D:
19784	20854	-	2	1.297136	I:	D:
20928	21371	-	3	1.331731	I:	D:
21371	21787	-	2	1.314505	I:	D:
21784	22395	-	1	1.293835	I:	D:
22392	22718	-	3	1.314034	I:	D:
22749	23801	-	3	1.311623	I:	D:
23897	25084	+	2	1.345678	I:	D:
25361	26242	-	2	1.299738	I:	D:
26605	29103	-	1	1.315803	I:	D:
29176	29703	-	1	1.316796	I:	D:
29793	31904	-	3	1.298855	I:	D:
32108	33514	-	2	1.277869	I:	D:
33646	34932	-	1	1.288724	I:	D:
34992	36467	-	3	1.289737	I:	D:
36516	37460	-	3	1.290244	I:	D:
37530	38807	-	3	1.292284	I:	D:
38838	39908	-	3	1.316691	I:	D:
40020	40598	-	3	1.313389	I:	D:
40669	41223	+	1	1.325878	I:	D:
41220	41591	+	3	1.290381	I:	D:
41642	42103	-	2	1.306362	I:	D:
42207	44708	-	3	1.284245	I:	D:
44893	45954	-	1	1.294067	I:	D:
46235	46414	-	2	1.362425	I:	D:
46530	46850	+	3	1.298646	I:	D:
46926	47306	-	3	1.304495	I:	D:
47371	48168	-	1	1.333907	I:	D:
48437	49216	-	2	1.325727	I:	D:
49348	49482	-	1	1.333210	I:	D:
49483	50094	-	1	1.318093	I:	D:
50311	50520	+	1	1.318292	I:	D:
50552	51013	+	2	1.336353	I:	D:
51078	51638	-	3	1.329792	I:	D:
51733	52014	+	1	1.392679	I:	D:
52111	52380	-	1	1.370405	I:	D:
52319	52744	-	2	1.333490	I:	D:
52900	53877	-	1	1.328820	I:	D:
54021	54467	-	3	1.334211	I:	D:
54492	54680	-	3	1.330459	I:	D:
54926	55711	+	2	1.324737	I:	D:
55708	56634	+	1	1.320704	I:	D:
56682	57377	+	3	1.329729	I:	D:
57862	58653	+	1	1.338770	I:	D:
59138	60070	-	2	1.332575	I:	D:
60188	60544	+	2	1.328254	I:	D:
60564	61022	+	3	1.334061	I:	D:
61214	62107	+	2	1.343168	I:	D:
62244	62918	+	3	1.342486	I:	D:
62899	63375	+	1	1.337890	I:	D:
63509	64831	+	2	1.291762	I:	D:
64896	65177	-	3	1.349279	I:	D:
65207	65665	+	2	1.345905	I:	D:
65796	66371	+	3	1.300639	I:	D:
66434	66640	+	2	1.341729	I:	D:
66951	67427	-	3	1.279756	I:	D:
67646	69265	+	2	1.279253	I:	D:
69266	70612	+	2	1.294464	I:	D:
70615	71703	+	1	1.294025	I:	D:
71731	72327	+	1	1.277403	I:	D:
72324	72971	+	3	1.295179	I:	D:
73017	73808	+	3	1.289615	I:	D:
73798	74562	+	1	1.274652	I:	D:
74613	75794	-	3	1.330744	I:	D:
75812	76528	-	2	1.371905	I:	D:
76795	78240	+	1	1.333295	I:	D:
78333	79775	+	3	1.344010	I:	D:
79891	80682	-	1	1.339410	I:	D:
80696	82237	-	2	1.286501	I:	D:
82241	83728	-	2	1.305719	I:	D:
83730	84035	-	3	1.274400	I:	D:
84357	84839	+	3	1.311480	I:	D:
85083	87074	-	3	1.315725	I:	D:
87276	88106	-	3	1.310517	I:	D:
88290	88871	+	3	1.299441	I:	D:
88893	89429	+	3	1.308531	I:	D:
89671	90834	-	1	1.283994	I:	D:
90891	92213	-	3	1.303984	I:	D:
92494	92721	-	1	1.378832	I:	D:
92891	93127	-	2	1.369541	I:	D:
93389	94327	+	2	1.300288	I:	D:
94404	94817	+	3	1.324587	I:	D:
94818	95978	+	3	1.283643	I:	D:
95982	98747	+	3	1.289984	I:	D:
98824	100722	+	1	1.295264	I:	D:
100958	101545	+	2	1.284619	I:	D:
101546	102388	+	2	1.281272	I:	D:
102343	103212	+	1	1.289460	I:	D:
103216	104031	+	1	1.299017	I:	D:
104042	104446	+	2	1.279393	I:	D:
104641	104883	-	1	1.365035	I:	D:
104949	106781	+	3	1.293146	I:	D:
106916	107428	+	2	1.306547	I:	D:
107489	108412	+	2	1.307642	I:	D:
108596	109087	-	2	1.328849	I:	D:
109108	110022	+	1	1.310748	I:	D:
110062	110703	+	1	1.283669	I:	D:
110739	112574	-	3	1.305194	I:	D:
112647	112793	-	3	1.352190	I:	D:
112809	114350	-	3	1.330182	I:	D:
114621	115097	-	3	1.301941	I:	D:
115367	116035	+	2	1.303629	I:	D:
116174	116602	-	2	1.313255	I:	D:
116605	118047	-	1	1.305891	I:	D:
118047	118964	-	3	1.309919	I:	D:
118977	120536	-	3	1.294994	I:	D:
120536	121111	-	2	1.309686	I:	D:
121104	121715	-	3	1.287286	I:	D:
121768	122028	-	1	1.317471	I:	D:
122170	122958	-	1	1.305688	I:	D:
122982	123335	-	3	1.337130	I:	D:
123417	123911	-	3	1.318893	I:	D:
124044	124718	-	3	1.294395	I:	D:
124938	126188	-	3	1.282282	I:	D:
126279	127028	-	3	1.302651	I:	D:
127057	127497	-	1	1.287781	I:	D:
127581	129155	-	3	1.305928	I:	D:
129159	130124	-	3	1.289169	I:	D:
130208	132571	-	2	1.321393	I:	D:
132568	134175	-	1	1.333063	I:	D:
134351	134731	-	2	1.292089	I:	D:
134733	135569	-	3	1.296163	I:	D:
135695	135922	-	2	1.327438	I:	D:
136040	136294	-	2	1.354314	I:	D:
136365	136595	-	3	1.301820	I:	D:
136629	137309	-	3	1.305954	I:	D:
137400	138797	-	3	1.288520	I:	D:
138917	140209	-	2	1.271500	I:	D:
140397	141137	-	3	1.311037	I:	D:
141732	142622	+	3	1.331120	I:	D:
143181	144392	-	3	1.366128	I:	D:
144692	145897	+	2	1.365631	I:	D:
146277	146960	-	3	1.280678	I:	D:
146971	147921	-	1	1.317361	I:	D:
147959	148561	-	2	1.313656	I:	D:
148581	148979	-	3	1.327615	I:	D:
148991	149362	-	2	1.299708	I:	D:
149579	149884	-	2	1.306014	I:	D:
150199	150654	-	1	1.297223	I:	D:
150676	153231	-	1	1.282889	I:	D:
153309	154406	-	3	1.329595	I:	D:
154457	155977	-	2	1.294989	I:	D:
156085	158100	-	1	1.298095	I:	D:
158188	159177	-	1	1.281099	I:	D:
159193	159975	-	1	1.279753	I:	D:
160012	161157	-	1	1.286018	I:	D:
161180	162094	-	2	1.313084	I:	D:
162100	162885	-	1	1.297690	I:	D:
162992	164164	-	2	1.313408	I:	D:
164290	166458	-	1	1.311718	I:	D:
166964	167617	+	2	1.310519	I:	D:
167927	169267	-	2	1.335929	I:	D:
169770	171098	-	3	1.306967	I:	D:
171288	171449	-	3	1.346001	I:	D:
171556	171792	-	1	1.270468	I:	D:
171789	172961	-	3	1.316380	I:	D:
173146	173763	+	1	1.283509	I:	D:
174024	175184	+	3	1.284748	I:	D:
175256	176335	+	2	1.320685	I:	D:
176535	177377	+	3	1.314252	I:	D:
177465	178775	-	3	1.312869	I:	D:
179207	180478	-	2	1.322707	I:	D:
180818	181261	-	2	1.309698	I:	D:
181358	182755	-	2	1.316166	I:	D:
182883	183539	-	3	1.341770	I:	D:
183588	184865	-	3	1.295909	I:	D:
185004	185885	+	3	1.367807	I:	D:
186345	187622	-	3	1.294271	I:	D:
187840	188724	-	1	1.303499	I:	D:
188984	190003	+	2	1.296888	I:	D:
190106	191296	+	2	1.283827	I:	D:
191300	191617	+	2	1.342030	I:	D:
191878	193362	-	1	1.288704	I:	D:
193359	194957	-	3	1.300907	I:	D:
195156	195614	+	3	1.276896	I:	D:
195728	196906	+	2	1.286660	I:	D:
196906	198420	+	1	1.294356	I:	D:
198424	199905	+	1	1.294146	I:	D:
199987	201195	+	1	1.302607	I:	D:
201209	201346	+	2	1.338590	I:	D:
201376	201981	-	1	1.313478	I:	D:
201985	202650	-	1	1.316476	I:	D:
202803	203693	+	3	1.320617	I:	D:
203766	204599	-	3	1.315180	I:	D:
204635	204853	-	2	1.370986	I:	D:
204879	205361	-	3	1.321146	I:	D:
205531	206799	-	1	1.309829	I:	D:
206803	208698	-	1	1.311990	I:	D:
208788	210851	-	3	1.338149	I:	D:
210866	213670	-	2	1.322441	I:	D:
213683	214120	-	2	1.303629	I:	D:
214117	214839	-	1	1.320054	I:	D:
214941	215966	-	3	1.332064	I:	D:
215969	216697	-	2	1.302923	I:	D:
216787	217635	-	1	1.342413	I:	D:
217845	219245	+	3	1.345911	I:	D:
219271	220089	+	1	1.344937	I:	D:
220171	221205	-	1	1.311832	I:	D:
221305	222339	-	1	1.289411	I:	D:
222340	224130	-	1	1.303629	I:	D:
224292	226142	-	3	1.327862	I:	D:
226120	226329	+	1	1.371629	I:	D:
226380	228974	-	3	1.304763	I:	D:
229099	229908	-	1	1.336300	I:	D:
>Y6.M001_6
3	341	-	3	1.332264	I:	D:
1044	1379	-	3	1.347308	I:	D:
1384	3534	-	1	1.365205	I:	D:
3632	3922	-	2	1.341971	I:	D:
3934	4230	-	1	1.325492	I:	D:
5111	5926	-	2	1.382423	I:	D:
6032	6859	+	2	1.356023	I:	D:
6883	7104	+	1	1.400544	I:	D:
7408	7812	-	1	1.382571	I:	D:
8327	9943	-	2	1.363957	I:	D:
9937	10980	-	1	1.365811	I:	D:
11270	12196	+	2	1.368282	I:	D:
12270	12971	-	3	1.341884	I:	D:
12991	13125	+	1	1.338781	I:	D:
13118	13777	+	2	1.350491	I:	D:
13809	14378	-	3	1.319776	I:	D:
14572	15048	+	1	1.323931	I:	D:
15199	16125	-	1	1.340688	I:	D:
16174	16650	-	1	1.297948	I:	D:
16687	17484	-	1	1.344602	I:	D:
17843	18274	+	2	1.311557	I:	D:
18435	18749	+	3	1.342215	I:	D:
18733	19182	+	1	1.348166	I:	D:
19160	19360	+	2	1.346629	I:	D:
19367	20506	-	2	1.317276	I:	D:
20784	21680	-	3	1.320124	I:	D:
21734	22684	-	2	1.332062	I:	D:
22922	23476	-	2	1.331107	I:	D:
23493	25193	-	3	1.302506	I:	D:
25308	26831	-	3	1.333295	I:	D:
27266	28597	+	2	1.304572	I:	D:
28727	29740	+	2	1.297329	I:	D:
29900	31045	+	2	1.285279	I:	D:
31088	32299	+	2	1.291893	I:	D:
32334	32534	+	3	1.389667	I:	D:
32610	34226	+	3	1.311875	I:	D:
34316	35197	+	2	1.320235	I:	D:
35220	36758	+	3	1.320504	I:	D:
36845	37921	+	2	1.304460	I:	D:
38076	38861	-	3	1.292739	I:	D:
39192	40100	-	3	1.356872	I:	D:
40097	40588	-	2	1.357535	I:	D:
40603	40731	-	1	1.288976	I:	D:
40841	41053	+	2	1.359488	I:	D:
41300	41929	-	2	1.309012	I:	D:
42171	43529	+	3	1.326085	I:	D:
43624	47412	+	1	1.317094	I:	D:
47441	49039	+	2	1.335021	I:	D:
49039	49815	+	1	1.323199	I:	D:
49917	53111	+	3	1.329085	I:	D:
53114	54043	+	2	1.332881	I:	D:
54052	54960	+	1	1.317346	I:	D:
55087	55611	+	1	1.316033	I:	D:
55621	56262	+	1	1.314148	I:	D:
56297	57712	-	2	1.333688	I:	D:
57914	59188	-	2	1.306473	I:	D:
59548	59820	+	1	1.367777	I:	D:
59956	60978	+	1	1.378416	I:	D:
61138	61599	-	1	1.336617	I:	D:
61727	63214	-	2	1.326729	I:	D:
63566	64486	+	2	1.330292	I:	D:
64557	65672	-	3	1.299652	I:	D:
65851	66390	+	1	1.325029	I:	D:
66625	68682	-	1	1.309119	I:	D:
68672	69490	-	2	1.309490	I:	D:
69794	70777	-	2	1.308115	I:	D:
70861	71565	-	1	1.304327	I:	D:
71696	73132	-	2	1.312054	I:	D:
73314	74864	-	3	1.298873	I:	D:
75046	77790	+	1	1.295970	I:	D:
>Y6.M001_7
108	1130	-	3	1.304534	I:	D:
1146	1835	-	3	1.282481	I:	D:
1991	2761	+	2	1.280194	I:	D:
2804	4471	+	2	1.275355	I:	D:
4482	5099	+	3	1.294217	I:	D:
5096	5950	+	2	1.291337	I:	D:
5954	6457	+	2	1.297332	I:	D:
6475	8946	+	1	1.293552	I:	D:
9079	9870	+	1	1.298887	I:	D:
10204	11568	+	1	1.295724	I:	D:
11697	11900	+	3	1.314334	I:	D:
11940	12548	+	3	1.283376	I:	D:
12550	13509	+	1	1.285851	I:	D:
13509	13946	+	3	1.285636	I:	D:
13951	14601	+	1	1.288031	I:	D:
14728	15546	+	1	1.283035	I:	D:
15556	15801	-	1	1.377127	I:	D:
16011	17486	+	3	1.382130	I:	D:
17619	18119	+	3	1.384197	I:	D:
18156	18581	+	3	1.380446	I:	D:
18571	19443	+	1	1.352693	I:	D:
19466	20293	+	2	1.319697	I:	D:
20311	21378	+	1	1.377263	I:	D:
21423	22373	-	3	1.306305	I:	D:
22760	23050	+	2	1.294353	I:	D:
23114	24748	+	2	1.265491	I:	D:
24967	25281	+	1	1.377088	I:	D:
25278	25694	+	3	1.351956	I:	D:
25720	26592	+	1	1.303699	I:	D:
26664	27977	+	3	1.292661	I:	D:
28032	28166	+	3	1.358720	I:	D:
28170	28457	+	3	1.312467	I:	D:
28608	29915	+	3	1.322670	I:	D:
30182	30895	-	2	1.327803	I:	D:
30922	33450	-	1	1.328543	I:	D:
33508	37383	-	1	1.313618	I:	D:
37530	38825	+	3	1.309654	I:	D:
38972	39571	+	2	1.302719	I:	D:
39695	40537	-	2	1.293913	I:	D:
40685	41437	-	2	1.289484	I:	D:
41586	42386	-	3	1.281846	I:	D:
42672	42995	+	3	1.284149	I:	D:
43255	44919	+	1	1.300635	I:	D:
45129	46304	-	3	1.301327	I:	D:
46332	47192	-	3	1.331313	I:	D:
47207	48673	-	2	1.315073	I:	D:
48832	50052	+	1	1.300015	I:	D:
50090	50665	-	2	1.304638	I:	D:
50742	52166	-	3	1.302229	I:	D:
52239	53957	+	3	1.301107	I:	D:
53938	54771	+	1	1.290950	I:	D:
54855	55703	-	3	1.290641	I:	D:
55921	56694	+	1	1.274227	I:	D:
57037	57918	+	1	1.302864	I:	D:
58528	59733	-	1	1.286162	I:	D:
59946	60716	-	3	1.286097	I:	D:
60786	61448	-	3	1.315428	I:	D:
61448	61645	-	2	1.248719	I:	D:
61749	62024	+	3	1.396197	I:	D:
>Y6.M001_8
226	1362	-	1	1.318128	I:	D:
1395	1595	-	3	1.361803	I:	D:
1851	3074	-	3	1.310586	I:	D:
3089	4408	-	2	1.300217	I:	D:
4522	5574	-	1	1.314046	I:	D:
5656	6447	-	1	1.312249	I:	D:
6833	7786	-	2	1.300617	I:	D:
7904	8515	-	2	1.345471	I:	D:
8659	9252	-	1	1.335184	I:	D:
9329	10324	-	2	1.329502	I:	D:
9944	10312	+	2	1.338725	I:	D:
10324	11640	-	1	1.291433	I:	D:
11658	14063	-	3	1.295733	I:	D:
14125	14679	-	1	1.296457	I:	D:
14860	15552	-	1	1.267738	I:	D:
15591	16664	-	3	1.282975	I:	D:
16782	17159	+	3	1.294265	I:	D:
17164	17298	+	1	1.361678	I:	D:
>Y6.M001_9
538	1476	+	1	1.282334	I:	D:
1586	2161	+	2	1.284201	I:	D:
2369	3709	+	2	1.302436	I:	D:
3730	4545	+	1	1.324478	I:	D:
4692	5075	-	3	1.313894	I:	D:
5177	5698	-	2	1.304323	I:	D:
5982	7760	-	3	1.305533	I:	D:
7773	9434	-	3	1.325561	I:	D:
9431	10714	-	2	1.306557	I:	D:
11345	12103	+	2	1.344100	I:	D:
12133	13290	+	1	1.352664	I:	D:
13383	13991	+	3	1.351224	I:	D:
14067	14831	+	3	1.363981	I:	D:
14877	15713	+	3	1.361096	I:	D:
15815	16060	+	2	1.371993	I:	D:
16092	16775	-	3	1.384715	I:	D:
17155	19800	-	1	1.309688	I:	D:
19873	20961	-	1	1.301532	I:	D:
20974	21576	-	1	1.304648	I:	D:
21719	22420	-	2	1.303664	I:	D:
22500	23006	-	3	1.300542	I:	D:
23125	23655	-	1	1.333370	I:	D:
23659	24063	-	1	1.326697	I:	D:
24232	24381	-	1	1.382983	I:	D:
24488	25933	-	2	1.334569	I:	D:
26580	28142	-	3	1.285924	I:	D:
28311	29600	+	3	1.290500	I:	D:
29758	30354	+	1	1.327850	I:	D:
30509	31858	+	2	1.363540	I:	D:
32032	32571	+	1	1.369699	I:	D:
32856	33317	-	3	1.291751	I:	D:
33385	34587	-	1	1.273913	I:	D:
34630	35289	-	1	1.272717	I:	D:
35274	36458	-	3	1.316626	I:	D:
37034	37537	+	2	1.382573	I:	D:
37571	37987	+	2	1.302662	I:	D:
38315	39274	-	2	1.318103	I:	D:
39289	40464	-	1	1.306157	I:	D:
40468	40827	-	1	1.316760	I:	D:
40827	41399	-	3	1.294238	I:	D:
41647	43806	-	1	1.299978	I:	D:
43954	45453	-	1	1.303667	I:	D:
45574	46200	-	1	1.301651	I:	D:
46325	47443	-	2	1.292621	I:	D:
47599	48048	-	1	1.317228	I:	D:
48368	48895	-	2	1.315478	I:	D:
48912	49280	-	3	1.291491	I:	D:
49314	49856	-	3	1.305008	I:	D:
49872	50270	-	3	1.297277	I:	D:
50381	50566	-	2	1.374661	I:	D:
50606	51157	-	2	1.299289	I:	D:
51416	51730	-	2	1.311185	I:	D:
51744	52112	-	3	1.302064	I:	D:
52156	52416	-	1	1.334406	I:	D:
52448	52642	-	2	1.286203	I:	D:
52643	53062	-	2	1.295487	I:	D:
53062	53772	-	1	1.310046	I:	D:
53774	54115	-	2	1.325363	I:	D:
54129	54374	-	3	1.324509	I:	D:
54410	55240	-	2	1.303129	I:	D:
55755	55940	-	3	1.346489	I:	D:
55942	57054	+	1	1.298367	I:	D:
57106	58020	-	1	1.309776	I:	D:
58208	58492	-	2	1.295214	I:	D:
58492	59118	-	1	1.323175	I:	D:
59145	59765	-	3	1.320807	I:	D:
59779	60087	-	1	1.290099	I:	D:
60131	62233	-	2	1.295971	I:	D:
62246	62716	-	2	1.288727	I:	D:
62775	63149	-	3	1.338215	I:	D:
63583	64413	+	1	1.271112	I:	D:
64474	65322	+	1	1.300897	I:	D:
65348	65746	+	2	1.311892	I:	D:
65857	67230	-	1	1.279778	I:	D:
67468	69789	-	1	1.276001	I:	D:
70174	70971	-	1	1.273170	I:	D:
70964	71245	-	2	1.287977	I:	D:
71426	71668	-	2	1.312704	I:	D:
71751	72719	-	3	1.270607	I:	D:
73080	73835	+	3	1.284065	I:	D:
73865	74824	+	2	1.275355	I:	D:
75132	76796	+	3	1.281286	I:	D:
77277	78527	-	3	1.336828	I:	D:
78521	78940	-	2	1.315334	I:	D:
79080	79292	+	3	1.309438	I:	D:
79292	80365	+	2	1.323386	I:	D:
80365	80751	+	1	1.302819	I:	D:
80916	81488	+	3	1.302767	I:	D:
81661	82422	+	1	1.271344	I:	D:
82415	83344	+	2	1.256341	I:	D:
83394	83633	-	3	1.317320	I:	D:
83608	84027	+	1	1.275044	I:	D:
84029	85279	+	2	1.291516	I:	D:
85276	85848	+	1	1.284889	I:	D:
86039	87004	+	2	1.325644	I:	D:
87179	87976	-	2	1.345822	I:	D:
88240	89355	+	1	1.268572	I:	D:
89352	90539	+	3	1.365152	I:	D:
90542	93970	+	2	1.277047	I:	D:
93971	95350	+	2	1.332292	I:	D:
95350	95985	+	1	1.367062	I:	D:
96250	96957	-	1	1.304332	I:	D:
97060	100128	-	1	1.259863	I:	D:
100146	100622	-	3	1.260560	I:	D:
100751	101737	-	2	1.263492	I:	D:
101752	102459	-	1	1.313280	I:	D:
102475	104049	-	1	1.290195	I:	D:
104042	106552	-	2	1.260480	I:	D:
106536	106943	-	3	1.319070	I:	D:
106962	107177	-	3	1.297254	I:	D:
107370	109202	-	3	1.287111	I:	D:
109199	109747	-	2	1.268898	I:	D:
109839	110357	-	3	1.290610	I:	D:
110491	111234	-	1	1.344187	I:	D:
111243	111704	-	3	1.360389	I:	D:
111725	111958	-	2	1.328298	I:	D:
112022	112246	-	2	1.364006	I:	D:
112693	113109	-	1	1.315555	I:	D:
113376	114824	-	3	1.310338	I:	D:
114815	115510	-	2	1.323852	I:	D:
115510	116091	-	1	1.281476	I:	D:
116116	117876	-	1	1.314916	I:	D:
117863	119656	-	2	1.308443	I:	D:
119728	120366	-	1	1.284526	I:	D:
120513	120989	-	3	1.379427	I:	D:
121002	121409	-	3	1.257466	I:	D:
121390	125076	-	1	1.291493	I:	D:
125115	125729	-	3	1.278253	I:	D:
125780	127195	-	2	1.321023	I:	D:
127192	127869	-	1	1.309360	I:	D:
128066	129103	+	2	1.349887	I:	D:
130000	130206	-	1	1.399422	I:	D:
>Y6.M001_10
224	988	+	2	1.278026	I:	D:
1040	3721	-	2	1.324749	I:	D:
4029	5039	+	3	1.304771	I:	D:
5012	6337	+	2	1.305186	I:	D:
6372	7028	+	3	1.303104	I:	D:
7068	8600	-	3	1.288398	I:	D:
8692	9564	+	1	1.311887	I:	D:
9603	10835	-	3	1.307579	I:	D:
10822	12054	-	1	1.285240	I:	D:
12114	13049	-	3	1.272064	I:	D:
13281	14141	+	3	1.320334	I:	D:
14161	15465	+	1	1.304106	I:	D:
15681	15938	+	3	1.265024	I:	D:
16147	17421	+	1	1.275838	I:	D:
17571	18779	+	3	1.278491	I:	D:
18840	20195	+	3	1.300705	I:	D:
20411	21772	-	2	1.297339	I:	D:
22028	23455	-	2	1.296749	I:	D:
23550	26501	-	3	1.285122	I:	D:
26865	27677	+	3	1.279777	I:	D:
27993	32693	+	3	1.280795	I:	D:
32696	34150	+	2	1.291919	I:	D:
34252	36396	+	1	1.263047	I:	D:
36501	38105	+	3	1.299564	I:	D:
38098	41343	+	1	1.269436	I:	D:
41784	42749	+	3	1.293153	I:	D:
42924	44081	+	3	1.279935	I:	D:
44230	45789	+	1	1.296336	I:	D:
46006	47079	-	1	1.315591	I:	D:
47330	48466	+	2	1.285618	I:	D:
48566	49369	+	2	1.305765	I:	D:
49373	50410	-	2	1.304050	I:	D:
50407	51552	-	1	1.285097	I:	D:
51557	52114	-	2	1.308099	I:	D:
52143	52430	-	3	1.379912	I:	D:
52290	53828	+	3	1.285343	I:	D:
53840	55501	+	2	1.271229	I:	D:
55546	56799	+	1	1.279451	I:	D:
56812	57753	+	1	1.268290	I:	D:
57805	58146	+	1	1.326676	I:	D:
58160	59542	+	2	1.285356	I:	D:
59788	62232	-	1	1.316837	I:	D:
62728	63723	-	1	1.295142	I:	D:
63766	63993	-	1	1.308250	I:	D:
64119	66989	-	3	1.323304	I:	D:
67533	67775	-	3	1.367215	I:	D:
67825	67965	+	1	1.362283	I:	D:
68058	68387	-	3	1.321707	I:	D:
70116	71516	-	3	1.305342	I:	D:
71497	73245	-	1	1.285557	I:	D:
73273	74340	-	1	1.283395	I:	D:
74350	75417	-	1	1.284117	I:	D:
75481	75654	-	1	1.359896	I:	D:
75702	76895	-	3	1.283861	I:	D:
76954	77961	-	1	1.287905	I:	D:
77965	78741	-	1	1.281937	I:	D:
78780	79337	-	3	1.262957	I:	D:
79439	79600	+	2	1.300029	I:	D:
79657	80382	-	1	1.263063	I:	D:
80484	80753	+	3	1.364146	I:	D:
80824	82089	-	1	1.289602	I:	D:
82165	82374	+	1	1.377790	I:	D:
82672	82836	+	1	1.368566	I:	D:
82842	83834	-	3	1.302405	I:	D:
84118	84273	-	1	1.345508	I:	D:
84553	85869	+	1	1.279476	I:	D:
86018	86953	-	2	1.310785	I:	D:
87185	87664	-	2	1.308963	I:	D:
87685	87861	-	1	1.371562	I:	D:
88092	88487	+	3	1.333699	I:	D:
88614	88901	-	3	1.381594	I:	D:
89549	90259	-	2	1.352691	I:	D:
90399	93512	-	3	1.293511	I:	D:
93733	108168	-	1	1.323556	I:	D:
108268	108429	+	1	1.316050	I:	D:
108431	108619	+	2	1.363404	I:	D:
109102	109308	+	1	1.396052	I:	D:
109565	113257	-	2	1.306704	I:	D:
113841	115088	-	3	1.404689	I:	D:
115288	115458	-	1	1.328958	I:	D:
116319	127469	-	3	1.282587	I:	D:
127653	165926	-	3	1.275876	I:	D:
166513	166722	+	1	1.383574	I:	D:
166837	167175	-	1	1.374623	I:	D:
167449	168777	-	1	1.330669	I:	D:
169087	169653	+	1	1.404629	I:	D:
169650	170120	+	3	1.406969	I:	D:
170313	170621	+	3	1.376606	I:	D:
170870	171190	+	2	1.360996	I:	D:
171219	171662	-	3	1.366857	I:	D:
171655	171945	-	1	1.362742	I:	D:
172271	174256	-	2	1.260597	I:	D:
174553	177750	+	1	1.281171	I:	D:
177932	178471	+	2	1.266851	I:	D:
178566	178697	+	3	1.298150	I:	D:
178714	179277	-	1	1.316123	I:	D:
179559	179777	-	3	1.351767	I:	D:
180127	180597	-	1	1.265318	I:	D:
180808	182541	-	1	1.294646	I:	D:
182620	182970	-	1	1.310218	I:	D:
183230	183604	-	2	1.293020	I:	D:
183752	184114	-	2	1.269839	I:	D:
184171	186123	-	1	1.259128	I:	D:
186134	186337	-	2	1.244647	I:	D:
186404	186676	-	2	1.353001	I:	D:
186759	186911	+	3	1.310498	I:	D:
187317	188666	-	3	1.323121	I:	D:
188676	189095	-	3	1.264380	I:	D:
189245	189673	-	2	1.307563	I:	D:
189850	190932	-	1	1.317013	I:	D:
190817	191815	+	2	1.287422	I:	D:
191871	192656	-	3	1.269913	I:	D:
192669	193061	-	3	1.289939	I:	D:
193267	193608	+	1	1.284915	I:	D:
193643	194596	-	2	1.275438	I:	D:
194618	196297	-	2	1.256794	I:	D:
196626	197462	-	3	1.270739	I:	D:
197765	198307	+	2	1.280589	I:	D:
198336	200204	-	3	1.288134	I:	D:
200208	203984	-	3	1.254586	I:	D:
204540	205145	+	3	1.255091	I:	D:
206068	206283	-	1	1.369456	I:	D:
206722	207240	+	1	1.390152	I:	D:
207437	208594	-	2	1.372290	I:	D:
209074	209646	+	1	1.322115	I:	D:
209811	210950	-	3	1.318666	I:	D:
210943	212337	-	1	1.285488	I:	D:
212334	213185	-	3	1.273619	I:	D:
213690	214847	-	3	1.319967	I:	D:
214850	215566	-	2	1.340961	I:	D:
215570	218281	-	2	1.309374	I:	D:
218450	219895	+	2	1.404187	I:	D:
219947	220411	-	2	1.287422	I:	D:
220510	221217	-	1	1.306668	I:	D:
221220	221954	-	3	1.304159	I:	D:
221979	222398	-	3	1.276711	I:	D:
222651	224165	+	3	1.276237	I:	D:
224245	225003	+	1	1.284655	I:	D:
225032	225874	+	2	1.297729	I:	D:
225982	226344	+	1	1.339813	I:	D:
226479	227333	-	3	1.270721	I:	D:
227358	228653	-	3	1.282191	I:	D:
228768	229706	-	3	1.286526	I:	D:
229908	231014	-	3	1.272377	I:	D:
231077	232066	-	2	1.280145	I:	D:
