>YA2_5458
3	215	+	3	1.388862	I:	D:
286	915	-	1	1.342091	I:	D:
1009	1203	+	1	1.390001	I:	D:
1245	1382	+	3	1.332754	I:	D:
1643	2746	+	2	1.317336	I:	D:
2730	3593	+	3	1.337723	I:	D:
3774	5036	+	3	1.358263	I:	D:
5181	6326	+	3	1.355726	I:	D:
6345	6899	+	3	1.314804	I:	D:
7007	7903	+	2	1.322296	I:	D:
8255	9277	+	2	1.330215	I:	D:
9787	10707	+	1	1.324031	I:	D:
10739	10936	+	2	1.350905	I:	D:
10936	11544	+	1	1.313608	I:	D:
11569	12477	+	1	1.284557	I:	D:
12797	13618	-	2	1.295318	I:	D:
13812	14768	-	3	1.284691	I:	D:
14872	16128	-	1	1.351597	I:	D:
16467	17027	+	3	1.320249	I:	D:
17024	17986	+	2	1.290415	I:	D:
18319	18984	+	1	1.296470	I:	D:
18971	19690	+	2	1.278870	I:	D:
20191	21492	-	1	1.264743	I:	D:
21505	22773	-	1	1.283813	I:	D:
22775	23764	-	2	1.269247	I:	D:
23761	25281	-	1	1.285922	I:	D:
25293	26228	-	3	1.278793	I:	D:
26218	26865	-	1	1.283802	I:	D:
27229	27792	-	1	1.270106	I:	D:
28104	29663	+	3	1.293503	I:	D:
29689	31101	+	1	1.283548	I:	D:
31117	32436	+	1	1.272282	I:	D:
32471	33328	+	2	1.298915	I:	D:
33406	34170	+	1	1.278398	I:	D:
34167	35090	+	3	1.290834	I:	D:
35323	35976	-	1	1.273269	I:	D:
35957	37000	-	2	1.273289	I:	D:
37245	38477	-	3	1.281857	I:	D:
38512	39873	-	1	1.294754	I:	D:
40079	40345	-	2	1.320969	I:	D:
40436	41401	-	2	1.286844	I:	D:
41436	42323	-	3	1.347829	I:	D:
42626	44419	+	2	1.305799	I:	D:
44444	45694	+	2	1.270172	I:	D:
45752	45931	+	2	1.379801	I:	D:
46278	48407	+	3	1.303625	I:	D:
48419	50890	+	2	1.280723	I:	D:
50905	51891	+	1	1.291499	I:	D:
51897	52133	-	3	1.238160	I:	D:
52014	53615	+	3	1.278332	I:	D:
53702	54361	+	2	1.306990	I:	D:
54528	56132	-	3	1.280148	I:	D:
56289	56741	+	3	1.318998	I:	D:
56754	57239	+	3	1.301297	I:	D:
57243	58595	+	3	1.295979	I:	D:
58592	59407	+	2	1.290344	I:	D:
59808	60626	+	3	1.291823	I:	D:
60626	61546	+	2	1.292279	I:	D:
61610	63118	+	2	1.279911	I:	D:
63301	64980	+	1	1.271821	I:	D:
64982	65602	+	2	1.270006	I:	D:
65766	66392	+	3	1.306669	I:	D:
66406	66951	+	1	1.319548	I:	D:
67090	68376	+	1	1.355894	I:	D:
68542	69396	+	1	1.290750	I:	D:
69566	71185	+	2	1.303132	I:	D:
71182	72141	+	1	1.284771	I:	D:
72132	72992	+	3	1.327925	I:	D:
72997	74076	+	1	1.306362	I:	D:
74266	75600	+	1	1.297457	I:	D:
75612	77009	+	3	1.304126	I:	D:
77233	78135	-	1	1.292450	I:	D:
78266	78406	+	2	1.396694	I:	D:
78870	80561	+	3	1.295236	I:	D:
80660	80935	+	2	1.299775	I:	D:
80954	81514	+	2	1.306368	I:	D:
81511	82200	+	1	1.301583	I:	D:
82307	83068	+	2	1.338976	I:	D:
83121	84656	-	3	1.273458	I:	D:
84840	86384	+	3	1.299962	I:	D:
86392	88548	+	1	1.277254	I:	D:
88606	89613	+	1	1.296202	I:	D:
89795	90583	+	2	1.286307	I:	D:
90693	91340	+	3	1.284586	I:	D:
91421	92146	+	2	1.276427	I:	D:
92184	92753	+	3	1.255444	I:	D:
92804	92998	-	2	1.331079	I:	D:
92997	93764	+	3	1.279067	I:	D:
93784	94611	+	1	1.280395	I:	D:
94625	95770	+	2	1.290348	I:	D:
95785	96807	+	1	1.295590	I:	D:
96823	97890	+	1	1.280329	I:	D:
97894	99627	+	1	1.280812	I:	D:
99741	100226	+	3	1.290555	I:	D:
100223	101050	+	2	1.328259	I:	D:
101092	102117	+	1	1.318114	I:	D:
102158	102436	+	2	1.271964	I:	D:
102551	103696	+	2	1.304448	I:	D:
103765	104553	+	1	1.277345	I:	D:
104564	105301	+	2	1.305071	I:	D:
105359	106285	+	2	1.265914	I:	D:
106297	106641	+	1	1.304957	I:	D:
106903	107352	+	1	1.292880	I:	D:
107342	108145	+	2	1.295259	I:	D:
108183	108725	+	3	1.286297	I:	D:
108740	109402	+	2	1.291903	I:	D:
109415	110005	+	2	1.284586	I:	D:
110002	110499	+	1	1.311326	I:	D:
110527	111291	+	1	1.297718	I:	D:
111304	111936	+	1	1.307750	I:	D:
112086	113789	+	3	1.284819	I:	D:
113891	114211	+	2	1.352693	I:	D:
114366	115253	+	3	1.266494	I:	D:
115250	115549	+	2	1.285849	I:	D:
115557	116171	+	3	1.297505	I:	D:
116187	116396	+	3	1.290774	I:	D:
116413	117627	+	1	1.279776	I:	D:
117880	119142	-	1	1.278411	I:	D:
119440	120630	+	1	1.280567	I:	D:
120756	123113	+	3	1.293722	I:	D:
123466	123927	+	1	1.292631	I:	D:
123927	124862	+	3	1.289883	I:	D:
124961	126292	+	2	1.288356	I:	D:
126294	127322	+	3	1.310021	I:	D:
127392	128099	+	3	1.303993	I:	D:
128136	130112	+	3	1.306202	I:	D:
130123	130986	+	1	1.305547	I:	D:
131013	131669	-	3	1.288206	I:	D:
131935	133053	+	1	1.298502	I:	D:
133034	133678	+	2	1.291770	I:	D:
133709	134173	+	2	1.281989	I:	D:
134408	134845	+	2	1.334912	I:	D:
135163	135924	+	1	1.391150	I:	D:
135927	136859	+	3	1.390893	I:	D:
136876	138096	+	1	1.405857	I:	D:
138353	139417	+	2	1.404062	I:	D:
139592	140419	+	2	1.388936	I:	D:
140589	141755	+	3	1.314218	I:	D:
141772	142776	+	1	1.315847	I:	D:
142806	144860	+	3	1.384251	I:	D:
144857	145372	+	2	1.306837	I:	D:
145428	145634	+	3	1.371491	I:	D:
145716	147218	+	3	1.295369	I:	D:
147234	148130	+	3	1.307968	I:	D:
148132	148869	+	1	1.283235	I:	D:
148891	149319	+	1	1.312794	I:	D:
149495	150700	-	2	1.375123	I:	D:
150941	152335	-	2	1.280237	I:	D:
152547	154286	+	3	1.291452	I:	D:
154293	154541	+	3	1.310418	I:	D:
154680	155426	+	3	1.312124	I:	D:
155516	156586	+	2	1.286860	I:	D:
156579	157406	+	3	1.274166	I:	D:
157406	158185	+	2	1.288553	I:	D:
158201	159265	+	2	1.294492	I:	D:
159503	160288	+	2	1.323863	I:	D:
160305	162722	+	3	1.294956	I:	D:
162910	164115	+	1	1.373003	I:	D:
164270	165145	-	2	1.285733	I:	D:
165410	166132	-	2	1.282117	I:	D:
166466	167767	+	2	1.284965	I:	D:
167787	167990	-	3	1.398115	I:	D:
168140	168340	+	2	1.383264	I:	D:
168438	169316	-	3	1.290226	I:	D:
169439	170017	+	2	1.294705	I:	D:
170185	170583	-	1	1.391311	I:	D:
170592	173123	-	3	1.293290	I:	D:
173422	173916	+	1	1.287553	I:	D:
173960	175387	+	2	1.295588	I:	D:
175368	176432	+	3	1.271397	I:	D:
176425	177039	+	1	1.286186	I:	D:
177052	177657	+	1	1.276601	I:	D:
177657	178931	+	3	1.272112	I:	D:
179090	180646	+	2	1.282088	I:	D:
180756	182141	+	3	1.283696	I:	D:
182145	182882	-	3	1.285030	I:	D:
183061	183666	+	1	1.317128	I:	D:
183812	184264	+	2	1.300156	I:	D:
184476	184904	+	3	1.285762	I:	D:
184907	185143	+	2	1.317986	I:	D:
184798	185613	+	1	1.291420	I:	D:
185761	186132	+	1	1.297163	I:	D:
186322	186714	+	1	1.279234	I:	D:
186828	188177	+	3	1.352109	I:	D:
188505	195215	+	3	1.340747	I:	D:
195389	196591	+	2	1.328881	I:	D:
196635	197081	+	3	1.343387	I:	D:
197117	197590	+	2	1.348876	I:	D:
197684	198343	+	2	1.343477	I:	D:
198358	198822	-	1	1.267363	I:	D:
198794	199231	-	2	1.323453	I:	D:
199494	200159	+	3	1.273351	I:	D:
200388	201572	+	3	1.331604	I:	D:
201637	202248	-	1	1.303488	I:	D:
202290	203912	+	3	1.334153	I:	D:
203991	205100	+	3	1.290519	I:	D:
205119	205631	-	3	1.346295	I:	D:
205597	206388	-	1	1.357980	I:	D:
206369	207532	-	2	1.318587	I:	D:
207725	207901	-	2	1.365453	I:	D:
208037	209098	+	2	1.353800	I:	D:
209280	210203	+	3	1.304840	I:	D:
210295	211473	-	1	1.285004	I:	D:
211538	212329	-	2	1.285194	I:	D:
212128	213306	-	1	1.342810	I:	D:
213318	213623	-	3	1.300660	I:	D:
213620	213838	-	2	1.328454	I:	D:
213875	214522	-	2	1.317292	I:	D:
214678	215343	-	1	1.295931	I:	D:
215729	216844	+	2	1.312419	I:	D:
216975	217526	+	3	1.336105	I:	D:
217517	218278	+	2	1.307105	I:	D:
218281	219477	-	1	1.281195	I:	D:
219665	221095	+	2	1.307551	I:	D:
221106	221447	+	3	1.268326	I:	D:
221535	222068	+	3	1.319429	I:	D:
222222	223580	-	3	1.318481	I:	D:
224882	225343	-	2	1.348093	I:	D:
225648	226412	-	3	1.299872	I:	D:
226434	227525	-	3	1.327254	I:	D:
227558	227992	-	2	1.323640	I:	D:
228219	229010	+	3	1.297584	I:	D:
229159	229965	-	1	1.307346	I:	D:
230043	230804	+	3	1.288938	I:	D:
230960	231418	+	2	1.316155	I:	D:
231576	232577	+	3	1.285765	I:	D:
232662	232814	+	3	1.345554	I:	D:
233078	233695	+	2	1.301275	I:	D:
233709	234371	+	3	1.298568	I:	D:
234717	235478	-	3	1.294241	I:	D:
235489	236538	-	1	1.306191	I:	D:
236553	237365	-	3	1.285259	I:	D:
237358	238377	-	1	1.305932	I:	D:
238562	240256	-	2	1.271566	I:	D:
240258	241157	-	3	1.291935	I:	D:
241265	241579	-	2	1.301315	I:	D:
241563	243260	-	3	1.273115	I:	D:
243277	244338	-	1	1.282164	I:	D:
244353	245183	-	3	1.289955	I:	D:
245199	246044	-	3	1.278156	I:	D:
246057	247103	-	3	1.288272	I:	D:
247136	248068	-	2	1.279442	I:	D:
248693	250483	-	2	1.296304	I:	D:
250684	250959	-	1	1.331342	I:	D:
251185	251652	-	1	1.287499	I:	D:
251747	251920	-	2	1.298789	I:	D:
252091	253182	-	1	1.282757	I:	D:
253374	254654	-	3	1.268498	I:	D:
254673	255914	-	3	1.269802	I:	D:
255942	256988	-	3	1.282236	I:	D:
256988	257782	-	2	1.303977	I:	D:
257804	258700	-	2	1.294618	I:	D:
258847	259047	+	1	1.344263	I:	D:
259168	259428	-	1	1.298757	I:	D:
259491	259889	-	3	1.391302	I:	D:
259894	260103	-	1	1.361357	I:	D:
260531	260728	+	2	1.372465	I:	D:
260984	261226	+	2	1.340794	I:	D:
261319	261690	+	1	1.287296	I:	D:
261687	261965	+	3	1.313440	I:	D:
261972	262169	-	3	1.282870	I:	D:
262236	262382	+	3	1.341115	I:	D:
262559	265597	-	2	1.305626	I:	D:
265600	266583	-	1	1.368236	I:	D:
267009	269006	-	3	1.292075	I:	D:
269175	269330	-	3	1.326015	I:	D:
269341	269475	+	1	1.395939	I:	D:
269901	271151	-	3	1.311520	I:	D:
271329	271781	+	3	1.266033	I:	D:
272034	275078	-	3	1.282825	I:	D:
275075	276166	-	2	1.280391	I:	D:
276163	276633	-	1	1.313763	I:	D:
277099	278673	-	1	1.281259	I:	D:
278666	281950	-	2	1.276738	I:	D:
282087	283040	-	3	1.294887	I:	D:
283037	283948	-	2	1.295158	I:	D:
284125	285549	+	1	1.278825	I:	D:
286210	286947	+	1	1.283014	I:	D:
287147	288586	-	2	1.272039	I:	D:
288586	290043	-	1	1.289666	I:	D:
290059	290349	-	1	1.276766	I:	D:
290406	290693	-	3	1.380296	I:	D:
290763	291392	-	3	1.268413	I:	D:
291382	292788	-	1	1.310299	I:	D:
293098	294318	-	1	1.294119	I:	D:
294691	295398	-	1	1.302148	I:	D:
295395	296123	-	3	1.272721	I:	D:
296137	297183	-	1	1.278844	I:	D:
297180	297980	-	3	1.286510	I:	D:
297977	299113	-	2	1.279179	I:	D:
299233	300009	-	1	1.301390	I:	D:
300013	300966	-	1	1.273206	I:	D:
301001	301957	-	2	1.290533	I:	D:
301972	304329	-	1	1.305833	I:	D:
304326	304739	-	3	1.285956	I:	D:
304742	305356	-	2	1.273814	I:	D:
305390	305635	+	2	1.395570	I:	D:
305692	306141	-	1	1.325671	I:	D:
306116	306634	-	2	1.292257	I:	D:
306647	307402	-	2	1.297845	I:	D:
307418	307852	-	2	1.278963	I:	D:
307849	308388	-	1	1.303956	I:	D:
308670	309095	-	3	1.275223	I:	D:
309089	309622	-	2	1.302298	I:	D:
309546	309911	-	3	1.307609	I:	D:
309930	310979	-	3	1.300047	I:	D:
310976	311941	-	2	1.289465	I:	D:
311935	312978	-	1	1.291364	I:	D:
313088	313237	-	2	1.256450	I:	D:
313330	314784	-	1	1.296562	I:	D:
314795	316249	-	2	1.304775	I:	D:
316253	317599	-	2	1.273341	I:	D:
317911	319560	-	1	1.291684	I:	D:
319557	322031	-	3	1.302684	I:	D:
322140	323387	-	3	1.294719	I:	D:
323410	324849	-	1	1.284285	I:	D:
324894	325589	-	3	1.284973	I:	D:
325592	326302	-	2	1.273409	I:	D:
326277	328184	-	3	1.283053	I:	D:
328191	329294	-	3	1.295206	I:	D:
329304	330134	-	3	1.298403	I:	D:
330178	332085	-	1	1.269508	I:	D:
332105	332593	-	2	1.289440	I:	D:
332611	333531	-	1	1.290937	I:	D:
333534	334574	-	3	1.297873	I:	D:
334845	335474	-	3	1.293477	I:	D:
336031	336345	+	1	1.316465	I:	D:
336510	337736	-	3	1.284022	I:	D:
337749	339152	-	3	1.258792	I:	D:
339168	339719	-	3	1.257101	I:	D:
339707	341032	-	2	1.278653	I:	D:
341022	343292	-	3	1.282435	I:	D:
343647	344717	-	3	1.265872	I:	D:
344719	345207	-	1	1.274033	I:	D:
345210	346469	-	3	1.282488	I:	D:
346585	348327	-	1	1.280152	I:	D:
348905	350386	+	2	1.263483	I:	D:
350600	351457	-	2	1.274162	I:	D:
351458	352003	-	2	1.275603	I:	D:
351996	353258	-	3	1.292110	I:	D:
353645	354574	-	2	1.287230	I:	D:
354562	355392	-	1	1.311780	I:	D:
355389	357473	-	3	1.309734	I:	D:
357470	360067	-	2	1.282249	I:	D:
360082	361410	-	1	1.287618	I:	D:
361853	362068	-	2	1.275051	I:	D:
362343	363467	-	3	1.297477	I:	D:
363815	365011	-	2	1.378654	I:	D:
365133	365333	-	3	1.355608	I:	D:
365761	366051	-	1	1.314007	I:	D:
366063	366647	-	3	1.312464	I:	D:
366670	366840	-	1	1.341443	I:	D:
366848	367087	-	2	1.313966	I:	D:
367091	368158	-	2	1.364097	I:	D:
368465	368764	-	2	1.320051	I:	D:
368866	369936	-	1	1.299808	I:	D:
369942	370352	-	3	1.293117	I:	D:
370375	372030	-	1	1.329467	I:	D:
372039	373358	-	3	1.370784	I:	D:
373351	374472	-	1	1.357826	I:	D:
374484	374795	-	3	1.312885	I:	D:
374792	375355	-	2	1.310044	I:	D:
375138	375461	-	3	1.371518	I:	D:
375691	376107	-	1	1.342728	I:	D:
376097	377167	-	2	1.331237	I:	D:
377365	380442	-	1	1.319162	I:	D:
380497	380634	+	1	1.343015	I:	D:
380747	381058	-	2	1.312832	I:	D:
381068	381592	-	2	1.294809	I:	D:
381608	383053	-	2	1.315309	I:	D:
383043	383297	-	3	1.321898	I:	D:
383297	383755	-	2	1.307744	I:	D:
383752	384327	-	1	1.348743	I:	D:
384327	384656	-	3	1.321945	I:	D:
384656	384982	-	2	1.304823	I:	D:
384983	386806	-	2	1.315430	I:	D:
386766	388289	-	3	1.327282	I:	D:
388507	390228	-	1	1.325919	I:	D:
390275	390799	-	2	1.322764	I:	D:
390906	391193	-	3	1.351381	I:	D:
391262	391711	-	2	1.372164	I:	D:
391708	392163	-	1	1.312599	I:	D:
392160	392354	-	3	1.337382	I:	D:
392368	392559	-	1	1.345125	I:	D:
392609	393454	-	2	1.364940	I:	D:
393646	394662	-	1	1.334811	I:	D:
394659	395408	-	3	1.343573	I:	D:
395405	395647	-	2	1.365087	I:	D:
395736	396002	+	3	1.380816	I:	D:
396081	396257	-	3	1.378448	I:	D:
396330	396617	-	3	1.334148	I:	D:
396635	396841	-	2	1.332721	I:	D:
396892	397287	+	1	1.371083	I:	D:
397570	397716	+	1	1.359658	I:	D:
397767	398174	-	3	1.318134	I:	D:
398237	398410	-	2	1.280591	I:	D:
398429	398809	-	2	1.359769	I:	D:
398874	399446	+	3	1.379219	I:	D:
399693	399887	-	3	1.321484	I:	D:
399910	400200	-	1	1.346084	I:	D:
400215	400502	-	3	1.381529	I:	D:
400626	401252	+	3	1.353782	I:	D:
401267	401851	+	2	1.361463	I:	D:
401905	402276	+	1	1.314541	I:	D:
402555	403388	+	3	1.352700	I:	D:
403397	403621	+	2	1.353678	I:	D:
403763	405052	+	2	1.312111	I:	D:
405219	405914	-	3	1.379258	I:	D:
406506	406673	-	3	1.357919	I:	D:
406831	407160	+	1	1.368293	I:	D:
407300	409114	-	2	1.276188	I:	D:
409248	410555	-	3	1.280829	I:	D:
410924	411850	-	2	1.289996	I:	D:
411840	412187	-	3	1.281919	I:	D:
412215	412700	-	3	1.308599	I:	D:
412860	413288	+	3	1.298814	I:	D:
413315	413980	+	2	1.299794	I:	D:
413983	414873	+	1	1.303230	I:	D:
414870	415346	+	3	1.303031	I:	D:
415402	415551	+	1	1.354611	I:	D:
415783	416805	-	1	1.323699	I:	D:
417446	419890	-	2	1.290073	I:	D:
420072	420449	-	3	1.290305	I:	D:
420446	420898	-	2	1.352437	I:	D:
421261	422115	-	1	1.298800	I:	D:
422126	422524	-	2	1.264952	I:	D:
422751	423035	-	3	1.316155	I:	D:
423055	423363	-	1	1.349910	I:	D:
423363	423674	-	3	1.313027	I:	D:
423832	424005	+	1	1.365423	I:	D:
424077	424232	-	3	1.355023	I:	D:
424668	426287	-	3	1.361156	I:	D:
426577	427743	-	1	1.312415	I:	D:
428106	429413	-	3	1.275255	I:	D:
429835	431292	-	1	1.290877	I:	D:
431487	433364	-	3	1.276208	I:	D:
433497	435317	+	3	1.267091	I:	D:
435563	437113	+	2	1.287438	I:	D:
437261	438436	-	2	1.284463	I:	D:
438779	439981	-	2	1.286268	I:	D:
440036	441322	-	2	1.300880	I:	D:
441552	442349	-	3	1.307192	I:	D:
442452	443624	-	3	1.275368	I:	D:
443988	445010	+	3	1.300053	I:	D:
445083	445778	-	3	1.292682	I:	D:
445875	446018	+	3	1.296565	I:	D:
446140	447396	-	1	1.351967	I:	D:
447573	448700	-	3	1.294248	I:	D:
448700	449233	-	2	1.298490	I:	D:
449260	449901	-	1	1.284047	I:	D:
450134	451585	+	2	1.277779	I:	D:
451913	452164	-	2	1.396117	I:	D:
452253	453488	+	3	1.298091	I:	D:
453749	454306	-	2	1.300625	I:	D:
454352	455491	-	2	1.325280	I:	D:
455502	455654	-	3	1.317180	I:	D:
455746	456009	+	1	1.365730	I:	D:
456301	458724	-	1	1.288691	I:	D:
458743	458979	-	1	1.308347	I:	D:
459002	459292	-	2	1.345612	I:	D:
459599	460201	-	2	1.269060	I:	D:
460224	460916	-	3	1.287624	I:	D:
460920	461570	-	3	1.312814	I:	D:
461591	461797	+	2	1.311768	I:	D:
462011	462229	-	2	1.277774	I:	D:
462570	463199	-	3	1.280047	I:	D:
463215	464336	-	3	1.295882	I:	D:
464344	465858	-	1	1.285977	I:	D:
465863	466234	-	2	1.300900	I:	D:
466466	466906	-	2	1.293160	I:	D:
467040	468344	-	3	1.279636	I:	D:
468344	469072	-	2	1.306076	I:	D:
469077	469952	-	3	1.272540	I:	D:
469973	471286	-	2	1.284240	I:	D:
471310	473172	-	1	1.276982	I:	D:
473206	473817	-	1	1.256511	I:	D:
473834	474868	-	2	1.291088	I:	D:
475299	476507	-	3	1.270141	I:	D:
476768	477550	-	2	1.273557	I:	D:
477757	478668	-	1	1.298366	I:	D:
478925	479122	-	2	1.387345	I:	D:
479640	481157	-	3	1.268495	I:	D:
481178	481744	-	2	1.308948	I:	D:
481761	482138	-	3	1.299293	I:	D:
482183	485821	-	2	1.282904	I:	D:
486170	487696	-	2	1.284844	I:	D:
487832	488851	-	2	1.318279	I:	D:
488830	490935	-	1	1.333891	I:	D:
490935	491459	-	3	1.289554	I:	D:
491583	493034	-	3	1.289088	I:	D:
493181	494476	+	2	1.302374	I:	D:
494734	495087	+	1	1.318321	I:	D:
495317	495952	+	2	1.276245	I:	D:
496109	497065	-	2	1.280449	I:	D:
497071	497295	-	1	1.327493	I:	D:
497613	498983	+	3	1.301091	I:	D:
499133	499264	-	2	1.352398	I:	D:
499906	500607	-	1	1.353898	I:	D:
500717	501055	-	2	1.339925	I:	D:
501111	502091	-	3	1.360375	I:	D:
502152	503441	-	3	1.312557	I:	D:
503480	504889	-	2	1.416182	I:	D:
504917	505207	-	2	1.382339	I:	D:
505225	505593	-	1	1.367308	I:	D:
505770	506153	-	3	1.352078	I:	D:
506297	507022	+	2	1.373676	I:	D:
507095	507964	-	2	1.326287	I:	D:
508234	509046	-	1	1.366467	I:	D:
>YA2_5473
29	730	-	2	1.353898	I:	D:
840	1178	-	3	1.339925	I:	D:
1234	2214	-	1	1.360375	I:	D:
2275	3564	-	1	1.312557	I:	D:
3603	5012	-	3	1.416182	I:	D:
5040	5330	-	3	1.382339	I:	D:
5348	5716	-	2	1.367308	I:	D:
5893	6276	-	1	1.352078	I:	D:
6420	7145	+	3	1.373676	I:	D:
7218	8087	-	3	1.326287	I:	D:
8357	9169	-	2	1.366467	I:	D:
9315	10604	-	3	1.312071	I:	D:
11461	12177	-	1	1.289189	I:	D:
12330	13334	+	3	1.285788	I:	D:
13347	14156	+	3	1.280155	I:	D:
14153	14803	+	2	1.282986	I:	D:
15294	16511	-	3	1.288434	I:	D:
16501	16902	-	1	1.313771	I:	D:
16916	17593	-	2	1.280844	I:	D:
17816	18136	-	2	1.286897	I:	D:
18314	18820	-	2	1.275891	I:	D:
19002	19868	+	3	1.293856	I:	D:
19920	20453	+	3	1.304424	I:	D:
20497	20754	-	1	1.372847	I:	D:
20805	21740	+	3	1.282892	I:	D:
21911	22852	-	2	1.276560	I:	D:
23046	23243	-	3	1.296798	I:	D:
23320	23817	-	1	1.289151	I:	D:
23817	24608	-	3	1.284568	I:	D:
24625	26445	-	1	1.292952	I:	D:
26647	27834	-	1	1.288169	I:	D:
28105	29295	-	1	1.292963	I:	D:
29531	29932	-	2	1.401241	I:	D:
30132	31058	-	3	1.290528	I:	D:
31070	31951	-	2	1.289776	I:	D:
31948	32892	-	1	1.283860	I:	D:
32898	33245	-	3	1.268823	I:	D:
33261	35729	-	3	1.268848	I:	D:
35744	36049	-	2	1.282543	I:	D:
36046	36306	-	1	1.297500	I:	D:
36310	37461	-	1	1.264556	I:	D:
37476	37937	-	3	1.288990	I:	D:
38049	38831	-	3	1.306904	I:	D:
38843	39322	-	2	1.323372	I:	D:
39429	40037	-	3	1.288047	I:	D:
40192	41052	+	1	1.304756	I:	D:
41171	42847	+	2	1.294490	I:	D:
42844	43779	+	1	1.279444	I:	D:
43837	44721	-	1	1.305634	I:	D:
44847	45860	+	3	1.283280	I:	D:
45935	46498	-	2	1.285769	I:	D:
46755	47498	-	3	1.311050	I:	D:
47550	49685	+	3	1.316529	I:	D:
49682	51055	+	2	1.328195	I:	D:
51450	52292	+	3	1.357641	I:	D:
52394	53107	-	2	1.279997	I:	D:
53248	54072	-	1	1.301502	I:	D:
54081	56657	-	3	1.274501	I:	D:
56635	56997	+	1	1.279720	I:	D:
57022	57495	-	1	1.290559	I:	D:
57508	59853	-	1	1.279379	I:	D:
59931	60167	-	3	1.290363	I:	D:
60212	60919	-	2	1.273145	I:	D:
60944	61690	-	2	1.288677	I:	D:
61687	62172	-	1	1.265609	I:	D:
62169	63686	-	3	1.282490	I:	D:
63658	63897	+	1	1.378302	I:	D:
63943	65397	-	1	1.274901	I:	D:
65430	66590	-	3	1.298305	I:	D:
66600	67781	-	3	1.273022	I:	D:
67966	70842	-	1	1.317477	I:	D:
70852	71250	-	1	1.315338	I:	D:
71603	72889	-	2	1.355943	I:	D:
73116	74375	-	3	1.339706	I:	D:
74393	74611	-	2	1.368000	I:	D:
74633	74962	-	2	1.312056	I:	D:
74964	75161	+	3	1.375182	I:	D:
75427	76806	-	1	1.273121	I:	D:
76816	79272	-	1	1.269576	I:	D:
79279	80343	-	1	1.283021	I:	D:
80347	80871	-	1	1.295855	I:	D:
80886	81344	-	3	1.289042	I:	D:
81713	83461	+	2	1.292144	I:	D:
83454	85088	+	3	1.290586	I:	D:
85328	86329	-	2	1.301946	I:	D:
86428	87459	-	1	1.283275	I:	D:
87472	88293	-	1	1.322549	I:	D:
88444	89133	+	1	1.301707	I:	D:
89277	90311	-	3	1.309761	I:	D:
90614	91411	-	2	1.321056	I:	D:
91431	93179	-	3	1.272982	I:	D:
93225	94370	-	3	1.286272	I:	D:
94484	95560	-	2	1.321515	I:	D:
95592	96371	-	3	1.291720	I:	D:
96502	97833	-	1	1.303300	I:	D:
97999	99255	-	1	1.346212	I:	D:
99432	100400	-	3	1.315956	I:	D:
100594	101367	+	1	1.286985	I:	D:
101385	102170	-	3	1.284895	I:	D:
102185	103303	-	2	1.302364	I:	D:
103314	104636	-	3	1.289870	I:	D:
104673	105383	-	3	1.294766	I:	D:
105641	106051	-	2	1.286864	I:	D:
106066	106608	-	1	1.328896	I:	D:
106661	107122	+	2	1.281199	I:	D:
107165	107488	-	2	1.289706	I:	D:
107503	108813	-	1	1.284590	I:	D:
109078	110328	-	1	1.285802	I:	D:
110426	111241	-	2	1.320669	I:	D:
111341	111580	-	2	1.342142	I:	D:
111624	111929	+	3	1.389991	I:	D:
112116	112964	-	3	1.283609	I:	D:
112974	113900	-	3	1.299038	I:	D:
113928	114845	+	3	1.308858	I:	D:
114896	115384	+	2	1.322496	I:	D:
115691	116152	-	2	1.302054	I:	D:
116413	116883	-	1	1.376885	I:	D:
117038	118330	-	2	1.353538	I:	D:
118407	118700	-	3	1.334548	I:	D:
118678	120666	-	1	1.332811	I:	D:
120733	121299	-	1	1.294126	I:	D:
121313	122440	-	2	1.299577	I:	D:
122430	122741	-	3	1.287180	I:	D:
122743	122934	-	1	1.320583	I:	D:
123394	123702	+	1	1.378627	I:	D:
123899	126721	-	2	1.369582	I:	D:
126721	127668	-	1	1.382727	I:	D:
127688	128935	-	2	1.309163	I:	D:
128949	130202	-	3	1.392578	I:	D:
130600	130866	-	1	1.317152	I:	D:
130869	131426	-	3	1.292317	I:	D:
131447	131614	+	2	1.336839	I:	D:
131636	132268	-	2	1.338990	I:	D:
132283	132789	-	1	1.350260	I:	D:
132803	133033	-	2	1.312896	I:	D:
133020	133388	-	3	1.330038	I:	D:
133400	133657	-	2	1.288651	I:	D:
133670	134653	-	2	1.333910	I:	D:
134646	135194	-	3	1.307887	I:	D:
135199	136266	-	1	1.295980	I:	D:
136263	136712	-	3	1.314749	I:	D:
136705	137124	-	1	1.307153	I:	D:
137130	138665	-	3	1.320048	I:	D:
138643	139374	-	1	1.307833	I:	D:
139374	141494	-	3	1.288956	I:	D:
141574	142269	+	1	1.383558	I:	D:
142300	142452	-	1	1.337431	I:	D:
142470	142886	-	3	1.273076	I:	D:
142900	143328	-	1	1.271042	I:	D:
143343	144425	-	3	1.274390	I:	D:
144406	144870	-	1	1.300481	I:	D:
144867	145247	-	3	1.304552	I:	D:
145273	145614	-	1	1.329176	I:	D:
145631	145912	-	2	1.267104	I:	D:
145916	147106	-	2	1.290175	I:	D:
147122	147826	-	2	1.288063	I:	D:
147816	149072	-	3	1.314281	I:	D:
149750	152353	-	2	1.327498	I:	D:
152359	152829	-	1	1.318147	I:	D:
152931	153179	-	3	1.312698	I:	D:
153289	153705	-	1	1.328458	I:	D:
153731	154342	-	2	1.316222	I:	D:
154419	155312	-	3	1.315992	I:	D:
155426	156250	-	2	1.295723	I:	D:
156312	157550	-	3	1.291259	I:	D:
157691	157909	+	2	1.366146	I:	D:
157934	158335	+	2	1.392694	I:	D:
158336	158695	-	2	1.384832	I:	D:
158818	159267	-	1	1.296208	I:	D:
159264	160634	-	3	1.314828	I:	D:
160631	161008	-	2	1.321939	I:	D:
161079	163322	-	3	1.313088	I:	D:
163319	163738	-	2	1.369192	I:	D:
163725	164522	-	3	1.351943	I:	D:
164561	165208	-	2	1.336845	I:	D:
165593	168193	-	2	1.384418	I:	D:
168194	169651	-	2	1.386945	I:	D:
170189	170434	+	2	1.405650	I:	D:
170473	171762	+	1	1.312111	I:	D:
172020	173186	+	3	1.342456	I:	D:
173276	174142	-	2	1.326990	I:	D:
174255	174902	+	3	1.307097	I:	D:
175020	175973	-	3	1.293449	I:	D:
176294	177550	-	2	1.348936	I:	D:
177667	177810	-	1	1.332066	I:	D:
177999	178952	+	3	1.299618	I:	D:
179069	180358	-	2	1.312071	I:	D:
181016	181207	+	2	1.373017	I:	D:
181661	181882	-	2	1.315511	I:	D:
181909	182367	-	1	1.290294	I:	D:
182488	183393	-	1	1.302593	I:	D:
183747	184196	-	3	1.326498	I:	D:
184421	184747	-	2	1.375564	I:	D:
185062	185214	-	1	1.341219	I:	D:
185354	185497	-	2	1.370471	I:	D:
186016	187551	-	1	1.274997	I:	D:
187656	188174	-	3	1.282187	I:	D:
188194	188664	-	1	1.277727	I:	D:
188880	189266	-	3	1.290569	I:	D:
189348	190781	-	3	1.295815	I:	D:
190795	192015	-	1	1.273927	I:	D:
192176	192322	+	2	1.365924	I:	D:
192729	193925	-	3	1.310207	I:	D:
194107	195729	-	1	1.274218	I:	D:
195788	196069	-	2	1.296211	I:	D:
196206	196796	-	3	1.281771	I:	D:
196800	198227	-	3	1.302186	I:	D:
198240	199289	-	3	1.279997	I:	D:
199268	199741	-	2	1.303883	I:	D:
199732	200442	-	1	1.287085	I:	D:
200426	200896	-	2	1.294021	I:	D:
200909	201886	-	2	1.280614	I:	D:
201899	202306	-	2	1.274540	I:	D:
202571	202912	+	2	1.401518	I:	D:
203561	203749	+	2	1.379249	I:	D:
204288	204566	-	3	1.380916	I:	D:
205110	205415	+	3	1.404862	I:	D:
205520	205687	-	2	1.355011	I:	D:
205903	206058	+	1	1.338721	I:	D:
206114	206422	+	2	1.399101	I:	D:
206476	206667	+	1	1.334035	I:	D:
206901	207152	+	3	1.398590	I:	D:
208455	209792	-	3	1.291239	I:	D:
209874	210389	-	3	1.299725	I:	D:
210404	210919	-	2	1.318028	I:	D:
211128	212189	-	3	1.345203	I:	D:
212496	213749	-	3	1.277608	I:	D:
214255	214530	-	1	1.298714	I:	D:
214762	215673	-	1	1.288688	I:	D:
215677	216261	-	1	1.278197	I:	D:
216459	217388	-	3	1.292213	I:	D:
217385	218635	-	2	1.271753	I:	D:
218672	219238	-	2	1.275266	I:	D:
219228	219641	-	3	1.254079	I:	D:
219687	220793	-	3	1.295344	I:	D:
220809	221828	-	3	1.273211	I:	D:
221850	223190	-	3	1.291705	I:	D:
223202	223417	-	2	1.338928	I:	D:
223429	224433	-	1	1.269574	I:	D:
224437	225045	-	1	1.275141	I:	D:
225042	225542	-	3	1.287247	I:	D:
226324	226752	-	1	1.278861	I:	D:
227007	228380	-	3	1.276400	I:	D:
228545	229219	-	2	1.285955	I:	D:
229532	230431	+	2	1.303508	I:	D:
230623	231300	-	1	1.311281	I:	D:
231341	231967	-	2	1.291207	I:	D:
232123	232542	-	1	1.301668	I:	D:
232539	232754	-	3	1.316800	I:	D:
233111	233296	-	2	1.371859	I:	D:
233333	233839	-	2	1.365148	I:	D:
233889	235550	-	3	1.288629	I:	D:
235692	236714	+	3	1.305276	I:	D:
236933	237358	-	2	1.270739	I:	D:
237577	237774	+	1	1.392297	I:	D:
237972	238847	-	3	1.269288	I:	D:
238859	241099	-	2	1.288864	I:	D:
241245	241895	+	3	1.285852	I:	D:
242088	243290	-	3	1.290003	I:	D:
243312	244340	-	3	1.277156	I:	D:
244469	245449	-	2	1.285745	I:	D:
245464	245598	+	1	1.394525	I:	D:
245681	245929	+	2	1.375848	I:	D:
246146	247633	-	2	1.293138	I:	D:
247890	248627	-	3	1.289000	I:	D:
248637	249035	-	3	1.314941	I:	D:
249045	250094	-	3	1.261576	I:	D:
250109	251419	-	2	1.272309	I:	D:
251434	251835	-	1	1.292391	I:	D:
252145	254727	-	1	1.279640	I:	D:
254741	255334	-	2	1.297630	I:	D:
255420	256640	-	3	1.270625	I:	D:
256888	258300	-	1	1.286476	I:	D:
258558	259544	-	3	1.283135	I:	D:
259667	259900	+	2	1.380841	I:	D:
259959	261278	+	3	1.297322	I:	D:
261361	261570	+	1	1.280103	I:	D:
261913	262047	+	1	1.372204	I:	D:
262133	263380	-	2	1.288373	I:	D:
263727	266522	-	3	1.290974	I:	D:
266608	266736	+	1	1.326763	I:	D:
266845	268251	-	1	1.290674	I:	D:
268424	268915	+	2	1.283370	I:	D:
268930	269652	+	1	1.282186	I:	D:
269782	270642	+	1	1.266348	I:	D:
271184	273547	-	2	1.275254	I:	D:
273568	275760	-	1	1.295609	I:	D:
275909	277003	-	2	1.285437	I:	D:
277192	278523	-	1	1.351171	I:	D:
278677	279801	-	1	1.383687	I:	D:
279853	281142	-	1	1.312071	I:	D:
281259	282458	-	3	1.367975	I:	D:
282602	283861	-	2	1.392629	I:	D:
283880	284572	-	2	1.399428	I:	D:
284569	285324	-	1	1.375544	I:	D:
285914	286615	-	2	1.353898	I:	D:
286725	287063	-	3	1.339925	I:	D:
287117	288466	-	2	1.353791	I:	D:
288590	289213	-	2	1.402834	I:	D:
289892	291181	-	2	1.312071	I:	D:
291521	291841	-	2	1.373721	I:	D:
292089	292697	-	3	1.324621	I:	D:
292754	293290	-	2	1.340252	I:	D:
293608	294000	-	1	1.319284	I:	D:
294023	294463	-	2	1.330238	I:	D:
294718	294966	-	1	1.302336	I:	D:
295031	296320	-	2	1.312211	I:	D:
296848	297375	-	1	1.380832	I:	D:
298452	299741	+	3	1.312111	I:	D:
300055	300645	-	1	1.336655	I:	D:
300795	301025	-	3	1.319832	I:	D:
301232	301450	-	2	1.256596	I:	D:
301657	302196	-	1	1.319282	I:	D:
302266	302400	+	1	1.321526	I:	D:
302578	302727	+	1	1.347780	I:	D:
302789	303241	-	2	1.302239	I:	D:
303162	304109	-	3	1.321821	I:	D:
304633	305430	-	1	1.277074	I:	D:
305544	305708	-	3	1.289539	I:	D:
305913	306404	-	3	1.301831	I:	D:
306433	308583	-	1	1.276021	I:	D:
308854	309564	-	1	1.284847	I:	D:
309568	309930	-	1	1.254298	I:	D:
309950	310432	-	2	1.283909	I:	D:
310485	313529	-	3	1.256857	I:	D:
313526	314671	-	2	1.273414	I:	D:
314691	315521	-	3	1.295064	I:	D:
315626	316036	-	2	1.318518	I:	D:
316232	318397	+	2	1.281425	I:	D:
318548	319861	-	2	1.279421	I:	D:
319918	320838	-	1	1.305679	I:	D:
321557	321976	-	2	1.321456	I:	D:
322425	323123	-	3	1.275504	I:	D:
323357	324640	-	2	1.279406	I:	D:
324785	326206	-	2	1.300877	I:	D:
326685	328250	-	3	1.310322	I:	D:
328678	329478	-	1	1.271713	I:	D:
329505	330758	-	3	1.296781	I:	D:
331018	331983	+	1	1.284703	I:	D:
332020	332658	+	1	1.318116	I:	D:
332669	332956	+	2	1.292923	I:	D:
333207	333404	-	3	1.387600	I:	D:
333655	333825	+	1	1.356169	I:	D:
334473	334661	+	3	1.379249	I:	D:
335200	335478	-	1	1.383314	I:	D:
335383	335754	+	1	1.403083	I:	D:
336022	336327	+	1	1.404862	I:	D:
336432	336599	-	3	1.358750	I:	D:
337107	337298	+	3	1.334978	I:	D:
337533	337784	+	3	1.397940	I:	D:
338142	338399	+	3	1.391945	I:	D:
338993	340120	-	2	1.303293	I:	D:
340300	341655	+	1	1.262739	I:	D:
341656	342792	-	1	1.268154	I:	D:
342813	343742	-	3	1.280089	I:	D:
343747	345339	-	1	1.282059	I:	D:
345336	346346	-	3	1.307250	I:	D:
346352	346522	+	2	1.318325	I:	D:
346547	346828	+	2	1.302431	I:	D:
346844	347281	+	2	1.302468	I:	D:
347293	348198	-	1	1.290775	I:	D:
348198	349154	-	3	1.297084	I:	D:
349260	350462	+	3	1.267988	I:	D:
350480	351358	+	2	1.316670	I:	D:
351443	352006	+	2	1.295251	I:	D:
352080	352751	-	3	1.306186	I:	D:
352908	356342	-	3	1.279594	I:	D:
356495	357226	-	2	1.317640	I:	D:
357372	357875	-	3	1.310353	I:	D:
358171	359556	-	1	1.279413	I:	D:
359925	360323	-	3	1.328826	I:	D:
360332	361012	+	2	1.329157	I:	D:
361078	362328	-	1	1.303036	I:	D:
362349	363023	-	3	1.295062	I:	D:
363023	363673	-	2	1.292840	I:	D:
363686	364417	-	2	1.286252	I:	D:
364436	365893	-	2	1.290616	I:	D:
366009	368048	-	3	1.284885	I:	D:
368330	368479	+	2	1.332427	I:	D:
368543	369622	-	2	1.308275	I:	D:
369638	370633	-	2	1.285247	I:	D:
370617	375458	-	3	1.284264	I:	D:
375579	376400	-	3	1.267385	I:	D:
376403	377041	-	2	1.312634	I:	D:
377240	379648	-	2	1.286743	I:	D:
379979	382027	+	2	1.283850	I:	D:
382250	382912	-	2	1.299249	I:	D:
382917	383672	-	3	1.281447	I:	D:
383682	384476	-	3	1.267919	I:	D:
384977	385180	-	2	1.273262	I:	D:
385313	386509	-	2	1.279225	I:	D:
386705	387838	+	2	1.293967	I:	D:
387852	388556	+	3	1.285027	I:	D:
388546	389763	+	1	1.277902	I:	D:
390023	390238	+	2	1.398257	I:	D:
390284	390805	-	2	1.284951	I:	D:
391025	392266	+	2	1.283377	I:	D:
392281	393387	+	1	1.259640	I:	D:
393505	393768	-	1	1.354088	I:	D:
393902	395404	-	2	1.297506	I:	D:
395668	396954	+	1	1.357124	I:	D:
397057	398985	-	1	1.277953	I:	D:
398990	399181	+	2	1.382029	I:	D:
399234	399362	+	3	1.359130	I:	D:
400570	400722	-	1	1.350273	I:	D:
400936	402777	-	1	1.370079	I:	D:
402783	403556	-	3	1.373036	I:	D:
403661	405775	-	2	1.312058	I:	D:
405800	408325	-	2	1.323010	I:	D:
408463	412227	-	1	1.336236	I:	D:
412248	415865	-	3	1.294555	I:	D:
415879	416508	-	1	1.308374	I:	D:
416514	417113	-	3	1.326542	I:	D:
417244	417771	-	1	1.402059	I:	D:
417791	419164	-	2	1.384794	I:	D:
419218	419436	+	1	1.405188	I:	D:
420317	421582	-	2	1.355276	I:	D:
421598	421876	+	2	1.354005	I:	D:
421882	422337	-	1	1.293711	I:	D:
422434	423981	-	1	1.299482	I:	D:
424149	424691	+	3	1.303765	I:	D:
424766	425563	-	2	1.311257	I:	D:
425592	426821	-	3	1.279010	I:	D:
427318	428667	-	1	1.279809	I:	D:
428733	429821	-	3	1.322566	I:	D:
429895	430611	-	1	1.293674	I:	D:
430629	431891	-	3	1.285843	I:	D:
431916	432887	-	3	1.325195	I:	D:
432949	433200	-	1	1.259210	I:	D:
433233	433976	-	3	1.265357	I:	D:
433978	434922	-	1	1.281190	I:	D:
434946	435854	-	3	1.284513	I:	D:
435925	436950	-	1	1.293787	I:	D:
436966	437508	-	1	1.325392	I:	D:
437659	437889	-	1	1.279928	I:	D:
438035	438871	-	2	1.290355	I:	D:
438868	439287	-	1	1.302968	I:	D:
439463	440722	-	2	1.265082	I:	D:
441021	442109	-	3	1.299823	I:	D:
442123	442842	-	1	1.277058	I:	D:
442858	443601	-	1	1.281492	I:	D:
443604	444158	-	3	1.266268	I:	D:
444130	445068	-	1	1.288740	I:	D:
445087	445623	-	1	1.277957	I:	D:
445623	446597	-	3	1.288022	I:	D:
446610	447455	-	3	1.287300	I:	D:
447459	448208	-	3	1.286217	I:	D:
448205	449350	-	2	1.280406	I:	D:
449355	450692	-	3	1.280279	I:	D:
450698	452422	-	2	1.278555	I:	D:
452448	453602	-	3	1.287310	I:	D:
453611	454435	-	2	1.265550	I:	D:
454551	455372	-	3	1.290244	I:	D:
455568	456014	-	3	1.276576	I:	D:
456032	456865	-	2	1.309583	I:	D:
457068	458501	-	3	1.279169	I:	D:
458514	459878	-	3	1.290832	I:	D:
459956	460750	+	2	1.268458	I:	D:
460989	461438	-	3	1.304126	I:	D:
461689	463089	-	1	1.280823	I:	D:
463434	464723	-	3	1.290707	I:	D:
464756	464917	-	2	1.330505	I:	D:
464938	465675	-	1	1.269437	I:	D:
465698	466546	-	2	1.301435	I:	D:
466741	467676	+	1	1.292059	I:	D:
468002	468652	-	2	1.274910	I:	D:
468670	469527	-	1	1.297097	I:	D:
469527	470405	-	3	1.293440	I:	D:
470407	471330	-	1	1.298817	I:	D:
471349	472227	-	1	1.297623	I:	D:
472438	474138	-	1	1.282819	I:	D:
474135	474818	-	3	1.286237	I:	D:
475120	476619	-	1	1.294741	I:	D:
476612	477820	-	2	1.281947	I:	D:
478104	478655	+	3	1.304668	I:	D:
478769	479098	-	2	1.374904	I:	D:
479175	480809	+	3	1.345451	I:	D:
481044	481967	-	3	1.302323	I:	D:
482105	483004	+	2	1.314619	I:	D:
483032	484438	+	2	1.316523	I:	D:
484516	485214	-	1	1.296278	I:	D:
485260	486324	-	1	1.299632	I:	D:
486410	487195	-	2	1.300778	I:	D:
487192	487989	-	1	1.281662	I:	D:
487979	488851	-	2	1.284641	I:	D:
488836	489675	-	1	1.278843	I:	D:
489700	491805	-	1	1.290926	I:	D:
491798	492028	-	2	1.294193	I:	D:
492040	492597	-	1	1.311812	I:	D:
492645	493175	+	3	1.287527	I:	D:
493319	493486	+	2	1.371819	I:	D:
493599	494426	-	3	1.292228	I:	D:
494618	495094	-	2	1.300760	I:	D:
495198	496475	-	3	1.292807	I:	D:
496680	498191	-	3	1.272604	I:	D:
498209	498697	-	2	1.251525	I:	D:
498804	499802	-	3	1.275917	I:	D:
499786	500550	-	1	1.287271	I:	D:
500637	501638	-	3	1.294140	I:	D:
501862	503910	-	1	1.277846	I:	D:
504000	504539	-	3	1.290660	I:	D:
504566	505558	-	2	1.298411	I:	D:
505555	506523	-	1	1.287188	I:	D:
506564	507100	-	2	1.315057	I:	D:
507122	507469	-	2	1.302073	I:	D:
507634	509037	+	1	1.268927	I:	D:
509303	510553	+	2	1.289401	I:	D:
510716	511384	-	2	1.283587	I:	D:
511496	512209	+	2	1.308316	I:	D:
512356	512796	-	1	1.284319	I:	D:
512926	513987	-	1	1.296278	I:	D:
513991	514848	-	1	1.317520	I:	D:
514870	515442	-	1	1.316739	I:	D:
515442	516065	-	3	1.321302	I:	D:
516068	516619	-	2	1.287335	I:	D:
516621	517652	-	3	1.310421	I:	D:
517670	519028	-	2	1.310677	I:	D:
519543	521153	-	3	1.283315	I:	D:
521220	522884	-	3	1.267699	I:	D:
522884	523312	-	2	1.317679	I:	D:
523398	523592	-	3	1.285721	I:	D:
523604	523954	-	2	1.333318	I:	D:
523951	524946	-	1	1.321906	I:	D:
525125	525280	-	2	1.244195	I:	D:
525293	526528	-	2	1.300872	I:	D:
526655	527938	-	2	1.295952	I:	D:
527965	528639	-	1	1.288702	I:	D:
528636	530450	-	3	1.312950	I:	D:
530864	531310	-	2	1.311396	I:	D:
531572	532939	+	2	1.291658	I:	D:
533576	534424	-	2	1.299616	I:	D:
534662	538957	+	2	1.285449	I:	D:
538982	539878	+	2	1.268056	I:	D:
540223	542505	-	1	1.294355	I:	D:
542505	542975	-	3	1.310782	I:	D:
542972	543754	-	2	1.291782	I:	D:
544046	544855	-	2	1.324556	I:	D:
545397	545696	-	3	1.304997	I:	D:
545701	546534	-	1	1.315175	I:	D:
546725	546877	+	2	1.383834	I:	D:
547060	547257	-	1	1.386191	I:	D:
547655	549289	-	2	1.346568	I:	D:
549366	549695	+	3	1.369563	I:	D:
549732	549878	-	3	1.372891	I:	D:
550399	550560	+	1	1.375816	I:	D:
550596	551015	+	3	1.413494	I:	D:
551333	552067	+	2	1.426815	I:	D:
552307	552585	-	1	1.383314	I:	D:
552490	552861	+	1	1.406164	I:	D:
553129	553434	+	1	1.404862	I:	D:
553539	553706	-	3	1.358750	I:	D:
553922	554077	+	2	1.342381	I:	D:
554215	554406	+	1	1.334035	I:	D:
554640	554891	+	3	1.401151	I:	D:
555249	555506	+	3	1.391945	I:	D:
555979	556287	-	1	1.380150	I:	D:
556315	557292	-	1	1.381083	I:	D:
557349	558698	-	3	1.353791	I:	D:
558756	560843	-	3	1.342186	I:	D:
560824	562320	-	1	1.373115	I:	D:
562308	563741	-	3	1.360135	I:	D:
563738	565588	-	2	1.373535	I:	D:
565581	566471	-	3	1.350758	I:	D:
566468	568615	-	2	1.374728	I:	D:
568772	568975	-	2	1.382315	I:	D:
569190	569972	+	3	1.277010	I:	D:
569976	570620	+	3	1.292288	I:	D:
570636	571424	+	3	1.270922	I:	D:
571607	572914	-	2	1.297640	I:	D:
572904	573839	-	3	1.293140	I:	D:
573853	575199	-	1	1.282479	I:	D:
575211	576116	-	3	1.285604	I:	D:
576140	576940	-	2	1.263444	I:	D:
576940	577329	-	1	1.278049	I:	D:
577416	578018	-	3	1.261968	I:	D:
578044	578829	-	1	1.287680	I:	D:
578846	579355	-	2	1.280083	I:	D:
579371	580108	-	2	1.310011	I:	D:
580181	580987	-	2	1.289781	I:	D:
580980	582716	-	3	1.289003	I:	D:
583075	583455	+	1	1.289325	I:	D:
583824	585266	-	3	1.299474	I:	D:
585377	585553	+	2	1.402735	I:	D:
585689	586792	-	2	1.323288	I:	D:
586811	587401	-	2	1.333354	I:	D:
587385	588380	-	3	1.287819	I:	D:
588460	589902	-	1	1.285273	I:	D:
589954	590175	-	1	1.385575	I:	D:
590276	591043	-	2	1.272692	I:	D:
591055	591705	-	1	1.260718	I:	D:
591894	592697	-	3	1.268496	I:	D:
592710	593555	-	3	1.274350	I:	D:
593660	594166	-	2	1.276592	I:	D:
594163	594498	-	1	1.282404	I:	D:
594508	595410	-	1	1.279941	I:	D:
595421	596365	-	2	1.273648	I:	D:
596389	597195	-	1	1.290087	I:	D:
597214	598230	-	1	1.309601	I:	D:
598639	599718	-	1	1.295286	I:	D:
599745	601010	-	3	1.291473	I:	D:
601032	602324	-	3	1.305724	I:	D:
602278	602982	-	1	1.313267	I:	D:
603106	604200	-	1	1.262951	I:	D:
604209	605327	-	3	1.298248	I:	D:
605347	606045	-	1	1.291381	I:	D:
606061	606825	-	1	1.268612	I:	D:
606827	607543	-	2	1.272114	I:	D:
607548	608165	-	3	1.298011	I:	D:
608165	608749	-	2	1.276251	I:	D:
608742	609818	-	3	1.277875	I:	D:
609811	611100	-	1	1.279247	I:	D:
611117	611752	-	2	1.264324	I:	D:
611754	612971	-	3	1.282363	I:	D:
613081	613296	-	1	1.327304	I:	D:
613444	613752	+	1	1.295145	I:	D:
613739	614455	+	2	1.277853	I:	D:
614456	614932	+	2	1.305878	I:	D:
615062	615601	+	2	1.290541	I:	D:
615843	616550	-	3	1.291018	I:	D:
616583	617425	-	2	1.316113	I:	D:
617609	618412	-	2	1.280448	I:	D:
618416	619162	-	2	1.298414	I:	D:
619209	620126	-	3	1.295503	I:	D:
620166	620342	+	3	1.372278	I:	D:
620570	620740	+	2	1.394381	I:	D:
621151	622971	+	1	1.300480	I:	D:
623282	624643	+	2	1.290840	I:	D:
624652	625503	+	1	1.313082	I:	D:
625609	626169	+	1	1.357192	I:	D:
626188	627591	+	1	1.296836	I:	D:
627877	628056	+	1	1.363178	I:	D:
628182	628508	+	3	1.350545	I:	D:
628884	630188	+	3	1.282370	I:	D:
630255	631031	-	3	1.272544	I:	D:
631024	632208	-	1	1.289476	I:	D:
632213	632605	-	2	1.297730	I:	D:
632511	632744	+	3	1.373890	I:	D:
632808	633596	-	3	1.283984	I:	D:
633608	634645	-	2	1.280319	I:	D:
634667	635233	-	2	1.284411	I:	D:
635230	636699	-	1	1.278518	I:	D:
637252	638547	-	1	1.302680	I:	D:
639147	640073	+	3	1.320283	I:	D:
640312	643824	-	1	1.287689	I:	D:
644286	645431	+	3	1.355059	I:	D:
645812	646363	-	2	1.303244	I:	D:
646379	646831	-	2	1.300382	I:	D:
646939	648093	-	1	1.336910	I:	D:
648113	649111	-	2	1.322716	I:	D:
649257	649826	-	3	1.273282	I:	D:
649837	650802	-	1	1.286043	I:	D:
650836	652209	-	1	1.284306	I:	D:
652329	652919	-	3	1.310426	I:	D:
653143	654726	-	1	1.297034	I:	D:
654927	656171	+	3	1.283066	I:	D:
656177	659257	+	2	1.288131	I:	D:
659356	660549	+	1	1.298284	I:	D:
660585	661598	+	3	1.301542	I:	D:
661881	663290	+	3	1.286655	I:	D:
663302	663667	+	2	1.290122	I:	D:
663929	664675	+	2	1.293030	I:	D:
664681	665184	-	1	1.297448	I:	D:
665177	666007	-	2	1.296477	I:	D:
665982	666860	-	3	1.325867	I:	D:
666860	667951	-	2	1.282584	I:	D:
667953	669239	-	3	1.297005	I:	D:
669236	670309	-	2	1.279913	I:	D:
670290	671177	-	3	1.292404	I:	D:
671199	672236	-	3	1.286077	I:	D:
672313	672501	-	1	1.376508	I:	D:
672653	673555	-	2	1.303773	I:	D:
673562	674350	-	2	1.283053	I:	D:
674372	675184	-	2	1.276913	I:	D:
675212	675952	-	2	1.322292	I:	D:
675996	676154	+	3	1.390304	I:	D:
676255	676440	+	1	1.315978	I:	D:
676450	677334	-	1	1.267309	I:	D:
677345	678004	-	2	1.294573	I:	D:
678026	681661	-	2	1.277872	I:	D:
681645	685055	-	3	1.305021	I:	D:
685292	686356	-	2	1.322734	I:	D:
686513	687274	-	2	1.323661	I:	D:
687386	688519	-	2	1.304468	I:	D:
688837	690105	-	1	1.285127	I:	D:
690262	690984	-	1	1.291874	I:	D:
691108	692064	+	1	1.304813	I:	D:
692119	692748	+	1	1.320765	I:	D:
692745	694304	+	3	1.303187	I:	D:
694316	695926	+	2	1.305609	I:	D:
695943	696623	+	3	1.311244	I:	D:
696811	701373	+	1	1.278087	I:	D:
701438	702694	-	2	1.347529	I:	D:
703153	703875	+	1	1.341570	I:	D:
703886	704047	+	2	1.302144	I:	D:
704120	705007	+	2	1.293789	I:	D:
705031	705657	+	1	1.304857	I:	D:
705924	706364	-	3	1.316602	I:	D:
706433	707134	-	2	1.335686	I:	D:
707206	708207	-	1	1.299282	I:	D:
708310	708534	-	1	1.386720	I:	D:
708748	709734	+	1	1.292097	I:	D:
709755	711521	+	3	1.313206	I:	D:
711518	712633	+	2	1.305265	I:	D:
712633	713748	+	1	1.312657	I:	D:
713763	714410	+	3	1.299585	I:	D:
714423	714998	-	3	1.309855	I:	D:
715231	715908	-	1	1.320334	I:	D:
716157	717167	-	3	1.301944	I:	D:
717293	718954	-	2	1.278651	I:	D:
718962	719462	-	3	1.255892	I:	D:
719215	719355	+	1	1.398162	I:	D:
719462	721183	-	2	1.303707	I:	D:
721305	722315	-	3	1.280656	I:	D:
722220	722786	+	3	1.377030	I:	D:
722792	724027	-	2	1.283021	I:	D:
724145	724972	-	2	1.299355	I:	D:
725245	726447	+	1	1.354280	I:	D:
726547	727320	+	1	1.318199	I:	D:
727507	727986	-	1	1.334028	I:	D:
727970	728425	-	2	1.352401	I:	D:
728391	729902	-	3	1.370228	I:	D:
729896	732892	-	2	1.269248	I:	D:
732898	734163	-	1	1.307296	I:	D:
734163	735563	-	3	1.301921	I:	D:
735683	736951	-	2	1.288205	I:	D:
737193	737387	+	3	1.259039	I:	D:
737445	738215	+	3	1.271146	I:	D:
738229	739416	+	1	1.294243	I:	D:
739638	740228	+	3	1.327436	I:	D:
740422	742056	-	1	1.346568	I:	D:
742133	742462	+	2	1.369563	I:	D:
742658	743863	-	2	1.374190	I:	D:
744048	744461	-	3	1.280600	I:	D:
744486	745130	-	3	1.298004	I:	D:
745144	745542	-	1	1.271961	I:	D:
745700	746257	+	2	1.356420	I:	D:
746271	746684	+	3	1.295448	I:	D:
746992	749163	+	1	1.271632	I:	D:
749328	750440	-	3	1.294422	I:	D:
750787	750984	-	1	1.304434	I:	D:
751054	751281	+	1	1.396534	I:	D:
751314	751574	+	3	1.315597	I:	D:
751609	751806	+	1	1.261414	I:	D:
752132	753091	-	2	1.333460	I:	D:
753122	754492	-	2	1.375485	I:	D:
754688	755104	-	2	1.343914	I:	D:
755131	756672	-	1	1.342119	I:	D:
756721	758136	-	1	1.351188	I:	D:
758528	760147	+	2	1.364799	I:	D:
760322	761206	-	2	1.379566	I:	D:
761393	761761	-	2	1.354958	I:	D:
761976	763724	+	3	1.342896	I:	D:
764039	764842	+	2	1.314567	I:	D:
765271	765522	+	1	1.367820	I:	D:
765611	766033	+	2	1.376017	I:	D:
766040	766972	-	2	1.315727	I:	D:
766978	767664	-	1	1.307408	I:	D:
767811	768044	-	3	1.293484	I:	D:
768082	768927	+	1	1.305195	I:	D:
769171	771303	-	1	1.306388	I:	D:
771307	771864	-	1	1.314279	I:	D:
772014	773165	-	3	1.293365	I:	D:
773152	774306	-	1	1.290884	I:	D:
774768	775055	-	3	1.324153	I:	D:
775081	776262	-	1	1.312161	I:	D:
776472	777428	+	3	1.313357	I:	D:
777435	778208	+	3	1.291172	I:	D:
778333	778953	-	1	1.308961	I:	D:
778934	780376	-	2	1.305775	I:	D:
780378	781298	-	3	1.309202	I:	D:
781398	782747	-	3	1.298456	I:	D:
782877	783815	-	3	1.297002	I:	D:
784226	785236	-	2	1.297293	I:	D:
785249	785941	-	2	1.281559	I:	D:
785996	786895	-	2	1.313748	I:	D:
787086	787565	+	3	1.287722	I:	D:
787848	788645	+	3	1.280499	I:	D:
788656	789732	+	1	1.280476	I:	D:
789739	791145	+	1	1.291716	I:	D:
791232	792152	+	3	1.287272	I:	D:
792173	792448	+	2	1.343042	I:	D:
792611	794020	-	2	1.290587	I:	D:
794038	794817	-	1	1.289542	I:	D:
794829	796496	-	3	1.285257	I:	D:
796506	798770	-	3	1.283258	I:	D:
798819	799607	-	3	1.312323	I:	D:
799813	801048	-	1	1.284236	I:	D:
801047	801286	+	2	1.354659	I:	D:
802101	802373	-	3	1.330822	I:	D:
802570	803337	-	1	1.279209	I:	D:
803337	805274	-	3	1.283941	I:	D:
805311	806159	-	3	1.285060	I:	D:
806172	806906	-	3	1.298157	I:	D:
806896	807741	-	1	1.288199	I:	D:
807738	808730	-	3	1.291894	I:	D:
808785	809453	-	3	1.279449	I:	D:
809443	810912	-	1	1.290587	I:	D:
810921	811541	-	3	1.320350	I:	D:
811560	812774	-	3	1.350305	I:	D:
813354	814181	+	3	1.291796	I:	D:
814344	814814	+	3	1.413800	I:	D:
814824	817472	-	3	1.303376	I:	D:
817633	818982	+	1	1.351499	I:	D:
819268	819693	-	1	1.345193	I:	D:
819919	820260	-	1	1.316945	I:	D:
820453	820704	+	1	1.353708	I:	D:
820771	821139	-	1	1.282989	I:	D:
821199	821756	-	3	1.303629	I:	D:
821929	822645	-	1	1.304063	I:	D:
822706	823131	-	1	1.301344	I:	D:
823221	823760	-	3	1.302114	I:	D:
823776	824015	-	3	1.321410	I:	D:
824063	824212	-	2	1.337313	I:	D:
824551	824940	-	1	1.291303	I:	D:
825046	826503	-	1	1.279718	I:	D:
826751	826936	-	2	1.325230	I:	D:
827063	828301	-	2	1.295765	I:	D:
828370	828645	-	1	1.303407	I:	D:
828870	830246	+	3	1.313695	I:	D:
830538	830732	-	3	1.380224	I:	D:
830740	831363	-	1	1.323316	I:	D:
831449	832744	-	2	1.290505	I:	D:
832869	833348	+	3	1.367148	I:	D:
833554	833715	-	1	1.350164	I:	D:
834515	834703	+	2	1.379249	I:	D:
835242	835520	-	3	1.383032	I:	D:
836064	836369	+	3	1.410108	I:	D:
836474	836641	-	2	1.355011	I:	D:
836857	837012	+	1	1.341323	I:	D:
837150	837341	+	3	1.334035	I:	D:
837575	837826	+	2	1.401151	I:	D:
839402	841954	-	2	1.277629	I:	D:
842260	843603	-	1	1.298702	I:	D:
843655	843798	+	1	1.345609	I:	D:
843996	846062	-	3	1.274583	I:	D:
846157	847365	-	1	1.281525	I:	D:
847484	848893	+	2	1.281345	I:	D:
849069	849962	-	3	1.307429	I:	D:
850065	850682	-	3	1.279309	I:	D:
850696	851418	-	1	1.271589	I:	D:
851167	851400	+	1	1.296762	I:	D:
851415	852074	-	3	1.307153	I:	D:
852165	852947	-	3	1.287936	I:	D:
853017	854060	-	3	1.298221	I:	D:
854244	854969	-	3	1.315282	I:	D:
854981	855403	-	2	1.312662	I:	D:
855403	857169	-	1	1.282028	I:	D:
857197	858489	-	1	1.311699	I:	D:
858732	860186	+	3	1.306090	I:	D:
860320	861666	-	1	1.280482	I:	D:
861888	862064	+	3	1.336666	I:	D:
862080	863000	+	3	1.288346	I:	D:
863121	864458	-	3	1.300021	I:	D:
864470	865051	-	2	1.297332	I:	D:
865053	866852	-	3	1.297796	I:	D:
867044	868924	+	2	1.304588	I:	D:
868928	870208	-	2	1.292555	I:	D:
870233	871561	-	2	1.271663	I:	D:
871635	872831	-	3	1.282269	I:	D:
872848	873594	-	1	1.281606	I:	D:
873607	874842	-	1	1.290560	I:	D:
874830	876185	-	3	1.296752	I:	D:
876200	877204	-	2	1.263936	I:	D:
877197	878255	-	3	1.310065	I:	D:
878255	878464	-	2	1.309190	I:	D:
878664	880946	-	3	1.301063	I:	D:
880948	881982	-	1	1.280712	I:	D:
881979	883283	-	3	1.295644	I:	D:
883286	884041	-	2	1.277949	I:	D:
884051	884302	-	2	1.324277	I:	D:
884444	884599	+	2	1.372029	I:	D:
884626	886032	-	1	1.298458	I:	D:
886057	886263	+	1	1.363234	I:	D:
886267	886521	-	1	1.326383	I:	D:
886723	887007	-	1	1.388001	I:	D:
887258	887455	+	2	1.375080	I:	D:
888152	888340	+	2	1.379249	I:	D:
888879	889157	-	3	1.383032	I:	D:
889701	890006	+	3	1.404862	I:	D:
890111	890278	-	2	1.358750	I:	D:
890494	890649	+	1	1.342247	I:	D:
890786	890977	+	2	1.334035	I:	D:
891212	891463	+	2	1.398590	I:	D:
891821	892078	+	2	1.391945	I:	D:
892508	892831	-	2	1.388775	I:	D:
893289	893420	-	3	1.336947	I:	D:
893436	893786	-	3	1.291350	I:	D:
894114	895262	-	3	1.289612	I:	D:
895386	896168	-	3	1.295762	I:	D:
896489	897949	+	2	1.312230	I:	D:
898244	899836	-	2	1.278297	I:	D:
899956	900963	-	1	1.279758	I:	D:
901119	901265	+	3	1.352244	I:	D:
901305	901817	-	3	1.277970	I:	D:
901920	902834	-	3	1.291616	I:	D:
902868	904166	-	3	1.301395	I:	D:
904201	906252	-	1	1.317894	I:	D:
906480	907865	-	3	1.288875	I:	D:
908159	909319	-	2	1.301563	I:	D:
909332	910147	-	2	1.288696	I:	D:
910262	910660	-	2	1.330055	I:	D:
910867	911616	-	1	1.307596	I:	D:
911639	912805	-	2	1.306512	I:	D:
912827	913072	-	2	1.314362	I:	D:
913080	913670	-	3	1.282045	I:	D:
913512	913658	+	3	1.252095	I:	D:
913670	913987	-	2	1.260885	I:	D:
914017	915951	-	1	1.311115	I:	D:
916479	917600	-	3	1.293007	I:	D:
917739	919277	-	3	1.298984	I:	D:
919290	919739	-	3	1.318853	I:	D:
919916	920356	+	2	1.291104	I:	D:
920531	921928	-	2	1.300492	I:	D:
922161	922583	-	3	1.283288	I:	D:
922601	923188	-	2	1.293741	I:	D:
923250	924413	-	3	1.303385	I:	D:
924638	925477	-	2	1.260482	I:	D:
925636	926478	+	1	1.313772	I:	D:
926479	928809	-	1	1.285827	I:	D:
929085	930428	+	3	1.285791	I:	D:
930432	931427	+	3	1.281990	I:	D:
931446	932405	+	3	1.297428	I:	D:
932709	933440	-	3	1.276825	I:	D:
933467	934846	-	2	1.277442	I:	D:
934873	935661	-	1	1.301750	I:	D:
935695	936855	-	1	1.289921	I:	D:
936867	938786	-	3	1.270431	I:	D:
938820	939059	+	3	1.347286	I:	D:
939103	940005	-	1	1.315064	I:	D:
939986	941098	-	2	1.306025	I:	D:
941101	941316	-	1	1.297802	I:	D:
941316	942431	-	3	1.302643	I:	D:
942657	944186	-	3	1.302719	I:	D:
944782	945135	+	1	1.311716	I:	D:
945142	945351	+	1	1.394779	I:	D:
945388	946077	+	1	1.312907	I:	D:
946074	946862	+	3	1.273719	I:	D:
947030	948406	+	2	1.286510	I:	D:
948419	950308	+	2	1.281197	I:	D:
950295	951005	+	3	1.299303	I:	D:
951023	952168	+	2	1.289442	I:	D:
952386	953624	+	3	1.289429	I:	D:
953696	953995	+	2	1.365465	I:	D:
954277	955101	+	1	1.312497	I:	D:
955098	956003	+	3	1.277852	I:	D:
956053	958002	+	1	1.275238	I:	D:
958085	958342	+	2	1.298252	I:	D:
958364	959995	+	2	1.275454	I:	D:
960210	961025	-	3	1.274002	I:	D:
961296	962702	-	3	1.300358	I:	D:
962870	964501	-	2	1.293107	I:	D:
964538	964813	-	2	1.331905	I:	D:
965049	965396	-	3	1.300745	I:	D:
965723	966853	+	2	1.315344	I:	D:
966881	967726	+	2	1.285912	I:	D:
967826	968125	+	2	1.358289	I:	D:
968154	968693	+	3	1.312671	I:	D:
968936	969220	+	2	1.330324	I:	D:
969207	969584	+	3	1.323768	I:	D:
969606	970313	+	3	1.293464	I:	D:
971414	974272	-	2	1.273300	I:	D:
974277	974597	-	3	1.309103	I:	D:
974818	976266	-	1	1.375123	I:	D:
976508	976936	-	2	1.303088	I:	D:
977041	977454	-	1	1.233825	I:	D:
977447	978193	-	2	1.316178	I:	D:
978267	979451	-	3	1.281537	I:	D:
979569	980003	-	3	1.280426	I:	D:
980016	981140	-	3	1.299678	I:	D:
981563	982846	+	2	1.295673	I:	D:
982985	984604	+	2	1.364799	I:	D:
985183	985836	-	1	1.283320	I:	D:
985999	986850	+	1	1.301815	I:	D:
986886	987416	+	3	1.309710	I:	D:
987433	988455	+	1	1.311705	I:	D:
988657	989826	+	1	1.306281	I:	D:
989898	990089	+	3	1.301523	I:	D:
990150	990548	+	3	1.312386	I:	D:
990604	991158	+	1	1.302926	I:	D:
991291	991449	-	1	1.351631	I:	D:
991577	992791	+	2	1.305874	I:	D:
992806	993240	+	1	1.345865	I:	D:
993362	994309	+	2	1.288714	I:	D:
994589	995668	+	2	1.290062	I:	D:
995685	997289	+	3	1.300273	I:	D:
997312	998646	+	1	1.380847	I:	D:
998662	999081	+	1	1.338592	I:	D:
999198	1000154	+	3	1.289299	I:	D:
1000572	1001210	+	3	1.277113	I:	D:
1001588	1002325	+	2	1.313743	I:	D:
1002455	1003450	-	2	1.309604	I:	D:
1003766	1005214	+	2	1.300965	I:	D:
1005229	1006686	+	1	1.301199	I:	D:
1006690	1008180	+	1	1.310493	I:	D:
1008193	1009626	+	1	1.308851	I:	D:
1009639	1010073	+	1	1.302756	I:	D:
1010066	1011010	+	2	1.298258	I:	D:
1011428	1012075	+	2	1.284114	I:	D:
1012428	1012772	+	3	1.309622	I:	D:
1012785	1013225	+	3	1.321716	I:	D:
1013249	1013836	+	2	1.350284	I:	D:
1014122	1015411	-	2	1.312071	I:	D:
1015532	1015807	+	2	1.334700	I:	D:
1015804	1017141	+	1	1.309610	I:	D:
1017143	1018441	-	2	1.298207	I:	D:
1018627	1020717	-	1	1.286126	I:	D:
1020973	1022427	+	1	1.289256	I:	D:
1022677	1022937	+	1	1.373016	I:	D:
1023009	1023275	-	3	1.311037	I:	D:
1023408	1023590	-	3	1.312855	I:	D:
1023618	1024238	-	3	1.294046	I:	D:
1024250	1024834	-	2	1.276277	I:	D:
1025012	1028755	+	2	1.286912	I:	D:
1029042	1029350	+	3	1.296445	I:	D:
1029367	1029807	+	1	1.346972	I:	D:
1029853	1030083	+	1	1.367586	I:	D:
1030285	1031541	-	1	1.292222	I:	D:
1031564	1032454	-	2	1.278579	I:	D:
1032625	1034232	+	1	1.305972	I:	D:
1034300	1035304	+	2	1.279165	I:	D:
1035524	1036519	-	2	1.301142	I:	D:
1036512	1037141	-	3	1.281263	I:	D:
1037366	1038694	+	2	1.294955	I:	D:
1038749	1039882	+	2	1.302661	I:	D:
1040141	1040533	-	2	1.272437	I:	D:
1040560	1040844	-	1	1.360711	I:	D:
1040877	1042223	-	3	1.293093	I:	D:
1042236	1042904	-	3	1.280256	I:	D:
1042922	1043488	-	2	1.315463	I:	D:
1043716	1044741	+	1	1.302657	I:	D:
1044880	1045437	-	1	1.289038	I:	D:
1045577	1046932	+	2	1.309642	I:	D:
1047002	1047799	+	2	1.306043	I:	D:
1048029	1048598	+	3	1.254616	I:	D:
1048918	1049559	+	1	1.315849	I:	D:
1049593	1049817	+	1	1.325014	I:	D:
1050870	1051007	+	3	1.390223	I:	D:
1051446	1051592	+	3	1.381212	I:	D:
1051845	1052036	-	3	1.347953	I:	D:
1052679	1052846	+	3	1.364956	I:	D:
1053800	1054078	+	2	1.383994	I:	D:
1054630	1055016	+	1	1.396817	I:	D:
1055502	1055897	-	3	1.405720	I:	D:
1055971	1057176	+	1	1.372806	I:	D:
1057663	1058058	-	1	1.291344	I:	D:
1058115	1058648	-	3	1.310039	I:	D:
1058759	1059640	+	2	1.328958	I:	D:
1059487	1060074	+	1	1.286755	I:	D:
1060174	1060614	+	1	1.318135	I:	D:
1060688	1061881	-	2	1.279334	I:	D:
1061916	1063235	-	3	1.280548	I:	D:
1063266	1064474	-	3	1.281519	I:	D:
1064832	1065470	-	3	1.279667	I:	D:
1065781	1067118	+	1	1.300948	I:	D:
1067132	1069642	+	2	1.307608	I:	D:
1069660	1071039	+	1	1.294029	I:	D:
1071064	1073757	+	1	1.305413	I:	D:
1073876	1074757	+	2	1.308933	I:	D:
1074754	1075470	+	1	1.319683	I:	D:
1075671	1076882	-	3	1.319045	I:	D:
1076885	1077445	-	2	1.329013	I:	D:
1077449	1079152	-	2	1.294986	I:	D:
1079201	1079641	-	2	1.284073	I:	D:
1079762	1080790	-	2	1.309592	I:	D:
1080964	1081341	+	1	1.293214	I:	D:
1081348	1082367	+	1	1.292304	I:	D:
1082368	1082874	+	1	1.305558	I:	D:
1082864	1083841	+	2	1.286465	I:	D:
1083845	1084780	+	2	1.291465	I:	D:
1084817	1085665	+	2	1.284248	I:	D:
1085678	1086349	+	2	1.302280	I:	D:
1086346	1087386	+	1	1.304700	I:	D:
1087391	1088446	+	2	1.288138	I:	D:
1088443	1089102	+	1	1.316961	I:	D:
1089099	1089704	+	3	1.328438	I:	D:
1089924	1091402	+	3	1.300779	I:	D:
1091464	1091637	+	1	1.394114	I:	D:
1091651	1092334	+	2	1.306970	I:	D:
1092363	1094348	+	3	1.288934	I:	D:
1094633	1096381	+	2	1.282771	I:	D:
1096646	1097749	-	2	1.305042	I:	D:
1098282	1099880	+	3	1.309944	I:	D:
1100179	1101435	+	1	1.350600	I:	D:
1101795	1102277	+	3	1.294214	I:	D:
1102285	1102554	+	1	1.363607	I:	D:
1102560	1103762	+	3	1.294732	I:	D:
1103755	1105167	+	1	1.291479	I:	D:
1105391	1106332	-	2	1.271053	I:	D:
1106428	1107684	-	1	1.345378	I:	D:
1108096	1109655	+	1	1.301314	I:	D:
1109674	1110405	+	1	1.316350	I:	D:
1110673	1112133	+	1	1.294782	I:	D:
1112184	1112843	-	3	1.290661	I:	D:
1112133	1113401	+	3	1.301212	I:	D:
1113403	1113774	+	1	1.288209	I:	D:
1113824	1113961	+	2	1.391947	I:	D:
1113993	1114355	+	3	1.394224	I:	D:
1114567	1115511	-	1	1.274909	I:	D:
1115656	1116354	-	1	1.282375	I:	D:
1116611	1116841	-	2	1.383276	I:	D:
1117265	1117810	+	2	1.293531	I:	D:
1117826	1119988	+	2	1.312465	I:	D:
1120021	1121049	+	1	1.306474	I:	D:
1121050	1121982	+	1	1.309828	I:	D:
1121975	1122685	+	2	1.325280	I:	D:
1122752	1124068	+	2	1.276218	I:	D:
1124070	1124354	+	3	1.311996	I:	D:
1124741	1125439	+	2	1.303820	I:	D:
1125449	1126723	+	2	1.283748	I:	D:
1126720	1128000	+	1	1.283807	I:	D:
1128139	1129344	-	1	1.374302	I:	D:
1129676	1130407	+	2	1.287918	I:	D:
1130421	1131815	+	3	1.290739	I:	D:
1131829	1132728	+	1	1.298069	I:	D:
1132851	1133312	+	3	1.296810	I:	D:
1133403	1134080	-	3	1.314918	I:	D:
1134100	1135416	-	1	1.312932	I:	D:
1135711	1136214	-	1	1.275541	I:	D:
1136214	1137917	-	3	1.308107	I:	D:
1138023	1139033	-	3	1.282748	I:	D:
1139177	1139407	+	2	1.367762	I:	D:
1139635	1141512	-	1	1.291842	I:	D:
1141984	1143861	-	1	1.307969	I:	D:
1144296	1145393	+	3	1.278240	I:	D:
1145657	1146658	+	2	1.284960	I:	D:
1146671	1147537	+	2	1.295654	I:	D:
1148049	1148216	+	3	1.379696	I:	D:
1148696	1149730	+	2	1.315116	I:	D:
1149938	1150366	-	2	1.340289	I:	D:
1150695	1151090	+	3	1.409374	I:	D:
1150991	1152205	+	2	1.348915	I:	D:
1152435	1153823	+	3	1.289121	I:	D:
1153830	1154528	-	3	1.277975	I:	D:
1154506	1156005	-	1	1.295385	I:	D:
1156222	1156932	-	1	1.287994	I:	D:
1157282	1158235	+	2	1.287188	I:	D:
1158300	1159556	-	3	1.349041	I:	D:
1159824	1161116	+	3	1.287258	I:	D:
1161380	1162522	+	2	1.309657	I:	D:
1162627	1162947	+	1	1.280206	I:	D:
1162974	1163231	+	3	1.308531	I:	D:
1163231	1163503	+	2	1.288126	I:	D:
1163508	1165430	+	3	1.296065	I:	D:
1165423	1166820	+	1	1.291720	I:	D:
1166994	1168061	-	3	1.304305	I:	D:
1168168	1169229	+	1	1.297251	I:	D:
1169438	1169623	+	2	1.349867	I:	D:
1169694	1170704	+	3	1.281275	I:	D:
1170878	1171282	-	2	1.304831	I:	D:
1171325	1171501	+	2	1.318990	I:	D:
1171721	1172842	-	2	1.288360	I:	D:
1172872	1173792	-	1	1.303200	I:	D:
1173926	1174807	+	2	1.299919	I:	D:
1174980	1175774	+	3	1.296743	I:	D:
1175880	1177262	-	3	1.267783	I:	D:
1177249	1178163	-	1	1.278630	I:	D:
1178479	1179837	+	1	1.270374	I:	D:
1179848	1180426	+	2	1.296792	I:	D:
1180423	1180980	+	1	1.271634	I:	D:
1180981	1181637	-	1	1.273618	I:	D:
1181665	1182063	+	1	1.293852	I:	D:
1182129	1182584	-	3	1.291320	I:	D:
1182601	1183200	-	1	1.299321	I:	D:
1183219	1184196	-	1	1.315158	I:	D:
1184214	1184879	-	3	1.285839	I:	D:
1185015	1185839	-	3	1.290222	I:	D:
1185900	1186199	-	3	1.380868	I:	D:
1186275	1187531	+	3	1.345315	I:	D:
1187769	1188908	+	3	1.290600	I:	D:
1189054	1190454	-	1	1.273300	I:	D:
1190521	1190949	-	1	1.285311	I:	D:
1190966	1192312	-	2	1.309165	I:	D:
1192564	1193334	+	1	1.361798	I:	D:
1193517	1193702	+	3	1.376033	I:	D:
1193721	1194713	+	3	1.337024	I:	D:
1194737	1195609	+	2	1.320338	I:	D:
1195630	1196379	+	1	1.343076	I:	D:
1196351	1197073	+	2	1.339863	I:	D:
1197086	1197841	+	2	1.360321	I:	D:
1197909	1198664	-	3	1.301932	I:	D:
1198666	1199592	-	1	1.286047	I:	D:
1199722	1200390	+	1	1.311272	I:	D:
1200390	1201208	+	3	1.287255	I:	D:
1201205	1201630	+	2	1.356892	I:	D:
1201942	1202523	-	1	1.297658	I:	D:
1202745	1203011	-	3	1.287831	I:	D:
1203051	1203548	+	3	1.333105	I:	D:
1203565	1204371	+	1	1.294929	I:	D:
1204368	1205213	+	3	1.285853	I:	D:
1205419	1207080	+	1	1.290137	I:	D:
1207159	1208115	+	1	1.317104	I:	D:
1208134	1210149	+	1	1.286316	I:	D:
1210248	1210547	-	3	1.295510	I:	D:
1210615	1212534	+	1	1.283446	I:	D:
1212536	1213864	+	2	1.293960	I:	D:
1214667	1215863	+	3	1.295362	I:	D:
1216461	1217357	+	3	1.290686	I:	D:
1217671	1219191	+	1	1.290794	I:	D:
1220008	1221561	+	1	1.288330	I:	D:
1221558	1222472	+	3	1.307288	I:	D:
1222489	1223274	+	1	1.303277	I:	D:
1223296	1224582	+	1	1.312604	I:	D:
1224582	1225700	+	3	1.306060	I:	D:
1225899	1227047	+	3	1.302839	I:	D:
1227346	1228239	-	1	1.302335	I:	D:
1228423	1230381	+	1	1.286651	I:	D:
1230953	1232113	+	2	1.297254	I:	D:
1232423	1232869	+	2	1.281221	I:	D:
1232965	1233393	+	1	1.308946	I:	D:
1233703	1234350	+	1	1.292848	I:	D:
1234390	1235721	+	1	1.291347	I:	D:
1235982	1236377	+	3	1.411416	I:	D:
1236278	1236880	+	2	1.369879	I:	D:
1236805	1237290	+	1	1.351567	I:	D:
1237476	1237673	+	3	1.360475	I:	D:
1237970	1238566	+	2	1.377117	I:	D:
1238827	1240683	-	1	1.310034	I:	D:
1240858	1241043	+	1	1.354042	I:	D:
1241289	1242518	+	3	1.299511	I:	D:
1242743	1243405	-	2	1.298909	I:	D:
1243565	1244359	+	2	1.321780	I:	D:
1244361	1245308	+	3	1.291283	I:	D:
1245327	1246496	+	3	1.296156	I:	D:
1246742	1248091	-	2	1.276954	I:	D:
1248557	1249771	-	2	1.350828	I:	D:
1250343	1252256	+	3	1.297270	I:	D:
1252298	1253413	+	2	1.279665	I:	D:
1253628	1254884	+	3	1.279878	I:	D:
1255122	1258859	+	3	1.292080	I:	D:
1258886	1263142	+	2	1.285803	I:	D:
1263414	1263659	+	3	1.294954	I:	D:
1263740	1264111	+	2	1.360694	I:	D:
1264168	1264638	+	1	1.299717	I:	D:
1264678	1266750	+	1	1.293380	I:	D:
1266782	1267975	+	2	1.299547	I:	D:
1268085	1268255	+	3	1.382536	I:	D:
1268776	1269087	+	1	1.316803	I:	D:
1269102	1269740	+	3	1.327676	I:	D:
1269772	1270395	+	1	1.319811	I:	D:
1270395	1270679	+	3	1.293008	I:	D:
1270710	1271537	+	3	1.321460	I:	D:
1271562	1271837	+	3	1.333653	I:	D:
1271851	1272186	+	1	1.325910	I:	D:
1272200	1272868	+	2	1.305077	I:	D:
1272868	1273293	+	1	1.309386	I:	D:
1273295	1273495	+	2	1.270211	I:	D:
1273539	1273793	+	3	1.341839	I:	D:
1273819	1274187	+	1	1.318105	I:	D:
1274204	1274521	+	2	1.310593	I:	D:
1274537	1275082	+	2	1.281302	I:	D:
1275101	1275370	+	2	1.299175	I:	D:
1275402	1275794	+	3	1.322720	I:	D:
1275815	1276357	+	2	1.315898	I:	D:
1276379	1276750	+	2	1.309535	I:	D:
1276769	1277269	+	2	1.300177	I:	D:
1277288	1277467	+	2	1.355046	I:	D:
1277489	1277953	+	2	1.303973	I:	D:
1277966	1279228	+	2	1.299531	I:	D:
1279245	1279895	+	3	1.308640	I:	D:
1279898	1280650	+	2	1.296501	I:	D:
1280652	1280921	+	3	1.393245	I:	D:
1280936	1281154	+	2	1.320591	I:	D:
1281314	1281682	+	2	1.330274	I:	D:
1281711	1282100	+	3	1.333680	I:	D:
1282153	1283133	+	1	1.308427	I:	D:
1283151	1283489	+	3	1.312946	I:	D:
1283552	1283986	+	2	1.293779	I:	D:
1284202	1285458	+	1	1.349661	I:	D:
1285523	1285693	-	2	1.243951	I:	D:
1285778	1285951	+	2	1.298136	I:	D:
1286132	1287742	+	2	1.298055	I:	D:
1287991	1288785	+	1	1.307356	I:	D:
1288805	1289461	+	2	1.309647	I:	D:
1289488	1290945	+	1	1.281122	I:	D:
1290933	1291643	+	3	1.300417	I:	D:
1291729	1291884	+	1	1.354552	I:	D:
1291952	1293322	+	2	1.304931	I:	D:
1293362	1294459	+	2	1.377375	I:	D:
1294500	1295645	+	3	1.393427	I:	D:
1296032	1296910	+	2	1.397953	I:	D:
1296973	1297743	+	1	1.401604	I:	D:
1297766	1298839	+	2	1.366396	I:	D:
1298911	1299960	+	1	1.355828	I:	D:
1300044	1300382	+	3	1.336626	I:	D:
1300366	1301193	+	1	1.355978	I:	D:
1301337	1302569	+	3	1.319366	I:	D:
1302841	1303509	+	1	1.382294	I:	D:
1303530	1303928	+	3	1.324073	I:	D:
1304811	1305659	+	3	1.336585	I:	D:
1305556	1306086	+	1	1.313197	I:	D:
1306102	1306314	+	1	1.379831	I:	D:
1306341	1306889	+	3	1.320305	I:	D:
1307085	1307297	+	3	1.283792	I:	D:
1307336	1307566	+	2	1.301319	I:	D:
1307712	1308305	+	3	1.326772	I:	D:
1308484	1309917	+	1	1.343080	I:	D:
1309931	1311178	+	2	1.308717	I:	D:
1311263	1313503	+	2	1.393035	I:	D:
1314136	1315095	+	1	1.393540	I:	D:
1315092	1316015	+	3	1.372258	I:	D:
1316043	1317467	+	3	1.372470	I:	D:
1317669	1317983	+	3	1.319906	I:	D:
1317983	1318336	+	2	1.324510	I:	D:
1318426	1319988	+	1	1.305641	I:	D:
1320180	1320518	+	3	1.336626	I:	D:
1320502	1321329	+	1	1.355978	I:	D:
1321450	1321902	+	1	1.360196	I:	D:
1322028	1322474	-	3	1.311734	I:	D:
1322820	1324169	-	3	1.350903	I:	D:
1324310	1327222	+	2	1.392549	I:	D:
1327249	1328208	+	1	1.391820	I:	D:
1328220	1329131	+	3	1.380688	I:	D:
1329159	1330559	+	3	1.373527	I:	D:
1330664	1331866	+	2	1.328731	I:	D:
1332426	1333454	+	3	1.389459	I:	D:
1333472	1334185	+	2	1.374049	I:	D:
1334389	1334913	+	1	1.371735	I:	D:
1334937	1335749	+	3	1.335765	I:	D:
1335810	1336739	+	3	1.321470	I:	D:
1336827	1337540	+	3	1.298099	I:	D:
1337547	1338134	+	3	1.302575	I:	D:
1338153	1339094	+	3	1.305954	I:	D:
1339278	1339775	+	3	1.301553	I:	D:
1339984	1340928	+	1	1.303160	I:	D:
1340906	1342198	+	2	1.275390	I:	D:
1342198	1343256	+	1	1.276921	I:	D:
1343258	1346461	+	2	1.276771	I:	D:
1346633	1347106	+	2	1.324837	I:	D:
1347244	1348050	+	1	1.303351	I:	D:
1348351	1349292	+	1	1.291231	I:	D:
1349357	1349830	+	2	1.411744	I:	D:
1349731	1350945	+	1	1.345622	I:	D:
1351094	1351846	+	2	1.311810	I:	D:
1351864	1352772	+	1	1.270702	I:	D:
1352955	1354127	+	3	1.293444	I:	D:
1354410	1354616	+	3	1.395692	I:	D:
1355499	1357637	+	3	1.307380	I:	D:
1357814	1359433	-	2	1.362248	I:	D:
1359564	1359692	+	3	1.358894	I:	D:
1359851	1360003	+	2	1.360509	I:	D:
1360445	1361650	-	2	1.338908	I:	D:
1361755	1362030	+	1	1.407292	I:	D:
1362044	1364203	+	2	1.300507	I:	D:
1364380	1365234	-	1	1.272172	I:	D:
1365282	1366112	-	3	1.276530	I:	D:
1366448	1366621	+	2	1.301510	I:	D:
1366700	1367815	-	2	1.350258	I:	D:
1367897	1368604	+	2	1.287514	I:	D:
1368658	1368813	-	1	1.361511	I:	D:
1368966	1369781	+	3	1.281810	I:	D:
1369778	1370464	+	2	1.287754	I:	D:
1370477	1371952	+	2	1.285468	I:	D:
1371949	1372518	+	1	1.306757	I:	D:
1372785	1374122	-	3	1.313410	I:	D:
1374492	1374650	+	3	1.389421	I:	D:
1375070	1375405	+	2	1.394231	I:	D:
1375443	1376207	+	3	1.316571	I:	D:
1376343	1377371	+	3	1.311849	I:	D:
1377645	1379168	+	3	1.287339	I:	D:
1379212	1380234	+	1	1.285734	I:	D:
1380253	1381434	+	1	1.280999	I:	D:
1381466	1382227	+	2	1.276432	I:	D:
1382492	1382776	-	2	1.314323	I:	D:
1382801	1382965	-	2	1.341330	I:	D:
1383014	1383280	-	2	1.328748	I:	D:
1383436	1384839	-	1	1.337255	I:	D:
1385097	1386437	+	3	1.384221	I:	D:
1386454	1386903	+	1	1.356634	I:	D:
1386928	1388451	+	1	1.355025	I:	D:
1388466	1389476	+	3	1.394321	I:	D:
1389560	1389898	+	2	1.336626	I:	D:
1389882	1390709	+	3	1.355978	I:	D:
1390785	1393157	+	3	1.358952	I:	D:
1393180	1394070	+	1	1.367937	I:	D:
1394086	1396074	+	1	1.350671	I:	D:
1396090	1396797	+	1	1.345856	I:	D:
1397091	1397867	+	3	1.304029	I:	D:
1398021	1399235	-	3	1.350902	I:	D:
1399882	1400517	+	1	1.304766	I:	D:
1400510	1401499	+	2	1.308670	I:	D:
1401777	1402253	+	3	1.280039	I:	D:
1402425	1403237	+	3	1.301718	I:	D:
1403241	1404146	+	3	1.310960	I:	D:
1404161	1405765	+	2	1.301815	I:	D:
1405766	1407121	+	2	1.294892	I:	D:
1407397	1409226	+	1	1.288730	I:	D:
1409489	1411933	+	2	1.297201	I:	D:
1412217	1413236	+	3	1.302715	I:	D:
1414167	1414304	+	3	1.398069	I:	D:
1414743	1414889	+	3	1.385901	I:	D:
1415141	1415332	-	2	1.347953	I:	D:
1415571	1415726	-	3	1.350532	I:	D:
1415942	1416109	+	2	1.364956	I:	D:
1417063	1417341	+	1	1.385189	I:	D:
1417893	1418279	+	3	1.396618	I:	D:
1419195	1420628	-	3	1.288014	I:	D:
1420612	1421292	-	1	1.287450	I:	D:
1421688	1422014	-	3	1.381028	I:	D:
1422098	1422535	+	2	1.315078	I:	D:
1422546	1423463	+	3	1.303216	I:	D:
1423479	1424012	+	3	1.293164	I:	D:
1424220	1425209	+	3	1.272740	I:	D:
1425216	1425845	+	3	1.265173	I:	D:
1425867	1426244	+	3	1.286096	I:	D:
1426251	1427207	+	3	1.314744	I:	D:
1427347	1429629	+	1	1.292707	I:	D:
1429714	1429860	-	1	1.347582	I:	D:
1430036	1430311	+	2	1.398026	I:	D:
1430440	1430820	+	1	1.421007	I:	D:
1430854	1432143	+	1	1.312111	I:	D:
1432227	1433609	+	3	1.364998	I:	D:
1433890	1435011	+	1	1.308533	I:	D:
1435036	1436628	+	1	1.278658	I:	D:
1436641	1437285	+	1	1.313307	I:	D:
1437340	1438620	+	1	1.286856	I:	D:
1438943	1439908	+	2	1.278153	I:	D:
1440050	1440184	+	2	1.372630	I:	D:
1440282	1441556	+	3	1.304688	I:	D:
1441522	1442607	+	1	1.277169	I:	D:
1442649	1442939	+	3	1.317322	I:	D:
1442948	1444966	+	2	1.288513	I:	D:
1445275	1446624	-	1	1.350903	I:	D:
1446759	1447523	+	3	1.287271	I:	D:
1447532	1448284	+	2	1.291058	I:	D:
1448281	1449516	+	1	1.302751	I:	D:
1449545	1451308	+	2	1.299164	I:	D:
1451463	1455749	+	3	1.292748	I:	D:
1455991	1456626	+	1	1.278217	I:	D:
1456795	1457394	+	1	1.308057	I:	D:
1457411	1459633	+	2	1.293936	I:	D:
1459652	1460932	+	2	1.308073	I:	D:
1460954	1461502	+	2	1.285102	I:	D:
1461512	1462447	+	2	1.286854	I:	D:
1462464	1462883	+	3	1.276321	I:	D:
1462893	1463933	+	3	1.284719	I:	D:
1463946	1464860	+	3	1.297175	I:	D:
1465098	1465805	+	3	1.275421	I:	D:
1465815	1466966	+	3	1.265115	I:	D:
1467005	1467766	-	2	1.277848	I:	D:
1467927	1469918	+	3	1.286058	I:	D:
1470447	1471766	+	3	1.292609	I:	D:
1471791	1474367	+	3	1.297841	I:	D:
1474440	1474844	+	3	1.281553	I:	D:
1474857	1476746	+	3	1.305741	I:	D:
1476752	1477795	+	2	1.303673	I:	D:
1477802	1479136	+	2	1.293897	I:	D:
1479152	1480411	+	2	1.293169	I:	D:
1480460	1481503	+	2	1.263673	I:	D:
1481504	1481929	+	2	1.290638	I:	D:
1482126	1483661	+	3	1.264497	I:	D:
1484020	1484181	-	1	1.325975	I:	D:
1484215	1484382	-	1	1.392471	I:	D:
1484406	1485125	+	3	1.300853	I:	D:
1485181	1485678	+	1	1.310253	I:	D:
1485647	1486366	+	2	1.268099	I:	D:
1486379	1487632	+	2	1.295001	I:	D:
1487620	1488288	+	1	1.279891	I:	D:
1488288	1488902	+	3	1.298287	I:	D:
1488899	1490857	+	2	1.296136	I:	D:
1490927	1492258	+	2	1.273826	I:	D:
1492255	1492878	+	1	1.270464	I:	D:
1492933	1493490	+	1	1.319961	I:	D:
1493494	1493985	+	1	1.300220	I:	D:
1493999	1494475	+	2	1.275225	I:	D:
1494564	1495373	+	3	1.287087	I:	D:
1495376	1496053	+	2	1.277917	I:	D:
1496059	1496505	+	1	1.307854	I:	D:
1496602	1497450	+	1	1.291772	I:	D:
1497468	1498400	+	3	1.291549	I:	D:
1498397	1498846	+	2	1.304606	I:	D:
1498870	1500159	+	1	1.279523	I:	D:
1500163	1501080	+	1	1.277036	I:	D:
1501077	1501904	+	3	1.279937	I:	D:
1502222	1504885	+	2	1.290413	I:	D:
1504895	1506199	+	2	1.293527	I:	D:
1506396	1507646	+	3	1.310635	I:	D:
1507763	1508398	+	2	1.295765	I:	D:
1508678	1509292	+	2	1.296223	I:	D:
1509305	1509994	+	2	1.281011	I:	D:
1509998	1511272	+	2	1.291123	I:	D:
1511348	1512382	+	2	1.272567	I:	D:
1512562	1512972	-	1	1.284415	I:	D:
1513139	1513633	+	2	1.312175	I:	D:
1513874	1514041	-	2	1.346214	I:	D:
1514228	1514551	+	2	1.305772	I:	D:
1514679	1515881	-	3	1.326993	I:	D:
1516095	1519574	+	3	1.300016	I:	D:
1519742	1520920	-	2	1.290554	I:	D:
1521157	1521819	+	1	1.334107	I:	D:
1521821	1523023	+	2	1.299833	I:	D:
1523203	1524408	+	1	1.374673	I:	D:
1524543	1525802	-	3	1.290331	I:	D:
1525822	1526364	-	1	1.302329	I:	D:
1526526	1527956	+	3	1.293058	I:	D:
1527949	1529925	+	1	1.296069	I:	D:
1529946	1530797	+	3	1.300490	I:	D:
1530815	1531981	+	2	1.299811	I:	D:
1532386	1535916	+	1	1.294214	I:	D:
1536280	1536855	+	1	1.332130	I:	D:
1536869	1537141	+	2	1.304580	I:	D:
1537342	1537938	-	1	1.283286	I:	D:
1538138	1538725	+	2	1.329266	I:	D:
1539004	1539960	-	1	1.279387	I:	D:
1539995	1540435	-	2	1.301350	I:	D:
1540584	1541216	+	3	1.314045	I:	D:
1541250	1541726	+	3	1.282319	I:	D:
1541727	1542302	+	3	1.288791	I:	D:
1542329	1542760	-	2	1.279679	I:	D:
1542299	1543051	+	2	1.280549	I:	D:
1543103	1543756	+	2	1.318020	I:	D:
1543766	1544476	+	2	1.311333	I:	D:
1544569	1545636	+	1	1.299733	I:	D:
1545650	1546207	+	2	1.296448	I:	D:
1546237	1546626	-	1	1.356294	I:	D:
1546667	1546963	+	2	1.258093	I:	D:
1546985	1547431	+	2	1.303719	I:	D:
1547431	1548384	+	1	1.291053	I:	D:
1548381	1549589	+	3	1.273597	I:	D:
1549573	1549827	+	1	1.277887	I:	D:
1549824	1550708	+	3	1.258853	I:	D:
1550730	1551533	+	3	1.277522	I:	D:
1551543	1552415	+	3	1.279157	I:	D:
1552408	1553022	+	1	1.353930	I:	D:
1552994	1553449	+	2	1.272404	I:	D:
1553457	1555139	+	3	1.266129	I:	D:
1555262	1556059	+	2	1.283721	I:	D:
1556087	1557124	+	2	1.290650	I:	D:
1557149	1558030	+	2	1.293972	I:	D:
1558524	1559075	-	3	1.306488	I:	D:
1559089	1560348	-	1	1.270855	I:	D:
1560496	1560918	+	1	1.318960	I:	D:
1560918	1561796	+	3	1.305448	I:	D:
1561950	1563275	-	3	1.310585	I:	D:
1563654	1564919	-	3	1.308623	I:	D:
1565048	1566232	-	2	1.296610	I:	D:
1567383	1568015	+	3	1.301403	I:	D:
1568075	1568305	+	2	1.295733	I:	D:
1568523	1568984	+	3	1.298428	I:	D:
1569001	1569198	+	1	1.335935	I:	D:
1569242	1569592	+	2	1.307134	I:	D:
1569716	1570885	-	2	1.307767	I:	D:
1571005	1572192	+	1	1.304316	I:	D:
1572259	1572543	-	1	1.411085	I:	D:
1572542	1573480	+	2	1.308177	I:	D:
1573477	1574610	+	1	1.275372	I:	D:
1574610	1575089	+	3	1.299491	I:	D:
1575663	1577132	+	3	1.291902	I:	D:
1577122	1577946	+	1	1.295954	I:	D:
1577951	1578784	+	2	1.288133	I:	D:
1579025	1579282	-	2	1.385595	I:	D:
1579003	1579659	+	1	1.330813	I:	D:
1579735	1579983	+	1	1.276142	I:	D:
1579996	1580127	+	1	1.235589	I:	D:
1580221	1582098	+	1	1.301486	I:	D:
1582425	1583600	+	3	1.297399	I:	D:
1583888	1585879	+	2	1.303175	I:	D:
1586053	1586400	+	1	1.311196	I:	D:
1586414	1587766	+	2	1.281008	I:	D:
1587821	1588090	+	2	1.301473	I:	D:
1588106	1588333	+	2	1.313898	I:	D:
1588342	1588749	+	1	1.294955	I:	D:
1588756	1589259	+	1	1.293410	I:	D:
1589256	1589990	+	3	1.296850	I:	D:
1589987	1590562	+	2	1.301205	I:	D:
1590577	1591311	+	1	1.281840	I:	D:
1591548	1591790	+	3	1.311510	I:	D:
1591805	1592398	+	2	1.277748	I:	D:
1592418	1592978	+	3	1.285110	I:	D:
1593195	1594571	+	3	1.329290	I:	D:
1594543	1595400	+	1	1.326513	I:	D:
1595273	1596250	+	2	1.296614	I:	D:
1596461	1596952	+	2	1.291156	I:	D:
1596953	1597168	+	2	1.354834	I:	D:
1597208	1597447	+	2	1.364390	I:	D:
1598331	1599149	-	3	1.361263	I:	D:
1599173	1599751	-	2	1.396052	I:	D:
1599890	1601485	+	2	1.330674	I:	D:
1601628	1601840	+	3	1.341231	I:	D:
1601853	1602803	+	3	1.310850	I:	D:
1602814	1603902	+	1	1.272243	I:	D:
1603895	1604752	+	2	1.279326	I:	D:
1604758	1605810	+	1	1.284288	I:	D:
1605881	1606318	+	2	1.280966	I:	D:
1606336	1606959	+	1	1.280203	I:	D:
1607156	1608091	-	2	1.310533	I:	D:
1608116	1609402	-	2	1.289963	I:	D:
1609820	1610008	-	2	1.367178	I:	D:
1610204	1611088	+	2	1.304661	I:	D:
1611186	1612715	+	3	1.286430	I:	D:
1612728	1613213	+	3	1.304777	I:	D:
1613249	1613647	+	2	1.295827	I:	D:
1613922	1614326	-	3	1.256773	I:	D:
1614487	1615164	+	1	1.287590	I:	D:
1615467	1617086	+	3	1.364799	I:	D:
1617245	1618990	-	2	1.270454	I:	D:
1619008	1619433	+	1	1.321950	I:	D:
1619496	1620056	+	3	1.303445	I:	D:
1620200	1620691	+	2	1.299782	I:	D:
1620693	1621187	+	3	1.319603	I:	D:
1621258	1621644	+	1	1.299557	I:	D:
1621768	1622874	-	1	1.321234	I:	D:
1622964	1623476	+	3	1.291805	I:	D:
1623490	1623897	+	1	1.291965	I:	D:
1623919	1624494	+	1	1.294432	I:	D:
1624487	1624852	+	2	1.266443	I:	D:
1624845	1625354	+	3	1.328977	I:	D:
1625329	1625994	+	1	1.276263	I:	D:
1626072	1627541	+	3	1.288856	I:	D:
1628032	1628760	-	1	1.307849	I:	D:
1628784	1629572	-	3	1.301119	I:	D:
1629678	1630385	+	3	1.281024	I:	D:
1630392	1631216	+	3	1.313367	I:	D:
1631246	1631575	+	2	1.318797	I:	D:
1631718	1632197	+	3	1.291139	I:	D:
1632217	1632849	-	1	1.277444	I:	D:
1633068	1634546	-	3	1.271021	I:	D:
1634750	1635397	+	2	1.276153	I:	D:
1635444	1638365	+	3	1.292708	I:	D:
1638378	1639301	+	3	1.308355	I:	D:
1639609	1640049	+	1	1.304356	I:	D:
1640058	1640990	+	3	1.310835	I:	D:
1641003	1641398	+	3	1.339083	I:	D:
1641492	1643003	+	3	1.285828	I:	D:
1643003	1644373	+	2	1.285342	I:	D:
1644379	1645344	+	1	1.283851	I:	D:
1645400	1646767	+	2	1.283243	I:	D:
1646801	1647922	+	2	1.286703	I:	D:
1647951	1649339	+	3	1.294716	I:	D:
1649344	1650282	+	1	1.284483	I:	D:
1650282	1651193	+	3	1.296030	I:	D:
1651313	1652350	+	2	1.284406	I:	D:
1652429	1652893	+	2	1.310519	I:	D:
1652916	1654397	+	3	1.293062	I:	D:
1654394	1655359	+	2	1.286039	I:	D:
1655356	1655877	+	1	1.284206	I:	D:
1655864	1656895	+	2	1.301030	I:	D:
1656892	1657941	+	1	1.290281	I:	D:
1657968	1658546	+	3	1.279245	I:	D:
1659053	1659487	+	2	1.332530	I:	D:
1659480	1659923	+	3	1.311365	I:	D:
1659967	1661106	+	1	1.272178	I:	D:
1661384	1662409	+	2	1.288162	I:	D:
1662423	1664849	+	3	1.283403	I:	D:
1665086	1666429	+	2	1.272217	I:	D:
1666462	1667067	+	1	1.287128	I:	D:
1667085	1668323	+	3	1.294138	I:	D:
1668396	1670729	+	3	1.272402	I:	D:
1670729	1671364	+	2	1.286547	I:	D:
1671505	1671918	+	1	1.311735	I:	D:
1671919	1672881	+	1	1.322575	I:	D:
1672924	1673667	+	1	1.307252	I:	D:
1673817	1676426	+	3	1.276927	I:	D:
1676472	1676732	+	3	1.326133	I:	D:
1676740	1677156	+	1	1.301671	I:	D:
1677168	1677440	+	3	1.248845	I:	D:
1677582	1678475	+	3	1.318974	I:	D:
1678595	1679800	+	2	1.304177	I:	D:
1679934	1680485	+	3	1.313156	I:	D:
1680998	1681894	+	2	1.332235	I:	D:
1681863	1682702	+	3	1.274500	I:	D:
1683088	1683909	+	1	1.315585	I:	D:
1683909	1684844	+	3	1.318069	I:	D:
1685132	1686583	+	2	1.290527	I:	D:
1686596	1687408	+	2	1.294459	I:	D:
1687405	1688238	+	1	1.287881	I:	D:
1688240	1688872	+	2	1.311547	I:	D:
1688935	1690257	+	1	1.283825	I:	D:
1690400	1691812	+	2	1.295045	I:	D:
1691839	1693092	+	1	1.284567	I:	D:
1693269	1693505	+	3	1.333616	I:	D:
1693646	1694791	-	2	1.346159	I:	D:
1694843	1695013	+	2	1.335168	I:	D:
1695321	1696229	+	3	1.297021	I:	D:
1696245	1697588	+	3	1.296977	I:	D:
1697554	1698408	+	1	1.276150	I:	D:
1698471	1698689	+	3	1.299380	I:	D:
1698778	1699836	+	1	1.317541	I:	D:
1699840	1701078	+	1	1.305046	I:	D:
1701095	1702096	+	2	1.279994	I:	D:
1702108	1702389	+	1	1.349016	I:	D:
1702395	1704518	+	3	1.289307	I:	D:
1704636	1707491	+	3	1.288824	I:	D:
1707495	1709321	+	3	1.289322	I:	D:
1709359	1710012	+	1	1.293312	I:	D:
1710094	1710279	+	1	1.319399	I:	D:
1710524	1710889	+	2	1.291908	I:	D:
1710961	1711101	+	1	1.367160	I:	D:
1711153	1712604	+	1	1.295927	I:	D:
1712597	1712803	+	2	1.313563	I:	D:
1712969	1713706	+	2	1.285836	I:	D:
1713721	1715202	+	1	1.293587	I:	D:
1715218	1716354	+	1	1.300347	I:	D:
1716317	1717537	+	2	1.283438	I:	D:
1717552	1717989	+	1	1.269077	I:	D:
1718098	1718262	-	1	1.331502	I:	D:
1718269	1719057	-	1	1.290377	I:	D:
1719177	1720937	+	3	1.300651	I:	D:
1721025	1723505	+	3	1.292110	I:	D:
1723743	1724357	+	3	1.320860	I:	D:
1724706	1725857	+	3	1.290150	I:	D:
1725931	1726743	+	1	1.311121	I:	D:
1726758	1727780	+	3	1.302558	I:	D:
1728329	1730236	+	2	1.285707	I:	D:
1730376	1731239	+	3	1.274286	I:	D:
1731242	1732030	+	2	1.288288	I:	D:
1732661	1732867	+	2	1.331203	I:	D:
1733222	1736776	+	2	1.269771	I:	D:
1736779	1737723	+	1	1.269776	I:	D:
1737735	1738199	+	3	1.299449	I:	D:
1738208	1739026	+	2	1.288884	I:	D:
1739043	1739522	+	3	1.299017	I:	D:
1739644	1740234	+	1	1.310208	I:	D:
1740237	1741409	+	3	1.284150	I:	D:
1741421	1744573	+	2	1.293285	I:	D:
1744636	1744776	+	1	1.382878	I:	D:
1744780	1746681	-	1	1.282842	I:	D:
1746844	1748595	+	1	1.303517	I:	D:
1748592	1749542	+	3	1.289620	I:	D:
1749557	1750519	+	2	1.271622	I:	D:
1750535	1751008	+	2	1.278649	I:	D:
1751028	1751921	+	3	1.291135	I:	D:
1751930	1753282	+	2	1.286360	I:	D:
1753254	1754015	+	3	1.282044	I:	D:
1754281	1754763	-	1	1.332028	I:	D:
1754955	1756292	+	3	1.294564	I:	D:
1756464	1758026	-	3	1.277720	I:	D:
1758196	1759677	+	1	1.294334	I:	D:
1759674	1760360	+	3	1.277004	I:	D:
1760482	1762020	+	1	1.290508	I:	D:
1762102	1762398	+	1	1.278713	I:	D:
1762751	1763440	+	2	1.293136	I:	D:
1763425	1764543	+	1	1.289378	I:	D:
1764654	1765436	+	3	1.298853	I:	D:
1765693	1765833	-	1	1.341174	I:	D:
1766495	1767718	+	2	1.292794	I:	D:
1767728	1768027	+	2	1.325112	I:	D:
1768217	1768582	+	2	1.306594	I:	D:
1768621	1768962	+	1	1.381443	I:	D:
1769042	1770694	+	2	1.291877	I:	D:
1770696	1771628	+	3	1.288368	I:	D:
1771630	1771848	+	1	1.247343	I:	D:
1772132	1772281	+	2	1.339502	I:	D:
1772360	1772698	+	2	1.279663	I:	D:
1772716	1772991	+	1	1.413012	I:	D:
1773039	1774100	+	3	1.340281	I:	D:
1774476	1775801	+	3	1.313453	I:	D:
1776166	1777536	+	1	1.315759	I:	D:
1777576	1777920	+	1	1.398011	I:	D:
1778113	1778637	+	1	1.304569	I:	D:
1778829	1780382	-	3	1.298970	I:	D:
1780565	1783030	+	2	1.282504	I:	D:
1783256	1784281	+	2	1.288280	I:	D:
1784287	1784973	+	1	1.291510	I:	D:
1784988	1787045	+	3	1.280880	I:	D:
1787095	1788171	+	1	1.286302	I:	D:
1788177	1788860	-	3	1.309458	I:	D:
1788844	1789731	+	1	1.271188	I:	D:
1789733	1790905	+	2	1.280801	I:	D:
1791077	1792234	+	2	1.290047	I:	D:
1792370	1793641	+	2	1.274133	I:	D:
1793900	1794193	+	2	1.276703	I:	D:
1794207	1795337	+	3	1.283368	I:	D:
1795353	1796597	+	3	1.272814	I:	D:
1796745	1797386	+	3	1.332601	I:	D:
1797344	1797940	+	2	1.269426	I:	D:
1797943	1798911	+	1	1.278353	I:	D:
1798939	1799322	+	1	1.281240	I:	D:
1799324	1800178	+	2	1.275677	I:	D:
1800561	1801115	+	3	1.309202	I:	D:
1801129	1801950	+	1	1.298356	I:	D:
1802000	1802662	+	2	1.313385	I:	D:
1802881	1803354	-	1	1.278157	I:	D:
1803687	1804505	+	3	1.298467	I:	D:
1804641	1805345	-	3	1.291326	I:	D:
1805459	1805704	+	2	1.297008	I:	D:
1806184	1808133	+	1	1.274298	I:	D:
1808287	1808616	-	1	1.374904	I:	D:
1808693	1810327	+	2	1.345451	I:	D:
1810529	1810720	-	2	1.351249	I:	D:
1810755	1812017	-	3	1.270423	I:	D:
1812132	1813340	-	3	1.288985	I:	D:
1813599	1814135	+	3	1.307061	I:	D:
1814167	1815363	+	1	1.288200	I:	D:
1815376	1816086	+	1	1.292040	I:	D:
1816227	1816616	-	3	1.289436	I:	D:
1816622	1817533	-	2	1.290146	I:	D:
1818021	1821536	+	3	1.316831	I:	D:
1821795	1823414	+	3	1.293840	I:	D:
1823468	1823629	+	2	1.368484	I:	D:
1823725	1825710	+	1	1.296898	I:	D:
1825725	1827929	+	3	1.280994	I:	D:
1827926	1828375	+	2	1.286072	I:	D:
1828391	1829026	+	2	1.286709	I:	D:
1829030	1830124	+	2	1.281811	I:	D:
1830135	1830626	+	3	1.275674	I:	D:
1830628	1832082	+	1	1.323160	I:	D:
1832083	1833348	+	1	1.289962	I:	D:
1833356	1835149	+	2	1.276946	I:	D:
1835377	1835706	+	1	1.312673	I:	D:
1835779	1836267	+	1	1.327842	I:	D:
1836441	1837997	+	3	1.279850	I:	D:
1838116	1839150	+	1	1.315417	I:	D:
1839426	1840937	-	3	1.283568	I:	D:
1841276	1841542	+	2	1.314730	I:	D:
1841682	1843832	+	3	1.274526	I:	D:
1843838	1844284	+	2	1.270622	I:	D:
1844441	1845013	+	2	1.284045	I:	D:
1845026	1846198	+	2	1.283280	I:	D:
1846203	1847507	+	3	1.270775	I:	D:
1847523	1848905	+	3	1.291198	I:	D:
1849300	1849569	+	1	1.322176	I:	D:
1849572	1851731	+	3	1.280804	I:	D:
1851744	1852391	+	3	1.307581	I:	D:
1852430	1852615	+	2	1.392054	I:	D:
1853031	1853168	-	3	1.347849	I:	D:
1853203	1853805	-	1	1.303848	I:	D:
1853836	1854339	-	1	1.332643	I:	D:
1854584	1857172	-	2	1.267909	I:	D:
1857352	1858161	+	1	1.296608	I:	D:
1858181	1858609	+	2	1.289041	I:	D:
1859400	1860386	+	3	1.324906	I:	D:
1860217	1860759	+	1	1.309500	I:	D:
1860788	1860967	-	2	1.333662	I:	D:
1860980	1861120	+	2	1.373017	I:	D:
1861231	1861530	+	1	1.400004	I:	D:
1861610	1862149	+	2	1.311944	I:	D:
1862186	1862395	-	2	1.330561	I:	D:
1862528	1862746	+	2	1.281806	I:	D:
1862948	1863178	+	2	1.303148	I:	D:
1863312	1863884	+	3	1.333371	I:	D:
1864024	1864179	+	1	1.321529	I:	D:
1864237	1865586	+	1	1.348297	I:	D:
1865597	1868080	+	2	1.356986	I:	D:
1868082	1869203	+	3	1.386613	I:	D:
1869361	1873062	+	1	1.359690	I:	D:
1873091	1874020	+	2	1.372466	I:	D:
1874250	1875131	-	3	1.287751	I:	D:
1875212	1877146	-	2	1.284105	I:	D:
1877372	1878154	+	2	1.284515	I:	D:
1878168	1879169	+	3	1.262668	I:	D:
1879416	1880702	+	3	1.302249	I:	D:
1880730	1881257	+	3	1.308987	I:	D:
1881272	1882249	+	2	1.283126	I:	D:
1882395	1883510	+	3	1.301398	I:	D:
1883491	1884366	+	1	1.263200	I:	D:
1884645	1885100	-	3	1.288212	I:	D:
1885172	1885834	+	2	1.305203	I:	D:
1885911	1887749	+	3	1.279066	I:	D:
1887758	1888816	+	2	1.295343	I:	D:
1888813	1889406	+	1	1.301672	I:	D:
1889411	1890649	+	2	1.297723	I:	D:
1890642	1890884	+	3	1.279674	I:	D:
1891285	1892445	+	1	1.285222	I:	D:
1892448	1893569	+	3	1.303805	I:	D:
1893598	1896027	+	1	1.286483	I:	D:
1896050	1897996	+	2	1.305221	I:	D:
1898056	1899624	+	1	1.283090	I:	D:
1899910	1903308	+	1	1.290348	I:	D:
1903532	1905193	+	2	1.285052	I:	D:
1905199	1905351	+	1	1.368132	I:	D:
1905410	1905562	+	2	1.391925	I:	D:
1905625	1907760	+	1	1.306669	I:	D:
1907984	1909132	+	2	1.286243	I:	D:
1909129	1910208	+	1	1.292654	I:	D:
1910229	1912031	+	3	1.278344	I:	D:
1912028	1913152	+	2	1.298621	I:	D:
1913251	1913430	+	1	1.378821	I:	D:
1913457	1913903	+	3	1.274657	I:	D:
1914066	1915970	+	3	1.302003	I:	D:
1916347	1916850	-	1	1.271318	I:	D:
1916875	1917630	-	1	1.285874	I:	D:
1917704	1919446	+	2	1.289563	I:	D:
1919534	1919839	+	2	1.289691	I:	D:
1919851	1921209	+	1	1.282265	I:	D:
1921237	1922274	+	1	1.291547	I:	D:
1922314	1923459	+	1	1.285588	I:	D:
1923951	1925165	+	3	1.354045	I:	D:
1925439	1925714	+	3	1.348148	I:	D:
1925735	1926103	+	2	1.333177	I:	D:
1926123	1926794	+	3	1.299251	I:	D:
1926836	1927093	+	2	1.287663	I:	D:
1927132	1927629	+	1	1.269935	I:	D:
1927634	1928200	+	2	1.289889	I:	D:
1928200	1929747	+	1	1.282692	I:	D:
1929751	1930614	+	1	1.300660	I:	D:
1930655	1932073	+	2	1.282722	I:	D:
1932077	1932499	+	2	1.299250	I:	D:
1932898	1933776	+	1	1.297231	I:	D:
1933778	1935826	+	2	1.273281	I:	D:
1936349	1936909	+	2	1.291066	I:	D:
1936919	1937167	+	2	1.350104	I:	D:
1937393	1937734	+	2	1.318876	I:	D:
1938033	1938995	+	3	1.295349	I:	D:
1939202	1940482	+	2	1.286236	I:	D:
1940548	1942752	+	1	1.281109	I:	D:
1943020	1945026	+	1	1.276963	I:	D:
1945103	1945441	+	2	1.388486	I:	D:
1945465	1946415	+	1	1.313925	I:	D:
1946481	1946726	+	3	1.353693	I:	D:
1947038	1948522	+	2	1.316430	I:	D:
1948602	1949372	+	3	1.328499	I:	D:
1950000	1950158	-	3	1.366327	I:	D:
1950298	1951587	+	1	1.312111	I:	D:
1952188	1953300	+	1	1.389793	I:	D:
1953608	1954957	+	2	1.352109	I:	D:
1957621	1959033	+	1	1.378259	I:	D:
1959285	1959668	+	3	1.337098	I:	D:
1959652	1960479	+	1	1.355978	I:	D:
1960539	1960841	-	3	1.343535	I:	D:
1960931	1961539	-	2	1.324621	I:	D:
1961596	1962132	-	1	1.340252	I:	D:
1962197	1963150	-	2	1.370018	I:	D:
1963421	1963945	+	2	1.402904	I:	D:
