>YB3_51
324	1256	+	3	1.341708	I:	D:
1238	2161	+	2	1.337952	I:	D:
2290	2991	-	1	1.336834	I:	D:
3007	3849	-	1	1.322275	I:	D:
4204	6036	-	1	1.327942	I:	D:
6211	7794	-	1	1.335611	I:	D:
7967	8980	+	2	1.331402	I:	D:
9276	11801	-	3	1.315390	I:	D:
11848	13761	-	1	1.338263	I:	D:
13784	14893	-	2	1.365842	I:	D:
14905	15111	-	1	1.316194	I:	D:
15168	16286	-	3	1.321736	I:	D:
16285	16482	+	1	1.343678	I:	D:
16572	17942	-	3	1.333768	I:	D:
18518	18676	+	2	1.340967	I:	D:
18812	19228	+	2	1.350541	I:	D:
19221	19433	+	3	1.375240	I:	D:
19453	20706	+	1	1.341497	I:	D:
20721	21389	+	3	1.348273	I:	D:
21540	21686	+	3	1.375459	I:	D:
21851	23230	+	2	1.347683	I:	D:
23589	25496	+	3	1.350515	I:	D:
25757	26524	+	2	1.332515	I:	D:
26619	26747	+	3	1.321880	I:	D:
26755	27198	-	1	1.383900	I:	D:
27208	28158	-	1	1.362136	I:	D:
28395	28613	+	3	1.340566	I:	D:
28744	29304	+	1	1.361686	I:	D:
29463	30233	+	3	1.351731	I:	D:
30310	31485	+	1	1.328514	I:	D:
31537	32040	+	1	1.342857	I:	D:
32115	32993	+	3	1.353891	I:	D:
32963	33169	+	2	1.335110	I:	D:
33765	34379	+	3	1.328233	I:	D:
34405	34641	+	1	1.317449	I:	D:
34671	34928	+	3	1.334024	I:	D:
35193	35402	+	3	1.302119	I:	D:
35406	35861	+	3	1.291581	I:	D:
35861	36610	+	2	1.304255	I:	D:
36738	37145	+	3	1.334781	I:	D:
37138	38319	+	1	1.309850	I:	D:
38303	38635	+	2	1.308377	I:	D:
38645	39037	+	2	1.325105	I:	D:
39128	39286	+	2	1.313846	I:	D:
39367	39579	+	1	1.285280	I:	D:
39702	39836	+	3	1.351487	I:	D:
39860	40174	+	2	1.294911	I:	D:
40249	41682	+	1	1.302609	I:	D:
41707	42378	+	1	1.294700	I:	D:
42378	43424	+	3	1.314339	I:	D:
43448	44512	+	2	1.325780	I:	D:
44532	45074	+	3	1.342311	I:	D:
45125	46486	+	2	1.316621	I:	D:
46980	48173	+	3	1.328886	I:	D:
48758	48940	+	2	1.298071	I:	D:
>YB3_2623
69	1763	-	3	1.329947	I:	D:
1959	2153	+	3	1.358533	I:	D:
2279	5131	-	2	1.323711	I:	D:
5432	6250	-	2	1.323066	I:	D:
6565	7527	-	1	1.314749	I:	D:
7524	8600	-	3	1.318182	I:	D:
8597	10153	-	2	1.319217	I:	D:
10346	11698	-	2	1.323400	I:	D:
11969	13846	-	2	1.305832	I:	D:
14107	14607	+	1	1.321987	I:	D:
14810	15757	+	2	1.344028	I:	D:
15779	16678	+	2	1.347753	I:	D:
17156	17908	-	2	1.319167	I:	D:
17898	18665	-	3	1.322512	I:	D:
18706	19539	-	1	1.311699	I:	D:
19807	20028	+	1	1.356598	I:	D:
20232	21584	-	3	1.343311	I:	D:
21581	22207	-	2	1.358219	I:	D:
22161	23222	-	3	1.316538	I:	D:
23238	24899	-	3	1.350983	I:	D:
24916	26994	-	1	1.341265	I:	D:
27014	28093	-	2	1.351400	I:	D:
28132	29277	-	1	1.341710	I:	D:
29639	29944	-	2	1.353194	I:	D:
30106	30576	-	1	1.310518	I:	D:
30573	31172	-	3	1.358043	I:	D:
31500	32252	+	3	1.340891	I:	D:
32188	32499	+	1	1.342811	I:	D:
32550	35762	-	3	1.321646	I:	D:
36011	36598	+	2	1.337869	I:	D:
36620	37546	-	2	1.325330	I:	D:
37548	38561	-	3	1.338186	I:	D:
38608	39579	-	1	1.317062	I:	D:
39373	39555	+	1	1.390567	I:	D:
39572	39964	-	2	1.329326	I:	D:
39981	42878	-	3	1.319140	I:	D:
42952	43260	-	1	1.311189	I:	D:
43247	43522	-	2	1.329796	I:	D:
43628	44818	-	2	1.298184	I:	D:
44842	45309	-	1	1.306091	I:	D:
45445	46101	-	1	1.304438	I:	D:
46249	46947	-	1	1.326270	I:	D:
46951	48639	-	1	1.319095	I:	D:
48720	50159	-	3	1.314140	I:	D:
50183	51295	-	2	1.349007	I:	D:
51328	52299	-	1	1.314482	I:	D:
52310	53809	-	2	1.310970	I:	D:
53828	54799	-	2	1.312015	I:	D:
54937	56268	-	1	1.324000	I:	D:
56596	57609	-	1	1.301835	I:	D:
57613	58671	-	1	1.330725	I:	D:
58674	60188	-	3	1.313008	I:	D:
60211	60357	+	1	1.349166	I:	D:
60378	61436	-	3	1.302154	I:	D:
61616	63367	-	2	1.327425	I:	D:
63400	64560	-	1	1.323824	I:	D:
64627	65643	-	1	1.353425	I:	D:
65810	66592	+	2	1.340303	I:	D:
66582	67394	+	3	1.346576	I:	D:
67522	68262	-	1	1.317500	I:	D:
68466	70037	-	3	1.332539	I:	D:
70094	70309	-	2	1.342742	I:	D:
70500	71507	+	3	1.337864	I:	D:
71566	72489	+	1	1.331477	I:	D:
72573	72962	-	3	1.334031	I:	D:
73172	74494	+	2	1.327888	I:	D:
75050	76075	+	2	1.317389	I:	D:
76072	76740	+	1	1.315582	I:	D:
76815	77720	+	3	1.302386	I:	D:
77768	79108	+	2	1.306539	I:	D:
79140	79424	-	3	1.338780	I:	D:
79436	79939	-	2	1.354190	I:	D:
79989	80759	-	3	1.337608	I:	D:
80784	81284	-	3	1.338214	I:	D:
81352	82266	-	1	1.324870	I:	D:
82405	82836	-	1	1.322378	I:	D:
82892	83482	-	2	1.334825	I:	D:
83512	84186	-	1	1.333769	I:	D:
84394	85188	-	1	1.350041	I:	D:
85243	85653	-	1	1.367504	I:	D:
85749	86015	+	3	1.340578	I:	D:
86107	87060	-	1	1.327756	I:	D:
87305	87535	+	2	1.344519	I:	D:
87645	88259	-	3	1.327331	I:	D:
88368	89348	-	3	1.331065	I:	D:
89496	90563	-	3	1.317444	I:	D:
90716	91393	-	2	1.324753	I:	D:
91688	92944	-	2	1.356291	I:	D:
92999	93409	-	2	1.367504	I:	D:
93591	95459	-	3	1.336786	I:	D:
95652	96446	-	3	1.341779	I:	D:
96433	97020	-	1	1.296193	I:	D:
97059	98195	-	3	1.312947	I:	D:
98472	99866	-	3	1.308817	I:	D:
99887	100345	-	2	1.317104	I:	D:
100384	102201	-	1	1.331313	I:	D:
102214	102993	-	1	1.318191	I:	D:
103017	103931	-	3	1.311844	I:	D:
104242	106239	-	1	1.327828	I:	D:
106281	107429	-	3	1.320432	I:	D:
107706	109058	-	3	1.329991	I:	D:
109317	109481	+	3	1.366087	I:	D:
109494	110681	-	3	1.336682	I:	D:
110837	111682	-	2	1.292334	I:	D:
111683	112963	-	2	1.330500	I:	D:
113271	114452	-	3	1.341575	I:	D:
114456	115787	-	3	1.315015	I:	D:
115855	120684	-	1	1.322063	I:	D:
120712	120915	-	1	1.358554	I:	D:
120944	121453	-	2	1.323134	I:	D:
121548	121676	-	3	1.364832	I:	D:
121720	121857	-	1	1.300632	I:	D:
121874	122263	+	2	1.347327	I:	D:
122350	122745	+	1	1.337113	I:	D:
123098	123640	+	2	1.330155	I:	D:
123772	124356	-	1	1.335245	I:	D:
124471	125460	-	1	1.344082	I:	D:
125555	126739	-	2	1.322197	I:	D:
126759	128378	-	3	1.321451	I:	D:
128528	131824	-	2	1.314171	I:	D:
131815	132927	-	1	1.324459	I:	D:
133369	133650	+	1	1.328553	I:	D:
133720	134199	+	1	1.317678	I:	D:
134292	135554	-	3	1.334682	I:	D:
135820	136239	-	1	1.325262	I:	D:
136593	138776	-	3	1.331865	I:	D:
138809	139033	-	2	1.313254	I:	D:
139128	139463	-	3	1.341620	I:	D:
139655	140476	-	2	1.361761	I:	D:
140830	141957	+	1	1.318344	I:	D:
142133	143233	+	2	1.332658	I:	D:
143471	144235	+	2	1.339730	I:	D:
144260	144526	+	2	1.392494	I:	D:
144527	145720	-	2	1.338858	I:	D:
145876	147996	-	1	1.321320	I:	D:
148012	148482	-	1	1.316790	I:	D:
148788	149375	-	3	1.368690	I:	D:
149601	150017	-	3	1.317165	I:	D:
150039	151136	-	3	1.333366	I:	D:
151400	155050	-	2	1.319012	I:	D:
155073	159128	-	3	1.323786	I:	D:
159261	160529	-	3	1.329675	I:	D:
160541	160999	-	2	1.327414	I:	D:
161011	162042	-	1	1.308352	I:	D:
162042	162734	-	3	1.323182	I:	D:
162764	163549	-	2	1.337089	I:	D:
163689	164354	-	3	1.320519	I:	D:
164429	164566	-	2	1.310429	I:	D:
164572	165105	+	1	1.318020	I:	D:
165281	165730	-	2	1.285811	I:	D:
165734	166699	-	2	1.321889	I:	D:
166735	167796	-	1	1.308257	I:	D:
167883	168074	-	3	1.372294	I:	D:
168716	169342	-	2	1.316433	I:	D:
169543	170763	-	1	1.329798	I:	D:
170760	171440	-	3	1.301912	I:	D:
171424	172335	-	1	1.320646	I:	D:
172391	173092	-	2	1.333396	I:	D:
173096	173623	-	2	1.306632	I:	D:
173907	174347	+	3	1.314133	I:	D:
174351	174542	+	3	1.331131	I:	D:
174715	176073	-	1	1.342409	I:	D:
176117	176476	-	2	1.366975	I:	D:
176456	177433	+	2	1.338737	I:	D:
177570	178163	-	3	1.308338	I:	D:
178352	180097	-	2	1.330425	I:	D:
180112	181164	-	1	1.312588	I:	D:
181179	182072	-	3	1.327984	I:	D:
182194	183633	-	1	1.333962	I:	D:
183638	184702	-	2	1.328220	I:	D:
184962	185735	-	3	1.301308	I:	D:
185762	187225	-	2	1.345066	I:	D:
187222	188157	-	1	1.329611	I:	D:
188174	190363	-	2	1.340953	I:	D:
190442	191077	-	2	1.320140	I:	D:
191112	193712	-	3	1.337978	I:	D:
193772	194389	-	2	1.318703	I:	D:
194382	195452	-	3	1.322420	I:	D:
195446	196153	-	2	1.305188	I:	D:
196414	197820	+	1	1.327591	I:	D:
197991	201983	-	3	1.315149	I:	D:
201999	203579	-	3	1.307026	I:	D:
203758	204243	+	1	1.303808	I:	D:
204330	205643	+	3	1.317781	I:	D:
205718	206080	+	2	1.371671	I:	D:
206215	206436	-	1	1.313167	I:	D:
206858	207136	-	2	1.329759	I:	D:
207154	208356	-	1	1.342371	I:	D:
208649	209785	-	2	1.322334	I:	D:
209902	211308	-	1	1.328851	I:	D:
211446	212261	-	3	1.326836	I:	D:
212280	212834	-	3	1.317357	I:	D:
212925	213308	-	3	1.323542	I:	D:
213313	214050	-	1	1.328555	I:	D:
214040	214990	-	2	1.337321	I:	D:
214987	215835	-	1	1.327980	I:	D:
216094	218148	-	1	1.336214	I:	D:
218290	219009	-	1	1.324941	I:	D:
219006	220097	-	3	1.328754	I:	D:
220294	221577	-	1	1.330056	I:	D:
221577	222437	-	3	1.339865	I:	D:
222557	223039	-	2	1.337615	I:	D:
223039	223845	-	1	1.336923	I:	D:
224091	224684	+	3	1.339283	I:	D:
224823	226028	-	3	1.323532	I:	D:
226055	226309	+	2	1.370091	I:	D:
226427	228109	-	2	1.326258	I:	D:
228404	228964	-	2	1.353581	I:	D:
228982	230334	-	1	1.337915	I:	D:
230488	231777	-	1	1.327090	I:	D:
231764	232651	-	2	1.324257	I:	D:
232904	234247	-	2	1.322784	I:	D:
234252	234401	-	3	1.302306	I:	D:
234630	235298	-	3	1.344916	I:	D:
235550	236671	-	2	1.348233	I:	D:
236634	237074	-	3	1.350050	I:	D:
237372	237911	-	3	1.345358	I:	D:
238224	238496	-	3	1.327640	I:	D:
238500	239684	-	3	1.323233	I:	D:
239905	240651	-	1	1.340650	I:	D:
240648	241304	-	3	1.318574	I:	D:
241499	241969	-	2	1.317020	I:	D:
242212	245325	+	1	1.318859	I:	D:
245338	245538	+	1	1.365487	I:	D:
245560	245886	+	1	1.308446	I:	D:
245902	246285	+	1	1.347205	I:	D:
246372	246857	+	3	1.363088	I:	D:
246949	248331	+	1	1.332178	I:	D:
248335	248751	+	1	1.328426	I:	D:
>YB3_3252
175	678	-	1	1.352185	I:	D:
1236	3353	+	3	1.304247	I:	D:
3608	5086	-	2	1.300288	I:	D:
5145	5309	+	3	1.376745	I:	D:
5376	5651	+	3	1.371477	I:	D:
5699	6292	+	2	1.353358	I:	D:
6369	8282	+	3	1.326032	I:	D:
8323	9249	+	1	1.312496	I:	D:
9346	10260	+	1	1.311013	I:	D:
10298	11173	+	2	1.322865	I:	D:
11190	12146	+	3	1.330644	I:	D:
12182	12514	+	2	1.324593	I:	D:
12589	16128	+	1	1.314271	I:	D:
16396	17370	+	1	1.301472	I:	D:
17514	17912	+	3	1.305036	I:	D:
17920	18873	+	1	1.320679	I:	D:
19093	19575	+	1	1.309129	I:	D:
19588	21537	+	1	1.313102	I:	D:
21716	22363	+	2	1.346924	I:	D:
22511	23116	+	2	1.394523	I:	D:
23275	23430	+	1	1.362063	I:	D:
23547	24026	+	3	1.346107	I:	D:
24085	25986	-	1	1.339593	I:	D:
25988	28060	-	2	1.336324	I:	D:
28057	28905	-	1	1.335253	I:	D:
28989	29378	+	3	1.353105	I:	D:
29353	29727	+	1	1.346080	I:	D:
29728	36468	+	1	1.322252	I:	D:
36526	36819	+	1	1.364214	I:	D:
>YB3_7556
85	243	-	1	1.326343	I:	D:
343	1038	-	1	1.331915	I:	D:
1106	1531	-	2	1.338056	I:	D:
1601	2119	-	2	1.305019	I:	D:
2137	2340	-	1	1.316417	I:	D:
2569	2700	-	1	1.367560	I:	D:
2824	3666	-	1	1.292023	I:	D:
3854	4603	-	2	1.335526	I:	D:
4416	4586	-	3	1.358800	I:	D:
4600	6966	-	1	1.310313	I:	D:
7000	8001	-	1	1.303550	I:	D:
8517	10070	-	3	1.307860	I:	D:
10400	11545	+	2	1.303520	I:	D:
11599	13335	-	1	1.297242	I:	D:
13525	14505	-	1	1.331564	I:	D:
14559	14843	+	3	1.362847	I:	D:
14914	16320	+	1	1.315559	I:	D:
16455	17849	-	3	1.324315	I:	D:
17851	19284	-	1	1.325737	I:	D:
19283	19690	+	2	1.354165	I:	D:
19834	21315	-	1	1.335876	I:	D:
21575	22657	-	2	1.323335	I:	D:
22712	22852	+	2	1.358112	I:	D:
23015	23767	-	2	1.341470	I:	D:
24055	24762	+	1	1.321727	I:	D:
24973	26316	-	1	1.318751	I:	D:
26306	26770	-	2	1.318478	I:	D:
27076	27219	+	1	1.370521	I:	D:
27259	27804	-	1	1.335401	I:	D:
27838	28002	-	1	1.322518	I:	D:
>YB3_7702
11	808	-	2	1.273387	I:	D:
830	1183	-	2	1.248491	I:	D:
1317	1982	-	3	1.303536	I:	D:
>YB3_9497
1	1566	+	1	1.326386	I:	D:
1595	2644	+	2	1.306095	I:	D:
2727	4748	+	3	1.300153	I:	D:
4989	5879	+	3	1.338592	I:	D:
5883	6173	+	3	1.330356	I:	D:
6398	6712	+	2	1.280934	I:	D:
6828	7256	+	3	1.245637	I:	D:
7386	7664	-	3	1.370234	I:	D:
7669	7995	-	1	1.369267	I:	D:
8072	8851	-	2	1.368702	I:	D:
8838	9164	-	3	1.322883	I:	D:
9194	10747	-	2	1.333596	I:	D:
10725	11111	-	3	1.311976	I:	D:
11480	11833	+	2	1.321627	I:	D:
11989	12447	+	1	1.297267	I:	D:
12437	13756	+	2	1.302066	I:	D:
13890	14126	-	3	1.302234	I:	D:
14537	15163	+	2	1.273670	I:	D:
15278	15460	+	2	1.355456	I:	D:
15507	16364	+	3	1.324516	I:	D:
16367	17542	+	2	1.351884	I:	D:
17856	18299	+	3	1.285552	I:	D:
18331	18756	+	1	1.293846	I:	D:
18982	19554	+	1	1.312069	I:	D:
19571	19954	+	2	1.336582	I:	D:
19936	20466	+	1	1.292964	I:	D:
20478	21032	+	3	1.316194	I:	D:
21037	21876	+	1	1.280434	I:	D:
22231	22965	+	1	1.306072	I:	D:
23093	23263	+	2	1.370781	I:	D:
23429	23593	+	2	1.295444	I:	D:
>YB3_9940
442	1362	-	1	1.326092	I:	D:
1399	2058	-	1	1.330484	I:	D:
2080	2856	-	1	1.342060	I:	D:
3057	3929	-	3	1.304216	I:	D:
4278	5561	-	3	1.327134	I:	D:
6109	6537	+	1	1.311929	I:	D:
6631	7149	-	1	1.306123	I:	D:
7657	8622	+	1	1.335645	I:	D:
8945	10348	-	2	1.315234	I:	D:
10723	11706	-	1	1.332657	I:	D:
11849	25306	-	2	1.334539	I:	D:
25366	26310	-	1	1.342927	I:	D:
26395	30297	-	1	1.338716	I:	D:
30414	32027	-	3	1.344119	I:	D:
32693	34144	-	2	1.341926	I:	D:
34160	35344	-	2	1.330307	I:	D:
35345	37060	-	2	1.331112	I:	D:
37098	37343	-	3	1.350722	I:	D:
37648	38262	-	1	1.325373	I:	D:
38451	38786	+	3	1.305055	I:	D:
39219	39449	+	3	1.336768	I:	D:
39451	39657	-	1	1.367175	I:	D:
39871	40635	-	1	1.311433	I:	D:
40655	41092	-	2	1.309126	I:	D:
41077	42486	-	1	1.313853	I:	D:
42505	43080	-	1	1.312432	I:	D:
43178	44125	-	2	1.361508	I:	D:
45037	45702	+	1	1.342703	I:	D:
45971	47008	-	2	1.313702	I:	D:
47005	47598	-	1	1.319576	I:	D:
47795	49120	-	2	1.347684	I:	D:
49190	51289	-	2	1.312010	I:	D:
51390	51716	-	3	1.330505	I:	D:
51697	52206	-	1	1.355372	I:	D:
52271	52420	-	2	1.263046	I:	D:
52495	53172	-	1	1.309236	I:	D:
53184	54089	-	3	1.305102	I:	D:
54086	54850	-	2	1.334332	I:	D:
54861	55805	-	3	1.320391	I:	D:
56055	56819	-	3	1.325654	I:	D:
56941	57633	-	1	1.316948	I:	D:
57630	58070	-	3	1.327915	I:	D:
58057	59157	+	1	1.339603	I:	D:
59223	59936	-	3	1.313412	I:	D:
59974	60801	-	1	1.334249	I:	D:
61113	61697	-	3	1.329677	I:	D:
61825	62388	-	1	1.326477	I:	D:
62816	63250	-	2	1.310096	I:	D:
63379	63654	-	1	1.319536	I:	D:
63729	66206	-	3	1.313479	I:	D:
66238	66891	-	1	1.359960	I:	D:
66891	67751	-	3	1.321241	I:	D:
67918	68388	-	1	1.368802	I:	D:
68568	69647	+	3	1.318650	I:	D:
69753	70607	-	3	1.319215	I:	D:
70618	72123	-	1	1.321204	I:	D:
72296	72829	-	2	1.319953	I:	D:
72900	73175	-	3	1.387745	I:	D:
73208	74245	+	2	1.318044	I:	D:
74226	74570	+	3	1.337149	I:	D:
74640	75635	-	3	1.319838	I:	D:
75651	76511	-	3	1.317992	I:	D:
76528	77169	-	1	1.327137	I:	D:
77292	77789	-	3	1.342792	I:	D:
77789	78388	-	2	1.303786	I:	D:
78504	80213	-	3	1.337849	I:	D:
80203	81369	-	1	1.319801	I:	D:
81337	81831	+	1	1.385378	I:	D:
81834	82034	+	3	1.376133	I:	D:
82181	82381	-	2	1.330664	I:	D:
82646	83365	-	2	1.326046	I:	D:
83750	85507	-	2	1.320705	I:	D:
85504	86181	-	1	1.300748	I:	D:
86540	88348	-	2	1.314711	I:	D:
88402	89664	-	1	1.297546	I:	D:
89813	91264	-	2	1.324422	I:	D:
91261	91905	-	1	1.325742	I:	D:
91974	94259	-	3	1.311723	I:	D:
94537	95061	-	1	1.306552	I:	D:
95094	97949	-	3	1.329384	I:	D:
98055	98546	-	3	1.340035	I:	D:
98574	99860	-	3	1.321877	I:	D:
100130	101050	+	2	1.327876	I:	D:
101053	102213	-	1	1.338124	I:	D:
102260	103093	-	2	1.335483	I:	D:
103116	103253	+	3	1.344477	I:	D:
103626	104585	-	3	1.331804	I:	D:
104680	105093	-	1	1.325872	I:	D:
105100	106542	-	1	1.327040	I:	D:
106542	107444	-	3	1.334206	I:	D:
107459	109531	-	2	1.317453	I:	D:
109518	110006	-	3	1.282764	I:	D:
110038	110262	-	1	1.314139	I:	D:
110302	110979	-	1	1.317956	I:	D:
111270	112307	+	3	1.336333	I:	D:
112376	113092	-	2	1.344297	I:	D:
113285	115231	+	2	1.323649	I:	D:
115241	115558	-	2	1.329784	I:	D:
115613	117091	+	2	1.329711	I:	D:
117222	117584	-	3	1.342830	I:	D:
117587	119344	-	2	1.310043	I:	D:
120026	121762	+	2	1.319293	I:	D:
122099	122701	+	2	1.307642	I:	D:
122807	123817	-	2	1.299269	I:	D:
123831	124544	-	3	1.331745	I:	D:
124531	125319	-	1	1.322327	I:	D:
125393	126037	-	2	1.358257	I:	D:
126202	126405	+	1	1.313091	I:	D:
126483	127880	-	3	1.328401	I:	D:
128194	128463	+	1	1.326705	I:	D:
128493	129542	+	3	1.316421	I:	D:
129777	130592	-	3	1.326633	I:	D:
130707	130937	-	3	1.377029	I:	D:
130954	132093	-	1	1.331038	I:	D:
132090	132707	-	3	1.304161	I:	D:
132720	133754	-	3	1.322561	I:	D:
133760	134596	-	2	1.346025	I:	D:
134575	134925	-	1	1.320002	I:	D:
135061	136284	+	1	1.329528	I:	D:
136516	138936	-	1	1.322559	I:	D:
138957	140000	-	3	1.309105	I:	D:
140017	140229	-	1	1.339086	I:	D:
140433	140894	+	3	1.342525	I:	D:
141160	142308	-	1	1.336040	I:	D:
142395	143915	-	3	1.336485	I:	D:
144226	144489	-	1	1.350421	I:	D:
144493	145467	-	1	1.308491	I:	D:
145493	146527	-	2	1.342028	I:	D:
146549	146905	-	2	1.307308	I:	D:
147201	147560	-	3	1.336897	I:	D:
148410	149441	-	3	1.331664	I:	D:
149507	149938	-	2	1.313708	I:	D:
149943	150602	-	3	1.364489	I:	D:
150604	151035	-	1	1.338335	I:	D:
151044	151964	-	3	1.332082	I:	D:
151957	153444	-	1	1.339319	I:	D:
153790	154101	-	1	1.291591	I:	D:
154184	154657	+	2	1.322379	I:	D:
154682	155251	+	2	1.333448	I:	D:
155263	156687	+	1	1.344376	I:	D:
>YB3_10945
1	1548	+	1	1.316840	I:	D:
1600	1953	+	1	1.328363	I:	D:
2004	2201	-	3	1.330923	I:	D:
2152	2568	-	1	1.382724	I:	D:
2581	2784	-	1	1.353074	I:	D:
2914	3288	-	1	1.341708	I:	D:
3310	3828	-	1	1.319247	I:	D:
3915	4694	-	3	1.339414	I:	D:
4936	5835	-	1	1.339066	I:	D:
5947	7131	+	1	1.340066	I:	D:
7368	9347	+	3	1.335383	I:	D:
9365	9610	+	2	1.385899	I:	D:
9752	10714	+	2	1.368017	I:	D:
10881	13547	+	3	1.350987	I:	D:
13831	16407	+	1	1.332432	I:	D:
16792	17871	+	1	1.317758	I:	D:
17888	18604	+	2	1.324446	I:	D:
18673	19182	+	1	1.336024	I:	D:
19199	20479	+	2	1.322276	I:	D:
20489	21568	+	2	1.324149	I:	D:
21604	22575	+	1	1.327172	I:	D:
22754	23380	+	2	1.342962	I:	D:
23486	24316	+	2	1.310294	I:	D:
24413	25321	-	2	1.347104	I:	D:
25501	27888	+	1	1.326944	I:	D:
27897	28037	+	3	1.343460	I:	D:
28006	28992	+	1	1.346712	I:	D:
29204	29491	+	2	1.341140	I:	D:
29733	30143	+	3	1.310765	I:	D:
30326	30955	-	2	1.351447	I:	D:
31230	31475	+	3	1.351897	I:	D:
31656	31820	+	3	1.334274	I:	D:
31903	32589	-	1	1.328897	I:	D:
33057	34100	+	3	1.322810	I:	D:
34132	34743	+	1	1.291066	I:	D:
34888	36756	+	1	1.307356	I:	D:
37142	38296	+	2	1.320467	I:	D:
38436	38603	+	3	1.356742	I:	D:
38756	40864	+	2	1.331607	I:	D:
41029	41295	+	1	1.322064	I:	D:
41316	41474	+	3	1.370834	I:	D:
41512	43611	+	1	1.322063	I:	D:
43777	44448	+	1	1.370611	I:	D:
44514	46328	+	3	1.312173	I:	D:
46339	47532	+	1	1.332783	I:	D:
47536	48645	+	1	1.349212	I:	D:
48671	48817	+	2	1.332384	I:	D:
49017	50372	+	3	1.317046	I:	D:
50499	51992	+	3	1.318897	I:	D:
52094	54115	+	2	1.346725	I:	D:
54316	55086	+	1	1.369302	I:	D:
55095	58052	+	3	1.341585	I:	D:
58223	58771	+	2	1.324676	I:	D:
59091	61250	+	3	1.348537	I:	D:
61583	62239	+	2	1.355330	I:	D:
62236	63984	+	1	1.328872	I:	D:
63981	64895	+	3	1.328965	I:	D:
64892	65557	+	2	1.343529	I:	D:
65554	66585	+	1	1.329261	I:	D:
66596	66886	+	2	1.362492	I:	D:
67038	67262	-	3	1.394746	I:	D:
67291	67890	+	1	1.389723	I:	D:
68132	68854	-	2	1.334702	I:	D:
68853	69062	+	3	1.328314	I:	D:
69086	69313	+	2	1.363421	I:	D:
69324	70619	+	3	1.347266	I:	D:
70616	72325	+	2	1.325578	I:	D:
72336	73211	-	3	1.307524	I:	D:
73325	74500	+	2	1.334698	I:	D:
74502	75578	+	3	1.317444	I:	D:
75589	77028	+	1	1.331716	I:	D:
77540	78853	+	2	1.326333	I:	D:
78936	79325	+	3	1.341491	I:	D:
79510	81423	+	1	1.329980	I:	D:
81437	82243	+	2	1.327865	I:	D:
82349	83626	+	2	1.328761	I:	D:
83667	85028	+	3	1.321727	I:	D:
85691	87082	+	2	1.327590	I:	D:
87574	88839	+	1	1.350342	I:	D:
88887	89534	+	3	1.348811	I:	D:
89550	90752	+	3	1.330317	I:	D:
90758	91267	+	2	1.339503	I:	D:
91396	92418	-	1	1.335823	I:	D:
92534	92695	+	2	1.375238	I:	D:
92833	94101	-	1	1.328001	I:	D:
94178	94423	-	2	1.345433	I:	D:
94458	95153	-	3	1.345333	I:	D:
95146	96801	-	1	1.329077	I:	D:
96875	97072	+	2	1.365413	I:	D:
97341	98354	+	3	1.326199	I:	D:
98454	98588	+	3	1.347468	I:	D:
98578	99783	+	1	1.312761	I:	D:
99816	100565	+	3	1.321005	I:	D:
100731	102272	+	3	1.322861	I:	D:
102570	103484	+	3	1.326669	I:	D:
103632	105104	+	3	1.323906	I:	D:
105306	106268	+	3	1.335917	I:	D:
106355	108961	+	2	1.352014	I:	D:
109148	109744	+	2	1.319813	I:	D:
109748	110431	+	2	1.339096	I:	D:
110456	111658	+	2	1.318091	I:	D:
111938	113125	+	2	1.336486	I:	D:
113410	115401	+	1	1.323510	I:	D:
115419	116189	+	3	1.341487	I:	D:
116287	116436	-	1	1.362285	I:	D:
116586	117530	-	3	1.337303	I:	D:
117724	117954	-	1	1.358201	I:	D:
118567	119547	-	1	1.343668	I:	D:
119834	120397	-	2	1.357270	I:	D:
120463	120630	+	1	1.355165	I:	D:
120960	121178	-	3	1.329775	I:	D:
>YB3_11006
1	198	+	1	1.331494	I:	D:
454	1530	-	1	1.311557	I:	D:
1543	2322	-	1	1.324878	I:	D:
2387	3940	-	2	1.310340	I:	D:
4034	5011	-	2	1.327484	I:	D:
5026	5994	-	1	1.321545	I:	D:
6025	6942	-	1	1.320031	I:	D:
6948	7898	-	3	1.327972	I:	D:
8302	9339	+	1	1.346499	I:	D:
9342	10100	+	3	1.340135	I:	D:
10180	11661	-	1	1.320147	I:	D:
11639	11887	-	2	1.367742	I:	D:
>YB3_11114
50	364	+	2	1.371746	I:	D:
361	2085	+	1	1.340915	I:	D:
2092	3048	-	1	1.326488	I:	D:
3412	3633	+	1	1.318956	I:	D:
3642	3809	-	3	1.350099	I:	D:
3955	4911	+	1	1.326881	I:	D:
5341	5523	+	1	1.354586	I:	D:
5537	6466	+	2	1.322450	I:	D:
6700	7494	+	1	1.336569	I:	D:
7768	9015	+	1	1.320012	I:	D:
9145	10323	+	1	1.314821	I:	D:
10643	11716	+	2	1.312581	I:	D:
>YB3_11200
429	830	+	3	1.322674	I:	D:
982	1641	+	1	1.338609	I:	D:
1709	1912	-	2	1.344852	I:	D:
1913	3277	-	2	1.329921	I:	D:
3606	5660	+	3	1.322915	I:	D:
5754	6485	+	3	1.323329	I:	D:
6509	6703	+	2	1.348457	I:	D:
6944	7231	+	2	1.342517	I:	D:
7257	7718	+	3	1.341714	I:	D:
7796	8062	+	2	1.383951	I:	D:
8353	9210	+	1	1.304224	I:	D:
9401	10060	+	2	1.308953	I:	D:
10072	10845	+	1	1.320251	I:	D:
10861	11046	+	1	1.349102	I:	D:
11352	11618	+	3	1.326029	I:	D:
11634	12764	+	3	1.351794	I:	D:
12930	14357	+	3	1.327857	I:	D:
14377	15576	+	1	1.327557	I:	D:
16046	16999	+	2	1.339239	I:	D:
17018	17593	+	2	1.321577	I:	D:
17913	18527	+	3	1.310899	I:	D:
18848	21046	+	2	1.312742	I:	D:
21049	21495	+	1	1.289636	I:	D:
21512	22843	+	2	1.319257	I:	D:
22882	23373	+	1	1.342194	I:	D:
23581	24303	+	1	1.325640	I:	D:
24387	24557	-	3	1.381094	I:	D:
24697	25446	-	1	1.324064	I:	D:
25899	27191	+	3	1.370232	I:	D:
27264	27881	+	3	1.354522	I:	D:
27973	28227	+	1	1.403103	I:	D:
28489	30174	+	1	1.322316	I:	D:
30496	31380	-	1	1.288253	I:	D:
31792	33753	+	1	1.322099	I:	D:
33983	35128	-	2	1.349501	I:	D:
35615	37168	-	2	1.341749	I:	D:
37373	38560	+	2	1.327156	I:	D:
38564	40009	+	2	1.343684	I:	D:
40437	40655	+	3	1.365091	I:	D:
41068	42237	+	1	1.321894	I:	D:
42391	43758	+	1	1.306877	I:	D:
43908	45362	+	3	1.314229	I:	D:
45473	46345	+	2	1.309871	I:	D:
46355	47170	+	2	1.344268	I:	D:
47339	48427	+	2	1.313074	I:	D:
48432	50234	+	3	1.325457	I:	D:
50426	51151	+	2	1.332608	I:	D:
51279	52796	+	3	1.325781	I:	D:
52912	53529	+	1	1.339004	I:	D:
53544	54026	+	3	1.299439	I:	D:
54023	55198	+	2	1.309538	I:	D:
55192	55686	+	1	1.345798	I:	D:
55738	56169	-	1	1.315967	I:	D:
56281	56421	+	1	1.308807	I:	D:
56504	58432	-	2	1.305431	I:	D:
58432	59253	-	1	1.316193	I:	D:
59272	60348	-	1	1.303748	I:	D:
60385	60918	-	1	1.323684	I:	D:
61316	62392	+	2	1.333859	I:	D:
62418	63521	+	3	1.319555	I:	D:
63541	64203	+	1	1.328597	I:	D:
64209	65633	+	3	1.322003	I:	D:
65679	65990	+	3	1.345047	I:	D:
66198	66332	+	3	1.288826	I:	D:
66489	67082	+	3	1.346580	I:	D:
67575	68444	+	3	1.313120	I:	D:
68601	69239	+	3	1.333254	I:	D:
69256	70146	+	1	1.336945	I:	D:
70222	71277	+	1	1.328887	I:	D:
71280	72023	+	3	1.340414	I:	D:
72119	72934	+	2	1.342374	I:	D:
73170	73760	+	3	1.297761	I:	D:
73933	75018	-	1	1.322520	I:	D:
75112	76401	-	1	1.315530	I:	D:
76401	77021	-	3	1.325675	I:	D:
77020	77205	+	1	1.368508	I:	D:
77357	78118	-	2	1.304728	I:	D:
78153	79367	-	3	1.322985	I:	D:
79598	79732	+	2	1.362315	I:	D:
79826	80782	+	2	1.318496	I:	D:
80834	82876	+	2	1.314972	I:	D:
82975	83862	+	1	1.300667	I:	D:
84018	84806	+	3	1.310482	I:	D:
84855	85724	+	3	1.323135	I:	D:
85794	87713	-	3	1.321804	I:	D:
87974	90565	+	2	1.302932	I:	D:
90776	91219	+	2	1.313910	I:	D:
91349	92497	+	2	1.307354	I:	D:
92616	93896	+	3	1.314938	I:	D:
94053	95102	-	3	1.312628	I:	D:
95110	95496	+	1	1.340856	I:	D:
95722	96399	+	1	1.352148	I:	D:
96416	97012	+	2	1.340443	I:	D:
97042	98460	-	1	1.313343	I:	D:
98513	99226	-	2	1.316056	I:	D:
99292	101697	-	1	1.317501	I:	D:
101908	103251	+	1	1.327081	I:	D:
103275	104225	+	3	1.327981	I:	D:
104343	104609	-	3	1.381837	I:	D:
104618	106312	+	2	1.314123	I:	D:
106305	107291	+	3	1.331542	I:	D:
107288	108097	+	2	1.336466	I:	D:
108143	109027	+	2	1.338253	I:	D:
109029	109658	+	3	1.338015	I:	D:
109793	110566	+	2	1.327681	I:	D:
110619	112010	+	3	1.339220	I:	D:
112078	112932	+	1	1.327992	I:	D:
112955	113653	+	2	1.364850	I:	D:
>YB3_11372
3	1460	-	3	1.298065	I:	D:
1543	2592	-	1	1.298096	I:	D:
2621	4732	-	2	1.321117	I:	D:
4805	5539	-	2	1.290860	I:	D:
5514	5822	-	3	1.280863	I:	D:
5849	8092	-	2	1.334608	I:	D:
8144	8602	-	2	1.342567	I:	D:
8586	10916	-	3	1.322771	I:	D:
>YB3_12388
88	495	-	1	1.327434	I:	D:
685	2187	+	1	1.359032	I:	D:
2285	3700	-	2	1.318804	I:	D:
4154	8578	+	2	1.320926	I:	D:
8600	9736	+	2	1.328225	I:	D:
9776	10462	+	2	1.336199	I:	D:
10645	11214	+	1	1.325282	I:	D:
11350	12495	+	1	1.338273	I:	D:
12600	13907	+	3	1.327269	I:	D:
13996	14181	+	1	1.367419	I:	D:
14438	15061	+	2	1.312300	I:	D:
15220	16242	+	1	1.323397	I:	D:
16332	17552	+	3	1.298072	I:	D:
17566	19935	+	1	1.337671	I:	D:
19983	21323	+	3	1.326609	I:	D:
21325	22767	+	1	1.324877	I:	D:
22842	24128	-	3	1.330526	I:	D:
24186	25313	-	3	1.321576	I:	D:
25627	27717	+	1	1.311889	I:	D:
28098	29228	+	3	1.324087	I:	D:
29225	29746	+	2	1.357328	I:	D:
29905	31224	-	1	1.315188	I:	D:
31471	32973	+	1	1.324927	I:	D:
33004	34062	+	1	1.335586	I:	D:
34296	34508	+	3	1.301236	I:	D:
34804	37482	+	1	1.323960	I:	D:
37674	37901	+	3	1.340539	I:	D:
38201	38896	+	2	1.336037	I:	D:
38871	39866	+	3	1.336407	I:	D:
39967	41337	+	1	1.334250	I:	D:
41300	42460	+	2	1.335596	I:	D:
42598	43251	+	1	1.340245	I:	D:
43276	44019	+	1	1.314134	I:	D:
44046	45887	+	3	1.345107	I:	D:
45884	46894	+	2	1.336587	I:	D:
46896	47870	+	3	1.355861	I:	D:
47901	50549	+	3	1.353986	I:	D:
50575	51537	+	1	1.356422	I:	D:
51732	53024	+	3	1.347857	I:	D:
53496	54434	+	3	1.347998	I:	D:
54431	56221	+	2	1.356917	I:	D:
56250	57164	+	3	1.320547	I:	D:
57202	58413	+	1	1.347538	I:	D:
58655	59560	+	2	1.326579	I:	D:
59952	60848	+	3	1.331635	I:	D:
60905	61099	+	2	1.334504	I:	D:
61209	62549	-	3	1.324663	I:	D:
62848	63573	+	1	1.332741	I:	D:
63663	64403	+	3	1.317351	I:	D:
64689	65567	-	3	1.336260	I:	D:
65674	65856	+	1	1.375646	I:	D:
66031	67659	+	1	1.318279	I:	D:
67659	69458	+	3	1.320893	I:	D:
69478	70464	+	1	1.313755	I:	D:
70489	71517	+	1	1.317501	I:	D:
71765	72856	+	2	1.305936	I:	D:
72969	74477	+	3	1.325259	I:	D:
74492	75484	+	2	1.313031	I:	D:
75857	76144	+	2	1.275669	I:	D:
76197	76469	+	3	1.328969	I:	D:
76768	77241	+	1	1.316764	I:	D:
77274	77957	+	3	1.351637	I:	D:
78085	78639	+	1	1.306863	I:	D:
78839	80125	+	2	1.294023	I:	D:
80198	80347	-	2	1.347341	I:	D:
80375	80956	+	2	1.319237	I:	D:
81000	82298	+	3	1.318005	I:	D:
82441	84762	+	1	1.310801	I:	D:
84784	85389	+	1	1.321794	I:	D:
85983	86984	+	3	1.343977	I:	D:
87073	88302	+	1	1.353343	I:	D:
88481	90295	+	2	1.316721	I:	D:
90295	91551	+	1	1.335413	I:	D:
91644	92405	+	3	1.314241	I:	D:
92442	92579	+	3	1.355446	I:	D:
92679	93635	+	3	1.301850	I:	D:
93638	94372	+	2	1.316391	I:	D:
94404	95558	+	3	1.319617	I:	D:
95639	96817	+	2	1.314588	I:	D:
97030	97260	-	1	1.310412	I:	D:
97352	98668	+	2	1.315368	I:	D:
98795	99553	-	2	1.333771	I:	D:
99736	99912	-	1	1.368724	I:	D:
100361	101296	+	2	1.310748	I:	D:
101578	102747	+	1	1.327803	I:	D:
102816	103121	+	3	1.310228	I:	D:
103229	103666	+	2	1.328325	I:	D:
103723	104025	+	1	1.301762	I:	D:
104060	105727	+	2	1.316428	I:	D:
105758	106171	+	2	1.329193	I:	D:
106158	106799	+	3	1.334966	I:	D:
106814	108052	+	2	1.329505	I:	D:
108087	108899	+	3	1.336134	I:	D:
108917	111895	+	2	1.317728	I:	D:
111901	112839	+	1	1.306347	I:	D:
112860	113507	+	3	1.335238	I:	D:
113538	114563	+	3	1.334721	I:	D:
114719	115378	+	2	1.314925	I:	D:
115474	116862	+	1	1.329099	I:	D:
117197	119830	+	2	1.319943	I:	D:
120190	121005	+	1	1.328153	I:	D:
120995	123160	+	2	1.322846	I:	D:
123245	123559	+	2	1.306392	I:	D:
123651	124475	+	3	1.326944	I:	D:
124644	124958	+	3	1.311406	I:	D:
125239	125853	-	1	1.293543	I:	D:
126099	128537	+	3	1.319736	I:	D:
128699	128992	+	2	1.281003	I:	D:
129254	130633	+	2	1.327164	I:	D:
130643	131035	+	2	1.336745	I:	D:
131136	131351	+	3	1.332528	I:	D:
131479	131790	+	1	1.361247	I:	D:
132041	133054	+	2	1.349544	I:	D:
133215	134033	+	3	1.306224	I:	D:
134017	134625	+	1	1.319169	I:	D:
134807	135988	+	2	1.328997	I:	D:
136281	136721	+	3	1.301211	I:	D:
136741	137550	+	1	1.311148	I:	D:
137565	138815	+	3	1.312653	I:	D:
138823	138969	+	1	1.356004	I:	D:
139210	143907	+	1	1.334173	I:	D:
143966	145258	+	2	1.319239	I:	D:
145700	146806	+	2	1.312054	I:	D:
146832	148484	+	3	1.320474	I:	D:
148481	149527	+	2	1.312925	I:	D:
149524	150474	+	1	1.309786	I:	D:
150516	151454	+	3	1.313930	I:	D:
151487	152761	+	2	1.320194	I:	D:
152793	153539	+	3	1.315129	I:	D:
153565	154710	+	1	1.338829	I:	D:
154707	155735	+	3	1.348613	I:	D:
155757	156653	+	3	1.317443	I:	D:
156823	158193	+	1	1.327647	I:	D:
158569	159894	+	1	1.324852	I:	D:
159908	160849	+	2	1.323649	I:	D:
160849	161457	+	1	1.286674	I:	D:
161472	162173	+	3	1.322386	I:	D:
162173	162748	+	2	1.317780	I:	D:
162764	163555	+	2	1.342580	I:	D:
163706	164149	-	2	1.361338	I:	D:
164229	165326	-	3	1.301433	I:	D:
165434	165697	+	2	1.383607	I:	D:
166060	166401	-	1	1.407617	I:	D:
166526	168319	+	2	1.348778	I:	D:
168494	168832	+	2	1.364552	I:	D:
169143	169985	+	3	1.356048	I:	D:
170112	170339	+	3	1.320354	I:	D:
170504	170785	+	2	1.326285	I:	D:
170897	172570	+	2	1.341545	I:	D:
172571	174217	+	2	1.341811	I:	D:
174214	175770	+	1	1.368700	I:	D:
175885	177015	+	1	1.357933	I:	D:
176987	177934	+	2	1.335079	I:	D:
177938	178729	+	2	1.347192	I:	D:
179193	180875	+	3	1.316897	I:	D:
181200	182207	+	3	1.340260	I:	D:
182218	184131	+	1	1.327757	I:	D:
184336	185451	+	1	1.306250	I:	D:
185495	186262	+	2	1.327464	I:	D:
186249	187049	+	3	1.317630	I:	D:
187062	188714	+	3	1.323172	I:	D:
189207	190634	+	3	1.315568	I:	D:
190771	191196	-	1	1.294160	I:	D:
191190	192113	-	3	1.325457	I:	D:
192195	192323	+	3	1.359031	I:	D:
192533	193300	+	2	1.326711	I:	D:
193456	195447	+	1	1.307552	I:	D:
195457	196824	+	1	1.312596	I:	D:
196954	197463	+	1	1.320577	I:	D:
197607	200684	+	3	1.338015	I:	D:
200716	202401	+	1	1.318802	I:	D:
202434	203495	+	3	1.318142	I:	D:
203644	204741	+	1	1.343033	I:	D:
204780	205136	+	3	1.326407	I:	D:
205268	207979	-	2	1.334553	I:	D:
208267	208917	+	1	1.323167	I:	D:
209083	210921	+	1	1.317255	I:	D:
211207	211836	+	1	1.325446	I:	D:
211983	212603	+	3	1.333826	I:	D:
212760	213068	-	3	1.376075	I:	D:
213096	213989	+	3	1.330749	I:	D:
214038	214793	+	3	1.308796	I:	D:
215130	215861	+	3	1.337806	I:	D:
216128	217735	+	2	1.346422	I:	D:
217768	218589	+	1	1.347177	I:	D:
218586	218945	+	3	1.329783	I:	D:
219060	219500	+	3	1.359336	I:	D:
219701	221209	+	2	1.316381	I:	D:
221202	222119	+	3	1.338197	I:	D:
222330	223610	+	3	1.323841	I:	D:
224007	225281	+	3	1.337325	I:	D:
225406	225780	+	1	1.337052	I:	D:
226033	228597	+	1	1.323520	I:	D:
228658	229869	-	1	1.342826	I:	D:
230351	231676	+	2	1.366215	I:	D:
231885	232043	+	3	1.341086	I:	D:
232148	232345	-	2	1.323028	I:	D:
232593	233885	+	3	1.321534	I:	D:
233976	236036	-	3	1.311811	I:	D:
236309	237004	+	2	1.326162	I:	D:
237076	237369	+	1	1.353430	I:	D:
237366	238880	+	3	1.329932	I:	D:
238903	240108	+	1	1.322220	I:	D:
240315	240671	+	3	1.317435	I:	D:
240815	241543	+	2	1.300465	I:	D:
241808	243271	-	2	1.314433	I:	D:
243882	247070	+	3	1.320783	I:	D:
247117	249585	+	1	1.300255	I:	D:
249612	250136	+	3	1.336614	I:	D:
250351	251343	+	1	1.331109	I:	D:
251384	252151	+	2	1.318546	I:	D:
252462	253052	+	3	1.325620	I:	D:
253257	253652	+	3	1.303848	I:	D:
253745	254143	+	2	1.369336	I:	D:
254167	254397	+	1	1.336248	I:	D:
254401	255012	+	1	1.332267	I:	D:
255355	255651	+	1	1.351841	I:	D:
255660	256964	+	3	1.361226	I:	D:
257412	257702	+	3	1.323625	I:	D:
257971	258840	+	1	1.337926	I:	D:
258890	259102	+	2	1.335972	I:	D:
259423	260814	+	1	1.313324	I:	D:
260824	262263	+	1	1.330695	I:	D:
262279	262569	+	1	1.309915	I:	D:
262738	263235	+	1	1.357605	I:	D:
263508	264284	+	3	1.320407	I:	D:
264527	265537	+	2	1.316935	I:	D:
265634	267055	+	2	1.314611	I:	D:
267081	268877	+	3	1.327704	I:	D:
269000	270277	+	2	1.341507	I:	D:
270401	271831	+	2	1.337760	I:	D:
271944	272741	+	3	1.329960	I:	D:
273156	274754	+	3	1.329210	I:	D:
274968	275105	+	3	1.366962	I:	D:
275225	275407	+	2	1.367199	I:	D:
275424	275555	+	3	1.399001	I:	D:
275718	276518	+	3	1.317626	I:	D:
276547	276903	+	1	1.317297	I:	D:
276967	278118	+	1	1.319801	I:	D:
278461	278646	+	1	1.321109	I:	D:
278877	279302	+	3	1.327988	I:	D:
279299	280237	+	2	1.327325	I:	D:
280329	280808	+	3	1.344780	I:	D:
280834	282957	+	1	1.321970	I:	D:
282984	283226	-	3	1.370962	I:	D:
283203	284984	+	3	1.337621	I:	D:
285073	286029	+	1	1.323596	I:	D:
286040	287389	+	2	1.309961	I:	D:
287667	288821	+	3	1.316023	I:	D:
288907	290211	+	1	1.354468	I:	D:
290233	290574	+	1	1.369513	I:	D:
290183	290956	+	2	1.311026	I:	D:
291157	292383	+	1	1.299879	I:	D:
292487	293509	+	2	1.359678	I:	D:
293565	294323	+	3	1.330705	I:	D:
294610	294813	+	1	1.321803	I:	D:
294839	294976	+	2	1.374691	I:	D:
295033	295386	+	1	1.351919	I:	D:
295587	296363	+	3	1.327892	I:	D:
296607	296780	+	3	1.374223	I:	D:
296801	297589	+	2	1.307361	I:	D:
297709	298482	-	1	1.312763	I:	D:
298792	300381	+	1	1.319700	I:	D:
300785	301234	+	2	1.295047	I:	D:
301267	302670	+	1	1.317099	I:	D:
302825	303817	+	2	1.298034	I:	D:
304175	305473	+	2	1.316618	I:	D:
305724	306740	+	3	1.322657	I:	D:
306931	307104	+	1	1.352371	I:	D:
307255	308271	+	1	1.324869	I:	D:
308790	309776	+	3	1.327827	I:	D:
309916	310056	+	1	1.359543	I:	D:
310062	310928	+	3	1.337785	I:	D:
310909	311991	+	1	1.309384	I:	D:
312028	312222	+	1	1.345266	I:	D:
312482	312796	+	2	1.355915	I:	D:
312810	313631	+	3	1.326083	I:	D:
313644	313904	+	3	1.280572	I:	D:
313959	314153	+	3	1.312534	I:	D:
314165	314428	+	2	1.367141	I:	D:
314510	314857	+	2	1.322916	I:	D:
314896	317568	+	1	1.317487	I:	D:
317588	318169	+	2	1.308260	I:	D:
318177	318974	+	3	1.321964	I:	D:
319042	319275	+	1	1.363368	I:	D:
319330	319611	+	1	1.312184	I:	D:
319642	321006	+	1	1.310661	I:	D:
321065	322423	+	2	1.323397	I:	D:
322468	323421	-	1	1.342168	I:	D:
323757	324851	+	3	1.319599	I:	D:
324871	325092	+	1	1.317340	I:	D:
325122	325361	+	3	1.348113	I:	D:
325585	325893	-	1	1.308898	I:	D:
325930	326235	-	1	1.320654	I:	D:
326439	327680	-	3	1.334507	I:	D:
327954	328949	+	3	1.317206	I:	D:
329181	330371	+	3	1.327818	I:	D:
330470	330988	+	2	1.373689	I:	D:
330991	331173	+	1	1.383760	I:	D:
331399	332874	+	1	1.310061	I:	D:
333013	334383	+	1	1.327359	I:	D:
334617	335618	+	3	1.317503	I:	D:
335776	335955	+	1	1.367210	I:	D:
336029	337381	+	2	1.326443	I:	D:
337394	338008	+	2	1.340227	I:	D:
337911	338225	+	3	1.372855	I:	D:
338335	339201	+	1	1.330041	I:	D:
339242	340366	+	2	1.318072	I:	D:
340468	340698	+	1	1.274091	I:	D:
340707	341576	+	3	1.329069	I:	D:
341579	345160	+	2	1.313991	I:	D:
345201	346151	+	3	1.290873	I:	D:
346320	347597	+	3	1.309207	I:	D:
347646	348899	+	3	1.326474	I:	D:
349028	349321	-	2	1.313762	I:	D:
349849	350550	+	1	1.312058	I:	D:
350564	351118	+	2	1.295968	I:	D:
351229	351969	+	1	1.323110	I:	D:
351982	352782	+	1	1.329688	I:	D:
352825	353967	+	1	1.317602	I:	D:
353969	355096	+	2	1.325574	I:	D:
355121	356263	+	2	1.314024	I:	D:
356268	360794	+	3	1.326040	I:	D:
360867	362141	+	3	1.327465	I:	D:
362383	363945	+	1	1.328950	I:	D:
364052	364612	+	2	1.350421	I:	D:
364681	367980	+	1	1.328230	I:	D:
368014	369465	+	1	1.334739	I:	D:
370007	370228	+	2	1.404200	I:	D:
370348	370704	+	1	1.316940	I:	D:
370720	372414	+	1	1.310733	I:	D:
372693	374750	+	3	1.317594	I:	D:
>YB3_12393
126	1121	-	3	1.305909	I:	D:
1419	2507	+	3	1.347048	I:	D:
2511	2894	+	3	1.346028	I:	D:
2913	3683	+	3	1.339261	I:	D:
4535	5533	-	2	1.299951	I:	D:
5747	6055	-	2	1.310371	I:	D:
6072	6305	-	3	1.294425	I:	D:
6705	8063	-	3	1.348170	I:	D:
8208	8363	-	3	1.317349	I:	D:
>YB3_12491
2	157	+	2	1.369807	I:	D:
331	1125	+	1	1.320999	I:	D:
1250	2182	+	2	1.301463	I:	D:
2465	2908	-	2	1.379760	I:	D:
3140	3676	+	2	1.329809	I:	D:
3669	4490	+	3	1.317611	I:	D:
4539	5180	+	3	1.304531	I:	D:
5363	6172	+	2	1.326404	I:	D:
6169	6831	+	1	1.332419	I:	D:
6834	7586	+	3	1.334662	I:	D:
7586	8362	+	2	1.326333	I:	D:
8584	9666	+	1	1.308663	I:	D:
9924	10997	+	3	1.325269	I:	D:
11247	12566	+	3	1.323321	I:	D:
12922	13578	+	1	1.316529	I:	D:
13772	14392	-	2	1.388362	I:	D:
14534	15925	+	2	1.339098	I:	D:
16075	16407	+	1	1.338368	I:	D:
16432	16596	+	1	1.343914	I:	D:
17022	17534	+	3	1.297746	I:	D:
17573	18604	+	2	1.298956	I:	D:
18598	19191	+	1	1.313982	I:	D:
19202	20476	+	2	1.300463	I:	D:
20865	22562	+	3	1.323374	I:	D:
22707	23372	+	3	1.341065	I:	D:
23386	24324	+	1	1.342898	I:	D:
24806	25345	+	2	1.325124	I:	D:
25629	26987	+	3	1.356677	I:	D:
27024	27479	+	3	1.333642	I:	D:
27600	28733	+	3	1.338723	I:	D:
28826	29743	-	2	1.358318	I:	D:
29901	30839	+	3	1.345132	I:	D:
31134	31499	+	3	1.313908	I:	D:
31657	32721	+	1	1.322463	I:	D:
32969	33568	+	2	1.357311	I:	D:
33725	34354	+	2	1.323595	I:	D:
34547	36301	+	2	1.326256	I:	D:
36303	38042	+	3	1.332752	I:	D:
38243	39148	+	2	1.337667	I:	D:
39594	40058	+	3	1.289567	I:	D:
40209	40790	-	3	1.299994	I:	D:
40997	42292	-	2	1.321504	I:	D:
42252	42545	+	3	1.344638	I:	D:
42651	43571	+	3	1.318983	I:	D:
43665	45674	+	3	1.309546	I:	D:
45721	46026	+	1	1.294232	I:	D:
46062	47732	+	3	1.312373	I:	D:
47813	48559	+	2	1.328457	I:	D:
48809	49624	+	2	1.308528	I:	D:
49614	50807	+	3	1.332061	I:	D:
50952	51974	+	3	1.327730	I:	D:
52151	52279	+	2	1.273585	I:	D:
52263	53756	+	3	1.319282	I:	D:
54190	54936	-	1	1.321916	I:	D:
55079	55231	+	2	1.316195	I:	D:
55354	56979	+	1	1.326120	I:	D:
57300	57443	+	3	1.344158	I:	D:
57550	58938	+	1	1.321091	I:	D:
59030	59920	+	2	1.316310	I:	D:
59920	61317	+	1	1.328475	I:	D:
61317	62684	+	3	1.333713	I:	D:
62799	63491	+	3	1.316247	I:	D:
63666	64676	+	3	1.325822	I:	D:
64873	65064	-	1	1.374134	I:	D:
65084	65461	+	2	1.343768	I:	D:
65611	67017	-	1	1.319390	I:	D:
67055	67288	+	2	1.354291	I:	D:
67333	68412	+	1	1.329469	I:	D:
68484	69374	+	3	1.356466	I:	D:
69617	70813	+	2	1.317861	I:	D:
70843	71517	+	1	1.348453	I:	D:
71738	73285	+	2	1.317408	I:	D:
73423	73683	+	1	1.359156	I:	D:
73770	74681	+	3	1.322525	I:	D:
74737	75309	+	1	1.318917	I:	D:
75469	76083	+	1	1.360445	I:	D:
76412	77293	+	2	1.347228	I:	D:
77429	78754	+	2	1.330435	I:	D:
78754	79167	+	1	1.337884	I:	D:
79208	79693	-	2	1.328076	I:	D:
79844	84100	-	2	1.324426	I:	D:
84229	84402	-	1	1.363949	I:	D:
84453	85295	+	3	1.332676	I:	D:
85474	86910	+	1	1.317762	I:	D:
86963	87142	+	2	1.361865	I:	D:
87244	88587	+	1	1.315044	I:	D:
88756	89196	+	1	1.326594	I:	D:
89211	90302	+	3	1.355975	I:	D:
90299	91534	+	2	1.350752	I:	D:
91939	92481	+	1	1.348753	I:	D:
92474	93769	+	2	1.338208	I:	D:
93820	94908	+	1	1.321932	I:	D:
95037	95939	+	3	1.343145	I:	D:
95969	96805	+	2	1.348691	I:	D:
96974	99037	+	2	1.327640	I:	D:
99039	100778	+	3	1.314980	I:	D:
100815	101813	+	3	1.320396	I:	D:
102110	102847	+	2	1.337023	I:	D:
103094	104122	-	2	1.318400	I:	D:
104367	104516	+	3	1.380639	I:	D:
104587	105159	+	1	1.321443	I:	D:
105160	108522	+	1	1.316570	I:	D:
108748	109329	+	1	1.343881	I:	D:
109344	109877	+	3	1.334534	I:	D:
109878	110027	+	3	1.370154	I:	D:
110168	110506	+	2	1.290946	I:	D:
110597	112099	+	2	1.329483	I:	D:
112134	115601	+	3	1.330931	I:	D:
115668	119495	+	3	1.325414	I:	D:
119730	120515	-	3	1.325676	I:	D:
120757	120906	+	1	1.359372	I:	D:
120978	122099	+	3	1.314874	I:	D:
122121	122324	+	3	1.347462	I:	D:
122329	123255	+	1	1.349352	I:	D:
123477	124166	+	3	1.359090	I:	D:
124215	128360	+	3	1.319564	I:	D:
128560	129360	+	1	1.331331	I:	D:
129395	132829	+	2	1.317342	I:	D:
132869	133609	+	2	1.326302	I:	D:
133715	134539	-	2	1.324368	I:	D:
134903	136117	+	2	1.331472	I:	D:
136083	136934	+	3	1.316099	I:	D:
136970	137521	+	2	1.327818	I:	D:
137567	137704	+	2	1.322249	I:	D:
137909	138181	+	2	1.401976	I:	D:
138201	139049	+	3	1.316955	I:	D:
139272	139841	+	3	1.339984	I:	D:
139883	140311	+	2	1.340123	I:	D:
140565	142271	+	3	1.322861	I:	D:
142738	143034	+	1	1.317820	I:	D:
143081	143497	+	2	1.313599	I:	D:
143681	144118	+	2	1.313676	I:	D:
144130	145269	+	1	1.316305	I:	D:
145411	146511	+	1	1.326292	I:	D:
146533	147342	+	1	1.327786	I:	D:
147488	149254	+	2	1.324267	I:	D:
149592	150485	+	3	1.335913	I:	D:
150520	151959	+	1	1.325078	I:	D:
151962	153113	+	3	1.318612	I:	D:
153216	153893	-	3	1.338730	I:	D:
153909	154673	-	3	1.327181	I:	D:
154692	155150	-	3	1.284513	I:	D:
155391	157505	+	3	1.329654	I:	D:
157518	157874	+	3	1.296807	I:	D:
158038	158343	+	1	1.308104	I:	D:
158418	160043	+	3	1.298553	I:	D:
160425	161879	+	3	1.322792	I:	D:
161949	162098	+	3	1.347300	I:	D:
162309	162752	+	3	1.310139	I:	D:
162756	163967	+	3	1.339103	I:	D:
164077	164286	+	1	1.301816	I:	D:
164292	165182	+	3	1.300626	I:	D:
165244	167124	+	1	1.330714	I:	D:
167167	168015	+	1	1.322058	I:	D:
168012	168881	+	3	1.334335	I:	D:
168896	169345	+	2	1.310880	I:	D:
169405	171072	+	1	1.322734	I:	D:
171205	171447	+	1	1.339064	I:	D:
171706	172011	+	1	1.393480	I:	D:
172034	172294	+	2	1.349550	I:	D:
172378	173154	+	1	1.362647	I:	D:
173308	174096	+	1	1.303497	I:	D:
174103	174822	+	1	1.325070	I:	D:
174819	175847	+	3	1.303575	I:	D:
175889	176527	+	2	1.323736	I:	D:
176840	178300	+	2	1.333342	I:	D:
178381	178584	+	1	1.386362	I:	D:
178773	179897	+	3	1.329132	I:	D:
180208	181257	+	1	1.319352	I:	D:
181311	182561	+	3	1.304212	I:	D:
182585	183481	+	2	1.306732	I:	D:
183510	184529	+	3	1.316783	I:	D:
184538	185692	+	2	1.341477	I:	D:
185699	186307	+	2	1.311402	I:	D:
186322	187149	+	1	1.349061	I:	D:
187168	188409	+	1	1.337853	I:	D:
188438	189616	+	2	1.324337	I:	D:
189621	190520	+	3	1.333482	I:	D:
190708	191775	+	1	1.347372	I:	D:
191924	192520	+	2	1.345012	I:	D:
192532	193149	+	1	1.331325	I:	D:
193332	194618	+	3	1.349556	I:	D:
194650	195537	+	1	1.338072	I:	D:
195541	196695	+	1	1.344286	I:	D:
196701	197672	+	3	1.333118	I:	D:
197838	198431	+	3	1.356210	I:	D:
198434	199879	+	2	1.360109	I:	D:
199929	200987	+	3	1.372093	I:	D:
201013	201570	+	1	1.361745	I:	D:
201626	202531	+	2	1.302619	I:	D:
202538	203149	+	2	1.341361	I:	D:
203294	203599	+	2	1.325609	I:	D:
203639	203971	+	2	1.301840	I:	D:
204108	204491	+	3	1.325949	I:	D:
204493	205266	+	1	1.345328	I:	D:
205363	205701	+	1	1.329649	I:	D:
205744	205911	+	1	1.350244	I:	D:
206040	206282	+	3	1.320552	I:	D:
206284	206703	+	1	1.342057	I:	D:
206737	207057	+	1	1.350534	I:	D:
207509	207646	-	2	1.298704	I:	D:
207890	208417	+	2	1.357588	I:	D:
208431	208673	+	3	1.339220	I:	D:
208759	210141	+	1	1.343793	I:	D:
210290	211306	+	2	1.329132	I:	D:
211356	212543	+	3	1.322428	I:	D:
212587	213369	+	1	1.340140	I:	D:
213362	213784	+	2	1.333770	I:	D:
214016	215992	+	2	1.332727	I:	D:
216132	216458	+	3	1.314049	I:	D:
216645	217829	+	3	1.337433	I:	D:
217826	220627	+	2	1.343106	I:	D:
220678	221535	+	1	1.345415	I:	D:
221646	223220	+	3	1.317862	I:	D:
223358	224308	+	2	1.331974	I:	D:
224320	225117	+	1	1.332022	I:	D:
225130	226836	+	1	1.332733	I:	D:
226933	227637	-	1	1.357289	I:	D:
227662	227910	+	1	1.379420	I:	D:
227924	228679	+	2	1.324031	I:	D:
228683	229600	+	2	1.313714	I:	D:
229834	230034	-	1	1.327208	I:	D:
230325	230945	+	3	1.353110	I:	D:
230947	232056	-	1	1.326030	I:	D:
232550	232678	+	2	1.359801	I:	D:
232747	234717	+	1	1.330383	I:	D:
234714	235508	+	3	1.326613	I:	D:
235650	236165	+	3	1.349258	I:	D:
236171	237109	+	2	1.297613	I:	D:
237337	237654	+	1	1.342974	I:	D:
237660	238640	+	3	1.329326	I:	D:
238633	239823	+	1	1.350782	I:	D:
239853	240782	+	3	1.329213	I:	D:
241087	242214	+	1	1.311045	I:	D:
242477	243169	+	2	1.349919	I:	D:
243437	244120	+	2	1.330185	I:	D:
244250	245506	+	2	1.334453	I:	D:
245596	246441	+	1	1.320898	I:	D:
246445	247272	+	1	1.335026	I:	D:
247303	247521	+	1	1.361458	I:	D:
247691	249025	+	2	1.323708	I:	D:
249147	250499	+	3	1.326682	I:	D:
250518	251453	+	3	1.300694	I:	D:
251655	253139	-	3	1.327372	I:	D:
253285	254805	+	1	1.342513	I:	D:
254998	256038	-	1	1.306790	I:	D:
256043	257428	-	2	1.345734	I:	D:
257563	258465	+	1	1.329409	I:	D:
258558	259973	+	3	1.320502	I:	D:
259977	260663	+	3	1.321671	I:	D:
260638	263898	+	1	1.327044	I:	D:
263915	265192	+	2	1.329723	I:	D:
265267	265971	+	1	1.310166	I:	D:
266175	266741	+	3	1.313335	I:	D:
266754	266963	+	3	1.299055	I:	D:
266975	268162	+	2	1.322723	I:	D:
268191	269597	+	3	1.311366	I:	D:
269811	270428	-	3	1.330088	I:	D:
270869	271945	+	2	1.325092	I:	D:
272343	272843	+	3	1.339021	I:	D:
272843	274153	+	2	1.327498	I:	D:
274352	275053	+	2	1.323471	I:	D:
275164	276618	+	1	1.325521	I:	D:
276621	277886	+	3	1.313892	I:	D:
277883	278248	+	2	1.338937	I:	D:
278467	279279	+	1	1.325095	I:	D:
279281	279841	+	2	1.311587	I:	D:
280230	281834	+	3	1.313734	I:	D:
281968	282111	+	1	1.351229	I:	D:
282264	283808	+	3	1.339135	I:	D:
283809	284357	+	3	1.324798	I:	D:
284366	284548	+	2	1.350619	I:	D:
284784	285434	+	3	1.322245	I:	D:
285740	286801	+	2	1.324460	I:	D:
286987	287493	-	1	1.298752	I:	D:
287925	288200	+	3	1.355061	I:	D:
288377	288691	+	2	1.294072	I:	D:
288817	290916	+	1	1.318935	I:	D:
291243	292184	+	3	1.329024	I:	D:
292306	293721	+	1	1.335700	I:	D:
293839	295179	+	1	1.362049	I:	D:
295233	295931	+	3	1.303268	I:	D:
295971	296738	+	3	1.330942	I:	D:
296969	297226	-	2	1.360618	I:	D:
297250	298017	+	1	1.325076	I:	D:
298099	299676	+	1	1.334221	I:	D:
299705	300565	+	2	1.335933	I:	D:
300546	301421	+	3	1.338552	I:	D:
301583	302830	+	2	1.319271	I:	D:
302937	304109	+	3	1.335342	I:	D:
304269	305267	+	3	1.325784	I:	D:
305520	306020	+	3	1.319612	I:	D:
306157	307179	+	1	1.326615	I:	D:
307405	308568	+	1	1.340109	I:	D:
308664	309548	-	3	1.315040	I:	D:
309888	311153	+	3	1.318303	I:	D:
311337	311822	+	3	1.313170	I:	D:
311863	312330	+	1	1.306733	I:	D:
312763	313653	+	1	1.336031	I:	D:
313812	314474	+	3	1.315806	I:	D:
314913	316169	+	3	1.320849	I:	D:
316172	318523	+	2	1.321837	I:	D:
318728	320044	-	2	1.321529	I:	D:
320569	321102	-	1	1.324534	I:	D:
321380	322921	+	2	1.321626	I:	D:
322959	323108	+	3	1.340324	I:	D:
323295	323462	+	3	1.360195	I:	D:
323466	323657	+	3	1.382682	I:	D:
324235	326076	+	1	1.315128	I:	D:
326280	326819	-	3	1.312986	I:	D:
326907	328088	-	3	1.310030	I:	D:
328462	329712	+	1	1.320128	I:	D:
329758	331233	+	1	1.316923	I:	D:
331256	332194	+	2	1.316882	I:	D:
332304	332468	+	3	1.368240	I:	D:
332490	333698	+	3	1.322485	I:	D:
333716	334564	+	2	1.301561	I:	D:
334669	335847	+	1	1.308074	I:	D:
335850	336752	+	3	1.314508	I:	D:
337100	337519	+	2	1.334203	I:	D:
337555	337719	+	1	1.352021	I:	D:
337779	337922	+	3	1.374187	I:	D:
338213	339313	+	2	1.302854	I:	D:
339406	340311	+	1	1.329876	I:	D:
340359	341153	+	3	1.332648	I:	D:
341248	342126	-	1	1.314888	I:	D:
342282	343670	-	3	1.329330	I:	D:
344012	345349	+	2	1.334716	I:	D:
345471	346112	+	3	1.325695	I:	D:
346312	347355	-	1	1.313891	I:	D:
347699	349321	+	2	1.357085	I:	D:
349342	350139	+	1	1.346447	I:	D:
350469	350762	+	3	1.311947	I:	D:
350901	351338	+	3	1.341857	I:	D:
351325	352224	+	1	1.330434	I:	D:
352199	354616	+	2	1.323921	I:	D:
354743	355441	+	2	1.334111	I:	D:
355445	355951	+	2	1.324619	I:	D:
356002	356148	+	1	1.376398	I:	D:
356165	358837	+	2	1.323095	I:	D:
358911	359246	+	3	1.335414	I:	D:
359383	359607	+	1	1.379499	I:	D:
359896	361239	+	1	1.331639	I:	D:
361295	361450	+	2	1.287092	I:	D:
361457	362878	+	2	1.316311	I:	D:
363071	363418	+	2	1.341932	I:	D:
363432	364019	+	3	1.330205	I:	D:
364012	364734	+	1	1.324534	I:	D:
364845	364985	+	3	1.338529	I:	D:
365064	365699	+	3	1.329148	I:	D:
365680	366252	+	1	1.338010	I:	D:
366268	366717	+	1	1.336064	I:	D:
366734	366994	-	2	1.392551	I:	D:
367121	367924	+	2	1.317981	I:	D:
368009	369430	+	2	1.327361	I:	D:
369522	370664	+	3	1.325377	I:	D:
370744	371955	+	1	1.314466	I:	D:
371945	372379	+	2	1.293268	I:	D:
372727	373950	+	1	1.322902	I:	D:
374055	374489	+	3	1.316315	I:	D:
>YB3_13059
257	1663	+	2	1.326633	I:	D:
1853	3118	-	2	1.321020	I:	D:
3216	3392	+	3	1.374143	I:	D:
3445	4899	+	1	1.314845	I:	D:
4952	5110	+	2	1.358540	I:	D:
5131	6462	+	1	1.311228	I:	D:
6462	7094	+	3	1.322720	I:	D:
7353	8363	+	3	1.315576	I:	D:
8686	9879	+	1	1.312991	I:	D:
10170	11051	+	3	1.314993	I:	D:
11125	12228	+	1	1.308743	I:	D:
12232	12990	+	1	1.307852	I:	D:
13004	13714	+	2	1.314588	I:	D:
13743	15284	+	3	1.323440	I:	D:
15493	17100	+	1	1.320384	I:	D:
17134	17607	+	1	1.331185	I:	D:
17860	18702	+	1	1.333647	I:	D:
18884	21526	+	2	1.317985	I:	D:
21664	21840	+	1	1.353069	I:	D:
21866	23815	+	2	1.349229	I:	D:
23878	24150	+	1	1.335718	I:	D:
24160	25449	+	1	1.359214	I:	D:
25424	26458	+	2	1.319947	I:	D:
26455	26952	+	1	1.318478	I:	D:
27035	28159	+	2	1.335270	I:	D:
28140	29951	+	3	1.325175	I:	D:
30027	30404	+	3	1.336748	I:	D:
30489	31733	+	3	1.340542	I:	D:
31730	33370	+	2	1.331553	I:	D:
33461	33688	+	2	1.327352	I:	D:
33705	34283	+	3	1.333571	I:	D:
34522	36006	+	1	1.329641	I:	D:
36020	37297	+	2	1.326607	I:	D:
37385	40042	+	2	1.309750	I:	D:
40075	42171	+	1	1.321425	I:	D:
42196	43179	+	1	1.309160	I:	D:
43281	44579	+	3	1.314585	I:	D:
44715	44969	+	3	1.326141	I:	D:
45037	45783	+	1	1.345200	I:	D:
45780	46634	+	3	1.311357	I:	D:
46615	47133	+	1	1.332114	I:	D:
47126	50026	+	2	1.322166	I:	D:
50041	50706	+	1	1.321596	I:	D:
50791	51582	+	1	1.343394	I:	D:
51594	51893	+	3	1.358701	I:	D:
51922	52998	+	1	1.329704	I:	D:
53081	53476	+	2	1.310204	I:	D:
53473	54450	+	1	1.310332	I:	D:
54538	54957	+	1	1.323047	I:	D:
55368	56609	+	3	1.351231	I:	D:
56612	57673	+	2	1.318662	I:	D:
57698	59359	+	2	1.321553	I:	D:
59364	59591	-	3	1.347757	I:	D:
59554	60474	+	1	1.323811	I:	D:
60483	61493	+	3	1.326804	I:	D:
61507	62598	+	1	1.324051	I:	D:
62582	63556	+	2	1.329611	I:	D:
63570	63722	+	3	1.385506	I:	D:
63889	65070	+	1	1.320404	I:	D:
65116	65679	+	1	1.326883	I:	D:
65869	67272	+	1	1.317664	I:	D:
67314	68012	+	3	1.314582	I:	D:
68017	68526	+	1	1.324250	I:	D:
68676	69434	+	3	1.335570	I:	D:
69456	70565	+	3	1.299909	I:	D:
70588	71112	+	1	1.313156	I:	D:
71109	72032	+	3	1.328569	I:	D:
72194	72841	+	2	1.317102	I:	D:
72986	74842	+	2	1.347176	I:	D:
75176	76015	+	2	1.336487	I:	D:
76017	77072	+	3	1.327620	I:	D:
77333	77695	-	2	1.327656	I:	D:
77820	77948	-	3	1.362253	I:	D:
77973	78263	-	3	1.358809	I:	D:
78436	78720	-	1	1.355321	I:	D:
79260	79583	-	3	1.341590	I:	D:
>YB3_13382
1	225	+	1	1.399733	I:	D:
323	1288	+	2	1.339502	I:	D:
1297	2151	+	1	1.331080	I:	D:
2197	2427	+	1	1.317726	I:	D:
2498	2689	+	2	1.313810	I:	D:
2759	4753	+	2	1.357337	I:	D:
4980	5183	+	3	1.382952	I:	D:
5423	5719	+	2	1.392227	I:	D:
5775	6278	-	3	1.365407	I:	D:
6565	7515	+	1	1.322208	I:	D:
7702	8616	-	1	1.341149	I:	D:
8636	9931	-	2	1.341599	I:	D:
10140	11714	+	3	1.375216	I:	D:
11833	12765	+	1	1.320110	I:	D:
12998	13930	+	2	1.333412	I:	D:
13971	15386	+	3	1.314174	I:	D:
15502	15636	-	1	1.307025	I:	D:
15836	17032	-	2	1.342427	I:	D:
17114	17518	-	2	1.360261	I:	D:
18201	18866	-	3	1.337001	I:	D:
18877	19518	-	1	1.360784	I:	D:
19535	20125	-	2	1.344253	I:	D:
20126	20467	-	2	1.345412	I:	D:
20460	20807	-	3	1.350076	I:	D:
20804	21004	-	2	1.320347	I:	D:
21045	21278	-	3	1.363187	I:	D:
21308	22663	-	2	1.360147	I:	D:
22670	23575	-	2	1.355320	I:	D:
23595	23882	-	3	1.329230	I:	D:
23893	24054	-	1	1.356965	I:	D:
24056	24304	-	2	1.321966	I:	D:
24343	24477	+	1	1.384488	I:	D:
24518	24787	-	2	1.292701	I:	D:
24803	24997	-	2	1.367443	I:	D:
25134	25334	+	3	1.369736	I:	D:
25449	25862	-	3	1.345303	I:	D:
25881	26585	-	3	1.361826	I:	D:
26589	26903	-	3	1.345719	I:	D:
26913	27305	-	3	1.331150	I:	D:
27318	28067	-	3	1.314571	I:	D:
28068	29993	-	3	1.298466	I:	D:
29996	30166	-	2	1.355321	I:	D:
30263	30445	-	2	1.351461	I:	D:
30727	31800	-	1	1.333338	I:	D:
32024	32344	-	2	1.360750	I:	D:
32282	32656	+	2	1.322622	I:	D:
32713	32946	+	1	1.351317	I:	D:
33089	33907	-	2	1.327481	I:	D:
33913	34101	-	1	1.319202	I:	D:
34318	34656	+	1	1.333431	I:	D:
34659	34856	+	3	1.338982	I:	D:
34861	35046	+	1	1.375134	I:	D:
35059	35238	+	1	1.317606	I:	D:
35448	35621	-	3	1.297328	I:	D:
35753	35893	-	2	1.286544	I:	D:
35960	36100	+	2	1.349427	I:	D:
36334	36579	-	1	1.361926	I:	D:
36912	37871	-	3	1.352233	I:	D:
37885	38313	-	1	1.358367	I:	D:
38315	38776	-	2	1.337124	I:	D:
38591	38770	+	2	1.343758	I:	D:
38776	39168	-	1	1.321938	I:	D:
39162	39515	+	3	1.385643	I:	D:
39534	40070	-	3	1.360299	I:	D:
40073	42289	-	2	1.329173	I:	D:
42296	42709	-	2	1.354211	I:	D:
43263	43877	-	3	1.342199	I:	D:
44130	44432	-	3	1.334341	I:	D:
44413	49728	-	1	1.320941	I:	D:
49813	50595	-	1	1.346620	I:	D:
50606	50941	-	2	1.350058	I:	D:
50986	51414	-	1	1.295573	I:	D:
51537	52034	-	3	1.329111	I:	D:
52094	52507	-	2	1.325623	I:	D:
52504	53058	-	1	1.330505	I:	D:
53058	53483	-	3	1.302493	I:	D:
53504	53767	-	2	1.301445	I:	D:
53767	54072	-	1	1.314739	I:	D:
54200	54562	-	2	1.338768	I:	D:
54576	54842	-	3	1.318006	I:	D:
54859	55956	-	1	1.342213	I:	D:
55971	56318	-	3	1.345473	I:	D:
56331	56903	-	3	1.262103	I:	D:
57006	57632	-	3	1.336806	I:	D:
57647	59122	-	2	1.312041	I:	D:
59488	59904	-	1	1.311128	I:	D:
59901	61634	-	3	1.344540	I:	D:
61669	61833	-	1	1.344935	I:	D:
61856	62080	-	2	1.326923	I:	D:
62117	62404	+	2	1.376594	I:	D:
62615	62815	-	2	1.315340	I:	D:
62986	63327	-	1	1.330674	I:	D:
63618	64316	-	3	1.364469	I:	D:
64436	64630	-	2	1.302794	I:	D:
64633	64854	+	1	1.375198	I:	D:
64889	65200	+	2	1.368640	I:	D:
65566	65763	+	1	1.332367	I:	D:
65862	66047	+	3	1.298655	I:	D:
66463	66675	-	1	1.300336	I:	D:
67004	67282	+	2	1.317168	I:	D:
67474	67833	+	1	1.340457	I:	D:
67935	68111	+	3	1.310307	I:	D:
68370	68636	+	3	1.374428	I:	D:
68640	69422	-	3	1.336644	I:	D:
69484	69735	-	1	1.321955	I:	D:
69861	70094	-	3	1.342159	I:	D:
70457	71104	-	2	1.332363	I:	D:
71233	71862	-	1	1.321178	I:	D:
71868	72305	-	3	1.358410	I:	D:
72401	73207	-	2	1.336065	I:	D:
73262	73468	-	2	1.330943	I:	D:
73465	73989	-	1	1.350977	I:	D:
73967	74116	-	2	1.310297	I:	D:
74350	75267	-	1	1.334398	I:	D:
75440	77401	-	2	1.322347	I:	D:
77514	78380	-	3	1.344868	I:	D:
78553	79878	-	1	1.353501	I:	D:
79887	80399	-	3	1.357423	I:	D:
80689	81900	+	1	1.335588	I:	D:
82120	83145	-	1	1.321997	I:	D:
83316	84101	-	3	1.317037	I:	D:
84369	85268	+	3	1.330975	I:	D:
85345	85947	-	1	1.352260	I:	D:
86055	86717	-	3	1.314754	I:	D:
86822	87577	-	2	1.327741	I:	D:
87599	88474	-	2	1.312226	I:	D:
88464	89447	-	3	1.330101	I:	D:
89600	90517	-	2	1.313727	I:	D:
90841	92064	-	1	1.313332	I:	D:
92473	96003	-	1	1.329967	I:	D:
96000	96629	-	3	1.314125	I:	D:
96869	98137	-	2	1.306761	I:	D:
98350	99678	-	1	1.324548	I:	D:
99685	100593	-	1	1.318724	I:	D:
100583	101266	-	2	1.328305	I:	D:
101346	102434	-	3	1.319560	I:	D:
102728	103102	-	2	1.314893	I:	D:
103124	104008	-	2	1.309675	I:	D:
104092	104808	-	1	1.340637	I:	D:
104904	105047	+	3	1.311182	I:	D:
105346	105846	-	1	1.327765	I:	D:
105937	107955	-	1	1.333884	I:	D:
108050	108226	+	2	1.352104	I:	D:
108244	109056	+	1	1.329033	I:	D:
109072	109578	-	1	1.337927	I:	D:
109757	111139	+	2	1.335413	I:	D:
111339	112502	-	3	1.307442	I:	D:
112643	113728	-	2	1.319766	I:	D:
113783	115465	-	2	1.309541	I:	D:
115488	115643	-	3	1.348972	I:	D:
115705	117483	-	1	1.334124	I:	D:
117489	118772	-	3	1.330649	I:	D:
118917	119192	-	3	1.301812	I:	D:
119210	120346	-	2	1.330633	I:	D:
120364	122526	-	1	1.313744	I:	D:
122546	123949	-	2	1.328178	I:	D:
124084	124314	+	1	1.396629	I:	D:
124376	124603	-	2	1.355438	I:	D:
124912	126249	-	1	1.318919	I:	D:
126532	126720	-	1	1.347439	I:	D:
126886	127728	+	1	1.315796	I:	D:
127905	128060	+	3	1.384643	I:	D:
128323	130026	+	1	1.341712	I:	D:
130137	131624	-	3	1.310389	I:	D:
131916	133523	-	3	1.319079	I:	D:
133733	134944	+	2	1.309786	I:	D:
135236	136150	-	2	1.341774	I:	D:
136179	137879	-	3	1.340944	I:	D:
137893	139314	-	1	1.334820	I:	D:
139336	141201	-	1	1.334739	I:	D:
141361	142359	-	1	1.337337	I:	D:
142366	144552	-	1	1.324971	I:	D:
144542	145516	-	2	1.323967	I:	D:
145768	146703	-	1	1.358635	I:	D:
146720	148651	-	2	1.321450	I:	D:
148680	148847	+	3	1.380704	I:	D:
149175	149981	+	3	1.346928	I:	D:
149978	150643	+	2	1.324234	I:	D:
150674	152284	+	2	1.331437	I:	D:
152313	152471	+	3	1.355009	I:	D:
152596	153975	+	1	1.308311	I:	D:
154200	154739	+	3	1.349511	I:	D:
154894	155049	-	1	1.304974	I:	D:
155312	156967	-	2	1.347416	I:	D:
157034	157210	+	2	1.364827	I:	D:
157379	157777	-	2	1.369321	I:	D:
157789	158973	-	1	1.346753	I:	D:
159180	159500	+	3	1.333348	I:	D:
159603	159890	+	3	1.321298	I:	D:
160037	160336	-	2	1.334374	I:	D:
160412	161893	-	2	1.320174	I:	D:
161993	163537	+	2	1.300110	I:	D:
163767	165443	+	3	1.320191	I:	D:
165647	167218	-	2	1.317027	I:	D:
167580	169178	-	3	1.294483	I:	D:
169809	171596	+	3	1.329891	I:	D:
171762	171890	+	3	1.343897	I:	D:
171921	173291	+	3	1.354047	I:	D:
173405	175522	-	2	1.320616	I:	D:
175626	176489	-	3	1.297611	I:	D:
176608	178101	-	1	1.308706	I:	D:
178111	178248	-	1	1.360492	I:	D:
178282	179793	-	1	1.330199	I:	D:
179831	180712	-	2	1.333595	I:	D:
180709	181821	-	1	1.339342	I:	D:
181800	183149	-	3	1.332466	I:	D:
183178	184101	-	1	1.338652	I:	D:
184079	185041	-	2	1.328774	I:	D:
185041	187578	-	1	1.346684	I:	D:
187693	188832	-	1	1.322616	I:	D:
188822	189526	-	2	1.313466	I:	D:
189685	191814	-	1	1.322445	I:	D:
191817	193382	-	3	1.332133	I:	D:
193384	194682	-	1	1.305235	I:	D:
194788	195912	-	1	1.316356	I:	D:
195916	196659	-	1	1.316889	I:	D:
196956	197399	-	3	1.326673	I:	D:
197371	197553	-	1	1.338420	I:	D:
197574	197888	-	3	1.322791	I:	D:
197976	198929	-	3	1.351893	I:	D:
199627	200571	+	1	1.313108	I:	D:
200692	201129	-	1	1.326245	I:	D:
201182	202324	-	2	1.349401	I:	D:
202353	203441	-	3	1.326821	I:	D:
203453	204922	-	2	1.339874	I:	D:
204940	205734	-	1	1.320493	I:	D:
205953	206234	-	3	1.328645	I:	D:
206323	206802	-	1	1.321014	I:	D:
207045	208259	-	3	1.316700	I:	D:
208273	209718	-	1	1.318806	I:	D:
209933	210244	-	2	1.339818	I:	D:
210515	211408	+	2	1.342406	I:	D:
211661	213202	+	2	1.339192	I:	D:
213274	215532	-	1	1.332028	I:	D:
215679	216272	-	3	1.336365	I:	D:
216273	216404	-	3	1.316058	I:	D:
216477	217232	-	3	1.338545	I:	D:
217253	217450	-	2	1.295090	I:	D:
217490	219700	-	2	1.315240	I:	D:
219716	220102	-	2	1.388326	I:	D:
220102	220554	-	1	1.370289	I:	D:
220568	222475	-	2	1.330302	I:	D:
222550	223827	-	1	1.335305	I:	D:
223916	224206	+	2	1.383861	I:	D:
224312	225022	-	2	1.350758	I:	D:
225009	225692	-	3	1.336737	I:	D:
225903	226823	-	3	1.309647	I:	D:
227661	228581	+	3	1.339492	I:	D:
228587	231034	+	2	1.330494	I:	D:
231282	232367	-	3	1.316662	I:	D:
232465	233757	-	1	1.334135	I:	D:
233779	234957	-	1	1.324413	I:	D:
234979	235176	-	1	1.363741	I:	D:
235566	236078	-	3	1.321324	I:	D:
236108	236611	-	2	1.308110	I:	D:
236615	237967	-	2	1.320989	I:	D:
238147	239001	-	1	1.312616	I:	D:
239001	240023	-	3	1.330634	I:	D:
240038	240931	-	2	1.319866	I:	D:
241109	241888	-	2	1.353989	I:	D:
241857	242345	-	3	1.335358	I:	D:
242377	243453	-	1	1.304140	I:	D:
243472	244470	-	1	1.338986	I:	D:
244503	245459	-	3	1.325297	I:	D:
245545	245781	+	1	1.310763	I:	D:
245782	245967	+	1	1.359891	I:	D:
246218	248029	-	2	1.337574	I:	D:
248295	249617	-	3	1.323747	I:	D:
249627	250367	-	3	1.338801	I:	D:
250569	251408	-	3	1.315232	I:	D:
251421	252095	-	3	1.331668	I:	D:
252261	252923	-	3	1.341037	I:	D:
253089	253460	-	3	1.293079	I:	D:
253565	254053	-	2	1.314194	I:	D:
254273	255040	-	2	1.329293	I:	D:
255156	256325	-	3	1.323157	I:	D:
256331	257242	-	2	1.347817	I:	D:
257464	257772	-	1	1.347108	I:	D:
257823	258227	-	3	1.339297	I:	D:
258313	258801	-	1	1.324554	I:	D:
258801	259550	-	3	1.322136	I:	D:
259574	259999	-	2	1.307188	I:	D:
259996	260493	-	1	1.330947	I:	D:
260587	262740	-	1	1.313640	I:	D:
262973	263353	+	2	1.342019	I:	D:
263447	264664	-	2	1.293630	I:	D:
264670	265113	-	1	1.308788	I:	D:
265318	266445	-	1	1.307799	I:	D:
266658	269270	-	3	1.312125	I:	D:
269386	269769	-	1	1.349658	I:	D:
269843	270055	+	2	1.353508	I:	D:
270136	270669	+	1	1.302314	I:	D:
270850	272517	-	1	1.314832	I:	D:
272642	273286	-	2	1.314142	I:	D:
273321	273464	+	3	1.352989	I:	D:
273542	275089	-	2	1.332217	I:	D:
275249	276157	-	2	1.340461	I:	D:
276379	276564	+	1	1.350732	I:	D:
276735	276935	-	3	1.333536	I:	D:
276999	277325	-	3	1.348321	I:	D:
277343	278767	-	2	1.343399	I:	D:
279025	279231	+	1	1.401685	I:	D:
279330	280385	-	3	1.310357	I:	D:
280415	281206	-	2	1.316170	I:	D:
281280	282431	-	3	1.325487	I:	D:
282562	283398	-	1	1.313229	I:	D:
283439	284215	-	2	1.309175	I:	D:
284317	285498	-	1	1.325225	I:	D:
286004	287347	+	2	1.322889	I:	D:
287512	289191	-	1	1.338291	I:	D:
289305	289460	+	3	1.347168	I:	D:
289478	291496	-	2	1.316678	I:	D:
291650	291868	-	2	1.289220	I:	D:
291997	292356	-	1	1.340274	I:	D:
292845	293042	-	3	1.343724	I:	D:
293060	294274	-	2	1.313615	I:	D:
294946	295212	+	1	1.300346	I:	D:
295479	295946	-	3	1.359407	I:	D:
296221	298302	-	1	1.353893	I:	D:
298310	299200	-	2	1.343914	I:	D:
299781	301463	-	3	1.329129	I:	D:
301494	301667	-	3	1.313657	I:	D:
301667	301885	-	2	1.302013	I:	D:
301918	302928	-	1	1.309791	I:	D:
303033	303668	-	3	1.335591	I:	D:
304109	304726	+	2	1.350613	I:	D:
304754	307597	-	2	1.325813	I:	D:
307657	307845	+	1	1.376620	I:	D:
307931	309301	+	2	1.324133	I:	D:
309495	310337	-	3	1.341049	I:	D:
310614	311258	-	3	1.315687	I:	D:
311289	312578	-	3	1.315715	I:	D:
312755	313018	+	2	1.361382	I:	D:
313037	314062	+	2	1.337484	I:	D:
314065	315324	-	1	1.340472	I:	D:
315394	316236	-	1	1.333636	I:	D:
316498	317595	-	1	1.330160	I:	D:
317614	317880	-	1	1.320805	I:	D:
318091	320094	-	1	1.305513	I:	D:
320304	320945	+	3	1.319202	I:	D:
320989	321855	-	1	1.326028	I:	D:
322110	322952	+	3	1.335303	I:	D:
322953	324521	+	3	1.323317	I:	D:
324772	325719	+	1	1.343760	I:	D:
325812	327194	-	3	1.330979	I:	D:
327341	328198	-	2	1.350989	I:	D:
328202	329182	-	2	1.325952	I:	D:
329427	330599	-	3	1.336252	I:	D:
330947	332299	-	2	1.320260	I:	D:
332601	333077	-	3	1.297198	I:	D:
333298	334029	-	1	1.308675	I:	D:
334044	334661	-	3	1.351308	I:	D:
334699	335355	-	1	1.326076	I:	D:
335359	336573	-	1	1.350790	I:	D:
336616	337002	-	1	1.335509	I:	D:
337175	337369	-	2	1.353960	I:	D:
337383	337904	-	3	1.341049	I:	D:
337895	338950	-	2	1.362841	I:	D:
339006	340391	-	3	1.331428	I:	D:
340485	340751	+	3	1.342166	I:	D:
340779	341258	-	3	1.316778	I:	D:
341255	342283	-	2	1.337926	I:	D:
342367	344343	-	1	1.352093	I:	D:
344435	345136	-	2	1.322973	I:	D:
345168	345947	-	3	1.334349	I:	D:
346033	346464	-	1	1.323382	I:	D:
346647	347420	-	3	1.316562	I:	D:
347576	348430	-	2	1.316135	I:	D:
348503	348877	-	2	1.345627	I:	D:
348877	349623	-	1	1.341180	I:	D:
349658	349966	-	2	1.316096	I:	D:
349972	351684	-	1	1.319193	I:	D:
351721	352308	-	1	1.370137	I:	D:
352262	352687	-	2	1.296895	I:	D:
353234	353398	+	2	1.354736	I:	D:
354103	354333	-	1	1.352910	I:	D:
>YB3_14560
1	1341	+	1	1.335018	I:	D:
1482	1925	-	3	1.280181	I:	D:
1976	2104	-	2	1.346211	I:	D:
2290	2676	+	1	1.314287	I:	D:
2654	4207	+	2	1.323706	I:	D:
4237	4563	+	1	1.313243	I:	D:
4550	5329	+	2	1.355142	I:	D:
5406	5732	+	3	1.343478	I:	D:
>YB3_15262
2	634	+	2	1.385043	I:	D:
1371	2774	-	3	1.342879	I:	D:
2771	3862	-	2	1.340891	I:	D:
3859	6033	-	1	1.333244	I:	D:
6037	7536	-	1	1.342453	I:	D:
7520	8197	-	2	1.331704	I:	D:
8209	8904	-	1	1.344907	I:	D:
9482	10177	+	2	1.313610	I:	D:
10170	11012	+	3	1.338802	I:	D:
11003	11746	+	2	1.335675	I:	D:
11772	12323	+	3	1.342296	I:	D:
12533	14782	-	2	1.344633	I:	D:
14966	15268	-	2	1.322967	I:	D:
15673	15807	+	1	1.302594	I:	D:
16247	17161	+	2	1.304067	I:	D:
17344	17961	+	1	1.315384	I:	D:
18142	19296	-	1	1.328781	I:	D:
19284	19979	-	3	1.324105	I:	D:
20251	20403	-	1	1.314080	I:	D:
20652	20840	+	3	1.339760	I:	D:
20896	21240	+	1	1.337530	I:	D:
21264	21776	+	3	1.316808	I:	D:
21805	21936	+	1	1.354550	I:	D:
22037	22348	+	2	1.346466	I:	D:
22562	23332	-	2	1.358421	I:	D:
23389	23583	-	1	1.288491	I:	D:
23608	24228	-	1	1.328510	I:	D:
24248	24793	-	2	1.310529	I:	D:
24793	26871	-	1	1.306469	I:	D:
26868	27032	-	3	1.261924	I:	D:
27025	29181	-	1	1.330925	I:	D:
29198	31375	-	2	1.323136	I:	D:
31389	32513	-	3	1.322487	I:	D:
32519	36028	-	2	1.314489	I:	D:
36025	36909	-	1	1.323061	I:	D:
36929	38638	-	2	1.351393	I:	D:
38635	38865	-	1	1.288757	I:	D:
39002	39253	-	2	1.377479	I:	D:
39615	39899	-	3	1.343649	I:	D:
39896	40378	-	2	1.328084	I:	D:
40454	40834	+	2	1.322873	I:	D:
41208	41396	-	3	1.357575	I:	D:
41726	42076	-	2	1.280381	I:	D:
42122	42703	-	2	1.313425	I:	D:
42703	43335	-	1	1.325520	I:	D:
43380	43676	-	3	1.298067	I:	D:
43751	45076	-	2	1.301049	I:	D:
45103	45393	-	1	1.337855	I:	D:
45397	45726	-	1	1.344273	I:	D:
45732	46040	-	3	1.306825	I:	D:
46180	47046	-	1	1.326037	I:	D:
47480	47911	-	2	1.341135	I:	D:
48025	49284	-	1	1.306666	I:	D:
49281	49826	-	3	1.342004	I:	D:
49875	50873	-	3	1.324825	I:	D:
50892	51461	-	3	1.318461	I:	D:
51519	52283	-	3	1.330997	I:	D:
52351	54393	-	1	1.330347	I:	D:
54395	55864	-	2	1.313408	I:	D:
55864	57390	-	1	1.327670	I:	D:
57570	57761	+	3	1.386685	I:	D:
58107	58367	-	3	1.345556	I:	D:
58553	59170	-	2	1.293637	I:	D:
59182	59685	-	1	1.318652	I:	D:
59706	60260	-	3	1.338809	I:	D:
60574	60783	+	1	1.278267	I:	D:
60939	61829	-	3	1.350208	I:	D:
61900	62286	-	1	1.353222	I:	D:
62302	62973	-	1	1.305254	I:	D:
62980	63855	-	1	1.308578	I:	D:
63880	64425	-	1	1.313700	I:	D:
64661	65008	-	2	1.355030	I:	D:
65163	65921	-	3	1.302916	I:	D:
65987	66568	-	2	1.300945	I:	D:
66641	66868	-	2	1.292884	I:	D:
66901	67140	-	1	1.335685	I:	D:
67222	68589	-	1	1.295322	I:	D:
68605	68946	-	1	1.302901	I:	D:
69068	70441	-	2	1.339187	I:	D:
70648	71730	+	1	1.317210	I:	D:
71901	73337	-	3	1.314959	I:	D:
73339	74829	-	1	1.326167	I:	D:
74856	75149	-	3	1.297834	I:	D:
75225	76556	-	3	1.312040	I:	D:
76606	76761	+	1	1.366455	I:	D:
76933	77337	+	1	1.370234	I:	D:
77466	79565	+	3	1.312180	I:	D:
79740	81164	+	3	1.331766	I:	D:
81409	82206	-	1	1.321225	I:	D:
82350	84419	-	3	1.326223	I:	D:
84429	85661	-	3	1.339122	I:	D:
85678	85827	+	1	1.337981	I:	D:
85940	87583	-	2	1.345717	I:	D:
88011	90323	-	3	1.325707	I:	D:
90320	90799	-	2	1.327412	I:	D:
90856	91719	-	1	1.319683	I:	D:
91856	92992	+	2	1.358486	I:	D:
93139	94536	-	1	1.311180	I:	D:
94682	95605	-	2	1.319711	I:	D:
95904	99440	-	3	1.330567	I:	D:
99787	101604	-	1	1.332965	I:	D:
101713	101880	-	1	1.335101	I:	D:
101936	102790	+	2	1.322321	I:	D:
102899	105325	-	2	1.329263	I:	D:
105351	105833	-	3	1.322885	I:	D:
106328	106585	+	2	1.285597	I:	D:
106771	107007	+	1	1.307166	I:	D:
107210	108382	-	2	1.321574	I:	D:
108352	108600	+	1	1.353415	I:	D:
108602	108895	-	2	1.318220	I:	D:
108927	109574	-	3	1.318538	I:	D:
109579	111192	-	1	1.323241	I:	D:
111341	112528	-	2	1.346495	I:	D:
112681	113697	-	1	1.333465	I:	D:
113721	114179	-	3	1.330230	I:	D:
114195	114980	-	3	1.328057	I:	D:
115052	115693	-	2	1.346102	I:	D:
115781	116923	-	2	1.324742	I:	D:
116999	117136	-	2	1.330204	I:	D:
117189	118565	-	3	1.324177	I:	D:
118580	119770	-	2	1.322239	I:	D:
119857	122865	-	1	1.319984	I:	D:
122885	124177	-	2	1.312811	I:	D:
124170	124370	-	3	1.359713	I:	D:
124489	125166	+	1	1.312750	I:	D:
125163	126230	+	3	1.322431	I:	D:
126499	126903	-	1	1.305669	I:	D:
126905	128017	-	2	1.338902	I:	D:
128125	128463	-	1	1.351987	I:	D:
128567	129820	-	2	1.327082	I:	D:
129822	130364	-	3	1.314780	I:	D:
130348	131691	-	1	1.319778	I:	D:
131966	132220	-	2	1.311766	I:	D:
132238	132858	-	1	1.321334	I:	D:
132967	133866	-	1	1.309873	I:	D:
133990	135732	+	1	1.318695	I:	D:
135842	137119	-	2	1.315374	I:	D:
137312	138148	-	2	1.336161	I:	D:
138400	139002	-	1	1.327132	I:	D:
139120	139779	-	1	1.321326	I:	D:
139776	140441	-	3	1.328197	I:	D:
140474	141367	-	2	1.316179	I:	D:
141393	143639	-	3	1.319659	I:	D:
143636	144382	-	2	1.330021	I:	D:
144379	145443	-	1	1.330127	I:	D:
145515	146846	-	3	1.335140	I:	D:
146839	147555	-	1	1.337289	I:	D:
147622	148566	-	1	1.315026	I:	D:
148616	149089	-	2	1.312984	I:	D:
149108	151324	-	2	1.343154	I:	D:
151486	152895	-	1	1.310819	I:	D:
152914	154377	-	1	1.316553	I:	D:
154420	157719	-	1	1.319887	I:	D:
157859	158710	-	2	1.323052	I:	D:
158990	160669	-	2	1.318953	I:	D:
160685	162364	-	2	1.321277	I:	D:
162744	163541	-	3	1.300799	I:	D:
163541	164458	-	2	1.330550	I:	D:
164589	165611	-	3	1.309050	I:	D:
165794	167194	-	2	1.315206	I:	D:
167202	167930	-	3	1.316893	I:	D:
167930	169603	-	2	1.322380	I:	D:
169770	170879	-	3	1.348493	I:	D:
170876	171442	-	2	1.337704	I:	D:
171482	174697	-	2	1.333868	I:	D:
174690	175427	-	3	1.325550	I:	D:
175403	176746	-	2	1.325678	I:	D:
176766	177539	-	3	1.328733	I:	D:
177563	178795	-	2	1.345783	I:	D:
179119	179352	-	1	1.298098	I:	D:
179481	180896	+	3	1.321903	I:	D:
180962	182146	-	2	1.318878	I:	D:
182347	183093	-	1	1.318042	I:	D:
183256	183477	+	1	1.378992	I:	D:
183632	184267	+	2	1.311660	I:	D:
184359	186473	-	3	1.319776	I:	D:
186610	187107	-	1	1.323637	I:	D:
187206	187406	+	3	1.381429	I:	D:
187480	190131	-	1	1.319815	I:	D:
190242	190544	-	3	1.351711	I:	D:
191084	192016	-	2	1.326717	I:	D:
192206	193087	-	2	1.309391	I:	D:
193199	193882	-	2	1.326248	I:	D:
193866	194879	-	3	1.333132	I:	D:
195012	195284	+	3	1.403361	I:	D:
195309	196400	-	3	1.331586	I:	D:
196671	197810	+	3	1.322476	I:	D:
197924	199342	-	2	1.342676	I:	D:
199349	199519	+	2	1.343061	I:	D:
199748	200734	-	2	1.330279	I:	D:
200916	202781	-	3	1.313080	I:	D:
202778	204529	-	2	1.324833	I:	D:
204566	207793	-	2	1.335027	I:	D:
207816	209585	-	3	1.308873	I:	D:
209618	210451	-	2	1.360497	I:	D:
210688	211245	-	1	1.335105	I:	D:
211484	212002	-	2	1.351624	I:	D:
211999	212547	-	1	1.359970	I:	D:
212608	212865	-	1	1.336088	I:	D:
212947	213870	-	1	1.310338	I:	D:
213876	215105	-	3	1.303476	I:	D:
215104	215586	+	1	1.382631	I:	D:
215622	216383	-	3	1.325085	I:	D:
216538	216678	+	1	1.376401	I:	D:
216724	217401	-	1	1.316376	I:	D:
217425	218690	-	3	1.316444	I:	D:
218728	219144	-	1	1.309886	I:	D:
219322	220830	-	1	1.306521	I:	D:
220883	221383	-	2	1.321550	I:	D:
221618	222799	-	2	1.333959	I:	D:
223099	226863	-	1	1.322520	I:	D:
227087	227725	-	2	1.337284	I:	D:
227732	228286	-	2	1.303187	I:	D:
228759	229070	-	3	1.334853	I:	D:
229098	229247	-	3	1.305612	I:	D:
229285	231942	-	1	1.342452	I:	D:
232070	232312	-	2	1.295043	I:	D:
233128	234657	-	1	1.345552	I:	D:
234693	235106	-	3	1.308355	I:	D:
235231	237678	-	1	1.307886	I:	D:
237707	238741	-	2	1.326706	I:	D:
238725	239291	-	3	1.330421	I:	D:
239365	239739	-	1	1.318452	I:	D:
240099	242480	-	3	1.349552	I:	D:
242605	245139	-	1	1.358366	I:	D:
245136	245294	-	3	1.339590	I:	D:
245361	245546	-	3	1.354742	I:	D:
245641	247134	-	1	1.311986	I:	D:
247290	247580	+	3	1.374505	I:	D:
247790	248146	-	2	1.334876	I:	D:
248178	248375	-	3	1.360780	I:	D:
248413	248907	-	1	1.303913	I:	D:
249411	249776	-	3	1.366844	I:	D:
249818	250018	+	2	1.357694	I:	D:
250081	252174	-	1	1.316645	I:	D:
252294	252479	+	3	1.380724	I:	D:
253029	255659	-	3	1.313693	I:	D:
255643	258084	-	1	1.324904	I:	D:
258120	259088	-	3	1.303140	I:	D:
259114	259833	-	1	1.321035	I:	D:
260157	260741	+	3	1.317313	I:	D:
260857	261324	-	1	1.342062	I:	D:
261160	262611	+	1	1.307247	I:	D:
262739	262933	+	2	1.363440	I:	D:
262963	263271	+	1	1.362347	I:	D:
263387	265684	-	2	1.322710	I:	D:
265753	266643	-	1	1.350539	I:	D:
266690	267739	-	2	1.323360	I:	D:
267856	268014	+	1	1.388493	I:	D:
268439	269530	-	2	1.326427	I:	D:
269779	271404	-	1	1.333774	I:	D:
271540	272262	-	1	1.332322	I:	D:
272355	274598	-	3	1.316545	I:	D:
274684	276693	-	1	1.319276	I:	D:
276662	276799	+	2	1.313621	I:	D:
277087	278070	-	1	1.331808	I:	D:
278248	278484	-	1	1.275915	I:	D:
278722	280101	+	1	1.323616	I:	D:
280208	281797	-	2	1.336267	I:	D:
281915	282739	-	2	1.342228	I:	D:
283241	283720	-	2	1.325946	I:	D:
283935	284792	-	3	1.330773	I:	D:
284985	286589	-	3	1.329076	I:	D:
286609	286824	+	1	1.345104	I:	D:
286875	287339	-	3	1.303351	I:	D:
287389	290043	-	1	1.318587	I:	D:
290216	290656	-	2	1.340537	I:	D:
290655	292418	+	3	1.325599	I:	D:
292426	293436	+	1	1.317197	I:	D:
293504	294232	-	2	1.352259	I:	D:
294319	295131	-	1	1.324602	I:	D:
295128	296348	-	3	1.339165	I:	D:
296376	299975	-	3	1.335868	I:	D:
300076	300495	+	1	1.354112	I:	D:
300541	305433	-	1	1.332304	I:	D:
305515	306057	-	1	1.316624	I:	D:
306198	306623	-	3	1.334396	I:	D:
306613	307476	-	1	1.329085	I:	D:
307480	308169	-	1	1.313266	I:	D:
308166	308795	-	3	1.331470	I:	D:
308808	309869	-	3	1.304839	I:	D:
309883	310662	-	1	1.363464	I:	D:
310778	311323	-	2	1.324375	I:	D:
>YB3_17266
101	685	+	2	1.331364	I:	D:
743	1015	-	2	1.382426	I:	D:
1127	1396	+	2	1.338017	I:	D:
1530	1706	+	3	1.332574	I:	D:
1796	3304	+	2	1.332029	I:	D:
3331	4176	-	1	1.328275	I:	D:
4189	5694	-	1	1.307751	I:	D:
>YB3_17594
178	1422	-	1	1.312950	I:	D:
1419	2108	-	3	1.328814	I:	D:
2301	3476	-	3	1.320053	I:	D:
3630	6836	-	3	1.315769	I:	D:
7380	7598	+	3	1.384289	I:	D:
7624	7839	-	1	1.346527	I:	D:
8252	8773	+	2	1.330288	I:	D:
9220	9414	+	1	1.317738	I:	D:
9605	9991	+	2	1.324445	I:	D:
9993	11789	+	3	1.338493	I:	D:
11886	12326	-	3	1.337893	I:	D:
12379	13605	-	1	1.330587	I:	D:
13622	14062	-	2	1.329257	I:	D:
14122	15387	-	1	1.327418	I:	D:
15392	15880	-	2	1.293332	I:	D:
15828	17963	-	3	1.330861	I:	D:
18188	18322	-	2	1.340048	I:	D:
18526	19239	-	1	1.329148	I:	D:
19261	19956	-	1	1.338400	I:	D:
20107	21513	-	1	1.333820	I:	D:
21546	22928	-	3	1.318400	I:	D:
23060	23692	-	2	1.321399	I:	D:
23863	24663	-	1	1.326010	I:	D:
24736	25536	-	1	1.319338	I:	D:
25583	26137	-	2	1.353588	I:	D:
26169	27488	-	3	1.335872	I:	D:
27709	28569	-	1	1.332202	I:	D:
29077	30018	+	1	1.345242	I:	D:
30032	31147	-	2	1.335739	I:	D:
31186	32376	-	1	1.334245	I:	D:
32516	33817	-	2	1.342072	I:	D:
33871	34134	-	1	1.331848	I:	D:
34178	35554	-	2	1.332680	I:	D:
35532	36467	-	3	1.336643	I:	D:
36506	37441	-	2	1.321945	I:	D:
37438	37953	-	1	1.357910	I:	D:
38271	38405	+	3	1.338390	I:	D:
38449	38925	+	1	1.338487	I:	D:
38966	39466	-	2	1.348707	I:	D:
39977	40240	+	2	1.323169	I:	D:
40401	41384	-	3	1.322763	I:	D:
41597	43957	-	2	1.329949	I:	D:
44572	44973	-	1	1.357181	I:	D:
44796	46025	-	3	1.334278	I:	D:
46022	46612	-	2	1.331875	I:	D:
46733	47488	-	2	1.356038	I:	D:
47515	48084	-	1	1.359233	I:	D:
48129	49304	-	3	1.325474	I:	D:
49288	49500	-	1	1.342328	I:	D:
49745	50599	+	2	1.340308	I:	D:
50665	51009	+	1	1.309228	I:	D:
51124	52035	-	1	1.337121	I:	D:
52248	53390	+	3	1.312420	I:	D:
53508	54356	+	3	1.324130	I:	D:
54707	55927	-	2	1.338466	I:	D:
56068	57147	-	1	1.330694	I:	D:
57147	57668	-	3	1.311631	I:	D:
57758	58945	-	2	1.325931	I:	D:
59202	59384	-	3	1.334352	I:	D:
59727	60665	+	3	1.323346	I:	D:
60885	61094	-	3	1.311323	I:	D:
61106	61489	-	2	1.298838	I:	D:
61720	62052	+	1	1.325123	I:	D:
62189	62749	-	2	1.310961	I:	D:
63014	63688	+	2	1.338877	I:	D:
63879	65189	-	3	1.364270	I:	D:
65202	66023	-	3	1.339005	I:	D:
66013	66867	-	1	1.369026	I:	D:
66931	67698	-	1	1.363209	I:	D:
67731	68507	-	3	1.343113	I:	D:
68528	69229	-	2	1.344160	I:	D:
69229	70005	-	1	1.348072	I:	D:
70009	70884	-	1	1.338292	I:	D:
70898	71773	-	2	1.334521	I:	D:
71790	72968	-	3	1.334718	I:	D:
73282	73494	+	1	1.368846	I:	D:
73688	73852	+	2	1.371532	I:	D:
74128	75378	+	1	1.348395	I:	D:
75505	75813	-	1	1.343103	I:	D:
75807	76709	-	3	1.361428	I:	D:
76714	77472	-	1	1.337256	I:	D:
77498	78142	-	2	1.368691	I:	D:
78458	79372	-	2	1.344454	I:	D:
79382	80401	-	2	1.327772	I:	D:
80420	81412	-	2	1.324597	I:	D:
81455	82729	-	2	1.334695	I:	D:
>YB3_17596
20	328	+	2	1.322744	I:	D:
341	643	+	2	1.310450	I:	D:
648	1343	+	3	1.336976	I:	D:
1355	2032	+	2	1.304999	I:	D:
2016	3515	+	3	1.340195	I:	D:
3519	5693	+	3	1.325140	I:	D:
5690	6781	+	2	1.331009	I:	D:
6778	8028	+	1	1.341831	I:	D:
8337	8693	-	3	1.335945	I:	D:
8777	8908	+	2	1.263520	I:	D:
>YB3_17914
200	766	+	2	1.340112	I:	D:
853	3183	-	1	1.345631	I:	D:
3302	5059	-	2	1.314618	I:	D:
5280	5732	-	3	1.309013	I:	D:
5750	5995	-	2	1.290616	I:	D:
6008	6280	-	2	1.316376	I:	D:
6410	6604	-	2	1.284990	I:	D:
6737	7387	-	2	1.311271	I:	D:
7401	8573	-	3	1.321762	I:	D:
9336	10301	+	3	1.327201	I:	D:
10316	10807	+	2	1.333847	I:	D:
10938	11234	+	3	1.341045	I:	D:
11242	11646	+	1	1.287262	I:	D:
11929	12348	+	1	1.275167	I:	D:
12384	13052	+	3	1.281195	I:	D:
13054	13677	+	1	1.289912	I:	D:
13640	14320	+	2	1.286580	I:	D:
14335	14832	+	1	1.305852	I:	D:
14945	15292	+	2	1.290429	I:	D:
15323	15853	+	2	1.282806	I:	D:
15892	16428	+	1	1.279097	I:	D:
16397	16933	+	2	1.328134	I:	D:
17368	18042	+	1	1.273246	I:	D:
18054	19211	+	3	1.281988	I:	D:
19261	19833	+	1	1.280229	I:	D:
19787	21094	+	2	1.300342	I:	D:
21151	21309	+	1	1.274859	I:	D:
21296	21574	+	2	1.346473	I:	D:
21575	22138	+	2	1.334873	I:	D:
22138	23958	+	1	1.340157	I:	D:
24079	24300	+	1	1.323216	I:	D:
24320	25192	+	2	1.353430	I:	D:
25215	25604	+	3	1.312630	I:	D:
25585	28026	+	1	1.338885	I:	D:
28010	28468	+	2	1.356568	I:	D:
28520	30763	+	2	1.340794	I:	D:
30772	31098	+	1	1.294289	I:	D:
31073	31807	+	2	1.292841	I:	D:
31880	33991	+	2	1.329131	I:	D:
34020	35069	+	3	1.300936	I:	D:
35152	37173	+	1	1.299602	I:	D:
37414	38304	+	1	1.333278	I:	D:
38308	38598	+	1	1.328001	I:	D:
38823	39137	+	3	1.283278	I:	D:
39253	39681	+	1	1.250628	I:	D:
39811	40089	-	1	1.366132	I:	D:
40094	40420	-	2	1.362233	I:	D:
40497	41276	-	3	1.363215	I:	D:
41263	41589	-	1	1.316924	I:	D:
41619	43172	-	3	1.329169	I:	D:
43150	43536	-	1	1.310130	I:	D:
43906	44259	+	1	1.321150	I:	D:
44415	44873	+	3	1.300189	I:	D:
44863	46182	+	1	1.304163	I:	D:
46316	46552	-	2	1.304345	I:	D:
46963	47589	+	1	1.277461	I:	D:
47728	48330	+	1	1.328090	I:	D:
48367	48738	+	1	1.314232	I:	D:
48756	49271	+	3	1.285286	I:	D:
>YB3_17977
43	342	+	1	1.408034	I:	D:
409	690	+	1	1.404768	I:	D:
1016	1186	+	2	1.330408	I:	D:
1519	1785	+	1	1.332528	I:	D:
1815	1949	-	3	1.336291	I:	D:
1988	2137	+	2	1.322119	I:	D:
2677	3081	+	1	1.332196	I:	D:
3269	4213	+	2	1.317920	I:	D:
4426	4923	+	1	1.261571	I:	D:
5205	5333	+	3	1.331121	I:	D:
5402	6325	-	2	1.284680	I:	D:
6358	7002	-	1	1.318184	I:	D:
7161	7349	+	3	1.275941	I:	D:
7361	8425	+	2	1.338814	I:	D:
8425	8790	+	1	1.327557	I:	D:
8896	9909	+	1	1.314414	I:	D:
9980	10213	+	2	1.332577	I:	D:
10360	10590	+	1	1.340438	I:	D:
10746	11546	+	3	1.271442	I:	D:
11717	12196	+	2	1.266789	I:	D:
12304	13257	+	1	1.320376	I:	D:
13709	14593	+	2	1.302062	I:	D:
14899	16002	-	1	1.347495	I:	D:
16337	16726	-	2	1.343665	I:	D:
16817	16993	+	2	1.342185	I:	D:
17083	17733	+	1	1.310510	I:	D:
17893	18030	+	1	1.314766	I:	D:
18067	18390	+	1	1.308049	I:	D:
18456	19961	+	3	1.288590	I:	D:
19951	21087	+	1	1.313075	I:	D:
21241	21489	+	1	1.296666	I:	D:
21510	22781	+	3	1.278703	I:	D:
22783	25932	+	1	1.297245	I:	D:
25986	26636	+	3	1.245450	I:	D:
26838	27254	+	3	1.378791	I:	D:
27248	27586	+	2	1.372129	I:	D:
27720	29396	+	3	1.351915	I:	D:
29856	30308	+	3	1.368187	I:	D:
30347	30559	-	2	1.272645	I:	D:
30775	32091	+	1	1.305033	I:	D:
32103	33308	+	3	1.324413	I:	D:
33394	34941	-	1	1.354896	I:	D:
35191	36135	+	1	1.317854	I:	D:
36156	37505	+	3	1.355150	I:	D:
37786	37923	+	1	1.308934	I:	D:
38115	38384	+	3	1.379257	I:	D:
38628	39119	+	3	1.318212	I:	D:
39877	40050	+	1	1.374986	I:	D:
40240	40383	+	1	1.369583	I:	D:
41318	41644	+	2	1.378482	I:	D:
41977	42123	+	1	1.349656	I:	D:
42639	42788	+	3	1.327666	I:	D:
42917	43108	+	2	1.349251	I:	D:
43136	43345	+	2	1.378367	I:	D:
43597	43725	+	1	1.344446	I:	D:
43765	43944	+	1	1.386942	I:	D:
43966	44484	+	1	1.371250	I:	D:
44566	44721	+	1	1.365902	I:	D:
44835	45170	+	3	1.263961	I:	D:
45198	45989	+	3	1.372347	I:	D:
46062	46190	+	3	1.223288	I:	D:
46309	46575	+	1	1.364474	I:	D:
47407	47619	+	1	1.310511	I:	D:
47720	48826	+	2	1.318375	I:	D:
48846	48998	+	3	1.342997	I:	D:
49569	49778	+	3	1.393820	I:	D:
>YB3_18023
3	179	+	3	1.400603	I:	D:
1177	1704	+	1	1.390258	I:	D:
2582	2773	+	2	1.358411	I:	D:
4772	5506	-	2	1.310086	I:	D:
5491	6315	-	1	1.341550	I:	D:
6436	8691	-	1	1.283293	I:	D:
8773	9372	-	1	1.324283	I:	D:
9376	9729	-	1	1.294491	I:	D:
9887	11506	-	2	1.332022	I:	D:
11524	12624	-	1	1.312877	I:	D:
12818	12997	+	2	1.353945	I:	D:
13430	14455	+	2	1.317728	I:	D:
14511	15011	-	3	1.294967	I:	D:
15217	16578	-	1	1.331109	I:	D:
16605	16820	+	3	1.385841	I:	D:
17075	19240	-	2	1.328099	I:	D:
19830	21683	-	3	1.306807	I:	D:
21696	22220	-	3	1.306994	I:	D:
22213	23628	-	1	1.335580	I:	D:
23881	25299	-	1	1.333407	I:	D:
25466	25816	-	2	1.321405	I:	D:
25818	26315	-	3	1.349377	I:	D:
26227	26511	-	1	1.329685	I:	D:
26597	33544	-	2	1.332017	I:	D:
33984	34652	-	3	1.325326	I:	D:
34691	34945	-	2	1.309311	I:	D:
35062	35337	-	1	1.310532	I:	D:
35562	35753	-	3	1.323201	I:	D:
35933	37261	+	2	1.320373	I:	D:
37686	38234	-	3	1.325572	I:	D:
38360	39748	-	2	1.312861	I:	D:
40703	41278	-	2	1.321513	I:	D:
41275	41817	-	1	1.310039	I:	D:
42046	43038	+	1	1.337192	I:	D:
43180	44676	-	1	1.318245	I:	D:
44832	45122	-	3	1.318804	I:	D:
45153	46274	-	3	1.337420	I:	D:
46271	47545	-	2	1.320839	I:	D:
47803	48777	-	1	1.349599	I:	D:
48916	50205	-	1	1.342666	I:	D:
50202	50702	-	3	1.340988	I:	D:
50726	51805	-	2	1.330693	I:	D:
51848	52711	-	2	1.345571	I:	D:
53023	54453	+	1	1.321767	I:	D:
54467	55651	+	2	1.321728	I:	D:
55657	57516	+	1	1.326185	I:	D:
57639	58925	-	3	1.327035	I:	D:
58930	59922	-	1	1.328098	I:	D:
59909	60973	-	2	1.336631	I:	D:
61522	62913	-	1	1.306652	I:	D:
63139	63648	-	1	1.319118	I:	D:
63679	63894	+	1	1.371774	I:	D:
64066	65289	+	1	1.321468	I:	D:
65489	65635	+	2	1.399900	I:	D:
65679	66443	-	3	1.314864	I:	D:
66450	67073	-	3	1.325315	I:	D:
66811	67257	+	1	1.344835	I:	D:
67283	67417	+	2	1.359881	I:	D:
67633	68868	+	1	1.309529	I:	D:
68978	69253	-	2	1.340110	I:	D:
69538	70689	-	1	1.323323	I:	D:
70954	71934	+	1	1.343664	I:	D:
72085	72987	-	1	1.330817	I:	D:
72984	74552	-	3	1.349430	I:	D:
74549	75352	-	2	1.354244	I:	D:
75349	76014	-	1	1.337969	I:	D:
76031	77152	-	2	1.319057	I:	D:
77211	77735	+	3	1.337067	I:	D:
77851	78291	+	1	1.292774	I:	D:
78445	78894	+	1	1.342805	I:	D:
78887	80245	+	2	1.324292	I:	D:
80563	81081	+	1	1.300466	I:	D:
81240	82427	+	3	1.324958	I:	D:
82568	82714	+	2	1.365538	I:	D:
82969	84831	+	1	1.319446	I:	D:
84945	85124	-	3	1.330001	I:	D:
84825	86579	+	3	1.330012	I:	D:
86696	87667	-	2	1.320110	I:	D:
87756	89231	-	3	1.331936	I:	D:
89268	90254	-	3	1.318918	I:	D:
90254	91762	-	2	1.320400	I:	D:
91862	92890	-	2	1.308496	I:	D:
93274	95271	+	1	1.323763	I:	D:
95356	97080	+	1	1.317613	I:	D:
97170	98168	-	3	1.314128	I:	D:
98314	99627	-	1	1.317509	I:	D:
99641	100504	-	2	1.309608	I:	D:
100716	101636	+	3	1.331257	I:	D:
101726	103036	-	2	1.330076	I:	D:
103036	104460	-	1	1.328560	I:	D:
104902	106110	-	1	1.307029	I:	D:
106232	107473	-	2	1.313512	I:	D:
107476	108135	-	1	1.345909	I:	D:
108224	111274	-	2	1.311896	I:	D:
111271	112404	-	1	1.312539	I:	D:
112438	112695	-	1	1.360497	I:	D:
112752	113303	-	3	1.318471	I:	D:
113459	115138	-	2	1.324327	I:	D:
115240	116520	-	1	1.331066	I:	D:
116716	117252	-	1	1.288505	I:	D:
117249	117935	-	3	1.346512	I:	D:
117948	118223	-	3	1.302500	I:	D:
118318	120024	-	1	1.306073	I:	D:
120389	121333	-	2	1.316390	I:	D:
121563	123548	-	3	1.315982	I:	D:
123595	124920	-	1	1.327210	I:	D:
124951	126261	-	1	1.332536	I:	D:
126453	127052	-	3	1.333104	I:	D:
127268	128362	-	2	1.301074	I:	D:
128408	128674	-	2	1.299617	I:	D:
128825	129628	-	2	1.338272	I:	D:
129707	130855	-	2	1.318343	I:	D:
130898	131722	-	2	1.305768	I:	D:
131712	132602	-	3	1.332293	I:	D:
132881	134248	-	2	1.311641	I:	D:
134295	134447	+	3	1.317434	I:	D:
134677	136026	-	1	1.306640	I:	D:
136153	137238	-	1	1.332026	I:	D:
137299	137469	-	1	1.330573	I:	D:
137568	138266	-	3	1.302302	I:	D:
138648	138896	+	3	1.322187	I:	D:
139086	139622	-	3	1.337541	I:	D:
139619	140464	-	2	1.331198	I:	D:
140640	141707	+	3	1.314504	I:	D:
141865	142365	-	1	1.324119	I:	D:
142376	142798	-	2	1.318421	I:	D:
143014	144636	-	1	1.350509	I:	D:
144650	145126	-	2	1.361189	I:	D:
145039	145602	-	1	1.368298	I:	D:
145648	146598	-	1	1.389482	I:	D:
146695	148629	-	1	1.322062	I:	D:
148626	148814	-	3	1.293729	I:	D:
148842	150065	-	3	1.336081	I:	D:
150072	150947	-	3	1.338115	I:	D:
150805	152013	-	1	1.321355	I:	D:
152134	153138	-	1	1.344221	I:	D:
153174	153749	-	3	1.353198	I:	D:
153746	153925	-	2	1.326645	I:	D:
153951	154100	-	3	1.330607	I:	D:
154280	154693	+	2	1.336106	I:	D:
154775	155017	+	2	1.330307	I:	D:
155041	156585	+	1	1.333277	I:	D:
156590	158536	+	2	1.317955	I:	D:
158830	160002	-	1	1.313429	I:	D:
160261	161406	-	1	1.322625	I:	D:
161786	162364	-	2	1.326033	I:	D:
162366	163241	-	3	1.310728	I:	D:
163606	164457	-	1	1.336380	I:	D:
164473	165204	-	1	1.319274	I:	D:
165194	166105	-	2	1.311231	I:	D:
166110	167099	-	3	1.332924	I:	D:
167360	167977	-	2	1.336031	I:	D:
168076	169668	-	1	1.338840	I:	D:
169761	170882	-	3	1.328521	I:	D:
171054	171185	+	3	1.345752	I:	D:
171354	171503	+	3	1.358232	I:	D:
172010	172201	+	2	1.394183	I:	D:
172445	172954	-	2	1.398020	I:	D:
173007	173150	+	3	1.385872	I:	D:
173369	173539	+	2	1.392238	I:	D:
173627	173839	+	2	1.406950	I:	D:
174244	174771	+	1	1.387157	I:	D:
175689	175880	+	3	1.363088	I:	D:
177459	177680	-	3	1.372254	I:	D:
177899	178831	+	2	1.347617	I:	D:
178813	179736	+	1	1.339271	I:	D:
179865	180512	-	3	1.341352	I:	D:
180582	181424	-	3	1.314939	I:	D:
181779	183611	-	3	1.328200	I:	D:
183786	185369	-	3	1.341629	I:	D:
185542	186555	+	1	1.324067	I:	D:
186851	189376	-	2	1.297370	I:	D:
189423	191336	-	3	1.318832	I:	D:
191359	192468	-	1	1.335874	I:	D:
192480	192686	-	3	1.285673	I:	D:
192743	193831	-	2	1.297590	I:	D:
193860	194057	+	3	1.360991	I:	D:
194147	195517	-	2	1.307137	I:	D:
196072	196251	+	1	1.362165	I:	D:
196387	196803	+	1	1.350208	I:	D:
196796	197008	+	2	1.373007	I:	D:
197028	198281	+	3	1.315161	I:	D:
198296	198964	+	2	1.327390	I:	D:
199115	199261	+	2	1.383045	I:	D:
199426	200805	+	1	1.320675	I:	D:
201164	203071	+	2	1.316434	I:	D:
203332	204099	+	1	1.315361	I:	D:
204194	204322	+	2	1.329265	I:	D:
204330	204773	-	3	1.390448	I:	D:
204783	205733	-	3	1.329983	I:	D:
205970	206188	+	2	1.344237	I:	D:
206319	206879	+	3	1.344996	I:	D:
207038	207808	+	2	1.325571	I:	D:
207885	209060	+	3	1.313640	I:	D:
209112	209615	+	3	1.323223	I:	D:
209690	210568	+	2	1.333228	I:	D:
211340	211954	+	2	1.349054	I:	D:
211980	212216	+	3	1.344971	I:	D:
212246	212503	+	2	1.365650	I:	D:
212768	212977	+	2	1.351318	I:	D:
212981	213436	+	2	1.319349	I:	D:
213436	214185	+	1	1.334358	I:	D:
214313	214720	+	2	1.375694	I:	D:
214713	215894	+	3	1.340720	I:	D:
215968	216210	+	1	1.363925	I:	D:
216220	216612	+	1	1.354656	I:	D:
216703	216861	+	1	1.337231	I:	D:
216942	217154	+	3	1.338090	I:	D:
217435	217749	+	1	1.315387	I:	D:
217824	219257	+	3	1.336292	I:	D:
219276	219947	+	3	1.325030	I:	D:
219947	220990	+	2	1.324729	I:	D:
221022	222083	+	3	1.355801	I:	D:
222204	222425	+	3	1.292663	I:	D:
222577	223809	+	1	1.329374	I:	D:
223935	224069	+	3	1.289597	I:	D:
224159	225799	+	2	1.324026	I:	D:
226108	226593	+	1	1.315675	I:	D:
226620	227456	+	3	1.341180	I:	D:
227592	228545	-	3	1.368840	I:	D:
228617	230425	-	2	1.331609	I:	D:
230915	232105	+	2	1.311602	I:	D:
232248	233582	-	3	1.319847	I:	D:
233596	233796	+	1	1.372793	I:	D:
233951	234934	+	2	1.332249	I:	D:
235092	237461	-	3	1.325914	I:	D:
237617	237778	+	2	1.355466	I:	D:
237902	238564	+	2	1.320536	I:	D:
238705	239784	-	1	1.340536	I:	D:
239813	240001	+	2	1.369829	I:	D:
240184	240819	+	1	1.334402	I:	D:
240865	241029	+	1	1.293492	I:	D:
241091	241408	+	2	1.319996	I:	D:
241432	241731	+	1	1.393656	I:	D:
242478	244667	+	3	1.320005	I:	D:
244715	245212	+	2	1.336957	I:	D:
245421	246395	+	3	1.345181	I:	D:
246591	246866	-	3	1.315299	I:	D:
247046	247963	-	2	1.346382	I:	D:
248413	250356	+	1	1.332507	I:	D:
250463	251398	+	2	1.309839	I:	D:
251410	252534	+	1	1.323782	I:	D:
252546	253625	+	3	1.323229	I:	D:
253622	254560	+	2	1.331435	I:	D:
254753	256441	+	2	1.324446	I:	D:
256509	256670	+	3	1.363936	I:	D:
256699	257406	+	1	1.327645	I:	D:
258161	258289	+	2	1.383184	I:	D:
258305	258745	+	2	1.330454	I:	D:
258765	261752	+	3	1.327821	I:	D:
262212	264536	+	3	1.336380	I:	D:
264536	264778	+	2	1.339477	I:	D:
264820	266349	+	1	1.347793	I:	D:
266379	268268	+	3	1.341549	I:	D:
268419	268820	+	3	1.327783	I:	D:
268832	270517	+	2	1.337440	I:	D:
270539	271558	+	2	1.310638	I:	D:
271628	272704	+	2	1.319225	I:	D:
272864	273013	+	2	1.340668	I:	D:
273095	273955	+	2	1.305689	I:	D:
274219	274998	+	1	1.315066	I:	D:
274995	276083	+	3	1.317601	I:	D:
276106	277095	+	1	1.323453	I:	D:
277070	277546	+	2	1.320353	I:	D:
277543	278523	+	1	1.323625	I:	D:
278650	279087	+	1	1.316906	I:	D:
279117	279605	+	3	1.347773	I:	D:
279782	280483	-	2	1.323305	I:	D:
280476	282458	-	3	1.336356	I:	D:
282508	282792	-	1	1.298910	I:	D:
282810	283457	-	3	1.310417	I:	D:
283471	284811	-	1	1.337138	I:	D:
284898	285050	+	3	1.318294	I:	D:
285238	286005	+	1	1.334198	I:	D:
286267	287439	+	1	1.321144	I:	D:
287433	288149	+	3	1.305280	I:	D:
288156	289370	+	3	1.321846	I:	D:
289429	290076	+	1	1.323671	I:	D:
290185	290802	+	1	1.316928	I:	D:
290848	291591	+	1	1.303133	I:	D:
291649	292443	+	1	1.306147	I:	D:
292475	292729	+	2	1.354241	I:	D:
292810	293496	+	1	1.322645	I:	D:
293753	294565	+	2	1.356087	I:	D:
294771	295214	+	3	1.342578	I:	D:
295314	295517	+	3	1.354523	I:	D:
295959	296516	-	3	1.352403	I:	D:
296966	297547	-	2	1.342326	I:	D:
297560	298501	-	2	1.325029	I:	D:
298982	299494	+	2	1.335904	I:	D:
299577	300938	+	3	1.310408	I:	D:
300942	301892	+	3	1.348404	I:	D:
301920	302708	+	3	1.333202	I:	D:
302718	303479	+	3	1.305873	I:	D:
303521	305395	+	2	1.330471	I:	D:
305470	308199	+	1	1.347870	I:	D:
308612	308950	+	2	1.361416	I:	D:
309181	310095	+	1	1.329460	I:	D:
310097	310447	+	2	1.330343	I:	D:
310507	311148	+	1	1.380752	I:	D:
311173	313644	+	1	1.341006	I:	D:
313661	314887	+	2	1.362356	I:	D:
314862	316088	+	3	1.359720	I:	D:
316217	317158	+	2	1.341275	I:	D:
317158	317925	+	1	1.342535	I:	D:
318191	319303	+	2	1.309185	I:	D:
319850	320947	-	2	1.322024	I:	D:
320975	323518	-	2	1.313136	I:	D:
323564	324259	-	2	1.300019	I:	D:
324656	325666	+	2	1.325927	I:	D:
325740	326030	+	3	1.289823	I:	D:
326030	326956	+	2	1.308123	I:	D:
326974	327906	+	1	1.313704	I:	D:
327900	328640	+	3	1.314724	I:	D:
328800	330044	+	3	1.312408	I:	D:
330076	330591	+	1	1.315361	I:	D:
330612	332504	+	3	1.322011	I:	D:
332566	333672	+	1	1.313620	I:	D:
333812	335686	-	2	1.315111	I:	D:
335763	335948	+	3	1.365504	I:	D:
335967	336608	+	3	1.337523	I:	D:
336773	337309	+	2	1.338443	I:	D:
337533	337994	+	3	1.343334	I:	D:
338100	338633	+	3	1.306130	I:	D:
338707	340551	-	1	1.324395	I:	D:
340774	342765	+	1	1.315022	I:	D:
342788	343555	+	2	1.320385	I:	D:
343625	344482	+	2	1.306685	I:	D:
344575	345375	-	1	1.301699	I:	D:
345369	346289	-	3	1.327138	I:	D:
346457	347518	-	2	1.297559	I:	D:
347545	347823	+	1	1.375035	I:	D:
347968	348138	+	1	1.287802	I:	D:
348326	348472	-	2	1.360800	I:	D:
348593	349915	-	2	1.362803	I:	D:
350052	350684	-	3	1.344971	I:	D:
350824	351765	+	1	1.323466	I:	D:
351972	352781	+	3	1.308319	I:	D:
352809	353054	-	3	1.394713	I:	D:
353075	353785	-	2	1.333720	I:	D:
353787	355052	-	3	1.324718	I:	D:
355348	356220	+	1	1.317698	I:	D:
356645	357586	+	2	1.301062	I:	D:
357923	358231	+	2	1.327036	I:	D:
358251	360266	+	3	1.323143	I:	D:
360269	360736	+	2	1.313684	I:	D:
360782	361375	+	2	1.295386	I:	D:
361403	362377	+	2	1.325376	I:	D:
362370	362690	+	3	1.307242	I:	D:
362715	364484	+	3	1.313926	I:	D:
364485	365858	+	3	1.309667	I:	D:
365972	366643	+	2	1.323371	I:	D:
366640	366795	+	1	1.383311	I:	D:
366976	368217	+	1	1.337351	I:	D:
368512	369432	+	1	1.316857	I:	D:
369628	370437	+	1	1.377572	I:	D:
370773	373253	+	3	1.320534	I:	D:
373544	374836	+	2	1.304376	I:	D:
375122	376342	+	2	1.302961	I:	D:
376491	378086	+	3	1.314541	I:	D:
378136	378825	+	1	1.305726	I:	D:
379021	379833	-	1	1.343212	I:	D:
379836	382265	-	3	1.320513	I:	D:
382551	384284	+	3	1.343294	I:	D:
384380	385357	-	2	1.315450	I:	D:
385606	387252	+	1	1.305407	I:	D:
387640	388959	-	1	1.308502	I:	D:
388995	389759	-	3	1.300338	I:	D:
390057	392579	+	3	1.322961	I:	D:
392601	393491	+	3	1.319331	I:	D:
393535	394098	+	1	1.335195	I:	D:
394245	394925	+	3	1.311335	I:	D:
394978	396579	+	1	1.320169	I:	D:
396764	396973	+	2	1.357431	I:	D:
397047	397319	+	3	1.323755	I:	D:
397612	399066	+	1	1.323641	I:	D:
399073	399588	+	1	1.322461	I:	D:
399967	400983	+	1	1.317528	I:	D:
400983	401480	+	3	1.354749	I:	D:
401477	403198	+	2	1.328411	I:	D:
403161	404039	+	3	1.317113	I:	D:
404150	404542	-	2	1.396072	I:	D:
404900	405847	-	2	1.332429	I:	D:
406096	406569	+	1	1.369836	I:	D:
406606	406770	+	1	1.366315	I:	D:
406831	407220	+	1	1.308583	I:	D:
407267	408175	+	2	1.346731	I:	D:
408223	408444	-	1	1.365020	I:	D:
408172	408549	+	1	1.306742	I:	D:
408639	409949	+	3	1.314970	I:	D:
409964	411463	+	2	1.317420	I:	D:
411678	413315	+	3	1.319485	I:	D:
413441	413803	-	2	1.329917	I:	D:
414036	415016	+	3	1.313726	I:	D:
415047	416243	+	3	1.318991	I:	D:
416246	417289	+	2	1.364059	I:	D:
417286	419154	+	1	1.312660	I:	D:
419443	421506	+	1	1.331288	I:	D:
421535	422716	+	2	1.322708	I:	D:
422822	423016	+	2	1.400874	I:	D:
423146	423757	+	2	1.308039	I:	D:
423939	424733	+	3	1.341207	I:	D:
424780	425646	-	1	1.330541	I:	D:
425756	425953	-	2	1.365201	I:	D:
426201	427589	+	3	1.324972	I:	D:
428013	428330	+	3	1.340640	I:	D:
428436	429071	+	3	1.339242	I:	D:
429101	429721	+	2	1.336054	I:	D:
429721	430020	+	1	1.313534	I:	D:
430230	431075	+	3	1.338693	I:	D:
431097	431375	+	3	1.352252	I:	D:
431406	431792	+	3	1.370074	I:	D:
431805	432461	+	3	1.323913	I:	D:
432461	432898	+	2	1.335562	I:	D:
433128	433382	+	3	1.366172	I:	D:
433410	433778	+	3	1.316901	I:	D:
433782	434096	+	3	1.308035	I:	D:
434120	434659	+	2	1.308807	I:	D:
434674	434859	+	1	1.356934	I:	D:
435061	435462	+	1	1.311981	I:	D:
435562	436104	+	1	1.328143	I:	D:
436122	436490	+	3	1.335674	I:	D:
436510	437019	+	1	1.312630	I:	D:
437035	437217	+	1	1.327566	I:	D:
437241	437681	+	3	1.341301	I:	D:
437683	438999	+	1	1.322915	I:	D:
439108	439752	+	1	1.322762	I:	D:
439756	440505	+	1	1.326441	I:	D:
440645	441031	+	2	1.357232	I:	D:
441033	441251	+	3	1.336188	I:	D:
441746	442114	+	2	1.353539	I:	D:
442190	442591	+	2	1.363812	I:	D:
442724	443203	+	2	1.340280	I:	D:
443306	444292	+	2	1.305896	I:	D:
444471	445007	+	3	1.315263	I:	D:
445398	446705	+	3	1.335778	I:	D:
446762	447004	+	2	1.364728	I:	D:
447082	447213	+	1	1.381703	I:	D:
447364	448230	+	1	1.324248	I:	D:
448438	449106	+	1	1.324224	I:	D:
449190	449318	-	3	1.343775	I:	D:
449493	450938	+	3	1.326784	I:	D:
451016	451477	+	2	1.322557	I:	D:
451577	452233	+	2	1.341460	I:	D:
452627	453625	+	2	1.327719	I:	D:
453696	454631	+	3	1.322323	I:	D:
454634	455497	+	2	1.315809	I:	D:
455494	456294	+	1	1.330723	I:	D:
456445	457347	+	1	1.343520	I:	D:
457518	459143	+	3	1.315122	I:	D:
459155	460096	+	2	1.346497	I:	D:
460096	460920	+	1	1.334940	I:	D:
460917	461771	+	3	1.335012	I:	D:
461759	462541	+	2	1.347336	I:	D:
462592	463593	+	1	1.345951	I:	D:
463750	464781	+	1	1.334669	I:	D:
464778	466211	+	3	1.339162	I:	D:
466273	467589	+	1	1.320236	I:	D:
467659	469029	+	1	1.317315	I:	D:
469383	470144	+	3	1.318302	I:	D:
470169	471392	+	3	1.320795	I:	D:
471469	471603	+	1	1.355694	I:	D:
471616	472344	+	1	1.314340	I:	D:
472347	473444	+	3	1.323842	I:	D:
473466	474290	+	3	1.311348	I:	D:
474694	475128	+	1	1.347122	I:	D:
475157	475546	+	2	1.343876	I:	D:
