>YB2_34
186	1040	-	3	1.368627	I:	D:
331	1863	+	1	1.256749	I:	D:
1867	3036	+	1	1.263350	I:	D:
3038	3955	+	2	1.254506	I:	D:
>YB2_265
141	710	-	3	1.294836	I:	D:
713	1369	-	2	1.290876	I:	D:
1416	1730	+	3	1.385293	I:	D:
2447	3913	+	2	1.266341	I:	D:
>YB2_288
110	1078	-	2	1.266365	I:	D:
1075	2265	-	1	1.288307	I:	D:
2453	2626	+	2	1.392366	I:	D:
2820	3815	-	3	1.280871	I:	D:
3837	4844	-	3	1.269485	I:	D:
5051	6286	-	2	1.273278	I:	D:
6430	7149	+	1	1.284311	I:	D:
7136	7483	+	2	1.292972	I:	D:
7874	8605	-	2	1.287183	I:	D:
8605	9096	-	1	1.283659	I:	D:
9307	10332	+	1	1.272889	I:	D:
10507	10866	-	1	1.332344	I:	D:
11010	12242	-	3	1.301665	I:	D:
12492	15413	+	3	1.278815	I:	D:
15584	16912	+	2	1.271330	I:	D:
16989	17252	+	3	1.378297	I:	D:
17242	18462	+	1	1.296063	I:	D:
18577	18738	+	1	1.371244	I:	D:
18745	19014	+	1	1.392447	I:	D:
19038	20054	-	3	1.269829	I:	D:
20056	20217	+	1	1.364586	I:	D:
20220	20525	+	3	1.359850	I:	D:
20539	21984	+	1	1.271205	I:	D:
22308	23384	+	3	1.281076	I:	D:
23920	27363	-	1	1.276833	I:	D:
27524	28543	+	2	1.287747	I:	D:
28741	28896	+	1	1.372065	I:	D:
28983	29576	-	3	1.277177	I:	D:
29607	29951	-	3	1.289985	I:	D:
29986	30720	-	1	1.265879	I:	D:
31076	33751	+	2	1.279243	I:	D:
33842	35620	-	2	1.355486	I:	D:
35923	36054	-	1	1.375003	I:	D:
36264	36896	-	3	1.348080	I:	D:
37165	37503	+	1	1.359920	I:	D:
37546	38103	+	1	1.334140	I:	D:
38084	38815	+	2	1.348831	I:	D:
38909	39292	+	2	1.352608	I:	D:
39483	40016	+	3	1.353035	I:	D:
40083	40595	-	3	1.364544	I:	D:
40834	42111	-	1	1.351506	I:	D:
42104	42802	-	2	1.347794	I:	D:
42927	45089	+	3	1.340219	I:	D:
45198	46172	+	3	1.327265	I:	D:
46162	47076	+	1	1.349308	I:	D:
47073	47924	+	3	1.344242	I:	D:
47932	49350	+	1	1.341447	I:	D:
49337	50344	+	2	1.374147	I:	D:
50417	51484	+	2	1.362449	I:	D:
51934	53499	+	1	1.345171	I:	D:
53569	53763	+	1	1.337993	I:	D:
53865	54506	+	3	1.376472	I:	D:
>YB2_350
1	135	+	1	1.286214	I:	D:
182	817	+	2	1.284625	I:	D:
916	1641	+	1	1.263628	I:	D:
1833	2864	+	3	1.255635	I:	D:
2977	3921	+	1	1.232252	I:	D:
3914	4711	+	2	1.220447	I:	D:
4820	5908	-	2	1.243155	I:	D:
6079	6999	-	1	1.262332	I:	D:
7107	9113	+	3	1.248911	I:	D:
9333	10679	+	3	1.224834	I:	D:
10758	11546	+	3	1.266523	I:	D:
11619	12593	-	3	1.232717	I:	D:
12610	13536	-	1	1.223739	I:	D:
13533	13916	-	3	1.258552	I:	D:
14069	14746	-	2	1.258462	I:	D:
14739	15539	-	3	1.217553	I:	D:
14775	15815	+	3	1.378525	I:	D:
15821	16399	+	2	1.262544	I:	D:
16396	16968	+	1	1.237257	I:	D:
16976	17203	-	2	1.234070	I:	D:
17482	18705	+	1	1.241401	I:	D:
18794	19603	+	2	1.263069	I:	D:
19812	20015	+	3	1.318360	I:	D:
20174	21148	+	2	1.233885	I:	D:
21152	22024	+	2	1.227540	I:	D:
22040	23476	+	2	1.245306	I:	D:
23487	24467	+	3	1.241835	I:	D:
24740	25786	+	2	1.230615	I:	D:
25791	26612	+	3	1.249349	I:	D:
26612	27454	+	2	1.259795	I:	D:
27470	28720	+	2	1.282220	I:	D:
28853	29599	+	2	1.298632	I:	D:
30035	30577	-	2	1.256798	I:	D:
30951	31514	-	3	1.267405	I:	D:
31593	32762	-	3	1.248669	I:	D:
32734	33072	-	1	1.278181	I:	D:
33154	34260	+	1	1.276180	I:	D:
34297	34518	+	1	1.293068	I:	D:
34525	35418	+	1	1.277395	I:	D:
35922	36917	+	3	1.247260	I:	D:
37011	37511	+	3	1.251414	I:	D:
37519	38049	+	1	1.274085	I:	D:
38137	39054	+	1	1.246502	I:	D:
39112	39276	+	1	1.368803	I:	D:
39292	40035	+	1	1.266355	I:	D:
40109	42484	+	2	1.232144	I:	D:
42850	43749	+	1	1.274921	I:	D:
43863	44438	-	3	1.284725	I:	D:
44641	45873	+	1	1.261475	I:	D:
46191	46952	+	3	1.265842	I:	D:
47563	48720	+	1	1.267152	I:	D:
49082	49987	+	2	1.246184	I:	D:
49962	51260	+	3	1.273495	I:	D:
51327	52922	+	3	1.260925	I:	D:
53002	54132	+	1	1.269072	I:	D:
54138	54311	+	3	1.376627	I:	D:
>YB2_609
205	1485	+	1	1.261991	I:	D:
1771	3132	+	1	1.258285	I:	D:
3378	4586	+	3	1.258936	I:	D:
4709	5479	+	2	1.247319	I:	D:
5889	7418	+	3	1.261736	I:	D:
7711	8331	+	1	1.295768	I:	D:
8428	10128	-	1	1.279693	I:	D:
10440	11561	+	3	1.270476	I:	D:
11597	11863	+	2	1.242553	I:	D:
11888	13072	+	2	1.252882	I:	D:
13239	14612	+	3	1.283057	I:	D:
14933	15703	+	2	1.254836	I:	D:
15700	16353	+	1	1.258701	I:	D:
16633	17256	+	1	1.284842	I:	D:
17434	18360	+	1	1.272270	I:	D:
18363	19151	+	3	1.269209	I:	D:
19148	19954	+	2	1.258815	I:	D:
20003	21121	+	2	1.289194	I:	D:
21118	22035	+	1	1.248787	I:	D:
22072	23289	+	1	1.280128	I:	D:
23429	25138	+	2	1.264878	I:	D:
25135	26364	+	1	1.260580	I:	D:
26437	27102	+	1	1.245809	I:	D:
27318	27938	+	3	1.257844	I:	D:
27963	29885	+	3	1.308219	I:	D:
30018	30467	+	3	1.258858	I:	D:
30529	30687	+	1	1.259208	I:	D:
30684	31340	+	3	1.273963	I:	D:
31482	32810	-	3	1.232923	I:	D:
32872	33633	-	1	1.271427	I:	D:
33579	35042	-	3	1.266121	I:	D:
35094	36407	-	3	1.278183	I:	D:
36438	37370	-	3	1.260404	I:	D:
37398	38972	-	3	1.266831	I:	D:
39204	39470	+	3	1.367032	I:	D:
39592	40446	+	1	1.271276	I:	D:
40443	41498	+	3	1.284562	I:	D:
41510	42853	+	2	1.260083	I:	D:
43168	43608	+	1	1.341762	I:	D:
43817	45772	+	2	1.338303	I:	D:
45787	47628	+	1	1.255391	I:	D:
47632	48588	+	1	1.271446	I:	D:
48657	50189	+	3	1.270927	I:	D:
50263	51246	+	1	1.298188	I:	D:
51292	52425	+	1	1.276544	I:	D:
>YB2_879
418	1227	+	1	1.300890	I:	D:
1284	2432	-	3	1.290036	I:	D:
1227	2348	+	3	1.280553	I:	D:
2413	2823	+	1	1.316856	I:	D:
3013	3228	+	1	1.359909	I:	D:
3451	3609	+	1	1.384895	I:	D:
>YB2_929
110	2719	-	2	1.242426	I:	D:
2749	2880	+	1	1.359341	I:	D:
2919	3716	+	3	1.267220	I:	D:
>YB2_1003
388	903	-	1	1.251935	I:	D:
1045	1824	+	1	1.278281	I:	D:
2005	2262	+	1	1.273012	I:	D:
2408	3790	+	2	1.248979	I:	D:
>YB2_1129
77	466	-	2	1.282391	I:	D:
755	1132	-	2	1.264591	I:	D:
1129	2517	-	1	1.247875	I:	D:
2555	2944	-	2	1.253651	I:	D:
3067	3510	-	1	1.277542	I:	D:
3629	3757	+	2	1.320721	I:	D:
>YB2_1686
2	193	-	2	1.350128	I:	D:
692	1147	+	2	1.298490	I:	D:
1131	1907	+	3	1.273371	I:	D:
2006	2890	-	2	1.245276	I:	D:
3147	4670	+	3	1.264472	I:	D:
4874	6322	+	2	1.249693	I:	D:
6407	7045	-	2	1.249443	I:	D:
7328	7597	+	2	1.354224	I:	D:
7619	8305	+	2	1.273090	I:	D:
8398	8649	-	1	1.328073	I:	D:
8832	10046	+	3	1.282554	I:	D:
10258	11109	+	1	1.271433	I:	D:
11295	11663	-	3	1.367443	I:	D:
12205	14283	-	1	1.250784	I:	D:
14601	16958	-	3	1.262903	I:	D:
17170	17562	-	1	1.231688	I:	D:
17765	18649	+	2	1.244685	I:	D:
19007	19420	-	2	1.270094	I:	D:
19787	21343	+	2	1.272168	I:	D:
21509	21745	+	2	1.379092	I:	D:
22043	22387	+	2	1.312325	I:	D:
22384	23622	+	1	1.245422	I:	D:
23650	25011	+	1	1.246591	I:	D:
25001	25180	+	2	1.258002	I:	D:
25411	26280	+	1	1.241708	I:	D:
26497	26874	+	1	1.247232	I:	D:
26886	27107	-	3	1.297281	I:	D:
26874	27299	+	3	1.280540	I:	D:
27323	27781	+	2	1.241546	I:	D:
27792	28247	+	3	1.267449	I:	D:
28266	28901	+	3	1.291817	I:	D:
28907	29179	+	2	1.233538	I:	D:
29211	29486	+	3	1.280938	I:	D:
29614	30375	+	1	1.274672	I:	D:
30544	32514	+	1	1.260371	I:	D:
32721	33677	+	3	1.276464	I:	D:
33763	34554	+	1	1.250123	I:	D:
34615	34848	+	1	1.269763	I:	D:
34964	35857	+	2	1.275114	I:	D:
35874	36554	+	3	1.273822	I:	D:
36536	37909	+	2	1.297945	I:	D:
38311	38805	-	1	1.255677	I:	D:
38795	39145	-	2	1.282272	I:	D:
39292	39873	-	1	1.254974	I:	D:
39911	41221	-	2	1.278949	I:	D:
41636	43726	-	2	1.266497	I:	D:
44025	46343	-	3	1.251886	I:	D:
46607	48250	+	2	1.267119	I:	D:
>YB2_1795
164	1168	+	2	1.240073	I:	D:
1161	1868	+	3	1.243342	I:	D:
2328	3380	-	3	1.256177	I:	D:
>YB2_2584
288	728	-	3	1.276196	I:	D:
752	1510	-	2	1.255690	I:	D:
1503	2264	-	3	1.254837	I:	D:
2261	3211	-	2	1.267646	I:	D:
>YB2_2985
81	1751	-	3	1.301606	I:	D:
1931	2287	+	2	1.290248	I:	D:
2291	2926	+	2	1.303551	I:	D:
3085	3267	-	1	1.310830	I:	D:
>YB2_3213
178	1122	-	1	1.278305	I:	D:
1122	3095	-	3	1.276821	I:	D:
>YB2_3283
107	2866	-	2	1.290979	I:	D:
3002	3142	+	2	1.369162	I:	D:
>YB2_3286
364	633	+	1	1.301025	I:	D:
658	1074	+	1	1.293469	I:	D:
1071	1934	+	3	1.301209	I:	D:
1969	2208	+	1	1.266045	I:	D:
2246	2752	+	2	1.260023	I:	D:
2749	3282	+	1	1.296908	I:	D:
3325	4863	+	1	1.280129	I:	D:
4885	5748	+	1	1.291066	I:	D:
5902	7296	+	1	1.277368	I:	D:
7309	7722	+	1	1.289118	I:	D:
8209	8424	-	1	1.295072	I:	D:
8530	8685	+	1	1.300237	I:	D:
8782	8919	+	1	1.373493	I:	D:
9249	9878	+	3	1.320711	I:	D:
9871	10788	+	1	1.322361	I:	D:
10785	12602	+	3	1.349003	I:	D:
12592	13614	+	1	1.374310	I:	D:
13684	14058	-	1	1.319260	I:	D:
14068	15252	-	1	1.318107	I:	D:
15307	15543	-	1	1.385933	I:	D:
15572	16708	-	2	1.325450	I:	D:
16705	17031	-	1	1.295087	I:	D:
17003	18112	-	2	1.312574	I:	D:
18115	18309	-	1	1.323833	I:	D:
18327	18536	+	3	1.390587	I:	D:
18598	19128	+	1	1.307067	I:	D:
19284	20828	-	3	1.288180	I:	D:
21112	22713	-	1	1.312592	I:	D:
22762	23517	-	1	1.311154	I:	D:
23517	24266	-	3	1.316997	I:	D:
24263	24961	-	2	1.301115	I:	D:
25290	25487	+	3	1.376709	I:	D:
25573	25806	-	1	1.337894	I:	D:
25967	28264	+	2	1.307901	I:	D:
28261	29067	+	1	1.318931	I:	D:
29149	30201	+	1	1.293574	I:	D:
30370	32985	+	1	1.283487	I:	D:
33021	33803	+	3	1.291753	I:	D:
33796	34473	+	1	1.300179	I:	D:
34526	35362	+	2	1.307263	I:	D:
35417	36721	+	2	1.285343	I:	D:
36761	37987	+	2	1.295949	I:	D:
38113	38346	-	1	1.378711	I:	D:
38519	39937	+	2	1.294140	I:	D:
39962	41383	+	2	1.274802	I:	D:
41434	42264	+	1	1.287280	I:	D:
42297	42617	+	3	1.332858	I:	D:
>YB2_3357
211	447	+	1	1.352951	I:	D:
742	942	+	1	1.350876	I:	D:
1006	2847	+	1	1.263696	I:	D:
3028	3180	+	1	1.363536	I:	D:
>YB2_3806
2	235	+	2	1.393567	I:	D:
416	736	+	2	1.298425	I:	D:
887	1765	-	2	1.297543	I:	D:
1785	2966	-	3	1.271000	I:	D:
>YB2_3828
200	1597	+	2	1.260074	I:	D:
1594	2322	+	1	1.300102	I:	D:
2337	3674	+	3	1.298386	I:	D:
4105	5397	+	1	1.268048	I:	D:
5419	6360	+	1	1.259833	I:	D:
6370	7158	+	1	1.268665	I:	D:
7164	7379	-	3	1.358949	I:	D:
8104	8514	+	1	1.284247	I:	D:
8564	9499	-	2	1.263634	I:	D:
9987	10583	+	3	1.277171	I:	D:
10603	11613	+	1	1.273911	I:	D:
11717	13009	+	2	1.270359	I:	D:
13229	14722	-	2	1.264902	I:	D:
15058	15426	-	1	1.275929	I:	D:
15423	16682	-	3	1.274048	I:	D:
16675	18168	-	1	1.274749	I:	D:
18798	18944	+	3	1.365622	I:	D:
19182	21056	-	3	1.270588	I:	D:
21205	22434	-	1	1.273575	I:	D:
22710	24539	+	3	1.265967	I:	D:
24552	26051	+	3	1.247143	I:	D:
26198	27454	+	2	1.272081	I:	D:
27553	28323	-	1	1.264687	I:	D:
28464	29123	+	3	1.280097	I:	D:
29131	29313	-	1	1.328555	I:	D:
29397	30584	-	3	1.264637	I:	D:
30750	31967	+	3	1.250283	I:	D:
32420	33085	-	2	1.292892	I:	D:
33082	33591	-	1	1.248840	I:	D:
33775	34413	-	1	1.286610	I:	D:
34653	35552	+	3	1.264463	I:	D:
35556	36530	+	3	1.256859	I:	D:
36777	39257	-	3	1.251589	I:	D:
39828	40265	+	3	1.321638	I:	D:
40268	40468	+	2	1.289054	I:	D:
40489	41028	+	1	1.281985	I:	D:
>YB2_3874
58	369	-	1	1.387182	I:	D:
370	1227	-	1	1.268981	I:	D:
1255	2250	-	1	1.266163	I:	D:
2386	2997	+	1	1.269392	I:	D:
>YB2_4031
130	978	-	1	1.278710	I:	D:
1470	1685	+	3	1.351111	I:	D:
1756	2901	-	1	1.242749	I:	D:
>YB2_5784
2	829	+	2	1.234580	I:	D:
1024	1341	-	1	1.253108	I:	D:
1477	2481	+	1	1.248423	I:	D:
>YB2_5807
150	1541	-	3	1.267500	I:	D:
1580	2221	-	2	1.287691	I:	D:
2196	2819	-	3	1.265884	I:	D:
2821	3840	-	1	1.265281	I:	D:
3872	4948	-	2	1.262896	I:	D:
4982	5482	+	2	1.354519	I:	D:
5380	5688	+	1	1.376878	I:	D:
5705	6613	+	2	1.296354	I:	D:
6735	7313	+	3	1.284304	I:	D:
7500	8219	-	3	1.241418	I:	D:
8219	8983	-	2	1.249675	I:	D:
8984	10090	-	2	1.264611	I:	D:
10101	10982	-	3	1.270031	I:	D:
11284	12504	-	1	1.283800	I:	D:
12819	13403	+	3	1.273027	I:	D:
13477	13674	+	1	1.363332	I:	D:
14056	14592	-	1	1.286314	I:	D:
14951	15163	+	2	1.354856	I:	D:
15186	16112	-	3	1.320418	I:	D:
16273	16656	-	1	1.285949	I:	D:
16556	16933	+	2	1.348378	I:	D:
16977	17900	-	3	1.275872	I:	D:
17950	18675	-	1	1.266849	I:	D:
18930	19904	-	3	1.276424	I:	D:
19948	20076	+	1	1.356267	I:	D:
20097	23645	-	3	1.281981	I:	D:
23715	24698	-	3	1.292510	I:	D:
24741	25604	-	3	1.282274	I:	D:
25677	26591	-	3	1.280240	I:	D:
26612	27565	-	2	1.273283	I:	D:
27562	28311	-	1	1.283648	I:	D:
28362	29297	-	3	1.257315	I:	D:
29578	30597	-	1	1.286480	I:	D:
30594	32069	-	3	1.283903	I:	D:
32080	34026	-	1	1.290090	I:	D:
34050	34892	-	3	1.291318	I:	D:
34889	35923	-	2	1.289920	I:	D:
>YB2_5830
1	252	+	1	1.401705	I:	D:
478	858	+	1	1.350390	I:	D:
953	1711	+	2	1.301763	I:	D:
1762	2586	+	1	1.294060	I:	D:
>YB2_5860
76	702	-	1	1.254325	I:	D:
724	1203	-	1	1.290964	I:	D:
1292	1555	-	2	1.259907	I:	D:
1952	2305	+	2	1.287108	I:	D:
2309	3478	+	2	1.276322	I:	D:
4002	5237	+	3	1.254792	I:	D:
5382	6563	-	3	1.271952	I:	D:
6508	6918	-	1	1.270025	I:	D:
7183	7677	+	1	1.260703	I:	D:
7701	8837	+	3	1.245251	I:	D:
8888	9199	+	2	1.266642	I:	D:
9260	9415	-	2	1.338640	I:	D:
9517	12048	+	1	1.246632	I:	D:
12112	12495	+	1	1.276821	I:	D:
12790	13779	+	1	1.248411	I:	D:
13932	14822	+	3	1.266527	I:	D:
14879	15820	+	2	1.268854	I:	D:
15820	16296	+	1	1.276066	I:	D:
16348	17625	+	1	1.260531	I:	D:
17622	18917	+	3	1.252911	I:	D:
18931	20058	+	1	1.250737	I:	D:
20106	20966	+	3	1.241006	I:	D:
21102	21413	+	3	1.258465	I:	D:
21428	21679	+	2	1.266537	I:	D:
22240	23526	+	1	1.253610	I:	D:
23535	23942	+	3	1.257032	I:	D:
24151	24315	-	1	1.292027	I:	D:
24425	25828	+	2	1.269922	I:	D:
26116	26853	+	1	1.248100	I:	D:
26952	28616	+	3	1.289275	I:	D:
28717	28875	+	1	1.381155	I:	D:
28962	29204	-	3	1.306024	I:	D:
29242	29727	-	1	1.299281	I:	D:
29777	30061	-	2	1.262543	I:	D:
30230	31822	-	2	1.255664	I:	D:
32010	32939	-	3	1.249398	I:	D:
32985	34031	-	3	1.296970	I:	D:
34399	35520	+	1	1.255237	I:	D:
>YB2_6052
2	184	+	2	1.337481	I:	D:
256	2274	+	1	1.262525	I:	D:
2544	2681	+	3	1.337122	I:	D:
>YB2_6222
2	157	+	2	1.358606	I:	D:
298	852	+	1	1.255808	I:	D:
984	1259	+	3	1.305491	I:	D:
2254	2526	+	1	1.374185	I:	D:
2849	2992	+	2	1.309681	I:	D:
3115	4302	+	1	1.277043	I:	D:
4357	5223	+	1	1.260313	I:	D:
5204	5986	+	2	1.262563	I:	D:
5986	6894	+	1	1.257350	I:	D:
7262	7858	+	2	1.285729	I:	D:
8093	9223	+	2	1.262866	I:	D:
9225	12464	+	3	1.262820	I:	D:
12781	13056	+	1	1.255615	I:	D:
14018	14608	+	2	1.266110	I:	D:
14900	16219	+	2	1.277241	I:	D:
16332	17876	+	3	1.250517	I:	D:
17876	18976	+	2	1.250897	I:	D:
18979	19968	+	1	1.265261	I:	D:
20182	20397	+	1	1.329422	I:	D:
20553	21866	+	3	1.269606	I:	D:
21882	22631	+	3	1.270951	I:	D:
22723	22917	+	1	1.368260	I:	D:
22842	23105	+	3	1.343543	I:	D:
23115	23795	+	3	1.310706	I:	D:
23795	24382	+	2	1.270673	I:	D:
24389	24940	+	2	1.274768	I:	D:
25104	26225	+	3	1.279441	I:	D:
26416	27774	+	1	1.259920	I:	D:
28223	29155	+	2	1.264508	I:	D:
29214	29687	+	3	1.264377	I:	D:
29802	30335	-	3	1.217403	I:	D:
30382	31908	-	1	1.268114	I:	D:
31927	32613	-	1	1.264314	I:	D:
32871	33716	+	3	1.270498	I:	D:
33795	34343	+	3	1.276274	I:	D:
34532	35209	-	2	1.283676	I:	D:
>YB2_6561
3	143	+	3	1.370028	I:	D:
230	820	+	2	1.274168	I:	D:
927	1643	+	3	1.283003	I:	D:
1660	2508	+	1	1.274716	I:	D:
>YB2_6811
2	181	+	2	1.371480	I:	D:
223	1620	-	1	1.276223	I:	D:
1733	1912	-	2	1.293778	I:	D:
>YB2_6842
90	329	-	3	1.370812	I:	D:
344	1054	-	2	1.317143	I:	D:
1112	1294	+	2	1.374160	I:	D:
1312	1503	+	1	1.346751	I:	D:
1558	2403	-	1	1.298856	I:	D:
>YB2_7202
1	807	-	1	1.256641	I:	D:
912	2297	-	3	1.247283	I:	D:
>YB2_7766
74	577	-	2	1.253418	I:	D:
718	2334	-	1	1.259394	I:	D:
>YB2_7806
68	445	+	2	1.392771	I:	D:
668	1447	+	2	1.275634	I:	D:
1685	3673	-	2	1.265555	I:	D:
3787	4968	-	1	1.262124	I:	D:
4991	5335	-	2	1.382569	I:	D:
5643	6488	-	3	1.270262	I:	D:
6540	7460	-	3	1.266094	I:	D:
7460	7798	-	2	1.255167	I:	D:
7940	8590	-	2	1.277854	I:	D:
9115	9825	-	1	1.277346	I:	D:
9865	10848	-	1	1.289393	I:	D:
10850	11395	-	2	1.256928	I:	D:
11983	15522	+	1	1.281346	I:	D:
15780	16007	+	3	1.377650	I:	D:
16055	18640	-	2	1.247029	I:	D:
18984	20954	-	3	1.251768	I:	D:
21133	21405	-	1	1.299399	I:	D:
21712	22806	-	1	1.280480	I:	D:
22806	23021	-	3	1.256995	I:	D:
23026	24135	-	1	1.261660	I:	D:
24619	25935	-	1	1.273023	I:	D:
26627	26761	+	2	1.273753	I:	D:
26789	26959	+	2	1.369965	I:	D:
27004	27396	+	1	1.274208	I:	D:
27393	27656	+	3	1.285999	I:	D:
27674	27886	-	2	1.368276	I:	D:
28249	29313	+	1	1.264973	I:	D:
29344	30456	+	1	1.256392	I:	D:
30554	30703	-	2	1.321818	I:	D:
30721	30885	-	1	1.296458	I:	D:
31344	32114	+	3	1.278688	I:	D:
>YB2_8026
80	2275	-	2	1.257030	I:	D:
>YB2_8058
223	1119	+	1	1.251623	I:	D:
1119	2252	+	3	1.239767	I:	D:
2276	3292	+	2	1.241685	I:	D:
3289	5250	+	1	1.232706	I:	D:
5254	6012	+	1	1.251210	I:	D:
6009	7013	+	3	1.245994	I:	D:
7003	7743	+	1	1.252540	I:	D:
7425	8474	+	3	1.242089	I:	D:
8471	9667	+	2	1.246714	I:	D:
9670	11028	+	1	1.244147	I:	D:
11154	12089	+	3	1.227308	I:	D:
12083	12616	+	2	1.245177	I:	D:
12613	13365	+	1	1.254868	I:	D:
13367	13684	+	2	1.253233	I:	D:
13678	14277	+	1	1.269505	I:	D:
14271	15233	+	3	1.217551	I:	D:
15255	16307	+	3	1.243379	I:	D:
16304	17812	+	2	1.223658	I:	D:
17809	18480	+	1	1.219179	I:	D:
18779	18928	+	2	1.357306	I:	D:
19063	21345	-	1	1.272511	I:	D:
21342	21812	-	3	1.278071	I:	D:
21812	22585	-	2	1.276105	I:	D:
22719	23810	+	3	1.238617	I:	D:
23803	24789	+	1	1.271016	I:	D:
24789	25571	+	3	1.285479	I:	D:
25582	25923	+	1	1.277004	I:	D:
25823	26968	+	2	1.278589	I:	D:
27029	27601	-	2	1.291714	I:	D:
28305	28523	-	3	1.359572	I:	D:
30295	31218	-	1	1.256449	I:	D:
31229	31549	-	2	1.249037	I:	D:
31562	31831	-	2	1.280094	I:	D:
>YB2_8182
217	1998	+	1	1.257189	I:	D:
>YB2_9194
328	1563	-	1	1.269532	I:	D:
>YB2_9364
160	576	-	1	1.281342	I:	D:
681	2126	-	3	1.272722	I:	D:
>YB2_9893
236	685	-	2	1.299343	I:	D:
886	2034	-	1	1.272008	I:	D:
>YB2_10185
222	1157	+	3	1.257389	I:	D:
1193	2170	+	2	1.272960	I:	D:
2204	3460	+	2	1.259034	I:	D:
3457	4125	+	1	1.224222	I:	D:
4827	5378	+	3	1.238222	I:	D:
5486	7216	+	2	1.249377	I:	D:
7206	8036	+	3	1.252178	I:	D:
8105	8314	+	2	1.393054	I:	D:
8373	9431	-	3	1.273831	I:	D:
9453	10094	-	3	1.247710	I:	D:
10142	11320	-	2	1.232184	I:	D:
11369	11995	-	2	1.241467	I:	D:
12143	12667	-	2	1.283584	I:	D:
12664	13467	-	1	1.254625	I:	D:
13600	14319	+	1	1.269469	I:	D:
14395	16206	+	1	1.268680	I:	D:
16764	17576	+	3	1.236270	I:	D:
17621	21358	+	2	1.263747	I:	D:
21646	22062	+	1	1.269810	I:	D:
22059	23015	+	3	1.260854	I:	D:
23788	24282	-	1	1.266553	I:	D:
24455	25003	-	2	1.278476	I:	D:
25411	27636	+	1	1.263599	I:	D:
27806	27943	+	2	1.330190	I:	D:
>YB2_10513
1	129	+	1	1.361931	I:	D:
319	2154	+	1	1.276626	I:	D:
2366	4621	+	2	1.281641	I:	D:
4907	5071	+	2	1.376577	I:	D:
5096	6541	-	2	1.287481	I:	D:
6538	8118	-	1	1.275130	I:	D:
8096	9793	-	2	1.267474	I:	D:
10314	11921	-	3	1.285222	I:	D:
11963	13474	-	2	1.277734	I:	D:
13612	14883	-	1	1.268907	I:	D:
15180	16145	-	3	1.275833	I:	D:
16203	16712	-	3	1.396650	I:	D:
16717	17136	-	1	1.347182	I:	D:
17228	18688	-	2	1.290946	I:	D:
18707	19822	-	2	1.270349	I:	D:
20055	21050	+	3	1.286886	I:	D:
21205	22356	+	1	1.310423	I:	D:
22536	23663	-	3	1.284539	I:	D:
23849	24640	+	2	1.265460	I:	D:
24730	24948	+	1	1.349694	I:	D:
25012	25314	-	1	1.313949	I:	D:
25308	26147	-	3	1.334977	I:	D:
26207	26533	-	2	1.314161	I:	D:
26658	27161	-	3	1.393302	I:	D:
27166	27489	-	1	1.347182	I:	D:
>YB2_10874
115	1488	+	1	1.283734	I:	D:
1611	1772	+	3	1.350177	I:	D:
2035	2169	+	1	1.340403	I:	D:
2191	2943	+	1	1.253765	I:	D:
2951	4378	+	2	1.285042	I:	D:
4396	5451	+	1	1.245611	I:	D:
5441	6664	+	2	1.260157	I:	D:
6654	7088	+	3	1.255861	I:	D:
7253	8296	-	2	1.280219	I:	D:
8333	9382	-	2	1.283963	I:	D:
9431	9610	+	2	1.341303	I:	D:
9696	11114	-	3	1.273749	I:	D:
11279	12403	-	2	1.273087	I:	D:
12397	13620	-	1	1.277284	I:	D:
13706	15796	-	2	1.283475	I:	D:
16217	17542	-	2	1.342463	I:	D:
17785	19938	+	1	1.347711	I:	D:
20169	20822	+	3	1.357474	I:	D:
20819	22555	+	2	1.321883	I:	D:
22558	23454	+	1	1.314126	I:	D:
23454	24116	+	3	1.293176	I:	D:
24113	25144	+	2	1.283342	I:	D:
25154	25444	+	2	1.300071	I:	D:
26619	26795	-	3	1.394379	I:	D:
>YB2_11229
102	1559	+	3	1.258343	I:	D:
1780	2007	+	1	1.369273	I:	D:
2128	3456	-	1	1.258721	I:	D:
3473	4417	-	2	1.269115	I:	D:
4436	5524	-	2	1.263886	I:	D:
5618	7546	+	2	1.263240	I:	D:
7524	9386	+	3	1.244967	I:	D:
9474	10037	+	3	1.266656	I:	D:
10298	12073	+	2	1.262300	I:	D:
12142	12357	-	1	1.372906	I:	D:
12473	14161	-	2	1.283926	I:	D:
14224	15132	-	1	1.264051	I:	D:
15330	15479	-	3	1.328508	I:	D:
15478	16800	+	1	1.265671	I:	D:
17210	17896	+	2	1.273573	I:	D:
17948	18172	+	2	1.205836	I:	D:
18190	18681	+	1	1.233636	I:	D:
18671	20425	+	2	1.245838	I:	D:
20412	21299	+	3	1.251542	I:	D:
21380	22780	+	2	1.254626	I:	D:
22780	23187	+	1	1.235010	I:	D:
23494	23805	+	1	1.277382	I:	D:
24056	26086	-	2	1.268750	I:	D:
>YB2_11245
704	1966	+	2	1.266899	I:	D:
>YB2_11448
83	922	-	2	1.255802	I:	D:
919	1599	-	1	1.280057	I:	D:
1618	2910	-	1	1.253468	I:	D:
2960	3571	-	2	1.248906	I:	D:
3582	4496	-	3	1.247950	I:	D:
4474	5493	-	1	1.296193	I:	D:
5511	6164	-	3	1.275781	I:	D:
6261	7394	-	3	1.254261	I:	D:
7409	8305	-	2	1.252856	I:	D:
8621	9679	-	2	1.260543	I:	D:
9676	10836	-	1	1.258638	I:	D:
10858	12297	-	1	1.252584	I:	D:
12421	14475	-	1	1.252522	I:	D:
14475	15470	-	3	1.261767	I:	D:
15512	16372	-	2	1.258090	I:	D:
16380	17675	-	3	1.254716	I:	D:
17699	18946	-	2	1.244207	I:	D:
18979	20073	-	1	1.252638	I:	D:
20078	21115	-	2	1.243081	I:	D:
21144	22241	-	3	1.254413	I:	D:
22577	23359	-	2	1.267162	I:	D:
23587	24405	+	1	1.261657	I:	D:
24432	25901	+	3	1.278477	I:	D:
>YB2_11492
2	148	-	2	1.345748	I:	D:
234	1007	+	3	1.278000	I:	D:
1060	1614	+	1	1.265816	I:	D:
>YB2_11709
112	1887	-	1	1.258522	I:	D:
>YB2_11852
337	1086	-	1	1.259532	I:	D:
1157	1327	-	2	1.270511	I:	D:
1381	3087	-	1	1.281824	I:	D:
3189	3833	-	3	1.290915	I:	D:
3943	4086	-	1	1.382064	I:	D:
4271	5059	-	2	1.225837	I:	D:
5052	5981	-	3	1.263586	I:	D:
6114	7151	-	3	1.277403	I:	D:
7483	7983	-	1	1.247365	I:	D:
7980	8807	-	3	1.271363	I:	D:
8791	9729	-	1	1.287397	I:	D:
9716	10321	-	2	1.274335	I:	D:
10410	13190	-	3	1.281191	I:	D:
13326	14300	-	3	1.264178	I:	D:
14414	15220	-	2	1.265207	I:	D:
15204	15677	-	3	1.282768	I:	D:
15835	17070	-	1	1.266579	I:	D:
17171	17395	+	2	1.385144	I:	D:
17414	18373	-	2	1.265843	I:	D:
18357	20483	-	3	1.267593	I:	D:
20548	23196	-	1	1.254854	I:	D:
23246	23653	-	2	1.236349	I:	D:
23722	25104	-	1	1.252357	I:	D:
>YB2_11914
404	2701	-	2	1.267221	I:	D:
3001	3555	-	1	1.254761	I:	D:
3555	5258	-	3	1.255344	I:	D:
5497	6030	+	1	1.256777	I:	D:
6030	6587	+	3	1.284755	I:	D:
6847	8769	-	1	1.266236	I:	D:
8880	10238	-	3	1.267692	I:	D:
10633	12288	-	1	1.273266	I:	D:
12580	14412	+	1	1.253101	I:	D:
14621	14926	+	2	1.320146	I:	D:
15016	15765	+	1	1.342274	I:	D:
15846	16046	-	3	1.361542	I:	D:
16234	17310	-	1	1.279993	I:	D:
17251	17469	+	1	1.360334	I:	D:
17573	19090	-	2	1.256907	I:	D:
19539	19706	+	3	1.336761	I:	D:
19771	20037	-	1	1.313136	I:	D:
20133	20819	-	3	1.265625	I:	D:
20816	21802	-	2	1.252853	I:	D:
21861	22658	-	3	1.248824	I:	D:
22883	24787	+	2	1.248926	I:	D:
>YB2_11938
313	1254	+	1	1.306167	I:	D:
1372	1932	+	1	1.261136	I:	D:
2085	3335	+	3	1.284188	I:	D:
3481	4365	+	1	1.274802	I:	D:
4521	4940	-	3	1.280323	I:	D:
5059	5955	-	1	1.320937	I:	D:
6427	7326	+	1	1.263745	I:	D:
7341	7682	+	3	1.249905	I:	D:
7705	8205	+	1	1.277219	I:	D:
8899	10044	+	1	1.247705	I:	D:
10041	12848	+	3	1.238637	I:	D:
13299	14744	+	3	1.270736	I:	D:
14870	15010	+	2	1.313444	I:	D:
15112	16566	+	1	1.259580	I:	D:
16734	17879	+	3	1.281004	I:	D:
18187	18657	-	1	1.282823	I:	D:
18690	19670	-	3	1.247151	I:	D:
19689	20894	-	3	1.272255	I:	D:
21171	21956	+	3	1.282654	I:	D:
21953	22588	+	2	1.278200	I:	D:
22652	24439	+	2	1.253600	I:	D:
>YB2_12028
2	256	+	2	1.391961	I:	D:
358	1002	-	1	1.333527	I:	D:
1201	1473	+	1	1.366715	I:	D:
1487	1906	+	2	1.335602	I:	D:
2087	3499	+	2	1.280360	I:	D:
3651	5054	+	3	1.292841	I:	D:
5061	6008	+	3	1.282331	I:	D:
6286	7344	+	1	1.309404	I:	D:
7660	7860	+	1	1.380350	I:	D:
7977	8462	-	3	1.336950	I:	D:
8518	8880	-	1	1.283913	I:	D:
8982	10115	-	3	1.291128	I:	D:
10249	11277	-	1	1.294693	I:	D:
11317	11766	+	1	1.383675	I:	D:
11763	12842	+	3	1.287174	I:	D:
12875	13765	+	2	1.290371	I:	D:
13851	14621	+	3	1.291307	I:	D:
14612	15856	+	2	1.315662	I:	D:
15944	16144	+	2	1.358005	I:	D:
16168	16623	+	1	1.278262	I:	D:
16965	17726	-	3	1.304544	I:	D:
17805	18632	-	3	1.311815	I:	D:
18662	19837	-	2	1.295655	I:	D:
20254	22002	+	1	1.291209	I:	D:
22014	22475	+	3	1.296185	I:	D:
22624	23112	-	1	1.300535	I:	D:
>YB2_12032
168	2213	-	3	1.252050	I:	D:
2611	3978	+	1	1.266522	I:	D:
4102	5097	-	1	1.245617	I:	D:
5303	5680	+	2	1.248648	I:	D:
5720	7621	+	2	1.270917	I:	D:
7632	8855	+	3	1.242387	I:	D:
8901	10361	+	3	1.274141	I:	D:
10676	11155	+	2	1.248931	I:	D:
11263	11670	+	1	1.259785	I:	D:
11667	12527	+	3	1.243262	I:	D:
12530	13183	+	2	1.281895	I:	D:
13584	15740	-	3	1.252330	I:	D:
16332	16604	-	3	1.247984	I:	D:
16792	18636	-	1	1.264167	I:	D:
18945	20831	-	3	1.256560	I:	D:
20837	21619	-	2	1.260830	I:	D:
21632	22429	-	2	1.278339	I:	D:
22445	23011	-	2	1.283218	I:	D:
>YB2_12056
3	179	-	3	1.402680	I:	D:
365	520	-	2	1.358848	I:	D:
544	705	+	1	1.347086	I:	D:
879	1733	+	3	1.278554	I:	D:
1767	1895	+	3	1.252256	I:	D:
2015	3457	-	2	1.298316	I:	D:
3514	4212	-	1	1.257580	I:	D:
4209	4868	-	3	1.250412	I:	D:
4895	6412	-	2	1.278259	I:	D:
6485	6688	-	2	1.394392	I:	D:
6885	7949	-	3	1.276287	I:	D:
8344	10041	-	1	1.264169	I:	D:
10057	10215	-	1	1.265315	I:	D:
10216	11724	-	1	1.287283	I:	D:
11749	13125	-	1	1.279002	I:	D:
13323	14372	-	3	1.275096	I:	D:
14426	15769	-	2	1.271439	I:	D:
15819	16835	-	3	1.276438	I:	D:
16854	18359	-	3	1.259539	I:	D:
18921	20975	+	3	1.283323	I:	D:
21289	22680	+	1	1.265846	I:	D:
>YB2_12069
312	1133	-	3	1.293168	I:	D:
1147	1788	-	1	1.266661	I:	D:
1785	2474	-	3	1.276288	I:	D:
2476	3057	-	1	1.271024	I:	D:
3057	4016	-	3	1.265632	I:	D:
4020	5357	-	3	1.281833	I:	D:
4929	5570	+	3	1.321989	I:	D:
6348	6638	+	3	1.367055	I:	D:
6906	7124	-	3	1.337839	I:	D:
7169	7810	-	2	1.274704	I:	D:
7953	9710	-	3	1.250342	I:	D:
9818	10570	-	2	1.247504	I:	D:
10561	11220	-	1	1.280748	I:	D:
11225	11431	-	2	1.294557	I:	D:
11477	13897	-	2	1.261383	I:	D:
14052	15227	-	3	1.250096	I:	D:
15257	15400	+	2	1.358566	I:	D:
15480	17324	-	3	1.272236	I:	D:
17423	18031	-	2	1.246649	I:	D:
18028	19050	-	1	1.258590	I:	D:
19290	19856	-	3	1.259643	I:	D:
19880	20101	+	2	1.365939	I:	D:
20204	20686	+	2	1.283540	I:	D:
20769	21554	-	3	1.265801	I:	D:
21559	22569	-	1	1.246362	I:	D:
>YB2_12131
143	664	-	2	1.340419	I:	D:
752	1981	-	2	1.315062	I:	D:
2187	3158	-	3	1.283156	I:	D:
3300	3803	-	3	1.310108	I:	D:
3956	4642	-	2	1.277381	I:	D:
4664	5995	-	2	1.272249	I:	D:
6056	7408	-	2	1.309714	I:	D:
7492	7680	-	1	1.353983	I:	D:
7705	8205	-	1	1.354290	I:	D:
8416	8820	-	1	1.259002	I:	D:
8859	10190	-	3	1.278377	I:	D:
10295	11479	-	2	1.297273	I:	D:
11674	12972	+	1	1.290983	I:	D:
13218	14741	+	3	1.299785	I:	D:
15184	15669	-	1	1.294011	I:	D:
15678	16553	-	3	1.331941	I:	D:
16594	17874	-	1	1.287508	I:	D:
18097	19998	-	1	1.304573	I:	D:
20066	21007	-	2	1.321324	I:	D:
21051	21422	+	3	1.401233	I:	D:
21730	22011	-	1	1.332416	I:	D:
>YB2_12181
302	1300	+	2	1.254218	I:	D:
1342	1887	+	1	1.232522	I:	D:
2028	2498	+	3	1.286924	I:	D:
2514	3239	+	3	1.257589	I:	D:
3319	4131	-	1	1.271368	I:	D:
4325	4663	+	2	1.243118	I:	D:
5124	5837	+	3	1.249851	I:	D:
5921	7579	-	2	1.257741	I:	D:
7948	8112	-	1	1.374849	I:	D:
8165	9184	-	2	1.260145	I:	D:
9313	9921	-	1	1.257781	I:	D:
9936	11600	-	3	1.252884	I:	D:
12157	13341	+	1	1.254030	I:	D:
13679	14884	-	2	1.242671	I:	D:
15585	16430	+	3	1.278370	I:	D:
16523	16891	+	2	1.353261	I:	D:
17025	17834	+	3	1.257455	I:	D:
18054	18878	-	3	1.363185	I:	D:
18942	19208	-	3	1.365221	I:	D:
19663	21228	-	1	1.271792	I:	D:
>YB2_12225
90	1439	-	3	1.268238	I:	D:
1597	3639	-	1	1.255085	I:	D:
3736	5436	-	1	1.243098	I:	D:
5513	5866	-	2	1.282792	I:	D:
6226	6693	+	1	1.296122	I:	D:
7021	10260	-	1	1.252668	I:	D:
10260	12773	-	3	1.275386	I:	D:
13163	13552	-	2	1.286349	I:	D:
13624	14139	-	1	1.280619	I:	D:
14372	15064	-	2	1.273650	I:	D:
15124	15549	-	1	1.272033	I:	D:
15704	16246	-	2	1.263530	I:	D:
16271	16579	-	2	1.248484	I:	D:
16599	16748	-	3	1.332598	I:	D:
16980	20519	-	3	1.256187	I:	D:
>YB2_12241
3	593	-	3	1.266501	I:	D:
1285	1434	+	1	1.359833	I:	D:
1485	2906	-	3	1.262550	I:	D:
2924	3073	+	2	1.323441	I:	D:
3253	3486	-	1	1.259857	I:	D:
3668	5044	+	2	1.257932	I:	D:
5615	7906	-	2	1.257675	I:	D:
7984	8325	-	1	1.376831	I:	D:
8453	10192	+	2	1.246106	I:	D:
10189	11961	+	1	1.249953	I:	D:
12335	13345	+	2	1.258291	I:	D:
13592	13894	-	2	1.347761	I:	D:
14152	14628	+	1	1.274395	I:	D:
14876	15979	+	2	1.259066	I:	D:
16303	18105	-	1	1.341988	I:	D:
18295	18519	-	1	1.358021	I:	D:
18642	18956	+	3	1.405242	I:	D:
19108	19239	+	1	1.332543	I:	D:
19458	20324	-	3	1.269659	I:	D:
20347	20514	-	1	1.368883	I:	D:
>YB2_12266
2	181	+	2	1.349148	I:	D:
218	2122	-	2	1.279377	I:	D:
2488	2832	-	1	1.390609	I:	D:
2923	3099	+	1	1.378594	I:	D:
3159	3593	-	3	1.358011	I:	D:
3753	9521	+	3	1.327354	I:	D:
9955	11979	+	1	1.339780	I:	D:
12178	12474	+	1	1.397693	I:	D:
12813	13688	+	3	1.257093	I:	D:
13689	14702	+	3	1.253825	I:	D:
14705	15664	+	2	1.260686	I:	D:
15654	18815	+	3	1.272200	I:	D:
19045	20067	+	1	1.273682	I:	D:
>YB2_12291
98	2131	+	2	1.247310	I:	D:
2225	4447	+	2	1.259270	I:	D:
4924	6606	+	1	1.259547	I:	D:
6646	7101	+	1	1.274330	I:	D:
7114	7722	+	1	1.256357	I:	D:
7871	9361	+	2	1.273670	I:	D:
9303	10247	+	3	1.265108	I:	D:
10462	10962	+	1	1.252307	I:	D:
11096	11785	+	2	1.280454	I:	D:
11831	12103	+	2	1.240564	I:	D:
12241	12486	+	1	1.247029	I:	D:
12573	12908	+	3	1.268852	I:	D:
12908	13396	+	2	1.306622	I:	D:
13502	13783	+	2	1.263287	I:	D:
13823	14476	+	2	1.318487	I:	D:
14647	15789	+	1	1.258011	I:	D:
15797	16642	+	2	1.263760	I:	D:
16915	18798	-	1	1.277832	I:	D:
18826	19968	-	1	1.290466	I:	D:
>YB2_12296
3	179	-	3	1.336809	I:	D:
192	1667	-	3	1.279196	I:	D:
1682	3247	-	2	1.301455	I:	D:
3509	4150	-	2	1.322280	I:	D:
4150	5013	-	1	1.297790	I:	D:
5013	6914	-	3	1.291100	I:	D:
6907	7656	-	1	1.287061	I:	D:
7474	7641	+	1	1.306153	I:	D:
7653	8777	-	3	1.295232	I:	D:
8848	10170	-	1	1.300940	I:	D:
10167	11087	-	3	1.277191	I:	D:
11145	11660	-	3	1.271233	I:	D:
11682	13937	-	3	1.297263	I:	D:
13974	14552	-	3	1.262109	I:	D:
14586	14840	-	3	1.264809	I:	D:
14850	15728	-	3	1.272096	I:	D:
15746	15892	-	2	1.316154	I:	D:
16001	17152	-	2	1.271638	I:	D:
17497	18354	-	1	1.307178	I:	D:
18695	19789	+	2	1.296951	I:	D:
>YB2_12316
260	1999	-	2	1.275688	I:	D:
2185	2388	-	1	1.367161	I:	D:
2621	2800	-	2	1.368001	I:	D:
3094	3324	-	1	1.406903	I:	D:
4269	5726	-	3	1.271236	I:	D:
5758	5970	-	1	1.264412	I:	D:
5984	6475	-	2	1.257530	I:	D:
7053	7199	-	3	1.321841	I:	D:
7323	8015	-	3	1.271454	I:	D:
8012	10069	-	2	1.246654	I:	D:
10150	10824	-	1	1.254321	I:	D:
10821	12833	-	3	1.260274	I:	D:
13055	14728	-	2	1.263100	I:	D:
14750	15733	-	2	1.240652	I:	D:
16016	17404	+	2	1.276459	I:	D:
17397	18095	+	3	1.279174	I:	D:
18192	18776	-	3	1.253068	I:	D:
19011	19415	+	3	1.277255	I:	D:
>YB2_12324
79	1161	-	1	1.273593	I:	D:
1395	2120	+	3	1.257103	I:	D:
2228	2395	-	2	1.381772	I:	D:
2562	3584	+	3	1.268406	I:	D:
3599	6019	+	2	1.254729	I:	D:
6257	8065	-	2	1.241952	I:	D:
8065	9273	-	1	1.283821	I:	D:
9314	9490	-	2	1.365644	I:	D:
9602	10342	-	2	1.280629	I:	D:
10837	11268	+	1	1.307599	I:	D:
11286	11684	+	3	1.259884	I:	D:
11815	12942	+	1	1.293610	I:	D:
13035	13292	+	3	1.361813	I:	D:
13432	13947	+	1	1.240825	I:	D:
14070	15737	-	3	1.257396	I:	D:
15961	17307	-	1	1.258130	I:	D:
17325	17522	+	3	1.349113	I:	D:
17877	18365	+	3	1.312767	I:	D:
18466	19635	+	1	1.277501	I:	D:
>YB2_12396
148	1521	-	1	1.257971	I:	D:
1518	2237	-	3	1.256194	I:	D:
2341	3498	+	1	1.280062	I:	D:
3500	4255	+	2	1.278820	I:	D:
4259	4996	+	2	1.284114	I:	D:
5080	5241	-	1	1.352393	I:	D:
5379	6326	+	3	1.267108	I:	D:
6341	6748	+	2	1.259369	I:	D:
6799	7914	+	1	1.286844	I:	D:
8016	9407	-	3	1.259477	I:	D:
9407	10528	-	2	1.265785	I:	D:
10576	12354	-	1	1.258175	I:	D:
12387	12641	-	3	1.257611	I:	D:
12874	13722	-	1	1.270980	I:	D:
13837	14724	-	1	1.251799	I:	D:
14937	15137	-	3	1.353297	I:	D:
15122	16054	+	2	1.252724	I:	D:
16059	16580	+	3	1.288611	I:	D:
16573	17313	+	1	1.245724	I:	D:
17451	18395	+	3	1.288798	I:	D:
18482	18676	+	2	1.276459	I:	D:
>YB2_12416
97	1818	+	1	1.250762	I:	D:
1838	2344	+	2	1.274780	I:	D:
2350	3873	+	1	1.263942	I:	D:
3861	4694	+	3	1.246475	I:	D:
5099	6055	-	2	1.228053	I:	D:
6052	6807	-	1	1.245215	I:	D:
6819	7979	-	3	1.259765	I:	D:
8126	9523	+	2	1.233144	I:	D:
9605	11239	+	2	1.254382	I:	D:
11430	12227	+	3	1.248253	I:	D:
12323	12778	+	2	1.239795	I:	D:
13868	15889	-	2	1.264783	I:	D:
16459	16863	-	1	1.261669	I:	D:
16917	17660	-	3	1.266176	I:	D:
17983	18684	-	1	1.239580	I:	D:
>YB2_12425
1	141	+	1	1.378856	I:	D:
159	1070	+	3	1.288898	I:	D:
1092	1934	+	3	1.285681	I:	D:
1942	3489	+	1	1.286971	I:	D:
3496	4935	+	1	1.258101	I:	D:
4963	5751	+	1	1.261880	I:	D:
5828	5989	+	2	1.374179	I:	D:
6094	7425	+	1	1.288602	I:	D:
7798	9084	+	1	1.276659	I:	D:
9439	10821	-	1	1.262532	I:	D:
10942	11313	-	1	1.283025	I:	D:
11314	14085	-	1	1.267719	I:	D:
14164	14832	-	1	1.262478	I:	D:
15023	16360	-	2	1.277123	I:	D:
16551	16709	+	3	1.234854	I:	D:
16786	16986	+	1	1.357235	I:	D:
17228	18484	+	2	1.249776	I:	D:
>YB2_12432
2	196	+	2	1.301648	I:	D:
211	750	+	1	1.250465	I:	D:
768	953	+	3	1.302766	I:	D:
1039	1437	+	1	1.284854	I:	D:
1455	2003	+	3	1.270406	I:	D:
2022	2381	+	3	1.266037	I:	D:
2398	2901	+	1	1.261250	I:	D:
2915	3094	+	2	1.261661	I:	D:
3112	3549	+	1	1.256559	I:	D:
3551	4849	+	2	1.279886	I:	D:
4912	5544	+	1	1.266620	I:	D:
5552	6325	+	2	1.306108	I:	D:
6313	6564	+	1	1.284998	I:	D:
6590	6826	+	2	1.279565	I:	D:
7086	7457	+	3	1.303811	I:	D:
7470	7877	+	3	1.318544	I:	D:
7898	8500	+	2	1.277572	I:	D:
8580	9539	+	3	1.255550	I:	D:
9561	9902	+	3	1.272200	I:	D:
10644	11840	+	3	1.283704	I:	D:
12016	13413	+	1	1.273442	I:	D:
13704	14450	+	3	1.285673	I:	D:
14475	15734	+	3	1.270961	I:	D:
15847	16101	-	1	1.280454	I:	D:
16313	16678	-	2	1.247923	I:	D:
16740	17006	+	3	1.391994	I:	D:
17073	18401	-	3	1.245209	I:	D:
18213	18689	+	3	1.402094	I:	D:
>YB2_12512
1	279	+	1	1.366816	I:	D:
625	1023	+	1	1.310287	I:	D:
1207	2157	+	1	1.277637	I:	D:
2671	2883	-	1	1.278283	I:	D:
2913	3677	-	3	1.261210	I:	D:
3689	4702	-	2	1.268531	I:	D:
4695	5441	-	3	1.279417	I:	D:
5459	5875	-	2	1.260257	I:	D:
5877	6119	-	3	1.213122	I:	D:
6273	6584	-	3	1.251014	I:	D:
6758	9364	+	2	1.269758	I:	D:
9752	10180	+	2	1.269086	I:	D:
10260	11498	+	3	1.244476	I:	D:
11526	12416	+	3	1.259926	I:	D:
12441	13646	+	3	1.261272	I:	D:
13817	14437	+	2	1.270451	I:	D:
14434	15732	+	1	1.260808	I:	D:
15843	16139	+	3	1.280212	I:	D:
16159	16590	+	1	1.302971	I:	D:
16651	17439	+	1	1.324803	I:	D:
>YB2_12591
101	2215	-	2	1.260450	I:	D:
2215	2568	-	1	1.243872	I:	D:
3097	5499	+	1	1.255632	I:	D:
5677	7539	+	1	1.267758	I:	D:
7676	8203	-	2	1.317083	I:	D:
8617	9693	-	1	1.237493	I:	D:
9902	11077	+	2	1.279478	I:	D:
11106	11573	+	3	1.266311	I:	D:
11617	12492	+	1	1.240754	I:	D:
12837	13709	-	3	1.280766	I:	D:
13747	14187	-	1	1.273800	I:	D:
14297	14599	+	2	1.280827	I:	D:
14613	15731	+	3	1.234504	I:	D:
15912	17153	+	3	1.256008	I:	D:
>YB2_12632
2	181	+	2	1.343895	I:	D:
250	954	+	1	1.270157	I:	D:
1109	1378	+	2	1.300102	I:	D:
1390	2757	+	1	1.254959	I:	D:
2895	3107	+	3	1.396284	I:	D:
3192	3851	-	3	1.262135	I:	D:
4115	5194	+	2	1.270185	I:	D:
5255	5527	-	2	1.388933	I:	D:
5813	6004	-	2	1.322803	I:	D:
6135	7046	-	3	1.250324	I:	D:
7065	8243	-	3	1.259640	I:	D:
8515	9369	-	1	1.255000	I:	D:
9512	10741	-	2	1.251235	I:	D:
10743	10880	-	3	1.341900	I:	D:
10905	11840	-	3	1.274330	I:	D:
11870	13411	-	2	1.277512	I:	D:
13524	14762	-	3	1.270589	I:	D:
15153	15530	-	3	1.282398	I:	D:
15751	15891	+	1	1.317908	I:	D:
16411	16890	+	1	1.397259	I:	D:
>YB2_12638
390	686	-	3	1.250245	I:	D:
865	1224	-	1	1.261578	I:	D:
1228	1947	-	1	1.271315	I:	D:
1993	3126	-	1	1.262623	I:	D:
3123	5762	-	3	1.256160	I:	D:
5848	6354	-	1	1.254754	I:	D:
6367	7938	-	1	1.251407	I:	D:
7939	8667	-	1	1.265184	I:	D:
8952	9314	-	3	1.341309	I:	D:
9416	10360	-	2	1.272386	I:	D:
10353	11657	-	3	1.268428	I:	D:
11670	12551	-	3	1.259406	I:	D:
12726	13751	-	3	1.300684	I:	D:
13777	13950	-	1	1.292929	I:	D:
14008	16392	-	1	1.268143	I:	D:
16649	16831	+	2	1.383390	I:	D:
>YB2_12684
3	275	+	3	1.367293	I:	D:
631	1356	-	1	1.248296	I:	D:
1360	1932	-	1	1.250650	I:	D:
2101	3189	-	1	1.281841	I:	D:
3316	3552	-	1	1.363909	I:	D:
3551	4351	+	2	1.270592	I:	D:
4365	5111	+	3	1.265186	I:	D:
5111	6130	+	2	1.279486	I:	D:
6197	8002	+	2	1.263580	I:	D:
8051	9808	+	2	1.281088	I:	D:
9826	12141	+	1	1.281894	I:	D:
12145	13122	+	1	1.258737	I:	D:
13439	13906	+	2	1.303208	I:	D:
13977	14192	+	3	1.265935	I:	D:
14203	14451	-	1	1.374975	I:	D:
14510	16372	+	2	1.251714	I:	D:
>YB2_12685
1	246	+	1	1.377790	I:	D:
565	720	-	1	1.339336	I:	D:
761	904	-	2	1.239707	I:	D:
1041	2015	-	3	1.267262	I:	D:
2104	2931	-	1	1.251637	I:	D:
2947	4089	-	1	1.252515	I:	D:
4093	5652	-	1	1.263451	I:	D:
5765	6673	+	2	1.282573	I:	D:
6682	6960	+	1	1.377373	I:	D:
7007	7870	-	2	1.293055	I:	D:
7890	8900	-	3	1.290880	I:	D:
9079	10452	-	1	1.269643	I:	D:
10904	11104	+	2	1.369820	I:	D:
11139	11753	-	3	1.281628	I:	D:
11887	12534	-	1	1.242646	I:	D:
12793	13524	+	1	1.252806	I:	D:
13678	13866	+	1	1.365865	I:	D:
13885	16476	+	1	1.269885	I:	D:
>YB2_12687
3	311	+	3	1.375140	I:	D:
385	1563	-	1	1.253168	I:	D:
1666	2286	-	1	1.284451	I:	D:
2450	3001	+	2	1.236533	I:	D:
3193	4776	+	1	1.246818	I:	D:
4773	6053	+	3	1.243168	I:	D:
6441	7691	+	3	1.271167	I:	D:
7768	8016	+	1	1.367322	I:	D:
8074	8571	+	1	1.279785	I:	D:
8627	9244	+	2	1.246896	I:	D:
9254	9970	+	2	1.244700	I:	D:
9984	10742	+	3	1.250498	I:	D:
10922	11578	+	2	1.254340	I:	D:
11578	12405	+	1	1.247993	I:	D:
12755	13948	+	2	1.241929	I:	D:
14213	15688	-	2	1.263310	I:	D:
15688	16377	-	1	1.267742	I:	D:
>YB2_12689
84	2393	+	3	1.238996	I:	D:
2400	3392	+	3	1.272212	I:	D:
3410	4279	+	2	1.258541	I:	D:
4446	5471	+	3	1.275727	I:	D:
5799	6665	-	3	1.254794	I:	D:
6842	8371	+	2	1.252676	I:	D:
8466	9479	-	3	1.252924	I:	D:
9642	10889	-	3	1.225799	I:	D:
11051	12235	+	2	1.263245	I:	D:
12304	13986	+	1	1.251539	I:	D:
14342	15046	+	2	1.263260	I:	D:
15067	16065	+	1	1.265768	I:	D:
16168	16467	+	1	1.278994	I:	D:
>YB2_12700
110	1495	-	2	1.341608	I:	D:
1517	2641	-	2	1.344835	I:	D:
2648	3586	-	2	1.304626	I:	D:
3677	4036	+	2	1.361478	I:	D:
4172	5104	+	2	1.332036	I:	D:
5314	6342	-	1	1.288050	I:	D:
6381	6620	+	3	1.371203	I:	D:
6648	7187	-	3	1.349291	I:	D:
7229	8053	-	2	1.290361	I:	D:
7911	9197	+	3	1.297110	I:	D:
9470	12178	-	2	1.258736	I:	D:
12242	12562	+	2	1.391580	I:	D:
12576	13109	-	3	1.269839	I:	D:
13170	13565	-	3	1.320037	I:	D:
13630	14868	-	1	1.279313	I:	D:
15242	15973	+	2	1.293119	I:	D:
16134	16382	+	3	1.385432	I:	D:
>YB2_12770
202	1362	+	1	1.245362	I:	D:
1459	1734	+	1	1.381111	I:	D:
1765	1944	-	1	1.264833	I:	D:
1734	2216	+	3	1.397754	I:	D:
2318	3295	+	2	1.276368	I:	D:
3319	3816	+	1	1.300238	I:	D:
3825	4733	+	3	1.269281	I:	D:
4822	6249	+	1	1.248374	I:	D:
6267	6608	+	3	1.240884	I:	D:
7048	8526	+	1	1.265360	I:	D:
8571	8789	+	3	1.287611	I:	D:
9043	9573	+	1	1.269660	I:	D:
9607	10266	+	1	1.285996	I:	D:
10295	11209	+	2	1.266720	I:	D:
11389	14259	+	1	1.242459	I:	D:
14365	14769	+	1	1.246128	I:	D:
14766	15824	+	3	1.264427	I:	D:
>YB2_12809
158	3157	-	2	1.275714	I:	D:
3277	4671	-	1	1.257869	I:	D:
4777	5352	-	1	1.282754	I:	D:
5356	6696	-	1	1.253730	I:	D:
6848	7489	-	2	1.239894	I:	D:
7493	8677	-	2	1.248483	I:	D:
8912	9784	-	2	1.274540	I:	D:
9778	10734	-	1	1.288284	I:	D:
10757	12223	-	2	1.248818	I:	D:
12237	12944	-	3	1.252106	I:	D:
13050	14384	-	3	1.255980	I:	D:
14461	15228	-	1	1.262450	I:	D:
>YB2_12865
188	1144	-	2	1.299936	I:	D:
1158	2555	-	3	1.320832	I:	D:
2592	3989	-	3	1.290421	I:	D:
4251	5267	-	3	1.305032	I:	D:
5657	6172	+	2	1.299745	I:	D:
6243	6494	-	3	1.401110	I:	D:
6612	6833	+	3	1.379690	I:	D:
7025	7183	+	2	1.380865	I:	D:
7301	8206	-	2	1.370684	I:	D:
8543	10690	+	2	1.351178	I:	D:
10780	12099	+	1	1.312523	I:	D:
12236	13126	+	2	1.329276	I:	D:
13142	13972	+	2	1.348641	I:	D:
14263	14850	-	1	1.350738	I:	D:
14921	15373	+	2	1.359578	I:	D:
>YB2_12867
228	2348	-	3	1.264817	I:	D:
2605	2850	-	1	1.261198	I:	D:
3007	5265	-	1	1.245097	I:	D:
5286	7415	-	3	1.279746	I:	D:
7431	10394	-	3	1.258010	I:	D:
10391	12457	-	2	1.255450	I:	D:
12729	14642	-	3	1.274390	I:	D:
14800	15312	+	1	1.275959	I:	D:
>YB2_12895
123	1187	+	3	1.274598	I:	D:
1206	2747	+	3	1.252232	I:	D:
2766	3920	+	3	1.274657	I:	D:
3923	4948	+	2	1.273184	I:	D:
4945	5229	+	1	1.241337	I:	D:
5721	6953	-	3	1.262748	I:	D:
7058	8737	-	2	1.243115	I:	D:
8734	10014	-	1	1.241254	I:	D:
10021	10848	-	1	1.253788	I:	D:
10995	11783	+	3	1.264764	I:	D:
11815	11976	+	1	1.385888	I:	D:
12164	12340	+	2	1.269519	I:	D:
12504	13010	+	3	1.260347	I:	D:
13003	13866	+	1	1.261078	I:	D:
14059	14616	+	1	1.277620	I:	D:
14722	15183	+	1	1.247183	I:	D:
>YB2_12915
85	414	+	1	1.297333	I:	D:
445	651	-	1	1.340765	I:	D:
683	1990	-	2	1.263549	I:	D:
2060	2980	-	2	1.244189	I:	D:
3017	3796	-	2	1.277455	I:	D:
4007	5554	-	2	1.374112	I:	D:
5553	5900	+	3	1.416241	I:	D:
6739	7659	-	1	1.283215	I:	D:
7795	8499	-	1	1.263345	I:	D:
8715	10601	-	3	1.256914	I:	D:
10755	12152	-	3	1.241677	I:	D:
12204	15062	-	3	1.276751	I:	D:
>YB2_13011
2	160	+	2	1.359670	I:	D:
179	814	-	2	1.302668	I:	D:
1158	2438	+	3	1.282453	I:	D:
2631	4949	+	3	1.264416	I:	D:
4968	5447	+	3	1.268510	I:	D:
5559	5696	+	3	1.368697	I:	D:
5813	6484	-	2	1.285149	I:	D:
6552	8009	+	3	1.266951	I:	D:
7996	8991	+	1	1.291593	I:	D:
8958	9941	+	3	1.270929	I:	D:
10210	10494	+	1	1.255306	I:	D:
10534	12168	+	1	1.251418	I:	D:
12265	12627	-	1	1.358411	I:	D:
12667	14322	+	1	1.389804	I:	D:
14394	14570	-	3	1.277501	I:	D:
>YB2_13057
88	1548	-	1	1.259629	I:	D:
1670	3457	-	2	1.258023	I:	D:
3664	3846	+	1	1.361386	I:	D:
4095	4286	+	3	1.352422	I:	D:
4431	5984	+	3	1.238303	I:	D:
6098	6268	-	2	1.338558	I:	D:
6407	7528	+	2	1.264344	I:	D:
7554	8456	+	3	1.275297	I:	D:
8457	9521	+	3	1.270907	I:	D:
9837	10772	+	3	1.279047	I:	D:
11029	11220	+	1	1.375221	I:	D:
11315	11800	+	2	1.274454	I:	D:
11797	12666	+	1	1.275112	I:	D:
12753	13715	+	3	1.311533	I:	D:
14081	14218	+	2	1.372291	I:	D:
>YB2_13080
175	411	-	1	1.235151	I:	D:
622	1842	-	1	1.312903	I:	D:
2013	2711	-	3	1.274161	I:	D:
2722	4299	-	1	1.244915	I:	D:
4483	5394	-	1	1.279742	I:	D:
5623	7104	+	1	1.284130	I:	D:
7457	8794	-	2	1.265615	I:	D:
8791	9264	-	1	1.282679	I:	D:
9443	10300	-	2	1.269597	I:	D:
10731	12107	-	3	1.257018	I:	D:
12233	13684	-	2	1.271425	I:	D:
13922	14140	-	2	1.364274	I:	D:
>YB2_13145
374	1987	+	2	1.232665	I:	D:
2130	2999	+	3	1.264082	I:	D:
3084	4178	+	3	1.251486	I:	D:
4175	5185	+	2	1.250581	I:	D:
5210	6430	+	2	1.258675	I:	D:
6427	7710	+	1	1.242057	I:	D:
7707	8744	+	3	1.268128	I:	D:
8759	9781	+	2	1.251869	I:	D:
9803	10789	+	2	1.264999	I:	D:
11322	12566	+	3	1.261106	I:	D:
12542	13600	+	2	1.276362	I:	D:
>YB2_13220
336	1772	-	3	1.279777	I:	D:
2046	2609	-	3	1.315627	I:	D:
3006	3875	-	3	1.272306	I:	D:
4064	5680	+	2	1.256757	I:	D:
5776	6873	+	1	1.288792	I:	D:
6886	7074	-	1	1.321953	I:	D:
7158	7856	+	3	1.270665	I:	D:
7911	9020	+	3	1.270374	I:	D:
9152	9997	+	2	1.280429	I:	D:
10320	10889	+	3	1.300699	I:	D:
10981	11319	+	1	1.382062	I:	D:
11989	13284	+	1	1.256384	I:	D:
13385	13525	+	2	1.334806	I:	D:
>YB2_13244
154	2928	-	1	1.240980	I:	D:
3083	4207	-	2	1.273550	I:	D:
4400	4669	+	2	1.295717	I:	D:
4750	5106	-	1	1.217742	I:	D:
5103	6137	-	3	1.270876	I:	D:
6242	6682	-	2	1.269733	I:	D:
6739	7308	-	1	1.251582	I:	D:
7389	8312	+	3	1.242388	I:	D:
8318	9055	+	2	1.293902	I:	D:
9264	10832	-	3	1.269199	I:	D:
10870	12069	-	1	1.260248	I:	D:
12373	13308	+	1	1.269189	I:	D:
>YB2_13291
198	827	-	3	1.248864	I:	D:
910	1368	-	1	1.278948	I:	D:
1382	2089	-	2	1.287697	I:	D:
2126	2551	-	2	1.277793	I:	D:
2950	4137	+	1	1.266635	I:	D:
4385	4612	-	2	1.289405	I:	D:
4652	5941	-	2	1.277332	I:	D:
6049	6540	+	1	1.276288	I:	D:
6548	7114	+	2	1.297743	I:	D:
7302	7991	-	3	1.285869	I:	D:
8082	9242	+	3	1.294944	I:	D:
9553	9954	-	1	1.331877	I:	D:
10058	10945	+	2	1.326441	I:	D:
11059	11334	-	1	1.269453	I:	D:
11328	12659	-	3	1.372614	I:	D:
12778	12951	+	1	1.378229	I:	D:
>YB2_13321
217	1590	+	1	1.313401	I:	D:
1629	1862	-	3	1.317514	I:	D:
1903	2421	+	1	1.270664	I:	D:
2478	2636	+	3	1.285734	I:	D:
2904	3809	+	3	1.287780	I:	D:
3826	3972	+	1	1.361367	I:	D:
4269	4625	+	3	1.239418	I:	D:
4622	5320	+	2	1.246937	I:	D:
5343	6290	-	3	1.356770	I:	D:
5577	6605	+	3	1.286257	I:	D:
7145	8689	-	2	1.262755	I:	D:
8776	8949	+	1	1.264813	I:	D:
9126	10469	-	3	1.265159	I:	D:
10844	10978	+	2	1.378361	I:	D:
11191	12762	-	1	1.262854	I:	D:
>YB2_13357
209	1429	-	2	1.276199	I:	D:
1649	1822	-	2	1.263671	I:	D:
1976	2164	-	2	1.351206	I:	D:
2234	3070	+	2	1.268633	I:	D:
3113	3886	+	2	1.259796	I:	D:
3894	4436	+	3	1.223581	I:	D:
4433	5419	+	2	1.295949	I:	D:
5419	5802	+	1	1.247307	I:	D:
5934	6728	+	3	1.257403	I:	D:
6945	8267	+	3	1.273990	I:	D:
8289	8660	+	3	1.269019	I:	D:
8706	10109	+	3	1.271038	I:	D:
10389	10616	-	3	1.369352	I:	D:
10727	11701	-	2	1.261975	I:	D:
11777	12562	+	2	1.288648	I:	D:
>YB2_13360
1	522	+	1	1.315695	I:	D:
822	1439	-	3	1.268804	I:	D:
1387	1725	-	1	1.315295	I:	D:
1829	2674	-	2	1.261383	I:	D:
2671	3846	-	1	1.251300	I:	D:
3889	5079	-	1	1.269474	I:	D:
5255	6547	-	2	1.265201	I:	D:
6742	6945	-	1	1.233495	I:	D:
7180	8373	+	1	1.254670	I:	D:
8523	9362	+	3	1.263527	I:	D:
9366	9653	+	3	1.309334	I:	D:
9637	10305	+	1	1.273417	I:	D:
10476	11447	-	3	1.253617	I:	D:
11444	12262	-	2	1.235199	I:	D:
12590	12766	-	2	1.376010	I:	D:
>YB2_13392
2	1042	-	2	1.234227	I:	D:
1122	2963	-	3	1.261160	I:	D:
3014	4024	-	2	1.286671	I:	D:
4185	4805	-	3	1.254420	I:	D:
4893	5102	-	3	1.292618	I:	D:
5716	7410	-	1	1.252290	I:	D:
7660	9183	+	1	1.251789	I:	D:
9360	10178	-	3	1.267031	I:	D:
10175	11236	-	2	1.289823	I:	D:
11265	12515	-	3	1.266465	I:	D:
>YB2_13444
162	1070	-	3	1.267650	I:	D:
1067	1849	-	2	1.265603	I:	D:
2126	2797	-	2	1.269498	I:	D:
2805	4112	-	3	1.292564	I:	D:
4399	6663	-	1	1.240571	I:	D:
6870	7727	+	3	1.272629	I:	D:
8058	9140	-	3	1.296374	I:	D:
9196	9951	-	1	1.260892	I:	D:
10097	10756	-	2	1.273337	I:	D:
11060	12337	+	2	1.270838	I:	D:
>YB2_13487
3	140	+	3	1.368507	I:	D:
215	1372	+	2	1.243638	I:	D:
1513	2850	+	1	1.268184	I:	D:
2859	5300	+	3	1.251913	I:	D:
5422	5574	+	1	1.365893	I:	D:
5786	6829	+	2	1.261017	I:	D:
6902	7948	+	2	1.279377	I:	D:
7941	8759	+	3	1.251498	I:	D:
8822	9301	-	2	1.256964	I:	D:
9541	11505	+	1	1.277760	I:	D:
11502	12164	+	3	1.289202	I:	D:
>YB2_13590
3	146	-	3	1.385589	I:	D:
380	2356	+	2	1.267708	I:	D:
2412	4394	+	3	1.256038	I:	D:
4424	4924	+	2	1.265172	I:	D:
4979	6373	+	2	1.267908	I:	D:
6408	7817	+	3	1.297074	I:	D:
7810	8373	+	1	1.277635	I:	D:
8440	10488	+	1	1.257439	I:	D:
10505	11587	+	2	1.268365	I:	D:
>YB2_13591
214	885	-	1	1.246596	I:	D:
918	2267	-	3	1.249742	I:	D:
2490	3254	-	3	1.281849	I:	D:
3415	4230	-	1	1.234229	I:	D:
4230	5150	-	3	1.251680	I:	D:
5315	6154	-	2	1.243456	I:	D:
6515	7378	-	2	1.239151	I:	D:
7378	8748	-	1	1.243899	I:	D:
9083	10159	-	2	1.235519	I:	D:
10173	10778	-	3	1.254748	I:	D:
11053	11550	-	1	1.270385	I:	D:
>YB2_13612
129	770	-	3	1.259582	I:	D:
996	1277	-	3	1.246141	I:	D:
1322	2014	-	2	1.295659	I:	D:
2487	2630	+	3	1.270537	I:	D:
2683	3042	+	1	1.367772	I:	D:
3327	3794	-	3	1.267712	I:	D:
3904	4497	-	1	1.258043	I:	D:
4512	4853	-	3	1.254888	I:	D:
4938	6701	-	3	1.257983	I:	D:
7080	7280	+	3	1.356858	I:	D:
7799	10198	-	2	1.234379	I:	D:
10188	10847	-	3	1.250285	I:	D:
10885	11748	-	1	1.254375	I:	D:
>YB2_13649
74	814	-	2	1.270630	I:	D:
693	1907	-	3	1.300848	I:	D:
2082	3443	-	3	1.248115	I:	D:
4331	4969	-	2	1.246049	I:	D:
5038	5619	-	1	1.275231	I:	D:
5774	6274	-	2	1.251995	I:	D:
6344	6919	-	2	1.283335	I:	D:
6996	7130	-	3	1.326502	I:	D:
7174	7953	+	1	1.285613	I:	D:
8094	8288	-	3	1.323869	I:	D:
8356	9543	-	1	1.263215	I:	D:
9540	10502	-	3	1.254273	I:	D:
10702	11562	-	1	1.284270	I:	D:
>YB2_13666
121	1356	+	1	1.265287	I:	D:
1679	2569	+	2	1.238554	I:	D:
2586	3590	+	3	1.251614	I:	D:
3594	4388	+	3	1.245728	I:	D:
4555	5079	+	1	1.241696	I:	D:
5093	5740	+	2	1.253727	I:	D:
5784	6641	+	3	1.261289	I:	D:
6658	7728	+	1	1.266953	I:	D:
7816	8589	+	1	1.248031	I:	D:
8586	9584	+	3	1.256651	I:	D:
9584	10375	+	2	1.265734	I:	D:
10465	11220	+	1	1.241680	I:	D:
11319	11540	+	3	1.349596	I:	D:
>YB2_13729
174	1073	+	3	1.333451	I:	D:
1168	1437	+	1	1.330514	I:	D:
1941	3092	-	3	1.340758	I:	D:
3163	3318	-	1	1.297385	I:	D:
3456	3773	-	3	1.276073	I:	D:
3979	4854	+	1	1.306104	I:	D:
4927	5364	-	1	1.306242	I:	D:
5265	6035	+	3	1.303555	I:	D:
6101	7090	-	2	1.288970	I:	D:
7114	8466	-	1	1.324507	I:	D:
8635	9339	+	1	1.326986	I:	D:
9352	10206	+	1	1.302831	I:	D:
10221	11270	+	3	1.285598	I:	D:
>YB2_13771
73	933	-	1	1.261409	I:	D:
989	1834	-	2	1.283494	I:	D:
2114	3235	-	2	1.250298	I:	D:
3470	3760	-	2	1.313798	I:	D:
4097	6265	-	2	1.246045	I:	D:
6679	9054	-	1	1.278630	I:	D:
9417	9977	+	3	1.244064	I:	D:
10118	11101	-	2	1.259910	I:	D:
>YB2_13773
1	156	+	1	1.332090	I:	D:
612	2243	+	3	1.287129	I:	D:
2358	3311	+	3	1.272605	I:	D:
3325	4197	+	1	1.285082	I:	D:
4252	5151	+	1	1.280504	I:	D:
5420	6526	+	2	1.297658	I:	D:
6956	7816	+	2	1.286642	I:	D:
7929	8135	+	3	1.365030	I:	D:
8444	9994	+	2	1.288374	I:	D:
10009	10746	+	1	1.307580	I:	D:
11060	11233	+	2	1.358961	I:	D:
>YB2_13865
3	647	+	3	1.328680	I:	D:
670	1092	+	1	1.248721	I:	D:
1089	2036	+	3	1.283323	I:	D:
2015	3256	+	2	1.300857	I:	D:
3243	3455	+	3	1.253015	I:	D:
3483	4370	+	3	1.245556	I:	D:
4461	4931	+	3	1.294083	I:	D:
4958	6826	+	2	1.288956	I:	D:
6846	7664	+	3	1.283541	I:	D:
7722	8567	+	3	1.281152	I:	D:
8575	9039	+	1	1.302462	I:	D:
9064	10734	+	1	1.258563	I:	D:
>YB2_13892
798	1538	+	3	1.274350	I:	D:
1535	3328	+	2	1.270104	I:	D:
3513	4874	+	3	1.268827	I:	D:
5127	6029	+	3	1.267462	I:	D:
6049	6897	+	1	1.258573	I:	D:
6994	8952	+	1	1.270382	I:	D:
8958	10481	+	3	1.281204	I:	D:
10542	10772	+	3	1.272931	I:	D:
>YB2_13927
3	842	-	3	1.258303	I:	D:
887	4714	-	2	1.265084	I:	D:
5222	7075	-	2	1.279444	I:	D:
7227	8321	-	3	1.234213	I:	D:
8337	10103	-	3	1.279619	I:	D:
10128	10760	-	3	1.271524	I:	D:
>YB2_13934
75	1385	-	3	1.243215	I:	D:
1427	2620	-	2	1.243933	I:	D:
2678	3844	-	2	1.266798	I:	D:
4181	4912	-	2	1.280673	I:	D:
4951	5964	-	1	1.254267	I:	D:
6180	6980	+	3	1.255345	I:	D:
6980	7750	+	2	1.243067	I:	D:
7936	9228	+	1	1.242100	I:	D:
9496	10614	-	1	1.254868	I:	D:
>YB2_14006
221	1522	-	2	1.281912	I:	D:
1538	2029	-	2	1.263104	I:	D:
2033	3067	-	2	1.267366	I:	D:
3109	5634	-	1	1.274400	I:	D:
5912	6286	+	2	1.392309	I:	D:
6642	6806	+	3	1.292754	I:	D:
6845	7054	+	2	1.308366	I:	D:
7075	7584	+	1	1.329960	I:	D:
7835	8047	+	2	1.378136	I:	D:
8088	10334	+	3	1.283250	I:	D:
>YB2_14072
73	282	+	1	1.358502	I:	D:
419	664	+	2	1.374628	I:	D:
1142	3259	-	2	1.291369	I:	D:
3385	3660	-	1	1.268333	I:	D:
3936	4355	-	3	1.308287	I:	D:
4330	4746	-	1	1.302712	I:	D:
4856	5113	-	2	1.321264	I:	D:
5158	7356	-	1	1.287135	I:	D:
7385	7606	-	2	1.261231	I:	D:
7685	7900	-	2	1.267868	I:	D:
8370	8624	+	3	1.311345	I:	D:
8832	9263	-	3	1.278352	I:	D:
9490	10128	-	1	1.333112	I:	D:
>YB2_14074
12	380	-	3	1.284734	I:	D:
411	665	-	3	1.281603	I:	D:
681	878	-	3	1.238647	I:	D:
875	1315	-	2	1.282291	I:	D:
1315	2013	-	1	1.269604	I:	D:
2026	2361	-	1	1.302147	I:	D:
2379	2654	-	3	1.307777	I:	D:
2670	3500	-	3	1.280545	I:	D:
3604	3900	-	1	1.265073	I:	D:
3897	4517	-	3	1.271048	I:	D:
4532	5164	-	2	1.263546	I:	D:
5345	5656	-	2	1.280884	I:	D:
5723	5935	-	2	1.386971	I:	D:
6074	6316	+	2	1.377574	I:	D:
6849	9914	-	3	1.273559	I:	D:
>YB2_14119
112	975	+	1	1.252374	I:	D:
1081	2232	+	1	1.271449	I:	D:
2293	3435	+	1	1.275949	I:	D:
3515	4564	+	2	1.258508	I:	D:
4564	4866	+	1	1.274517	I:	D:
5012	5428	+	2	1.399514	I:	D:
5509	9816	+	1	1.266943	I:	D:
>YB2_14131
206	1195	-	2	1.275068	I:	D:
1211	1684	-	2	1.293868	I:	D:
1685	2125	-	2	1.275841	I:	D:
2518	3279	+	1	1.283331	I:	D:
3292	4038	+	1	1.260525	I:	D:
4069	4926	+	1	1.253030	I:	D:
5244	5798	-	3	1.273857	I:	D:
6042	6296	-	3	1.275354	I:	D:
6301	7359	-	1	1.260014	I:	D:
7551	8309	+	3	1.301238	I:	D:
8409	8693	+	3	1.291875	I:	D:
8808	9365	+	3	1.253909	I:	D:
9421	10011	+	1	1.348109	I:	D:
10050	10187	+	3	1.358927	I:	D:
>YB2_14133
99	2000	-	3	1.293823	I:	D:
2656	3240	-	1	1.292234	I:	D:
3240	4103	-	3	1.286975	I:	D:
4402	6063	-	1	1.283185	I:	D:
6080	7648	-	2	1.294287	I:	D:
7754	9073	-	2	1.289368	I:	D:
9181	9486	+	1	1.399149	I:	D:
9529	9903	-	1	1.287903	I:	D:
10004	10177	-	2	1.354338	I:	D:
>YB2_14260
119	1132	-	2	1.279428	I:	D:
1172	2056	-	2	1.287924	I:	D:
2056	2907	-	1	1.252532	I:	D:
3012	4382	-	3	1.271830	I:	D:
4686	4970	-	3	1.241354	I:	D:
4870	6732	-	1	1.260805	I:	D:
6808	9483	-	1	1.248216	I:	D:
>YB2_14354
89	673	-	2	1.282045	I:	D:
670	5112	-	1	1.239764	I:	D:
5404	5595	-	1	1.353022	I:	D:
5704	6636	+	1	1.280531	I:	D:
6947	7534	-	2	1.292043	I:	D:
7647	7865	+	3	1.260503	I:	D:
7946	8374	-	2	1.294732	I:	D:
8412	9551	-	3	1.259226	I:	D:
>YB2_14359
581	1240	+	2	1.238419	I:	D:
1242	2093	+	3	1.278979	I:	D:
2090	3028	+	2	1.233355	I:	D:
3030	3461	+	3	1.266907	I:	D:
3461	4117	+	2	1.275809	I:	D:
4454	4711	+	2	1.383376	I:	D:
5010	6311	+	3	1.257348	I:	D:
6542	7219	+	2	1.276142	I:	D:
7320	8447	+	3	1.272419	I:	D:
8451	9356	+	3	1.272408	I:	D:
9416	9637	-	2	1.388293	I:	D:
>YB2_14367
196	1740	-	1	1.234845	I:	D:
2249	2947	+	2	1.301823	I:	D:
3420	4622	+	3	1.224515	I:	D:
4745	6124	-	2	1.256184	I:	D:
6147	7445	-	3	1.258801	I:	D:
7621	8721	-	1	1.275996	I:	D:
8718	9044	-	3	1.286782	I:	D:
9240	9383	+	3	1.341132	I:	D:
>YB2_14375
355	1074	+	1	1.277767	I:	D:
1158	3041	-	3	1.268530	I:	D:
3034	4818	-	1	1.258592	I:	D:
5084	5884	-	2	1.282010	I:	D:
6015	7127	+	3	1.272042	I:	D:
7298	9376	+	2	1.276738	I:	D:
>YB2_14394
150	1634	+	3	1.252112	I:	D:
1873	2745	+	1	1.257917	I:	D:
2992	5649	+	1	1.249849	I:	D:
5657	7267	+	2	1.261448	I:	D:
7393	8652	+	1	1.267029	I:	D:
8750	9289	+	2	1.291899	I:	D:
>YB2_14403
1	519	+	1	1.252461	I:	D:
695	1477	-	2	1.256844	I:	D:
1491	2150	-	3	1.269034	I:	D:
2153	2998	-	2	1.256671	I:	D:
3235	3945	-	1	1.280994	I:	D:
3960	4499	-	3	1.256813	I:	D:
4496	4927	-	2	1.290576	I:	D:
4931	6337	-	2	1.272237	I:	D:
5947	6327	-	1	1.247771	I:	D:
6344	6538	-	2	1.254254	I:	D:
6595	7077	-	1	1.280132	I:	D:
7074	8156	-	3	1.250892	I:	D:
8125	8295	+	1	1.301867	I:	D:
8321	8890	+	2	1.300511	I:	D:
9094	9261	-	1	1.322282	I:	D:
>YB2_14432
128	1810	+	2	1.254925	I:	D:
1977	2423	+	3	1.375373	I:	D:
2552	2692	+	2	1.266227	I:	D:
2855	3625	+	2	1.263830	I:	D:
3713	3913	+	2	1.349436	I:	D:
4271	5275	+	2	1.273107	I:	D:
5585	6907	+	2	1.272677	I:	D:
7027	8472	+	1	1.268496	I:	D:
8469	9368	+	3	1.284798	I:	D:
>YB2_14561
2	2710	+	2	1.271329	I:	D:
2987	3913	+	2	1.298428	I:	D:
3946	6375	+	1	1.255096	I:	D:
6587	7426	-	2	1.262207	I:	D:
7735	8742	+	1	1.269519	I:	D:
>YB2_14804
187	834	+	1	1.290101	I:	D:
831	2225	+	3	1.269907	I:	D:
2238	2987	+	3	1.267050	I:	D:
3044	4459	+	2	1.247163	I:	D:
4658	6118	-	2	1.279287	I:	D:
6384	7265	+	3	1.255824	I:	D:
7306	8061	+	1	1.287875	I:	D:
8433	8732	-	3	1.233565	I:	D:
>YB2_14863
166	660	+	1	1.271090	I:	D:
693	1190	+	3	1.266473	I:	D:
1397	1567	+	2	1.357559	I:	D:
1670	2062	-	2	1.263384	I:	D:
2089	3360	-	1	1.274165	I:	D:
3661	5040	-	1	1.276935	I:	D:
5166	5357	+	3	1.368410	I:	D:
5827	6705	+	1	1.310664	I:	D:
6800	8020	-	2	1.279821	I:	D:
8350	8616	-	1	1.395417	I:	D:
>YB2_14906
154	777	+	1	1.295605	I:	D:
895	1608	+	1	1.258092	I:	D:
1702	3069	-	1	1.261505	I:	D:
3344	4444	-	2	1.255986	I:	D:
4462	5247	-	1	1.266803	I:	D:
5264	6562	-	2	1.270805	I:	D:
6566	7438	-	2	1.268947	I:	D:
7622	8407	-	2	1.257715	I:	D:
>YB2_14994
223	2475	-	1	1.259857	I:	D:
2500	3492	-	1	1.257852	I:	D:
3970	5343	+	1	1.261652	I:	D:
5484	5732	+	3	1.305186	I:	D:
5794	6009	+	1	1.305675	I:	D:
6275	6745	-	2	1.263174	I:	D:
6843	7787	-	3	1.262360	I:	D:
7954	8262	-	1	1.316267	I:	D:
>YB2_15150
2	133	+	2	1.350446	I:	D:
171	2297	+	3	1.266203	I:	D:
2519	2710	-	2	1.273769	I:	D:
2764	4194	-	1	1.271597	I:	D:
4294	5637	-	1	1.248941	I:	D:
6017	8095	-	2	1.274501	I:	D:
>YB2_15210
80	3094	-	2	1.262587	I:	D:
3173	5092	-	2	1.275794	I:	D:
5282	6571	-	2	1.309162	I:	D:
6571	7371	-	1	1.284960	I:	D:
>YB2_15247
197	1018	+	2	1.230724	I:	D:
1018	1605	+	1	1.250931	I:	D:
1694	3004	+	2	1.271268	I:	D:
3303	4556	+	3	1.257554	I:	D:
4647	5723	+	3	1.279535	I:	D:
5973	7856	+	3	1.268850	I:	D:
>YB2_15278
209	1054	+	2	1.258522	I:	D:
1178	1945	+	2	1.259477	I:	D:
2106	2648	+	3	1.237091	I:	D:
2817	2966	+	3	1.337179	I:	D:
3132	5189	-	3	1.229551	I:	D:
5209	6330	-	1	1.286069	I:	D:
6330	7721	-	3	1.269139	I:	D:
>YB2_15291
217	1353	-	1	1.262043	I:	D:
1403	2176	-	2	1.260040	I:	D:
2314	2796	-	1	1.259637	I:	D:
3013	4506	-	1	1.272171	I:	D:
5099	5668	-	2	1.243874	I:	D:
5909	7621	-	2	1.267946	I:	D:
>YB2_15305
84	1025	-	3	1.265721	I:	D:
1082	1345	+	2	1.401186	I:	D:
1802	2218	+	2	1.291847	I:	D:
2307	3683	-	3	1.291293	I:	D:
4082	4747	-	2	1.260997	I:	D:
4919	6346	+	2	1.282139	I:	D:
6487	7341	-	1	1.275045	I:	D:
7432	7707	+	1	1.265753	I:	D:
>YB2_15312
2	235	+	2	1.362426	I:	D:
290	1933	-	2	1.275524	I:	D:
2545	3324	+	1	1.279250	I:	D:
3379	3945	+	1	1.314378	I:	D:
3961	4674	-	1	1.286459	I:	D:
4895	5773	-	2	1.289474	I:	D:
5936	7402	-	2	1.279738	I:	D:
7434	7589	-	3	1.340678	I:	D:
>YB2_15328
96	980	+	3	1.277037	I:	D:
1303	2295	-	1	1.260723	I:	D:
2442	2597	+	3	1.336550	I:	D:
2600	3208	+	2	1.267337	I:	D:
3296	3496	+	2	1.357943	I:	D:
3576	4007	-	3	1.279560	I:	D:
4004	4354	-	2	1.313780	I:	D:
4552	4719	+	1	1.300943	I:	D:
4840	5922	-	1	1.270835	I:	D:
5923	6480	-	1	1.255131	I:	D:
6762	7808	-	3	1.270409	I:	D:
>YB2_15432
115	720	-	1	1.276260	I:	D:
720	1016	-	3	1.268174	I:	D:
1303	1803	+	1	1.271877	I:	D:
1870	3759	-	1	1.272955	I:	D:
3769	4698	-	1	1.290466	I:	D:
4780	5160	-	1	1.312151	I:	D:
5199	5432	+	3	1.385442	I:	D:
5558	6046	+	2	1.255399	I:	D:
6085	7587	+	1	1.270289	I:	D:
>YB2_15442
188	1390	+	2	1.264878	I:	D:
1596	2588	+	3	1.282375	I:	D:
2674	5118	+	1	1.265520	I:	D:
5154	5744	+	3	1.259864	I:	D:
5748	6521	+	3	1.273939	I:	D:
6557	7468	+	2	1.253301	I:	D:
7513	7653	-	1	1.344278	I:	D:
>YB2_15526
129	1166	+	3	1.258822	I:	D:
1163	2179	+	2	1.254750	I:	D:
2172	2927	+	3	1.240839	I:	D:
3106	4059	-	1	1.293998	I:	D:
3998	5443	-	2	1.234438	I:	D:
5837	6880	-	2	1.257433	I:	D:
6877	7248	-	1	1.304345	I:	D:
7346	7543	-	2	1.359004	I:	D:
>YB2_15690
103	741	-	1	1.222919	I:	D:
738	2222	-	3	1.255793	I:	D:
2338	3174	+	1	1.281661	I:	D:
3251	3571	-	2	1.398300	I:	D:
3756	4949	-	3	1.278818	I:	D:
4963	6102	-	1	1.270226	I:	D:
6282	6443	+	3	1.297626	I:	D:
6606	7271	+	3	1.253613	I:	D:
>YB2_15758
275	2788	+	2	1.237512	I:	D:
3025	4032	+	1	1.260658	I:	D:
4176	5837	+	3	1.249239	I:	D:
5935	6936	-	1	1.252771	I:	D:
7032	7163	-	3	1.251540	I:	D:
>YB2_15821
77	361	-	2	1.234416	I:	D:
358	2391	-	1	1.232559	I:	D:
2492	3391	-	2	1.240731	I:	D:
3433	4740	-	1	1.248058	I:	D:
4849	5412	-	1	1.278582	I:	D:
5665	6072	-	1	1.204939	I:	D:
6471	7007	+	3	1.186918	I:	D:
>YB2_15956
206	1096	-	2	1.265789	I:	D:
1099	1989	-	1	1.327057	I:	D:
2356	2583	+	1	1.395843	I:	D:
2590	3267	+	1	1.287790	I:	D:
3300	4406	+	3	1.291027	I:	D:
4419	4577	+	3	1.345492	I:	D:
4650	4829	+	3	1.333103	I:	D:
5075	5473	+	2	1.282272	I:	D:
5630	7021	-	2	1.260341	I:	D:
>YB2_16286
2	190	+	2	1.360473	I:	D:
258	1175	-	3	1.286885	I:	D:
1203	2381	-	3	1.274938	I:	D:
2381	2863	-	2	1.262020	I:	D:
3019	3822	-	1	1.307939	I:	D:
3801	5165	-	3	1.306229	I:	D:
5336	6079	-	2	1.315675	I:	D:
6282	6566	+	3	1.324641	I:	D:
>YB2_16310
158	733	+	2	1.266553	I:	D:
816	1244	-	3	1.261656	I:	D:
1287	2477	-	3	1.257517	I:	D:
2723	3577	-	2	1.277008	I:	D:
3644	3817	+	2	1.355297	I:	D:
4076	4315	+	2	1.252624	I:	D:
4363	5802	+	1	1.270851	I:	D:
6056	6352	+	2	1.370513	I:	D:
>YB2_16372
438	1466	-	3	1.259277	I:	D:
1506	2990	-	3	1.268949	I:	D:
3007	3870	-	1	1.250271	I:	D:
3874	4971	-	1	1.243968	I:	D:
5177	6385	-	2	1.246053	I:	D:
>YB2_16380
3	137	+	3	1.380258	I:	D:
253	939	-	1	1.256899	I:	D:
1150	2193	+	1	1.246595	I:	D:
2216	2965	+	2	1.265661	I:	D:
2962	3534	+	1	1.264711	I:	D:
3956	4660	-	2	1.255591	I:	D:
4676	6271	-	2	1.281322	I:	D:
6295	6528	+	1	1.368390	I:	D:
>YB2_16502
391	1995	+	1	1.278050	I:	D:
2265	4637	-	3	1.275580	I:	D:
4767	6257	-	3	1.279245	I:	D:
>YB2_16527
167	1330	-	2	1.260004	I:	D:
1346	1657	-	2	1.233615	I:	D:
1707	2984	-	3	1.264189	I:	D:
3523	3663	+	1	1.349472	I:	D:
3996	5231	-	3	1.247339	I:	D:
5390	6277	-	2	1.235740	I:	D:
>YB2_16597
266	1633	+	2	1.247314	I:	D:
1638	3125	+	3	1.263931	I:	D:
3204	4034	+	3	1.276957	I:	D:
4169	4711	+	2	1.259636	I:	D:
4920	6239	+	3	1.267218	I:	D:
>YB2_16644
2	202	+	2	1.369319	I:	D:
415	618	+	1	1.371545	I:	D:
1906	2355	+	1	1.245154	I:	D:
2352	2909	+	3	1.261265	I:	D:
2928	4421	+	3	1.266589	I:	D:
4423	4794	+	1	1.289612	I:	D:
4806	6308	+	3	1.283012	I:	D:
>YB2_17111
98	1942	-	2	1.277895	I:	D:
1939	2832	-	1	1.274790	I:	D:
2829	3602	-	3	1.268700	I:	D:
3893	5785	-	2	1.247841	I:	D:
>YB2_17124
116	985	+	2	1.282546	I:	D:
982	1725	+	1	1.295503	I:	D:
2100	3296	-	3	1.274621	I:	D:
3430	4623	-	1	1.266154	I:	D:
4664	5098	-	2	1.247030	I:	D:
5095	5817	-	1	1.261173	I:	D:
>YB2_17288
1	312	+	1	1.379249	I:	D:
339	1289	+	3	1.310469	I:	D:
1465	2673	-	1	1.280775	I:	D:
2733	2888	-	3	1.268562	I:	D:
3136	3468	-	1	1.293680	I:	D:
3544	5061	-	1	1.287553	I:	D:
5485	5685	+	1	1.359805	I:	D:
>YB2_17392
2	220	+	2	1.391373	I:	D:
277	1347	-	1	1.246367	I:	D:
1349	1837	-	2	1.247686	I:	D:
1834	3099	-	1	1.264874	I:	D:
3332	5002	-	2	1.273551	I:	D:
5528	5659	+	2	1.364799	I:	D:
>YB2_17412
104	1201	-	2	1.272110	I:	D:
1566	1958	+	3	1.280826	I:	D:
2056	2547	+	1	1.290947	I:	D:
2686	3675	+	1	1.284574	I:	D:
3836	4711	-	2	1.240398	I:	D:
4714	5400	-	1	1.245518	I:	D:
5446	5601	-	1	1.340137	I:	D:
>YB2_17492
390	560	-	3	1.335218	I:	D:
727	1518	+	1	1.277072	I:	D:
1536	2495	+	3	1.265055	I:	D:
2499	2699	-	3	1.361114	I:	D:
2936	4147	-	2	1.261172	I:	D:
4147	5406	-	1	1.265221	I:	D:
5421	5648	+	3	1.363776	I:	D:
>YB2_17692
202	2016	-	1	1.260679	I:	D:
2379	2789	-	3	1.374558	I:	D:
2914	5499	-	1	1.267019	I:	D:
>YB2_17820
238	2001	+	1	1.252505	I:	D:
1994	3922	+	2	1.254361	I:	D:
4229	5272	+	2	1.265055	I:	D:
>YB2_17942
3	152	+	3	1.365827	I:	D:
190	1563	-	1	1.250332	I:	D:
1602	2561	-	3	1.274554	I:	D:
2755	4134	+	1	1.246291	I:	D:
4141	5115	+	1	1.284237	I:	D:
>YB2_18068
129	1268	-	3	1.269152	I:	D:
1449	2648	-	3	1.267857	I:	D:
2645	3697	-	2	1.248642	I:	D:
3908	5131	+	2	1.268187	I:	D:
>YB2_18164
3	149	+	3	1.375129	I:	D:
334	1602	-	1	1.276386	I:	D:
1912	2736	+	1	1.257697	I:	D:
2829	3245	+	3	1.253353	I:	D:
3357	5183	+	3	1.275826	I:	D:
>YB2_18327
151	1071	+	1	1.258927	I:	D:
1075	3750	+	1	1.268818	I:	D:
3852	4811	+	3	1.275496	I:	D:
4849	5082	+	1	1.357918	I:	D:
>YB2_18359
3	320	-	3	1.378752	I:	D:
442	2223	+	1	1.249921	I:	D:
2360	3439	-	2	1.234998	I:	D:
3530	4090	-	2	1.273908	I:	D:
4329	4775	-	3	1.267097	I:	D:
>YB2_18641
149	1363	-	2	1.267273	I:	D:
1601	2833	-	2	1.245194	I:	D:
2913	3809	-	3	1.263241	I:	D:
3823	4581	-	1	1.253644	I:	D:
>YB2_18649
104	1279	-	2	1.235500	I:	D:
1276	2088	-	1	1.258772	I:	D:
2225	2857	-	2	1.229884	I:	D:
3366	4019	+	3	1.276476	I:	D:
4036	4812	+	1	1.242415	I:	D:
>YB2_18759
298	1440	+	1	1.270503	I:	D:
1598	3157	+	2	1.244987	I:	D:
3154	4059	+	1	1.247636	I:	D:
4346	4843	+	2	1.286776	I:	D:
>YB2_18851
2	202	+	2	1.376851	I:	D:
319	2571	-	1	1.258623	I:	D:
2887	3018	-	1	1.346763	I:	D:
3096	4646	-	3	1.271158	I:	D:
>YB2_18931
75	464	-	3	1.297237	I:	D:
747	2225	-	3	1.299025	I:	D:
2240	3094	-	2	1.286254	I:	D:
3389	4696	+	2	1.263045	I:	D:
>YB2_18946
86	1156	+	2	1.272086	I:	D:
1222	2364	-	1	1.274981	I:	D:
2432	3115	-	2	1.268685	I:	D:
3133	4263	-	1	1.250267	I:	D:
4461	4766	+	3	1.405733	I:	D:
>YB2_19165
310	2304	+	1	1.287934	I:	D:
2307	3215	+	3	1.299010	I:	D:
3617	4630	-	2	1.269099	I:	D:
4936	6633	+	1	1.265728	I:	D:
6988	7269	+	1	1.245797	I:	D:
7524	9029	+	3	1.273002	I:	D:
9272	10954	+	2	1.263820	I:	D:
11306	12226	+	2	1.243520	I:	D:
12230	13135	+	2	1.258574	I:	D:
13156	14145	+	1	1.258347	I:	D:
14142	15122	+	3	1.273325	I:	D:
15146	15997	+	2	1.283379	I:	D:
17290	18183	-	1	1.273863	I:	D:
18507	18908	+	3	1.280876	I:	D:
18898	20241	+	1	1.245313	I:	D:
20364	20603	+	3	1.254786	I:	D:
20623	20856	+	1	1.238882	I:	D:
20947	21477	+	1	1.246870	I:	D:
21481	22719	+	1	1.264498	I:	D:
22991	23254	+	2	1.278253	I:	D:
23360	25204	+	2	1.261940	I:	D:
25423	25974	+	1	1.284696	I:	D:
25971	26456	+	3	1.258130	I:	D:
26748	27164	+	3	1.279972	I:	D:
27409	28332	+	1	1.277339	I:	D:
28437	28913	+	3	1.272056	I:	D:
29091	31736	+	3	1.275681	I:	D:
31813	33192	+	1	1.266373	I:	D:
33217	34230	+	1	1.253086	I:	D:
34249	35505	+	1	1.283627	I:	D:
35771	36892	+	2	1.253843	I:	D:
36951	38234	+	3	1.261723	I:	D:
38375	38875	+	2	1.274373	I:	D:
38872	39489	+	1	1.269258	I:	D:
39473	40225	+	2	1.308248	I:	D:
41741	43174	-	2	1.245391	I:	D:
43204	46890	-	1	1.249118	I:	D:
46897	48195	-	1	1.254968	I:	D:
48394	49575	-	1	1.270132	I:	D:
49580	50311	-	2	1.251972	I:	D:
50333	50926	-	2	1.245984	I:	D:
50923	51963	-	1	1.251751	I:	D:
51985	53454	-	1	1.258609	I:	D:
53557	54270	-	1	1.243013	I:	D:
54366	54872	-	3	1.254494	I:	D:
55322	55843	+	2	1.277996	I:	D:
56060	57460	-	2	1.289904	I:	D:
57480	58937	-	3	1.278918	I:	D:
58959	59321	-	3	1.278960	I:	D:
59337	60065	-	3	1.290346	I:	D:
60103	61332	-	1	1.269435	I:	D:
>YB2_19309
3	2897	+	3	1.239039	I:	D:
2912	4393	+	2	1.241368	I:	D:
>YB2_19314
102	1232	+	3	1.278566	I:	D:
1225	2136	+	1	1.270371	I:	D:
2208	3320	+	3	1.281215	I:	D:
3317	4261	+	2	1.281487	I:	D:
4276	5298	+	1	1.268477	I:	D:
5454	6977	+	3	1.272933	I:	D:
6992	7828	+	2	1.291780	I:	D:
7930	9654	+	1	1.262829	I:	D:
9896	10693	+	2	1.277760	I:	D:
10700	11737	+	2	1.271193	I:	D:
11739	12491	+	3	1.269406	I:	D:
12530	14539	+	2	1.258002	I:	D:
14511	15077	+	3	1.271719	I:	D:
15231	16187	-	3	1.269089	I:	D:
16180	17049	-	1	1.260157	I:	D:
17386	17544	+	1	1.288687	I:	D:
17889	18731	+	3	1.255686	I:	D:
18733	20133	+	1	1.261213	I:	D:
20229	20429	+	3	1.350242	I:	D:
20996	22144	+	2	1.252081	I:	D:
22331	22639	-	2	1.349720	I:	D:
22662	23069	+	3	1.270283	I:	D:
23254	24249	+	1	1.237679	I:	D:
24459	25805	+	3	1.263037	I:	D:
26289	26822	+	3	1.250703	I:	D:
26871	27116	-	3	1.299694	I:	D:
27229	27450	+	1	1.374777	I:	D:
27721	27918	+	1	1.370863	I:	D:
27827	28423	+	2	1.389856	I:	D:
28987	31839	+	1	1.411522	I:	D:
31928	32359	-	2	1.269123	I:	D:
32400	32765	-	3	1.247249	I:	D:
33079	33384	-	1	1.285235	I:	D:
33975	35369	-	3	1.276336	I:	D:
35362	36060	-	1	1.257376	I:	D:
36142	37941	-	1	1.247826	I:	D:
38394	39353	+	3	1.268163	I:	D:
39463	40365	+	1	1.266416	I:	D:
40358	41269	+	2	1.238214	I:	D:
41286	42041	+	3	1.263525	I:	D:
42058	42729	+	1	1.237929	I:	D:
43131	43481	+	3	1.318064	I:	D:
43493	43630	-	2	1.325647	I:	D:
43727	45538	-	2	1.247721	I:	D:
45538	47787	-	1	1.244548	I:	D:
47784	48278	-	3	1.246869	I:	D:
48407	49684	-	2	1.259987	I:	D:
49785	52052	-	3	1.258649	I:	D:
52390	54579	+	1	1.285120	I:	D:
54688	54966	+	1	1.361510	I:	D:
55030	55665	+	1	1.251562	I:	D:
55952	56833	-	2	1.265004	I:	D:
57115	57864	+	1	1.279129	I:	D:
58016	58858	+	2	1.265076	I:	D:
58924	59133	-	1	1.281862	I:	D:
59169	60437	-	3	1.259885	I:	D:
>YB2_19374
207	3536	-	3	1.249805	I:	D:
3591	4229	-	3	1.295440	I:	D:
>YB2_19449
245	1330	-	2	1.263512	I:	D:
1575	2204	-	3	1.268235	I:	D:
2259	4391	-	3	1.267779	I:	D:
>YB2_19855
116	1669	-	2	1.253458	I:	D:
1970	2629	-	2	1.256901	I:	D:
2916	4172	-	3	1.246203	I:	D:
>YB2_19884
82	1464	-	1	1.297918	I:	D:
1763	2674	+	2	1.309337	I:	D:
2715	3323	-	3	1.304655	I:	D:
3322	3462	+	1	1.346759	I:	D:
3683	4186	+	2	1.355575	I:	D:
>YB2_20028
84	2558	-	3	1.256776	I:	D:
2887	3327	-	1	1.245104	I:	D:
3540	4256	-	3	1.397510	I:	D:
