>Y6.M054_1
145	378	-	1	1.200545	I:	D:
1114	1776	+	1	1.151481	I:	D:
1783	2223	-	1	1.175246	I:	D:
2446	3042	+	1	1.175314	I:	D:
3069	3611	+	3	1.190376	I:	D:
3623	7150	+	2	1.171778	I:	D:
7164	7475	+	3	1.182443	I:	D:
7482	10955	+	3	1.192278	I:	D:
10967	13510	+	2	1.165065	I:	D:
13522	15552	+	1	1.221322	I:	D:
15573	17504	+	3	1.175798	I:	D:
>Y6.M054_2
62	622	-	2	1.225041	I:	D:
615	2108	-	3	1.238930	I:	D:
2105	3592	-	2	1.233365	I:	D:
3602	5920	-	2	1.231186	I:	D:
6031	8130	-	1	1.194552	I:	D:
8135	8878	-	2	1.192348	I:	D:
8899	9930	-	1	1.199794	I:	D:
10038	10484	-	3	1.198005	I:	D:
10477	11979	-	1	1.233041	I:	D:
12068	13663	-	2	1.218966	I:	D:
13663	15993	-	1	1.229264	I:	D:
15968	16345	-	2	1.213644	I:	D:
>Y6.M054_3
2	463	+	2	1.169299	I:	D:
492	1367	+	3	1.166468	I:	D:
1383	2072	+	3	1.196222	I:	D:
>Y6.M054_4
1735	2718	+	1	1.208535	I:	D:
2970	3317	-	3	1.228565	I:	D:
3688	4206	+	1	1.259043	I:	D:
4669	4845	-	1	1.203280	I:	D:
5177	5545	+	2	1.175976	I:	D:
>Y6.M054_5
190	2655	-	1	1.259928	I:	D:
>Y6.M054_6
277	1260	-	1	1.266279	I:	D:
1453	1746	-	1	1.193109	I:	D:
1763	1936	-	2	1.233378	I:	D:
2055	5108	-	3	1.247634	I:	D:
5357	8416	+	2	1.253156	I:	D:
8449	9948	-	1	1.300851	I:	D:
10152	10580	+	3	1.238725	I:	D:
10845	11732	-	3	1.239557	I:	D:
11833	12486	-	1	1.277073	I:	D:
12521	12832	-	2	1.238629	I:	D:
12848	13666	-	2	1.271358	I:	D:
13747	15081	-	1	1.257346	I:	D:
15139	16050	-	1	1.268019	I:	D:
16163	16867	-	2	1.292311	I:	D:
16867	18369	-	1	1.301711	I:	D:
18449	19729	-	2	1.264813	I:	D:
19710	20408	-	3	1.251633	I:	D:
20534	21091	+	2	1.267503	I:	D:
21119	21826	-	2	1.312762	I:	D:
21896	22525	-	2	1.309762	I:	D:
22527	23378	-	3	1.257276	I:	D:
23379	23810	-	3	1.281285	I:	D:
23884	24864	+	1	1.285861	I:	D:
25441	26763	-	1	1.278348	I:	D:
26791	27237	-	1	1.335371	I:	D:
27254	27820	-	2	1.277847	I:	D:
27852	28514	-	3	1.291079	I:	D:
28526	29359	-	2	1.267840	I:	D:
29427	30341	+	3	1.273160	I:	D:
30338	31411	+	2	1.303831	I:	D:
31408	32358	+	1	1.319269	I:	D:
32460	32717	-	3	1.227403	I:	D:
32883	34397	-	3	1.262085	I:	D:
34613	36235	-	2	1.275980	I:	D:
36412	38508	+	1	1.298066	I:	D:
38573	39322	+	2	1.205034	I:	D:
39410	40288	-	2	1.301247	I:	D:
40434	42692	-	3	1.257254	I:	D:
43375	44643	-	1	1.307063	I:	D:
44670	45854	-	3	1.332541	I:	D:
45860	46744	-	2	1.278657	I:	D:
47052	48791	-	3	1.249402	I:	D:
49011	50720	-	3	1.267764	I:	D:
50732	52435	-	2	1.258560	I:	D:
52440	54110	-	3	1.244528	I:	D:
54320	54919	-	2	1.283037	I:	D:
54929	56008	-	2	1.248430	I:	D:
56054	56368	-	2	1.245577	I:	D:
56368	56598	-	1	1.273530	I:	D:
56784	57032	-	3	1.293043	I:	D:
57129	58265	-	3	1.260346	I:	D:
58269	59081	-	3	1.286307	I:	D:
59098	59670	-	1	1.313107	I:	D:
59734	60423	-	1	1.264614	I:	D:
60649	61152	-	1	1.265115	I:	D:
61163	62254	-	2	1.286938	I:	D:
62284	63597	-	1	1.263245	I:	D:
63566	63976	-	2	1.265359	I:	D:
64184	64900	-	2	1.281650	I:	D:
64920	65048	-	3	1.289530	I:	D:
65200	67737	-	1	1.267901	I:	D:
67755	70178	-	3	1.252966	I:	D:
70195	70440	-	1	1.237024	I:	D:
70628	71377	-	2	1.301347	I:	D:
71521	71685	-	1	1.277104	I:	D:
71725	73905	-	1	1.234574	I:	D:
73936	74688	-	1	1.225521	I:	D:
75057	75956	-	3	1.228941	I:	D:
75949	76875	-	1	1.265971	I:	D:
76973	78925	-	2	1.291957	I:	D:
79036	79722	-	1	1.244614	I:	D:
79685	82054	-	2	1.298380	I:	D:
82214	83485	-	2	1.214777	I:	D:
83629	84468	-	1	1.284328	I:	D:
84515	84997	-	2	1.267001	I:	D:
85083	86246	-	3	1.268153	I:	D:
86524	87417	-	1	1.224234	I:	D:
87620	89242	-	2	1.290073	I:	D:
89340	90083	-	3	1.232493	I:	D:
90085	90726	-	1	1.235807	I:	D:
90744	91220	-	3	1.252167	I:	D:
91380	92159	-	3	1.222187	I:	D:
92390	98113	-	2	1.247631	I:	D:
98130	99263	-	3	1.251538	I:	D:
99301	99990	-	1	1.168347	I:	D:
99983	100465	-	2	1.219282	I:	D:
100668	100970	-	3	1.225179	I:	D:
100982	101590	-	2	1.263996	I:	D:
101583	102623	-	3	1.314899	I:	D:
102626	103207	-	2	1.300000	I:	D:
103421	104632	-	2	1.232639	I:	D:
104822	105421	-	2	1.294735	I:	D:
105466	106152	-	1	1.254756	I:	D:
106211	106555	-	2	1.225502	I:	D:
106750	107391	+	1	1.272389	I:	D:
107548	107769	-	1	1.248745	I:	D:
107886	110006	-	3	1.249082	I:	D:
110123	110401	-	2	1.225243	I:	D:
110404	111492	-	1	1.262207	I:	D:
111498	111746	-	3	1.256545	I:	D:
>Y6.M054_7
359	1732	+	2	1.303725	I:	D:
1874	2995	+	2	1.175963	I:	D:
3111	3563	+	3	1.253296	I:	D:
3679	4836	+	1	1.218347	I:	D:
4802	6733	+	2	1.274418	I:	D:
6746	9190	+	2	1.242702	I:	D:
11069	11230	-	2	1.223618	I:	D:
11825	12352	+	2	1.244359	I:	D:
12409	14178	+	1	1.230957	I:	D:
14184	14486	+	3	1.201200	I:	D:
14489	15085	+	2	1.275360	I:	D:
15125	15310	+	2	1.186463	I:	D:
15324	16211	+	3	1.238199	I:	D:
16204	16983	+	1	1.249573	I:	D:
16985	17728	+	2	1.241637	I:	D:
17715	18035	+	3	1.237293	I:	D:
18046	18888	+	1	1.269230	I:	D:
18965	19534	+	2	1.219808	I:	D:
19544	22855	+	2	1.247140	I:	D:
23099	23506	+	2	1.213154	I:	D:
23597	24229	+	2	1.189594	I:	D:
24296	24823	+	2	1.219509	I:	D:
25091	25579	+	2	1.291233	I:	D:
25584	27134	+	3	1.267032	I:	D:
27195	27953	+	3	1.252188	I:	D:
28006	28593	+	1	1.243467	I:	D:
28711	29331	+	1	1.236944	I:	D:
29395	30186	+	1	1.235188	I:	D:
30365	30826	+	2	1.313624	I:	D:
31045	31602	+	1	1.237240	I:	D:
31654	31854	+	1	1.302015	I:	D:
31932	32714	+	3	1.257546	I:	D:
32738	32926	+	2	1.186346	I:	D:
32985	33689	+	3	1.254423	I:	D:
33793	34071	+	1	1.234816	I:	D:
34159	37485	+	1	1.231958	I:	D:
37559	37849	+	2	1.185873	I:	D:
38232	38534	+	3	1.298496	I:	D:
38595	39926	+	3	1.257526	I:	D:
39944	41947	+	2	1.226551	I:	D:
42098	43234	+	2	1.280992	I:	D:
43298	44794	+	2	1.267025	I:	D:
44854	45840	+	1	1.274774	I:	D:
45841	46572	+	1	1.267414	I:	D:
46583	48064	+	2	1.246213	I:	D:
48153	49829	+	3	1.272491	I:	D:
49979	52282	+	2	1.237674	I:	D:
52403	53800	+	2	1.252105	I:	D:
53840	54514	+	2	1.268323	I:	D:
54604	54987	+	1	1.256259	I:	D:
54981	55682	+	3	1.280231	I:	D:
55685	56302	+	2	1.251631	I:	D:
56345	56995	+	2	1.290478	I:	D:
57074	57454	+	2	1.243557	I:	D:
57458	57994	+	2	1.227939	I:	D:
57996	58379	+	3	1.237156	I:	D:
58657	59082	+	1	1.247935	I:	D:
59184	59882	+	3	1.227042	I:	D:
60036	60530	+	3	1.233352	I:	D:
60570	60941	+	3	1.171604	I:	D:
61197	61781	+	3	1.272234	I:	D:
61854	65489	+	3	1.252523	I:	D:
65492	69121	+	2	1.262962	I:	D:
69285	69419	+	3	1.215280	I:	D:
69488	69652	-	2	1.228150	I:	D:
>Y6.M054_8
168	1682	+	3	1.223516	I:	D:
1833	4247	+	3	1.256863	I:	D:
4514	4948	+	2	1.277083	I:	D:
4950	7769	+	3	1.271933	I:	D:
7905	8909	+	3	1.226946	I:	D:
8911	10644	+	1	1.215673	I:	D:
10701	10877	+	3	1.189526	I:	D:
10912	12657	+	1	1.223194	I:	D:
12680	13171	+	2	1.227694	I:	D:
13384	14604	+	1	1.252776	I:	D:
14714	15922	+	2	1.247837	I:	D:
15979	16902	+	1	1.218288	I:	D:
16993	18636	+	1	1.279099	I:	D:
18639	19895	+	3	1.249847	I:	D:
19905	20405	+	3	1.283356	I:	D:
20488	20835	-	1	1.256491	I:	D:
20829	21071	-	3	1.236238	I:	D:
21178	22014	-	1	1.264518	I:	D:
22041	23339	-	3	1.265289	I:	D:
23341	24624	-	1	1.251338	I:	D:
24764	26461	+	2	1.248251	I:	D:
26448	27947	+	3	1.246591	I:	D:
27995	28252	-	2	1.304162	I:	D:
28311	28964	+	3	1.272772	I:	D:
29019	29684	+	3	1.246518	I:	D:
29701	30666	+	1	1.212011	I:	D:
30673	30975	+	1	1.270559	I:	D:
30968	31405	+	2	1.212686	I:	D:
31415	31630	+	2	1.283404	I:	D:
31734	33284	+	3	1.301237	I:	D:
34829	36025	-	2	1.183558	I:	D:
36639	37832	+	3	1.242807	I:	D:
38148	39380	+	3	1.260091	I:	D:
39403	41250	+	1	1.226620	I:	D:
41320	42033	+	1	1.236116	I:	D:
42035	43519	+	2	1.247539	I:	D:
43512	44111	+	3	1.299516	I:	D:
44121	46034	+	3	1.277023	I:	D:
46071	47804	-	3	1.305342	I:	D:
47818	48291	-	1	1.240007	I:	D:
48424	48669	+	1	1.198396	I:	D:
48735	49220	-	3	1.274988	I:	D:
49275	49676	-	3	1.299207	I:	D:
49827	50897	+	3	1.295656	I:	D:
50922	51152	+	3	1.161448	I:	D:
51149	52189	+	2	1.275939	I:	D:
52216	52701	+	1	1.282029	I:	D:
52767	53600	+	3	1.279175	I:	D:
53677	54393	+	1	1.297315	I:	D:
54773	55375	-	2	1.264061	I:	D:
55807	56487	+	1	1.258939	I:	D:
56606	58324	+	2	1.208974	I:	D:
58354	58797	-	1	1.282773	I:	D:
58797	60311	-	3	1.269189	I:	D:
60429	60950	+	3	1.282990	I:	D:
61221	62342	+	3	1.277757	I:	D:
62376	63569	+	3	1.238009	I:	D:
63653	63862	+	2	1.270150	I:	D:
63976	64644	+	1	1.282602	I:	D:
64721	65914	+	2	1.229828	I:	D:
66070	67161	+	1	1.257282	I:	D:
>Y6.M054_9
360	836	+	3	1.210007	I:	D:
968	1705	+	2	1.269589	I:	D:
1860	2099	+	3	1.261288	I:	D:
2150	2497	+	2	1.189114	I:	D:
2494	2775	+	1	1.130499	I:	D:
2841	3434	+	3	1.235702	I:	D:
3486	5975	+	3	1.222669	I:	D:
5950	6579	+	1	1.183411	I:	D:
6682	7950	+	1	1.287919	I:	D:
8010	8225	+	3	1.238290	I:	D:
8289	9278	+	3	1.230395	I:	D:
9409	9876	+	1	1.201688	I:	D:
9881	10597	+	2	1.187490	I:	D:
10712	11419	+	2	1.197936	I:	D:
11460	11603	+	3	1.243839	I:	D:
11761	12168	+	1	1.211574	I:	D:
12306	12563	+	3	1.195329	I:	D:
12570	12938	+	3	1.197317	I:	D:
13033	13167	+	1	1.195392	I:	D:
13500	15557	+	3	1.264485	I:	D:
15554	16126	+	2	1.254916	I:	D:
16247	16378	+	2	1.131406	I:	D:
16701	16892	+	3	1.141277	I:	D:
16966	17310	+	1	1.210550	I:	D:
17303	18745	+	2	1.214187	I:	D:
18745	19335	+	1	1.197923	I:	D:
19403	21109	+	2	1.256890	I:	D:
21139	21405	-	1	1.223131	I:	D:
21519	21773	-	3	1.283446	I:	D:
21874	22413	+	1	1.220640	I:	D:
22581	23573	+	3	1.175501	I:	D:
23590	24315	+	1	1.167193	I:	D:
24693	25340	+	3	1.203877	I:	D:
25367	25855	+	2	1.242808	I:	D:
25953	26333	+	3	1.144321	I:	D:
26338	26559	+	1	1.149729	I:	D:
26650	27360	+	1	1.181443	I:	D:
27580	28086	+	1	1.190494	I:	D:
28111	28464	+	1	1.172205	I:	D:
28636	29202	+	1	1.193239	I:	D:
29417	29554	+	2	1.149779	I:	D:
29660	30610	+	2	1.244010	I:	D:
30607	30759	+	1	1.278927	I:	D:
30761	31153	+	2	1.192051	I:	D:
31247	31459	+	2	1.232096	I:	D:
31452	33029	+	3	1.200318	I:	D:
33292	33963	+	1	1.185587	I:	D:
34295	34621	+	2	1.148774	I:	D:
35186	35386	+	2	1.278394	I:	D:
35645	36223	+	2	1.229142	I:	D:
36587	37825	-	2	1.239339	I:	D:
37818	41888	-	3	1.234763	I:	D:
42042	43226	-	3	1.242031	I:	D:
43219	44688	-	1	1.230906	I:	D:
44811	45299	+	3	1.252457	I:	D:
45554	46078	+	2	1.337175	I:	D:
46097	48574	-	2	1.282648	I:	D:
48558	49304	-	3	1.291178	I:	D:
49394	49897	-	2	1.255844	I:	D:
49915	50745	-	1	1.249341	I:	D:
50893	52023	-	1	1.289470	I:	D:
52020	52979	-	3	1.272187	I:	D:
53173	54153	+	1	1.264227	I:	D:
54227	55315	+	2	1.280401	I:	D:
55482	57371	-	3	1.248150	I:	D:
57514	58188	-	1	1.281398	I:	D:
58312	58557	+	1	1.281398	I:	D:
58560	58766	-	3	1.240722	I:	D:
58864	59091	+	1	1.353935	I:	D:
59282	59674	+	2	1.236010	I:	D:
59793	60545	+	3	1.297950	I:	D:
60674	60892	+	2	1.239431	I:	D:
61065	61301	+	3	1.329487	I:	D:
61339	62229	-	1	1.316472	I:	D:
62601	63020	-	3	1.225757	I:	D:
63036	63464	-	3	1.274610	I:	D:
>Y6.M054_10
96	2087	-	3	1.231282	I:	D:
2362	4623	-	1	1.262829	I:	D:
4679	5554	-	2	1.248252	I:	D:
5692	6576	-	1	1.255024	I:	D:
6728	7630	-	2	1.260389	I:	D:
7958	8881	-	2	1.260572	I:	D:
9142	10341	-	1	1.241840	I:	D:
10338	18020	-	3	1.262048	I:	D:
18159	19091	-	3	1.290026	I:	D:
19093	21771	-	1	1.270945	I:	D:
21755	22315	-	2	1.273079	I:	D:
22639	24657	-	1	1.255537	I:	D:
24822	25979	-	3	1.287886	I:	D:
26120	29263	-	2	1.246197	I:	D:
29260	30738	-	1	1.259110	I:	D:
30803	33106	-	2	1.265716	I:	D:
33204	33371	-	3	1.263372	I:	D:
33446	35638	-	2	1.230564	I:	D:
35699	35920	-	2	1.185628	I:	D:
35926	36504	-	1	1.251874	I:	D:
36538	37836	-	1	1.277797	I:	D:
37867	40998	-	1	1.244642	I:	D:
40991	43417	-	2	1.248207	I:	D:
43551	44777	-	3	1.262096	I:	D:
44816	46090	-	2	1.228869	I:	D:
46077	47402	-	3	1.232379	I:	D:
47393	48091	-	2	1.273239	I:	D:
48207	49415	+	3	1.245665	I:	D:
49430	51685	-	2	1.266754	I:	D:
51727	52362	-	1	1.272232	I:	D:
52400	54685	-	2	1.269708	I:	D:
54790	55479	-	1	1.257870	I:	D:
55569	56348	-	3	1.267374	I:	D:
56416	56598	-	1	1.308257	I:	D:
56604	57086	-	3	1.228568	I:	D:
57177	58307	+	3	1.290550	I:	D:
58322	58828	-	2	1.237823	I:	D:
>Y6.M054_11
170	1048	+	2	1.157263	I:	D:
1050	2264	+	3	1.230049	I:	D:
2280	5486	+	3	1.202989	I:	D:
5607	6563	+	3	1.267662	I:	D:
6589	7515	+	1	1.218415	I:	D:
7846	8037	-	1	1.226732	I:	D:
8119	8565	-	1	1.160810	I:	D:
8574	9122	-	3	1.226413	I:	D:
9416	10360	+	2	1.195279	I:	D:
10460	10717	+	2	1.243400	I:	D:
10923	11510	+	3	1.261421	I:	D:
11601	11843	+	3	1.246878	I:	D:
11859	12425	-	3	1.256419	I:	D:
12755	14305	+	2	1.269503	I:	D:
14371	15693	+	1	1.290551	I:	D:
15771	17831	+	3	1.292014	I:	D:
17989	19770	+	1	1.299328	I:	D:
20775	20990	+	3	1.278865	I:	D:
21042	21839	+	3	1.282484	I:	D:
21956	24397	+	2	1.268431	I:	D:
24539	25066	+	2	1.255655	I:	D:
25204	25737	+	1	1.283232	I:	D:
25743	26489	+	3	1.257638	I:	D:
26712	26999	+	3	1.303567	I:	D:
27080	28339	+	2	1.252889	I:	D:
28374	28823	+	3	1.235628	I:	D:
28881	29480	+	3	1.228358	I:	D:
29493	30491	-	3	1.266634	I:	D:
30580	31458	+	1	1.282665	I:	D:
31527	32501	+	3	1.246399	I:	D:
32596	33054	+	1	1.275392	I:	D:
33404	33661	+	2	1.332103	I:	D:
33636	35690	+	3	1.308887	I:	D:
35803	36246	+	1	1.230723	I:	D:
36256	36939	+	1	1.295348	I:	D:
36954	37718	+	3	1.238616	I:	D:
38222	38833	+	2	1.259657	I:	D:
38919	39566	+	3	1.303480	I:	D:
39610	40308	+	1	1.255468	I:	D:
40430	41797	+	2	1.246313	I:	D:
41984	43744	+	2	1.238093	I:	D:
43763	44293	+	2	1.278366	I:	D:
44392	49827	+	1	1.207662	I:	D:
49884	50300	+	3	1.231534	I:	D:
50350	50778	+	1	1.200417	I:	D:
50808	51209	+	3	1.219096	I:	D:
51223	52776	+	1	1.279847	I:	D:
52786	53337	+	1	1.207918	I:	D:
53667	54101	+	3	1.211170	I:	D:
54095	54547	+	2	1.184023	I:	D:
54620	56173	+	2	1.287141	I:	D:
>Y6.M054_12
225	1505	-	3	1.236673	I:	D:
1888	2544	+	1	1.217603	I:	D:
2644	2883	-	1	1.327657	I:	D:
2991	3419	-	3	1.201136	I:	D:
3406	3909	-	1	1.191420	I:	D:
4613	4927	+	2	1.238597	I:	D:
5078	5497	+	2	1.180422	I:	D:
5573	5755	+	2	1.201571	I:	D:
5759	7345	+	2	1.195450	I:	D:
7453	8529	+	1	1.268894	I:	D:
8541	8684	+	3	1.287457	I:	D:
9064	9927	+	1	1.173170	I:	D:
9966	11585	+	3	1.203114	I:	D:
11578	13245	+	1	1.212259	I:	D:
13517	13690	+	2	1.157548	I:	D:
13858	14322	+	1	1.209051	I:	D:
14439	14714	+	3	1.193627	I:	D:
14755	15924	+	1	1.252500	I:	D:
15981	16658	+	3	1.274066	I:	D:
16621	17280	+	1	1.297405	I:	D:
17337	18092	+	3	1.297971	I:	D:
18126	21017	-	3	1.297584	I:	D:
21018	21599	-	3	1.302106	I:	D:
21751	21900	+	1	1.261910	I:	D:
21869	22594	+	2	1.266304	I:	D:
22636	23013	+	1	1.238161	I:	D:
23396	23890	+	2	1.295094	I:	D:
23887	24474	+	1	1.253818	I:	D:
24620	25636	+	2	1.262644	I:	D:
26015	27568	+	2	1.252273	I:	D:
27634	28545	+	1	1.279640	I:	D:
28554	30275	-	3	1.272073	I:	D:
30476	30832	+	2	1.326983	I:	D:
31207	32232	-	1	1.217390	I:	D:
32705	33097	-	2	1.251582	I:	D:
33237	33554	-	3	1.315383	I:	D:
33551	33814	-	2	1.256035	I:	D:
33947	35140	+	2	1.254296	I:	D:
35147	35575	+	2	1.262291	I:	D:
35770	36105	+	1	1.277044	I:	D:
36185	36541	+	2	1.210396	I:	D:
36614	37015	+	2	1.290878	I:	D:
37175	37588	+	2	1.277588	I:	D:
37651	38928	+	1	1.282666	I:	D:
39828	40991	+	3	1.267595	I:	D:
41713	46923	+	1	1.232857	I:	D:
46939	48348	+	1	1.246844	I:	D:
48361	48606	+	1	1.350112	I:	D:
48620	49360	+	2	1.217730	I:	D:
49372	50712	+	1	1.239669	I:	D:
50705	51493	+	2	1.230875	I:	D:
51480	52832	+	3	1.291345	I:	D:
52825	53094	+	1	1.186572	I:	D:
53078	53626	+	2	1.227108	I:	D:
53628	54365	+	3	1.228184	I:	D:
>Y6.M054_13
225	713	+	3	1.279602	I:	D:
713	2746	+	2	1.248110	I:	D:
2764	3615	+	1	1.299839	I:	D:
3711	5858	+	3	1.269721	I:	D:
5858	6487	+	2	1.224740	I:	D:
6607	7278	-	1	1.248989	I:	D:
7459	9021	-	1	1.239497	I:	D:
9211	11268	+	1	1.272699	I:	D:
11278	12633	+	1	1.243306	I:	D:
12837	13226	+	3	1.291749	I:	D:
13247	13843	+	2	1.257534	I:	D:
13932	15488	-	3	1.241701	I:	D:
15642	16361	+	3	1.305978	I:	D:
16395	17681	+	3	1.297652	I:	D:
17678	18544	+	2	1.250712	I:	D:
18559	20076	+	1	1.312218	I:	D:
20164	21723	+	1	1.238975	I:	D:
21810	21947	+	3	1.299005	I:	D:
22078	23121	+	1	1.246926	I:	D:
23102	24331	+	2	1.215298	I:	D:
24309	26222	+	3	1.244714	I:	D:
26963	27205	-	2	1.259167	I:	D:
26571	28136	+	3	1.240132	I:	D:
28337	30055	+	2	1.230096	I:	D:
30127	30894	+	1	1.248363	I:	D:
30896	31666	+	2	1.288950	I:	D:
31669	33753	+	1	1.236328	I:	D:
33774	35969	+	3	1.271636	I:	D:
35978	36823	+	2	1.221194	I:	D:
36836	38389	+	2	1.256071	I:	D:
38433	39161	+	3	1.214597	I:	D:
39163	39504	+	1	1.203687	I:	D:
39504	39857	+	3	1.258220	I:	D:
39879	40883	+	3	1.252776	I:	D:
40909	42216	-	1	1.285294	I:	D:
42299	44749	+	2	1.282737	I:	D:
44809	45954	+	1	1.269652	I:	D:
45960	46433	+	3	1.319002	I:	D:
46446	47000	+	3	1.230420	I:	D:
47090	48034	+	2	1.257014	I:	D:
48161	50770	+	2	1.246597	I:	D:
50920	53418	+	1	1.245578	I:	D:
>Y6.M054_14
489	626	+	3	1.267970	I:	D:
910	2193	+	1	1.282754	I:	D:
2255	3136	+	2	1.279113	I:	D:
3179	3709	+	2	1.296142	I:	D:
3822	5486	-	3	1.295819	I:	D:
5720	6397	+	2	1.295140	I:	D:
6438	7289	+	3	1.263289	I:	D:
7298	8281	-	2	1.279286	I:	D:
8440	8796	+	1	1.401492	I:	D:
8837	9247	+	2	1.269374	I:	D:
9352	10797	+	1	1.255308	I:	D:
10862	12856	+	2	1.297465	I:	D:
12923	13348	+	2	1.318036	I:	D:
13390	13605	+	1	1.206617	I:	D:
13661	14383	+	2	1.228308	I:	D:
14471	15859	+	2	1.318863	I:	D:
16069	16341	+	1	1.274583	I:	D:
16692	17417	+	3	1.195546	I:	D:
17695	18342	+	1	1.257317	I:	D:
18383	24631	+	2	1.232906	I:	D:
24658	25137	+	1	1.219123	I:	D:
25287	25598	+	3	1.175684	I:	D:
25690	26145	+	1	1.244250	I:	D:
26213	27460	+	2	1.245127	I:	D:
27505	27960	+	1	1.228220	I:	D:
27984	28571	+	3	1.222470	I:	D:
28679	29038	+	2	1.189851	I:	D:
29054	29929	+	2	1.269184	I:	D:
30096	32027	+	3	1.309435	I:	D:
32044	32520	+	1	1.242820	I:	D:
32532	35141	+	3	1.309165	I:	D:
35200	35994	+	1	1.316001	I:	D:
35997	36320	+	3	1.368979	I:	D:
36366	36746	+	3	1.297243	I:	D:
36748	36969	+	1	1.260239	I:	D:
37065	37373	+	3	1.199314	I:	D:
37472	37918	+	2	1.278326	I:	D:
37919	38488	+	2	1.308558	I:	D:
38475	39026	+	3	1.364297	I:	D:
39275	40117	+	2	1.189022	I:	D:
40208	40969	-	2	1.263395	I:	D:
41307	42290	+	3	1.304595	I:	D:
42303	42917	+	3	1.191670	I:	D:
42933	44747	+	3	1.225177	I:	D:
44806	46599	+	1	1.275369	I:	D:
46616	47740	+	2	1.300341	I:	D:
47862	48485	-	3	1.305021	I:	D:
48493	49731	-	1	1.275650	I:	D:
49878	50780	+	3	1.271762	I:	D:
50782	51948	+	1	1.258289	I:	D:
51952	52128	-	1	1.262499	I:	D:
>Y6.M054_15
1	8787	+	1	1.247858	I:	D:
8921	10969	+	2	1.311151	I:	D:
11068	11685	+	1	1.281122	I:	D:
11687	13933	+	2	1.302535	I:	D:
13926	15788	+	3	1.289212	I:	D:
15883	16383	+	1	1.275766	I:	D:
16519	17031	+	1	1.251076	I:	D:
17093	17635	+	2	1.274423	I:	D:
17842	18453	+	1	1.255860	I:	D:
18533	19132	+	2	1.290321	I:	D:
19152	20042	+	3	1.287298	I:	D:
20058	20312	-	3	1.234083	I:	D:
20368	22395	+	1	1.299438	I:	D:
22578	22742	+	3	1.258235	I:	D:
22761	22925	+	3	1.234616	I:	D:
22941	23498	+	3	1.257589	I:	D:
23590	24111	+	1	1.271292	I:	D:
24192	24404	+	3	1.301054	I:	D:
24470	25411	+	2	1.239865	I:	D:
25699	28107	+	1	1.277366	I:	D:
28144	28356	-	1	1.232470	I:	D:
28462	29133	+	1	1.274910	I:	D:
29223	29969	+	3	1.286453	I:	D:
29969	30472	+	2	1.227747	I:	D:
30469	31143	+	1	1.332061	I:	D:
31156	31623	+	1	1.244173	I:	D:
31710	32840	-	3	1.270800	I:	D:
33106	33453	+	1	1.259008	I:	D:
33488	34009	+	2	1.209530	I:	D:
34089	34805	+	3	1.277981	I:	D:
34813	35943	+	1	1.239934	I:	D:
35963	36544	-	2	1.272708	I:	D:
36982	39099	+	1	1.279004	I:	D:
39065	39472	+	2	1.232694	I:	D:
39474	39617	+	3	1.343720	I:	D:
39627	39794	+	3	1.324083	I:	D:
39936	40304	+	3	1.233607	I:	D:
40380	40574	+	3	1.261322	I:	D:
40738	41295	+	1	1.205156	I:	D:
41315	42322	+	2	1.298288	I:	D:
42342	42911	+	3	1.219485	I:	D:
42926	43951	+	2	1.286749	I:	D:
43999	45201	+	1	1.267241	I:	D:
45258	45503	+	3	1.343617	I:	D:
45547	45789	+	1	1.268059	I:	D:
45805	46944	+	1	1.279397	I:	D:
46966	47331	-	1	1.273527	I:	D:
47407	48054	+	1	1.247094	I:	D:
48061	49011	-	1	1.247043	I:	D:
49155	50978	-	3	1.239508	I:	D:
>Y6.M054_16
603	2060	+	3	1.264805	I:	D:
2616	3371	+	3	1.300767	I:	D:
3393	4193	+	3	1.321448	I:	D:
4226	4831	+	2	1.321022	I:	D:
4960	6246	-	1	1.241195	I:	D:
6558	6800	+	3	1.286176	I:	D:
6952	9231	+	1	1.294754	I:	D:
9262	9804	+	1	1.264873	I:	D:
9806	10336	+	2	1.288932	I:	D:
10374	11816	+	3	1.298978	I:	D:
11827	12321	-	1	1.216727	I:	D:
12434	13993	+	2	1.257526	I:	D:
13997	15838	+	2	1.258334	I:	D:
15855	16658	+	3	1.235740	I:	D:
16726	19674	+	1	1.295723	I:	D:
19687	20115	+	1	1.263521	I:	D:
20128	20967	+	1	1.249443	I:	D:
20987	22465	+	2	1.280169	I:	D:
22486	23379	+	1	1.287994	I:	D:
23379	24164	+	3	1.264313	I:	D:
24228	24431	+	3	1.262502	I:	D:
24485	25006	+	2	1.270354	I:	D:
25025	25546	+	2	1.273197	I:	D:
25569	26579	+	3	1.296369	I:	D:
26653	26991	+	1	1.269073	I:	D:
27060	28427	+	3	1.262765	I:	D:
28441	30261	+	1	1.274402	I:	D:
30329	30667	+	2	1.284580	I:	D:
30621	31172	+	3	1.234482	I:	D:
31169	32956	+	2	1.247077	I:	D:
32996	35686	+	2	1.286087	I:	D:
35696	36370	+	2	1.237926	I:	D:
36389	39016	+	2	1.264491	I:	D:
39135	39731	+	3	1.223871	I:	D:
39804	40112	+	3	1.240625	I:	D:
40221	42029	+	3	1.272188	I:	D:
42090	42881	+	3	1.267492	I:	D:
42950	44383	+	2	1.273313	I:	D:
44411	45244	+	2	1.222832	I:	D:
45438	46634	+	3	1.252155	I:	D:
46778	47857	-	2	1.234571	I:	D:
47869	49263	-	1	1.289161	I:	D:
49311	49772	-	3	1.227814	I:	D:
49769	50299	-	2	1.252504	I:	D:
50296	50856	-	1	1.287165	I:	D:
>Y6.M054_17
1	165	+	1	1.300498	I:	D:
189	509	+	3	1.297618	I:	D:
649	3462	+	1	1.270579	I:	D:
3883	4695	+	1	1.301378	I:	D:
4714	5616	+	1	1.256703	I:	D:
5676	6239	+	3	1.256023	I:	D:
6242	6970	+	2	1.299919	I:	D:
7023	7658	-	3	1.276563	I:	D:
7789	8733	+	1	1.278342	I:	D:
8738	9664	+	2	1.251391	I:	D:
9670	10197	+	1	1.246682	I:	D:
10204	10713	+	1	1.277266	I:	D:
10742	11317	-	2	1.280452	I:	D:
11432	11608	+	2	1.255985	I:	D:
11637	13289	+	3	1.264544	I:	D:
13476	14492	+	3	1.266720	I:	D:
14585	15763	+	2	1.254995	I:	D:
15845	16849	+	2	1.278035	I:	D:
16846	18090	+	1	1.255445	I:	D:
18071	18787	+	2	1.283395	I:	D:
19117	19890	+	1	1.288207	I:	D:
19926	20396	-	3	1.272699	I:	D:
20690	21973	+	2	1.267894	I:	D:
21973	22419	+	1	1.266354	I:	D:
22409	23953	+	2	1.267312	I:	D:
24330	24644	+	3	1.262599	I:	D:
24663	25415	+	3	1.245047	I:	D:
25471	26067	+	1	1.258084	I:	D:
26067	26351	+	3	1.220094	I:	D:
26366	27196	+	2	1.284409	I:	D:
27215	27484	+	2	1.244744	I:	D:
27504	27836	+	3	1.269739	I:	D:
27858	28511	+	3	1.262764	I:	D:
28514	28945	+	2	1.219234	I:	D:
29147	29407	+	2	1.253944	I:	D:
29434	29802	+	1	1.257509	I:	D:
29814	30125	+	3	1.257161	I:	D:
30144	30683	+	3	1.257342	I:	D:
30696	30881	+	3	1.308846	I:	D:
30902	31303	+	2	1.234065	I:	D:
31325	31861	+	2	1.241092	I:	D:
31892	32248	+	2	1.242155	I:	D:
32262	32771	+	3	1.259012	I:	D:
33216	34496	+	3	1.297520	I:	D:
34500	35159	+	3	1.276535	I:	D:
35156	35902	+	2	1.294218	I:	D:
35910	36125	+	3	1.299503	I:	D:
36269	36634	+	2	1.258804	I:	D:
36646	37044	+	1	1.293995	I:	D:
37065	38015	+	3	1.229186	I:	D:
38035	38379	+	1	1.276014	I:	D:
38461	39258	+	1	1.282096	I:	D:
39325	40083	+	1	1.279114	I:	D:
40262	41071	+	2	1.262393	I:	D:
41146	41871	+	1	1.231779	I:	D:
41864	42511	+	2	1.271417	I:	D:
42513	43244	+	3	1.246964	I:	D:
43246	43971	+	1	1.304175	I:	D:
>Y6.M054_18
307	789	+	1	1.164080	I:	D:
1308	1508	+	3	1.147772	I:	D:
1498	1947	+	1	1.187460	I:	D:
2182	3459	+	1	1.195962	I:	D:
4027	4620	+	1	1.213539	I:	D:
4633	5487	+	1	1.188067	I:	D:
5579	6157	+	2	1.212680	I:	D:
6209	6571	+	2	1.195356	I:	D:
7114	7650	+	1	1.176411	I:	D:
8238	9461	+	3	1.214587	I:	D:
9597	9995	+	3	1.234920	I:	D:
10059	10937	+	3	1.226062	I:	D:
11145	12974	+	3	1.239301	I:	D:
13026	14879	+	3	1.261847	I:	D:
15183	16004	+	3	1.306148	I:	D:
16087	17130	+	1	1.213033	I:	D:
17132	18016	+	2	1.287532	I:	D:
18018	18923	+	3	1.314328	I:	D:
19063	19761	+	1	1.268773	I:	D:
19748	20647	+	2	1.276269	I:	D:
20678	21901	+	2	1.234103	I:	D:
22259	22948	+	2	1.222936	I:	D:
23046	24872	+	3	1.256888	I:	D:
24890	25960	+	2	1.276287	I:	D:
26315	27004	+	2	1.249327	I:	D:
27053	28042	-	2	1.242413	I:	D:
28375	28899	+	1	1.254750	I:	D:
29190	29921	+	3	1.250592	I:	D:
29939	30997	+	2	1.247743	I:	D:
31822	32256	+	1	1.234792	I:	D:
32440	34404	+	1	1.304611	I:	D:
34534	35409	+	1	1.294136	I:	D:
35683	36525	+	1	1.287177	I:	D:
>Y6.M054_19
2	5275	+	2	1.249164	I:	D:
5354	7429	+	2	1.289550	I:	D:
7500	8123	+	3	1.253756	I:	D:
8181	8789	+	3	1.250280	I:	D:
9828	10811	-	3	1.255092	I:	D:
10813	12237	-	1	1.313290	I:	D:
12354	13088	+	3	1.250408	I:	D:
13089	13847	+	3	1.274406	I:	D:
13951	14670	+	1	1.242415	I:	D:
14760	16739	+	3	1.245747	I:	D:
16839	18353	+	3	1.254129	I:	D:
18415	20415	+	1	1.253474	I:	D:
20485	21735	+	1	1.293926	I:	D:
21972	22574	+	3	1.230349	I:	D:
22571	22978	+	2	1.203701	I:	D:
23067	23759	+	3	1.261572	I:	D:
23756	24334	+	2	1.266451	I:	D:
24334	24834	+	1	1.329967	I:	D:
24831	25679	+	3	1.269212	I:	D:
25739	26296	+	2	1.208922	I:	D:
26306	26545	+	2	1.316799	I:	D:
26551	27873	+	1	1.230809	I:	D:
27994	28266	+	1	1.245385	I:	D:
28349	31048	+	2	1.280184	I:	D:
31055	31504	-	2	1.228126	I:	D:
31617	34211	+	3	1.262244	I:	D:
34327	35361	+	1	1.276916	I:	D:
35408	35875	+	2	1.315534	I:	D:
>Y6.M054_20
215	1888	-	2	1.286436	I:	D:
2036	2734	-	2	1.278528	I:	D:
3053	4981	-	2	1.283371	I:	D:
5129	5614	-	2	1.319159	I:	D:
5758	6882	-	1	1.306652	I:	D:
6977	7753	+	2	1.276142	I:	D:
8165	8356	+	2	1.424138	I:	D:
9270	9635	-	3	1.269133	I:	D:
9896	10156	+	2	1.203613	I:	D:
10245	11174	-	3	1.261646	I:	D:
11518	12825	-	1	1.261807	I:	D:
12841	13110	-	1	1.210773	I:	D:
13169	13495	-	2	1.234797	I:	D:
13523	14290	-	2	1.254061	I:	D:
14388	15785	-	3	1.250636	I:	D:
15808	16209	-	1	1.327162	I:	D:
16227	16595	-	3	1.323223	I:	D:
16608	17498	-	3	1.266555	I:	D:
17715	17984	+	3	1.259088	I:	D:
18160	18366	+	1	1.194804	I:	D:
18421	19164	-	1	1.281489	I:	D:
19186	21207	-	1	1.269011	I:	D:
21331	21861	-	1	1.264768	I:	D:
21842	22441	-	2	1.288673	I:	D:
22438	23505	-	1	1.303513	I:	D:
23654	25063	+	2	1.259725	I:	D:
25122	25661	-	3	1.236864	I:	D:
25779	26780	+	3	1.280316	I:	D:
26783	27436	-	2	1.254548	I:	D:
27420	27641	-	3	1.304755	I:	D:
27843	27995	-	3	1.197559	I:	D:
28191	30824	+	3	1.288514	I:	D:
30870	31733	+	3	1.267084	I:	D:
31793	32911	-	2	1.239179	I:	D:
32966	33220	+	2	1.357284	I:	D:
33242	36199	-	2	1.260166	I:	D:
>Y6.M054_21
1	2727	+	1	1.259351	I:	D:
2770	3978	-	1	1.195968	I:	D:
4436	13210	+	2	1.250178	I:	D:
13258	13881	+	1	1.255751	I:	D:
13932	14285	+	3	1.256211	I:	D:
14448	14855	+	3	1.233222	I:	D:
14861	15502	+	2	1.281088	I:	D:
15520	16116	+	1	1.217668	I:	D:
16146	17081	+	3	1.259355	I:	D:
17160	17663	+	3	1.292716	I:	D:
17800	18111	+	1	1.205048	I:	D:
18186	18821	+	3	1.312189	I:	D:
18837	19208	+	3	1.308496	I:	D:
19212	20294	+	3	1.239576	I:	D:
20284	20868	+	1	1.256109	I:	D:
20885	21418	+	2	1.284416	I:	D:
21538	21717	+	1	1.244785	I:	D:
21707	22069	+	2	1.201587	I:	D:
22312	23355	+	1	1.212221	I:	D:
23375	23575	+	2	1.202740	I:	D:
23562	23876	+	3	1.241792	I:	D:
23912	24217	+	2	1.211373	I:	D:
24571	25671	+	1	1.200604	I:	D:
25809	25985	+	3	1.198287	I:	D:
26221	27237	+	1	1.215046	I:	D:
27468	28469	+	3	1.243790	I:	D:
28558	29436	+	1	1.241538	I:	D:
29459	30511	+	2	1.272152	I:	D:
30511	31128	+	1	1.310228	I:	D:
31194	31436	+	3	1.196336	I:	D:
31448	32557	+	2	1.195973	I:	D:
32670	33134	+	3	1.205364	I:	D:
33194	33808	+	2	1.287498	I:	D:
34019	34561	+	2	1.272557	I:	D:
>Y6.M054_22
2	289	+	2	1.288373	I:	D:
425	1687	+	2	1.267245	I:	D:
1692	3203	+	3	1.285242	I:	D:
3257	4186	-	2	1.232953	I:	D:
4223	4486	-	2	1.221505	I:	D:
4760	5803	+	2	1.273600	I:	D:
5937	6827	+	3	1.240576	I:	D:
6824	7144	+	2	1.225786	I:	D:
7295	8791	+	2	1.277443	I:	D:
9525	10112	+	3	1.194055	I:	D:
10109	10960	+	2	1.194921	I:	D:
11182	11904	+	1	1.193877	I:	D:
12195	13997	+	3	1.285075	I:	D:
14006	15109	+	2	1.285218	I:	D:
15109	15693	+	1	1.286002	I:	D:
15759	16481	+	3	1.269964	I:	D:
16502	17758	-	2	1.311489	I:	D:
17873	18493	+	2	1.296413	I:	D:
18495	20066	+	3	1.278482	I:	D:
20346	20546	+	3	1.315658	I:	D:
21051	22058	+	3	1.248474	I:	D:
22186	23088	+	1	1.241846	I:	D:
23103	25655	+	3	1.239905	I:	D:
25773	26231	+	3	1.311050	I:	D:
26316	26741	+	3	1.233430	I:	D:
26743	28005	+	1	1.265024	I:	D:
28337	29329	+	2	1.256857	I:	D:
29359	29694	-	1	1.221676	I:	D:
29761	29901	-	1	1.220397	I:	D:
30153	30515	+	3	1.204151	I:	D:
30754	31371	+	1	1.246823	I:	D:
31445	32551	+	2	1.254052	I:	D:
32624	33388	+	2	1.176484	I:	D:
>Y6.M054_23
128	463	+	2	1.284926	I:	D:
499	1047	+	1	1.257027	I:	D:
1132	1809	+	1	1.276070	I:	D:
1811	4375	+	2	1.298936	I:	D:
4430	5101	+	2	1.297948	I:	D:
5085	6305	+	3	1.283519	I:	D:
6429	6962	+	3	1.251176	I:	D:
7150	7737	+	1	1.250215	I:	D:
7789	8025	+	1	1.302152	I:	D:
8022	8522	+	3	1.257857	I:	D:
8519	9181	+	2	1.286559	I:	D:
9178	10191	+	1	1.295960	I:	D:
10282	11049	+	1	1.279837	I:	D:
11165	13096	+	2	1.295136	I:	D:
13115	14239	+	2	1.346408	I:	D:
14304	14525	+	3	1.274143	I:	D:
14568	15044	-	3	1.272374	I:	D:
15155	15352	+	2	1.290267	I:	D:
15369	16262	-	3	1.303731	I:	D:
16502	16696	+	2	1.326965	I:	D:
17129	18247	+	2	1.284306	I:	D:
18608	19270	+	2	1.251435	I:	D:
19267	20547	+	1	1.279919	I:	D:
20623	21354	+	1	1.273474	I:	D:
21414	22727	+	3	1.275754	I:	D:
22752	23312	-	3	1.270305	I:	D:
23325	23795	-	3	1.234052	I:	D:
23955	24272	-	3	1.222128	I:	D:
24695	25459	+	2	1.294828	I:	D:
25929	26879	+	3	1.168619	I:	D:
26872	28221	+	1	1.202408	I:	D:
28286	28744	+	2	1.169537	I:	D:
28831	29385	+	1	1.168856	I:	D:
29392	30774	-	1	1.158957	I:	D:
31003	32055	-	1	1.194144	I:	D:
>Y6.M054_24
371	928	+	2	1.259212	I:	D:
930	2216	+	3	1.256778	I:	D:
2343	3329	-	3	1.248473	I:	D:
3475	4146	-	1	1.258978	I:	D:
4139	5005	-	2	1.265430	I:	D:
5083	6486	-	1	1.240989	I:	D:
6467	7195	-	2	1.237401	I:	D:
7195	9426	-	1	1.246811	I:	D:
9624	10076	+	3	1.365844	I:	D:
10162	12351	-	1	1.254443	I:	D:
12483	14336	-	3	1.249283	I:	D:
14336	14560	-	2	1.231314	I:	D:
14572	14934	-	1	1.253103	I:	D:
15046	15693	+	1	1.359762	I:	D:
15712	16815	+	1	1.300454	I:	D:
16840	17136	-	1	1.243699	I:	D:
17188	18624	-	1	1.240919	I:	D:
18659	19996	-	2	1.267081	I:	D:
20049	20801	-	3	1.262731	I:	D:
20785	21402	-	1	1.264401	I:	D:
21448	22314	-	1	1.246455	I:	D:
>Y6.M054_25
106	471	+	1	1.289911	I:	D:
473	1123	+	2	1.276121	I:	D:
1170	2075	-	3	1.297669	I:	D:
2144	2551	-	2	1.204410	I:	D:
2678	3253	+	2	1.304316	I:	D:
3347	4054	+	2	1.248844	I:	D:
4067	4366	+	2	1.189604	I:	D:
4492	5691	+	1	1.233084	I:	D:
5795	6637	+	2	1.255565	I:	D:
6718	7035	+	1	1.180597	I:	D:
7155	9074	+	3	1.266446	I:	D:
9120	10448	-	3	1.292006	I:	D:
10542	12320	+	3	1.242178	I:	D:
12367	13098	+	1	1.271408	I:	D:
13102	14922	+	1	1.286671	I:	D:
14935	15519	+	1	1.287615	I:	D:
15615	16382	+	3	1.255807	I:	D:
16391	17362	+	2	1.291589	I:	D:
17355	19496	+	3	1.246881	I:	D:
19923	21113	-	3	1.243982	I:	D:
>Y6.M054_26
2	802	+	2	1.259419	I:	D:
870	1724	+	3	1.269151	I:	D:
1726	2124	-	1	1.326490	I:	D:
2222	3667	+	2	1.284406	I:	D:
3686	4450	+	2	1.320796	I:	D:
4606	4929	-	1	1.285780	I:	D:
5442	6776	+	3	1.272595	I:	D:
6779	7690	+	2	1.258394	I:	D:
7818	10853	+	3	1.303573	I:	D:
11151	11849	+	3	1.278491	I:	D:
11818	13587	+	1	1.290686	I:	D:
13695	14177	+	3	1.312710	I:	D:
14183	15106	+	2	1.301675	I:	D:
15132	15434	+	3	1.271965	I:	D:
15611	16945	+	2	1.276850	I:	D:
16988	17134	+	2	1.361679	I:	D:
17376	19550	+	3	1.273141	I:	D:
19607	20353	+	2	1.300982	I:	D:
20640	20966	+	3	1.220895	I:	D:
>Y6.M054_27
103	522	-	1	1.233336	I:	D:
653	2413	-	2	1.278878	I:	D:
2437	3786	-	1	1.270863	I:	D:
4207	4959	-	1	1.238115	I:	D:
4986	6308	-	3	1.252749	I:	D:
6402	7079	-	3	1.261728	I:	D:
7201	8259	-	1	1.319731	I:	D:
8265	8660	-	3	1.301535	I:	D:
8702	10870	-	2	1.290769	I:	D:
10882	11109	-	1	1.318551	I:	D:
11223	12512	+	3	1.315698	I:	D:
12537	13325	-	3	1.284063	I:	D:
13440	13844	-	3	1.291157	I:	D:
13825	14772	-	1	1.309128	I:	D:
14748	16604	-	3	1.299792	I:	D:
16623	17396	-	3	1.246535	I:	D:
17398	18303	-	1	1.277580	I:	D:
18306	19391	-	3	1.291865	I:	D:
19573	20619	-	1	1.250071	I:	D:
>Y6.M054_28
318	1319	+	3	1.233938	I:	D:
1396	2988	-	1	1.323997	I:	D:
2985	4223	-	3	1.292971	I:	D:
4448	5428	+	2	1.324181	I:	D:
5450	6541	+	2	1.315240	I:	D:
6568	6930	-	1	1.260639	I:	D:
6917	8992	-	2	1.263760	I:	D:
8817	8954	+	3	1.253871	I:	D:
8970	9866	-	3	1.275358	I:	D:
10088	11998	+	2	1.280479	I:	D:
12004	13710	-	1	1.283650	I:	D:
14223	14699	-	3	1.248137	I:	D:
14714	15583	-	2	1.269434	I:	D:
15859	16455	-	1	1.254559	I:	D:
>Y6.M054_29
104	1483	+	2	1.285141	I:	D:
1650	2198	+	3	1.237608	I:	D:
2294	3364	+	2	1.212066	I:	D:
3397	4227	+	1	1.239738	I:	D:
4432	5367	-	1	1.235439	I:	D:
5468	5992	+	2	1.243369	I:	D:
6046	6576	+	1	1.254136	I:	D:
6684	7532	+	3	1.263802	I:	D:
7570	8826	+	1	1.264554	I:	D:
8897	9619	+	2	1.252413	I:	D:
9768	9971	+	3	1.277548	I:	D:
10116	10568	+	3	1.238751	I:	D:
10558	10755	+	1	1.242841	I:	D:
10760	11446	+	2	1.256178	I:	D:
11502	11762	+	3	1.260579	I:	D:
11774	12757	+	2	1.257202	I:	D:
12776	13306	+	2	1.251820	I:	D:
>Y6.M054_30
201	2273	-	3	1.267776	I:	D:
2221	3072	-	1	1.237073	I:	D:
3130	4299	-	1	1.281407	I:	D:
4373	4651	+	2	1.350907	I:	D:
4758	5303	+	3	1.216210	I:	D:
5314	6438	-	1	1.239312	I:	D:
6425	6772	-	2	1.252625	I:	D:
6762	7169	-	3	1.250246	I:	D:
7613	9340	-	2	1.311710	I:	D:
9365	9877	-	2	1.249986	I:	D:
>Y6.M054_31
176	706	-	2	1.245493	I:	D:
795	2384	-	3	1.264931	I:	D:
2579	4075	-	2	1.254548	I:	D:
4095	5750	-	3	1.270599	I:	D:
5747	6175	-	2	1.267426	I:	D:
6192	6857	-	3	1.249391	I:	D:
>Y6.M054_32
274	1794	+	1	1.272834	I:	D:
1912	2862	+	1	1.233888	I:	D:
2919	3344	+	3	1.244637	I:	D:
3369	4256	+	3	1.210726	I:	D:
4410	5888	-	3	1.280522	I:	D:
>Y6.M054_33
701	3829	+	2	1.239518	I:	D:
4444	5568	-	1	1.220081	I:	D:
5626	6858	-	1	1.251788	I:	D:
7463	7696	-	2	1.266689	I:	D:
>Y6.M054_34
186	920	+	3	1.221187	I:	D:
1260	1877	+	3	1.214563	I:	D:
1923	2684	+	3	1.173878	I:	D:
3047	3841	-	2	1.214051	I:	D:
4139	4924	+	2	1.275145	I:	D:
5148	5816	-	3	1.287025	I:	D:
6057	7085	+	3	1.316808	I:	D:
7089	7769	+	3	1.206045	I:	D:
7875	8408	+	3	1.237868	I:	D:
8435	8854	-	2	1.227799	I:	D:
9171	9542	+	3	1.250547	I:	D:
>Y6.M054_35
141	1619	+	3	1.216724	I:	D:
1644	2072	-	3	1.202947	I:	D:
2205	2459	+	3	1.217450	I:	D:
2557	2943	+	1	1.199638	I:	D:
3165	3371	+	3	1.242688	I:	D:
3808	4284	+	1	1.196598	I:	D:
4312	4512	+	1	1.165211	I:	D:
4563	4838	+	3	1.247889	I:	D:
4919	6628	+	2	1.230243	I:	D:
6786	8177	+	3	1.224456	I:	D:
>Y6.M054_36
248	2131	-	2	1.217248	I:	D:
2420	4015	-	2	1.267745	I:	D:
4646	4828	-	2	1.171183	I:	D:
>Y6.M054_37
1	648	+	1	1.240248	I:	D:
632	1459	+	2	1.242843	I:	D:
1452	2573	+	3	1.273097	I:	D:
2586	3734	+	3	1.220434	I:	D:
3727	4629	+	1	1.266469	I:	D:
4622	5116	+	2	1.196757	I:	D:
>Y6.M054_38
140	547	+	2	1.195015	I:	D:
641	1045	+	2	1.207919	I:	D:
1029	3890	+	3	1.221051	I:	D:
4376	4696	-	2	1.173986	I:	D:
>Y6.M054_39
2	505	-	2	1.202343	I:	D:
489	1226	-	3	1.195337	I:	D:
1282	2820	-	1	1.210782	I:	D:
2817	3068	-	3	1.202130	I:	D:
3305	3535	-	2	1.171554	I:	D:
4210	4434	-	1	1.300950	I:	D:
>Y6.M054_40
320	481	-	2	1.259122	I:	D:
533	703	-	2	1.240100	I:	D:
1030	1512	+	1	1.329760	I:	D:
1529	1996	+	2	1.278407	I:	D:
2096	2527	-	2	1.273703	I:	D:
2578	3213	-	1	1.212422	I:	D:
>Y6.M054_41
3	491	-	3	1.305139	I:	D:
644	1492	-	2	1.264051	I:	D:
1952	2761	-	2	1.257355	I:	D:
2764	3408	-	1	1.280112	I:	D:
3549	3767	+	3	1.251919	I:	D:
3788	3976	+	2	1.266796	I:	D:
4202	4387	-	2	1.243693	I:	D:
4595	5299	-	2	1.280553	I:	D:
5386	5709	+	1	1.322403	I:	D:
5748	5996	+	3	1.258345	I:	D:
6252	6644	+	3	1.227799	I:	D:
6634	6879	+	1	1.330571	I:	D:
6869	8824	+	2	1.255175	I:	D:
8828	9775	+	2	1.236991	I:	D:
9775	10494	+	1	1.343661	I:	D:
10850	11605	+	2	1.297944	I:	D:
11612	12010	+	2	1.243345	I:	D:
12054	12839	+	3	1.280391	I:	D:
12850	13005	+	1	1.257483	I:	D:
12998	13459	+	2	1.315765	I:	D:
13459	13839	+	1	1.269173	I:	D:
13862	14359	+	2	1.341587	I:	D:
14405	14752	+	2	1.257753	I:	D:
15044	15370	+	2	1.241183	I:	D:
15346	15969	+	1	1.314927	I:	D:
15962	17257	+	2	1.299267	I:	D:
17257	18687	+	1	1.252041	I:	D:
18763	20268	+	1	1.280641	I:	D:
20270	20569	+	2	1.247268	I:	D:
20749	20913	+	1	1.227708	I:	D:
20994	21644	+	3	1.237609	I:	D:
21662	22516	+	2	1.207425	I:	D:
22527	22832	+	3	1.185428	I:	D:
22835	23164	+	2	1.273037	I:	D:
23145	23441	+	3	1.234430	I:	D:
23438	23971	+	2	1.305317	I:	D:
24093	24257	-	3	1.343181	I:	D:
24346	24768	+	1	1.217397	I:	D:
24779	25153	+	2	1.280609	I:	D:
25285	25536	+	1	1.229275	I:	D:
25617	28304	+	3	1.286100	I:	D:
28318	28683	+	1	1.290924	I:	D:
28686	32084	+	3	1.293137	I:	D:
>Y6.M054_42
1	582	+	1	1.266088	I:	D:
585	2342	+	3	1.233850	I:	D:
2357	3475	+	2	1.233189	I:	D:
3476	4360	+	2	1.234115	I:	D:
4369	5277	+	1	1.230834	I:	D:
5376	5795	+	3	1.233149	I:	D:
5788	6132	+	1	1.186892	I:	D:
6210	7637	+	3	1.251062	I:	D:
7919	10909	+	2	1.237956	I:	D:
10922	11470	+	2	1.207268	I:	D:
11915	12064	+	2	1.335783	I:	D:
12824	13027	-	2	1.371909	I:	D:
13461	13637	+	3	1.374184	I:	D:
14282	15793	+	2	1.300750	I:	D:
>Y6.M054_43
221	502	+	2	1.255633	I:	D:
495	761	+	3	1.308502	I:	D:
869	1051	+	2	1.252361	I:	D:
1190	1363	+	2	1.200996	I:	D:
1379	2122	+	2	1.288937	I:	D:
2115	2330	+	3	1.238384	I:	D:
2330	3511	+	2	1.276743	I:	D:
3734	3892	+	2	1.195367	I:	D:
3861	4316	+	3	1.227091	I:	D:
>Y6.M054_44
52	762	-	1	1.340733	I:	D:
783	956	-	3	1.203614	I:	D:
1069	1473	+	1	1.249950	I:	D:
1490	1645	-	2	1.178123	I:	D:
1760	1963	-	2	1.265646	I:	D:
2082	2480	+	3	1.279491	I:	D:
>Y6.M054_45
1056	2189	-	3	1.211920	I:	D:
2191	3024	-	1	1.227088	I:	D:
3026	3778	-	2	1.228141	I:	D:
3791	4267	-	2	1.200757	I:	D:
4286	4687	-	2	1.212287	I:	D:
4998	6899	+	3	1.218530	I:	D:
7021	7500	-	1	1.332354	I:	D:
7758	7919	-	3	1.271334	I:	D:
>Y6.M054_46
2	148	-	2	1.226261	I:	D:
195	1730	-	3	1.262191	I:	D:
1965	2846	+	3	1.287861	I:	D:
2859	4286	+	3	1.294544	I:	D:
4493	5248	+	2	1.293612	I:	D:
5333	6055	-	2	1.270625	I:	D:
6318	8156	+	3	1.287591	I:	D:
8163	8321	-	3	1.312347	I:	D:
8355	8879	+	3	1.239769	I:	D:
8866	9870	+	1	1.302776	I:	D:
10461	12212	+	3	1.272491	I:	D:
12218	13315	+	2	1.269852	I:	D:
13452	13817	+	3	1.223633	I:	D:
>Y6.M054_47
2	739	-	2	1.306816	I:	D:
847	1857	-	1	1.260635	I:	D:
1854	3131	-	3	1.317890	I:	D:
3124	3456	-	1	1.282735	I:	D:
3462	4151	-	3	1.277222	I:	D:
>Y6.M054_48
2	1267	+	2	1.271162	I:	D:
1290	1679	-	3	1.252924	I:	D:
1782	2090	-	3	1.345346	I:	D:
2297	2545	+	2	1.340425	I:	D:
>Y6.M054_49
15	296	-	3	1.287684	I:	D:
309	1403	-	3	1.264219	I:	D:
1424	1597	-	2	1.225968	I:	D:
1906	2322	-	1	1.238605	I:	D:
2312	3454	-	2	1.232842	I:	D:
3802	4368	-	1	1.264594	I:	D:
4385	4603	-	2	1.256795	I:	D:
>Y6.M054_50
1	252	+	1	1.347945	I:	D:
511	1218	+	1	1.259647	I:	D:
2000	2593	+	2	1.208234	I:	D:
>Y6.M054_51
165	1277	+	3	1.238153	I:	D:
1487	2467	+	2	1.221716	I:	D:
2483	2767	+	2	1.228532	I:	D:
3018	4682	+	3	1.211423	I:	D:
>Y6.M054_52
71	469	-	2	1.253799	I:	D:
841	2277	-	1	1.253064	I:	D:
2498	2866	-	2	1.260130	I:	D:
>Y6.M054_53
213	839	-	3	1.161847	I:	D:
947	2317	-	2	1.197012	I:	D:
>Y6.M054_54
569	1519	-	2	1.247697	I:	D:
1671	2618	+	3	1.277334	I:	D:
2657	3529	+	2	1.277573	I:	D:
4195	4848	-	1	1.209076	I:	D:
>Y6.M054_55
62	1279	-	2	1.257870	I:	D:
1367	1900	-	2	1.229146	I:	D:
2000	2218	-	2	1.277645	I:	D:
2474	3115	+	2	1.314863	I:	D:
3293	3568	-	2	1.235743	I:	D:
>Y6.M054_56
295	1623	+	1	1.289693	I:	D:
1837	2301	-	1	1.201021	I:	D:
>Y6.M054_57
572	1357	-	2	1.248257	I:	D:
1359	2153	-	3	1.274876	I:	D:
2150	3181	-	2	1.260280	I:	D:
>Y6.M054_58
277	1257	-	1	1.234604	I:	D:
1509	2705	-	3	1.246726	I:	D:
2802	3041	-	3	1.261309	I:	D:
>Y6.M054_59
1	1077	-	1	1.271974	I:	D:
1079	1360	-	2	1.139187	I:	D:
1591	2520	+	1	1.249679	I:	D:
>Y6.M054_60
122	1246	-	2	1.213593	I:	D:
1302	2702	-	3	1.252544	I:	D:
2677	4017	-	1	1.257659	I:	D:
4050	5165	-	3	1.236598	I:	D:
5128	5961	-	1	1.232577	I:	D:
5951	6853	-	2	1.243436	I:	D:
6855	7817	-	3	1.215110	I:	D:
8014	9159	-	1	1.241515	I:	D:
9201	9944	-	3	1.227386	I:	D:
9946	10593	-	1	1.232601	I:	D:
10616	11176	-	2	1.285700	I:	D:
11191	11370	-	1	1.191799	I:	D:
>Y6.M054_61
11	904	-	2	1.205220	I:	D:
932	1285	-	2	1.182712	I:	D:
1317	1808	-	3	1.164211	I:	D:
1846	3207	-	1	1.201934	I:	D:
3277	4092	-	1	1.176946	I:	D:
>Y6.M054_62
173	658	+	2	1.242064	I:	D:
687	2126	+	3	1.227981	I:	D:
2321	2740	+	2	1.266021	I:	D:
2770	3237	+	1	1.235548	I:	D:
3251	5320	+	2	1.253059	I:	D:
5449	6639	+	1	1.255888	I:	D:
6903	7496	+	3	1.248116	I:	D:
>Y6.M054_63
90	425	+	3	1.284467	I:	D:
913	1062	+	1	1.248698	I:	D:
1151	2566	+	2	1.279733	I:	D:
2626	3552	+	1	1.334066	I:	D:
>Y6.M054_64
381	1010	-	3	1.251431	I:	D:
1963	2457	-	1	1.332545	I:	D:
>Y6.M054_65
336	920	-	3	1.243802	I:	D:
922	1056	-	1	1.253955	I:	D:
1211	3577	-	2	1.231840	I:	D:
3564	4622	-	3	1.261618	I:	D:
4592	5311	-	2	1.258220	I:	D:
5582	7504	-	2	1.230358	I:	D:
7519	7761	-	1	1.224484	I:	D:
7790	8335	-	2	1.216231	I:	D:
8457	9332	-	3	1.204301	I:	D:
9351	10295	-	3	1.212171	I:	D:
10381	10974	-	1	1.182678	I:	D:
10997	11185	-	2	1.249925	I:	D:
11196	11735	-	3	1.271584	I:	D:
11980	14568	-	1	1.275636	I:	D:
>Y6.M054_66
206	721	+	2	1.267127	I:	D:
743	1639	+	2	1.243649	I:	D:
1629	2957	+	3	1.276204	I:	D:
3039	3830	+	3	1.260821	I:	D:
4113	10268	+	3	1.240466	I:	D:
>Y6.M054_67
362	2557	-	2	1.243900	I:	D:
2579	3136	-	2	1.265832	I:	D:
3181	3450	-	1	1.197765	I:	D:
3614	4534	-	2	1.275012	I:	D:
>Y6.M054_68
1	240	-	1	1.290465	I:	D:
532	1071	+	1	1.237550	I:	D:
1446	2861	-	3	1.259079	I:	D:
2953	3648	-	1	1.295551	I:	D:
>Y6.M054_69
1	630	-	1	1.216073	I:	D:
652	1455	-	1	1.238726	I:	D:
1625	2170	+	2	1.282254	I:	D:
2235	2873	-	3	1.245216	I:	D:
>Y6.M054_70
227	1009	+	2	1.212234	I:	D:
1100	2263	+	2	1.248962	I:	D:
>Y6.M054_71
3	641	-	3	1.255290	I:	D:
631	1239	-	1	1.184812	I:	D:
1385	2458	-	2	1.267260	I:	D:
>Y6.M054_72
262	933	-	1	1.226263	I:	D:
1400	4072	-	2	1.249561	I:	D:
4199	7294	-	2	1.264659	I:	D:
7297	7836	-	1	1.271980	I:	D:
8006	9139	-	2	1.257709	I:	D:
>Y6.M054_73
206	1498	-	2	1.218561	I:	D:
1768	2922	+	1	1.250179	I:	D:
2948	4135	+	2	1.228296	I:	D:
4158	5591	+	3	1.259760	I:	D:
>Y6.M054_74
206	2359	-	2	1.229962	I:	D:
2739	2870	-	3	1.310387	I:	D:
3072	3524	-	3	1.326225	I:	D:
>Y6.M054_75
192	1610	+	3	1.233874	I:	D:
1718	2932	+	2	1.254706	I:	D:
2943	3905	+	3	1.256329	I:	D:
3902	4495	+	2	1.291052	I:	D:
4670	5341	-	2	1.248794	I:	D:
5459	5890	+	2	1.219315	I:	D:
5896	6624	-	1	1.282957	I:	D:
6743	8053	+	2	1.259419	I:	D:
8050	8487	+	1	1.251546	I:	D:
8481	8675	+	3	1.245287	I:	D:
8723	8959	+	2	1.214294	I:	D:
8999	9406	+	2	1.334566	I:	D:
9511	10494	+	1	1.195889	I:	D:
10560	11852	+	3	1.161524	I:	D:
11971	13848	-	1	1.186389	I:	D:
14185	14580	+	1	1.200393	I:	D:
14623	15072	-	1	1.206510	I:	D:
15191	15481	+	2	1.154595	I:	D:
>Y6.M054_76
171	1049	-	3	1.258610	I:	D:
1280	2365	-	2	1.246104	I:	D:
2592	3374	-	3	1.235059	I:	D:
3609	4172	-	3	1.179709	I:	D:
4332	5153	-	3	1.199808	I:	D:
5157	5591	-	3	1.259066	I:	D:
5603	6091	-	2	1.255176	I:	D:
6115	6441	-	1	1.257208	I:	D:
6522	8108	-	3	1.303806	I:	D:
8089	8799	-	1	1.265392	I:	D:
9166	11127	-	1	1.212972	I:	D:
11124	13460	-	3	1.230969	I:	D:
13466	13981	-	2	1.208729	I:	D:
14040	14630	-	3	1.207815	I:	D:
14845	15312	-	1	1.315696	I:	D:
15509	15904	-	2	1.344567	I:	D:
15906	16547	-	3	1.310807	I:	D:
16619	17449	-	2	1.315817	I:	D:
17587	18060	-	1	1.288978	I:	D:
18204	18764	-	3	1.400643	I:	D:
18768	18950	-	3	1.287114	I:	D:
19007	21334	-	2	1.292779	I:	D:
21695	22261	-	2	1.283884	I:	D:
22263	24407	-	3	1.271424	I:	D:
24494	25033	-	2	1.264205	I:	D:
25437	26330	-	3	1.275291	I:	D:
26368	27531	-	1	1.325468	I:	D:
27610	28281	-	1	1.315802	I:	D:
28537	30747	-	1	1.291544	I:	D:
30734	31129	-	2	1.284694	I:	D:
31198	31521	-	1	1.257411	I:	D:
32039	32314	+	2	1.153061	I:	D:
32586	34559	+	3	1.189343	I:	D:
34909	36258	+	1	1.162187	I:	D:
36482	38419	-	2	1.186892	I:	D:
38643	38924	+	3	1.205714	I:	D:
>Y6.M054_77
224	367	+	2	1.258038	I:	D:
369	1361	+	3	1.252234	I:	D:
1708	2613	-	1	1.270725	I:	D:
2795	3688	-	2	1.277636	I:	D:
3724	3927	+	1	1.234121	I:	D:
4021	4533	+	1	1.231529	I:	D:
4649	5218	+	2	1.230131	I:	D:
5388	5921	+	3	1.246002	I:	D:
6264	7214	+	3	1.246439	I:	D:
7372	8448	+	1	1.289380	I:	D:
8457	8759	+	3	1.323565	I:	D:
8861	9013	+	2	1.338191	I:	D:
9016	10464	+	1	1.266998	I:	D:
10491	11642	-	3	1.297651	I:	D:
11632	12390	-	1	1.254545	I:	D:
12450	12848	-	3	1.289646	I:	D:
12853	14418	-	1	1.275384	I:	D:
14418	15536	-	3	1.257898	I:	D:
15799	16512	+	1	1.274553	I:	D:
16505	17425	+	2	1.266996	I:	D:
17543	17731	-	2	1.354193	I:	D:
17763	17906	+	3	1.148655	I:	D:
17933	20002	+	2	1.271087	I:	D:
20156	20620	+	2	1.285069	I:	D:
20701	21498	+	1	1.273933	I:	D:
21552	23108	+	3	1.281495	I:	D:
23537	23860	+	2	1.312323	I:	D:
24086	25186	+	2	1.187046	I:	D:
25503	27011	+	3	1.270639	I:	D:
27050	27307	+	2	1.208883	I:	D:
27329	27775	+	2	1.222407	I:	D:
27903	29537	+	3	1.294017	I:	D:
29854	30756	-	1	1.279741	I:	D:
30773	31612	-	2	1.268356	I:	D:
31606	32529	-	1	1.255698	I:	D:
32626	33291	-	1	1.282007	I:	D:
33325	33651	-	1	1.211780	I:	D:
33667	33951	-	1	1.241481	I:	D:
34059	34625	-	3	1.321950	I:	D:
>Y6.M054_78
157	297	+	1	1.220593	I:	D:
358	696	+	1	1.265395	I:	D:
706	1626	+	1	1.287013	I:	D:
1620	2240	+	3	1.232885	I:	D:
2430	3785	+	3	1.251607	I:	D:
3914	5782	+	2	1.250001	I:	D:
5779	6465	+	1	1.257037	I:	D:
6488	7912	+	2	1.260468	I:	D:
8100	9224	+	3	1.272082	I:	D:
9321	10130	+	3	1.272657	I:	D:
10096	11007	+	1	1.225145	I:	D:
11023	11832	+	1	1.233199	I:	D:
11822	12022	+	2	1.297042	I:	D:
12022	13614	+	1	1.284305	I:	D:
13693	14793	+	1	1.259373	I:	D:
14803	15252	+	1	1.280340	I:	D:
15303	15944	+	3	1.285228	I:	D:
16069	16359	+	1	1.195714	I:	D:
16372	16860	+	1	1.255346	I:	D:
16876	17091	+	1	1.214262	I:	D:
17202	18167	+	3	1.228844	I:	D:
18180	18620	+	3	1.162391	I:	D:
18639	20000	+	3	1.257725	I:	D:
19993	21537	+	1	1.260754	I:	D:
21540	22298	+	3	1.266779	I:	D:
22300	22755	+	1	1.260089	I:	D:
23199	24488	+	3	1.335262	I:	D:
24531	25196	+	3	1.279544	I:	D:
25247	25789	-	2	1.218782	I:	D:
25890	26252	-	3	1.285123	I:	D:
26307	28283	-	3	1.249343	I:	D:
28436	28831	+	2	1.257487	I:	D:
28828	30573	+	1	1.254125	I:	D:
30671	31111	+	2	1.200852	I:	D:
31161	32162	+	3	1.273203	I:	D:
32222	32599	+	2	1.221411	I:	D:
>Y6.M054_79
195	701	+	3	1.311583	I:	D:
1132	1398	+	1	1.178044	I:	D:
1690	3174	+	1	1.196679	I:	D:
3292	4659	+	1	1.215317	I:	D:
4812	5117	+	3	1.252058	I:	D:
5241	6683	+	3	1.264524	I:	D:
6735	7445	+	3	1.236926	I:	D:
7662	8465	+	3	1.255058	I:	D:
8554	9555	+	1	1.218167	I:	D:
9600	10352	+	3	1.246946	I:	D:
10372	10941	+	1	1.266020	I:	D:
10992	12371	+	3	1.266787	I:	D:
12685	13659	+	1	1.183562	I:	D:
14111	14581	+	2	1.279497	I:	D:
14632	14871	+	1	1.211719	I:	D:
14892	15734	+	3	1.247711	I:	D:
16038	16430	+	3	1.203979	I:	D:
17159	17713	+	2	1.177508	I:	D:
18024	18593	+	3	1.159511	I:	D:
18597	19202	+	3	1.197096	I:	D:
19617	20840	+	3	1.216077	I:	D:
20946	21608	-	3	1.233872	I:	D:
22094	23380	+	2	1.241851	I:	D:
23401	24228	+	1	1.273601	I:	D:
25424	26782	+	2	1.238645	I:	D:
26855	27481	+	2	1.276085	I:	D:
27545	29092	+	2	1.273123	I:	D:
29137	29841	+	1	1.272370	I:	D:
29902	30294	+	1	1.286205	I:	D:
30287	31204	+	2	1.330563	I:	D:
>Y6.M054_80
150	1550	-	3	1.223246	I:	D:
1659	2285	-	3	1.269653	I:	D:
2282	3127	-	2	1.271897	I:	D:
3148	3501	-	1	1.247376	I:	D:
3561	6173	-	3	1.252128	I:	D:
6268	7218	-	1	1.242140	I:	D:
7287	7439	-	3	1.210852	I:	D:
7567	8184	+	1	1.273770	I:	D:
8232	8933	-	3	1.258794	I:	D:
8989	9669	-	1	1.283950	I:	D:
9675	9887	-	3	1.371723	I:	D:
9983	10771	+	2	1.322132	I:	D:
10786	11811	-	1	1.198296	I:	D:
11935	12885	-	1	1.234935	I:	D:
13096	14232	-	1	1.261615	I:	D:
14414	15790	-	2	1.275661	I:	D:
15792	16577	-	3	1.291433	I:	D:
16764	19430	-	3	1.259755	I:	D:
19440	20186	-	3	1.297597	I:	D:
20311	21198	-	1	1.214968	I:	D:
21593	21958	-	2	1.239516	I:	D:
22042	22665	-	1	1.297612	I:	D:
22675	23847	-	1	1.231918	I:	D:
23834	24085	-	2	1.262959	I:	D:
24152	24595	-	2	1.193099	I:	D:
24693	25664	-	3	1.274429	I:	D:
>Y6.M054_81
103	2139	-	1	1.261004	I:	D:
2297	3391	-	2	1.291969	I:	D:
3403	4647	-	1	1.293259	I:	D:
4824	5132	-	3	1.263151	I:	D:
5304	6296	-	3	1.257370	I:	D:
6298	6501	-	1	1.283631	I:	D:
6632	7153	-	2	1.238159	I:	D:
7144	7572	-	1	1.281510	I:	D:
7611	8249	-	3	1.301477	I:	D:
8209	9198	-	1	1.248912	I:	D:
9278	9997	-	2	1.275235	I:	D:
10118	10897	-	2	1.224037	I:	D:
10947	12800	-	3	1.244252	I:	D:
12877	13860	-	1	1.247683	I:	D:
13879	14478	-	1	1.265299	I:	D:
14508	15086	-	3	1.225022	I:	D:
15242	16882	-	2	1.255131	I:	D:
17370	18644	-	3	1.259886	I:	D:
18673	19170	-	1	1.254752	I:	D:
19195	19488	-	1	1.266643	I:	D:
19503	19805	-	3	1.246281	I:	D:
19811	20146	-	2	1.236539	I:	D:
20596	21402	-	1	1.287034	I:	D:
21386	22000	-	2	1.262557	I:	D:
22483	24519	-	1	1.235466	I:	D:
>Y6.M054_82
318	1985	+	3	1.207510	I:	D:
2015	2917	-	2	1.296958	I:	D:
2932	4032	-	1	1.297324	I:	D:
4016	5431	-	2	1.249050	I:	D:
5435	6415	-	2	1.270738	I:	D:
6449	7480	-	2	1.278106	I:	D:
7473	8267	-	3	1.307594	I:	D:
8267	9124	-	2	1.261580	I:	D:
9111	10193	-	3	1.248946	I:	D:
10427	11551	-	2	1.293386	I:	D:
11656	12876	+	1	1.307917	I:	D:
12919	13473	-	1	1.258087	I:	D:
13470	15749	-	3	1.254300	I:	D:
>Y6.M054_83
278	1189	-	2	1.254784	I:	D:
1189	1980	-	1	1.266820	I:	D:
>Y6.M054_84
184	450	-	1	1.177619	I:	D:
489	659	-	3	1.234011	I:	D:
773	1300	-	2	1.198037	I:	D:
1307	2266	-	2	1.220089	I:	D:
2275	2625	-	1	1.160608	I:	D:
2703	4250	-	3	1.212142	I:	D:
4324	4512	-	1	1.296310	I:	D:
>Y6.M054_85
84	443	-	3	1.288269	I:	D:
458	1225	-	2	1.266680	I:	D:
1241	2053	-	2	1.279208	I:	D:
2055	2936	-	3	1.267009	I:	D:
3002	4654	-	2	1.228196	I:	D:
>Y6.M054_86
357	1202	+	3	1.229202	I:	D:
1330	2106	+	1	1.247037	I:	D:
2133	2924	+	3	1.201337	I:	D:
2992	3540	+	1	1.212005	I:	D:
3584	6073	+	2	1.179392	I:	D:
6045	6668	+	3	1.173118	I:	D:
6713	6892	+	2	1.128679	I:	D:
6944	7297	+	2	1.228914	I:	D:
7287	7652	+	3	1.190528	I:	D:
7790	7942	+	2	1.275859	I:	D:
7917	8255	+	3	1.198076	I:	D:
8230	9558	+	1	1.189779	I:	D:
9650	10336	+	2	1.223892	I:	D:
10514	12352	+	2	1.242139	I:	D:
12294	12614	+	3	1.195376	I:	D:
12778	13464	+	1	1.251686	I:	D:
13706	15394	+	2	1.226058	I:	D:
15431	16333	+	2	1.223692	I:	D:
16335	16799	+	3	1.217765	I:	D:
16799	17302	+	2	1.190086	I:	D:
17361	17807	+	3	1.193119	I:	D:
>Y6.M054_87
313	2151	+	1	1.193832	I:	D:
2343	3662	+	3	1.126970	I:	D:
3716	4513	-	2	1.175125	I:	D:
4531	5982	-	1	1.173034	I:	D:
5979	6410	-	3	1.128188	I:	D:
6668	6940	+	2	1.298924	I:	D:
7075	8913	+	1	1.194251	I:	D:
8917	9279	+	1	1.120742	I:	D:
9387	9758	+	3	1.149592	I:	D:
9777	10985	-	3	1.198367	I:	D:
10998	11834	-	3	1.191830	I:	D:
12096	12380	+	3	1.201593	I:	D:
12453	12596	+	3	1.251860	I:	D:
12849	13157	+	3	1.138146	I:	D:
13408	13614	+	1	1.135150	I:	D:
13769	14665	-	2	1.197519	I:	D:
14676	15359	-	3	1.228390	I:	D:
15596	16060	-	2	1.210862	I:	D:
16064	16252	+	2	1.185322	I:	D:
16536	18308	-	3	1.213988	I:	D:
18312	22091	-	3	1.188771	I:	D:
22372	23106	-	1	1.226771	I:	D:
23108	23800	-	2	1.195063	I:	D:
24104	24637	-	2	1.218153	I:	D:
24827	25387	-	2	1.206686	I:	D:
25487	26317	-	2	1.254953	I:	D:
26590	27036	-	1	1.229472	I:	D:
27048	27449	-	3	1.232317	I:	D:
27788	27985	-	2	1.191064	I:	D:
28094	28351	-	2	1.238458	I:	D:
28620	30311	-	3	1.263439	I:	D:
>Y6.M054_88
1	198	-	1	1.190837	I:	D:
403	1107	-	1	1.207722	I:	D:
1686	2111	+	3	1.392779	I:	D:
2226	3197	-	3	1.296612	I:	D:
3360	4604	-	3	1.183074	I:	D:
4613	5539	-	2	1.173918	I:	D:
5640	6494	-	3	1.172430	I:	D:
6534	6701	-	3	1.243464	I:	D:
6948	8531	-	3	1.182037	I:	D:
8768	9250	-	2	1.187367	I:	D:
9408	11171	-	3	1.203108	I:	D:
11158	12891	-	1	1.183065	I:	D:
12957	14126	-	3	1.233021	I:	D:
14116	15336	-	1	1.231629	I:	D:
15851	16081	-	2	1.176996	I:	D:
16143	16493	-	3	1.156334	I:	D:
16520	16828	-	2	1.279650	I:	D:
17008	17973	+	1	1.230435	I:	D:
18181	18948	+	1	1.313229	I:	D:
19067	20965	+	2	1.292363	I:	D:
21190	21870	+	1	1.248819	I:	D:
21867	22895	+	3	1.257358	I:	D:
22965	24869	-	3	1.292507	I:	D:
24928	26085	-	1	1.302731	I:	D:
26294	26890	+	2	1.292974	I:	D:
26905	27423	+	1	1.296650	I:	D:
27446	29041	+	2	1.278487	I:	D:
>Y6.M054_89
126	326	+	3	1.274805	I:	D:
503	1267	-	2	1.295339	I:	D:
1339	2115	-	1	1.220431	I:	D:
2290	2526	-	1	1.250399	I:	D:
2545	2781	-	1	1.232439	I:	D:
3192	3386	-	3	1.153849	I:	D:
3490	4788	-	1	1.244039	I:	D:
5332	5883	-	1	1.221258	I:	D:
5893	6048	-	1	1.217074	I:	D:
6069	6269	-	3	1.238990	I:	D:
6321	7031	-	3	1.270816	I:	D:
7293	7661	-	3	1.198488	I:	D:
7877	8095	-	2	1.278918	I:	D:
8194	8469	-	1	1.250560	I:	D:
8611	9099	-	1	1.266900	I:	D:
9152	9733	-	2	1.204925	I:	D:
9793	10623	-	1	1.243963	I:	D:
10701	11054	-	3	1.279309	I:	D:
11056	12672	-	1	1.267420	I:	D:
12923	13321	-	2	1.208640	I:	D:
13374	13667	-	3	1.215245	I:	D:
13691	14242	-	2	1.227854	I:	D:
14453	15028	+	2	1.281967	I:	D:
15218	15496	+	2	1.255130	I:	D:
15509	16210	-	2	1.290171	I:	D:
16289	17227	-	2	1.255366	I:	D:
17702	18877	-	2	1.262534	I:	D:
19058	20230	-	2	1.283141	I:	D:
>Y6.M054_90
113	1009	-	2	1.254865	I:	D:
993	1856	-	3	1.236405	I:	D:
2160	3185	-	3	1.285302	I:	D:
3333	3929	-	3	1.247293	I:	D:
4000	4785	-	1	1.192693	I:	D:
4826	5203	-	2	1.177488	I:	D:
5485	6189	-	1	1.223802	I:	D:
6360	6893	-	3	1.180896	I:	D:
7187	9088	-	2	1.201502	I:	D:
9051	9209	-	3	1.188245	I:	D:
9562	10110	+	1	1.250004	I:	D:
10286	10603	-	2	1.294316	I:	D:
>Y6.M054_91
221	919	+	2	1.270758	I:	D:
933	2405	+	3	1.232924	I:	D:
2426	3904	+	2	1.241301	I:	D:
3993	6134	+	3	1.229828	I:	D:
6137	7663	+	2	1.240688	I:	D:
7681	8814	+	1	1.216141	I:	D:
8811	9368	+	3	1.232363	I:	D:
9389	10603	+	2	1.246396	I:	D:
11054	11677	-	2	1.267195	I:	D:
12148	13800	+	1	1.272499	I:	D:
13883	15013	+	2	1.266875	I:	D:
15049	16059	-	1	1.268497	I:	D:
16073	16570	-	2	1.275861	I:	D:
18019	19146	-	1	1.267537	I:	D:
19227	19547	+	3	1.191019	I:	D:
19694	20155	+	2	1.313624	I:	D:
20275	20658	+	1	1.389719	I:	D:
20891	21205	+	2	1.181003	I:	D:
21288	22466	+	3	1.251924	I:	D:
22617	23729	-	3	1.246792	I:	D:
23928	24131	+	3	1.224921	I:	D:
>Y6.M054_92
1	147	+	1	1.211489	I:	D:
322	2025	+	1	1.283023	I:	D:
2022	3737	+	3	1.280822	I:	D:
3752	4645	+	2	1.284495	I:	D:
4709	5272	+	2	1.222457	I:	D:
5626	6270	+	1	1.180279	I:	D:
6340	6789	+	1	1.199694	I:	D:
6782	7498	+	2	1.215649	I:	D:
7844	8053	+	2	1.185781	I:	D:
8365	8682	+	1	1.230000	I:	D:
9000	10307	+	3	1.239692	I:	D:
10489	11094	+	1	1.241533	I:	D:
11151	11993	+	3	1.277936	I:	D:
12004	13161	+	1	1.260192	I:	D:
13495	14643	+	1	1.319110	I:	D:
14922	15137	+	3	1.247533	I:	D:
15231	15716	+	3	1.317062	I:	D:
15791	16615	+	2	1.305522	I:	D:
16599	17942	+	3	1.294230	I:	D:
17967	18224	-	3	1.270250	I:	D:
18279	19418	+	3	1.250419	I:	D:
19529	20065	+	2	1.266905	I:	D:
20910	21506	+	3	1.289264	I:	D:
21747	23123	+	3	1.293197	I:	D:
>Y6.M054_93
95	703	-	2	1.256433	I:	D:
871	1071	+	1	1.210345	I:	D:
1187	1561	-	2	1.181314	I:	D:
1728	2177	-	3	1.251998	I:	D:
2226	2915	-	3	1.256096	I:	D:
3047	3241	-	2	1.214287	I:	D:
3632	4282	-	2	1.299635	I:	D:
4284	5117	-	3	1.281039	I:	D:
5130	7001	-	3	1.268757	I:	D:
7001	7750	-	2	1.267969	I:	D:
7752	8771	-	3	1.308155	I:	D:
8865	9641	-	3	1.305303	I:	D:
9647	10597	-	2	1.271301	I:	D:
10594	11190	-	1	1.299869	I:	D:
11687	11962	-	2	1.156218	I:	D:
12096	13469	-	3	1.298496	I:	D:
13658	15319	-	2	1.227484	I:	D:
15620	17800	-	2	1.292123	I:	D:
17876	18916	-	2	1.291758	I:	D:
18926	19732	-	2	1.290301	I:	D:
19866	20360	+	3	1.263087	I:	D:
20418	20666	-	3	1.205042	I:	D:
20670	20936	-	3	1.288653	I:	D:
21078	21755	-	3	1.303474	I:	D:
>Y6.M054_94
169	948	+	1	1.186331	I:	D:
1021	1743	+	1	1.230624	I:	D:
1745	3388	+	2	1.270063	I:	D:
3471	5864	+	3	1.273620	I:	D:
5911	7239	+	1	1.238581	I:	D:
7335	7685	+	3	1.286228	I:	D:
7742	8401	+	2	1.231984	I:	D:
8458	8913	+	1	1.328309	I:	D:
8917	9912	+	1	1.293072	I:	D:
9909	10259	+	3	1.276950	I:	D:
10815	11534	+	3	1.243978	I:	D:
11531	12157	+	2	1.210803	I:	D:
12217	12744	+	1	1.251686	I:	D:
12926	13807	+	2	1.200413	I:	D:
13810	14160	+	1	1.261510	I:	D:
14498	14773	+	2	1.194737	I:	D:
15039	16964	+	3	1.189923	I:	D:
17253	18605	+	3	1.168179	I:	D:
18638	18943	+	2	1.135747	I:	D:
19156	19446	+	1	1.202497	I:	D:
19491	19703	+	3	1.177106	I:	D:
19926	20267	+	3	1.192021	I:	D:
20588	21493	+	2	1.164090	I:	D:
>Y6.M054_95
279	1112	+	3	1.261987	I:	D:
1220	3712	+	2	1.242677	I:	D:
3964	5274	+	1	1.203603	I:	D:
5289	5435	+	3	1.188012	I:	D:
5547	6377	+	3	1.259891	I:	D:
6496	7269	+	1	1.233634	I:	D:
7401	7994	+	3	1.162651	I:	D:
8050	10827	+	1	1.188377	I:	D:
10796	11458	+	2	1.207690	I:	D:
11469	11711	+	3	1.151038	I:	D:
11698	11892	+	1	1.152987	I:	D:
11905	12246	+	1	1.140454	I:	D:
12276	17867	+	3	1.219797	I:	D:
>Y6.M054_96
106	1368	+	1	1.202534	I:	D:
1599	2915	+	3	1.243683	I:	D:
2970	3677	+	3	1.250743	I:	D:
3903	4610	+	3	1.251741	I:	D:
4705	5241	-	1	1.220569	I:	D:
5357	5617	+	2	1.174951	I:	D:
5619	6014	+	3	1.276821	I:	D:
6068	6943	+	2	1.256562	I:	D:
7289	7615	+	2	1.243149	I:	D:
7612	8385	+	1	1.318424	I:	D:
8363	9190	+	2	1.280119	I:	D:
9305	9772	-	2	1.291531	I:	D:
10038	11126	+	3	1.244767	I:	D:
11306	14086	+	2	1.238683	I:	D:
14302	14808	-	1	1.300534	I:	D:
14870	15319	-	2	1.266599	I:	D:
>Y6.M054_97
232	732	-	1	1.165878	I:	D:
1034	1438	-	2	1.236464	I:	D:
1459	2463	-	1	1.194528	I:	D:
2747	4741	-	2	1.257630	I:	D:
5091	5978	-	3	1.296888	I:	D:
6015	9461	-	3	1.268202	I:	D:
9547	10599	-	1	1.282946	I:	D:
10611	11171	-	3	1.261616	I:	D:
11274	12884	-	3	1.273160	I:	D:
12981	13544	-	3	1.247512	I:	D:
13626	14297	-	3	1.272697	I:	D:
14380	14634	-	1	1.237098	I:	D:
14796	15062	+	3	1.342993	I:	D:
>Y6.M054_98
471	1607	-	3	1.258981	I:	D:
1804	3834	-	1	1.223267	I:	D:
4215	4925	+	3	1.277565	I:	D:
4930	7491	+	1	1.266899	I:	D:
7677	8555	-	3	1.280485	I:	D:
8699	9205	-	2	1.199546	I:	D:
9551	9736	-	2	1.301214	I:	D:
10011	10391	-	3	1.209628	I:	D:
10673	11401	-	2	1.205683	I:	D:
>Y6.M054_99
299	2053	+	2	1.242382	I:	D:
2240	4411	+	2	1.247164	I:	D:
4426	5616	+	1	1.282732	I:	D:
5624	6064	+	2	1.193034	I:	D:
6096	7532	-	3	1.305746	I:	D:
8277	8882	+	3	1.189661	I:	D:
8860	10026	+	1	1.215545	I:	D:
>Y6.M054_100
214	1215	-	1	1.239119	I:	D:
1215	2588	-	3	1.264014	I:	D:
2588	4864	-	2	1.251048	I:	D:
5046	5363	-	3	1.213970	I:	D:
5442	5909	-	3	1.260245	I:	D:
5923	7008	-	1	1.295480	I:	D:
7061	7711	-	2	1.244603	I:	D:
7799	8713	-	2	1.272424	I:	D:
>Y6.M054_101
219	947	+	3	1.227864	I:	D:
1031	1354	+	2	1.264464	I:	D:
1852	3114	-	1	1.282302	I:	D:
3302	3517	+	2	1.234419	I:	D:
4197	5555	+	3	1.261806	I:	D:
5613	6857	+	3	1.221088	I:	D:
6962	7891	+	2	1.241968	I:	D:
>Y6.M054_102
152	2992	-	2	1.231566	I:	D:
3007	4518	-	1	1.269494	I:	D:
4577	4831	-	2	1.268209	I:	D:
4821	5729	-	3	1.260197	I:	D:
5810	7525	-	2	1.265888	I:	D:
7661	8182	-	2	1.290604	I:	D:
8201	8794	-	2	1.216340	I:	D:
8799	9365	-	3	1.231327	I:	D:
9381	9944	-	3	1.262766	I:	D:
10690	11595	-	1	1.251638	I:	D:
11598	11984	-	3	1.275817	I:	D:
11987	13003	-	2	1.228573	I:	D:
13006	13680	-	1	1.266200	I:	D:
13661	14287	-	2	1.227555	I:	D:
14775	17399	-	3	1.277622	I:	D:
17512	18813	-	1	1.256264	I:	D:
18829	20805	-	1	1.257067	I:	D:
>Y6.M054_103
864	1298	-	3	1.297302	I:	D:
1321	2070	-	1	1.331588	I:	D:
2268	2459	-	3	1.366919	I:	D:
3119	3286	-	2	1.254808	I:	D:
3487	5118	-	1	1.224626	I:	D:
5138	7471	-	2	1.224717	I:	D:
7446	7817	-	3	1.242320	I:	D:
7826	9016	-	2	1.178205	I:	D:
9027	9863	-	3	1.269892	I:	D:
9927	10262	-	3	1.206063	I:	D:
10268	12067	-	2	1.225529	I:	D:
12051	12254	-	3	1.222084	I:	D:
12264	13157	-	3	1.196871	I:	D:
13164	13928	-	3	1.211500	I:	D:
13912	15258	-	1	1.199009	I:	D:
15261	15428	-	3	1.235902	I:	D:
15461	16099	-	2	1.204803	I:	D:
>Y6.M054_104
196	750	+	1	1.260176	I:	D:
767	1810	+	2	1.262577	I:	D:
1861	3372	-	1	1.267928	I:	D:
3407	4000	-	2	1.299813	I:	D:
4019	4504	-	2	1.209721	I:	D:
4530	4877	-	3	1.230180	I:	D:
5047	5913	-	1	1.273655	I:	D:
5940	6149	-	3	1.145256	I:	D:
6233	7051	-	2	1.371555	I:	D:
7144	8025	-	1	1.252409	I:	D:
>Y6.M054_105
308	739	+	2	1.194854	I:	D:
1302	1778	+	3	1.287644	I:	D:
1794	2000	+	3	1.217281	I:	D:
2031	2315	+	3	1.289249	I:	D:
>Y6.M054_106
1	147	-	1	1.249003	I:	D:
313	1401	+	1	1.272102	I:	D:
1423	2166	-	1	1.240866	I:	D:
2282	3652	+	2	1.261834	I:	D:
3687	5171	-	3	1.263515	I:	D:
5175	6926	-	3	1.266175	I:	D:
7026	9170	-	3	1.247154	I:	D:
9285	10625	-	3	1.229607	I:	D:
>Y6.M054_107
616	1554	+	1	1.224949	I:	D:
1823	2509	+	2	1.260666	I:	D:
2597	3223	+	2	1.282843	I:	D:
3316	3903	+	1	1.221574	I:	D:
3903	4787	+	3	1.253925	I:	D:
4790	5119	+	2	1.261872	I:	D:
5129	5998	-	2	1.255064	I:	D:
6443	7360	-	2	1.293440	I:	D:
