>Y8.M059_1
184	747	-	1	1.215303	I:	D:
973	3267	+	1	1.253108	I:	D:
3283	4170	+	1	1.238634	I:	D:
4170	4685	+	3	1.268621	I:	D:
4751	4963	-	2	1.297877	I:	D:
5128	5325	-	1	1.394244	I:	D:
5385	6041	-	3	1.296293	I:	D:
6025	6990	+	1	1.235765	I:	D:
6987	8003	+	3	1.252410	I:	D:
8205	9344	+	3	1.251072	I:	D:
9334	10188	+	1	1.216290	I:	D:
10224	12176	+	3	1.245915	I:	D:
12192	12593	+	3	1.236013	I:	D:
13517	14062	+	2	1.226929	I:	D:
14079	15938	+	3	1.235889	I:	D:
15928	16731	+	1	1.249399	I:	D:
16737	17621	+	3	1.279370	I:	D:
17611	18063	+	1	1.216836	I:	D:
18086	19756	+	2	1.229666	I:	D:
20153	21379	+	2	1.218341	I:	D:
21565	22602	+	1	1.234946	I:	D:
22742	22927	-	2	1.327602	I:	D:
23081	23557	+	2	1.325595	I:	D:
23617	23784	+	1	1.192518	I:	D:
23842	24465	+	1	1.257337	I:	D:
24517	24843	+	1	1.233347	I:	D:
24856	25392	+	1	1.255196	I:	D:
25389	26141	+	3	1.251359	I:	D:
26285	26791	+	2	1.387504	I:	D:
26794	27429	+	1	1.239900	I:	D:
27438	27968	+	3	1.294276	I:	D:
28085	28501	+	2	1.232225	I:	D:
28591	29247	+	1	1.273004	I:	D:
29244	29654	+	3	1.250509	I:	D:
29796	30224	+	3	1.296197	I:	D:
31028	31360	-	2	1.330098	I:	D:
31386	31541	-	3	1.351875	I:	D:
31572	32285	-	3	1.260509	I:	D:
32373	33068	+	3	1.296994	I:	D:
33415	34134	-	1	1.301726	I:	D:
34176	34517	-	3	1.292372	I:	D:
34551	35768	-	3	1.293171	I:	D:
35765	36466	-	2	1.281057	I:	D:
36558	37295	-	3	1.264084	I:	D:
38037	38342	-	3	1.292441	I:	D:
39106	40020	+	1	1.236305	I:	D:
40073	40633	+	2	1.237302	I:	D:
40670	42502	+	2	1.260808	I:	D:
42495	43157	+	3	1.222223	I:	D:
43303	43641	+	1	1.251789	I:	D:
43744	44562	-	1	1.278491	I:	D:
44745	45617	+	3	1.227094	I:	D:
45700	46236	+	1	1.266327	I:	D:
46233	46589	+	3	1.276753	I:	D:
46598	47569	+	2	1.248819	I:	D:
47612	48322	+	2	1.304463	I:	D:
48453	49787	+	3	1.207389	I:	D:
49887	50468	+	3	1.247944	I:	D:
50474	51775	+	2	1.222262	I:	D:
51842	54235	+	2	1.228859	I:	D:
54219	54809	+	3	1.239974	I:	D:
55057	55971	+	1	1.212408	I:	D:
56153	57343	+	2	1.234603	I:	D:
57479	58489	+	2	1.235186	I:	D:
58712	60823	-	2	1.240218	I:	D:
60829	61755	-	1	1.254276	I:	D:
61780	62601	-	1	1.277528	I:	D:
61888	63243	+	1	1.251977	I:	D:
63268	63672	+	1	1.243293	I:	D:
63676	65415	+	1	1.230126	I:	D:
65429	65908	+	2	1.244315	I:	D:
65966	66436	-	2	1.258119	I:	D:
66550	67014	+	1	1.217625	I:	D:
67061	67600	+	2	1.245241	I:	D:
68182	68517	-	1	1.271325	I:	D:
68531	69205	-	2	1.284050	I:	D:
69374	69562	+	2	1.388920	I:	D:
69759	69944	+	3	1.347710	I:	D:
70031	70426	+	2	1.284247	I:	D:
70482	70697	-	3	1.305319	I:	D:
70713	71096	-	3	1.362152	I:	D:
71098	71490	-	1	1.313142	I:	D:
71770	72159	-	1	1.289205	I:	D:
72442	72633	-	1	1.361755	I:	D:
72665	72889	-	2	1.392352	I:	D:
72896	73240	-	2	1.337123	I:	D:
73678	73839	+	1	1.285416	I:	D:
74190	74534	-	3	1.309694	I:	D:
74500	74868	+	1	1.342433	I:	D:
74884	75039	+	1	1.185979	I:	D:
75063	75311	+	3	1.243008	I:	D:
75318	75644	+	3	1.289966	I:	D:
75669	76208	+	3	1.215484	I:	D:
76225	76494	+	1	1.272384	I:	D:
76413	77030	+	3	1.297677	I:	D:
76691	77350	+	2	1.319681	I:	D:
77335	77787	+	1	1.199727	I:	D:
77902	78240	+	1	1.243509	I:	D:
78306	80081	+	3	1.266523	I:	D:
80078	81019	+	2	1.221119	I:	D:
81016	81270	+	1	1.364429	I:	D:
81276	81803	+	3	1.350132	I:	D:
81875	82114	+	2	1.273494	I:	D:
82116	82340	+	3	1.299365	I:	D:
82337	82804	+	2	1.318370	I:	D:
82966	83715	+	1	1.276371	I:	D:
84015	84425	+	3	1.254400	I:	D:
84530	85273	+	2	1.241298	I:	D:
85289	85819	+	2	1.278024	I:	D:
85829	87730	+	2	1.237292	I:	D:
87727	88050	+	1	1.257100	I:	D:
87813	89219	+	3	1.246520	I:	D:
89248	90351	+	1	1.222630	I:	D:
90392	90658	+	2	1.265248	I:	D:
90725	91093	+	2	1.268200	I:	D:
91107	92849	+	3	1.271342	I:	D:
92849	93631	+	2	1.251883	I:	D:
93635	93826	+	2	1.305651	I:	D:
93878	95455	+	2	1.291888	I:	D:
95469	96737	+	3	1.266626	I:	D:
96750	106967	+	3	1.269919	I:	D:
107196	107441	-	3	1.396243	I:	D:
108023	108793	+	2	1.284234	I:	D:
109045	109497	+	1	1.207072	I:	D:
109497	110195	+	3	1.253494	I:	D:
110695	111831	-	1	1.266192	I:	D:
111864	112541	-	3	1.258701	I:	D:
112690	112836	+	1	1.258506	I:	D:
112904	113749	+	2	1.346487	I:	D:
113746	114681	+	1	1.248721	I:	D:
115067	116515	+	2	1.387956	I:	D:
116433	117428	+	3	1.242171	I:	D:
117538	118230	+	1	1.212179	I:	D:
118245	119246	+	3	1.215497	I:	D:
119633	120094	+	2	1.402046	I:	D:
120099	121259	+	3	1.344202	I:	D:
121316	122200	+	2	1.225322	I:	D:
122197	124251	+	1	1.231637	I:	D:
124308	124973	-	3	1.264515	I:	D:
125174	126022	+	2	1.211394	I:	D:
126197	128368	+	2	1.284088	I:	D:
128437	129099	+	1	1.276702	I:	D:
129096	130832	+	3	1.277025	I:	D:
130825	131715	+	1	1.283212	I:	D:
131910	132377	+	3	1.317696	I:	D:
132374	133405	+	2	1.250039	I:	D:
133415	133705	+	2	1.266053	I:	D:
135145	135594	-	1	1.232160	I:	D:
135738	136445	-	3	1.247648	I:	D:
136102	137118	+	1	1.224329	I:	D:
137120	138481	+	2	1.251798	I:	D:
138497	139228	+	2	1.256206	I:	D:
139320	140801	+	3	1.224528	I:	D:
140864	142513	-	2	1.264229	I:	D:
142641	143681	-	3	1.246624	I:	D:
143825	144556	+	2	1.243403	I:	D:
144626	144949	-	2	1.241527	I:	D:
144969	145103	-	3	1.241349	I:	D:
145201	146127	-	1	1.211352	I:	D:
146132	146941	-	2	1.237971	I:	D:
147072	148118	-	3	1.258411	I:	D:
148441	149346	-	1	1.237905	I:	D:
149544	149849	+	3	1.270600	I:	D:
149881	150213	-	1	1.286264	I:	D:
150465	151199	-	3	1.210257	I:	D:
151214	151996	-	2	1.267339	I:	D:
151980	152675	-	3	1.222184	I:	D:
152752	152961	-	1	1.232368	I:	D:
153044	153817	-	2	1.236273	I:	D:
153940	154254	-	1	1.225942	I:	D:
154337	155902	-	2	1.232361	I:	D:
156023	157060	-	2	1.223691	I:	D:
157060	157860	-	1	1.236304	I:	D:
157964	158335	+	2	1.257138	I:	D:
158388	160979	-	3	1.256350	I:	D:
161353	162222	-	1	1.217070	I:	D:
162227	162454	-	2	1.205546	I:	D:
162457	163665	-	1	1.224644	I:	D:
163826	164296	-	2	1.223671	I:	D:
164331	164690	-	3	1.223331	I:	D:
164776	165327	-	1	1.210868	I:	D:
165344	165829	-	2	1.221311	I:	D:
165826	166305	-	1	1.214282	I:	D:
166321	167397	-	1	1.233780	I:	D:
167408	167794	-	2	1.166805	I:	D:
167796	167990	-	3	1.204917	I:	D:
168003	168482	-	3	1.279878	I:	D:
168479	169405	-	2	1.221815	I:	D:
169752	170273	-	3	1.236453	I:	D:
170431	171270	+	1	1.265746	I:	D:
171430	172455	-	1	1.254406	I:	D:
172274	172753	-	2	1.258842	I:	D:
173119	174303	+	1	1.245418	I:	D:
174403	175140	+	1	1.238671	I:	D:
175243	175440	+	1	1.354178	I:	D:
175453	176532	+	1	1.224894	I:	D:
176534	177280	+	2	1.240884	I:	D:
177282	177818	+	3	1.231245	I:	D:
178139	178870	+	2	1.258849	I:	D:
178981	179685	-	1	1.226579	I:	D:
179627	180550	-	2	1.235364	I:	D:
180653	180871	-	2	1.228888	I:	D:
180868	181185	-	1	1.271462	I:	D:
181414	181701	-	1	1.276217	I:	D:
181989	182732	-	3	1.297258	I:	D:
182735	182872	-	2	1.340131	I:	D:
182954	184216	-	2	1.240075	I:	D:
184342	185226	-	1	1.244303	I:	D:
185246	185860	-	2	1.248331	I:	D:
186231	186659	-	3	1.276868	I:	D:
186726	187166	-	3	1.243582	I:	D:
187281	188414	-	3	1.236962	I:	D:
188621	189241	+	2	1.215511	I:	D:
189423	189947	+	3	1.288436	I:	D:
189986	190267	+	2	1.226721	I:	D:
190581	190784	-	3	1.358943	I:	D:
190884	194441	-	3	1.227450	I:	D:
194434	197748	-	1	1.239752	I:	D:
197919	201416	-	3	1.251980	I:	D:
201433	201861	-	1	1.220356	I:	D:
201858	202766	-	3	1.250571	I:	D:
202774	203823	-	1	1.236492	I:	D:
203835	204692	-	3	1.255833	I:	D:
204708	205628	-	3	1.236578	I:	D:
205648	206613	-	1	1.237855	I:	D:
207234	208412	-	3	1.231391	I:	D:
208609	209697	+	1	1.242846	I:	D:
209726	211519	+	2	1.213079	I:	D:
211489	213465	+	1	1.237457	I:	D:
213476	214540	+	2	1.243345	I:	D:
214802	215749	+	2	1.238859	I:	D:
215890	217137	+	1	1.246649	I:	D:
217198	217671	+	1	1.217697	I:	D:
217973	218251	-	2	1.281620	I:	D:
218287	218910	-	1	1.304287	I:	D:
218979	220331	-	3	1.235644	I:	D:
220408	221451	-	1	1.228341	I:	D:
221464	222060	-	1	1.247158	I:	D:
222062	222574	-	2	1.220337	I:	D:
222725	223369	+	2	1.273565	I:	D:
223451	223966	+	2	1.245702	I:	D:
224055	224510	+	3	1.244092	I:	D:
224517	224897	-	3	1.218384	I:	D:
224894	225667	-	2	1.263431	I:	D:
225926	227761	+	2	1.226468	I:	D:
227790	228272	+	3	1.250656	I:	D:
228590	229168	-	2	1.232300	I:	D:
229758	231317	-	3	1.243664	I:	D:
231396	232844	-	3	1.250184	I:	D:
233219	233821	+	2	1.223554	I:	D:
233890	234945	+	1	1.252870	I:	D:
234942	235172	+	3	1.249901	I:	D:
235317	236249	+	3	1.217968	I:	D:
236246	237706	+	2	1.224012	I:	D:
238121	238522	+	2	1.223027	I:	D:
238535	239362	+	2	1.230714	I:	D:
239439	240491	+	3	1.232933	I:	D:
240591	241841	+	3	1.249085	I:	D:
241852	243411	+	1	1.238170	I:	D:
243492	244196	+	3	1.207647	I:	D:
244393	245085	+	1	1.229495	I:	D:
245085	245753	+	3	1.224016	I:	D:
246539	247525	+	2	1.282974	I:	D:
247742	247870	+	2	1.383815	I:	D:
248529	249434	-	3	1.364031	I:	D:
249929	251119	-	2	1.397274	I:	D:
251151	251813	-	3	1.364988	I:	D:
252501	252755	-	3	1.254747	I:	D:
253314	254672	-	3	1.394922	I:	D:
255178	256716	-	1	1.359015	I:	D:
257098	258483	-	1	1.374243	I:	D:
>Y8.M059_2
1349	1558	+	2	1.398388	I:	D:
1561	3609	+	1	1.410130	I:	D:
3606	4769	+	3	1.383762	I:	D:
5509	5907	+	1	1.338532	I:	D:
5966	7459	+	2	1.363660	I:	D:
7547	7744	+	2	1.414627	I:	D:
8095	8466	+	1	1.305430	I:	D:
8511	9947	-	3	1.339009	I:	D:
9940	10860	-	1	1.325030	I:	D:
10917	11849	-	3	1.315866	I:	D:
12310	14349	+	1	1.321199	I:	D:
14420	15049	+	2	1.323862	I:	D:
15021	16322	+	3	1.312566	I:	D:
16838	17053	+	2	1.268856	I:	D:
17067	17273	+	3	1.261770	I:	D:
17646	19328	+	3	1.317008	I:	D:
19371	19670	-	3	1.314375	I:	D:
19781	20563	-	2	1.358860	I:	D:
20613	21005	+	3	1.324841	I:	D:
21160	22101	+	1	1.368274	I:	D:
22080	22778	+	3	1.388499	I:	D:
22775	24409	+	2	1.285103	I:	D:
24435	25415	+	3	1.331227	I:	D:
25448	26221	+	2	1.338515	I:	D:
26233	26766	+	1	1.323392	I:	D:
26766	27527	+	3	1.370347	I:	D:
27727	29172	+	1	1.369804	I:	D:
29667	33179	+	3	1.237904	I:	D:
33213	33776	+	3	1.209085	I:	D:
34050	34922	-	3	1.223493	I:	D:
34941	35870	-	3	1.193783	I:	D:
36184	36357	+	1	1.367143	I:	D:
36588	40271	+	3	1.223437	I:	D:
40293	44018	+	3	1.219766	I:	D:
44122	45498	+	1	1.206366	I:	D:
45651	45971	+	3	1.215826	I:	D:
46048	46632	-	1	1.234708	I:	D:
46687	47226	-	1	1.231394	I:	D:
47419	48162	+	1	1.235337	I:	D:
48159	49088	+	3	1.231737	I:	D:
49195	50535	-	1	1.253505	I:	D:
50548	50925	-	1	1.204679	I:	D:
51044	52396	-	2	1.235848	I:	D:
53137	54648	+	1	1.234793	I:	D:
54669	55934	+	3	1.235456	I:	D:
55934	56434	+	2	1.230418	I:	D:
56436	57506	+	3	1.216193	I:	D:
57782	58012	+	2	1.366885	I:	D:
58230	58796	-	3	1.277966	I:	D:
58800	59987	-	3	1.248319	I:	D:
60026	60463	-	2	1.223133	I:	D:
60605	62260	+	2	1.240817	I:	D:
62558	63430	+	2	1.231759	I:	D:
63445	64842	+	1	1.248943	I:	D:
64885	65076	+	1	1.246619	I:	D:
65294	66988	-	2	1.233171	I:	D:
66992	68890	-	2	1.236475	I:	D:
68887	69369	-	1	1.281757	I:	D:
69694	70119	-	1	1.220750	I:	D:
70156	70707	-	1	1.261007	I:	D:
70728	71009	-	3	1.291233	I:	D:
71164	73236	-	1	1.230842	I:	D:
73239	73523	-	3	1.193245	I:	D:
73587	74567	-	3	1.283753	I:	D:
74639	74899	-	2	1.260525	I:	D:
74937	75311	-	3	1.267659	I:	D:
75376	75549	-	1	1.331925	I:	D:
75588	78086	-	3	1.221675	I:	D:
78109	78330	-	1	1.240894	I:	D:
78359	78571	-	2	1.241376	I:	D:
78799	79221	+	1	1.286860	I:	D:
79338	80000	+	3	1.249558	I:	D:
80201	82450	+	2	1.233289	I:	D:
82458	83672	+	3	1.254589	I:	D:
83982	84845	+	3	1.254358	I:	D:
84875	85735	+	2	1.235375	I:	D:
85740	86606	+	3	1.225289	I:	D:
86600	87406	+	2	1.237506	I:	D:
87429	88196	+	3	1.277158	I:	D:
88285	89364	+	1	1.229104	I:	D:
89374	90018	+	1	1.228366	I:	D:
90098	92395	+	2	1.219326	I:	D:
92408	92620	+	2	1.250941	I:	D:
92647	93474	+	1	1.243215	I:	D:
93422	94390	+	2	1.239495	I:	D:
94443	95657	+	3	1.238927	I:	D:
95674	98049	+	1	1.250538	I:	D:
98053	99366	+	1	1.232036	I:	D:
99363	100385	+	3	1.220413	I:	D:
100468	100716	+	1	1.226488	I:	D:
100793	101470	+	2	1.214685	I:	D:
101740	102573	+	1	1.225989	I:	D:
102616	105150	+	1	1.222199	I:	D:
105182	105640	+	2	1.300911	I:	D:
105726	106142	+	3	1.295745	I:	D:
106262	106750	+	2	1.273541	I:	D:
106784	108892	+	2	1.249307	I:	D:
109005	110255	+	3	1.252757	I:	D:
110417	110551	+	2	1.315996	I:	D:
110918	111571	-	2	1.225457	I:	D:
111575	112948	-	2	1.211667	I:	D:
112948	114720	-	1	1.223363	I:	D:
114734	115048	-	2	1.200131	I:	D:
115032	116030	-	3	1.225318	I:	D:
116043	116630	-	3	1.213636	I:	D:
116646	117137	-	3	1.232909	I:	D:
117134	119071	-	2	1.232201	I:	D:
119073	119381	-	3	1.248486	I:	D:
119659	120852	+	1	1.244763	I:	D:
120932	122269	+	2	1.235031	I:	D:
122387	122794	+	2	1.245743	I:	D:
122909	123601	+	2	1.256375	I:	D:
123598	123921	+	1	1.255569	I:	D:
124190	124663	+	2	1.248339	I:	D:
124660	125409	+	1	1.215359	I:	D:
125425	126831	+	1	1.245042	I:	D:
126852	127766	+	3	1.225360	I:	D:
127768	128982	+	1	1.236614	I:	D:
129071	129400	+	2	1.211582	I:	D:
129591	129788	-	3	1.214092	I:	D:
130071	135389	+	3	1.340233	I:	D:
135752	136447	+	2	1.242326	I:	D:
136437	137282	+	3	1.235928	I:	D:
137284	138408	+	1	1.262753	I:	D:
138395	138655	+	2	1.180838	I:	D:
138908	139126	+	2	1.369604	I:	D:
139123	139497	+	1	1.420078	I:	D:
139573	140217	+	1	1.251862	I:	D:
140222	140821	+	2	1.249957	I:	D:
140818	141834	+	1	1.234798	I:	D:
141809	142213	+	2	1.253973	I:	D:
142227	142739	+	3	1.224536	I:	D:
142754	143794	+	2	1.246236	I:	D:
143838	144173	+	3	1.222840	I:	D:
144334	144804	+	1	1.412124	I:	D:
144866	145414	+	2	1.347027	I:	D:
145525	146211	-	1	1.258586	I:	D:
146373	146915	-	3	1.257718	I:	D:
146969	148366	-	2	1.240563	I:	D:
148376	149509	-	2	1.231551	I:	D:
149826	150641	-	3	1.223929	I:	D:
150797	151300	-	2	1.274981	I:	D:
151325	151762	-	2	1.220431	I:	D:
151771	152259	-	1	1.226866	I:	D:
152256	152723	-	3	1.284310	I:	D:
152999	153946	+	2	1.318793	I:	D:
154007	154246	+	2	1.213859	I:	D:
154250	155110	+	2	1.251443	I:	D:
155097	156077	+	3	1.266297	I:	D:
156188	157225	-	2	1.243281	I:	D:
157307	158458	-	2	1.234519	I:	D:
158622	159050	+	3	1.240432	I:	D:
159047	159766	+	2	1.259198	I:	D:
159811	160446	+	1	1.218555	I:	D:
160521	161066	-	3	1.273459	I:	D:
161243	161827	-	2	1.233475	I:	D:
161829	163604	-	3	1.243840	I:	D:
163666	164721	-	1	1.230223	I:	D:
164894	165511	-	2	1.264677	I:	D:
165736	166944	+	1	1.235281	I:	D:
167068	168246	+	1	1.233192	I:	D:
168265	169059	+	1	1.228412	I:	D:
169333	170058	+	1	1.320624	I:	D:
170118	170708	+	3	1.255331	I:	D:
170705	171712	+	2	1.246990	I:	D:
>Y8.M059_3
297	1364	+	3	1.224190	I:	D:
1383	2396	+	3	1.207250	I:	D:
2445	3233	+	3	1.201277	I:	D:
3398	4591	+	2	1.230642	I:	D:
4766	6199	+	2	1.240562	I:	D:
6305	7588	+	2	1.235591	I:	D:
7659	8396	+	3	1.239936	I:	D:
8540	9922	+	2	1.223687	I:	D:
10035	11798	+	3	1.222926	I:	D:
11805	12080	+	3	1.334006	I:	D:
12261	12737	-	3	1.362913	I:	D:
12748	12888	-	1	1.222532	I:	D:
12891	14921	-	3	1.226042	I:	D:
14918	15679	-	2	1.223829	I:	D:
15787	16770	-	1	1.243405	I:	D:
16775	17446	-	2	1.244597	I:	D:
17458	18387	-	1	1.246154	I:	D:
18520	19083	+	1	1.232205	I:	D:
19419	20444	+	3	1.277238	I:	D:
20645	20848	+	2	1.393872	I:	D:
21048	21479	+	3	1.244088	I:	D:
21564	22352	+	3	1.239903	I:	D:
22394	22888	+	2	1.315437	I:	D:
22985	23299	+	2	1.287025	I:	D:
23283	24116	+	3	1.236018	I:	D:
24365	25117	-	2	1.240522	I:	D:
25667	28333	-	2	1.283623	I:	D:
28533	30077	-	3	1.246306	I:	D:
30102	31862	-	3	1.242868	I:	D:
31928	32281	+	2	1.253704	I:	D:
32278	33414	+	1	1.222678	I:	D:
33509	34399	+	2	1.244979	I:	D:
34380	35633	+	3	1.252004	I:	D:
35652	36056	+	3	1.237946	I:	D:
36107	36964	+	2	1.262819	I:	D:
36957	37592	+	3	1.236515	I:	D:
37644	38522	+	3	1.222314	I:	D:
38533	38796	+	1	1.217161	I:	D:
38820	39413	+	3	1.226445	I:	D:
39560	39784	+	2	1.197603	I:	D:
39812	42238	+	2	1.231631	I:	D:
42295	42792	+	1	1.230633	I:	D:
42808	43713	+	1	1.222048	I:	D:
43728	45056	+	3	1.234955	I:	D:
45060	46100	+	3	1.248622	I:	D:
46097	46828	+	2	1.246652	I:	D:
46842	48794	+	3	1.238112	I:	D:
48791	49672	+	2	1.224753	I:	D:
49801	51309	-	1	1.235741	I:	D:
51306	51998	-	3	1.218724	I:	D:
52020	53291	-	3	1.248972	I:	D:
53667	54017	-	3	1.257289	I:	D:
54052	54249	-	1	1.293233	I:	D:
54298	54678	-	1	1.293596	I:	D:
54571	54807	+	1	1.321130	I:	D:
55440	56360	-	3	1.255176	I:	D:
56666	58204	+	2	1.245225	I:	D:
58289	59179	+	2	1.226198	I:	D:
59466	63182	+	3	1.234061	I:	D:
63354	64247	-	3	1.229408	I:	D:
64359	65729	-	3	1.222359	I:	D:
65799	66965	-	3	1.231365	I:	D:
66979	67974	-	1	1.224888	I:	D:
68370	69080	+	3	1.232644	I:	D:
69031	69447	+	1	1.229388	I:	D:
69467	69922	+	2	1.260802	I:	D:
69946	71211	+	1	1.236984	I:	D:
71231	71860	+	2	1.227787	I:	D:
71872	72750	+	1	1.247066	I:	D:
72747	73505	+	3	1.239307	I:	D:
73522	74547	+	1	1.235781	I:	D:
74596	75015	+	1	1.233048	I:	D:
75045	75686	+	3	1.227535	I:	D:
75683	76462	+	2	1.246142	I:	D:
76526	77968	+	2	1.244030	I:	D:
77996	79552	+	2	1.234056	I:	D:
79582	80655	+	1	1.267018	I:	D:
80778	81773	+	3	1.225112	I:	D:
81828	82040	-	3	1.206568	I:	D:
81975	82262	+	3	1.263057	I:	D:
82518	83102	-	3	1.231801	I:	D:
83102	83839	-	2	1.251444	I:	D:
84054	84755	+	3	1.246697	I:	D:
84868	85242	-	1	1.224410	I:	D:
85378	87195	+	1	1.231619	I:	D:
87301	88227	-	1	1.271844	I:	D:
88371	88628	+	3	1.258961	I:	D:
88632	89909	+	3	1.243569	I:	D:
90183	91091	+	3	1.222996	I:	D:
91309	91764	+	1	1.271337	I:	D:
91769	93151	+	2	1.212505	I:	D:
93218	93457	+	2	1.257374	I:	D:
93473	93703	+	2	1.244647	I:	D:
94333	95028	-	1	1.243733	I:	D:
95213	98017	+	2	1.229374	I:	D:
98019	98363	+	3	1.246477	I:	D:
98275	99036	+	1	1.232708	I:	D:
99177	100286	-	3	1.237594	I:	D:
100472	102244	+	2	1.228810	I:	D:
102643	102879	+	1	1.324952	I:	D:
103028	104887	+	2	1.285939	I:	D:
105239	106819	+	2	1.453349	I:	D:
108903	109130	+	3	1.288814	I:	D:
109243	109482	+	1	1.319433	I:	D:
109597	110613	+	1	1.259722	I:	D:
110671	110931	+	1	1.315259	I:	D:
111132	112043	+	3	1.270072	I:	D:
112168	113379	+	1	1.296599	I:	D:
114446	115990	+	2	1.261078	I:	D:
116212	116919	+	1	1.230663	I:	D:
117134	118429	-	2	1.233194	I:	D:
118448	119284	-	2	1.226926	I:	D:
119435	120805	-	2	1.249038	I:	D:
121086	121925	-	3	1.205203	I:	D:
121922	122755	-	2	1.233113	I:	D:
122899	124191	-	1	1.246380	I:	D:
124193	125455	-	2	1.228928	I:	D:
125743	126666	-	1	1.216991	I:	D:
127246	127623	+	1	1.303149	I:	D:
127620	127850	+	3	1.203926	I:	D:
127958	129241	+	2	1.259236	I:	D:
129411	131405	+	3	1.241591	I:	D:
131486	131695	-	2	1.204599	I:	D:
131790	132194	-	3	1.236448	I:	D:
132216	132467	-	3	1.158740	I:	D:
132600	133307	-	3	1.238506	I:	D:
133797	134057	-	3	1.222619	I:	D:
134459	134722	+	2	1.295843	I:	D:
134793	135503	-	3	1.282656	I:	D:
135657	135875	+	3	1.211069	I:	D:
135946	137826	+	1	1.225068	I:	D:
138110	139087	-	2	1.241893	I:	D:
139409	141052	+	2	1.238248	I:	D:
141097	141267	-	1	1.332032	I:	D:
141425	142462	+	2	1.243133	I:	D:
142475	142957	+	2	1.231487	I:	D:
142959	144224	+	3	1.223218	I:	D:
144245	145420	+	2	1.230959	I:	D:
>Y8.M059_4
2	289	+	2	1.243721	I:	D:
290	835	+	2	1.220440	I:	D:
1167	1622	+	3	1.402285	I:	D:
1878	3404	+	3	1.237599	I:	D:
3404	4516	+	2	1.210894	I:	D:
4570	5496	+	1	1.221797	I:	D:
5564	6919	+	2	1.221767	I:	D:
6967	7653	-	1	1.217399	I:	D:
7815	8126	+	3	1.248819	I:	D:
8239	11412	-	1	1.218218	I:	D:
12045	13034	-	3	1.197669	I:	D:
13040	13708	-	2	1.233208	I:	D:
13932	14795	+	3	1.341342	I:	D:
14926	15561	-	1	1.223040	I:	D:
15539	16276	-	2	1.250049	I:	D:
16273	16701	-	1	1.227794	I:	D:
16654	17517	+	1	1.228255	I:	D:
17701	18510	-	1	1.233006	I:	D:
18531	19460	-	3	1.237499	I:	D:
19517	20233	+	2	1.287934	I:	D:
20642	21628	+	2	1.226801	I:	D:
21715	22620	+	1	1.215335	I:	D:
22623	23420	+	3	1.229779	I:	D:
24037	25422	-	1	1.236859	I:	D:
25756	26652	-	1	1.249372	I:	D:
27057	27695	+	3	1.259275	I:	D:
28207	28839	+	1	1.259805	I:	D:
28934	30118	-	2	1.243306	I:	D:
30159	31310	-	3	1.239933	I:	D:
31412	31558	+	2	1.293411	I:	D:
31600	32298	-	1	1.230605	I:	D:
32405	33301	-	2	1.247062	I:	D:
33394	34020	+	1	1.252974	I:	D:
34024	34677	+	1	1.266232	I:	D:
35184	36539	+	3	1.225897	I:	D:
36651	37484	-	3	1.270245	I:	D:
37520	37705	-	2	1.235563	I:	D:
37710	38132	-	3	1.297496	I:	D:
38435	38776	-	2	1.244170	I:	D:
38820	41462	-	3	1.207087	I:	D:
41518	42288	-	1	1.217778	I:	D:
42345	43349	+	3	1.289352	I:	D:
43575	45002	-	3	1.239471	I:	D:
45147	48152	-	3	1.221687	I:	D:
48394	49767	+	1	1.225119	I:	D:
49795	50250	+	1	1.201489	I:	D:
50696	50926	-	2	1.218800	I:	D:
50942	51535	-	2	1.241226	I:	D:
51557	52099	-	2	1.224797	I:	D:
52423	55374	-	1	1.238401	I:	D:
55844	57187	-	2	1.234748	I:	D:
57622	58050	+	1	1.264340	I:	D:
58135	58749	-	1	1.216042	I:	D:
58842	60083	-	3	1.224555	I:	D:
60080	60283	-	2	1.285046	I:	D:
60415	60579	+	1	1.240862	I:	D:
61151	62626	-	2	1.224027	I:	D:
62623	63267	-	1	1.279534	I:	D:
63474	64871	+	3	1.236459	I:	D:
65015	66208	+	2	1.230180	I:	D:
66289	67224	+	1	1.210313	I:	D:
67379	68515	-	2	1.236734	I:	D:
68616	69758	-	3	1.194812	I:	D:
69840	70646	-	3	1.218374	I:	D:
70664	71761	-	2	1.260369	I:	D:
72140	73267	+	2	1.267959	I:	D:
73280	74095	+	2	1.242734	I:	D:
74132	75022	+	2	1.260804	I:	D:
75076	75855	+	1	1.224793	I:	D:
75956	77341	+	2	1.253019	I:	D:
77417	78802	+	2	1.251436	I:	D:
78885	80267	+	3	1.261475	I:	D:
80415	81446	+	3	1.237297	I:	D:
81482	82141	+	2	1.222628	I:	D:
82325	83809	+	2	1.245170	I:	D:
83853	85175	+	3	1.213855	I:	D:
85241	86218	+	2	1.224052	I:	D:
86224	87297	+	1	1.230380	I:	D:
87325	88932	+	1	1.209083	I:	D:
88988	90367	+	2	1.204214	I:	D:
90470	91219	+	2	1.197252	I:	D:
91331	91897	+	2	1.196808	I:	D:
92275	97068	+	1	1.247461	I:	D:
97146	97865	-	3	1.224701	I:	D:
98020	98688	+	1	1.236935	I:	D:
98685	100013	+	3	1.217708	I:	D:
100010	101176	+	2	1.235749	I:	D:
101218	101553	-	1	1.276581	I:	D:
101594	102310	+	2	1.248456	I:	D:
102427	102990	+	1	1.255027	I:	D:
103152	104564	+	3	1.220505	I:	D:
104804	105463	-	2	1.241296	I:	D:
105607	105840	+	1	1.274403	I:	D:
106078	106440	-	1	1.250275	I:	D:
106535	107050	-	2	1.216208	I:	D:
107098	107862	-	1	1.214373	I:	D:
107930	108787	-	2	1.186369	I:	D:
108928	109200	-	1	1.233212	I:	D:
109433	111010	-	2	1.210789	I:	D:
111007	111162	-	1	1.246233	I:	D:
111254	111472	-	2	1.216426	I:	D:
111770	112621	-	2	1.234592	I:	D:
112836	113300	-	3	1.263793	I:	D:
113314	113781	-	1	1.250712	I:	D:
113778	114251	-	3	1.257562	I:	D:
114248	114901	-	2	1.286627	I:	D:
114949	115464	+	1	1.268760	I:	D:
115534	116178	-	1	1.286948	I:	D:
116175	116966	-	3	1.228336	I:	D:
117030	117494	-	3	1.229334	I:	D:
117635	117880	+	2	1.185560	I:	D:
117903	118250	+	3	1.256151	I:	D:
118247	119056	+	2	1.268029	I:	D:
119142	120416	+	3	1.238219	I:	D:
120987	121424	+	3	1.427526	I:	D:
121628	122890	+	2	1.269767	I:	D:
122950	124248	+	1	1.230230	I:	D:
124410	125333	+	3	1.232840	I:	D:
125330	126190	+	2	1.255616	I:	D:
126231	127724	+	3	1.227804	I:	D:
127921	128253	+	1	1.269078	I:	D:
128240	128980	+	2	1.244631	I:	D:
128996	129874	+	2	1.226508	I:	D:
129938	130303	+	2	1.228941	I:	D:
130526	130930	-	2	1.368620	I:	D:
130981	131157	+	1	1.362439	I:	D:
131174	131656	+	2	1.403642	I:	D:
131995	134934	+	1	1.302453	I:	D:
>Y8.M059_5
2	289	+	2	1.258428	I:	D:
290	508	+	2	1.321228	I:	D:
711	2447	-	3	1.243005	I:	D:
2481	2777	-	3	1.270865	I:	D:
2964	6536	+	3	1.200266	I:	D:
6547	7416	+	1	1.197002	I:	D:
7438	8160	+	1	1.229935	I:	D:
8157	8456	+	3	1.316521	I:	D:
8498	9052	+	2	1.232337	I:	D:
9082	9363	+	1	1.208817	I:	D:
9360	10550	+	3	1.240185	I:	D:
10547	10915	+	2	1.202041	I:	D:
11321	12703	-	2	1.247206	I:	D:
12854	13444	+	2	1.250209	I:	D:
13451	13789	+	2	1.194783	I:	D:
15155	15901	+	2	1.220282	I:	D:
15964	16656	+	1	1.238641	I:	D:
16653	17891	+	3	1.231038	I:	D:
18016	19560	+	1	1.221660	I:	D:
19636	20649	+	1	1.236707	I:	D:
20642	21547	+	2	1.249297	I:	D:
21544	22539	+	1	1.237878	I:	D:
22536	23420	+	3	1.240445	I:	D:
24504	24800	-	3	1.215703	I:	D:
25088	27643	+	2	1.254123	I:	D:
27885	28406	-	3	1.206237	I:	D:
28497	29453	-	3	1.238604	I:	D:
29443	29799	-	1	1.260915	I:	D:
29964	32501	-	3	1.231585	I:	D:
32517	32825	-	3	1.232030	I:	D:
33077	33601	+	2	1.244730	I:	D:
33613	33807	+	1	1.229519	I:	D:
33804	34796	+	3	1.218791	I:	D:
34789	35850	+	1	1.213106	I:	D:
35847	37121	+	3	1.231258	I:	D:
37354	38052	-	1	1.247679	I:	D:
38158	39603	-	1	1.253808	I:	D:
40070	41941	+	2	1.258991	I:	D:
41938	43149	+	1	1.234854	I:	D:
43146	44276	+	3	1.238038	I:	D:
44412	46031	+	3	1.266772	I:	D:
46067	48490	+	2	1.229463	I:	D:
48813	50750	-	3	1.263837	I:	D:
50747	51349	-	2	1.211861	I:	D:
51346	52029	-	1	1.212201	I:	D:
52026	53231	-	3	1.242406	I:	D:
53266	54129	-	1	1.231685	I:	D:
54119	54841	-	2	1.223906	I:	D:
55054	55827	-	1	1.259406	I:	D:
55870	56277	-	1	1.242806	I:	D:
56295	56984	-	3	1.229253	I:	D:
57021	57602	-	3	1.224060	I:	D:
57611	58387	-	2	1.238012	I:	D:
58399	59055	-	1	1.249435	I:	D:
59308	59499	+	1	1.219055	I:	D:
59876	61195	+	2	1.226914	I:	D:
61183	61824	+	1	1.252717	I:	D:
61851	64151	+	3	1.236074	I:	D:
64183	65235	+	1	1.231019	I:	D:
65232	65813	+	3	1.203772	I:	D:
65810	66337	+	2	1.227339	I:	D:
66446	68191	+	2	1.246912	I:	D:
68335	68745	+	1	1.278295	I:	D:
68742	69491	+	3	1.252286	I:	D:
69659	70219	-	2	1.366094	I:	D:
70254	70844	-	3	1.278302	I:	D:
71071	71394	+	1	1.256851	I:	D:
71391	72149	+	3	1.287162	I:	D:
72568	73728	-	1	1.241318	I:	D:
73988	74668	+	2	1.282618	I:	D:
74658	75404	+	3	1.257432	I:	D:
75447	76478	+	3	1.233683	I:	D:
76514	77323	+	2	1.235957	I:	D:
77327	78520	+	2	1.236797	I:	D:
78623	80020	-	2	1.224266	I:	D:
80023	80865	-	1	1.232213	I:	D:
81038	81682	-	2	1.248671	I:	D:
81685	82359	-	1	1.269023	I:	D:
82556	83836	+	2	1.213809	I:	D:
84263	84970	-	2	1.243528	I:	D:
85271	85900	-	2	1.248936	I:	D:
86272	87192	+	1	1.378196	I:	D:
87339	88439	+	3	1.295020	I:	D:
88442	89554	+	2	1.347347	I:	D:
89653	90432	-	1	1.313093	I:	D:
90538	90756	-	1	1.295426	I:	D:
91178	92032	-	2	1.313528	I:	D:
92029	92535	-	1	1.297455	I:	D:
92532	93125	-	3	1.354191	I:	D:
93188	94237	+	2	1.341348	I:	D:
94268	95512	+	2	1.323318	I:	D:
95693	96190	+	2	1.302626	I:	D:
96301	96915	+	1	1.295990	I:	D:
96971	97525	+	2	1.316363	I:	D:
97538	98443	+	2	1.316447	I:	D:
98550	99167	+	3	1.331426	I:	D:
99219	99920	+	3	1.325500	I:	D:
99948	100724	+	3	1.304606	I:	D:
100733	101230	+	2	1.361240	I:	D:
101241	102014	+	3	1.356573	I:	D:
102024	102866	+	3	1.328306	I:	D:
102863	103789	+	2	1.302648	I:	D:
103786	104448	+	1	1.339433	I:	D:
104445	105044	+	3	1.343772	I:	D:
105196	106965	+	1	1.257790	I:	D:
106969	108696	+	1	1.273770	I:	D:
109067	109486	+	2	1.340852	I:	D:
110244	110405	+	3	1.254792	I:	D:
>Y8.M059_6
1	702	-	1	1.288692	I:	D:
3447	4013	+	3	1.305257	I:	D:
4071	4292	+	3	1.330228	I:	D:
4452	5102	-	3	1.260321	I:	D:
5553	8186	+	3	1.237296	I:	D:
8300	8605	+	2	1.195547	I:	D:
8619	9062	+	3	1.225866	I:	D:
9059	9769	+	2	1.241705	I:	D:
10610	11878	-	2	1.237596	I:	D:
12157	14595	+	1	1.245560	I:	D:
14645	15016	+	2	1.256625	I:	D:
15336	16661	-	3	1.235074	I:	D:
16919	17767	+	2	1.257047	I:	D:
18108	18281	-	3	1.340626	I:	D:
18338	18835	+	2	1.228160	I:	D:
18804	19691	+	3	1.206857	I:	D:
20002	21303	-	1	1.224334	I:	D:
21601	22950	+	1	1.259902	I:	D:
23281	26667	+	1	1.240997	I:	D:
26829	27824	+	3	1.311704	I:	D:
27837	28751	+	3	1.282707	I:	D:
29045	29878	-	2	1.234912	I:	D:
29916	31142	-	3	1.239641	I:	D:
31408	33585	+	1	1.255543	I:	D:
33826	35064	-	1	1.236092	I:	D:
35231	36166	+	2	1.229394	I:	D:
36485	36730	-	2	1.243444	I:	D:
36806	39250	-	2	1.238789	I:	D:
39268	40305	-	1	1.243902	I:	D:
40756	41196	-	1	1.249274	I:	D:
41363	42214	+	2	1.242877	I:	D:
42266	42853	+	2	1.253197	I:	D:
42872	44041	+	2	1.233022	I:	D:
44185	44559	+	1	1.248863	I:	D:
44606	44806	+	2	1.363542	I:	D:
45088	45570	-	1	1.257353	I:	D:
45570	46184	-	3	1.238727	I:	D:
46254	47180	-	3	1.240636	I:	D:
47307	48581	-	3	1.245719	I:	D:
49096	50562	+	1	1.254769	I:	D:
50650	53025	+	1	1.233996	I:	D:
53050	53958	+	1	1.266651	I:	D:
54239	55138	+	2	1.263979	I:	D:
55145	55366	+	2	1.362473	I:	D:
55512	56174	-	3	1.244264	I:	D:
56176	57837	-	1	1.233424	I:	D:
58004	60055	-	2	1.237610	I:	D:
60109	61008	-	1	1.240443	I:	D:
61051	63090	-	1	1.235730	I:	D:
63729	65084	+	3	1.258818	I:	D:
65214	67310	-	3	1.235685	I:	D:
67630	68721	+	1	1.274086	I:	D:
68721	70226	+	3	1.235890	I:	D:
70263	71003	+	3	1.262848	I:	D:
71025	72242	+	3	1.265300	I:	D:
72266	72853	+	2	1.267774	I:	D:
73005	74750	-	3	1.236812	I:	D:
74771	75289	-	2	1.312171	I:	D:
75663	77036	-	3	1.245185	I:	D:
77447	78910	-	2	1.255795	I:	D:
79078	79398	-	1	1.300246	I:	D:
80370	81827	-	3	1.237513	I:	D:
81986	82876	-	2	1.248678	I:	D:
83142	85040	+	3	1.258948	I:	D:
85037	85330	+	2	1.250238	I:	D:
85353	85946	+	3	1.247223	I:	D:
85988	87217	+	2	1.242033	I:	D:
87295	87498	+	1	1.227742	I:	D:
87512	87868	+	2	1.255039	I:	D:
87883	89601	+	1	1.264895	I:	D:
89598	90329	+	3	1.271010	I:	D:
90333	92117	+	3	1.289174	I:	D:
92134	93243	+	1	1.235761	I:	D:
93282	94322	+	3	1.272537	I:	D:
94364	94567	+	2	1.356155	I:	D:
94783	95655	+	1	1.227442	I:	D:
95676	96683	+	3	1.229920	I:	D:
96715	97374	+	1	1.209308	I:	D:
97450	98619	+	1	1.248542	I:	D:
98760	98975	+	3	1.249408	I:	D:
99663	99839	+	3	1.404848	I:	D:
99948	100805	-	3	1.436937	I:	D:
100889	102355	+	2	1.275664	I:	D:
102638	102979	+	2	1.286242	I:	D:
103306	103806	+	1	1.371197	I:	D:
104050	104757	+	1	1.262984	I:	D:
104855	105286	+	2	1.296026	I:	D:
105276	105581	+	3	1.226537	I:	D:
>Y8.M059_7
2	754	+	2	1.260647	I:	D:
905	2068	+	2	1.234070	I:	D:
2310	4034	-	3	1.240493	I:	D:
4137	4694	+	3	1.252746	I:	D:
4691	5896	+	2	1.224579	I:	D:
5970	6866	+	3	1.239871	I:	D:
6910	7386	-	1	1.250077	I:	D:
7831	8847	-	1	1.253378	I:	D:
9146	10510	+	2	1.233805	I:	D:
11141	11389	+	2	1.300432	I:	D:
11482	11676	-	1	1.279914	I:	D:
11787	12017	-	3	1.359401	I:	D:
12565	14586	+	1	1.377237	I:	D:
14580	16064	+	3	1.397382	I:	D:
16470	16829	+	3	1.320980	I:	D:
16826	18334	+	2	1.302663	I:	D:
18417	18815	-	3	1.313663	I:	D:
18883	19212	+	1	1.365633	I:	D:
19222	19644	+	1	1.282618	I:	D:
19728	19928	+	3	1.307634	I:	D:
20191	21300	-	1	1.264677	I:	D:
21417	22307	+	3	1.272043	I:	D:
22304	22909	+	2	1.261925	I:	D:
22794	24131	+	3	1.253949	I:	D:
24244	24774	+	1	1.263094	I:	D:
24986	25687	-	2	1.237192	I:	D:
25826	26689	+	2	1.226353	I:	D:
26868	26999	+	3	1.332891	I:	D:
27041	27766	+	2	1.271625	I:	D:
27759	28421	+	3	1.225155	I:	D:
28706	29608	+	2	1.234268	I:	D:
29613	30560	+	3	1.240781	I:	D:
30627	30845	-	3	1.326316	I:	D:
30865	31218	-	1	1.344845	I:	D:
31524	32741	-	3	1.248286	I:	D:
32937	33683	-	3	1.215853	I:	D:
33667	34395	-	1	1.222891	I:	D:
34499	35368	-	2	1.238128	I:	D:
35761	36186	+	1	1.259968	I:	D:
36255	36422	+	3	1.341908	I:	D:
36500	37060	+	2	1.242016	I:	D:
37150	37797	-	1	1.253620	I:	D:
37931	38845	+	2	1.250233	I:	D:
38961	40172	+	3	1.226278	I:	D:
40427	44404	-	2	1.253191	I:	D:
44597	44929	-	2	1.285320	I:	D:
45337	45750	-	1	1.264323	I:	D:
45952	47304	-	1	1.247251	I:	D:
47737	48297	+	1	1.228702	I:	D:
48585	49865	+	3	1.228722	I:	D:
50012	50494	-	2	1.231108	I:	D:
50491	51234	-	1	1.221498	I:	D:
51237	51722	-	3	1.239667	I:	D:
51906	52553	+	3	1.242763	I:	D:
52673	53557	-	2	1.260571	I:	D:
53818	54384	-	1	1.238476	I:	D:
54381	54734	-	3	1.243444	I:	D:
54739	55470	-	1	1.230389	I:	D:
55463	55990	-	2	1.256205	I:	D:
56032	57135	-	1	1.228166	I:	D:
57137	57907	-	2	1.232743	I:	D:
58041	58346	-	3	1.289125	I:	D:
58339	58785	-	1	1.257436	I:	D:
58883	59029	-	2	1.314801	I:	D:
59086	61728	-	1	1.234149	I:	D:
61725	62636	-	3	1.255310	I:	D:
62678	63526	-	2	1.280503	I:	D:
64046	65230	-	2	1.221715	I:	D:
65611	66543	+	1	1.264700	I:	D:
66611	66874	-	2	1.326740	I:	D:
67103	67735	-	2	1.218816	I:	D:
67804	68361	-	1	1.257434	I:	D:
68437	70374	-	1	1.246634	I:	D:
70576	70869	+	1	1.323209	I:	D:
71107	71610	-	1	1.228475	I:	D:
71595	73016	-	3	1.241424	I:	D:
73121	73636	+	2	1.207014	I:	D:
73718	74317	+	2	1.244482	I:	D:
74642	76156	-	2	1.292945	I:	D:
76245	77366	-	3	1.223761	I:	D:
77382	78182	-	3	1.222071	I:	D:
78203	79366	-	2	1.261562	I:	D:
79392	80228	-	3	1.243658	I:	D:
80296	81075	-	1	1.213818	I:	D:
81428	82102	+	2	1.232971	I:	D:
82123	82668	+	1	1.270821	I:	D:
83146	83586	+	1	1.236645	I:	D:
84107	87529	+	2	1.228324	I:	D:
87633	89945	-	3	1.232257	I:	D:
90222	90530	-	3	1.247658	I:	D:
90625	91320	-	1	1.244266	I:	D:
91324	93075	-	1	1.250877	I:	D:
93068	93994	-	2	1.259482	I:	D:
94398	95504	-	3	1.242912	I:	D:
95787	96956	+	3	1.222187	I:	D:
97210	98229	-	1	1.219198	I:	D:
98811	100901	+	3	1.231139	I:	D:
>Y8.M059_8
3	1064	+	3	1.290791	I:	D:
1138	1509	-	1	1.320791	I:	D:
1524	3482	-	3	1.326440	I:	D:
3486	3893	-	3	1.282863	I:	D:
4213	5220	-	1	1.300012	I:	D:
5222	5494	-	2	1.302694	I:	D:
5506	6702	-	1	1.315621	I:	D:
6702	8534	-	3	1.297374	I:	D:
8548	9132	-	1	1.267199	I:	D:
9129	9356	-	3	1.296939	I:	D:
9455	9742	-	2	1.287314	I:	D:
9859	11361	-	1	1.328956	I:	D:
11637	13241	+	3	1.415732	I:	D:
13243	14211	+	1	1.351462	I:	D:
14204	15229	+	2	1.380727	I:	D:
15309	15566	-	3	1.302001	I:	D:
15563	16462	-	2	1.299569	I:	D:
16557	16982	-	3	1.333206	I:	D:
16993	17340	-	1	1.270379	I:	D:
17362	19116	-	1	1.321306	I:	D:
19194	19772	-	3	1.307343	I:	D:
19858	20346	-	1	1.290930	I:	D:
20391	20786	-	3	1.281519	I:	D:
20799	21671	-	3	1.286798	I:	D:
21676	22605	-	1	1.299672	I:	D:
22602	24095	-	3	1.306955	I:	D:
24096	24902	-	3	1.306408	I:	D:
24899	25717	-	2	1.267090	I:	D:
25731	26135	-	3	1.329672	I:	D:
26135	26461	-	2	1.274832	I:	D:
26532	27083	-	3	1.295980	I:	D:
27114	27476	-	3	1.281116	I:	D:
27496	28230	-	1	1.326040	I:	D:
28223	28618	-	2	1.303740	I:	D:
28632	29594	-	3	1.312669	I:	D:
29591	29929	-	2	1.269588	I:	D:
30148	30471	+	1	1.367382	I:	D:
30608	30829	+	2	1.394870	I:	D:
30875	31975	-	2	1.286628	I:	D:
32076	33416	-	3	1.298325	I:	D:
33416	34477	-	2	1.301253	I:	D:
34499	35422	-	2	1.292789	I:	D:
35419	36603	-	1	1.275859	I:	D:
36600	37292	-	3	1.359463	I:	D:
37366	38058	-	1	1.321869	I:	D:
38568	40304	-	3	1.260068	I:	D:
40298	42136	-	2	1.245976	I:	D:
42368	42724	-	2	1.366953	I:	D:
42703	44427	-	1	1.242660	I:	D:
44450	44755	-	2	1.230843	I:	D:
44786	45268	-	2	1.255613	I:	D:
45252	46127	+	3	1.304875	I:	D:
46133	47431	-	2	1.236863	I:	D:
47609	48319	-	2	1.262917	I:	D:
48490	48672	-	1	1.372919	I:	D:
48773	49834	+	2	1.243119	I:	D:
49892	51115	-	2	1.245956	I:	D:
51108	51785	-	3	1.246816	I:	D:
52114	52263	+	1	1.386590	I:	D:
52293	52502	+	3	1.238862	I:	D:
52513	53037	+	1	1.234300	I:	D:
53168	53593	+	2	1.282803	I:	D:
53609	54301	+	2	1.243040	I:	D:
54530	55054	+	2	1.260935	I:	D:
55133	55504	+	2	1.227711	I:	D:
55653	56168	+	3	1.245169	I:	D:
56197	56724	+	1	1.235844	I:	D:
56932	57288	-	1	1.191050	I:	D:
57288	58313	-	3	1.252722	I:	D:
58492	58686	+	1	1.284352	I:	D:
58647	59204	+	3	1.324007	I:	D:
59500	60063	-	1	1.259852	I:	D:
60060	60608	-	3	1.240334	I:	D:
60622	61383	-	1	1.239488	I:	D:
61516	62055	+	1	1.243450	I:	D:
62327	63664	+	2	1.228685	I:	D:
64306	65772	-	1	1.258545	I:	D:
65808	66284	-	3	1.260789	I:	D:
66493	68061	+	1	1.256100	I:	D:
68122	68829	+	1	1.269201	I:	D:
69410	70780	-	2	1.252890	I:	D:
70925	71722	-	2	1.237116	I:	D:
71719	72051	-	1	1.253396	I:	D:
72111	72941	-	3	1.246301	I:	D:
73085	74653	+	2	1.251656	I:	D:
74837	75961	+	2	1.258217	I:	D:
76202	76396	+	2	1.323794	I:	D:
76765	78156	-	1	1.243955	I:	D:
78509	79063	-	2	1.319849	I:	D:
79351	79911	-	1	1.245387	I:	D:
79944	80801	+	3	1.297229	I:	D:
80825	81262	+	2	1.241469	I:	D:
>Y8.M059_9
109	588	-	1	1.309236	I:	D:
595	1119	-	1	1.335824	I:	D:
1258	1551	-	1	1.355284	I:	D:
1652	2176	+	2	1.262413	I:	D:
2231	2494	+	2	1.406557	I:	D:
2648	2809	-	2	1.323778	I:	D:
3016	4272	-	1	1.242934	I:	D:
4643	6022	+	2	1.234961	I:	D:
6147	6572	+	3	1.275112	I:	D:
6644	7738	-	2	1.270300	I:	D:
7837	8406	+	1	1.246197	I:	D:
8403	8834	+	3	1.260030	I:	D:
9232	12126	-	1	1.262860	I:	D:
12134	12844	-	2	1.242225	I:	D:
12959	13699	-	2	1.259918	I:	D:
13684	14961	-	1	1.251167	I:	D:
14991	16964	-	3	1.243042	I:	D:
16975	17853	-	1	1.284489	I:	D:
17890	19272	-	1	1.247858	I:	D:
20256	21080	+	3	1.241317	I:	D:
21164	21811	+	2	1.229468	I:	D:
21824	22606	+	2	1.236513	I:	D:
22698	23390	-	3	1.261931	I:	D:
23392	23847	-	1	1.226500	I:	D:
24029	24646	-	2	1.314532	I:	D:
27065	27655	-	2	1.425007	I:	D:
28515	28691	-	3	1.243119	I:	D:
28841	29608	+	2	1.236366	I:	D:
29619	30659	+	3	1.245264	I:	D:
30742	31095	+	1	1.246460	I:	D:
31164	31490	-	3	1.409865	I:	D:
32688	33398	+	3	1.272361	I:	D:
33395	34660	+	2	1.236735	I:	D:
34715	35518	+	2	1.251337	I:	D:
35564	36421	-	2	1.260630	I:	D:
36434	36733	-	2	1.266454	I:	D:
36757	37239	+	1	1.319544	I:	D:
37255	37584	-	1	1.332327	I:	D:
38031	39383	-	3	1.250409	I:	D:
39631	42414	-	1	1.274284	I:	D:
42418	43659	-	1	1.258102	I:	D:
44216	45160	-	2	1.224415	I:	D:
45236	45964	-	2	1.218764	I:	D:
46161	46448	-	3	1.290467	I:	D:
46595	47365	+	2	1.230925	I:	D:
47392	48039	-	1	1.338219	I:	D:
48544	49062	-	1	1.304880	I:	D:
49459	50829	+	1	1.242622	I:	D:
51114	51314	-	3	1.262920	I:	D:
51515	51838	-	2	1.245037	I:	D:
51970	52695	-	1	1.234690	I:	D:
53088	53939	-	3	1.226890	I:	D:
53962	54639	-	1	1.268671	I:	D:
54784	55422	+	1	1.274680	I:	D:
55493	56854	-	2	1.225129	I:	D:
56851	57723	-	1	1.261609	I:	D:
57963	58376	+	3	1.297518	I:	D:
58886	59095	-	2	1.214348	I:	D:
59309	60592	+	2	1.229934	I:	D:
60695	61876	+	2	1.251322	I:	D:
61945	62562	+	1	1.245580	I:	D:
62833	63369	-	1	1.240371	I:	D:
63799	66228	+	1	1.244670	I:	D:
66387	66572	+	3	1.309852	I:	D:
66723	67493	-	3	1.258338	I:	D:
67564	68061	+	1	1.252147	I:	D:
68202	68768	+	3	1.221737	I:	D:
68808	69242	+	3	1.243002	I:	D:
>Y8.M059_10
1	171	-	1	1.333688	I:	D:
203	1654	-	2	1.253603	I:	D:
1986	2192	+	3	1.296236	I:	D:
2200	2949	+	1	1.241067	I:	D:
2946	3539	+	3	1.233875	I:	D:
3924	4595	+	3	1.230918	I:	D:
4659	4901	-	3	1.339618	I:	D:
5081	6142	-	2	1.239456	I:	D:
6132	6821	-	3	1.219628	I:	D:
7000	7857	+	1	1.244468	I:	D:
7885	8355	+	1	1.285798	I:	D:
8352	9440	+	3	1.225365	I:	D:
9562	10248	+	1	1.231524	I:	D:
10426	10755	-	1	1.229291	I:	D:
10808	11593	-	2	1.239682	I:	D:
11626	11808	+	1	1.365695	I:	D:
12232	12921	+	1	1.220795	I:	D:
13057	13821	-	1	1.262190	I:	D:
14137	14664	-	1	1.282869	I:	D:
14726	15844	-	2	1.233557	I:	D:
16098	17363	+	3	1.241465	I:	D:
17478	17729	+	3	1.243904	I:	D:
17869	19752	+	1	1.231667	I:	D:
20161	21012	+	1	1.216114	I:	D:
21031	21429	+	1	1.228277	I:	D:
21444	21941	+	3	1.187527	I:	D:
21928	23688	+	1	1.210145	I:	D:
23690	24586	+	2	1.240817	I:	D:
24583	25995	+	1	1.208810	I:	D:
25995	26399	+	3	1.216349	I:	D:
26748	27182	+	3	1.233042	I:	D:
27184	27960	+	1	1.253314	I:	D:
28794	30314	+	3	1.252565	I:	D:
30379	31386	+	1	1.233909	I:	D:
31716	32999	+	3	1.217683	I:	D:
32999	33571	+	2	1.244077	I:	D:
33830	34540	+	2	1.257075	I:	D:
34670	37441	-	2	1.238607	I:	D:
37438	38130	-	1	1.210813	I:	D:
38268	39446	-	3	1.215154	I:	D:
39719	45514	+	2	1.226733	I:	D:
>Y8.M059_11
2	1402	+	2	1.380024	I:	D:
1969	3576	+	1	1.390303	I:	D:
3589	4053	+	1	1.385519	I:	D:
4165	4662	-	1	1.372245	I:	D:
5318	5452	-	2	1.217028	I:	D:
5466	5771	+	3	1.283476	I:	D:
5805	5954	-	3	1.271779	I:	D:
6136	6402	-	1	1.217789	I:	D:
6612	7550	+	3	1.217338	I:	D:
7618	8487	+	1	1.215863	I:	D:
8489	9352	+	2	1.238229	I:	D:
9349	10104	+	1	1.243778	I:	D:
10105	10749	+	1	1.230486	I:	D:
10768	11445	+	1	1.225627	I:	D:
11442	13097	+	3	1.212107	I:	D:
13187	13759	+	2	1.202971	I:	D:
13773	14564	+	3	1.216012	I:	D:
14608	14862	+	1	1.239543	I:	D:
15339	16010	-	3	1.265215	I:	D:
16022	17389	-	2	1.250321	I:	D:
17521	17769	+	1	1.261881	I:	D:
17794	18498	+	1	1.243149	I:	D:
18527	19888	+	2	1.205418	I:	D:
19878	20780	+	3	1.215267	I:	D:
20807	21460	+	2	1.246158	I:	D:
21634	22167	-	1	1.254221	I:	D:
22785	24959	-	3	1.245723	I:	D:
25292	25957	+	2	1.245199	I:	D:
26045	27619	+	2	1.223001	I:	D:
27986	29188	+	2	1.207561	I:	D:
29466	29891	-	3	1.234373	I:	D:
30050	31078	+	2	1.213419	I:	D:
31198	32619	-	1	1.223472	I:	D:
33073	34338	+	1	1.235765	I:	D:
34530	34673	-	3	1.345422	I:	D:
34704	39029	+	3	1.228679	I:	D:
39103	39261	+	1	1.298906	I:	D:
39489	40346	-	3	1.223501	I:	D:
40378	40797	-	1	1.233815	I:	D:
41127	43022	+	3	1.203649	I:	D:
43066	43434	+	1	1.261789	I:	D:
43431	43775	+	3	1.197457	I:	D:
>Y8.M059_12
414	2231	+	3	1.220038	I:	D:
2228	3580	+	2	1.232144	I:	D:
4051	4632	-	1	1.206238	I:	D:
4841	6178	+	2	1.245122	I:	D:
6201	6338	+	3	1.314000	I:	D:
6544	7545	-	1	1.232247	I:	D:
7572	8855	-	3	1.214388	I:	D:
9046	10512	+	1	1.220269	I:	D:
10540	11139	+	1	1.210828	I:	D:
11186	11392	+	2	1.362804	I:	D:
12225	12920	-	3	1.255409	I:	D:
13140	13319	+	3	1.341369	I:	D:
13471	13962	-	1	1.273262	I:	D:
14090	15541	-	2	1.234664	I:	D:
15709	16311	-	1	1.239084	I:	D:
16501	17562	+	1	1.232515	I:	D:
17631	18914	+	3	1.208731	I:	D:
18916	20811	+	1	1.228216	I:	D:
21075	21560	+	3	1.244020	I:	D:
21563	22633	+	2	1.197751	I:	D:
22652	23290	+	2	1.209037	I:	D:
23314	24942	+	1	1.207939	I:	D:
24946	26340	+	1	1.212705	I:	D:
26744	26995	+	2	1.341888	I:	D:
27124	28842	+	1	1.221356	I:	D:
28861	29415	+	1	1.254180	I:	D:
29463	30485	+	3	1.209322	I:	D:
30526	32187	+	1	1.222936	I:	D:
32196	33437	+	3	1.232457	I:	D:
33586	34491	-	1	1.208992	I:	D:
34560	35651	-	3	1.242869	I:	D:
36005	36220	+	2	1.346030	I:	D:
36383	37921	+	2	1.221558	I:	D:
37959	38918	+	3	1.229027	I:	D:
38950	40014	+	1	1.220225	I:	D:
40202	40945	-	2	1.281823	I:	D:
41392	42705	+	1	1.252211	I:	D:
>Y8.M059_13
327	1496	-	3	1.226285	I:	D:
1818	2036	-	3	1.318038	I:	D:
2995	3507	-	1	1.233666	I:	D:
3509	3976	-	2	1.273672	I:	D:
4095	6572	-	3	1.240520	I:	D:
6649	8157	-	1	1.240670	I:	D:
8279	8830	+	2	1.257857	I:	D:
9021	9491	+	3	1.226338	I:	D:
9488	11302	+	2	1.215119	I:	D:
11308	12117	+	1	1.243045	I:	D:
12257	13054	+	2	1.283967	I:	D:
13051	14604	+	1	1.229643	I:	D:
14604	15434	+	3	1.256077	I:	D:
15439	15996	+	1	1.285494	I:	D:
15993	16466	+	3	1.241372	I:	D:
16471	17019	+	1	1.221578	I:	D:
17316	17795	+	3	1.253386	I:	D:
17799	18764	+	3	1.228598	I:	D:
18703	19350	+	1	1.216596	I:	D:
19445	21694	+	2	1.228815	I:	D:
21775	23262	+	1	1.238889	I:	D:
23303	24295	+	2	1.222032	I:	D:
24334	25536	+	1	1.222464	I:	D:
25549	26670	+	1	1.242376	I:	D:
26730	27986	+	3	1.225236	I:	D:
28012	28764	+	1	1.254884	I:	D:
28915	30030	+	1	1.225374	I:	D:
30159	30920	+	3	1.249907	I:	D:
30991	32127	+	1	1.253327	I:	D:
32290	32838	+	1	1.401785	I:	D:
32952	33611	-	3	1.239059	I:	D:
33784	37875	-	1	1.307298	I:	D:
37937	38323	-	2	1.349554	I:	D:
>Y8.M059_14
1	141	-	1	1.313802	I:	D:
571	1332	+	1	1.259659	I:	D:
1396	2781	-	1	1.228074	I:	D:
2942	4195	+	2	1.256590	I:	D:
4411	4929	+	1	1.249796	I:	D:
4923	5840	+	3	1.216159	I:	D:
5833	6531	+	1	1.201073	I:	D:
6531	7181	+	3	1.195397	I:	D:
7204	7848	+	1	1.195027	I:	D:
7850	8767	+	2	1.237181	I:	D:
8787	9206	+	3	1.211219	I:	D:
9354	9680	-	3	1.328633	I:	D:
10005	11795	-	3	1.210948	I:	D:
11820	12245	-	3	1.239563	I:	D:
12277	13749	-	1	1.215078	I:	D:
13730	15199	-	2	1.238338	I:	D:
15208	16008	-	1	1.236372	I:	D:
16027	16770	-	1	1.212261	I:	D:
16767	17570	-	3	1.216389	I:	D:
17574	18977	-	3	1.236510	I:	D:
18873	19115	+	3	1.261573	I:	D:
19380	20156	+	3	1.242218	I:	D:
20167	21225	+	1	1.232483	I:	D:
22281	23066	+	3	1.258068	I:	D:
23360	23542	+	2	1.284207	I:	D:
23843	23995	+	2	1.343680	I:	D:
24050	25846	-	2	1.228683	I:	D:
25702	25854	-	1	1.310494	I:	D:
25984	27063	-	1	1.276270	I:	D:
27060	27677	-	3	1.286905	I:	D:
27844	29598	+	1	1.212196	I:	D:
29595	30383	+	3	1.234944	I:	D:
30398	30625	+	2	1.244275	I:	D:
30622	31815	+	1	1.201307	I:	D:
31964	33058	+	2	1.194351	I:	D:
33055	33261	+	1	1.229805	I:	D:
>Y8.M059_15
198	1361	-	3	1.236442	I:	D:
1439	2731	-	2	1.218909	I:	D:
2960	3235	-	2	1.269834	I:	D:
3421	4398	+	1	1.220334	I:	D:
4572	5423	+	3	1.248448	I:	D:
5578	6216	-	1	1.273019	I:	D:
6454	7236	-	1	1.245090	I:	D:
7241	7747	-	2	1.229315	I:	D:
8081	9118	+	2	1.243482	I:	D:
9311	10078	-	2	1.229387	I:	D:
10249	11196	+	1	1.237112	I:	D:
11180	11668	+	2	1.266420	I:	D:
11670	12113	+	3	1.220841	I:	D:
12110	13129	+	2	1.237507	I:	D:
13398	14231	+	3	1.215362	I:	D:
14308	15000	+	1	1.213436	I:	D:
14997	16019	+	3	1.224967	I:	D:
>Y8.M059_16
2	481	+	2	1.288380	I:	D:
649	1074	-	1	1.225795	I:	D:
1071	1658	-	3	1.264443	I:	D:
1651	2679	-	1	1.230255	I:	D:
2697	3302	-	3	1.241830	I:	D:
3599	6238	+	2	1.224512	I:	D:
6246	6716	+	3	1.208512	I:	D:
6764	7726	+	2	1.226504	I:	D:
7807	9000	-	1	1.225901	I:	D:
9100	10224	-	1	1.242784	I:	D:
>Y8.M059_17
50	211	-	2	1.317728	I:	D:
213	1580	-	3	1.316328	I:	D:
1587	1862	-	3	1.326428	I:	D:
2040	2939	-	3	1.285214	I:	D:
3213	5249	+	3	1.317558	I:	D:
5989	7500	-	1	1.332374	I:	D:
7594	7785	-	1	1.275425	I:	D:
7856	8797	-	2	1.335663	I:	D:
8982	9377	-	3	1.338846	I:	D:
9489	9902	-	3	1.406925	I:	D:
10775	11575	+	2	1.343099	I:	D:
13281	16853	+	3	1.332543	I:	D:
16959	18014	+	3	1.268687	I:	D:
18037	18786	+	1	1.396337	I:	D:
18892	19503	+	1	1.298652	I:	D:
19500	20060	+	3	1.345056	I:	D:
20057	20422	+	2	1.323513	I:	D:
20462	21355	-	2	1.260150	I:	D:
21417	21695	-	3	1.303099	I:	D:
21692	22039	-	2	1.338691	I:	D:
22124	22780	-	2	1.330553	I:	D:
22797	23765	-	3	1.360395	I:	D:
23780	24292	-	2	1.327993	I:	D:
24296	24640	-	2	1.329703	I:	D:
24764	25144	-	2	1.319174	I:	D:
25144	25326	-	1	1.348340	I:	D:
26383	26730	-	1	1.243581	I:	D:
26801	27244	-	2	1.250439	I:	D:
27543	28235	+	3	1.244031	I:	D:
28481	28732	+	2	1.353316	I:	D:
28754	29035	-	2	1.329297	I:	D:
29269	30129	+	1	1.234886	I:	D:
30126	31112	+	3	1.240582	I:	D:
31135	32139	+	1	1.246376	I:	D:
32335	32913	-	1	1.241142	I:	D:
33077	33568	+	2	1.239759	I:	D:
33565	34593	+	1	1.251022	I:	D:
34597	35946	+	1	1.229765	I:	D:
36443	36943	+	2	1.222655	I:	D:
36992	37711	+	2	1.229810	I:	D:
37728	39176	+	3	1.256200	I:	D:
39166	40209	+	1	1.238340	I:	D:
40203	40826	+	3	1.219967	I:	D:
40823	41566	+	2	1.235997	I:	D:
41556	42992	+	3	1.226741	I:	D:
43014	44198	+	3	1.232652	I:	D:
44224	45504	+	1	1.240454	I:	D:
45506	49195	+	2	1.237424	I:	D:
49250	50920	+	2	1.229674	I:	D:
50934	51512	+	3	1.237750	I:	D:
51706	55950	-	1	1.251819	I:	D:
55983	57734	-	3	1.235336	I:	D:
57745	58659	-	1	1.245397	I:	D:
58907	59176	+	2	1.236822	I:	D:
59188	60546	+	1	1.244675	I:	D:
60800	61888	-	2	1.254769	I:	D:
61932	62354	-	3	1.247869	I:	D:
62366	63100	-	2	1.235717	I:	D:
63097	63876	-	1	1.256532	I:	D:
63878	64687	-	2	1.232104	I:	D:
64702	65643	-	1	1.233245	I:	D:
65673	67223	-	3	1.252133	I:	D:
67462	68466	-	1	1.254337	I:	D:
68491	69660	-	1	1.227713	I:	D:
69693	70391	-	3	1.243842	I:	D:
70520	71056	-	2	1.250245	I:	D:
71110	71994	-	1	1.236456	I:	D:
72056	73039	-	2	1.270740	I:	D:
73212	75059	+	3	1.235294	I:	D:
75123	75386	-	3	1.241693	I:	D:
75560	77956	-	2	1.219900	I:	D:
77949	78722	-	3	1.245181	I:	D:
79011	79910	-	3	1.232654	I:	D:
79970	80461	-	2	1.251595	I:	D:
80463	81419	-	3	1.230281	I:	D:
81452	82651	-	2	1.238104	I:	D:
82648	82929	-	1	1.223905	I:	D:
82944	83924	+	3	1.255670	I:	D:
84169	85110	-	1	1.233564	I:	D:
85110	86246	-	3	1.231001	I:	D:
86243	87844	-	2	1.241732	I:	D:
87974	89170	-	2	1.245231	I:	D:
89301	90017	-	3	1.237088	I:	D:
91794	92453	-	3	1.228441	I:	D:
92812	93522	+	1	1.311581	I:	D:
93547	93753	+	1	1.321757	I:	D:
93845	94825	+	2	1.372729	I:	D:
94927	96039	+	1	1.228957	I:	D:
96189	96458	+	3	1.286011	I:	D:
96379	96660	+	1	1.315872	I:	D:
96657	97298	+	3	1.231008	I:	D:
97631	99388	+	2	1.225543	I:	D:
99609	100337	+	3	1.240796	I:	D:
100520	101704	-	2	1.229038	I:	D:
101768	102946	-	2	1.238388	I:	D:
103050	103193	-	3	1.334414	I:	D:
103479	104591	-	3	1.232874	I:	D:
104609	105409	-	2	1.227119	I:	D:
105432	106571	-	3	1.245476	I:	D:
106612	107613	-	1	1.241175	I:	D:
107728	108972	-	1	1.228822	I:	D:
109014	110126	-	3	1.236143	I:	D:
110130	111365	-	3	1.258126	I:	D:
111433	112212	-	1	1.244458	I:	D:
112538	112759	-	2	1.233801	I:	D:
112835	113038	-	2	1.261983	I:	D:
113246	114727	+	2	1.242856	I:	D:
114921	117080	+	3	1.231140	I:	D:
117129	117377	-	3	1.280814	I:	D:
117578	117748	+	2	1.376399	I:	D:
117838	118935	+	1	1.234627	I:	D:
118951	119961	+	1	1.243452	I:	D:
119958	121055	+	3	1.223230	I:	D:
121052	122290	+	2	1.237462	I:	D:
122287	122727	+	1	1.228395	I:	D:
122724	123923	+	3	1.230916	I:	D:
123968	125005	+	2	1.255061	I:	D:
125141	126859	-	2	1.246675	I:	D:
126876	128114	-	3	1.249287	I:	D:
128127	129104	-	3	1.259310	I:	D:
129101	130063	-	2	1.262219	I:	D:
130135	130620	-	1	1.272146	I:	D:
130648	131418	-	1	1.308928	I:	D:
131429	132316	-	2	1.238687	I:	D:
132365	133354	-	2	1.243062	I:	D:
133724	134644	+	2	1.268526	I:	D:
134703	136241	-	3	1.257170	I:	D:
136255	137058	-	1	1.241792	I:	D:
137083	139812	-	1	1.226229	I:	D:
140019	140408	-	3	1.302705	I:	D:
140301	141446	+	3	1.264076	I:	D:
141465	142082	+	3	1.254979	I:	D:
142335	143243	+	3	1.275072	I:	D:
143487	144293	-	3	1.235575	I:	D:
144501	144743	+	3	1.212520	I:	D:
145012	147174	-	1	1.251585	I:	D:
147171	147650	-	3	1.369528	I:	D:
147905	148504	+	2	1.305172	I:	D:
148515	149333	+	3	1.318540	I:	D:
149338	150222	+	1	1.278989	I:	D:
150420	151814	+	3	1.382220	I:	D:
152764	153939	+	1	1.361948	I:	D:
154035	154919	+	3	1.383200	I:	D:
155602	156702	+	1	1.353848	I:	D:
156704	157822	+	2	1.355456	I:	D:
157823	158929	+	2	1.386415	I:	D:
158926	159897	+	1	1.381838	I:	D:
159913	160881	+	1	1.354410	I:	D:
160883	161884	+	2	1.315835	I:	D:
161881	163053	+	1	1.330316	I:	D:
163068	163928	+	3	1.339432	I:	D:
163938	165221	+	3	1.369337	I:	D:
165236	166132	+	2	1.346215	I:	D:
166129	167010	+	1	1.313758	I:	D:
167016	168185	+	3	1.323132	I:	D:
168251	168508	-	2	1.262445	I:	D:
168549	169496	-	3	1.255798	I:	D:
169493	169711	-	2	1.265050	I:	D:
>Y8.M059_18
434	1159	-	2	1.254505	I:	D:
1208	1801	-	2	1.258833	I:	D:
2197	2601	+	1	1.252868	I:	D:
2708	3277	-	2	1.234879	I:	D:
3469	5520	-	1	1.232323	I:	D:
5840	7657	+	2	1.216347	I:	D:
7899	8261	-	3	1.205151	I:	D:
8290	10137	-	1	1.234926	I:	D:
10383	10919	-	3	1.264992	I:	D:
11699	12403	-	2	1.234835	I:	D:
12682	13716	+	1	1.242768	I:	D:
13910	14869	-	2	1.211939	I:	D:
14631	15782	+	3	1.255435	I:	D:
15825	16154	-	3	1.274959	I:	D:
16234	16482	+	1	1.222336	I:	D:
16537	16746	+	1	1.240483	I:	D:
16980	17678	-	3	1.233774	I:	D:
17699	19861	-	2	1.251501	I:	D:
20342	21271	-	2	1.242205	I:	D:
21277	22464	-	1	1.242478	I:	D:
22837	22977	+	1	1.257484	I:	D:
23064	23393	+	3	1.255366	I:	D:
23499	25253	-	3	1.231308	I:	D:
25486	25962	+	1	1.252623	I:	D:
26263	26646	-	1	1.237429	I:	D:
27131	27967	+	2	1.239259	I:	D:
28160	28351	+	2	1.344700	I:	D:
28409	28762	+	2	1.238764	I:	D:
28759	29124	+	1	1.233919	I:	D:
29234	30148	-	2	1.233930	I:	D:
30161	31183	-	2	1.238755	I:	D:
31190	31744	-	2	1.253501	I:	D:
31760	32644	-	2	1.220917	I:	D:
32641	33483	-	1	1.288090	I:	D:
33527	34954	-	2	1.267308	I:	D:
34995	36131	-	3	1.258733	I:	D:
36142	37059	-	1	1.237990	I:	D:
37056	38534	-	3	1.263288	I:	D:
38562	39713	-	3	1.252492	I:	D:
39710	41029	-	2	1.234712	I:	D:
41399	42829	-	2	1.234021	I:	D:
43005	44801	-	3	1.241187	I:	D:
45043	46182	+	1	1.212442	I:	D:
46275	46904	-	3	1.326516	I:	D:
46901	47161	-	2	1.343194	I:	D:
47172	47891	-	3	1.237547	I:	D:
48185	49291	-	2	1.215545	I:	D:
49384	49926	-	1	1.231729	I:	D:
49981	50688	-	1	1.259090	I:	D:
50813	51313	-	2	1.237158	I:	D:
51354	51905	-	3	1.323653	I:	D:
52035	52904	-	3	1.256457	I:	D:
52916	54100	-	2	1.242940	I:	D:
54312	55346	-	3	1.229461	I:	D:
55582	57390	-	1	1.230501	I:	D:
57365	58267	-	2	1.237600	I:	D:
58260	58625	-	3	1.228432	I:	D:
58938	60644	-	3	1.246584	I:	D:
60887	61543	+	2	1.224021	I:	D:
61600	63408	+	1	1.221311	I:	D:
63703	64083	-	1	1.216274	I:	D:
64170	66806	-	3	1.230892	I:	D:
67634	69598	-	2	1.220511	I:	D:
69846	70100	-	3	1.266098	I:	D:
70606	70965	+	1	1.405344	I:	D:
71265	71420	-	3	1.370251	I:	D:
71885	72181	-	2	1.301671	I:	D:
72458	73243	+	2	1.330593	I:	D:
73155	73463	+	3	1.356251	I:	D:
73645	73953	-	1	1.366030	I:	D:
73977	74351	+	3	1.310858	I:	D:
74402	74653	+	2	1.282393	I:	D:
75532	75990	+	1	1.313419	I:	D:
76121	76549	+	2	1.288420	I:	D:
76673	76981	-	2	1.248368	I:	D:
77322	77819	+	3	1.309627	I:	D:
77881	78552	+	1	1.246832	I:	D:
78559	79026	+	1	1.238544	I:	D:
79181	79492	+	2	1.252893	I:	D:
79498	79827	+	1	1.270289	I:	D:
79875	80156	+	3	1.255300	I:	D:
80432	80674	-	2	1.249527	I:	D:
80752	80967	-	1	1.247032	I:	D:
81014	81481	-	2	1.222375	I:	D:
81566	82321	+	2	1.243131	I:	D:
82435	83529	+	1	1.229979	I:	D:
83759	85078	-	2	1.246016	I:	D:
85229	86614	+	2	1.226780	I:	D:
86620	87156	+	1	1.243285	I:	D:
87639	88112	+	3	1.243549	I:	D:
88178	88414	+	2	1.229068	I:	D:
88404	88754	+	3	1.231313	I:	D:
88751	89053	+	2	1.222052	I:	D:
89031	89963	+	3	1.256808	I:	D:
89965	90369	+	1	1.239544	I:	D:
90366	91868	+	3	1.227693	I:	D:
91888	93330	+	1	1.231074	I:	D:
93341	94804	+	2	1.229787	I:	D:
94804	96777	+	1	1.234690	I:	D:
97017	97352	-	3	1.259062	I:	D:
97366	98667	-	1	1.212870	I:	D:
98703	100484	-	3	1.238707	I:	D:
100666	102060	-	1	1.234142	I:	D:
102215	106294	-	2	1.255895	I:	D:
106453	106851	-	1	1.236034	I:	D:
106953	107399	-	3	1.218201	I:	D:
107399	107773	-	2	1.264530	I:	D:
107453	108364	+	2	1.283932	I:	D:
108610	108900	-	1	1.216611	I:	D:
109383	109604	+	3	1.348004	I:	D:
109728	111200	-	3	1.221050	I:	D:
111710	112804	+	2	1.230257	I:	D:
112870	113292	+	1	1.228812	I:	D:
113376	113720	-	3	1.254221	I:	D:
113766	114719	-	3	1.240292	I:	D:
114804	115406	-	3	1.248625	I:	D:
115432	115836	-	1	1.260751	I:	D:
115853	116221	-	2	1.240685	I:	D:
116375	116593	-	2	1.353140	I:	D:
116597	116881	-	2	1.314511	I:	D:
116894	117655	-	2	1.282748	I:	D:
117652	118290	-	1	1.257997	I:	D:
118302	119585	-	3	1.243974	I:	D:
119587	120027	-	1	1.259096	I:	D:
120042	120224	-	3	1.257449	I:	D:
120240	120740	-	3	1.262092	I:	D:
120758	121117	-	2	1.220720	I:	D:
121132	121659	-	1	1.243306	I:	D:
121693	122091	-	1	1.244174	I:	D:
122261	122446	-	2	1.279920	I:	D:
122463	123002	-	3	1.215833	I:	D:
123021	123335	-	3	1.252332	I:	D:
123351	123719	-	3	1.253620	I:	D:
123734	123997	-	2	1.315736	I:	D:
123999	124166	-	3	1.264470	I:	D:
124192	124467	-	1	1.289870	I:	D:
124626	125453	-	3	1.224154	I:	D:
125471	125818	-	2	1.314299	I:	D:
125827	126090	-	1	1.302162	I:	D:
126106	126897	-	1	1.246610	I:	D:
126963	127208	-	3	1.229105	I:	D:
127259	127882	-	2	1.272948	I:	D:
127900	128619	-	1	1.251758	I:	D:
128810	129220	-	2	1.281661	I:	D:
129485	130417	-	2	1.222204	I:	D:
130503	131471	-	3	1.219177	I:	D:
131583	131822	+	3	1.219670	I:	D:
131824	132663	-	1	1.239159	I:	D:
132885	133919	-	3	1.234150	I:	D:
133933	135168	-	1	1.231268	I:	D:
135176	140038	-	2	1.229885	I:	D:
140141	141730	-	2	1.238174	I:	D:
141791	143890	-	2	1.234642	I:	D:
143957	145525	-	2	1.246387	I:	D:
146392	148128	+	1	1.246778	I:	D:
148468	152076	-	1	1.229300	I:	D:
152336	153853	+	2	1.227495	I:	D:
153883	155061	+	1	1.247871	I:	D:
155072	156346	+	2	1.230857	I:	D:
156352	156813	+	1	1.242871	I:	D:
156854	157525	+	2	1.233699	I:	D:
157756	158421	-	1	1.255924	I:	D:
158493	158660	+	3	1.367053	I:	D:
158961	160370	-	3	1.249803	I:	D:
160439	162043	-	2	1.236310	I:	D:
162298	163722	+	1	1.217975	I:	D:
163796	165394	-	2	1.238604	I:	D:
165387	166100	-	3	1.226574	I:	D:
166087	167073	-	1	1.212826	I:	D:
>Y8.M059_19
939	2009	+	3	1.249352	I:	D:
2081	3013	-	2	1.313601	I:	D:
3398	4798	-	2	1.258668	I:	D:
4902	6563	-	3	1.263081	I:	D:
6598	8244	-	1	1.257742	I:	D:
8498	9217	+	2	1.317562	I:	D:
9535	10434	-	1	1.333989	I:	D:
10774	12321	+	1	1.268371	I:	D:
12392	13432	+	2	1.260702	I:	D:
13528	14595	+	1	1.269416	I:	D:
14727	15578	+	3	1.251423	I:	D:
15575	16342	+	2	1.264406	I:	D:
16361	17167	+	2	1.288521	I:	D:
17164	18570	+	1	1.272711	I:	D:
18583	18960	+	1	1.291571	I:	D:
18983	19219	-	2	1.319832	I:	D:
19233	19667	-	3	1.322596	I:	D:
19540	19782	+	1	1.359004	I:	D:
19966	21759	-	1	1.265124	I:	D:
21915	22469	-	3	1.300750	I:	D:
22622	22867	+	2	1.379193	I:	D:
22936	24336	-	1	1.243339	I:	D:
24350	25573	-	2	1.237537	I:	D:
25584	26564	-	3	1.237097	I:	D:
26561	27550	-	2	1.236084	I:	D:
27583	28404	-	1	1.212362	I:	D:
28460	29500	-	2	1.232291	I:	D:
29601	30881	-	3	1.236016	I:	D:
30878	31417	-	2	1.239418	I:	D:
31816	32295	+	1	1.283919	I:	D:
32340	33344	+	3	1.247549	I:	D:
34109	34774	-	2	1.265282	I:	D:
34928	36214	-	2	1.276924	I:	D:
36318	37874	-	3	1.232822	I:	D:
38045	38788	-	2	1.247529	I:	D:
39074	40303	-	2	1.246247	I:	D:
40316	40672	-	2	1.339106	I:	D:
40603	45009	-	1	1.243593	I:	D:
45229	45429	-	1	1.380825	I:	D:
45500	46624	-	2	1.227420	I:	D:
46732	47949	-	1	1.248871	I:	D:
47949	49472	-	3	1.237680	I:	D:
49552	50088	+	1	1.292732	I:	D:
50093	51814	+	2	1.241257	I:	D:
51819	52040	-	3	1.371442	I:	D:
52046	52252	-	2	1.250863	I:	D:
52586	54001	+	2	1.268510	I:	D:
54110	54844	+	2	1.285190	I:	D:
54934	56004	+	1	1.231776	I:	D:
56313	57569	+	3	1.223867	I:	D:
57852	58595	+	3	1.418583	I:	D:
61012	62073	-	1	1.277603	I:	D:
62633	63217	-	2	1.275341	I:	D:
63282	64106	-	3	1.271601	I:	D:
64120	64488	-	1	1.385783	I:	D:
64553	65608	-	2	1.320472	I:	D:
66249	67091	-	3	1.326581	I:	D:
67408	67998	+	1	1.276316	I:	D:
67985	69286	+	2	1.259842	I:	D:
69519	69692	-	3	1.356714	I:	D:
>Y8.M059_20
2	220	+	2	1.377912	I:	D:
280	636	+	1	1.400822	I:	D:
842	979	-	2	1.404254	I:	D:
1102	1467	-	1	1.384647	I:	D:
1649	2878	-	2	1.256157	I:	D:
2916	3422	-	3	1.220493	I:	D:
3433	3663	-	1	1.217056	I:	D:
3660	4508	-	3	1.255221	I:	D:
4509	8036	-	3	1.211655	I:	D:
8135	8728	-	2	1.257266	I:	D:
8808	9767	-	3	1.216143	I:	D:
9842	10984	-	2	1.237126	I:	D:
11291	11782	+	2	1.233915	I:	D:
11848	13041	+	1	1.213677	I:	D:
13114	13887	+	1	1.219385	I:	D:
13916	15427	+	2	1.242335	I:	D:
15604	16311	-	1	1.220128	I:	D:
16295	17413	-	2	1.250799	I:	D:
17675	19117	+	2	1.228746	I:	D:
19114	20370	+	1	1.225089	I:	D:
20367	20732	+	3	1.202335	I:	D:
20865	21428	+	3	1.248595	I:	D:
21807	22664	+	3	1.240292	I:	D:
22669	24555	+	1	1.217482	I:	D:
24552	25196	+	3	1.264212	I:	D:
25235	26593	+	2	1.222756	I:	D:
26590	27306	+	1	1.208092	I:	D:
27543	27968	-	3	1.236461	I:	D:
27992	29323	-	2	1.232607	I:	D:
29461	30660	-	1	1.204150	I:	D:
30794	31297	-	2	1.224219	I:	D:
31287	31892	-	3	1.329254	I:	D:
31920	33875	-	3	1.228510	I:	D:
33903	34379	-	3	1.250114	I:	D:
34478	35167	-	2	1.230468	I:	D:
35221	36345	-	1	1.232823	I:	D:
36372	37211	-	3	1.206104	I:	D:
37253	37936	-	2	1.236555	I:	D:
38511	41279	+	3	1.237230	I:	D:
41714	42448	-	2	1.376050	I:	D:
42465	42968	-	3	1.269395	I:	D:
44152	44436	-	1	1.235329	I:	D:
44437	45363	-	1	1.203989	I:	D:
45365	46456	-	2	1.213110	I:	D:
46591	47013	-	1	1.203494	I:	D:
47356	48708	-	1	1.243184	I:	D:
48894	50486	+	3	1.216857	I:	D:
50483	51448	+	2	1.229472	I:	D:
51593	51943	+	2	1.228820	I:	D:
51973	53643	+	1	1.204775	I:	D:
53824	54822	+	1	1.337505	I:	D:
54870	55784	+	3	1.215340	I:	D:
55781	57484	+	2	1.226129	I:	D:
57562	58248	-	1	1.250123	I:	D:
58254	58427	-	3	1.202770	I:	D:
58560	59513	-	3	1.270813	I:	D:
>Y8.M059_21
144	296	-	3	1.310974	I:	D:
669	1424	+	3	1.212761	I:	D:
1417	2232	+	1	1.233491	I:	D:
2229	3221	+	3	1.237692	I:	D:
3492	5291	-	3	1.219135	I:	D:
5603	6793	-	2	1.224835	I:	D:
6962	8008	-	2	1.223484	I:	D:
8216	8887	-	2	1.213136	I:	D:
8884	10986	-	1	1.202513	I:	D:
11036	11428	-	2	1.250365	I:	D:
11476	14301	-	1	1.247086	I:	D:
14309	14794	-	2	1.238303	I:	D:
14818	15486	-	1	1.255465	I:	D:
15518	16417	-	2	1.248662	I:	D:
16657	17394	+	1	1.255589	I:	D:
17472	18212	-	3	1.211533	I:	D:
18215	19093	-	2	1.242579	I:	D:
19161	20051	-	3	1.222438	I:	D:
20674	22335	+	1	1.241536	I:	D:
22754	23344	-	2	1.202204	I:	D:
23625	24305	+	3	1.213553	I:	D:
24311	25774	+	2	1.239501	I:	D:
25783	27108	+	1	1.217778	I:	D:
27124	27900	+	1	1.235014	I:	D:
27931	28416	+	1	1.223751	I:	D:
28337	29506	+	2	1.226707	I:	D:
29516	30517	+	2	1.208754	I:	D:
30717	31202	-	3	1.236727	I:	D:
31532	33661	+	2	1.231643	I:	D:
33658	35865	+	1	1.223204	I:	D:
35922	36368	+	3	1.219441	I:	D:
36388	37005	+	1	1.241231	I:	D:
37266	38486	+	3	1.246292	I:	D:
38752	40344	+	1	1.194506	I:	D:
40341	41159	+	3	1.214289	I:	D:
41234	41509	+	2	1.211526	I:	D:
41755	42012	+	1	1.180762	I:	D:
42073	42357	+	1	1.227849	I:	D:
42363	42890	+	3	1.266127	I:	D:
42931	43149	+	1	1.164392	I:	D:
43192	43677	+	1	1.281464	I:	D:
43792	44658	+	1	1.257838	I:	D:
44670	45737	+	3	1.248407	I:	D:
45742	46329	+	1	1.235497	I:	D:
46398	47195	+	3	1.244750	I:	D:
47425	47895	+	1	1.231157	I:	D:
48247	48576	+	1	1.299248	I:	D:
48895	50334	-	1	1.242546	I:	D:
50433	54257	-	3	1.224667	I:	D:
54469	55026	+	1	1.225114	I:	D:
55050	55880	+	3	1.221614	I:	D:
55894	56376	+	1	1.218511	I:	D:
56575	56733	-	1	1.336126	I:	D:
56745	58193	-	3	1.230414	I:	D:
58536	58838	-	3	1.419463	I:	D:
58996	59508	-	1	1.254272	I:	D:
59541	60068	-	3	1.242908	I:	D:
60148	61473	-	1	1.212218	I:	D:
61506	62081	-	3	1.193682	I:	D:
62116	63222	-	1	1.202512	I:	D:
63255	64121	-	3	1.224141	I:	D:
64152	65105	-	3	1.239967	I:	D:
65183	66622	-	2	1.214425	I:	D:
66661	67347	-	1	1.222770	I:	D:
67359	68633	-	3	1.224697	I:	D:
68859	70247	+	3	1.215788	I:	D:
70085	71317	+	2	1.254745	I:	D:
71417	72385	-	2	1.291776	I:	D:
72511	73248	-	1	1.240932	I:	D:
73262	74140	-	2	1.228660	I:	D:
74240	75001	-	2	1.219623	I:	D:
75036	75491	-	3	1.247126	I:	D:
75512	76207	-	2	1.235948	I:	D:
76255	77466	-	1	1.222654	I:	D:
77478	77711	-	3	1.280757	I:	D:
77773	78717	-	1	1.226513	I:	D:
78817	80781	-	1	1.223078	I:	D:
80820	83411	-	3	1.213248	I:	D:
83489	84904	-	2	1.249747	I:	D:
85194	86222	+	3	1.226743	I:	D:
86508	87440	+	3	1.204093	I:	D:
87543	88037	+	3	1.245504	I:	D:
88027	89175	+	1	1.206278	I:	D:
89379	90260	-	3	1.238543	I:	D:
90381	90671	-	3	1.255450	I:	D:
90649	90882	-	1	1.243781	I:	D:
91352	91879	+	2	1.196557	I:	D:
92150	92878	+	2	1.243940	I:	D:
92973	94211	+	3	1.238582	I:	D:
94405	95139	-	1	1.228069	I:	D:
95453	96052	-	2	1.255344	I:	D:
96085	96885	-	1	1.258204	I:	D:
97370	98551	-	2	1.246940	I:	D:
98705	99223	+	2	1.236001	I:	D:
99282	99599	-	3	1.253795	I:	D:
99525	100112	+	3	1.245788	I:	D:
100221	101420	-	3	1.218361	I:	D:
101589	102404	-	3	1.230359	I:	D:
102401	102844	-	2	1.219582	I:	D:
102894	103070	+	3	1.359086	I:	D:
103114	104109	-	1	1.253606	I:	D:
104106	104507	-	3	1.247866	I:	D:
104646	105674	+	3	1.258455	I:	D:
105864	107483	-	3	1.232640	I:	D:
107502	109904	-	3	1.231990	I:	D:
110341	111441	-	1	1.224283	I:	D:
111454	112830	-	1	1.236839	I:	D:
112843	113853	-	1	1.225595	I:	D:
114165	114857	-	3	1.180053	I:	D:
114868	115815	-	1	1.220002	I:	D:
115812	117038	-	3	1.235922	I:	D:
117056	117931	-	2	1.193369	I:	D:
118085	119275	-	2	1.217965	I:	D:
119822	121654	-	2	1.212282	I:	D:
121673	122302	-	2	1.235641	I:	D:
122312	122866	-	2	1.200135	I:	D:
122881	124230	-	1	1.237041	I:	D:
124214	125560	-	2	1.207762	I:	D:
125684	126133	-	2	1.200771	I:	D:
126181	128157	-	1	1.213576	I:	D:
127699	130263	+	1	1.222566	I:	D:
130671	130895	+	3	1.253621	I:	D:
131110	132018	-	1	1.190304	I:	D:
132044	132898	-	2	1.232153	I:	D:
133140	134264	+	3	1.226542	I:	D:
134399	135325	+	2	1.241984	I:	D:
135484	135768	+	1	1.219587	I:	D:
135926	137560	+	2	1.179719	I:	D:
137699	138739	-	2	1.231768	I:	D:
138767	139633	-	2	1.187590	I:	D:
139719	140363	-	3	1.173084	I:	D:
140380	141426	-	1	1.221657	I:	D:
141843	142202	-	3	1.227200	I:	D:
142248	143531	+	3	1.225199	I:	D:
143581	143868	+	1	1.251866	I:	D:
143927	144595	+	2	1.235384	I:	D:
144703	144975	-	1	1.201268	I:	D:
145158	145748	+	3	1.223783	I:	D:
145829	146104	-	2	1.227115	I:	D:
146160	148184	-	3	1.201557	I:	D:
148329	149237	-	3	1.230140	I:	D:
149234	150103	-	2	1.248217	I:	D:
150108	151052	-	3	1.217294	I:	D:
151061	151444	-	2	1.231599	I:	D:
151967	154261	-	2	1.204773	I:	D:
154345	154866	-	1	1.231415	I:	D:
154977	155240	-	3	1.240056	I:	D:
155268	156326	-	3	1.198861	I:	D:
156365	156823	-	2	1.239675	I:	D:
157066	158823	-	1	1.205239	I:	D:
158964	159227	+	3	1.240947	I:	D:
159288	160028	-	3	1.209686	I:	D:
160084	160785	-	1	1.215777	I:	D:
160766	161152	-	2	1.236952	I:	D:
161383	161934	+	1	1.225927	I:	D:
162039	162335	+	3	1.263163	I:	D:
162348	162833	+	3	1.227399	I:	D:
162875	163126	+	2	1.257506	I:	D:
163189	164052	-	1	1.197679	I:	D:
164230	164517	+	1	1.287755	I:	D:
164970	166037	+	3	1.212087	I:	D:
166084	166848	-	1	1.230879	I:	D:
166860	167153	-	3	1.194825	I:	D:
167190	167942	-	3	1.268120	I:	D:
168265	170895	-	1	1.211704	I:	D:
171189	172052	+	3	1.226041	I:	D:
172069	173406	+	1	1.238092	I:	D:
173413	174258	+	1	1.227628	I:	D:
174754	176724	+	1	1.226259	I:	D:
176816	177043	-	2	1.269850	I:	D:
177899	178462	-	2	1.193325	I:	D:
178696	179592	+	1	1.218777	I:	D:
179745	180323	+	3	1.195978	I:	D:
180325	181857	+	1	1.202671	I:	D:
181896	182732	-	3	1.217891	I:	D:
182882	183145	-	2	1.260334	I:	D:
183197	184588	-	2	1.226510	I:	D:
185024	185230	+	2	1.334370	I:	D:
185272	185811	-	1	1.219135	I:	D:
185628	186500	+	3	1.236079	I:	D:
186536	187585	+	2	1.297563	I:	D:
187575	188186	+	3	1.350157	I:	D:
188728	189795	-	1	1.221860	I:	D:
189823	190647	-	1	1.222719	I:	D:
190889	191899	+	2	1.223146	I:	D:
192134	192910	+	2	1.226925	I:	D:
193267	194319	+	1	1.244350	I:	D:
194445	194885	+	3	1.219578	I:	D:
194899	195102	+	1	1.214156	I:	D:
195154	197004	+	1	1.192904	I:	D:
197148	198281	+	3	1.234021	I:	D:
198294	199109	+	3	1.219762	I:	D:
199133	199570	+	2	1.188766	I:	D:
199623	200633	+	3	1.222201	I:	D:
>Y8.M059_22
434	1366	-	2	1.195672	I:	D:
1644	2075	+	3	1.244122	I:	D:
2328	3332	+	3	1.220699	I:	D:
3329	4162	+	2	1.213365	I:	D:
4507	14844	+	1	1.220503	I:	D:
15226	15756	-	1	1.264499	I:	D:
15818	16534	-	2	1.217513	I:	D:
17134	18366	-	1	1.231701	I:	D:
19078	20313	+	1	1.281017	I:	D:
20686	21225	-	1	1.216119	I:	D:
21542	22303	-	2	1.233641	I:	D:
22323	23525	-	3	1.204071	I:	D:
23522	24202	-	2	1.230593	I:	D:
24222	25121	-	3	1.218430	I:	D:
25271	25648	+	2	1.215651	I:	D:
25666	26244	+	1	1.276882	I:	D:
26271	26621	+	3	1.215241	I:	D:
27058	27870	-	1	1.221736	I:	D:
27883	28989	-	1	1.239706	I:	D:
29039	29248	-	2	1.308897	I:	D:
29245	29619	-	1	1.278032	I:	D:
29697	29831	-	3	1.279243	I:	D:
30281	31597	+	2	1.218327	I:	D:
31869	32987	+	3	1.227508	I:	D:
33004	33219	+	1	1.230057	I:	D:
33326	34312	+	2	1.243026	I:	D:
34312	34575	+	1	1.270613	I:	D:
34624	36561	+	1	1.212600	I:	D:
36679	39168	+	1	1.217531	I:	D:
39173	39874	+	2	1.245016	I:	D:
39871	40311	+	1	1.234276	I:	D:
40497	41267	-	3	1.205574	I:	D:
41401	42909	-	1	1.231841	I:	D:
43352	44773	+	2	1.230112	I:	D:
45029	45421	-	2	1.334437	I:	D:
46599	47219	+	3	1.224435	I:	D:
47648	49027	-	2	1.238059	I:	D:
49196	50344	-	2	1.218695	I:	D:
50354	51187	-	2	1.239876	I:	D:
51349	51588	-	1	1.353848	I:	D:
51673	51876	+	1	1.345433	I:	D:
52065	52382	+	3	1.351900	I:	D:
52967	54742	-	2	1.218106	I:	D:
55175	56530	-	2	1.212118	I:	D:
56865	57281	-	3	1.237773	I:	D:
57304	58041	-	1	1.238321	I:	D:
58052	58645	-	2	1.223429	I:	D:
58753	59142	-	1	1.226503	I:	D:
59201	60523	-	2	1.233983	I:	D:
60561	61430	-	3	1.237667	I:	D:
61454	62209	-	2	1.234032	I:	D:
62388	64229	-	3	1.250664	I:	D:
64238	66301	-	2	1.232952	I:	D:
66339	66833	-	3	1.198144	I:	D:
66865	67704	-	1	1.229814	I:	D:
67717	68295	-	1	1.220394	I:	D:
68301	68753	-	3	1.231796	I:	D:
68818	70878	-	1	1.226934	I:	D:
70893	71204	-	3	1.206029	I:	D:
71426	72331	+	2	1.210237	I:	D:
72345	73337	+	3	1.239980	I:	D:
73908	74750	+	3	1.216715	I:	D:
74834	76531	+	2	1.229416	I:	D:
76677	77555	+	3	1.253331	I:	D:
77566	78933	+	1	1.220822	I:	D:
79203	79487	+	3	1.327516	I:	D:
79625	80794	+	2	1.205667	I:	D:
80950	81828	+	1	1.216234	I:	D:
81832	82848	+	1	1.225907	I:	D:
82841	83716	+	2	1.206073	I:	D:
83703	84407	+	3	1.205460	I:	D:
84501	84737	-	3	1.380231	I:	D:
84837	85574	-	3	1.213619	I:	D:
85642	86043	-	1	1.267006	I:	D:
86040	86381	-	3	1.309311	I:	D:
86381	88039	-	2	1.211398	I:	D:
88036	89772	-	1	1.234877	I:	D:
89803	90429	-	1	1.227150	I:	D:
90569	91540	-	2	1.226764	I:	D:
91651	92535	-	1	1.228734	I:	D:
92546	93421	-	2	1.253066	I:	D:
93426	97625	-	3	1.214285	I:	D:
97980	98816	-	3	1.243621	I:	D:
98972	99883	-	2	1.278086	I:	D:
99907	102267	-	1	1.250440	I:	D:
102932	103540	+	2	1.226064	I:	D:
103597	105066	+	1	1.214581	I:	D:
105114	106271	+	3	1.265520	I:	D:
106705	107082	-	1	1.303728	I:	D:
107079	107321	-	3	1.309976	I:	D:
107473	108537	-	1	1.294518	I:	D:
108797	109492	-	2	1.295241	I:	D:
109485	110285	-	3	1.280439	I:	D:
110282	110959	-	2	1.383468	I:	D:
111066	111755	-	3	1.307387	I:	D:
112065	113468	+	3	1.294342	I:	D:
113591	114442	-	2	1.299082	I:	D:
114702	115130	+	3	1.283971	I:	D:
115279	115629	+	1	1.314813	I:	D:
115668	116570	+	3	1.289971	I:	D:
116581	116787	+	1	1.271596	I:	D:
116917	118074	+	1	1.260406	I:	D:
>Y8.M059_23
389	2581	+	2	1.208873	I:	D:
2597	3466	+	2	1.253800	I:	D:
3601	4422	+	1	1.208482	I:	D:
4428	5147	+	3	1.229770	I:	D:
5595	6995	+	3	1.224650	I:	D:
7260	8957	+	3	1.235344	I:	D:
9298	11040	-	1	1.217562	I:	D:
11055	11663	-	3	1.251925	I:	D:
11489	12304	-	2	1.231923	I:	D:
12480	12890	+	3	1.255262	I:	D:
12987	13508	-	3	1.216663	I:	D:
13508	14089	-	2	1.203110	I:	D:
14263	14508	+	1	1.309352	I:	D:
14747	15586	-	2	1.240824	I:	D:
15592	16422	-	1	1.243783	I:	D:
16432	16605	-	1	1.355821	I:	D:
16842	19346	-	3	1.220385	I:	D:
19386	19832	-	3	1.263447	I:	D:
19857	20306	-	3	1.252552	I:	D:
20586	22325	+	3	1.227977	I:	D:
22585	23481	-	1	1.252999	I:	D:
23496	24083	-	3	1.222759	I:	D:
24087	24737	-	3	1.233034	I:	D:
24756	25301	-	3	1.193986	I:	D:
25346	26365	-	2	1.228539	I:	D:
26369	27739	-	2	1.247691	I:	D:
28056	28802	+	3	1.247542	I:	D:
29020	29445	-	1	1.263579	I:	D:
29542	31035	-	1	1.219172	I:	D:
31123	32055	+	1	1.244008	I:	D:
32091	34217	-	3	1.212649	I:	D:
34406	35191	+	2	1.213394	I:	D:
35202	37379	+	3	1.221972	I:	D:
37637	38848	-	2	1.232454	I:	D:
38851	39084	-	1	1.311871	I:	D:
39207	39644	+	3	1.227683	I:	D:
39885	40757	-	3	1.276156	I:	D:
41091	43073	+	3	1.237581	I:	D:
43650	45890	+	3	1.222335	I:	D:
45924	46787	+	3	1.204080	I:	D:
46804	47475	+	1	1.242351	I:	D:
47892	48848	-	3	1.229565	I:	D:
48852	49724	-	3	1.225646	I:	D:
49845	51212	-	3	1.188880	I:	D:
51600	51791	+	3	1.268072	I:	D:
51968	52234	+	2	1.229986	I:	D:
52422	54572	+	3	1.203252	I:	D:
54645	54851	-	3	1.333450	I:	D:
54936	55448	+	3	1.284083	I:	D:
55461	55838	+	3	1.318790	I:	D:
