>Y7.M046_1
403	687	+	1	1.347070	I:	D:
840	1604	-	3	1.331705	I:	D:
1623	2582	-	3	1.350577	I:	D:
2784	3713	+	3	1.349716	I:	D:
>Y7.M046_2
2	160	+	2	1.305354	I:	D:
597	2345	+	3	1.337689	I:	D:
>Y7.M046_3
95	763	+	2	1.290312	I:	D:
793	1233	+	1	1.286366	I:	D:
1338	2021	+	3	1.296545	I:	D:
2138	2293	-	2	1.297313	I:	D:
3498	4205	+	3	1.295611	I:	D:
4198	5166	+	1	1.292949	I:	D:
5276	5563	+	2	1.370202	I:	D:
5679	5858	+	3	1.312257	I:	D:
6039	6230	+	3	1.343793	I:	D:
6466	7404	-	1	1.355693	I:	D:
7608	8078	-	3	1.352002	I:	D:
8143	10002	-	1	1.378963	I:	D:
10011	10202	-	3	1.303156	I:	D:
10241	10888	+	2	1.341739	I:	D:
10900	11355	+	1	1.329692	I:	D:
11355	11828	+	3	1.348011	I:	D:
11916	12746	-	3	1.356872	I:	D:
12667	12951	+	1	1.415969	I:	D:
13564	14268	+	1	1.373546	I:	D:
14294	15232	+	2	1.343850	I:	D:
>Y7.M046_4
2	211	-	2	1.340215	I:	D:
246	1745	+	3	1.332967	I:	D:
1866	2138	-	3	1.276763	I:	D:
2254	3879	-	1	1.334179	I:	D:
4068	4667	+	3	1.296596	I:	D:
4716	5117	+	3	1.305599	I:	D:
5140	5508	+	1	1.308871	I:	D:
5884	6291	+	1	1.303752	I:	D:
6316	6627	+	1	1.289777	I:	D:
6657	7166	-	3	1.320889	I:	D:
>Y7.M046_5
1	228	+	1	1.337334	I:	D:
228	1265	+	3	1.339318	I:	D:
1316	2083	+	2	1.344990	I:	D:
2076	3128	+	3	1.329852	I:	D:
3125	3946	+	2	1.332562	I:	D:
4113	4844	+	3	1.305400	I:	D:
>Y7.M046_6
2	331	+	2	1.337223	I:	D:
328	1419	+	1	1.336859	I:	D:
1564	2721	+	1	1.309932	I:	D:
3140	3628	-	2	1.337556	I:	D:
3667	4326	-	1	1.333863	I:	D:
4345	4839	-	1	1.303684	I:	D:
>Y7.M046_7
1	309	+	1	1.297668	I:	D:
317	979	+	2	1.301037	I:	D:
1032	1805	+	3	1.343005	I:	D:
1837	2364	+	1	1.327866	I:	D:
>Y7.M046_8
2	190	-	2	1.314287	I:	D:
221	538	-	2	1.382047	I:	D:
564	1496	-	3	1.340622	I:	D:
1748	2056	-	2	1.324564	I:	D:
2137	2952	-	1	1.292578	I:	D:
2986	3582	-	1	1.297172	I:	D:
>Y7.M046_9
2	2353	-	2	1.318540	I:	D:
>Y7.M046_10
2	982	+	2	1.330419	I:	D:
1070	2026	-	2	1.302352	I:	D:
>Y7.M046_11
2	3001	-	2	1.324887	I:	D:
3297	3740	-	3	1.335477	I:	D:
3836	4090	-	2	1.223407	I:	D:
4344	4550	-	3	1.278023	I:	D:
4925	5137	-	2	1.266415	I:	D:
5316	6413	-	3	1.350768	I:	D:
6556	6726	+	1	1.334488	I:	D:
6754	7263	+	1	1.367496	I:	D:
7284	7610	-	3	1.339875	I:	D:
>Y7.M046_12
39	1151	+	3	1.347659	I:	D:
1276	1461	+	1	1.364105	I:	D:
2209	2742	+	1	1.337573	I:	D:
2752	3228	-	1	1.352957	I:	D:
3355	3492	+	1	1.360912	I:	D:
>Y7.M046_13
1	231	+	1	1.361450	I:	D:
293	1231	-	2	1.288951	I:	D:
1232	2167	-	2	1.336107	I:	D:
>Y7.M046_14
3	905	-	3	1.331904	I:	D:
930	1061	+	3	1.320269	I:	D:
1424	1759	-	2	1.309242	I:	D:
1990	2421	-	1	1.336963	I:	D:
2445	2948	+	3	1.327013	I:	D:
>Y7.M046_15
483	833	-	3	1.374603	I:	D:
820	1269	-	1	1.330194	I:	D:
1447	1962	-	1	1.345292	I:	D:
2047	2562	-	1	1.351855	I:	D:
2609	3559	-	2	1.333960	I:	D:
3682	5295	-	1	1.315944	I:	D:
5357	5512	+	2	1.363346	I:	D:
5911	7953	+	1	1.336250	I:	D:
7955	8629	+	2	1.350206	I:	D:
>Y7.M046_16
2	1231	+	2	1.364117	I:	D:
1481	1996	+	2	1.336716	I:	D:
2048	7999	+	2	1.316461	I:	D:
>Y7.M046_17
3	770	-	3	1.310417	I:	D:
1226	4213	+	2	1.317090	I:	D:
4537	5127	-	1	1.303159	I:	D:
5268	5840	+	3	1.314494	I:	D:
5950	7104	-	1	1.308201	I:	D:
7278	7457	+	3	1.322650	I:	D:
7489	7872	+	1	1.344666	I:	D:
>Y7.M046_18
1	705	-	1	1.306049	I:	D:
739	885	+	1	1.353304	I:	D:
901	1137	+	1	1.390514	I:	D:
1474	1611	+	1	1.357265	I:	D:
1648	4359	+	1	1.346682	I:	D:
4385	4774	+	2	1.385646	I:	D:
4893	5306	-	3	1.318416	I:	D:
>Y7.M046_19
3	389	+	3	1.290428	I:	D:
506	3652	+	2	1.301495	I:	D:
3724	4791	+	1	1.323886	I:	D:
>Y7.M046_20
3	245	+	3	1.333659	I:	D:
343	939	+	1	1.341463	I:	D:
1351	1821	+	1	1.349943	I:	D:
1818	2486	+	3	1.352446	I:	D:
2518	3231	-	1	1.351974	I:	D:
2866	3765	+	1	1.334034	I:	D:
3924	4610	+	3	1.315270	I:	D:
>Y7.M046_21
96	587	-	3	1.304496	I:	D:
902	1441	-	2	1.310185	I:	D:
1268	1597	+	2	1.351558	I:	D:
1619	1819	+	2	1.344300	I:	D:
1831	1989	+	1	1.357891	I:	D:
2893	4185	+	1	1.344755	I:	D:
>Y7.M046_22
2	2401	+	2	1.308735	I:	D:
2583	3047	+	3	1.319949	I:	D:
3084	3383	+	3	1.360355	I:	D:
3505	3939	-	1	1.317618	I:	D:
>Y7.M046_23
3	1829	+	3	1.286525	I:	D:
1889	3079	+	2	1.309220	I:	D:
3154	3465	+	1	1.283736	I:	D:
>Y7.M046_24
2	427	-	2	1.300018	I:	D:
495	2504	-	3	1.366660	I:	D:
2688	3353	-	3	1.329254	I:	D:
>Y7.M046_25
1	426	-	1	1.293352	I:	D:
678	1430	+	3	1.308689	I:	D:
1497	2267	+	3	1.304075	I:	D:
2447	3112	-	2	1.358343	I:	D:
>Y7.M046_26
1	2232	-	1	1.292166	I:	D:
2656	3054	+	1	1.341083	I:	D:
>Y7.M046_27
2	157	-	2	1.347978	I:	D:
176	343	-	2	1.328138	I:	D:
494	1459	-	2	1.308020	I:	D:
1456	2013	-	1	1.340193	I:	D:
2013	2981	-	3	1.289516	I:	D:
>Y7.M046_28
626	1213	+	2	1.307655	I:	D:
1455	1646	+	3	1.362533	I:	D:
1655	1822	-	2	1.329502	I:	D:
1743	2288	+	3	1.302565	I:	D:
2310	2456	+	3	1.340485	I:	D:
2503	2946	+	1	1.317510	I:	D:
>Y7.M046_29
2	478	-	2	1.372576	I:	D:
345	671	-	3	1.332901	I:	D:
360	2111	+	3	1.308706	I:	D:
2141	2794	+	2	1.310397	I:	D:
>Y7.M046_30
1	2091	-	1	1.286264	I:	D:
2453	2653	+	2	1.362268	I:	D:
>Y7.M046_31
1	240	-	1	1.310696	I:	D:
271	1632	-	1	1.300794	I:	D:
1705	2184	-	1	1.294097	I:	D:
2220	2531	-	3	1.340915	I:	D:
>Y7.M046_32
3	263	+	3	1.341140	I:	D:
482	1492	+	2	1.321127	I:	D:
1905	2594	-	3	1.317014	I:	D:
>Y7.M046_33
2	565	-	2	1.346760	I:	D:
578	1870	-	2	1.307991	I:	D:
1921	2493	-	1	1.285847	I:	D:
>Y7.M046_34
135	1436	+	3	1.332734	I:	D:
1581	1793	-	3	1.346383	I:	D:
1898	2383	+	2	1.348099	I:	D:
>Y7.M046_35
2	1288	-	2	1.350663	I:	D:
1340	1909	+	2	1.316032	I:	D:
1957	2316	-	1	1.317495	I:	D:
>Y7.M046_36
3	374	-	3	1.303076	I:	D:
398	1078	-	2	1.334534	I:	D:
1078	1950	-	1	1.331613	I:	D:
2121	3344	-	3	1.277917	I:	D:
3519	4436	-	3	1.309703	I:	D:
4601	5497	-	2	1.322629	I:	D:
5494	6753	-	1	1.322858	I:	D:
6802	7401	+	1	1.311448	I:	D:
7439	8116	+	2	1.303150	I:	D:
8123	9394	-	2	1.327953	I:	D:
9624	10418	+	3	1.326471	I:	D:
10421	11587	+	2	1.329361	I:	D:
11900	12073	+	2	1.372958	I:	D:
12346	12774	+	1	1.352773	I:	D:
12793	13746	+	1	1.328139	I:	D:
13743	14015	+	3	1.314526	I:	D:
14012	15784	+	2	1.308850	I:	D:
15784	17295	+	1	1.323865	I:	D:
17292	18659	+	3	1.302901	I:	D:
18661	19830	+	1	1.314648	I:	D:
19832	21319	+	2	1.309591	I:	D:
21316	22554	+	1	1.303285	I:	D:
22541	23623	+	2	1.325206	I:	D:
23636	25045	+	2	1.306925	I:	D:
25045	26010	+	1	1.303144	I:	D:
26018	26797	+	2	1.308316	I:	D:
26794	28026	+	1	1.305577	I:	D:
28131	28256	+	3	1.259552	I:	D:
>Y7.M046_37
1	267	+	1	1.327049	I:	D:
295	807	+	1	1.341277	I:	D:
829	2925	-	1	1.306350	I:	D:
3244	3786	+	1	1.357228	I:	D:
3805	5988	+	1	1.316837	I:	D:
6078	7523	-	3	1.283544	I:	D:
7722	8807	-	3	1.326896	I:	D:
8187	8402	+	3	1.358838	I:	D:
8430	8651	+	3	1.324839	I:	D:
8804	9475	-	2	1.340390	I:	D:
9489	10250	-	3	1.300669	I:	D:
10345	11115	+	1	1.323005	I:	D:
11127	11927	+	3	1.324486	I:	D:
12002	13288	+	2	1.309366	I:	D:
13515	14942	+	3	1.329340	I:	D:
14945	15592	+	2	1.333344	I:	D:
15648	16475	-	3	1.320920	I:	D:
16490	17323	-	2	1.328024	I:	D:
17419	18966	-	1	1.297016	I:	D:
19068	19634	-	3	1.298500	I:	D:
20160	20795	-	3	1.325573	I:	D:
>Y7.M046_38
1	1518	-	1	1.314800	I:	D:
1518	2411	-	3	1.310176	I:	D:
2411	2659	-	2	1.303011	I:	D:
2906	3859	+	2	1.340913	I:	D:
3865	6609	-	1	1.308237	I:	D:
6610	7347	+	1	1.318555	I:	D:
7402	7815	+	1	1.297309	I:	D:
7863	8822	+	3	1.333390	I:	D:
8897	9583	+	2	1.320100	I:	D:
9678	10559	+	3	1.295515	I:	D:
10626	11048	-	3	1.276385	I:	D:
11142	12518	-	3	1.298450	I:	D:
12578	13447	-	2	1.310040	I:	D:
13485	15035	-	3	1.303345	I:	D:
15085	15615	-	1	1.305244	I:	D:
15618	16088	-	3	1.282461	I:	D:
16164	16406	-	3	1.303857	I:	D:
16471	17307	-	1	1.313882	I:	D:
17310	17696	-	3	1.331067	I:	D:
17910	18545	-	3	1.321770	I:	D:
18734	19402	-	2	1.320097	I:	D:
19419	19820	-	3	1.335562	I:	D:
>Y7.M046_39
2	379	-	2	1.380203	I:	D:
567	1790	-	3	1.333597	I:	D:
2392	2709	+	1	1.334846	I:	D:
2710	3609	+	1	1.334738	I:	D:
3611	3916	+	2	1.308279	I:	D:
4281	4634	-	3	1.336307	I:	D:
4673	5170	-	2	1.321663	I:	D:
5308	5874	-	1	1.351163	I:	D:
5998	6330	-	1	1.322009	I:	D:
6339	6521	-	3	1.319849	I:	D:
6564	7187	-	3	1.313311	I:	D:
7190	7726	-	2	1.350564	I:	D:
7739	10354	-	2	1.344856	I:	D:
10435	10923	+	1	1.346023	I:	D:
10938	11132	+	3	1.382852	I:	D:
11280	11804	-	3	1.331481	I:	D:
11797	12192	-	1	1.334229	I:	D:
12192	14735	-	3	1.307670	I:	D:
14725	14949	-	1	1.318565	I:	D:
15114	15440	-	3	1.296327	I:	D:
15450	16382	-	3	1.336205	I:	D:
16396	16803	-	1	1.335355	I:	D:
16800	17105	-	3	1.308783	I:	D:
17105	17455	-	2	1.313256	I:	D:
17538	19574	-	3	1.316605	I:	D:
>Y7.M046_40
1	789	-	1	1.316567	I:	D:
844	1860	-	1	1.305525	I:	D:
1963	2322	-	1	1.300671	I:	D:
2281	2586	+	1	1.344288	I:	D:
2698	3036	-	1	1.284514	I:	D:
2992	3204	+	1	1.328062	I:	D:
3264	5171	-	3	1.302383	I:	D:
5969	7504	+	2	1.312648	I:	D:
7615	8307	+	1	1.335852	I:	D:
8426	10411	+	2	1.320243	I:	D:
10777	11124	+	1	1.294199	I:	D:
11169	13334	+	3	1.316661	I:	D:
13318	14499	+	1	1.304776	I:	D:
14574	15239	-	3	1.336522	I:	D:
15575	16534	+	2	1.326848	I:	D:
>Y7.M046_41
2	1114	-	2	1.302995	I:	D:
1111	2007	-	1	1.335084	I:	D:
2101	2256	+	1	1.392833	I:	D:
2667	3344	+	3	1.336690	I:	D:
3341	3505	+	2	1.371709	I:	D:
3511	4218	+	1	1.314590	I:	D:
4432	5169	+	1	1.313304	I:	D:
5449	6147	-	1	1.334249	I:	D:
6246	7169	+	3	1.310210	I:	D:
7339	7506	+	1	1.345523	I:	D:
7545	8477	-	3	1.308599	I:	D:
8474	9151	-	2	1.344769	I:	D:
9171	9992	-	3	1.280610	I:	D:
9989	10822	-	2	1.283756	I:	D:
10815	11114	-	3	1.307139	I:	D:
11101	11991	-	1	1.317478	I:	D:
11991	13646	-	3	1.295387	I:	D:
13890	14378	-	3	1.337361	I:	D:
15176	16375	+	2	1.330801	I:	D:
>Y7.M046_42
305	2122	+	2	1.313832	I:	D:
2187	2456	+	3	1.337017	I:	D:
2526	3149	+	3	1.317341	I:	D:
3167	3982	-	2	1.340874	I:	D:
4185	4337	+	3	1.360557	I:	D:
4372	4773	-	1	1.360876	I:	D:
4833	6617	+	3	1.324637	I:	D:
6624	6821	+	3	1.339594	I:	D:
6805	7488	+	1	1.344223	I:	D:
7597	8940	+	1	1.329768	I:	D:
9053	10042	+	2	1.319232	I:	D:
10166	10426	-	2	1.331231	I:	D:
10536	11990	+	3	1.297470	I:	D:
12124	12840	+	1	1.325066	I:	D:
13034	13177	-	2	1.325724	I:	D:
13263	16100	+	3	1.310341	I:	D:
>Y7.M046_43
2	862	-	2	1.312835	I:	D:
1300	1866	+	1	1.303344	I:	D:
1863	2267	+	3	1.321601	I:	D:
2271	2873	+	3	1.305157	I:	D:
2929	3231	-	1	1.341812	I:	D:
3224	3658	-	2	1.320061	I:	D:
3717	4166	+	3	1.296183	I:	D:
4192	4389	-	1	1.289838	I:	D:
4410	4745	-	3	1.323872	I:	D:
4769	6634	-	2	1.307389	I:	D:
6639	7160	-	3	1.285768	I:	D:
7179	7502	-	3	1.287387	I:	D:
7613	7900	+	2	1.351405	I:	D:
7953	9218	-	3	1.296471	I:	D:
9231	9698	-	3	1.324434	I:	D:
9871	10221	-	1	1.291611	I:	D:
10290	11339	-	3	1.315938	I:	D:
11498	11890	-	2	1.277302	I:	D:
11900	12328	-	2	1.288740	I:	D:
12597	13223	+	3	1.311022	I:	D:
13248	14015	-	3	1.311669	I:	D:
14126	15205	-	2	1.316114	I:	D:
15226	15675	-	1	1.312684	I:	D:
15686	16057	-	2	1.282050	I:	D:
>Y7.M046_44
1	702	+	1	1.317540	I:	D:
797	1288	+	2	1.346776	I:	D:
1355	1975	+	2	1.336394	I:	D:
2015	2314	+	2	1.329411	I:	D:
2371	2535	-	1	1.319919	I:	D:
2557	3465	+	1	1.333823	I:	D:
3564	4694	+	3	1.319582	I:	D:
4767	4907	-	3	1.296628	I:	D:
4919	6376	+	2	1.324838	I:	D:
6435	6926	+	3	1.288444	I:	D:
6990	8153	+	3	1.338133	I:	D:
8245	9234	+	1	1.315158	I:	D:
9239	10510	+	2	1.337077	I:	D:
10536	11900	+	3	1.321229	I:	D:
11912	12556	+	2	1.289750	I:	D:
12560	13714	+	2	1.327375	I:	D:
13726	15066	+	1	1.312351	I:	D:
15201	15452	+	3	1.298153	I:	D:
15477	15992	+	3	1.322583	I:	D:
>Y7.M046_45
3	326	+	3	1.333130	I:	D:
703	2154	-	1	1.330571	I:	D:
2624	3358	+	2	1.326574	I:	D:
3408	4328	-	3	1.323645	I:	D:
4629	8390	+	3	1.320594	I:	D:
8421	10244	+	3	1.331091	I:	D:
10285	11085	-	1	1.315035	I:	D:
11097	12137	-	3	1.310969	I:	D:
12140	12703	-	2	1.336990	I:	D:
12965	13144	-	2	1.313373	I:	D:
13146	13895	-	3	1.326125	I:	D:
13976	14635	-	2	1.317501	I:	D:
14622	15416	-	3	1.353777	I:	D:
15564	15947	-	3	1.273706	I:	D:
>Y7.M046_46
105	650	+	3	1.310604	I:	D:
687	1268	+	3	1.310199	I:	D:
1292	2359	+	2	1.306668	I:	D:
2356	2808	+	1	1.321565	I:	D:
2839	3150	+	1	1.305464	I:	D:
3187	3327	+	1	1.366449	I:	D:
3503	5914	-	2	1.314379	I:	D:
6124	7437	-	1	1.328724	I:	D:
7656	8036	-	3	1.374271	I:	D:
8146	8331	-	1	1.315207	I:	D:
8520	10763	-	3	1.315465	I:	D:
10807	11790	-	1	1.342683	I:	D:
11934	12605	-	3	1.328480	I:	D:
12676	13071	-	1	1.294110	I:	D:
13170	13934	-	3	1.321514	I:	D:
13979	14521	-	2	1.312878	I:	D:
14537	14776	-	2	1.302284	I:	D:
14917	15474	-	1	1.337114	I:	D:
>Y7.M046_47
3	212	+	3	1.299251	I:	D:
386	1165	+	2	1.327785	I:	D:
1249	1479	-	1	1.352545	I:	D:
1560	2597	+	3	1.325712	I:	D:
2922	3875	+	3	1.337730	I:	D:
3952	4092	+	1	1.322143	I:	D:
4198	4605	+	1	1.319773	I:	D:
4617	4874	+	3	1.358858	I:	D:
4878	5945	+	3	1.316363	I:	D:
6262	7359	+	1	1.313303	I:	D:
7471	9825	-	1	1.311232	I:	D:
10405	11853	+	1	1.303703	I:	D:
11977	12666	+	1	1.291217	I:	D:
12782	13012	-	2	1.342220	I:	D:
13517	14344	-	2	1.332332	I:	D:
14407	14751	-	1	1.341987	I:	D:
14950	15438	-	1	1.328943	I:	D:
>Y7.M046_48
1	1650	+	1	1.318610	I:	D:
1857	1988	+	3	1.319521	I:	D:
2167	2793	+	1	1.310207	I:	D:
2864	3355	+	2	1.324330	I:	D:
3528	4025	-	3	1.307407	I:	D:
4244	5341	+	2	1.332210	I:	D:
5400	6158	-	3	1.333516	I:	D:
6494	7906	+	2	1.314515	I:	D:
7973	9043	+	2	1.327616	I:	D:
9053	9925	+	2	1.342856	I:	D:
9942	11138	-	3	1.343362	I:	D:
11141	11560	-	2	1.295838	I:	D:
11557	11916	-	1	1.324595	I:	D:
11913	12761	-	3	1.313580	I:	D:
12786	13598	-	3	1.330745	I:	D:
14020	14421	-	1	1.331266	I:	D:
>Y7.M046_49
24	776	-	3	1.320929	I:	D:
1094	1579	+	2	1.351754	I:	D:
1909	2169	-	1	1.289713	I:	D:
2324	2653	+	2	1.356566	I:	D:
2927	3676	+	2	1.316429	I:	D:
3688	5073	+	1	1.330616	I:	D:
5198	9151	+	2	1.308867	I:	D:
9419	12031	+	2	1.293935	I:	D:
12042	12287	+	3	1.296530	I:	D:
12320	13069	+	2	1.276716	I:	D:
13111	14043	+	1	1.308699	I:	D:
14222	14410	+	2	1.290220	I:	D:
>Y7.M046_50
1	1650	-	1	1.312177	I:	D:
2219	2692	+	2	1.292417	I:	D:
2806	3981	-	1	1.308537	I:	D:
3978	5369	-	3	1.319172	I:	D:
5493	6248	-	3	1.336924	I:	D:
6229	7257	-	1	1.336893	I:	D:
7327	8127	+	1	1.299646	I:	D:
8175	8828	+	3	1.333888	I:	D:
8863	9066	+	1	1.296451	I:	D:
9256	10020	-	1	1.344906	I:	D:
10168	10584	-	1	1.347909	I:	D:
10612	10743	-	1	1.326297	I:	D:
9145	11442	+	1	1.319772	I:	D:
11444	12688	-	2	1.304896	I:	D:
12828	14249	+	3	1.331886	I:	D:
>Y7.M046_51
3	227	-	3	1.285546	I:	D:
234	1097	-	3	1.309066	I:	D:
1142	2020	-	2	1.325488	I:	D:
2419	3582	+	1	1.298351	I:	D:
3650	4330	-	2	1.333644	I:	D:
4338	5033	-	3	1.345196	I:	D:
5127	5795	-	3	1.310656	I:	D:
6236	8869	+	2	1.312893	I:	D:
8869	9972	+	1	1.326670	I:	D:
10093	11157	+	1	1.322517	I:	D:
11190	12296	+	3	1.306594	I:	D:
12300	13154	+	3	1.314815	I:	D:
>Y7.M046_52
133	333	+	1	1.317507	I:	D:
412	1305	+	1	1.357877	I:	D:
1308	1949	+	3	1.321261	I:	D:
2127	2993	+	3	1.355817	I:	D:
3295	3471	+	1	1.312508	I:	D:
3509	3895	+	2	1.359468	I:	D:
3929	4114	-	2	1.399157	I:	D:
4481	7756	-	2	1.316038	I:	D:
7961	8443	+	2	1.320746	I:	D:
8842	10026	+	1	1.330548	I:	D:
10108	10995	+	1	1.318358	I:	D:
11047	11931	+	1	1.316240	I:	D:
12092	12766	-	2	1.334614	I:	D:
>Y7.M046_53
131	2449	-	2	1.305090	I:	D:
2474	4393	-	2	1.306306	I:	D:
4951	5439	+	1	1.316427	I:	D:
5436	6995	+	3	1.267193	I:	D:
7052	9994	+	2	1.287716	I:	D:
10065	10454	+	3	1.306678	I:	D:
10519	11475	+	1	1.329047	I:	D:
11617	12492	+	1	1.292202	I:	D:
>Y7.M046_54
1	234	-	1	1.340299	I:	D:
251	571	-	2	1.275674	I:	D:
682	1560	-	1	1.328547	I:	D:
1600	3204	-	1	1.309754	I:	D:
3299	3433	+	2	1.321321	I:	D:
3506	3724	+	2	1.372324	I:	D:
3787	5295	+	1	1.334708	I:	D:
5364	6410	+	3	1.303874	I:	D:
6447	7574	+	3	1.319256	I:	D:
7762	8088	+	1	1.300667	I:	D:
8157	10028	+	3	1.306553	I:	D:
10059	11000	+	3	1.295818	I:	D:
11058	12311	+	3	1.288533	I:	D:
>Y7.M046_55
3	251	+	3	1.330495	I:	D:
262	795	+	1	1.304664	I:	D:
808	1164	+	1	1.309503	I:	D:
1175	1693	+	2	1.290935	I:	D:
1705	1884	+	1	1.345807	I:	D:
1909	2340	+	1	1.301666	I:	D:
2366	3691	+	2	1.312921	I:	D:
3730	3948	+	1	1.353841	I:	D:
4121	4486	+	2	1.327905	I:	D:
4511	4912	+	2	1.325337	I:	D:
5006	5629	+	2	1.291504	I:	D:
5697	6674	+	3	1.299355	I:	D:
6748	7140	+	1	1.312062	I:	D:
7212	7565	+	3	1.303145	I:	D:
7589	8269	-	2	1.326958	I:	D:
8293	8988	-	1	1.333021	I:	D:
9028	10314	-	1	1.313797	I:	D:
10323	10550	-	3	1.357803	I:	D:
10689	12287	-	3	1.314410	I:	D:
>Y7.M046_56
3	977	-	3	1.336635	I:	D:
974	2107	-	2	1.327151	I:	D:
2113	3051	-	1	1.330394	I:	D:
3132	5153	-	3	1.315532	I:	D:
5211	7037	-	3	1.331036	I:	D:
7257	8042	+	3	1.298554	I:	D:
8125	8604	-	1	1.331232	I:	D:
8646	9515	-	3	1.298797	I:	D:
9538	10410	+	1	1.339791	I:	D:
10592	10849	-	2	1.366727	I:	D:
10905	12014	-	3	1.315251	I:	D:
>Y7.M046_57
2	1357	-	2	1.333793	I:	D:
1730	1915	+	2	1.358091	I:	D:
1958	4636	+	2	1.319541	I:	D:
5104	5559	-	1	1.344591	I:	D:
5594	7438	-	2	1.324471	I:	D:
7453	8283	-	1	1.332837	I:	D:
8428	8598	+	1	1.336923	I:	D:
8770	9999	+	1	1.321127	I:	D:
10002	11702	+	3	1.317074	I:	D:
>Y7.M046_58
1	375	+	1	1.294882	I:	D:
395	1006	+	2	1.334138	I:	D:
1012	2022	+	1	1.322904	I:	D:
2085	3350	+	3	1.306828	I:	D:
3387	4610	+	3	1.320304	I:	D:
4630	6717	+	1	1.334854	I:	D:
6689	7513	+	2	1.325549	I:	D:
7526	8878	-	2	1.312066	I:	D:
9101	9493	-	2	1.340576	I:	D:
9531	10157	+	3	1.317647	I:	D:
10230	10901	+	3	1.312230	I:	D:
10945	11478	-	1	1.325048	I:	D:
>Y7.M046_59
1	1134	-	1	1.314658	I:	D:
1306	2001	-	1	1.326059	I:	D:
2258	2707	+	2	1.307834	I:	D:
2908	5250	+	1	1.323657	I:	D:
5475	7196	+	3	1.321415	I:	D:
7201	8655	-	1	1.309563	I:	D:
8763	9713	-	3	1.313132	I:	D:
10055	11251	+	2	1.333139	I:	D:
>Y7.M046_60
1	2418	+	1	1.295243	I:	D:
2432	3982	+	2	1.293034	I:	D:
4006	4512	+	1	1.372917	I:	D:
4553	4768	-	2	1.354558	I:	D:
4862	5845	-	2	1.309391	I:	D:
5913	7625	-	3	1.307099	I:	D:
7866	8714	-	3	1.315803	I:	D:
9127	11094	+	1	1.322877	I:	D:
>Y7.M046_61
3	686	+	3	1.315771	I:	D:
722	940	-	2	1.368057	I:	D:
968	1501	-	2	1.303628	I:	D:
1498	2949	-	1	1.329365	I:	D:
3438	3605	-	3	1.325578	I:	D:
3902	4093	+	2	1.317682	I:	D:
4299	6617	-	3	1.310098	I:	D:
6753	6953	+	3	1.375461	I:	D:
7345	8691	-	1	1.323251	I:	D:
8720	9556	-	2	1.310503	I:	D:
9625	10803	-	1	1.299012	I:	D:
>Y7.M046_62
3	374	+	3	1.273061	I:	D:
399	2699	+	3	1.322805	I:	D:
2882	4675	+	2	1.289635	I:	D:
4672	5589	+	1	1.308730	I:	D:
5645	6448	+	2	1.319348	I:	D:
6463	7362	+	1	1.280691	I:	D:
7416	8213	+	3	1.324056	I:	D:
8261	9025	+	2	1.298573	I:	D:
9047	9466	+	2	1.305148	I:	D:
9477	10544	+	3	1.305765	I:	D:
>Y7.M046_63
383	799	-	2	1.289689	I:	D:
1185	2357	+	3	1.293337	I:	D:
2519	3706	+	2	1.296111	I:	D:
3818	8014	-	2	1.308581	I:	D:
8434	9036	-	1	1.300998	I:	D:
9154	10128	+	1	1.308104	I:	D:
10125	10526	+	3	1.301048	I:	D:
>Y7.M046_64
2	2080	+	2	1.310190	I:	D:
2010	2915	+	3	1.338164	I:	D:
2961	3587	-	3	1.314677	I:	D:
3598	4056	-	1	1.345549	I:	D:
4145	5500	-	2	1.311679	I:	D:
5573	5902	-	2	1.297111	I:	D:
5952	6227	+	3	1.370684	I:	D:
6418	7260	-	1	1.328422	I:	D:
7257	7994	-	3	1.333381	I:	D:
8073	8480	-	3	1.342441	I:	D:
8492	8881	-	2	1.303882	I:	D:
8910	10526	-	3	1.298110	I:	D:
>Y7.M046_65
3	560	-	3	1.312586	I:	D:
551	871	+	2	1.340881	I:	D:
1132	1434	-	1	1.303097	I:	D:
1452	1640	+	3	1.404719	I:	D:
1767	2102	-	3	1.323199	I:	D:
2102	2368	-	2	1.326129	I:	D:
2438	2767	-	2	1.339796	I:	D:
2716	2952	+	1	1.337126	I:	D:
2961	5342	+	3	1.307790	I:	D:
5374	6123	+	1	1.303109	I:	D:
6190	6939	+	1	1.305470	I:	D:
7036	7383	-	1	1.338967	I:	D:
7491	7748	-	3	1.375602	I:	D:
7816	8205	-	1	1.320541	I:	D:
8380	8604	-	1	1.321260	I:	D:
9430	9558	-	1	1.313750	I:	D:
8461	10398	+	1	1.305006	I:	D:
>Y7.M046_66
1	312	-	1	1.357037	I:	D:
571	951	-	1	1.349314	I:	D:
1119	1862	+	3	1.315457	I:	D:
1870	2427	-	1	1.324467	I:	D:
2478	3377	+	3	1.321410	I:	D:
3394	3807	+	1	1.274709	I:	D:
4024	4437	+	1	1.297892	I:	D:
4684	5124	+	1	1.309692	I:	D:
5114	6292	+	2	1.305395	I:	D:
6410	7108	+	2	1.305154	I:	D:
7105	7602	+	1	1.307815	I:	D:
7613	8527	+	2	1.319843	I:	D:
8590	9171	-	1	1.337290	I:	D:
9324	9737	-	3	1.272280	I:	D:
9739	10227	-	1	1.314612	I:	D:
10259	10402	+	2	1.357566	I:	D:
>Y7.M046_67
2	1198	-	2	1.295828	I:	D:
1468	2436	-	1	1.322543	I:	D:
2779	3015	+	1	1.330724	I:	D:
3039	3206	+	3	1.318346	I:	D:
3279	4451	-	3	1.297527	I:	D:
4581	4787	-	3	1.324372	I:	D:
4832	5047	-	2	1.324838	I:	D:
5238	5747	+	3	1.332945	I:	D:
5874	6728	+	3	1.294444	I:	D:
7009	7719	+	1	1.315958	I:	D:
8013	8234	-	3	1.342750	I:	D:
8233	8781	+	1	1.309056	I:	D:
8944	9300	-	1	1.311735	I:	D:
9437	10288	-	2	1.311080	I:	D:
>Y7.M046_68
2	253	+	2	1.311699	I:	D:
333	656	+	3	1.337240	I:	D:
784	1296	-	1	1.331425	I:	D:
1846	2463	-	1	1.321299	I:	D:
2765	3049	+	2	1.362979	I:	D:
3274	4923	-	1	1.332968	I:	D:
4971	5147	+	3	1.329607	I:	D:
5244	5408	+	3	1.364589	I:	D:
5688	6989	+	3	1.329238	I:	D:
6989	7516	+	2	1.311243	I:	D:
7779	7925	+	3	1.335090	I:	D:
8456	8695	+	2	1.333777	I:	D:
8708	9181	+	2	1.350519	I:	D:
9409	9648	-	1	1.349884	I:	D:
9922	10284	+	1	1.328424	I:	D:
>Y7.M046_69
116	463	-	2	1.349718	I:	D:
829	2937	-	1	1.299565	I:	D:
2704	2871	+	1	1.350823	I:	D:
3232	3750	-	1	1.278585	I:	D:
3747	4931	-	3	1.265520	I:	D:
5019	6404	-	3	1.285051	I:	D:
6454	6795	-	1	1.299522	I:	D:
6877	7122	-	1	1.319481	I:	D:
7331	8365	+	2	1.296655	I:	D:
8478	9509	+	3	1.286063	I:	D:
9511	10092	+	1	1.306524	I:	D:
>Y7.M046_70
3	383	-	3	1.303812	I:	D:
441	1172	-	3	1.270685	I:	D:
1397	2386	+	2	1.312431	I:	D:
2400	3320	-	3	1.303827	I:	D:
3451	4125	+	1	1.329264	I:	D:
4191	4553	-	3	1.345798	I:	D:
4686	5474	+	3	1.331613	I:	D:
5496	5657	+	3	1.370978	I:	D:
5703	7118	+	3	1.307003	I:	D:
7212	8282	+	3	1.331605	I:	D:
8316	9809	+	3	1.321990	I:	D:
>Y7.M046_71
67	1362	+	1	1.303574	I:	D:
1567	1854	+	1	1.324674	I:	D:
2720	2848	+	2	1.315079	I:	D:
2849	3376	+	2	1.349938	I:	D:
3411	5774	+	3	1.317688	I:	D:
5812	5967	+	1	1.344935	I:	D:
6308	9745	+	2	1.305378	I:	D:
>Y7.M046_72
3	629	-	3	1.346149	I:	D:
742	2001	+	1	1.322222	I:	D:
2064	3317	-	3	1.298812	I:	D:
3480	4667	+	3	1.321339	I:	D:
4707	6077	+	3	1.305126	I:	D:
6123	6680	-	3	1.318915	I:	D:
6740	7261	-	2	1.344527	I:	D:
7456	7959	-	1	1.310938	I:	D:
8073	9395	-	3	1.332944	I:	D:
9382	9684	-	1	1.283405	I:	D:
>Y7.M046_73
3	458	-	3	1.290829	I:	D:
615	989	-	3	1.339327	I:	D:
1178	1399	+	2	1.322274	I:	D:
1429	1713	+	1	1.289559	I:	D:
1751	2203	+	2	1.279440	I:	D:
2253	3119	+	3	1.349187	I:	D:
3368	3511	-	2	1.337066	I:	D:
3556	4014	-	1	1.291986	I:	D:
4128	5438	-	3	1.287442	I:	D:
5464	6750	-	1	1.309368	I:	D:
6963	7355	+	3	1.310194	I:	D:
7440	7916	+	3	1.304662	I:	D:
8040	9662	+	3	1.310052	I:	D:
>Y7.M046_74
2	1060	-	2	1.352831	I:	D:
1303	1779	-	1	1.299311	I:	D:
1862	2014	+	2	1.358313	I:	D:
2046	4745	+	3	1.319632	I:	D:
5048	7027	-	2	1.320922	I:	D:
7339	8355	+	1	1.319738	I:	D:
8355	8564	+	3	1.273863	I:	D:
8637	8882	+	3	1.316530	I:	D:
8879	9484	+	2	1.315848	I:	D:
9506	9643	+	2	1.281110	I:	D:
>Y7.M046_75
2	3004	+	2	1.325719	I:	D:
3091	4095	-	1	1.340449	I:	D:
4170	5480	-	3	1.304937	I:	D:
5708	6505	-	2	1.305686	I:	D:
6608	7384	-	2	1.332797	I:	D:
7733	8383	+	2	1.253286	I:	D:
8786	9340	+	2	1.322460	I:	D:
>Y7.M046_76
2	562	+	2	1.311800	I:	D:
719	928	+	2	1.303032	I:	D:
944	1657	-	2	1.325326	I:	D:
1701	2564	-	3	1.320515	I:	D:
2866	4476	+	1	1.357349	I:	D:
4960	5622	-	1	1.355631	I:	D:
6023	7936	+	2	1.313087	I:	D:
7942	9492	-	1	1.328877	I:	D:
>Y7.M046_77
2	2671	-	2	1.289713	I:	D:
2737	2898	-	1	1.347931	I:	D:
2952	3110	-	3	1.344914	I:	D:
3222	4241	+	3	1.313469	I:	D:
4305	4964	+	3	1.286952	I:	D:
4997	5944	+	2	1.299016	I:	D:
6092	6559	+	2	1.340396	I:	D:
6589	7299	+	1	1.330676	I:	D:
7607	8545	+	2	1.316711	I:	D:
8676	9452	+	3	1.298912	I:	D:
>Y7.M046_78
2	370	-	2	1.310405	I:	D:
441	2108	-	3	1.298556	I:	D:
2364	4214	+	3	1.316479	I:	D:
4431	6851	+	3	1.334310	I:	D:
6960	7742	-	3	1.336892	I:	D:
7856	8740	-	2	1.313687	I:	D:
8849	9232	+	2	1.321150	I:	D:
9253	9432	+	1	1.328279	I:	D:
>Y7.M046_79
1	1080	-	1	1.330784	I:	D:
1096	1545	-	1	1.308870	I:	D:
1563	1844	+	3	1.346742	I:	D:
2061	2264	-	3	1.323750	I:	D:
2422	2610	+	1	1.328763	I:	D:
2818	4041	+	1	1.337987	I:	D:
4187	5050	-	2	1.289173	I:	D:
5377	8070	+	1	1.310620	I:	D:
8134	9384	+	1	1.314547	I:	D:
>Y7.M046_80
203	787	-	2	1.290855	I:	D:
918	1772	-	3	1.284600	I:	D:
1933	2766	-	1	1.306859	I:	D:
2966	4210	-	2	1.302513	I:	D:
4228	5709	-	1	1.289749	I:	D:
5874	6983	-	3	1.343230	I:	D:
7195	7659	+	1	1.294810	I:	D:
7805	8158	+	2	1.309272	I:	D:
8233	8943	-	1	1.292782	I:	D:
>Y7.M046_81
19	1020	-	1	1.289004	I:	D:
1314	3647	+	3	1.317537	I:	D:
3742	4164	+	1	1.326099	I:	D:
4196	5458	+	2	1.338557	I:	D:
6037	6819	+	1	1.307245	I:	D:
6816	7568	+	3	1.314891	I:	D:
7587	8591	+	3	1.300065	I:	D:
8591	8938	+	2	1.284499	I:	D:
>Y7.M046_82
1	519	-	1	1.302398	I:	D:
726	2159	+	3	1.314412	I:	D:
2253	4598	-	3	1.314380	I:	D:
4613	5392	+	2	1.343569	I:	D:
5424	6707	-	3	1.309019	I:	D:
6901	7509	+	1	1.323629	I:	D:
7650	7853	+	3	1.285634	I:	D:
8003	8908	-	2	1.335924	I:	D:
>Y7.M046_83
1	207	-	1	1.331369	I:	D:
580	846	+	1	1.312927	I:	D:
843	2363	+	3	1.334210	I:	D:
2413	2811	+	1	1.257445	I:	D:
2991	3338	-	3	1.366171	I:	D:
3531	4682	-	3	1.327507	I:	D:
4841	5629	+	2	1.328801	I:	D:
5634	6029	+	3	1.308960	I:	D:
6053	6880	+	2	1.325433	I:	D:
6899	7375	-	2	1.329604	I:	D:
7588	8313	+	1	1.322105	I:	D:
8340	8903	-	3	1.316415	I:	D:
>Y7.M046_84
2	1120	-	2	1.289432	I:	D:
1444	2808	+	1	1.300221	I:	D:
3034	3420	+	1	1.295484	I:	D:
3636	5399	-	3	1.310325	I:	D:
5571	6176	+	3	1.342313	I:	D:
6139	6753	+	1	1.299344	I:	D:
6762	7880	-	3	1.313145	I:	D:
7898	8842	-	2	1.289512	I:	D:
>Y7.M046_85
1	132	-	1	1.371047	I:	D:
146	451	-	2	1.327873	I:	D:
454	627	+	1	1.362636	I:	D:
676	1140	-	1	1.370584	I:	D:
1153	1593	-	1	1.325418	I:	D:
1594	1725	-	1	1.288686	I:	D:
1840	2205	-	1	1.349381	I:	D:
2205	2546	-	3	1.377333	I:	D:
2577	2759	+	3	1.388806	I:	D:
2790	3878	-	3	1.365984	I:	D:
3881	4069	-	2	1.355762	I:	D:
4427	4582	-	2	1.318941	I:	D:
4586	4726	-	2	1.319767	I:	D:
4964	5452	-	2	1.350702	I:	D:
5661	6131	-	3	1.317663	I:	D:
6105	6329	+	3	1.309587	I:	D:
6355	6813	+	1	1.323128	I:	D:
6815	7120	+	2	1.367704	I:	D:
7117	7512	+	1	1.328058	I:	D:
7539	7823	-	3	1.301469	I:	D:
7827	8120	-	3	1.298193	I:	D:
8212	8799	+	1	1.355893	I:	D:
>Y7.M046_86
1	1266	-	1	1.301205	I:	D:
1324	1875	-	1	1.300252	I:	D:
2121	2345	+	3	1.371559	I:	D:
2385	2561	-	3	1.283872	I:	D:
2754	3308	-	3	1.322569	I:	D:
3424	8772	+	1	1.307421	I:	D:
>Y7.M046_87
1	1581	+	1	1.317042	I:	D:
1609	2628	-	1	1.320342	I:	D:
2665	3135	-	1	1.303816	I:	D:
3165	3428	-	3	1.264577	I:	D:
3452	3850	-	2	1.311357	I:	D:
3946	4692	+	1	1.307917	I:	D:
4754	6160	+	2	1.312660	I:	D:
6164	7585	+	2	1.298823	I:	D:
7606	8376	+	1	1.318242	I:	D:
8413	8772	-	1	1.300103	I:	D:
>Y7.M046_88
1	432	-	1	1.328856	I:	D:
449	967	-	2	1.329688	I:	D:
967	1929	-	1	1.349696	I:	D:
2161	3423	+	1	1.324324	I:	D:
3511	4932	+	1	1.326308	I:	D:
5006	5632	+	2	1.312125	I:	D:
5691	6698	+	3	1.321590	I:	D:
6715	6855	+	1	1.350707	I:	D:
6892	7020	+	1	1.367131	I:	D:
7041	7244	+	3	1.319399	I:	D:
7425	7571	+	3	1.294685	I:	D:
7819	8508	-	1	1.340647	I:	D:
8515	8721	-	1	1.348053	I:	D:
>Y7.M046_89
1	258	+	1	1.305513	I:	D:
300	692	+	3	1.293673	I:	D:
867	1100	+	3	1.321141	I:	D:
1101	3530	+	3	1.333762	I:	D:
3696	5354	+	3	1.290861	I:	D:
5351	6205	+	2	1.317265	I:	D:
6232	7515	+	1	1.279913	I:	D:
7568	7993	+	2	1.277076	I:	D:
8333	8701	-	2	1.373782	I:	D:
>Y7.M046_90
1	360	+	1	1.311107	I:	D:
426	1013	-	3	1.320945	I:	D:
1053	1364	-	3	1.296099	I:	D:
1380	1586	-	3	1.251898	I:	D:
1622	3679	-	2	1.308301	I:	D:
3882	4418	+	3	1.296819	I:	D:
4460	5791	+	2	1.296644	I:	D:
5845	6504	-	1	1.301612	I:	D:
6642	7655	-	3	1.300577	I:	D:
7730	8698	-	2	1.305111	I:	D:
>Y7.M046_91
3	227	+	3	1.318401	I:	D:
289	867	-	1	1.364301	I:	D:
867	1241	-	3	1.374155	I:	D:
1455	2717	+	3	1.333753	I:	D:
2769	2951	-	3	1.271363	I:	D:
3387	4505	+	3	1.302353	I:	D:
4604	5725	+	2	1.335178	I:	D:
5738	6352	+	2	1.310002	I:	D:
6400	7935	-	1	1.318749	I:	D:
>Y7.M046_92
3	869	-	3	1.318243	I:	D:
900	1484	-	3	1.301730	I:	D:
1776	3230	-	3	1.296456	I:	D:
3408	3863	-	3	1.309026	I:	D:
3875	4543	-	2	1.307501	I:	D:
4786	5172	+	1	1.299111	I:	D:
5280	7463	+	3	1.350002	I:	D:
7510	8385	-	1	1.336926	I:	D:
8442	8597	-	3	1.273894	I:	D:
>Y7.M046_93
3	2939	+	3	1.309970	I:	D:
3132	3548	+	3	1.366222	I:	D:
3749	3997	+	2	1.344710	I:	D:
4059	7667	+	3	1.318661	I:	D:
7696	8424	+	1	1.328261	I:	D:
>Y7.M046_94
3	401	+	3	1.308818	I:	D:
435	1478	+	3	1.317947	I:	D:
1538	2137	-	2	1.304553	I:	D:
2359	3207	+	1	1.314179	I:	D:
3287	5044	-	2	1.326668	I:	D:
5102	5839	+	2	1.320779	I:	D:
5852	6463	-	2	1.315749	I:	D:
6598	7563	+	1	1.322684	I:	D:
7607	8383	-	2	1.330792	I:	D:
>Y7.M046_95
1	279	+	1	1.336832	I:	D:
361	525	+	1	1.354784	I:	D:
530	1600	-	2	1.363861	I:	D:
518	1813	+	2	1.297378	I:	D:
1881	2114	-	3	1.303695	I:	D:
2235	3188	+	3	1.326586	I:	D:
3408	5159	-	3	1.325618	I:	D:
5211	6521	-	3	1.303759	I:	D:
6533	6808	-	2	1.281351	I:	D:
6979	7698	+	1	1.353587	I:	D:
7702	8214	+	1	1.343613	I:	D:
>Y7.M046_96
2	304	-	2	1.313458	I:	D:
437	907	-	2	1.290694	I:	D:
994	1377	-	1	1.340215	I:	D:
1667	5902	-	2	1.289125	I:	D:
5989	7977	-	1	1.282954	I:	D:
>Y7.M046_97
2	331	-	2	1.313096	I:	D:
388	1338	-	1	1.304055	I:	D:
1397	2794	-	2	1.296400	I:	D:
3209	3811	-	2	1.303204	I:	D:
4128	5663	-	3	1.282945	I:	D:
5714	6763	-	2	1.295890	I:	D:
6952	7872	-	1	1.304930	I:	D:
>Y7.M046_98
17	826	-	2	1.304875	I:	D:
1265	1732	+	2	1.293220	I:	D:
1807	2721	-	1	1.308145	I:	D:
2804	4228	-	2	1.291071	I:	D:
4258	5658	-	1	1.271488	I:	D:
5741	7930	-	2	1.290011	I:	D:
>Y7.M046_99
303	1382	+	3	1.314643	I:	D:
1399	1995	+	1	1.323681	I:	D:
2043	2681	+	3	1.322439	I:	D:
2724	3491	+	3	1.294405	I:	D:
3519	4277	+	3	1.306906	I:	D:
4274	4669	+	2	1.318744	I:	D:
4666	5007	+	1	1.312754	I:	D:
5043	5414	+	3	1.329336	I:	D:
5462	6610	-	2	1.306616	I:	D:
6612	7394	+	3	1.319178	I:	D:
7606	7743	+	1	1.354834	I:	D:
>Y7.M046_100
3	203	-	3	1.311247	I:	D:
405	1238	-	3	1.331663	I:	D:
1315	2184	-	1	1.327403	I:	D:
2396	2965	+	2	1.314156	I:	D:
3030	3953	+	3	1.327796	I:	D:
3985	4890	-	1	1.316033	I:	D:
5210	5338	+	2	1.364141	I:	D:
5408	5644	+	2	1.321809	I:	D:
5777	6586	-	2	1.309168	I:	D:
6843	7022	+	3	1.355821	I:	D:
7285	7542	-	1	1.302146	I:	D:
>Y7.M046_101
1	435	+	1	1.314160	I:	D:
669	2303	+	3	1.325590	I:	D:
2394	3335	+	3	1.317232	I:	D:
3433	4386	-	1	1.336725	I:	D:
4439	4579	+	2	1.354326	I:	D:
4794	5819	+	3	1.315969	I:	D:
5832	7055	-	3	1.317062	I:	D:
7350	7487	+	3	1.343671	I:	D:
>Y7.M046_102
3	686	+	3	1.318896	I:	D:
712	1200	+	1	1.288761	I:	D:
1248	1718	+	3	1.326192	I:	D:
1759	2643	-	1	1.316243	I:	D:
2644	2985	-	1	1.330558	I:	D:
3118	4530	-	1	1.308143	I:	D:
4750	5682	-	1	1.329468	I:	D:
5775	7049	-	3	1.313696	I:	D:
7155	7436	-	3	1.315727	I:	D:
>Y7.M046_103
129	1508	-	3	1.308820	I:	D:
1505	2692	-	2	1.319634	I:	D:
2695	3513	-	1	1.327528	I:	D:
3518	4261	-	2	1.326826	I:	D:
4278	4838	-	3	1.280159	I:	D:
4897	5613	-	1	1.290067	I:	D:
5711	6556	-	2	1.281830	I:	D:
6646	7122	-	1	1.267834	I:	D:
>Y7.M046_104
3	1493	-	3	1.327068	I:	D:
1532	1666	-	2	1.296081	I:	D:
1869	3017	+	3	1.321677	I:	D:
3047	5524	-	2	1.327583	I:	D:
5653	7053	+	1	1.340023	I:	D:
>Y7.M046_105
3	140	+	3	1.350742	I:	D:
241	1182	+	1	1.305715	I:	D:
1195	1728	-	1	1.311996	I:	D:
1780	5106	-	1	1.314452	I:	D:
5354	5914	-	2	1.360274	I:	D:
5210	6505	+	2	1.319496	I:	D:
6553	6825	+	1	1.299503	I:	D:
6838	7038	+	1	1.297773	I:	D:
>Y7.M046_106
3	1622	+	3	1.315147	I:	D:
1806	2609	+	3	1.292944	I:	D:
2880	4277	+	3	1.307460	I:	D:
4375	5862	-	1	1.314348	I:	D:
5867	6463	+	2	1.312867	I:	D:
6506	7027	-	2	1.311550	I:	D:
>Y7.M046_107
1	480	+	1	1.323385	I:	D:
477	1778	+	3	1.323580	I:	D:
1785	4118	+	3	1.315548	I:	D:
4115	5191	+	2	1.301050	I:	D:
5202	5690	+	3	1.327970	I:	D:
5706	6341	+	3	1.302060	I:	D:
6338	6649	+	2	1.284435	I:	D:
6702	6971	+	3	1.301505	I:	D:
>Y7.M046_108
197	1036	-	2	1.291851	I:	D:
1116	1970	-	3	1.305717	I:	D:
1986	2183	-	3	1.330110	I:	D:
2284	2763	-	1	1.325755	I:	D:
2772	4859	-	3	1.288448	I:	D:
4951	6057	+	1	1.312427	I:	D:
6065	6949	-	2	1.303223	I:	D:
>Y7.M046_109
2	763	-	2	1.310965	I:	D:
932	2251	+	2	1.306476	I:	D:
2410	4035	+	1	1.299018	I:	D:
4066	4839	-	1	1.328375	I:	D:
4842	5576	-	3	1.329990	I:	D:
5573	6727	-	2	1.309106	I:	D:
6756	6947	-	3	1.339843	I:	D:
>Y7.M046_110
3	1814	+	3	1.323004	I:	D:
1826	2155	+	2	1.295179	I:	D:
2173	2769	+	1	1.348131	I:	D:
2772	3674	+	3	1.328509	I:	D:
3800	4072	+	2	1.297231	I:	D:
4152	5090	-	3	1.310978	I:	D:
5110	6258	-	1	1.340664	I:	D:
6267	6944	-	3	1.326744	I:	D:
>Y7.M046_111
2	1597	+	2	1.296236	I:	D:
1696	3201	+	1	1.307777	I:	D:
3439	6807	+	1	1.314932	I:	D:
>Y7.M046_112
2	1051	-	2	1.345420	I:	D:
1433	3559	+	2	1.335096	I:	D:
3654	5180	-	3	1.312893	I:	D:
5510	5644	-	2	1.355796	I:	D:
5695	6093	-	1	1.323237	I:	D:
6121	6735	-	1	1.331222	I:	D:
>Y7.M046_113
1	675	+	1	1.335344	I:	D:
743	1066	+	2	1.404178	I:	D:
1081	1221	+	1	1.327733	I:	D:
1222	1461	+	1	1.346727	I:	D:
1604	2830	+	2	1.345997	I:	D:
2851	3123	-	1	1.314113	I:	D:
3583	3936	+	1	1.338694	I:	D:
4030	4440	-	1	1.317173	I:	D:
4442	4879	-	2	1.345875	I:	D:
4643	4807	+	2	1.292682	I:	D:
4876	5220	-	1	1.326030	I:	D:
5513	5944	+	2	1.272723	I:	D:
6031	6723	-	1	1.323056	I:	D:
>Y7.M046_114
2	1057	-	2	1.309355	I:	D:
1111	2004	-	1	1.326058	I:	D:
2336	3358	+	2	1.321650	I:	D:
3362	4192	-	2	1.316346	I:	D:
4244	5167	+	2	1.338951	I:	D:
5192	6634	-	2	1.321765	I:	D:
>Y7.M046_115
3	1445	-	3	1.309872	I:	D:
1438	2361	-	1	1.325551	I:	D:
2372	4669	-	2	1.321470	I:	D:
4700	5119	-	2	1.318710	I:	D:
5122	5871	-	1	1.294837	I:	D:
5906	6574	-	2	1.350692	I:	D:
>Y7.M046_116
233	430	-	2	1.339850	I:	D:
660	932	+	3	1.358283	I:	D:
941	2149	+	2	1.313405	I:	D:
2186	3031	+	2	1.301509	I:	D:
3053	4180	+	2	1.307986	I:	D:
4305	5213	+	3	1.285729	I:	D:
5210	6520	+	2	1.283356	I:	D:
>Y7.M046_117
1	1833	+	1	1.297230	I:	D:
1852	3345	+	1	1.294636	I:	D:
3363	4850	+	3	1.292722	I:	D:
4963	6087	+	1	1.301354	I:	D:
6109	6408	+	1	1.295674	I:	D:
>Y7.M046_118
3	659	+	3	1.330493	I:	D:
733	1569	-	1	1.325332	I:	D:
1630	1803	-	1	1.354091	I:	D:
2290	2547	+	1	1.280253	I:	D:
2648	3670	-	2	1.348349	I:	D:
3675	5789	-	3	1.343097	I:	D:
5730	5987	+	3	1.381682	I:	D:
6133	6468	-	1	1.303200	I:	D:
>Y7.M046_119
3	659	-	3	1.327302	I:	D:
668	1477	-	2	1.345278	I:	D:
1560	2126	-	3	1.315204	I:	D:
2145	2660	-	3	1.322634	I:	D:
2653	2955	-	1	1.324594	I:	D:
3146	3337	-	2	1.327771	I:	D:
3357	3554	-	3	1.300647	I:	D:
3820	4104	+	1	1.355813	I:	D:
4157	4285	+	2	1.367667	I:	D:
4342	4578	-	1	1.334525	I:	D:
5040	5429	+	3	1.340108	I:	D:
5525	5782	-	2	1.362723	I:	D:
5791	5922	-	1	1.325919	I:	D:
6013	6459	+	1	1.342096	I:	D:
>Y7.M046_120
1	606	+	1	1.340847	I:	D:
656	1759	-	2	1.325284	I:	D:
1763	2224	-	2	1.331248	I:	D:
2233	2538	-	1	1.315159	I:	D:
2659	3069	+	1	1.304346	I:	D:
3158	3874	-	2	1.329406	I:	D:
3906	4940	-	3	1.329177	I:	D:
5035	6411	+	1	1.326437	I:	D:
>Y7.M046_121
1	1974	+	1	1.281574	I:	D:
2019	3446	-	3	1.354433	I:	D:
3579	4412	+	3	1.314269	I:	D:
4417	4914	-	1	1.306875	I:	D:
5023	5793	+	1	1.352374	I:	D:
5925	6323	-	3	1.287240	I:	D:
>Y7.M046_122
111	395	-	3	1.298727	I:	D:
543	794	-	3	1.310988	I:	D:
1244	1576	+	2	1.298559	I:	D:
1671	2432	+	3	1.323747	I:	D:
2635	4305	+	1	1.361496	I:	D:
4380	4946	+	3	1.329292	I:	D:
5150	5350	+	2	1.415213	I:	D:
5361	6266	-	3	1.329823	I:	D:
>Y7.M046_123
82	312	-	1	1.326608	I:	D:
563	967	-	2	1.319683	I:	D:
994	1752	-	1	1.330046	I:	D:
1837	2367	-	1	1.294012	I:	D:
2951	3229	+	2	1.271542	I:	D:
3305	4087	-	2	1.337931	I:	D:
4112	5290	-	2	1.322565	I:	D:
5361	6212	-	3	1.315359	I:	D:
>Y7.M046_124
3	395	-	3	1.304661	I:	D:
456	3293	-	3	1.289457	I:	D:
3504	3971	+	3	1.319922	I:	D:
3987	4922	-	3	1.315627	I:	D:
5155	6210	-	1	1.288229	I:	D:
>Y7.M046_125
1	762	+	1	1.343464	I:	D:
1071	1244	-	3	1.343501	I:	D:
1415	2185	-	2	1.326165	I:	D:
2218	2376	+	1	1.338626	I:	D:
2681	3904	+	2	1.314489	I:	D:
3973	4506	-	1	1.324253	I:	D:
4785	5288	+	3	1.301887	I:	D:
5353	6162	-	1	1.344539	I:	D:
>Y7.M046_126
1	249	+	1	1.300465	I:	D:
249	1067	+	3	1.337686	I:	D:
1057	1935	+	1	1.315744	I:	D:
1963	2562	+	1	1.343427	I:	D:
2724	3347	+	3	1.325755	I:	D:
3392	4537	+	2	1.335774	I:	D:
4550	4822	+	2	1.341452	I:	D:
4843	5538	+	1	1.323088	I:	D:
5560	6129	+	1	1.366639	I:	D:
>Y7.M046_127
31	1206	+	1	1.371870	I:	D:
1457	3439	-	2	1.282742	I:	D:
3827	5365	+	2	1.285653	I:	D:
5362	6123	+	1	1.296890	I:	D:
>Y7.M046_128
2	223	+	2	1.340282	I:	D:
315	791	+	3	1.334331	I:	D:
817	1764	+	1	1.312712	I:	D:
1842	2714	+	3	1.329235	I:	D:
2716	3030	-	1	1.335761	I:	D:
3070	3849	-	1	1.326210	I:	D:
4004	4645	+	2	1.334625	I:	D:
4658	5545	+	2	1.330256	I:	D:
5793	6083	+	3	1.295703	I:	D:
>Y7.M046_129
2	430	-	2	1.340730	I:	D:
484	924	+	1	1.345865	I:	D:
828	1325	+	3	1.315379	I:	D:
1473	2264	+	3	1.333030	I:	D:
2274	3131	+	3	1.315404	I:	D:
3144	3947	+	3	1.325304	I:	D:
3961	4956	+	1	1.333727	I:	D:
4998	5660	-	3	1.302635	I:	D:
5884	6057	+	1	1.323620	I:	D:
>Y7.M046_130
342	2021	+	3	1.323987	I:	D:
2049	3182	+	3	1.321359	I:	D:
3185	4519	-	2	1.337108	I:	D:
4726	5298	-	1	1.311393	I:	D:
5551	6051	+	1	1.301394	I:	D:
>Y7.M046_131
1	159	-	1	1.365221	I:	D:
168	1247	-	3	1.328586	I:	D:
1339	2382	+	1	1.306053	I:	D:
2531	2704	-	2	1.303635	I:	D:
2978	4234	+	2	1.315928	I:	D:
4366	4641	-	1	1.354449	I:	D:
4683	5030	+	3	1.338079	I:	D:
5301	6044	-	3	1.308093	I:	D:
>Y7.M046_132
3	2120	-	3	1.299564	I:	D:
2330	2710	-	2	1.243495	I:	D:
2788	3285	-	1	1.292099	I:	D:
3563	4258	-	2	1.300949	I:	D:
4259	4690	-	2	1.307453	I:	D:
4785	5372	-	3	1.301548	I:	D:
5372	5755	-	2	1.316721	I:	D:
>Y7.M046_133
3	386	+	3	1.301385	I:	D:
510	1856	+	3	1.271699	I:	D:
2088	2228	+	3	1.361248	I:	D:
2319	2561	+	3	1.388415	I:	D:
2765	3079	+	2	1.363873	I:	D:
3182	4099	+	2	1.345776	I:	D:
4417	4629	+	1	1.366821	I:	D:
4729	5214	+	1	1.352160	I:	D:
5337	5870	+	3	1.343402	I:	D:
>Y7.M046_134
3	416	+	3	1.311662	I:	D:
591	1145	-	3	1.279428	I:	D:
1755	2822	-	3	1.265992	I:	D:
2889	3536	-	3	1.286349	I:	D:
3792	5195	-	3	1.304242	I:	D:
5277	5990	-	3	1.303384	I:	D:
>Y7.M046_135
1	1194	-	1	1.310412	I:	D:
1313	4399	-	2	1.328258	I:	D:
4468	4932	+	1	1.310228	I:	D:
4972	5118	-	1	1.325293	I:	D:
5138	5656	+	2	1.308150	I:	D:
5782	5961	+	1	1.330038	I:	D:
>Y7.M046_136
1	693	-	1	1.292195	I:	D:
708	1220	-	3	1.296834	I:	D:
1322	2218	-	2	1.291076	I:	D:
2407	3198	-	1	1.282771	I:	D:
3253	3609	-	1	1.295075	I:	D:
4806	5519	-	3	1.304428	I:	D:
>Y7.M046_137
2	469	+	2	1.294653	I:	D:
523	969	+	1	1.318531	I:	D:
994	1806	-	1	1.340636	I:	D:
2015	3871	+	2	1.304850	I:	D:
3998	5395	+	2	1.314450	I:	D:
5444	5821	+	2	1.304335	I:	D:
>Y7.M046_138
3	320	+	3	1.298084	I:	D:
320	1105	+	2	1.306627	I:	D:
1154	2296	+	2	1.296137	I:	D:
2289	2948	+	3	1.305750	I:	D:
2983	3723	+	1	1.306584	I:	D:
3760	4584	-	1	1.316216	I:	D:
4765	5784	+	1	1.292864	I:	D:
>Y7.M046_139
3	833	-	3	1.319740	I:	D:
849	980	+	3	1.344193	I:	D:
1062	1451	-	3	1.355108	I:	D:
1387	3294	+	1	1.338339	I:	D:
3334	4365	+	1	1.334350	I:	D:
4362	5126	+	3	1.337915	I:	D:
5042	5749	+	2	1.320877	I:	D:
>Y7.M046_140
1	270	+	1	1.311654	I:	D:
282	1172	+	3	1.321425	I:	D:
1228	1953	+	1	1.357035	I:	D:
1962	2450	+	3	1.312134	I:	D:
2510	3868	+	2	1.316279	I:	D:
4141	5637	+	1	1.302393	I:	D:
>Y7.M046_141
3	1616	+	3	1.310544	I:	D:
1621	2556	-	1	1.311036	I:	D:
2576	3751	-	2	1.305821	I:	D:
3780	4091	-	3	1.346656	I:	D:
4220	4513	-	2	1.298569	I:	D:
4535	5626	-	2	1.270562	I:	D:
>Y7.M046_142
2	607	-	2	1.312157	I:	D:
658	1311	-	1	1.318594	I:	D:
1452	1625	+	3	1.324950	I:	D:
1663	2067	+	1	1.331767	I:	D:
2078	4525	+	2	1.299245	I:	D:
4598	5080	-	2	1.313863	I:	D:
5142	5612	-	3	1.305310	I:	D:
>Y7.M046_143
3	485	+	3	1.318907	I:	D:
485	1204	+	2	1.336904	I:	D:
1325	1672	-	2	1.354811	I:	D:
1659	2318	+	3	1.312617	I:	D:
2334	3872	-	3	1.327575	I:	D:
4018	5601	+	1	1.330806	I:	D:
>Y7.M046_144
1	732	-	1	1.316948	I:	D:
929	2878	-	2	1.313764	I:	D:
2882	3478	+	2	1.333310	I:	D:
3508	4491	+	1	1.336283	I:	D:
4549	5229	-	1	1.316396	I:	D:
5222	5587	-	2	1.314588	I:	D:
>Y7.M046_145
3	731	-	3	1.327908	I:	D:
808	1854	-	1	1.299390	I:	D:
2030	3034	+	2	1.363719	I:	D:
3279	3944	+	3	1.304658	I:	D:
3954	4847	+	3	1.304884	I:	D:
5024	5575	+	2	1.322044	I:	D:
>Y7.M046_146
1	348	+	1	1.321519	I:	D:
355	1068	-	1	1.297428	I:	D:
1607	1780	+	2	1.350929	I:	D:
2158	2952	-	1	1.313882	I:	D:
3009	4076	-	3	1.332090	I:	D:
4129	4752	-	1	1.312306	I:	D:
4755	5561	-	3	1.303849	I:	D:
>Y7.M046_147
126	1415	-	3	1.310032	I:	D:
1510	1716	-	1	1.356009	I:	D:
1710	1886	+	3	1.365688	I:	D:
2075	2599	-	2	1.312508	I:	D:
2610	5198	-	3	1.274443	I:	D:
5294	5530	+	2	1.347672	I:	D:
>Y7.M046_148
46	984	+	1	1.327038	I:	D:
1006	1197	-	1	1.335603	I:	D:
1199	2587	+	2	1.316378	I:	D:
2676	2978	+	3	1.374716	I:	D:
3002	4231	+	2	1.328354	I:	D:
4274	4636	+	2	1.366616	I:	D:
4707	5186	+	3	1.305283	I:	D:
5270	5518	-	2	1.314469	I:	D:
>Y7.M046_149
1	216	+	1	1.312537	I:	D:
290	1591	-	2	1.306083	I:	D:
1598	2764	-	2	1.309350	I:	D:
2829	3701	-	3	1.295529	I:	D:
3701	4960	-	2	1.303857	I:	D:
4988	5491	-	2	1.304915	I:	D:
>Y7.M046_150
2	670	-	2	1.330121	I:	D:
764	1354	-	2	1.346401	I:	D:
1408	2562	+	1	1.291823	I:	D:
2574	3362	+	3	1.280230	I:	D:
3399	4286	+	3	1.286954	I:	D:
4434	5477	+	3	1.312686	I:	D:
>Y7.M046_151
1	666	+	1	1.311945	I:	D:
843	1571	+	3	1.320778	I:	D:
1620	2600	-	3	1.290458	I:	D:
2860	5001	-	1	1.274913	I:	D:
5209	5439	-	1	1.302326	I:	D:
>Y7.M046_152
3	917	+	3	1.331826	I:	D:
997	1737	-	1	1.331351	I:	D:
1953	3764	+	3	1.324565	I:	D:
3764	5395	+	2	1.321179	I:	D:
>Y7.M046_153
3	200	-	3	1.364631	I:	D:
208	1578	-	1	1.312216	I:	D:
2016	2441	-	3	1.338050	I:	D:
2554	3165	-	1	1.312905	I:	D:
3429	5366	-	3	1.301987	I:	D:
>Y7.M046_154
1	546	+	1	1.298005	I:	D:
576	1067	+	3	1.305915	I:	D:
1130	1759	-	2	1.295222	I:	D:
1828	4158	-	1	1.297146	I:	D:
4428	5321	+	3	1.298092	I:	D:
>Y7.M046_155
1	183	+	1	1.311723	I:	D:
344	1432	+	2	1.334946	I:	D:
1433	1975	+	2	1.342825	I:	D:
2092	2988	+	1	1.346018	I:	D:
3319	3879	-	1	1.343350	I:	D:
4375	5295	-	1	1.331829	I:	D:
>Y7.M046_156
1	2778	+	1	1.329224	I:	D:
2997	3722	-	3	1.317313	I:	D:
3853	4377	-	1	1.344403	I:	D:
4444	5271	-	1	1.311160	I:	D:
>Y7.M046_157
130	390	+	1	1.325256	I:	D:
476	1390	+	2	1.320262	I:	D:
1392	2153	+	3	1.326624	I:	D:
2232	3485	+	3	1.299420	I:	D:
3482	4165	+	2	1.306522	I:	D:
4174	5256	+	1	1.305214	I:	D:
>Y7.M046_158
64	318	-	1	1.323792	I:	D:
483	755	-	3	1.312458	I:	D:
1256	1384	+	2	1.382697	I:	D:
1822	3504	+	1	1.312129	I:	D:
3519	4082	-	3	1.342324	I:	D:
4104	4832	-	3	1.338407	I:	D:
4957	5208	+	1	1.323347	I:	D:
>Y7.M046_159
490	651	-	1	1.348438	I:	D:
865	1083	-	1	1.354623	I:	D:
1177	1629	-	1	1.359392	I:	D:
1851	3122	-	3	1.324071	I:	D:
3196	4710	-	1	1.331528	I:	D:
4946	5191	+	2	1.366898	I:	D:
>Y7.M046_160
2	1060	-	2	1.307084	I:	D:
1070	1273	-	2	1.353206	I:	D:
1305	2918	+	3	1.311601	I:	D:
2995	3333	+	1	1.266637	I:	D:
3373	3510	+	1	1.376789	I:	D:
4041	4493	-	3	1.324840	I:	D:
4607	5203	-	2	1.323475	I:	D:
>Y7.M046_161
178	630	-	1	1.312298	I:	D:
794	925	-	2	1.345514	I:	D:
931	1656	-	1	1.316839	I:	D:
1658	2353	-	2	1.319726	I:	D:
2356	2547	-	1	1.306993	I:	D:
2688	3824	-	3	1.294448	I:	D:
3917	4255	-	2	1.333020	I:	D:
4273	4626	-	1	1.295791	I:	D:
4617	5033	-	3	1.281413	I:	D:
>Y7.M046_162
1	1161	+	1	1.338327	I:	D:
1268	1654	-	2	1.341502	I:	D:
1672	2472	-	1	1.328404	I:	D:
2741	3181	+	2	1.328425	I:	D:
3300	3752	+	3	1.305284	I:	D:
3834	5054	-	3	1.323432	I:	D:
>Y7.M046_163
3	1040	+	3	1.338159	I:	D:
1144	1620	+	1	1.309599	I:	D:
1689	1955	-	3	1.323197	I:	D:
1924	2052	+	1	1.329493	I:	D:
2246	3376	-	2	1.332842	I:	D:
3512	4012	-	2	1.334875	I:	D:
4036	4779	-	1	1.306871	I:	D:
4815	5045	-	3	1.295131	I:	D:
>Y7.M046_164
1	1296	+	1	1.309876	I:	D:
1445	3592	+	2	1.329048	I:	D:
3598	5037	+	1	1.331661	I:	D:
>Y7.M046_165
3	728	+	3	1.320535	I:	D:
725	1345	+	2	1.326826	I:	D:
1345	2598	+	1	1.314673	I:	D:
2736	3950	+	3	1.305865	I:	D:
3951	4733	-	3	1.324988	I:	D:
4799	4981	+	2	1.338327	I:	D:
>Y7.M046_166
180	539	+	3	1.346044	I:	D:
847	1626	+	1	1.318507	I:	D:
1680	2447	+	3	1.319974	I:	D:
2637	3239	+	3	1.321369	I:	D:
3232	4956	+	1	1.347846	I:	D:
>Y7.M046_167
1	750	-	1	1.321478	I:	D:
760	1494	-	1	1.319095	I:	D:
1510	1944	-	1	1.328415	I:	D:
1968	2459	-	3	1.340894	I:	D:
2608	4137	+	1	1.311465	I:	D:
4161	4949	+	3	1.321750	I:	D:
>Y7.M046_168
2	829	-	2	1.310692	I:	D:
835	963	+	1	1.333208	I:	D:
1390	2478	+	1	1.330686	I:	D:
2480	3685	+	2	1.331869	I:	D:
3716	4603	-	2	1.302812	I:	D:
4642	4776	-	1	1.331220	I:	D:
>Y7.M046_169
3	1241	-	3	1.290697	I:	D:
1326	2789	-	3	1.312040	I:	D:
2853	3155	-	3	1.304800	I:	D:
3340	3747	+	1	1.338664	I:	D:
3615	4367	+	3	1.274370	I:	D:
4455	4937	+	3	1.312269	I:	D:
>Y7.M046_170
2	649	-	2	1.328009	I:	D:
655	846	-	1	1.329022	I:	D:
853	1878	+	1	1.325917	I:	D:
1999	2490	+	1	1.303877	I:	D:
2558	3547	-	2	1.324293	I:	D:
3743	4855	-	2	1.312963	I:	D:
>Y7.M046_171
1	279	-	1	1.346661	I:	D:
443	1027	-	2	1.311181	I:	D:
1202	1744	+	2	1.330538	I:	D:
1792	2763	-	1	1.326680	I:	D:
3059	3769	+	2	1.345030	I:	D:
3784	4845	+	1	1.304493	I:	D:
>Y7.M046_172
1	1776	+	1	1.323459	I:	D:
1815	2414	+	3	1.318686	I:	D:
2448	2777	+	3	1.368033	I:	D:
2884	3429	-	1	1.396206	I:	D:
3710	4534	+	2	1.352199	I:	D:
>Y7.M046_173
2	4696	+	2	1.327529	I:	D:
>Y7.M046_174
3	569	-	3	1.311423	I:	D:
954	1343	+	3	1.303068	I:	D:
1344	1535	-	3	1.336231	I:	D:
1651	2268	+	1	1.298202	I:	D:
2530	2979	+	1	1.309306	I:	D:
3060	3194	+	3	1.302616	I:	D:
3318	3518	+	3	1.354010	I:	D:
3545	4420	-	2	1.312495	I:	D:
4504	4755	-	1	1.316418	I:	D:
>Y7.M046_175
418	768	-	1	1.283998	I:	D:
730	861	+	1	1.344582	I:	D:
880	1017	+	1	1.338441	I:	D:
1219	1554	+	1	1.309472	I:	D:
1729	2121	+	1	1.328543	I:	D:
2475	4397	-	3	1.307801	I:	D:
>Y7.M046_176
3	1217	-	3	1.301884	I:	D:
1431	2063	+	3	1.324536	I:	D:
2069	4648	-	2	1.316676	I:	D:
>Y7.M046_177
3	197	+	3	1.378961	I:	D:
341	868	+	2	1.319412	I:	D:
865	1527	+	1	1.330087	I:	D:
1520	2872	+	2	1.318299	I:	D:
3026	3679	+	2	1.321188	I:	D:
3676	4731	+	1	1.305786	I:	D:
>Y7.M046_178
1	225	+	1	1.312045	I:	D:
285	1082	+	3	1.302057	I:	D:
1208	2077	+	2	1.302038	I:	D:
2164	3498	+	1	1.319011	I:	D:
3503	4459	+	2	1.311670	I:	D:
4480	4662	+	1	1.304501	I:	D:
>Y7.M046_179
1	828	+	1	1.351119	I:	D:
831	1097	+	3	1.340785	I:	D:
1355	1645	+	2	1.273620	I:	D:
1710	3356	+	3	1.272422	I:	D:
3413	3913	-	2	1.322643	I:	D:
3956	4597	+	2	1.321190	I:	D:
>Y7.M046_180
1	1089	+	1	1.331045	I:	D:
1131	3260	-	3	1.319285	I:	D:
3273	3629	-	3	1.319287	I:	D:
3619	4557	-	1	1.312537	I:	D:
>Y7.M046_181
3	329	-	3	1.329536	I:	D:
448	747	+	1	1.322874	I:	D:
925	1059	-	1	1.291414	I:	D:
1132	3165	+	1	1.338563	I:	D:
3181	4068	-	1	1.320424	I:	D:
4067	4240	+	2	1.353601	I:	D:
4317	4463	+	3	1.318872	I:	D:
>Y7.M046_182
1	258	+	1	1.349578	I:	D:
455	1573	+	2	1.340036	I:	D:
1760	2344	+	2	1.323356	I:	D:
2444	3211	+	2	1.301247	I:	D:
3688	4020	+	1	1.326374	I:	D:
4148	4546	-	2	1.330223	I:	D:
>Y7.M046_183
2	298	+	2	1.295294	I:	D:
355	1257	+	1	1.338474	I:	D:
1260	1799	-	3	1.327586	I:	D:
1828	2934	+	1	1.340784	I:	D:
2977	4266	-	1	1.297129	I:	D:
>Y7.M046_184
2	1039	+	2	1.325657	I:	D:
1128	2174	-	3	1.317594	I:	D:
2284	2592	-	1	1.307128	I:	D:
2630	3193	-	2	1.310441	I:	D:
3301	3444	-	1	1.329618	I:	D:
3470	4198	-	2	1.353409	I:	D:
3362	4417	+	2	1.310118	I:	D:
>Y7.M046_185
1	603	-	1	1.305746	I:	D:
738	1361	-	3	1.307979	I:	D:
1405	2787	-	1	1.276975	I:	D:
3166	3489	+	1	1.344362	I:	D:
3602	4465	+	2	1.305855	I:	D:
>Y7.M046_186
2	571	-	2	1.307266	I:	D:
730	1203	+	1	1.332954	I:	D:
1543	1959	+	1	1.309501	I:	D:
2126	3523	-	2	1.304579	I:	D:
3691	4425	-	1	1.281530	I:	D:
>Y7.M046_187
1	579	-	1	1.326742	I:	D:
118	858	+	1	1.337616	I:	D:
1085	1822	+	2	1.342126	I:	D:
1848	2054	+	3	1.357812	I:	D:
2176	2472	+	1	1.354654	I:	D:
2905	3159	+	1	1.330594	I:	D:
3164	3421	+	2	1.330923	I:	D:
3638	4423	-	2	1.358343	I:	D:
>Y7.M046_188
21	803	-	3	1.292941	I:	D:
867	1088	-	3	1.309787	I:	D:
1085	1318	-	2	1.336128	I:	D:
1390	2457	-	1	1.341424	I:	D:
2703	3338	+	3	1.331472	I:	D:
3355	3888	+	1	1.370131	I:	D:
3953	4417	+	2	1.301345	I:	D:
>Y7.M046_189
1	1011	+	1	1.319813	I:	D:
1021	1608	+	1	1.336991	I:	D:
1652	3079	+	2	1.312928	I:	D:
3085	3603	+	1	1.334691	I:	D:
3684	4418	+	3	1.328060	I:	D:
>Y7.M046_190
2	559	-	2	1.293114	I:	D:
665	1813	-	2	1.311568	I:	D:
2012	3061	-	2	1.285591	I:	D:
3226	3891	-	1	1.316255	I:	D:
3944	4405	-	2	1.311135	I:	D:
>Y7.M046_191
3	230	-	3	1.371701	I:	D:
241	657	-	1	1.385910	I:	D:
758	1456	-	2	1.283222	I:	D:
1827	2939	+	3	1.316844	I:	D:
2944	3600	+	1	1.326177	I:	D:
3597	4334	+	3	1.285681	I:	D:
>Y7.M046_192
2	1189	+	2	1.325575	I:	D:
1318	2358	+	1	1.312164	I:	D:
2383	3840	-	1	1.327367	I:	D:
3983	4327	-	2	1.313157	I:	D:
>Y7.M046_193
2	232	+	2	1.299591	I:	D:
261	1682	+	3	1.320631	I:	D:
1795	2199	+	1	1.302756	I:	D:
2478	3761	+	3	1.317353	I:	D:
3962	4315	-	2	1.331681	I:	D:
>Y7.M046_194
101	1729	+	2	1.326257	I:	D:
1741	1992	+	1	1.303691	I:	D:
2014	3324	+	1	1.326025	I:	D:
3337	3675	+	1	1.310169	I:	D:
3894	4313	+	3	1.301342	I:	D:
>Y7.M046_195
2	217	-	2	1.302891	I:	D:
405	1202	-	3	1.322659	I:	D:
1263	3317	-	3	1.298988	I:	D:
1471	1818	+	1	1.385807	I:	D:
2022	3278	+	3	1.354129	I:	D:
3291	3542	+	3	1.353657	I:	D:
3675	3824	+	3	1.347236	I:	D:
>Y7.M046_196
162	581	+	3	1.346149	I:	D:
785	1126	+	2	1.359735	I:	D:
1129	1290	-	1	1.339518	I:	D:
1313	1516	-	2	1.337830	I:	D:
1590	1793	+	3	1.344347	I:	D:
1819	2016	+	1	1.354816	I:	D:
2106	3524	+	3	1.347106	I:	D:
3484	3690	+	1	1.330145	I:	D:
3791	4063	+	2	1.391605	I:	D:
4128	4271	+	3	1.314016	I:	D:
>Y7.M046_197
3	236	+	3	1.367947	I:	D:
271	1176	+	1	1.315279	I:	D:
1323	1826	+	3	1.336972	I:	D:
1831	2010	+	1	1.330342	I:	D:
2112	3194	+	3	1.332625	I:	D:
3246	3728	-	3	1.325097	I:	D:
3736	4251	-	1	1.303769	I:	D:
>Y7.M046_198
2	1480	-	2	1.306058	I:	D:
1557	2570	+	3	1.314332	I:	D:
2638	4236	+	1	1.300355	I:	D:
>Y7.M046_199
1	360	-	1	1.346073	I:	D:
484	1194	-	1	1.325506	I:	D:
1230	1898	+	3	1.326719	I:	D:
1899	2057	+	3	1.347955	I:	D:
2065	2238	-	1	1.339439	I:	D:
2614	3597	+	1	1.325256	I:	D:
3602	3916	-	2	1.391424	I:	D:
3858	4208	+	3	1.324817	I:	D:
>Y7.M046_200
1	681	+	1	1.291628	I:	D:
724	1146	-	1	1.329294	I:	D:
1240	1734	-	1	1.304924	I:	D:
1803	2429	-	3	1.315625	I:	D:
2465	2815	+	2	1.374738	I:	D:
2833	3492	+	1	1.285786	I:	D:
3636	4202	+	3	1.324452	I:	D:
>Y7.M046_201
2	352	+	2	1.287800	I:	D:
355	1140	+	1	1.339411	I:	D:
1251	1994	+	3	1.312104	I:	D:
2014	2598	+	1	1.335048	I:	D:
2595	3800	+	3	1.334495	I:	D:
>Y7.M046_202
146	811	-	2	1.316447	I:	D:
1093	2307	-	1	1.313557	I:	D:
2442	4187	+	3	1.321896	I:	D:
>Y7.M046_203
1	201	+	1	1.321045	I:	D:
209	595	+	2	1.310571	I:	D:
616	1959	+	1	1.323330	I:	D:
1956	2642	+	3	1.310939	I:	D:
2670	3722	+	3	1.303104	I:	D:
3703	4173	+	1	1.298242	I:	D:
>Y7.M046_204
44	907	-	2	1.295246	I:	D:
925	2139	-	1	1.300417	I:	D:
2354	3964	-	2	1.320792	I:	D:
>Y7.M046_205
1	720	-	1	1.315848	I:	D:
720	1271	-	3	1.295054	I:	D:
1268	2710	-	2	1.324485	I:	D:
2744	3073	-	2	1.291843	I:	D:
3144	4130	-	3	1.296878	I:	D:
>Y7.M046_206
1	2676	+	1	1.305973	I:	D:
2765	3565	+	2	1.309865	I:	D:
3858	4127	+	3	1.320199	I:	D:
>Y7.M046_207
1	1128	-	1	1.283634	I:	D:
1167	2099	-	3	1.257916	I:	D:
2228	2365	+	2	1.369273	I:	D:
2394	2828	-	3	1.330883	I:	D:
3237	3728	-	3	1.282787	I:	D:
3807	4091	-	3	1.290926	I:	D:
>Y7.M046_208
263	634	+	2	1.340969	I:	D:
673	1512	+	1	1.318110	I:	D:
1521	2582	+	3	1.324608	I:	D:
2601	3188	-	3	1.351109	I:	D:
3329	3805	-	2	1.329618	I:	D:
3863	4081	-	2	1.354177	I:	D:
>Y7.M046_209
3	1169	+	3	1.329050	I:	D:
1176	1868	+	3	1.326679	I:	D:
1908	3230	-	3	1.320850	I:	D:
3474	4064	+	3	1.329994	I:	D:
>Y7.M046_210
1	3267	+	1	1.310985	I:	D:
3277	3873	-	1	1.343225	I:	D:
3906	4052	+	3	1.324842	I:	D:
>Y7.M046_211
2	214	+	2	1.345837	I:	D:
353	1285	-	2	1.299563	I:	D:
1531	4023	-	1	1.317610	I:	D:
>Y7.M046_212
1	1425	+	1	1.311182	I:	D:
1418	2869	+	2	1.299704	I:	D:
3229	3555	+	1	1.310335	I:	D:
3666	4016	+	3	1.296456	I:	D:
>Y7.M046_213
3	239	-	3	1.325357	I:	D:
275	484	+	2	1.338897	I:	D:
584	739	+	2	1.294125	I:	D:
763	1140	+	1	1.373426	I:	D:
1429	3108	+	1	1.317581	I:	D:
3141	3896	+	3	1.340549	I:	D:
>Y7.M046_214
3	1694	-	3	1.325908	I:	D:
1700	1858	+	2	1.334398	I:	D:
1921	2367	+	1	1.327305	I:	D:
2438	3073	+	2	1.346354	I:	D:
3078	3743	+	3	1.328281	I:	D:
3809	3994	+	2	1.350185	I:	D:
>Y7.M046_215
2	469	+	2	1.336410	I:	D:
587	1273	+	2	1.311585	I:	D:
1302	1985	-	3	1.310758	I:	D:
2456	2614	-	2	1.317308	I:	D:
2165	3124	+	2	1.288701	I:	D:
3134	3964	+	2	1.298128	I:	D:
>Y7.M046_216
3	869	-	3	1.307788	I:	D:
978	1643	-	3	1.319219	I:	D:
1675	2355	-	1	1.311244	I:	D:
2488	2862	+	1	1.346409	I:	D:
2994	3956	+	3	1.329278	I:	D:
>Y7.M046_217
3	590	+	3	1.335916	I:	D:
832	1842	+	1	1.343109	I:	D:
1862	2557	-	2	1.325618	I:	D:
2647	2913	+	1	1.329890	I:	D:
3023	3955	-	2	1.309678	I:	D:
>Y7.M046_218
3	416	-	3	1.329663	I:	D:
426	1235	-	3	1.321397	I:	D:
1719	2192	-	3	1.341941	I:	D:
2282	3397	-	2	1.328096	I:	D:
3513	3908	+	3	1.355547	I:	D:
>Y7.M046_219
3	179	+	3	1.337209	I:	D:
470	799	+	2	1.321495	I:	D:
877	2130	-	1	1.318283	I:	D:
2466	3854	+	3	1.314935	I:	D:
>Y7.M046_220
57	584	-	3	1.316138	I:	D:
581	1213	-	2	1.317393	I:	D:
1249	1398	+	1	1.338671	I:	D:
1435	1812	+	1	1.331587	I:	D:
1928	3901	+	2	1.275774	I:	D:
>Y7.M046_221
2	529	-	2	1.308374	I:	D:
535	1143	-	1	1.316643	I:	D:
1151	2866	-	2	1.312813	I:	D:
3039	3584	-	3	1.314751	I:	D:
>Y7.M046_222
1	975	-	1	1.289300	I:	D:
1092	1553	+	3	1.305123	I:	D:
1585	2865	+	1	1.297382	I:	D:
2966	3439	+	2	1.310487	I:	D:
3525	3767	-	3	1.328472	I:	D:
>Y7.M046_223
124	963	-	1	1.347486	I:	D:
944	1663	-	2	1.334841	I:	D:
1740	2768	-	3	1.313367	I:	D:
2781	3086	-	3	1.381465	I:	D:
3124	3264	+	1	1.323643	I:	D:
3307	3483	+	1	1.344637	I:	D:
3534	3770	+	3	1.319190	I:	D:
>Y7.M046_224
3	449	-	3	1.330355	I:	D:
524	1972	-	2	1.309977	I:	D:
2118	2612	-	3	1.291453	I:	D:
2674	3255	-	1	1.322067	I:	D:
3228	3812	-	3	1.336355	I:	D:
>Y7.M046_225
2	1735	-	2	1.290434	I:	D:
1986	2258	-	3	1.298034	I:	D:
2334	2492	+	3	1.352073	I:	D:
2903	3865	-	2	1.314492	I:	D:
>Y7.M046_226
1	150	+	1	1.359527	I:	D:
402	761	-	3	1.325298	I:	D:
990	1340	-	3	1.310376	I:	D:
1408	2880	-	1	1.341780	I:	D:
2895	3638	-	3	1.308894	I:	D:
3638	3853	-	2	1.327613	I:	D:
>Y7.M046_227
45	296	-	3	1.297789	I:	D:
1037	2092	-	2	1.336455	I:	D:
2091	2285	+	3	1.363354	I:	D:
2336	3250	+	2	1.323902	I:	D:
3549	3839	+	3	1.315149	I:	D:
>Y7.M046_228
2	982	+	2	1.320671	I:	D:
979	1965	+	1	1.302740	I:	D:
2006	2938	+	2	1.297256	I:	D:
2935	3690	+	1	1.285667	I:	D:
>Y7.M046_229
90	1391	+	3	1.336556	I:	D:
1424	2884	+	2	1.330562	I:	D:
3101	3826	+	2	1.324138	I:	D:
>Y7.M046_230
3	170	+	3	1.355073	I:	D:
268	672	+	1	1.345198	I:	D:
933	1328	-	3	1.366693	I:	D:
1487	2104	-	2	1.320504	I:	D:
2112	3035	-	3	1.317011	I:	D:
3050	3472	-	2	1.337438	I:	D:
3469	3804	-	1	1.324268	I:	D:
>Y7.M046_231
132	548	+	3	1.322926	I:	D:
617	1303	+	2	1.310128	I:	D:
1311	1754	+	3	1.323408	I:	D:
1774	2706	+	1	1.315884	I:	D:
2715	3761	+	3	1.316488	I:	D:
>Y7.M046_232
130	663	+	1	1.327620	I:	D:
666	1448	+	3	1.321640	I:	D:
1536	2144	-	3	1.313231	I:	D:
2143	2661	+	1	1.334681	I:	D:
2781	3467	-	3	1.334670	I:	D:
3536	3751	-	2	1.312647	I:	D:
>Y7.M046_233
1	2601	+	1	1.316574	I:	D:
2639	3736	+	2	1.307921	I:	D:
>Y7.M046_234
3	167	+	3	1.342618	I:	D:
317	1726	+	2	1.317317	I:	D:
1788	3668	+	3	1.300750	I:	D:
>Y7.M046_235
1	351	+	1	1.321005	I:	D:
611	1690	+	2	1.322693	I:	D:
2014	3081	+	1	1.324999	I:	D:
>Y7.M046_236
1	732	+	1	1.336210	I:	D:
791	2320	-	2	1.328163	I:	D:
2306	2602	+	2	1.361113	I:	D:
2680	3615	+	1	1.312367	I:	D:
>Y7.M046_237
375	1031	+	3	1.301718	I:	D:
1034	1453	-	2	1.349472	I:	D:
1653	1826	+	3	1.390117	I:	D:
1943	2626	-	2	1.346434	I:	D:
2589	3296	+	3	1.296103	I:	D:
3524	3676	+	2	1.313724	I:	D:
>Y7.M046_238
169	363	-	1	1.322071	I:	D:
705	923	+	3	1.345046	I:	D:
966	1286	+	3	1.296339	I:	D:
1324	3666	+	1	1.332538	I:	D:
>Y7.M046_239
111	1238	-	3	1.349368	I:	D:
1464	1625	-	3	1.264811	I:	D:
1494	2018	+	3	1.329010	I:	D:
2400	3665	+	3	1.354193	I:	D:
>Y7.M046_240
3	1478	+	3	1.286025	I:	D:
1496	2143	+	2	1.311934	I:	D:
2182	3657	+	1	1.311120	I:	D:
>Y7.M046_241
12	242	-	3	1.328163	I:	D:
380	1738	+	2	1.313520	I:	D:
1798	3642	-	1	1.313491	I:	D:
>Y7.M046_242
1	357	-	1	1.325650	I:	D:
548	1354	-	2	1.304226	I:	D:
1351	2601	-	1	1.325925	I:	D:
2711	3139	+	2	1.326949	I:	D:
3209	3634	-	2	1.341095	I:	D:
>Y7.M046_243
1	651	+	1	1.337345	I:	D:
653	1123	+	2	1.320331	I:	D:
1196	2335	-	2	1.320932	I:	D:
2513	3631	-	2	1.271213	I:	D:
>Y7.M046_244
1	1200	+	1	1.306555	I:	D:
1673	3622	+	2	1.313288	I:	D:
>Y7.M046_245
2	313	-	2	1.349186	I:	D:
471	1001	+	3	1.317723	I:	D:
1220	1402	-	2	1.292101	I:	D:
1452	2030	-	3	1.349468	I:	D:
2097	2516	+	3	1.355269	I:	D:
2603	3391	+	2	1.297471	I:	D:
3418	3612	+	1	1.336778	I:	D:
>Y7.M046_246
1	201	-	1	1.320920	I:	D:
297	1298	+	3	1.319368	I:	D:
1384	2181	-	1	1.308854	I:	D:
2431	3609	+	1	1.302392	I:	D:
>Y7.M046_247
2	181	+	2	1.347754	I:	D:
385	1359	+	1	1.333556	I:	D:
1375	1527	+	1	1.316053	I:	D:
1551	2258	-	3	1.326702	I:	D:
2381	2653	-	2	1.321062	I:	D:
2978	3589	+	2	1.332398	I:	D:
>Y7.M046_248
3	608	-	3	1.301203	I:	D:
633	1121	-	3	1.281230	I:	D:
1224	1439	+	3	1.382378	I:	D:
1541	2806	+	2	1.297559	I:	D:
2807	3451	+	2	1.321409	I:	D:
3456	3587	-	3	1.323070	I:	D:
>Y7.M046_249
1	237	+	1	1.275906	I:	D:
273	1559	+	3	1.299312	I:	D:
1648	2301	+	1	1.336149	I:	D:
2302	2784	+	1	1.290391	I:	D:
2790	3260	+	3	1.313527	I:	D:
3263	3547	+	2	1.324882	I:	D:
>Y7.M046_250
3	842	-	3	1.337340	I:	D:
848	979	+	2	1.318406	I:	D:
1178	1438	+	2	1.379396	I:	D:
1435	1851	+	1	1.322940	I:	D:
1857	3374	-	3	1.309798	I:	D:
>Y7.M046_251
136	2034	-	1	1.274186	I:	D:
2271	2675	+	3	1.375941	I:	D:
2779	3504	-	1	1.312557	I:	D:
>Y7.M046_252
1	183	-	1	1.337046	I:	D:
577	801	-	1	1.323798	I:	D:
794	1075	-	2	1.257719	I:	D:
1095	1244	+	3	1.308928	I:	D:
1607	2002	-	2	1.328426	I:	D:
2154	2657	-	3	1.358739	I:	D:
2854	3069	+	1	1.380481	I:	D:
3290	3490	-	2	1.379983	I:	D:
>Y7.M046_253
1	192	+	1	1.310771	I:	D:
353	1525	+	2	1.337088	I:	D:
1771	2427	-	1	1.309678	I:	D:
2424	3086	-	3	1.332757	I:	D:
3293	3475	+	2	1.335297	I:	D:
>Y7.M046_254
74	2587	-	2	1.320893	I:	D:
2580	3452	-	3	1.325166	I:	D:
>Y7.M046_255
157	408	-	1	1.344452	I:	D:
431	880	-	2	1.307870	I:	D:
947	1744	+	2	1.311840	I:	D:
1804	2127	-	1	1.315167	I:	D:
2054	3448	+	2	1.337655	I:	D:
>Y7.M046_256
1	639	-	1	1.291894	I:	D:
639	3425	-	3	1.286764	I:	D:
>Y7.M046_257
1	861	+	1	1.325750	I:	D:
882	1628	+	3	1.330915	I:	D:
1655	2191	-	2	1.303637	I:	D:
2194	3084	-	1	1.300629	I:	D:
3068	3409	-	2	1.309930	I:	D:
>Y7.M046_258
3	623	+	3	1.285592	I:	D:
628	1566	+	1	1.294227	I:	D:
1608	2156	-	3	1.348281	I:	D:
2391	3374	+	3	1.319800	I:	D:
>Y7.M046_259
3	350	+	3	1.301801	I:	D:
372	1979	-	3	1.319446	I:	D:
2174	2458	-	2	1.333023	I:	D:
2716	2859	+	1	1.359638	I:	D:
3012	3179	+	3	1.314250	I:	D:
3205	3330	+	1	1.370834	I:	D:
>Y7.M046_260
2	547	+	2	1.347548	I:	D:
612	1283	+	3	1.333667	I:	D:
1294	1797	-	1	1.309941	I:	D:
2105	2455	+	2	1.352017	I:	D:
2748	2924	+	3	1.380173	I:	D:
3078	3323	+	3	1.332162	I:	D:
>Y7.M046_261
258	1235	+	3	1.308516	I:	D:
1362	1676	-	3	1.321748	I:	D:
1954	2550	-	1	1.364342	I:	D:
2850	3305	+	3	1.352164	I:	D:
>Y7.M046_262
3	893	+	3	1.333417	I:	D:
1040	2044	+	2	1.316474	I:	D:
2227	2676	+	1	1.317470	I:	D:
2863	3294	+	1	1.317264	I:	D:
>Y7.M046_263
277	1185	+	1	1.307373	I:	D:
1247	2116	-	2	1.330590	I:	D:
2333	3271	+	2	1.333729	I:	D:
>Y7.M046_264
2	2899	-	2	1.280554	I:	D:
3027	3254	+	3	1.311056	I:	D:
>Y7.M046_265
1	690	+	1	1.322352	I:	D:
808	1764	+	1	1.327777	I:	D:
1857	2906	-	3	1.300686	I:	D:
>Y7.M046_266
470	1258	+	2	1.325862	I:	D:
1311	1643	-	3	1.319607	I:	D:
1653	1892	+	3	1.352818	I:	D:
1905	2183	-	3	1.311102	I:	D:
2234	2482	+	2	1.333200	I:	D:
2645	3244	-	2	1.331405	I:	D:
>Y7.M046_267
1	399	+	1	1.320595	I:	D:
396	1172	+	3	1.318004	I:	D:
1258	1713	+	1	1.305520	I:	D:
1725	2702	+	3	1.313787	I:	D:
2737	3201	+	1	1.300938	I:	D:
>Y7.M046_268
2	208	+	2	1.347851	I:	D:
442	987	+	1	1.312283	I:	D:
984	1286	+	3	1.314152	I:	D:
1291	1911	-	1	1.335334	I:	D:
1925	2491	+	2	1.319549	I:	D:
2500	2748	+	1	1.359869	I:	D:
2897	3172	+	2	1.304648	I:	D:
>Y7.M046_269
3	209	+	3	1.310078	I:	D:
209	559	+	2	1.334002	I:	D:
649	1665	-	1	1.281791	I:	D:
1704	2195	-	3	1.267856	I:	D:
2197	3168	-	1	1.299454	I:	D:
>Y7.M046_270
1	846	-	1	1.322994	I:	D:
1156	2424	+	1	1.317124	I:	D:
2448	3167	-	3	1.288152	I:	D:
>Y7.M046_271
1	783	+	1	1.294167	I:	D:
926	1096	-	2	1.338201	I:	D:
1306	3150	+	1	1.309765	I:	D:
>Y7.M046_272
2	1072	-	2	1.302178	I:	D:
1073	3148	-	2	1.293725	I:	D:
>Y7.M046_273
197	1072	+	2	1.327543	I:	D:
1146	2039	+	3	1.323052	I:	D:
2061	2810	-	3	1.330885	I:	D:
2843	3142	+	2	1.328350	I:	D:
>Y7.M046_274
2	2257	-	2	1.309409	I:	D:
2304	2771	+	3	1.287652	I:	D:
2828	3142	+	2	1.281124	I:	D:
>Y7.M046_275
2	1930	-	2	1.314149	I:	D:
2149	3135	+	1	1.331515	I:	D:
>Y7.M046_276
2	1270	-	2	1.325032	I:	D:
1547	1864	+	2	1.269142	I:	D:
1885	2814	+	1	1.316256	I:	D:
2811	3110	+	3	1.321306	I:	D:
>Y7.M046_277
1	204	+	1	1.351571	I:	D:
230	1075	+	2	1.327781	I:	D:
1097	1996	-	2	1.302035	I:	D:
2205	3107	-	3	1.335846	I:	D:
>Y7.M046_278
1	285	-	1	1.320966	I:	D:
293	1822	-	2	1.331021	I:	D:
1909	2040	+	1	1.349494	I:	D:
2166	3104	+	3	1.302616	I:	D:
>Y7.M046_279
2	1120	+	2	1.334206	I:	D:
1117	3105	+	1	1.321076	I:	D:
>Y7.M046_280
1	261	-	1	1.297565	I:	D:
281	1093	-	2	1.336096	I:	D:
1184	1975	-	2	1.288326	I:	D:
2055	2261	-	3	1.286062	I:	D:
2266	3096	-	1	1.292865	I:	D:
>Y7.M046_281
304	1431	+	1	1.342195	I:	D:
1648	3075	+	1	1.314938	I:	D:
>Y7.M046_282
3	1997	+	3	1.314237	I:	D:
2140	2580	+	1	1.296469	I:	D:
2587	3066	+	1	1.322823	I:	D:
>Y7.M046_283
79	594	+	1	1.314827	I:	D:
901	1212	-	1	1.301383	I:	D:
1209	1424	-	3	1.302876	I:	D:
1485	1622	+	3	1.347670	I:	D:
1634	2005	+	2	1.333151	I:	D:
2027	2311	+	2	1.325594	I:	D:
2420	3040	+	2	1.290493	I:	D:
>Y7.M046_284
1	717	+	1	1.319204	I:	D:
941	1096	-	2	1.351188	I:	D:
1123	3027	+	1	1.316962	I:	D:
>Y7.M046_285
2	1129	-	2	1.322527	I:	D:
1173	2090	-	3	1.332815	I:	D:
2199	2357	+	3	1.360831	I:	D:
2617	2961	+	1	1.354867	I:	D:
>Y7.M046_286
1	300	-	1	1.311922	I:	D:
431	1852	+	2	1.331315	I:	D:
1949	2131	-	2	1.344630	I:	D:
2159	2461	+	2	1.380400	I:	D:
>Y7.M046_287
76	537	+	1	1.324708	I:	D:
545	1042	+	2	1.339540	I:	D:
1081	2184	+	1	1.316349	I:	D:
2222	3001	+	2	1.300160	I:	D:
>Y7.M046_288
109	468	+	1	1.316820	I:	D:
487	966	+	1	1.327432	I:	D:
978	1580	+	3	1.315928	I:	D:
1580	2833	+	2	1.312463	I:	D:
2853	2996	+	3	1.322883	I:	D:
>Y7.M046_289
2	1249	-	2	1.296278	I:	D:
1321	1785	-	1	1.313632	I:	D:
1784	2011	+	2	1.345593	I:	D:
2060	2962	-	2	1.310417	I:	D:
>Y7.M046_290
3	893	-	3	1.309776	I:	D:
1088	1747	-	2	1.323607	I:	D:
1905	2915	+	3	1.333637	I:	D:
>Y7.M046_291
2	436	+	2	1.304435	I:	D:
458	1282	-	2	1.333335	I:	D:
1439	2311	-	2	1.332913	I:	D:
2311	2898	-	1	1.295188	I:	D:
>Y7.M046_292
3	437	-	3	1.270480	I:	D:
544	756	-	1	1.283416	I:	D:
898	1668	-	1	1.343804	I:	D:
1832	1996	+	2	1.353325	I:	D:
2002	2355	-	1	1.320112	I:	D:
2370	2534	+	3	1.328615	I:	D:
2649	2891	+	3	1.321569	I:	D:
>Y7.M046_293
386	538	+	2	1.336580	I:	D:
557	1081	+	2	1.307055	I:	D:
1141	2787	-	1	1.324690	I:	D:
>Y7.M046_294
1	228	-	1	1.305624	I:	D:
324	674	-	3	1.334743	I:	D:
694	1179	-	1	1.334679	I:	D:
1188	2579	-	3	1.323403	I:	D:
>Y7.M046_295
1	837	-	1	1.308837	I:	D:
1029	2762	+	3	1.329024	I:	D:
>Y7.M046_296
86	2698	-	2	1.302583	I:	D:
>Y7.M046_297
3	638	-	3	1.340730	I:	D:
843	2309	+	3	1.327238	I:	D:
2377	2748	-	1	1.299110	I:	D:
>Y7.M046_298
2	922	+	2	1.318911	I:	D:
996	1229	+	3	1.306321	I:	D:
1276	2748	+	1	1.288238	I:	D:
>Y7.M046_299
228	2735	+	3	1.330056	I:	D:
>Y7.M046_300
3	203	-	3	1.328311	I:	D:
215	1825	-	2	1.309346	I:	D:
1625	2071	+	2	1.344697	I:	D:
2354	2608	-	2	1.377941	I:	D:
>Y7.M046_301
171	2162	-	3	1.324466	I:	D:
2512	2703	+	1	1.308498	I:	D:
>Y7.M046_302
1	1104	-	1	1.370403	I:	D:
1205	1363	+	2	1.351198	I:	D:
1525	1752	+	1	1.350253	I:	D:
1853	2014	-	2	1.267691	I:	D:
2210	2695	-	2	1.282865	I:	D:
>Y7.M046_303
2	283	-	2	1.315118	I:	D:
280	588	-	1	1.318964	I:	D:
921	1124	+	3	1.295803	I:	D:
1241	1969	+	2	1.339639	I:	D:
2000	2686	-	2	1.315788	I:	D:
>Y7.M046_304
3	389	+	3	1.322729	I:	D:
637	1194	+	1	1.322874	I:	D:
1304	1546	+	2	1.338594	I:	D:
1568	1753	+	2	1.329664	I:	D:
1824	2438	-	3	1.312105	I:	D:
2512	2685	+	1	1.338106	I:	D:
>Y7.M046_305
3	329	-	3	1.321585	I:	D:
396	1493	-	3	1.337910	I:	D:
1606	2091	+	1	1.325542	I:	D:
2100	2678	+	3	1.324191	I:	D:
>Y7.M046_306
1	1101	+	1	1.309618	I:	D:
1238	2281	+	2	1.307034	I:	D:
2388	2678	+	3	1.302755	I:	D:
>Y7.M046_307
2	568	+	2	1.318433	I:	D:
585	1163	-	3	1.329358	I:	D:
1226	2674	-	2	1.316288	I:	D:
>Y7.M046_308
2	412	-	2	1.302559	I:	D:
557	1024	-	2	1.313737	I:	D:
1052	1942	-	2	1.328049	I:	D:
1956	2663	-	3	1.318691	I:	D:
>Y7.M046_309
1	1458	-	1	1.316348	I:	D:
1581	2435	-	3	1.320367	I:	D:
>Y7.M046_310
1	1125	-	1	1.311418	I:	D:
1122	1478	-	3	1.317264	I:	D:
1484	2206	-	2	1.326838	I:	D:
2206	2649	-	1	1.343987	I:	D:
>Y7.M046_311
2	1693	-	2	1.318638	I:	D:
1696	2619	-	1	1.298389	I:	D:
>Y7.M046_312
2	637	-	2	1.299775	I:	D:
740	1483	-	2	1.280125	I:	D:
1494	2387	-	3	1.299072	I:	D:
2395	2577	-	1	1.285763	I:	D:
>Y7.M046_313
3	935	+	3	1.317665	I:	D:
1069	1476	+	1	1.343813	I:	D:
1570	1839	+	1	1.278136	I:	D:
1844	2560	+	2	1.296476	I:	D:
>Y7.M046_314
202	1257	-	1	1.331144	I:	D:
1331	2551	-	2	1.315086	I:	D:
>Y7.M046_315
3	692	-	3	1.319387	I:	D:
758	1324	-	2	1.329514	I:	D:
1541	2140	+	2	1.312306	I:	D:
2175	2525	+	3	1.318424	I:	D:
>Y7.M046_316
120	974	+	3	1.320085	I:	D:
1048	1782	-	1	1.299711	I:	D:
1785	2312	-	3	1.314538	I:	D:
2340	2510	+	3	1.355588	I:	D:
>Y7.M046_317
1	1083	-	1	1.312706	I:	D:
1273	2484	+	1	1.309837	I:	D:
>Y7.M046_318
2	955	-	2	1.302059	I:	D:
1196	2446	-	2	1.301119	I:	D:
>Y7.M046_319
169	570	-	1	1.311132	I:	D:
637	846	-	1	1.316818	I:	D:
879	1028	+	3	1.356690	I:	D:
1058	2416	-	2	1.330740	I:	D:
>Y7.M046_320
243	1013	-	3	1.342560	I:	D:
1017	2072	-	3	1.321674	I:	D:
2069	2407	-	2	1.281475	I:	D:
>Y7.M046_321
3	1052	-	3	1.303984	I:	D:
1095	1961	-	3	1.286771	I:	D:
1740	2027	+	3	1.351874	I:	D:
2219	2401	-	2	1.287612	I:	D:
>Y7.M046_322
2	892	+	2	1.327104	I:	D:
1249	1389	+	1	1.313691	I:	D:
1542	1841	-	3	1.344109	I:	D:
1970	2119	-	2	1.312088	I:	D:
2167	2343	+	1	1.340658	I:	D:
>Y7.M046_323
2	133	+	2	1.305013	I:	D:
322	1884	+	1	1.323497	I:	D:
2042	2371	+	2	1.304021	I:	D:
>Y7.M046_324
2	1153	+	2	1.323877	I:	D:
1220	2335	-	2	1.317931	I:	D:
>Y7.M046_325
3	221	+	3	1.365497	I:	D:
311	856	-	2	1.306674	I:	D:
1234	1473	+	1	1.324563	I:	D:
1885	3303	+	1	1.355426	I:	D:
3312	4472	+	3	1.313820	I:	D:
4505	4891	-	2	1.324902	I:	D:
>Y7.M046_326
2	565	-	2	1.349742	I:	D:
582	3581	-	3	1.324064	I:	D:
3562	3714	-	1	1.294102	I:	D:
4113	4316	+	3	1.322998	I:	D:
4429	4866	-	1	1.356755	I:	D:
>Y7.M046_327
8	1873	-	2	1.324130	I:	D:
1939	2121	-	1	1.336728	I:	D:
2227	2367	+	1	1.290841	I:	D:
2464	2658	+	1	1.344423	I:	D:
2743	2979	+	1	1.326179	I:	D:
3031	3225	+	1	1.364690	I:	D:
>Y7.M046_328
3	167	+	3	1.295116	I:	D:
214	2199	-	1	1.301792	I:	D:
2495	3943	+	2	1.309270	I:	D:
4017	4742	-	3	1.301519	I:	D:
4758	5276	-	3	1.287878	I:	D:
5785	5988	+	1	1.307343	I:	D:
6021	6173	+	3	1.315787	I:	D:
6360	7706	-	3	1.286672	I:	D:
>Y7.M046_329
47	1267	+	2	1.298676	I:	D:
1507	2514	+	1	1.286844	I:	D:
>Y7.M046_330
2	154	-	2	1.308630	I:	D:
169	474	-	1	1.298113	I:	D:
482	1021	-	2	1.304668	I:	D:
1024	1338	-	1	1.286651	I:	D:
1349	1717	-	2	1.309410	I:	D:
1901	2173	-	2	1.313833	I:	D:
2173	2364	-	1	1.288231	I:	D:
2376	2795	-	3	1.319433	I:	D:
2798	3646	-	2	1.297374	I:	D:
3657	3986	-	3	1.282370	I:	D:
3995	4270	-	2	1.325555	I:	D:
4281	5108	-	3	1.318233	I:	D:
5108	5425	-	2	1.278946	I:	D:
5422	6042	-	1	1.315817	I:	D:
6046	6615	-	1	1.302100	I:	D:
>Y7.M046_331
2	316	-	2	1.313006	I:	D:
685	2352	-	1	1.325874	I:	D:
2520	2732	+	3	1.350341	I:	D:
>Y7.M046_332
3	1439	+	3	1.355908	I:	D:
1288	4302	+	1	1.330797	I:	D:
4375	4677	-	1	1.311859	I:	D:
4931	5161	+	2	1.312823	I:	D:
5363	7051	+	2	1.339029	I:	D:
