>Y8.M087_1
104	1564	+	2	1.315485	I:	D:
1580	3016	+	2	1.305904	I:	D:
3180	3392	+	3	1.307391	I:	D:
3507	3656	+	3	1.339505	I:	D:
3669	4001	+	3	1.332323	I:	D:
>Y8.M087_2
1	207	+	1	1.299135	I:	D:
231	2105	+	3	1.312550	I:	D:
2205	2993	-	3	1.347105	I:	D:
3027	3650	-	3	1.293339	I:	D:
3628	4449	-	1	1.312318	I:	D:
4465	5274	-	1	1.323763	I:	D:
5319	6074	-	3	1.317720	I:	D:
6087	7355	-	3	1.324587	I:	D:
7430	9010	-	2	1.312775	I:	D:
9105	9281	-	3	1.330643	I:	D:
9487	12126	-	1	1.310738	I:	D:
12205	13428	-	1	1.295269	I:	D:
13464	13658	+	3	1.387310	I:	D:
13882	14526	-	1	1.305736	I:	D:
14529	16040	-	3	1.298672	I:	D:
16052	17098	-	2	1.314399	I:	D:
17147	18112	-	2	1.323875	I:	D:
18109	19518	-	1	1.324486	I:	D:
19515	21494	-	3	1.316450	I:	D:
21487	22218	-	1	1.315874	I:	D:
22215	23246	-	3	1.325784	I:	D:
23248	24006	-	1	1.324952	I:	D:
24007	24699	-	1	1.313382	I:	D:
24707	25879	-	2	1.316147	I:	D:
26014	27714	-	1	1.330461	I:	D:
27768	28649	-	3	1.333311	I:	D:
28654	31296	-	1	1.332332	I:	D:
31293	32465	-	3	1.330400	I:	D:
32462	32995	-	2	1.328359	I:	D:
33018	33722	-	3	1.311646	I:	D:
33767	34336	-	2	1.344669	I:	D:
34453	35322	-	1	1.321074	I:	D:
35329	35925	-	1	1.327882	I:	D:
35918	36325	-	2	1.311684	I:	D:
36322	37098	-	1	1.332999	I:	D:
37100	37621	-	2	1.336441	I:	D:
37639	38688	-	1	1.301370	I:	D:
38724	40745	-	3	1.329621	I:	D:
40001	40180	-	2	1.373997	I:	D:
40439	40627	+	2	1.392612	I:	D:
40660	40806	+	1	1.340604	I:	D:
40827	42461	-	3	1.315671	I:	D:
42521	43126	-	2	1.306122	I:	D:
43142	45067	-	2	1.316121	I:	D:
45492	45989	-	3	1.323076	I:	D:
46254	47435	-	3	1.333730	I:	D:
47717	48073	+	2	1.340434	I:	D:
48232	49266	-	1	1.322569	I:	D:
49410	49916	-	3	1.326294	I:	D:
50038	51840	-	1	1.337881	I:	D:
51948	52892	-	3	1.321435	I:	D:
52889	53914	-	2	1.318894	I:	D:
54233	54880	-	2	1.327314	I:	D:
54886	57330	-	1	1.313810	I:	D:
57362	58408	-	2	1.314923	I:	D:
58436	58747	+	2	1.381804	I:	D:
58898	59365	-	2	1.285243	I:	D:
59480	61324	-	2	1.319936	I:	D:
61577	62599	-	2	1.324241	I:	D:
62633	64072	-	2	1.332247	I:	D:
64147	64335	+	1	1.395961	I:	D:
64950	65993	-	3	1.314863	I:	D:
66363	67832	-	3	1.312418	I:	D:
68004	68855	-	3	1.326489	I:	D:
68943	69575	-	3	1.295833	I:	D:
69637	71784	-	1	1.305959	I:	D:
70324	70782	+	1	1.360383	I:	D:
70925	71224	+	2	1.386143	I:	D:
71593	71793	+	1	1.372627	I:	D:
71919	72704	-	3	1.313806	I:	D:
72798	74153	-	3	1.325906	I:	D:
74191	75162	-	1	1.312554	I:	D:
75211	75384	-	1	1.343365	I:	D:
75430	77559	-	1	1.319368	I:	D:
77575	78363	-	1	1.325491	I:	D:
78426	80318	-	3	1.332921	I:	D:
80445	81215	-	3	1.327468	I:	D:
81254	82570	-	2	1.317432	I:	D:
82408	82548	-	1	1.361004	I:	D:
82934	83755	+	2	1.313999	I:	D:
83804	84460	-	2	1.316045	I:	D:
84457	85239	-	1	1.333232	I:	D:
85217	86299	-	2	1.313948	I:	D:
86524	88209	-	1	1.339945	I:	D:
88237	89250	-	1	1.316567	I:	D:
89254	89901	-	1	1.336180	I:	D:
89908	91236	-	1	1.300591	I:	D:
91190	92584	-	2	1.319200	I:	D:
92808	93971	+	3	1.318069	I:	D:
94057	94911	-	1	1.337211	I:	D:
94925	95287	-	2	1.335185	I:	D:
95322	96089	-	3	1.302326	I:	D:
96126	96968	-	3	1.301661	I:	D:
96993	97559	-	3	1.327365	I:	D:
97635	97982	-	3	1.304292	I:	D:
98071	99195	-	1	1.314153	I:	D:
99214	99720	-	1	1.297405	I:	D:
99897	100127	-	3	1.303151	I:	D:
100149	100394	-	3	1.317720	I:	D:
100449	101798	-	3	1.295999	I:	D:
101801	102280	-	2	1.322005	I:	D:
102306	103559	-	3	1.330647	I:	D:
103633	104925	-	1	1.316268	I:	D:
104932	106086	-	1	1.306405	I:	D:
106137	106928	-	3	1.317647	I:	D:
106934	107671	-	2	1.308938	I:	D:
107739	108302	-	3	1.295990	I:	D:
108468	109166	-	3	1.314711	I:	D:
109413	109775	-	3	1.370735	I:	D:
109870	111189	-	1	1.316132	I:	D:
111324	112709	-	3	1.333901	I:	D:
112761	113621	-	3	1.315000	I:	D:
113621	114493	-	2	1.318056	I:	D:
114521	115894	-	2	1.309760	I:	D:
116050	116202	+	1	1.338247	I:	D:
116207	117235	+	2	1.313297	I:	D:
117350	118045	-	2	1.317705	I:	D:
118080	119678	-	3	1.307753	I:	D:
119705	120514	-	2	1.302502	I:	D:
121146	121766	-	3	1.342959	I:	D:
121741	123636	-	1	1.323452	I:	D:
123733	124488	-	1	1.303499	I:	D:
124570	126030	-	1	1.327751	I:	D:
126145	127209	-	1	1.318127	I:	D:
127488	127856	+	3	1.295288	I:	D:
128075	128398	+	2	1.307950	I:	D:
128588	132181	+	2	1.308769	I:	D:
132276	132614	-	3	1.319152	I:	D:
133453	135198	-	1	1.300272	I:	D:
>Y8.M087_3
1	237	+	1	1.367123	I:	D:
341	577	-	2	1.359003	I:	D:
605	1132	+	2	1.350271	I:	D:
1201	1692	-	1	1.275216	I:	D:
1773	3209	-	3	1.304064	I:	D:
3435	5156	-	3	1.308505	I:	D:
5302	7128	-	1	1.317664	I:	D:
7302	8774	-	3	1.344342	I:	D:
8079	8561	+	3	1.383856	I:	D:
8793	10202	-	3	1.324110	I:	D:
10353	11327	-	3	1.324115	I:	D:
11315	13225	-	2	1.324610	I:	D:
13401	14708	+	3	1.321444	I:	D:
14903	17116	-	2	1.321666	I:	D:
17138	18571	-	2	1.352098	I:	D:
18552	19793	-	3	1.334575	I:	D:
19812	20783	-	3	1.328773	I:	D:
20786	22162	-	2	1.312351	I:	D:
22167	23090	-	3	1.302463	I:	D:
23119	24450	-	1	1.310866	I:	D:
24460	25260	-	1	1.334600	I:	D:
25277	25837	-	2	1.300904	I:	D:
26143	28092	+	1	1.324264	I:	D:
28210	29340	-	1	1.341058	I:	D:
29436	29774	-	3	1.318518	I:	D:
29767	30123	-	1	1.309388	I:	D:
30134	30970	-	2	1.322130	I:	D:
30983	32050	-	2	1.339442	I:	D:
32220	34496	+	3	1.326435	I:	D:
34555	35535	-	1	1.326197	I:	D:
35553	36428	-	3	1.333927	I:	D:
36421	37818	-	1	1.317562	I:	D:
37818	38582	-	3	1.337504	I:	D:
38722	39282	-	1	1.324697	I:	D:
39363	40034	-	3	1.316205	I:	D:
40041	41054	-	3	1.323794	I:	D:
41051	41755	-	2	1.330360	I:	D:
41757	44495	-	3	1.315224	I:	D:
44515	44646	+	1	1.377735	I:	D:
44653	45060	-	1	1.352075	I:	D:
45236	45925	-	2	1.307050	I:	D:
46222	46530	+	1	1.412565	I:	D:
46540	46992	+	1	1.366575	I:	D:
47369	48352	-	2	1.302781	I:	D:
48428	49159	-	2	1.302084	I:	D:
49338	50957	-	3	1.321453	I:	D:
51048	52178	-	3	1.316313	I:	D:
52689	54140	-	3	1.335133	I:	D:
54203	54394	-	2	1.364464	I:	D:
54439	56205	-	1	1.314244	I:	D:
56228	56722	-	2	1.316305	I:	D:
56971	58221	-	1	1.315066	I:	D:
58233	60629	-	3	1.316110	I:	D:
60626	61309	-	2	1.325099	I:	D:
61306	61449	-	1	1.274005	I:	D:
62345	62608	-	2	1.334541	I:	D:
62589	62762	+	3	1.349085	I:	D:
62832	63908	-	3	1.310900	I:	D:
64785	66041	-	3	1.307863	I:	D:
65974	66654	-	1	1.311780	I:	D:
66651	68150	-	3	1.311126	I:	D:
68122	68745	-	1	1.329766	I:	D:
68761	71058	-	1	1.312245	I:	D:
71106	71630	-	3	1.300936	I:	D:
71762	73486	-	2	1.317049	I:	D:
73566	75848	-	3	1.312811	I:	D:
75870	77318	-	3	1.329573	I:	D:
77334	77564	+	3	1.370570	I:	D:
77619	78011	-	3	1.329937	I:	D:
78073	79776	-	1	1.315202	I:	D:
80196	82055	-	3	1.303518	I:	D:
82313	83203	+	2	1.344800	I:	D:
83317	83817	-	1	1.328217	I:	D:
84009	84803	-	3	1.351735	I:	D:
84817	85392	-	1	1.313092	I:	D:
85389	86093	-	3	1.313162	I:	D:
86090	86728	-	2	1.310371	I:	D:
86725	87681	-	1	1.327677	I:	D:
87695	88255	-	2	1.349787	I:	D:
88445	88594	+	2	1.377049	I:	D:
88783	89595	-	1	1.322368	I:	D:
89598	89798	+	3	1.370442	I:	D:
90023	90718	+	2	1.382614	I:	D:
90752	91081	+	2	1.397070	I:	D:
91112	92584	-	2	1.321681	I:	D:
92883	93527	+	3	1.317398	I:	D:
93646	95646	-	1	1.311683	I:	D:
95639	96406	-	2	1.309871	I:	D:
96553	97572	-	1	1.323545	I:	D:
97596	98267	-	3	1.314703	I:	D:
98403	98924	-	3	1.315733	I:	D:
98999	99223	-	2	1.347412	I:	D:
99291	100493	-	3	1.318951	I:	D:
100630	101538	-	1	1.351708	I:	D:
102271	103689	-	1	1.339058	I:	D:
103694	105127	-	2	1.338046	I:	D:
105309	105737	+	3	1.303977	I:	D:
105964	107784	+	1	1.310871	I:	D:
108006	109148	-	3	1.302988	I:	D:
109142	110350	-	2	1.314536	I:	D:
110397	110645	+	3	1.323691	I:	D:
110650	113265	-	1	1.322501	I:	D:
114369	114935	+	3	1.378352	I:	D:
114972	115121	+	3	1.365749	I:	D:
115404	116726	-	3	1.323308	I:	D:
117026	118561	+	2	1.325620	I:	D:
118926	119060	+	3	1.354677	I:	D:
>Y8.M087_4
1	1455	-	1	1.325632	I:	D:
1503	1682	-	3	1.322800	I:	D:
1696	2277	-	1	1.342642	I:	D:
2462	2626	+	2	1.348800	I:	D:
2722	3798	+	1	1.332825	I:	D:
3923	5296	+	2	1.320319	I:	D:
5388	6431	-	3	1.325045	I:	D:
6442	7146	-	1	1.332128	I:	D:
7300	8247	-	1	1.327158	I:	D:
8274	9296	-	3	1.319133	I:	D:
9326	9799	-	2	1.315263	I:	D:
9801	10772	-	3	1.343111	I:	D:
10776	11801	-	3	1.313613	I:	D:
11831	12676	-	2	1.315495	I:	D:
12828	13199	-	3	1.325479	I:	D:
13215	13451	-	3	1.341923	I:	D:
13509	14597	-	3	1.341946	I:	D:
14654	15277	-	2	1.301120	I:	D:
15295	16338	-	1	1.328698	I:	D:
16360	16875	-	1	1.342974	I:	D:
16879	17367	-	1	1.333166	I:	D:
17393	18229	-	2	1.331831	I:	D:
18368	19102	-	2	1.304073	I:	D:
19108	19809	-	1	1.339887	I:	D:
19825	20568	-	1	1.303015	I:	D:
20588	21316	-	2	1.330939	I:	D:
21506	22732	-	2	1.317704	I:	D:
22747	23769	-	1	1.328232	I:	D:
23918	24757	-	2	1.335091	I:	D:
24942	26288	+	3	1.326729	I:	D:
26352	26498	-	3	1.346566	I:	D:
26938	28440	-	1	1.311497	I:	D:
28518	28682	+	3	1.336553	I:	D:
28868	29386	-	2	1.328912	I:	D:
29595	30389	+	3	1.316557	I:	D:
30400	31203	-	1	1.361441	I:	D:
31334	32464	+	2	1.318255	I:	D:
32464	32655	+	1	1.329269	I:	D:
32720	33622	-	2	1.339472	I:	D:
33639	34649	-	3	1.323415	I:	D:
34636	35424	-	1	1.322657	I:	D:
35414	36709	-	2	1.320205	I:	D:
36720	37589	-	3	1.337296	I:	D:
37606	38817	-	1	1.348346	I:	D:
38830	39981	-	1	1.325791	I:	D:
39968	40960	-	2	1.327483	I:	D:
40964	41743	-	2	1.318361	I:	D:
41740	42810	-	1	1.337736	I:	D:
42824	43840	-	2	1.357498	I:	D:
43833	44939	-	3	1.324210	I:	D:
44942	46141	-	2	1.341113	I:	D:
46138	46836	-	1	1.348932	I:	D:
46863	47693	-	3	1.346138	I:	D:
47690	48799	-	2	1.353933	I:	D:
48825	49943	-	3	1.326919	I:	D:
50106	50729	-	3	1.351638	I:	D:
50726	52228	-	2	1.338093	I:	D:
52245	53648	-	3	1.329902	I:	D:
53660	54535	-	2	1.333528	I:	D:
54562	55350	-	1	1.346744	I:	D:
55313	56464	-	2	1.329664	I:	D:
56489	56953	-	2	1.321344	I:	D:
57352	57750	+	1	1.343268	I:	D:
57861	58520	-	3	1.344434	I:	D:
58541	58738	-	2	1.362540	I:	D:
58796	59491	-	2	1.324226	I:	D:
59700	60119	-	3	1.321200	I:	D:
60439	61050	-	1	1.352852	I:	D:
61627	63087	+	1	1.327102	I:	D:
63173	63613	-	2	1.335382	I:	D:
63646	64422	-	1	1.329556	I:	D:
64629	65516	+	3	1.328104	I:	D:
65592	66164	-	3	1.342140	I:	D:
66170	66424	-	2	1.342859	I:	D:
66439	67620	-	1	1.320444	I:	D:
67748	69184	-	2	1.327292	I:	D:
69313	69546	-	1	1.315669	I:	D:
69831	71399	-	3	1.331067	I:	D:
71389	72120	-	1	1.314428	I:	D:
72108	73886	-	3	1.316008	I:	D:
74296	75738	-	1	1.321414	I:	D:
76003	76746	-	1	1.325227	I:	D:
76772	77689	-	2	1.303418	I:	D:
77709	80333	-	3	1.305710	I:	D:
80932	81960	-	1	1.314536	I:	D:
82124	83431	-	2	1.333077	I:	D:
83462	84439	-	2	1.323393	I:	D:
84448	84888	-	1	1.302476	I:	D:
84915	85082	-	3	1.319131	I:	D:
85127	88678	-	2	1.332488	I:	D:
88983	90797	-	3	1.314776	I:	D:
90794	91231	-	2	1.286545	I:	D:
91321	92472	-	1	1.323941	I:	D:
92568	92924	-	3	1.314238	I:	D:
92974	93171	-	1	1.346483	I:	D:
93207	93701	-	3	1.298490	I:	D:
94082	94324	+	2	1.340471	I:	D:
94618	96555	-	1	1.307354	I:	D:
96754	97053	+	1	1.386242	I:	D:
97058	97507	-	2	1.329333	I:	D:
97534	98820	-	1	1.308101	I:	D:
98914	99903	-	1	1.332850	I:	D:
100083	101171	-	3	1.305483	I:	D:
101173	101505	-	1	1.314823	I:	D:
101566	102465	-	1	1.332715	I:	D:
102587	103276	+	2	1.333392	I:	D:
103324	103500	-	1	1.305358	I:	D:
>Y8.M087_5
3	1010	-	3	1.301303	I:	D:
1135	1788	-	1	1.334710	I:	D:
1823	2506	-	2	1.315245	I:	D:
2508	3392	-	3	1.306804	I:	D:
3395	5662	-	2	1.310739	I:	D:
5656	6399	-	1	1.321125	I:	D:
6430	7470	-	1	1.333635	I:	D:
7474	8805	-	1	1.313723	I:	D:
8831	9526	-	2	1.319101	I:	D:
9613	10584	-	1	1.298473	I:	D:
10612	11103	-	1	1.336772	I:	D:
11167	13395	-	1	1.325640	I:	D:
13392	14867	-	3	1.339130	I:	D:
15065	15994	+	2	1.296869	I:	D:
16071	17468	-	3	1.322018	I:	D:
17496	18188	-	3	1.300757	I:	D:
18214	19494	-	1	1.321698	I:	D:
19636	21078	-	1	1.315493	I:	D:
21240	21401	-	3	1.289431	I:	D:
21657	22304	-	3	1.307451	I:	D:
22311	23165	-	3	1.300469	I:	D:
23373	24497	-	3	1.311826	I:	D:
24609	25133	-	3	1.307999	I:	D:
25441	26289	+	1	1.323950	I:	D:
26417	26734	+	2	1.305182	I:	D:
26888	27571	+	2	1.332918	I:	D:
27644	28672	-	2	1.323847	I:	D:
28686	29381	-	3	1.312134	I:	D:
29382	29534	+	3	1.337467	I:	D:
29548	30015	-	1	1.325774	I:	D:
30217	30477	-	1	1.344744	I:	D:
30646	31179	-	1	1.343152	I:	D:
31462	31761	-	1	1.361065	I:	D:
32301	33245	-	3	1.310911	I:	D:
33250	34257	-	1	1.303918	I:	D:
34280	36139	-	2	1.306493	I:	D:
36232	38133	-	1	1.312711	I:	D:
38321	39400	-	2	1.307134	I:	D:
39411	40904	-	3	1.305602	I:	D:
40945	42114	-	1	1.304774	I:	D:
42192	42350	+	3	1.337690	I:	D:
42832	43035	-	1	1.336074	I:	D:
43263	45755	-	3	1.321580	I:	D:
46084	46311	-	1	1.330070	I:	D:
46647	47471	-	3	1.306091	I:	D:
47502	47846	-	3	1.314088	I:	D:
47885	48115	-	2	1.303985	I:	D:
48120	48647	-	3	1.351500	I:	D:
48634	48876	-	1	1.343031	I:	D:
49319	50497	-	2	1.313718	I:	D:
50529	51242	-	3	1.328877	I:	D:
51523	52005	-	1	1.306065	I:	D:
52047	53324	-	3	1.322928	I:	D:
53483	55894	-	2	1.319489	I:	D:
56142	57377	-	3	1.311007	I:	D:
57396	58430	-	3	1.305289	I:	D:
58427	59773	-	2	1.319253	I:	D:
59878	60798	-	1	1.294425	I:	D:
60891	61967	-	3	1.299111	I:	D:
62043	62900	-	3	1.316271	I:	D:
62904	63887	-	3	1.299625	I:	D:
63992	64192	-	2	1.353052	I:	D:
64324	65988	-	1	1.316508	I:	D:
>Y8.M087_6
806	3286	+	2	1.338459	I:	D:
3306	4040	+	3	1.347273	I:	D:
4037	5971	+	2	1.340279	I:	D:
5976	6833	+	3	1.346456	I:	D:
6868	7533	+	1	1.344796	I:	D:
7530	8561	+	3	1.341035	I:	D:
8572	8862	+	1	1.331087	I:	D:
10497	10775	-	3	1.371030	I:	D:
11006	11410	+	2	1.339958	I:	D:
11407	11754	+	1	1.367624	I:	D:
11768	13507	+	2	1.317470	I:	D:
13507	15237	+	1	1.316511	I:	D:
15402	15563	+	3	1.375648	I:	D:
15789	17093	+	3	1.315199	I:	D:
17233	17844	+	1	1.324300	I:	D:
17956	18624	-	1	1.324152	I:	D:
18654	19598	+	3	1.315263	I:	D:
19690	20622	-	1	1.337486	I:	D:
20646	20786	-	3	1.387735	I:	D:
20916	22460	+	3	1.314683	I:	D:
22519	24570	-	1	1.318734	I:	D:
24695	25333	+	2	1.320928	I:	D:
25529	27052	+	2	1.339193	I:	D:
27056	27925	+	2	1.309046	I:	D:
28293	30374	+	3	1.317664	I:	D:
30409	30561	+	1	1.319611	I:	D:
30634	31455	+	1	1.309278	I:	D:
31802	32086	+	2	1.302728	I:	D:
32114	33748	+	2	1.303718	I:	D:
34017	34688	+	3	1.312355	I:	D:
34681	35190	+	1	1.307347	I:	D:
35260	36717	+	1	1.307768	I:	D:
36819	37529	+	3	1.335455	I:	D:
37627	38151	-	1	1.330572	I:	D:
38195	39019	-	2	1.325761	I:	D:
39016	39723	-	1	1.328780	I:	D:
39724	40800	-	1	1.336602	I:	D:
41047	42831	-	1	1.310457	I:	D:
42899	44662	-	2	1.310169	I:	D:
44965	45177	+	1	1.365462	I:	D:
45306	46145	+	3	1.333803	I:	D:
46148	47353	+	2	1.324757	I:	D:
47369	49186	+	2	1.326337	I:	D:
49284	50513	-	3	1.304454	I:	D:
50584	50733	-	1	1.336153	I:	D:
50799	51839	+	3	1.322282	I:	D:
51892	53115	+	1	1.312126	I:	D:
53363	54259	+	2	1.303219	I:	D:
54246	55436	+	3	1.314494	I:	D:
55567	56160	+	1	1.323143	I:	D:
56274	56978	+	3	1.304163	I:	D:
56996	57685	+	2	1.306594	I:	D:
57630	59108	+	3	1.311259	I:	D:
59121	60044	+	3	1.316638	I:	D:
60041	62314	+	2	1.335183	I:	D:
62386	63369	+	1	1.301006	I:	D:
>Y8.M087_7
1	621	+	1	1.344651	I:	D:
1296	1490	-	3	1.357315	I:	D:
1532	2059	-	2	1.369392	I:	D:
2406	2543	+	3	1.311603	I:	D:
2567	4342	+	2	1.321167	I:	D:
4669	5601	+	1	1.323054	I:	D:
5626	6534	+	1	1.322727	I:	D:
6577	8112	+	1	1.325165	I:	D:
8255	9094	+	2	1.328357	I:	D:
9134	10480	+	2	1.332335	I:	D:
10579	11613	-	1	1.332576	I:	D:
11781	13280	-	3	1.369069	I:	D:
13301	13756	+	2	1.342327	I:	D:
13763	14944	+	2	1.309871	I:	D:
15052	15489	+	1	1.305422	I:	D:
15492	16586	+	3	1.338248	I:	D:
16583	17383	+	2	1.327076	I:	D:
17647	18660	+	1	1.329062	I:	D:
18845	20068	+	2	1.303815	I:	D:
20104	20856	+	1	1.314948	I:	D:
21163	22383	+	1	1.306851	I:	D:
22390	23976	+	1	1.325556	I:	D:
24153	24707	+	3	1.321977	I:	D:
24717	26012	+	3	1.313677	I:	D:
26193	27734	+	3	1.316999	I:	D:
28005	28163	+	3	1.313153	I:	D:
28296	29639	+	3	1.346144	I:	D:
29704	29961	+	1	1.306146	I:	D:
30032	32014	+	2	1.334771	I:	D:
32034	32504	+	3	1.314459	I:	D:
32866	33036	-	1	1.369007	I:	D:
33736	35196	+	1	1.317522	I:	D:
35210	35341	+	2	1.315301	I:	D:
35969	37321	+	2	1.300983	I:	D:
37357	38205	+	1	1.331558	I:	D:
38227	38991	+	1	1.332555	I:	D:
39008	39628	+	2	1.311605	I:	D:
40236	40829	+	3	1.335450	I:	D:
40928	41422	+	2	1.318033	I:	D:
41328	41723	+	3	1.327898	I:	D:
41839	42384	+	1	1.318406	I:	D:
42538	43458	+	1	1.318491	I:	D:
43772	45322	+	2	1.329108	I:	D:
45546	46835	+	3	1.321491	I:	D:
47081	48076	+	2	1.337265	I:	D:
48336	49019	+	3	1.311696	I:	D:
49016	50614	+	2	1.310652	I:	D:
50735	51283	+	2	1.318449	I:	D:
51305	52327	-	2	1.337179	I:	D:
52624	53424	+	1	1.335318	I:	D:
53428	54690	+	1	1.338333	I:	D:
54917	55045	+	2	1.335851	I:	D:
55078	56412	+	1	1.340488	I:	D:
56736	57194	+	3	1.315158	I:	D:
57482	58609	-	2	1.357598	I:	D:
57425	59737	+	2	1.322804	I:	D:
59749	61536	+	1	1.350641	I:	D:
61614	61784	+	3	1.300853	I:	D:
61774	62235	+	1	1.329481	I:	D:
62229	62642	+	3	1.299654	I:	D:
>Y8.M087_8
85	1629	-	1	1.306847	I:	D:
1790	2668	-	2	1.299410	I:	D:
2702	3181	-	2	1.313156	I:	D:
3210	3710	-	3	1.268691	I:	D:
3849	5831	-	3	1.310198	I:	D:
6051	6284	-	3	1.351719	I:	D:
6572	7033	-	2	1.338763	I:	D:
7064	7345	-	2	1.324094	I:	D:
7624	8907	-	1	1.334647	I:	D:
9066	9545	-	3	1.324458	I:	D:
9542	9793	-	2	1.299490	I:	D:
9806	10387	-	2	1.291065	I:	D:
10485	11102	-	3	1.316284	I:	D:
11093	13432	-	2	1.317208	I:	D:
13429	13899	-	1	1.332025	I:	D:
13899	14708	-	3	1.339186	I:	D:
14887	15024	+	1	1.361263	I:	D:
15373	17463	-	1	1.319616	I:	D:
17881	19743	-	1	1.301739	I:	D:
19753	20289	-	1	1.330274	I:	D:
20286	21683	-	3	1.329692	I:	D:
21723	23204	-	3	1.326220	I:	D:
23279	23608	-	2	1.328123	I:	D:
23709	24116	-	3	1.343846	I:	D:
24119	24397	-	2	1.292993	I:	D:
24485	24724	-	2	1.305616	I:	D:
24735	25007	-	3	1.295747	I:	D:
25249	26268	-	1	1.342277	I:	D:
26475	28340	+	3	1.321783	I:	D:
28415	29743	-	2	1.303578	I:	D:
29885	31294	+	2	1.309676	I:	D:
31370	32839	-	2	1.312110	I:	D:
32953	33852	-	1	1.305205	I:	D:
33947	34441	-	2	1.347112	I:	D:
34479	35108	-	3	1.296423	I:	D:
35138	35581	-	2	1.315160	I:	D:
35578	36036	-	1	1.307973	I:	D:
36039	37088	-	3	1.305437	I:	D:
37189	39138	-	1	1.298980	I:	D:
39167	39637	-	2	1.335531	I:	D:
39773	40000	+	2	1.304860	I:	D:
40046	40459	+	2	1.354688	I:	D:
40555	41775	-	1	1.310340	I:	D:
41772	42719	-	3	1.303982	I:	D:
42716	43690	-	2	1.329782	I:	D:
44050	45168	-	1	1.300080	I:	D:
45204	45962	-	3	1.318741	I:	D:
45949	46701	-	1	1.301646	I:	D:
46717	47217	-	1	1.294764	I:	D:
47313	48236	-	3	1.303287	I:	D:
48335	49573	-	2	1.324098	I:	D:
49995	50273	-	3	1.351938	I:	D:
50324	51400	+	2	1.314244	I:	D:
51416	53050	+	2	1.305010	I:	D:
53068	54462	+	1	1.314117	I:	D:
54701	55954	+	2	1.295787	I:	D:
56024	56992	-	2	1.316295	I:	D:
>Y8.M087_9
142	1575	+	1	1.321214	I:	D:
1591	2364	+	1	1.316828	I:	D:
2379	2756	+	3	1.311851	I:	D:
2790	3941	+	3	1.317982	I:	D:
3991	5400	+	1	1.318909	I:	D:
5535	6605	+	3	1.309233	I:	D:
6602	7849	+	2	1.303896	I:	D:
7894	8559	+	1	1.302131	I:	D:
8592	10493	+	3	1.321568	I:	D:
10641	11717	+	3	1.315308	I:	D:
11782	12870	-	1	1.339520	I:	D:
13043	13657	+	2	1.294115	I:	D:
13698	14708	+	3	1.314467	I:	D:
14839	15270	+	1	1.282195	I:	D:
15328	17541	+	1	1.323478	I:	D:
17568	19082	+	3	1.325693	I:	D:
18874	20496	+	1	1.320093	I:	D:
20670	21176	+	3	1.324764	I:	D:
21223	21489	+	1	1.323414	I:	D:
21823	22773	+	1	1.308410	I:	D:
22777	23181	+	1	1.302465	I:	D:
23676	23804	+	3	1.354628	I:	D:
24158	24514	+	2	1.298978	I:	D:
24530	26218	+	2	1.296790	I:	D:
26237	28291	+	2	1.321605	I:	D:
28555	29073	+	1	1.288102	I:	D:
29186	29620	-	2	1.310307	I:	D:
29703	30104	+	3	1.327268	I:	D:
30145	30723	+	1	1.314197	I:	D:
30720	31232	+	3	1.323629	I:	D:
31244	31867	+	2	1.299346	I:	D:
31940	32233	+	2	1.363354	I:	D:
32542	32697	+	1	1.317855	I:	D:
32853	34328	+	3	1.320306	I:	D:
34487	35299	+	2	1.312336	I:	D:
35321	36697	+	2	1.330044	I:	D:
36694	37452	+	1	1.316312	I:	D:
37456	39399	+	1	1.334781	I:	D:
39451	40068	+	1	1.304222	I:	D:
40081	41067	+	1	1.327881	I:	D:
41064	41642	+	3	1.310937	I:	D:
>Y8.M087_10
1	2571	-	1	1.315494	I:	D:
2714	3589	+	2	1.342984	I:	D:
3702	5267	-	3	1.316590	I:	D:
5416	6042	-	1	1.300263	I:	D:
6043	7110	-	1	1.289167	I:	D:
7384	8826	-	1	1.316595	I:	D:
9019	9819	-	1	1.310885	I:	D:
10026	11288	-	3	1.310746	I:	D:
11412	13103	-	3	1.296028	I:	D:
13168	13644	-	1	1.297597	I:	D:
13673	14530	-	2	1.311226	I:	D:
14550	15359	-	3	1.305574	I:	D:
15356	17233	-	2	1.316026	I:	D:
17245	18159	-	1	1.314675	I:	D:
18137	18382	-	2	1.292870	I:	D:
18405	19631	-	3	1.311328	I:	D:
19621	20058	-	1	1.297274	I:	D:
20186	20578	-	2	1.299542	I:	D:
20649	21521	-	3	1.315809	I:	D:
21511	22194	-	1	1.331998	I:	D:
22233	23873	-	3	1.306189	I:	D:
23933	24451	-	2	1.322408	I:	D:
24448	25395	-	1	1.333805	I:	D:
25410	26732	-	3	1.307275	I:	D:
26846	27538	-	2	1.324730	I:	D:
27637	30000	-	1	1.317022	I:	D:
30003	31634	-	3	1.308990	I:	D:
31756	33825	-	1	1.318836	I:	D:
33857	34630	-	2	1.307233	I:	D:
34868	35101	+	2	1.321690	I:	D:
35191	36123	-	1	1.318378	I:	D:
36275	38230	-	2	1.305805	I:	D:
38227	38958	-	1	1.314898	I:	D:
39004	39882	-	1	1.310042	I:	D:
39929	40102	+	2	1.390114	I:	D:
40227	41210	-	3	1.321681	I:	D:
41214	41339	-	3	1.351575	I:	D:
>Y8.M087_11
13	315	-	1	1.265481	I:	D:
346	1674	-	1	1.312416	I:	D:
1869	2048	-	3	1.336158	I:	D:
2186	3400	-	2	1.321705	I:	D:
3428	3976	-	2	1.319397	I:	D:
4000	5331	-	1	1.318120	I:	D:
5471	6955	-	2	1.317160	I:	D:
6970	10485	-	1	1.312713	I:	D:
10535	11443	+	2	1.358776	I:	D:
11937	13547	-	3	1.318965	I:	D:
13747	13974	+	1	1.351947	I:	D:
14012	15448	+	2	1.322875	I:	D:
15567	17267	+	3	1.337853	I:	D:
17414	17656	+	2	1.317134	I:	D:
17774	17953	+	2	1.336144	I:	D:
18123	18353	-	3	1.327528	I:	D:
18410	18772	+	2	1.306068	I:	D:
18769	19068	+	1	1.303535	I:	D:
19145	19681	-	2	1.295334	I:	D:
19678	21012	-	1	1.312149	I:	D:
21005	21283	-	2	1.303488	I:	D:
21299	21853	-	2	1.298707	I:	D:
21906	22259	-	3	1.318115	I:	D:
22336	24078	+	1	1.304204	I:	D:
24177	26762	+	3	1.316684	I:	D:
26852	27415	-	2	1.322192	I:	D:
27510	29915	-	3	1.319879	I:	D:
30348	32438	-	3	1.311833	I:	D:
32850	33962	+	3	1.310820	I:	D:
33997	35280	+	1	1.318264	I:	D:
35341	36195	-	1	1.325726	I:	D:
36249	36884	-	3	1.319019	I:	D:
36868	37689	-	1	1.328283	I:	D:
>Y8.M087_12
3	221	-	3	1.335692	I:	D:
246	1046	-	3	1.325766	I:	D:
1040	1924	-	2	1.323634	I:	D:
1915	2760	-	1	1.318435	I:	D:
2765	3370	-	2	1.298881	I:	D:
3405	5732	-	3	1.302676	I:	D:
5754	7049	-	3	1.310799	I:	D:
7158	7739	-	3	1.316281	I:	D:
7764	9050	-	3	1.289934	I:	D:
9195	9920	-	3	1.311665	I:	D:
9983	10438	+	2	1.314889	I:	D:
10620	11480	-	3	1.338096	I:	D:
11629	12660	-	1	1.304206	I:	D:
12716	13822	+	2	1.315590	I:	D:
13844	14821	+	2	1.308151	I:	D:
15154	15318	-	1	1.327433	I:	D:
15338	16159	+	2	1.316634	I:	D:
16146	16790	+	3	1.286768	I:	D:
16891	17685	+	1	1.323155	I:	D:
17711	19018	+	2	1.309253	I:	D:
19097	20587	-	2	1.329612	I:	D:
20725	22704	-	1	1.319905	I:	D:
23330	25000	-	2	1.316746	I:	D:
25155	26171	-	3	1.329187	I:	D:
26413	28053	+	1	1.339702	I:	D:
28177	28479	-	1	1.303135	I:	D:
28549	29295	-	1	1.294153	I:	D:
29436	30065	+	3	1.294404	I:	D:
30176	32977	-	2	1.310421	I:	D:
33153	34541	-	3	1.316973	I:	D:
34589	35449	-	2	1.348972	I:	D:
35558	36862	+	2	1.333729	I:	D:
>Y8.M087_13
228	2006	-	3	1.317899	I:	D:
2023	3030	-	1	1.342664	I:	D:
3103	3321	+	1	1.348018	I:	D:
3554	4777	-	2	1.311715	I:	D:
4801	5742	-	1	1.294964	I:	D:
5803	9363	-	1	1.312548	I:	D:
9371	10063	-	2	1.302595	I:	D:
10169	10402	-	2	1.235885	I:	D:
10392	11432	-	3	1.311948	I:	D:
11661	12446	-	3	1.343730	I:	D:
12836	13363	-	2	1.330894	I:	D:
13438	14634	-	1	1.322551	I:	D:
14734	15729	-	1	1.324739	I:	D:
15945	17195	+	3	1.335026	I:	D:
17421	17564	-	3	1.321907	I:	D:
17571	17876	-	3	1.317075	I:	D:
18134	18547	-	2	1.330504	I:	D:
18575	18724	+	2	1.390454	I:	D:
18868	21069	-	1	1.322688	I:	D:
21300	21470	+	3	1.301148	I:	D:
21653	21835	-	2	1.331227	I:	D:
21873	22001	+	3	1.350579	I:	D:
22113	23477	-	3	1.317785	I:	D:
23497	23769	-	1	1.306821	I:	D:
23869	24666	-	1	1.330457	I:	D:
24653	25252	-	2	1.282532	I:	D:
25287	27962	-	3	1.304097	I:	D:
27780	27944	+	3	1.358979	I:	D:
27959	28318	-	2	1.326627	I:	D:
28482	29474	-	3	1.317993	I:	D:
29625	31445	-	3	1.324091	I:	D:
31442	32893	-	2	1.318596	I:	D:
33036	33269	-	3	1.271969	I:	D:
33365	34597	-	2	1.325698	I:	D:
34628	36571	-	2	1.324821	I:	D:
>Y8.M087_14
3	1088	-	3	1.320591	I:	D:
1169	1606	+	2	1.332386	I:	D:
1636	3201	-	1	1.332706	I:	D:
3255	3401	+	3	1.330918	I:	D:
3425	3973	-	2	1.359759	I:	D:
4085	4480	-	2	1.347497	I:	D:
4756	6144	-	1	1.327577	I:	D:
6077	6907	-	2	1.310245	I:	D:
6918	8120	-	3	1.327807	I:	D:
8117	8500	-	2	1.321304	I:	D:
8497	9969	-	1	1.332413	I:	D:
10005	11468	-	3	1.319131	I:	D:
11465	13333	-	2	1.310828	I:	D:
13423	15723	-	1	1.340918	I:	D:
15767	16720	-	2	1.321818	I:	D:
16720	18897	-	1	1.314860	I:	D:
18946	19215	-	1	1.330763	I:	D:
19504	20700	+	1	1.337926	I:	D:
20937	21911	-	3	1.330511	I:	D:
22474	23601	+	1	1.324621	I:	D:
23691	24416	-	3	1.317791	I:	D:
24515	25444	-	2	1.299241	I:	D:
25460	26719	-	2	1.308482	I:	D:
26753	27499	-	2	1.314459	I:	D:
27587	27844	-	2	1.324491	I:	D:
27913	28752	-	1	1.334702	I:	D:
29067	29447	+	3	1.342623	I:	D:
29669	33634	-	2	1.338425	I:	D:
33762	33887	-	3	1.397717	I:	D:
>Y8.M087_15
2	214	+	2	1.360606	I:	D:
257	388	+	2	1.332926	I:	D:
569	1939	+	2	1.328118	I:	D:
2020	2811	-	1	1.305283	I:	D:
3065	4030	+	2	1.325437	I:	D:
4170	4604	-	3	1.300323	I:	D:
4632	5126	-	3	1.323473	I:	D:
5227	7323	-	1	1.312670	I:	D:
7408	7575	+	1	1.365620	I:	D:
7576	7842	-	1	1.337053	I:	D:
8129	9064	-	2	1.294024	I:	D:
9061	9987	-	1	1.328879	I:	D:
10060	11043	-	1	1.326163	I:	D:
11030	11416	-	2	1.292902	I:	D:
11432	14107	-	2	1.316964	I:	D:
14137	14421	-	1	1.326949	I:	D:
14432	14710	-	2	1.314324	I:	D:
14741	15922	-	2	1.301851	I:	D:
15954	16421	-	3	1.298199	I:	D:
16589	17461	-	2	1.303581	I:	D:
17465	20185	-	2	1.316569	I:	D:
20474	21709	-	2	1.316539	I:	D:
21865	23169	-	1	1.322725	I:	D:
23182	24930	-	1	1.304382	I:	D:
24944	25912	-	2	1.345439	I:	D:
25919	27490	-	2	1.329295	I:	D:
27610	29823	-	1	1.321027	I:	D:
30451	30606	+	1	1.368706	I:	D:
30848	32296	+	2	1.316887	I:	D:
32484	33647	-	3	1.303357	I:	D:
33647	33865	-	2	1.272265	I:	D:
>Y8.M087_16
3	236	-	3	1.329525	I:	D:
455	1336	+	2	1.328286	I:	D:
1343	1849	+	2	1.325378	I:	D:
1884	2951	+	3	1.312833	I:	D:
3040	5019	-	1	1.319770	I:	D:
5239	5805	-	1	1.304957	I:	D:
6149	8224	+	2	1.303716	I:	D:
8409	9734	+	3	1.313873	I:	D:
9958	10329	+	1	1.292934	I:	D:
10326	11018	+	3	1.293816	I:	D:
11144	11347	-	2	1.332562	I:	D:
11366	11875	-	2	1.284047	I:	D:
11888	13741	-	2	1.308163	I:	D:
14098	15219	+	1	1.317059	I:	D:
15309	17438	-	3	1.318597	I:	D:
17486	18307	+	2	1.327899	I:	D:
18387	19781	-	3	1.313691	I:	D:
19806	20069	-	3	1.271065	I:	D:
20093	20860	-	2	1.321468	I:	D:
20936	21757	+	2	1.299554	I:	D:
21901	22272	+	1	1.290582	I:	D:
22355	24157	+	2	1.302422	I:	D:
24255	25733	-	3	1.320935	I:	D:
25748	27421	-	2	1.317643	I:	D:
27573	28061	-	3	1.310649	I:	D:
28351	29763	+	1	1.319294	I:	D:
29877	31049	-	3	1.309971	I:	D:
31184	31324	-	2	1.317477	I:	D:
31397	32506	-	2	1.307923	I:	D:
>Y8.M087_17
1	1296	+	1	1.316335	I:	D:
1296	2483	+	3	1.333278	I:	D:
2730	2918	+	3	1.361471	I:	D:
2480	4093	+	2	1.343728	I:	D:
4188	4877	+	3	1.349565	I:	D:
4934	5947	+	2	1.331847	I:	D:
5969	6820	+	2	1.314891	I:	D:
6821	7348	+	2	1.313473	I:	D:
7333	10317	+	1	1.316071	I:	D:
10447	11226	+	1	1.332228	I:	D:
11483	12679	+	2	1.320267	I:	D:
12654	13058	+	3	1.330851	I:	D:
13033	14118	+	1	1.326943	I:	D:
14340	14759	+	3	1.295632	I:	D:
14863	16248	+	1	1.319736	I:	D:
16269	16964	+	3	1.299187	I:	D:
17054	17665	+	2	1.315240	I:	D:
17799	18911	+	3	1.303477	I:	D:
18901	19437	+	1	1.301792	I:	D:
19430	20359	+	2	1.333055	I:	D:
20533	21171	+	1	1.307089	I:	D:
21842	22789	+	2	1.346518	I:	D:
22819	23868	+	1	1.309675	I:	D:
23968	25044	-	1	1.317073	I:	D:
25251	25919	-	3	1.318412	I:	D:
26173	26547	+	1	1.349699	I:	D:
26742	27116	-	3	1.324143	I:	D:
27134	29053	-	2	1.310471	I:	D:
29189	29407	-	2	1.290835	I:	D:
29602	29784	-	1	1.341710	I:	D:
>Y8.M087_18
3	923	-	3	1.329694	I:	D:
952	1281	-	1	1.309445	I:	D:
1395	2705	-	3	1.339342	I:	D:
2761	3036	-	1	1.299708	I:	D:
3191	3409	-	2	1.345647	I:	D:
3500	4843	-	2	1.331758	I:	D:
5142	5624	+	3	1.337572	I:	D:
5713	6468	-	1	1.328842	I:	D:
6462	8111	-	3	1.304507	I:	D:
8375	8632	-	2	1.265846	I:	D:
8701	10614	-	1	1.307460	I:	D:
10630	11538	-	1	1.310060	I:	D:
11893	12684	+	1	1.330387	I:	D:
12781	15126	-	1	1.323868	I:	D:
15203	16732	-	2	1.329676	I:	D:
16946	18424	+	2	1.319482	I:	D:
18543	20204	-	3	1.310106	I:	D:
20499	21932	+	3	1.316419	I:	D:
22031	22375	-	2	1.315448	I:	D:
22401	22991	-	3	1.318408	I:	D:
22992	24290	-	3	1.324045	I:	D:
24287	24925	-	2	1.313153	I:	D:
24947	26188	-	2	1.311086	I:	D:
26296	26871	-	1	1.353938	I:	D:
>Y8.M087_19
3	962	-	3	1.322999	I:	D:
1013	1516	-	2	1.317621	I:	D:
1513	2526	-	1	1.319032	I:	D:
2531	3829	-	2	1.337431	I:	D:
3875	4168	-	2	1.354449	I:	D:
4649	4819	+	2	1.336635	I:	D:
4883	5422	-	2	1.328506	I:	D:
5444	6424	-	2	1.338634	I:	D:
6432	7151	-	3	1.327392	I:	D:
7296	7574	+	3	1.301139	I:	D:
7640	8335	-	2	1.315041	I:	D:
8496	8957	+	3	1.347156	I:	D:
9022	9963	-	1	1.310059	I:	D:
10021	10518	-	1	1.313944	I:	D:
10545	11024	-	3	1.308924	I:	D:
11130	12524	-	3	1.313799	I:	D:
12029	12289	-	2	1.395123	I:	D:
12524	13411	-	2	1.326742	I:	D:
13535	16075	-	2	1.313326	I:	D:
16100	16966	-	2	1.325318	I:	D:
17088	17786	-	3	1.298729	I:	D:
17831	18664	-	2	1.291358	I:	D:
18697	19044	-	1	1.330615	I:	D:
19237	20745	-	1	1.333524	I:	D:
20835	21491	-	3	1.317495	I:	D:
21598	23571	+	1	1.309262	I:	D:
23671	24873	-	1	1.315360	I:	D:
25039	25884	-	1	1.368319	I:	D:
25973	26146	-	2	1.326938	I:	D:
26371	26670	-	1	1.325517	I:	D:
>Y8.M087_20
3	1472	+	3	1.334009	I:	D:
1537	1914	-	1	1.388252	I:	D:
2097	2693	+	3	1.356524	I:	D:
2710	4884	+	1	1.322642	I:	D:
5118	5327	+	3	1.307363	I:	D:
5347	5568	+	1	1.315144	I:	D:
5676	7835	+	3	1.313701	I:	D:
7933	8067	+	1	1.361268	I:	D:
8101	8556	+	1	1.333885	I:	D:
8733	9044	+	3	1.282373	I:	D:
9142	11229	+	1	1.322704	I:	D:
11275	11427	-	1	1.304431	I:	D:
11594	11884	+	2	1.336130	I:	D:
11903	12457	+	2	1.337289	I:	D:
12549	12971	+	3	1.327903	I:	D:
13066	14220	-	1	1.318378	I:	D:
14490	15710	+	3	1.323561	I:	D:
15851	16018	+	2	1.358395	I:	D:
16095	17003	+	3	1.318415	I:	D:
17044	18420	+	1	1.328234	I:	D:
18386	19240	+	2	1.314363	I:	D:
19382	20014	-	2	1.332309	I:	D:
19998	20282	-	3	1.316673	I:	D:
20477	21658	+	2	1.326239	I:	D:
21719	22156	-	2	1.297517	I:	D:
22176	23096	-	3	1.321049	I:	D:
23109	23258	+	3	1.363078	I:	D:
23510	24640	+	2	1.315201	I:	D:
24717	26045	+	3	1.312129	I:	D:
26129	26272	+	2	1.317553	I:	D:
>Y8.M087_21
1	2325	+	1	1.317143	I:	D:
2340	3104	+	3	1.324959	I:	D:
3104	4522	+	2	1.315106	I:	D:
4586	5077	+	2	1.310494	I:	D:
5120	5620	-	2	1.348361	I:	D:
5653	6633	-	1	1.339663	I:	D:
6968	8521	-	2	1.314588	I:	D:
8577	8735	-	3	1.311192	I:	D:
8760	9497	-	3	1.315082	I:	D:
9539	11290	-	2	1.321515	I:	D:
11435	11683	-	2	1.364967	I:	D:
11714	12334	-	2	1.311188	I:	D:
12331	12678	-	1	1.314173	I:	D:
12809	13717	+	2	1.340398	I:	D:
13869	15821	+	3	1.311760	I:	D:
16164	19547	-	3	1.310776	I:	D:
18681	18971	+	3	1.369268	I:	D:
19065	19226	+	3	1.336486	I:	D:
19675	21351	-	1	1.310773	I:	D:
21400	22326	-	1	1.331060	I:	D:
22350	23156	-	3	1.329213	I:	D:
>Y8.M087_22
3	1184	-	3	1.326371	I:	D:
1233	1688	+	3	1.296626	I:	D:
1837	2289	-	1	1.300406	I:	D:
2329	3165	-	1	1.317706	I:	D:
3351	4097	-	3	1.340592	I:	D:
4194	5930	-	3	1.338819	I:	D:
5934	7466	-	3	1.329957	I:	D:
7612	8325	-	1	1.313074	I:	D:
8312	9193	-	2	1.317052	I:	D:
9960	10703	+	3	1.335025	I:	D:
10693	10995	+	1	1.333076	I:	D:
11056	12585	-	1	1.327179	I:	D:
12722	12916	-	2	1.322086	I:	D:
12903	13298	-	3	1.314662	I:	D:
13298	13435	+	2	1.334050	I:	D:
13498	14790	+	1	1.311063	I:	D:
14977	15906	-	1	1.316971	I:	D:
16029	17729	-	3	1.312292	I:	D:
17803	18693	-	1	1.327341	I:	D:
18705	19661	-	3	1.329925	I:	D:
19714	21732	+	1	1.332095	I:	D:
21817	22575	+	1	1.322115	I:	D:
22671	23030	-	3	1.327056	I:	D:
>Y8.M087_23
165	722	-	3	1.315690	I:	D:
807	1367	-	3	1.326804	I:	D:
1406	2293	-	2	1.319662	I:	D:
2398	3762	-	1	1.320897	I:	D:
3887	4522	-	2	1.322218	I:	D:
4537	4989	-	1	1.314591	I:	D:
5132	5383	+	2	1.315763	I:	D:
5384	5689	-	2	1.310788	I:	D:
5717	6883	-	2	1.321729	I:	D:
7077	9617	-	3	1.310464	I:	D:
9871	10758	+	1	1.320555	I:	D:
10858	11139	-	1	1.298635	I:	D:
11175	11867	-	3	1.332715	I:	D:
12117	14015	-	3	1.314434	I:	D:
14018	15790	-	2	1.302514	I:	D:
16121	17647	-	2	1.324332	I:	D:
17682	18929	-	3	1.318804	I:	D:
18948	19439	-	3	1.296081	I:	D:
19485	20735	-	3	1.318570	I:	D:
20740	21243	-	1	1.316227	I:	D:
21358	22002	-	1	1.330758	I:	D:
22051	22323	-	1	1.336058	I:	D:
>Y8.M087_24
3	815	+	3	1.320658	I:	D:
805	1233	+	1	1.298477	I:	D:
1431	2732	+	3	1.310489	I:	D:
2940	3614	+	3	1.315981	I:	D:
3618	4361	+	3	1.301963	I:	D:
4484	5341	+	2	1.315686	I:	D:
5369	6142	+	2	1.320172	I:	D:
6225	7610	-	3	1.328557	I:	D:
7740	8219	-	3	1.272609	I:	D:
8305	9510	-	1	1.337480	I:	D:
9721	10725	+	1	1.314848	I:	D:
10956	11543	+	3	1.306841	I:	D:
11624	12499	-	2	1.306868	I:	D:
12608	13840	+	2	1.320053	I:	D:
13866	15731	+	3	1.323823	I:	D:
15715	16422	+	1	1.304170	I:	D:
16415	17614	+	2	1.327138	I:	D:
17642	18652	+	2	1.316352	I:	D:
18809	19684	+	2	1.295161	I:	D:
19801	20106	+	1	1.315804	I:	D:
20112	20432	+	3	1.342214	I:	D:
20437	20727	+	1	1.336025	I:	D:
20838	22133	+	3	1.305115	I:	D:
>Y8.M087_25
3	332	+	3	1.312514	I:	D:
637	1164	-	1	1.319161	I:	D:
1299	1448	+	3	1.346032	I:	D:
2376	3140	-	3	1.344732	I:	D:
3480	5306	-	3	1.318085	I:	D:
5458	5736	-	1	1.363972	I:	D:
5861	6559	+	2	1.340871	I:	D:
6553	7386	+	1	1.331234	I:	D:
7460	9853	-	2	1.310430	I:	D:
9893	10927	-	2	1.337150	I:	D:
11026	11556	-	1	1.329716	I:	D:
12229	12450	-	1	1.378107	I:	D:
12571	13011	+	1	1.380714	I:	D:
13146	14804	-	3	1.331672	I:	D:
14814	15485	-	3	1.312819	I:	D:
15489	16133	-	3	1.305096	I:	D:
16135	16887	-	1	1.324654	I:	D:
16908	17777	-	3	1.320279	I:	D:
17800	18654	-	1	1.328093	I:	D:
18673	18804	-	1	1.296846	I:	D:
18845	19801	-	2	1.310168	I:	D:
19875	20099	-	3	1.314163	I:	D:
20192	21538	-	2	1.326482	I:	D:
>Y8.M087_26
60	341	-	3	1.319276	I:	D:
338	625	-	2	1.353489	I:	D:
723	2480	-	3	1.313244	I:	D:
2473	3921	-	1	1.315253	I:	D:
3893	5758	-	2	1.326661	I:	D:
5957	6775	-	2	1.301637	I:	D:
6768	7775	-	3	1.323777	I:	D:
7786	9039	-	1	1.317172	I:	D:
9055	10059	-	1	1.319767	I:	D:
10159	12132	-	1	1.322873	I:	D:
12403	13329	+	1	1.345530	I:	D:
13332	13526	-	3	1.308459	I:	D:
13632	15122	+	3	1.315959	I:	D:
15363	17009	-	3	1.317282	I:	D:
17282	18616	+	2	1.329365	I:	D:
18627	19604	-	3	1.345640	I:	D:
19819	20073	+	1	1.334058	I:	D:
20196	20450	-	3	1.359775	I:	D:
>Y8.M087_27
66	266	-	3	1.317377	I:	D:
581	1861	+	2	1.310515	I:	D:
1899	2828	+	3	1.312290	I:	D:
2867	3706	+	2	1.328094	I:	D:
3731	4633	+	2	1.321653	I:	D:
4697	4846	+	2	1.382861	I:	D:
4929	5825	+	3	1.384741	I:	D:
5861	5995	+	2	1.342796	I:	D:
6392	7609	+	2	1.317110	I:	D:
7782	8504	+	3	1.311385	I:	D:
8538	8690	+	3	1.279314	I:	D:
8751	9281	+	3	1.324911	I:	D:
9262	9579	+	1	1.328553	I:	D:
9646	10257	+	1	1.296695	I:	D:
10325	12346	+	2	1.320451	I:	D:
12469	12975	+	1	1.300414	I:	D:
13001	14026	+	2	1.301120	I:	D:
14029	14349	-	1	1.376299	I:	D:
14020	14646	+	1	1.307278	I:	D:
14652	15923	+	3	1.313128	I:	D:
16103	16264	+	2	1.317043	I:	D:
16271	16438	+	2	1.390486	I:	D:
16725	17858	+	3	1.312965	I:	D:
17865	18473	+	3	1.330431	I:	D:
18754	18984	+	1	1.289641	I:	D:
19069	20424	+	1	1.327043	I:	D:
>Y8.M087_28
625	1242	-	1	1.314827	I:	D:
1387	4734	+	1	1.325762	I:	D:
4839	5225	-	3	1.282638	I:	D:
5434	6642	+	1	1.316138	I:	D:
6936	7202	+	3	1.319022	I:	D:
7389	10655	+	3	1.317033	I:	D:
10672	12861	+	1	1.312931	I:	D:
13038	14774	+	3	1.311684	I:	D:
14801	17050	+	2	1.310505	I:	D:
17145	20189	+	3	1.316813	I:	D:
>Y8.M087_29
3	863	-	3	1.350675	I:	D:
910	1152	-	1	1.361275	I:	D:
1321	1776	-	1	1.325597	I:	D:
1773	2525	-	3	1.318121	I:	D:
2644	3063	-	1	1.291179	I:	D:
3308	3682	-	2	1.393677	I:	D:
3711	4064	-	3	1.340599	I:	D:
4070	4399	+	2	1.391692	I:	D:
4427	4564	-	2	1.343480	I:	D:
4827	5357	+	3	1.323454	I:	D:
5613	5825	-	3	1.334971	I:	D:
5825	7084	+	2	1.320177	I:	D:
7089	8222	+	3	1.324012	I:	D:
8194	9324	+	1	1.330042	I:	D:
9450	9689	-	3	1.362371	I:	D:
10251	10937	-	3	1.356717	I:	D:
9321	11369	+	3	1.382529	I:	D:
11399	12799	-	2	1.316097	I:	D:
12835	13701	-	1	1.311846	I:	D:
13720	15249	-	1	1.316916	I:	D:
15259	15798	-	1	1.326978	I:	D:
15795	16298	-	3	1.267358	I:	D:
16336	16614	-	1	1.319544	I:	D:
16665	17426	-	3	1.317254	I:	D:
17593	18015	-	1	1.317157	I:	D:
18120	18485	-	3	1.358647	I:	D:
18672	19910	-	3	1.321016	I:	D:
>Y8.M087_30
3	1916	+	3	1.314950	I:	D:
1965	2630	+	3	1.298519	I:	D:
2855	3547	+	2	1.320075	I:	D:
3573	4583	+	3	1.314864	I:	D:
4810	5904	-	1	1.320171	I:	D:
5983	7368	-	1	1.306663	I:	D:
7556	8437	-	2	1.341226	I:	D:
8521	9459	-	1	1.322059	I:	D:
9456	9872	-	3	1.325991	I:	D:
9769	10620	-	1	1.346114	I:	D:
10607	11377	-	2	1.325076	I:	D:
11488	12135	+	1	1.330085	I:	D:
11939	12328	+	2	1.355079	I:	D:
12712	14112	+	1	1.315298	I:	D:
14238	16493	-	3	1.307637	I:	D:
16512	18437	-	3	1.303321	I:	D:
18559	19221	-	1	1.313614	I:	D:
>Y8.M087_31
3	737	-	3	1.324716	I:	D:
741	1604	-	3	1.353393	I:	D:
1794	2987	-	3	1.306401	I:	D:
3161	3532	-	2	1.325299	I:	D:
4130	5395	-	2	1.349176	I:	D:
5480	6562	-	2	1.319136	I:	D:
6627	7994	-	3	1.300773	I:	D:
8014	8970	-	1	1.327734	I:	D:
9211	10968	-	1	1.327950	I:	D:
11027	13147	-	2	1.316168	I:	D:
13156	13665	-	1	1.331791	I:	D:
13695	14639	-	3	1.351758	I:	D:
14663	15214	-	2	1.336198	I:	D:
15418	16206	-	1	1.328730	I:	D:
>Y8.M087_32
393	2147	-	3	1.310041	I:	D:
2144	3916	-	2	1.306847	I:	D:
4042	4899	+	1	1.317599	I:	D:
4978	6324	-	1	1.319410	I:	D:
6436	6918	+	1	1.322143	I:	D:
7201	8583	-	1	1.313851	I:	D:
8669	9328	-	2	1.328748	I:	D:
9328	10164	-	1	1.318593	I:	D:
10376	11023	-	2	1.305221	I:	D:
11210	12301	-	2	1.316298	I:	D:
12133	12864	-	1	1.298265	I:	D:
13094	13750	+	2	1.314252	I:	D:
13849	14607	-	1	1.299468	I:	D:
14637	15281	-	3	1.317391	I:	D:
>Y8.M087_33
74	1441	+	2	1.332002	I:	D:
1543	3093	+	1	1.324101	I:	D:
3597	4544	+	3	1.324715	I:	D:
4751	5548	+	2	1.318493	I:	D:
5545	5928	+	1	1.364259	I:	D:
5962	7950	+	1	1.340924	I:	D:
7941	8393	+	3	1.368751	I:	D:
8378	9346	+	2	1.321898	I:	D:
9350	10375	+	2	1.325221	I:	D:
10418	11230	+	2	1.323190	I:	D:
11247	11921	+	3	1.335804	I:	D:
11936	13546	+	2	1.314231	I:	D:
13673	14515	+	2	1.319063	I:	D:
14518	14952	+	1	1.321109	I:	D:
>Y8.M087_34
6	155	-	3	1.349929	I:	D:
158	367	+	2	1.364748	I:	D:
523	2079	-	1	1.340842	I:	D:
2167	2343	-	1	1.299730	I:	D:
3112	3588	-	1	1.339526	I:	D:
2377	5202	+	1	1.328015	I:	D:
5266	6165	-	1	1.324299	I:	D:
6176	7114	-	2	1.326509	I:	D:
7251	8960	-	3	1.323411	I:	D:
8977	10590	-	1	1.333519	I:	D:
10688	12151	-	2	1.327913	I:	D:
12178	12354	+	1	1.331151	I:	D:
12425	12568	-	2	1.353286	I:	D:
12641	13723	+	2	1.306550	I:	D:
>Y8.M087_35
3	389	-	3	1.311862	I:	D:
473	1432	-	2	1.314078	I:	D:
1451	2023	-	2	1.299386	I:	D:
2180	2317	-	2	1.316171	I:	D:
2340	3095	-	3	1.312868	I:	D:
3388	3948	-	1	1.326918	I:	D:
4227	5600	+	3	1.316145	I:	D:
5801	8029	-	2	1.307282	I:	D:
8097	9101	+	3	1.326847	I:	D:
9108	9764	+	3	1.342152	I:	D:
9820	11007	+	1	1.316427	I:	D:
11678	12445	-	2	1.334169	I:	D:
12465	12635	-	3	1.351261	I:	D:
>Y8.M087_36
1	243	-	1	1.375748	I:	D:
335	1033	+	2	1.302992	I:	D:
1048	3378	+	1	1.305443	I:	D:
3589	4917	+	1	1.313124	I:	D:
5013	5765	+	3	1.301077	I:	D:
5755	6888	+	1	1.318517	I:	D:
6885	9431	+	3	1.327902	I:	D:
9412	10383	+	1	1.320894	I:	D:
10398	11273	+	3	1.334965	I:	D:
11291	12049	+	2	1.331103	I:	D:
12129	12440	+	3	1.340584	I:	D:
>Y8.M087_37
128	613	+	2	1.313816	I:	D:
688	1479	-	1	1.333017	I:	D:
1776	2687	+	3	1.303204	I:	D:
2944	3498	+	1	1.305213	I:	D:
3626	5125	+	2	1.332293	I:	D:
5145	6038	-	3	1.334146	I:	D:
6076	8010	+	1	1.329888	I:	D:
8063	8944	+	2	1.316303	I:	D:
9082	9420	+	1	1.296648	I:	D:
9425	10192	-	2	1.340481	I:	D:
10292	11782	-	2	1.343001	I:	D:
>Y8.M087_38
3	962	-	3	1.304175	I:	D:
1146	2834	-	3	1.312307	I:	D:
2930	4591	-	2	1.321235	I:	D:
4622	5707	-	2	1.317901	I:	D:
5973	7121	-	3	1.325815	I:	D:
7368	9293	+	3	1.308308	I:	D:
>Y8.M087_39
1	180	+	1	1.266036	I:	D:
182	1774	+	2	1.329669	I:	D:
1792	2829	+	1	1.327404	I:	D:
2813	4192	+	2	1.331696	I:	D:
4202	7987	+	2	1.332741	I:	D:
7984	9003	+	1	1.317806	I:	D:
>Y8.M087_40
298	558	+	1	1.370329	I:	D:
1035	1520	-	3	1.322362	I:	D:
1535	2137	-	2	1.295188	I:	D:
2266	3303	-	1	1.314879	I:	D:
3348	3872	-	3	1.343788	I:	D:
4034	5191	-	2	1.322431	I:	D:
5208	5804	-	3	1.316600	I:	D:
5857	6174	-	1	1.331453	I:	D:
6294	6554	-	3	1.328676	I:	D:
7034	8398	-	2	1.327268	I:	D:
8445	8714	-	3	1.341516	I:	D:
>Y8.M087_41
1	306	+	1	1.326296	I:	D:
312	1145	+	3	1.327360	I:	D:
1142	2074	+	2	1.314403	I:	D:
2265	3752	+	3	1.327135	I:	D:
4371	5030	+	3	1.324765	I:	D:
>Y8.M087_42
1	684	+	1	1.326407	I:	D:
788	2818	-	2	1.325366	I:	D:
2954	4192	-	2	1.320050	I:	D:
4422	4634	-	3	1.315134	I:	D:
>Y8.M087_43
89	391	-	2	1.349445	I:	D:
480	731	-	3	1.332926	I:	D:
865	2238	-	1	1.341486	I:	D:
2409	2906	-	3	1.308567	I:	D:
3113	3535	-	2	1.332028	I:	D:
3590	4162	-	2	1.344020	I:	D:
4282	4680	-	1	1.295424	I:	D:
>Y8.M087_44
130	423	+	1	1.300957	I:	D:
491	1111	+	2	1.322738	I:	D:
1124	1726	+	2	1.313035	I:	D:
1727	2080	+	2	1.288605	I:	D:
>Y8.M087_45
84	2324	-	3	1.318213	I:	D:
2542	3609	+	1	1.322681	I:	D:
3661	4683	+	1	1.320292	I:	D:
4816	7926	-	1	1.308773	I:	D:
8042	9031	-	2	1.328064	I:	D:
9249	11486	-	3	1.308899	I:	D:
11184	11420	+	3	1.278457	I:	D:
11559	12458	+	3	1.306723	I:	D:
>Y8.M087_46
3	200	+	3	1.327071	I:	D:
228	1073	+	3	1.328492	I:	D:
1105	2280	+	1	1.328992	I:	D:
2344	3021	-	1	1.309300	I:	D:
3057	3950	-	3	1.340285	I:	D:
4107	5111	+	3	1.340752	I:	D:
5285	5986	+	2	1.332354	I:	D:
6069	6605	+	3	1.313887	I:	D:
>Y8.M087_47
156	1535	-	3	1.324900	I:	D:
1609	2022	-	1	1.292105	I:	D:
2446	2994	+	1	1.363037	I:	D:
3064	3534	+	1	1.349440	I:	D:
4007	4228	+	2	1.410718	I:	D:
4241	4384	+	2	1.358317	I:	D:
4640	5026	-	2	1.310817	I:	D:
5106	5870	-	3	1.317695	I:	D:
>Y8.M087_48
125	859	+	2	1.325956	I:	D:
920	1696	-	2	1.326466	I:	D:
1981	2901	+	1	1.328601	I:	D:
2920	3099	+	1	1.327528	I:	D:
3104	3427	-	2	1.319881	I:	D:
>Y8.M087_49
2	172	-	2	1.350366	I:	D:
381	1712	-	3	1.327643	I:	D:
1815	2504	-	3	1.333986	I:	D:
2554	5184	-	1	1.322611	I:	D:
5394	5807	+	3	1.377005	I:	D:
5876	6265	+	2	1.332312	I:	D:
6486	9692	-	3	1.311696	I:	D:
9692	10822	-	2	1.326253	I:	D:
>Y8.M087_50
1	1245	-	1	1.304395	I:	D:
1370	5218	-	2	1.302664	I:	D:
5523	5675	-	3	1.269547	I:	D:
5722	5925	+	1	1.297814	I:	D:
6038	6727	-	2	1.325299	I:	D:
6853	8682	-	1	1.347049	I:	D:
8702	9733	-	2	1.336914	I:	D:
>Y8.M087_51
41	2293	+	2	1.326828	I:	D:
2540	3703	+	2	1.318876	I:	D:
3706	5730	+	1	1.318845	I:	D:
5743	6231	+	1	1.298706	I:	D:
6233	7105	+	2	1.350676	I:	D:
7126	7509	+	1	1.314419	I:	D:
7540	8064	+	1	1.321199	I:	D:
>Y8.M087_52
4	1392	-	1	1.334802	I:	D:
1415	2254	-	2	1.327790	I:	D:
2286	2459	-	3	1.325692	I:	D:
2486	3985	+	2	1.323156	I:	D:
>Y8.M087_53
2	307	+	2	1.325923	I:	D:
693	2486	+	3	1.330500	I:	D:
2578	2922	+	1	1.323308	I:	D:
>Y8.M087_54
3	1091	-	3	1.311706	I:	D:
1111	2955	-	1	1.296152	I:	D:
2936	4684	-	2	1.311672	I:	D:
4884	5267	-	3	1.378341	I:	D:
>Y8.M087_55
3	1094	-	3	1.310864	I:	D:
1066	2382	-	1	1.327985	I:	D:
2379	2870	-	3	1.336794	I:	D:
2867	3046	-	2	1.296663	I:	D:
>Y8.M087_56
2	1666	+	2	1.322642	I:	D:
1962	2936	+	3	1.334706	I:	D:
>Y8.M087_57
3	1076	-	3	1.319976	I:	D:
1073	2863	-	2	1.328832	I:	D:
1061	2152	+	2	1.367704	I:	D:
2216	2638	+	2	1.364544	I:	D:
2994	4280	-	3	1.311844	I:	D:
4499	5365	-	2	1.319187	I:	D:
5529	5909	+	3	1.306286	I:	D:
6020	6613	+	2	1.290620	I:	D:
6782	7864	-	2	1.312110	I:	D:
8143	9225	+	1	1.300954	I:	D:
9401	10603	+	2	1.314235	I:	D:
10703	11365	-	2	1.301318	I:	D:
11523	11891	-	3	1.327068	I:	D:
11893	12912	-	1	1.318839	I:	D:
13061	13738	+	2	1.319682	I:	D:
13695	14117	+	3	1.330270	I:	D:
14137	14610	+	1	1.290953	I:	D:
14612	15991	-	2	1.301864	I:	D:
15982	17112	-	1	1.307624	I:	D:
17119	18063	-	1	1.313263	I:	D:
18251	19435	-	2	1.302431	I:	D:
19514	21037	-	2	1.315749	I:	D:
21041	21661	-	2	1.300977	I:	D:
21825	23042	-	3	1.302852	I:	D:
23381	23935	-	2	1.331997	I:	D:
24129	24845	-	3	1.306830	I:	D:
24879	25352	-	3	1.320508	I:	D:
25388	25711	-	2	1.348523	I:	D:
25919	27334	-	2	1.309546	I:	D:
27344	27523	-	2	1.247511	I:	D:
27544	28839	-	1	1.300951	I:	D:
29022	31238	-	3	1.324281	I:	D:
31239	33890	-	3	1.316220	I:	D:
34053	34199	+	3	1.366877	I:	D:
34317	34703	-	3	1.313289	I:	D:
>Y8.M087_58
29	1201	-	2	1.320380	I:	D:
1007	1189	+	2	1.347247	I:	D:
1198	1890	-	1	1.325733	I:	D:
2043	3029	+	3	1.370526	I:	D:
3113	4054	+	2	1.312940	I:	D:
4158	4304	-	3	1.355962	I:	D:
4425	5894	-	3	1.325711	I:	D:
6105	6584	-	3	1.315073	I:	D:
7121	8461	+	2	1.340698	I:	D:
8481	9128	+	3	1.324839	I:	D:
9022	9321	+	1	1.335364	I:	D:
9364	11352	+	1	1.321525	I:	D:
11483	11626	+	2	1.315804	I:	D:
11717	12997	-	2	1.309929	I:	D:
12997	14526	-	1	1.318115	I:	D:
14797	15234	+	1	1.314142	I:	D:
15286	15513	+	1	1.289799	I:	D:
15544	16482	+	1	1.300000	I:	D:
16479	17399	+	3	1.316168	I:	D:
17410	18168	+	1	1.307084	I:	D:
18185	19420	+	2	1.312044	I:	D:
19457	19972	+	2	1.285147	I:	D:
19999	20436	+	1	1.305561	I:	D:
20433	21779	+	3	1.354538	I:	D:
22124	22306	+	2	1.402504	I:	D:
22337	24046	+	2	1.342488	I:	D:
>Y8.M087_59
1	744	-	1	1.316651	I:	D:
753	890	+	3	1.316200	I:	D:
1109	2404	-	2	1.306195	I:	D:
2595	4028	-	3	1.306713	I:	D:
4466	5014	-	2	1.303710	I:	D:
5107	6303	+	1	1.339537	I:	D:
6312	7007	-	3	1.322014	I:	D:
7110	8195	-	3	1.300924	I:	D:
8348	9112	-	2	1.308541	I:	D:
9179	11323	-	2	1.289362	I:	D:
11533	12009	+	1	1.316123	I:	D:
12094	12309	+	1	1.379962	I:	D:
12328	12468	-	1	1.364452	I:	D:
12582	13046	+	3	1.313710	I:	D:
13136	14353	-	2	1.309848	I:	D:
14384	14830	-	2	1.310312	I:	D:
14923	15774	-	1	1.325649	I:	D:
15771	16745	-	3	1.308508	I:	D:
>Y8.M087_60
356	1684	+	2	1.348009	I:	D:
1624	1920	+	1	1.402802	I:	D:
1953	2174	+	3	1.286119	I:	D:
2635	4635	+	1	1.310651	I:	D:
4847	5077	-	2	1.320799	I:	D:
5238	5603	+	3	1.334629	I:	D:
5681	5899	-	2	1.318784	I:	D:
6184	7242	+	1	1.305022	I:	D:
7259	7903	+	2	1.273279	I:	D:
7970	9847	+	2	1.309015	I:	D:
10073	11281	+	2	1.328507	I:	D:
11449	12225	+	1	1.323113	I:	D:
>Y8.M087_61
1	558	+	1	1.293167	I:	D:
1089	2258	+	3	1.319543	I:	D:
2280	3278	+	3	1.313894	I:	D:
3275	4465	+	2	1.305733	I:	D:
4689	7121	+	3	1.313656	I:	D:
7214	7993	-	2	1.327480	I:	D:
8039	8494	-	2	1.322151	I:	D:
8491	9273	-	1	1.303396	I:	D:
9270	10814	-	3	1.319755	I:	D:
10774	11112	-	1	1.310506	I:	D:
>Y8.M087_62
3	662	-	3	1.313925	I:	D:
830	1705	+	2	1.315257	I:	D:
1751	2392	+	2	1.321575	I:	D:
2483	2920	-	2	1.291016	I:	D:
3084	4433	-	3	1.292959	I:	D:
4417	4881	-	1	1.288945	I:	D:
>Y8.M087_63
1	333	+	1	1.318676	I:	D:
338	1378	+	2	1.332163	I:	D:
1399	3336	+	1	1.319986	I:	D:
3464	3898	+	2	1.303877	I:	D:
3949	4257	+	1	1.310776	I:	D:
4281	4868	+	3	1.300299	I:	D:
4861	6627	+	1	1.319182	I:	D:
6642	8066	+	3	1.320797	I:	D:
8087	8710	+	2	1.316964	I:	D:
8942	10708	+	2	1.312068	I:	D:
10766	12622	+	2	1.316530	I:	D:
12850	15594	+	1	1.329030	I:	D:
15760	16830	+	1	1.325149	I:	D:
17028	18383	+	3	1.315869	I:	D:
18642	19325	+	3	1.313233	I:	D:
19391	19597	+	2	1.357860	I:	D:
19620	20339	+	3	1.329704	I:	D:
20336	21022	+	2	1.322986	I:	D:
21166	22227	+	1	1.321637	I:	D:
22260	23204	+	3	1.319342	I:	D:
23376	24458	+	3	1.345300	I:	D:
24650	27256	+	2	1.302644	I:	D:
27253	27426	+	1	1.312707	I:	D:
27471	29273	+	3	1.323252	I:	D:
29486	31759	+	2	1.295297	I:	D:
>Y8.M087_64
3	524	-	3	1.295740	I:	D:
602	808	+	2	1.344952	I:	D:
944	1432	-	2	1.321616	I:	D:
1710	2234	-	3	1.314193	I:	D:
2260	2700	-	1	1.355132	I:	D:
2728	3222	-	1	1.307157	I:	D:
3219	3797	-	3	1.324308	I:	D:
4128	4733	-	3	1.336736	I:	D:
5165	6115	-	2	1.333581	I:	D:
6386	6532	+	2	1.324214	I:	D:
6889	8100	+	1	1.313853	I:	D:
8240	9415	-	2	1.332375	I:	D:
9405	10583	-	3	1.323557	I:	D:
10602	11624	-	3	1.331817	I:	D:
11930	12931	-	2	1.311639	I:	D:
12944	15133	-	2	1.328038	I:	D:
15241	17139	-	1	1.308211	I:	D:
17326	17676	-	1	1.338056	I:	D:
17673	18932	-	3	1.318044	I:	D:
19188	19826	-	3	1.338673	I:	D:
20087	21703	-	2	1.317388	I:	D:
21821	23299	-	2	1.322004	I:	D:
23764	23982	-	1	1.284133	I:	D:
24026	24436	-	2	1.317557	I:	D:
24478	24894	-	1	1.309441	I:	D:
24967	25572	-	1	1.344382	I:	D:
25559	26110	-	2	1.337677	I:	D:
26107	26676	-	1	1.308957	I:	D:
26851	27708	+	1	1.323194	I:	D:
27870	29204	+	3	1.326805	I:	D:
29358	29495	+	3	1.337877	I:	D:
29508	29687	-	3	1.327865	I:	D:
>Y8.M087_65
1	510	+	1	1.305476	I:	D:
711	1565	+	3	1.326850	I:	D:
2163	3470	+	3	1.322503	I:	D:
3603	4187	+	3	1.293567	I:	D:
4180	5901	+	1	1.318126	I:	D:
6600	9563	-	3	1.319461	I:	D:
9767	11485	-	2	1.307378	I:	D:
11588	12451	-	2	1.327912	I:	D:
12464	13285	-	2	1.311434	I:	D:
13309	14022	+	1	1.310937	I:	D:
13988	15745	+	2	1.321406	I:	D:
15836	16927	+	2	1.332189	I:	D:
16966	17235	-	1	1.325939	I:	D:
17440	18528	-	1	1.368709	I:	D:
19167	20024	+	3	1.322436	I:	D:
20046	20369	+	3	1.355500	I:	D:
20360	20752	+	2	1.284663	I:	D:
21111	21389	+	3	1.331289	I:	D:
21376	22515	+	1	1.337123	I:	D:
22725	24656	-	3	1.358457	I:	D:
24663	26093	+	3	1.322837	I:	D:
26109	27425	+	3	1.323604	I:	D:
>Y8.M087_66
176	358	-	2	1.344039	I:	D:
469	771	+	1	1.359445	I:	D:
1035	1745	+	3	1.305437	I:	D:
1762	4440	+	1	1.311952	I:	D:
4545	5351	-	3	1.307845	I:	D:
5438	5683	-	2	1.360859	I:	D:
5701	6813	+	1	1.321603	I:	D:
7001	8101	+	2	1.315069	I:	D:
8479	8700	-	1	1.357671	I:	D:
8941	9381	-	1	1.354477	I:	D:
8221	9936	+	1	1.317193	I:	D:
10365	10520	+	3	1.336833	I:	D:
10831	11496	+	1	1.333549	I:	D:
11623	12876	+	1	1.306030	I:	D:
12954	14045	-	3	1.326542	I:	D:
14155	14634	+	1	1.363263	I:	D:
14782	15939	+	1	1.309568	I:	D:
15939	18407	+	3	1.316355	I:	D:
18466	18921	-	1	1.357061	I:	D:
19114	20256	-	1	1.355526	I:	D:
19816	20769	+	1	1.320805	I:	D:
20796	22328	+	3	1.319429	I:	D:
22389	23219	+	3	1.335068	I:	D:
23239	24492	+	1	1.328231	I:	D:
>Y8.M087_67
47	586	+	2	1.303380	I:	D:
595	1980	+	1	1.317070	I:	D:
1996	2652	+	1	1.290461	I:	D:
2664	3434	+	3	1.309597	I:	D:
3571	5079	+	1	1.320043	I:	D:
5170	6966	-	1	1.342586	I:	D:
7195	7479	+	1	1.360729	I:	D:
7539	11309	+	3	1.307046	I:	D:
11332	12753	+	1	1.311798	I:	D:
12765	13826	+	3	1.317698	I:	D:
13833	14930	+	3	1.294114	I:	D:
15504	16424	-	3	1.293902	I:	D:
16484	17809	-	2	1.302068	I:	D:
18015	18863	+	3	1.332946	I:	D:
18990	21170	+	3	1.319041	I:	D:
21268	21561	-	1	1.296163	I:	D:
>Y8.M087_68
111	914	+	3	1.353157	I:	D:
944	1108	+	2	1.333744	I:	D:
1533	2000	+	3	1.287596	I:	D:
2208	3827	+	3	1.320384	I:	D:
4047	5225	+	3	1.314598	I:	D:
5511	6215	+	3	1.318120	I:	D:
6287	7756	+	2	1.316319	I:	D:
7770	8621	+	3	1.315127	I:	D:
8799	11975	+	3	1.317542	I:	D:
11987	15460	+	2	1.315101	I:	D:
15542	16534	+	2	1.325733	I:	D:
16658	18238	+	2	1.305192	I:	D:
18271	18426	+	1	1.372594	I:	D:
>Y8.M087_69
3	1247	-	3	1.313886	I:	D:
1701	2441	-	3	1.305648	I:	D:
2476	3585	-	1	1.301532	I:	D:
3828	4643	+	3	1.326557	I:	D:
4609	5073	+	1	1.360578	I:	D:
5089	5487	+	1	1.307883	I:	D:
5506	6858	+	1	1.333574	I:	D:
7038	7604	-	3	1.323342	I:	D:
7775	8320	-	2	1.312503	I:	D:
8491	8889	-	1	1.369296	I:	D:
8925	9098	+	3	1.330596	I:	D:
9403	10554	+	1	1.339567	I:	D:
11075	11947	-	2	1.330329	I:	D:
11963	14857	-	2	1.297941	I:	D:
15065	16306	-	2	1.305858	I:	D:
>Y8.M087_70
2	1030	+	2	1.314190	I:	D:
1143	3641	+	3	1.329580	I:	D:
3807	5357	+	3	1.302452	I:	D:
5585	9547	+	2	1.323903	I:	D:
9586	13311	+	1	1.309649	I:	D:
13620	13856	+	3	1.325570	I:	D:
13878	14063	+	3	1.331859	I:	D:
>Y8.M087_71
207	1625	-	3	1.327726	I:	D:
1889	2872	+	2	1.329695	I:	D:
2875	3606	-	1	1.328044	I:	D:
3610	4488	-	1	1.322999	I:	D:
4490	5293	-	2	1.334663	I:	D:
5371	6429	-	1	1.335989	I:	D:
6573	7211	-	3	1.352099	I:	D:
7296	8189	-	3	1.305474	I:	D:
8287	8418	+	1	1.350653	I:	D:
8765	9214	-	2	1.313007	I:	D:
9388	9747	+	1	1.303624	I:	D:
>Y8.M087_72
218	823	-	2	1.332797	I:	D:
842	1099	-	2	1.268694	I:	D:
1181	1525	-	2	1.316943	I:	D:
1619	2257	-	2	1.302960	I:	D:
2462	3337	+	2	1.317555	I:	D:
3392	3655	+	2	1.315473	I:	D:
3802	4758	-	1	1.312565	I:	D:
4934	5677	-	2	1.329274	I:	D:
5976	6674	-	3	1.298332	I:	D:
6979	7221	+	1	1.338410	I:	D:
7668	7811	+	3	1.360099	I:	D:
7823	8260	+	2	1.356964	I:	D:
8273	8617	+	2	1.363424	I:	D:
>Y8.M087_73
3	146	-	3	1.283664	I:	D:
266	1525	-	2	1.292334	I:	D:
1609	2460	-	1	1.316251	I:	D:
2513	3196	-	2	1.331770	I:	D:
3223	4311	-	1	1.302325	I:	D:
4497	5366	-	3	1.313458	I:	D:
5372	6058	-	2	1.302464	I:	D:
>Y8.M087_74
1	603	+	1	1.307050	I:	D:
636	1019	+	3	1.310334	I:	D:
1009	2007	+	1	1.317101	I:	D:
2128	3522	+	1	1.319200	I:	D:
3755	4237	+	2	1.291722	I:	D:
4257	5723	+	3	1.325790	I:	D:
>Y8.M087_75
1	219	-	1	1.313657	I:	D:
276	1529	-	3	1.326526	I:	D:
1641	2651	-	3	1.291841	I:	D:
2890	5460	-	1	1.297686	I:	D:
5695	6222	-	1	1.296324	I:	D:
>Y8.M087_76
2	1594	+	2	1.315327	I:	D:
1639	2403	+	1	1.337441	I:	D:
2522	3088	+	2	1.319923	I:	D:
>Y8.M087_77
3	1376	+	3	1.311341	I:	D:
1437	2330	+	3	1.309153	I:	D:
>Y8.M087_78
3	1826	-	3	1.325381	I:	D:
2241	3104	-	3	1.303862	I:	D:
3284	4183	-	2	1.308798	I:	D:
4370	4906	-	2	1.297537	I:	D:
5011	5973	-	1	1.307729	I:	D:
6046	6639	-	1	1.328283	I:	D:
6656	7048	-	2	1.349600	I:	D:
7099	7467	-	1	1.339548	I:	D:
7528	7728	+	1	1.405909	I:	D:
7995	8159	-	3	1.318423	I:	D:
8170	9687	-	1	1.318036	I:	D:
10327	10545	-	1	1.319098	I:	D:
10549	10800	-	1	1.298718	I:	D:
10797	11567	-	3	1.324706	I:	D:
11571	12215	-	3	1.313771	I:	D:
12383	13699	-	2	1.315026	I:	D:
13699	14139	-	1	1.320896	I:	D:
14152	14334	-	1	1.303983	I:	D:
14349	14858	-	3	1.308534	I:	D:
14879	15247	-	2	1.321569	I:	D:
15265	15804	-	1	1.332182	I:	D:
15886	16287	-	1	1.308907	I:	D:
16312	16497	-	1	1.350819	I:	D:
16514	17053	-	2	1.295425	I:	D:
17074	17415	-	1	1.279047	I:	D:
17426	17794	-	2	1.300066	I:	D:
17830	18087	-	1	1.323252	I:	D:
18303	18740	-	3	1.320945	I:	D:
18743	19399	-	2	1.311597	I:	D:
19412	19798	-	2	1.358790	I:	D:
19832	20113	-	2	1.343735	I:	D:
20125	20970	-	1	1.348461	I:	D:
21032	21331	-	2	1.284334	I:	D:
21331	21951	-	1	1.319227	I:	D:
21978	22613	-	3	1.318110	I:	D:
22807	23124	-	1	1.328697	I:	D:
23423	23629	+	2	1.366195	I:	D:
23634	24680	-	3	1.289484	I:	D:
24868	25623	+	1	1.342337	I:	D:
25723	25986	-	1	1.292075	I:	D:
25983	26921	-	3	1.338567	I:	D:
26932	27813	-	1	1.327591	I:	D:
27843	28778	-	3	1.308586	I:	D:
28960	30042	+	1	1.376122	I:	D:
30127	30360	+	1	1.322265	I:	D:
30494	31675	-	2	1.327941	I:	D:
31682	32338	-	2	1.330563	I:	D:
32355	33509	-	3	1.321431	I:	D:
33509	34261	-	2	1.314769	I:	D:
34304	35260	-	2	1.305561	I:	D:
35373	35882	-	3	1.343529	I:	D:
>Y8.M087_79
2	163	+	2	1.298207	I:	D:
314	484	-	2	1.328662	I:	D:
483	1472	+	3	1.318256	I:	D:
1640	2107	+	2	1.343149	I:	D:
>Y8.M087_80
3	2150	-	3	1.334196	I:	D:
2323	3090	-	1	1.328076	I:	D:
3109	3774	-	1	1.306913	I:	D:
3797	5041	-	2	1.325148	I:	D:
5599	5775	+	1	1.371343	I:	D:
6042	6176	+	3	1.351919	I:	D:
6273	8003	-	3	1.338917	I:	D:
7993	8505	-	1	1.307397	I:	D:
8696	10096	+	2	1.319842	I:	D:
10118	10288	+	2	1.338894	I:	D:
10301	12178	-	2	1.326833	I:	D:
12241	12585	+	1	1.285778	I:	D:
12600	13601	+	3	1.334618	I:	D:
13738	13992	+	1	1.408870	I:	D:
14091	14255	+	3	1.379760	I:	D:
14454	15908	-	3	1.330360	I:	D:
16066	16947	+	1	1.310021	I:	D:
>Y8.M087_81
3	1667	-	3	1.331000	I:	D:
1846	4596	-	1	1.318500	I:	D:
4888	6033	+	1	1.339135	I:	D:
6041	7435	-	2	1.332575	I:	D:
7555	8301	+	1	1.307716	I:	D:
>Y8.M087_82
2	901	+	2	1.330976	I:	D:
923	1693	+	2	1.320252	I:	D:
1805	2545	+	2	1.317134	I:	D:
2756	4096	-	2	1.334577	I:	D:
4322	4744	+	2	1.322672	I:	D:
4885	5583	+	1	1.313125	I:	D:
>Y8.M087_83
70	264	+	1	1.314281	I:	D:
472	1407	+	1	1.331460	I:	D:
1422	2351	+	3	1.321772	I:	D:
2490	4130	+	3	1.318745	I:	D:
4879	5586	-	1	1.399967	I:	D:
5840	6853	+	2	1.341781	I:	D:
6932	9544	+	2	1.328919	I:	D:
9594	10196	-	3	1.330438	I:	D:
10600	11001	+	1	1.324318	I:	D:
11023	11862	+	1	1.304935	I:	D:
11869	12576	+	1	1.326717	I:	D:
12631	14244	+	1	1.321884	I:	D:
14261	15619	+	2	1.297511	I:	D:
15616	16104	+	1	1.319677	I:	D:
16203	16721	+	3	1.306866	I:	D:
16804	17355	+	1	1.335864	I:	D:
17413	18420	+	1	1.342036	I:	D:
18417	18935	+	3	1.335437	I:	D:
18939	19157	+	3	1.313981	I:	D:
19187	19570	+	2	1.325531	I:	D:
19587	20843	+	3	1.322811	I:	D:
20950	21504	+	1	1.296865	I:	D:
21509	22078	+	2	1.330139	I:	D:
22092	22811	+	3	1.308130	I:	D:
22883	23551	-	2	1.327628	I:	D:
23879	24496	+	2	1.323417	I:	D:
24603	26072	+	3	1.323633	I:	D:
26197	27669	+	1	1.318500	I:	D:
27688	28575	+	1	1.324148	I:	D:
28672	28971	+	1	1.323487	I:	D:
29032	29652	-	1	1.307429	I:	D:
29832	32060	+	3	1.313492	I:	D:
32128	33012	-	1	1.325444	I:	D:
33203	33859	+	2	1.344721	I:	D:
33862	34383	+	1	1.326918	I:	D:
34484	34798	+	2	1.332136	I:	D:
34817	35503	+	2	1.335194	I:	D:
35507	35848	+	2	1.381553	I:	D:
36208	37164	+	1	1.332901	I:	D:
37253	37477	+	2	1.401593	I:	D:
37740	37973	-	3	1.342781	I:	D:
38381	39052	+	2	1.347477	I:	D:
39299	43096	+	2	1.319973	I:	D:
43321	43902	+	1	1.335598	I:	D:
44126	45184	+	2	1.327430	I:	D:
45269	46375	-	2	1.309701	I:	D:
46594	47457	+	1	1.340963	I:	D:
47473	48909	+	1	1.313120	I:	D:
48933	50210	+	3	1.312362	I:	D:
50863	54840	+	1	1.327041	I:	D:
54741	55703	+	3	1.334332	I:	D:
55715	56020	+	2	1.336828	I:	D:
56017	56691	+	1	1.324236	I:	D:
56840	56992	+	2	1.312720	I:	D:
57115	57246	-	1	1.344055	I:	D:
>Y8.M087_84
3	1103	-	3	1.318117	I:	D:
1103	1948	-	2	1.301982	I:	D:
2134	3492	+	1	1.315836	I:	D:
3655	4881	+	1	1.307080	I:	D:
4949	6163	-	2	1.309208	I:	D:
6432	6656	+	3	1.314534	I:	D:
6848	8926	+	2	1.310675	I:	D:
9179	9970	+	2	1.305353	I:	D:
10293	12044	+	3	1.322717	I:	D:
12160	13116	+	1	1.323640	I:	D:
13127	14044	+	2	1.322346	I:	D:
14063	15094	+	2	1.317360	I:	D:
15094	16095	+	1	1.313569	I:	D:
16099	16452	+	1	1.311112	I:	D:
16534	17172	-	1	1.306263	I:	D:
17290	18345	+	1	1.302838	I:	D:
18366	22955	+	3	1.309975	I:	D:
23057	26632	+	2	1.312252	I:	D:
26614	27861	+	1	1.314647	I:	D:
27865	28641	+	1	1.312280	I:	D:
28660	29076	-	1	1.395004	I:	D:
29078	30619	+	2	1.310817	I:	D:
30616	31188	+	1	1.325146	I:	D:
31223	32242	+	2	1.303614	I:	D:
32247	33029	+	3	1.303059	I:	D:
33083	33691	+	2	1.316609	I:	D:
34212	35129	-	3	1.358130	I:	D:
34899	35117	+	3	1.282761	I:	D:
35156	36178	+	2	1.324344	I:	D:
36171	37196	+	3	1.303840	I:	D:
37276	38004	+	1	1.311024	I:	D:
>Y8.M087_85
395	1534	-	2	1.338812	I:	D:
2217	2906	-	3	1.328035	I:	D:
2919	3779	-	3	1.326234	I:	D:
3794	3943	+	2	1.361817	I:	D:
3994	4386	+	1	1.368229	I:	D:
4403	5710	-	2	1.331185	I:	D:
5878	6498	+	1	1.346107	I:	D:
6590	7531	-	2	1.314063	I:	D:
7519	8358	-	1	1.303782	I:	D:
8468	9121	-	2	1.300719	I:	D:
9402	10505	-	3	1.328888	I:	D:
10508	11074	-	2	1.316426	I:	D:
11104	11457	-	1	1.278695	I:	D:
11491	13140	-	1	1.324932	I:	D:
13284	14363	-	3	1.322795	I:	D:
14506	14865	+	1	1.407906	I:	D:
15035	15778	+	2	1.350208	I:	D:
15912	16763	+	3	1.323659	I:	D:
16978	17991	+	1	1.322775	I:	D:
18142	21537	-	1	1.311222	I:	D:
21724	21888	+	1	1.374293	I:	D:
21958	23151	-	1	1.327703	I:	D:
23158	23319	+	1	1.354615	I:	D:
23349	25418	-	3	1.313129	I:	D:
25482	25976	-	3	1.314365	I:	D:
26126	26542	-	2	1.375550	I:	D:
26831	27313	-	2	1.329320	I:	D:
27532	28578	+	1	1.326196	I:	D:
28596	28865	-	3	1.365106	I:	D:
28575	29186	+	3	1.347535	I:	D:
29339	31348	-	2	1.319504	I:	D:
31546	32478	+	1	1.357537	I:	D:
32829	35927	-	3	1.313591	I:	D:
35920	36075	-	1	1.356438	I:	D:
>Y8.M087_86
185	616	+	2	1.324247	I:	D:
736	2544	-	1	1.316669	I:	D:
2558	3550	-	2	1.308241	I:	D:
3569	4687	-	2	1.324132	I:	D:
4934	6286	+	2	1.324459	I:	D:
6360	7508	+	3	1.290208	I:	D:
7589	8101	-	2	1.330828	I:	D:
8098	8979	-	1	1.326882	I:	D:
9091	11322	-	1	1.315102	I:	D:
11992	13107	-	1	1.317422	I:	D:
13221	14321	-	3	1.304674	I:	D:
14334	14606	-	3	1.348233	I:	D:
14618	15934	-	2	1.312163	I:	D:
15931	16818	-	1	1.303916	I:	D:
17176	17733	+	1	1.377133	I:	D:
17784	17933	+	3	1.353667	I:	D:
18159	18590	-	3	1.309271	I:	D:
18680	19444	-	2	1.348377	I:	D:
19466	21721	-	2	1.312099	I:	D:
21728	22726	-	2	1.321455	I:	D:
22895	25723	-	2	1.326455	I:	D:
25848	26981	-	3	1.325760	I:	D:
27070	28884	-	1	1.308396	I:	D:
29054	30241	-	2	1.319441	I:	D:
30267	30458	-	3	1.360016	I:	D:
30484	31509	-	1	1.327135	I:	D:
31538	31816	+	2	1.313669	I:	D:
>Y8.M087_87
2	886	-	2	1.301808	I:	D:
953	1117	-	2	1.324717	I:	D:
1253	2527	-	2	1.322993	I:	D:
2424	3254	-	3	1.306603	I:	D:
3298	4416	-	1	1.253761	I:	D:
4195	4392	+	1	1.321043	I:	D:
4477	6177	-	1	1.310455	I:	D:
6261	6428	+	3	1.382017	I:	D:
6458	6826	+	2	1.358602	I:	D:
6873	7622	+	3	1.305890	I:	D:
7691	7861	-	2	1.390993	I:	D:
8068	8271	+	1	1.292757	I:	D:
8335	8931	-	1	1.318986	I:	D:
9126	10460	-	3	1.310663	I:	D:
10465	10911	-	1	1.287192	I:	D:
10913	12958	-	2	1.304069	I:	D:
13148	13396	-	2	1.386243	I:	D:
13417	13878	-	1	1.330734	I:	D:
13890	14177	-	3	1.286837	I:	D:
14325	14516	-	3	1.295475	I:	D:
15187	16038	-	1	1.329404	I:	D:
16246	17310	+	1	1.300681	I:	D:
17398	19338	-	1	1.316946	I:	D:
19459	21063	-	1	1.305838	I:	D:
>Y8.M087_88
248	853	-	2	1.317211	I:	D:
893	1816	-	2	1.324568	I:	D:
1859	2329	-	2	1.300792	I:	D:
2326	3066	-	1	1.332212	I:	D:
3085	3294	-	1	1.383531	I:	D:
3387	6020	-	3	1.317689	I:	D:
6277	6825	-	1	1.301200	I:	D:
6852	7868	-	3	1.309969	I:	D:
7906	8973	-	1	1.319219	I:	D:
9107	9754	+	2	1.311856	I:	D:
9841	12264	-	1	1.303979	I:	D:
12381	12563	+	3	1.380517	I:	D:
12623	13069	-	2	1.316209	I:	D:
13111	13872	-	1	1.311231	I:	D:
13959	14144	+	3	1.368347	I:	D:
14263	14862	-	1	1.319245	I:	D:
>Y8.M087_89
246	1475	-	3	1.348290	I:	D:
1472	2137	-	2	1.325061	I:	D:
2168	2581	-	2	1.298305	I:	D:
2608	2943	-	1	1.325896	I:	D:
2949	4781	-	3	1.318501	I:	D:
4792	5052	-	1	1.277526	I:	D:
5068	5511	-	1	1.319250	I:	D:
5524	5787	-	1	1.306147	I:	D:
5994	6476	-	3	1.314370	I:	D:
6499	6855	+	1	1.325968	I:	D:
6867	7022	-	3	1.342667	I:	D:
7080	7355	-	3	1.279551	I:	D:
7505	8140	+	2	1.305770	I:	D:
8121	8942	+	3	1.328217	I:	D:
9027	10724	-	3	1.306430	I:	D:
>Y8.M087_90
3	1403	-	3	1.306092	I:	D:
1511	3094	-	2	1.304304	I:	D:
3091	4806	-	1	1.317966	I:	D:
5041	5514	+	1	1.341911	I:	D:
5646	7556	-	3	1.345147	I:	D:
7646	8521	-	2	1.325358	I:	D:
8531	9316	-	2	1.307005	I:	D:
>Y8.M087_91
93	1043	-	3	1.336235	I:	D:
997	2529	-	1	1.332288	I:	D:
2686	2853	-	1	1.303950	I:	D:
2904	4202	-	3	1.332645	I:	D:
4274	5074	-	2	1.345599	I:	D:
5071	6249	-	1	1.320033	I:	D:
6246	7283	-	3	1.327628	I:	D:
7280	7948	-	2	1.352181	I:	D:
8147	8629	-	2	1.313314	I:	D:
8629	9501	-	1	1.308686	I:	D:
9521	10048	-	2	1.304891	I:	D:
10076	10897	-	2	1.328732	I:	D:
11105	11365	+	2	1.290716	I:	D:
11727	13061	-	3	1.323765	I:	D:
13388	14446	+	2	1.303990	I:	D:
14473	15042	+	1	1.305112	I:	D:
15130	15453	-	1	1.341693	I:	D:
16314	18125	-	3	1.311003	I:	D:
18189	18707	-	3	1.311946	I:	D:
19100	20305	-	2	1.328964	I:	D:
21468	22400	-	3	1.331100	I:	D:
22413	23363	-	3	1.332038	I:	D:
23404	24411	-	1	1.339651	I:	D:
24802	25095	-	1	1.333965	I:	D:
>Y8.M087_92
124	1137	-	1	1.331939	I:	D:
1153	2046	-	1	1.346597	I:	D:
2050	2628	-	1	1.314049	I:	D:
2769	4469	-	3	1.310282	I:	D:
4234	4530	+	1	1.330175	I:	D:
4559	6727	+	2	1.347769	I:	D:
6729	7514	-	3	1.333079	I:	D:
7771	8061	-	1	1.286452	I:	D:
8090	9205	-	2	1.334305	I:	D:
9207	10529	-	3	1.317556	I:	D:
>Y8.M087_93
2	1636	-	2	1.278900	I:	D:
1779	2126	-	3	1.302394	I:	D:
2362	3141	-	1	1.312132	I:	D:
3355	3672	+	1	1.313395	I:	D:
3690	4745	+	3	1.341232	I:	D:
