>Y8.M041_1
691	2040	+	1	1.231230	I:	D:
2259	3221	+	3	1.257659	I:	D:
3239	4231	+	2	1.241199	I:	D:
4277	6550	+	2	1.272386	I:	D:
6594	7649	+	3	1.259353	I:	D:
7845	10538	+	3	1.268123	I:	D:
10595	10966	+	2	1.404169	I:	D:
11174	12043	+	2	1.229905	I:	D:
12047	12790	+	2	1.257809	I:	D:
13086	14453	+	3	1.241409	I:	D:
14552	16141	-	2	1.277672	I:	D:
16176	16355	+	3	1.365001	I:	D:
>Y8.M041_2
99	947	+	3	1.269920	I:	D:
1019	1213	-	2	1.287180	I:	D:
1292	2263	+	2	1.190872	I:	D:
2484	3017	+	3	1.259629	I:	D:
3014	4972	+	2	1.236757	I:	D:
4969	6984	+	1	1.213962	I:	D:
7191	7526	+	3	1.352690	I:	D:
7548	8579	+	3	1.352839	I:	D:
8697	8948	+	3	1.345453	I:	D:
9111	10121	+	3	1.312275	I:	D:
10181	10801	-	2	1.253246	I:	D:
10841	12052	-	2	1.274728	I:	D:
12095	12520	-	2	1.365754	I:	D:
12570	15881	+	3	1.226654	I:	D:
>Y8.M041_3
33	2027	+	3	1.291452	I:	D:
2032	3663	+	1	1.251730	I:	D:
3767	5884	+	2	1.356559	I:	D:
5889	7022	+	3	1.225565	I:	D:
7051	8919	+	1	1.332260	I:	D:
9219	10322	+	3	1.219845	I:	D:
10394	10654	+	2	1.383924	I:	D:
10887	11783	-	3	1.290418	I:	D:
11862	12599	-	3	1.194753	I:	D:
12648	12788	-	3	1.209346	I:	D:
12971	13849	+	2	1.267590	I:	D:
13885	14166	+	1	1.211642	I:	D:
14245	15093	+	1	1.255023	I:	D:
15231	15413	-	3	1.295303	I:	D:
15377	15895	-	2	1.381655	I:	D:
15911	16312	-	2	1.295880	I:	D:
16327	17799	-	1	1.253428	I:	D:
18048	18440	-	3	1.231282	I:	D:
>Y8.M041_4
1	288	+	1	1.413067	I:	D:
3699	3887	+	3	1.234300	I:	D:
3944	4945	-	2	1.433727	I:	D:
4956	5606	-	3	1.356029	I:	D:
5606	6925	-	2	1.373575	I:	D:
7116	7352	-	3	1.281360	I:	D:
7757	9148	-	2	1.421836	I:	D:
9454	9888	-	1	1.352447	I:	D:
10130	11566	+	2	1.285250	I:	D:
11788	13167	+	1	1.321984	I:	D:
13514	14497	-	2	1.272912	I:	D:
14671	15042	-	1	1.185862	I:	D:
15090	15314	+	3	1.310351	I:	D:
15307	15930	+	1	1.214868	I:	D:
15980	16837	+	2	1.235032	I:	D:
16847	18139	+	2	1.243214	I:	D:
18171	18578	+	3	1.231275	I:	D:
18645	19976	+	3	1.281650	I:	D:
20037	22553	+	3	1.275156	I:	D:
22618	23649	+	1	1.224696	I:	D:
23713	24792	+	1	1.317996	I:	D:
25031	25750	+	2	1.263464	I:	D:
25863	28169	+	3	1.294945	I:	D:
28361	29734	+	2	1.278864	I:	D:
29902	31053	-	1	1.235553	I:	D:
31408	32223	+	1	1.266214	I:	D:
32216	33466	+	2	1.212266	I:	D:
33483	34733	+	3	1.221452	I:	D:
34816	35088	+	1	1.224850	I:	D:
35224	36588	+	1	1.222830	I:	D:
36895	37644	-	1	1.271185	I:	D:
37578	38564	+	3	1.274557	I:	D:
38629	39351	+	1	1.317516	I:	D:
39506	43069	+	2	1.224660	I:	D:
43237	47274	+	1	1.219544	I:	D:
47433	48065	-	3	1.266226	I:	D:
48081	48596	-	3	1.237653	I:	D:
48623	49555	-	2	1.276223	I:	D:
49552	52065	-	1	1.288663	I:	D:
52062	53285	-	3	1.290879	I:	D:
53310	54683	-	3	1.278161	I:	D:
54694	60678	-	1	1.289747	I:	D:
60845	62266	-	2	1.278148	I:	D:
62395	66708	+	1	1.306484	I:	D:
66705	70736	+	3	1.293397	I:	D:
71012	72268	+	2	1.245138	I:	D:
72604	73359	+	1	1.197898	I:	D:
73522	74427	+	1	1.243247	I:	D:
74512	76362	+	1	1.212931	I:	D:
76404	79013	+	3	1.221950	I:	D:
79191	80087	+	3	1.264636	I:	D:
80286	80618	+	3	1.314357	I:	D:
80634	80873	+	3	1.333051	I:	D:
81009	82451	+	3	1.214274	I:	D:
82474	83127	+	1	1.232857	I:	D:
83184	84605	+	3	1.255115	I:	D:
84622	84753	+	1	1.281228	I:	D:
84988	86112	+	1	1.208390	I:	D:
86121	87278	+	3	1.223520	I:	D:
87290	88213	+	2	1.273982	I:	D:
88316	89677	+	2	1.258377	I:	D:
89842	90318	+	1	1.221191	I:	D:
90481	91437	+	1	1.228872	I:	D:
91648	92592	+	1	1.215603	I:	D:
92723	93718	+	2	1.228095	I:	D:
93735	94565	+	3	1.241903	I:	D:
94772	96664	+	2	1.230785	I:	D:
96708	97442	+	3	1.283848	I:	D:
97478	97693	-	2	1.307894	I:	D:
97730	98716	-	2	1.276872	I:	D:
98963	99889	+	2	1.253549	I:	D:
99948	100955	+	3	1.228720	I:	D:
101170	103245	+	1	1.244399	I:	D:
103370	104383	+	2	1.268196	I:	D:
104503	106203	-	1	1.238616	I:	D:
106363	107715	+	1	1.236487	I:	D:
108047	109390	+	2	1.242342	I:	D:
109536	110927	+	3	1.273601	I:	D:
110987	111757	-	2	1.262418	I:	D:
111883	113502	+	1	1.239737	I:	D:
113567	114544	+	2	1.288919	I:	D:
114541	115443	+	1	1.295969	I:	D:
115440	116231	+	3	1.253325	I:	D:
116224	117009	+	1	1.252164	I:	D:
117493	118560	+	1	1.225691	I:	D:
118652	119836	+	2	1.214782	I:	D:
119974	121698	-	1	1.290708	I:	D:
121857	123812	+	3	1.262715	I:	D:
123925	124419	+	1	1.227828	I:	D:
124574	125116	+	2	1.234530	I:	D:
125175	125351	-	3	1.372090	I:	D:
125374	126513	-	1	1.256649	I:	D:
126374	126643	+	2	1.324448	I:	D:
126715	126903	-	1	1.320863	I:	D:
127074	128534	-	3	1.214467	I:	D:
128723	130081	+	2	1.216506	I:	D:
130214	131560	+	2	1.275440	I:	D:
131724	133823	+	3	1.234912	I:	D:
134018	134644	+	2	1.281471	I:	D:
134827	135036	+	1	1.268896	I:	D:
135252	136127	+	3	1.200674	I:	D:
136154	136792	+	2	1.231044	I:	D:
136850	138361	+	2	1.308295	I:	D:
138610	139650	+	1	1.249059	I:	D:
139680	139814	+	3	1.289795	I:	D:
140199	141386	+	3	1.243707	I:	D:
141411	141725	-	3	1.298272	I:	D:
141852	144107	-	3	1.286471	I:	D:
144127	145128	+	1	1.271250	I:	D:
145215	146423	-	3	1.284536	I:	D:
146825	147580	+	2	1.278401	I:	D:
147577	148743	+	1	1.269515	I:	D:
148755	150314	+	3	1.262625	I:	D:
150415	150555	+	1	1.337446	I:	D:
150773	150976	+	2	1.342345	I:	D:
151051	151566	+	1	1.323060	I:	D:
151636	152004	+	1	1.293646	I:	D:
152020	152457	+	1	1.313380	I:	D:
152622	153653	+	3	1.226275	I:	D:
153755	154255	+	2	1.223361	I:	D:
154278	155417	+	3	1.215776	I:	D:
155426	155854	+	2	1.262083	I:	D:
155889	156098	-	3	1.285460	I:	D:
156079	156234	-	1	1.275917	I:	D:
156366	157289	+	3	1.201739	I:	D:
157550	159625	+	2	1.279975	I:	D:
159746	161383	+	2	1.273908	I:	D:
161757	163025	-	3	1.229601	I:	D:
163052	164089	-	2	1.200701	I:	D:
164209	165720	-	1	1.251988	I:	D:
166124	166909	-	2	1.264974	I:	D:
166906	167841	-	1	1.286709	I:	D:
167903	168766	-	2	1.228836	I:	D:
168968	169438	-	2	1.305158	I:	D:
169508	170881	-	2	1.270535	I:	D:
170921	172531	-	2	1.297768	I:	D:
172582	174177	+	1	1.280314	I:	D:
174174	174392	+	3	1.209537	I:	D:
174426	175403	-	3	1.233678	I:	D:
175511	176476	-	2	1.283075	I:	D:
176695	178209	+	1	1.293825	I:	D:
178223	178882	-	2	1.253796	I:	D:
178879	180171	-	1	1.260370	I:	D:
180222	181526	-	3	1.286253	I:	D:
181664	185398	-	2	1.200364	I:	D:
185461	186213	-	1	1.210571	I:	D:
186606	187943	-	3	1.239983	I:	D:
188117	189277	+	2	1.278550	I:	D:
189424	190677	-	1	1.255915	I:	D:
191011	192072	+	1	1.241169	I:	D:
192614	192799	-	2	1.334902	I:	D:
192838	193209	+	1	1.300396	I:	D:
193215	193685	+	3	1.249759	I:	D:
193717	195840	+	1	1.232639	I:	D:
196013	197212	+	2	1.243546	I:	D:
197420	198151	+	2	1.266062	I:	D:
198288	199106	+	3	1.249276	I:	D:
199324	200340	+	1	1.200587	I:	D:
200425	200919	-	1	1.311670	I:	D:
200994	201359	-	3	1.258416	I:	D:
201359	201895	-	2	1.279760	I:	D:
202233	203276	+	3	1.253080	I:	D:
203507	204868	+	2	1.310539	I:	D:
205587	206240	-	3	1.269265	I:	D:
206257	207000	-	1	1.230892	I:	D:
207170	207802	+	2	1.363498	I:	D:
208414	210171	+	1	1.232124	I:	D:
210253	210474	+	1	1.358331	I:	D:
210521	213109	+	2	1.251227	I:	D:
213167	214525	+	2	1.256404	I:	D:
214542	215225	+	3	1.317212	I:	D:
215399	216106	-	2	1.280782	I:	D:
215714	216388	+	2	1.255327	I:	D:
216398	216661	-	2	1.272053	I:	D:
216826	217914	+	1	1.253854	I:	D:
218001	218522	+	3	1.278138	I:	D:
218702	220138	-	2	1.242047	I:	D:
220458	221240	-	3	1.236985	I:	D:
221324	222814	-	2	1.248305	I:	D:
222963	223586	-	3	1.292158	I:	D:
223676	225043	+	2	1.230484	I:	D:
225343	225942	+	1	1.225756	I:	D:
225942	227417	+	3	1.256635	I:	D:
227414	228241	+	2	1.265365	I:	D:
228437	229315	+	2	1.240330	I:	D:
229369	230436	+	1	1.218783	I:	D:
230444	233053	+	2	1.209711	I:	D:
233084	233770	+	2	1.293438	I:	D:
233869	234963	+	1	1.240663	I:	D:
234960	236135	+	3	1.223555	I:	D:
236246	237163	+	2	1.251746	I:	D:
237153	238448	+	3	1.261594	I:	D:
238492	239457	+	1	1.221216	I:	D:
239592	239966	+	3	1.268773	I:	D:
240049	241287	+	1	1.231950	I:	D:
241733	243205	+	2	1.216949	I:	D:
243554	243748	+	2	1.257013	I:	D:
243760	244629	+	1	1.247444	I:	D:
244706	245515	+	2	1.251994	I:	D:
245572	245928	+	1	1.337389	I:	D:
246090	246623	+	3	1.254877	I:	D:
246620	247387	+	2	1.273419	I:	D:
247513	248835	+	1	1.230232	I:	D:
248863	250650	+	1	1.244613	I:	D:
250659	251699	+	3	1.235538	I:	D:
251704	251850	+	1	1.298143	I:	D:
251956	252729	+	1	1.279495	I:	D:
252867	253055	+	3	1.364058	I:	D:
253290	253445	+	3	1.373409	I:	D:
253523	254185	-	2	1.220112	I:	D:
254236	255702	-	1	1.264616	I:	D:
255949	256971	+	1	1.230864	I:	D:
257040	258797	+	3	1.215105	I:	D:
258827	259474	+	2	1.238708	I:	D:
259716	260090	+	3	1.243171	I:	D:
260106	261032	+	3	1.287817	I:	D:
261105	261752	+	3	1.363418	I:	D:
261755	262468	+	2	1.342110	I:	D:
262544	265399	-	2	1.213633	I:	D:
265850	267439	-	2	1.216550	I:	D:
267563	268264	+	2	1.209888	I:	D:
268386	269681	+	3	1.227404	I:	D:
269696	270259	+	2	1.212997	I:	D:
270256	271041	+	1	1.249789	I:	D:
271139	272341	-	2	1.313034	I:	D:
272514	275753	+	3	1.248912	I:	D:
275887	276384	+	1	1.260191	I:	D:
276580	277179	+	1	1.243790	I:	D:
277169	280753	+	2	1.228096	I:	D:
280902	281840	+	3	1.278799	I:	D:
281991	283289	+	3	1.227266	I:	D:
283380	283991	+	3	1.315143	I:	D:
283988	284554	+	2	1.267558	I:	D:
284617	285618	+	1	1.248682	I:	D:
285871	286617	+	1	1.253635	I:	D:
286638	288224	+	3	1.284547	I:	D:
288366	288773	+	3	1.240832	I:	D:
288872	289351	+	2	1.199244	I:	D:
289406	290350	-	2	1.276039	I:	D:
290475	291248	+	3	1.332676	I:	D:
291411	292898	+	3	1.275047	I:	D:
292971	293249	-	3	1.270822	I:	D:
293363	295189	-	2	1.304015	I:	D:
295359	296792	-	3	1.303821	I:	D:
297043	297342	+	1	1.348588	I:	D:
297386	300481	+	2	1.295564	I:	D:
300478	302019	+	1	1.299258	I:	D:
302122	302562	-	1	1.298777	I:	D:
302639	303445	+	2	1.308231	I:	D:
303455	304177	+	2	1.337560	I:	D:
304547	305581	-	2	1.243715	I:	D:
305620	306342	-	1	1.216099	I:	D:
306378	308630	-	3	1.251868	I:	D:
308808	309401	+	3	1.255480	I:	D:
309508	310032	+	1	1.278987	I:	D:
310084	310917	-	1	1.229232	I:	D:
310984	311874	-	1	1.239182	I:	D:
312047	313678	-	2	1.269969	I:	D:
313347	314222	+	3	1.235162	I:	D:
314342	315817	+	2	1.237228	I:	D:
315991	316608	+	1	1.275363	I:	D:
316620	318731	+	3	1.227935	I:	D:
318899	319885	+	2	1.227600	I:	D:
320053	321495	+	1	1.240549	I:	D:
321643	322242	-	1	1.280750	I:	D:
322588	323373	+	1	1.227188	I:	D:
323419	326286	+	1	1.273471	I:	D:
326456	327376	+	2	1.304576	I:	D:
327422	328096	+	2	1.260331	I:	D:
328170	330290	+	3	1.248858	I:	D:
330428	331261	+	2	1.348061	I:	D:
331265	331915	+	2	1.289436	I:	D:
332085	332639	-	3	1.310498	I:	D:
333452	336523	-	2	1.237425	I:	D:
336565	336771	+	1	1.368760	I:	D:
336911	338398	+	2	1.225690	I:	D:
338492	339274	-	2	1.336133	I:	D:
338870	339319	+	2	1.260967	I:	D:
339474	339677	+	3	1.318310	I:	D:
340037	341209	+	2	1.272367	I:	D:
341236	342573	+	1	1.283788	I:	D:
342819	344048	-	3	1.229310	I:	D:
344183	345883	-	2	1.221412	I:	D:
346515	347306	-	3	1.294652	I:	D:
347346	347759	-	3	1.229328	I:	D:
347763	349145	-	3	1.209050	I:	D:
349427	350449	-	2	1.235082	I:	D:
350535	352409	-	3	1.285075	I:	D:
352585	354078	-	1	1.245942	I:	D:
354313	354696	-	1	1.383294	I:	D:
354689	355945	-	2	1.380056	I:	D:
355973	356683	-	2	1.403552	I:	D:
356777	358102	+	2	1.355638	I:	D:
358222	358416	-	1	1.286851	I:	D:
358388	359410	-	2	1.312063	I:	D:
359952	360347	-	3	1.380042	I:	D:
360340	360744	-	1	1.358619	I:	D:
361216	362778	-	1	1.213424	I:	D:
363224	365701	+	2	1.241391	I:	D:
365823	366653	-	3	1.253554	I:	D:
366737	366886	+	2	1.345361	I:	D:
366846	367826	+	3	1.202450	I:	D:
367960	369165	+	1	1.251750	I:	D:
369162	369848	+	3	1.198599	I:	D:
369937	371088	+	1	1.245979	I:	D:
371437	373134	+	1	1.227863	I:	D:
373187	373411	+	2	1.282194	I:	D:
373677	376052	+	3	1.224202	I:	D:
376162	377043	+	1	1.268149	I:	D:
377106	377744	+	3	1.296398	I:	D:
377846	379042	+	2	1.276440	I:	D:
379097	380476	+	2	1.215415	I:	D:
380660	382126	+	2	1.300868	I:	D:
382238	382618	+	2	1.282317	I:	D:
382724	383347	+	2	1.211487	I:	D:
383353	384054	+	1	1.215139	I:	D:
384176	385594	+	2	1.288280	I:	D:
386075	387493	+	2	1.239705	I:	D:
387726	388667	+	3	1.274106	I:	D:
388713	389378	-	3	1.186542	I:	D:
389471	390436	-	2	1.240223	I:	D:
390532	392397	-	1	1.243991	I:	D:
392454	394154	-	3	1.332804	I:	D:
394151	395686	-	2	1.314904	I:	D:
395742	396245	-	3	1.301905	I:	D:
396482	397354	-	2	1.250054	I:	D:
397907	399223	+	2	1.229908	I:	D:
399572	400306	+	2	1.239890	I:	D:
>Y8.M041_5
3	662	-	3	1.303504	I:	D:
753	3149	-	3	1.216130	I:	D:
3181	3534	-	1	1.224369	I:	D:
3627	4997	-	3	1.259161	I:	D:
5152	10341	+	1	1.245147	I:	D:
10345	11187	+	1	1.238207	I:	D:
11350	16503	-	1	1.239233	I:	D:
16731	17540	-	3	1.302792	I:	D:
17608	20016	-	1	1.259304	I:	D:
20484	21860	+	3	1.280969	I:	D:
21910	22212	+	1	1.240300	I:	D:
22335	22859	+	3	1.247907	I:	D:
22995	24851	-	3	1.239630	I:	D:
24981	25487	-	3	1.321427	I:	D:
25654	26082	-	1	1.298198	I:	D:
26248	26652	-	1	1.278006	I:	D:
26923	27108	+	1	1.363812	I:	D:
27137	28249	+	2	1.311376	I:	D:
28265	29233	-	2	1.258148	I:	D:
29411	30634	-	2	1.254781	I:	D:
30728	31783	+	2	1.243966	I:	D:
31814	32329	-	2	1.348775	I:	D:
32400	32690	-	3	1.300965	I:	D:
32903	33391	-	2	1.326509	I:	D:
33579	37763	-	3	1.304311	I:	D:
37841	38926	+	2	1.309755	I:	D:
39160	40179	+	1	1.236115	I:	D:
40393	41685	-	1	1.269697	I:	D:
41766	41900	+	3	1.342765	I:	D:
41959	42741	-	1	1.222534	I:	D:
42931	43911	-	1	1.268007	I:	D:
44088	46262	+	3	1.233974	I:	D:
46345	47226	-	1	1.321002	I:	D:
47358	49172	-	3	1.234761	I:	D:
49253	49525	-	2	1.355893	I:	D:
50663	50797	-	2	1.390355	I:	D:
53191	54096	-	1	1.406079	I:	D:
54100	57555	-	1	1.386062	I:	D:
57750	59168	-	3	1.244018	I:	D:
59217	59867	-	3	1.255263	I:	D:
60035	61588	-	2	1.237349	I:	D:
61641	62924	-	3	1.273743	I:	D:
62921	63595	-	2	1.263561	I:	D:
63770	64447	+	2	1.261216	I:	D:
64579	65283	-	1	1.222127	I:	D:
65283	66143	-	3	1.207574	I:	D:
66140	67228	-	2	1.205992	I:	D:
67233	68159	-	3	1.205536	I:	D:
68401	69588	-	1	1.224735	I:	D:
69861	70769	-	3	1.291747	I:	D:
70832	71920	-	2	1.229031	I:	D:
72074	72286	-	2	1.311008	I:	D:
72615	73844	-	3	1.252747	I:	D:
74064	75584	+	3	1.214647	I:	D:
75778	76125	+	1	1.250414	I:	D:
76135	76479	+	1	1.287613	I:	D:
76742	76924	-	2	1.284178	I:	D:
77115	79094	-	3	1.275768	I:	D:
79157	79789	-	2	1.260623	I:	D:
79862	81634	-	2	1.316289	I:	D:
81711	83330	-	3	1.293027	I:	D:
83446	84342	-	1	1.257480	I:	D:
84339	85391	-	3	1.282552	I:	D:
85485	86798	-	3	1.255464	I:	D:
87134	88177	+	2	1.282635	I:	D:
88186	89385	-	1	1.283159	I:	D:
89742	91091	-	3	1.225496	I:	D:
91202	91885	-	2	1.331730	I:	D:
91911	92768	-	3	1.309855	I:	D:
92752	92895	+	1	1.332113	I:	D:
93367	93639	-	1	1.382834	I:	D:
93699	94118	-	3	1.258489	I:	D:
94126	94974	-	1	1.235308	I:	D:
95047	95379	-	1	1.247466	I:	D:
95310	95816	-	3	1.280936	I:	D:
95840	96361	-	2	1.291860	I:	D:
96547	96801	-	1	1.312094	I:	D:
96907	98124	-	1	1.238587	I:	D:
98124	99677	-	3	1.270326	I:	D:
99778	100935	-	1	1.241874	I:	D:
101188	102357	+	1	1.269606	I:	D:
102395	103261	+	2	1.280033	I:	D:
103286	104236	-	2	1.198291	I:	D:
104658	104945	+	3	1.371555	I:	D:
105069	106748	+	3	1.221501	I:	D:
107060	107965	+	2	1.273591	I:	D:
108058	108552	-	1	1.257185	I:	D:
108564	108728	+	3	1.370734	I:	D:
108760	110172	-	1	1.280192	I:	D:
110281	111156	-	1	1.223917	I:	D:
111243	111842	-	3	1.256506	I:	D:
111937	114030	-	1	1.224143	I:	D:
114027	114590	-	3	1.290643	I:	D:
114577	115743	-	1	1.290388	I:	D:
115834	117324	-	1	1.290520	I:	D:
117347	119020	-	2	1.246867	I:	D:
119017	119928	-	1	1.264045	I:	D:
120067	121290	-	1	1.285925	I:	D:
121290	122804	-	3	1.253700	I:	D:
122880	123806	+	3	1.263271	I:	D:
124029	125180	-	3	1.220370	I:	D:
125618	126922	+	2	1.262418	I:	D:
127031	128239	+	2	1.275688	I:	D:
128750	129763	-	2	1.226885	I:	D:
129996	130952	+	3	1.248889	I:	D:
131365	132192	+	1	1.263895	I:	D:
132189	132521	+	3	1.257357	I:	D:
132700	133218	-	1	1.248780	I:	D:
133342	134286	-	1	1.281724	I:	D:
134114	134986	-	2	1.256558	I:	D:
135114	135527	+	3	1.243810	I:	D:
135586	136623	-	1	1.257518	I:	D:
136791	137543	-	3	1.348447	I:	D:
137689	138435	-	1	1.331602	I:	D:
138648	139604	-	3	1.305561	I:	D:
139759	139929	+	1	1.379370	I:	D:
139998	141140	+	3	1.262004	I:	D:
141270	141524	+	3	1.274357	I:	D:
141649	142842	-	1	1.270411	I:	D:
143033	143707	+	2	1.217195	I:	D:
144066	144806	-	3	1.245653	I:	D:
144866	145831	-	2	1.281552	I:	D:
145893	147575	-	3	1.223933	I:	D:
148076	149266	+	2	1.253230	I:	D:
149353	151716	+	1	1.267403	I:	D:
151792	152424	+	1	1.274455	I:	D:
152574	154175	-	3	1.296662	I:	D:
154280	154957	-	2	1.340394	I:	D:
154987	156708	-	1	1.351517	I:	D:
156822	158105	+	3	1.273548	I:	D:
158102	158797	+	2	1.258250	I:	D:
158845	159867	-	1	1.243792	I:	D:
159936	161483	-	3	1.259193	I:	D:
161530	162609	-	1	1.236016	I:	D:
162637	164892	-	1	1.243173	I:	D:
165350	166309	-	2	1.265562	I:	D:
166306	167277	-	1	1.282066	I:	D:
167470	168786	-	1	1.257257	I:	D:
169142	169282	-	2	1.257150	I:	D:
169424	169606	-	2	1.353449	I:	D:
169792	171078	-	1	1.226113	I:	D:
171312	172493	+	3	1.215562	I:	D:
172498	173337	-	1	1.245925	I:	D:
173355	175748	-	3	1.284868	I:	D:
176141	177748	+	2	1.223755	I:	D:
177835	179511	+	1	1.222344	I:	D:
180241	181338	-	1	1.367442	I:	D:
181569	181991	+	3	1.303763	I:	D:
182125	183741	+	1	1.276596	I:	D:
183900	184196	-	3	1.284394	I:	D:
184374	185264	+	3	1.297808	I:	D:
185395	186093	+	1	1.203146	I:	D:
186527	187159	-	2	1.276822	I:	D:
187287	188825	+	3	1.305526	I:	D:
188840	189964	-	2	1.257071	I:	D:
190062	191342	-	3	1.274378	I:	D:
191227	191700	-	1	1.229669	I:	D:
191851	194778	-	1	1.256822	I:	D:
195048	196115	-	3	1.214740	I:	D:
196284	197051	+	3	1.284307	I:	D:
197092	198135	-	1	1.348843	I:	D:
198668	200236	-	2	1.267952	I:	D:
201046	201846	-	1	1.287636	I:	D:
202053	204233	-	3	1.251588	I:	D:
204455	205366	+	2	1.308816	I:	D:
205448	205990	-	2	1.242356	I:	D:
206090	207085	-	2	1.249943	I:	D:
207166	207564	-	1	1.282778	I:	D:
207652	208029	-	1	1.271987	I:	D:
208315	208533	-	1	1.292123	I:	D:
208710	209270	-	3	1.210545	I:	D:
209440	210777	-	1	1.225505	I:	D:
211052	211504	-	2	1.239484	I:	D:
211507	211692	-	1	1.247293	I:	D:
211698	212399	-	3	1.237770	I:	D:
212426	212797	-	2	1.252645	I:	D:
212799	213338	-	3	1.248819	I:	D:
213356	213748	-	2	1.289125	I:	D:
213844	214029	-	1	1.315924	I:	D:
214031	214603	-	2	1.245090	I:	D:
214600	214935	-	1	1.220520	I:	D:
214937	215305	-	2	1.269113	I:	D:
215400	215660	-	3	1.282468	I:	D:
215663	215914	-	2	1.240123	I:	D:
215914	216333	-	1	1.283794	I:	D:
216340	217143	-	1	1.229216	I:	D:
217146	217505	-	3	1.250594	I:	D:
217522	217800	-	1	1.301227	I:	D:
217816	218646	-	1	1.267238	I:	D:
218683	218979	-	1	1.262419	I:	D:
218985	219641	-	3	1.261381	I:	D:
219648	220289	-	3	1.261931	I:	D:
220306	220614	-	1	1.300658	I:	D:
220847	221878	+	2	1.326150	I:	D:
222210	224939	-	3	1.235064	I:	D:
225454	226647	+	1	1.268749	I:	D:
226644	229184	+	3	1.283545	I:	D:
229275	229766	-	3	1.227702	I:	D:
229789	230238	-	1	1.250644	I:	D:
230636	232801	-	2	1.261515	I:	D:
232969	233712	-	1	1.254417	I:	D:
233720	234361	-	2	1.270912	I:	D:
234423	235439	-	3	1.224357	I:	D:
235513	236856	-	1	1.269899	I:	D:
237391	238455	-	1	1.279927	I:	D:
238495	239841	+	1	1.287020	I:	D:
239854	240060	+	1	1.366214	I:	D:
240114	241937	-	3	1.257934	I:	D:
242029	242886	-	1	1.213774	I:	D:
242889	243800	-	3	1.235095	I:	D:
243812	245146	-	2	1.242734	I:	D:
245328	246353	+	3	1.240297	I:	D:
246363	247607	-	3	1.270385	I:	D:
247722	248042	-	3	1.295223	I:	D:
248103	249629	-	3	1.211696	I:	D:
249781	251004	-	1	1.269201	I:	D:
251278	251445	-	1	1.309761	I:	D:
251834	252598	+	2	1.279073	I:	D:
252595	252918	+	1	1.355078	I:	D:
253271	253564	-	2	1.237051	I:	D:
253737	255161	-	3	1.291210	I:	D:
255242	255907	-	2	1.294448	I:	D:
255973	256713	+	1	1.334787	I:	D:
256877	257062	+	2	1.284708	I:	D:
257243	257869	+	2	1.297435	I:	D:
257964	258164	-	3	1.282724	I:	D:
258167	261790	-	2	1.268626	I:	D:
261799	263346	-	1	1.294558	I:	D:
263544	263924	-	3	1.222087	I:	D:
264033	264554	-	3	1.245871	I:	D:
264823	265833	-	1	1.270476	I:	D:
265908	267302	+	3	1.213999	I:	D:
267413	267721	+	2	1.388029	I:	D:
267729	270470	-	3	1.232776	I:	D:
270746	271015	-	2	1.276554	I:	D:
271184	271867	-	2	1.290274	I:	D:
272393	275269	-	2	1.365715	I:	D:
275492	277990	-	2	1.351978	I:	D:
278608	278841	+	1	1.314290	I:	D:
>Y8.M041_6
3	380	+	3	1.399483	I:	D:
443	943	-	2	1.295533	I:	D:
1029	2906	-	3	1.258806	I:	D:
3112	3516	-	1	1.314568	I:	D:
3635	7204	-	2	1.263429	I:	D:
7249	7620	+	1	1.359909	I:	D:
7701	8567	-	3	1.299596	I:	D:
8772	9251	-	3	1.289292	I:	D:
9561	10523	-	3	1.304530	I:	D:
10523	11071	-	2	1.305924	I:	D:
11093	12472	-	2	1.273953	I:	D:
12612	12914	-	3	1.327495	I:	D:
13036	13515	-	1	1.294683	I:	D:
13528	14733	-	1	1.279942	I:	D:
14845	16089	-	1	1.264776	I:	D:
16237	17709	-	1	1.249375	I:	D:
18145	19089	+	1	1.254160	I:	D:
19172	21925	+	2	1.235033	I:	D:
21962	22228	-	2	1.284770	I:	D:
22324	23241	+	1	1.256404	I:	D:
23292	23669	+	3	1.211489	I:	D:
24175	25554	+	1	1.252428	I:	D:
25638	25910	-	3	1.340847	I:	D:
26183	26593	+	2	1.356400	I:	D:
26615	28048	+	2	1.272308	I:	D:
28092	29132	+	3	1.260403	I:	D:
29346	30683	+	3	1.255716	I:	D:
30694	32250	+	1	1.242302	I:	D:
32446	33228	+	1	1.265749	I:	D:
33244	33414	-	1	1.356621	I:	D:
33490	34560	+	1	1.240969	I:	D:
34684	35871	+	1	1.367025	I:	D:
36027	36821	-	3	1.276180	I:	D:
36818	37537	-	2	1.287072	I:	D:
37586	39364	-	2	1.280819	I:	D:
39419	40639	-	2	1.243956	I:	D:
40639	41829	-	1	1.261456	I:	D:
41826	43529	-	3	1.314182	I:	D:
43998	44414	-	3	1.254638	I:	D:
44530	45498	-	1	1.269958	I:	D:
45632	47377	+	2	1.250560	I:	D:
47447	49021	-	2	1.295017	I:	D:
49167	50822	+	3	1.286902	I:	D:
50971	51195	+	1	1.204867	I:	D:
51256	52149	-	1	1.296087	I:	D:
52157	52447	-	2	1.333348	I:	D:
52287	53024	+	3	1.257350	I:	D:
53030	53923	-	2	1.266473	I:	D:
54031	54825	+	1	1.270462	I:	D:
54954	55799	+	3	1.244892	I:	D:
55866	56765	-	3	1.238246	I:	D:
56925	57194	-	3	1.231076	I:	D:
57360	57581	-	3	1.316734	I:	D:
57673	57897	-	1	1.313527	I:	D:
57869	58189	+	2	1.331032	I:	D:
58301	58651	-	2	1.297134	I:	D:
58653	58784	+	3	1.348861	I:	D:
58796	60034	-	2	1.272303	I:	D:
60270	61172	-	3	1.241068	I:	D:
61238	62029	-	2	1.243796	I:	D:
62022	62696	-	3	1.291218	I:	D:
62683	63429	-	1	1.300158	I:	D:
63571	64221	+	1	1.294982	I:	D:
64230	66485	-	3	1.265388	I:	D:
66632	67339	+	2	1.264198	I:	D:
67341	67931	-	3	1.228692	I:	D:
68111	69031	-	2	1.238441	I:	D:
69031	72414	-	1	1.215903	I:	D:
72416	73966	-	2	1.227924	I:	D:
73614	73760	+	3	1.357817	I:	D:
73830	74402	-	3	1.263369	I:	D:
74457	75023	-	3	1.231895	I:	D:
75149	75916	+	2	1.228127	I:	D:
75913	76713	+	1	1.204428	I:	D:
76790	77497	-	2	1.257649	I:	D:
77556	78002	-	3	1.268573	I:	D:
78138	78266	+	3	1.300034	I:	D:
78336	79112	-	3	1.262696	I:	D:
79164	79493	-	3	1.228898	I:	D:
79833	80807	-	3	1.216937	I:	D:
81022	82848	-	1	1.252136	I:	D:
82960	83259	-	1	1.239655	I:	D:
83421	85592	-	3	1.296562	I:	D:
85667	86482	-	2	1.248696	I:	D:
86620	86832	+	1	1.321913	I:	D:
87088	87930	+	1	1.343452	I:	D:
88204	89319	-	1	1.230678	I:	D:
89495	92257	-	2	1.252594	I:	D:
92322	95945	-	3	1.276800	I:	D:
96043	98304	+	1	1.285961	I:	D:
98425	99924	+	1	1.252930	I:	D:
99981	100766	-	3	1.266689	I:	D:
100814	102079	-	2	1.286143	I:	D:
102350	103117	-	2	1.236814	I:	D:
103363	104148	+	1	1.258236	I:	D:
104192	105214	-	2	1.243409	I:	D:
105457	106110	+	1	1.241592	I:	D:
106241	108673	+	2	1.266382	I:	D:
108745	109050	+	1	1.217373	I:	D:
109149	109514	-	3	1.282901	I:	D:
109561	110241	+	1	1.286182	I:	D:
110667	111086	+	3	1.251011	I:	D:
111211	112197	-	1	1.281186	I:	D:
112255	112452	+	1	1.396177	I:	D:
112496	113953	+	2	1.270676	I:	D:
114179	115201	-	2	1.236076	I:	D:
115198	116268	-	1	1.259418	I:	D:
116270	117811	-	2	1.261261	I:	D:
117952	118935	-	1	1.265227	I:	D:
119251	120981	-	1	1.319955	I:	D:
120978	122675	-	3	1.295396	I:	D:
122672	123394	-	2	1.269115	I:	D:
123453	124832	-	3	1.254309	I:	D:
124915	127641	-	1	1.238519	I:	D:
127616	128689	-	2	1.287969	I:	D:
128755	128940	-	1	1.345579	I:	D:
128987	129274	-	2	1.328250	I:	D:
129313	129588	-	1	1.337098	I:	D:
129625	131157	-	1	1.267505	I:	D:
131255	132355	-	2	1.229051	I:	D:
132361	133038	-	1	1.236564	I:	D:
133038	133877	-	3	1.233407	I:	D:
133909	134751	-	1	1.258476	I:	D:
134818	135135	+	1	1.356884	I:	D:
135306	136259	+	3	1.360318	I:	D:
136717	138516	-	1	1.240137	I:	D:
138552	139895	-	3	1.237142	I:	D:
140052	141512	+	3	1.220127	I:	D:
141723	143498	-	3	1.304172	I:	D:
143670	144428	-	3	1.250412	I:	D:
144514	145890	-	1	1.262936	I:	D:
146080	147582	-	1	1.305962	I:	D:
147725	149044	+	2	1.287714	I:	D:
149227	151842	-	1	1.214839	I:	D:
151993	152958	+	1	1.246330	I:	D:
153070	154257	-	1	1.271151	I:	D:
154266	154655	-	3	1.278659	I:	D:
154725	156716	-	3	1.272698	I:	D:
156747	157478	-	3	1.243702	I:	D:
157471	158322	-	1	1.331854	I:	D:
158352	158642	+	3	1.294061	I:	D:
158741	160366	-	2	1.208945	I:	D:
160604	160843	-	2	1.262188	I:	D:
161073	161756	-	3	1.322119	I:	D:
161872	162561	+	1	1.304888	I:	D:
162601	163680	+	1	1.257865	I:	D:
163677	164627	+	3	1.277790	I:	D:
164624	165178	+	2	1.286331	I:	D:
165175	166233	+	1	1.285397	I:	D:
166230	167261	+	3	1.279036	I:	D:
167258	167860	+	2	1.277016	I:	D:
168103	168450	+	1	1.312599	I:	D:
168447	170051	+	3	1.296100	I:	D:
170318	170683	+	2	1.374080	I:	D:
170819	171460	-	2	1.266080	I:	D:
171593	173029	+	2	1.238664	I:	D:
173170	175731	+	1	1.258601	I:	D:
175877	176158	+	2	1.242009	I:	D:
176274	177734	-	3	1.243196	I:	D:
177734	177937	-	2	1.246766	I:	D:
178028	178924	-	2	1.243455	I:	D:
178936	180603	-	1	1.235931	I:	D:
180625	182190	-	1	1.231074	I:	D:
182251	182949	-	1	1.247214	I:	D:
183000	183722	+	3	1.254904	I:	D:
183762	186074	+	3	1.296415	I:	D:
186133	186837	+	1	1.216786	I:	D:
186861	187847	+	3	1.251846	I:	D:
187939	189801	-	1	1.229096	I:	D:
190003	190287	+	1	1.223576	I:	D:
190565	191785	+	2	1.240293	I:	D:
191970	192548	+	3	1.371785	I:	D:
192675	195965	-	3	1.326172	I:	D:
195952	197508	-	1	1.328301	I:	D:
>Y8.M041_7
3	344	+	3	1.360076	I:	D:
695	1708	+	2	1.247565	I:	D:
2040	2822	-	3	1.307782	I:	D:
2946	3797	+	3	1.237197	I:	D:
3985	4719	-	1	1.250497	I:	D:
4324	6411	+	1	1.211602	I:	D:
6435	7304	+	3	1.211776	I:	D:
7417	8364	+	1	1.244194	I:	D:
8440	9108	+	1	1.212504	I:	D:
9171	9434	+	3	1.196152	I:	D:
9446	10297	+	2	1.234968	I:	D:
10311	10928	+	3	1.274989	I:	D:
10918	11895	+	1	1.331287	I:	D:
11895	12227	+	3	1.244774	I:	D:
12243	13064	+	3	1.302777	I:	D:
13071	13514	+	3	1.317591	I:	D:
13615	14247	+	1	1.306714	I:	D:
14378	14785	+	2	1.301588	I:	D:
14946	15173	-	3	1.315346	I:	D:
15197	15916	-	2	1.269282	I:	D:
16048	16395	-	1	1.284511	I:	D:
16511	19102	-	2	1.252385	I:	D:
19115	19432	-	2	1.267820	I:	D:
19443	21356	-	3	1.263793	I:	D:
21496	23025	-	1	1.285713	I:	D:
23380	25509	-	1	1.235849	I:	D:
25506	26276	-	3	1.269573	I:	D:
26472	27440	+	3	1.259067	I:	D:
27493	27627	+	1	1.374257	I:	D:
27787	29424	-	1	1.210587	I:	D:
29372	30751	-	2	1.340409	I:	D:
30771	31682	-	3	1.204506	I:	D:
31682	32884	-	2	1.227944	I:	D:
32981	33562	-	2	1.239529	I:	D:
33626	34045	-	2	1.211680	I:	D:
34128	35192	-	3	1.251131	I:	D:
35192	35818	-	2	1.284590	I:	D:
35876	36460	-	2	1.265358	I:	D:
36466	37221	-	1	1.212139	I:	D:
37360	37944	-	1	1.269639	I:	D:
38084	40117	-	2	1.230135	I:	D:
40937	41770	+	2	1.331886	I:	D:
41985	42869	-	3	1.261269	I:	D:
43014	43805	+	3	1.286997	I:	D:
43852	44997	-	1	1.252348	I:	D:
45053	46171	-	2	1.263608	I:	D:
46546	48654	+	1	1.232094	I:	D:
48775	49878	+	1	1.219417	I:	D:
50007	51344	+	3	1.242381	I:	D:
51517	52626	+	1	1.356497	I:	D:
52755	54311	-	3	1.231276	I:	D:
54422	55273	-	2	1.236387	I:	D:
55270	56283	-	1	1.229567	I:	D:
56322	56570	-	3	1.229053	I:	D:
56634	57437	-	3	1.284847	I:	D:
57495	58757	-	3	1.226885	I:	D:
58869	59819	-	3	1.263666	I:	D:
60018	61004	-	3	1.269519	I:	D:
61004	61975	-	2	1.262859	I:	D:
62084	64450	-	2	1.255474	I:	D:
64595	67630	-	2	1.236934	I:	D:
67895	68461	-	2	1.381625	I:	D:
68628	69821	-	3	1.356523	I:	D:
69886	73431	-	1	1.216129	I:	D:
73431	74108	-	3	1.192881	I:	D:
74111	75742	-	2	1.215953	I:	D:
75942	76589	+	3	1.206244	I:	D:
76589	77290	+	2	1.237403	I:	D:
77290	78903	+	1	1.257383	I:	D:
78900	79571	+	3	1.233325	I:	D:
79626	79994	-	3	1.297865	I:	D:
80065	80772	-	1	1.229349	I:	D:
80816	82417	-	2	1.212848	I:	D:
82513	82668	+	1	1.213901	I:	D:
82733	84289	-	2	1.235964	I:	D:
84370	84765	-	1	1.261226	I:	D:
84899	85669	-	2	1.242265	I:	D:
85796	86392	+	2	1.224772	I:	D:
86393	87562	-	2	1.249962	I:	D:
87773	88759	-	2	1.282496	I:	D:
88782	89333	-	3	1.227831	I:	D:
89410	90150	-	1	1.234962	I:	D:
90324	91175	-	3	1.202837	I:	D:
91254	92117	-	3	1.222491	I:	D:
92456	92944	-	2	1.250742	I:	D:
92951	95038	-	2	1.258895	I:	D:
95129	95704	-	2	1.338162	I:	D:
95782	96906	-	1	1.201840	I:	D:
97034	98254	+	2	1.229020	I:	D:
98503	100134	+	1	1.285825	I:	D:
100212	100901	-	3	1.348199	I:	D:
>Y8.M041_8
2	286	-	2	1.380394	I:	D:
348	806	-	3	1.308655	I:	D:
946	1500	+	1	1.304581	I:	D:
1658	1840	+	2	1.293534	I:	D:
1881	2414	-	3	1.266266	I:	D:
2480	3052	-	2	1.307955	I:	D:
3403	4092	-	1	1.325134	I:	D:
4105	4914	-	1	1.307257	I:	D:
4920	5618	-	3	1.295686	I:	D:
5380	6357	+	1	1.310003	I:	D:
6354	7319	+	3	1.311456	I:	D:
7535	7891	+	2	1.352894	I:	D:
8044	8667	-	1	1.293048	I:	D:
8664	9380	-	3	1.314084	I:	D:
9385	10041	-	1	1.342250	I:	D:
10152	11144	-	3	1.343207	I:	D:
10833	11600	+	3	1.288080	I:	D:
11790	12458	-	3	1.292541	I:	D:
12455	13684	-	2	1.285156	I:	D:
13717	15141	-	1	1.281487	I:	D:
15134	16384	-	2	1.300962	I:	D:
16231	16782	-	1	1.285718	I:	D:
16732	17016	+	1	1.364059	I:	D:
17096	17398	+	2	1.274838	I:	D:
17401	17745	+	1	1.276067	I:	D:
17924	18130	-	2	1.235528	I:	D:
18569	19015	+	2	1.238057	I:	D:
19032	19394	-	3	1.284475	I:	D:
19453	19623	-	1	1.267504	I:	D:
19917	20933	-	3	1.294565	I:	D:
21174	21635	-	3	1.302117	I:	D:
21358	21873	+	1	1.375294	I:	D:
22022	22150	+	2	1.251995	I:	D:
22202	23866	+	2	1.252924	I:	D:
24069	24719	-	3	1.343992	I:	D:
24797	25225	-	2	1.271947	I:	D:
25546	26571	+	1	1.244303	I:	D:
26900	27406	-	2	1.344157	I:	D:
27303	27830	-	3	1.355392	I:	D:
27862	28038	-	1	1.344001	I:	D:
28182	29027	+	3	1.332538	I:	D:
29227	29538	+	1	1.266222	I:	D:
29641	29991	+	1	1.284186	I:	D:
30000	30875	-	3	1.374362	I:	D:
30952	31086	+	1	1.338370	I:	D:
31158	31340	-	3	1.369409	I:	D:
31669	32859	+	1	1.239800	I:	D:
32899	34662	+	1	1.230664	I:	D:
34764	35393	+	3	1.232568	I:	D:
35495	36418	+	2	1.232594	I:	D:
36573	37694	-	3	1.284224	I:	D:
37684	38052	+	1	1.388269	I:	D:
38170	38865	-	1	1.218633	I:	D:
38874	39845	-	3	1.231150	I:	D:
39848	40672	-	2	1.245481	I:	D:
40808	41761	-	2	1.229441	I:	D:
41779	43275	-	1	1.252575	I:	D:
43272	43691	-	3	1.226715	I:	D:
43691	44653	-	2	1.229218	I:	D:
44795	48025	-	2	1.229241	I:	D:
48081	49085	-	3	1.272481	I:	D:
49168	50022	-	1	1.245798	I:	D:
50081	52384	-	2	1.220893	I:	D:
52495	53052	-	1	1.268854	I:	D:
53158	54228	-	1	1.244927	I:	D:
54305	54943	+	2	1.282920	I:	D:
55069	55449	-	1	1.319494	I:	D:
55453	55923	+	1	1.370761	I:	D:
56048	57007	-	2	1.268566	I:	D:
57272	58207	+	2	1.272996	I:	D:
58440	59390	+	3	1.212766	I:	D:
59394	59558	+	3	1.364772	I:	D:
59573	60226	+	2	1.343420	I:	D:
60516	61448	+	3	1.392360	I:	D:
61400	61720	+	2	1.404610	I:	D:
61981	62559	+	1	1.418766	I:	D:
62630	62935	-	2	1.388436	I:	D:
62963	63955	-	2	1.351643	I:	D:
63980	64885	-	2	1.333722	I:	D:
64900	66510	-	1	1.353795	I:	D:
67020	67841	-	3	1.327732	I:	D:
67931	68155	+	2	1.409606	I:	D:
68354	68485	+	2	1.392935	I:	D:
68776	68907	+	1	1.400311	I:	D:
68913	69149	+	3	1.400396	I:	D:
69787	70653	+	1	1.304296	I:	D:
70741	71283	-	1	1.327330	I:	D:
71422	72252	-	1	1.316581	I:	D:
72252	73109	-	3	1.277372	I:	D:
73261	74109	-	1	1.245644	I:	D:
74203	75453	-	1	1.236775	I:	D:
75582	76046	-	3	1.272995	I:	D:
76123	77661	-	1	1.248213	I:	D:
77663	82243	-	2	1.240248	I:	D:
82578	82862	+	3	1.306419	I:	D:
82915	83940	-	1	1.268508	I:	D:
84139	84270	-	1	1.350247	I:	D:
84399	84725	+	3	1.355815	I:	D:
85233	86279	-	3	1.273057	I:	D:
86868	87821	+	3	1.304924	I:	D:
88119	88250	+	3	1.272141	I:	D:
88360	88494	+	1	1.238986	I:	D:
88861	90225	+	1	1.223202	I:	D:
>Y8.M041_9
129	1259	-	3	1.224429	I:	D:
1488	2546	+	3	1.236589	I:	D:
2626	3921	-	1	1.275167	I:	D:
3921	5801	-	3	1.236435	I:	D:
5948	6208	+	2	1.216275	I:	D:
6460	7248	-	1	1.281841	I:	D:
7496	8395	-	2	1.302185	I:	D:
8592	9719	-	3	1.241840	I:	D:
9944	10564	-	2	1.241828	I:	D:
10993	12030	+	1	1.291290	I:	D:
12166	13590	-	1	1.218667	I:	D:
13590	13895	-	3	1.247939	I:	D:
13911	15074	-	3	1.214655	I:	D:
15415	17526	+	1	1.247388	I:	D:
17578	18642	-	1	1.228398	I:	D:
18644	20077	-	2	1.239769	I:	D:
20153	20701	-	2	1.219064	I:	D:
20691	21866	-	3	1.231653	I:	D:
21885	22223	-	3	1.231083	I:	D:
22272	23069	-	3	1.284887	I:	D:
23313	24191	+	3	1.253362	I:	D:
24392	25636	+	2	1.261490	I:	D:
25726	26319	-	1	1.253102	I:	D:
26326	26880	-	1	1.269019	I:	D:
26892	28166	-	3	1.241894	I:	D:
28305	29084	-	3	1.231200	I:	D:
29110	30345	-	1	1.232525	I:	D:
30351	31850	-	3	1.260070	I:	D:
32074	33669	-	1	1.315177	I:	D:
33916	35577	-	1	1.231208	I:	D:
35723	36235	-	2	1.295849	I:	D:
>Y8.M041_10
20	1105	+	2	1.291370	I:	D:
1314	3098	+	3	1.206166	I:	D:
3515	5062	+	2	1.204428	I:	D:
5234	6268	+	2	1.243484	I:	D:
6513	6725	+	3	1.375093	I:	D:
7347	8684	-	3	1.278290	I:	D:
9019	10545	+	1	1.230000	I:	D:
10763	12400	+	2	1.277806	I:	D:
12464	13507	+	2	1.254774	I:	D:
14135	15502	+	2	1.232554	I:	D:
15699	16751	+	3	1.257998	I:	D:
17180	18232	+	2	1.228784	I:	D:
18414	20228	-	3	1.213643	I:	D:
20388	21422	-	3	1.277304	I:	D:
21555	23792	-	3	1.232048	I:	D:
24053	24334	-	2	1.261964	I:	D:
24379	25035	+	1	1.229872	I:	D:
25047	26057	-	3	1.214005	I:	D:
26327	27043	+	2	1.234401	I:	D:
27155	29692	+	2	1.218507	I:	D:
30037	30369	-	1	1.364570	I:	D:
30675	32555	+	3	1.228706	I:	D:
32633	33079	-	2	1.290417	I:	D:
32972	33211	+	2	1.238801	I:	D:
33441	34466	+	3	1.225349	I:	D:
34481	35068	+	2	1.245245	I:	D:
35341	36693	+	1	1.267085	I:	D:
36730	37851	+	1	1.301155	I:	D:
37859	39337	+	2	1.306727	I:	D:
39391	40194	+	1	1.319993	I:	D:
40247	40978	+	2	1.277756	I:	D:
41245	42249	+	1	1.234069	I:	D:
42265	43065	+	1	1.223868	I:	D:
43077	45218	+	3	1.291420	I:	D:
45330	46655	+	3	1.240845	I:	D:
46755	46886	+	3	1.331317	I:	D:
47020	48048	+	1	1.289568	I:	D:
48152	48877	+	2	1.232793	I:	D:
49100	50050	+	2	1.359933	I:	D:
50057	51124	+	2	1.334544	I:	D:
51124	51780	+	1	1.362556	I:	D:
51777	52379	+	3	1.343144	I:	D:
52664	52951	+	2	1.260735	I:	D:
52957	53334	+	1	1.357982	I:	D:
53375	53761	+	2	1.313494	I:	D:
53810	54940	+	2	1.288471	I:	D:
55138	55737	-	1	1.268447	I:	D:
55870	58785	+	1	1.306707	I:	D:
58906	59163	-	1	1.334158	I:	D:
59410	60543	-	1	1.291116	I:	D:
61046	61240	+	2	1.360089	I:	D:
61436	62719	+	2	1.390839	I:	D:
63080	63844	+	2	1.240548	I:	D:
63900	64466	+	3	1.214533	I:	D:
64548	65642	-	3	1.246336	I:	D:
65717	66430	+	2	1.276217	I:	D:
66504	66674	+	3	1.338351	I:	D:
66765	68231	+	3	1.265471	I:	D:
68723	70639	+	2	1.242258	I:	D:
70711	73116	-	1	1.274880	I:	D:
73493	74644	+	2	1.295357	I:	D:
74768	77854	+	2	1.228204	I:	D:
78132	78752	+	3	1.279943	I:	D:
78749	79900	+	2	1.252972	I:	D:
80016	80570	+	3	1.234494	I:	D:
80713	82314	+	1	1.230677	I:	D:
82474	83991	+	1	1.205629	I:	D:
84388	84735	-	1	1.276343	I:	D:
84937	85473	+	1	1.288161	I:	D:
85521	86966	-	3	1.259680	I:	D:
87228	87887	+	3	1.270016	I:	D:
87985	88944	+	1	1.256384	I:	D:
89065	89940	+	1	1.297157	I:	D:
90058	91239	-	1	1.300155	I:	D:
91797	93317	+	3	1.220732	I:	D:
94247	94735	+	2	1.284027	I:	D:
95132	101032	+	2	1.254722	I:	D:
101131	101952	-	1	1.324464	I:	D:
103396	105189	+	1	1.247962	I:	D:
105363	106046	+	3	1.253604	I:	D:
106196	107473	+	2	1.240649	I:	D:
107495	108799	+	2	1.207474	I:	D:
108833	110056	+	2	1.214148	I:	D:
110072	110869	+	2	1.203801	I:	D:
110985	111548	+	3	1.249962	I:	D:
111554	112153	-	2	1.255056	I:	D:
112268	114430	-	2	1.262808	I:	D:
114427	117057	-	1	1.247073	I:	D:
117412	118698	+	1	1.256961	I:	D:
118802	120331	+	2	1.255248	I:	D:
120636	121478	-	3	1.268927	I:	D:
121730	122755	-	2	1.243540	I:	D:
122752	124290	-	1	1.228728	I:	D:
124614	126248	+	3	1.248432	I:	D:
126322	127356	-	1	1.244591	I:	D:
127380	128219	-	3	1.278888	I:	D:
128309	129586	+	2	1.232149	I:	D:
129954	131249	+	3	1.237326	I:	D:
131251	131589	+	1	1.200461	I:	D:
131734	133524	+	1	1.255715	I:	D:
133558	135003	-	1	1.274125	I:	D:
135209	136738	+	2	1.249458	I:	D:
136741	138210	+	1	1.248056	I:	D:
138313	139065	+	1	1.261954	I:	D:
139214	139501	+	2	1.203875	I:	D:
139528	140013	-	1	1.356298	I:	D:
139498	141318	+	1	1.244212	I:	D:
141333	142355	-	3	1.283317	I:	D:
142841	144166	+	2	1.245676	I:	D:
144454	145380	+	1	1.245473	I:	D:
145401	146219	+	3	1.232577	I:	D:
146380	148356	+	1	1.246503	I:	D:
149055	154886	+	3	1.261505	I:	D:
154991	158707	+	2	1.289454	I:	D:
158838	159671	+	3	1.259395	I:	D:
159747	160760	-	3	1.254324	I:	D:
160882	161364	-	1	1.258417	I:	D:
161529	161819	+	3	1.251002	I:	D:
161876	162532	+	2	1.285127	I:	D:
162593	162841	+	2	1.225600	I:	D:
162861	163307	+	3	1.226151	I:	D:
163526	163948	-	2	1.341561	I:	D:
163954	165633	+	1	1.264152	I:	D:
165867	166601	+	3	1.215126	I:	D:
166685	169351	-	2	1.231104	I:	D:
169463	169744	+	2	1.260293	I:	D:
169787	171211	+	2	1.281152	I:	D:
171280	171837	+	1	1.257030	I:	D:
171931	172779	+	1	1.297001	I:	D:
172976	173194	+	2	1.371591	I:	D:
173214	174182	-	3	1.354258	I:	D:
174537	174692	+	3	1.357159	I:	D:
174714	175064	+	3	1.228702	I:	D:
175068	176609	+	3	1.206277	I:	D:
176635	178134	+	1	1.216238	I:	D:
178370	179434	+	2	1.264411	I:	D:
179445	179759	+	3	1.278442	I:	D:
179918	181786	+	2	1.289140	I:	D:
182005	183618	+	1	1.242514	I:	D:
183851	185893	+	2	1.231098	I:	D:
186201	186590	+	3	1.233585	I:	D:
186712	188763	+	1	1.296439	I:	D:
188875	191610	-	1	1.231320	I:	D:
191754	193280	-	3	1.277275	I:	D:
193342	194028	-	1	1.274264	I:	D:
194087	194887	-	2	1.256840	I:	D:
195048	195752	-	3	1.276373	I:	D:
195861	196445	-	3	1.267093	I:	D:
196680	197174	-	3	1.233545	I:	D:
197402	199642	-	2	1.246787	I:	D:
199823	201877	+	2	1.311654	I:	D:
201834	202157	+	3	1.385302	I:	D:
202255	202626	-	1	1.328791	I:	D:
202754	203038	+	2	1.344275	I:	D:
203035	203472	+	1	1.271816	I:	D:
203675	204013	+	2	1.327620	I:	D:
204397	204588	+	1	1.274619	I:	D:
204585	204752	+	3	1.267076	I:	D:
204831	204974	-	3	1.273779	I:	D:
205240	205722	+	1	1.229602	I:	D:
205722	206252	+	3	1.220425	I:	D:
206266	206703	+	1	1.241933	I:	D:
206789	207010	-	2	1.293689	I:	D:
207046	208062	+	1	1.289951	I:	D:
208454	209098	+	2	1.276921	I:	D:
209095	209463	+	1	1.320910	I:	D:
209555	209737	+	2	1.256788	I:	D:
210060	210389	+	3	1.246558	I:	D:
210386	210631	+	2	1.222581	I:	D:
210822	211067	+	3	1.238122	I:	D:
211071	211277	+	3	1.274786	I:	D:
211299	211529	+	3	1.258878	I:	D:
211526	211711	+	2	1.268817	I:	D:
211856	212698	+	2	1.266823	I:	D:
212909	213394	+	2	1.297445	I:	D:
213479	213772	+	2	1.295899	I:	D:
213756	215189	+	3	1.256956	I:	D:
215189	216712	+	2	1.250706	I:	D:
216636	217991	+	3	1.309423	I:	D:
218102	218635	+	2	1.214520	I:	D:
218681	219586	+	2	1.206291	I:	D:
219586	219900	+	1	1.173626	I:	D:
219912	220364	+	3	1.241072	I:	D:
220361	220696	+	2	1.257785	I:	D:
220710	220985	+	3	1.238977	I:	D:
220982	221347	+	2	1.246997	I:	D:
221379	221969	+	3	1.199473	I:	D:
222029	222349	+	2	1.232879	I:	D:
222361	222753	+	1	1.261358	I:	D:
222755	225823	+	2	1.230741	I:	D:
225843	226622	+	3	1.244386	I:	D:
226634	230362	+	2	1.241017	I:	D:
230372	230968	+	2	1.259600	I:	D:
231122	231844	+	2	1.220950	I:	D:
231861	233441	+	3	1.234406	I:	D:
233452	233712	+	1	1.370587	I:	D:
233740	234864	-	1	1.306884	I:	D:
234918	235253	+	3	1.224669	I:	D:
235381	235698	+	1	1.222179	I:	D:
235762	236994	+	1	1.231801	I:	D:
237097	237375	+	1	1.203917	I:	D:
237444	237728	-	3	1.226854	I:	D:
237712	237984	-	1	1.271916	I:	D:
238035	238859	-	3	1.298220	I:	D:
239246	240280	+	2	1.269576	I:	D:
240742	241554	+	1	1.242944	I:	D:
241658	241885	+	2	1.212043	I:	D:
241942	242460	+	1	1.227620	I:	D:
242495	243331	+	2	1.230201	I:	D:
243407	245038	+	2	1.228847	I:	D:
245042	245965	+	2	1.264974	I:	D:
245974	247446	+	1	1.238228	I:	D:
247467	247739	+	3	1.242636	I:	D:
247828	248598	+	1	1.264414	I:	D:
248644	249612	-	1	1.279291	I:	D:
249714	250793	+	3	1.314626	I:	D:
250793	251800	+	2	1.265819	I:	D:
252049	253023	+	1	1.237360	I:	D:
253110	253736	-	3	1.268151	I:	D:
254275	254664	+	1	1.228504	I:	D:
254772	255764	+	3	1.286024	I:	D:
255858	256859	+	3	1.252333	I:	D:
257046	258233	+	3	1.250458	I:	D:
258486	259652	+	3	1.199530	I:	D:
259664	260614	+	2	1.253716	I:	D:
260611	261465	+	1	1.214029	I:	D:
261470	262747	+	2	1.190790	I:	D:
263051	264094	+	2	1.317407	I:	D:
264133	264930	-	1	1.253186	I:	D:
265011	266483	-	3	1.242171	I:	D:
266562	267293	-	3	1.267823	I:	D:
267384	268886	-	3	1.284133	I:	D:
269112	269663	-	3	1.266895	I:	D:
270408	270677	-	3	1.326366	I:	D:
271189	272466	-	1	1.239616	I:	D:
272657	273673	-	2	1.255747	I:	D:
273641	273892	+	2	1.347818	I:	D:
274077	274271	+	3	1.306347	I:	D:
274371	277214	+	3	1.265060	I:	D:
277441	278052	+	1	1.280154	I:	D:
278076	278891	-	3	1.239495	I:	D:
278953	280611	+	1	1.266770	I:	D:
280689	281669	+	3	1.231570	I:	D:
281749	282624	+	1	1.245593	I:	D:
282634	283311	+	1	1.267154	I:	D:
283459	285036	+	1	1.255199	I:	D:
285151	286494	+	1	1.244160	I:	D:
286786	287919	+	1	1.256551	I:	D:
288048	289280	+	3	1.278361	I:	D:
289402	290115	+	1	1.233709	I:	D:
290366	291697	+	2	1.261110	I:	D:
291896	292600	+	2	1.257259	I:	D:
292850	293983	+	2	1.232087	I:	D:
294194	295147	+	2	1.236352	I:	D:
295180	296145	+	1	1.234286	I:	D:
296198	296977	+	2	1.234566	I:	D:
297272	297850	+	2	1.255350	I:	D:
297914	300184	+	2	1.266165	I:	D:
300250	301113	+	1	1.226026	I:	D:
301211	302263	+	2	1.263234	I:	D:
302388	303011	-	3	1.252815	I:	D:
303034	303267	-	1	1.266054	I:	D:
303288	303749	-	3	1.223785	I:	D:
303982	305091	-	1	1.314690	I:	D:
305168	306916	-	2	1.228557	I:	D:
307098	308033	+	3	1.260236	I:	D:
308052	309701	-	3	1.244044	I:	D:
309920	310648	+	2	1.281244	I:	D:
310696	312972	+	1	1.266657	I:	D:
313025	313444	-	2	1.346422	I:	D:
313454	313732	-	2	1.345261	I:	D:
313888	314442	-	1	1.214103	I:	D:
314459	316426	-	2	1.235811	I:	D:
316587	317315	-	3	1.245633	I:	D:
317440	317634	-	1	1.292828	I:	D:
317723	318352	-	2	1.253121	I:	D:
318441	319325	-	3	1.254613	I:	D:
319339	319839	-	1	1.252636	I:	D:
320077	320370	+	1	1.276543	I:	D:
320723	322135	+	2	1.272840	I:	D:
322148	322960	+	2	1.314698	I:	D:
323075	324439	+	2	1.286786	I:	D:
324441	325544	+	3	1.298261	I:	D:
325613	326710	+	2	1.306661	I:	D:
326713	328281	+	1	1.295257	I:	D:
328295	329230	+	2	1.328198	I:	D:
329375	330385	-	2	1.239020	I:	D:
330556	330987	+	1	1.275168	I:	D:
331071	331697	-	3	1.292032	I:	D:
331730	331891	+	2	1.364271	I:	D:
331928	333250	+	2	1.260976	I:	D:
333533	334309	+	2	1.262642	I:	D:
334353	335111	+	3	1.255862	I:	D:
335333	336649	-	2	1.279854	I:	D:
336948	338306	+	3	1.283563	I:	D:
338380	339690	+	1	1.250725	I:	D:
339740	341020	+	2	1.267751	I:	D:
341114	342115	-	2	1.250311	I:	D:
342837	344534	+	3	1.212452	I:	D:
344549	344704	-	2	1.338523	I:	D:
344814	344993	+	3	1.373060	I:	D:
345258	345623	+	3	1.255670	I:	D:
345790	346629	+	1	1.265600	I:	D:
346749	347588	+	3	1.282578	I:	D:
347715	348830	+	3	1.272528	I:	D:
348985	350631	+	1	1.233528	I:	D:
350716	351408	+	1	1.245847	I:	D:
351640	353157	+	1	1.231370	I:	D:
353341	354057	-	1	1.310638	I:	D:
354332	355852	+	2	1.269390	I:	D:
356056	357423	+	1	1.273374	I:	D:
357423	358643	+	3	1.267496	I:	D:
358656	359291	+	3	1.238733	I:	D:
359473	361296	-	1	1.220724	I:	D:
361401	361691	+	3	1.320855	I:	D:
362178	366302	+	3	1.274761	I:	D:
366608	366757	-	2	1.264366	I:	D:
>Y8.M041_11
131	1417	-	2	1.216122	I:	D:
1634	2701	+	2	1.252574	I:	D:
2912	4192	-	2	1.238863	I:	D:
4002	5453	-	3	1.193811	I:	D:
5584	6426	+	1	1.386072	I:	D:
6766	8925	-	1	1.246090	I:	D:
9337	11349	-	1	1.222858	I:	D:
11766	13079	+	3	1.252587	I:	D:
13854	14090	+	3	1.343018	I:	D:
14130	14261	-	3	1.358390	I:	D:
14367	14630	+	3	1.268702	I:	D:
14660	15172	-	2	1.251825	I:	D:
15254	15586	-	2	1.198989	I:	D:
15859	17058	+	1	1.408372	I:	D:
17081	17998	+	2	1.386990	I:	D:
18393	18992	-	3	1.235063	I:	D:
18989	19963	-	2	1.233670	I:	D:
20559	23132	-	3	1.212429	I:	D:
23129	24511	-	2	1.227607	I:	D:
24743	25201	+	2	1.317644	I:	D:
25369	26325	-	1	1.248752	I:	D:
26652	27155	-	3	1.286203	I:	D:
27536	28405	-	2	1.207875	I:	D:
28576	28800	+	1	1.301505	I:	D:
28912	29316	-	1	1.282465	I:	D:
29313	29957	-	3	1.285325	I:	D:
30032	31069	-	2	1.232850	I:	D:
31204	32730	-	1	1.231365	I:	D:
32414	34858	+	2	1.214985	I:	D:
35043	35744	+	3	1.238863	I:	D:
35774	36304	+	2	1.242970	I:	D:
36309	38003	+	3	1.263615	I:	D:
38000	39661	+	2	1.236803	I:	D:
39658	41136	+	1	1.237884	I:	D:
41133	42083	+	3	1.259078	I:	D:
42080	44152	+	2	1.249642	I:	D:
44376	45020	-	3	1.260366	I:	D:
45071	46309	-	2	1.274806	I:	D:
46306	47106	-	1	1.280063	I:	D:
47190	47666	+	3	1.247657	I:	D:
48334	49188	-	1	1.316772	I:	D:
49284	49502	+	3	1.263500	I:	D:
49716	52163	-	3	1.215301	I:	D:
52371	52790	+	3	1.240567	I:	D:
52896	53285	-	3	1.269278	I:	D:
53419	54510	+	1	1.199804	I:	D:
54688	56307	-	1	1.269542	I:	D:
56561	57547	+	2	1.397687	I:	D:
57877	59538	-	1	1.207797	I:	D:
59763	61676	-	3	1.246857	I:	D:
61872	64715	+	3	1.230136	I:	D:
65566	66399	-	1	1.377298	I:	D:
66429	67064	+	3	1.392577	I:	D:
>Y8.M041_12
3	605	-	3	1.392367	I:	D:
876	1907	-	3	1.301426	I:	D:
2176	3387	+	1	1.229508	I:	D:
3609	4847	+	3	1.309822	I:	D:
4950	5771	+	3	1.243322	I:	D:
5844	6020	-	3	1.233919	I:	D:
6017	6892	-	2	1.283652	I:	D:
7125	8684	+	3	1.219751	I:	D:
8886	11570	+	3	1.219146	I:	D:
11753	12826	+	2	1.280599	I:	D:
12852	13961	+	3	1.268527	I:	D:
14157	14636	-	3	1.284944	I:	D:
14684	15325	-	2	1.223943	I:	D:
15629	16939	+	2	1.360100	I:	D:
17199	17873	-	3	1.261338	I:	D:
18010	19209	-	1	1.277978	I:	D:
19367	21604	-	2	1.226525	I:	D:
22079	23482	+	2	1.306925	I:	D:
23655	24455	-	3	1.251172	I:	D:
24749	26152	+	2	1.231209	I:	D:
26235	26927	+	3	1.240456	I:	D:
27094	27246	-	1	1.287258	I:	D:
27113	28930	+	2	1.344475	I:	D:
28970	30097	+	2	1.221599	I:	D:
30303	31649	-	3	1.210412	I:	D:
31899	33224	+	3	1.228590	I:	D:
33269	34522	-	2	1.258795	I:	D:
34616	35827	-	2	1.259706	I:	D:
35445	37499	+	3	1.199491	I:	D:
37502	39094	+	2	1.245285	I:	D:
39255	40571	+	3	1.189681	I:	D:
40678	41790	+	1	1.241868	I:	D:
41927	43381	+	2	1.242100	I:	D:
45003	46097	+	3	1.249735	I:	D:
46094	47542	+	2	1.219404	I:	D:
47718	48662	-	3	1.259375	I:	D:
48769	49974	+	1	1.227203	I:	D:
50287	53355	+	1	1.241477	I:	D:
53507	53815	+	2	1.273232	I:	D:
53838	54086	+	3	1.246361	I:	D:
54155	55846	+	2	1.225355	I:	D:
55847	56980	+	2	1.236061	I:	D:
57071	58276	+	2	1.255551	I:	D:
58520	58747	+	2	1.257402	I:	D:
58777	59670	+	1	1.262558	I:	D:
59933	60364	+	2	1.239352	I:	D:
60380	61072	+	2	1.240486	I:	D:
61140	61271	+	3	1.365331	I:	D:
>Y8.M041_13
107	760	-	2	1.214640	I:	D:
308	1309	+	2	1.249131	I:	D:
1649	6460	+	2	1.216635	I:	D:
6783	7421	+	3	1.237861	I:	D:
7448	8656	+	2	1.251742	I:	D:
8670	9152	+	3	1.246256	I:	D:
9190	9492	+	1	1.211641	I:	D:
9502	11493	+	1	1.240832	I:	D:
11548	13005	+	1	1.252880	I:	D:
13017	14618	+	3	1.238838	I:	D:
14633	14983	+	2	1.288291	I:	D:
14994	15473	+	3	1.262751	I:	D:
15578	16612	+	2	1.241832	I:	D:
16714	17355	+	1	1.243813	I:	D:
17436	19244	+	3	1.237582	I:	D:
19244	20197	+	2	1.276579	I:	D:
20184	21317	+	3	1.257086	I:	D:
21421	21735	+	1	1.282656	I:	D:
21732	23015	+	3	1.297931	I:	D:
23035	24342	-	1	1.276157	I:	D:
24460	25242	+	1	1.276776	I:	D:
25276	26718	+	1	1.279056	I:	D:
26770	27246	+	1	1.359498	I:	D:
27449	28249	-	2	1.277225	I:	D:
27955	30114	-	1	1.259280	I:	D:
30221	30514	-	2	1.184838	I:	D:
30699	31097	+	3	1.257973	I:	D:
31094	32053	+	2	1.257905	I:	D:
32050	33135	+	1	1.263308	I:	D:
33293	34003	+	2	1.252811	I:	D:
34029	35114	+	3	1.244840	I:	D:
35130	36947	+	3	1.265476	I:	D:
36961	37539	+	1	1.336981	I:	D:
37517	38422	+	2	1.314651	I:	D:
38496	39047	+	3	1.274694	I:	D:
39034	39987	+	1	1.306614	I:	D:
40006	40332	+	1	1.304920	I:	D:
40389	41324	-	3	1.300656	I:	D:
41991	43034	-	3	1.211151	I:	D:
43031	43624	-	2	1.267096	I:	D:
43602	44648	-	3	1.220723	I:	D:
44545	45111	-	1	1.292836	I:	D:
45132	46103	-	3	1.272340	I:	D:
46170	47516	-	3	1.279316	I:	D:
47656	49410	-	1	1.323290	I:	D:
49407	50186	-	3	1.310611	I:	D:
50347	53310	-	1	1.219145	I:	D:
53353	54288	-	1	1.298587	I:	D:
54294	55244	-	3	1.260245	I:	D:
55359	56204	-	3	1.272759	I:	D:
56273	57568	+	2	1.321518	I:	D:
57596	58000	-	2	1.213506	I:	D:
57876	58235	+	3	1.365590	I:	D:
58279	59214	+	1	1.253124	I:	D:
59637	60566	+	3	1.308803	I:	D:
60609	60776	+	3	1.402626	I:	D:
60846	61691	-	3	1.269560	I:	D:
61749	63062	-	3	1.292338	I:	D:
63397	63801	+	1	1.320186	I:	D:
63917	64456	+	2	1.213420	I:	D:
64592	65068	+	2	1.323605	I:	D:
65065	65922	+	1	1.280839	I:	D:
66040	68394	-	1	1.259183	I:	D:
68498	68974	-	2	1.252963	I:	D:
68974	69345	-	1	1.270336	I:	D:
69426	70517	+	3	1.333162	I:	D:
70527	71795	-	3	1.277856	I:	D:
72046	74772	+	1	1.235741	I:	D:
74918	75706	+	2	1.319386	I:	D:
75717	80450	-	3	1.315879	I:	D:
80466	81458	-	3	1.276625	I:	D:
81502	82728	-	1	1.267775	I:	D:
83088	85406	-	3	1.238453	I:	D:
85464	86888	-	3	1.237848	I:	D:
87091	87753	-	1	1.328154	I:	D:
87958	89040	+	1	1.291627	I:	D:
89184	91457	+	3	1.274293	I:	D:
91509	92483	-	3	1.299297	I:	D:
92274	92969	+	3	1.301358	I:	D:
93210	94307	-	3	1.225088	I:	D:
94457	94837	+	2	1.329807	I:	D:
94846	95199	+	1	1.308205	I:	D:
95510	98404	-	2	1.211821	I:	D:
98566	99228	-	1	1.265268	I:	D:
100105	100698	-	1	1.317894	I:	D:
100701	101957	-	3	1.241984	I:	D:
102195	102428	-	3	1.302010	I:	D:
102540	103055	-	3	1.259333	I:	D:
103115	103648	-	2	1.290029	I:	D:
103660	104295	-	1	1.266168	I:	D:
104472	107531	-	3	1.243984	I:	D:
107206	108342	+	1	1.285944	I:	D:
108376	109362	-	1	1.231721	I:	D:
109373	110827	-	2	1.237909	I:	D:
110857	111699	+	1	1.301820	I:	D:
111732	112748	-	3	1.224206	I:	D:
112888	113787	-	1	1.231294	I:	D:
113968	114813	-	1	1.301154	I:	D:
114995	116380	+	2	1.254652	I:	D:
116262	117140	+	3	1.228101	I:	D:
117153	117821	+	3	1.233087	I:	D:
117869	120016	+	2	1.260801	I:	D:
120078	120569	-	3	1.370525	I:	D:
120569	120943	-	2	1.278237	I:	D:
121077	123776	-	3	1.206978	I:	D:
123894	126419	-	3	1.258498	I:	D:
126510	127205	-	3	1.309592	I:	D:
127217	128485	-	2	1.242644	I:	D:
128475	129233	-	3	1.270066	I:	D:
129249	130103	-	3	1.229952	I:	D:
130171	131031	-	1	1.260840	I:	D:
131136	133145	-	3	1.217466	I:	D:
133168	134172	-	1	1.242939	I:	D:
134191	135117	-	1	1.266678	I:	D:
135419	137059	-	2	1.241585	I:	D:
137313	138380	-	3	1.271855	I:	D:
138415	138672	-	1	1.279764	I:	D:
138807	139928	-	3	1.222847	I:	D:
139922	140899	-	2	1.227568	I:	D:
140979	141425	-	3	1.286503	I:	D:
141525	143456	-	3	1.216887	I:	D:
143771	145120	-	2	1.211638	I:	D:
145152	146399	-	3	1.231980	I:	D:
146402	147295	-	2	1.209884	I:	D:
147299	148930	-	2	1.228752	I:	D:
149019	150299	-	3	1.224221	I:	D:
150359	151186	-	2	1.266661	I:	D:
151318	151995	-	1	1.287196	I:	D:
152047	152961	-	1	1.268714	I:	D:
152980	153939	-	1	1.279981	I:	D:
154081	156927	-	1	1.238691	I:	D:
157055	157981	-	2	1.271513	I:	D:
158051	158434	-	2	1.239160	I:	D:
158487	158681	-	3	1.207813	I:	D:
158662	159297	-	1	1.248748	I:	D:
159669	161213	-	3	1.239173	I:	D:
160905	161630	+	3	1.258054	I:	D:
161871	162929	+	3	1.219056	I:	D:
163022	163531	+	2	1.283757	I:	D:
163571	164563	-	2	1.279473	I:	D:
164854	165810	+	1	1.267802	I:	D:
165936	166880	+	3	1.248097	I:	D:
167146	167403	-	1	1.286944	I:	D:
167466	168254	-	3	1.293892	I:	D:
168393	169946	+	3	1.236202	I:	D:
170068	171063	+	1	1.268855	I:	D:
171182	174859	-	2	1.255384	I:	D:
174920	176551	-	2	1.209932	I:	D:
177641	178621	+	2	1.375380	I:	D:
178925	180520	+	2	1.218580	I:	D:
180569	181090	+	2	1.242951	I:	D:
181140	182849	-	3	1.201956	I:	D:
182853	184022	-	3	1.202238	I:	D:
184024	185154	-	1	1.237282	I:	D:
185280	186914	-	3	1.219612	I:	D:
187194	188498	-	3	1.217247	I:	D:
188533	189456	-	1	1.222241	I:	D:
189683	190807	+	2	1.275814	I:	D:
190957	191871	-	1	1.262765	I:	D:
192098	193312	+	2	1.233089	I:	D:
193385	194281	+	2	1.202983	I:	D:
194305	194745	+	1	1.247235	I:	D:
195030	195332	+	3	1.256697	I:	D:
195607	196905	+	1	1.273990	I:	D:
196972	198207	+	1	1.243475	I:	D:
198319	199428	-	1	1.322113	I:	D:
199670	202978	-	2	1.286709	I:	D:
203288	205567	-	2	1.285592	I:	D:
205726	207006	-	1	1.269532	I:	D:
207034	207873	-	1	1.257597	I:	D:
207873	208778	-	3	1.268875	I:	D:
208841	210133	-	2	1.250573	I:	D:
210521	213673	-	2	1.271325	I:	D:
213804	216923	-	3	1.251601	I:	D:
217084	217572	-	1	1.254420	I:	D:
217662	218348	-	3	1.339996	I:	D:
218492	218845	-	2	1.356557	I:	D:
218817	219347	-	3	1.351102	I:	D:
220088	221152	-	2	1.287291	I:	D:
221152	222690	-	1	1.245604	I:	D:
222791	223972	-	2	1.249800	I:	D:
223988	225205	-	2	1.284981	I:	D:
225192	226637	-	3	1.263005	I:	D:
226692	227798	-	3	1.254007	I:	D:
227843	229294	-	2	1.272551	I:	D:
229343	230215	-	2	1.269971	I:	D:
230242	232044	-	1	1.274723	I:	D:
232041	232490	-	3	1.309488	I:	D:
232497	233576	-	3	1.290796	I:	D:
233576	234097	-	2	1.260422	I:	D:
234430	236709	+	1	1.259355	I:	D:
236720	237919	+	2	1.271590	I:	D:
238054	238530	-	1	1.358791	I:	D:
238547	238897	-	2	1.339125	I:	D:
239048	239773	+	2	1.266845	I:	D:
239939	240877	+	2	1.272755	I:	D:
241019	241981	-	2	1.237614	I:	D:
242162	243667	-	2	1.240952	I:	D:
243826	244482	+	1	1.296789	I:	D:
244646	248608	+	2	1.243907	I:	D:
248605	249576	+	1	1.285832	I:	D:
249623	250093	-	2	1.245086	I:	D:
250329	251666	-	3	1.244897	I:	D:
251815	253248	+	1	1.262305	I:	D:
253352	254077	-	2	1.255714	I:	D:
254147	254794	-	2	1.255222	I:	D:
254829	255623	-	3	1.238538	I:	D:
255623	256225	-	2	1.213473	I:	D:
256308	257468	-	3	1.242384	I:	D:
257465	258862	-	2	1.200418	I:	D:
258964	259257	-	1	1.345261	I:	D:
259270	260769	-	1	1.349720	I:	D:
260874	261680	+	3	1.302462	I:	D:
>Y8.M041_14
1	1458	-	1	1.317145	I:	D:
1520	1960	-	2	1.320341	I:	D:
2394	3941	+	3	1.323038	I:	D:
4025	4231	+	2	1.349515	I:	D:
4314	5477	+	3	1.322408	I:	D:
5597	6151	-	2	1.281056	I:	D:
6307	6888	+	1	1.281018	I:	D:
6939	7769	+	3	1.236846	I:	D:
7874	9163	+	2	1.222604	I:	D:
9543	11729	+	3	1.228601	I:	D:
11928	12512	+	3	1.287438	I:	D:
12541	13824	-	1	1.266083	I:	D:
14081	16480	+	2	1.210850	I:	D:
16538	16735	+	2	1.288985	I:	D:
16855	17907	+	1	1.240888	I:	D:
17925	18548	+	3	1.224498	I:	D:
18732	19385	-	3	1.231244	I:	D:
19385	20737	-	2	1.259680	I:	D:
21030	22106	+	3	1.242023	I:	D:
22207	23445	+	1	1.255718	I:	D:
23432	24844	+	2	1.236058	I:	D:
24849	26405	-	3	1.237390	I:	D:
26579	27199	-	2	1.232420	I:	D:
27352	27753	+	1	1.274677	I:	D:
27842	28780	-	2	1.275597	I:	D:
28742	28927	+	2	1.312226	I:	D:
29068	29889	+	1	1.273300	I:	D:
30044	30304	+	2	1.294639	I:	D:
30311	30520	+	2	1.267358	I:	D:
30650	32014	-	2	1.224908	I:	D:
32065	32646	-	1	1.238163	I:	D:
32763	35408	+	3	1.249533	I:	D:
35553	35951	+	3	1.222914	I:	D:
36042	37259	+	3	1.240434	I:	D:
37261	38229	+	1	1.268742	I:	D:
38428	39054	+	1	1.232731	I:	D:
39145	41109	-	1	1.293354	I:	D:
41235	41963	+	3	1.278440	I:	D:
42166	42564	+	1	1.250437	I:	D:
42564	42800	+	3	1.259455	I:	D:
42928	45609	+	1	1.211463	I:	D:
45618	46076	+	3	1.336641	I:	D:
46087	47268	+	1	1.266720	I:	D:
47436	47909	-	3	1.307528	I:	D:
47973	49160	+	3	1.241767	I:	D:
49243	50865	+	1	1.265901	I:	D:
51029	51475	+	2	1.248318	I:	D:
51571	52653	+	1	1.296150	I:	D:
>Y8.M041_15
1	579	+	1	1.402951	I:	D:
695	3034	-	2	1.297900	I:	D:
3031	5751	-	1	1.271691	I:	D:
6044	7177	-	2	1.270573	I:	D:
6994	7371	-	1	1.266302	I:	D:
7463	8176	+	2	1.268984	I:	D:
8442	8627	-	3	1.355245	I:	D:
8584	9912	+	1	1.236094	I:	D:
10167	11183	-	3	1.261495	I:	D:
11566	12420	+	1	1.233557	I:	D:
12420	13262	+	3	1.254810	I:	D:
13321	13926	+	1	1.246855	I:	D:
14263	17460	+	1	1.261159	I:	D:
17586	18836	-	3	1.272338	I:	D:
18694	18963	+	1	1.301819	I:	D:
19045	20457	+	1	1.334905	I:	D:
20520	21995	-	3	1.241743	I:	D:
22218	22787	-	3	1.282042	I:	D:
22931	23632	+	2	1.271396	I:	D:
23643	27404	+	3	1.271768	I:	D:
27592	29115	+	1	1.244528	I:	D:
29455	30951	+	1	1.360436	I:	D:
31255	35796	+	1	1.270803	I:	D:
36008	39844	+	2	1.296994	I:	D:
39879	40010	-	3	1.340164	I:	D:
40121	40270	-	2	1.326489	I:	D:
40361	40705	+	2	1.381388	I:	D:
41027	41563	+	2	1.344804	I:	D:
41750	43621	+	2	1.217927	I:	D:
43837	45666	+	1	1.235773	I:	D:
45818	46864	-	2	1.320206	I:	D:
46946	48364	+	2	1.232956	I:	D:
48554	48790	-	2	1.372617	I:	D:
48899	49954	+	2	1.244345	I:	D:
49981	50352	-	1	1.299939	I:	D:
50349	50996	-	3	1.316981	I:	D:
51313	53178	+	1	1.245995	I:	D:
53512	54108	-	1	1.396480	I:	D:
54217	55329	-	1	1.339973	I:	D:
55471	56997	-	1	1.246731	I:	D:
57276	57746	-	3	1.314679	I:	D:
57715	59451	+	1	1.235553	I:	D:
59479	60444	+	1	1.247774	I:	D:
60616	61773	-	1	1.271229	I:	D:
62043	63557	+	3	1.254757	I:	D:
63609	63920	+	3	1.369705	I:	D:
64310	66220	+	2	1.248891	I:	D:
66231	68039	+	3	1.223554	I:	D:
68065	69135	-	1	1.331284	I:	D:
69208	69381	+	1	1.362628	I:	D:
69415	70374	+	1	1.274387	I:	D:
70517	73030	+	2	1.269153	I:	D:
73124	73984	+	2	1.257958	I:	D:
74063	74767	-	2	1.272975	I:	D:
74891	76012	-	2	1.232566	I:	D:
76009	77415	-	1	1.263399	I:	D:
77757	80012	+	3	1.298799	I:	D:
80012	81187	+	2	1.274235	I:	D:
81247	81405	+	1	1.286724	I:	D:
81450	81950	+	3	1.322563	I:	D:
82304	82696	+	2	1.391567	I:	D:
82824	85433	+	3	1.340460	I:	D:
85513	85713	+	1	1.363367	I:	D:
85814	86038	-	2	1.330106	I:	D:
86506	87447	-	1	1.257966	I:	D:
87616	89706	+	1	1.377288	I:	D:
89756	90778	+	2	1.263639	I:	D:
90786	92240	+	3	1.238088	I:	D:
92400	92714	-	3	1.285852	I:	D:
92754	93602	+	3	1.315123	I:	D:
93673	94605	+	1	1.301580	I:	D:
>Y8.M041_16
578	2233	-	2	1.348803	I:	D:
2442	3440	-	3	1.259138	I:	D:
3676	3825	-	1	1.313412	I:	D:
3926	5281	+	2	1.258849	I:	D:
5398	7314	-	1	1.232083	I:	D:
7483	8049	-	1	1.232067	I:	D:
8252	8935	+	2	1.244512	I:	D:
9194	10537	+	2	1.219243	I:	D:
10634	11113	+	2	1.228118	I:	D:
11348	12661	+	2	1.318666	I:	D:
12732	12881	-	3	1.325664	I:	D:
12920	13285	-	2	1.231602	I:	D:
13372	14277	-	1	1.300654	I:	D:
14315	15640	-	2	1.236940	I:	D:
15914	17647	+	2	1.269948	I:	D:
17654	18037	+	2	1.372760	I:	D:
18039	18374	+	3	1.341323	I:	D:
18950	19195	-	2	1.315004	I:	D:
19309	20157	-	1	1.289720	I:	D:
20171	20767	-	2	1.283407	I:	D:
20371	20937	+	1	1.354468	I:	D:
21028	22020	+	1	1.252815	I:	D:
22035	23369	-	3	1.265288	I:	D:
23575	24009	+	1	1.236156	I:	D:
24328	25674	+	1	1.231612	I:	D:
26072	27658	-	2	1.248311	I:	D:
27655	28368	-	1	1.292901	I:	D:
28162	28962	+	1	1.398642	I:	D:
29054	29620	-	2	1.284175	I:	D:
29690	32341	-	2	1.211480	I:	D:
32409	34547	-	3	1.227224	I:	D:
34680	35150	-	3	1.257759	I:	D:
35147	36385	-	2	1.281590	I:	D:
36413	37537	-	2	1.250541	I:	D:
38272	39774	-	1	1.299689	I:	D:
40086	40619	+	3	1.334980	I:	D:
40930	41937	+	1	1.293292	I:	D:
42061	42594	+	1	1.300115	I:	D:
42728	43411	+	2	1.340304	I:	D:
43662	44633	+	3	1.351510	I:	D:
44702	45994	+	2	1.321622	I:	D:
46269	47462	+	3	1.282984	I:	D:
47697	48704	-	3	1.249271	I:	D:
48763	49695	-	1	1.264766	I:	D:
50725	51897	+	1	1.382062	I:	D:
51906	52919	+	3	1.417265	I:	D:
52951	54771	+	1	1.269076	I:	D:
54958	56064	+	1	1.316377	I:	D:
56227	57486	+	1	1.267812	I:	D:
57681	58700	-	3	1.325683	I:	D:
58819	60882	-	1	1.324215	I:	D:
60965	62692	-	2	1.299740	I:	D:
62689	64890	-	1	1.287988	I:	D:
64956	66248	-	3	1.286227	I:	D:
66335	67750	+	2	1.252221	I:	D:
67835	68464	-	2	1.260531	I:	D:
68511	69461	-	3	1.273734	I:	D:
69458	70381	-	2	1.266936	I:	D:
70414	71910	-	1	1.287131	I:	D:
72430	73407	-	1	1.266436	I:	D:
73585	75825	-	1	1.266160	I:	D:
76077	76232	+	3	1.362482	I:	D:
76411	77517	-	1	1.334933	I:	D:
77710	78477	-	1	1.251944	I:	D:
78670	79350	+	1	1.267637	I:	D:
79373	79984	+	2	1.278755	I:	D:
80234	80461	+	2	1.380686	I:	D:
80524	80838	+	1	1.243342	I:	D:
80835	81293	+	3	1.257208	I:	D:
81409	83604	+	1	1.241144	I:	D:
83915	84907	+	2	1.245272	I:	D:
84971	86146	+	2	1.241754	I:	D:
86507	87634	+	2	1.249332	I:	D:
>Y8.M041_17
72	1337	+	3	1.233675	I:	D:
1483	2238	-	1	1.280352	I:	D:
>Y8.M041_18
59	424	+	2	1.263856	I:	D:
557	727	+	2	1.268871	I:	D:
907	1728	+	1	1.302374	I:	D:
1812	3254	+	3	1.314873	I:	D:
3291	3647	+	3	1.380794	I:	D:
3710	3925	-	2	1.345799	I:	D:
4129	5223	-	1	1.224655	I:	D:
5241	6041	-	3	1.256688	I:	D:
6116	6907	-	2	1.283750	I:	D:
>Y8.M041_19
3	560	-	3	1.330064	I:	D:
513	1430	+	3	1.308108	I:	D:
1502	3223	-	2	1.335259	I:	D:
>Y8.M041_20
258	863	+	3	1.324631	I:	D:
979	2352	+	1	1.316235	I:	D:
2575	3249	-	1	1.304563	I:	D:
>Y8.M041_21
1	2043	-	1	1.260872	I:	D:
>Y8.M041_22
92	832	-	2	1.273023	I:	D:
861	1091	-	3	1.350546	I:	D:
1091	1345	-	2	1.299971	I:	D:
1423	2016	-	1	1.207270	I:	D:
2152	2631	-	1	1.227063	I:	D:
2622	3992	-	3	1.274285	I:	D:
4176	4340	-	3	1.230664	I:	D:
4471	4854	-	1	1.287268	I:	D:
4851	5192	-	3	1.330112	I:	D:
5325	5567	-	3	1.418707	I:	D:
5692	6075	+	1	1.419863	I:	D:
>Y8.M041_23
1	501	-	1	1.324553	I:	D:
1085	1453	+	2	1.274799	I:	D:
1528	2181	-	1	1.345325	I:	D:
2349	2540	+	3	1.343489	I:	D:
2537	2692	+	2	1.221566	I:	D:
2689	3843	+	1	1.274029	I:	D:
4091	4588	+	2	1.228352	I:	D:
4701	5366	+	3	1.204243	I:	D:
5363	5653	+	2	1.250620	I:	D:
5650	6009	+	1	1.311975	I:	D:
6177	6941	+	3	1.272825	I:	D:
7154	11377	+	2	1.211249	I:	D:
11574	12170	+	3	1.296283	I:	D:
12185	13030	+	2	1.216602	I:	D:
13065	13415	+	3	1.305282	I:	D:
13419	15812	+	3	1.209420	I:	D:
15817	17520	+	1	1.251276	I:	D:
17184	18074	+	3	1.317937	I:	D:
18130	19512	+	1	1.289622	I:	D:
20042	21298	+	2	1.419198	I:	D:
22387	22887	-	1	1.388799	I:	D:
22884	24716	-	3	1.254186	I:	D:
24729	25040	-	3	1.253527	I:	D:
25037	25345	-	2	1.317739	I:	D:
25421	32824	-	2	1.241713	I:	D:
32206	32643	-	1	1.251022	I:	D:
32609	33007	+	2	1.252916	I:	D:
33037	34962	-	1	1.265682	I:	D:
34975	36027	-	1	1.248442	I:	D:
36071	37699	-	2	1.259386	I:	D:
37702	38082	-	1	1.233840	I:	D:
38541	38789	-	3	1.273127	I:	D:
38806	39093	-	1	1.266383	I:	D:
39473	39820	-	2	1.271105	I:	D:
39829	40134	-	1	1.285688	I:	D:
40562	40999	+	2	1.242574	I:	D:
41019	43241	+	3	1.239290	I:	D:
43570	44199	+	1	1.241479	I:	D:
44331	44744	+	3	1.249494	I:	D:
44766	45029	+	3	1.208380	I:	D:
