>Y6.M018_1
3	314	-	3	1.312447	I:	D:
314	1672	-	2	1.358577	I:	D:
1653	1934	-	3	1.325211	I:	D:
2171	4522	-	2	1.378844	I:	D:
4519	4944	-	1	1.377365	I:	D:
5160	5513	-	3	1.348430	I:	D:
5519	7456	-	2	1.361720	I:	D:
7785	8162	+	3	1.323446	I:	D:
8210	8743	-	2	1.321766	I:	D:
8746	9120	-	1	1.304795	I:	D:
9201	9602	-	3	1.359334	I:	D:
9605	10819	-	2	1.342509	I:	D:
10820	11134	-	2	1.320869	I:	D:
11131	11328	-	1	1.367538	I:	D:
11408	11797	-	2	1.327365	I:	D:
12007	12231	-	1	1.371245	I:	D:
12252	12821	-	3	1.352002	I:	D:
13045	13470	-	1	1.306889	I:	D:
13584	13805	+	3	1.319493	I:	D:
13883	18514	-	2	1.329769	I:	D:
18690	25598	-	3	1.328619	I:	D:
25769	26602	+	2	1.305619	I:	D:
26860	27018	-	1	1.312379	I:	D:
27092	28354	-	2	1.329689	I:	D:
28384	32628	-	1	1.329560	I:	D:
32647	38061	-	1	1.331128	I:	D:
38168	44164	-	2	1.332424	I:	D:
44204	46174	-	2	1.357685	I:	D:
46298	47143	+	2	1.332785	I:	D:
47248	47397	-	1	1.264936	I:	D:
47424	48326	-	3	1.321613	I:	D:
48481	51954	+	1	1.332065	I:	D:
52096	52227	+	1	1.350473	I:	D:
52382	52543	+	2	1.290208	I:	D:
52592	52750	-	2	1.296198	I:	D:
52819	53061	-	1	1.306513	I:	D:
>Y6.M018_2
2	133	+	2	1.290593	I:	D:
195	1061	+	3	1.303124	I:	D:
1371	3056	-	3	1.341029	I:	D:
3341	4825	+	2	1.342899	I:	D:
4830	6335	+	3	1.335779	I:	D:
6357	6509	+	3	1.303877	I:	D:
6607	7632	-	1	1.332663	I:	D:
7650	8600	-	3	1.352745	I:	D:
8830	13572	-	1	1.346119	I:	D:
13745	15646	+	2	1.328752	I:	D:
15752	16912	+	2	1.321028	I:	D:
17068	18309	+	1	1.326303	I:	D:
18521	20077	+	2	1.322492	I:	D:
20101	21048	+	1	1.363389	I:	D:
21061	21954	+	1	1.358245	I:	D:
22080	24809	+	3	1.319798	I:	D:
>Y6.M018_3
2	889	+	2	1.269560	I:	D:
886	2493	+	1	1.247661	I:	D:
2969	3196	-	2	1.329677	I:	D:
3915	4175	-	3	1.200126	I:	D:
4348	4548	+	1	1.440610	I:	D:
4599	5750	+	3	1.387566	I:	D:
5796	7637	-	3	1.313601	I:	D:
8168	8953	+	2	1.281076	I:	D:
8950	9270	+	1	1.354368	I:	D:
9514	9867	+	1	1.306984	I:	D:
>Y6.M018_4
3	314	-	3	1.299246	I:	D:
311	1669	-	2	1.369195	I:	D:
1650	1943	-	3	1.352157	I:	D:
2160	4517	-	3	1.404149	I:	D:
4763	7651	-	2	1.397331	I:	D:
7729	7971	+	1	1.246550	I:	D:
7968	8345	+	3	1.297121	I:	D:
8393	8923	-	2	1.340928	I:	D:
8925	10064	-	3	1.369363	I:	D:
10066	10365	-	1	1.329920	I:	D:
10637	11026	-	2	1.341790	I:	D:
11212	12027	-	1	1.353077	I:	D:
12234	12668	-	3	1.242945	I:	D:
13336	13569	+	1	1.218973	I:	D:
13562	13831	+	2	1.251749	I:	D:
13847	14545	+	2	1.254084	I:	D:
14617	15771	+	1	1.272359	I:	D:
15755	20470	+	2	1.290662	I:	D:
20535	22151	-	3	1.293036	I:	D:
22190	24079	-	2	1.308633	I:	D:
24084	25988	-	3	1.299538	I:	D:
26028	26756	-	3	1.261774	I:	D:
27164	28231	+	2	1.301670	I:	D:
28291	29211	-	1	1.261661	I:	D:
29258	29392	-	2	1.189577	I:	D:
29407	30525	-	1	1.286265	I:	D:
30637	31128	-	1	1.227574	I:	D:
31125	31481	-	3	1.233517	I:	D:
31664	32425	+	2	1.232785	I:	D:
32446	33156	+	1	1.266495	I:	D:
33153	34514	+	3	1.248871	I:	D:
34685	35281	-	2	1.256102	I:	D:
35436	36047	-	3	1.228321	I:	D:
36331	36471	-	1	1.364849	I:	D:
36906	37397	-	3	1.269700	I:	D:
37530	37667	-	3	1.251580	I:	D:
37693	38706	-	1	1.315267	I:	D:
39203	39343	+	2	1.334886	I:	D:
39663	39911	-	3	1.281319	I:	D:
40034	40192	+	2	1.340163	I:	D:
40571	40948	+	2	1.256692	I:	D:
41381	42253	-	2	1.268418	I:	D:
43086	43424	-	3	1.304410	I:	D:
43573	43926	+	1	1.319185	I:	D:
44126	44422	+	2	1.381075	I:	D:
>Y6.M018_5
95	2200	-	2	1.299123	I:	D:
2203	3729	-	1	1.315589	I:	D:
3920	5254	+	2	1.282391	I:	D:
5529	6662	+	3	1.296580	I:	D:
6673	7302	+	1	1.303485	I:	D:
7306	8757	+	1	1.292170	I:	D:
8750	9733	+	2	1.272591	I:	D:
9762	10076	-	3	1.291182	I:	D:
10247	11395	+	2	1.267040	I:	D:
11451	12113	-	3	1.296726	I:	D:
13023	14027	-	3	1.271256	I:	D:
14348	18136	+	2	1.307582	I:	D:
18171	21974	+	3	1.312647	I:	D:
22215	23228	+	3	1.326478	I:	D:
23406	24761	+	3	1.319717	I:	D:
24773	25126	+	2	1.276803	I:	D:
25148	25726	-	2	1.341449	I:	D:
25727	26407	-	2	1.323789	I:	D:
26419	26775	-	1	1.312500	I:	D:
26763	27434	-	3	1.346129	I:	D:
27447	27917	-	3	1.319746	I:	D:
27930	28769	-	3	1.348567	I:	D:
28941	29819	+	3	1.352619	I:	D:
29839	30699	+	1	1.312378	I:	D:
30696	31556	+	3	1.316446	I:	D:
31549	32367	+	1	1.315276	I:	D:
32384	33118	+	2	1.324992	I:	D:
33118	34671	+	1	1.296842	I:	D:
34684	35334	+	1	1.301291	I:	D:
35348	37012	+	2	1.329879	I:	D:
37133	38443	+	2	1.298711	I:	D:
>Y6.M018_6
110	826	+	2	1.299543	I:	D:
1642	2418	-	1	1.283155	I:	D:
2408	3076	-	2	1.259163	I:	D:
3613	4884	-	1	1.291003	I:	D:
4903	5346	-	1	1.246449	I:	D:
5339	5845	-	2	1.270646	I:	D:
5848	6732	-	1	1.269624	I:	D:
6763	7539	-	1	1.283210	I:	D:
7709	9352	+	2	1.304449	I:	D:
9385	10476	+	1	1.341640	I:	D:
10769	11821	+	2	1.260596	I:	D:
11878	12072	-	1	1.288018	I:	D:
12037	12525	+	1	1.296317	I:	D:
12761	13519	-	2	1.289158	I:	D:
13535	14425	-	2	1.299809	I:	D:
14458	15561	-	1	1.311469	I:	D:
15602	15847	-	2	1.351477	I:	D:
15875	16687	-	2	1.326270	I:	D:
16755	17219	+	3	1.214223	I:	D:
17271	18788	-	3	1.310145	I:	D:
18853	19605	-	1	1.316463	I:	D:
19709	20893	-	2	1.304024	I:	D:
20994	21497	-	3	1.358498	I:	D:
21501	22064	-	3	1.345906	I:	D:
22165	23349	+	1	1.301061	I:	D:
23360	24334	+	2	1.331527	I:	D:
24459	24710	+	3	1.323300	I:	D:
25033	26238	-	1	1.327477	I:	D:
26395	28503	-	1	1.306443	I:	D:
28644	29132	-	3	1.309610	I:	D:
29175	29408	+	3	1.361481	I:	D:
29455	29874	-	1	1.357542	I:	D:
29940	30224	-	3	1.303528	I:	D:
30652	33750	+	1	1.278732	I:	D:
>Y6.M018_7
273	1448	-	3	1.278346	I:	D:
1473	2108	-	3	1.320753	I:	D:
2530	3762	+	1	1.351961	I:	D:
4037	5233	+	2	1.306103	I:	D:
5397	5861	+	3	1.371279	I:	D:
5867	6559	-	2	1.347260	I:	D:
6661	7335	+	1	1.363228	I:	D:
7402	7536	-	1	1.347064	I:	D:
7598	7999	-	2	1.285651	I:	D:
8004	10961	-	3	1.281773	I:	D:
11360	11548	-	2	1.277751	I:	D:
11901	12221	-	3	1.229751	I:	D:
12248	12643	-	2	1.229203	I:	D:
12872	13351	-	2	1.239875	I:	D:
>Y6.M018_8
73	306	+	1	1.346132	I:	D:
513	1685	-	3	1.240137	I:	D:
1848	1979	-	3	1.338793	I:	D:
2207	4231	-	2	1.259344	I:	D:
4814	5086	-	2	1.383028	I:	D:
5140	5370	+	1	1.313816	I:	D:
5379	5768	-	3	1.258720	I:	D:
5776	6588	-	1	1.273221	I:	D:
6566	7780	-	2	1.263057	I:	D:
7889	8065	-	2	1.242302	I:	D:
8530	9918	-	1	1.398532	I:	D:
10000	11838	-	1	1.406467	I:	D:
11866	12834	-	1	1.352202	I:	D:
13236	13655	+	3	1.371815	I:	D:
13869	15269	-	3	1.267698	I:	D:
15592	16749	+	1	1.369346	I:	D:
17075	18304	-	2	1.271127	I:	D:
19129	20169	-	1	1.273580	I:	D:
20626	21339	-	1	1.271993	I:	D:
21363	22268	-	3	1.250139	I:	D:
22276	22995	-	1	1.242918	I:	D:
23013	24116	-	3	1.275022	I:	D:
24148	24831	-	1	1.314450	I:	D:
24848	26056	-	2	1.279819	I:	D:
26102	28171	-	2	1.374475	I:	D:
28225	28428	-	1	1.447500	I:	D:
28432	29745	-	1	1.464468	I:	D:
>Y6.M018_9
3	383	-	3	1.340612	I:	D:
608	1750	-	2	1.288144	I:	D:
1753	3102	-	1	1.287523	I:	D:
3179	3523	-	2	1.300518	I:	D:
3578	4600	-	2	1.294575	I:	D:
4607	5074	-	2	1.261243	I:	D:
5078	5362	-	2	1.342865	I:	D:
5396	5767	-	2	1.246950	I:	D:
5814	7136	-	3	1.309518	I:	D:
7129	7572	-	1	1.306777	I:	D:
7801	9246	-	1	1.245769	I:	D:
9257	12553	-	2	1.253847	I:	D:
12637	13008	-	1	1.333535	I:	D:
13040	13360	-	2	1.334110	I:	D:
13489	14130	-	1	1.325611	I:	D:
14228	15688	-	2	1.347245	I:	D:
15672	16337	-	3	1.346483	I:	D:
16703	17059	+	2	1.315124	I:	D:
17334	17714	-	3	1.373646	I:	D:
>Y6.M018_10
2	811	+	2	1.284989	I:	D:
813	1367	+	3	1.307032	I:	D:
1370	2713	+	2	1.273909	I:	D:
2744	3871	+	2	1.275451	I:	D:
3893	4951	+	2	1.250119	I:	D:
5114	6442	+	2	1.276506	I:	D:
6435	7211	+	3	1.268872	I:	D:
7216	7602	+	1	1.279417	I:	D:
7623	8588	+	3	1.315028	I:	D:
>Y6.M018_11
2	127	+	2	1.248509	I:	D:
137	373	+	2	1.285829	I:	D:
540	1310	+	3	1.295069	I:	D:
1351	3267	+	1	1.269526	I:	D:
3302	3985	+	2	1.291299	I:	D:
3982	4986	+	1	1.298289	I:	D:
5280	5699	+	3	1.303162	I:	D:
5701	5949	+	1	1.301772	I:	D:
6384	6578	+	3	1.318798	I:	D:
6683	7900	+	2	1.305635	I:	D:
>Y6.M018_12
2	229	+	2	1.256982	I:	D:
232	2736	+	1	1.273036	I:	D:
2897	3970	+	2	1.311740	I:	D:
>Y6.M018_13
1	2226	-	1	1.260672	I:	D:
2229	2456	-	3	1.236452	I:	D:
>Y6.M018_14
311	511	-	2	1.353580	I:	D:
985	1794	+	1	1.297716	I:	D:
1798	3951	+	1	1.298271	I:	D:
>Y6.M018_15
481	1596	+	1	1.316013	I:	D:
1593	2672	+	3	1.299877	I:	D:
2674	4113	+	1	1.360645	I:	D:
>Y6.M018_16
154	327	-	1	1.217623	I:	D:
580	1023	-	1	1.379499	I:	D:
1169	1861	-	2	1.308532	I:	D:
1870	2514	-	1	1.329695	I:	D:
>Y6.M018_17
510	680	-	3	1.242500	I:	D:
707	988	-	2	1.298926	I:	D:
1041	1409	-	3	1.274092	I:	D:
1437	1961	-	3	1.230596	I:	D:
>Y6.M018_18
3	128	+	3	1.301010	I:	D:
191	376	+	2	1.330573	I:	D:
548	1186	+	2	1.279170	I:	D:
1254	1745	-	3	1.378878	I:	D:
1887	3794	-	3	1.325320	I:	D:
3932	4744	-	2	1.275201	I:	D:
4757	5875	-	2	1.315838	I:	D:
5954	6568	-	2	1.338241	I:	D:
6745	9063	+	1	1.354589	I:	D:
9152	11239	+	2	1.354398	I:	D:
11287	12753	-	1	1.312599	I:	D:
12846	13808	-	3	1.342702	I:	D:
14362	15561	-	1	1.350261	I:	D:
15699	15848	-	3	1.397615	I:	D:
15941	16168	-	2	1.428320	I:	D:
16316	17398	+	2	1.335209	I:	D:
17483	19741	+	2	1.301834	I:	D:
19790	20860	-	2	1.333690	I:	D:
20871	21734	-	3	1.350188	I:	D:
21865	25878	-	1	1.324180	I:	D:
25905	26942	-	3	1.300626	I:	D:
26945	29248	-	2	1.332465	I:	D:
29699	30940	+	2	1.317618	I:	D:
31083	32093	+	3	1.321699	I:	D:
32214	32645	+	3	1.302385	I:	D:
32642	33289	+	2	1.318873	I:	D:
33449	33613	-	2	1.299748	I:	D:
33662	41938	-	2	1.300993	I:	D:
42004	44127	-	1	1.314952	I:	D:
44309	49036	-	2	1.279740	I:	D:
49084	54894	-	1	1.280715	I:	D:
54931	57063	-	1	1.305779	I:	D:
57063	60926	-	3	1.299870	I:	D:
61160	101134	-	2	1.305675	I:	D:
>Y6.M018_19
2	490	-	2	1.260590	I:	D:
480	1985	-	3	1.271923	I:	D:
2278	2550	+	1	1.287329	I:	D:
>Y6.M018_20
1	189	+	1	1.379560	I:	D:
614	742	+	2	1.277530	I:	D:
758	1981	+	2	1.277429	I:	D:
1978	2193	+	1	1.308314	I:	D:
2398	3801	+	1	1.305727	I:	D:
4057	4527	+	1	1.314797	I:	D:
>Y6.M018_21
290	529	-	2	1.281597	I:	D:
535	954	-	1	1.315080	I:	D:
1186	1902	-	1	1.293240	I:	D:
1906	2715	-	1	1.292361	I:	D:
2718	3512	-	3	1.261608	I:	D:
3581	3835	+	2	1.331494	I:	D:
>Y6.M018_22
493	3702	-	1	1.286440	I:	D:
3743	4768	-	2	1.270025	I:	D:
4787	6391	+	2	1.289763	I:	D:
6989	7549	+	2	1.385409	I:	D:
>Y6.M018_23
512	3259	-	2	1.322158	I:	D:
3391	5064	-	1	1.293768	I:	D:
5068	5385	-	1	1.332360	I:	D:
5410	5742	-	1	1.263517	I:	D:
5790	7145	-	3	1.336101	I:	D:
7205	8131	-	2	1.321405	I:	D:
8131	8868	-	1	1.301781	I:	D:
9015	10295	-	3	1.304836	I:	D:
10403	11458	-	2	1.324654	I:	D:
11520	11960	-	3	1.296906	I:	D:
12027	12935	-	3	1.305855	I:	D:
12975	13238	-	3	1.288198	I:	D:
13403	14146	-	2	1.325050	I:	D:
14113	14259	-	1	1.327424	I:	D:
14335	15234	-	1	1.294531	I:	D:
15246	15734	-	3	1.317929	I:	D:
15727	16716	-	1	1.306991	I:	D:
16697	17932	-	2	1.304628	I:	D:
17948	18217	-	2	1.331960	I:	D:
18316	19407	+	1	1.355779	I:	D:
19436	20716	-	2	1.290431	I:	D:
20869	21762	-	1	1.315156	I:	D:
21896	22519	-	2	1.312039	I:	D:
22634	26953	+	2	1.320133	I:	D:
27160	27414	-	1	1.319295	I:	D:
27454	27765	-	1	1.277956	I:	D:
27890	29236	-	2	1.305390	I:	D:
29375	29554	+	2	1.326230	I:	D:
29599	30789	-	1	1.306989	I:	D:
30965	31471	+	2	1.336052	I:	D:
31468	32253	+	1	1.317416	I:	D:
32240	32875	+	2	1.294000	I:	D:
32872	33663	+	1	1.325635	I:	D:
33732	35642	-	3	1.297472	I:	D:
35669	36532	-	2	1.366816	I:	D:
36522	38111	-	3	1.323468	I:	D:
38122	38748	-	1	1.303959	I:	D:
38849	40480	-	2	1.306598	I:	D:
40452	41456	+	3	1.328436	I:	D:
41486	41992	-	2	1.316069	I:	D:
42005	42496	-	2	1.302002	I:	D:
42496	44613	-	1	1.318726	I:	D:
44812	45084	+	1	1.280164	I:	D:
45288	48818	+	3	1.313349	I:	D:
48928	49371	-	1	1.264136	I:	D:
49373	50164	-	2	1.332897	I:	D:
50177	52708	-	2	1.321672	I:	D:
52868	54274	-	2	1.304559	I:	D:
54471	55313	+	3	1.302262	I:	D:
55342	55641	-	1	1.275471	I:	D:
55772	61489	-	2	1.306272	I:	D:
61864	63231	+	1	1.338954	I:	D:
63399	63569	-	3	1.391263	I:	D:
63589	66669	-	1	1.270679	I:	D:
66666	67778	-	3	1.321264	I:	D:
67927	69105	-	1	1.323724	I:	D:
69173	69469	-	2	1.291965	I:	D:
69495	70031	-	3	1.312519	I:	D:
70031	70786	-	2	1.354811	I:	D:
70788	71846	-	3	1.335377	I:	D:
71850	72068	-	3	1.325991	I:	D:
72085	72756	-	1	1.291130	I:	D:
72842	73408	-	2	1.293827	I:	D:
73428	74624	-	3	1.317107	I:	D:
74617	75759	-	1	1.319121	I:	D:
75818	77728	-	2	1.308794	I:	D:
78009	80573	+	3	1.286770	I:	D:
80787	81173	-	3	1.361148	I:	D:
81226	81504	-	1	1.325849	I:	D:
81526	81840	-	1	1.307800	I:	D:
81844	82068	-	1	1.245616	I:	D:
82174	82659	-	1	1.304907	I:	D:
82674	83141	-	3	1.293826	I:	D:
83155	84270	-	1	1.304679	I:	D:
84390	86246	-	3	1.344998	I:	D:
86251	87792	-	1	1.351770	I:	D:
87789	90044	-	3	1.300795	I:	D:
90230	91588	+	2	1.323853	I:	D:
91632	92915	-	3	1.317314	I:	D:
92943	93128	-	3	1.331948	I:	D:
93125	93823	-	2	1.325927	I:	D:
93983	94900	+	2	1.312155	I:	D:
94946	96259	-	2	1.316892	I:	D:
96479	97168	+	2	1.301284	I:	D:
97250	98326	-	2	1.298337	I:	D:
98339	99166	-	2	1.293507	I:	D:
99160	100137	-	1	1.327474	I:	D:
100165	100758	-	1	1.357934	I:	D:
100745	101608	-	2	1.299693	I:	D:
101785	102234	+	1	1.320607	I:	D:
102287	103576	-	2	1.292205	I:	D:
103638	105140	-	3	1.297069	I:	D:
105226	105639	-	1	1.296043	I:	D:
105697	107046	-	1	1.282900	I:	D:
107237	108367	-	2	1.318534	I:	D:
108487	109665	-	1	1.295375	I:	D:
109693	110658	-	1	1.281717	I:	D:
110726	111883	-	2	1.286410	I:	D:
111888	113726	-	3	1.324837	I:	D:
113748	114320	-	3	1.324948	I:	D:
114439	114609	+	1	1.249437	I:	D:
114630	116243	-	3	1.274019	I:	D:
116388	117299	-	3	1.319345	I:	D:
117292	118056	-	1	1.319894	I:	D:
118067	118981	-	2	1.337157	I:	D:
118992	120281	-	3	1.321982	I:	D:
120297	121217	-	3	1.323768	I:	D:
121220	121771	-	2	1.307198	I:	D:
121950	122132	-	3	1.228885	I:	D:
122146	122394	-	1	1.274900	I:	D:
122444	122728	-	2	1.272805	I:	D:
122773	122946	-	1	1.270336	I:	D:
122992	123189	-	1	1.274032	I:	D:
123379	123561	-	1	1.265309	I:	D:
124339	124812	-	1	1.286671	I:	D:
124886	125356	-	2	1.335217	I:	D:
125382	127052	-	3	1.294283	I:	D:
127068	127514	-	3	1.313251	I:	D:
127531	128376	-	1	1.328410	I:	D:
128534	129574	+	2	1.329505	I:	D:
129575	130204	-	2	1.314539	I:	D:
130248	131237	-	3	1.313330	I:	D:
131237	132253	-	2	1.308152	I:	D:
132238	133266	-	1	1.331010	I:	D:
133268	134641	-	2	1.315929	I:	D:
134845	136866	-	1	1.301495	I:	D:
136863	137471	-	3	1.308967	I:	D:
137475	138152	-	3	1.295620	I:	D:
138170	138529	-	2	1.306556	I:	D:
138548	138964	-	2	1.314653	I:	D:
138982	140205	-	1	1.345515	I:	D:
140202	141800	-	3	1.321356	I:	D:
141815	142615	-	2	1.305048	I:	D:
142608	144476	-	3	1.321466	I:	D:
144549	144812	-	3	1.290576	I:	D:
144989	146116	-	2	1.311610	I:	D:
146221	146730	-	1	1.299022	I:	D:
146741	147919	-	2	1.306959	I:	D:
147920	149047	-	2	1.316636	I:	D:
149044	149652	-	1	1.302924	I:	D:
149652	150293	-	3	1.290452	I:	D:
150278	151141	-	2	1.319696	I:	D:
151150	153318	-	1	1.304345	I:	D:
153308	154063	-	2	1.307198	I:	D:
154096	155115	-	1	1.327595	I:	D:
155116	156375	-	1	1.323307	I:	D:
156375	157064	-	3	1.357310	I:	D:
157067	158008	-	2	1.320411	I:	D:
158022	158471	-	3	1.334450	I:	D:
158486	160921	-	2	1.325861	I:	D:
160924	161247	-	1	1.278776	I:	D:
161267	161869	-	2	1.308550	I:	D:
161862	162128	-	3	1.355750	I:	D:
162140	163018	-	2	1.309643	I:	D:
163221	164663	-	3	1.291479	I:	D:
164745	166490	+	3	1.320443	I:	D:
166498	168321	-	1	1.321312	I:	D:
168459	169691	-	3	1.343115	I:	D:
169705	170055	-	1	1.300494	I:	D:
170382	171665	-	3	1.316387	I:	D:
171698	172048	-	2	1.281158	I:	D:
172611	173663	+	3	1.328021	I:	D:
173665	176877	+	1	1.297525	I:	D:
176928	178043	-	3	1.303993	I:	D:
178055	179449	-	2	1.331782	I:	D:
179468	179914	-	2	1.305783	I:	D:
179937	180758	-	3	1.331227	I:	D:
180848	181858	-	2	1.313571	I:	D:
181861	183045	-	1	1.297169	I:	D:
183070	183453	-	1	1.323848	I:	D:
183468	184307	-	3	1.305713	I:	D:
184309	185145	-	1	1.312674	I:	D:
185142	185951	-	3	1.319656	I:	D:
186154	187716	-	1	1.270745	I:	D:
187996	188619	-	1	1.301552	I:	D:
188741	189991	-	2	1.304386	I:	D:
190407	191660	-	3	1.287091	I:	D:
191789	192265	-	2	1.308710	I:	D:
192249	192608	-	3	1.305839	I:	D:
192802	193869	-	1	1.279026	I:	D:
193875	194132	-	3	1.294371	I:	D:
194338	194877	-	1	1.292346	I:	D:
195296	195454	+	2	1.392065	I:	D:
195533	196510	-	2	1.275730	I:	D:
196737	197741	-	3	1.243562	I:	D:
197746	198213	-	1	1.280579	I:	D:
198462	201047	-	3	1.322220	I:	D:
201383	202039	-	2	1.322414	I:	D:
202061	203413	-	2	1.357019	I:	D:
203489	204931	-	2	1.353211	I:	D:
204952	206304	-	1	1.332151	I:	D:
206301	207290	-	3	1.326635	I:	D:
207287	207934	-	2	1.320623	I:	D:
207947	209272	-	2	1.322359	I:	D:
209284	210603	-	1	1.321687	I:	D:
210731	211588	-	2	1.332157	I:	D:
211614	213524	-	3	1.335200	I:	D:
213528	214805	-	3	1.327139	I:	D:
214786	215610	-	1	1.301694	I:	D:
215697	217100	-	3	1.315162	I:	D:
217194	218201	-	3	1.323216	I:	D:
218205	218384	-	3	1.283058	I:	D:
218838	220970	+	3	1.317691	I:	D:
220992	221123	+	3	1.192537	I:	D:
221198	221980	+	2	1.310127	I:	D:
222033	224543	-	3	1.317801	I:	D:
224795	225427	-	2	1.298824	I:	D:
225452	227764	-	2	1.310662	I:	D:
227843	228931	-	2	1.334677	I:	D:
229053	230510	-	3	1.292894	I:	D:
230516	230941	-	2	1.328885	I:	D:
230922	231734	-	3	1.310273	I:	D:
231734	232792	-	2	1.302863	I:	D:
232872	233783	-	3	1.343586	I:	D:
233764	234231	-	1	1.327907	I:	D:
234243	235322	-	3	1.297388	I:	D:
235363	236364	-	1	1.335138	I:	D:
236369	236827	-	2	1.325620	I:	D:
236829	237278	-	3	1.310375	I:	D:
237439	237693	-	1	1.323815	I:	D:
237845	238618	-	2	1.278455	I:	D:
238710	238937	-	3	1.261377	I:	D:
239659	240507	-	1	1.328129	I:	D:
240958	241107	-	1	1.271928	I:	D:
241109	241645	-	2	1.339134	I:	D:
241740	243368	-	3	1.342342	I:	D:
243413	244051	-	2	1.316001	I:	D:
244120	246906	-	1	1.337421	I:	D:
246910	247845	-	1	1.328403	I:	D:
247848	250562	-	3	1.336906	I:	D:
250796	252433	-	2	1.322963	I:	D:
252495	257264	-	3	1.327910	I:	D:
257273	263788	-	2	1.340686	I:	D:
263804	267661	-	2	1.329053	I:	D:
267937	270087	-	1	1.356161	I:	D:
270105	272273	-	3	1.338442	I:	D:
272475	273587	-	3	1.362836	I:	D:
273604	275235	-	1	1.336336	I:	D:
275246	278770	-	2	1.356196	I:	D:
278784	281498	-	3	1.316472	I:	D:
281516	284143	-	2	1.299960	I:	D:
284158	285906	-	1	1.317322	I:	D:
285952	286077	-	1	1.285797	I:	D:
>Y6.M018_24
67	1092	+	1	1.301847	I:	D:
1134	2009	-	3	1.330454	I:	D:
2119	2676	-	1	1.314232	I:	D:
2678	3613	-	2	1.317078	I:	D:
3616	5685	-	1	1.320200	I:	D:
5692	6828	-	1	1.318859	I:	D:
7006	7653	-	1	1.325362	I:	D:
7643	9712	-	2	1.304995	I:	D:
9974	15634	-	2	1.307922	I:	D:
15683	16348	-	2	1.308661	I:	D:
16345	16641	-	1	1.328385	I:	D:
16662	17639	-	3	1.325516	I:	D:
17620	19434	-	1	1.337712	I:	D:
19464	19793	-	3	1.315172	I:	D:
19797	20180	-	3	1.373144	I:	D:
20180	21685	-	2	1.309704	I:	D:
21701	22552	-	2	1.303766	I:	D:
22721	23194	-	2	1.316653	I:	D:
23188	23616	-	1	1.336346	I:	D:
23607	24074	-	3	1.303696	I:	D:
24079	24300	-	1	1.314497	I:	D:
24320	25186	-	2	1.311156	I:	D:
25202	26107	-	2	1.317855	I:	D:
26174	26518	-	2	1.265244	I:	D:
26518	26895	-	1	1.232136	I:	D:
26993	28369	-	2	1.305235	I:	D:
28366	29100	-	1	1.312594	I:	D:
29100	29762	-	3	1.289560	I:	D:
29791	30810	-	1	1.293529	I:	D:
30870	31283	-	3	1.309414	I:	D:
31306	32163	-	1	1.296386	I:	D:
32532	32726	-	3	1.317892	I:	D:
32837	33235	-	2	1.292886	I:	D:
33232	33756	-	1	1.294656	I:	D:
33753	34628	-	3	1.323687	I:	D:
34674	35030	-	3	1.318877	I:	D:
35042	36103	-	2	1.358780	I:	D:
36154	37443	-	1	1.301206	I:	D:
37443	38699	-	3	1.306754	I:	D:
38815	39678	-	1	1.352230	I:	D:
39770	40174	-	2	1.288382	I:	D:
40167	41483	-	3	1.305971	I:	D:
41480	43570	-	2	1.330162	I:	D:
43587	44699	-	3	1.323382	I:	D:
44752	45522	-	1	1.344113	I:	D:
45656	46126	+	2	1.367079	I:	D:
46196	46393	-	2	1.315448	I:	D:
46573	47034	-	1	1.321668	I:	D:
47034	47489	-	3	1.252557	I:	D:
47611	48423	-	1	1.320207	I:	D:
48427	48693	-	1	1.318339	I:	D:
48697	48900	-	1	1.302169	I:	D:
48922	49206	-	1	1.340762	I:	D:
49323	49706	-	3	1.311628	I:	D:
49711	51807	-	1	1.332141	I:	D:
51954	52811	-	3	1.283872	I:	D:
52845	53594	+	3	1.312071	I:	D:
53631	55382	-	3	1.326438	I:	D:
55370	56200	-	2	1.339138	I:	D:
56217	61124	-	3	1.313590	I:	D:
61139	61366	-	2	1.280142	I:	D:
61294	61605	-	1	1.313132	I:	D:
61659	62276	-	3	1.320032	I:	D:
62280	62633	-	3	1.326461	I:	D:
62691	63101	-	3	1.375081	I:	D:
63393	63746	-	3	1.360198	I:	D:
63748	64899	-	1	1.327398	I:	D:
64911	65435	-	3	1.289359	I:	D:
65662	65889	-	1	1.259546	I:	D:
65891	67393	-	2	1.327953	I:	D:
67383	68729	-	3	1.347026	I:	D:
68726	69964	-	2	1.358544	I:	D:
69961	70434	-	1	1.325769	I:	D:
70478	70999	-	2	1.237697	I:	D:
71154	71591	-	3	1.333720	I:	D:
71604	72962	-	3	1.359239	I:	D:
72952	73236	-	1	1.316451	I:	D:
73496	75889	-	2	1.360704	I:	D:
75903	77852	-	3	1.348338	I:	D:
77864	78409	-	2	1.356571	I:	D:
78423	79586	-	3	1.348938	I:	D:
79586	79954	-	2	1.363025	I:	D:
80015	80158	-	2	1.307222	I:	D:
80171	80452	-	2	1.342851	I:	D:
80459	80629	-	2	1.302355	I:	D:
80901	81134	-	3	1.302964	I:	D:
81191	81979	-	2	1.308973	I:	D:
82013	82222	-	2	1.240557	I:	D:
82378	82722	+	1	1.248337	I:	D:
82723	83409	+	1	1.269609	I:	D:
83425	83892	+	1	1.286549	I:	D:
84086	85564	+	2	1.308947	I:	D:
85580	85933	+	2	1.317406	I:	D:
86023	86364	+	1	1.319082	I:	D:
86804	87028	-	2	1.333028	I:	D:
87047	87217	-	2	1.357940	I:	D:
87390	88343	+	3	1.291466	I:	D:
88383	88568	-	3	1.277294	I:	D:
88586	88747	-	2	1.283840	I:	D:
88761	89078	-	3	1.264149	I:	D:
89110	89268	-	1	1.258681	I:	D:
89700	90437	-	3	1.314578	I:	D:
90434	90946	-	2	1.299996	I:	D:
91017	91265	-	3	1.286852	I:	D:
91268	91528	-	2	1.309767	I:	D:
91570	92913	-	1	1.310389	I:	D:
92947	93288	-	1	1.305144	I:	D:
93358	93969	-	1	1.333973	I:	D:
94008	94331	-	3	1.303569	I:	D:
94624	96513	+	1	1.327647	I:	D:
96544	96897	+	1	1.255020	I:	D:
96899	97495	+	2	1.351864	I:	D:
97537	99669	-	1	1.303514	I:	D:
99683	100819	-	2	1.322254	I:	D:
101028	105326	+	3	1.327159	I:	D:
105359	106819	-	2	1.303846	I:	D:
106838	108616	-	2	1.304206	I:	D:
108806	112849	-	2	1.335006	I:	D:
112910	116635	-	2	1.313254	I:	D:
116811	118241	+	3	1.336516	I:	D:
118447	119805	-	1	1.319955	I:	D:
119930	120814	+	2	1.327856	I:	D:
121015	121380	+	1	1.338013	I:	D:
121649	122221	-	2	1.321185	I:	D:
122233	122940	-	1	1.312672	I:	D:
123183	123926	-	3	1.321270	I:	D:
123919	124815	-	1	1.333142	I:	D:
124831	125187	-	1	1.264828	I:	D:
125190	125837	-	3	1.334913	I:	D:
125923	126483	+	1	1.293674	I:	D:
126491	126904	+	2	1.378530	I:	D:
127139	127510	-	2	1.318434	I:	D:
127555	128031	-	1	1.317115	I:	D:
128028	128792	-	3	1.324116	I:	D:
128887	129513	+	1	1.319337	I:	D:
129800	130321	-	2	1.316452	I:	D:
130327	131025	-	1	1.323954	I:	D:
131130	137642	-	3	1.314520	I:	D:
137698	137829	-	1	1.242508	I:	D:
137872	138306	-	1	1.277492	I:	D:
138323	139639	-	2	1.321461	I:	D:
139778	140338	-	2	1.273381	I:	D:
140340	142085	-	3	1.327701	I:	D:
142177	143439	-	1	1.329827	I:	D:
143574	145445	-	3	1.315505	I:	D:
145438	147171	-	1	1.313584	I:	D:
147225	147671	-	3	1.295820	I:	D:
147791	149131	-	2	1.321224	I:	D:
149128	149796	-	1	1.315701	I:	D:
149819	151585	-	2	1.315423	I:	D:
151674	152147	-	3	1.327543	I:	D:
152295	153221	+	3	1.340939	I:	D:
153250	154095	-	1	1.320480	I:	D:
154225	155070	+	1	1.321176	I:	D:
155071	155556	-	1	1.320143	I:	D:
155776	157299	-	1	1.326028	I:	D:
157296	157970	-	3	1.325561	I:	D:
157985	158722	-	2	1.307822	I:	D:
159032	160396	-	2	1.319573	I:	D:
160439	162652	-	2	1.308588	I:	D:
162669	164687	-	3	1.322032	I:	D:
164806	164976	+	1	1.279722	I:	D:
165001	165519	+	1	1.307537	I:	D:
165551	167368	+	2	1.318588	I:	D:
167573	167851	+	2	1.278747	I:	D:
167878	169314	+	1	1.327893	I:	D:
169311	170729	+	3	1.310531	I:	D:
170743	172053	+	1	1.319265	I:	D:
172295	172831	+	2	1.303020	I:	D:
172884	174461	-	3	1.332813	I:	D:
174674	177970	+	2	1.323090	I:	D:
178024	178767	-	1	1.281464	I:	D:
178760	179227	-	2	1.282294	I:	D:
179369	180169	-	2	1.318960	I:	D:
180242	180631	-	2	1.296592	I:	D:
180715	181368	-	1	1.304392	I:	D:
181361	183202	-	2	1.332514	I:	D:
183204	183653	-	3	1.311451	I:	D:
183660	184268	-	3	1.299359	I:	D:
184286	184885	-	2	1.331318	I:	D:
184878	185609	-	3	1.301555	I:	D:
185618	186274	-	2	1.341239	I:	D:
186393	187556	-	3	1.320987	I:	D:
187720	188751	+	1	1.314901	I:	D:
188860	189057	-	1	1.366043	I:	D:
189096	190265	-	3	1.291948	I:	D:
190447	191367	-	1	1.332981	I:	D:
191382	192641	-	3	1.341199	I:	D:
192894	193139	+	3	1.330345	I:	D:
>Y6.M018_25
105	1655	+	3	1.291384	I:	D:
1670	7501	+	2	1.291498	I:	D:
7520	7978	+	2	1.253056	I:	D:
8013	8171	+	3	1.340222	I:	D:
8177	8320	+	2	1.194437	I:	D:
8370	8858	+	3	1.257160	I:	D:
8871	9467	+	3	1.276421	I:	D:
9652	9798	+	1	1.261281	I:	D:
9909	10253	+	3	1.316326	I:	D:
10724	10852	+	2	1.155135	I:	D:
10925	12514	+	2	1.289623	I:	D:
12502	13089	+	1	1.323656	I:	D:
13209	14288	+	3	1.329021	I:	D:
14346	15500	+	3	1.300356	I:	D:
15632	16369	-	2	1.298814	I:	D:
16376	18628	-	2	1.317099	I:	D:
18878	19258	-	2	1.295481	I:	D:
19587	19850	+	3	1.254093	I:	D:
19872	20093	+	3	1.277687	I:	D:
20149	22656	+	1	1.315705	I:	D:
23005	23229	+	1	1.325092	I:	D:
23275	23475	+	1	1.260664	I:	D:
23532	24164	+	3	1.311983	I:	D:
24208	24627	+	1	1.331144	I:	D:
24780	25700	+	3	1.316197	I:	D:
25738	26541	-	1	1.295781	I:	D:
26556	28370	-	3	1.326752	I:	D:
28463	29161	-	2	1.289585	I:	D:
29357	30520	-	2	1.322352	I:	D:
30701	31939	+	2	1.331714	I:	D:
31942	32370	+	1	1.310317	I:	D:
32455	32586	+	1	1.287334	I:	D:
32708	33259	+	2	1.335954	I:	D:
33271	34278	+	1	1.312900	I:	D:
34271	35248	+	2	1.328079	I:	D:
35283	36224	+	3	1.306916	I:	D:
36266	37201	+	2	1.305388	I:	D:
37220	37960	+	2	1.300768	I:	D:
38026	38253	+	1	1.260602	I:	D:
38365	39603	+	1	1.315374	I:	D:
39727	40404	+	1	1.306324	I:	D:
40401	41411	+	3	1.326252	I:	D:
41396	44968	+	2	1.304841	I:	D:
44978	45889	+	2	1.308180	I:	D:
45986	46192	+	2	1.243766	I:	D:
46218	46562	+	3	1.338160	I:	D:
46575	46703	-	3	1.370032	I:	D:
46965	48086	+	3	1.326122	I:	D:
48087	48827	+	3	1.339800	I:	D:
49031	50581	+	2	1.313931	I:	D:
50603	50995	+	2	1.318692	I:	D:
51012	51389	+	3	1.302478	I:	D:
51429	52673	+	3	1.330057	I:	D:
52704	54113	+	3	1.319529	I:	D:
54188	54991	+	2	1.287611	I:	D:
55143	56345	-	3	1.312593	I:	D:
56506	57681	+	1	1.305609	I:	D:
57702	58460	+	3	1.313421	I:	D:
58810	59646	-	1	1.320556	I:	D:
59767	61911	+	1	1.325837	I:	D:
61947	63242	-	3	1.302978	I:	D:
63435	63665	+	3	1.266223	I:	D:
63763	64629	-	1	1.326312	I:	D:
64644	65330	-	3	1.299605	I:	D:
65462	65812	-	2	1.288316	I:	D:
65908	67134	+	1	1.318566	I:	D:
67202	69013	+	2	1.317405	I:	D:
69144	69341	+	3	1.297991	I:	D:
69344	69760	+	2	1.301379	I:	D:
69829	70650	+	1	1.324576	I:	D:
70690	72069	-	1	1.296146	I:	D:
72206	73462	-	2	1.300356	I:	D:
73469	74047	+	2	1.333204	I:	D:
74327	74914	+	2	1.299690	I:	D:
74944	75951	+	1	1.315913	I:	D:
75992	77563	+	2	1.304642	I:	D:
77725	78564	+	1	1.315875	I:	D:
78579	79292	+	3	1.304637	I:	D:
79363	80133	+	1	1.325949	I:	D:
80297	81388	+	2	1.272013	I:	D:
81453	82667	+	3	1.323550	I:	D:
82743	84722	+	3	1.326419	I:	D:
84754	85623	-	1	1.325947	I:	D:
85679	86542	-	2	1.301683	I:	D:
86601	87239	-	3	1.317574	I:	D:
87285	88157	-	3	1.322723	I:	D:
88368	89864	+	3	1.299268	I:	D:
89910	90743	-	3	1.335333	I:	D:
91082	92107	+	2	1.303836	I:	D:
92120	93250	+	2	1.330216	I:	D:
93355	94074	+	1	1.328213	I:	D:
94108	94659	+	1	1.282140	I:	D:
94731	95471	+	3	1.318291	I:	D:
95474	96310	+	2	1.335974	I:	D:
96341	97504	+	2	1.322153	I:	D:
97501	98655	+	1	1.324116	I:	D:
98667	99713	+	3	1.308500	I:	D:
99734	100168	+	2	1.323123	I:	D:
100186	101205	+	1	1.297640	I:	D:
101251	102243	-	1	1.316385	I:	D:
102456	104702	+	3	1.305219	I:	D:
105699	106961	+	3	1.301329	I:	D:
107020	107508	+	1	1.303391	I:	D:
107513	108580	+	2	1.308981	I:	D:
108726	109028	+	3	1.311175	I:	D:
109064	111079	+	2	1.329479	I:	D:
111094	111540	+	1	1.296583	I:	D:
111562	112920	+	1	1.325587	I:	D:
112920	114254	+	3	1.302498	I:	D:
114267	116054	+	3	1.321492	I:	D:
116071	116274	+	1	1.338156	I:	D:
116502	116630	+	3	1.268154	I:	D:
116969	120199	+	2	1.294323	I:	D:
120208	122772	+	1	1.306467	I:	D:
>Y6.M018_26
219	761	-	3	1.318636	I:	D:
975	1820	-	3	1.376548	I:	D:
1882	2028	-	1	1.267832	I:	D:
2038	2202	-	1	1.352204	I:	D:
2236	3255	-	1	1.327050	I:	D:
3273	4718	-	3	1.327962	I:	D:
4735	6813	-	1	1.338431	I:	D:
6880	7326	-	1	1.333327	I:	D:
7350	7679	-	3	1.265334	I:	D:
7660	8094	-	1	1.321286	I:	D:
8091	8390	-	3	1.333875	I:	D:
8458	8700	-	1	1.328399	I:	D:
8821	9129	-	1	1.267743	I:	D:
9252	10028	-	3	1.295993	I:	D:
10099	11643	-	1	1.348782	I:	D:
11745	13010	+	3	1.313859	I:	D:
13171	14127	-	1	1.325941	I:	D:
14141	14608	-	2	1.323683	I:	D:
14605	15333	-	1	1.288728	I:	D:
15357	15842	-	3	1.279786	I:	D:
16028	16576	-	2	1.334842	I:	D:
16594	17523	-	1	1.296880	I:	D:
17523	18371	-	3	1.309858	I:	D:
18394	18792	-	1	1.328912	I:	D:
18825	20234	-	3	1.299240	I:	D:
20333	21874	-	2	1.334245	I:	D:
22014	23501	-	3	1.304194	I:	D:
23617	23907	-	1	1.424837	I:	D:
23898	26054	-	3	1.300492	I:	D:
26182	28791	-	1	1.318702	I:	D:
28805	30019	-	2	1.318933	I:	D:
30251	31915	+	2	1.298859	I:	D:
32125	32271	+	1	1.291116	I:	D:
32410	34032	-	1	1.270229	I:	D:
34053	34337	-	3	1.296661	I:	D:
34375	34539	-	1	1.282935	I:	D:
34555	34917	-	1	1.280934	I:	D:
35154	37793	+	3	1.335534	I:	D:
37995	38339	-	3	1.334286	I:	D:
38347	38538	-	1	1.284247	I:	D:
38555	39712	-	2	1.306275	I:	D:
39801	41345	-	3	1.332955	I:	D:
41349	41915	-	3	1.298359	I:	D:
41940	42524	-	3	1.306895	I:	D:
42671	44062	-	2	1.309984	I:	D:
44082	44933	-	3	1.292681	I:	D:
45022	45915	-	1	1.334691	I:	D:
45915	46580	-	3	1.326431	I:	D:
46585	47865	-	1	1.334424	I:	D:
48012	48311	+	3	1.321251	I:	D:
48323	49549	+	2	1.318758	I:	D:
49524	50855	+	3	1.317936	I:	D:
50900	52378	-	2	1.301118	I:	D:
52459	52983	-	1	1.300493	I:	D:
53033	54184	-	2	1.328401	I:	D:
54203	54976	-	2	1.330435	I:	D:
54980	55612	-	2	1.332746	I:	D:
55616	55807	-	2	1.269566	I:	D:
55945	56160	-	1	1.272315	I:	D:
56216	56728	-	2	1.332430	I:	D:
56750	57601	-	2	1.289655	I:	D:
57594	58865	-	3	1.322882	I:	D:
58877	59902	-	2	1.310474	I:	D:
59896	60879	-	1	1.321394	I:	D:
60883	61998	-	1	1.319497	I:	D:
62017	63060	+	1	1.333935	I:	D:
63070	64548	+	1	1.338814	I:	D:
64577	65116	-	2	1.272106	I:	D:
65312	68473	+	2	1.346193	I:	D:
68491	69333	+	1	1.306138	I:	D:
69475	70806	+	1	1.353919	I:	D:
70847	70978	-	2	1.263452	I:	D:
71070	72329	-	3	1.304231	I:	D:
72344	72835	-	2	1.311487	I:	D:
72846	75242	-	3	1.328873	I:	D:
75258	75914	-	3	1.331493	I:	D:
76064	77923	+	2	1.294230	I:	D:
78062	78211	+	2	1.409801	I:	D:
78606	80687	+	3	1.312121	I:	D:
80806	80988	+	1	1.284955	I:	D:
81015	82691	+	3	1.315424	I:	D:
82735	83286	-	1	1.353692	I:	D:
83287	84321	-	1	1.315371	I:	D:
84410	85027	-	2	1.303176	I:	D:
85027	86325	-	1	1.296475	I:	D:
86342	87481	-	2	1.317338	I:	D:
87594	89426	-	3	1.291312	I:	D:
89450	89983	-	2	1.286553	I:	D:
90000	91037	-	3	1.301978	I:	D:
91211	92308	-	2	1.330318	I:	D:
92362	92829	-	1	1.265623	I:	D:
92911	93471	-	1	1.293895	I:	D:
93612	94928	-	3	1.288173	I:	D:
94942	96327	-	1	1.293090	I:	D:
96341	97708	-	2	1.288558	I:	D:
97796	98080	-	2	1.216228	I:	D:
98165	98647	-	2	1.337066	I:	D:
98726	104131	-	2	1.315898	I:	D:
104349	105179	+	3	1.313553	I:	D:
105183	105989	+	3	1.307262	I:	D:
106021	108342	-	1	1.327779	I:	D:
108509	110992	-	2	1.318625	I:	D:
111132	111482	+	3	1.335064	I:	D:
111537	112838	-	3	1.290618	I:	D:
112865	114136	-	2	1.311773	I:	D:
114151	114756	-	1	1.311823	I:	D:
114777	116063	-	3	1.259743	I:	D:
116232	117203	-	3	1.334959	I:	D:
117334	117555	-	1	1.250012	I:	D:
117571	118959	-	1	1.316273	I:	D:
119074	120117	-	1	1.324957	I:	D:
120110	121774	-	2	1.332712	I:	D:
122039	123493	-	2	1.352412	I:	D:
123561	128258	-	3	1.314428	I:	D:
128434	129645	-	1	1.309869	I:	D:
129718	130560	-	1	1.308415	I:	D:
130575	131099	-	3	1.300725	I:	D:
131133	132461	-	3	1.329733	I:	D:
132692	134650	+	2	1.294383	I:	D:
134687	135400	-	2	1.311073	I:	D:
135411	135830	-	3	1.319379	I:	D:
135820	136170	-	1	1.364289	I:	D:
136326	137585	+	3	1.335430	I:	D:
137586	138245	+	3	1.363447	I:	D:
138286	138543	-	1	1.266590	I:	D:
138565	140535	-	1	1.312493	I:	D:
140549	141451	-	2	1.304806	I:	D:
141448	142266	-	1	1.330194	I:	D:
142610	144277	+	2	1.326277	I:	D:
144314	144691	-	2	1.307258	I:	D:
144814	145188	+	1	1.315657	I:	D:
145396	145692	-	1	1.340880	I:	D:
145702	146265	-	1	1.345863	I:	D:
146262	147785	-	3	1.315149	I:	D:
148085	150814	+	2	1.327872	I:	D:
150866	151333	-	2	1.286799	I:	D:
151390	152772	-	1	1.310257	I:	D:
152816	153970	-	2	1.302041	I:	D:
153987	155117	-	3	1.354947	I:	D:
155129	156130	-	2	1.326252	I:	D:
156151	157344	-	1	1.318303	I:	D:
157361	159028	-	2	1.323527	I:	D:
159035	160714	-	2	1.307208	I:	D:
160849	161799	-	1	1.295022	I:	D:
161820	165329	-	3	1.324636	I:	D:
165397	166032	-	1	1.305093	I:	D:
166034	167392	-	2	1.329139	I:	D:
167415	168323	-	3	1.294947	I:	D:
168331	169200	-	1	1.328593	I:	D:
169212	170171	-	3	1.310559	I:	D:
170184	170522	-	3	1.266486	I:	D:
170564	173062	-	2	1.279074	I:	D:
173097	173399	-	3	1.311263	I:	D:
173396	173650	-	2	1.308367	I:	D:
173656	174681	-	1	1.299572	I:	D:
174700	175158	-	1	1.268656	I:	D:
175310	176695	-	2	1.332486	I:	D:
176904	177539	-	3	1.283953	I:	D:
177689	177916	+	2	1.343028	I:	D:
178077	178295	+	3	1.392215	I:	D:
178566	179624	-	3	1.317990	I:	D:
179711	180184	-	2	1.256264	I:	D:
180634	181704	+	1	1.354364	I:	D:
181750	182727	-	1	1.327862	I:	D:
182798	184216	-	2	1.322483	I:	D:
184216	184941	-	1	1.305009	I:	D:
184995	186170	+	3	1.297457	I:	D:
186170	187132	+	2	1.313369	I:	D:
187129	188418	+	1	1.342557	I:	D:
188431	189654	+	1	1.331700	I:	D:
189677	191614	+	2	1.324684	I:	D:
191668	192309	-	1	1.346207	I:	D:
192455	193696	+	2	1.297784	I:	D:
194264	195058	-	2	1.295603	I:	D:
195079	196416	-	1	1.290974	I:	D:
196482	196973	-	3	1.285933	I:	D:
197251	201141	-	1	1.300447	I:	D:
201573	202304	+	3	1.323964	I:	D:
202384	202884	+	1	1.308934	I:	D:
202987	204177	-	1	1.311603	I:	D:
204243	204830	-	3	1.344809	I:	D:
204855	206000	-	3	1.341575	I:	D:
206240	206926	+	2	1.307267	I:	D:
206982	208988	-	3	1.298211	I:	D:
209176	209922	-	1	1.318993	I:	D:
209924	210490	-	2	1.309733	I:	D:
210634	212415	-	1	1.316177	I:	D:
212726	213484	+	2	1.299080	I:	D:
>Y6.M018_27
299	1210	+	2	1.314584	I:	D:
1207	2064	+	1	1.343627	I:	D:
2061	2882	+	3	1.355343	I:	D:
2910	3656	+	3	1.319916	I:	D:
3656	4294	+	2	1.274113	I:	D:
4413	5282	+	3	1.318843	I:	D:
5381	6412	-	2	1.304249	I:	D:
6438	7091	-	3	1.286555	I:	D:
7247	7681	-	2	1.312800	I:	D:
7693	8379	-	1	1.342554	I:	D:
8563	9537	+	1	1.326401	I:	D:
9537	10472	+	3	1.333159	I:	D:
10492	11655	+	1	1.331198	I:	D:
11871	14417	+	3	1.327722	I:	D:
14392	17814	+	1	1.318671	I:	D:
17783	18367	+	2	1.303695	I:	D:
18624	19883	+	3	1.312097	I:	D:
19885	20529	+	1	1.304598	I:	D:
20526	21143	+	3	1.334831	I:	D:
21170	21487	+	2	1.310807	I:	D:
21650	22843	+	2	1.288500	I:	D:
22845	23762	+	3	1.292411	I:	D:
23778	24275	+	3	1.293586	I:	D:
24522	24872	-	3	1.436068	I:	D:
24858	25775	+	3	1.312439	I:	D:
25813	27171	-	1	1.329318	I:	D:
27321	28115	-	3	1.316360	I:	D:
28358	29935	-	2	1.278671	I:	D:
30416	32491	+	2	1.325497	I:	D:
32540	33745	+	2	1.316435	I:	D:
33763	34881	+	1	1.316781	I:	D:
35027	37006	+	2	1.300569	I:	D:
37067	39577	+	2	1.298770	I:	D:
39629	41563	+	2	1.319411	I:	D:
41563	42381	+	1	1.311196	I:	D:
42445	44043	+	1	1.327161	I:	D:
44097	44807	-	3	1.335521	I:	D:
44985	45674	+	3	1.321838	I:	D:
45671	46396	+	2	1.303793	I:	D:
46457	47242	+	2	1.268485	I:	D:
47275	48003	+	1	1.294969	I:	D:
48481	49302	-	1	1.286843	I:	D:
49472	52579	+	2	1.321474	I:	D:
52598	54244	+	2	1.343580	I:	D:
54364	55284	+	1	1.349792	I:	D:
55304	55684	+	2	1.301961	I:	D:
55740	56099	-	3	1.317955	I:	D:
56122	59823	-	1	1.300958	I:	D:
59816	63316	-	2	1.323841	I:	D:
63734	63964	+	2	1.292964	I:	D:
64000	64524	+	1	1.283855	I:	D:
64659	65084	+	3	1.314584	I:	D:
65144	65836	+	2	1.297272	I:	D:
66143	66742	+	2	1.274656	I:	D:
66784	67155	+	1	1.230295	I:	D:
67191	67700	+	3	1.316291	I:	D:
67734	67916	+	3	1.335192	I:	D:
68057	68983	+	2	1.358375	I:	D:
69001	69468	+	1	1.322158	I:	D:
69482	69676	+	2	1.309091	I:	D:
69686	70078	+	2	1.337239	I:	D:
70059	71129	+	3	1.374756	I:	D:
71133	71582	+	3	1.331830	I:	D:
71659	72066	+	1	1.313683	I:	D:
72068	72724	+	2	1.315617	I:	D:
72784	73314	+	1	1.250660	I:	D:
73432	73845	+	1	1.310916	I:	D:
73842	74780	+	3	1.320811	I:	D:
74783	75967	+	2	1.333846	I:	D:
75970	76200	+	1	1.280500	I:	D:
76193	77077	+	2	1.310304	I:	D:
77090	77536	+	2	1.320261	I:	D:
77620	77979	+	1	1.337885	I:	D:
77983	78471	+	1	1.260302	I:	D:
78740	80143	+	2	1.334702	I:	D:
80312	81493	+	2	1.318699	I:	D:
81588	82772	-	3	1.297473	I:	D:
82864	84213	-	1	1.324259	I:	D:
84235	84690	-	1	1.358709	I:	D:
84809	85426	+	2	1.310050	I:	D:
85454	85774	-	2	1.282220	I:	D:
85867	87462	+	1	1.319449	I:	D:
87552	87743	-	3	1.261310	I:	D:
87944	89209	+	2	1.342394	I:	D:
89356	90255	+	1	1.306968	I:	D:
90296	91546	-	2	1.328116	I:	D:
91765	92802	+	1	1.327800	I:	D:
92818	93690	+	1	1.311515	I:	D:
93711	95417	+	3	1.319786	I:	D:
95445	95921	-	3	1.293138	I:	D:
95934	96710	-	3	1.320170	I:	D:
96773	98053	-	2	1.305882	I:	D:
98168	98296	+	2	1.345375	I:	D:
98664	99614	+	3	1.321926	I:	D:
99679	100410	+	1	1.332134	I:	D:
100430	101329	+	2	1.320249	I:	D:
101344	102201	+	1	1.314975	I:	D:
102256	103236	+	1	1.345666	I:	D:
103263	104120	+	3	1.318755	I:	D:
104137	107604	+	1	1.317932	I:	D:
107735	107947	+	2	1.297951	I:	D:
107978	108178	+	2	1.311471	I:	D:
108204	109181	+	3	1.315025	I:	D:
109298	111052	+	2	1.308451	I:	D:
111280	111702	+	1	1.319681	I:	D:
111706	112662	+	1	1.318148	I:	D:
112736	113356	-	2	1.285569	I:	D:
113366	114055	-	2	1.287528	I:	D:
114071	114952	-	2	1.316897	I:	D:
114970	115773	-	1	1.316781	I:	D:
115787	117622	-	2	1.321282	I:	D:
117642	118226	-	3	1.331039	I:	D:
118229	118381	-	2	1.324159	I:	D:
118426	118560	-	1	1.312327	I:	D:
118569	118799	-	3	1.368148	I:	D:
119272	121179	-	1	1.292450	I:	D:
121199	122362	-	2	1.332918	I:	D:
122530	123351	+	1	1.323467	I:	D:
123351	124598	+	3	1.302290	I:	D:
124718	125215	+	2	1.312368	I:	D:
125263	127143	-	1	1.297695	I:	D:
127278	128234	-	3	1.329581	I:	D:
128284	128628	-	1	1.301366	I:	D:
128789	129448	+	2	1.304973	I:	D:
129466	129825	+	1	1.290370	I:	D:
129836	130348	+	2	1.322614	I:	D:
130350	131702	+	3	1.298600	I:	D:
131699	132904	+	2	1.326818	I:	D:
133133	134260	+	2	1.315018	I:	D:
134295	136676	+	3	1.323081	I:	D:
136947	138044	-	3	1.319944	I:	D:
138066	140027	-	3	1.314987	I:	D:
140076	140375	-	3	1.350408	I:	D:
140391	141116	+	3	1.366896	I:	D:
141227	145681	+	2	1.293379	I:	D:
145743	146789	-	3	1.305127	I:	D:
146973	147362	+	3	1.307194	I:	D:
147375	149108	+	3	1.292520	I:	D:
149126	151159	+	2	1.327059	I:	D:
151200	151427	+	3	1.253533	I:	D:
151464	152354	-	3	1.349973	I:	D:
152427	152588	+	3	1.322820	I:	D:
152624	154621	+	2	1.314606	I:	D:
154621	156576	+	1	1.339190	I:	D:
156573	158585	+	3	1.329411	I:	D:
158600	159667	+	2	1.325716	I:	D:
>Y6.M018_28
99	602	-	3	1.339403	I:	D:
753	3209	-	3	1.314013	I:	D:
3288	4436	-	3	1.323554	I:	D:
4463	5224	-	2	1.330670	I:	D:
5242	7512	-	1	1.302874	I:	D:
7541	7966	-	2	1.300441	I:	D:
7887	8030	-	3	1.306748	I:	D:
8157	9800	+	3	1.327834	I:	D:
10148	12421	-	2	1.309636	I:	D:
12603	12734	+	3	1.292977	I:	D:
12773	13720	-	2	1.333465	I:	D:
13777	16188	-	1	1.314443	I:	D:
16212	16553	-	3	1.293637	I:	D:
16569	17132	-	3	1.334567	I:	D:
17122	17727	-	1	1.336439	I:	D:
17724	18026	-	3	1.314050	I:	D:
18436	18708	-	1	1.235357	I:	D:
18784	19200	-	1	1.326018	I:	D:
19200	20582	-	3	1.339965	I:	D:
20720	21640	+	2	1.300630	I:	D:
21703	21861	+	1	1.351224	I:	D:
22001	27403	-	2	1.336052	I:	D:
27819	28460	-	3	1.328138	I:	D:
28445	29080	-	2	1.354612	I:	D:
29116	29304	+	1	1.340895	I:	D:
29389	29937	-	1	1.327165	I:	D:
30145	30336	-	1	1.284312	I:	D:
30472	32376	-	1	1.320786	I:	D:
32640	33641	+	3	1.337205	I:	D:
33662	34648	+	2	1.336141	I:	D:
34762	35229	+	1	1.308089	I:	D:
35250	37754	-	3	1.329703	I:	D:
37809	38795	-	3	1.315785	I:	D:
38983	40167	-	1	1.287993	I:	D:
40247	40441	-	2	1.364144	I:	D:
40615	41832	-	1	1.300231	I:	D:
41905	52005	-	1	1.276568	I:	D:
52019	52498	-	2	1.242174	I:	D:
52523	53011	-	2	1.303633	I:	D:
53227	53409	-	1	1.317991	I:	D:
53652	54722	-	3	1.270565	I:	D:
54899	55330	-	2	1.286783	I:	D:
55465	56784	-	1	1.270710	I:	D:
56817	57272	-	3	1.276398	I:	D:
57440	57781	-	2	1.264721	I:	D:
57808	58476	-	1	1.271021	I:	D:
58545	58934	-	3	1.284905	I:	D:
59137	60414	-	1	1.253527	I:	D:
60682	60894	+	1	1.315305	I:	D:
60976	61395	-	1	1.322041	I:	D:
61542	62897	-	3	1.244271	I:	D:
62933	63544	-	2	1.262211	I:	D:
63949	64146	-	1	1.222809	I:	D:
64622	64906	+	2	1.301605	I:	D:
65037	65852	+	3	1.290575	I:	D:
65913	66191	+	3	1.277416	I:	D:
66344	66664	+	2	1.285831	I:	D:
66723	67289	-	3	1.309351	I:	D:
68078	68662	+	2	1.348650	I:	D:
68662	69234	+	1	1.369599	I:	D:
69330	70022	+	3	1.325813	I:	D:
70124	72292	-	2	1.299809	I:	D:
72466	72885	+	1	1.329845	I:	D:
72919	73449	+	1	1.272025	I:	D:
73635	74846	-	3	1.348992	I:	D:
74894	75055	+	2	1.318460	I:	D:
75151	76191	+	1	1.314742	I:	D:
76235	79180	-	2	1.324223	I:	D:
79302	79700	-	3	1.332119	I:	D:
79703	81112	-	2	1.337213	I:	D:
81233	82075	-	2	1.342858	I:	D:
82089	83585	-	3	1.339899	I:	D:
83600	84124	-	2	1.286861	I:	D:
84134	84628	-	2	1.282760	I:	D:
84654	84908	-	3	1.333442	I:	D:
84960	85682	-	3	1.367406	I:	D:
85669	86067	-	1	1.343873	I:	D:
86394	87938	-	3	1.344532	I:	D:
88004	89041	-	2	1.317167	I:	D:
88965	89918	-	3	1.317442	I:	D:
90045	91685	+	3	1.317822	I:	D:
91836	92777	-	3	1.347977	I:	D:
92850	93602	-	3	1.341409	I:	D:
93668	94183	-	2	1.280425	I:	D:
94324	96900	+	1	1.346664	I:	D:
96904	97134	+	1	1.355519	I:	D:
97135	99033	+	1	1.348050	I:	D:
99204	99599	+	3	1.284812	I:	D:
99782	101017	-	2	1.333382	I:	D:
101296	102651	+	1	1.313189	I:	D:
102674	103312	+	2	1.297393	I:	D:
103309	104022	+	1	1.307300	I:	D:
104041	104760	+	1	1.318868	I:	D:
104841	105107	+	3	1.426218	I:	D:
105132	106739	-	3	1.333437	I:	D:
106862	107320	-	2	1.300750	I:	D:
107568	108689	-	3	1.256752	I:	D:
109263	111074	-	3	1.236953	I:	D:
111802	112281	-	1	1.323708	I:	D:
112461	113735	-	3	1.356580	I:	D:
113919	114152	-	3	1.353508	I:	D:
114255	114464	-	3	1.331229	I:	D:
114597	115382	-	3	1.361676	I:	D:
115659	115886	-	3	1.315438	I:	D:
115900	116832	-	1	1.342162	I:	D:
116860	117681	-	1	1.353804	I:	D:
117711	118289	-	3	1.350893	I:	D:
118337	119362	-	2	1.360177	I:	D:
119352	119729	-	3	1.355306	I:	D:
119726	120037	-	2	1.348332	I:	D:
120057	120191	-	3	1.248331	I:	D:
120226	120738	-	1	1.342508	I:	D:
120844	121176	-	1	1.314749	I:	D:
121320	121673	+	3	1.285293	I:	D:
121822	123405	-	1	1.356213	I:	D:
123405	124076	-	3	1.335808	I:	D:
124091	127465	-	2	1.345972	I:	D:
127644	128018	-	3	1.304594	I:	D:
128107	128559	-	1	1.345782	I:	D:
128575	129651	-	1	1.328971	I:	D:
129638	130078	-	2	1.306550	I:	D:
130087	130554	-	1	1.339958	I:	D:
130538	130942	-	2	1.325881	I:	D:
131008	131271	-	1	1.341224	I:	D:
131477	132661	-	2	1.329676	I:	D:
132676	133335	-	1	1.310672	I:	D:
133397	134632	-	2	1.362101	I:	D:
134642	136192	-	2	1.345771	I:	D:
136192	136737	-	1	1.343912	I:	D:
136765	136956	-	1	1.251310	I:	D:
137077	137217	-	1	1.316247	I:	D:
>Y6.M018_29
185	988	-	2	1.296363	I:	D:
1265	3655	+	2	1.315946	I:	D:
3658	3999	+	1	1.319435	I:	D:
4156	6255	+	1	1.303801	I:	D:
6264	6623	+	3	1.272357	I:	D:
6711	6953	-	3	1.317221	I:	D:
7214	8539	+	2	1.351017	I:	D:
8590	8784	+	1	1.329490	I:	D:
8809	10410	+	1	1.344395	I:	D:
10450	12282	-	1	1.346719	I:	D:
12366	13094	-	3	1.301129	I:	D:
13253	13750	+	2	1.283572	I:	D:
13826	14026	+	2	1.288726	I:	D:
14046	14486	+	3	1.260807	I:	D:
14647	16596	+	1	1.327610	I:	D:
16605	23684	+	3	1.319631	I:	D:
23704	30252	+	1	1.325404	I:	D:
31099	31269	+	1	1.323870	I:	D:
31281	31997	+	3	1.325214	I:	D:
32199	32354	-	3	1.337689	I:	D:
32582	33169	-	2	1.347308	I:	D:
33341	34666	+	2	1.350872	I:	D:
34666	35388	+	1	1.326800	I:	D:
35497	37446	+	1	1.351205	I:	D:
37558	39027	+	1	1.336619	I:	D:
39113	39433	+	2	1.346549	I:	D:
39490	40668	+	1	1.330548	I:	D:
40715	41908	+	2	1.298542	I:	D:
42012	42986	+	3	1.317082	I:	D:
43181	44713	-	2	1.357634	I:	D:
44724	45233	-	3	1.370749	I:	D:
45575	46945	-	2	1.336828	I:	D:
46945	48297	-	1	1.256151	I:	D:
48478	48663	+	1	1.237928	I:	D:
48656	48916	+	2	1.345455	I:	D:
48923	49513	+	2	1.342757	I:	D:
49491	51344	+	3	1.329440	I:	D:
51702	51899	+	3	1.315974	I:	D:
51904	52215	+	1	1.293200	I:	D:
52313	53218	+	2	1.327766	I:	D:
53296	55011	+	1	1.331761	I:	D:
55054	55602	-	1	1.330790	I:	D:
55802	56131	-	2	1.334508	I:	D:
56275	56718	-	1	1.334344	I:	D:
57133	57348	+	1	1.257228	I:	D:
57729	57869	+	3	1.213318	I:	D:
57939	58091	+	3	1.305082	I:	D:
58234	58842	-	1	1.277659	I:	D:
59219	59803	-	2	1.340768	I:	D:
59970	61655	+	3	1.333692	I:	D:
61657	61830	+	1	1.297302	I:	D:
61841	62389	+	2	1.305330	I:	D:
62395	62685	+	1	1.251777	I:	D:
62703	63413	+	3	1.321263	I:	D:
63455	64102	-	2	1.305961	I:	D:
64191	64493	+	3	1.317477	I:	D:
64503	64691	+	3	1.296077	I:	D:
64552	65073	+	1	1.356440	I:	D:
65345	67471	+	2	1.326020	I:	D:
67627	68160	+	1	1.299363	I:	D:
68150	68635	+	2	1.346633	I:	D:
68876	70036	-	2	1.312622	I:	D:
70160	70963	+	2	1.334950	I:	D:
71040	73883	+	3	1.315837	I:	D:
74021	74563	+	2	1.320959	I:	D:
74603	75079	+	2	1.306158	I:	D:
75082	75555	+	1	1.287359	I:	D:
75666	77342	+	3	1.307268	I:	D:
77345	77779	+	2	1.315843	I:	D:
77776	78492	+	1	1.309648	I:	D:
78565	78693	+	1	1.400797	I:	D:
78489	78926	+	3	1.295128	I:	D:
78953	79084	-	2	1.292992	I:	D:
79184	79513	+	2	1.309565	I:	D:
79631	80989	+	2	1.348689	I:	D:
81237	81953	-	3	1.330876	I:	D:
81950	82768	-	2	1.347769	I:	D:
82772	83611	-	2	1.353557	I:	D:
83741	84037	+	2	1.299073	I:	D:
84101	85519	+	2	1.318037	I:	D:
85537	85917	+	1	1.284382	I:	D:
85955	88555	+	2	1.321629	I:	D:
88606	90678	+	1	1.327502	I:	D:
90671	91597	+	2	1.310676	I:	D:
91665	93371	-	3	1.330767	I:	D:
93552	93917	+	3	1.293044	I:	D:
93961	94653	+	1	1.324648	I:	D:
94682	96112	+	2	1.323779	I:	D:
96102	97034	+	3	1.293456	I:	D:
97248	99860	+	3	1.318032	I:	D:
99902	100789	-	2	1.344894	I:	D:
100943	103450	+	2	1.317458	I:	D:
103470	104126	+	3	1.309761	I:	D:
104364	104945	+	3	1.295088	I:	D:
105000	107351	+	3	1.281979	I:	D:
107524	108198	+	1	1.304506	I:	D:
108211	108807	+	1	1.283345	I:	D:
108800	109345	+	2	1.313956	I:	D:
109390	110013	+	1	1.305645	I:	D:
110028	110840	+	3	1.327515	I:	D:
110885	111358	-	2	1.312315	I:	D:
111377	112330	-	2	1.290568	I:	D:
112333	114888	-	1	1.305910	I:	D:
115012	115749	-	1	1.338561	I:	D:
115742	116035	-	2	1.301611	I:	D:
116216	116902	+	2	1.327699	I:	D:
116899	117279	+	1	1.286747	I:	D:
117359	118999	-	2	1.325692	I:	D:
119080	120264	-	1	1.314240	I:	D:
120488	121501	+	2	1.309858	I:	D:
121525	122304	+	1	1.320709	I:	D:
122294	122905	+	2	1.298938	I:	D:
122892	123686	+	3	1.306809	I:	D:
123717	124991	+	3	1.290719	I:	D:
125011	125541	+	1	1.316073	I:	D:
125732	126379	+	2	1.315698	I:	D:
126420	126692	+	3	1.343412	I:	D:
126906	128366	+	3	1.317268	I:	D:
128471	129034	-	2	1.251316	I:	D:
129120	129758	-	3	1.308680	I:	D:
130240	131283	+	1	1.306533	I:	D:
131283	131864	+	3	1.341710	I:	D:
131882	132133	+	2	1.270076	I:	D:
132117	132299	+	3	1.329435	I:	D:
132375	132977	+	3	1.257275	I:	D:
133098	133283	-	3	1.324498	I:	D:
>Y6.M018_30
105	710	+	3	1.347545	I:	D:
994	2940	-	1	1.328278	I:	D:
3095	3760	-	2	1.294379	I:	D:
4025	4186	+	2	1.325701	I:	D:
4384	4587	+	1	1.364381	I:	D:
4804	5064	+	1	1.315005	I:	D:
5291	6091	+	2	1.283156	I:	D:
6122	7276	+	2	1.302071	I:	D:
7662	11597	+	3	1.298678	I:	D:
11674	12636	+	1	1.331953	I:	D:
12762	16991	+	3	1.314906	I:	D:
17017	17163	-	1	1.283797	I:	D:
17303	18100	-	2	1.319434	I:	D:
18103	20265	-	1	1.322387	I:	D:
20662	21111	+	1	1.304487	I:	D:
21169	22101	+	1	1.325717	I:	D:
22137	22658	+	3	1.289262	I:	D:
22732	25005	+	1	1.320276	I:	D:
25027	26463	+	1	1.310716	I:	D:
26540	27910	+	2	1.301423	I:	D:
27932	28957	+	2	1.326867	I:	D:
28986	30167	+	3	1.354142	I:	D:
30183	31292	+	3	1.310348	I:	D:
31289	32515	+	2	1.285848	I:	D:
32583	33680	+	3	1.309921	I:	D:
33990	34799	-	3	1.310669	I:	D:
35058	37376	+	3	1.287787	I:	D:
37394	38986	-	2	1.344749	I:	D:
39098	39358	+	2	1.328869	I:	D:
39605	40471	-	2	1.276392	I:	D:
40502	40867	-	2	1.276208	I:	D:
40883	41245	-	2	1.296243	I:	D:
41317	41541	-	1	1.371835	I:	D:
41889	43214	-	3	1.335261	I:	D:
43322	43552	-	2	1.290689	I:	D:
43708	44805	+	1	1.278957	I:	D:
>Y6.M018_31
143	718	-	2	1.290635	I:	D:
740	1117	-	2	1.355329	I:	D:
1261	1548	+	1	1.247220	I:	D:
1595	2428	-	2	1.280718	I:	D:
2522	4129	+	2	1.324066	I:	D:
4130	4780	+	2	1.316470	I:	D:
4777	5289	+	1	1.333137	I:	D:
5411	8170	+	2	1.309159	I:	D:
8309	8977	+	2	1.286323	I:	D:
9205	9912	-	1	1.289709	I:	D:
9984	11009	-	3	1.321542	I:	D:
11085	11846	+	3	1.376960	I:	D:
11943	13658	+	3	1.330046	I:	D:
13674	15395	+	3	1.315020	I:	D:
15453	16580	+	3	1.301334	I:	D:
16676	17860	+	2	1.331330	I:	D:
17869	18576	+	1	1.305293	I:	D:
18580	19062	+	1	1.290922	I:	D:
19111	19899	+	1	1.351002	I:	D:
19914	20354	+	3	1.281743	I:	D:
20684	23800	+	2	1.313158	I:	D:
23868	24935	+	3	1.327886	I:	D:
24937	25689	+	1	1.315335	I:	D:
25686	26687	+	3	1.315165	I:	D:
26694	27422	+	3	1.331802	I:	D:
27415	28134	+	1	1.316484	I:	D:
28136	29290	+	2	1.307821	I:	D:
29287	30627	+	1	1.321950	I:	D:
30606	31640	+	3	1.327299	I:	D:
31640	32143	+	2	1.300170	I:	D:
32145	32906	+	3	1.353429	I:	D:
32969	33256	+	2	1.309825	I:	D:
33253	33798	+	1	1.332403	I:	D:
33770	34738	+	2	1.339141	I:	D:
34728	35732	+	3	1.299572	I:	D:
35725	37194	+	1	1.319432	I:	D:
37198	37701	+	1	1.317543	I:	D:
37838	38140	-	2	1.394013	I:	D:
38313	39254	-	3	1.323655	I:	D:
39625	40656	+	1	1.322114	I:	D:
40670	41503	+	2	1.341042	I:	D:
41505	42320	+	3	1.341227	I:	D:
42322	43380	+	1	1.321382	I:	D:
43397	45085	+	2	1.324594	I:	D:
45069	45383	+	3	1.351534	I:	D:
45409	46308	+	1	1.316916	I:	D:
46310	47989	+	2	1.315378	I:	D:
48030	48560	-	3	1.277502	I:	D:
48742	49764	+	1	1.327522	I:	D:
49826	50341	+	2	1.348943	I:	D:
50447	52147	+	2	1.338470	I:	D:
52337	53278	-	2	1.314275	I:	D:
53378	53635	+	2	1.340813	I:	D:
53619	54158	+	3	1.307646	I:	D:
54142	54996	+	1	1.320891	I:	D:
55032	56402	+	3	1.318996	I:	D:
56536	57537	+	1	1.302752	I:	D:
57562	58761	+	1	1.309604	I:	D:
58896	59624	+	3	1.333947	I:	D:
59788	60999	+	1	1.312720	I:	D:
60999	61895	+	3	1.328824	I:	D:
61922	63130	+	2	1.304472	I:	D:
63253	63984	+	1	1.314103	I:	D:
64231	64500	+	1	1.282024	I:	D:
64515	65882	+	3	1.326339	I:	D:
65963	66274	+	2	1.312449	I:	D:
66291	67337	+	3	1.333308	I:	D:
67350	69248	+	3	1.320410	I:	D:
69286	69708	+	1	1.312764	I:	D:
70073	70381	+	2	1.302127	I:	D:
70400	71008	+	2	1.268527	I:	D:
71040	72812	+	3	1.316997	I:	D:
72831	74231	+	3	1.331212	I:	D:
74253	74876	+	3	1.292563	I:	D:
74973	75248	+	3	1.289849	I:	D:
75277	75456	+	1	1.320291	I:	D:
75558	76142	+	3	1.295619	I:	D:
76144	77460	+	1	1.339060	I:	D:
77500	78771	-	1	1.315852	I:	D:
78948	79946	+	3	1.338179	I:	D:
80093	82198	+	2	1.317553	I:	D:
82434	83543	+	3	1.292444	I:	D:
83638	84591	+	1	1.318200	I:	D:
84601	84825	+	1	1.311382	I:	D:
85100	85243	+	2	1.333598	I:	D:
85245	86258	-	3	1.312493	I:	D:
86403	86867	+	3	1.322894	I:	D:
86932	88653	+	1	1.309888	I:	D:
88665	89339	+	3	1.337212	I:	D:
89475	90962	+	3	1.299505	I:	D:
91073	91285	-	2	1.330161	I:	D:
>Y6.M018_32
202	924	+	1	1.305875	I:	D:
948	1358	-	3	1.353382	I:	D:
1363	2169	-	1	1.362243	I:	D:
2162	2902	-	2	1.324715	I:	D:
2910	3572	-	3	1.350682	I:	D:
3574	4422	-	1	1.346336	I:	D:
4616	7216	-	2	1.312862	I:	D:
7429	8718	+	1	1.316336	I:	D:
8978	9328	-	2	1.449157	I:	D:
9453	9887	-	3	1.261057	I:	D:
9847	10413	-	1	1.332777	I:	D:
10509	13802	+	3	1.333733	I:	D:
13840	14010	-	1	1.432921	I:	D:
14055	14747	-	3	1.305151	I:	D:
14762	16240	-	2	1.327974	I:	D:
16443	19295	+	3	1.312445	I:	D:
19391	20602	+	2	1.304147	I:	D:
20645	20950	-	2	1.301737	I:	D:
21195	21539	-	3	1.310740	I:	D:
21555	22523	-	3	1.295292	I:	D:
22611	23204	-	3	1.310862	I:	D:
23238	23636	-	3	1.317403	I:	D:
23654	24022	-	2	1.343630	I:	D:
24213	24344	+	3	1.311670	I:	D:
24459	24677	-	3	1.296739	I:	D:
24712	24969	-	1	1.312775	I:	D:
24979	25725	-	1	1.311885	I:	D:
25729	26367	-	1	1.314390	I:	D:
26391	27725	-	3	1.324014	I:	D:
27728	28168	-	2	1.301008	I:	D:
28189	28368	-	1	1.285476	I:	D:
28389	28892	-	3	1.298424	I:	D:
28912	29271	-	1	1.317757	I:	D:
29291	29839	-	2	1.298333	I:	D:
29932	30330	-	1	1.308672	I:	D:
30524	30709	-	2	1.345356	I:	D:
30729	31268	-	3	1.305841	I:	D:
31295	31618	-	2	1.310903	I:	D:
31640	32032	-	2	1.304538	I:	D:
32101	32358	-	1	1.293388	I:	D:
32435	32638	-	2	1.246199	I:	D:
32641	33063	-	1	1.331485	I:	D:
33066	33794	-	3	1.302875	I:	D:
33814	34194	-	1	1.312537	I:	D:
34241	34513	-	2	1.337949	I:	D:
34556	35389	-	2	1.336485	I:	D:
35426	35728	-	2	1.293073	I:	D:
35728	36351	-	1	1.307927	I:	D:
36380	37006	-	2	1.304650	I:	D:
37104	37571	-	3	1.338234	I:	D:
37586	37792	+	2	1.393020	I:	D:
37905	38327	-	3	1.312555	I:	D:
38360	38653	+	2	1.321071	I:	D:
38717	39265	-	2	1.303728	I:	D:
39334	40857	-	1	1.343359	I:	D:
40930	42342	-	1	1.318826	I:	D:
42345	43712	-	3	1.315133	I:	D:
43942	44184	+	1	1.292582	I:	D:
44290	46005	+	1	1.330572	I:	D:
46061	46630	-	2	1.294156	I:	D:
46784	48142	+	2	1.332750	I:	D:
48135	50381	+	3	1.337762	I:	D:
50435	51067	+	2	1.313714	I:	D:
51115	51615	-	1	1.276870	I:	D:
51637	52056	-	1	1.314322	I:	D:
52066	52827	-	1	1.333841	I:	D:
52843	53448	-	1	1.309089	I:	D:
53522	53719	+	2	1.349772	I:	D:
53810	54739	-	2	1.264803	I:	D:
54764	55378	-	2	1.277238	I:	D:
55852	57078	+	1	1.332511	I:	D:
57166	57378	+	1	1.311559	I:	D:
57494	57760	+	2	1.322057	I:	D:
57946	60036	+	1	1.306478	I:	D:
60147	60353	-	3	1.404905	I:	D:
60419	61078	-	2	1.316945	I:	D:
61096	61980	-	1	1.296582	I:	D:
61998	63869	-	3	1.308204	I:	D:
63862	65238	-	1	1.319187	I:	D:
65336	66583	-	2	1.339636	I:	D:
66613	67176	-	1	1.344274	I:	D:
67218	68315	-	3	1.332859	I:	D:
68312	69502	-	2	1.319798	I:	D:
69641	70717	+	2	1.335230	I:	D:
70749	70922	+	3	1.314216	I:	D:
70981	72933	-	1	1.323442	I:	D:
73062	74126	-	3	1.239813	I:	D:
74228	75190	-	2	1.287860	I:	D:
75138	76121	-	3	1.303537	I:	D:
76127	76369	-	2	1.399571	I:	D:
76366	76698	-	1	1.314451	I:	D:
76721	76885	+	2	1.384449	I:	D:
77045	77929	-	2	1.328161	I:	D:
77942	79129	-	2	1.303383	I:	D:
79126	79968	-	1	1.333695	I:	D:
80062	81318	+	1	1.299092	I:	D:
81414	83867	-	3	1.305855	I:	D:
83906	84904	-	2	1.316399	I:	D:
84901	85281	-	1	1.324830	I:	D:
85287	85736	-	3	1.334373	I:	D:
85922	86674	-	2	1.308187	I:	D:
86684	87817	-	2	1.318539	I:	D:
87995	88810	-	2	1.311184	I:	D:
88826	89626	-	2	1.326730	I:	D:
89638	91311	-	1	1.328190	I:	D:
91767	93056	+	3	1.335181	I:	D:
93155	93964	+	2	1.330528	I:	D:
94052	95077	+	2	1.334253	I:	D:
95099	95560	+	2	1.312565	I:	D:
95560	96285	+	1	1.318283	I:	D:
96460	97431	+	1	1.320828	I:	D:
97486	97713	+	1	1.230371	I:	D:
97773	99485	+	3	1.321665	I:	D:
99490	101751	+	1	1.326922	I:	D:
101776	102006	+	1	1.305599	I:	D:
102007	103101	+	1	1.337041	I:	D:
103164	103346	+	3	1.302923	I:	D:
103390	105315	+	1	1.314677	I:	D:
105330	105464	+	3	1.374537	I:	D:
105489	105707	-	3	1.449832	I:	D:
105728	106153	+	2	1.333861	I:	D:
106626	107567	-	3	1.355051	I:	D:
107546	109222	-	2	1.324529	I:	D:
109224	109757	-	3	1.284160	I:	D:
109910	110749	+	2	1.320224	I:	D:
110798	111868	-	2	1.324690	I:	D:
111883	112557	-	1	1.316856	I:	D:
112568	113713	-	2	1.328231	I:	D:
113719	114414	-	1	1.329257	I:	D:
114459	115187	-	3	1.318516	I:	D:
115215	116144	-	3	1.291149	I:	D:
116151	116306	-	3	1.259776	I:	D:
116352	117866	-	3	1.302927	I:	D:
117974	118855	-	2	1.330551	I:	D:
118876	119862	-	1	1.320253	I:	D:
120228	122378	-	3	1.335476	I:	D:
122470	124443	-	1	1.287075	I:	D:
124455	125234	-	3	1.333701	I:	D:
125227	125565	-	1	1.292692	I:	D:
125696	126229	-	2	1.307006	I:	D:
126229	127383	-	1	1.315732	I:	D:
127494	129083	-	3	1.317711	I:	D:
129121	129996	-	1	1.356831	I:	D:
129996	130934	-	3	1.356068	I:	D:
131102	132976	-	2	1.316672	I:	D:
132992	134341	-	2	1.352264	I:	D:
134405	136546	-	2	1.325478	I:	D:
136655	137839	-	2	1.311873	I:	D:
137855	139243	-	2	1.368896	I:	D:
139633	140742	-	1	1.320795	I:	D:
140920	141885	+	1	1.333501	I:	D:
142034	142576	+	2	1.326094	I:	D:
142610	143503	+	2	1.334927	I:	D:
143547	145412	-	3	1.323939	I:	D:
145412	146359	-	2	1.314371	I:	D:
146992	147204	+	1	1.335265	I:	D:
147323	148459	-	2	1.340168	I:	D:
148591	149928	+	1	1.359676	I:	D:
149965	152265	-	1	1.363441	I:	D:
152436	152906	+	3	1.320127	I:	D:
153162	154031	-	3	1.319638	I:	D:
154208	155077	+	2	1.308115	I:	D:
155101	155943	+	1	1.334428	I:	D:
155945	156235	+	2	1.356561	I:	D:
156361	156492	+	1	1.297762	I:	D:
156660	159383	+	3	1.304679	I:	D:
159452	159583	+	2	1.307403	I:	D:
159679	162087	+	1	1.323660	I:	D:
162257	162958	+	2	1.323310	I:	D:
162961	163398	+	1	1.323672	I:	D:
163703	164713	-	2	1.283103	I:	D:
164776	166974	+	1	1.325776	I:	D:
167052	167318	-	3	1.278966	I:	D:
167354	169030	+	2	1.318427	I:	D:
169032	169532	+	3	1.305827	I:	D:
169573	170613	+	1	1.304054	I:	D:
170738	170911	+	2	1.410453	I:	D:
171031	172959	-	1	1.296014	I:	D:
172952	174163	-	2	1.337895	I:	D:
174176	175390	-	2	1.305764	I:	D:
175429	176310	-	1	1.319382	I:	D:
176475	176966	-	3	1.330628	I:	D:
176980	178131	-	1	1.346610	I:	D:
178485	178889	-	3	1.309946	I:	D:
178911	179702	-	3	1.318862	I:	D:
179792	180556	-	2	1.317439	I:	D:
180575	182680	-	2	1.316975	I:	D:
182696	183196	-	2	1.341029	I:	D:
183210	184034	-	3	1.319997	I:	D:
184066	185067	-	1	1.309445	I:	D:
185084	185674	-	2	1.325915	I:	D:
185691	187754	-	3	1.322941	I:	D:
187751	188242	-	2	1.249722	I:	D:
188380	188922	-	1	1.334125	I:	D:
188982	189491	-	3	1.306151	I:	D:
189504	190763	-	3	1.304153	I:	D:
191004	192176	-	3	1.319535	I:	D:
192214	192927	-	1	1.314763	I:	D:
193060	193656	-	1	1.295428	I:	D:
193653	194714	-	3	1.308798	I:	D:
194743	195168	-	1	1.238956	I:	D:
195189	195686	-	3	1.283619	I:	D:
195885	196706	+	3	1.311859	I:	D:
196848	197486	+	3	1.305705	I:	D:
197685	199376	+	3	1.343197	I:	D:
199581	199796	-	3	1.304416	I:	D:
199811	200617	-	2	1.291648	I:	D:
200635	200946	-	1	1.321906	I:	D:
200946	201095	-	3	1.254130	I:	D:
201111	201500	-	3	1.281466	I:	D:
201513	202979	-	3	1.335420	I:	D:
202993	203673	-	1	1.280613	I:	D:
203678	204460	-	2	1.305807	I:	D:
204463	204840	-	1	1.300276	I:	D:
204916	205152	-	1	1.275992	I:	D:
205214	205612	-	2	1.262124	I:	D:
205633	205824	-	1	1.333095	I:	D:
205892	206890	-	2	1.277527	I:	D:
206967	209474	-	3	1.313218	I:	D:
209478	210428	-	3	1.339692	I:	D:
210425	217933	-	2	1.295643	I:	D:
217963	218346	-	1	1.287287	I:	D:
218353	218913	-	1	1.295801	I:	D:
218922	219344	-	3	1.297437	I:	D:
219410	220117	-	2	1.300011	I:	D:
220134	220439	-	3	1.302571	I:	D:
220429	220746	-	1	1.293125	I:	D:
220767	222647	-	3	1.291610	I:	D:
222640	223884	-	1	1.305306	I:	D:
223957	225702	-	1	1.303206	I:	D:
225722	226240	-	2	1.297521	I:	D:
226253	226591	-	2	1.306596	I:	D:
226593	226919	-	3	1.274281	I:	D:
226982	227197	+	2	1.350360	I:	D:
227313	227648	-	3	1.263945	I:	D:
227909	228148	+	2	1.322084	I:	D:
228337	228585	-	1	1.257175	I:	D:
228602	231358	-	2	1.298463	I:	D:
231362	231919	-	2	1.291516	I:	D:
231891	232181	-	3	1.291736	I:	D:
232355	232705	-	2	1.277061	I:	D:
233019	233222	+	3	1.311229	I:	D:
233374	233571	-	1	1.321399	I:	D:
233621	233818	-	2	1.273749	I:	D:
234196	234417	-	1	1.305159	I:	D:
234410	234835	-	2	1.348909	I:	D:
234909	235457	-	3	1.283082	I:	D:
235662	235892	-	3	1.294395	I:	D:
236024	236308	-	2	1.324163	I:	D:
236545	236961	-	1	1.317331	I:	D:
237121	237279	-	1	1.264282	I:	D:
237311	237520	-	2	1.272517	I:	D:
237523	238449	-	1	1.330275	I:	D:
238699	238914	-	1	1.260005	I:	D:
238991	239119	-	2	1.302340	I:	D:
239197	240243	-	1	1.319090	I:	D:
240392	241615	-	2	1.312043	I:	D:
241631	241900	-	2	1.318482	I:	D:
241971	242468	-	3	1.290901	I:	D:
242453	246436	-	2	1.289794	I:	D:
246429	246596	-	3	1.280817	I:	D:
246616	247149	-	1	1.293216	I:	D:
247150	247662	-	1	1.274600	I:	D:
247675	247824	-	1	1.287794	I:	D:
247905	248195	-	3	1.293496	I:	D:
248209	248727	-	1	1.307028	I:	D:
248739	249689	-	3	1.292666	I:	D:
249692	249955	-	2	1.268734	I:	D:
249959	250135	-	2	1.305484	I:	D:
250150	250737	-	1	1.299745	I:	D:
250752	250943	-	3	1.302457	I:	D:
251039	251329	-	2	1.278136	I:	D:
251361	252122	-	3	1.300785	I:	D:
252136	252447	-	1	1.285524	I:	D:
252484	252657	-	1	1.260471	I:	D:
252683	253441	-	2	1.259264	I:	D:
253505	253723	-	2	1.303561	I:	D:
253796	254158	-	2	1.319009	I:	D:
254226	254723	-	3	1.274123	I:	D:
254858	255154	-	2	1.301233	I:	D:
255201	255698	-	3	1.293397	I:	D:
255619	255903	-	1	1.298798	I:	D:
256178	256501	+	2	1.306231	I:	D:
256573	257805	+	1	1.306567	I:	D:
257933	258943	-	2	1.314335	I:	D:
258968	259660	-	2	1.300692	I:	D:
259897	261120	+	1	1.342561	I:	D:
261265	263907	-	1	1.320481	I:	D:
263929	264114	-	1	1.291599	I:	D:
264326	264964	+	2	1.316618	I:	D:
265001	266854	-	2	1.357433	I:	D:
266940	267407	-	3	1.380129	I:	D:
267404	267781	-	2	1.312898	I:	D:
267851	268306	-	2	1.320563	I:	D:
268379	269491	-	2	1.304305	I:	D:
>Y6.M018_33
1	960	+	1	1.310826	I:	D:
1003	3642	+	1	1.290231	I:	D:
3672	5237	+	3	1.298274	I:	D:
5257	8139	+	1	1.308703	I:	D:
8210	10339	+	2	1.298825	I:	D:
10342	11007	+	1	1.299934	I:	D:
11011	12720	+	1	1.273258	I:	D:
12736	14502	+	1	1.319409	I:	D:
14531	16492	+	2	1.313260	I:	D:
16504	17253	+	1	1.296479	I:	D:
17246	19504	+	2	1.305793	I:	D:
19526	20680	+	2	1.307227	I:	D:
20711	22492	+	2	1.305970	I:	D:
22518	23801	+	3	1.288645	I:	D:
23834	24034	-	2	1.321445	I:	D:
24130	25638	-	1	1.300804	I:	D:
25631	26182	-	2	1.278268	I:	D:
26384	27637	+	2	1.317126	I:	D:
27688	27867	+	1	1.307232	I:	D:
27972	28154	+	3	1.368799	I:	D:
28188	28643	+	3	1.349358	I:	D:
28645	29151	-	1	1.278917	I:	D:
29159	30352	+	2	1.311317	I:	D:
30370	32277	+	1	1.310384	I:	D:
32274	32717	+	3	1.329548	I:	D:
32728	33195	+	1	1.328943	I:	D:
33270	34802	+	3	1.310708	I:	D:
34885	35163	-	1	1.229778	I:	D:
35182	35811	-	1	1.256443	I:	D:
36007	36192	+	1	1.287193	I:	D:
36207	37301	+	3	1.296442	I:	D:
37285	37638	+	1	1.282824	I:	D:
37669	38691	+	1	1.282360	I:	D:
38764	39021	+	1	1.309232	I:	D:
39315	39929	+	3	1.308972	I:	D:
39957	40451	+	3	1.285347	I:	D:
40535	40909	+	2	1.297274	I:	D:
41091	42161	+	3	1.276624	I:	D:
42172	42993	+	1	1.250123	I:	D:
43007	43864	+	2	1.258181	I:	D:
43879	44943	+	1	1.266530	I:	D:
44970	45719	+	3	1.289421	I:	D:
45728	47545	+	2	1.254321	I:	D:
47948	48139	+	2	1.340449	I:	D:
48337	48717	-	1	1.308862	I:	D:
48710	49588	-	2	1.356128	I:	D:
49693	50421	-	1	1.384839	I:	D:
50543	50758	-	2	1.356779	I:	D:
50834	51052	-	2	1.390779	I:	D:
51118	51300	-	1	1.386085	I:	D:
51340	51609	-	1	1.369197	I:	D:
52008	52172	+	3	1.320985	I:	D:
52262	52462	-	2	1.297714	I:	D:
52893	56873	-	3	1.325939	I:	D:
57207	57980	+	3	1.298005	I:	D:
57996	59633	+	3	1.345837	I:	D:
59646	62069	+	3	1.363412	I:	D:
62129	63271	+	2	1.325222	I:	D:
63357	63974	+	3	1.327070	I:	D:
64037	65842	+	2	1.360669	I:	D:
65835	67565	+	3	1.372734	I:	D:
67565	68170	+	2	1.345706	I:	D:
68179	69042	+	1	1.344219	I:	D:
69069	69689	+	3	1.349289	I:	D:
69679	70521	+	1	1.342918	I:	D:
70518	71150	+	3	1.376205	I:	D:
71292	71696	-	3	1.365710	I:	D:
71739	71933	-	3	1.273203	I:	D:
72071	72283	-	2	1.405209	I:	D:
72461	73357	-	2	1.323017	I:	D:
73598	73933	+	2	1.357376	I:	D:
74156	74437	-	2	1.256358	I:	D:
74903	75841	+	2	1.301473	I:	D:
75855	76934	+	3	1.349823	I:	D:
77062	77244	+	1	1.257498	I:	D:
77337	78509	+	3	1.315458	I:	D:
78638	78928	+	2	1.360251	I:	D:
78978	79547	+	3	1.320135	I:	D:
79597	80025	+	1	1.301464	I:	D:
80156	81076	+	2	1.326946	I:	D:
81097	83649	+	1	1.317459	I:	D:
83705	84184	+	2	1.293359	I:	D:
84213	85040	-	3	1.294090	I:	D:
85198	89763	+	1	1.293040	I:	D:
89892	92651	+	3	1.305804	I:	D:
92808	93173	+	3	1.324616	I:	D:
93290	94657	+	2	1.332892	I:	D:
94743	95663	-	3	1.280375	I:	D:
95663	96970	-	2	1.302770	I:	D:
97206	99458	+	3	1.318113	I:	D:
99467	100606	+	2	1.312345	I:	D:
100753	108762	+	1	1.303634	I:	D:
108909	109052	-	3	1.327490	I:	D:
109171	110670	+	1	1.289777	I:	D:
110687	111676	+	2	1.324564	I:	D:
111676	112740	+	1	1.309337	I:	D:
112811	113860	+	2	1.270266	I:	D:
114008	115738	+	2	1.293872	I:	D:
115743	117194	+	3	1.282780	I:	D:
117219	117350	+	3	1.336165	I:	D:
117378	118277	+	3	1.265227	I:	D:
119146	119964	-	1	1.306378	I:	D:
119975	120745	-	2	1.324216	I:	D:
120852	122549	-	3	1.312542	I:	D:
122737	124515	+	1	1.302642	I:	D:
124614	124790	+	3	1.287290	I:	D:
124813	125781	+	1	1.264036	I:	D:
125765	126469	+	2	1.335076	I:	D:
126481	127887	+	1	1.284095	I:	D:
127884	129263	+	3	1.279679	I:	D:
129266	130063	+	2	1.324321	I:	D:
130221	130859	+	3	1.318434	I:	D:
130872	131687	+	3	1.307099	I:	D:
131708	133672	+	2	1.304097	I:	D:
133674	134054	+	3	1.274979	I:	D:
134070	136892	+	3	1.313067	I:	D:
137161	138969	+	1	1.289427	I:	D:
139030	139680	+	1	1.309179	I:	D:
139696	141681	+	1	1.289819	I:	D:
141678	142853	+	3	1.304864	I:	D:
142905	143603	+	3	1.273762	I:	D:
143709	144974	+	3	1.327323	I:	D:
145014	145772	+	3	1.312051	I:	D:
145804	146403	+	1	1.281951	I:	D:
146489	146677	+	2	1.301866	I:	D:
146758	148173	+	1	1.275680	I:	D:
148254	148961	-	3	1.293766	I:	D:
149191	154368	+	1	1.304379	I:	D:
154397	155455	+	2	1.257252	I:	D:
155861	157078	+	2	1.246879	I:	D:
157274	157603	+	2	1.288784	I:	D:
>Y6.M018_34
149	808	-	2	1.254503	I:	D:
1346	1777	-	2	1.333379	I:	D:
1798	3324	-	1	1.333666	I:	D:
3513	3827	+	3	1.353984	I:	D:
3861	5003	+	3	1.288943	I:	D:
5181	13052	-	3	1.320042	I:	D:
13173	13352	+	3	1.325941	I:	D:
13615	14352	+	1	1.285995	I:	D:
14386	15282	+	1	1.289695	I:	D:
15429	16076	+	3	1.368886	I:	D:
16117	16362	-	1	1.270999	I:	D:
16380	16616	+	3	1.289703	I:	D:
16619	18694	+	2	1.325461	I:	D:
18846	19448	+	3	1.311820	I:	D:
19548	19949	+	3	1.282683	I:	D:
20011	20367	+	1	1.370830	I:	D:
20483	20626	+	2	1.328406	I:	D:
20715	22085	+	3	1.309556	I:	D:
22104	22418	+	3	1.305586	I:	D:
22624	23415	+	1	1.357262	I:	D:
23619	24464	-	3	1.305851	I:	D:
24477	25547	-	3	1.323230	I:	D:
25618	26283	-	1	1.323184	I:	D:
26389	27981	+	1	1.320192	I:	D:
28020	29075	+	3	1.320787	I:	D:
29366	30718	+	2	1.346696	I:	D:
30757	34038	+	1	1.321378	I:	D:
34122	35099	+	3	1.296582	I:	D:
35173	35760	+	1	1.283095	I:	D:
36419	36697	+	2	1.227444	I:	D:
36699	37418	+	3	1.204817	I:	D:
37801	38769	+	1	1.256528	I:	D:
38786	39367	+	2	1.251394	I:	D:
39651	40244	+	3	1.275103	I:	D:
40246	41172	+	1	1.291759	I:	D:
41330	41740	+	2	1.298958	I:	D:
42153	43430	+	3	1.318340	I:	D:
43859	44008	+	2	1.376296	I:	D:
44038	44958	+	1	1.361637	I:	D:
45170	45901	+	2	1.290970	I:	D:
45898	47184	+	1	1.273761	I:	D:
47346	47546	+	3	1.279841	I:	D:
47678	54208	+	2	1.312199	I:	D:
54219	54683	+	3	1.230066	I:	D:
54710	56563	+	2	1.352259	I:	D:
56591	57841	+	2	1.248623	I:	D:
57999	59465	+	3	1.360504	I:	D:
59458	60576	+	1	1.247567	I:	D:
60992	64156	+	2	1.279179	I:	D:
64543	64923	+	1	1.226481	I:	D:
64946	65083	+	2	1.244602	I:	D:
65302	66426	-	1	1.326045	I:	D:
66608	67000	+	2	1.277582	I:	D:
67184	67414	-	2	1.288700	I:	D:
67676	68122	+	2	1.289496	I:	D:
68128	68865	+	1	1.264051	I:	D:
69067	69234	+	1	1.304250	I:	D:
69255	69473	+	3	1.317435	I:	D:
69501	69953	+	3	1.269987	I:	D:
70005	70166	+	3	1.355531	I:	D:
70535	71239	-	2	1.258165	I:	D:
71229	72647	-	3	1.250400	I:	D:
72655	72930	-	1	1.292940	I:	D:
72940	73875	-	1	1.293051	I:	D:
74092	74856	-	1	1.306275	I:	D:
74843	76069	-	2	1.310400	I:	D:
76190	76393	+	2	1.268618	I:	D:
76853	77239	+	2	1.264633	I:	D:
77303	77770	+	2	1.281202	I:	D:
77825	78376	-	2	1.222700	I:	D:
78913	79323	-	1	1.329771	I:	D:
79421	79594	-	2	1.331427	I:	D:
>Y6.M018_35
7	2691	-	1	1.302667	I:	D:
2707	5403	-	1	1.305748	I:	D:
5409	7439	-	3	1.321651	I:	D:
7547	10294	-	2	1.289960	I:	D:
10348	11238	-	1	1.346859	I:	D:
11254	12216	-	1	1.337790	I:	D:
12467	13486	+	2	1.293067	I:	D:
13512	15275	+	3	1.301702	I:	D:
15322	16173	-	1	1.276022	I:	D:
16052	18016	-	2	1.359694	I:	D:
18003	20480	-	3	1.312353	I:	D:
20587	21414	-	1	1.308807	I:	D:
21496	22029	-	1	1.267301	I:	D:
22101	25763	-	3	1.318243	I:	D:
25952	26833	+	2	1.322187	I:	D:
26886	28973	-	3	1.310416	I:	D:
29110	30510	-	1	1.281153	I:	D:
30582	31862	-	3	1.323404	I:	D:
31874	32317	-	2	1.245296	I:	D:
32331	32726	-	3	1.349506	I:	D:
32793	33962	-	3	1.266487	I:	D:
34012	35580	-	1	1.262775	I:	D:
35585	36115	-	2	1.304053	I:	D:
36129	37064	-	3	1.273383	I:	D:
37068	38015	-	3	1.270723	I:	D:
38017	38739	-	1	1.289766	I:	D:
38758	39153	-	1	1.283035	I:	D:
39169	39708	-	1	1.257894	I:	D:
39730	41277	-	1	1.289990	I:	D:
41280	41927	-	3	1.285127	I:	D:
41939	42397	-	2	1.305037	I:	D:
42672	42851	+	3	1.283929	I:	D:
43080	44396	+	3	1.319402	I:	D:
44393	45103	+	2	1.300987	I:	D:
>Y6.M018_36
757	1689	+	1	1.254741	I:	D:
1693	4743	+	1	1.248658	I:	D:
4743	8738	+	3	1.267448	I:	D:
8759	10078	+	2	1.286260	I:	D:
10354	12021	+	1	1.226438	I:	D:
12124	12933	+	1	1.216311	I:	D:
12926	13378	+	2	1.262488	I:	D:
13707	16703	+	3	1.317118	I:	D:
16722	17846	+	3	1.315455	I:	D:
17868	19214	+	3	1.282847	I:	D:
19449	19919	+	3	1.345728	I:	D:
19995	20288	+	3	1.285124	I:	D:
20302	21846	+	1	1.304340	I:	D:
22255	22503	+	1	1.260861	I:	D:
22797	23249	+	3	1.352080	I:	D:
23308	24678	+	1	1.298404	I:	D:
24665	25393	+	2	1.359514	I:	D:
25393	26751	+	1	1.325950	I:	D:
26767	27033	+	1	1.295531	I:	D:
27036	27326	+	3	1.311413	I:	D:
27339	27887	+	3	1.303621	I:	D:
27887	28558	+	2	1.317066	I:	D:
28555	29343	+	1	1.318084	I:	D:
29352	31121	+	3	1.277530	I:	D:
31121	32176	+	2	1.325765	I:	D:
32195	33187	+	2	1.301394	I:	D:
33451	34170	+	1	1.279407	I:	D:
34167	35453	+	3	1.258567	I:	D:
35530	36147	+	1	1.278505	I:	D:
36377	38452	+	2	1.270825	I:	D:
38464	42036	+	1	1.333643	I:	D:
42104	43066	+	2	1.336261	I:	D:
>Y6.M018_37
240	419	+	3	1.358616	I:	D:
412	1077	+	1	1.280689	I:	D:
1162	2082	+	1	1.286728	I:	D:
2075	2881	+	2	1.320845	I:	D:
2896	3810	+	1	1.297342	I:	D:
>Y6.M018_38
390	857	-	3	1.243423	I:	D:
990	1331	-	3	1.228292	I:	D:
1334	1552	-	2	1.316659	I:	D:
1780	2400	-	1	1.354236	I:	D:
>Y6.M018_39
118	1233	-	1	1.311671	I:	D:
1324	2229	-	1	1.319504	I:	D:
2328	8867	-	3	1.307390	I:	D:
8888	10285	-	2	1.296540	I:	D:
10316	12919	-	2	1.313853	I:	D:
12892	13776	-	1	1.328202	I:	D:
13792	14679	-	1	1.340442	I:	D:
14700	15746	-	3	1.313559	I:	D:
16268	18199	-	2	1.316183	I:	D:
18319	18621	+	1	1.293020	I:	D:
18641	19534	-	2	1.273904	I:	D:
19536	19970	-	3	1.294575	I:	D:
20098	20262	+	1	1.341580	I:	D:
20392	20526	-	1	1.354578	I:	D:
20710	23061	-	1	1.291268	I:	D:
23065	23751	-	1	1.309832	I:	D:
23771	23974	-	2	1.304222	I:	D:
24167	26176	+	2	1.327752	I:	D:
26391	27200	-	3	1.313378	I:	D:
27221	27913	-	2	1.311831	I:	D:
27927	28412	-	3	1.318570	I:	D:
28480	29238	-	1	1.322866	I:	D:
29260	29859	-	1	1.289141	I:	D:
29972	30778	-	2	1.270277	I:	D:
30944	31138	-	2	1.291100	I:	D:
31270	31605	+	1	1.306883	I:	D:
31682	33361	-	2	1.315572	I:	D:
33422	33859	+	2	1.269108	I:	D:
34005	37043	-	3	1.324260	I:	D:
37043	38305	-	2	1.262290	I:	D:
38302	40074	-	1	1.324099	I:	D:
40089	40244	-	3	1.344456	I:	D:
>Y6.M018_40
2	610	+	2	1.241785	I:	D:
622	3687	+	1	1.265373	I:	D:
3764	4456	+	2	1.280880	I:	D:
4626	4913	+	3	1.298662	I:	D:
4928	5998	+	2	1.348760	I:	D:
6002	6922	+	2	1.322740	I:	D:
7089	7700	+	3	1.344099	I:	D:
7854	10421	+	3	1.236969	I:	D:
10418	10945	+	2	1.230243	I:	D:
11051	14200	+	2	1.264492	I:	D:
14197	14766	+	1	1.300798	I:	D:
14870	15424	+	2	1.337884	I:	D:
15651	16625	+	3	1.314150	I:	D:
16681	17133	+	1	1.290685	I:	D:
17234	18763	-	2	1.269659	I:	D:
18912	19352	+	3	1.315063	I:	D:
19336	21009	+	1	1.324912	I:	D:
21184	22635	+	1	1.312784	I:	D:
22664	24397	+	2	1.279516	I:	D:
24410	25465	+	2	1.281398	I:	D:
25544	26686	-	2	1.309924	I:	D:
26828	27253	+	2	1.383467	I:	D:
27507	29648	+	3	1.319382	I:	D:
29985	30455	+	3	1.237076	I:	D:
30479	31705	+	2	1.266553	I:	D:
32284	33267	+	1	1.276570	I:	D:
33307	34095	-	1	1.328600	I:	D:
34202	34741	+	2	1.298173	I:	D:
34925	36457	+	2	1.331652	I:	D:
36680	38833	+	2	1.318404	I:	D:
38844	39566	+	3	1.325667	I:	D:
39560	41341	+	2	1.323847	I:	D:
41358	42209	+	3	1.320527	I:	D:
42206	42850	+	2	1.336197	I:	D:
42847	43869	+	1	1.341688	I:	D:
43879	44169	+	1	1.294609	I:	D:
45192	45323	-	3	1.370919	I:	D:
45700	46653	-	1	1.306080	I:	D:
46806	48161	+	3	1.341331	I:	D:
48237	49796	+	3	1.342339	I:	D:
49984	50544	+	1	1.306834	I:	D:
50574	50777	+	3	1.352801	I:	D:
50800	51153	+	1	1.301379	I:	D:
51287	52306	+	2	1.331380	I:	D:
52350	52946	-	3	1.308514	I:	D:
53106	53768	+	3	1.310599	I:	D:
53774	55252	+	2	1.324257	I:	D:
55257	55625	+	3	1.335809	I:	D:
55643	56425	-	2	1.323228	I:	D:
56606	57784	+	2	1.312205	I:	D:
58119	60464	-	3	1.280609	I:	D:
60531	60707	-	3	1.238223	I:	D:
60844	61017	+	1	1.286974	I:	D:
61146	62216	+	3	1.348178	I:	D:
62220	63140	+	3	1.322273	I:	D:
63307	63909	+	1	1.346775	I:	D:
64034	65641	+	2	1.235873	I:	D:
65942	66232	+	2	1.284228	I:	D:
66382	68088	+	1	1.300538	I:	D:
68101	68292	+	1	1.265463	I:	D:
68303	69496	+	2	1.296122	I:	D:
70117	71340	+	1	1.278040	I:	D:
71992	73815	+	1	1.277602	I:	D:
74382	74777	-	3	1.323020	I:	D:
74792	75232	-	2	1.295160	I:	D:
75506	76630	+	2	1.342753	I:	D:
76727	76891	+	2	1.337483	I:	D:
76960	78318	-	1	1.318955	I:	D:
78667	79875	+	1	1.310333	I:	D:
79882	81069	+	1	1.330872	I:	D:
81066	81548	+	3	1.298752	I:	D:
81538	82881	+	1	1.332179	I:	D:
82881	83432	+	3	1.324835	I:	D:
83468	84106	+	2	1.316591	I:	D:
84233	84754	+	2	1.334082	I:	D:
84777	86312	+	3	1.325538	I:	D:
86346	88109	-	3	1.328168	I:	D:
88386	90305	+	3	1.317733	I:	D:
90345	90794	-	3	1.297273	I:	D:
90822	92213	-	3	1.315869	I:	D:
92569	92703	+	1	1.390125	I:	D:
92972	94360	+	2	1.332263	I:	D:
94762	95229	+	1	1.313790	I:	D:
95257	96108	+	1	1.309089	I:	D:
96190	96360	+	1	1.387551	I:	D:
96446	98356	+	2	1.323386	I:	D:
98370	99626	+	3	1.344749	I:	D:
99713	102352	+	2	1.314495	I:	D:
102442	102777	+	1	1.332747	I:	D:
102925	104274	+	1	1.309592	I:	D:
104292	105029	+	3	1.303493	I:	D:
105043	105774	+	1	1.332875	I:	D:
106135	106950	+	1	1.301456	I:	D:
107005	107793	+	1	1.304187	I:	D:
107871	108152	-	3	1.283183	I:	D:
108240	109490	-	3	1.331113	I:	D:
109555	110265	-	1	1.341323	I:	D:
110436	110639	+	3	1.338272	I:	D:
110657	110905	+	2	1.304491	I:	D:
110889	112139	+	3	1.324330	I:	D:
112136	113449	+	2	1.338736	I:	D:
113503	114018	+	1	1.307120	I:	D:
114041	114871	+	2	1.328399	I:	D:
114899	115258	+	2	1.346278	I:	D:
115549	115872	+	1	1.350632	I:	D:
115877	116218	+	2	1.323812	I:	D:
116265	116864	+	3	1.340761	I:	D:
116875	117144	+	1	1.329284	I:	D:
117162	117329	+	3	1.357985	I:	D:
117332	119062	+	2	1.319827	I:	D:
119074	119919	+	1	1.345325	I:	D:
119912	121330	+	2	1.329884	I:	D:
121333	122418	+	1	1.301821	I:	D:
122435	122845	+	2	1.316359	I:	D:
122871	123668	+	3	1.338617	I:	D:
123852	124025	+	3	1.294871	I:	D:
124049	124501	+	2	1.298712	I:	D:
124703	124960	-	2	1.277135	I:	D:
125231	126262	-	2	1.298755	I:	D:
126526	128259	-	1	1.317342	I:	D:
128447	129529	+	2	1.343045	I:	D:
129543	130208	+	3	1.316104	I:	D:
130228	131451	+	1	1.349356	I:	D:
131546	135646	+	2	1.298995	I:	D:
135933	140513	+	3	1.271141	I:	D:
141031	141831	+	1	1.327503	I:	D:
141833	142102	-	2	1.306236	I:	D:
142380	143531	+	3	1.305758	I:	D:
>Y6.M018_41
112	1215	+	1	1.333830	I:	D:
1263	2135	+	3	1.314008	I:	D:
2609	5749	+	2	1.236043	I:	D:
5749	7056	+	1	1.224979	I:	D:
7245	7694	+	3	1.272067	I:	D:
7801	15174	+	1	1.324628	I:	D:
15372	23075	+	3	1.326400	I:	D:
23145	23858	+	3	1.309038	I:	D:
23946	24434	+	3	1.328434	I:	D:
24653	26488	+	2	1.309371	I:	D:
26586	29234	+	3	1.300804	I:	D:
29257	33438	+	1	1.318010	I:	D:
33684	35999	-	3	1.303760	I:	D:
36140	39349	+	2	1.329861	I:	D:
39346	40320	+	1	1.345650	I:	D:
40334	41236	+	2	1.325144	I:	D:
41253	42842	+	3	1.293929	I:	D:
42934	45105	+	1	1.333829	I:	D:
45282	47792	-	3	1.333135	I:	D:
48012	48641	-	3	1.357079	I:	D:
48752	48913	-	2	1.262217	I:	D:
49215	50099	+	3	1.331814	I:	D:
50187	51107	+	3	1.304988	I:	D:
51686	52099	-	2	1.322096	I:	D:
52251	52979	+	3	1.300934	I:	D:
52976	54280	+	2	1.269334	I:	D:
54368	54523	+	2	1.309580	I:	D:
54526	55122	+	1	1.316270	I:	D:
55436	55990	+	2	1.319746	I:	D:
56061	56987	+	3	1.334305	I:	D:
57526	58815	+	1	1.333534	I:	D:
58858	59790	+	1	1.295810	I:	D:
59836	60069	+	1	1.331445	I:	D:
60110	60868	+	2	1.329964	I:	D:
60865	61293	+	1	1.347034	I:	D:
61492	62271	+	1	1.345842	I:	D:
62328	64130	+	3	1.323673	I:	D:
64342	65688	+	1	1.319842	I:	D:
66095	66802	-	2	1.323185	I:	D:
66863	67699	-	2	1.315363	I:	D:
67708	68127	-	1	1.374693	I:	D:
68191	69024	-	1	1.361142	I:	D:
69264	70598	+	3	1.321639	I:	D:
70790	70987	+	2	1.328825	I:	D:
71482	72831	+	1	1.331363	I:	D:
73004	73843	+	2	1.283161	I:	D:
73908	74633	+	3	1.358482	I:	D:
74799	75596	+	3	1.311182	I:	D:
>Y6.M018_42
2	127	+	2	1.291563	I:	D:
498	800	+	3	1.354590	I:	D:
1097	2638	+	2	1.345228	I:	D:
2921	4186	+	2	1.298737	I:	D:
4314	7436	+	3	1.284699	I:	D:
7820	8701	+	2	1.313213	I:	D:
8718	9290	+	3	1.313691	I:	D:
9308	10735	+	2	1.318324	I:	D:
10742	11974	+	2	1.314885	I:	D:
12000	12341	+	3	1.342547	I:	D:
12372	12641	+	3	1.302867	I:	D:
12657	13115	+	3	1.326738	I:	D:
13206	13481	+	3	1.288449	I:	D:
13625	14263	+	2	1.305536	I:	D:
14303	14563	+	2	1.317392	I:	D:
14617	15951	+	1	1.324000	I:	D:
15962	16510	+	2	1.272579	I:	D:
16773	16988	+	3	1.248508	I:	D:
17047	17190	-	1	1.234641	I:	D:
17342	17647	-	2	1.266583	I:	D:
17679	17924	-	3	1.287697	I:	D:
18022	18879	-	1	1.313478	I:	D:
18993	20411	-	3	1.314004	I:	D:
20591	21925	-	2	1.319649	I:	D:
21995	22156	-	2	1.343235	I:	D:
22371	24707	+	3	1.311695	I:	D:
24802	24978	+	1	1.348638	I:	D:
25045	25998	+	1	1.325254	I:	D:
26042	26824	-	2	1.304838	I:	D:
26930	27157	+	2	1.276349	I:	D:
27252	27488	+	3	1.462767	I:	D:
27525	28295	+	3	1.320286	I:	D:
28678	29160	+	1	1.301187	I:	D:
29157	30332	+	3	1.325811	I:	D:
30342	31970	+	3	1.323914	I:	D:
32039	33754	+	2	1.322300	I:	D:
33826	35652	+	1	1.330213	I:	D:
35691	37832	+	3	1.315211	I:	D:
37841	38683	+	2	1.277649	I:	D:
38753	39757	+	2	1.309728	I:	D:
>Y6.M018_43
34	171	+	1	1.311024	I:	D:
738	923	-	3	1.242645	I:	D:
964	1590	+	1	1.272523	I:	D:
1612	2442	+	1	1.300331	I:	D:
2520	3191	+	3	1.313746	I:	D:
3385	5388	+	1	1.321303	I:	D:
5545	6204	+	1	1.327202	I:	D:
6227	6964	+	2	1.310144	I:	D:
6982	7644	+	1	1.313381	I:	D:
7651	8703	+	1	1.328298	I:	D:
8884	9951	+	1	1.307449	I:	D:
10162	12348	-	1	1.328154	I:	D:
12408	13169	-	3	1.336813	I:	D:
13290	14558	-	3	1.316981	I:	D:
14558	15352	-	2	1.352791	I:	D:
15380	16189	-	2	1.345077	I:	D:
16200	17243	-	3	1.329497	I:	D:
17383	17814	-	1	1.350787	I:	D:
18111	18806	-	3	1.317213	I:	D:
18826	19593	-	1	1.311624	I:	D:
19780	20475	+	1	1.335038	I:	D:
20488	21816	+	1	1.339891	I:	D:
21901	23295	-	1	1.321937	I:	D:
23494	23784	+	1	1.292703	I:	D:
23824	24591	-	1	1.334147	I:	D:
24597	25127	-	3	1.314393	I:	D:
25151	25684	-	2	1.331368	I:	D:
25805	27229	+	2	1.326121	I:	D:
27265	27657	-	1	1.326264	I:	D:
27669	27869	-	3	1.272084	I:	D:
28294	29652	-	1	1.318334	I:	D:
29774	32740	-	2	1.299891	I:	D:
32791	33024	+	1	1.347277	I:	D:
33279	33884	+	3	1.316954	I:	D:
33927	34088	+	3	1.264207	I:	D:
>Y6.M018_44
3	158	-	3	1.300553	I:	D:
251	1813	-	2	1.309354	I:	D:
2013	3422	+	3	1.331399	I:	D:
3472	6468	-	1	1.310368	I:	D:
6709	8703	+	1	1.316510	I:	D:
8687	9043	+	2	1.339393	I:	D:
9164	9466	+	2	1.279151	I:	D:
9493	9981	+	1	1.332842	I:	D:
10018	10263	+	1	1.350877	I:	D:
10330	10821	+	1	1.320932	I:	D:
10891	11382	+	1	1.320175	I:	D:
11375	12385	+	2	1.326512	I:	D:
12431	13372	+	2	1.326496	I:	D:
13471	14097	+	1	1.331988	I:	D:
14103	14597	+	3	1.308811	I:	D:
14614	14829	+	1	1.289269	I:	D:
14783	15439	+	2	1.340710	I:	D:
15504	17630	+	3	1.306660	I:	D:
17758	19212	+	1	1.301270	I:	D:
19263	19817	-	3	1.309279	I:	D:
19838	20260	-	2	1.323437	I:	D:
20346	20477	+	3	1.412546	I:	D:
20816	21550	+	2	1.278549	I:	D:
21572	23122	+	2	1.314911	I:	D:
23155	23970	+	1	1.328336	I:	D:
24024	25298	+	3	1.307561	I:	D:
25327	27150	+	1	1.311584	I:	D:
27223	28272	+	1	1.352718	I:	D:
28441	29463	+	1	1.308231	I:	D:
29460	30362	+	3	1.337686	I:	D:
30355	31128	+	1	1.330879	I:	D:
31288	33051	+	1	1.321412	I:	D:
33032	34552	+	2	1.340156	I:	D:
34630	36387	-	1	1.314820	I:	D:
36459	36842	-	3	1.325589	I:	D:
37013	39643	-	2	1.305312	I:	D:
39842	40438	-	2	1.299135	I:	D:
40461	40988	-	3	1.323340	I:	D:
41138	41779	+	2	1.313506	I:	D:
41928	43058	+	3	1.348631	I:	D:
43206	43340	+	3	1.294899	I:	D:
43409	43663	+	2	1.316749	I:	D:
43647	44771	+	3	1.338798	I:	D:
44865	45020	+	3	1.408037	I:	D:
45558	45698	+	3	1.265064	I:	D:
46072	46215	+	1	1.259326	I:	D:
46386	47567	+	3	1.279294	I:	D:
47567	48085	+	2	1.265143	I:	D:
48317	48649	+	2	1.295711	I:	D:
>Y6.M018_45
3	224	-	3	1.294702	I:	D:
295	516	-	1	1.286797	I:	D:
664	1860	-	1	1.345712	I:	D:
2010	2399	-	3	1.345687	I:	D:
2494	3885	-	1	1.346604	I:	D:
3977	4462	-	2	1.283255	I:	D:
4549	4932	-	1	1.335259	I:	D:
4948	5274	-	1	1.294193	I:	D:
5302	5496	-	1	1.405578	I:	D:
5509	8679	-	1	1.317432	I:	D:
9854	10036	-	2	1.313389	I:	D:
10033	10962	-	1	1.283620	I:	D:
11122	12453	-	1	1.284266	I:	D:
12897	16199	-	3	1.303356	I:	D:
16778	17179	-	2	1.301581	I:	D:
17204	19588	+	2	1.335110	I:	D:
19696	19872	+	1	1.215644	I:	D:
19872	20468	+	3	1.268695	I:	D:
20531	20713	+	2	1.266182	I:	D:
20729	22744	+	2	1.296574	I:	D:
22763	23110	+	2	1.254908	I:	D:
23166	23747	-	3	1.347894	I:	D:
23751	24107	-	3	1.305366	I:	D:
24443	24709	-	2	1.291963	I:	D:
24842	26416	-	2	1.297139	I:	D:
26453	27556	-	2	1.281457	I:	D:
27601	28461	-	1	1.282953	I:	D:
28473	28622	-	3	1.284643	I:	D:
28707	29798	-	3	1.269472	I:	D:
30180	30983	-	3	1.319383	I:	D:
30973	32241	-	1	1.339030	I:	D:
32238	32996	-	3	1.308605	I:	D:
33139	33969	-	1	1.302063	I:	D:
33971	34732	-	2	1.312234	I:	D:
34750	35268	-	1	1.283876	I:	D:
35425	35556	-	1	1.277445	I:	D:
35738	36526	-	2	1.303277	I:	D:
36658	36822	-	1	1.315436	I:	D:
36912	41579	+	3	1.333970	I:	D:
41752	42696	-	1	1.288456	I:	D:
42734	43717	-	2	1.305393	I:	D:
43990	50421	-	1	1.313894	I:	D:
50629	53481	-	1	1.347841	I:	D:
53482	54471	-	1	1.358636	I:	D:
54471	56888	-	3	1.356237	I:	D:
56900	58003	-	2	1.328848	I:	D:
58200	61214	-	3	1.306572	I:	D:
61228	66888	-	1	1.313670	I:	D:
66903	69452	-	3	1.312768	I:	D:
69483	70436	-	3	1.317307	I:	D:
70451	71383	-	2	1.331291	I:	D:
71516	73732	-	2	1.303597	I:	D:
73811	75352	-	2	1.301373	I:	D:
75547	77121	+	1	1.288966	I:	D:
77515	78672	-	1	1.290196	I:	D:
78965	80731	+	2	1.302157	I:	D:
80934	82286	-	3	1.313697	I:	D:
82279	84438	-	1	1.310368	I:	D:
84637	85437	-	1	1.332569	I:	D:
85512	90326	-	3	1.304977	I:	D:
90642	91427	-	3	1.303093	I:	D:
91494	92432	-	3	1.305656	I:	D:
92515	95274	-	1	1.313214	I:	D:
95285	95440	-	2	1.253230	I:	D:
95704	96861	-	1	1.308427	I:	D:
97408	98052	+	1	1.322184	I:	D:
98146	99105	+	1	1.371791	I:	D:
99449	101152	+	2	1.380109	I:	D:
101195	101854	+	2	1.352786	I:	D:
101963	102370	+	2	1.395839	I:	D:
102385	102684	+	1	1.381393	I:	D:
102777	103076	+	3	1.374702	I:	D:
103426	103752	+	1	1.325736	I:	D:
103739	106348	+	2	1.327040	I:	D:
106356	106745	+	3	1.398214	I:	D:
107029	108624	+	1	1.393577	I:	D:
108653	109150	-	2	1.407376	I:	D:
109062	110210	-	3	1.407265	I:	D:
109239	110600	+	3	1.402045	I:	D:
110852	111031	+	2	1.367987	I:	D:
111102	111974	-	3	1.310559	I:	D:
112022	113125	-	2	1.329027	I:	D:
113140	113535	-	1	1.284285	I:	D:
113728	113925	-	1	1.292718	I:	D:
114189	115253	+	3	1.310356	I:	D:
115366	115674	-	1	1.289560	I:	D:
115684	116334	-	1	1.278654	I:	D:
116407	118887	-	1	1.268764	I:	D:
119212	120879	+	1	1.305086	I:	D:
120876	121673	+	3	1.295134	I:	D:
121742	122398	+	2	1.318609	I:	D:
122446	122577	+	1	1.292897	I:	D:
122609	124129	+	2	1.322969	I:	D:
124172	126697	-	2	1.343737	I:	D:
126841	127836	+	1	1.301539	I:	D:
128504	129400	+	2	1.290565	I:	D:
129544	130530	+	1	1.291704	I:	D:
130644	130856	+	3	1.331482	I:	D:
130874	133747	+	2	1.377469	I:	D:
133757	136723	+	2	1.380764	I:	D:
136742	137263	+	2	1.314657	I:	D:
137682	138209	+	3	1.289230	I:	D:
138225	138674	+	3	1.280751	I:	D:
138764	139423	-	2	1.333123	I:	D:
139423	139683	-	1	1.311252	I:	D:
139683	139877	-	3	1.346770	I:	D:
140005	140523	+	1	1.323735	I:	D:
140638	142107	+	1	1.332554	I:	D:
142107	142352	+	3	1.369190	I:	D:
142354	143022	+	1	1.321509	I:	D:
143080	143736	+	1	1.360674	I:	D:
143894	147157	-	2	1.338723	I:	D:
147322	148344	+	1	1.329211	I:	D:
148653	148865	-	3	1.262925	I:	D:
148891	150591	-	1	1.315718	I:	D:
150766	152592	+	1	1.329227	I:	D:
152640	152933	-	3	1.273250	I:	D:
152945	153886	-	2	1.321878	I:	D:
153900	154451	-	3	1.334089	I:	D:
154819	156480	+	1	1.323040	I:	D:
156546	157235	+	3	1.270395	I:	D:
157464	158843	+	3	1.331957	I:	D:
158872	160212	+	1	1.340934	I:	D:
160225	160572	-	1	1.314080	I:	D:
160766	163714	+	2	1.338737	I:	D:
163773	163904	+	3	1.331410	I:	D:
164042	166603	+	2	1.323645	I:	D:
166646	167458	-	2	1.305744	I:	D:
167548	168567	-	1	1.316444	I:	D:
168643	169752	-	1	1.351606	I:	D:
169809	170123	-	3	1.300192	I:	D:
170140	171114	-	1	1.292681	I:	D:
171205	171426	-	1	1.250327	I:	D:
171430	171582	+	1	1.312801	I:	D:
>Y6.M018_46
1	375	+	1	1.388560	I:	D:
2449	3204	+	1	1.326786	I:	D:
3191	5461	+	2	1.307576	I:	D:
5468	5839	+	2	1.285720	I:	D:
5842	6516	+	1	1.311923	I:	D:
6520	7446	+	1	1.326905	I:	D:
7457	8548	+	2	1.292144	I:	D:
8579	9580	+	2	1.315049	I:	D:
9606	9917	+	3	1.263587	I:	D:
10432	10632	-	1	1.273887	I:	D:
10807	12636	-	1	1.347357	I:	D:
12661	13608	-	1	1.367759	I:	D:
13676	14938	+	2	1.350320	I:	D:
15618	16076	+	3	1.324339	I:	D:
16162	16980	+	1	1.326543	I:	D:
16973	19132	+	2	1.326047	I:	D:
19251	19622	+	3	1.345005	I:	D:
19875	21458	+	3	1.333795	I:	D:
21477	23111	+	3	1.345238	I:	D:
23216	23878	+	2	1.323953	I:	D:
24160	24753	+	1	1.291822	I:	D:
24764	25990	+	2	1.315978	I:	D:
25990	26892	+	1	1.322725	I:	D:
27240	28706	+	3	1.304267	I:	D:
28737	29891	-	3	1.340303	I:	D:
30138	30584	+	3	1.265404	I:	D:
30604	31782	+	1	1.352991	I:	D:
31799	33016	+	2	1.257289	I:	D:
33029	33967	+	2	1.279205	I:	D:
34000	34641	+	1	1.287655	I:	D:
34661	35287	+	2	1.321318	I:	D:
35310	36131	+	3	1.291625	I:	D:
36378	37964	+	3	1.300461	I:	D:
37987	38457	-	1	1.310526	I:	D:
>Y6.M018_47
176	1012	-	2	1.336823	I:	D:
1153	2028	+	1	1.342628	I:	D:
2238	3086	-	3	1.341951	I:	D:
3108	3800	-	3	1.315145	I:	D:
4042	5640	-	1	1.319460	I:	D:
5828	6973	+	2	1.333483	I:	D:
6994	8130	+	1	1.316111	I:	D:
8244	9257	+	3	1.334280	I:	D:
9427	10737	-	1	1.339286	I:	D:
10281	10598	-	3	1.368252	I:	D:
10889	11620	+	2	1.296743	I:	D:
11766	12068	+	3	1.336383	I:	D:
12233	13834	-	2	1.319010	I:	D:
14002	14187	-	1	1.323850	I:	D:
14225	14485	-	2	1.311966	I:	D:
14662	15276	-	1	1.269343	I:	D:
15556	15954	+	1	1.317104	I:	D:
15866	17131	+	2	1.292433	I:	D:
17115	18101	+	3	1.292842	I:	D:
18211	18366	+	1	1.336197	I:	D:
18389	19621	+	2	1.280846	I:	D:
19687	20613	+	1	1.269594	I:	D:
20699	20929	+	2	1.335173	I:	D:
20991	21965	-	3	1.290986	I:	D:
22241	23011	-	2	1.321255	I:	D:
23167	26424	+	1	1.330516	I:	D:
26424	30365	+	3	1.317719	I:	D:
30650	31495	+	2	1.309742	I:	D:
31461	31832	+	3	1.290861	I:	D:
>Y6.M018_48
103	546	-	1	1.290650	I:	D:
890	1849	-	2	1.274642	I:	D:
1995	2213	+	3	1.342320	I:	D:
2324	3139	-	2	1.292360	I:	D:
3153	3983	-	3	1.325756	I:	D:
4059	6386	-	3	1.307361	I:	D:
6488	7837	-	2	1.307466	I:	D:
8115	8609	+	3	1.258179	I:	D:
8817	9005	-	3	1.350707	I:	D:
>Y6.M018_49
86	274	+	2	1.354456	I:	D:
319	1545	-	1	1.316861	I:	D:
1560	2897	-	3	1.360798	I:	D:
2882	3295	-	2	1.326834	I:	D:
3316	4233	-	1	1.326045	I:	D:
4230	5519	-	3	1.337578	I:	D:
5820	6002	+	3	1.374283	I:	D:
6140	6874	+	2	1.341483	I:	D:
6889	7173	+	1	1.333205	I:	D:
7163	7942	+	2	1.347472	I:	D:
7942	8784	+	1	1.316970	I:	D:
8787	9470	+	3	1.309759	I:	D:
9490	10623	+	1	1.310394	I:	D:
10620	11486	+	3	1.312305	I:	D:
11492	12925	+	2	1.321809	I:	D:
13015	13884	+	1	1.339601	I:	D:
13884	14471	+	3	1.291234	I:	D:
14468	15223	+	2	1.307130	I:	D:
15277	18174	-	1	1.322420	I:	D:
18188	18448	-	2	1.346666	I:	D:
18435	19298	-	3	1.307207	I:	D:
19295	20443	-	2	1.352793	I:	D:
20463	20708	-	3	1.249558	I:	D:
20725	22254	-	1	1.318197	I:	D:
22265	23812	-	2	1.323645	I:	D:
24158	25066	-	2	1.313070	I:	D:
25219	25572	-	1	1.311267	I:	D:
25898	26200	-	2	1.345633	I:	D:
26591	27355	-	2	1.299568	I:	D:
27706	28242	+	1	1.315143	I:	D:
28592	29482	-	2	1.335134	I:	D:
29810	30028	+	2	1.332695	I:	D:
30347	30544	-	2	1.310404	I:	D:
30550	30675	-	1	1.298338	I:	D:
