>YA2_44
199	330	+	1	1.251539	I:	D:
637	867	+	1	1.349800	I:	D:
965	1486	-	2	1.303823	I:	D:
1546	2151	-	1	1.317973	I:	D:
2493	7217	-	3	1.315881	I:	D:
7587	8465	-	3	1.345806	I:	D:
9107	9766	-	2	1.344218	I:	D:
10125	10634	-	3	1.315136	I:	D:
10854	12092	+	3	1.316834	I:	D:
12519	13301	+	3	1.300670	I:	D:
13326	13994	+	3	1.303955	I:	D:
13995	15305	+	3	1.309102	I:	D:
15387	16430	+	3	1.310616	I:	D:
16497	17675	-	3	1.309908	I:	D:
17769	18704	-	3	1.293983	I:	D:
18843	21329	-	3	1.296279	I:	D:
21343	23346	-	1	1.302645	I:	D:
23534	24163	+	2	1.315406	I:	D:
24337	25110	+	1	1.301147	I:	D:
25172	26056	-	2	1.311699	I:	D:
26156	28330	-	2	1.312871	I:	D:
28625	29500	+	2	1.337925	I:	D:
29660	30430	-	2	1.325527	I:	D:
30423	31295	-	3	1.302716	I:	D:
31314	31538	-	3	1.295480	I:	D:
31553	32161	-	2	1.291976	I:	D:
32172	33101	-	3	1.307020	I:	D:
33299	34018	-	2	1.308154	I:	D:
34066	34542	+	1	1.309742	I:	D:
34626	34952	-	3	1.326938	I:	D:
34804	34938	+	1	1.336473	I:	D:
34939	35664	-	1	1.318229	I:	D:
35779	35913	+	1	1.356190	I:	D:
35960	36811	-	2	1.321918	I:	D:
36892	37413	-	1	1.296315	I:	D:
37548	38384	+	3	1.306159	I:	D:
38485	38706	-	1	1.382503	I:	D:
38773	39411	-	1	1.304297	I:	D:
39585	40460	-	3	1.327768	I:	D:
40664	41320	+	2	1.288794	I:	D:
41422	42555	-	1	1.310879	I:	D:
42649	43875	-	1	1.335191	I:	D:
43960	44562	-	1	1.306346	I:	D:
44626	45147	-	1	1.301559	I:	D:
45183	46034	-	3	1.318412	I:	D:
46116	46280	+	3	1.370422	I:	D:
46534	48369	-	1	1.313969	I:	D:
48399	50798	-	3	1.295722	I:	D:
50834	52261	-	2	1.304838	I:	D:
52264	53427	-	1	1.311425	I:	D:
53417	54568	-	2	1.314350	I:	D:
54598	56565	-	1	1.315253	I:	D:
57150	57326	+	3	1.403328	I:	D:
57605	57973	-	2	1.309317	I:	D:
58052	58627	-	2	1.300018	I:	D:
58738	59355	+	1	1.324457	I:	D:
59373	61625	+	3	1.337551	I:	D:
61699	61833	+	1	1.327359	I:	D:
62075	62212	-	2	1.310271	I:	D:
62447	63367	-	2	1.326020	I:	D:
63513	64520	-	3	1.307464	I:	D:
64694	65404	-	2	1.300158	I:	D:
65641	66954	-	1	1.300425	I:	D:
66964	67482	-	1	1.315332	I:	D:
67534	70377	-	1	1.309793	I:	D:
70539	71507	+	3	1.309378	I:	D:
71507	72487	+	2	1.310873	I:	D:
72514	73617	+	1	1.303973	I:	D:
73657	74718	+	1	1.303200	I:	D:
74934	76136	+	3	1.302523	I:	D:
76136	76786	+	2	1.303309	I:	D:
76773	77714	+	3	1.315892	I:	D:
77714	78379	+	2	1.311734	I:	D:
79021	79899	-	1	1.316741	I:	D:
80036	80647	+	2	1.315380	I:	D:
80661	81095	+	3	1.310905	I:	D:
81234	82601	-	3	1.315714	I:	D:
82644	83018	-	3	1.310572	I:	D:
83070	83498	-	3	1.308822	I:	D:
83616	84449	+	3	1.305056	I:	D:
84579	85046	-	3	1.310503	I:	D:
85343	86005	-	2	1.289498	I:	D:
86018	88270	-	2	1.304332	I:	D:
88327	89679	-	1	1.335199	I:	D:
89820	89948	+	3	1.294030	I:	D:
89956	90915	-	1	1.310175	I:	D:
91301	91870	-	2	1.335799	I:	D:
92003	92416	+	2	1.301150	I:	D:
92482	92670	-	1	1.340233	I:	D:
92873	93073	-	2	1.361683	I:	D:
93325	95151	-	1	1.308334	I:	D:
95251	95379	+	1	1.308987	I:	D:
95407	95928	-	1	1.344802	I:	D:
96104	96262	+	2	1.346432	I:	D:
>YA2_136
451	942	-	1	1.318771	I:	D:
1194	1640	+	3	1.326726	I:	D:
1799	2521	+	2	1.293531	I:	D:
2618	3664	+	2	1.338335	I:	D:
3792	3998	-	3	1.353027	I:	D:
4012	4269	+	1	1.333298	I:	D:
4552	5220	+	1	1.295911	I:	D:
5224	6036	+	1	1.319661	I:	D:
6036	6926	+	3	1.313844	I:	D:
6977	8008	-	2	1.311180	I:	D:
8078	8953	+	2	1.318018	I:	D:
9032	9643	+	2	1.315898	I:	D:
9669	12035	+	3	1.306573	I:	D:
12357	12695	+	3	1.320379	I:	D:
12847	13275	+	1	1.321014	I:	D:
13299	14243	+	3	1.307411	I:	D:
14268	14639	+	3	1.332179	I:	D:
14639	16783	+	2	1.312479	I:	D:
16816	17775	+	1	1.309073	I:	D:
17903	19279	+	2	1.299372	I:	D:
19279	20385	+	1	1.295239	I:	D:
20398	21249	+	1	1.311974	I:	D:
21385	22764	+	1	1.307882	I:	D:
22801	24135	+	1	1.296311	I:	D:
24212	24655	+	2	1.298825	I:	D:
24664	24933	+	1	1.301241	I:	D:
24944	25732	+	2	1.305382	I:	D:
25749	26462	+	3	1.290194	I:	D:
26534	29557	+	2	1.320395	I:	D:
29613	29888	+	3	1.305310	I:	D:
29904	30488	+	3	1.291703	I:	D:
30469	30744	+	1	1.310959	I:	D:
30761	31465	+	2	1.294281	I:	D:
31467	31811	+	3	1.308441	I:	D:
31923	33056	+	3	1.311712	I:	D:
33235	33894	+	1	1.330700	I:	D:
33908	34594	+	2	1.277023	I:	D:
34705	35046	-	1	1.354933	I:	D:
34871	37369	+	2	1.308389	I:	D:
37448	38449	+	2	1.303466	I:	D:
38510	38968	-	2	1.310745	I:	D:
39231	40751	+	3	1.331091	I:	D:
40986	41198	+	3	1.314275	I:	D:
41330	42343	-	2	1.328037	I:	D:
42359	42571	-	2	1.276057	I:	D:
42704	43168	+	2	1.293400	I:	D:
43255	43833	-	1	1.308791	I:	D:
43951	44247	+	1	1.298531	I:	D:
44264	45028	+	2	1.299558	I:	D:
45121	46965	+	1	1.308147	I:	D:
47144	48349	+	2	1.320775	I:	D:
48349	48636	+	1	1.309352	I:	D:
48633	49199	+	3	1.299899	I:	D:
49199	49720	+	2	1.293080	I:	D:
49704	50753	+	3	1.311421	I:	D:
50848	51486	+	1	1.309285	I:	D:
51545	52048	+	2	1.330837	I:	D:
52045	54312	+	1	1.335916	I:	D:
54282	55307	+	3	1.308811	I:	D:
55358	55612	-	2	1.309286	I:	D:
55874	56143	+	2	1.302545	I:	D:
56353	58164	+	1	1.299026	I:	D:
58228	59133	+	1	1.304864	I:	D:
59321	60511	+	2	1.310852	I:	D:
60980	62326	+	2	1.317279	I:	D:
62387	64153	+	2	1.311491	I:	D:
64287	65600	+	3	1.280663	I:	D:
65780	67066	+	2	1.297175	I:	D:
67118	67708	+	2	1.309426	I:	D:
67806	67940	-	3	1.231443	I:	D:
68082	69893	+	3	1.310820	I:	D:
69966	71273	+	3	1.303995	I:	D:
71310	72236	+	3	1.315246	I:	D:
72242	73081	+	2	1.312596	I:	D:
73144	75459	+	1	1.303405	I:	D:
75472	75990	+	1	1.294550	I:	D:
76179	76847	+	3	1.323241	I:	D:
76859	78070	+	2	1.337045	I:	D:
78178	79035	+	1	1.308634	I:	D:
79361	80536	+	2	1.305686	I:	D:
80530	81189	+	1	1.305162	I:	D:
81158	82444	+	2	1.294552	I:	D:
82449	83033	+	3	1.300055	I:	D:
83033	83647	+	2	1.306672	I:	D:
83644	84369	+	1	1.300857	I:	D:
84359	85120	+	2	1.287954	I:	D:
85138	85467	+	1	1.319687	I:	D:
85448	85774	+	2	1.283661	I:	D:
85785	86861	+	3	1.303035	I:	D:
86928	87140	-	3	1.361985	I:	D:
87277	87432	-	1	1.346841	I:	D:
>YA2_147
559	903	+	1	1.307532	I:	D:
893	1498	+	2	1.316192	I:	D:
1495	2466	+	1	1.309798	I:	D:
2477	2713	+	2	1.305873	I:	D:
3063	4493	+	3	1.328640	I:	D:
4495	4923	+	1	1.278911	I:	D:
4964	6148	+	2	1.311784	I:	D:
6740	7183	+	2	1.294212	I:	D:
7203	7940	+	3	1.326184	I:	D:
7988	8494	+	2	1.357998	I:	D:
9144	12557	-	3	1.319092	I:	D:
12622	13182	-	1	1.294809	I:	D:
13347	13685	-	3	1.313506	I:	D:
14100	14720	+	3	1.316554	I:	D:
14717	15010	+	2	1.295253	I:	D:
15049	16287	+	1	1.304679	I:	D:
16288	18711	+	1	1.323946	I:	D:
18732	19688	+	3	1.303477	I:	D:
19678	21024	+	1	1.312860	I:	D:
21041	21784	+	2	1.300706	I:	D:
21790	23727	+	1	1.312950	I:	D:
23741	24610	+	2	1.320166	I:	D:
24633	25286	+	3	1.288860	I:	D:
25348	26031	+	1	1.310882	I:	D:
26148	26333	+	3	1.343829	I:	D:
26488	26853	+	1	1.312035	I:	D:
26857	28575	+	1	1.284670	I:	D:
28606	30693	+	1	1.308910	I:	D:
30705	31736	+	3	1.299312	I:	D:
31786	32037	+	1	1.266940	I:	D:
32092	32817	+	1	1.310804	I:	D:
32834	36397	+	2	1.296586	I:	D:
36418	38292	+	1	1.287195	I:	D:
38296	38646	+	1	1.272861	I:	D:
38771	40222	+	2	1.299625	I:	D:
40536	40919	+	3	1.292029	I:	D:
40900	41757	+	1	1.302232	I:	D:
41768	42514	+	2	1.314909	I:	D:
42644	42778	+	2	1.273864	I:	D:
42803	43081	+	2	1.318138	I:	D:
43094	43354	+	2	1.370726	I:	D:
43412	43921	+	2	1.290280	I:	D:
43921	44679	+	1	1.308660	I:	D:
44689	46137	+	1	1.315310	I:	D:
46255	46617	+	1	1.320161	I:	D:
46743	47873	-	3	1.321436	I:	D:
47945	48928	-	2	1.320369	I:	D:
49089	49283	-	3	1.269514	I:	D:
49276	49638	-	1	1.342145	I:	D:
49574	49906	-	2	1.306711	I:	D:
50271	50417	+	3	1.344609	I:	D:
50429	50632	+	2	1.317899	I:	D:
50683	51471	+	1	1.316168	I:	D:
51642	52022	-	3	1.322396	I:	D:
52420	52551	+	1	1.329872	I:	D:
52694	52939	-	2	1.317677	I:	D:
53183	53428	-	2	1.321137	I:	D:
53468	53722	+	2	1.351021	I:	D:
53842	54060	+	1	1.337967	I:	D:
54099	54326	+	3	1.307502	I:	D:
54319	55293	+	1	1.309699	I:	D:
55220	56098	+	2	1.326666	I:	D:
56112	56864	+	3	1.335813	I:	D:
56874	57245	+	3	1.331811	I:	D:
57248	57433	+	2	1.278647	I:	D:
57309	57686	+	3	1.325096	I:	D:
57707	58120	+	2	1.345650	I:	D:
58125	58706	+	3	1.344743	I:	D:
58791	58934	+	3	1.337472	I:	D:
58944	59489	+	3	1.354756	I:	D:
59710	59856	+	1	1.367325	I:	D:
59902	60147	+	1	1.376381	I:	D:
60227	60508	+	2	1.408717	I:	D:
60516	61193	+	3	1.328933	I:	D:
61245	61406	+	3	1.410466	I:	D:
61442	61972	+	2	1.293062	I:	D:
61953	63257	+	3	1.334263	I:	D:
63269	64813	+	2	1.321437	I:	D:
64816	65655	+	1	1.320276	I:	D:
65729	66463	+	2	1.322063	I:	D:
66674	66946	+	2	1.316315	I:	D:
67054	67683	+	1	1.293771	I:	D:
67683	68534	+	3	1.299963	I:	D:
68549	68926	+	2	1.315901	I:	D:
68926	69279	+	1	1.334720	I:	D:
69324	69641	-	3	1.354402	I:	D:
69664	70062	+	1	1.334372	I:	D:
70079	70588	+	2	1.331197	I:	D:
70633	71082	+	1	1.308684	I:	D:
71089	71682	+	1	1.314672	I:	D:
71697	76061	+	3	1.305377	I:	D:
76061	76876	+	2	1.335445	I:	D:
76888	78474	+	1	1.335492	I:	D:
78471	79718	+	3	1.333185	I:	D:
79730	80860	+	2	1.347443	I:	D:
80876	81712	+	2	1.326003	I:	D:
81730	82254	+	1	1.336951	I:	D:
82259	82690	+	2	1.336050	I:	D:
82703	83575	+	2	1.336250	I:	D:
83681	84118	+	2	1.345476	I:	D:
84151	84570	+	1	1.323049	I:	D:
84586	85155	+	1	1.323539	I:	D:
85171	85359	+	1	1.352570	I:	D:
85431	85847	+	3	1.326124	I:	D:
85850	86755	+	2	1.324591	I:	D:
>YA2_200
100	273	+	1	1.329062	I:	D:
340	846	+	1	1.275323	I:	D:
1060	1845	+	1	1.324514	I:	D:
1933	3393	+	1	1.311194	I:	D:
3559	4818	+	1	1.313729	I:	D:
4952	5080	-	2	1.327528	I:	D:
5099	6274	+	2	1.306366	I:	D:
6318	8690	-	3	1.312733	I:	D:
8800	9756	+	1	1.336779	I:	D:
9743	11017	+	2	1.324266	I:	D:
11014	11985	+	1	1.310249	I:	D:
12002	12718	+	2	1.307325	I:	D:
12803	13657	+	2	1.329656	I:	D:
13729	15753	+	1	1.304711	I:	D:
15873	16547	+	3	1.315582	I:	D:
16559	17131	+	2	1.293955	I:	D:
17121	18014	+	3	1.311128	I:	D:
18105	18347	+	3	1.285501	I:	D:
18495	19352	+	3	1.333658	I:	D:
19679	20902	+	2	1.322030	I:	D:
21208	22629	+	1	1.321379	I:	D:
22821	23729	+	3	1.303489	I:	D:
23726	24397	+	2	1.306218	I:	D:
24390	25184	+	3	1.316315	I:	D:
25451	26296	+	2	1.328483	I:	D:
26303	27670	+	2	1.308471	I:	D:
27721	28725	+	1	1.304518	I:	D:
28829	29560	+	2	1.329121	I:	D:
29590	30342	+	1	1.338340	I:	D:
30408	30962	+	3	1.331482	I:	D:
30985	32430	+	1	1.313121	I:	D:
32529	33356	-	3	1.301946	I:	D:
33376	34728	-	1	1.324475	I:	D:
34855	35286	+	1	1.303410	I:	D:
35312	35938	+	2	1.284255	I:	D:
36102	37709	+	3	1.315449	I:	D:
37908	39167	+	3	1.318804	I:	D:
39229	39516	+	1	1.320613	I:	D:
39603	40304	+	3	1.306798	I:	D:
40372	40845	-	1	1.328448	I:	D:
40984	41544	+	1	1.312090	I:	D:
41564	42463	+	2	1.310419	I:	D:
42660	44048	+	3	1.298990	I:	D:
44097	45602	+	3	1.318471	I:	D:
45606	45980	+	3	1.305776	I:	D:
45973	47091	+	1	1.323747	I:	D:
47106	47459	+	3	1.323196	I:	D:
47514	48158	-	3	1.313491	I:	D:
48355	48915	+	1	1.307777	I:	D:
48935	52513	+	2	1.304813	I:	D:
52518	52799	+	3	1.300363	I:	D:
52937	53299	+	2	1.293908	I:	D:
53474	54004	+	2	1.326413	I:	D:
53976	55376	+	3	1.322655	I:	D:
55390	55929	+	1	1.307126	I:	D:
56019	58127	+	3	1.307588	I:	D:
58208	59116	+	2	1.305756	I:	D:
59252	60442	+	2	1.316888	I:	D:
60529	61566	+	1	1.303388	I:	D:
61566	63089	+	3	1.303728	I:	D:
63304	64272	-	1	1.333156	I:	D:
64581	66005	+	3	1.315236	I:	D:
66018	67640	+	3	1.307592	I:	D:
67644	68372	+	3	1.310820	I:	D:
68427	69848	+	3	1.291999	I:	D:
69934	70503	+	1	1.321467	I:	D:
71033	72028	+	2	1.351373	I:	D:
72082	72414	+	1	1.367658	I:	D:
72503	72727	-	2	1.297516	I:	D:
72720	72959	-	3	1.313584	I:	D:
73157	73657	-	2	1.317763	I:	D:
73647	73994	-	3	1.335725	I:	D:
73996	74295	-	1	1.340188	I:	D:
74940	75515	-	3	1.340410	I:	D:
75651	76718	+	3	1.334094	I:	D:
76963	77781	-	1	1.328672	I:	D:
78184	81135	+	1	1.306656	I:	D:
81306	81545	+	3	1.301795	I:	D:
81551	82117	+	2	1.311426	I:	D:
82193	82393	+	2	1.328695	I:	D:
82469	82723	+	2	1.310299	I:	D:
82753	83700	+	1	1.331596	I:	D:
84065	84211	+	2	1.325742	I:	D:
84304	84468	+	1	1.308710	I:	D:
>YA2_420
2	334	+	2	1.414611	I:	D:
411	611	-	3	1.374843	I:	D:
815	1201	-	2	1.288180	I:	D:
1408	2748	+	1	1.306502	I:	D:
2816	3574	-	2	1.316452	I:	D:
4019	5029	+	2	1.301074	I:	D:
5031	6305	+	3	1.304556	I:	D:
6424	7236	+	1	1.299341	I:	D:
7408	7677	+	1	1.278798	I:	D:
7688	9031	+	2	1.308514	I:	D:
9176	10756	+	2	1.323399	I:	D:
11130	11870	+	3	1.318863	I:	D:
11848	12987	+	1	1.313518	I:	D:
13001	13633	+	2	1.302651	I:	D:
13785	15029	-	3	1.322784	I:	D:
15059	16423	-	2	1.327166	I:	D:
16608	17465	+	3	1.313385	I:	D:
17648	17917	+	2	1.286643	I:	D:
18040	19347	+	1	1.316421	I:	D:
19347	20255	+	3	1.310864	I:	D:
20353	20850	+	1	1.338187	I:	D:
21241	21435	+	1	1.356253	I:	D:
21439	21597	+	1	1.342041	I:	D:
21677	22357	-	2	1.314499	I:	D:
22578	23990	-	3	1.305771	I:	D:
24085	25914	+	1	1.312036	I:	D:
26013	26186	-	3	1.298320	I:	D:
26392	27570	+	1	1.302512	I:	D:
27741	28403	+	3	1.323323	I:	D:
28940	30757	+	2	1.321236	I:	D:
30880	32055	-	1	1.303352	I:	D:
32068	33156	-	1	1.310584	I:	D:
33430	34083	+	1	1.316595	I:	D:
34188	36617	-	3	1.311157	I:	D:
36807	36944	+	3	1.360118	I:	D:
37096	37821	+	1	1.315969	I:	D:
38364	38921	+	3	1.310141	I:	D:
38971	39687	+	1	1.291020	I:	D:
39698	40864	+	2	1.299171	I:	D:
40934	41560	-	2	1.316801	I:	D:
41727	41978	+	3	1.271794	I:	D:
42069	42299	+	3	1.289131	I:	D:
42428	43066	-	2	1.302537	I:	D:
43203	43961	+	3	1.314210	I:	D:
43945	44226	+	1	1.317815	I:	D:
44314	45312	+	1	1.307585	I:	D:
45515	46522	+	2	1.297051	I:	D:
46690	47481	+	1	1.293852	I:	D:
47588	48463	+	2	1.283287	I:	D:
48549	49271	+	3	1.310540	I:	D:
49275	49838	+	3	1.287668	I:	D:
50031	50801	+	3	1.308148	I:	D:
50818	51606	+	1	1.311326	I:	D:
51632	52906	+	2	1.303220	I:	D:
52958	54700	+	2	1.294824	I:	D:
54772	59133	+	1	1.313269	I:	D:
59309	59827	+	2	1.306114	I:	D:
59843	61066	+	2	1.293292	I:	D:
61132	61428	+	1	1.278915	I:	D:
61428	61754	+	3	1.308380	I:	D:
61773	63971	+	3	1.300020	I:	D:
63997	64356	+	1	1.312624	I:	D:
64406	65317	+	2	1.305764	I:	D:
65327	66301	+	2	1.316424	I:	D:
66446	67156	+	2	1.306663	I:	D:
67360	67719	-	1	1.401845	I:	D:
67722	68876	+	3	1.306192	I:	D:
>YA2_528
152	1537	+	2	1.312794	I:	D:
1766	2965	+	2	1.318562	I:	D:
3065	3697	-	2	1.294254	I:	D:
3789	4517	+	3	1.305955	I:	D:
4622	5629	+	2	1.306447	I:	D:
5712	6668	+	3	1.302035	I:	D:
6774	8309	+	3	1.318711	I:	D:
8306	9634	+	2	1.315830	I:	D:
9658	10338	+	1	1.325692	I:	D:
11032	11526	-	1	1.312307	I:	D:
11550	12587	-	3	1.351454	I:	D:
12979	14151	+	1	1.329019	I:	D:
14454	14597	+	3	1.320789	I:	D:
14573	15889	+	2	1.324136	I:	D:
15988	16593	+	1	1.307264	I:	D:
16657	17265	-	1	1.321960	I:	D:
17301	17627	-	3	1.377524	I:	D:
17791	18546	+	1	1.314347	I:	D:
18993	19280	-	3	1.285009	I:	D:
19421	19762	+	2	1.285380	I:	D:
19755	20237	+	3	1.306486	I:	D:
20246	20818	+	2	1.309229	I:	D:
20815	22089	+	1	1.311807	I:	D:
22091	22693	+	2	1.300324	I:	D:
22690	23829	+	1	1.301168	I:	D:
23919	24257	-	3	1.304793	I:	D:
24412	24762	+	1	1.287717	I:	D:
24989	25171	-	2	1.350178	I:	D:
25468	25641	+	1	1.301032	I:	D:
25641	26351	+	3	1.309382	I:	D:
26672	28360	+	2	1.303120	I:	D:
28644	30743	+	3	1.322967	I:	D:
30810	31187	+	3	1.258613	I:	D:
31241	32206	+	2	1.310001	I:	D:
32296	33267	+	1	1.325464	I:	D:
33364	33588	-	1	1.291495	I:	D:
33591	34019	-	3	1.311239	I:	D:
34145	34888	+	2	1.297871	I:	D:
34881	36074	+	3	1.320289	I:	D:
36084	36728	+	3	1.289862	I:	D:
36732	36890	+	3	1.325748	I:	D:
37097	37789	+	2	1.302298	I:	D:
37837	39033	+	1	1.314554	I:	D:
39057	40355	+	3	1.288191	I:	D:
40388	41107	+	2	1.311317	I:	D:
41210	42175	+	2	1.307332	I:	D:
42175	43695	+	1	1.322219	I:	D:
43832	43996	+	2	1.339613	I:	D:
44242	44577	-	1	1.301904	I:	D:
44731	45048	+	1	1.285595	I:	D:
45205	45840	+	1	1.286663	I:	D:
45870	47177	+	3	1.300512	I:	D:
47281	48003	+	1	1.316351	I:	D:
48153	50816	+	3	1.302268	I:	D:
50950	51789	+	1	1.316618	I:	D:
51786	52388	+	3	1.300269	I:	D:
52440	52913	+	3	1.326962	I:	D:
52930	54318	+	1	1.312111	I:	D:
54334	55260	+	1	1.313492	I:	D:
55489	56001	+	1	1.305889	I:	D:
56026	56223	+	1	1.320083	I:	D:
56276	56629	+	2	1.319897	I:	D:
56772	57299	+	3	1.322400	I:	D:
57300	58424	+	3	1.312958	I:	D:
58446	58757	+	3	1.307710	I:	D:
58774	59409	+	1	1.296080	I:	D:
59402	60016	+	2	1.283776	I:	D:
60016	60372	+	1	1.291017	I:	D:
60375	61124	+	3	1.297041	I:	D:
61124	62269	+	2	1.317122	I:	D:
62331	62885	+	3	1.297740	I:	D:
62937	63113	+	3	1.358163	I:	D:
>YA2_582
157	603	+	1	1.297074	I:	D:
605	1024	+	2	1.294057	I:	D:
1272	3149	+	3	1.309838	I:	D:
3297	4508	+	3	1.326576	I:	D:
4578	5444	+	3	1.310758	I:	D:
5612	7150	-	2	1.313835	I:	D:
7388	7864	+	2	1.306137	I:	D:
8026	8706	+	1	1.304510	I:	D:
8722	9408	+	1	1.316041	I:	D:
9504	10217	-	3	1.292615	I:	D:
10366	11268	-	1	1.321579	I:	D:
11438	12103	+	2	1.301595	I:	D:
12211	12963	+	1	1.320409	I:	D:
12976	13437	+	1	1.314467	I:	D:
13505	14182	+	2	1.333622	I:	D:
14245	15057	-	1	1.322792	I:	D:
15100	15603	+	1	1.310872	I:	D:
15820	17343	+	1	1.323832	I:	D:
17675	19171	+	2	1.324587	I:	D:
19426	20067	+	1	1.289359	I:	D:
20419	21762	+	1	1.316099	I:	D:
21755	22423	+	2	1.300929	I:	D:
22491	24311	-	3	1.308874	I:	D:
24719	24847	+	2	1.344865	I:	D:
24870	26504	-	3	1.320142	I:	D:
26754	27272	+	3	1.291170	I:	D:
27337	28923	-	1	1.308707	I:	D:
29302	30333	+	1	1.310595	I:	D:
30488	30955	+	2	1.294219	I:	D:
30978	33476	+	3	1.306618	I:	D:
33666	34274	+	3	1.304707	I:	D:
34510	38061	+	1	1.307786	I:	D:
38094	41732	+	3	1.308242	I:	D:
41829	42995	+	3	1.318912	I:	D:
43022	43705	-	2	1.354358	I:	D:
43969	44382	+	1	1.339614	I:	D:
44402	44872	+	2	1.314303	I:	D:
45009	47093	+	3	1.298211	I:	D:
47223	47576	-	3	1.338790	I:	D:
47618	47926	+	2	1.324662	I:	D:
47963	48622	+	2	1.317517	I:	D:
48645	49268	+	3	1.322209	I:	D:
49268	49561	+	2	1.305582	I:	D:
49585	50433	+	1	1.334310	I:	D:
50474	50755	+	2	1.335433	I:	D:
50772	51119	+	3	1.318892	I:	D:
51131	51784	+	2	1.315701	I:	D:
51801	52232	+	3	1.321871	I:	D:
52222	52428	+	1	1.296939	I:	D:
52453	52713	+	1	1.329499	I:	D:
52780	53148	+	1	1.312454	I:	D:
53180	53488	+	2	1.289797	I:	D:
53517	54059	+	3	1.305878	I:	D:
54077	54262	+	2	1.394899	I:	D:
54293	54691	+	2	1.298081	I:	D:
54720	55256	+	3	1.315044	I:	D:
55314	55679	+	3	1.313387	I:	D:
55701	56210	+	3	1.303044	I:	D:
56225	56407	+	2	1.320752	I:	D:
56440	56874	+	1	1.303047	I:	D:
56875	58173	+	1	1.321340	I:	D:
58192	58851	+	1	1.311935	I:	D:
58989	59207	+	3	1.300102	I:	D:
59393	59758	+	2	1.313409	I:	D:
59789	60178	+	2	1.314086	I:	D:
60261	61205	+	3	1.297730	I:	D:
61236	61619	+	3	1.308983	I:	D:
>YA2_618
613	1461	-	1	1.339763	I:	D:
1510	1683	+	1	1.299218	I:	D:
2160	2591	+	3	1.312030	I:	D:
2705	3094	-	2	1.320146	I:	D:
3105	4034	-	3	1.331944	I:	D:
4056	4862	-	3	1.304377	I:	D:
4875	5876	-	3	1.299263	I:	D:
>YA2_626
44	226	-	2	1.339369	I:	D:
450	686	+	3	1.330046	I:	D:
847	1347	-	1	1.282560	I:	D:
1448	2848	-	2	1.294562	I:	D:
2964	3830	+	3	1.294544	I:	D:
3890	4141	-	2	1.300804	I:	D:
4235	5875	-	2	1.314286	I:	D:
5988	7133	-	3	1.312947	I:	D:
7242	8387	-	3	1.317599	I:	D:
8402	8590	-	2	1.364515	I:	D:
8858	9715	-	2	1.312866	I:	D:
9743	10483	-	2	1.295887	I:	D:
10496	11176	-	2	1.331144	I:	D:
11157	11816	-	3	1.327417	I:	D:
12213	12476	-	3	1.288296	I:	D:
12552	14969	-	3	1.312850	I:	D:
15311	16225	-	2	1.293055	I:	D:
16508	17533	+	2	1.310603	I:	D:
17677	18864	-	1	1.301348	I:	D:
19066	19803	+	1	1.311129	I:	D:
19945	20409	+	1	1.304735	I:	D:
20840	21397	-	2	1.269650	I:	D:
21400	21627	-	1	1.291218	I:	D:
21698	23515	-	2	1.298829	I:	D:
23678	23824	+	2	1.356752	I:	D:
23877	25244	-	3	1.334338	I:	D:
25416	25904	+	3	1.320843	I:	D:
25921	26088	+	1	1.276177	I:	D:
26152	27495	-	1	1.302920	I:	D:
27526	29043	-	1	1.319142	I:	D:
29205	29642	-	3	1.306296	I:	D:
30016	30372	+	1	1.340049	I:	D:
30571	31731	-	1	1.309806	I:	D:
31736	32473	-	2	1.301707	I:	D:
32483	33709	-	2	1.309806	I:	D:
33728	34756	-	2	1.313088	I:	D:
35240	36049	-	2	1.314201	I:	D:
36326	38401	-	2	1.304547	I:	D:
38616	39266	-	3	1.315268	I:	D:
39514	39669	+	1	1.319934	I:	D:
39839	40021	-	2	1.388529	I:	D:
40344	40841	-	3	1.323716	I:	D:
41295	42089	-	3	1.318814	I:	D:
42644	44077	-	2	1.312116	I:	D:
44070	45263	-	3	1.304236	I:	D:
45398	46648	+	2	1.332322	I:	D:
46763	47545	-	2	1.298480	I:	D:
47559	48146	-	3	1.313877	I:	D:
48465	50702	-	3	1.318055	I:	D:
50755	50889	-	1	1.309730	I:	D:
52202	52336	-	2	1.353239	I:	D:
52548	53510	-	3	1.305711	I:	D:
53600	54262	-	2	1.337950	I:	D:
54649	55896	-	1	1.318852	I:	D:
56074	57264	-	1	1.336840	I:	D:
57730	58776	+	1	1.345366	I:	D:
>YA2_734
121	945	+	1	1.310202	I:	D:
924	1799	+	3	1.314058	I:	D:
1792	2613	+	1	1.333349	I:	D:
2632	3426	+	1	1.316199	I:	D:
3496	3954	+	1	1.325752	I:	D:
3968	4363	+	2	1.345799	I:	D:
4420	4557	+	1	1.263036	I:	D:
4588	5211	+	1	1.308936	I:	D:
5230	5802	+	1	1.286272	I:	D:
5823	6992	+	3	1.327308	I:	D:
7099	9363	+	1	1.315138	I:	D:
9378	11423	+	3	1.326459	I:	D:
11425	12552	+	1	1.335665	I:	D:
12667	12981	+	1	1.297374	I:	D:
12981	14453	+	3	1.315844	I:	D:
14455	15879	+	1	1.316070	I:	D:
15889	16917	+	1	1.316704	I:	D:
16984	18366	+	1	1.313879	I:	D:
18549	19394	+	3	1.315292	I:	D:
19444	21024	-	1	1.321103	I:	D:
21025	21438	-	1	1.340619	I:	D:
21444	22988	-	3	1.333444	I:	D:
23024	23191	-	2	1.292289	I:	D:
23292	24194	-	3	1.326969	I:	D:
24200	24607	-	2	1.327146	I:	D:
24612	25001	-	3	1.330211	I:	D:
25001	25297	-	2	1.315387	I:	D:
25308	26498	-	3	1.298840	I:	D:
26518	27192	-	1	1.299244	I:	D:
27189	28448	-	3	1.315100	I:	D:
28445	30046	-	2	1.319396	I:	D:
30112	30318	-	1	1.306482	I:	D:
30339	30989	-	3	1.328265	I:	D:
31052	32293	-	2	1.307865	I:	D:
32293	32835	-	1	1.333820	I:	D:
32978	33406	-	2	1.401298	I:	D:
33498	33968	-	3	1.339112	I:	D:
33965	35323	-	2	1.318038	I:	D:
35304	35585	-	3	1.345952	I:	D:
35830	38088	-	1	1.317128	I:	D:
37819	37995	+	1	1.309230	I:	D:
38085	38513	-	3	1.315588	I:	D:
38614	40590	-	1	1.337526	I:	D:
40603	41163	-	1	1.314541	I:	D:
41168	42307	-	2	1.316689	I:	D:
42307	42615	-	1	1.254286	I:	D:
42602	42802	-	2	1.342610	I:	D:
42879	43409	-	3	1.296813	I:	D:
43840	44823	+	1	1.305857	I:	D:
44813	45256	+	2	1.300218	I:	D:
45249	47072	+	3	1.306468	I:	D:
47100	48632	+	3	1.286195	I:	D:
48622	49155	+	1	1.313458	I:	D:
49797	50765	+	3	1.332702	I:	D:
50772	51893	+	3	1.315027	I:	D:
>YA2_748
101	232	+	2	1.262902	I:	D:
367	765	+	1	1.309710	I:	D:
877	2403	+	1	1.294143	I:	D:
2697	2840	+	3	1.234594	I:	D:
2858	3043	+	2	1.271397	I:	D:
3050	3553	+	2	1.267353	I:	D:
3660	3929	+	3	1.276430	I:	D:
3980	5329	-	2	1.382473	I:	D:
5383	5625	+	1	1.352500	I:	D:
5795	5926	-	2	1.330469	I:	D:
>YA2_842
328	2007	-	1	1.289169	I:	D:
2023	2472	-	1	1.299638	I:	D:
2490	3314	-	3	1.292219	I:	D:
3324	4199	-	3	1.302548	I:	D:
4227	4541	-	3	1.275801	I:	D:
4545	5912	-	3	1.303142	I:	D:
5905	6768	-	1	1.313513	I:	D:
6874	7281	-	1	1.290560	I:	D:
7281	7718	-	3	1.284028	I:	D:
7795	8475	-	1	1.303633	I:	D:
8477	9592	-	2	1.287008	I:	D:
9605	10195	-	2	1.310252	I:	D:
10320	11093	+	3	1.321474	I:	D:
11098	11919	+	1	1.317231	I:	D:
11931	12899	+	3	1.309139	I:	D:
12896	13759	+	2	1.308186	I:	D:
13770	14036	-	3	1.335745	I:	D:
14110	14931	+	1	1.310462	I:	D:
14945	15871	+	2	1.284232	I:	D:
15929	16468	-	2	1.327018	I:	D:
16566	16847	-	3	1.324459	I:	D:
16877	17197	-	2	1.306739	I:	D:
17210	17518	-	2	1.295631	I:	D:
17716	18351	-	1	1.299450	I:	D:
18729	18938	-	3	1.315678	I:	D:
19148	19288	+	2	1.323707	I:	D:
19443	19613	+	3	1.334031	I:	D:
19691	20242	-	2	1.274693	I:	D:
20244	21284	-	3	1.286580	I:	D:
21274	22158	-	1	1.285030	I:	D:
22298	22489	+	2	1.289766	I:	D:
22603	23946	-	1	1.310767	I:	D:
24151	25083	-	1	1.299326	I:	D:
25162	25338	+	1	1.310674	I:	D:
25393	25827	-	1	1.297237	I:	D:
25912	26886	-	1	1.298590	I:	D:
26925	27164	-	3	1.256108	I:	D:
27161	27823	-	2	1.313477	I:	D:
27826	28530	-	1	1.317978	I:	D:
28560	28727	+	3	1.301283	I:	D:
28735	28884	-	1	1.373443	I:	D:
29029	31092	-	1	1.321100	I:	D:
31327	33954	+	1	1.320748	I:	D:
34021	35934	-	1	1.301842	I:	D:
35931	36308	-	3	1.300674	I:	D:
36499	36975	-	1	1.282427	I:	D:
37072	37725	-	1	1.292575	I:	D:
37792	38160	-	1	1.300264	I:	D:
38230	40662	-	1	1.303052	I:	D:
40668	41714	-	3	1.302190	I:	D:
42020	42358	-	2	1.316228	I:	D:
42437	42907	-	2	1.306092	I:	D:
43036	43809	-	1	1.314013	I:	D:
43862	44176	+	2	1.305994	I:	D:
44266	45216	+	1	1.309548	I:	D:
45302	45712	+	2	1.314414	I:	D:
45872	47230	+	2	1.318146	I:	D:
47299	48783	-	1	1.305240	I:	D:
48803	49489	-	2	1.291847	I:	D:
>YA2_1596
22	297	-	1	1.421359	I:	D:
561	719	+	3	1.375958	I:	D:
867	1067	+	3	1.316444	I:	D:
1943	2287	+	2	1.282871	I:	D:
2277	2441	+	3	1.302983	I:	D:
2467	2613	+	1	1.340296	I:	D:
2620	2760	+	1	1.337258	I:	D:
2793	3479	+	3	1.317866	I:	D:
3937	4707	+	1	1.305062	I:	D:
5031	5534	-	3	1.322728	I:	D:
5806	7392	+	1	1.330326	I:	D:
7590	7919	+	3	1.305453	I:	D:
8012	9436	-	2	1.318829	I:	D:
9764	10123	-	2	1.310052	I:	D:
10447	11970	+	1	1.322281	I:	D:
12064	12990	+	1	1.310049	I:	D:
13224	13811	-	3	1.317887	I:	D:
14207	14575	-	2	1.319442	I:	D:
14701	15744	+	1	1.305684	I:	D:
15779	17104	+	2	1.314036	I:	D:
17594	17830	-	2	1.393944	I:	D:
18187	18621	-	1	1.317383	I:	D:
18621	19073	-	3	1.269381	I:	D:
19204	20061	+	1	1.310610	I:	D:
20151	23120	+	3	1.325784	I:	D:
23279	24199	+	2	1.320509	I:	D:
24285	25085	+	3	1.306831	I:	D:
25204	25887	+	1	1.311229	I:	D:
25905	26675	+	3	1.317505	I:	D:
26693	27892	+	2	1.312180	I:	D:
27889	28530	+	1	1.312810	I:	D:
28595	29608	+	2	1.307906	I:	D:
29626	30405	+	1	1.310358	I:	D:
30412	31428	+	1	1.315767	I:	D:
>YA2_1607
335	1120	+	2	1.332640	I:	D:
1202	1438	+	2	1.304389	I:	D:
1428	2738	+	3	1.322428	I:	D:
2754	3899	+	3	1.327061	I:	D:
3901	5010	+	1	1.320216	I:	D:
5141	6316	+	2	1.315465	I:	D:
6677	7465	+	2	1.308635	I:	D:
7510	8676	+	1	1.303453	I:	D:
8883	10172	+	3	1.315601	I:	D:
10767	10952	+	3	1.392663	I:	D:
11014	14295	-	1	1.313778	I:	D:
14596	14988	-	1	1.333964	I:	D:
15112	15270	-	1	1.328765	I:	D:
15354	15548	-	3	1.350566	I:	D:
15707	16588	+	2	1.303858	I:	D:
16851	17858	+	3	1.310883	I:	D:
18368	18667	-	2	1.337704	I:	D:
19196	19585	+	2	1.297200	I:	D:
19662	20447	+	3	1.308650	I:	D:
20553	22028	-	3	1.324614	I:	D:
22088	23131	-	2	1.302552	I:	D:
23214	23825	+	3	1.311669	I:	D:
24148	25764	+	1	1.321478	I:	D:
25878	26756	+	3	1.321183	I:	D:
26926	28038	-	1	1.304757	I:	D:
28263	28676	+	3	1.339674	I:	D:
28979	30313	-	2	1.344613	I:	D:
30450	30593	+	3	1.350430	I:	D:
31005	31166	+	3	1.336471	I:	D:
>YA2_1888
178	1668	+	1	1.319596	I:	D:
1668	2390	+	3	1.315303	I:	D:
2480	2956	-	2	1.318898	I:	D:
3027	3902	-	3	1.317309	I:	D:
4235	6841	+	2	1.307961	I:	D:
7206	8639	+	3	1.315599	I:	D:
8670	10016	+	3	1.293606	I:	D:
10058	10663	-	2	1.306333	I:	D:
10670	11656	-	2	1.326503	I:	D:
11733	12437	-	3	1.313661	I:	D:
12465	13835	-	3	1.319591	I:	D:
13996	14886	-	1	1.300126	I:	D:
14886	15770	-	3	1.300476	I:	D:
15857	17395	-	2	1.312120	I:	D:
17385	18299	-	3	1.280817	I:	D:
18302	18595	-	2	1.290068	I:	D:
18585	19646	-	3	1.316137	I:	D:
19661	20824	-	2	1.290001	I:	D:
21006	21956	+	3	1.306138	I:	D:
21991	22833	-	1	1.304289	I:	D:
22836	24254	-	3	1.317311	I:	D:
24295	25215	-	1	1.301276	I:	D:
25414	26802	-	1	1.295723	I:	D:
26819	28243	-	2	1.298453	I:	D:
>YA2_2367
1	228	+	1	1.361220	I:	D:
579	1277	+	3	1.316431	I:	D:
1390	1653	+	1	1.360159	I:	D:
1840	2610	-	1	1.302392	I:	D:
2607	3206	-	3	1.320566	I:	D:
3265	3873	-	1	1.304714	I:	D:
3935	5134	-	2	1.291444	I:	D:
5162	6106	-	2	1.306103	I:	D:
6232	6540	-	1	1.317265	I:	D:
6389	6889	-	2	1.337887	I:	D:
6930	7232	-	3	1.354377	I:	D:
7186	7641	-	1	1.341900	I:	D:
7638	7946	-	3	1.297053	I:	D:
7948	9021	-	1	1.314902	I:	D:
8939	9913	-	2	1.340267	I:	D:
10181	10924	-	2	1.293707	I:	D:
11007	11840	-	3	1.315288	I:	D:
11858	12874	-	2	1.291182	I:	D:
13044	14144	+	3	1.297154	I:	D:
14206	14682	-	1	1.268785	I:	D:
14704	15120	-	1	1.295713	I:	D:
15240	16082	+	3	1.320007	I:	D:
16107	16943	+	3	1.297326	I:	D:
16977	17459	-	3	1.294423	I:	D:
17548	17982	-	1	1.321007	I:	D:
18106	18699	-	1	1.288100	I:	D:
18715	19512	-	1	1.317221	I:	D:
19726	20322	+	1	1.303923	I:	D:
20363	20692	-	2	1.311062	I:	D:
20779	23157	-	1	1.309955	I:	D:
23216	23749	-	2	1.322435	I:	D:
23887	24204	-	1	1.241882	I:	D:
24226	24663	-	1	1.301966	I:	D:
24678	24836	+	3	1.305480	I:	D:
25069	27795	-	1	1.299054	I:	D:
27986	29362	-	2	1.304527	I:	D:
29386	30330	-	1	1.304869	I:	D:
30479	30937	-	2	1.294666	I:	D:
30861	31043	+	3	1.289516	I:	D:
31063	32154	-	1	1.320941	I:	D:
32194	33204	-	1	1.311035	I:	D:
33221	33820	-	2	1.305842	I:	D:
33879	35855	-	3	1.317915	I:	D:
35867	38515	-	2	1.300984	I:	D:
38621	40180	-	2	1.292514	I:	D:
40395	41543	-	3	1.287030	I:	D:
41571	42842	-	3	1.305663	I:	D:
42951	43535	-	3	1.313207	I:	D:
43561	44589	-	1	1.332986	I:	D:
44678	45976	-	2	1.299598	I:	D:
45976	47232	-	1	1.314607	I:	D:
47373	48230	-	3	1.305687	I:	D:
48233	48880	-	2	1.288424	I:	D:
48890	49537	-	2	1.321703	I:	D:
49536	49823	+	3	1.393442	I:	D:
50006	50542	-	2	1.318890	I:	D:
50555	51406	-	2	1.315309	I:	D:
51523	52626	-	1	1.295195	I:	D:
52701	53339	-	3	1.323273	I:	D:
53391	54725	-	3	1.314227	I:	D:
54829	57486	-	1	1.302875	I:	D:
57556	57825	-	1	1.358688	I:	D:
57838	58446	-	1	1.318459	I:	D:
58487	59707	-	2	1.308747	I:	D:
59735	60883	-	2	1.295738	I:	D:
61073	62779	-	2	1.285644	I:	D:
62909	63364	+	2	1.291905	I:	D:
63559	64167	+	1	1.320768	I:	D:
64362	66377	-	3	1.310867	I:	D:
66370	67125	-	1	1.307286	I:	D:
67658	68455	+	2	1.326601	I:	D:
68502	68912	+	3	1.278283	I:	D:
69008	69478	+	2	1.317010	I:	D:
69499	70779	+	1	1.307669	I:	D:
71114	71383	+	2	1.319262	I:	D:
71471	71953	+	2	1.305784	I:	D:
72011	72850	-	2	1.299362	I:	D:
73030	74163	-	1	1.300973	I:	D:
74250	75215	-	3	1.297198	I:	D:
75296	76438	-	2	1.307618	I:	D:
76498	77199	-	1	1.310355	I:	D:
77192	78259	-	2	1.297323	I:	D:
78289	79137	-	1	1.312077	I:	D:
79633	79923	-	1	1.282441	I:	D:
79936	81129	-	1	1.317760	I:	D:
81195	81419	-	3	1.276774	I:	D:
81424	81675	-	1	1.376359	I:	D:
81684	82682	-	3	1.299997	I:	D:
82792	84033	-	1	1.315962	I:	D:
84038	84268	-	2	1.310157	I:	D:
84402	84830	-	3	1.297092	I:	D:
84836	86260	-	2	1.310937	I:	D:
86288	87211	-	2	1.332840	I:	D:
87243	88775	-	3	1.305400	I:	D:
88802	89344	-	2	1.284077	I:	D:
89334	89849	-	3	1.285320	I:	D:
89894	90106	-	2	1.269613	I:	D:
90131	90844	-	2	1.314153	I:	D:
91157	92434	-	2	1.319999	I:	D:
92593	93366	-	1	1.310250	I:	D:
93363	94478	-	3	1.313374	I:	D:
94655	95290	-	2	1.290443	I:	D:
95375	96400	-	2	1.323422	I:	D:
96422	97282	-	2	1.312718	I:	D:
97275	98363	-	3	1.288132	I:	D:
98366	98953	-	2	1.314004	I:	D:
99192	100529	+	3	1.321445	I:	D:
100529	101236	+	2	1.304021	I:	D:
101256	101564	+	3	1.307770	I:	D:
101598	102617	-	3	1.311583	I:	D:
102686	103525	-	2	1.326022	I:	D:
103894	105735	-	1	1.313514	I:	D:
105728	107470	-	2	1.310858	I:	D:
107463	107918	-	3	1.298313	I:	D:
108110	108721	-	2	1.335096	I:	D:
108930	110060	+	3	1.319901	I:	D:
110130	110945	+	3	1.314191	I:	D:
111053	111337	+	2	1.342148	I:	D:
111775	111954	-	1	1.309005	I:	D:
112307	112504	-	2	1.295498	I:	D:
112729	113853	-	1	1.322721	I:	D:
113853	114251	-	3	1.327025	I:	D:
114254	114667	-	2	1.334201	I:	D:
114693	115181	-	3	1.351227	I:	D:
115193	115576	-	2	1.318223	I:	D:
115569	116045	-	3	1.325436	I:	D:
116289	116477	-	3	1.293280	I:	D:
116492	116641	-	2	1.308572	I:	D:
116668	120270	-	1	1.331586	I:	D:
120257	122845	-	2	1.342602	I:	D:
122858	123697	-	2	1.334065	I:	D:
123761	127984	-	2	1.325151	I:	D:
127977	128174	-	3	1.326986	I:	D:
128189	128518	-	2	1.271880	I:	D:
128584	129201	-	1	1.323996	I:	D:
129213	129584	-	3	1.302342	I:	D:
129584	130024	-	2	1.317922	I:	D:
130017	130385	-	3	1.314279	I:	D:
130357	130659	-	1	1.318747	I:	D:
130680	132416	-	3	1.315538	I:	D:
132358	133578	-	1	1.337886	I:	D:
133578	133760	-	3	1.293610	I:	D:
133776	135662	-	3	1.322627	I:	D:
135677	136204	-	2	1.336645	I:	D:
136327	136845	-	1	1.365113	I:	D:
136847	137011	-	2	1.337005	I:	D:
137129	137452	-	2	1.400351	I:	D:
137468	137611	+	2	1.394110	I:	D:
137635	137811	-	1	1.338512	I:	D:
138044	138454	-	2	1.292350	I:	D:
138561	138758	-	3	1.325296	I:	D:
138860	139435	-	2	1.340700	I:	D:
139445	139792	-	2	1.368335	I:	D:
140023	140226	-	1	1.325324	I:	D:
140239	140433	-	1	1.294469	I:	D:
140420	140953	-	2	1.309528	I:	D:
140946	141131	-	3	1.224595	I:	D:
141124	141339	-	1	1.277771	I:	D:
141387	141869	-	3	1.344954	I:	D:
141866	142210	-	2	1.319764	I:	D:
142214	142396	-	2	1.324246	I:	D:
142393	142692	-	1	1.339498	I:	D:
142857	143315	-	3	1.311927	I:	D:
143315	143614	-	2	1.328415	I:	D:
143626	144321	-	1	1.319187	I:	D:
144325	144618	-	1	1.335781	I:	D:
144615	145580	-	3	1.343717	I:	D:
145595	146404	-	2	1.324887	I:	D:
146409	146612	-	3	1.307465	I:	D:
146655	146825	-	3	1.337406	I:	D:
146956	147291	-	1	1.336588	I:	D:
147358	147564	+	1	1.325544	I:	D:
147689	148090	-	2	1.291161	I:	D:
148108	148440	-	1	1.352514	I:	D:
148505	149008	+	2	1.333947	I:	D:
149196	149357	-	3	1.320681	I:	D:
149370	149672	-	3	1.357689	I:	D:
149702	149905	-	2	1.320798	I:	D:
150053	150688	+	2	1.321759	I:	D:
150711	151115	+	3	1.302657	I:	D:
151219	151356	+	1	1.294480	I:	D:
151441	152532	+	1	1.327740	I:	D:
152776	153105	-	1	1.306196	I:	D:
153269	153832	-	2	1.320531	I:	D:
154145	154999	+	2	1.292751	I:	D:
155154	155879	+	3	1.324886	I:	D:
155921	156286	-	2	1.294906	I:	D:
156399	156605	-	3	1.333288	I:	D:
156609	157307	-	3	1.338071	I:	D:
157419	158780	-	3	1.310271	I:	D:
159078	160502	-	3	1.292172	I:	D:
160634	162058	-	2	1.318567	I:	D:
162239	163321	-	2	1.309125	I:	D:
163471	164202	-	1	1.317340	I:	D:
164219	165823	-	2	1.298822	I:	D:
166068	168275	-	3	1.301105	I:	D:
168399	169466	+	3	1.314216	I:	D:
169508	171178	-	2	1.312757	I:	D:
171188	171751	-	2	1.297931	I:	D:
171776	171910	+	2	1.293225	I:	D:
171989	172378	+	2	1.288390	I:	D:
172680	174719	-	3	1.312397	I:	D:
174758	176221	-	2	1.321088	I:	D:
176496	177677	-	3	1.317608	I:	D:
178320	179825	-	3	1.319614	I:	D:
179910	181298	-	3	1.309883	I:	D:
181605	182957	+	3	1.318203	I:	D:
183603	183764	-	3	1.278575	I:	D:
183825	184550	+	3	1.303786	I:	D:
184568	185638	+	2	1.301444	I:	D:
185683	186855	-	1	1.298439	I:	D:
186991	187851	-	1	1.316180	I:	D:
188083	189591	-	1	1.316934	I:	D:
189588	190310	-	3	1.289913	I:	D:
190463	190636	+	2	1.356874	I:	D:
190816	191055	+	1	1.357505	I:	D:
191094	191447	-	3	1.284975	I:	D:
192180	193109	+	3	1.305295	I:	D:
193102	194337	+	1	1.329090	I:	D:
194765	195028	+	2	1.323939	I:	D:
195077	195298	+	2	1.323267	I:	D:
195311	195664	+	2	1.352512	I:	D:
195689	196444	-	2	1.318643	I:	D:
196564	197256	-	1	1.320983	I:	D:
197359	198189	+	1	1.313250	I:	D:
198431	199984	+	2	1.322794	I:	D:
200217	201836	+	3	1.321997	I:	D:
201860	201991	+	2	1.289632	I:	D:
202039	203400	+	1	1.322402	I:	D:
203522	204313	+	2	1.339153	I:	D:
204409	205716	+	1	1.332695	I:	D:
205762	206694	+	1	1.317095	I:	D:
206694	207797	+	3	1.303987	I:	D:
207882	209573	+	3	1.326422	I:	D:
209566	211146	+	1	1.306206	I:	D:
211504	211677	+	1	1.295723	I:	D:
211751	212023	+	2	1.327362	I:	D:
212097	213632	+	3	1.325213	I:	D:
213751	216663	-	1	1.327127	I:	D:
216880	218043	+	1	1.320035	I:	D:
218138	219019	-	2	1.324164	I:	D:
219133	219870	-	1	1.289477	I:	D:
220027	220764	+	1	1.321730	I:	D:
220813	221616	+	1	1.313204	I:	D:
221627	223012	+	2	1.318554	I:	D:
223137	223892	-	3	1.306546	I:	D:
224059	224208	-	1	1.317705	I:	D:
224229	224447	+	3	1.284231	I:	D:
225204	226427	-	3	1.321761	I:	D:
226682	227569	-	2	1.317429	I:	D:
227719	229374	+	1	1.307157	I:	D:
229458	229931	-	3	1.310499	I:	D:
230038	231084	-	1	1.305342	I:	D:
231303	232028	+	3	1.321003	I:	D:
232049	232738	-	2	1.314098	I:	D:
232741	232956	-	1	1.337080	I:	D:
233281	233805	+	1	1.308859	I:	D:
234119	234958	-	2	1.306013	I:	D:
234948	236141	-	3	1.312349	I:	D:
236577	237146	+	3	1.328151	I:	D:
237300	237647	+	3	1.290780	I:	D:
237835	238578	-	1	1.304722	I:	D:
238578	239447	-	3	1.302549	I:	D:
239444	239908	-	2	1.325340	I:	D:
240113	240325	-	2	1.309941	I:	D:
240333	240872	-	3	1.316192	I:	D:
240930	241061	+	3	1.329549	I:	D:
241179	242576	-	3	1.335855	I:	D:
243017	245026	-	2	1.322466	I:	D:
245677	246207	+	1	1.311512	I:	D:
246263	247183	-	2	1.335590	I:	D:
247425	247970	+	3	1.275428	I:	D:
248079	248678	+	3	1.304578	I:	D:
248774	249652	+	2	1.335918	I:	D:
249679	249867	+	1	1.332917	I:	D:
249987	251942	-	3	1.327704	I:	D:
251955	252908	-	3	1.317165	I:	D:
253005	253970	-	3	1.325162	I:	D:
254040	254834	+	3	1.329180	I:	D:
254933	255064	-	2	1.312800	I:	D:
255101	255649	-	2	1.313369	I:	D:
255823	256668	+	1	1.316687	I:	D:
256789	257919	-	1	1.342467	I:	D:
258093	258239	+	3	1.342797	I:	D:
258247	258918	+	1	1.316399	I:	D:
259016	259144	+	2	1.308470	I:	D:
259189	260568	+	1	1.316944	I:	D:
260623	261429	-	1	1.316878	I:	D:
261476	263071	-	2	1.314481	I:	D:
263236	264318	+	1	1.324128	I:	D:
264988	265971	+	1	1.324239	I:	D:
266076	267407	-	3	1.310447	I:	D:
267613	267945	-	1	1.342520	I:	D:
268056	268253	-	3	1.343350	I:	D:
268773	270302	-	3	1.313021	I:	D:
270304	271245	-	1	1.323124	I:	D:
271596	272102	-	3	1.343164	I:	D:
272182	273525	-	1	1.309614	I:	D:
273686	274171	-	2	1.311374	I:	D:
274298	274645	-	2	1.314000	I:	D:
274689	274832	-	3	1.328573	I:	D:
275141	275839	+	2	1.335888	I:	D:
275836	276375	+	1	1.301434	I:	D:
276444	279089	-	3	1.308577	I:	D:
279300	279710	+	3	1.308541	I:	D:
279971	281290	+	2	1.321157	I:	D:
281421	281879	-	3	1.278831	I:	D:
282304	282822	-	1	1.318673	I:	D:
282834	283682	-	3	1.313704	I:	D:
283679	284980	-	2	1.328015	I:	D:
284993	286159	-	2	1.310935	I:	D:
286223	286483	-	2	1.282666	I:	D:
286487	287680	-	2	1.316234	I:	D:
287826	287987	+	3	1.332333	I:	D:
288138	289001	-	3	1.304692	I:	D:
289013	290365	-	2	1.297688	I:	D:
290427	291920	+	3	1.308898	I:	D:
292335	292469	+	3	1.363899	I:	D:
292521	293789	-	3	1.328581	I:	D:
293827	294222	+	1	1.337713	I:	D:
295707	296675	+	3	1.341421	I:	D:
296653	297162	+	1	1.317892	I:	D:
297368	298012	+	2	1.303228	I:	D:
298176	299045	-	3	1.313879	I:	D:
299309	300562	+	2	1.328311	I:	D:
300656	302512	+	2	1.323370	I:	D:
302573	302854	+	2	1.310963	I:	D:
303213	304079	-	3	1.309902	I:	D:
304235	304396	-	2	1.323062	I:	D:
304415	304579	+	2	1.319370	I:	D:
304818	304949	+	3	1.408211	I:	D:
304964	306469	-	2	1.313163	I:	D:
306692	306877	-	2	1.281833	I:	D:
307162	307311	-	1	1.292674	I:	D:
307488	308252	+	3	1.333194	I:	D:
308497	309132	+	1	1.329525	I:	D:
309500	310234	-	2	1.318550	I:	D:
310799	311767	+	2	1.332941	I:	D:
311940	312848	+	3	1.329907	I:	D:
312897	313706	-	3	1.307737	I:	D:
314060	315418	+	2	1.327928	I:	D:
315582	315710	+	3	1.367781	I:	D:
315842	316507	+	2	1.298548	I:	D:
316734	317888	-	3	1.295763	I:	D:
318148	318282	-	1	1.337917	I:	D:
318333	318608	-	3	1.367075	I:	D:
318624	319136	-	3	1.320035	I:	D:
319377	320492	+	3	1.302306	I:	D:
320535	321452	+	3	1.312454	I:	D:
321493	322731	-	1	1.316533	I:	D:
322724	324367	-	2	1.288789	I:	D:
324384	327551	-	3	1.303314	I:	D:
>YA2_2832
2	142	+	2	1.311149	I:	D:
152	520	-	2	1.335795	I:	D:
728	1669	+	2	1.299409	I:	D:
1682	1936	-	2	1.350794	I:	D:
2096	2653	-	2	1.318544	I:	D:
2666	3745	-	2	1.336371	I:	D:
3988	5589	+	1	1.316021	I:	D:
5599	5751	+	1	1.340941	I:	D:
5840	6499	+	2	1.331345	I:	D:
6643	7011	-	1	1.301531	I:	D:
7191	8240	+	3	1.331897	I:	D:
8251	8850	+	1	1.281315	I:	D:
8887	10749	+	1	1.304267	I:	D:
10877	12031	+	2	1.317493	I:	D:
12177	14018	+	3	1.318492	I:	D:
14275	15045	-	1	1.291592	I:	D:
15063	15491	-	3	1.308887	I:	D:
15958	16605	+	1	1.303639	I:	D:
16648	17499	+	1	1.286133	I:	D:
17575	20154	+	1	1.306701	I:	D:
20366	21271	+	2	1.313969	I:	D:
21405	21554	+	3	1.338756	I:	D:
21551	22021	+	2	1.300770	I:	D:
>YA2_3040
340	2025	+	1	1.299680	I:	D:
2139	2735	+	3	1.298638	I:	D:
2735	3355	+	2	1.290107	I:	D:
3368	7099	+	2	1.274392	I:	D:
7112	10717	+	2	1.297778	I:	D:
10849	13317	+	1	1.278658	I:	D:
13566	14741	-	3	1.329860	I:	D:
14842	16182	-	1	1.337886	I:	D:
16201	17898	-	1	1.330460	I:	D:
18028	20967	-	1	1.338928	I:	D:
>YA2_3215
234	3230	+	3	1.287196	I:	D:
3258	4058	+	3	1.281912	I:	D:
4309	4575	-	1	1.392448	I:	D:
4651	4869	+	1	1.294115	I:	D:
4876	5208	+	1	1.360560	I:	D:
5344	5487	+	1	1.299172	I:	D:
5521	5790	+	1	1.265808	I:	D:
6167	6907	+	2	1.326145	I:	D:
6912	7244	+	3	1.340071	I:	D:
7265	7405	+	2	1.301453	I:	D:
7431	8588	+	3	1.330748	I:	D:
8707	9114	+	1	1.311525	I:	D:
9128	9664	+	2	1.303782	I:	D:
9711	10715	+	3	1.310459	I:	D:
11047	11571	+	1	1.286232	I:	D:
11776	12789	+	1	1.311707	I:	D:
12917	13231	-	2	1.311325	I:	D:
13310	14134	-	2	1.319003	I:	D:
14149	15147	-	1	1.320239	I:	D:
15128	15574	-	2	1.316885	I:	D:
15792	16904	+	3	1.319881	I:	D:
16867	17808	+	1	1.329102	I:	D:
17808	18635	+	3	1.337169	I:	D:
18635	19984	+	2	1.333600	I:	D:
>YA2_4008
245	1447	-	2	1.297219	I:	D:
1574	1735	-	2	1.273866	I:	D:
1885	3429	+	1	1.319351	I:	D:
3478	4365	-	1	1.312332	I:	D:
4448	4771	+	2	1.319071	I:	D:
4820	5017	-	2	1.315939	I:	D:
5134	7461	-	1	1.310994	I:	D:
7721	8062	+	2	1.316119	I:	D:
8101	9000	-	1	1.327248	I:	D:
9029	10411	-	2	1.302095	I:	D:
10511	11944	-	2	1.316384	I:	D:
12239	13480	-	2	1.298914	I:	D:
13481	14311	-	2	1.307397	I:	D:
14557	16347	-	1	1.297518	I:	D:
16494	17714	+	3	1.303259	I:	D:
17737	18444	+	1	1.307827	I:	D:
18515	19711	+	2	1.314018	I:	D:
19783	21531	-	1	1.318542	I:	D:
21632	23140	-	2	1.318164	I:	D:
23308	23655	-	1	1.324016	I:	D:
23648	24025	-	2	1.308892	I:	D:
24143	24532	+	2	1.303237	I:	D:
24606	25139	+	3	1.313435	I:	D:
25214	26977	+	2	1.308777	I:	D:
27012	27701	-	3	1.316230	I:	D:
27721	28143	-	1	1.320662	I:	D:
28157	29350	-	2	1.310594	I:	D:
29406	29834	-	3	1.322280	I:	D:
29851	31122	-	1	1.293222	I:	D:
31153	32625	+	1	1.305947	I:	D:
32759	33196	+	2	1.329341	I:	D:
33662	34540	+	2	1.315233	I:	D:
34584	35507	+	3	1.318894	I:	D:
35500	36390	+	1	1.310924	I:	D:
36408	37208	+	3	1.317960	I:	D:
37218	37970	+	3	1.296399	I:	D:
37983	38669	+	3	1.287606	I:	D:
38734	38865	+	1	1.340149	I:	D:
39094	39381	-	1	1.317926	I:	D:
39460	39672	-	1	1.272273	I:	D:
39924	40553	-	3	1.311820	I:	D:
40558	41436	-	1	1.291536	I:	D:
41679	43370	+	3	1.308032	I:	D:
43412	44638	-	2	1.301870	I:	D:
44736	47240	-	3	1.309058	I:	D:
47237	48319	-	2	1.329997	I:	D:
48354	49274	-	3	1.315177	I:	D:
49271	49759	-	2	1.319575	I:	D:
49752	50174	-	3	1.305733	I:	D:
50187	50594	+	3	1.281454	I:	D:
50762	51802	-	2	1.305070	I:	D:
52058	55243	-	2	1.304611	I:	D:
55236	56324	-	3	1.302759	I:	D:
56358	56894	-	3	1.298801	I:	D:
56908	57051	-	1	1.361550	I:	D:
57072	57200	+	3	1.320876	I:	D:
57338	58435	-	2	1.314213	I:	D:
58572	58961	-	3	1.339609	I:	D:
59015	59509	-	2	1.302262	I:	D:
59521	60483	-	1	1.295956	I:	D:
60561	62474	-	3	1.278947	I:	D:
62455	63696	-	1	1.287856	I:	D:
63967	64794	+	1	1.317056	I:	D:
64827	66086	-	3	1.272174	I:	D:
66284	66559	-	2	1.304842	I:	D:
66881	68191	-	2	1.309445	I:	D:
68322	69551	-	3	1.292098	I:	D:
69630	70310	-	3	1.288404	I:	D:
70330	70926	-	1	1.340012	I:	D:
70990	72438	-	1	1.315275	I:	D:
72431	73573	-	2	1.324704	I:	D:
73632	74207	-	3	1.320972	I:	D:
74273	74470	+	2	1.363446	I:	D:
74516	75238	-	2	1.291044	I:	D:
75204	75824	-	3	1.309325	I:	D:
75827	76597	-	2	1.294159	I:	D:
76584	76946	-	3	1.307285	I:	D:
76950	77861	-	3	1.333572	I:	D:
77861	78748	-	2	1.307404	I:	D:
78879	80309	-	3	1.295239	I:	D:
80459	83785	-	2	1.312212	I:	D:
83903	84724	-	2	1.312332	I:	D:
85024	85227	+	1	1.297321	I:	D:
85289	86269	-	2	1.311717	I:	D:
86427	87275	-	3	1.305325	I:	D:
87418	88677	-	1	1.297199	I:	D:
88757	89581	-	2	1.305355	I:	D:
89578	90273	-	1	1.274874	I:	D:
90387	91445	-	3	1.310812	I:	D:
91461	92654	-	3	1.306429	I:	D:
92675	93454	-	2	1.292891	I:	D:
93447	94379	-	3	1.299267	I:	D:
94392	95543	-	3	1.290657	I:	D:
95550	96260	-	3	1.289890	I:	D:
96319	97632	-	1	1.294516	I:	D:
97668	97904	-	3	1.369467	I:	D:
98143	99501	+	1	1.296728	I:	D:
99522	100526	+	3	1.303803	I:	D:
100716	102077	+	3	1.313950	I:	D:
102081	103331	+	3	1.300538	I:	D:
103409	104551	-	2	1.284848	I:	D:
104554	106515	-	1	1.319605	I:	D:
106682	108760	-	2	1.285665	I:	D:
108761	109744	-	2	1.299188	I:	D:
109758	110003	-	3	1.359950	I:	D:
110024	110812	-	2	1.317381	I:	D:
110827	111735	-	1	1.295856	I:	D:
111749	112153	-	2	1.275300	I:	D:
112131	112613	-	3	1.289208	I:	D:
112613	113581	-	2	1.307093	I:	D:
113608	113736	-	1	1.292072	I:	D:
113754	114233	-	3	1.276660	I:	D:
114279	114464	-	3	1.336862	I:	D:
114607	115509	-	1	1.298874	I:	D:
115610	116254	+	2	1.300394	I:	D:
116632	118410	-	1	1.296013	I:	D:
118417	119709	-	1	1.287643	I:	D:
120024	120923	+	3	1.307825	I:	D:
120944	121795	+	2	1.305318	I:	D:
121807	121956	+	1	1.358486	I:	D:
121997	122434	-	2	1.276990	I:	D:
122446	124680	-	1	1.300018	I:	D:
124664	125071	-	2	1.307370	I:	D:
125118	125864	-	3	1.285693	I:	D:
125877	126833	-	3	1.299345	I:	D:
126895	127200	-	1	1.307531	I:	D:
127640	127834	+	2	1.262429	I:	D:
127988	128947	+	2	1.298016	I:	D:
129060	130955	-	3	1.302396	I:	D:
131298	131507	+	3	1.352461	I:	D:
131935	132111	-	1	1.276762	I:	D:
132160	133038	-	1	1.347373	I:	D:
133194	133643	-	3	1.284344	I:	D:
133687	133827	+	1	1.309061	I:	D:
134168	135688	+	2	1.317321	I:	D:
135899	136819	-	2	1.301226	I:	D:
136933	139344	-	1	1.317389	I:	D:
139560	141119	-	3	1.299691	I:	D:
141123	142208	-	3	1.316667	I:	D:
142205	143518	-	2	1.327327	I:	D:
143951	144325	-	2	1.294644	I:	D:
144590	145384	+	2	1.296956	I:	D:
145496	146107	-	2	1.328222	I:	D:
146403	147509	+	3	1.298265	I:	D:
147506	148321	+	2	1.316406	I:	D:
148318	149136	+	1	1.315438	I:	D:
149133	150206	+	3	1.300592	I:	D:
150256	151644	-	1	1.318778	I:	D:
151843	152259	+	1	1.290932	I:	D:
152349	152819	+	3	1.315562	I:	D:
152866	153303	+	1	1.322904	I:	D:
153393	153836	+	3	1.341090	I:	D:
153851	154672	+	2	1.318008	I:	D:
154736	155401	-	2	1.308504	I:	D:
155491	156534	-	1	1.308952	I:	D:
156751	157317	+	1	1.321595	I:	D:
157366	158646	-	1	1.291671	I:	D:
158677	159324	-	1	1.300373	I:	D:
159404	160084	-	2	1.320131	I:	D:
160229	162532	+	2	1.304310	I:	D:
162689	164812	+	2	1.309282	I:	D:
165095	166018	+	2	1.304823	I:	D:
166245	166412	+	3	1.342331	I:	D:
166418	167671	-	2	1.297419	I:	D:
167686	168357	-	1	1.289733	I:	D:
168370	168987	-	1	1.304500	I:	D:
169361	170914	+	2	1.304081	I:	D:
171226	171570	-	1	1.306853	I:	D:
171754	172620	+	1	1.308787	I:	D:
172674	173261	-	3	1.283336	I:	D:
173303	173536	-	2	1.287326	I:	D:
173635	174129	-	1	1.308153	I:	D:
174571	175635	+	1	1.307631	I:	D:
175622	176314	+	2	1.307094	I:	D:
176311	177516	+	1	1.311463	I:	D:
177616	178455	-	1	1.306598	I:	D:
178593	179336	+	3	1.310672	I:	D:
179352	180608	+	3	1.320764	I:	D:
180631	181329	+	1	1.322645	I:	D:
181499	182410	+	2	1.322082	I:	D:
182471	183871	-	2	1.314415	I:	D:
184168	186705	+	1	1.298677	I:	D:
186774	187022	+	3	1.334420	I:	D:
187358	187723	-	2	1.290522	I:	D:
188056	189261	+	1	1.311937	I:	D:
189352	190266	-	1	1.322529	I:	D:
190464	193322	+	3	1.314979	I:	D:
193384	194037	-	1	1.294110	I:	D:
194246	195136	+	2	1.300882	I:	D:
195152	195769	+	2	1.320824	I:	D:
195870	196028	+	3	1.334517	I:	D:
196040	196714	+	2	1.309993	I:	D:
196776	198200	-	3	1.301243	I:	D:
198179	199642	-	2	1.314570	I:	D:
199724	200170	-	2	1.309542	I:	D:
200258	201304	+	2	1.330599	I:	D:
201520	203454	+	1	1.307306	I:	D:
203904	204062	+	3	1.333362	I:	D:
204149	204328	-	2	1.324951	I:	D:
204434	205024	+	2	1.302428	I:	D:
>YA2_4445
717	881	+	3	1.329228	I:	D:
859	1113	+	1	1.278425	I:	D:
1169	1417	+	2	1.276148	I:	D:
1455	1688	+	3	1.289244	I:	D:
2567	2923	+	2	1.310494	I:	D:
3065	4066	-	2	1.333146	I:	D:
4165	5418	+	1	1.305750	I:	D:
5433	5594	+	3	1.362463	I:	D:
5841	6308	-	3	1.329809	I:	D:
6562	8004	+	1	1.323341	I:	D:
8180	8734	+	2	1.296819	I:	D:
8783	9358	+	2	1.307541	I:	D:
9407	10927	-	2	1.340777	I:	D:
11000	11329	-	2	1.331819	I:	D:
11330	11503	-	2	1.333638	I:	D:
11607	12350	+	3	1.315452	I:	D:
12386	14032	-	2	1.335392	I:	D:
14380	14802	+	1	1.338505	I:	D:
14923	16029	+	1	1.330552	I:	D:
>YA2_4446
33	200	+	3	1.366024	I:	D:
253	1101	-	1	1.319812	I:	D:
1191	2690	-	3	1.320351	I:	D:
3068	3640	-	2	1.308121	I:	D:
3751	4788	-	1	1.303087	I:	D:
4811	4969	-	2	1.263875	I:	D:
5302	5502	-	1	1.356513	I:	D:
5969	6412	-	2	1.406590	I:	D:
6982	7161	-	1	1.348704	I:	D:
7881	8033	+	3	1.393309	I:	D:
8309	8485	+	2	1.369891	I:	D:
9461	9802	+	2	1.383811	I:	D:
9816	10145	+	3	1.427266	I:	D:
10947	11936	-	3	1.311961	I:	D:
12029	12214	+	2	1.333612	I:	D:
12284	12970	-	2	1.300506	I:	D:
13075	13500	-	1	1.296804	I:	D:
13764	14918	-	3	1.301294	I:	D:
15283	16539	-	1	1.293475	I:	D:
16602	18140	-	3	1.298907	I:	D:
18137	18727	-	2	1.304262	I:	D:
18741	19733	-	3	1.296341	I:	D:
19784	21253	-	2	1.319284	I:	D:
21229	23457	-	1	1.311121	I:	D:
23463	24143	-	3	1.314373	I:	D:
24144	24392	-	3	1.276713	I:	D:
24397	25113	-	1	1.298651	I:	D:
25386	26684	-	3	1.308999	I:	D:
26697	27851	-	3	1.308613	I:	D:
27835	28323	-	1	1.299872	I:	D:
28484	30145	-	2	1.304302	I:	D:
30396	30572	+	3	1.303501	I:	D:
30651	31691	-	3	1.316942	I:	D:
31738	32994	+	1	1.316933	I:	D:
32995	33174	+	1	1.364193	I:	D:
33205	33753	-	1	1.320404	I:	D:
33947	34324	-	2	1.334793	I:	D:
34327	35259	-	1	1.307579	I:	D:
35583	36761	-	3	1.302924	I:	D:
36871	37560	-	1	1.296518	I:	D:
37741	38373	-	1	1.305426	I:	D:
38378	38632	-	2	1.277896	I:	D:
38781	39848	+	3	1.319643	I:	D:
40109	43765	+	2	1.306433	I:	D:
44291	45487	-	2	1.318407	I:	D:
45651	46358	-	3	1.295386	I:	D:
46707	46967	-	3	1.319948	I:	D:
46997	48115	-	2	1.296117	I:	D:
48147	49430	-	3	1.360191	I:	D:
49468	50232	-	1	1.334380	I:	D:
50250	51371	-	3	1.337003	I:	D:
51378	52289	-	3	1.351217	I:	D:
52317	53087	-	3	1.342162	I:	D:
53084	53719	-	2	1.342306	I:	D:
53794	54564	-	1	1.307263	I:	D:
54598	55350	-	1	1.306409	I:	D:
55363	56220	-	1	1.311115	I:	D:
56233	57237	-	1	1.313946	I:	D:
57135	57386	+	3	1.339203	I:	D:
57489	58112	-	3	1.324889	I:	D:
58251	59399	-	3	1.303665	I:	D:
59627	60406	-	2	1.307320	I:	D:
60439	61536	-	1	1.287515	I:	D:
61558	61758	-	1	1.296613	I:	D:
61774	62649	-	1	1.307374	I:	D:
62668	63630	-	1	1.304665	I:	D:
63647	64372	-	2	1.303039	I:	D:
64636	65559	-	1	1.292921	I:	D:
65693	66895	-	2	1.304328	I:	D:
67392	68513	-	3	1.316817	I:	D:
68525	69604	-	2	1.318885	I:	D:
69770	69928	-	2	1.282054	I:	D:
70540	70737	+	1	1.352434	I:	D:
70768	72132	-	1	1.319855	I:	D:
72464	73207	-	2	1.308893	I:	D:
73209	74669	-	3	1.307009	I:	D:
75206	76462	+	2	1.303230	I:	D:
76714	77739	+	1	1.307122	I:	D:
77787	79271	-	3	1.316620	I:	D:
79453	80622	-	1	1.329636	I:	D:
80787	82091	-	3	1.302973	I:	D:
82104	82283	-	3	1.351105	I:	D:
82377	85487	-	3	1.294619	I:	D:
85484	86605	-	2	1.297701	I:	D:
86900	87040	+	2	1.311052	I:	D:
87052	88584	+	1	1.313643	I:	D:
88584	89801	+	3	1.318185	I:	D:
89831	90070	+	2	1.272266	I:	D:
90063	91358	+	3	1.314627	I:	D:
91415	92671	-	2	1.307374	I:	D:
92671	93267	-	1	1.293889	I:	D:
93526	94902	-	1	1.321112	I:	D:
94942	95133	+	1	1.373656	I:	D:
95386	96813	+	1	1.317544	I:	D:
96823	97044	-	1	1.379293	I:	D:
97084	98580	-	1	1.299499	I:	D:
98580	100121	-	3	1.307872	I:	D:
100270	100680	+	1	1.308780	I:	D:
100716	101354	-	3	1.303269	I:	D:
101357	102088	-	2	1.310962	I:	D:
102088	103002	-	1	1.313249	I:	D:
103135	103665	-	1	1.309850	I:	D:
103910	105199	-	2	1.314555	I:	D:
105409	106383	+	1	1.303466	I:	D:
106466	106615	+	2	1.354617	I:	D:
106617	107549	-	3	1.295985	I:	D:
107599	108600	-	1	1.306026	I:	D:
108594	109733	+	3	1.293628	I:	D:
109770	113603	-	3	1.297570	I:	D:
113596	117309	-	1	1.306472	I:	D:
117772	119241	-	1	1.316236	I:	D:
119384	119518	+	2	1.305893	I:	D:
119557	121680	-	1	1.293833	I:	D:
121787	122014	-	2	1.320345	I:	D:
122451	123704	+	3	1.300573	I:	D:
123694	125076	+	1	1.307093	I:	D:
125481	126149	+	3	1.314262	I:	D:
126091	127242	+	1	1.337193	I:	D:
127403	130351	+	2	1.320134	I:	D:
130464	130886	-	3	1.297695	I:	D:
130901	131380	-	2	1.312478	I:	D:
131775	133022	-	3	1.314557	I:	D:
133086	133895	-	3	1.316641	I:	D:
133918	134745	-	1	1.314984	I:	D:
134757	136064	-	3	1.313040	I:	D:
136064	137917	-	2	1.308605	I:	D:
137933	138640	-	2	1.287827	I:	D:
139023	139334	-	3	1.301631	I:	D:
139352	140551	-	2	1.313496	I:	D:
140656	142056	-	1	1.295877	I:	D:
142075	142527	-	1	1.275905	I:	D:
142531	144561	-	1	1.309270	I:	D:
144709	144945	-	1	1.316085	I:	D:
144983	145726	-	2	1.315312	I:	D:
145777	146073	-	1	1.299126	I:	D:
146278	148788	-	1	1.296337	I:	D:
148811	150763	-	2	1.304575	I:	D:
150760	151884	-	1	1.310847	I:	D:
151888	152112	-	1	1.266709	I:	D:
152394	153533	-	3	1.303863	I:	D:
153699	155009	-	3	1.304494	I:	D:
155024	155209	+	2	1.342294	I:	D:
155516	155650	+	2	1.343516	I:	D:
155671	156111	+	1	1.322731	I:	D:
156126	156959	+	3	1.319494	I:	D:
157017	157310	+	3	1.297290	I:	D:
157330	157824	+	1	1.330153	I:	D:
157978	159369	+	1	1.307662	I:	D:
159381	161303	+	3	1.306007	I:	D:
161374	162639	+	1	1.298509	I:	D:
162667	164583	+	1	1.305543	I:	D:
164584	166113	+	1	1.310729	I:	D:
166317	167864	+	3	1.306705	I:	D:
167929	168537	+	1	1.310741	I:	D:
168636	169961	+	3	1.303174	I:	D:
170014	171453	-	1	1.314086	I:	D:
171617	173422	-	2	1.293708	I:	D:
173759	174637	-	2	1.332833	I:	D:
174778	176373	-	1	1.319391	I:	D:
176477	176635	+	2	1.332810	I:	D:
176760	177770	+	3	1.305139	I:	D:
177910	178428	+	1	1.305934	I:	D:
178430	179488	+	2	1.306126	I:	D:
179500	180180	+	1	1.308141	I:	D:
180237	182318	+	3	1.310498	I:	D:
182441	182902	+	2	1.298452	I:	D:
182936	183250	-	2	1.291684	I:	D:
183425	185440	-	2	1.332945	I:	D:
185851	187080	+	1	1.306792	I:	D:
187104	188561	+	3	1.304679	I:	D:
188707	189657	+	1	1.308976	I:	D:
189771	189962	-	3	1.303041	I:	D:
190059	190586	-	3	1.308306	I:	D:
>YA2_4974
107	442	-	2	1.341949	I:	D:
534	803	-	3	1.292908	I:	D:
1149	1598	+	3	1.309383	I:	D:
1631	2794	+	2	1.327591	I:	D:
3126	3572	-	3	1.304006	I:	D:
3643	4278	-	1	1.299111	I:	D:
4445	5095	-	2	1.332399	I:	D:
5679	6893	+	3	1.310711	I:	D:
7065	8591	+	3	1.317542	I:	D:
8656	9636	-	1	1.339076	I:	D:
9802	10035	-	1	1.325550	I:	D:
10416	11555	-	3	1.331200	I:	D:
12006	13193	-	3	1.313647	I:	D:
13520	14395	-	2	1.317132	I:	D:
14520	15560	+	3	1.308986	I:	D:
15598	16662	-	1	1.307573	I:	D:
16938	17528	-	3	1.313810	I:	D:
17852	18667	-	2	1.292278	I:	D:
18683	20515	-	2	1.317060	I:	D:
20662	20973	-	1	1.277393	I:	D:
21202	23034	-	1	1.311379	I:	D:
23228	24583	-	2	1.303551	I:	D:
24641	25537	-	2	1.339540	I:	D:
25527	26381	-	3	1.313716	I:	D:
26512	27168	+	1	1.334179	I:	D:
27264	28166	-	3	1.292421	I:	D:
28292	29050	+	2	1.311476	I:	D:
29063	29596	+	2	1.314224	I:	D:
29690	31723	-	2	1.319624	I:	D:
31742	33688	-	2	1.309170	I:	D:
33896	34900	-	2	1.311710	I:	D:
35017	35535	-	1	1.308900	I:	D:
35528	35995	-	2	1.298081	I:	D:
36127	37101	-	1	1.295631	I:	D:
37113	37823	-	3	1.325721	I:	D:
37912	38559	+	1	1.342295	I:	D:
38618	39091	-	2	1.290724	I:	D:
39113	41521	-	2	1.306445	I:	D:
41580	41819	-	3	1.314134	I:	D:
41883	43433	-	3	1.317355	I:	D:
43546	44868	-	1	1.296292	I:	D:
44957	45706	-	2	1.313968	I:	D:
45800	47008	-	2	1.289794	I:	D:
47093	48106	-	2	1.326964	I:	D:
48617	48748	-	2	1.295736	I:	D:
49449	50042	+	3	1.295784	I:	D:
50096	51034	-	2	1.305868	I:	D:
51053	52042	-	2	1.317262	I:	D:
52055	52924	-	2	1.303714	I:	D:
53058	53810	-	3	1.315612	I:	D:
53811	54719	-	3	1.291210	I:	D:
54867	57719	-	3	1.316193	I:	D:
57738	59777	-	3	1.302198	I:	D:
59931	60632	-	3	1.282529	I:	D:
60677	60880	-	2	1.290321	I:	D:
60920	61321	+	2	1.319685	I:	D:
61334	61804	+	2	1.323581	I:	D:
61810	62202	+	1	1.312299	I:	D:
62278	62592	+	1	1.332582	I:	D:
62628	63284	-	3	1.301158	I:	D:
63335	65059	-	2	1.294672	I:	D:
65117	65944	-	2	1.299648	I:	D:
66095	67036	+	2	1.310153	I:	D:
67070	68005	-	2	1.306865	I:	D:
68135	69040	-	2	1.290613	I:	D:
69114	70130	-	3	1.303664	I:	D:
70131	70958	-	3	1.325372	I:	D:
70951	71925	-	1	1.316769	I:	D:
71946	72302	-	3	1.303215	I:	D:
72302	72634	-	2	1.324205	I:	D:
72694	73761	-	1	1.309420	I:	D:
73888	76254	-	1	1.309854	I:	D:
76466	77008	-	2	1.297944	I:	D:
77368	78048	-	1	1.329187	I:	D:
78014	78232	-	2	1.318657	I:	D:
78280	79362	-	1	1.331148	I:	D:
79434	80075	+	3	1.295565	I:	D:
80142	81536	-	3	1.316528	I:	D:
81505	81948	-	1	1.301705	I:	D:
82076	82348	-	2	1.295824	I:	D:
82372	84228	-	1	1.324709	I:	D:
84328	85929	-	1	1.329926	I:	D:
86067	87689	-	3	1.290001	I:	D:
87739	88047	-	1	1.274984	I:	D:
88258	88905	-	1	1.304205	I:	D:
89241	91169	+	3	1.298715	I:	D:
91233	92204	-	3	1.302267	I:	D:
92616	93602	-	3	1.316872	I:	D:
93618	94169	-	3	1.322672	I:	D:
94278	95465	-	3	1.299577	I:	D:
95504	98959	-	2	1.309641	I:	D:
99160	99924	-	1	1.310992	I:	D:
99937	100710	-	1	1.304627	I:	D:
100703	101554	-	2	1.323039	I:	D:
101551	102921	-	1	1.308976	I:	D:
102931	103365	-	1	1.298688	I:	D:
103369	103791	-	1	1.307001	I:	D:
103799	105031	-	2	1.302424	I:	D:
105041	105772	-	2	1.300534	I:	D:
105763	106695	-	1	1.298996	I:	D:
106697	106969	-	2	1.201021	I:	D:
106980	107966	-	3	1.310818	I:	D:
107971	108411	-	1	1.288064	I:	D:
108483	108938	-	3	1.309259	I:	D:
109237	110286	-	1	1.305850	I:	D:
110293	110853	-	1	1.317031	I:	D:
110837	111562	-	2	1.320250	I:	D:
111678	112676	-	3	1.306473	I:	D:
112785	113744	-	3	1.309978	I:	D:
113737	115986	-	1	1.308287	I:	D:
115988	117487	-	2	1.311852	I:	D:
117691	118452	-	1	1.310530	I:	D:
118467	119333	-	3	1.310855	I:	D:
119345	119695	-	2	1.301488	I:	D:
119714	120730	-	2	1.303120	I:	D:
120763	121083	-	1	1.292464	I:	D:
121113	121754	-	3	1.300350	I:	D:
121768	122019	-	1	1.286495	I:	D:
122029	122628	-	1	1.315303	I:	D:
122641	122949	-	1	1.255953	I:	D:
122982	124718	-	3	1.310101	I:	D:
124992	125480	-	3	1.327008	I:	D:
125747	125968	+	2	1.303299	I:	D:
126057	128228	+	3	1.312694	I:	D:
128270	129289	+	2	1.304010	I:	D:
129359	130729	-	2	1.319621	I:	D:
130856	131044	+	2	1.392306	I:	D:
131242	133881	-	1	1.317246	I:	D:
134299	134517	-	1	1.319304	I:	D:
134569	135210	-	1	1.317054	I:	D:
135389	135754	-	2	1.281515	I:	D:
135829	136335	-	1	1.278351	I:	D:
136791	138137	+	3	1.309993	I:	D:
138797	139489	-	2	1.310841	I:	D:
139584	140009	-	3	1.305271	I:	D:
140154	140705	-	3	1.301598	I:	D:
140820	140999	-	3	1.300147	I:	D:
141012	141161	-	3	1.345882	I:	D:
141222	141803	-	3	1.325219	I:	D:
141817	141987	-	1	1.340266	I:	D:
142032	142805	-	3	1.328260	I:	D:
142777	143271	-	1	1.324132	I:	D:
143261	143926	-	2	1.310333	I:	D:
143948	144571	-	2	1.340961	I:	D:
144638	145384	-	2	1.306124	I:	D:
145374	145787	-	3	1.305683	I:	D:
145789	147279	-	1	1.303146	I:	D:
147517	148152	-	1	1.333023	I:	D:
148270	149769	-	1	1.296531	I:	D:
149844	151040	-	3	1.303137	I:	D:
151087	152463	-	1	1.320246	I:	D:
152502	153062	-	3	1.294320	I:	D:
153126	153503	+	3	1.308526	I:	D:
153517	154197	+	1	1.293301	I:	D:
154300	155646	+	1	1.304281	I:	D:
155707	156570	-	1	1.323385	I:	D:
156560	157255	-	2	1.317104	I:	D:
157438	158391	-	1	1.324973	I:	D:
158500	159468	-	1	1.313550	I:	D:
159452	161335	-	2	1.315426	I:	D:
161409	161642	-	3	1.340787	I:	D:
161684	162133	-	2	1.344609	I:	D:
162138	164300	-	3	1.302457	I:	D:
164407	165237	-	1	1.298456	I:	D:
165263	166726	-	2	1.306443	I:	D:
166738	167439	-	1	1.308106	I:	D:
167584	168300	-	1	1.316949	I:	D:
168328	169980	-	1	1.324524	I:	D:
170087	171481	-	2	1.331377	I:	D:
171617	172261	-	2	1.298005	I:	D:
>YA2_5067
143	766	+	2	1.319793	I:	D:
965	1522	+	2	1.297251	I:	D:
1608	2273	-	3	1.310191	I:	D:
2374	2778	+	1	1.288739	I:	D:
2789	3115	+	2	1.322984	I:	D:
3176	3541	-	2	1.299364	I:	D:
3609	4241	+	3	1.316871	I:	D:
4247	5407	+	2	1.319187	I:	D:
5408	6670	+	2	1.331549	I:	D:
6673	6969	+	1	1.323117	I:	D:
7054	8958	+	1	1.295151	I:	D:
8980	9483	+	1	1.318034	I:	D:
9811	10320	-	1	1.307456	I:	D:
10378	11496	+	1	1.304145	I:	D:
11514	11840	+	3	1.264456	I:	D:
11981	12205	-	2	1.275805	I:	D:
12265	13056	-	1	1.321967	I:	D:
13109	14077	-	2	1.326473	I:	D:
14284	15453	+	1	1.305028	I:	D:
15489	16943	+	3	1.307206	I:	D:
16975	17961	+	1	1.312072	I:	D:
18133	18735	+	1	1.290164	I:	D:
18895	19311	+	1	1.312394	I:	D:
19380	21593	-	3	1.323053	I:	D:
21693	23651	-	3	1.318241	I:	D:
24216	25529	+	3	1.315431	I:	D:
25605	27401	+	3	1.304880	I:	D:
27458	27916	-	2	1.314035	I:	D:
28106	28600	+	2	1.327363	I:	D:
28799	29938	-	2	1.316809	I:	D:
30186	30374	+	3	1.326987	I:	D:
30452	31924	+	2	1.314644	I:	D:
32565	32894	+	3	1.322247	I:	D:
32948	34453	+	2	1.337985	I:	D:
34450	34788	+	1	1.293636	I:	D:
34823	35578	+	2	1.330940	I:	D:
36681	37334	+	3	1.322445	I:	D:
37451	38890	-	2	1.302164	I:	D:
39214	39573	-	1	1.303195	I:	D:
39852	40016	-	3	1.314055	I:	D:
40162	40368	-	1	1.309456	I:	D:
40445	41905	+	2	1.313170	I:	D:
41963	43561	+	2	1.306392	I:	D:
43597	45018	+	1	1.305486	I:	D:
45240	46274	+	3	1.298520	I:	D:
46343	47014	-	2	1.311807	I:	D:
47093	48634	-	2	1.325378	I:	D:
48647	49990	-	2	1.337614	I:	D:
50132	51577	-	2	1.318030	I:	D:
51625	51870	-	1	1.318101	I:	D:
51975	54530	+	3	1.308429	I:	D:
54554	55996	+	2	1.295324	I:	D:
56018	56899	+	2	1.296224	I:	D:
56977	58305	+	1	1.315475	I:	D:
58336	60108	+	1	1.305964	I:	D:
60607	62127	-	1	1.332260	I:	D:
62200	62529	-	1	1.323533	I:	D:
62530	62703	-	1	1.321814	I:	D:
63041	64588	-	2	1.299465	I:	D:
64802	66514	+	2	1.301711	I:	D:
66538	67539	+	1	1.306197	I:	D:
67594	68175	+	1	1.303931	I:	D:
68230	68793	+	1	1.323012	I:	D:
69093	70427	+	3	1.297975	I:	D:
70431	72206	+	3	1.307477	I:	D:
72227	72769	+	2	1.325301	I:	D:
72720	73220	+	3	1.342770	I:	D:
73357	74844	-	1	1.308478	I:	D:
75138	76304	-	3	1.327817	I:	D:
76563	76994	+	3	1.286973	I:	D:
77048	77977	-	2	1.312722	I:	D:
78082	78528	-	1	1.305937	I:	D:
78684	79547	+	3	1.321050	I:	D:
79565	80089	+	2	1.311696	I:	D:
80125	80697	+	1	1.305396	I:	D:
80730	80879	+	3	1.339614	I:	D:
81075	81386	+	3	1.358972	I:	D:
81917	83290	+	2	1.322785	I:	D:
83345	84778	-	2	1.315192	I:	D:
84859	85599	-	1	1.327480	I:	D:
85606	86241	-	1	1.319359	I:	D:
86376	87104	+	3	1.308145	I:	D:
87115	87918	+	1	1.289426	I:	D:
88213	90612	+	1	1.320913	I:	D:
90793	91455	+	1	1.314924	I:	D:
91591	93318	+	1	1.323147	I:	D:
93407	93865	-	2	1.318467	I:	D:
94001	94408	+	2	1.320064	I:	D:
94412	94879	+	2	1.295350	I:	D:
95116	95973	-	1	1.304453	I:	D:
95977	96393	-	1	1.314836	I:	D:
96533	97492	+	2	1.313915	I:	D:
97570	98112	-	1	1.297693	I:	D:
98114	98740	-	2	1.284026	I:	D:
98740	99303	-	1	1.309631	I:	D:
99815	101824	-	2	1.362109	I:	D:
102149	102553	-	2	1.348186	I:	D:
102588	103178	-	3	1.292796	I:	D:
103205	103462	-	2	1.283193	I:	D:
103743	104738	+	3	1.320135	I:	D:
104909	105268	-	2	1.301654	I:	D:
105313	105966	-	1	1.339856	I:	D:
105967	107352	-	1	1.314453	I:	D:
107352	107930	-	3	1.312522	I:	D:
107945	108106	+	2	1.361541	I:	D:
108365	109381	+	2	1.326977	I:	D:
109431	110390	-	3	1.303692	I:	D:
110571	111578	+	3	1.303617	I:	D:
111620	111946	-	2	1.285466	I:	D:
111962	112630	-	2	1.303226	I:	D:
112773	114971	-	3	1.324550	I:	D:
115035	115295	-	3	1.313902	I:	D:
115425	116081	+	3	1.313474	I:	D:
116160	117626	-	3	1.318671	I:	D:
117691	119094	-	1	1.319166	I:	D:
119277	120197	-	3	1.315114	I:	D:
120320	121225	+	2	1.321480	I:	D:
121256	122035	+	2	1.320098	I:	D:
122040	122357	+	3	1.288489	I:	D:
122602	123522	+	1	1.305627	I:	D:
123574	123969	+	1	1.297266	I:	D:
123983	125341	+	2	1.331224	I:	D:
125454	126692	-	3	1.334913	I:	D:
126952	128280	+	1	1.313825	I:	D:
128357	128728	-	2	1.307828	I:	D:
128839	129708	+	1	1.299456	I:	D:
129769	130545	-	1	1.301650	I:	D:
130538	131437	-	2	1.324038	I:	D:
131434	132600	-	1	1.319058	I:	D:
132777	134006	+	3	1.320581	I:	D:
133987	134424	+	1	1.320945	I:	D:
134519	135718	-	2	1.346241	I:	D:
135805	136314	-	1	1.308627	I:	D:
136483	138030	+	1	1.304241	I:	D:
138228	139172	+	3	1.310918	I:	D:
139248	140576	-	3	1.321328	I:	D:
140779	141864	+	1	1.298715	I:	D:
141898	142890	-	1	1.311246	I:	D:
143183	145273	-	2	1.327575	I:	D:
145400	145837	+	2	1.313535	I:	D:
145856	146152	+	2	1.298088	I:	D:
146217	147614	+	3	1.304124	I:	D:
147706	149667	+	1	1.311714	I:	D:
149842	151569	+	1	1.320737	I:	D:
151711	152376	-	1	1.289315	I:	D:
152425	152559	-	1	1.314460	I:	D:
>YA2_5148
449	697	-	2	1.319411	I:	D:
777	1796	-	3	1.308996	I:	D:
1801	2823	-	1	1.310404	I:	D:
2826	4058	-	3	1.319874	I:	D:
4193	5926	-	2	1.302856	I:	D:
5928	6203	-	3	1.299976	I:	D:
6325	6513	-	1	1.288037	I:	D:
6795	9050	+	3	1.300974	I:	D:
9127	9729	-	1	1.319509	I:	D:
9918	10628	+	3	1.309531	I:	D:
10675	11448	+	1	1.303265	I:	D:
>YA2_5304
328	2094	+	1	1.310812	I:	D:
2219	3460	-	2	1.323443	I:	D:
3463	5124	-	1	1.318227	I:	D:
5293	6111	+	1	1.319030	I:	D:
6154	6603	-	1	1.316585	I:	D:
7243	8049	+	1	1.315259	I:	D:
8299	9279	+	1	1.321066	I:	D:
9327	9923	-	3	1.341401	I:	D:
>YA2_5308
48	443	-	3	1.304926	I:	D:
995	5326	+	2	1.355081	I:	D:
5339	6577	+	2	1.312814	I:	D:
6664	8148	+	1	1.312693	I:	D:
8138	9616	+	2	1.319203	I:	D:
9621	10502	+	3	1.314787	I:	D:
10499	12877	+	2	1.310487	I:	D:
12920	13132	+	2	1.315161	I:	D:
13555	14565	+	1	1.307502	I:	D:
14720	14929	-	2	1.383467	I:	D:
15282	16667	-	3	1.329292	I:	D:
16858	17013	+	1	1.375365	I:	D:
17091	17588	+	3	1.297133	I:	D:
17591	20551	+	2	1.305699	I:	D:
20652	21476	-	3	1.324201	I:	D:
21747	22073	-	3	1.319259	I:	D:
22074	23213	-	3	1.322968	I:	D:
23452	24168	+	1	1.336218	I:	D:
24402	24788	+	3	1.325152	I:	D:
24865	31161	+	1	1.310367	I:	D:
31413	32087	+	3	1.344968	I:	D:
32202	32654	+	3	1.325569	I:	D:
32829	33203	+	3	1.360975	I:	D:
33245	33859	+	2	1.343694	I:	D:
33881	34741	-	2	1.333899	I:	D:
34738	35604	-	1	1.330074	I:	D:
35758	36210	-	1	1.341359	I:	D:
36512	36661	+	2	1.342856	I:	D:
36703	38040	-	1	1.330229	I:	D:
38046	39743	-	3	1.318742	I:	D:
39901	40887	+	1	1.327206	I:	D:
41044	42336	+	1	1.327104	I:	D:
42317	42634	+	2	1.372659	I:	D:
42631	43107	+	1	1.310725	I:	D:
43411	44058	+	1	1.321473	I:	D:
44584	45084	-	1	1.295624	I:	D:
45345	47561	+	3	1.307353	I:	D:
48039	48770	+	3	1.302728	I:	D:
48757	49773	+	1	1.324095	I:	D:
49779	50210	+	3	1.291577	I:	D:
50182	51546	+	1	1.306138	I:	D:
51575	52336	+	2	1.302519	I:	D:
52373	53614	+	2	1.316216	I:	D:
53786	54226	+	2	1.299795	I:	D:
54289	55500	+	1	1.325014	I:	D:
55550	56230	-	2	1.310020	I:	D:
56251	56892	-	1	1.304263	I:	D:
56902	57699	-	1	1.308070	I:	D:
57702	58490	-	3	1.300355	I:	D:
58900	60204	+	1	1.314368	I:	D:
60271	61179	+	1	1.305263	I:	D:
61330	61980	+	1	1.322444	I:	D:
62111	63157	-	2	1.296276	I:	D:
63769	64869	+	1	1.313052	I:	D:
65072	66232	-	2	1.300236	I:	D:
66464	67987	+	2	1.326689	I:	D:
68006	69346	+	2	1.318014	I:	D:
69487	70494	+	1	1.328927	I:	D:
70610	71326	+	2	1.300736	I:	D:
71336	73909	+	2	1.319324	I:	D:
74800	75105	+	1	1.319206	I:	D:
75261	75416	+	3	1.283892	I:	D:
75651	76649	-	3	1.300716	I:	D:
77049	77510	+	3	1.309530	I:	D:
77568	79082	-	3	1.314793	I:	D:
79205	80191	-	2	1.300553	I:	D:
80246	80404	-	2	1.353345	I:	D:
80398	81282	+	1	1.325841	I:	D:
81417	82199	+	3	1.322580	I:	D:
82590	82778	+	3	1.390343	I:	D:
83000	83137	+	2	1.329313	I:	D:
83239	84024	-	1	1.321789	I:	D:
84017	84655	-	2	1.322159	I:	D:
84802	85197	+	1	1.319671	I:	D:
85214	85588	+	2	1.310041	I:	D:
85725	86081	+	3	1.341705	I:	D:
86134	86301	-	1	1.334250	I:	D:
86352	87482	-	3	1.322818	I:	D:
87600	89105	-	3	1.309989	I:	D:
89302	91107	+	1	1.305785	I:	D:
91182	91967	+	3	1.315863	I:	D:
91973	92176	+	2	1.317124	I:	D:
92272	93210	-	1	1.302324	I:	D:
93443	93580	+	2	1.328944	I:	D:
93599	94111	-	2	1.300178	I:	D:
94084	94347	-	1	1.306633	I:	D:
94631	95569	+	2	1.310992	I:	D:
95846	96145	+	2	1.333065	I:	D:
96450	97145	+	3	1.319355	I:	D:
97155	97907	+	3	1.310780	I:	D:
97933	98718	+	1	1.308682	I:	D:
98994	100769	+	3	1.320976	I:	D:
100769	101506	+	2	1.311788	I:	D:
101780	102241	+	2	1.291128	I:	D:
102273	103007	+	3	1.318126	I:	D:
103029	104009	+	3	1.303266	I:	D:
104161	105252	+	1	1.309863	I:	D:
105255	106232	+	3	1.297716	I:	D:
106251	107582	+	3	1.300311	I:	D:
107589	108992	+	3	1.295922	I:	D:
109020	110039	+	3	1.308175	I:	D:
110174	111298	+	2	1.326033	I:	D:
111393	112472	-	3	1.301680	I:	D:
112593	112745	-	3	1.337168	I:	D:
112890	113408	+	3	1.314607	I:	D:
