>YA1_908
2	136	+	2	1.383837	I:	D:
157	753	-	1	1.234144	I:	D:
1039	2034	+	1	1.319482	I:	D:
2251	2421	+	1	1.369389	I:	D:
2424	2603	+	3	1.233051	I:	D:
2617	2847	+	1	1.304807	I:	D:
2885	3205	+	2	1.350703	I:	D:
3211	5727	+	1	1.339105	I:	D:
5793	6785	-	3	1.311867	I:	D:
6751	6891	-	1	1.345599	I:	D:
6922	9105	-	1	1.317853	I:	D:
9108	9632	-	3	1.288208	I:	D:
9539	9772	-	2	1.360147	I:	D:
10084	10293	+	1	1.360430	I:	D:
10271	10927	+	2	1.324452	I:	D:
11002	12285	+	1	1.351719	I:	D:
12655	12870	+	1	1.362749	I:	D:
12940	14307	-	1	1.350929	I:	D:
14553	15998	-	3	1.244957	I:	D:
15999	16304	-	3	1.239581	I:	D:
16308	17453	-	3	1.265037	I:	D:
17690	19726	+	2	1.288250	I:	D:
19930	20928	-	1	1.283440	I:	D:
20921	22342	-	2	1.282862	I:	D:
22392	22937	-	3	1.297368	I:	D:
22934	24073	-	2	1.302378	I:	D:
24113	24448	-	2	1.269907	I:	D:
24533	25384	-	2	1.300482	I:	D:
25605	26471	+	3	1.290300	I:	D:
26619	27863	+	3	1.284495	I:	D:
28060	28647	-	1	1.293067	I:	D:
28791	29342	-	3	1.292804	I:	D:
29348	30622	-	2	1.281085	I:	D:
30619	31398	-	1	1.253579	I:	D:
31417	32640	-	1	1.292739	I:	D:
32646	34142	-	3	1.285554	I:	D:
34323	36005	-	3	1.328316	I:	D:
36152	37813	-	2	1.265010	I:	D:
37946	43204	-	2	1.271209	I:	D:
43611	44060	-	3	1.279794	I:	D:
44080	45708	-	1	1.295454	I:	D:
45716	46909	-	2	1.298467	I:	D:
46930	47427	+	1	1.322080	I:	D:
47430	48614	-	3	1.295852	I:	D:
48611	49084	-	2	1.352466	I:	D:
49095	51773	-	3	1.258131	I:	D:
51863	52099	-	2	1.279732	I:	D:
52099	52482	-	1	1.279924	I:	D:
52578	53261	-	3	1.315264	I:	D:
53306	53671	+	2	1.316768	I:	D:
53799	54425	-	3	1.270485	I:	D:
54704	55540	-	2	1.302901	I:	D:
55540	56754	-	1	1.280783	I:	D:
56761	57159	-	1	1.246596	I:	D:
57280	59997	-	1	1.309133	I:	D:
60128	60709	+	2	1.264529	I:	D:
60767	62158	+	2	1.269247	I:	D:
62269	64104	-	1	1.331711	I:	D:
64383	65612	-	3	1.245191	I:	D:
65701	67371	-	1	1.273779	I:	D:
67569	70046	-	3	1.263169	I:	D:
70503	72065	+	3	1.255746	I:	D:
>YA1_2103
527	970	+	2	1.331014	I:	D:
967	1335	+	1	1.306724	I:	D:
1421	1834	+	2	1.287847	I:	D:
2396	3523	+	2	1.258165	I:	D:
3714	4463	+	3	1.317471	I:	D:
4561	4821	-	1	1.275687	I:	D:
4978	6858	+	1	1.265923	I:	D:
6858	8063	+	3	1.310127	I:	D:
8217	9014	-	3	1.280475	I:	D:
9031	10530	-	1	1.307142	I:	D:
10527	11651	-	3	1.300574	I:	D:
11697	13130	-	3	1.295728	I:	D:
13304	18001	+	2	1.250704	I:	D:
18003	19550	+	3	1.268069	I:	D:
19749	20210	+	3	1.283534	I:	D:
20447	21703	+	2	1.266216	I:	D:
21809	22660	+	2	1.276628	I:	D:
22772	23827	+	2	1.290992	I:	D:
23919	24476	+	3	1.280981	I:	D:
24731	25951	+	2	1.299860	I:	D:
25726	26496	+	1	1.319559	I:	D:
26789	27022	+	2	1.379658	I:	D:
27019	27348	+	1	1.313560	I:	D:
27350	27841	+	2	1.320530	I:	D:
27914	28309	-	2	1.290484	I:	D:
28341	29198	-	3	1.267600	I:	D:
29315	29707	-	2	1.315258	I:	D:
29834	30079	+	2	1.291589	I:	D:
30230	30970	-	2	1.321972	I:	D:
30997	31755	+	1	1.288768	I:	D:
32150	32605	+	2	1.323457	I:	D:
32849	33643	+	2	1.293737	I:	D:
33643	34167	+	1	1.336683	I:	D:
34167	34400	+	3	1.335749	I:	D:
34403	34603	+	2	1.256149	I:	D:
34605	34829	+	3	1.276491	I:	D:
34942	35721	+	1	1.299309	I:	D:
35723	36280	+	2	1.277094	I:	D:
36280	36498	+	1	1.352175	I:	D:
36495	37409	+	3	1.344428	I:	D:
37406	37597	+	2	1.272372	I:	D:
37594	37998	+	1	1.297744	I:	D:
37995	38573	+	3	1.319085	I:	D:
38638	38889	+	1	1.299043	I:	D:
38933	39412	+	2	1.357690	I:	D:
39725	39949	+	2	1.343600	I:	D:
40020	40880	+	3	1.330740	I:	D:
41106	41234	+	3	1.374508	I:	D:
41317	41652	+	1	1.340275	I:	D:
41785	42213	+	1	1.316291	I:	D:
42191	43624	+	2	1.284415	I:	D:
43624	45138	+	1	1.283836	I:	D:
45077	46366	+	2	1.322965	I:	D:
46438	47172	+	1	1.291153	I:	D:
47200	48081	+	1	1.240099	I:	D:
48090	48449	+	3	1.275250	I:	D:
48452	48850	+	2	1.280056	I:	D:
48850	49173	+	1	1.279189	I:	D:
49176	49412	+	3	1.315374	I:	D:
49409	49807	+	2	1.291638	I:	D:
49863	50483	+	3	1.253314	I:	D:
50570	50950	+	2	1.281592	I:	D:
50767	51300	+	1	1.312446	I:	D:
51343	54105	+	1	1.280551	I:	D:
54260	54919	+	2	1.263134	I:	D:
54910	56817	+	1	1.255201	I:	D:
56828	57061	+	2	1.304216	I:	D:
57063	57920	+	3	1.296036	I:	D:
58214	58480	-	2	1.283822	I:	D:
58528	59388	-	1	1.324795	I:	D:
59473	59784	+	1	1.295034	I:	D:
59781	60965	+	3	1.259061	I:	D:
60962	61501	+	2	1.340373	I:	D:
61618	62076	+	1	1.280333	I:	D:
62099	63037	+	2	1.295609	I:	D:
63124	64398	+	1	1.281138	I:	D:
64427	64666	+	2	1.244672	I:	D:
65010	67316	+	3	1.246192	I:	D:
67346	68185	+	2	1.289574	I:	D:
68195	71371	+	2	1.299322	I:	D:
71581	72594	+	1	1.275541	I:	D:
72594	73019	+	3	1.260096	I:	D:
73023	74441	+	3	1.286374	I:	D:
74441	75403	+	2	1.272278	I:	D:
75479	76297	+	2	1.280588	I:	D:
76299	77249	+	3	1.261135	I:	D:
77278	77973	+	1	1.238095	I:	D:
78090	79013	-	3	1.267384	I:	D:
79023	79232	-	3	1.353246	I:	D:
79343	81871	-	2	1.279272	I:	D:
82023	82436	+	3	1.401296	I:	D:
82458	83027	+	3	1.349565	I:	D:
83101	83586	-	1	1.336644	I:	D:
83621	84742	-	2	1.278512	I:	D:
84777	84971	-	3	1.382143	I:	D:
85022	85675	+	2	1.300103	I:	D:
85966	86268	+	1	1.303670	I:	D:
86280	87050	+	3	1.330713	I:	D:
87276	87911	-	3	1.286076	I:	D:
88004	89779	-	2	1.288217	I:	D:
89861	90574	+	2	1.261173	I:	D:
90911	91372	-	2	1.291938	I:	D:
91398	91535	-	3	1.332699	I:	D:
91696	92058	+	1	1.301952	I:	D:
92173	93984	+	1	1.283091	I:	D:
94124	95656	-	2	1.287844	I:	D:
95812	97032	-	1	1.265575	I:	D:
97179	98297	+	3	1.246313	I:	D:
98449	99039	+	1	1.307584	I:	D:
99307	99744	-	1	1.330769	I:	D:
100041	101423	+	3	1.263919	I:	D:
101426	101833	+	2	1.250145	I:	D:
101942	102673	+	2	1.291251	I:	D:
102787	103917	+	1	1.346751	I:	D:
103990	104418	-	1	1.390570	I:	D:
104505	105767	+	3	1.317000	I:	D:
106258	106662	+	1	1.259393	I:	D:
106721	106975	+	2	1.388148	I:	D:
106979	108655	+	2	1.284350	I:	D:
108680	109672	+	2	1.336838	I:	D:
109545	110393	+	3	1.290213	I:	D:
110635	111585	+	1	1.268374	I:	D:
111498	112472	+	3	1.312734	I:	D:
112567	115539	+	1	1.250612	I:	D:
115714	116502	+	1	1.319229	I:	D:
116499	118250	+	3	1.318010	I:	D:
118284	119261	+	3	1.304908	I:	D:
119263	119895	+	1	1.295402	I:	D:
119970	120779	+	3	1.275717	I:	D:
120789	121364	+	3	1.298099	I:	D:
121413	122456	+	3	1.285870	I:	D:
122873	123613	+	2	1.318082	I:	D:
123932	124882	+	2	1.290699	I:	D:
125044	125733	-	1	1.325183	I:	D:
126174	126638	+	3	1.312422	I:	D:
126697	127743	+	1	1.272031	I:	D:
127795	128562	+	1	1.292126	I:	D:
128676	129806	-	3	1.258016	I:	D:
129956	130408	+	2	1.307914	I:	D:
130505	131533	+	2	1.289212	I:	D:
131591	131773	-	2	1.350446	I:	D:
132002	132718	+	2	1.265266	I:	D:
132823	133725	+	1	1.291453	I:	D:
133976	134848	+	2	1.272887	I:	D:
134994	135770	+	3	1.309153	I:	D:
135763	137181	+	1	1.322454	I:	D:
137306	138298	-	2	1.289534	I:	D:
138394	138576	+	1	1.370395	I:	D:
138609	140210	-	3	1.273006	I:	D:
140437	141042	+	1	1.293433	I:	D:
141066	141443	+	3	1.324505	I:	D:
142196	143845	+	2	1.294170	I:	D:
143848	144630	+	1	1.266571	I:	D:
144630	148088	+	3	1.294152	I:	D:
148092	149294	+	3	1.354806	I:	D:
149374	152361	+	1	1.300722	I:	D:
152358	154667	+	3	1.313472	I:	D:
154734	155678	+	3	1.317423	I:	D:
155678	156610	+	2	1.317622	I:	D:
156760	157710	+	1	1.273316	I:	D:
157840	159045	+	1	1.241828	I:	D:
159174	159968	+	3	1.313845	I:	D:
160084	160341	+	1	1.254890	I:	D:
160362	161288	+	3	1.331798	I:	D:
161457	162992	+	3	1.311921	I:	D:
163097	163318	+	2	1.277045	I:	D:
163336	163953	+	1	1.300734	I:	D:
163992	164219	+	3	1.319561	I:	D:
164303	164563	+	2	1.325003	I:	D:
164652	165755	-	3	1.250546	I:	D:
165848	167956	-	2	1.258729	I:	D:
168349	169482	+	1	1.318672	I:	D:
169536	170684	+	3	1.296932	I:	D:
170851	171642	-	1	1.318811	I:	D:
171842	172726	+	2	1.261223	I:	D:
172823	173614	-	2	1.339943	I:	D:
174021	174215	-	3	1.404839	I:	D:
174223	174585	+	1	1.341568	I:	D:
174653	174826	+	2	1.314700	I:	D:
174835	175098	+	1	1.329195	I:	D:
175168	175395	+	1	1.310488	I:	D:
175478	175918	+	2	1.332302	I:	D:
176017	176640	+	1	1.340453	I:	D:
176746	177114	+	1	1.339625	I:	D:
177465	178187	-	3	1.301697	I:	D:
178299	178646	-	3	1.301766	I:	D:
178742	181342	-	2	1.314272	I:	D:
181363	181680	-	1	1.360489	I:	D:
181694	183604	-	2	1.316979	I:	D:
183751	185181	-	1	1.304864	I:	D:
185550	185972	+	3	1.327555	I:	D:
186076	188205	-	1	1.295244	I:	D:
188202	188975	-	3	1.294326	I:	D:
189086	190024	+	2	1.292422	I:	D:
190343	191971	-	2	1.276368	I:	D:
191919	193268	-	3	1.334745	I:	D:
193304	194227	-	2	1.275680	I:	D:
194229	195422	-	3	1.290289	I:	D:
195473	196096	-	2	1.313506	I:	D:
196171	196569	-	1	1.259813	I:	D:
196626	197699	-	3	1.320511	I:	D:
197711	198328	-	2	1.336016	I:	D:
198373	198954	-	1	1.311125	I:	D:
198961	199716	-	1	1.261188	I:	D:
199832	200494	-	2	1.313370	I:	D:
200603	202636	-	2	1.267121	I:	D:
202793	203620	-	2	1.323761	I:	D:
203627	203959	-	2	1.307408	I:	D:
203959	204930	-	1	1.331961	I:	D:
204936	205538	-	3	1.321793	I:	D:
205552	206403	-	1	1.294247	I:	D:
206449	206712	-	1	1.254287	I:	D:
206745	207410	-	3	1.280195	I:	D:
207445	208479	-	1	1.305235	I:	D:
208523	209404	-	2	1.291806	I:	D:
209422	211515	-	1	1.297871	I:	D:
211561	213117	-	1	1.303589	I:	D:
213114	213521	-	3	1.321995	I:	D:
213590	214360	-	2	1.298806	I:	D:
214480	215661	-	1	1.324704	I:	D:
215679	216668	-	3	1.307346	I:	D:
216717	217271	-	3	1.247831	I:	D:
217322	218071	-	2	1.285337	I:	D:
218257	219108	-	1	1.238987	I:	D:
219184	220170	-	1	1.259441	I:	D:
220276	220761	-	1	1.325903	I:	D:
220764	222809	-	3	1.304372	I:	D:
222913	223566	-	1	1.368314	I:	D:
223948	224142	+	1	1.394213	I:	D:
224272	225345	-	1	1.285973	I:	D:
225385	226131	-	1	1.303487	I:	D:
226128	226709	-	3	1.276231	I:	D:
226706	228019	-	2	1.283620	I:	D:
228173	229636	-	2	1.277756	I:	D:
229741	231228	+	1	1.267524	I:	D:
231350	232654	+	2	1.315828	I:	D:
232858	233463	-	1	1.302560	I:	D:
233629	234513	-	1	1.325022	I:	D:
234569	235267	-	2	1.309457	I:	D:
235458	236396	+	3	1.290590	I:	D:
236484	237599	-	3	1.296144	I:	D:
237649	237795	+	1	1.364103	I:	D:
237818	238030	+	2	1.339892	I:	D:
238599	239132	+	3	1.335114	I:	D:
239334	239558	+	3	1.297661	I:	D:
239606	240163	+	2	1.294615	I:	D:
240315	242234	-	3	1.310870	I:	D:
242568	242846	+	3	1.366775	I:	D:
242843	243088	+	2	1.275029	I:	D:
243122	243250	+	2	1.386892	I:	D:
243276	243407	+	3	1.317757	I:	D:
243717	244094	+	3	1.284106	I:	D:
244091	245023	+	2	1.295038	I:	D:
245020	245736	+	1	1.284972	I:	D:
245832	246491	-	3	1.285588	I:	D:
246524	248230	-	2	1.285364	I:	D:
248239	249177	-	1	1.298837	I:	D:
249446	250909	+	2	1.282549	I:	D:
250997	251650	+	2	1.259378	I:	D:
251770	252531	-	1	1.298573	I:	D:
252563	253588	-	2	1.276985	I:	D:
253604	255367	-	2	1.266734	I:	D:
255452	256759	-	2	1.266602	I:	D:
256930	258774	+	1	1.304884	I:	D:
258872	259675	-	2	1.320072	I:	D:
259688	260197	-	2	1.347659	I:	D:
260230	261717	-	1	1.255414	I:	D:
261828	263066	-	3	1.257963	I:	D:
263162	263677	-	2	1.262669	I:	D:
263677	264645	-	1	1.252597	I:	D:
264695	265990	-	2	1.277935	I:	D:
265980	266936	-	3	1.283006	I:	D:
266947	268119	-	1	1.290767	I:	D:
268116	269210	-	3	1.311345	I:	D:
269356	270084	-	1	1.319734	I:	D:
270109	272718	-	1	1.264379	I:	D:
272726	273793	-	2	1.243325	I:	D:
273859	274731	-	1	1.302983	I:	D:
274862	275002	+	2	1.326377	I:	D:
275288	275830	+	2	1.286132	I:	D:
275982	276185	+	3	1.338977	I:	D:
276422	276601	-	2	1.349551	I:	D:
276952	277581	+	1	1.325609	I:	D:
277594	277980	-	1	1.375822	I:	D:
278082	278252	+	3	1.345773	I:	D:
278403	279839	-	3	1.255428	I:	D:
279934	280107	+	1	1.359309	I:	D:
280188	280970	-	3	1.264203	I:	D:
281075	282556	-	2	1.297813	I:	D:
282663	283265	-	3	1.271588	I:	D:
283417	284784	+	1	1.272301	I:	D:
284918	285760	-	2	1.307068	I:	D:
285762	287267	-	3	1.301947	I:	D:
287362	287973	-	1	1.282899	I:	D:
288254	289423	-	2	1.287842	I:	D:
289469	292198	-	2	1.307189	I:	D:
292270	295593	-	1	1.292096	I:	D:
295702	297888	+	1	1.319211	I:	D:
298027	299688	+	1	1.288787	I:	D:
299791	300600	+	1	1.281935	I:	D:
300678	301880	-	3	1.288176	I:	D:
301998	302765	-	3	1.262114	I:	D:
303008	304030	-	2	1.257676	I:	D:
304241	305008	+	2	1.262126	I:	D:
305134	305439	-	1	1.235537	I:	D:
305511	307880	-	3	1.301638	I:	D:
307974	308618	-	3	1.271886	I:	D:
308974	312816	-	1	1.306284	I:	D:
312838	313128	-	1	1.338901	I:	D:
313137	313892	-	3	1.297829	I:	D:
313918	314910	-	1	1.292968	I:	D:
314964	315335	-	3	1.289176	I:	D:
315461	316192	-	2	1.299689	I:	D:
316401	316715	-	3	1.329984	I:	D:
316838	318865	-	2	1.308242	I:	D:
318986	319774	-	2	1.399004	I:	D:
320366	322576	-	2	1.298368	I:	D:
322619	325264	-	2	1.311030	I:	D:
325257	326795	-	3	1.329393	I:	D:
326785	328551	-	1	1.398766	I:	D:
328538	332140	-	2	1.329375	I:	D:
332137	335796	-	1	1.287381	I:	D:
335880	336587	-	3	1.322353	I:	D:
336605	337291	-	2	1.344329	I:	D:
337494	337658	+	3	1.358003	I:	D:
337828	338013	+	1	1.280805	I:	D:
338138	338950	+	2	1.309605	I:	D:
339024	339296	+	3	1.331551	I:	D:
339377	339589	-	2	1.309390	I:	D:
339619	339780	+	1	1.333034	I:	D:
340123	341220	-	1	1.398284	I:	D:
341291	341899	-	2	1.405423	I:	D:
342052	343599	-	1	1.396400	I:	D:
344267	345184	-	2	1.431480	I:	D:
346694	347467	-	2	1.349043	I:	D:
347591	348340	+	2	1.329742	I:	D:
348450	349811	-	3	1.228190	I:	D:
349864	351159	-	1	1.303596	I:	D:
351152	351784	-	2	1.372078	I:	D:
351978	352859	-	3	1.301153	I:	D:
352979	355354	-	2	1.263416	I:	D:
355545	355739	-	3	1.299890	I:	D:
355786	357483	-	1	1.290165	I:	D:
357561	358709	-	3	1.280137	I:	D:
358842	359642	+	3	1.297910	I:	D:
359839	360684	+	1	1.246570	I:	D:
360772	361590	+	1	1.252836	I:	D:
361592	362272	+	2	1.248908	I:	D:
362435	362644	+	2	1.367215	I:	D:
362775	363185	+	3	1.317047	I:	D:
363254	363400	+	2	1.314911	I:	D:
363431	363643	-	2	1.376631	I:	D:
363689	364402	-	2	1.301296	I:	D:
364490	364693	-	2	1.295785	I:	D:
364948	365472	-	1	1.292764	I:	D:
365531	365719	+	2	1.336188	I:	D:
365748	366314	-	3	1.324333	I:	D:
366589	367431	-	1	1.296891	I:	D:
367428	368444	-	3	1.304658	I:	D:
368623	369633	+	1	1.272700	I:	D:
369811	370869	+	1	1.280729	I:	D:
371038	372798	-	1	1.276384	I:	D:
373198	374544	-	1	1.275266	I:	D:
374879	375583	-	2	1.284654	I:	D:
375713	376093	+	2	1.264790	I:	D:
376300	376659	+	1	1.293242	I:	D:
376682	377080	+	2	1.292360	I:	D:
377086	377337	-	1	1.328568	I:	D:
377349	377900	-	3	1.392581	I:	D:
377918	378115	+	2	1.383116	I:	D:
378140	378598	+	2	1.400427	I:	D:
379281	379862	+	3	1.387000	I:	D:
380643	380933	+	3	1.395581	I:	D:
380998	381213	-	1	1.361273	I:	D:
381239	381583	-	2	1.367376	I:	D:
382319	382468	-	2	1.363435	I:	D:
382836	383234	+	3	1.392145	I:	D:
383658	384119	+	3	1.377086	I:	D:
384298	387294	-	1	1.259709	I:	D:
387369	387530	+	3	1.348332	I:	D:
387701	390832	+	2	1.273901	I:	D:
391157	392065	+	2	1.275160	I:	D:
392253	392570	+	3	1.322198	I:	D:
392609	392896	+	2	1.339908	I:	D:
393386	394696	-	2	1.258570	I:	D:
394776	395777	+	3	1.272130	I:	D:
396163	397572	-	1	1.272402	I:	D:
397646	397828	+	2	1.401348	I:	D:
397936	399063	-	1	1.256122	I:	D:
399347	400099	+	2	1.309886	I:	D:
400096	401547	+	1	1.289708	I:	D:
401577	402704	-	3	1.291513	I:	D:
402782	404176	-	2	1.284563	I:	D:
404218	404559	-	1	1.318768	I:	D:
404616	405065	-	3	1.386129	I:	D:
405068	405814	-	2	1.339126	I:	D:
405849	406832	-	3	1.326940	I:	D:
406903	408507	-	1	1.304308	I:	D:
408572	416803	-	2	1.288204	I:	D:
417273	417830	-	3	1.256946	I:	D:
417823	420252	-	1	1.254286	I:	D:
420485	421108	-	2	1.324912	I:	D:
421116	421373	+	3	1.368632	I:	D:
421391	421828	+	2	1.335100	I:	D:
422071	422706	-	1	1.322340	I:	D:
422719	424005	-	1	1.328587	I:	D:
423939	425378	-	3	1.327996	I:	D:
425602	426078	-	1	1.292961	I:	D:
426231	426515	-	3	1.283252	I:	D:
426818	426982	-	2	1.316902	I:	D:
426979	427128	-	1	1.315520	I:	D:
427113	428513	+	3	1.288332	I:	D:
428731	430497	-	1	1.295169	I:	D:
430601	431167	-	2	1.297076	I:	D:
431274	431663	-	3	1.381417	I:	D:
431681	431878	+	2	1.383116	I:	D:
431903	432361	+	2	1.400427	I:	D:
433044	433625	+	3	1.387000	I:	D:
434406	434696	+	3	1.395581	I:	D:
434761	434976	-	1	1.361273	I:	D:
435002	435346	-	2	1.367376	I:	D:
436082	436231	-	2	1.363435	I:	D:
436599	436997	+	3	1.392145	I:	D:
437290	437673	-	1	1.312865	I:	D:
437649	438032	-	3	1.304318	I:	D:
438155	438910	+	2	1.295106	I:	D:
439157	440422	-	2	1.257524	I:	D:
440638	442458	-	1	1.271800	I:	D:
442860	443744	-	3	1.310750	I:	D:
443783	444718	-	2	1.289695	I:	D:
444733	446025	-	1	1.281845	I:	D:
446224	447435	+	1	1.301011	I:	D:
447730	450162	-	1	1.271908	I:	D:
450277	451017	-	1	1.305765	I:	D:
450836	452908	+	2	1.284382	I:	D:
453431	454234	+	2	1.294712	I:	D:
454482	455063	+	3	1.292391	I:	D:
455228	455437	-	2	1.329909	I:	D:
>YA1_5249
125	1432	-	2	1.290082	I:	D:
1513	1746	-	1	1.366895	I:	D:
1766	2197	+	2	1.309673	I:	D:
2361	2828	-	3	1.249889	I:	D:
2945	3082	-	2	1.353229	I:	D:
3283	4332	-	1	1.356959	I:	D:
4377	6437	-	3	1.348076	I:	D:
6552	7568	-	3	1.302312	I:	D:
7598	7738	-	2	1.349179	I:	D:
7750	8223	+	1	1.329114	I:	D:
8240	9562	+	2	1.299461	I:	D:
9698	10681	+	2	1.301310	I:	D:
10688	11422	-	2	1.305360	I:	D:
11653	11868	+	1	1.323625	I:	D:
12199	12366	+	1	1.365190	I:	D:
12415	12873	-	1	1.352083	I:	D:
12799	14229	+	1	1.337597	I:	D:
14479	14646	+	1	1.366701	I:	D:
14672	14860	+	2	1.374276	I:	D:
15032	15244	+	2	1.366615	I:	D:
15282	16286	+	3	1.322528	I:	D:
16549	16833	-	1	1.258788	I:	D:
16836	18116	-	3	1.278180	I:	D:
18441	20840	+	3	1.266494	I:	D:
20975	21688	+	2	1.316405	I:	D:
21937	22794	+	1	1.267782	I:	D:
22874	26689	+	2	1.274940	I:	D:
26916	28187	+	3	1.275965	I:	D:
28224	28853	+	3	1.287510	I:	D:
29000	31126	+	2	1.244483	I:	D:
31163	31789	-	2	1.257183	I:	D:
32169	33494	+	3	1.244183	I:	D:
33632	34978	+	2	1.254834	I:	D:
35046	35339	-	3	1.390192	I:	D:
37724	38911	-	2	1.359289	I:	D:
38913	41924	-	3	1.427767	I:	D:
41937	42893	-	3	1.396991	I:	D:
42925	43074	+	1	1.416047	I:	D:
43589	44818	+	2	1.263594	I:	D:
44881	46527	+	1	1.307205	I:	D:
46750	47949	+	1	1.317150	I:	D:
47997	48632	+	3	1.328835	I:	D:
48802	51144	+	1	1.260995	I:	D:
51389	52888	+	2	1.276459	I:	D:
52913	53266	+	2	1.352974	I:	D:
53562	53738	-	3	1.280929	I:	D:
54091	55137	-	1	1.293222	I:	D:
55472	56770	+	2	1.252874	I:	D:
56961	59633	+	3	1.296582	I:	D:
59729	61123	+	2	1.288151	I:	D:
61129	61374	+	1	1.346708	I:	D:
61434	61736	+	3	1.337032	I:	D:
61879	62115	+	1	1.384174	I:	D:
62329	62907	-	1	1.291362	I:	D:
63164	65410	+	2	1.247621	I:	D:
65549	66286	+	2	1.329974	I:	D:
66189	68138	+	3	1.269059	I:	D:
68152	70251	+	1	1.256792	I:	D:
70303	70509	-	1	1.342934	I:	D:
70628	71638	+	2	1.291527	I:	D:
71957	73405	+	2	1.243673	I:	D:
73831	77142	+	1	1.261532	I:	D:
77479	81645	+	1	1.358767	I:	D:
81824	82708	+	2	1.396747	I:	D:
83007	83669	+	3	1.409391	I:	D:
85400	85741	+	2	1.325250	I:	D:
85783	86259	-	1	1.348101	I:	D:
85847	87109	+	2	1.317158	I:	D:
87260	87487	+	2	1.297226	I:	D:
88416	88607	+	3	1.319631	I:	D:
89159	89827	-	2	1.340526	I:	D:
89964	91190	-	3	1.279721	I:	D:
91391	92407	-	2	1.296942	I:	D:
92421	93359	-	3	1.284620	I:	D:
93426	94364	+	3	1.294442	I:	D:
94494	96143	-	3	1.290095	I:	D:
96288	96452	-	3	1.251324	I:	D:
96535	97311	-	1	1.294546	I:	D:
97410	98309	+	3	1.263882	I:	D:
98426	99091	-	2	1.300000	I:	D:
99184	100110	+	1	1.308856	I:	D:
100239	100463	-	3	1.213875	I:	D:
100524	102245	-	3	1.298502	I:	D:
102189	103697	+	3	1.316293	I:	D:
103720	105297	-	1	1.280538	I:	D:
105373	106257	+	1	1.314793	I:	D:
106344	106769	+	3	1.257798	I:	D:
107159	107656	-	2	1.285566	I:	D:
107981	108766	+	2	1.295368	I:	D:
108826	109116	-	1	1.331543	I:	D:
109154	109606	-	2	1.333198	I:	D:
109569	109931	-	3	1.285825	I:	D:
110165	110413	+	2	1.306379	I:	D:
110437	110661	+	1	1.251921	I:	D:
110839	111279	+	1	1.349817	I:	D:
111718	112026	+	1	1.324597	I:	D:
112199	112387	+	2	1.305562	I:	D:
112413	112994	+	3	1.278797	I:	D:
113146	114108	+	1	1.285164	I:	D:
114111	114947	+	3	1.282913	I:	D:
114947	115435	+	2	1.269034	I:	D:
115563	116078	+	3	1.313693	I:	D:
116078	116350	+	2	1.345313	I:	D:
116347	116826	+	1	1.324063	I:	D:
116823	117140	+	3	1.283887	I:	D:
117414	118202	+	3	1.312258	I:	D:
118199	118723	+	2	1.326462	I:	D:
118720	118947	+	1	1.373050	I:	D:
119084	119824	+	2	1.320588	I:	D:
120041	120238	-	2	1.337104	I:	D:
120346	120642	+	1	1.341364	I:	D:
120732	121385	+	3	1.337204	I:	D:
121406	121987	+	2	1.345912	I:	D:
121996	122622	+	1	1.316054	I:	D:
122637	124250	+	3	1.301288	I:	D:
124276	125682	+	1	1.302167	I:	D:
125679	126425	+	3	1.264184	I:	D:
126440	127663	+	2	1.263046	I:	D:
127678	128193	+	1	1.310518	I:	D:
128190	128585	+	3	1.326796	I:	D:
128590	128868	+	1	1.291224	I:	D:
128865	129299	+	3	1.325816	I:	D:
129358	129951	+	1	1.287987	I:	D:
130065	130484	+	3	1.290848	I:	D:
130604	130801	+	2	1.284665	I:	D:
130813	134094	+	1	1.282372	I:	D:
134119	134937	+	1	1.325383	I:	D:
134943	138116	+	3	1.299317	I:	D:
138131	138694	+	2	1.327535	I:	D:
138694	138867	+	1	1.263973	I:	D:
138854	139681	+	2	1.290109	I:	D:
139683	140291	+	3	1.300716	I:	D:
140306	141304	+	2	1.344322	I:	D:
141301	141831	+	1	1.346029	I:	D:
141828	142223	+	3	1.325306	I:	D:
142246	142608	+	1	1.276187	I:	D:
142629	143048	+	3	1.327257	I:	D:
143045	143272	+	2	1.245588	I:	D:
143298	144092	+	3	1.309566	I:	D:
144109	144390	+	1	1.264383	I:	D:
144711	145340	+	3	1.279098	I:	D:
145451	145879	-	2	1.303843	I:	D:
145959	146264	-	3	1.336829	I:	D:
146419	146871	-	1	1.265251	I:	D:
147058	148233	+	1	1.296721	I:	D:
148543	150108	+	1	1.304451	I:	D:
150200	151378	+	2	1.293021	I:	D:
151466	152662	+	2	1.280214	I:	D:
152756	154468	+	2	1.310907	I:	D:
154559	155287	+	2	1.313615	I:	D:
155293	156084	+	1	1.292626	I:	D:
156146	157423	-	2	1.330594	I:	D:
157612	158712	-	1	1.292955	I:	D:
158999	159919	-	2	1.299591	I:	D:
160148	161704	-	2	1.263632	I:	D:
161851	163263	-	1	1.268828	I:	D:
163463	164506	-	2	1.286222	I:	D:
164607	164972	-	3	1.249982	I:	D:
165040	165882	-	1	1.267563	I:	D:
165951	166703	-	3	1.274101	I:	D:
166833	167702	-	3	1.277064	I:	D:
168384	169859	+	3	1.258152	I:	D:
169889	171118	+	2	1.302158	I:	D:
171296	172540	+	2	1.260702	I:	D:
172571	173050	+	2	1.282444	I:	D:
173144	173425	+	2	1.325275	I:	D:
173429	175192	+	2	1.274903	I:	D:
175214	175762	+	2	1.294504	I:	D:
175759	176697	+	1	1.306186	I:	D:
176732	180322	+	2	1.292807	I:	D:
180429	181829	+	3	1.248958	I:	D:
181826	183001	+	2	1.252065	I:	D:
183061	183660	+	1	1.250967	I:	D:
183660	184442	+	3	1.273257	I:	D:
184539	185186	+	3	1.273574	I:	D:
185313	186038	+	3	1.259169	I:	D:
186035	187486	+	2	1.284355	I:	D:
187610	189379	-	2	1.335200	I:	D:
189132	190061	-	3	1.313085	I:	D:
190182	191423	+	3	1.290627	I:	D:
191514	192164	-	3	1.318407	I:	D:
192358	193068	+	1	1.353173	I:	D:
193213	194241	+	1	1.324775	I:	D:
194248	195324	+	1	1.328608	I:	D:
195434	199534	-	2	1.308697	I:	D:
199531	200277	-	1	1.330392	I:	D:
200307	201767	+	3	1.281174	I:	D:
201968	202930	+	2	1.263731	I:	D:
203246	204181	+	2	1.327829	I:	D:
204298	205014	-	1	1.282554	I:	D:
205164	205481	+	3	1.326546	I:	D:
205507	205983	+	1	1.323395	I:	D:
206169	207368	-	3	1.289658	I:	D:
207379	209658	-	1	1.280235	I:	D:
209923	210438	+	1	1.317707	I:	D:
210438	211469	+	3	1.326220	I:	D:
211472	211927	+	2	1.316029	I:	D:
211981	213726	+	1	1.291644	I:	D:
213760	214638	+	1	1.304755	I:	D:
214729	216219	+	1	1.299108	I:	D:
216301	217398	+	1	1.297283	I:	D:
217483	218925	+	1	1.292529	I:	D:
218912	220147	+	2	1.313243	I:	D:
220209	221453	+	3	1.291114	I:	D:
221575	223140	+	1	1.291292	I:	D:
223389	224231	+	3	1.312743	I:	D:
224326	225582	-	1	1.268029	I:	D:
225857	226195	+	2	1.400110	I:	D:
226496	227821	-	2	1.316884	I:	D:
227957	228856	-	2	1.246609	I:	D:
228884	230086	-	2	1.298677	I:	D:
230417	232048	+	2	1.281504	I:	D:
232218	233309	+	3	1.320721	I:	D:
233311	234483	+	1	1.310695	I:	D:
234488	236197	+	2	1.290607	I:	D:
236301	236822	-	3	1.300082	I:	D:
236824	238425	-	1	1.283553	I:	D:
238572	240179	+	3	1.280640	I:	D:
240188	240325	+	2	1.342458	I:	D:
240336	241334	-	3	1.302862	I:	D:
241396	242949	-	1	1.306312	I:	D:
243069	243650	+	3	1.298092	I:	D:
243647	243895	+	2	1.349331	I:	D:
244237	245247	-	1	1.271347	I:	D:
245349	246362	+	3	1.311020	I:	D:
246383	246889	-	2	1.290468	I:	D:
247004	248059	-	2	1.260920	I:	D:
248266	249015	-	1	1.346107	I:	D:
249222	250025	+	3	1.284334	I:	D:
250044	250238	+	3	1.288832	I:	D:
250289	250672	+	2	1.271137	I:	D:
250825	251778	+	1	1.337232	I:	D:
251866	252705	+	1	1.291773	I:	D:
252872	253669	+	2	1.322436	I:	D:
253760	255118	+	2	1.281925	I:	D:
255336	257267	+	3	1.256718	I:	D:
257473	258039	+	1	1.339333	I:	D:
258107	259087	+	2	1.315159	I:	D:
259084	260121	+	1	1.306699	I:	D:
260126	260383	-	2	1.311923	I:	D:
260562	261488	+	3	1.330939	I:	D:
261625	263274	+	1	1.289133	I:	D:
263501	265153	+	2	1.258827	I:	D:
265452	266378	+	3	1.285618	I:	D:
266396	267361	+	2	1.309410	I:	D:
267382	269391	+	1	1.275359	I:	D:
269472	270332	+	3	1.310965	I:	D:
270450	271280	+	3	1.287600	I:	D:
271307	272053	+	2	1.303491	I:	D:
272053	273318	+	1	1.308963	I:	D:
273321	273902	+	3	1.310499	I:	D:
274039	276525	+	1	1.302081	I:	D:
276595	279297	+	1	1.268379	I:	D:
279386	280765	-	2	1.313644	I:	D:
280808	281455	-	2	1.279304	I:	D:
281603	282661	+	2	1.323528	I:	D:
282714	284000	-	3	1.307870	I:	D:
283987	285246	-	1	1.297496	I:	D:
285276	286274	-	3	1.298407	I:	D:
286496	287857	+	2	1.314190	I:	D:
287854	288516	+	1	1.300939	I:	D:
288561	290672	-	3	1.309967	I:	D:
290724	291425	-	3	1.283164	I:	D:
291394	293757	-	1	1.330572	I:	D:
292930	293754	+	1	1.277068	I:	D:
293910	294743	+	3	1.273138	I:	D:
294946	295299	-	1	1.355809	I:	D:
295351	295536	-	1	1.279834	I:	D:
295585	295917	-	1	1.302000	I:	D:
295943	297019	-	2	1.319919	I:	D:
296816	298270	+	2	1.274527	I:	D:
298254	299300	+	3	1.275137	I:	D:
299465	302296	+	2	1.289239	I:	D:
302364	303044	+	3	1.266501	I:	D:
303052	303618	+	1	1.337748	I:	D:
303679	304191	+	1	1.299612	I:	D:
304249	304512	+	1	1.324222	I:	D:
304768	305952	+	1	1.281349	I:	D:
305956	306636	+	1	1.346170	I:	D:
306742	307233	+	1	1.401589	I:	D:
307250	307909	+	2	1.279461	I:	D:
308116	310998	+	1	1.249898	I:	D:
311258	312310	+	2	1.288383	I:	D:
312460	313062	-	1	1.325742	I:	D:
313084	313788	+	1	1.291809	I:	D:
>YA1_5581
1	1482	-	1	1.259926	I:	D:
1491	2411	-	3	1.283799	I:	D:
2415	4043	-	3	1.266810	I:	D:
4115	4942	-	2	1.274715	I:	D:
4972	5493	-	1	1.239143	I:	D:
5550	5777	-	3	1.211882	I:	D:
5834	6643	-	2	1.284447	I:	D:
7114	8148	-	1	1.296015	I:	D:
8706	10112	+	3	1.284983	I:	D:
10338	11432	-	3	1.300427	I:	D:
11605	13449	-	1	1.264555	I:	D:
13632	14801	-	3	1.309526	I:	D:
14836	17124	+	1	1.257553	I:	D:
17269	17763	+	1	1.248480	I:	D:
17813	18265	+	2	1.399269	I:	D:
18322	18888	+	1	1.264857	I:	D:
19044	19352	-	3	1.290076	I:	D:
19355	19810	+	2	1.377842	I:	D:
20020	20781	+	1	1.279890	I:	D:
20918	21583	+	2	1.324461	I:	D:
21626	23188	+	2	1.267185	I:	D:
23317	26103	+	1	1.251347	I:	D:
26276	28405	-	2	1.306665	I:	D:
28504	28917	-	1	1.254298	I:	D:
28942	29418	-	1	1.283232	I:	D:
29869	31995	-	1	1.259242	I:	D:
32296	33885	-	1	1.273977	I:	D:
34130	34441	-	2	1.294041	I:	D:
34441	35544	-	1	1.281453	I:	D:
35855	37351	-	2	1.248189	I:	D:
37377	38906	-	3	1.253559	I:	D:
38908	39414	-	1	1.318171	I:	D:
40091	41047	+	2	1.370069	I:	D:
41482	42441	-	1	1.304180	I:	D:
42493	43143	-	1	1.278209	I:	D:
43207	44541	-	1	1.263798	I:	D:
44714	45598	+	2	1.298552	I:	D:
45753	48551	-	3	1.250062	I:	D:
48690	49550	-	3	1.273084	I:	D:
49642	50466	-	1	1.256117	I:	D:
50699	51163	-	2	1.353494	I:	D:
51314	52447	+	2	1.293695	I:	D:
52494	52976	-	3	1.325926	I:	D:
53004	53438	-	3	1.304449	I:	D:
53646	54521	-	3	1.291132	I:	D:
55234	55680	-	1	1.254450	I:	D:
55700	55948	-	2	1.275651	I:	D:
56009	56668	-	2	1.278423	I:	D:
56725	57012	-	1	1.246591	I:	D:
57277	58290	+	1	1.258995	I:	D:
58468	59445	-	1	1.258386	I:	D:
59566	60522	-	1	1.236074	I:	D:
60793	61851	-	1	1.308113	I:	D:
62054	62527	+	2	1.258368	I:	D:
62928	63218	+	3	1.257928	I:	D:
63233	63541	+	2	1.364107	I:	D:
64069	65124	-	1	1.303452	I:	D:
65291	66658	+	2	1.300112	I:	D:
66953	68131	-	2	1.256207	I:	D:
68454	71060	+	3	1.400910	I:	D:
71140	73158	-	1	1.387568	I:	D:
73189	74466	-	1	1.365441	I:	D:
74466	75302	-	3	1.374279	I:	D:
75637	77370	-	1	1.305682	I:	D:
77434	78504	-	1	1.351240	I:	D:
78760	80478	-	1	1.366154	I:	D:
80604	80837	+	3	1.366696	I:	D:
81157	81549	+	1	1.340625	I:	D:
81553	81780	+	1	1.344175	I:	D:
81959	82930	+	2	1.379417	I:	D:
82984	85587	-	1	1.332610	I:	D:
85818	87203	-	3	1.342087	I:	D:
87509	88519	+	2	1.282469	I:	D:
88846	89088	+	1	1.362170	I:	D:
89159	90859	+	2	1.331156	I:	D:
90991	91560	-	1	1.350624	I:	D:
91878	92102	-	3	1.387973	I:	D:
92108	93283	-	2	1.316984	I:	D:
93623	94168	+	2	1.392601	I:	D:
94304	94486	+	2	1.360965	I:	D:
95117	95740	+	2	1.377832	I:	D:
96481	96771	+	1	1.395581	I:	D:
96836	97051	-	2	1.361273	I:	D:
97077	97421	-	3	1.367376	I:	D:
97894	98187	-	1	1.387922	I:	D:
98673	99071	+	3	1.392145	I:	D:
99556	102024	-	1	1.329590	I:	D:
102240	103565	+	3	1.276362	I:	D:
103562	104746	+	2	1.263075	I:	D:
104865	105656	-	3	1.303075	I:	D:
105778	106662	-	1	1.272478	I:	D:
106864	109041	-	1	1.295739	I:	D:
109274	110230	-	2	1.290433	I:	D:
110352	112712	-	3	1.271381	I:	D:
112806	114227	-	3	1.295003	I:	D:
114471	115703	+	3	1.285300	I:	D:
115789	118227	-	1	1.300091	I:	D:
118391	119113	-	2	1.286543	I:	D:
119308	121095	-	1	1.276761	I:	D:
121126	122988	-	1	1.272153	I:	D:
122759	123202	+	2	1.352726	I:	D:
123340	124485	+	1	1.275074	I:	D:
125004	125192	+	3	1.326024	I:	D:
125304	126125	+	3	1.292891	I:	D:
126323	127504	-	2	1.299008	I:	D:
127828	130080	-	1	1.292557	I:	D:
130324	131637	+	1	1.294086	I:	D:
131721	132047	-	3	1.325663	I:	D:
132082	134223	+	1	1.306568	I:	D:
134356	135372	+	1	1.303969	I:	D:
135452	136789	-	2	1.301652	I:	D:
137080	137892	-	1	1.275247	I:	D:
137963	140149	-	2	1.306249	I:	D:
140085	141017	-	3	1.291800	I:	D:
141123	142025	-	3	1.272885	I:	D:
142079	143023	-	2	1.282858	I:	D:
143285	144592	-	2	1.264717	I:	D:
144886	146010	+	1	1.288876	I:	D:
146374	147933	-	1	1.249303	I:	D:
148294	151356	+	1	1.270618	I:	D:
151497	152201	-	3	1.303964	I:	D:
152198	152359	-	2	1.320729	I:	D:
152382	152780	-	3	1.283256	I:	D:
152740	154563	-	1	1.296088	I:	D:
154864	156726	-	1	1.253480	I:	D:
156965	157540	+	2	1.324500	I:	D:
157582	157779	+	1	1.329643	I:	D:
157524	157994	+	3	1.302873	I:	D:
158053	159117	-	1	1.267404	I:	D:
159437	159766	-	2	1.285245	I:	D:
160021	160188	+	1	1.372745	I:	D:
160309	160995	+	1	1.246279	I:	D:
161354	162046	-	2	1.267701	I:	D:
162372	162659	-	3	1.318893	I:	D:
162922	163587	-	1	1.282948	I:	D:
163593	164624	-	3	1.257947	I:	D:
164692	165366	-	1	1.255416	I:	D:
165369	167231	-	3	1.235054	I:	D:
167587	168384	-	1	1.250397	I:	D:
168772	169095	-	1	1.233031	I:	D:
169487	170413	-	2	1.294364	I:	D:
170521	171456	-	1	1.290317	I:	D:
171465	171707	+	3	1.321497	I:	D:
172093	172323	+	1	1.371575	I:	D:
172369	173397	-	1	1.288558	I:	D:
173536	173706	-	1	1.299955	I:	D:
173714	174112	-	2	1.253613	I:	D:
173998	174333	-	1	1.257472	I:	D:
174760	175644	-	1	1.272979	I:	D:
175649	177439	-	2	1.304314	I:	D:
177569	179845	+	2	1.257584	I:	D:
179943	180089	+	3	1.269677	I:	D:
180227	180829	+	2	1.367821	I:	D:
180920	181102	+	2	1.354908	I:	D:
181258	181896	+	1	1.278033	I:	D:
181991	182515	-	2	1.292764	I:	D:
182574	182762	+	3	1.336188	I:	D:
182791	183357	-	1	1.322461	I:	D:
183632	184474	-	2	1.296891	I:	D:
184471	185487	-	1	1.304658	I:	D:
185666	186676	+	2	1.272700	I:	D:
186854	187912	+	2	1.280729	I:	D:
188081	189841	-	2	1.276384	I:	D:
190241	191587	-	2	1.275266	I:	D:
191922	192626	-	3	1.284654	I:	D:
192756	193136	+	3	1.264790	I:	D:
193343	193702	+	2	1.293242	I:	D:
193725	194123	+	3	1.292360	I:	D:
194129	194380	-	2	1.328568	I:	D:
194392	194943	-	1	1.392581	I:	D:
194961	195158	+	3	1.383116	I:	D:
195183	195641	+	3	1.400427	I:	D:
196324	196905	+	1	1.387000	I:	D:
197963	198556	+	2	1.389681	I:	D:
199363	199512	-	1	1.363435	I:	D:
199880	200278	+	2	1.392145	I:	D:
200702	201163	+	2	1.377086	I:	D:
201342	204338	-	3	1.259709	I:	D:
204413	204574	+	2	1.348332	I:	D:
204745	207876	+	1	1.273849	I:	D:
208201	209109	+	1	1.275160	I:	D:
209297	209614	+	2	1.322198	I:	D:
209653	209940	+	1	1.339908	I:	D:
210430	211740	-	1	1.258570	I:	D:
211820	212821	+	2	1.272130	I:	D:
213207	214616	-	3	1.272402	I:	D:
214690	214872	+	1	1.401348	I:	D:
214980	216107	-	3	1.256122	I:	D:
216391	217143	+	1	1.309886	I:	D:
217140	218591	+	3	1.289708	I:	D:
218621	219748	-	2	1.291513	I:	D:
219826	221220	-	1	1.284563	I:	D:
221262	221603	-	3	1.318768	I:	D:
221660	222109	-	2	1.386129	I:	D:
222112	222858	-	1	1.339126	I:	D:
222893	223876	-	2	1.326940	I:	D:
223947	225551	-	3	1.304308	I:	D:
225616	233847	-	1	1.288204	I:	D:
234317	234874	-	2	1.256946	I:	D:
234867	237296	-	3	1.254286	I:	D:
237529	238152	-	1	1.324912	I:	D:
238160	238417	+	2	1.368632	I:	D:
238435	238872	+	1	1.335100	I:	D:
239115	239750	-	3	1.322340	I:	D:
239763	241049	-	3	1.328587	I:	D:
240983	242422	-	2	1.327996	I:	D:
242646	243122	-	3	1.292961	I:	D:
243275	243559	-	2	1.283252	I:	D:
243862	244026	-	1	1.316902	I:	D:
244023	244172	-	3	1.315520	I:	D:
244157	245557	+	2	1.288332	I:	D:
245775	247541	-	3	1.295169	I:	D:
247645	248211	-	1	1.297076	I:	D:
248318	248734	-	2	1.378389	I:	D:
249164	249442	+	2	1.384265	I:	D:
250023	250220	-	3	1.380874	I:	D:
250269	250742	+	3	1.384931	I:	D:
251410	252033	+	1	1.394246	I:	D:
252048	252419	-	3	1.370363	I:	D:
253155	253304	-	3	1.363435	I:	D:
253694	254071	+	2	1.385205	I:	D:
254364	254747	-	3	1.312865	I:	D:
254723	255106	-	2	1.304318	I:	D:
255229	255984	+	1	1.295106	I:	D:
256231	257496	-	1	1.257524	I:	D:
257712	259532	-	3	1.271800	I:	D:
259934	260818	-	2	1.310750	I:	D:
260857	261792	-	1	1.289695	I:	D:
261807	263099	-	3	1.281845	I:	D:
263298	264509	+	3	1.301011	I:	D:
264804	267236	-	3	1.271908	I:	D:
267351	268091	-	3	1.305765	I:	D:
267910	269982	+	1	1.284382	I:	D:
270505	271308	+	1	1.294712	I:	D:
271556	272137	+	2	1.292391	I:	D:
272302	272511	-	1	1.329909	I:	D:
272523	273074	-	3	1.401063	I:	D:
273092	273289	+	2	1.383116	I:	D:
273314	273772	+	2	1.400427	I:	D:
274455	275036	+	3	1.387000	I:	D:
275351	275488	+	2	1.364322	I:	D:
275815	276105	+	1	1.395581	I:	D:
276170	276385	-	2	1.361273	I:	D:
276411	276755	-	3	1.367376	I:	D:
277493	277642	-	2	1.363435	I:	D:
278964	281858	-	3	1.262469	I:	D:
281653	282279	+	1	1.380756	I:	D:
282290	284323	+	2	1.292582	I:	D:
284511	285494	+	3	1.262830	I:	D:
285656	286060	-	2	1.418729	I:	D:
286063	287490	+	1	1.291174	I:	D:
287564	288493	+	2	1.270304	I:	D:
288490	289398	+	1	1.274517	I:	D:
289442	290065	+	2	1.256436	I:	D:
290304	291767	-	3	1.264514	I:	D:
291799	292461	+	1	1.302500	I:	D:
292500	294587	+	3	1.274928	I:	D:
294584	296299	+	2	1.281889	I:	D:
296341	298365	+	1	1.296573	I:	D:
298566	298823	+	3	1.345217	I:	D:
299138	299773	-	2	1.297623	I:	D:
299922	300065	+	3	1.373310	I:	D:
300138	300479	+	3	1.316818	I:	D:
300664	301704	+	1	1.319934	I:	D:
301862	303217	-	2	1.307098	I:	D:
303220	304200	-	1	1.304379	I:	D:
304443	305246	-	3	1.294539	I:	D:
305413	305940	-	1	1.245181	I:	D:
306083	307117	-	2	1.297032	I:	D:
307449	307811	-	3	1.314279	I:	D:
307829	307963	-	2	1.308372	I:	D:
308165	309757	+	2	1.287084	I:	D:
310318	311442	+	1	1.260056	I:	D:
311582	312841	+	2	1.299008	I:	D:
312841	313326	+	1	1.310372	I:	D:
313344	313502	-	3	1.347223	I:	D:
313602	315719	+	3	1.250212	I:	D:
315773	318487	+	2	1.247364	I:	D:
318563	319099	+	2	1.265696	I:	D:
319390	319617	+	1	1.412019	I:	D:
319725	319937	+	3	1.362861	I:	D:
320031	321116	-	3	1.244856	I:	D:
321358	321861	+	1	1.280912	I:	D:
322202	322420	+	2	1.372717	I:	D:
322632	323408	+	3	1.330918	I:	D:
323728	324711	+	1	1.290767	I:	D:
324836	326158	-	2	1.266356	I:	D:
326308	327003	-	1	1.268086	I:	D:
327089	327265	+	2	1.381952	I:	D:
327829	328266	-	1	1.389908	I:	D:
328968	331847	-	3	1.272572	I:	D:
331903	333825	+	1	1.293734	I:	D:
334003	335631	+	1	1.269788	I:	D:
335751	336920	-	3	1.262690	I:	D:
336979	337359	+	1	1.286987	I:	D:
337471	337908	-	1	1.297087	I:	D:
338251	340695	+	1	1.246884	I:	D:
340959	341180	-	3	1.304389	I:	D:
341211	341357	+	3	1.348258	I:	D:
341367	342161	+	3	1.310719	I:	D:
342540	343955	+	3	1.295935	I:	D:
344164	344658	-	1	1.248515	I:	D:
344775	345578	+	3	1.269038	I:	D:
345582	346673	+	3	1.292678	I:	D:
346686	346922	+	3	1.344324	I:	D:
346922	347566	+	2	1.246841	I:	D:
347591	347758	+	2	1.377656	I:	D:
347778	349865	-	3	1.262294	I:	D:
349862	350806	-	2	1.279472	I:	D:
350803	352269	-	1	1.255174	I:	D:
352266	353789	-	3	1.285403	I:	D:
353786	355357	-	2	1.263370	I:	D:
355396	355911	-	1	1.299701	I:	D:
355939	356646	-	1	1.255004	I:	D:
356855	359257	+	2	1.266916	I:	D:
359548	360780	-	1	1.305565	I:	D:
360815	361474	-	2	1.322296	I:	D:
361479	361643	-	3	1.339126	I:	D:
361784	362854	+	2	1.294091	I:	D:
362951	363934	+	2	1.271374	I:	D:
364157	364888	-	2	1.268932	I:	D:
364875	365285	+	3	1.328666	I:	D:
365696	365944	-	2	1.304516	I:	D:
366046	366348	-	1	1.327802	I:	D:
366465	367898	+	3	1.370358	I:	D:
368182	368700	+	1	1.366368	I:	D:
368916	370283	-	3	1.286107	I:	D:
370558	372546	+	1	1.270863	I:	D:
372926	375355	+	2	1.290665	I:	D:
375597	376607	-	3	1.298708	I:	D:
376635	376838	-	3	1.380141	I:	D:
377234	378682	+	2	1.249266	I:	D:
378738	378869	+	3	1.380162	I:	D:
379081	380163	+	1	1.310779	I:	D:
380758	381261	+	1	1.321283	I:	D:
381258	382154	+	3	1.305324	I:	D:
382158	382394	+	3	1.369815	I:	D:
382531	384861	-	1	1.271797	I:	D:
384858	387557	-	3	1.262632	I:	D:
387557	388225	-	2	1.367998	I:	D:
387866	388933	+	2	1.254126	I:	D:
389144	390430	+	2	1.266365	I:	D:
390454	391320	+	1	1.285015	I:	D:
391371	391673	+	3	1.313615	I:	D:
391670	392239	+	2	1.325517	I:	D:
392309	392494	-	2	1.346276	I:	D:
393130	393375	+	1	1.313000	I:	D:
393424	393801	+	1	1.382295	I:	D:
393941	394135	+	2	1.377352	I:	D:
394262	394462	+	2	1.331644	I:	D:
394780	395301	+	1	1.274106	I:	D:
395329	396582	+	1	1.304378	I:	D:
396582	396977	+	3	1.309783	I:	D:
397066	397257	+	1	1.239183	I:	D:
397548	398633	+	3	1.267532	I:	D:
398858	400372	+	2	1.254614	I:	D:
400561	401217	+	1	1.278545	I:	D:
401333	403210	-	2	1.291750	I:	D:
403550	404836	+	2	1.270679	I:	D:
404910	405800	+	3	1.274635	I:	D:
405845	406657	+	2	1.240458	I:	D:
406988	408589	+	2	1.268468	I:	D:
409042	410391	+	1	1.254859	I:	D:
410699	411751	+	2	1.255630	I:	D:
412107	413147	+	3	1.253925	I:	D:
413288	415105	+	2	1.294498	I:	D:
415489	415767	+	1	1.238271	I:	D:
415996	417030	+	1	1.285467	I:	D:
417061	417327	-	1	1.328503	I:	D:
417343	419004	-	1	1.263220	I:	D:
419031	422003	+	3	1.281937	I:	D:
422124	423620	-	3	1.294765	I:	D:
423915	424406	+	3	1.304027	I:	D:
424403	425413	+	2	1.303994	I:	D:
425720	429292	+	2	1.304489	I:	D:
429438	431000	+	3	1.247876	I:	D:
431308	431862	+	1	1.290573	I:	D:
432358	433083	+	1	1.378311	I:	D:
433099	433671	-	1	1.366157	I:	D:
433463	434977	+	2	1.272174	I:	D:
435104	436018	-	2	1.253604	I:	D:
436115	436828	-	2	1.278324	I:	D:
436964	437158	-	2	1.212332	I:	D:
437663	438715	+	2	1.311747	I:	D:
438832	439326	+	1	1.289918	I:	D:
439632	441599	+	3	1.255174	I:	D:
441601	443433	+	1	1.261370	I:	D:
443519	444487	-	2	1.313169	I:	D:
444705	446129	+	3	1.280261	I:	D:
446351	446485	+	2	1.339936	I:	D:
446522	448285	+	2	1.260375	I:	D:
448375	449031	+	1	1.258866	I:	D:
449091	449264	+	3	1.377793	I:	D:
449377	450648	+	1	1.298174	I:	D:
450665	452020	+	2	1.277186	I:	D:
452107	453366	+	1	1.269936	I:	D:
453369	454190	+	3	1.278150	I:	D:
454247	454804	+	2	1.261857	I:	D:
454944	455597	-	3	1.300406	I:	D:
455594	456964	-	2	1.256105	I:	D:
457085	457807	-	2	1.287271	I:	D:
457804	460551	-	1	1.257301	I:	D:
460924	462195	+	1	1.280861	I:	D:
462356	462592	-	2	1.291595	I:	D:
463178	464923	+	2	1.296531	I:	D:
465279	466310	-	3	1.281626	I:	D:
466615	467424	-	1	1.276938	I:	D:
467642	468904	+	2	1.256504	I:	D:
468983	470692	+	2	1.297118	I:	D:
470694	471032	+	3	1.251073	I:	D:
471227	473053	+	2	1.314724	I:	D:
473092	473259	+	1	1.387072	I:	D:
473347	474921	+	1	1.277129	I:	D:
474923	476431	+	2	1.278300	I:	D:
476497	477255	+	1	1.243124	I:	D:
477413	477661	+	2	1.247956	I:	D:
477665	477832	-	2	1.377515	I:	D:
477864	479720	+	3	1.273866	I:	D:
479723	480742	-	2	1.299334	I:	D:
481053	482552	+	3	1.275116	I:	D:
482682	483776	+	3	1.276343	I:	D:
483796	484614	+	1	1.288843	I:	D:
484745	486718	+	2	1.307687	I:	D:
487126	492708	+	1	1.285839	I:	D:
492818	496249	+	2	1.316532	I:	D:
496302	496469	+	3	1.349719	I:	D:
496738	497919	+	1	1.274788	I:	D:
498033	498674	-	3	1.273687	I:	D:
499009	499764	-	1	1.267857	I:	D:
499754	500992	-	2	1.305440	I:	D:
501003	503237	-	3	1.261813	I:	D:
503416	503754	+	1	1.406784	I:	D:
503844	504866	+	3	1.307952	I:	D:
504847	505836	+	1	1.307137	I:	D:
505851	506558	+	3	1.343917	I:	D:
506616	507140	+	3	1.324136	I:	D:
507362	507649	+	2	1.233170	I:	D:
507653	508021	+	2	1.297544	I:	D:
508184	508573	+	2	1.310788	I:	D:
508729	509880	+	1	1.282654	I:	D:
510082	511065	-	1	1.266241	I:	D:
511112	511708	-	2	1.283143	I:	D:
511981	514557	+	1	1.286300	I:	D:
514668	515270	+	3	1.254216	I:	D:
515306	515461	+	2	1.355315	I:	D:
515515	516276	+	1	1.270745	I:	D:
516361	516927	+	1	1.227912	I:	D:
517172	518266	-	2	1.255525	I:	D:
518509	518748	+	1	1.381346	I:	D:
518739	519230	+	3	1.359618	I:	D:
519418	520140	+	1	1.313051	I:	D:
520240	521832	-	1	1.294386	I:	D:
522031	523941	+	1	1.259363	I:	D:
524085	525743	-	3	1.304914	I:	D:
525740	527326	-	2	1.258531	I:	D:
527428	529545	+	1	1.270478	I:	D:
529629	530705	+	3	1.248943	I:	D:
530974	531990	+	1	1.269821	I:	D:
532180	533559	+	1	1.254899	I:	D:
533710	534657	+	1	1.248433	I:	D:
534654	535562	+	3	1.222097	I:	D:
535776	538337	+	3	1.293370	I:	D:
538348	538527	+	1	1.341516	I:	D:
538566	540875	-	3	1.267883	I:	D:
541119	542261	+	3	1.250179	I:	D:
542349	543527	-	3	1.255333	I:	D:
543583	543909	-	1	1.375539	I:	D:
543936	545015	+	3	1.294947	I:	D:
545141	548212	+	2	1.280302	I:	D:
548281	548940	+	1	1.305513	I:	D:
548937	550091	+	3	1.278293	I:	D:
550221	551258	-	3	1.276045	I:	D:
551170	551430	+	1	1.348025	I:	D:
551498	551758	-	2	1.219141	I:	D:
552088	553737	+	1	1.233806	I:	D:
553929	554486	+	3	1.306659	I:	D:
554619	556211	+	3	1.273475	I:	D:
556317	557834	+	3	1.261118	I:	D:
558198	558545	-	3	1.262202	I:	D:
558721	559257	+	1	1.268658	I:	D:
559434	560858	-	3	1.276566	I:	D:
561179	561967	+	2	1.308305	I:	D:
562134	563162	+	3	1.311287	I:	D:
563318	564667	-	2	1.302033	I:	D:
564979	566508	+	1	1.238018	I:	D:
566993	568516	+	2	1.308344	I:	D:
568637	569458	-	2	1.293485	I:	D:
569807	571210	+	2	1.270037	I:	D:
571291	571980	+	1	1.264510	I:	D:
572423	573601	+	2	1.285120	I:	D:
573729	573926	+	3	1.364727	I:	D:
574024	575349	+	1	1.264870	I:	D:
575506	575643	+	1	1.362547	I:	D:
575839	576729	+	1	1.294073	I:	D:
576934	577932	+	1	1.239633	I:	D:
578212	579540	+	1	1.277123	I:	D:
579780	580943	+	3	1.257862	I:	D:
581163	582116	+	3	1.273995	I:	D:
582107	582970	+	2	1.282990	I:	D:
582967	584148	+	1	1.264126	I:	D:
584246	585394	+	2	1.301617	I:	D:
585485	586312	-	2	1.271945	I:	D:
586509	587735	+	3	1.297181	I:	D:
587735	588940	+	2	1.279979	I:	D:
589136	589831	+	2	1.284274	I:	D:
589930	591120	+	1	1.262826	I:	D:
591489	592286	-	3	1.327192	I:	D:
592317	593051	+	3	1.278159	I:	D:
593075	593266	-	2	1.373255	I:	D:
593339	595243	-	2	1.302790	I:	D:
594870	597053	+	3	1.312640	I:	D:
597350	597544	+	2	1.306182	I:	D:
597938	600628	+	2	1.308139	I:	D:
600673	601275	+	1	1.293467	I:	D:
601326	602210	-	3	1.277644	I:	D:
602344	602931	-	1	1.274143	I:	D:
602953	603186	-	1	1.270687	I:	D:
603189	603638	-	3	1.246259	I:	D:
604067	605101	+	2	1.319383	I:	D:
605228	606877	-	2	1.263383	I:	D:
607049	608722	-	2	1.284952	I:	D:
608732	609547	+	2	1.307640	I:	D:
609654	611834	+	3	1.274250	I:	D:
612028	612567	+	1	1.387978	I:	D:
612783	612962	+	3	1.362970	I:	D:
612968	613516	-	2	1.250534	I:	D:
613546	615417	-	1	1.257499	I:	D:
615459	615638	+	3	1.351210	I:	D:
615676	616503	-	1	1.274088	I:	D:
616605	616757	+	3	1.396728	I:	D:
616826	617020	-	2	1.312100	I:	D:
617137	617763	-	1	1.275302	I:	D:
617778	618548	-	3	1.269035	I:	D:
618548	619042	-	2	1.303433	I:	D:
619160	619486	+	2	1.282068	I:	D:
619677	620747	-	3	1.271935	I:	D:
620896	621330	+	1	1.295469	I:	D:
621498	622172	-	3	1.238147	I:	D:
622312	623076	-	1	1.261459	I:	D:
623363	624685	+	2	1.270874	I:	D:
624759	626027	+	3	1.275673	I:	D:
626191	627270	+	1	1.303846	I:	D:
627277	627492	+	1	1.270898	I:	D:
628200	629207	+	3	1.284924	I:	D:
629622	631319	+	3	1.233943	I:	D:
631661	632026	+	2	1.265205	I:	D:
632146	632796	+	1	1.301295	I:	D:
632796	633545	+	3	1.281840	I:	D:
633674	634399	+	2	1.270305	I:	D:
634396	635901	+	1	1.278879	I:	D:
635949	637634	-	3	1.292938	I:	D:
637023	638228	+	3	1.273106	I:	D:
638674	641526	+	1	1.274099	I:	D:
641679	641987	+	3	1.260103	I:	D:
642027	642278	+	3	1.250800	I:	D:
642471	644162	+	3	1.249323	I:	D:
644243	645376	+	2	1.284252	I:	D:
645498	646721	+	3	1.278593	I:	D:
647057	647284	+	2	1.232601	I:	D:
647309	648106	+	2	1.255789	I:	D:
648177	648752	+	3	1.289618	I:	D:
648767	649459	+	2	1.244259	I:	D:
649657	650436	-	1	1.302427	I:	D:
650522	652621	+	2	1.289855	I:	D:
652702	653601	+	1	1.298228	I:	D:
653635	654228	-	1	1.227797	I:	D:
654457	656367	+	1	1.270717	I:	D:
656367	658049	+	3	1.257068	I:	D:
658134	667466	+	3	1.254239	I:	D:
667787	668245	+	2	1.331507	I:	D:
668408	670225	+	2	1.275010	I:	D:
670418	671197	+	2	1.285846	I:	D:
671329	671598	+	1	1.282609	I:	D:
671827	674496	+	1	1.250558	I:	D:
674681	675241	+	2	1.260507	I:	D:
675353	677563	+	2	1.290423	I:	D:
677671	678534	+	1	1.275165	I:	D:
678697	680235	+	1	1.294903	I:	D:
680317	681354	+	1	1.250660	I:	D:
681442	682269	+	1	1.266424	I:	D:
682311	683000	+	3	1.283446	I:	D:
683149	684627	+	1	1.236503	I:	D:
684620	685960	+	2	1.269518	I:	D:
686137	687270	+	1	1.270914	I:	D:
687376	688584	+	1	1.271408	I:	D:
688645	689352	+	1	1.236486	I:	D:
689357	689506	+	2	1.349276	I:	D:
689539	690924	+	1	1.280531	I:	D:
691005	691709	+	3	1.254665	I:	D:
692031	693161	+	3	1.253219	I:	D:
693340	694293	+	1	1.240720	I:	D:
694293	695288	+	3	1.276578	I:	D:
695330	696109	+	2	1.262915	I:	D:
696169	696405	-	1	1.387116	I:	D:
696608	697501	+	2	1.288072	I:	D:
697659	699047	-	3	1.249297	I:	D:
699454	699975	+	1	1.252190	I:	D:
700087	700467	+	1	1.249857	I:	D:
700731	702122	+	3	1.297569	I:	D:
702131	705751	+	2	1.274240	I:	D:
705748	706014	+	1	1.269761	I:	D:
706110	706799	-	3	1.320184	I:	D:
706976	707158	-	2	1.309355	I:	D:
707256	708014	-	3	1.311278	I:	D:
708013	708636	+	1	1.320959	I:	D:
708735	709934	+	3	1.299049	I:	D:
710188	710481	+	1	1.239630	I:	D:
710601	710831	+	3	1.354884	I:	D:
710859	711083	+	3	1.407630	I:	D:
711171	711341	+	3	1.302265	I:	D:
711453	712652	+	3	1.284158	I:	D:
712683	714179	+	3	1.270963	I:	D:
714210	714530	+	3	1.293675	I:	D:
714611	715759	+	2	1.308036	I:	D:
715766	716374	+	2	1.359477	I:	D:
716704	718746	+	1	1.295567	I:	D:
718748	719887	+	2	1.295082	I:	D:
719887	721473	+	1	1.317970	I:	D:
721470	722921	+	3	1.302541	I:	D:
723160	723390	-	1	1.398629	I:	D:
723825	725129	+	3	1.314931	I:	D:
725197	726561	+	1	1.297154	I:	D:
726641	727627	+	2	1.267780	I:	D:
727693	728331	+	1	1.296964	I:	D:
728386	729093	+	1	1.304004	I:	D:
729163	731325	+	1	1.269035	I:	D:
731671	732120	+	1	1.269053	I:	D:
732141	732632	+	3	1.260216	I:	D:
732717	735164	-	3	1.301096	I:	D:
735477	735878	+	3	1.265402	I:	D:
736039	737169	-	1	1.279696	I:	D:
737325	738656	+	3	1.308769	I:	D:
738730	739770	+	1	1.279282	I:	D:
739810	740781	+	1	1.352103	I:	D:
741135	743864	+	3	1.254928	I:	D:
744342	744650	+	3	1.310576	I:	D:
744668	745309	+	2	1.283145	I:	D:
745316	745981	+	2	1.284326	I:	D:
745987	746283	+	1	1.263027	I:	D:
746320	747150	+	1	1.294286	I:	D:
747166	747444	+	1	1.295150	I:	D:
747461	747820	+	2	1.271130	I:	D:
747823	748626	+	1	1.254467	I:	D:
748635	749054	+	3	1.300314	I:	D:
749081	749311	+	2	1.248993	I:	D:
749311	749571	+	1	1.307365	I:	D:
749663	750031	+	2	1.273306	I:	D:
750033	750368	+	3	1.232831	I:	D:
750365	750937	+	2	1.260209	I:	D:
750939	751124	+	3	1.328085	I:	D:
751211	751609	+	2	1.273373	I:	D:
751627	752166	+	1	1.269778	I:	D:
752166	752537	+	3	1.237322	I:	D:
752561	753259	+	2	1.269897	I:	D:
753259	753441	+	1	1.269720	I:	D:
753444	753890	+	3	1.250085	I:	D:
754133	755470	+	2	1.272033	I:	D:
755579	756139	+	2	1.243115	I:	D:
756327	756545	+	3	1.299106	I:	D:
756818	757195	+	2	1.274158	I:	D:
757280	757678	+	2	1.295959	I:	D:
757760	758758	+	2	1.273147	I:	D:
758847	759329	+	3	1.253106	I:	D:
759430	760350	+	1	1.307375	I:	D:
760492	760800	+	1	1.312859	I:	D:
760745	761011	+	2	1.280910	I:	D:
761311	762195	-	1	1.315625	I:	D:
762273	763325	+	3	1.249853	I:	D:
763539	766391	+	3	1.265226	I:	D:
766500	767003	+	3	1.252008	I:	D:
766987	768054	+	1	1.283681	I:	D:
768100	769326	+	1	1.263826	I:	D:
769537	770985	-	1	1.296935	I:	D:
771083	771712	+	2	1.270346	I:	D:
772241	772939	-	2	1.221286	I:	D:
773108	774343	-	2	1.288813	I:	D:
774425	775780	-	2	1.323893	I:	D:
775783	776589	-	1	1.282033	I:	D:
776860	778536	-	1	1.242429	I:	D:
778859	780949	+	2	1.261843	I:	D:
780977	781843	+	2	1.295967	I:	D:
781898	783010	-	2	1.269807	I:	D:
782471	784426	+	2	1.252692	I:	D:
785287	786345	+	1	1.311327	I:	D:
786399	787400	+	3	1.335714	I:	D:
787516	788967	+	1	1.278486	I:	D:
789004	789564	+	1	1.326431	I:	D:
789844	790914	+	1	1.305817	I:	D:
791102	792595	+	2	1.276421	I:	D:
792820	794184	+	1	1.277535	I:	D:
794218	795000	+	1	1.316497	I:	D:
795018	795704	-	3	1.273798	I:	D:
795701	797317	-	2	1.317177	I:	D:
797431	799353	+	1	1.334758	I:	D:
799356	799931	+	3	1.314427	I:	D:
800145	800792	-	3	1.325974	I:	D:
800871	803018	-	3	1.310941	I:	D:
803176	804363	-	1	1.280066	I:	D:
804700	806376	+	1	1.242886	I:	D:
806692	807606	+	1	1.331000	I:	D:
807716	808456	+	2	1.255242	I:	D:
808644	810524	-	3	1.292498	I:	D:
810777	811457	-	3	1.219763	I:	D:
811634	812833	+	2	1.288294	I:	D:
812954	813208	-	2	1.293898	I:	D:
813230	814372	-	2	1.291876	I:	D:
814555	815496	+	1	1.314012	I:	D:
815619	816374	+	3	1.317361	I:	D:
816538	817572	+	1	1.272579	I:	D:
817654	818067	-	1	1.261433	I:	D:
818195	819106	+	2	1.303827	I:	D:
819164	819829	+	2	1.293043	I:	D:
819834	820331	+	3	1.274224	I:	D:
820826	821836	-	2	1.254844	I:	D:
822009	822902	+	3	1.299130	I:	D:
823214	823495	-	2	1.383078	I:	D:
823659	825815	+	3	1.303406	I:	D:
825812	826726	+	2	1.309073	I:	D:
826723	828603	+	1	1.313988	I:	D:
828600	829202	+	3	1.301052	I:	D:
829102	830034	+	1	1.286772	I:	D:
830036	831580	+	2	1.309140	I:	D:
831577	833391	+	1	1.300538	I:	D:
833543	834205	+	2	1.275964	I:	D:
834293	834958	+	2	1.286506	I:	D:
834951	837188	+	3	1.299122	I:	D:
837299	838525	+	2	1.244786	I:	D:
838732	839655	-	1	1.291593	I:	D:
839710	841248	+	1	1.293483	I:	D:
841248	842471	+	3	1.289817	I:	D:
842552	843997	+	2	1.289188	I:	D:
844002	845096	+	3	1.323022	I:	D:
845083	845646	+	1	1.286216	I:	D:
845643	847745	+	3	1.255285	I:	D:
847745	848383	+	2	1.281432	I:	D:
848448	849326	+	3	1.263992	I:	D:
849407	850939	+	2	1.287479	I:	D:
850936	851487	+	1	1.313252	I:	D:
851494	852417	-	1	1.302077	I:	D:
852474	852647	-	3	1.344259	I:	D:
852847	854523	-	1	1.278886	I:	D:
854682	855605	-	3	1.325843	I:	D:
855755	856180	-	2	1.277012	I:	D:
855776	856831	+	2	1.328003	I:	D:
857063	858370	+	2	1.278365	I:	D:
858390	859343	+	3	1.292356	I:	D:
859343	860209	+	2	1.275842	I:	D:
860323	862317	+	1	1.303424	I:	D:
862322	863953	+	2	1.272919	I:	D:
864057	866174	+	3	1.350220	I:	D:
866194	867312	+	1	1.254156	I:	D:
867341	869209	+	2	1.320572	I:	D:
869509	870612	+	1	1.248282	I:	D:
870769	870906	+	1	1.307407	I:	D:
871192	872088	-	1	1.288794	I:	D:
872167	873696	-	1	1.223830	I:	D:
873879	875105	+	3	1.263661	I:	D:
875192	876028	+	2	1.298906	I:	D:
876166	876570	-	1	1.286005	I:	D:
876583	877086	+	1	1.322712	I:	D:
877298	877561	-	2	1.349404	I:	D:
877577	877978	-	2	1.308717	I:	D:
877993	879657	-	1	1.290395	I:	D:
879689	881026	-	2	1.285058	I:	D:
881202	882548	+	3	1.254319	I:	D:
882600	882812	+	3	1.361041	I:	D:
882822	884516	+	3	1.329861	I:	D:
884649	885668	-	3	1.319559	I:	D:
886028	887302	+	2	1.298697	I:	D:
887403	888446	+	3	1.290997	I:	D:
888446	889339	+	2	1.301930	I:	D:
889416	891047	+	3	1.312473	I:	D:
891110	893098	+	2	1.306200	I:	D:
893393	894070	+	2	1.291924	I:	D:
894268	895788	-	1	1.264522	I:	D:
895957	897183	+	1	1.277843	I:	D:
897417	897629	+	3	1.295118	I:	D:
897647	897838	+	2	1.381410	I:	D:
897874	898962	+	1	1.270263	I:	D:
898972	899895	+	1	1.282754	I:	D:
900032	901270	+	2	1.278273	I:	D:
901333	902262	+	1	1.246841	I:	D:
902265	903392	+	3	1.278871	I:	D:
903389	904210	+	2	1.268957	I:	D:
904210	904914	+	1	1.255234	I:	D:
904986	905648	+	3	1.287821	I:	D:
905645	906808	+	2	1.282528	I:	D:
906909	908453	+	3	1.252846	I:	D:
908726	909376	+	2	1.268304	I:	D:
909425	910324	+	2	1.275022	I:	D:
910378	911784	+	1	1.288008	I:	D:
911930	913765	+	2	1.252644	I:	D:
914021	914722	+	2	1.327082	I:	D:
914778	916859	-	3	1.267839	I:	D:
917013	917792	+	3	1.245266	I:	D:
918045	919337	+	3	1.281986	I:	D:
919448	920437	+	2	1.251637	I:	D:
920447	920926	+	2	1.289070	I:	D:
921056	921187	+	2	1.299506	I:	D:
921371	922501	+	2	1.252597	I:	D:
922551	923852	+	3	1.289930	I:	D:
923852	924775	+	2	1.317558	I:	D:
924875	926269	+	2	1.313078	I:	D:
926412	926891	+	3	1.283997	I:	D:
927022	927969	+	1	1.263739	I:	D:
927974	928108	+	2	1.344293	I:	D:
928213	929154	+	1	1.277404	I:	D:
929435	930373	+	2	1.264345	I:	D:
930419	931402	+	2	1.240433	I:	D:
931415	932209	+	2	1.255689	I:	D:
932401	934293	+	1	1.264534	I:	D:
934305	935057	+	3	1.334964	I:	D:
935271	936563	+	3	1.264298	I:	D:
936695	937702	-	2	1.336535	I:	D:
937936	938868	+	1	1.259989	I:	D:
938926	939939	+	1	1.250485	I:	D:
939979	942048	+	1	1.274301	I:	D:
942147	943706	-	3	1.342391	I:	D:
943985	945343	+	2	1.320440	I:	D:
945439	946968	+	1	1.289246	I:	D:
947079	947852	-	3	1.267554	I:	D:
947911	949194	-	1	1.292790	I:	D:
949396	951051	+	1	1.273645	I:	D:
951231	952211	+	3	1.295071	I:	D:
952208	953128	+	2	1.303954	I:	D:
953125	953910	+	1	1.274194	I:	D:
953922	954701	+	3	1.312029	I:	D:
954937	956151	+	1	1.287942	I:	D:
956177	957412	+	2	1.282268	I:	D:
957720	959645	+	3	1.311409	I:	D:
959734	960297	+	1	1.289245	I:	D:
960348	960941	+	3	1.302182	I:	D:
961139	962566	-	2	1.283476	I:	D:
962585	964168	+	2	1.297284	I:	D:
964274	966358	+	2	1.292712	I:	D:
966719	967912	+	2	1.280171	I:	D:
968101	969090	+	1	1.257243	I:	D:
969307	971319	+	1	1.287504	I:	D:
971403	971537	+	3	1.344562	I:	D:
971829	972428	-	3	1.300944	I:	D:
972728	973384	+	2	1.267310	I:	D:
973371	974045	+	3	1.293662	I:	D:
974038	974874	+	1	1.246731	I:	D:
974884	975855	+	1	1.260761	I:	D:
976110	977132	+	3	1.263198	I:	D:
977172	978050	+	3	1.274027	I:	D:
978095	979267	+	2	1.266627	I:	D:
979273	979932	+	1	1.277736	I:	D:
979995	981173	+	3	1.291440	I:	D:
981403	981582	-	1	1.361225	I:	D:
981702	982175	+	3	1.298555	I:	D:
982315	982572	+	1	1.290619	I:	D:
982756	983727	+	1	1.281782	I:	D:
983747	983938	+	2	1.380600	I:	D:
984205	984717	-	1	1.308280	I:	D:
984933	985676	+	3	1.300052	I:	D:
985701	986822	+	3	1.266594	I:	D:
986825	988297	+	2	1.299777	I:	D:
988386	990302	-	3	1.290321	I:	D:
990474	991463	+	3	1.307047	I:	D:
991527	992024	+	3	1.264879	I:	D:
992008	993177	+	1	1.272570	I:	D:
993183	993662	+	3	1.326152	I:	D:
993939	996014	+	3	1.299038	I:	D:
996031	997128	+	1	1.321833	I:	D:
997322	998317	+	2	1.293011	I:	D:
998371	999066	+	1	1.273833	I:	D:
999070	1000233	+	1	1.287955	I:	D:
1000349	1001290	+	2	1.274643	I:	D:
1001323	1002738	+	1	1.273113	I:	D:
1002894	1004156	-	3	1.262408	I:	D:
1004256	1005290	-	3	1.241856	I:	D:
1005309	1006823	-	3	1.273588	I:	D:
1007086	1008720	+	1	1.340481	I:	D:
1008717	1008944	+	3	1.275359	I:	D:
1009065	1012799	-	3	1.251573	I:	D:
1012908	1013660	-	3	1.243890	I:	D:
1013797	1015059	-	1	1.281606	I:	D:
1015086	1016267	+	3	1.312561	I:	D:
1016400	1017425	-	3	1.255287	I:	D:
1017427	1017732	+	1	1.364914	I:	D:
1017887	1018927	+	2	1.279639	I:	D:
1019165	1019476	-	2	1.387400	I:	D:
1019672	1020043	+	2	1.307257	I:	D:
1020049	1020519	+	1	1.288892	I:	D:
1020550	1022679	+	1	1.257596	I:	D:
1022849	1024048	+	2	1.263192	I:	D:
1024230	1024793	+	3	1.243593	I:	D:
1024816	1025259	+	1	1.299543	I:	D:
1025347	1026564	+	1	1.278052	I:	D:
1026557	1029937	+	2	1.255231	I:	D:
1029940	1030881	+	1	1.304269	I:	D:
1030954	1031541	+	1	1.305327	I:	D:
1031689	1033548	-	1	1.258195	I:	D:
1033761	1034045	+	3	1.262682	I:	D:
1034223	1035455	+	3	1.294365	I:	D:
1035452	1037683	+	2	1.312624	I:	D:
1037762	1038472	+	2	1.271048	I:	D:
1038569	1039531	+	2	1.277657	I:	D:
1039669	1040343	-	1	1.295056	I:	D:
1040429	1042021	+	2	1.272487	I:	D:
1042065	1043648	+	3	1.303030	I:	D:
1043781	1044611	+	3	1.301151	I:	D:
1044697	1044888	+	1	1.282236	I:	D:
1044888	1046354	+	3	1.306658	I:	D:
1046495	1047295	-	2	1.298743	I:	D:
1047292	1047651	-	1	1.295971	I:	D:
1047798	1048079	-	3	1.248771	I:	D:
1048233	1050668	-	3	1.309949	I:	D:
1050811	1052253	-	1	1.268023	I:	D:
1052370	1053851	-	3	1.301487	I:	D:
1053848	1054171	-	2	1.352247	I:	D:
1054326	1054892	-	3	1.280914	I:	D:
1054889	1055908	-	2	1.304749	I:	D:
1055905	1056972	-	1	1.299479	I:	D:
1056973	1057500	-	1	1.308802	I:	D:
1057497	1058450	-	3	1.313792	I:	D:
1058447	1059514	-	2	1.294332	I:	D:
1059533	1060243	-	2	1.315717	I:	D:
1060412	1061098	+	2	1.306118	I:	D:
1061375	1062991	+	2	1.226235	I:	D:
1063122	1063628	-	3	1.336697	I:	D:
1063519	1064394	+	1	1.299245	I:	D:
1064398	1065129	+	1	1.293113	I:	D:
1065141	1066970	+	3	1.304079	I:	D:
1067129	1067518	+	2	1.287976	I:	D:
1067522	1068703	+	2	1.291905	I:	D:
1068779	1069795	-	2	1.301868	I:	D:
1069937	1072501	+	2	1.248893	I:	D:
1072603	1073928	-	1	1.291508	I:	D:
1074112	1075650	+	1	1.316077	I:	D:
1075760	1077172	+	2	1.274922	I:	D:
1077322	1078080	+	1	1.276235	I:	D:
1078254	1079690	-	3	1.248890	I:	D:
1079807	1081198	+	2	1.285530	I:	D:
1081243	1083042	+	1	1.258295	I:	D:
1083201	1084754	+	3	1.282276	I:	D:
1084751	1085515	+	2	1.264648	I:	D:
1085692	1085826	+	1	1.333556	I:	D:
1085967	1086764	+	3	1.270542	I:	D:
1086804	1087643	+	3	1.294504	I:	D:
1087643	1088320	+	2	1.262468	I:	D:
1088327	1089469	+	2	1.284208	I:	D:
1089825	1090358	-	3	1.350882	I:	D:
1090439	1090579	-	2	1.369513	I:	D:
1090622	1093204	-	2	1.273744	I:	D:
1093264	1094640	+	1	1.298737	I:	D:
1094459	1095514	+	2	1.307750	I:	D:
1095522	1097198	+	3	1.318000	I:	D:
1097198	1098937	+	2	1.334454	I:	D:
1099093	1100085	+	1	1.263619	I:	D:
1100223	1101764	+	3	1.274051	I:	D:
1101764	1102837	+	2	1.264132	I:	D:
1102834	1103859	+	1	1.236556	I:	D:
1104060	1105592	+	3	1.284173	I:	D:
1105683	1107341	+	3	1.285695	I:	D:
1107446	1108066	+	2	1.252592	I:	D:
1108069	1108770	+	1	1.260586	I:	D:
1108886	1110229	+	2	1.301124	I:	D:
1110945	1112315	+	3	1.299535	I:	D:
1112439	1113110	-	3	1.307736	I:	D:
1113115	1114044	-	1	1.289083	I:	D:
1114103	1116025	-	2	1.272583	I:	D:
1116112	1117458	-	1	1.328366	I:	D:
1117455	1118984	-	3	1.318290	I:	D:
1118984	1119436	-	2	1.295572	I:	D:
1119609	1120571	-	3	1.290878	I:	D:
1120814	1122127	+	2	1.235791	I:	D:
1122394	1122945	+	1	1.246671	I:	D:
1123060	1124676	+	1	1.297408	I:	D:
1124676	1125494	+	3	1.297846	I:	D:
1125503	1126522	+	2	1.292948	I:	D:
1126655	1127446	+	2	1.295062	I:	D:
1127488	1130130	+	1	1.284528	I:	D:
1130222	1130968	-	2	1.291387	I:	D:
1131045	1133654	-	3	1.319114	I:	D:
1133832	1135175	+	3	1.292844	I:	D:
1135220	1136020	+	2	1.257838	I:	D:
1136038	1137132	+	1	1.239699	I:	D:
1137372	1138649	+	3	1.289171	I:	D:
1138713	1139162	-	3	1.241760	I:	D:
1139198	1139398	+	2	1.336395	I:	D:
1139452	1140375	+	1	1.323098	I:	D:
1140377	1140904	+	2	1.343726	I:	D:
1140965	1141171	-	2	1.239670	I:	D:
1141168	1141332	-	1	1.297023	I:	D:
1141456	1142604	+	1	1.325174	I:	D:
1142601	1143371	+	3	1.301402	I:	D:
1143459	1143965	-	3	1.271719	I:	D:
1144076	1144453	-	2	1.314286	I:	D:
1144669	1146111	-	1	1.312060	I:	D:
1146195	1147016	-	3	1.301592	I:	D:
1147195	1147365	-	1	1.294207	I:	D:
1147603	1148772	+	1	1.333886	I:	D:
1148765	1150273	+	2	1.360978	I:	D:
1150363	1150728	-	1	1.267393	I:	D:
1150916	1151101	+	2	1.319242	I:	D:
1151260	1153383	+	1	1.269944	I:	D:
1153728	1155185	+	3	1.273898	I:	D:
1155223	1155543	-	1	1.339952	I:	D:
1155582	1155719	+	3	1.274031	I:	D:
1156138	1156707	+	1	1.289770	I:	D:
1156755	1157099	-	3	1.352356	I:	D:
1157100	1157885	+	3	1.292227	I:	D:
1158129	1159145	+	3	1.260104	I:	D:
1159250	1160653	-	2	1.318804	I:	D:
1160811	1161728	+	3	1.304979	I:	D:
1161746	1162384	+	2	1.298621	I:	D:
1162422	1163012	+	3	1.239162	I:	D:
1163133	1163972	+	3	1.282670	I:	D:
1164045	1164791	+	3	1.301281	I:	D:
1165008	1165820	+	3	1.298791	I:	D:
1165982	1167271	+	2	1.226193	I:	D:
1167622	1168332	+	1	1.285126	I:	D:
1168439	1170511	+	2	1.274714	I:	D:
1170652	1171440	-	1	1.274480	I:	D:
1171437	1172273	-	3	1.323309	I:	D:
1172347	1172547	+	1	1.371368	I:	D:
1172689	1174092	+	1	1.306464	I:	D:
1174117	1174536	+	1	1.320441	I:	D:
1174808	1174954	+	2	1.382443	I:	D:
1175094	1175279	+	3	1.418459	I:	D:
1175350	1176846	+	1	1.328862	I:	D:
1176933	1178396	+	3	1.259114	I:	D:
1178531	1179328	-	2	1.326043	I:	D:
1179686	1180873	+	2	1.327927	I:	D:
1181000	1182571	+	2	1.294535	I:	D:
1182568	1183524	+	1	1.305005	I:	D:
1183553	1184359	+	2	1.285042	I:	D:
1184846	1185316	+	2	1.259590	I:	D:
1185428	1186063	-	2	1.369165	I:	D:
1186554	1187219	+	3	1.311302	I:	D:
1187364	1187588	+	3	1.296835	I:	D:
1187921	1190329	+	2	1.263224	I:	D:
1190329	1190556	+	1	1.337036	I:	D:
1190697	1192022	-	3	1.327268	I:	D:
1192071	1195337	+	3	1.289236	I:	D:
1195423	1195956	+	1	1.330824	I:	D:
1196026	1196643	+	1	1.288798	I:	D:
1196633	1200181	+	2	1.293160	I:	D:
1200304	1200783	-	1	1.303311	I:	D:
1200319	1201617	+	1	1.244509	I:	D:
1201696	1202259	+	1	1.329905	I:	D:
1202268	1202834	+	3	1.285930	I:	D:
1202862	1203857	+	3	1.285507	I:	D:
1203904	1204035	+	1	1.371724	I:	D:
1204221	1205360	+	3	1.395508	I:	D:
1205688	1206263	+	3	1.305046	I:	D:
1206297	1207757	+	3	1.320967	I:	D:
1207809	1208216	+	3	1.259291	I:	D:
1208259	1208738	+	3	1.255120	I:	D:
1208865	1209806	-	3	1.307176	I:	D:
1209510	1211372	+	3	1.284945	I:	D:
1211479	1211757	-	1	1.264521	I:	D:
1211863	1213638	-	1	1.338098	I:	D:
1213723	1215153	-	1	1.301047	I:	D:
1214850	1215104	+	3	1.335949	I:	D:
1215226	1216680	-	1	1.310334	I:	D:
1216920	1217219	+	3	1.334742	I:	D:
1217253	1220354	+	3	1.321079	I:	D:
1220351	1221883	+	2	1.314667	I:	D:
1221884	1222324	-	2	1.333750	I:	D:
1222358	1223197	+	2	1.325291	I:	D:
1223245	1223967	+	1	1.356611	I:	D:
1223981	1225057	-	2	1.287860	I:	D:
1225077	1225805	-	3	1.274844	I:	D:
1225821	1228076	-	3	1.280242	I:	D:
1228214	1228810	+	2	1.279587	I:	D:
1228819	1229316	+	1	1.305076	I:	D:
1229353	1230189	-	1	1.299113	I:	D:
1230192	1231022	-	3	1.313121	I:	D:
1231379	1232467	-	2	1.315179	I:	D:
1232608	1233483	+	1	1.275233	I:	D:
1233651	1235126	+	3	1.260653	I:	D:
1235212	1235880	+	1	1.339391	I:	D:
1235883	1237994	+	3	1.296798	I:	D:
1238034	1239017	+	3	1.281300	I:	D:
1239191	1240633	+	2	1.261810	I:	D:
1240884	1241054	-	3	1.344356	I:	D:
1241045	1241281	-	2	1.302592	I:	D:
1241332	1241496	+	1	1.350020	I:	D:
1241576	1241782	-	2	1.287199	I:	D:
1242036	1243295	+	3	1.315204	I:	D:
1243328	1244149	+	2	1.315860	I:	D:
1244194	1245021	+	1	1.276508	I:	D:
1245106	1245768	+	1	1.317961	I:	D:
1246252	1246779	+	1	1.415404	I:	D:
1247134	1250253	+	1	1.280660	I:	D:
1250279	1251787	+	2	1.267548	I:	D:
1251777	1252322	+	3	1.394305	I:	D:
1252841	1253398	-	2	1.412111	I:	D:
1253395	1254354	-	1	1.324928	I:	D:
1254413	1255213	+	2	1.419499	I:	D:
1255562	1256581	-	2	1.330830	I:	D:
1256761	1257525	+	1	1.264739	I:	D:
1257515	1260367	+	2	1.313159	I:	D:
1260429	1261505	+	3	1.323690	I:	D:
1261512	1262171	+	3	1.295306	I:	D:
1262233	1264377	+	1	1.284544	I:	D:
1264494	1265663	-	3	1.318325	I:	D:
1266104	1267444	+	2	1.297872	I:	D:
1267590	1267829	-	3	1.393292	I:	D:
1268068	1268511	+	1	1.404620	I:	D:
1268543	1268968	+	2	1.424042	I:	D:
1269453	1271015	-	3	1.257200	I:	D:
1271472	1272494	+	3	1.305437	I:	D:
1272526	1273923	+	1	1.284920	I:	D:
1274121	1275791	+	3	1.272716	I:	D:
1275880	1277109	+	1	1.244643	I:	D:
1277388	1279223	+	3	1.328849	I:	D:
1279334	1280653	-	2	1.271538	I:	D:
1280755	1281189	+	1	1.378227	I:	D:
>YA1_5584
1	240	+	1	1.346697	I:	D:
371	640	-	2	1.349618	I:	D:
656	1216	-	2	1.290244	I:	D:
1165	1782	-	1	1.375458	I:	D:
2121	2825	+	3	1.278383	I:	D:
2885	3865	-	2	1.313438	I:	D:
3923	5149	+	2	1.296075	I:	D:
5149	6147	+	1	1.289369	I:	D:
6251	7219	+	2	1.259217	I:	D:
7321	7959	-	1	1.294974	I:	D:
8193	8357	+	3	1.371672	I:	D:
8440	8829	+	1	1.231507	I:	D:
8943	10535	+	3	1.296211	I:	D:
10567	12357	+	1	1.257744	I:	D:
12363	12851	+	3	1.264398	I:	D:
13111	13641	+	1	1.348387	I:	D:
13907	14140	+	2	1.274746	I:	D:
14208	15659	+	3	1.267291	I:	D:
15857	16861	+	2	1.271499	I:	D:
16858	18330	+	1	1.290409	I:	D:
18407	19525	+	2	1.298246	I:	D:
19783	21420	+	1	1.253905	I:	D:
21458	22156	+	2	1.284358	I:	D:
22301	23818	+	2	1.253730	I:	D:
24139	25962	-	1	1.281074	I:	D:
26181	26339	+	3	1.362349	I:	D:
26353	26538	+	1	1.332674	I:	D:
26554	30807	+	1	1.301449	I:	D:
30845	31003	+	2	1.360023	I:	D:
31171	32046	+	1	1.231628	I:	D:
32160	32903	+	3	1.270298	I:	D:
33275	34768	+	2	1.267566	I:	D:
35054	35989	+	2	1.264278	I:	D:
36047	37060	+	2	1.259158	I:	D:
37306	39396	+	1	1.266507	I:	D:
39538	40614	+	1	1.294460	I:	D:
40920	42251	-	3	1.326610	I:	D:
42498	43352	+	3	1.278368	I:	D:
43393	44199	+	1	1.299037	I:	D:
44210	45496	-	2	1.327523	I:	D:
45688	47229	+	1	1.315784	I:	D:
47248	47571	-	1	1.256260	I:	D:
47874	48890	+	3	1.365988	I:	D:
49094	49714	+	2	1.339703	I:	D:
49781	50140	-	2	1.292554	I:	D:
50200	51609	-	1	1.309815	I:	D:
51754	53226	+	1	1.317225	I:	D:
53303	54892	+	2	1.347666	I:	D:
55293	56630	+	3	1.328075	I:	D:
56667	56801	+	3	1.353672	I:	D:
56812	57288	+	1	1.370240	I:	D:
57407	58834	+	2	1.323016	I:	D:
58916	59413	+	2	1.330651	I:	D:
59546	60577	-	2	1.319449	I:	D:
60674	62113	-	2	1.392382	I:	D:
62106	63110	-	3	1.383791	I:	D:
63263	64288	-	2	1.396967	I:	D:
64323	65426	-	3	1.333407	I:	D:
65423	66493	-	2	1.344171	I:	D:
66572	67681	-	2	1.410578	I:	D:
67478	67738	+	2	1.363209	I:	D:
67760	68527	-	2	1.328929	I:	D:
68698	68982	+	1	1.402342	I:	D:
68987	70117	+	2	1.342958	I:	D:
70101	71216	+	3	1.386709	I:	D:
72399	73400	+	3	1.377412	I:	D:
73400	73963	+	2	1.379830	I:	D:
74006	75109	+	2	1.368037	I:	D:
75106	76617	+	1	1.298582	I:	D:
76614	78068	+	3	1.315957	I:	D:
78275	79303	+	2	1.343886	I:	D:
79388	80353	-	2	1.347373	I:	D:
80367	80735	+	3	1.392738	I:	D:
80858	81685	+	2	1.368226	I:	D:
82137	82793	+	3	1.375334	I:	D:
83072	84349	+	2	1.367043	I:	D:
84346	84618	+	1	1.362564	I:	D:
84634	84873	+	1	1.387446	I:	D:
85766	86311	-	2	1.398065	I:	D:
86316	87269	-	3	1.393074	I:	D:
87389	87598	+	2	1.328326	I:	D:
87625	88119	+	1	1.335379	I:	D:
88140	88427	+	3	1.313512	I:	D:
88202	89248	+	2	1.319476	I:	D:
89294	89605	+	2	1.344511	I:	D:
90242	90415	+	2	1.370941	I:	D:
90459	91193	+	3	1.360910	I:	D:
91481	91837	+	2	1.353436	I:	D:
91853	91996	+	2	1.353994	I:	D:
92093	92434	+	2	1.292763	I:	D:
92469	92855	+	3	1.309117	I:	D:
93433	93720	-	1	1.333466	I:	D:
93729	94142	+	3	1.363592	I:	D:
94182	95186	-	3	1.379916	I:	D:
95789	96019	+	2	1.356464	I:	D:
96149	96511	-	2	1.260361	I:	D:
96664	96882	+	1	1.369124	I:	D:
96921	97304	+	3	1.360890	I:	D:
97401	97739	-	3	1.361347	I:	D:
97873	99279	-	1	1.293381	I:	D:
99313	99756	-	1	1.292625	I:	D:
99841	99978	-	1	1.301110	I:	D:
99968	100249	+	2	1.355815	I:	D:
101450	101932	-	2	1.397643	I:	D:
102060	102323	+	3	1.384515	I:	D:
102573	102755	+	3	1.352832	I:	D:
103093	103281	+	1	1.377833	I:	D:
103367	104452	+	2	1.315440	I:	D:
104758	104940	+	1	1.385633	I:	D:
105000	105686	+	3	1.354103	I:	D:
105704	105889	-	2	1.350542	I:	D:
106530	106967	+	3	1.338374	I:	D:
107048	107422	-	2	1.315206	I:	D:
107715	108215	+	3	1.278459	I:	D:
108388	109386	-	1	1.296338	I:	D:
109633	109998	-	1	1.257539	I:	D:
110105	110809	+	2	1.310540	I:	D:
110941	111789	+	1	1.295470	I:	D:
111921	113009	+	3	1.279420	I:	D:
113065	113469	+	1	1.251551	I:	D:
113579	114814	+	2	1.289328	I:	D:
114888	117413	+	3	1.298140	I:	D:
117546	118586	+	3	1.259796	I:	D:
118759	119502	+	1	1.309267	I:	D:
119376	120644	+	3	1.315344	I:	D:
120816	121541	+	3	1.281097	I:	D:
121643	123946	+	2	1.294235	I:	D:
124140	125276	+	3	1.275067	I:	D:
125400	126548	-	3	1.271905	I:	D:
126721	127542	+	1	1.292238	I:	D:
127548	128798	+	3	1.266686	I:	D:
128830	130080	+	1	1.260127	I:	D:
130093	130242	+	1	1.337737	I:	D:
130281	130469	+	3	1.221022	I:	D:
130752	131024	+	3	1.254126	I:	D:
131091	132455	+	3	1.263324	I:	D:
132866	133531	-	2	1.278530	I:	D:
133551	134495	+	3	1.319683	I:	D:
134547	135194	+	3	1.327438	I:	D:
135289	138918	+	1	1.257828	I:	D:
139010	143023	+	2	1.255901	I:	D:
143228	143905	+	2	1.295457	I:	D:
144074	144766	-	2	1.285210	I:	D:
144865	145740	-	1	1.277351	I:	D:
145737	148220	-	3	1.307908	I:	D:
148217	149437	-	2	1.312277	I:	D:
149527	150864	-	1	1.286333	I:	D:
150925	156681	-	1	1.301354	I:	D:
156588	156959	+	3	1.315441	I:	D:
157118	158545	-	2	1.305544	I:	D:
158729	159040	-	2	1.393017	I:	D:
158961	163130	+	3	1.291710	I:	D:
163127	166453	+	2	1.287981	I:	D:
166585	167289	+	1	1.313073	I:	D:
167438	168814	+	2	1.301396	I:	D:
168733	169653	+	1	1.259115	I:	D:
169770	170063	-	3	1.295460	I:	D:
170215	171456	+	1	1.322669	I:	D:
171465	171872	-	3	1.356011	I:	D:
171735	173168	+	3	1.292820	I:	D:
173602	174561	+	1	1.281262	I:	D:
174741	176447	+	3	1.287226	I:	D:
176523	176891	+	3	1.295060	I:	D:
177255	179864	+	3	1.268516	I:	D:
179916	180515	-	3	1.411622	I:	D:
180322	181653	+	1	1.262557	I:	D:
181717	182373	+	1	1.239674	I:	D:
182851	184428	+	1	1.303926	I:	D:
184653	184907	+	3	1.405307	I:	D:
>YA1_5623
660	908	-	3	1.390926	I:	D:
1147	1419	-	1	1.394064	I:	D:
1468	1605	-	1	1.354543	I:	D:
1624	2079	-	1	1.406605	I:	D:
2491	2718	-	1	1.399916	I:	D:
2785	3348	-	1	1.336770	I:	D:
3302	3535	+	2	1.281460	I:	D:
3738	4091	-	3	1.355809	I:	D:
4143	4328	-	3	1.279834	I:	D:
4377	4709	-	3	1.302000	I:	D:
4735	5811	-	1	1.319919	I:	D:
5608	7062	+	1	1.274527	I:	D:
7046	8092	+	2	1.275137	I:	D:
8257	11088	+	1	1.289239	I:	D:
11156	11836	+	2	1.266501	I:	D:
11844	12410	+	3	1.337748	I:	D:
12471	12983	+	3	1.299612	I:	D:
13041	13304	+	3	1.324222	I:	D:
13560	14744	+	3	1.281349	I:	D:
14748	15428	+	3	1.346170	I:	D:
15534	16025	+	3	1.401589	I:	D:
16042	16701	+	1	1.279461	I:	D:
16908	19790	+	3	1.249898	I:	D:
20050	21102	+	1	1.288383	I:	D:
21252	21854	-	3	1.325742	I:	D:
21876	22469	+	3	1.296411	I:	D:
22781	23311	+	2	1.390355	I:	D:
23436	23672	+	3	1.363556	I:	D:
23669	24157	+	2	1.392641	I:	D:
24277	24456	-	1	1.368165	I:	D:
24938	26938	-	2	1.315731	I:	D:
27080	28315	-	2	1.322505	I:	D:
28381	29037	+	1	1.325052	I:	D:
29199	30575	+	3	1.271252	I:	D:
30661	31860	+	1	1.308906	I:	D:
32068	32430	+	1	1.395226	I:	D:
32267	32944	+	2	1.270466	I:	D:
33127	34518	-	1	1.356430	I:	D:
34341	35864	-	3	1.350270	I:	D:
35985	36518	+	3	1.281020	I:	D:
36520	36735	+	1	1.350814	I:	D:
36765	41378	+	3	1.332770	I:	D:
41511	44198	-	3	1.293166	I:	D:
44284	45510	+	1	1.311147	I:	D:
45513	46568	-	3	1.330103	I:	D:
46700	47011	+	2	1.298811	I:	D:
47011	47487	+	1	1.291243	I:	D:
47641	49962	+	1	1.286670	I:	D:
50082	50621	-	3	1.246204	I:	D:
50932	52344	+	1	1.337844	I:	D:
52494	55211	-	3	1.279283	I:	D:
55421	55726	-	2	1.361991	I:	D:
55729	55893	+	1	1.369970	I:	D:
55905	56162	-	3	1.382965	I:	D:
56356	56823	+	1	1.342192	I:	D:
56898	57623	+	3	1.317293	I:	D:
57878	58081	+	2	1.296633	I:	D:
58169	58882	+	2	1.304245	I:	D:
58928	59140	+	2	1.372809	I:	D:
59171	59317	-	2	1.311321	I:	D:
59386	59796	-	1	1.317197	I:	D:
59927	60136	-	2	1.361299	I:	D:
60299	60979	-	2	1.251614	I:	D:
60981	61799	-	3	1.251230	I:	D:
61887	62732	-	3	1.249178	I:	D:
