>Y7.M033_1
3	3953	-	3	1.317481	I:	D:
3946	5001	-	1	1.311117	I:	D:
5018	5515	-	2	1.299839	I:	D:
5537	6385	-	2	1.313263	I:	D:
6950	7813	-	2	1.329826	I:	D:
7816	8400	-	1	1.332784	I:	D:
>Y7.M033_2
1	201	+	1	1.356054	I:	D:
577	1590	+	1	1.322434	I:	D:
1613	1843	+	2	1.271426	I:	D:
1944	2651	+	3	1.321964	I:	D:
2642	6103	+	2	1.307365	I:	D:
>Y7.M033_3
1	1065	+	1	1.300139	I:	D:
1084	1590	+	1	1.307932	I:	D:
1590	2492	+	3	1.363206	I:	D:
2501	3766	-	2	1.311128	I:	D:
3770	4288	-	2	1.317025	I:	D:
4430	4807	+	2	1.345108	I:	D:
4925	6097	-	2	1.314804	I:	D:
6114	7073	-	3	1.325076	I:	D:
7166	8179	-	2	1.323127	I:	D:
8442	9047	-	3	1.347130	I:	D:
9369	9866	-	3	1.319547	I:	D:
10021	10503	+	1	1.310350	I:	D:
10832	12313	-	2	1.347404	I:	D:
12225	13496	-	3	1.336185	I:	D:
13717	13974	+	1	1.395726	I:	D:
14635	14982	+	1	1.360976	I:	D:
15338	16252	-	2	1.339187	I:	D:
16292	17086	-	2	1.328991	I:	D:
>Y7.M033_4
2	1300	-	2	1.306786	I:	D:
1757	2344	-	2	1.332848	I:	D:
2352	4685	-	3	1.321115	I:	D:
4682	5983	-	2	1.301995	I:	D:
6107	6748	-	2	1.322499	I:	D:
6749	8110	-	2	1.285421	I:	D:
8371	9192	-	1	1.329802	I:	D:
9198	9746	-	3	1.307460	I:	D:
9823	10050	+	1	1.391202	I:	D:
10066	10515	+	1	1.312889	I:	D:
10536	10814	+	3	1.386552	I:	D:
10974	11234	+	3	1.321148	I:	D:
11407	11568	+	1	1.360097	I:	D:
11644	12720	-	1	1.332533	I:	D:
12808	13584	-	1	1.332903	I:	D:
13715	14458	-	2	1.319710	I:	D:
14479	15258	-	1	1.348317	I:	D:
15389	16159	-	2	1.339218	I:	D:
16412	17278	+	2	1.336615	I:	D:
17287	19098	-	1	1.332936	I:	D:
19104	20057	-	3	1.329687	I:	D:
20054	21295	-	2	1.321470	I:	D:
21313	22401	-	1	1.320135	I:	D:
22444	24288	-	1	1.332492	I:	D:
24319	25386	-	1	1.349570	I:	D:
25400	25888	-	2	1.333441	I:	D:
25881	26798	-	3	1.339318	I:	D:
26805	27764	-	3	1.331009	I:	D:
27761	29107	-	2	1.335014	I:	D:
29138	29917	-	2	1.334556	I:	D:
30171	30329	+	3	1.361313	I:	D:
30354	33767	-	3	1.302386	I:	D:
33798	35174	-	3	1.302226	I:	D:
35192	35995	-	2	1.341733	I:	D:
35997	37109	-	3	1.320038	I:	D:
37130	38215	-	2	1.314365	I:	D:
38229	39110	-	3	1.313374	I:	D:
39119	40114	-	2	1.341754	I:	D:
40114	40563	-	1	1.316423	I:	D:
40568	41302	-	2	1.325003	I:	D:
41361	42260	-	3	1.319960	I:	D:
42265	43440	-	1	1.342283	I:	D:
43452	45746	-	3	1.320244	I:	D:
45761	47656	-	2	1.332230	I:	D:
47659	48651	-	1	1.309670	I:	D:
48721	51054	-	1	1.321730	I:	D:
51051	52031	-	3	1.316355	I:	D:
52123	53829	-	1	1.333917	I:	D:
53845	55026	-	1	1.331364	I:	D:
55057	55452	-	1	1.297142	I:	D:
55832	55999	+	2	1.361670	I:	D:
56162	56404	+	2	1.392122	I:	D:
56530	57645	-	1	1.306877	I:	D:
57656	58840	-	2	1.333804	I:	D:
58976	60784	-	2	1.326704	I:	D:
60798	61544	-	3	1.312257	I:	D:
61556	62350	-	2	1.330146	I:	D:
62350	63354	-	1	1.316075	I:	D:
63373	64479	-	1	1.313113	I:	D:
64472	65671	-	2	1.329360	I:	D:
65882	67033	-	2	1.326707	I:	D:
67051	67818	-	1	1.347437	I:	D:
67841	69256	-	2	1.327114	I:	D:
69352	70131	-	1	1.318597	I:	D:
70142	71185	-	2	1.356856	I:	D:
71198	72013	-	2	1.344451	I:	D:
72015	73736	-	3	1.332484	I:	D:
73894	74052	+	1	1.340578	I:	D:
74145	75965	+	3	1.342994	I:	D:
75988	76137	+	1	1.338131	I:	D:
76179	76451	-	3	1.323029	I:	D:
76454	77842	-	2	1.315577	I:	D:
77823	78725	-	3	1.313484	I:	D:
78730	79761	-	1	1.329573	I:	D:
79263	79418	+	3	1.410210	I:	D:
79758	80192	-	3	1.349412	I:	D:
80205	80987	-	3	1.360716	I:	D:
81031	83277	-	1	1.332242	I:	D:
83312	84310	-	2	1.322604	I:	D:
84787	85032	+	1	1.371766	I:	D:
85072	87750	-	1	1.319449	I:	D:
87863	88864	-	2	1.336340	I:	D:
88874	91717	-	2	1.339544	I:	D:
91714	93561	-	1	1.316037	I:	D:
93961	94137	-	1	1.348014	I:	D:
94188	94841	+	3	1.341838	I:	D:
94959	96227	-	3	1.337625	I:	D:
96281	97687	-	2	1.344369	I:	D:
97707	99473	-	3	1.341013	I:	D:
99461	99886	-	2	1.293993	I:	D:
100054	100239	+	1	1.363856	I:	D:
100558	102288	-	1	1.341900	I:	D:
102285	102785	-	3	1.345401	I:	D:
102845	103348	-	2	1.340154	I:	D:
103348	103878	-	1	1.333369	I:	D:
>Y7.M033_5
1	468	-	1	1.344078	I:	D:
461	1411	-	2	1.333850	I:	D:
1559	3055	-	2	1.313709	I:	D:
3088	4203	-	1	1.320398	I:	D:
4488	5162	+	3	1.320010	I:	D:
5362	6393	-	1	1.335580	I:	D:
6619	7707	-	1	1.323917	I:	D:
7713	8150	-	3	1.282271	I:	D:
8190	9371	-	3	1.301623	I:	D:
9418	9897	-	1	1.332320	I:	D:
10035	11528	+	3	1.352608	I:	D:
11633	11995	+	2	1.344670	I:	D:
12008	12256	+	2	1.298096	I:	D:
12465	13172	+	3	1.315844	I:	D:
13191	13658	-	3	1.315880	I:	D:
13278	13799	+	3	1.306978	I:	D:
13841	15775	+	2	1.323037	I:	D:
15772	16404	+	1	1.348922	I:	D:
16468	19662	-	1	1.335015	I:	D:
19687	21186	-	1	1.340808	I:	D:
21161	22945	-	2	1.321809	I:	D:
22983	23813	-	3	1.322888	I:	D:
23813	24688	-	2	1.337506	I:	D:
24769	26058	-	1	1.312082	I:	D:
26179	26535	-	1	1.327304	I:	D:
26563	27588	-	1	1.340911	I:	D:
27629	28096	-	2	1.311661	I:	D:
28112	28525	-	2	1.354944	I:	D:
28519	29190	-	1	1.320902	I:	D:
29254	29979	-	1	1.333688	I:	D:
29997	30443	-	3	1.310804	I:	D:
30457	30792	-	1	1.317853	I:	D:
31146	32684	-	3	1.311723	I:	D:
32681	32845	-	2	1.257849	I:	D:
32900	34195	-	2	1.313927	I:	D:
34221	34451	-	3	1.379727	I:	D:
34602	35834	-	3	1.336850	I:	D:
35841	36434	-	3	1.285767	I:	D:
36452	36817	+	2	1.356500	I:	D:
36836	37111	+	2	1.300729	I:	D:
37145	37303	-	2	1.334826	I:	D:
37500	37745	-	3	1.357391	I:	D:
37873	39606	+	1	1.311627	I:	D:
39676	40884	-	1	1.329530	I:	D:
41159	42298	+	2	1.305834	I:	D:
42300	43415	+	3	1.310904	I:	D:
43493	45490	-	2	1.320063	I:	D:
45670	46098	-	1	1.315034	I:	D:
46218	47057	-	3	1.315184	I:	D:
47252	47746	+	2	1.334483	I:	D:
47849	48064	+	2	1.379113	I:	D:
48078	50147	+	3	1.294438	I:	D:
50217	50948	+	3	1.318499	I:	D:
50988	51245	-	3	1.273998	I:	D:
51235	52047	-	1	1.315777	I:	D:
52040	52825	-	2	1.310188	I:	D:
52822	53499	-	1	1.328499	I:	D:
53574	55043	-	3	1.305471	I:	D:
55160	56644	-	2	1.323222	I:	D:
56682	57302	-	3	1.307684	I:	D:
57349	58053	+	1	1.352942	I:	D:
58067	58555	+	2	1.401357	I:	D:
58587	58916	+	3	1.273691	I:	D:
58968	59531	-	3	1.353350	I:	D:
59542	61017	-	1	1.329030	I:	D:
61147	61308	-	1	1.354041	I:	D:
61369	61560	+	1	1.340363	I:	D:
62136	62381	+	3	1.303713	I:	D:
62378	62662	+	2	1.332771	I:	D:
62981	63367	-	2	1.303240	I:	D:
>Y7.M033_6
242	736	+	2	1.296932	I:	D:
780	977	+	3	1.329605	I:	D:
1004	1360	+	2	1.315124	I:	D:
1515	1691	+	3	1.426909	I:	D:
2097	2234	+	3	1.347408	I:	D:
2258	2428	+	2	1.404996	I:	D:
2432	2752	+	2	1.353420	I:	D:
2756	3280	+	2	1.319638	I:	D:
3329	5629	+	2	1.316846	I:	D:
5649	6278	+	3	1.332698	I:	D:
6318	7778	+	3	1.331354	I:	D:
7768	8343	+	1	1.338383	I:	D:
8360	9613	+	2	1.302698	I:	D:
9821	11641	+	2	1.311994	I:	D:
11698	12798	-	1	1.331897	I:	D:
13066	13269	-	1	1.396965	I:	D:
13585	14430	+	1	1.315701	I:	D:
14431	15120	+	1	1.322973	I:	D:
15117	17438	+	3	1.315750	I:	D:
17452	18708	+	1	1.326273	I:	D:
18852	19604	+	3	1.302492	I:	D:
19650	20588	+	3	1.295354	I:	D:
20790	22232	-	3	1.336512	I:	D:
22287	24206	-	3	1.338990	I:	D:
24444	25397	+	3	1.320665	I:	D:
25414	26298	+	1	1.331623	I:	D:
26484	28004	+	3	1.309243	I:	D:
28029	29501	+	3	1.332375	I:	D:
29644	31914	+	1	1.323717	I:	D:
31986	33005	+	3	1.337110	I:	D:
33031	33921	+	1	1.327443	I:	D:
33983	35725	+	2	1.321216	I:	D:
35839	38145	+	1	1.338184	I:	D:
38164	40584	+	1	1.347650	I:	D:
40616	42046	+	2	1.346269	I:	D:
42051	42746	+	3	1.305696	I:	D:
43012	44490	+	1	1.331453	I:	D:
44834	46231	-	2	1.333639	I:	D:
46421	47776	-	2	1.342748	I:	D:
47815	47949	+	1	1.369804	I:	D:
47977	49242	+	1	1.337201	I:	D:
49307	50107	-	2	1.300287	I:	D:
50249	51856	-	2	1.338023	I:	D:
51853	52728	-	1	1.320900	I:	D:
52761	53654	-	3	1.342910	I:	D:
53671	54777	-	1	1.341557	I:	D:
54805	55611	-	1	1.328837	I:	D:
55637	55837	+	2	1.413935	I:	D:
56014	56583	+	1	1.321003	I:	D:
>Y7.M033_7
27	758	+	3	1.291806	I:	D:
794	1564	+	2	1.325774	I:	D:
1671	2384	+	3	1.323010	I:	D:
2478	3359	+	3	1.327612	I:	D:
3391	6453	+	1	1.320078	I:	D:
6573	7457	+	3	1.329978	I:	D:
7457	8848	+	2	1.317829	I:	D:
8867	9346	+	2	1.320113	I:	D:
9599	10090	+	2	1.337622	I:	D:
10103	10618	+	2	1.320824	I:	D:
10624	10869	-	1	1.319785	I:	D:
11243	11425	+	2	1.372988	I:	D:
11546	12058	+	2	1.370916	I:	D:
12114	13898	-	3	1.353879	I:	D:
14645	20746	+	2	1.319746	I:	D:
20855	21676	+	2	1.345918	I:	D:
21791	22576	+	2	1.302158	I:	D:
22690	23451	+	1	1.327521	I:	D:
23526	24149	-	3	1.334462	I:	D:
24150	24605	-	3	1.356351	I:	D:
24602	24823	-	2	1.375626	I:	D:
24899	25447	-	2	1.298254	I:	D:
25757	27022	+	2	1.323165	I:	D:
27238	27471	+	1	1.291965	I:	D:
27524	28456	+	2	1.323227	I:	D:
28458	29393	+	3	1.318026	I:	D:
29387	30124	+	2	1.307769	I:	D:
30140	31381	+	2	1.321888	I:	D:
31381	31812	+	1	1.315859	I:	D:
31822	32250	+	1	1.312814	I:	D:
32261	33610	+	2	1.334525	I:	D:
33644	35359	+	2	1.329294	I:	D:
35363	36418	+	2	1.324378	I:	D:
36546	38003	+	3	1.316284	I:	D:
38000	39844	+	2	1.316605	I:	D:
39868	40242	-	1	1.302188	I:	D:
40305	41156	+	3	1.342113	I:	D:
41153	42970	+	2	1.322848	I:	D:
42975	44858	+	3	1.334626	I:	D:
44830	45375	+	1	1.342275	I:	D:
45583	47442	+	1	1.354459	I:	D:
47856	48734	+	3	1.328410	I:	D:
48719	49342	+	2	1.334073	I:	D:
49681	50721	+	1	1.315628	I:	D:
50793	51185	+	3	1.345466	I:	D:
>Y7.M033_8
1	306	+	1	1.354498	I:	D:
724	1710	+	1	1.317122	I:	D:
1750	2178	+	1	1.332095	I:	D:
2339	3472	+	2	1.334343	I:	D:
3483	3977	+	3	1.319979	I:	D:
4004	5308	+	2	1.344114	I:	D:
5339	5755	+	2	1.325025	I:	D:
5766	7943	+	3	1.321426	I:	D:
7979	9532	+	2	1.333825	I:	D:
9575	10312	+	2	1.319784	I:	D:
10328	11641	+	2	1.321534	I:	D:
11651	12376	-	2	1.327121	I:	D:
12534	13916	-	3	1.350575	I:	D:
14055	14261	-	3	1.385691	I:	D:
14286	14798	-	3	1.313083	I:	D:
14791	15738	-	1	1.349846	I:	D:
15899	16105	+	2	1.315912	I:	D:
16140	17453	+	3	1.320920	I:	D:
17481	18407	+	3	1.312107	I:	D:
18419	19198	+	2	1.327234	I:	D:
19195	20127	+	1	1.313507	I:	D:
20186	20431	+	2	1.305792	I:	D:
20555	21235	+	2	1.312098	I:	D:
21257	21409	+	2	1.280156	I:	D:
21414	21878	+	3	1.344428	I:	D:
21871	22188	+	1	1.321157	I:	D:
22271	24337	+	2	1.310145	I:	D:
24376	24759	-	1	1.317049	I:	D:
24992	25501	+	2	1.316794	I:	D:
25544	26569	+	2	1.302302	I:	D:
26563	27189	+	1	1.307719	I:	D:
27371	28642	+	2	1.294357	I:	D:
28831	29211	-	1	1.406738	I:	D:
29385	29711	+	3	1.281170	I:	D:
29735	30199	+	2	1.328289	I:	D:
30310	32781	+	1	1.313928	I:	D:
32877	33290	+	3	1.282239	I:	D:
33357	34754	+	3	1.334943	I:	D:
34825	35538	+	1	1.323956	I:	D:
35610	36206	-	3	1.320720	I:	D:
36491	38569	+	2	1.315306	I:	D:
38556	41648	+	3	1.296504	I:	D:
41712	41873	+	3	1.365083	I:	D:
41895	43217	+	3	1.317905	I:	D:
43288	43434	+	1	1.354273	I:	D:
43602	43811	+	3	1.363533	I:	D:
44006	45337	+	2	1.294720	I:	D:
45352	46416	+	1	1.307928	I:	D:
46416	47201	+	3	1.310584	I:	D:
>Y7.M033_9
417	2036	-	3	1.334079	I:	D:
2112	3041	-	3	1.333585	I:	D:
3154	6495	-	1	1.302994	I:	D:
6807	7067	+	3	1.383416	I:	D:
7641	7820	+	3	1.369402	I:	D:
8835	8969	+	3	1.322024	I:	D:
9064	9195	+	1	1.348940	I:	D:
9413	10129	+	2	1.391167	I:	D:
10439	10984	+	2	1.422837	I:	D:
11058	11486	+	3	1.301363	I:	D:
11686	11871	-	1	1.274001	I:	D:
11898	12044	-	3	1.276066	I:	D:
12080	12514	-	2	1.339689	I:	D:
12624	13922	-	3	1.322709	I:	D:
14083	14832	-	1	1.313248	I:	D:
14836	15681	-	1	1.320665	I:	D:
15671	16633	-	2	1.327044	I:	D:
16668	17999	-	3	1.306988	I:	D:
18032	18853	-	2	1.316228	I:	D:
19010	19708	-	2	1.351833	I:	D:
19731	19907	-	3	1.395836	I:	D:
20077	20874	-	1	1.346667	I:	D:
20881	21618	-	1	1.315372	I:	D:
21611	22963	-	2	1.339658	I:	D:
23001	25616	-	3	1.314585	I:	D:
25628	27559	-	2	1.327212	I:	D:
27696	27926	-	3	1.378006	I:	D:
27938	28213	+	2	1.371954	I:	D:
28719	28928	-	3	1.287958	I:	D:
29005	30108	-	1	1.294809	I:	D:
30301	31668	-	1	1.314041	I:	D:
31803	31994	+	3	1.377954	I:	D:
32392	32679	+	1	1.349666	I:	D:
32676	33044	+	3	1.334864	I:	D:
33358	34638	+	1	1.316660	I:	D:
34650	35513	+	3	1.328138	I:	D:
35607	36995	+	3	1.317039	I:	D:
37871	38086	-	2	1.384804	I:	D:
38109	38243	+	3	1.379348	I:	D:
38271	38978	+	3	1.330029	I:	D:
38981	39781	+	2	1.325069	I:	D:
39936	40886	-	3	1.335227	I:	D:
40971	41177	+	3	1.298477	I:	D:
41701	42075	+	1	1.268245	I:	D:
42562	42711	+	1	1.305384	I:	D:
42723	42884	+	3	1.369781	I:	D:
43062	43196	+	3	1.362523	I:	D:
43382	43564	-	2	1.341616	I:	D:
>Y7.M033_10
3	815	-	3	1.313201	I:	D:
854	1033	+	2	1.381147	I:	D:
1136	1324	+	2	1.407952	I:	D:
1337	2995	-	2	1.323294	I:	D:
3235	3984	-	1	1.336064	I:	D:
4079	4240	+	2	1.329315	I:	D:
4715	5593	-	2	1.315721	I:	D:
5631	6605	+	3	1.369094	I:	D:
6620	7222	-	2	1.309684	I:	D:
7244	7732	-	2	1.327379	I:	D:
7729	8295	-	1	1.315955	I:	D:
8465	9124	-	2	1.280315	I:	D:
9174	9938	-	3	1.327900	I:	D:
9945	11027	-	3	1.310711	I:	D:
11024	11914	-	2	1.328923	I:	D:
12019	12906	-	1	1.300841	I:	D:
13098	14759	-	3	1.314809	I:	D:
14756	15439	-	2	1.314580	I:	D:
15459	17132	-	3	1.317226	I:	D:
17129	17575	-	2	1.323421	I:	D:
17889	18143	-	3	1.329159	I:	D:
18259	18696	-	1	1.259263	I:	D:
18792	20846	-	3	1.327829	I:	D:
20863	22527	-	1	1.299182	I:	D:
22541	22897	-	2	1.301149	I:	D:
23056	23286	+	1	1.383721	I:	D:
23554	23916	-	1	1.304699	I:	D:
23938	24999	-	1	1.321897	I:	D:
25015	25368	-	1	1.323578	I:	D:
25552	26004	-	1	1.332548	I:	D:
26103	27671	-	3	1.332334	I:	D:
27610	28974	-	1	1.334403	I:	D:
28991	31357	-	2	1.342147	I:	D:
31556	31912	+	2	1.386099	I:	D:
31951	32943	-	1	1.320157	I:	D:
32958	33569	-	3	1.318974	I:	D:
33566	34063	-	2	1.332560	I:	D:
34183	34575	-	1	1.350786	I:	D:
34616	35212	-	2	1.316642	I:	D:
35209	35589	-	1	1.332933	I:	D:
35605	36372	-	1	1.327460	I:	D:
36369	36899	-	3	1.331447	I:	D:
36932	37984	-	2	1.311701	I:	D:
38088	39509	-	3	1.330763	I:	D:
39688	41157	-	1	1.330670	I:	D:
41384	41590	+	2	1.414275	I:	D:
41688	43232	-	3	1.347795	I:	D:
43334	43837	+	2	1.293448	I:	D:
>Y7.M033_11
1	195	+	1	1.322035	I:	D:
480	671	+	3	1.391662	I:	D:
722	2044	+	2	1.324270	I:	D:
2041	3861	+	1	1.310873	I:	D:
3842	4819	+	2	1.316473	I:	D:
5026	6003	+	1	1.327900	I:	D:
6025	7521	+	1	1.302070	I:	D:
7536	8537	+	3	1.328406	I:	D:
8626	9717	+	1	1.299979	I:	D:
9932	10372	+	2	1.304221	I:	D:
10660	10935	+	1	1.324676	I:	D:
10932	11366	+	3	1.320687	I:	D:
11398	12138	+	1	1.329617	I:	D:
12182	12448	+	2	1.306984	I:	D:
12487	13002	+	1	1.302836	I:	D:
12990	13538	+	3	1.305756	I:	D:
13579	15078	+	1	1.322523	I:	D:
15120	15995	+	3	1.322555	I:	D:
16008	17402	+	3	1.336618	I:	D:
17419	17835	+	1	1.316307	I:	D:
17921	18361	+	2	1.355151	I:	D:
18409	18840	+	1	1.330927	I:	D:
18849	19883	+	3	1.334669	I:	D:
19909	20040	+	1	1.339826	I:	D:
20150	21640	+	2	1.324158	I:	D:
21748	23289	+	1	1.341619	I:	D:
23329	24066	+	1	1.350187	I:	D:
24269	25435	+	2	1.315496	I:	D:
25432	27921	+	1	1.322152	I:	D:
28010	29692	-	2	1.324314	I:	D:
29726	31000	-	2	1.295723	I:	D:
31165	32514	-	1	1.342875	I:	D:
32614	32754	+	1	1.391343	I:	D:
32782	34539	-	1	1.322600	I:	D:
34536	36281	-	3	1.317828	I:	D:
36762	37646	+	3	1.329445	I:	D:
37755	38336	+	3	1.344076	I:	D:
38358	39914	+	3	1.326561	I:	D:
39933	40586	-	3	1.305690	I:	D:
40700	41392	-	2	1.328705	I:	D:
41594	43045	+	2	1.324908	I:	D:
>Y7.M033_12
1	642	+	1	1.362485	I:	D:
726	1661	+	3	1.323549	I:	D:
1675	2646	+	1	1.327510	I:	D:
2667	3185	+	3	1.364388	I:	D:
3178	6075	+	1	1.312804	I:	D:
6108	6785	+	3	1.303706	I:	D:
6828	7625	+	3	1.334189	I:	D:
7637	7888	+	2	1.334572	I:	D:
7857	8960	+	3	1.324169	I:	D:
8975	9370	+	2	1.311171	I:	D:
9393	10439	+	3	1.337839	I:	D:
10519	10938	+	1	1.294069	I:	D:
11014	11226	-	1	1.315768	I:	D:
11362	12759	+	1	1.317821	I:	D:
12804	13496	+	3	1.309216	I:	D:
13512	14135	+	3	1.307333	I:	D:
14145	14900	+	3	1.352355	I:	D:
14915	16042	+	2	1.307622	I:	D:
16035	16547	+	3	1.319442	I:	D:
16544	17461	+	2	1.338202	I:	D:
17488	18159	+	1	1.322279	I:	D:
18156	18602	+	3	1.327912	I:	D:
18666	19769	-	3	1.324108	I:	D:
20157	21773	-	3	1.312610	I:	D:
21933	22163	-	3	1.294157	I:	D:
22266	22610	-	3	1.356432	I:	D:
22816	23439	+	1	1.323852	I:	D:
23622	26996	-	3	1.319605	I:	D:
26980	27600	-	1	1.335546	I:	D:
27597	28979	-	3	1.319542	I:	D:
29056	29418	-	1	1.272063	I:	D:
29415	30008	-	3	1.342331	I:	D:
30005	30637	-	2	1.335655	I:	D:
30649	30939	-	1	1.288458	I:	D:
30949	32244	-	1	1.306839	I:	D:
32505	32792	-	3	1.330899	I:	D:
32796	33116	-	3	1.328998	I:	D:
33119	33424	-	2	1.289556	I:	D:
33630	34700	-	3	1.325809	I:	D:
34819	35484	-	1	1.302339	I:	D:
35504	37369	-	2	1.325551	I:	D:
37618	39651	-	1	1.329885	I:	D:
39816	40709	-	3	1.307102	I:	D:
>Y7.M033_13
1	129	-	1	1.280610	I:	D:
176	1717	-	2	1.338990	I:	D:
1735	3282	-	1	1.330502	I:	D:
3409	4260	-	1	1.329605	I:	D:
4278	5177	-	3	1.320135	I:	D:
5312	6592	-	2	1.300922	I:	D:
6701	7807	-	2	1.319739	I:	D:
7907	10522	-	2	1.326286	I:	D:
10657	10794	+	1	1.357165	I:	D:
10835	11644	-	2	1.340741	I:	D:
12064	14565	+	1	1.317530	I:	D:
14618	14773	-	2	1.318383	I:	D:
14787	16496	-	3	1.301452	I:	D:
16565	18004	-	2	1.322838	I:	D:
18033	18419	-	3	1.320585	I:	D:
18525	18728	+	3	1.316936	I:	D:
18982	20934	-	1	1.308566	I:	D:
21277	21750	-	1	1.365746	I:	D:
22002	22634	+	3	1.333716	I:	D:
22847	24151	-	2	1.315752	I:	D:
24361	25743	-	1	1.298955	I:	D:
25914	26846	-	3	1.331010	I:	D:
26872	28242	-	1	1.331754	I:	D:
28373	31741	-	2	1.319235	I:	D:
32020	32610	+	1	1.318761	I:	D:
32614	33099	-	1	1.316753	I:	D:
33143	37915	-	2	1.314799	I:	D:
37937	39814	-	2	1.341209	I:	D:
>Y7.M033_14
67	549	-	1	1.321096	I:	D:
640	1635	-	1	1.317512	I:	D:
1645	2319	-	1	1.307710	I:	D:
2340	3269	-	3	1.337706	I:	D:
3370	5784	-	1	1.318812	I:	D:
5944	6585	+	1	1.329573	I:	D:
6594	8333	-	3	1.317995	I:	D:
8411	10555	-	2	1.308576	I:	D:
10593	12002	-	3	1.323675	I:	D:
12371	13582	+	2	1.297590	I:	D:
13712	14380	-	2	1.318865	I:	D:
14433	16523	-	3	1.311918	I:	D:
16767	17015	+	3	1.343770	I:	D:
17181	18275	+	3	1.310739	I:	D:
18290	19567	+	2	1.329907	I:	D:
19583	20944	-	2	1.335058	I:	D:
20962	21987	-	1	1.311674	I:	D:
21998	22606	-	2	1.341119	I:	D:
22613	25045	-	2	1.316404	I:	D:
25293	26420	-	3	1.310458	I:	D:
26749	27615	-	1	1.319818	I:	D:
27612	28556	-	3	1.297682	I:	D:
28553	29398	-	2	1.322464	I:	D:
29352	30743	-	3	1.332231	I:	D:
30785	30979	-	2	1.358750	I:	D:
31109	32206	-	2	1.314562	I:	D:
32572	33981	+	1	1.323774	I:	D:
34050	34394	-	3	1.301792	I:	D:
34413	35903	-	3	1.310019	I:	D:
36111	36869	-	3	1.329879	I:	D:
37639	39306	-	1	1.321444	I:	D:
39346	39591	+	1	1.383316	I:	D:
>Y7.M033_15
1	186	+	1	1.320144	I:	D:
288	869	+	3	1.334930	I:	D:
1329	2027	+	3	1.313737	I:	D:
2040	4358	+	3	1.338643	I:	D:
4467	4970	+	3	1.339480	I:	D:
4984	6726	+	1	1.319878	I:	D:
6728	8656	+	2	1.330549	I:	D:
9091	11682	+	1	1.326865	I:	D:
11679	11852	+	3	1.279381	I:	D:
12040	12495	+	1	1.318255	I:	D:
12597	13634	-	3	1.343877	I:	D:
13665	14300	-	3	1.311053	I:	D:
14416	15822	-	1	1.337152	I:	D:
15974	16978	-	2	1.346047	I:	D:
17166	18647	+	3	1.338941	I:	D:
18685	20193	+	1	1.314435	I:	D:
20375	22786	+	2	1.342089	I:	D:
22842	23816	+	3	1.291122	I:	D:
23893	24120	+	1	1.283832	I:	D:
24124	25257	+	1	1.321542	I:	D:
25268	25489	+	2	1.297697	I:	D:
25486	26715	+	1	1.332465	I:	D:
26712	27827	+	3	1.301732	I:	D:
27843	29045	+	3	1.320066	I:	D:
29032	30057	+	1	1.305083	I:	D:
30054	31304	+	3	1.321256	I:	D:
31301	32635	+	2	1.307161	I:	D:
32664	34511	+	3	1.313353	I:	D:
34533	35372	+	3	1.306208	I:	D:
35389	36927	+	1	1.322611	I:	D:
36965	37303	+	2	1.352879	I:	D:
37318	37482	+	1	1.339887	I:	D:
37692	38981	-	3	1.323139	I:	D:
38978	39235	-	2	1.348842	I:	D:
>Y7.M033_16
1	435	-	1	1.301020	I:	D:
560	2281	-	2	1.303777	I:	D:
2404	3276	-	1	1.341604	I:	D:
3295	4245	-	1	1.324790	I:	D:
4421	4585	-	2	1.343696	I:	D:
4896	5195	+	3	1.389335	I:	D:
5235	8753	-	3	1.323420	I:	D:
8768	10753	-	2	1.327113	I:	D:
10955	11104	+	2	1.320309	I:	D:
11119	12699	+	1	1.323406	I:	D:
12791	13705	-	2	1.330205	I:	D:
14005	14607	+	1	1.299588	I:	D:
14675	15205	-	2	1.344102	I:	D:
15063	17771	-	3	1.318484	I:	D:
17894	18331	+	2	1.308069	I:	D:
18371	19228	+	2	1.334193	I:	D:
19267	20583	-	1	1.325949	I:	D:
20613	22943	-	3	1.315818	I:	D:
22959	24998	-	3	1.323080	I:	D:
25020	26381	-	3	1.333309	I:	D:
26400	28691	-	3	1.328373	I:	D:
28675	30468	-	1	1.335836	I:	D:
30537	30983	+	3	1.341303	I:	D:
31911	32315	+	3	1.317112	I:	D:
32343	33425	-	3	1.336994	I:	D:
33444	36443	-	3	1.333349	I:	D:
36555	38174	-	3	1.303824	I:	D:
>Y7.M033_17
2	184	-	2	1.350840	I:	D:
223	2082	-	1	1.327135	I:	D:
2082	3809	-	3	1.332318	I:	D:
3742	3921	+	1	1.326252	I:	D:
3876	4070	+	3	1.383321	I:	D:
4134	4673	+	3	1.309527	I:	D:
4923	6974	+	3	1.323263	I:	D:
6976	7422	+	1	1.304587	I:	D:
7516	8844	+	1	1.324875	I:	D:
8851	9084	+	1	1.407205	I:	D:
9119	9838	+	2	1.322437	I:	D:
10472	11614	-	2	1.330007	I:	D:
11628	12050	-	3	1.307693	I:	D:
12245	12976	+	2	1.310621	I:	D:
13043	13834	+	2	1.317632	I:	D:
13849	14772	+	1	1.301062	I:	D:
14789	15256	+	2	1.330314	I:	D:
15372	15566	+	3	1.332974	I:	D:
15647	15856	+	2	1.329681	I:	D:
16034	16258	-	2	1.326443	I:	D:
16348	16635	+	1	1.309665	I:	D:
16717	17748	-	1	1.325224	I:	D:
17727	18047	+	3	1.344574	I:	D:
18106	18306	-	1	1.365828	I:	D:
18465	20156	+	3	1.329581	I:	D:
20161	20343	+	1	1.320397	I:	D:
20385	21998	+	3	1.338008	I:	D:
22069	22848	+	1	1.328409	I:	D:
22845	23282	+	3	1.363843	I:	D:
23285	24640	-	2	1.343754	I:	D:
24802	25689	+	1	1.344421	I:	D:
25700	26269	+	2	1.298235	I:	D:
26266	26991	+	1	1.310854	I:	D:
27086	27433	-	2	1.282291	I:	D:
27543	28430	+	3	1.325903	I:	D:
28452	28943	-	3	1.356791	I:	D:
29146	29298	+	1	1.360215	I:	D:
29300	29473	+	2	1.352908	I:	D:
29625	30083	+	3	1.321078	I:	D:
30315	31232	+	3	1.324808	I:	D:
31229	32491	+	2	1.317968	I:	D:
32504	32878	+	2	1.305435	I:	D:
32875	33756	+	1	1.324141	I:	D:
33753	34430	+	3	1.342301	I:	D:
34455	36188	-	3	1.349381	I:	D:
36163	37026	+	1	1.336983	I:	D:
37023	37331	+	3	1.338093	I:	D:
37375	38142	+	1	1.331688	I:	D:
>Y7.M033_18
1	405	+	1	1.312575	I:	D:
528	1724	+	3	1.310627	I:	D:
1751	2500	+	2	1.308365	I:	D:
2896	3117	+	1	1.340031	I:	D:
3155	4771	+	2	1.318661	I:	D:
4910	5089	+	2	1.367832	I:	D:
5289	5501	+	3	1.292534	I:	D:
5523	5744	+	3	1.311008	I:	D:
5821	8304	+	1	1.309448	I:	D:
8340	8636	+	3	1.315520	I:	D:
8773	10059	+	1	1.307924	I:	D:
10340	11881	+	2	1.319716	I:	D:
11898	12215	+	3	1.332982	I:	D:
12266	13573	+	2	1.334718	I:	D:
13624	13863	+	1	1.321694	I:	D:
14196	16355	+	3	1.320508	I:	D:
16356	16820	+	3	1.315810	I:	D:
17028	17270	+	3	1.264804	I:	D:
17388	18524	+	3	1.334272	I:	D:
18721	19173	+	1	1.312955	I:	D:
19170	19805	+	3	1.338851	I:	D:
19915	20199	+	1	1.332713	I:	D:
20196	22946	+	3	1.335533	I:	D:
22951	24294	+	1	1.331563	I:	D:
24488	25015	+	2	1.302653	I:	D:
25047	25289	+	3	1.360736	I:	D:
25311	26693	+	3	1.327612	I:	D:
26725	26901	+	1	1.357945	I:	D:
26907	28571	+	3	1.301313	I:	D:
28752	29648	+	3	1.316055	I:	D:
29732	30595	+	2	1.304939	I:	D:
30666	32864	+	3	1.311305	I:	D:
33262	35385	+	1	1.316229	I:	D:
35396	36085	+	2	1.302830	I:	D:
36139	37254	+	1	1.319405	I:	D:
>Y7.M033_19
150	1661	+	3	1.333619	I:	D:
1874	2380	+	2	1.317468	I:	D:
2528	3520	+	2	1.314792	I:	D:
3520	4431	+	1	1.313094	I:	D:
4421	5158	+	2	1.336899	I:	D:
5172	6014	+	3	1.340893	I:	D:
6110	7096	-	2	1.339902	I:	D:
7216	7971	-	1	1.299965	I:	D:
7976	9760	-	2	1.326071	I:	D:
9790	10629	-	1	1.334407	I:	D:
10629	11510	-	3	1.337593	I:	D:
11588	12838	-	2	1.303358	I:	D:
13084	13809	+	1	1.373772	I:	D:
13990	16401	+	1	1.333121	I:	D:
16551	17492	-	3	1.313584	I:	D:
17735	19057	+	2	1.308959	I:	D:
19138	20073	+	1	1.326168	I:	D:
20066	20893	+	2	1.313299	I:	D:
20906	22153	-	2	1.344506	I:	D:
22361	23821	+	2	1.319999	I:	D:
24115	25578	-	1	1.348149	I:	D:
25645	28164	+	1	1.310402	I:	D:
28380	28610	+	3	1.386454	I:	D:
28597	29061	+	1	1.304070	I:	D:
29078	29536	-	2	1.306296	I:	D:
29652	30584	-	3	1.342274	I:	D:
30693	31151	-	3	1.351434	I:	D:
30918	31259	+	3	1.293114	I:	D:
31329	32711	-	3	1.340047	I:	D:
32722	34026	-	1	1.320037	I:	D:
34036	34581	-	1	1.300606	I:	D:
34819	35211	+	1	1.304740	I:	D:
35266	36066	-	1	1.316972	I:	D:
36345	36842	+	3	1.323297	I:	D:
36876	37076	+	3	1.327097	I:	D:
>Y7.M033_20
3	293	+	3	1.311398	I:	D:
319	1011	+	1	1.331176	I:	D:
1145	3487	+	2	1.332759	I:	D:
3492	3626	+	3	1.388626	I:	D:
3843	4505	-	3	1.337637	I:	D:
4532	5494	-	2	1.329051	I:	D:
5135	5485	+	2	1.319137	I:	D:
5494	6510	-	1	1.322724	I:	D:
6523	7446	-	1	1.324749	I:	D:
7497	8429	-	3	1.324283	I:	D:
8602	10221	-	1	1.322730	I:	D:
10646	12070	+	2	1.313678	I:	D:
12087	12413	+	3	1.376754	I:	D:
12567	13871	+	3	1.308306	I:	D:
14385	14744	-	3	1.385256	I:	D:
15060	16406	-	3	1.331351	I:	D:
16576	17247	+	1	1.354234	I:	D:
17306	17485	+	2	1.384056	I:	D:
17546	19159	+	2	1.333386	I:	D:
19149	20096	+	3	1.323701	I:	D:
20300	21391	+	2	1.318851	I:	D:
21446	22291	+	2	1.329177	I:	D:
22626	23612	+	3	1.338230	I:	D:
23600	24532	+	2	1.330505	I:	D:
24551	26053	+	2	1.314792	I:	D:
26101	26331	+	1	1.378497	I:	D:
26500	27468	-	1	1.324885	I:	D:
27673	27876	+	1	1.312154	I:	D:
27966	28538	+	3	1.335998	I:	D:
28601	30220	+	2	1.318677	I:	D:
30255	31589	+	3	1.315874	I:	D:
31617	32534	+	3	1.323645	I:	D:
32705	34057	+	2	1.332241	I:	D:
34084	34731	+	1	1.321627	I:	D:
34907	35737	+	2	1.317780	I:	D:
>Y7.M033_21
113	241	+	2	1.365120	I:	D:
501	956	+	3	1.289993	I:	D:
1019	1444	+	2	1.277687	I:	D:
1746	2921	+	3	1.306398	I:	D:
3073	3984	+	1	1.315802	I:	D:
3997	4881	+	1	1.327897	I:	D:
4878	5648	+	3	1.305328	I:	D:
5648	6358	+	2	1.315578	I:	D:
6378	7430	+	3	1.317216	I:	D:
7440	7625	+	3	1.364164	I:	D:
7760	9406	+	2	1.327180	I:	D:
9505	11073	+	1	1.340450	I:	D:
11167	12594	+	1	1.326680	I:	D:
12852	14123	+	3	1.321042	I:	D:
14084	14677	+	2	1.330478	I:	D:
14628	15107	+	3	1.296594	I:	D:
15252	18959	+	3	1.297176	I:	D:
18991	20475	+	1	1.328289	I:	D:
20942	21355	+	2	1.356855	I:	D:
21414	22478	+	3	1.358151	I:	D:
22609	22806	+	1	1.318644	I:	D:
22926	23393	+	3	1.310370	I:	D:
23673	25244	+	3	1.318521	I:	D:
25341	26261	+	3	1.320206	I:	D:
26275	27162	+	1	1.327340	I:	D:
27173	28171	+	2	1.345072	I:	D:
28168	29133	+	1	1.329806	I:	D:
29155	30462	+	1	1.320356	I:	D:
30465	31226	+	3	1.328051	I:	D:
31261	32016	+	1	1.315837	I:	D:
32040	34586	+	3	1.329366	I:	D:
34611	35030	-	3	1.394669	I:	D:
34974	35531	+	3	1.312225	I:	D:
35548	35712	-	1	1.390388	I:	D:
>Y7.M033_22
132	1667	-	3	1.328390	I:	D:
1683	1850	-	3	1.290868	I:	D:
1958	3355	-	2	1.322871	I:	D:
3366	4184	-	3	1.330899	I:	D:
4112	5341	-	2	1.337194	I:	D:
5271	6362	-	3	1.340956	I:	D:
6359	6880	-	2	1.344059	I:	D:
6937	7074	+	1	1.313926	I:	D:
7336	9315	-	1	1.325877	I:	D:
9333	10676	-	3	1.335693	I:	D:
10709	11284	-	2	1.303589	I:	D:
11421	13871	-	3	1.318744	I:	D:
13888	15168	-	1	1.311988	I:	D:
16398	16571	-	3	1.304637	I:	D:
16610	17521	+	2	1.326612	I:	D:
17952	20246	-	3	1.319009	I:	D:
20326	21414	-	1	1.311588	I:	D:
21597	22709	-	3	1.313084	I:	D:
22888	24039	+	1	1.343082	I:	D:
24197	24943	-	2	1.320857	I:	D:
24947	26833	-	2	1.318775	I:	D:
26866	27495	-	1	1.344110	I:	D:
27911	28105	-	2	1.348602	I:	D:
28107	29438	-	3	1.331456	I:	D:
29476	31587	-	1	1.329091	I:	D:
31648	32964	-	1	1.342029	I:	D:
32861	33724	+	2	1.325425	I:	D:
33995	34600	-	2	1.330470	I:	D:
34628	35056	-	2	1.296697	I:	D:
>Y7.M033_23
3	1154	-	3	1.323408	I:	D:
1162	1563	-	1	1.360461	I:	D:
1563	2357	-	3	1.313345	I:	D:
2380	3327	-	1	1.315164	I:	D:
3500	3721	+	2	1.393491	I:	D:
3976	4911	-	1	1.334340	I:	D:
4912	5979	-	1	1.327607	I:	D:
5972	7516	-	2	1.303445	I:	D:
7572	7700	+	3	1.338916	I:	D:
7769	8608	-	2	1.355538	I:	D:
8608	10152	-	1	1.307034	I:	D:
10443	11543	-	3	1.302495	I:	D:
11567	12346	-	2	1.327557	I:	D:
12410	13360	+	2	1.344500	I:	D:
13488	15428	-	3	1.327646	I:	D:
15586	16518	+	1	1.315132	I:	D:
16708	18012	+	1	1.288807	I:	D:
18043	18951	+	1	1.331234	I:	D:
18954	19802	+	3	1.320962	I:	D:
19841	21679	+	2	1.334722	I:	D:
21702	22637	+	3	1.334247	I:	D:
23039	23281	-	2	1.323110	I:	D:
23294	23941	-	2	1.328698	I:	D:
23938	25272	-	1	1.328857	I:	D:
25929	27392	+	3	1.325805	I:	D:
27501	27824	-	3	1.353377	I:	D:
27911	30037	-	2	1.330512	I:	D:
30049	30750	-	1	1.305206	I:	D:
30878	32518	-	2	1.323953	I:	D:
32508	34079	-	3	1.310495	I:	D:
>Y7.M033_24
3	311	-	3	1.341192	I:	D:
315	1100	-	3	1.299361	I:	D:
1131	2072	-	3	1.304656	I:	D:
2075	3208	-	2	1.306748	I:	D:
3359	4882	-	2	1.315411	I:	D:
4913	5710	-	2	1.324193	I:	D:
5820	6092	+	3	1.364714	I:	D:
6146	6295	+	2	1.313616	I:	D:
6360	7229	-	3	1.317779	I:	D:
7713	7883	-	3	1.269559	I:	D:
7997	8251	-	2	1.302752	I:	D:
8428	8676	-	1	1.260641	I:	D:
8840	10156	-	2	1.330466	I:	D:
10264	11943	-	1	1.302356	I:	D:
11947	12399	-	1	1.317076	I:	D:
12437	13297	-	2	1.339690	I:	D:
13302	14108	-	3	1.332304	I:	D:
14105	15865	-	2	1.329063	I:	D:
15985	16872	-	1	1.328244	I:	D:
16862	17080	-	2	1.260626	I:	D:
17080	18387	-	1	1.336390	I:	D:
18414	18809	-	3	1.300465	I:	D:
18911	19297	-	2	1.285065	I:	D:
19384	21192	-	1	1.327959	I:	D:
21327	22268	-	3	1.336460	I:	D:
22382	23998	-	2	1.314836	I:	D:
23982	25961	-	3	1.313753	I:	D:
25954	26766	-	1	1.338390	I:	D:
26835	27269	-	3	1.318468	I:	D:
27368	28345	-	2	1.320521	I:	D:
28498	28779	+	1	1.386382	I:	D:
28870	29754	-	1	1.323178	I:	D:
29922	30707	-	3	1.345166	I:	D:
30765	31322	-	3	1.309295	I:	D:
31408	31917	-	1	1.327051	I:	D:
31938	33044	-	3	1.329313	I:	D:
>Y7.M033_25
2	289	+	2	1.317503	I:	D:
301	1854	+	1	1.349421	I:	D:
1896	2102	+	3	1.346374	I:	D:
2364	2750	+	3	1.337354	I:	D:
2848	4281	+	1	1.318259	I:	D:
4430	5287	+	2	1.342382	I:	D:
5291	6775	+	2	1.327524	I:	D:
6918	8282	+	3	1.315710	I:	D:
8289	9305	+	3	1.329848	I:	D:
9241	10260	+	1	1.316664	I:	D:
10341	11075	+	3	1.358813	I:	D:
11196	12149	+	3	1.340605	I:	D:
12191	13054	-	2	1.320852	I:	D:
13158	14093	-	3	1.343648	I:	D:
14229	15668	+	3	1.318530	I:	D:
15761	15994	-	2	1.394940	I:	D:
16038	17399	+	3	1.327576	I:	D:
17416	17664	-	1	1.362595	I:	D:
17875	18480	+	1	1.341361	I:	D:
18458	19816	+	2	1.320058	I:	D:
19813	20466	+	1	1.296170	I:	D:
20472	21242	+	3	1.334594	I:	D:
21295	21711	+	1	1.315717	I:	D:
21744	23318	+	3	1.326154	I:	D:
23515	24399	+	1	1.318395	I:	D:
24389	25063	+	2	1.314966	I:	D:
25176	26717	+	3	1.335805	I:	D:
26714	27793	+	2	1.339268	I:	D:
27790	28398	+	1	1.333176	I:	D:
28471	29127	+	1	1.325464	I:	D:
29195	30532	-	2	1.355858	I:	D:
30529	30939	-	1	1.314095	I:	D:
31168	32451	+	1	1.337059	I:	D:
>Y7.M033_26
50	208	+	2	1.368264	I:	D:
306	482	-	3	1.279007	I:	D:
548	2326	-	2	1.348863	I:	D:
1745	2137	+	2	1.343474	I:	D:
2323	4578	-	1	1.320920	I:	D:
4599	5270	-	3	1.311832	I:	D:
5310	6002	-	3	1.328125	I:	D:
6132	6815	+	3	1.322489	I:	D:
6809	8101	+	2	1.320264	I:	D:
8114	8356	+	2	1.373025	I:	D:
8630	9697	+	2	1.317719	I:	D:
10294	11418	+	1	1.299116	I:	D:
11552	12496	+	2	1.328646	I:	D:
12651	12926	+	3	1.320954	I:	D:
13008	14843	+	3	1.307254	I:	D:
14934	15761	+	3	1.304037	I:	D:
15831	16049	+	3	1.377578	I:	D:
16092	16967	+	3	1.308459	I:	D:
17035	18576	-	1	1.328821	I:	D:
18902	20626	+	2	1.335350	I:	D:
20651	22324	+	2	1.322612	I:	D:
22532	23449	+	2	1.318384	I:	D:
23480	24631	+	2	1.321950	I:	D:
24647	25702	+	2	1.320115	I:	D:
25699	26676	+	1	1.332270	I:	D:
28073	28492	+	2	1.310362	I:	D:
28502	28987	+	2	1.321469	I:	D:
29053	30543	-	1	1.326349	I:	D:
30563	31135	-	2	1.294312	I:	D:
>Y7.M033_27
39	1031	-	3	1.330621	I:	D:
1043	1690	-	2	1.329853	I:	D:
1692	3020	-	3	1.302846	I:	D:
3013	4371	-	1	1.318699	I:	D:
4592	5764	+	2	1.321321	I:	D:
5809	5967	+	1	1.361633	I:	D:
6029	6874	-	2	1.343069	I:	D:
6890	7231	-	2	1.314408	I:	D:
7294	8049	-	1	1.319324	I:	D:
8060	8596	-	2	1.322591	I:	D:
8646	9233	-	3	1.314432	I:	D:
9267	10118	-	3	1.323970	I:	D:
10150	10704	-	1	1.324094	I:	D:
10986	11345	-	3	1.340289	I:	D:
11413	12861	-	1	1.340863	I:	D:
12864	13595	-	3	1.332327	I:	D:
13592	14104	-	2	1.298988	I:	D:
14111	14941	-	2	1.352726	I:	D:
14953	15186	-	1	1.277151	I:	D:
15213	15458	-	3	1.320767	I:	D:
15499	16848	-	1	1.299269	I:	D:
16850	17167	-	2	1.337574	I:	D:
17426	18430	-	2	1.345300	I:	D:
18437	19264	-	2	1.321443	I:	D:
19279	20169	-	1	1.337509	I:	D:
20253	21572	-	3	1.302089	I:	D:
21929	22954	+	2	1.342213	I:	D:
23038	24282	-	1	1.316672	I:	D:
24312	26396	-	3	1.323494	I:	D:
26486	27538	-	2	1.336108	I:	D:
27626	28489	-	2	1.346838	I:	D:
28512	29723	-	3	1.306767	I:	D:
29775	30713	-	3	1.293949	I:	D:
>Y7.M033_28
1	486	-	1	1.316516	I:	D:
514	831	-	1	1.317886	I:	D:
851	1231	-	2	1.336641	I:	D:
1236	1586	-	3	1.377164	I:	D:
1645	1917	+	1	1.360897	I:	D:
1995	4088	-	3	1.324509	I:	D:
4104	4313	-	3	1.324807	I:	D:
4538	5482	-	2	1.323229	I:	D:
5479	6696	-	1	1.336967	I:	D:
6693	7895	-	3	1.315321	I:	D:
7885	9339	-	1	1.330232	I:	D:
9336	10517	-	3	1.327003	I:	D:
10514	11893	-	2	1.318799	I:	D:
11916	13328	-	3	1.332114	I:	D:
13341	14975	-	3	1.325760	I:	D:
14980	16500	-	1	1.327663	I:	D:
16564	16932	+	1	1.383883	I:	D:
17100	17675	-	3	1.322094	I:	D:
17754	17975	-	3	1.359751	I:	D:
17989	18156	-	1	1.380883	I:	D:
18324	19211	+	3	1.325895	I:	D:
19321	19491	-	1	1.349040	I:	D:
19550	20950	-	2	1.332285	I:	D:
21080	22186	-	2	1.310912	I:	D:
22245	22631	-	3	1.322386	I:	D:
22648	25056	-	1	1.318540	I:	D:
25104	26375	-	3	1.313977	I:	D:
26395	27558	-	1	1.307967	I:	D:
27560	28714	-	2	1.316536	I:	D:
>Y7.M033_29
1	177	+	1	1.305649	I:	D:
803	1348	+	2	1.318207	I:	D:
1554	3119	-	3	1.309242	I:	D:
3412	4407	-	1	1.357323	I:	D:
4417	4923	-	1	1.357554	I:	D:
5163	6731	-	3	1.325608	I:	D:
6957	10172	-	3	1.311337	I:	D:
10165	11244	-	1	1.331254	I:	D:
11448	12728	-	3	1.338302	I:	D:
12762	13793	-	3	1.313020	I:	D:
13821	14978	-	3	1.312488	I:	D:
14997	15809	-	3	1.320650	I:	D:
15813	16541	-	3	1.323792	I:	D:
16597	17151	-	1	1.286301	I:	D:
17171	17866	-	2	1.310741	I:	D:
17960	20158	-	2	1.324820	I:	D:
20155	20826	-	1	1.346375	I:	D:
20823	21956	-	3	1.325700	I:	D:
21975	23030	-	3	1.327398	I:	D:
23270	25099	-	2	1.324892	I:	D:
25202	26701	-	2	1.328800	I:	D:
26766	28196	+	3	1.326298	I:	D:
>Y7.M033_30
2	385	-	2	1.316444	I:	D:
459	1802	-	3	1.312411	I:	D:
1868	2875	-	2	1.339019	I:	D:
3275	5710	+	2	1.333279	I:	D:
5763	6911	-	3	1.318141	I:	D:
6973	8394	-	1	1.342504	I:	D:
8534	9616	+	2	1.315727	I:	D:
9657	10133	+	3	1.319430	I:	D:
10212	11414	-	3	1.307395	I:	D:
11531	12637	-	2	1.330943	I:	D:
12768	13199	-	3	1.275230	I:	D:
13226	13531	-	2	1.344398	I:	D:
13579	14175	-	1	1.319731	I:	D:
14410	14940	-	1	1.310570	I:	D:
15069	15878	-	3	1.310844	I:	D:
16080	17078	-	3	1.315404	I:	D:
17180	17896	+	2	1.355924	I:	D:
17965	18168	+	1	1.413492	I:	D:
18194	18589	+	2	1.340552	I:	D:
18643	19473	-	1	1.338591	I:	D:
19476	20228	-	3	1.313405	I:	D:
20277	21020	-	3	1.328969	I:	D:
21017	21811	-	2	1.339257	I:	D:
22081	22965	-	1	1.316842	I:	D:
23050	24549	-	1	1.318126	I:	D:
24546	25874	-	3	1.320153	I:	D:
25871	26878	-	2	1.337045	I:	D:
27841	28287	-	1	1.313348	I:	D:
>Y7.M033_31
14	361	+	2	1.348647	I:	D:
354	1145	+	3	1.327099	I:	D:
1182	3233	+	3	1.333137	I:	D:
3240	3911	+	3	1.308800	I:	D:
3923	5080	+	2	1.313979	I:	D:
5077	5688	+	1	1.301703	I:	D:
5788	7344	+	1	1.314391	I:	D:
7471	8025	+	1	1.342600	I:	D:
8218	9102	+	1	1.331024	I:	D:
9293	9766	-	2	1.288475	I:	D:
9814	9942	+	1	1.309176	I:	D:
9973	11064	+	1	1.321470	I:	D:
11155	12843	+	1	1.321874	I:	D:
12866	13339	+	2	1.329011	I:	D:
13384	14667	+	1	1.306210	I:	D:
14877	17516	+	3	1.304434	I:	D:
17642	17818	+	2	1.342843	I:	D:
17888	18511	+	2	1.350409	I:	D:
18560	19786	+	2	1.325742	I:	D:
19801	20601	+	1	1.345218	I:	D:
20606	21364	+	2	1.310633	I:	D:
21361	21930	+	1	1.295023	I:	D:
21951	22730	+	3	1.332174	I:	D:
22818	24020	+	3	1.344477	I:	D:
24111	25547	+	3	1.306834	I:	D:
25562	26503	+	2	1.311766	I:	D:
26524	26901	+	1	1.317319	I:	D:
26920	28068	+	1	1.317743	I:	D:
>Y7.M033_32
2	172	-	2	1.304805	I:	D:
303	611	-	3	1.339441	I:	D:
715	894	-	1	1.317416	I:	D:
984	1583	-	3	1.319062	I:	D:
1601	2941	-	2	1.339020	I:	D:
2941	3375	-	1	1.348150	I:	D:
3576	4013	-	3	1.336265	I:	D:
4013	4789	-	2	1.328488	I:	D:
4818	6518	-	3	1.318144	I:	D:
6494	6712	+	2	1.304810	I:	D:
6870	7499	-	3	1.321040	I:	D:
7534	8244	-	1	1.318083	I:	D:
8259	9017	-	3	1.310515	I:	D:
9020	10117	-	2	1.317152	I:	D:
10127	11011	-	2	1.307856	I:	D:
11181	12407	-	3	1.313001	I:	D:
12508	12642	-	1	1.319991	I:	D:
12649	13353	-	1	1.335617	I:	D:
13347	13631	-	3	1.339956	I:	D:
13706	14341	-	2	1.324230	I:	D:
14371	15360	-	1	1.317155	I:	D:
15376	16812	-	1	1.310260	I:	D:
17097	17669	-	3	1.320525	I:	D:
17762	19201	-	2	1.329962	I:	D:
19640	20983	-	2	1.292283	I:	D:
21013	22515	-	1	1.326042	I:	D:
22650	23180	+	3	1.310253	I:	D:
23207	23677	-	2	1.297358	I:	D:
23690	24358	-	2	1.329777	I:	D:
24506	27319	+	2	1.325882	I:	D:
>Y7.M033_33
3	182	+	3	1.319180	I:	D:
239	1900	+	2	1.323612	I:	D:
1963	2331	+	1	1.298155	I:	D:
2405	3250	+	2	1.313594	I:	D:
3281	3499	+	2	1.267939	I:	D:
3480	5279	+	3	1.326523	I:	D:
5348	6445	+	2	1.320854	I:	D:
6442	7158	+	1	1.318633	I:	D:
7155	7973	+	3	1.358837	I:	D:
7957	8589	+	1	1.358784	I:	D:
8636	10099	+	2	1.332799	I:	D:
10273	11055	+	1	1.322324	I:	D:
11048	12295	+	2	1.317393	I:	D:
12292	13464	+	1	1.329000	I:	D:
13514	14668	+	2	1.310991	I:	D:
14670	15800	+	3	1.349555	I:	D:
15797	16582	+	2	1.315241	I:	D:
16593	17309	+	3	1.350487	I:	D:
17284	18273	+	1	1.327103	I:	D:
18602	18985	-	2	1.372513	I:	D:
19114	20493	-	1	1.331545	I:	D:
20644	20946	+	1	1.334634	I:	D:
20981	22345	+	2	1.346114	I:	D:
22494	25163	+	3	1.313487	I:	D:
25221	27245	+	3	1.327704	I:	D:
>Y7.M033_34
74	1837	+	2	1.309196	I:	D:
1845	3350	+	3	1.318674	I:	D:
3474	4784	+	3	1.320904	I:	D:
4856	5749	+	2	1.324522	I:	D:
5750	6595	+	2	1.325649	I:	D:
6636	8318	+	3	1.333412	I:	D:
8506	9639	+	1	1.342464	I:	D:
9699	10721	+	3	1.306830	I:	D:
10888	11148	+	1	1.364528	I:	D:
11487	12518	-	3	1.340636	I:	D:
12515	13513	-	2	1.342775	I:	D:
13510	14538	-	1	1.309532	I:	D:
14718	14897	+	3	1.384599	I:	D:
14740	16878	+	1	1.337773	I:	D:
17039	17200	+	2	1.350477	I:	D:
17349	18287	+	3	1.338375	I:	D:
18289	19113	+	1	1.317948	I:	D:
19152	20708	+	3	1.304509	I:	D:
20722	21507	+	1	1.333983	I:	D:
21500	22480	+	2	1.329102	I:	D:
22484	23710	+	2	1.296402	I:	D:
23754	24710	+	3	1.335251	I:	D:
24765	25628	-	3	1.328261	I:	D:
25840	26436	+	1	1.306372	I:	D:
26562	27287	+	3	1.317542	I:	D:
>Y7.M033_35
609	860	+	3	1.325978	I:	D:
1063	2094	+	1	1.317483	I:	D:
2091	2957	+	3	1.316966	I:	D:
2979	4055	+	3	1.306415	I:	D:
4301	6034	+	2	1.310928	I:	D:
6050	6994	+	2	1.334767	I:	D:
6991	7821	+	1	1.330816	I:	D:
7818	8759	+	3	1.351407	I:	D:
8761	9435	+	1	1.309008	I:	D:
9605	9877	+	2	1.391923	I:	D:
9917	10435	+	2	1.344685	I:	D:
10440	11252	+	3	1.330705	I:	D:
11249	11887	+	2	1.319326	I:	D:
11897	12682	+	2	1.319886	I:	D:
12692	14002	+	2	1.326795	I:	D:
14475	15821	+	3	1.315330	I:	D:
15869	17599	+	2	1.305464	I:	D:
17611	18510	+	1	1.330853	I:	D:
18520	19578	+	1	1.318414	I:	D:
19603	20103	+	1	1.309590	I:	D:
20104	20856	+	1	1.307414	I:	D:
20858	21736	+	2	1.304699	I:	D:
21760	23676	+	1	1.340025	I:	D:
23868	25136	-	3	1.318338	I:	D:
25409	26188	+	2	1.324121	I:	D:
26262	26741	+	3	1.306436	I:	D:
>Y7.M033_36
1	900	+	1	1.310648	I:	D:
978	1124	+	3	1.327524	I:	D:
1228	1575	-	1	1.340825	I:	D:
1788	3836	+	3	1.310218	I:	D:
3927	5564	+	3	1.317497	I:	D:
5589	6797	+	3	1.323754	I:	D:
6962	7423	+	2	1.287970	I:	D:
7413	9452	+	3	1.325602	I:	D:
9474	10397	+	3	1.326304	I:	D:
10405	11031	-	1	1.309302	I:	D:
11028	12158	-	3	1.357705	I:	D:
12152	13168	+	2	1.334560	I:	D:
13181	14302	+	2	1.324771	I:	D:
14289	15458	+	3	1.331402	I:	D:
15552	16166	-	3	1.396286	I:	D:
16601	17905	-	2	1.320236	I:	D:
17926	18768	-	1	1.323196	I:	D:
18849	19643	-	3	1.373343	I:	D:
19700	21085	+	2	1.328574	I:	D:
21152	21310	-	2	1.293699	I:	D:
21422	22036	-	2	1.344288	I:	D:
22148	22354	-	2	1.360223	I:	D:
22391	23161	-	2	1.317933	I:	D:
23158	23799	-	1	1.335495	I:	D:
24028	25239	+	1	1.315764	I:	D:
25236	25463	+	3	1.297646	I:	D:
25647	26111	+	3	1.321828	I:	D:
>Y7.M033_37
147	1571	-	3	1.305858	I:	D:
1750	1884	+	1	1.381496	I:	D:
1950	2396	-	3	1.304705	I:	D:
2421	2822	-	3	1.338602	I:	D:
2819	3019	-	2	1.292721	I:	D:
3029	4633	-	2	1.299336	I:	D:
4630	5313	-	1	1.295404	I:	D:
5368	6063	-	1	1.319215	I:	D:
6211	7401	-	1	1.307285	I:	D:
7573	8508	-	1	1.307311	I:	D:
8878	9312	-	1	1.329139	I:	D:
9563	10441	-	2	1.333674	I:	D:
10451	11797	-	2	1.333644	I:	D:
11820	13184	-	3	1.335661	I:	D:
13427	14278	-	2	1.328682	I:	D:
14342	14476	-	2	1.316577	I:	D:
14597	15727	-	2	1.315967	I:	D:
15817	16440	-	1	1.320485	I:	D:
16620	17375	-	3	1.321828	I:	D:
17482	19062	-	1	1.348436	I:	D:
19075	19770	-	1	1.310307	I:	D:
19775	20668	-	2	1.295509	I:	D:
20702	22417	-	2	1.325787	I:	D:
22652	23629	-	2	1.330017	I:	D:
23932	24894	-	1	1.327803	I:	D:
24917	25786	-	2	1.318209	I:	D:
25783	25932	-	1	1.279600	I:	D:
>Y7.M033_38
225	527	+	3	1.342348	I:	D:
549	824	+	3	1.327013	I:	D:
918	1562	+	3	1.312050	I:	D:
1584	1865	+	3	1.323429	I:	D:
1948	3279	+	1	1.349074	I:	D:
3289	3849	+	1	1.324923	I:	D:
4000	4443	-	1	1.373117	I:	D:
4754	8290	+	2	1.325200	I:	D:
8353	9780	+	1	1.328794	I:	D:
9777	10421	+	3	1.342254	I:	D:
10445	10612	+	2	1.325562	I:	D:
10845	10985	+	3	1.354890	I:	D:
11025	12773	+	3	1.330609	I:	D:
12755	14524	+	2	1.326510	I:	D:
14567	15889	+	2	1.334394	I:	D:
15937	16323	+	1	1.356008	I:	D:
16333	17214	-	1	1.344150	I:	D:
17259	17402	+	3	1.360941	I:	D:
17546	18691	+	2	1.309731	I:	D:
18688	19185	+	1	1.320013	I:	D:
19189	20490	+	1	1.320712	I:	D:
20629	21726	+	1	1.318992	I:	D:
21713	23326	+	2	1.306256	I:	D:
23545	24948	+	1	1.317015	I:	D:
25031	25669	+	2	1.309743	I:	D:
>Y7.M033_39
1	699	+	1	1.314774	I:	D:
779	1795	+	2	1.316150	I:	D:
1812	2078	+	3	1.350112	I:	D:
2085	3923	+	3	1.318219	I:	D:
3941	5572	+	2	1.340936	I:	D:
5590	6534	+	1	1.330809	I:	D:
6637	7557	-	1	1.304472	I:	D:
7833	8396	+	3	1.313112	I:	D:
8389	9186	+	1	1.326200	I:	D:
9207	10466	+	3	1.315735	I:	D:
10481	11407	+	2	1.327899	I:	D:
11404	12651	+	1	1.331829	I:	D:
12648	15182	+	3	1.334260	I:	D:
15179	17623	+	2	1.331087	I:	D:
17625	19994	+	3	1.337784	I:	D:
19991	21118	+	2	1.326621	I:	D:
21111	22925	+	3	1.327276	I:	D:
22986	23942	+	3	1.341474	I:	D:
24048	25451	+	3	1.329034	I:	D:
25540	25686	-	1	1.355931	I:	D:
>Y7.M033_40
76	384	+	1	1.345056	I:	D:
725	2356	+	2	1.336713	I:	D:
2586	5090	-	3	1.329593	I:	D:
5157	6074	+	3	1.318963	I:	D:
6149	7204	-	2	1.322840	I:	D:
7256	8839	-	2	1.327635	I:	D:
9058	9840	-	1	1.353759	I:	D:
9831	10613	-	3	1.330147	I:	D:
10610	11818	-	2	1.326466	I:	D:
11815	13323	-	1	1.333649	I:	D:
13323	13940	-	3	1.339000	I:	D:
13957	14913	-	1	1.325718	I:	D:
14906	15730	-	2	1.334173	I:	D:
15720	16709	-	3	1.337146	I:	D:
16770	18551	-	3	1.315353	I:	D:
18761	18904	-	2	1.353703	I:	D:
19003	19884	-	1	1.333298	I:	D:
19842	20687	-	3	1.338511	I:	D:
20722	21900	-	1	1.337530	I:	D:
21897	22727	-	3	1.345244	I:	D:
22730	23611	-	2	1.324385	I:	D:
23636	24922	-	2	1.298668	I:	D:
>Y7.M033_41
3	629	+	3	1.299692	I:	D:
827	2233	+	2	1.310772	I:	D:
2336	3466	+	2	1.301980	I:	D:
3589	3942	-	1	1.321472	I:	D:
3935	4288	-	2	1.315720	I:	D:
4285	5046	-	1	1.325133	I:	D:
5172	6410	+	3	1.333167	I:	D:
6450	7391	+	3	1.324654	I:	D:
7511	9799	+	2	1.327250	I:	D:
9976	10716	+	1	1.325873	I:	D:
10818	12146	+	3	1.326338	I:	D:
12194	12742	+	2	1.335050	I:	D:
12763	13671	+	1	1.340402	I:	D:
13900	15114	+	1	1.313240	I:	D:
15195	16205	-	3	1.311243	I:	D:
16658	16831	+	2	1.339957	I:	D:
16852	18183	+	1	1.319803	I:	D:
18202	18495	+	1	1.275284	I:	D:
18507	19982	+	3	1.318693	I:	D:
19979	21415	+	2	1.310295	I:	D:
21450	22835	+	3	1.317159	I:	D:
22961	25075	+	2	1.332142	I:	D:
>Y7.M033_42
3	365	-	3	1.338059	I:	D:
400	1137	-	1	1.326943	I:	D:
1139	1423	-	2	1.399212	I:	D:
1440	3971	+	3	1.333908	I:	D:
4199	8752	+	2	1.311914	I:	D:
8892	10439	+	3	1.325883	I:	D:
10668	10967	-	3	1.348669	I:	D:
10970	12694	+	2	1.332088	I:	D:
12794	13507	+	2	1.332088	I:	D:
13664	15298	+	2	1.313724	I:	D:
15303	15914	+	3	1.321164	I:	D:
15936	16418	+	3	1.307651	I:	D:
16415	17593	+	2	1.320098	I:	D:
17586	18083	+	3	1.313156	I:	D:
18288	19394	-	3	1.330368	I:	D:
19391	20095	-	2	1.322827	I:	D:
20139	22520	-	3	1.318458	I:	D:
22715	23659	+	2	1.318371	I:	D:
23720	24886	+	2	1.324126	I:	D:
>Y7.M033_43
157	396	+	1	1.325783	I:	D:
492	1034	-	3	1.327902	I:	D:
1050	2306	-	3	1.320731	I:	D:
2314	2733	-	1	1.301103	I:	D:
2923	5028	-	1	1.329806	I:	D:
5288	7117	-	2	1.309884	I:	D:
7149	7673	-	3	1.322804	I:	D:
7663	9165	-	1	1.336071	I:	D:
9255	10826	-	3	1.337601	I:	D:
10847	11146	-	2	1.297736	I:	D:
11118	11591	-	3	1.353822	I:	D:
11588	11878	-	2	1.335782	I:	D:
11946	12185	-	3	1.306704	I:	D:
12188	12409	+	2	1.384935	I:	D:
12559	12834	-	1	1.288645	I:	D:
12970	13452	-	1	1.304647	I:	D:
13455	15188	-	3	1.304210	I:	D:
15316	16365	-	1	1.329380	I:	D:
16603	17940	-	1	1.324099	I:	D:
17947	18774	-	1	1.303275	I:	D:
18793	19971	-	1	1.303139	I:	D:
20292	20816	-	3	1.339108	I:	D:
20891	21364	+	2	1.396463	I:	D:
21416	21556	+	2	1.378840	I:	D:
21689	23506	-	2	1.332474	I:	D:
>Y7.M033_44
1	1287	+	1	1.319380	I:	D:
1533	3404	-	3	1.340425	I:	D:
3714	4151	-	3	1.341682	I:	D:
4187	4477	+	2	1.325053	I:	D:
4600	19173	-	1	1.322231	I:	D:
19233	19397	-	3	1.294986	I:	D:
19405	20853	+	1	1.314876	I:	D:
20867	21778	+	2	1.321451	I:	D:
21778	22614	+	1	1.321395	I:	D:
22658	23089	+	2	1.322438	I:	D:
>Y7.M033_45
2	1039	+	2	1.322437	I:	D:
1063	1389	+	1	1.297921	I:	D:
1455	3002	-	3	1.340856	I:	D:
3025	4827	-	1	1.334184	I:	D:
5059	6369	+	1	1.325544	I:	D:
6524	7402	+	2	1.314029	I:	D:
7399	8220	+	1	1.324233	I:	D:
8243	10285	+	2	1.341250	I:	D:
10335	12869	+	3	1.333579	I:	D:
12859	15297	+	1	1.332932	I:	D:
15278	18418	+	2	1.339346	I:	D:
18604	19416	+	1	1.328768	I:	D:
19434	20852	+	3	1.326263	I:	D:
20856	22085	+	3	1.315678	I:	D:
22112	22417	+	2	1.295126	I:	D:
22511	22786	+	2	1.314637	I:	D:
>Y7.M033_46
1	2544	-	1	1.334099	I:	D:
2629	3264	-	1	1.325607	I:	D:
3412	3597	+	1	1.354254	I:	D:
3668	5116	+	2	1.312389	I:	D:
5123	5803	+	2	1.339316	I:	D:
5866	6855	+	1	1.324605	I:	D:
6890	8047	+	2	1.306076	I:	D:
8119	8895	-	1	1.317481	I:	D:
8900	10696	-	2	1.338754	I:	D:
10960	12270	+	1	1.309207	I:	D:
12337	13215	+	1	1.322039	I:	D:
13215	14033	+	3	1.333031	I:	D:
14100	16400	+	3	1.330977	I:	D:
16445	17605	+	2	1.346399	I:	D:
17623	18345	-	1	1.333785	I:	D:
18616	19137	+	1	1.339027	I:	D:
19415	19597	+	2	1.349242	I:	D:
19633	21288	+	1	1.311475	I:	D:
21397	22590	+	1	1.333400	I:	D:
>Y7.M033_47
59	1261	-	2	1.313109	I:	D:
2015	2917	+	2	1.304159	I:	D:
2942	3682	+	2	1.325409	I:	D:
3696	4475	+	3	1.312840	I:	D:
4475	5254	+	2	1.327655	I:	D:
5295	6026	+	3	1.320611	I:	D:
6209	6340	+	2	1.352015	I:	D:
6716	7018	-	2	1.405237	I:	D:
7064	7894	+	2	1.336546	I:	D:
7924	8235	+	1	1.344324	I:	D:
8264	8572	-	2	1.350305	I:	D:
8908	9771	+	1	1.337386	I:	D:
9853	10782	+	1	1.330931	I:	D:
10847	12163	+	2	1.339497	I:	D:
12211	13608	+	1	1.325428	I:	D:
13694	14326	+	2	1.338749	I:	D:
14335	14493	+	1	1.401117	I:	D:
14532	16085	+	3	1.313717	I:	D:
16143	17102	+	3	1.343309	I:	D:
17137	17985	+	1	1.339613	I:	D:
18230	19840	+	2	1.334249	I:	D:
19893	20045	-	3	1.350266	I:	D:
20164	20856	+	1	1.327495	I:	D:
20979	22676	+	3	1.332244	I:	D:
>Y7.M033_48
164	691	-	2	1.279225	I:	D:
842	1711	-	2	1.322596	I:	D:
1723	2118	-	1	1.330751	I:	D:
2262	2537	+	3	1.309158	I:	D:
2818	4323	+	1	1.324764	I:	D:
4327	6129	-	1	1.315870	I:	D:
6343	7635	-	1	1.300247	I:	D:
7989	8597	-	3	1.322142	I:	D:
8715	9431	-	3	1.325485	I:	D:
9435	10238	-	3	1.323513	I:	D:
10288	11280	-	1	1.313136	I:	D:
11293	11433	-	1	1.289236	I:	D:
11435	12145	-	2	1.334751	I:	D:
12414	14120	-	3	1.343081	I:	D:
14133	16004	-	3	1.344166	I:	D:
16001	16537	-	2	1.332388	I:	D:
16762	17325	-	1	1.320191	I:	D:
17309	18724	-	2	1.345330	I:	D:
18821	18967	-	2	1.306873	I:	D:
19253	22078	-	2	1.336601	I:	D:
22152	22409	-	3	1.294933	I:	D:
>Y7.M033_49
9	611	-	3	1.333989	I:	D:
769	1716	+	1	1.325017	I:	D:
1738	2661	+	1	1.312317	I:	D:
2667	2924	-	3	1.378918	I:	D:
3003	3632	+	3	1.309799	I:	D:
3648	4280	+	3	1.329084	I:	D:
4387	4821	+	1	1.317306	I:	D:
4821	5531	+	3	1.329947	I:	D:
5519	5977	+	2	1.325398	I:	D:
6138	6449	-	3	1.315592	I:	D:
6509	7969	-	2	1.361014	I:	D:
8263	8961	+	1	1.341420	I:	D:
9050	9358	+	2	1.331729	I:	D:
9376	10044	+	1	1.354413	I:	D:
10045	10917	+	1	1.318585	I:	D:
11241	11444	+	3	1.309598	I:	D:
11461	11976	+	1	1.304283	I:	D:
12073	12498	+	1	1.315396	I:	D:
12565	13257	+	1	1.321821	I:	D:
13510	14187	+	1	1.317747	I:	D:
14207	15115	+	2	1.320792	I:	D:
15249	16997	-	3	1.333145	I:	D:
17014	17757	-	1	1.317689	I:	D:
17702	18025	+	2	1.392921	I:	D:
18250	19593	+	1	1.311458	I:	D:
19710	20627	+	3	1.326664	I:	D:
20641	21483	+	1	1.317226	I:	D:
21640	21834	+	1	1.394892	I:	D:
>Y7.M033_50
3	128	+	3	1.380219	I:	D:
144	1265	+	3	1.317301	I:	D:
1303	2076	-	1	1.311290	I:	D:
2314	3879	+	1	1.344481	I:	D:
4086	4346	+	3	1.342075	I:	D:
4444	5028	+	1	1.336749	I:	D:
5051	5710	+	2	1.302976	I:	D:
5714	7102	+	2	1.326265	I:	D:
7135	8598	+	1	1.321507	I:	D:
8859	9803	+	3	1.340458	I:	D:
9880	10515	+	1	1.327512	I:	D:
10772	11542	-	2	1.300734	I:	D:
11561	12349	-	2	1.346651	I:	D:
12396	13319	-	3	1.345538	I:	D:
13319	14062	-	2	1.334842	I:	D:
14101	14946	-	1	1.310030	I:	D:
15290	15811	+	2	1.311224	I:	D:
15985	17277	+	1	1.318002	I:	D:
17601	17879	+	3	1.300368	I:	D:
17948	19510	+	2	1.323768	I:	D:
19780	19992	+	1	1.384335	I:	D:
20169	21401	+	3	1.310869	I:	D:
21646	21825	+	1	1.372519	I:	D:
>Y7.M033_51
71	1264	-	2	1.305632	I:	D:
1377	1589	-	3	1.322174	I:	D:
1705	3024	-	1	1.325983	I:	D:
3392	4756	+	2	1.319198	I:	D:
4818	7943	-	3	1.337969	I:	D:
8103	9278	-	3	1.318402	I:	D:
9283	10431	-	1	1.337107	I:	D:
10497	11090	-	3	1.302895	I:	D:
11144	11851	-	2	1.333191	I:	D:
11848	12552	-	1	1.330340	I:	D:
12687	13556	-	3	1.303404	I:	D:
13583	14338	-	2	1.302635	I:	D:
14352	14753	-	3	1.315927	I:	D:
14847	16727	-	3	1.335373	I:	D:
16837	18027	-	1	1.309366	I:	D:
18047	18481	-	2	1.336564	I:	D:
18478	19143	-	1	1.299781	I:	D:
19162	19872	-	1	1.300232	I:	D:
20057	20629	-	2	1.306448	I:	D:
20632	21474	-	1	1.324193	I:	D:
21499	21666	-	1	1.285970	I:	D:
>Y7.M033_52
1	162	+	1	1.362042	I:	D:
286	3801	+	1	1.317238	I:	D:
4004	5509	+	2	1.312061	I:	D:
5611	6516	+	1	1.317750	I:	D:
6518	7384	+	2	1.315266	I:	D:
7516	7869	-	1	1.404687	I:	D:
8179	8394	-	1	1.379952	I:	D:
8395	9381	-	1	1.365530	I:	D:
9312	9479	+	3	1.296893	I:	D:
9552	11501	+	3	1.327985	I:	D:
11533	13611	+	1	1.314544	I:	D:
13626	13976	+	3	1.309345	I:	D:
14094	15377	+	3	1.305107	I:	D:
15592	17859	+	1	1.335453	I:	D:
17856	18662	+	3	1.351955	I:	D:
18813	19775	+	3	1.309387	I:	D:
20011	20841	+	1	1.317207	I:	D:
>Y7.M033_53
285	497	-	3	1.350267	I:	D:
594	1376	+	3	1.329954	I:	D:
1414	1545	+	1	1.338054	I:	D:
1585	1965	+	1	1.383657	I:	D:
2098	3864	+	1	1.307944	I:	D:
4067	5659	+	2	1.337132	I:	D:
5734	7767	+	1	1.311874	I:	D:
7836	8474	+	3	1.334104	I:	D:
8771	13345	+	2	1.321435	I:	D:
13358	14842	+	2	1.333011	I:	D:
14938	15309	-	1	1.320118	I:	D:
15415	16482	+	1	1.315561	I:	D:
16917	17552	+	3	1.334984	I:	D:
17562	18719	+	3	1.329754	I:	D:
18716	20851	+	2	1.309457	I:	D:
>Y7.M033_54
1	462	+	1	1.291533	I:	D:
600	1655	+	3	1.307933	I:	D:
1810	3207	+	1	1.318395	I:	D:
3221	3817	+	2	1.318247	I:	D:
3817	4059	+	1	1.375771	I:	D:
4091	4795	+	2	1.326688	I:	D:
5110	6411	+	1	1.298809	I:	D:
6600	7505	+	3	1.328512	I:	D:
7505	8341	+	2	1.318037	I:	D:
8357	11533	+	2	1.337636	I:	D:
11530	12543	+	1	1.319439	I:	D:
12573	14078	+	3	1.332815	I:	D:
14075	15232	+	2	1.297448	I:	D:
15295	17883	-	1	1.318180	I:	D:
18070	20430	+	1	1.341059	I:	D:
20441	20725	+	2	1.327322	I:	D:
>Y7.M033_55
125	427	-	2	1.313369	I:	D:
870	1250	+	3	1.310598	I:	D:
1258	1764	+	1	1.337368	I:	D:
1960	3123	+	1	1.326535	I:	D:
3149	3841	+	2	1.293188	I:	D:
3838	4596	+	1	1.319016	I:	D:
4593	5663	+	3	1.318004	I:	D:
5656	6387	+	1	1.324504	I:	D:
6380	8356	+	2	1.324444	I:	D:
8353	9753	+	1	1.331073	I:	D:
9750	10736	+	3	1.311761	I:	D:
10765	11808	+	1	1.332247	I:	D:
11831	13369	+	2	1.306299	I:	D:
13366	14007	+	1	1.315637	I:	D:
14015	14512	+	2	1.289479	I:	D:
14624	15280	+	2	1.319139	I:	D:
15360	16157	+	3	1.318709	I:	D:
16213	16743	-	1	1.308401	I:	D:
16776	16931	+	3	1.364312	I:	D:
17072	17833	+	2	1.316408	I:	D:
17830	18708	+	1	1.324230	I:	D:
18842	20476	+	2	1.310972	I:	D:
>Y7.M033_56
2	1366	+	2	1.315458	I:	D:
1509	2687	+	3	1.311229	I:	D:
2708	3331	+	2	1.331334	I:	D:
3349	4059	+	1	1.332914	I:	D:
4043	4375	+	2	1.340431	I:	D:
4681	5013	-	1	1.374920	I:	D:
4928	6172	+	2	1.326063	I:	D:
6208	6339	+	1	1.351802	I:	D:
6919	8118	+	1	1.336947	I:	D:
8079	8681	+	3	1.336512	I:	D:
8796	9857	+	3	1.335100	I:	D:
9863	10582	+	2	1.312322	I:	D:
10557	12731	+	3	1.310390	I:	D:
12841	14043	+	1	1.320409	I:	D:
14058	15002	+	3	1.315162	I:	D:
15019	15813	+	1	1.310239	I:	D:
15890	16963	+	2	1.313209	I:	D:
16967	18640	+	2	1.315634	I:	D:
18667	19032	+	1	1.281286	I:	D:
19152	19628	+	3	1.323417	I:	D:
19703	20305	-	2	1.278371	I:	D:
>Y7.M033_57
2	298	+	2	1.305929	I:	D:
334	819	-	1	1.354105	I:	D:
889	1209	+	1	1.355460	I:	D:
1254	1715	-	3	1.323374	I:	D:
1744	2781	-	1	1.307823	I:	D:
2912	4252	-	2	1.326249	I:	D:
4364	4894	-	2	1.403324	I:	D:
4931	5695	-	2	1.316902	I:	D:
5765	6415	-	2	1.334103	I:	D:
6513	7385	-	3	1.303010	I:	D:
7490	8275	-	2	1.329000	I:	D:
8277	8435	-	3	1.362921	I:	D:
8439	9413	-	3	1.320943	I:	D:
9485	12967	-	2	1.317014	I:	D:
12998	13924	-	2	1.330490	I:	D:
13917	14540	-	3	1.321062	I:	D:
14629	14865	-	1	1.297205	I:	D:
14938	15777	-	1	1.325656	I:	D:
16044	16754	-	3	1.324644	I:	D:
16774	17037	+	1	1.381951	I:	D:
17108	18442	+	2	1.324420	I:	D:
18475	19938	+	1	1.307376	I:	D:
>Y7.M033_58
157	648	-	1	1.311191	I:	D:
645	935	-	3	1.329519	I:	D:
1415	2215	-	2	1.309932	I:	D:
2205	2357	-	3	1.352107	I:	D:
2412	6209	-	3	1.315952	I:	D:
6314	7747	-	2	1.309217	I:	D:
7744	9189	-	1	1.341591	I:	D:
9327	10127	-	3	1.321282	I:	D:
10155	11225	-	3	1.334676	I:	D:
11296	13800	-	1	1.321189	I:	D:
13755	14162	+	3	1.385564	I:	D:
14294	14509	+	2	1.359384	I:	D:
14904	15353	-	3	1.346756	I:	D:
15487	15747	-	1	1.311956	I:	D:
15981	17336	+	3	1.333009	I:	D:
17442	18206	-	3	1.332859	I:	D:
18323	19951	-	2	1.312280	I:	D:
>Y7.M033_59
1	708	-	1	1.337204	I:	D:
741	2120	-	3	1.315864	I:	D:
2322	3161	+	3	1.333200	I:	D:
3161	4054	+	2	1.320872	I:	D:
4123	4740	-	1	1.314958	I:	D:
4756	5586	-	1	1.322995	I:	D:
5741	7222	+	2	1.340415	I:	D:
7231	8523	-	1	1.334670	I:	D:
8583	9752	-	3	1.332664	I:	D:
9749	11764	-	2	1.324984	I:	D:
11788	12111	-	1	1.303619	I:	D:
12202	12525	-	1	1.288429	I:	D:
12506	13147	-	2	1.300583	I:	D:
13400	14758	-	2	1.312277	I:	D:
14991	15425	-	3	1.350716	I:	D:
15458	15637	+	2	1.373587	I:	D:
15767	16960	-	2	1.320915	I:	D:
17083	19053	-	1	1.306981	I:	D:
>Y7.M033_60
2	556	-	2	1.350929	I:	D:
739	2664	-	1	1.328749	I:	D:
2661	4322	-	3	1.336806	I:	D:
4277	4993	-	2	1.322588	I:	D:
5043	6095	-	3	1.317156	I:	D:
6098	6811	-	2	1.333136	I:	D:
7029	8018	+	3	1.339996	I:	D:
8026	9048	-	1	1.340783	I:	D:
9064	11031	-	1	1.321756	I:	D:
11133	11759	-	3	1.341348	I:	D:
11879	13588	+	2	1.314761	I:	D:
13758	14159	-	3	1.299125	I:	D:
14228	14839	-	2	1.335236	I:	D:
14860	14991	-	1	1.291339	I:	D:
15190	16140	-	1	1.336543	I:	D:
16157	17641	-	2	1.320123	I:	D:
17686	18744	-	1	1.328733	I:	D:
>Y7.M033_61
3	857	+	3	1.325957	I:	D:
906	1061	+	3	1.358934	I:	D:
1106	2773	+	2	1.329069	I:	D:
2791	4227	+	1	1.331048	I:	D:
4463	4828	+	2	1.370335	I:	D:
5399	6547	+	2	1.333392	I:	D:
6677	9799	+	2	1.325870	I:	D:
9806	9946	+	2	1.362231	I:	D:
10010	10441	-	2	1.313915	I:	D:
10435	11355	-	1	1.322453	I:	D:
11449	11865	-	1	1.366975	I:	D:
12016	13308	+	1	1.319784	I:	D:
13315	13872	+	1	1.332279	I:	D:
13876	14358	+	1	1.335256	I:	D:
14374	15198	+	1	1.319305	I:	D:
15203	16018	+	2	1.331034	I:	D:
16015	17145	+	1	1.328179	I:	D:
17146	17337	+	1	1.387928	I:	D:
17445	18779	+	3	1.307962	I:	D:
>Y7.M033_62
248	901	-	2	1.312842	I:	D:
980	1201	+	2	1.349143	I:	D:
1364	1675	+	2	1.282704	I:	D:
1681	2715	+	1	1.324591	I:	D:
2744	2875	+	2	1.394695	I:	D:
2960	4897	+	2	1.310635	I:	D:
4960	5400	+	1	1.317276	I:	D:
5433	5741	+	3	1.312695	I:	D:
5761	6348	+	1	1.293268	I:	D:
6341	8107	+	2	1.318978	I:	D:
8123	9142	+	2	1.319593	I:	D:
9179	9520	+	2	1.308920	I:	D:
9517	10134	+	1	1.311317	I:	D:
10155	12536	+	3	1.315548	I:	D:
12617	14332	-	2	1.332928	I:	D:
14405	14602	-	2	1.384293	I:	D:
14635	16338	-	1	1.334736	I:	D:
16528	18138	-	1	1.310390	I:	D:
18314	18457	+	2	1.334191	I:	D:
18510	18665	-	3	1.289982	I:	D:
>Y7.M033_63
181	756	+	1	1.336911	I:	D:
820	1197	+	1	1.286765	I:	D:
1339	1725	-	1	1.308626	I:	D:
1905	2369	-	3	1.289873	I:	D:
2496	3899	+	3	1.330014	I:	D:
3967	4656	-	1	1.308728	I:	D:
4813	5547	+	1	1.319630	I:	D:
5557	6330	+	1	1.327100	I:	D:
6323	6751	+	2	1.349268	I:	D:
6973	7881	-	1	1.328332	I:	D:
7903	9324	-	1	1.352173	I:	D:
9463	10353	+	1	1.337188	I:	D:
10404	10964	+	3	1.350348	I:	D:
10985	12487	+	2	1.335596	I:	D:
12502	13269	+	1	1.349381	I:	D:
13273	14253	+	1	1.352079	I:	D:
14237	16243	+	2	1.345355	I:	D:
16240	18081	+	1	1.345754	I:	D:
>Y7.M033_64
156	2387	-	3	1.337237	I:	D:
2384	3112	-	2	1.339693	I:	D:
3565	4965	+	1	1.321852	I:	D:
4970	5809	+	2	1.312916	I:	D:
5802	6731	+	3	1.317702	I:	D:
6733	8211	+	1	1.319874	I:	D:
8245	9249	+	1	1.328415	I:	D:
9343	9999	+	1	1.295868	I:	D:
10015	10854	+	1	1.323530	I:	D:
10842	11783	+	3	1.302275	I:	D:
11856	12470	+	3	1.353047	I:	D:
12483	12671	+	3	1.374917	I:	D:
13067	13222	+	2	1.386083	I:	D:
13226	14482	+	2	1.325763	I:	D:
14548	15753	+	1	1.327810	I:	D:
15769	16458	+	1	1.309253	I:	D:
16579	16737	-	1	1.365828	I:	D:
16936	17115	-	1	1.313858	I:	D:
>Y7.M033_65
46	990	-	1	1.318969	I:	D:
978	3521	-	3	1.313585	I:	D:
3596	4258	+	2	1.340709	I:	D:
4277	4999	+	2	1.337792	I:	D:
5080	6291	-	1	1.310252	I:	D:
6285	7511	-	3	1.313926	I:	D:
7516	7959	-	1	1.322070	I:	D:
8050	8904	-	1	1.320293	I:	D:
8901	9965	-	3	1.321991	I:	D:
9980	11254	-	2	1.330328	I:	D:
11294	12313	-	2	1.313190	I:	D:
12541	15105	-	1	1.305087	I:	D:
15256	16737	-	1	1.341381	I:	D:
>Y7.M033_66
1	465	+	1	1.352718	I:	D:
459	974	+	3	1.322401	I:	D:
1008	1202	+	3	1.305605	I:	D:
1224	1604	+	3	1.318134	I:	D:
1622	2794	+	2	1.326028	I:	D:
2801	3322	+	2	1.332111	I:	D:
3324	3866	+	3	1.332581	I:	D:
3969	4487	-	3	1.399107	I:	D:
4489	5859	-	1	1.322530	I:	D:
5863	10125	-	1	1.314088	I:	D:
10147	10323	+	1	1.354861	I:	D:
10374	11504	+	3	1.326981	I:	D:
11623	11940	+	1	1.295490	I:	D:
11963	12166	+	2	1.367946	I:	D:
12209	12991	+	2	1.320218	I:	D:
12993	13352	+	3	1.291806	I:	D:
13404	15074	+	3	1.323572	I:	D:
15099	16670	+	3	1.313401	I:	D:
>Y7.M033_67
373	810	-	1	1.308134	I:	D:
1004	2926	+	2	1.318991	I:	D:
2943	5189	+	3	1.312656	I:	D:
5316	5783	+	3	1.316615	I:	D:
5802	6983	+	3	1.299303	I:	D:
6999	7283	+	3	1.313788	I:	D:
7264	7590	+	1	1.319563	I:	D:
7604	10297	+	2	1.320289	I:	D:
10305	10700	+	3	1.302155	I:	D:
10687	11658	+	1	1.313618	I:	D:
11655	12578	+	3	1.343731	I:	D:
12597	13502	+	3	1.320574	I:	D:
13551	13991	+	3	1.332663	I:	D:
14116	14382	+	1	1.317969	I:	D:
14536	16620	+	1	1.315224	I:	D:
>Y7.M033_68
2	676	+	2	1.326551	I:	D:
775	1446	+	1	1.334640	I:	D:
1504	2445	-	1	1.309984	I:	D:
2457	3476	-	3	1.324533	I:	D:
3514	4410	-	1	1.308679	I:	D:
4641	4871	-	3	1.378052	I:	D:
4892	5053	-	2	1.314236	I:	D:
5195	5830	-	2	1.317061	I:	D:
6081	7259	-	3	1.341537	I:	D:
7570	8475	+	1	1.325333	I:	D:
8540	10927	-	2	1.332266	I:	D:
11147	12025	+	2	1.343700	I:	D:
12095	12904	+	2	1.316223	I:	D:
12995	14377	+	2	1.319229	I:	D:
14555	16339	+	2	1.338159	I:	D:
16341	16643	+	3	1.312766	I:	D:
>Y7.M033_69
1	537	+	1	1.333820	I:	D:
538	1296	+	1	1.317762	I:	D:
1314	1988	+	3	1.335409	I:	D:
2252	3919	+	2	1.314802	I:	D:
3937	5004	+	1	1.310832	I:	D:
5015	5380	+	2	1.298823	I:	D:
5474	7120	-	2	1.340993	I:	D:
7185	8021	-	3	1.341928	I:	D:
8391	10016	+	3	1.327527	I:	D:
10003	11118	+	1	1.331960	I:	D:
11127	12293	+	3	1.340726	I:	D:
12378	13256	-	3	1.338325	I:	D:
13298	14347	+	2	1.311483	I:	D:
14353	14988	+	1	1.283368	I:	D:
15035	16639	+	2	1.305934	I:	D:
>Y7.M033_70
1	1053	+	1	1.319533	I:	D:
1043	3502	+	2	1.314796	I:	D:
3598	4509	+	1	1.328333	I:	D:
4509	5795	+	3	1.325741	I:	D:
5853	6362	+	3	1.385838	I:	D:
6433	7191	+	1	1.339534	I:	D:
7188	7943	+	3	1.326871	I:	D:
7943	8140	+	2	1.332254	I:	D:
8204	8398	+	2	1.297107	I:	D:
8584	9585	+	1	1.303440	I:	D:
9616	9825	-	1	1.296373	I:	D:
10070	11038	+	2	1.313039	I:	D:
11127	12302	+	3	1.325438	I:	D:
12314	13711	-	2	1.322649	I:	D:
13745	15694	+	2	1.321685	I:	D:
15859	16407	+	1	1.333890	I:	D:
>Y7.M033_71
1	1086	+	1	1.319469	I:	D:
1259	2167	+	2	1.303698	I:	D:
2221	3006	+	1	1.326283	I:	D:
2993	3718	+	2	1.298080	I:	D:
3743	4525	+	2	1.304053	I:	D:
4660	5994	+	1	1.334054	I:	D:
5996	6742	+	2	1.316527	I:	D:
6739	7413	+	1	1.299938	I:	D:
7410	9326	+	3	1.340911	I:	D:
9326	10120	+	2	1.346892	I:	D:
10143	10742	+	3	1.319963	I:	D:
10755	11750	+	3	1.335711	I:	D:
11762	12004	-	2	1.343924	I:	D:
12017	12256	+	2	1.322816	I:	D:
12473	12724	+	2	1.388515	I:	D:
12811	12945	-	1	1.315471	I:	D:
12364	13428	+	1	1.319097	I:	D:
13425	14075	+	3	1.321948	I:	D:
14078	15373	+	2	1.308387	I:	D:
15393	15980	+	3	1.322352	I:	D:
15982	16200	+	1	1.317212	I:	D:
>Y7.M033_72
69	341	-	3	1.360355	I:	D:
393	806	-	3	1.350175	I:	D:
1234	3231	-	1	1.343187	I:	D:
3370	5379	-	1	1.341560	I:	D:
5395	6267	-	1	1.307902	I:	D:
6305	7087	-	2	1.328010	I:	D:
7106	9067	-	2	1.304861	I:	D:
9280	9426	-	1	1.335066	I:	D:
9553	9813	-	1	1.377363	I:	D:
9850	10875	+	1	1.338492	I:	D:
10893	11954	-	3	1.313653	I:	D:
11959	13008	-	1	1.323429	I:	D:
13299	14882	+	3	1.331319	I:	D:
14900	15592	+	2	1.342143	I:	D:
>Y7.M033_73
3	185	-	3	1.236699	I:	D:
259	405	-	1	1.362022	I:	D:
435	599	+	3	1.346224	I:	D:
695	892	+	2	1.363932	I:	D:
920	1093	+	2	1.345411	I:	D:
1298	2389	+	2	1.359901	I:	D:
2726	2920	+	2	1.357009	I:	D:
3104	5407	-	2	1.323027	I:	D:
5479	5652	+	1	1.354940	I:	D:
5656	7242	-	1	1.307573	I:	D:
7304	8197	-	2	1.319554	I:	D:
8210	9157	-	2	1.332027	I:	D:
9180	10094	-	3	1.329214	I:	D:
10191	10955	-	3	1.318550	I:	D:
11287	11436	-	1	1.355052	I:	D:
11612	11761	-	2	1.399181	I:	D:
11773	11973	+	1	1.394577	I:	D:
12295	12774	-	1	1.329648	I:	D:
12779	13384	-	2	1.306582	I:	D:
13400	14719	-	2	1.332530	I:	D:
14755	15333	-	1	1.319828	I:	D:
>Y7.M033_74
2	703	+	2	1.320326	I:	D:
789	989	-	3	1.369969	I:	D:
1008	2174	+	3	1.311045	I:	D:
2190	3251	+	3	1.327064	I:	D:
3263	4012	+	2	1.318327	I:	D:
4071	5240	-	3	1.310499	I:	D:
5311	6339	-	1	1.331180	I:	D:
6344	7450	-	2	1.306820	I:	D:
7503	7646	+	3	1.343664	I:	D:
7923	9302	-	3	1.312882	I:	D:
9746	11020	+	2	1.311018	I:	D:
11017	12135	+	1	1.323326	I:	D:
12186	12485	+	3	1.280584	I:	D:
12784	13920	-	1	1.326436	I:	D:
14056	14475	+	1	1.380594	I:	D:
14504	15076	+	2	1.299556	I:	D:
>Y7.M033_75
3	581	-	3	1.314895	I:	D:
592	1641	-	1	1.336631	I:	D:
1687	3138	-	1	1.313063	I:	D:
3168	3953	-	3	1.332008	I:	D:
4024	4392	-	1	1.388292	I:	D:
4331	5479	+	2	1.349291	I:	D:
5552	6973	-	2	1.315593	I:	D:
6970	7890	-	1	1.319951	I:	D:
7915	9027	-	1	1.305218	I:	D:
9100	10665	-	1	1.313428	I:	D:
10734	11732	-	3	1.317874	I:	D:
11747	12667	-	2	1.339897	I:	D:
12715	13695	-	1	1.330098	I:	D:
13709	14716	-	2	1.330792	I:	D:
14813	15082	-	2	1.296638	I:	D:
>Y7.M033_76
93	281	-	3	1.361844	I:	D:
381	1814	+	3	1.312029	I:	D:
1877	3922	+	2	1.323560	I:	D:
3951	5225	+	3	1.304138	I:	D:
5229	5420	+	3	1.349431	I:	D:
5439	5594	+	3	1.380358	I:	D:
5639	6697	-	2	1.327432	I:	D:
6717	8237	+	3	1.333907	I:	D:
8234	9424	+	2	1.343095	I:	D:
9463	9693	+	1	1.299295	I:	D:
9709	11238	+	1	1.330389	I:	D:
11225	12199	+	2	1.333360	I:	D:
12277	12783	+	1	1.307979	I:	D:
12776	15142	+	2	1.311684	I:	D:
>Y7.M033_77
2	1297	+	2	1.325454	I:	D:
1299	2483	-	3	1.315522	I:	D:
2476	3180	-	1	1.331491	I:	D:
3207	4943	-	3	1.319440	I:	D:
5023	5988	+	1	1.326735	I:	D:
6006	6278	+	3	1.310935	I:	D:
6268	6906	+	1	1.322867	I:	D:
6910	7182	+	1	1.301414	I:	D:
7145	7834	+	2	1.313032	I:	D:
7856	9181	+	2	1.314590	I:	D:
9178	9714	+	1	1.305804	I:	D:
9727	10977	+	1	1.327594	I:	D:
11044	11337	-	1	1.296114	I:	D:
11324	11731	-	2	1.339506	I:	D:
11631	11960	+	3	1.294105	I:	D:
12019	12273	-	1	1.382671	I:	D:
12340	14055	-	1	1.348820	I:	D:
14078	15037	+	2	1.336883	I:	D:
>Y7.M033_78
333	578	-	3	1.395583	I:	D:
597	1397	-	3	1.337748	I:	D:
1387	2382	-	1	1.329098	I:	D:
2448	2612	-	3	1.375513	I:	D:
2648	3598	+	2	1.336695	I:	D:
3756	6164	-	3	1.320233	I:	D:
6186	7058	-	3	1.340039	I:	D:
7203	8558	+	3	1.336358	I:	D:
8566	9687	-	1	1.318225	I:	D:
9888	11237	-	3	1.333480	I:	D:
11599	13602	-	1	1.316282	I:	D:
13692	14564	+	3	1.329781	I:	D:
14639	14791	-	2	1.314913	I:	D:
>Y7.M033_79
2	691	+	2	1.360438	I:	D:
819	3308	+	3	1.316968	I:	D:
3305	5611	+	2	1.330521	I:	D:
5623	5772	+	1	1.332892	I:	D:
5838	7463	+	3	1.329227	I:	D:
7566	8489	+	3	1.340359	I:	D:
8500	9426	+	1	1.324818	I:	D:
9542	10192	+	2	1.306199	I:	D:
10332	11075	+	3	1.319335	I:	D:
11053	11694	+	1	1.321514	I:	D:
11785	11916	+	1	1.342534	I:	D:
12168	12713	-	3	1.298168	I:	D:
12935	13339	-	2	1.353199	I:	D:
13581	14348	+	3	1.316257	I:	D:
>Y7.M033_80
146	829	-	2	1.324605	I:	D:
1118	2617	-	2	1.325174	I:	D:
2647	4326	-	1	1.324642	I:	D:
4363	5055	-	1	1.294347	I:	D:
5089	6846	-	1	1.306157	I:	D:
6906	7913	-	3	1.333783	I:	D:
7971	10301	-	3	1.341943	I:	D:
10324	11298	-	1	1.341350	I:	D:
11311	12750	-	1	1.312408	I:	D:
12767	13429	-	2	1.313086	I:	D:
>Y7.M033_81
17	1540	+	2	1.317727	I:	D:
1543	3693	+	1	1.317612	I:	D:
3722	3853	+	2	1.323531	I:	D:
3907	4707	-	1	1.319324	I:	D:
4704	5549	-	3	1.328973	I:	D:
5624	6553	+	2	1.326218	I:	D:
6553	8310	+	1	1.344472	I:	D:
8391	8711	+	3	1.320903	I:	D:
8824	10191	+	1	1.319239	I:	D:
10198	11337	+	1	1.329194	I:	D:
11334	11618	+	3	1.312759	I:	D:
11681	12820	+	2	1.314599	I:	D:
12930	13109	+	3	1.395114	I:	D:
>Y7.M033_82
1	660	+	1	1.318332	I:	D:
692	1477	+	2	1.311436	I:	D:
1474	2091	+	1	1.309827	I:	D:
2093	3277	+	2	1.328580	I:	D:
3270	4049	+	3	1.312125	I:	D:
4055	4630	-	2	1.367446	I:	D:
4715	5002	+	2	1.309235	I:	D:
5015	6259	+	2	1.347748	I:	D:
6243	7604	+	3	1.344059	I:	D:
7673	7942	+	2	1.340493	I:	D:
8032	8598	+	1	1.308506	I:	D:
8650	9690	-	1	1.332535	I:	D:
9990	10418	+	3	1.312179	I:	D:
10435	10827	+	1	1.344919	I:	D:
11238	11537	+	3	1.320188	I:	D:
11534	12319	+	2	1.328248	I:	D:
12506	12706	-	2	1.285710	I:	D:
>Y7.M033_83
34	261	+	1	1.376805	I:	D:
515	757	-	2	1.346245	I:	D:
684	1385	-	3	1.324523	I:	D:
1402	2430	-	1	1.315226	I:	D:
2451	3365	-	3	1.332130	I:	D:
3473	3703	-	2	1.315880	I:	D:
3786	4328	-	3	1.321086	I:	D:
4325	6172	-	2	1.299345	I:	D:
6169	6609	-	1	1.312867	I:	D:
6737	7285	-	2	1.290390	I:	D:
7303	7983	-	1	1.340197	I:	D:
7976	9514	-	2	1.319434	I:	D:
9616	10200	-	1	1.307510	I:	D:
10425	11150	-	3	1.342251	I:	D:
11260	11766	-	1	1.309454	I:	D:
11846	12193	-	2	1.289605	I:	D:
>Y7.M033_84
167	1441	+	2	1.327309	I:	D:
1434	3107	+	3	1.313990	I:	D:
3154	3963	-	1	1.317840	I:	D:
4077	4973	+	3	1.364451	I:	D:
5002	5304	-	1	1.364341	I:	D:
5304	6320	-	3	1.334378	I:	D:
6320	7465	-	2	1.319600	I:	D:
7479	9035	-	3	1.305663	I:	D:
9050	10036	-	2	1.333350	I:	D:
10203	11657	-	3	1.320574	I:	D:
12283	12534	+	1	1.370091	I:	D:
>Y7.M033_85
2	745	+	2	1.300769	I:	D:
894	4331	+	3	1.329401	I:	D:
4309	7959	+	1	1.316996	I:	D:
8015	12112	+	2	1.319835	I:	D:
12185	12553	+	2	1.319562	I:	D:
>Y7.M033_86
3	2096	+	3	1.332177	I:	D:
2207	4801	+	2	1.324360	I:	D:
4788	6587	+	3	1.320190	I:	D:
6664	7440	+	1	1.316558	I:	D:
7629	7937	+	3	1.331038	I:	D:
8018	8560	+	2	1.299406	I:	D:
8684	9514	+	2	1.317215	I:	D:
9744	10613	-	3	1.312628	I:	D:
10681	10968	-	1	1.361264	I:	D:
10922	11611	-	2	1.303973	I:	D:
11622	12287	-	3	1.352109	I:	D:
>Y7.M033_87
3	1016	+	3	1.315407	I:	D:
1242	1997	-	3	1.305276	I:	D:
2012	2698	-	2	1.316316	I:	D:
2695	3459	-	1	1.350133	I:	D:
3506	4474	-	2	1.338418	I:	D:
4490	6067	-	2	1.308764	I:	D:
6091	6837	-	1	1.322122	I:	D:
6873	7631	-	3	1.314934	I:	D:
7633	8430	-	1	1.318955	I:	D:
8427	9971	-	3	1.317716	I:	D:
10003	10818	-	1	1.340831	I:	D:
10815	11759	-	3	1.331950	I:	D:
11790	11936	-	3	1.356323	I:	D:
12017	12223	-	2	1.330479	I:	D:
>Y7.M033_88
2	1216	+	2	1.306938	I:	D:
1206	2003	+	3	1.286339	I:	D:
2145	2981	+	3	1.344350	I:	D:
3190	4050	+	1	1.319964	I:	D:
4026	4880	+	3	1.318645	I:	D:
4877	5683	+	2	1.313737	I:	D:
5680	6429	+	1	1.333431	I:	D:
6569	7267	+	2	1.339960	I:	D:
7280	8548	+	2	1.323457	I:	D:
8559	9224	+	3	1.332692	I:	D:
9211	9651	+	1	1.307297	I:	D:
10040	10684	+	2	1.358134	I:	D:
10713	11108	+	3	1.345673	I:	D:
>Y7.M033_89
1	426	+	1	1.303538	I:	D:
541	1521	-	1	1.335587	I:	D:
1610	2929	+	2	1.332642	I:	D:
2944	3879	+	1	1.324517	I:	D:
3876	4499	+	3	1.288713	I:	D:
4492	5172	+	1	1.323901	I:	D:
5172	5747	+	3	1.308863	I:	D:
5764	6558	+	1	1.351242	I:	D:
6706	7971	+	1	1.310561	I:	D:
8161	9165	-	1	1.326361	I:	D:
9356	10048	+	2	1.310896	I:	D:
10067	11047	+	2	1.322368	I:	D:
>Y7.M033_90
51	2435	+	3	1.336257	I:	D:
2401	3762	+	1	1.350962	I:	D:
3786	4535	+	3	1.297731	I:	D:
4528	5472	+	1	1.351334	I:	D:
5469	6308	+	3	1.333023	I:	D:
6376	7905	+	1	1.310972	I:	D:
7909	8703	+	1	1.323646	I:	D:
8693	9649	+	2	1.350280	I:	D:
9856	10347	-	1	1.320294	I:	D:
10642	10842	+	1	1.344949	I:	D:
>Y7.M033_91
1	180	+	1	1.316960	I:	D:
207	1193	+	3	1.313649	I:	D:
1299	1835	+	3	1.316458	I:	D:
2171	2776	-	2	1.348134	I:	D:
2849	3682	+	2	1.327994	I:	D:
3773	4645	+	2	1.312285	I:	D:
4779	5420	-	3	1.335865	I:	D:
5596	6408	+	1	1.337668	I:	D:
6439	7227	+	1	1.322707	I:	D:
7277	7534	+	2	1.293898	I:	D:
7661	8806	+	2	1.327739	I:	D:
8881	9861	+	1	1.355760	I:	D:
10047	10574	+	3	1.315435	I:	D:
>Y7.M033_92
77	331	+	2	1.340272	I:	D:
342	1112	-	3	1.323121	I:	D:
1420	1683	-	1	1.366456	I:	D:
1717	2184	-	1	1.338593	I:	D:
2201	2488	-	2	1.330637	I:	D:
2589	2789	-	3	1.309927	I:	D:
2814	3539	-	3	1.337292	I:	D:
3558	4514	-	3	1.313245	I:	D:
4511	5632	-	2	1.313901	I:	D:
5658	6392	-	3	1.318705	I:	D:
6420	7811	-	3	1.318690	I:	D:
7801	8040	+	1	1.398253	I:	D:
8375	9169	+	2	1.306542	I:	D:
9387	10322	-	3	1.320614	I:	D:
>Y7.M033_93
155	403	-	2	1.299892	I:	D:
400	834	-	1	1.280055	I:	D:
968	1495	+	2	1.381904	I:	D:
2012	3058	-	2	1.315573	I:	D:
3058	4464	-	1	1.320039	I:	D:
4468	5247	-	1	1.308472	I:	D:
5244	5681	-	3	1.325028	I:	D:
5858	7156	-	2	1.301635	I:	D:
7270	8073	-	1	1.330696	I:	D:
8095	9858	-	1	1.324146	I:	D:
9908	10357	-	2	1.348418	I:	D:
>Y7.M033_94
2	1030	+	2	1.318477	I:	D:
1035	1745	+	3	1.335583	I:	D:
1748	2770	-	2	1.330036	I:	D:
2939	3175	+	2	1.304986	I:	D:
3204	3827	-	3	1.322418	I:	D:
3988	5262	-	1	1.320914	I:	D:
5264	5443	+	2	1.372640	I:	D:
5604	5918	-	3	1.381443	I:	D:
5830	8286	-	1	1.339585	I:	D:
8329	8556	-	1	1.293126	I:	D:
8685	8849	-	3	1.320147	I:	D:
8854	9717	-	1	1.322129	I:	D:
9788	10000	-	2	1.314943	I:	D:
>Y7.M033_95
3	683	-	3	1.297478	I:	D:
989	1621	+	2	1.354379	I:	D:
1695	2231	+	3	1.301107	I:	D:
2485	3399	+	1	1.319477	I:	D:
3436	4197	+	1	1.307662	I:	D:
4260	6221	+	3	1.314628	I:	D:
6333	6737	+	3	1.313681	I:	D:
6745	6873	-	1	1.336416	I:	D:
7370	8977	+	2	1.320297	I:	D:
8974	9549	+	1	1.319408	I:	D:
9607	9954	+	1	1.315162	I:	D:
>Y7.M033_96
31	321	+	1	1.385082	I:	D:
364	558	+	1	1.377516	I:	D:
923	3052	-	2	1.326708	I:	D:
3027	3929	-	3	1.317405	I:	D:
4135	6237	-	1	1.320349	I:	D:
6265	7311	-	1	1.313591	I:	D:
7414	9897	-	1	1.325429	I:	D:
>Y7.M033_97
304	1404	+	1	1.319369	I:	D:
1614	3113	+	3	1.328568	I:	D:
3162	4211	+	3	1.318556	I:	D:
4296	5345	+	3	1.331369	I:	D:
5348	6244	+	2	1.327470	I:	D:
6494	6850	+	2	1.362334	I:	D:
6847	8289	+	1	1.334446	I:	D:
8333	8503	+	2	1.339211	I:	D:
8606	9364	+	2	1.334762	I:	D:
>Y7.M033_98
90	233	+	3	1.317013	I:	D:
284	1102	+	2	1.308868	I:	D:
1244	2245	+	2	1.308680	I:	D:
2302	3807	-	1	1.334631	I:	D:
4098	5399	+	3	1.325154	I:	D:
5440	6474	+	1	1.331786	I:	D:
6503	7117	+	2	1.330416	I:	D:
7110	7532	+	3	1.327799	I:	D:
7580	8665	+	2	1.329331	I:	D:
8770	9009	-	1	1.382615	I:	D:
>Y7.M033_99
149	1045	+	2	1.294721	I:	D:
1190	3208	+	2	1.316042	I:	D:
3298	4719	+	1	1.304752	I:	D:
4734	7742	+	3	1.326338	I:	D:
7772	7906	+	2	1.284559	I:	D:
7989	8759	+	3	1.326395	I:	D:
>Y7.M033_100
202	1944	-	1	1.350041	I:	D:
2150	4990	-	2	1.320336	I:	D:
5066	6103	-	2	1.324308	I:	D:
6123	7250	-	3	1.330757	I:	D:
7287	8006	-	3	1.324303	I:	D:
8022	8765	-	3	1.324234	I:	D:
>Y7.M033_101
3	173	+	3	1.359882	I:	D:
194	1159	-	2	1.322013	I:	D:
1241	2995	-	2	1.328528	I:	D:
3048	5249	-	3	1.317289	I:	D:
5296	5793	-	1	1.343055	I:	D:
5812	6750	-	1	1.340254	I:	D:
6766	7197	-	1	1.332764	I:	D:
7443	7703	+	3	1.385568	I:	D:
7736	7888	-	2	1.287094	I:	D:
7939	8703	-	1	1.328045	I:	D:
>Y7.M033_102
72	1298	-	3	1.296731	I:	D:
1343	2452	-	2	1.314584	I:	D:
2312	2587	+	2	1.362750	I:	D:
2788	4014	+	1	1.308748	I:	D:
4100	7126	-	2	1.312848	I:	D:
7435	8589	+	1	1.317168	I:	D:
>Y7.M033_103
2	484	-	2	1.306799	I:	D:
501	1328	-	3	1.337123	I:	D:
1515	2969	-	3	1.312885	I:	D:
3034	3534	-	1	1.305984	I:	D:
3720	5345	-	3	1.283633	I:	D:
5405	5689	-	2	1.280634	I:	D:
6121	7077	-	1	1.305278	I:	D:
7155	8579	-	3	1.322887	I:	D:
>Y7.M033_104
2	127	+	2	1.362848	I:	D:
174	1316	+	3	1.322627	I:	D:
1436	2488	+	2	1.316016	I:	D:
2543	3469	+	2	1.326540	I:	D:
3477	4400	+	3	1.315383	I:	D:
4411	5802	-	1	1.336396	I:	D:
6239	6952	+	2	1.317614	I:	D:
7024	8202	+	1	1.317014	I:	D:
>Y7.M033_105
1	645	-	1	1.324524	I:	D:
682	1788	-	1	1.352600	I:	D:
1788	3338	-	3	1.342810	I:	D:
3514	4164	-	1	1.336512	I:	D:
4121	4795	-	2	1.332698	I:	D:
4869	6119	-	3	1.322810	I:	D:
6121	6765	-	1	1.329430	I:	D:
6772	7158	-	1	1.334283	I:	D:
7182	7538	-	3	1.312531	I:	D:
7546	8229	-	1	1.316846	I:	D:
>Y7.M033_106
2	2032	+	2	1.314126	I:	D:
2464	4032	-	1	1.323541	I:	D:
4049	4819	-	2	1.312176	I:	D:
4838	5266	-	2	1.347496	I:	D:
5425	6210	+	1	1.322278	I:	D:
6289	8082	+	1	1.318761	I:	D:
>Y7.M033_107
82	2028	-	1	1.311274	I:	D:
2216	3547	+	2	1.315298	I:	D:
3582	4325	+	3	1.330047	I:	D:
4435	5955	+	1	1.342043	I:	D:
5977	7143	+	1	1.325065	I:	D:
7251	7598	+	3	1.316413	I:	D:
>Y7.M033_108
3	161	-	3	1.265062	I:	D:
170	325	-	2	1.331170	I:	D:
330	1184	-	3	1.325874	I:	D:
1288	1626	-	1	1.292091	I:	D:
1652	2629	-	2	1.322786	I:	D:
2636	2947	-	2	1.317092	I:	D:
2950	3939	-	1	1.320019	I:	D:
4037	4315	+	2	1.312243	I:	D:
4411	6207	-	1	1.322935	I:	D:
6395	7318	+	2	1.328459	I:	D:
7339	7665	+	1	1.324132	I:	D:
>Y7.M033_109
1	186	+	1	1.265938	I:	D:
444	1136	-	3	1.325901	I:	D:
1129	1503	-	1	1.329067	I:	D:
1589	2431	-	2	1.338590	I:	D:
2728	3132	-	1	1.333714	I:	D:
3463	4278	-	1	1.329960	I:	D:
4410	4637	-	3	1.295748	I:	D:
4634	6436	-	2	1.311364	I:	D:
6452	7474	-	2	1.323951	I:	D:
>Y7.M033_110
2	781	-	2	1.333549	I:	D:
814	1305	-	1	1.332847	I:	D:
1512	1688	-	3	1.323205	I:	D:
1930	2220	-	1	1.290518	I:	D:
2276	2527	+	2	1.392831	I:	D:
2701	3156	+	1	1.333062	I:	D:
3143	4501	+	2	1.335000	I:	D:
4663	5208	-	1	1.351896	I:	D:
5238	6209	-	3	1.324658	I:	D:
6212	6340	+	2	1.353545	I:	D:
6416	6595	+	2	1.345997	I:	D:
6767	7384	-	2	1.330100	I:	D:
>Y7.M033_111
2	391	+	2	1.322967	I:	D:
424	1944	-	1	1.328337	I:	D:
2017	3039	-	1	1.321540	I:	D:
3135	4871	-	3	1.321253	I:	D:
5104	6390	-	1	1.318412	I:	D:
>Y7.M033_112
107	1519	+	2	1.318606	I:	D:
1877	2701	+	2	1.319527	I:	D:
2694	3920	+	3	1.328648	I:	D:
3927	4613	+	3	1.329333	I:	D:
4610	5461	+	2	1.325249	I:	D:
5442	6239	+	3	1.297199	I:	D:
>Y7.M033_113
1	573	-	1	1.314580	I:	D:
555	1022	-	3	1.313705	I:	D:
1007	2410	-	2	1.313825	I:	D:
2465	3541	-	2	1.320037	I:	D:
3525	4061	-	3	1.322980	I:	D:
4248	4532	-	3	1.283378	I:	D:
4662	5858	-	3	1.309487	I:	D:
>Y7.M033_114
3	842	+	3	1.307351	I:	D:
845	1585	+	2	1.347196	I:	D:
1639	2373	+	1	1.321003	I:	D:
2395	3783	+	1	1.323336	I:	D:
3999	5234	+	3	1.317363	I:	D:
5380	5598	+	1	1.308422	I:	D:
>Y7.M033_115
197	370	-	2	1.392759	I:	D:
377	1972	-	2	1.333747	I:	D:
1963	3201	-	1	1.328913	I:	D:
3214	4494	-	1	1.314183	I:	D:
4520	5149	-	2	1.315214	I:	D:
>Y7.M033_116
1	759	-	1	1.327593	I:	D:
1018	1575	+	1	1.306492	I:	D:
1591	2433	+	1	1.326765	I:	D:
2492	3106	+	2	1.338784	I:	D:
3176	4432	+	2	1.319747	I:	D:
>Y7.M033_117
3	1055	+	3	1.319500	I:	D:
1057	2355	+	1	1.340365	I:	D:
2418	2576	+	3	1.386920	I:	D:
2737	3558	+	1	1.322200	I:	D:
3555	3923	+	3	1.329425	I:	D:
>Y7.M033_118
3	359	-	3	1.302728	I:	D:
436	1434	-	1	1.352007	I:	D:
1427	2539	-	2	1.331841	I:	D:
2536	4062	-	1	1.317737	I:	D:
4148	5344	-	2	1.316542	I:	D:
5377	5586	+	1	1.382229	I:	D:
5660	6751	-	2	1.337944	I:	D:
6772	8325	-	1	1.344138	I:	D:
8344	8493	-	1	1.353706	I:	D:
8508	9230	+	3	1.361205	I:	D:
9220	9525	+	1	1.355131	I:	D:
9531	12713	-	3	1.332794	I:	D:
12940	14661	-	1	1.320335	I:	D:
14956	15807	-	1	1.337902	I:	D:
15884	17539	-	2	1.345661	I:	D:
17590	18081	-	1	1.345423	I:	D:
18188	19744	-	2	1.310135	I:	D:
19836	21071	-	3	1.347554	I:	D:
21096	21962	-	3	1.300133	I:	D:
21959	23905	-	2	1.291290	I:	D:
23965	24351	-	1	1.303700	I:	D:
24376	26361	-	1	1.298340	I:	D:
26386	27909	-	1	1.310822	I:	D:
27912	28136	-	3	1.270596	I:	D:
28260	29879	-	3	1.322786	I:	D:
29872	31587	-	1	1.316877	I:	D:
31598	33232	-	2	1.310390	I:	D:
33365	33604	-	2	1.334693	I:	D:
33740	34540	-	2	1.337249	I:	D:
>Y7.M033_119
36	824	+	3	1.314741	I:	D:
846	1856	+	3	1.328142	I:	D:
2009	3796	+	2	1.341199	I:	D:
3724	4275	+	1	1.331071	I:	D:
4355	5656	+	2	1.320100	I:	D:
5741	6634	-	2	1.311363	I:	D:
6796	8154	+	1	1.360144	I:	D:
>Y7.M033_120
1	354	-	1	1.321028	I:	D:
359	1033	-	2	1.307892	I:	D:
1156	1641	-	1	1.316116	I:	D:
1768	2106	+	1	1.391469	I:	D:
2200	2328	+	1	1.342270	I:	D:
2453	2788	-	2	1.308540	I:	D:
>Y7.M033_121
226	1170	-	1	1.292188	I:	D:
1167	2111	-	3	1.325314	I:	D:
2208	4220	-	3	1.331186	I:	D:
>Y7.M033_122
3	1421	-	3	1.319158	I:	D:
1444	5301	-	1	1.320062	I:	D:
5417	5563	+	2	1.342722	I:	D:
5705	6349	-	2	1.311860	I:	D:
6409	10584	-	1	1.326137	I:	D:
10622	11668	-	2	1.307186	I:	D:
11901	12272	-	3	1.274997	I:	D:
12391	12882	-	1	1.306809	I:	D:
>Y7.M033_123
207	716	-	3	1.311403	I:	D:
888	1403	-	3	1.371944	I:	D:
1550	2494	+	2	1.336390	I:	D:
2555	5095	-	2	1.307877	I:	D:
>Y7.M033_124
1	795	-	1	1.324802	I:	D:
812	1546	-	2	1.307107	I:	D:
1663	3270	-	1	1.317522	I:	D:
3317	3472	+	2	1.362516	I:	D:
3547	4497	-	1	1.325653	I:	D:
>Y7.M033_125
61	1794	-	1	1.304917	I:	D:
2202	2351	+	3	1.372564	I:	D:
2369	2512	+	2	1.368478	I:	D:
2582	2752	+	2	1.349509	I:	D:
2761	3012	-	1	1.391732	I:	D:
3306	4109	-	3	1.312099	I:	D:
4122	6041	-	3	1.320543	I:	D:
>Y7.M033_126
126	956	+	3	1.309270	I:	D:
1032	2399	+	3	1.320973	I:	D:
2551	3909	+	1	1.306243	I:	D:
3926	5431	+	2	1.323890	I:	D:
5448	6002	+	3	1.321519	I:	D:
>Y7.M033_127
1	249	-	1	1.357398	I:	D:
284	421	+	2	1.332756	I:	D:
473	898	-	2	1.301565	I:	D:
912	1760	-	3	1.327395	I:	D:
1841	3034	-	2	1.321294	I:	D:
3083	4078	-	2	1.313107	I:	D:
4226	5530	+	2	1.344481	I:	D:
>Y7.M033_128
2	2059	-	2	1.328412	I:	D:
2100	2708	+	3	1.298963	I:	D:
2739	3032	-	3	1.313925	I:	D:
3103	3825	-	1	1.324062	I:	D:
4115	4588	-	2	1.332557	I:	D:
4631	5335	-	2	1.321051	I:	D:
5420	5584	+	2	1.374339	I:	D:
>Y7.M033_129
3	167	-	3	1.294785	I:	D:
180	332	-	3	1.310734	I:	D:
381	953	-	3	1.353203	I:	D:
954	1382	-	3	1.336233	I:	D:
1454	2623	-	2	1.317709	I:	D:
2637	2999	-	3	1.287422	I:	D:
3117	4307	-	3	1.305431	I:	D:
4291	5190	-	1	1.307520	I:	D:
>Y7.M033_130
126	1022	+	3	1.334482	I:	D:
1088	1687	+	2	1.315916	I:	D:
1684	1923	+	1	1.322998	I:	D:
1917	2531	+	3	1.324533	I:	D:
2674	3816	+	1	1.330273	I:	D:
3813	4856	+	3	1.323706	I:	D:
4850	5260	+	2	1.321719	I:	D:
>Y7.M033_131
113	997	-	2	1.344952	I:	D:
1014	1961	-	3	1.334833	I:	D:
2153	3712	+	2	1.332300	I:	D:
3773	4957	-	2	1.328080	I:	D:
>Y7.M033_132
2	415	+	2	1.385362	I:	D:
726	956	-	3	1.301590	I:	D:
996	1289	-	3	1.296281	I:	D:
1356	1508	+	3	1.333429	I:	D:
1563	1820	+	3	1.339505	I:	D:
1852	3900	-	1	1.328039	I:	D:
3930	5042	-	3	1.319261	I:	D:
>Y7.M033_133
10	1074	+	1	1.324739	I:	D:
1074	1928	+	3	1.321908	I:	D:
2183	2857	+	2	1.343218	I:	D:
2872	4464	+	1	1.315817	I:	D:
>Y7.M033_134
167	754	-	2	1.327808	I:	D:
928	1917	-	1	1.309626	I:	D:
1985	2284	+	2	1.348076	I:	D:
2475	3482	+	3	1.296727	I:	D:
3490	4230	+	1	1.307596	I:	D:
4254	4418	+	3	1.329523	I:	D:
>Y7.M033_135
3	923	-	3	1.293441	I:	D:
1272	1922	-	3	1.327509	I:	D:
1919	2590	-	2	1.315843	I:	D:
2590	3468	-	1	1.337840	I:	D:
3475	4326	-	1	1.325747	I:	D:
4340	4495	+	2	1.386016	I:	D:
4799	5260	+	2	1.386496	I:	D:
5325	5825	+	3	1.387460	I:	D:
5981	6727	-	2	1.332608	I:	D:
6745	7830	-	1	1.340792	I:	D:
7830	9185	-	3	1.313955	I:	D:
9178	9918	-	1	1.341141	I:	D:
9909	10841	-	3	1.320172	I:	D:
10838	11332	-	2	1.318318	I:	D:
11356	13575	-	1	1.328929	I:	D:
13582	15051	-	1	1.315188	I:	D:
15141	16586	-	3	1.329146	I:	D:
16610	16756	+	2	1.366659	I:	D:
16868	18361	-	2	1.338384	I:	D:
18547	20337	-	1	1.311629	I:	D:
20457	21095	+	3	1.335813	I:	D:
21129	21464	-	3	1.340659	I:	D:
21531	22433	-	3	1.345792	I:	D:
22611	23351	-	3	1.325630	I:	D:
23385	24383	-	3	1.299196	I:	D:
24444	25208	-	3	1.311663	I:	D:
25327	25572	-	1	1.343200	I:	D:
25638	27662	-	3	1.313938	I:	D:
27685	28128	-	1	1.339694	I:	D:
28154	28447	+	2	1.325154	I:	D:
28605	29141	-	3	1.321494	I:	D:
>Y7.M033_136
2	988	-	2	1.307175	I:	D:
1020	1514	-	3	1.306613	I:	D:
1511	2524	-	2	1.318685	I:	D:
2551	3765	-	1	1.330139	I:	D:
3820	4095	-	1	1.324903	I:	D:
4149	4334	+	3	1.372930	I:	D:
>Y7.M033_137
3	131	+	3	1.338121	I:	D:
162	518	+	3	1.313780	I:	D:
651	998	+	3	1.269090	I:	D:
1087	2595	+	1	1.323002	I:	D:
>Y7.M033_138
29	595	+	2	1.323133	I:	D:
592	1170	+	1	1.334289	I:	D:
1193	1798	+	2	1.319090	I:	D:
2230	3228	+	1	1.296893	I:	D:
3266	4009	+	2	1.316373	I:	D:
>Y7.M033_139
2	442	-	2	1.381237	I:	D:
439	1647	-	1	1.313424	I:	D:
1742	2632	-	2	1.357076	I:	D:
2651	3952	-	2	1.333990	I:	D:
>Y7.M033_140
1	483	-	1	1.293459	I:	D:
619	1680	-	1	1.313668	I:	D:
1697	2965	-	2	1.343116	I:	D:
2998	3807	-	1	1.326768	I:	D:
>Y7.M033_141
63	191	+	3	1.341607	I:	D:
457	690	+	1	1.374135	I:	D:
874	1773	+	1	1.338552	I:	D:
1924	3594	+	1	1.335313	I:	D:
>Y7.M033_142
1	339	+	1	1.308055	I:	D:
430	1296	-	1	1.300704	I:	D:
1325	2218	-	2	1.335277	I:	D:
2268	2690	-	3	1.320140	I:	D:
2996	3175	-	2	1.374311	I:	D:
3316	3477	-	1	1.377065	I:	D:
>Y7.M033_143
1	2025	+	1	1.317229	I:	D:
2576	2743	+	2	1.341320	I:	D:
2767	2895	+	1	1.345635	I:	D:
3073	3450	+	1	1.324954	I:	D:
>Y7.M033_144
82	2310	-	1	1.335886	I:	D:
2335	3219	-	1	1.326142	I:	D:
3247	4188	-	1	1.324314	I:	D:
4278	5819	-	3	1.307104	I:	D:
6070	7821	+	1	1.329158	I:	D:
8566	11160	-	1	1.338793	I:	D:
11166	12098	-	3	1.330139	I:	D:
12114	12611	-	3	1.341522	I:	D:
12717	13349	+	3	1.300843	I:	D:
13761	15743	-	3	1.323077	I:	D:
15774	16751	-	3	1.338617	I:	D:
16748	17782	-	2	1.328901	I:	D:
17822	18226	-	2	1.333051	I:	D:
>Y7.M033_145
150	1643	+	3	1.307528	I:	D:
1636	2325	+	1	1.300038	I:	D:
2368	2529	+	1	1.377886	I:	D:
2985	4445	+	3	1.315245	I:	D:
4519	5430	+	1	1.322047	I:	D:
5447	6286	+	2	1.323238	I:	D:
6338	8110	+	2	1.338041	I:	D:
>Y7.M033_146
1	585	-	1	1.320282	I:	D:
1005	1358	-	3	1.382910	I:	D:
1662	2300	-	3	1.298725	I:	D:
2326	3126	-	1	1.311639	I:	D:
>Y7.M033_147
1	516	+	1	1.308938	I:	D:
868	2355	+	1	1.338688	I:	D:
2352	2882	+	3	1.340136	I:	D:
>Y7.M033_148
187	1728	-	1	1.318853	I:	D:
1894	2400	+	1	1.319228	I:	D:
2420	2623	+	2	1.328110	I:	D:
3026	5485	+	2	1.334982	I:	D:
5500	6237	+	1	1.323759	I:	D:
6234	8171	+	3	1.327524	I:	D:
8175	9032	+	3	1.330550	I:	D:
9025	9690	+	1	1.348397	I:	D:
9687	10718	+	3	1.340138	I:	D:
10727	11017	+	2	1.329908	I:	D:
11019	11210	+	3	1.317076	I:	D:
11313	12053	-	3	1.444706	I:	D:
12169	12498	-	1	1.425081	I:	D:
12641	12796	+	2	1.377601	I:	D:
12843	13058	+	3	1.376017	I:	D:
13092	13268	+	3	1.347166	I:	D:
13505	13948	+	2	1.317485	I:	D:
13878	14183	+	3	1.342682	I:	D:
>Y7.M033_149
1	369	+	1	1.333689	I:	D:
404	1147	+	2	1.338790	I:	D:
1189	2592	+	1	1.312463	I:	D:
2684	3082	+	2	1.327622	I:	D:
>Y7.M033_150
172	1332	+	1	1.316319	I:	D:
1335	2267	+	3	1.331786	I:	D:
2362	3000	+	1	1.302056	I:	D:
>Y7.M033_151
1	426	+	1	1.332303	I:	D:
480	1253	-	3	1.326647	I:	D:
1631	2821	-	2	1.358564	I:	D:
>Y7.M033_152
3	1007	+	3	1.326782	I:	D:
1158	1373	+	3	1.378683	I:	D:
1436	1588	+	2	1.322789	I:	D:
1721	2290	+	2	1.349581	I:	D:
2478	2846	-	3	1.399805	I:	D:
>Y7.M033_153
2	508	-	2	1.305134	I:	D:
550	693	-	1	1.389815	I:	D:
886	2790	+	1	1.302979	I:	D:
>Y7.M033_154
3	227	+	3	1.371720	I:	D:
253	387	+	1	1.321816	I:	D:
486	3008	-	3	1.341420	I:	D:
3027	3221	-	3	1.341670	I:	D:
3379	3555	+	1	1.323208	I:	D:
3617	3745	+	2	1.345276	I:	D:
4079	4231	+	2	1.327845	I:	D:
4325	5092	+	2	1.317744	I:	D:
5092	6015	+	1	1.311553	I:	D:
6054	6629	-	3	1.360865	I:	D:
6634	7848	-	1	1.321389	I:	D:
7859	8635	-	2	1.322951	I:	D:
8664	9305	-	3	1.306492	I:	D:
9310	9504	-	1	1.332520	I:	D:
9918	10991	-	3	1.317744	I:	D:
>Y7.M033_155
2	526	-	2	1.335062	I:	D:
583	771	+	1	1.334117	I:	D:
1220	1351	+	2	1.416434	I:	D:
1357	2289	+	1	1.299235	I:	D:
2367	2891	-	3	1.314602	I:	D:
2940	3086	-	3	1.353491	I:	D:
3098	4735	+	2	1.310515	I:	D:
>Y7.M033_156
3	803	-	3	1.294862	I:	D:
1160	1417	+	2	1.306172	I:	D:
1432	1581	+	1	1.339078	I:	D:
1713	3968	-	3	1.349122	I:	D:
>Y7.M033_157
171	299	+	3	1.367986	I:	D:
441	1535	-	3	1.312419	I:	D:
1532	2581	-	2	1.340393	I:	D:
2591	2971	-	2	1.292257	I:	D:
>Y7.M033_158
3	275	+	3	1.357134	I:	D:
336	698	-	3	1.386493	I:	D:
845	1549	+	2	1.381297	I:	D:
1754	1927	-	2	1.394480	I:	D:
2002	4335	-	1	1.326592	I:	D:
4535	4696	+	2	1.337355	I:	D:
4949	5869	+	2	1.335095	I:	D:
5876	6508	-	2	1.332066	I:	D:
6505	7206	-	1	1.336559	I:	D:
7213	8421	-	1	1.333523	I:	D:
8443	8787	-	1	1.305368	I:	D:
8857	9729	-	1	1.341071	I:	D:
>Y7.M033_159
33	1007	-	3	1.319469	I:	D:
1429	2385	-	1	1.344347	I:	D:
>Y7.M033_160
203	1387	-	2	1.305299	I:	D:
1413	2381	-	3	1.330900	I:	D:
>Y7.M033_161
257	949	-	2	1.345022	I:	D:
1044	1187	-	3	1.361775	I:	D:
1254	2249	+	3	1.321760	I:	D:
2444	3052	+	2	1.336336	I:	D:
3588	5030	-	3	1.329445	I:	D:
5223	6806	-	3	1.306315	I:	D:
6954	8111	+	3	1.322432	I:	D:
8474	8641	+	2	1.362487	I:	D:
>Y7.M033_162
118	1110	-	1	1.318524	I:	D:
1377	1637	+	3	1.288033	I:	D:
1881	2279	-	3	1.319772	I:	D:
>Y7.M033_163
1	762	+	1	1.310964	I:	D:
874	1761	+	1	1.321476	I:	D:
1758	2564	+	3	1.342208	I:	D:
2636	5671	+	2	1.334805	I:	D:
5826	6866	-	3	1.308942	I:	D:
6915	7958	-	3	1.325848	I:	D:
>Y7.M033_164
474	2303	-	3	1.310874	I:	D:
2300	4456	-	2	1.325294	I:	D:
4374	4919	-	3	1.327987	I:	D:
>Y7.M033_165
126	785	-	3	1.326054	I:	D:
775	1809	-	1	1.323834	I:	D:
2157	2294	-	3	1.365423	I:	D:
2439	4493	-	3	1.313411	I:	D:
4676	5089	+	2	1.388504	I:	D:
5121	5756	+	3	1.331860	I:	D:
5880	6578	-	3	1.315825	I:	D:
6647	7927	-	2	1.312690	I:	D:
>Y7.M033_166
3	275	-	3	1.306844	I:	D:
200	1762	+	2	1.328499	I:	D:
1874	4825	-	2	1.332191	I:	D:
4540	4716	-	1	1.307198	I:	D:
4803	5813	-	3	1.321925	I:	D:
5846	7657	-	2	1.325080	I:	D:
>Y7.M033_167
3	716	+	3	1.326842	I:	D:
938	2014	+	2	1.317993	I:	D:
>Y7.M033_168
3	1727	-	3	1.320145	I:	D:
1903	3303	+	1	1.383768	I:	D:
>Y7.M033_169
127	1728	+	1	1.333766	I:	D:
1982	2125	-	2	1.384674	I:	D:
2286	2456	+	3	1.353836	I:	D:
2704	5523	-	1	1.329388	I:	D:
>Y7.M033_170
3	1952	-	3	1.298611	I:	D:
2018	3667	-	2	1.302555	I:	D:
>Y7.M033_171
3	461	-	3	1.311859	I:	D:
497	1036	-	2	1.327557	I:	D:
1283	2359	+	2	1.343773	I:	D:
2427	2561	-	3	1.361868	I:	D:
2615	3733	-	2	1.331865	I:	D:
3866	4036	+	2	1.378098	I:	D:
4057	4998	+	1	1.310132	I:	D:
5009	5854	+	2	1.345084	I:	D:
>Y7.M033_172
13	246	-	1	1.278590	I:	D:
428	1759	+	2	1.323971	I:	D:
1809	2075	+	3	1.312733	I:	D:
2075	2515	+	2	1.333052	I:	D:
2502	2759	+	3	1.280627	I:	D:
2772	3758	+	3	1.300383	I:	D:
>Y7.M033_173
1	204	+	1	1.307912	I:	D:
289	837	+	1	1.356133	I:	D:
834	1478	+	3	1.323530	I:	D:
1549	2214	-	1	1.331462	I:	D:
2228	3079	-	2	1.326400	I:	D:
3093	3722	-	3	1.299266	I:	D:
3754	4392	-	1	1.310593	I:	D:
4408	6330	-	1	1.311946	I:	D:
6334	7119	-	1	1.320644	I:	D:
7190	8548	-	2	1.315974	I:	D:
8585	9526	-	2	1.296941	I:	D:
9749	11890	-	2	1.319938	I:	D:
11891	12658	-	2	1.308701	I:	D:
12713	13534	-	2	1.316082	I:	D:
13658	14605	-	2	1.338684	I:	D:
14739	15509	-	3	1.334957	I:	D:
15701	16621	-	2	1.311564	I:	D:
16886	17263	-	2	1.322211	I:	D:
17543	17911	-	2	1.312122	I:	D:
>Y7.M033_174
97	1032	-	1	1.323289	I:	D:
1206	2282	+	3	1.321472	I:	D:
2433	2792	-	3	1.361512	I:	D:
>Y7.M033_175
3	140	-	3	1.374885	I:	D:
156	593	-	3	1.284307	I:	D:
937	1626	-	1	1.313215	I:	D:
1643	2644	-	2	1.312342	I:	D:
3098	4264	-	2	1.320426	I:	D:
>Y7.M033_176
1	777	-	1	1.349561	I:	D:
909	1094	+	3	1.362981	I:	D:
1234	2055	+	1	1.315238	I:	D:
