>Y8.M062_1
241	2106	+	1	1.333434	I:	D:
2090	2803	+	2	1.323099	I:	D:
2814	4010	+	3	1.313379	I:	D:
4055	4534	+	2	1.311055	I:	D:
4548	4700	+	3	1.323598	I:	D:
4706	6025	+	2	1.298878	I:	D:
6048	6467	+	3	1.282920	I:	D:
6576	6884	+	3	1.292816	I:	D:
6895	7227	+	1	1.316842	I:	D:
7233	7517	+	3	1.321558	I:	D:
7715	8998	+	2	1.322897	I:	D:
9009	9302	+	3	1.304001	I:	D:
9408	10010	+	3	1.320068	I:	D:
10085	10660	+	2	1.296506	I:	D:
10664	11020	+	2	1.304359	I:	D:
11127	11855	-	3	1.311575	I:	D:
11960	12319	+	2	1.323996	I:	D:
12569	13639	+	2	1.328408	I:	D:
13734	14384	-	3	1.294425	I:	D:
14493	15407	-	3	1.326819	I:	D:
15439	15957	-	1	1.310521	I:	D:
15993	16793	-	3	1.315045	I:	D:
16834	17376	-	1	1.281393	I:	D:
17515	18207	-	1	1.279266	I:	D:
18285	19703	-	3	1.290633	I:	D:
19925	20956	-	2	1.321548	I:	D:
20958	21353	-	3	1.325185	I:	D:
21369	22499	-	3	1.318297	I:	D:
22496	22705	-	2	1.332023	I:	D:
22717	23508	-	1	1.313555	I:	D:
23554	24198	-	1	1.318395	I:	D:
24225	27116	-	3	1.312063	I:	D:
27097	27630	-	1	1.287582	I:	D:
27643	28515	-	1	1.310939	I:	D:
28517	29542	-	2	1.323648	I:	D:
29560	30291	-	1	1.334293	I:	D:
30386	31978	-	2	1.328882	I:	D:
32056	33276	-	1	1.342272	I:	D:
33387	34700	-	3	1.317992	I:	D:
34783	35742	-	1	1.308371	I:	D:
35763	37889	-	3	1.314689	I:	D:
37906	40572	-	1	1.315943	I:	D:
40799	41446	-	2	1.296092	I:	D:
41469	42383	-	3	1.354694	I:	D:
42380	43135	-	2	1.347599	I:	D:
43142	45004	-	2	1.316237	I:	D:
44940	46334	-	3	1.314687	I:	D:
46337	47053	-	2	1.310889	I:	D:
47195	48238	-	2	1.289043	I:	D:
48439	48759	-	1	1.360998	I:	D:
48768	50216	-	3	1.308281	I:	D:
50228	50410	-	2	1.294706	I:	D:
50415	50648	-	3	1.242597	I:	D:
50783	51157	-	2	1.291166	I:	D:
51204	52898	-	3	1.326688	I:	D:
52951	53448	-	1	1.267766	I:	D:
53445	54437	-	3	1.312676	I:	D:
54412	55680	-	1	1.316314	I:	D:
55677	55994	-	3	1.327576	I:	D:
56049	56528	-	3	1.313480	I:	D:
56577	58646	-	3	1.306338	I:	D:
58946	59284	-	2	1.287080	I:	D:
59536	60231	+	1	1.288208	I:	D:
60335	61531	+	2	1.306482	I:	D:
61636	63024	-	1	1.315248	I:	D:
63024	63911	-	3	1.324622	I:	D:
64130	65311	-	2	1.311336	I:	D:
65462	66814	-	2	1.332729	I:	D:
66828	67667	-	3	1.293836	I:	D:
67760	69430	-	2	1.302623	I:	D:
69471	72218	-	3	1.315552	I:	D:
72361	73050	-	1	1.277218	I:	D:
73266	74543	-	3	1.327288	I:	D:
74576	75307	-	2	1.287380	I:	D:
75447	75803	-	3	1.337850	I:	D:
75943	77109	-	1	1.311020	I:	D:
77113	78630	-	1	1.326165	I:	D:
78749	79384	-	2	1.325266	I:	D:
79550	81490	+	2	1.300056	I:	D:
81594	83582	-	3	1.309922	I:	D:
83681	84973	-	2	1.313351	I:	D:
85054	85626	-	1	1.305791	I:	D:
85627	86379	-	1	1.306368	I:	D:
86392	87321	-	1	1.330420	I:	D:
87318	87983	-	3	1.316252	I:	D:
88117	89289	-	1	1.319578	I:	D:
89434	90141	+	1	1.320009	I:	D:
90193	90657	+	1	1.298041	I:	D:
90698	90982	-	2	1.303262	I:	D:
91120	91452	-	1	1.382024	I:	D:
>Y8.M062_2
163	369	-	1	1.337617	I:	D:
395	826	-	2	1.290279	I:	D:
851	1258	-	2	1.321228	I:	D:
1270	1662	-	1	1.301038	I:	D:
1840	3135	-	1	1.322206	I:	D:
3137	3988	-	2	1.327127	I:	D:
4113	4457	-	3	1.338538	I:	D:
4543	5823	-	1	1.300063	I:	D:
5853	6452	-	3	1.319736	I:	D:
6466	7758	-	1	1.311202	I:	D:
7763	8407	-	2	1.318164	I:	D:
8420	9679	-	2	1.322828	I:	D:
9775	10308	-	1	1.346524	I:	D:
10310	11338	-	2	1.323335	I:	D:
11352	11930	-	3	1.313132	I:	D:
11950	12708	-	1	1.359056	I:	D:
12754	14721	-	1	1.348656	I:	D:
14735	15427	-	2	1.305875	I:	D:
15457	16839	-	1	1.331619	I:	D:
16967	17923	+	2	1.345990	I:	D:
17937	18524	-	3	1.303015	I:	D:
18527	19018	-	2	1.330142	I:	D:
19012	19581	-	1	1.328309	I:	D:
19758	20117	-	3	1.324100	I:	D:
20121	22181	-	3	1.324429	I:	D:
22291	23952	-	1	1.307358	I:	D:
23965	24327	-	1	1.283163	I:	D:
24468	24695	+	3	1.365794	I:	D:
24716	24934	+	2	1.337966	I:	D:
24943	25326	-	1	1.267816	I:	D:
25341	26252	-	3	1.307733	I:	D:
26249	26602	-	2	1.296179	I:	D:
26617	28122	-	1	1.327558	I:	D:
28004	29632	-	2	1.340465	I:	D:
29645	32059	-	2	1.324822	I:	D:
32230	32640	-	1	1.293724	I:	D:
32715	33713	-	3	1.328065	I:	D:
33761	34369	-	2	1.320837	I:	D:
34421	34876	-	2	1.336260	I:	D:
34908	35285	-	3	1.324487	I:	D:
35326	36411	+	1	1.315782	I:	D:
36488	37285	-	2	1.333277	I:	D:
37298	37912	-	2	1.327329	I:	D:
37928	38644	-	2	1.328049	I:	D:
38637	39251	-	3	1.285530	I:	D:
39251	40183	-	2	1.328756	I:	D:
40200	41519	-	3	1.320866	I:	D:
41717	42793	-	2	1.314713	I:	D:
42774	43628	-	3	1.313121	I:	D:
43649	44308	-	2	1.301928	I:	D:
44433	45668	-	3	1.309290	I:	D:
45672	46625	-	3	1.319672	I:	D:
46720	48522	-	1	1.305031	I:	D:
48698	50110	-	2	1.324620	I:	D:
50128	51279	-	1	1.336941	I:	D:
51305	51673	-	2	1.291593	I:	D:
51690	52454	-	3	1.293713	I:	D:
52469	53908	-	2	1.319932	I:	D:
54272	54439	+	2	1.385230	I:	D:
54441	55637	-	3	1.310637	I:	D:
55624	56316	-	1	1.322149	I:	D:
56593	57756	-	1	1.300052	I:	D:
57758	58840	-	2	1.305008	I:	D:
58963	60648	-	1	1.313361	I:	D:
60676	62349	-	1	1.326159	I:	D:
62383	63468	-	1	1.305687	I:	D:
63660	63935	-	3	1.300780	I:	D:
64107	65234	-	3	1.338366	I:	D:
65324	66775	-	2	1.319618	I:	D:
67078	68274	+	1	1.333830	I:	D:
68267	69340	+	2	1.287325	I:	D:
69402	70145	+	3	1.318916	I:	D:
70145	72022	+	2	1.303388	I:	D:
72440	72625	+	2	1.364075	I:	D:
72797	73036	-	2	1.324794	I:	D:
73062	73760	-	3	1.315727	I:	D:
74005	75207	+	1	1.319542	I:	D:
75394	77835	-	1	1.319749	I:	D:
77839	79695	-	1	1.312000	I:	D:
79709	82321	-	2	1.317889	I:	D:
82355	82486	-	2	1.280123	I:	D:
83193	85949	-	3	1.268974	I:	D:
85963	86265	-	1	1.313387	I:	D:
86269	86589	-	1	1.286510	I:	D:
86702	87946	-	2	1.286637	I:	D:
87961	89769	-	1	1.263782	I:	D:
90205	90360	-	1	1.316346	I:	D:
90894	91328	-	3	1.306184	I:	D:
>Y8.M062_3
87	266	+	3	1.347753	I:	D:
452	1405	-	2	1.297861	I:	D:
1752	5285	-	3	1.276476	I:	D:
5289	5810	-	3	1.263236	I:	D:
5955	7382	-	3	1.325818	I:	D:
7406	10789	-	2	1.292065	I:	D:
10820	11488	-	2	1.308662	I:	D:
11505	13457	-	3	1.294203	I:	D:
13542	14642	-	3	1.327849	I:	D:
14906	15982	-	2	1.296606	I:	D:
16211	16345	+	2	1.346333	I:	D:
16476	17495	-	3	1.349070	I:	D:
17514	18398	-	3	1.301189	I:	D:
18592	19617	-	1	1.325260	I:	D:
19699	21597	-	1	1.312816	I:	D:
21627	22691	-	3	1.299122	I:	D:
22719	23951	-	3	1.279695	I:	D:
24046	25080	-	1	1.308905	I:	D:
25073	26521	-	2	1.309972	I:	D:
26535	27533	-	3	1.307206	I:	D:
27536	28804	-	2	1.327980	I:	D:
28810	30063	-	1	1.304424	I:	D:
30158	31441	-	2	1.341660	I:	D:
31580	32104	-	2	1.368561	I:	D:
32303	32881	-	2	1.360640	I:	D:
33030	34295	+	3	1.335578	I:	D:
34482	36092	-	3	1.321779	I:	D:
36360	37538	+	3	1.336075	I:	D:
37608	37919	-	3	1.256057	I:	D:
37909	38169	-	1	1.293886	I:	D:
38309	38785	-	2	1.334428	I:	D:
38939	39823	-	2	1.316820	I:	D:
39899	40573	-	2	1.309489	I:	D:
40628	42769	-	2	1.354405	I:	D:
42796	43863	-	1	1.332456	I:	D:
43875	46001	-	3	1.344329	I:	D:
46052	46915	-	2	1.330972	I:	D:
47092	48819	+	1	1.330565	I:	D:
48971	49261	-	2	1.263952	I:	D:
49263	49532	-	3	1.256008	I:	D:
49665	51203	-	3	1.307097	I:	D:
51202	51453	+	1	1.332990	I:	D:
51511	53664	-	1	1.313046	I:	D:
53702	55663	-	2	1.336792	I:	D:
55700	56365	-	2	1.337326	I:	D:
56681	57697	-	2	1.332936	I:	D:
57899	58819	-	2	1.315486	I:	D:
58999	60369	-	1	1.328835	I:	D:
60516	61541	-	3	1.318520	I:	D:
61538	62230	-	2	1.331259	I:	D:
62307	63950	-	3	1.314428	I:	D:
64187	64882	+	2	1.278529	I:	D:
65016	65297	-	3	1.360249	I:	D:
65536	67635	-	1	1.319590	I:	D:
67642	67998	-	1	1.270562	I:	D:
68052	68489	-	3	1.296713	I:	D:
68522	68884	-	2	1.302736	I:	D:
68900	69034	-	2	1.297342	I:	D:
69259	69489	-	1	1.382765	I:	D:
69491	71674	-	2	1.325160	I:	D:
71734	71952	-	1	1.280997	I:	D:
72006	72215	-	3	1.292893	I:	D:
72526	72894	+	1	1.320623	I:	D:
73282	73767	+	1	1.321838	I:	D:
73844	74539	-	2	1.313515	I:	D:
74532	75278	-	3	1.317067	I:	D:
75479	76177	+	2	1.318282	I:	D:
76193	78559	+	2	1.333583	I:	D:
78630	80618	+	3	1.321894	I:	D:
80993	81139	+	2	1.367103	I:	D:
81390	82928	+	3	1.373517	I:	D:
82948	84282	+	1	1.383696	I:	D:
84571	85500	+	1	1.307316	I:	D:
85501	87261	-	1	1.348885	I:	D:
87261	89000	-	3	1.351525	I:	D:
89019	89360	-	3	1.390442	I:	D:
89822	90232	-	2	1.358171	I:	D:
90650	90817	+	2	1.366867	I:	D:
90842	91675	-	2	1.347584	I:	D:
91686	92759	-	3	1.343460	I:	D:
92774	93889	-	2	1.362755	I:	D:
93879	94862	-	3	1.357739	I:	D:
95037	100754	-	3	1.288738	I:	D:
100808	101290	-	2	1.283716	I:	D:
101638	102474	-	1	1.336167	I:	D:
102494	103312	-	2	1.350512	I:	D:
103350	104192	-	3	1.346493	I:	D:
>Y8.M062_4
249	1868	-	3	1.300582	I:	D:
2034	2576	+	3	1.321349	I:	D:
2768	3169	+	2	1.355797	I:	D:
3254	5137	+	2	1.336132	I:	D:
5149	5601	+	1	1.390693	I:	D:
5598	6821	+	3	1.348165	I:	D:
6869	12262	-	2	1.314766	I:	D:
12417	13037	+	3	1.315218	I:	D:
13079	13258	-	2	1.317195	I:	D:
13239	13793	-	3	1.333967	I:	D:
13811	14725	-	2	1.333096	I:	D:
14775	17099	-	3	1.281340	I:	D:
17329	17727	-	1	1.325255	I:	D:
17771	18583	-	2	1.333381	I:	D:
18656	19072	-	2	1.341364	I:	D:
19259	19582	-	2	1.218029	I:	D:
19587	20174	-	3	1.269037	I:	D:
20242	20409	-	1	1.261672	I:	D:
20464	21909	-	1	1.319661	I:	D:
21928	24345	-	1	1.300954	I:	D:
24374	26665	-	2	1.305669	I:	D:
26817	27575	+	3	1.293080	I:	D:
27691	28317	-	1	1.279200	I:	D:
28336	28680	-	1	1.230233	I:	D:
28705	29346	-	1	1.274570	I:	D:
29405	29644	-	2	1.271841	I:	D:
29867	31579	-	2	1.312771	I:	D:
31633	32412	-	1	1.339138	I:	D:
32602	33558	-	1	1.311679	I:	D:
33583	33885	-	1	1.291854	I:	D:
33961	34761	-	1	1.306803	I:	D:
34874	36784	-	2	1.318082	I:	D:
36786	37733	-	3	1.311435	I:	D:
37932	39089	-	3	1.325898	I:	D:
39149	40963	-	2	1.327115	I:	D:
40980	41963	-	3	1.311562	I:	D:
42076	44352	-	1	1.337895	I:	D:
44370	45302	-	3	1.304937	I:	D:
45313	46800	-	1	1.320005	I:	D:
46745	47434	-	2	1.323858	I:	D:
47467	48123	-	1	1.313261	I:	D:
48305	48736	-	2	1.343880	I:	D:
48800	49981	-	2	1.297331	I:	D:
49968	50870	-	3	1.305570	I:	D:
50933	52156	-	2	1.304055	I:	D:
52177	52623	-	1	1.317026	I:	D:
52648	53691	-	1	1.314183	I:	D:
54041	54841	-	2	1.323040	I:	D:
55206	56537	+	3	1.313891	I:	D:
56905	58296	-	1	1.321849	I:	D:
58574	59146	+	2	1.291969	I:	D:
59184	59594	-	3	1.284796	I:	D:
59951	60106	-	2	1.261892	I:	D:
60308	61171	-	2	1.284362	I:	D:
61396	62190	-	1	1.310363	I:	D:
62159	62677	-	2	1.302517	I:	D:
62880	65312	-	3	1.335568	I:	D:
65651	66289	-	2	1.318310	I:	D:
66541	67446	+	1	1.292523	I:	D:
67667	69826	-	2	1.340488	I:	D:
70198	71745	-	1	1.338655	I:	D:
71873	72298	-	2	1.289204	I:	D:
72300	72968	-	3	1.317439	I:	D:
72962	73102	-	2	1.261854	I:	D:
73189	73608	+	1	1.307320	I:	D:
73777	75459	-	1	1.323040	I:	D:
75668	77113	-	2	1.331269	I:	D:
77124	78482	-	3	1.307727	I:	D:
78765	80840	-	3	1.329523	I:	D:
81137	82234	+	2	1.320523	I:	D:
82258	83556	+	1	1.335091	I:	D:
83679	85061	-	3	1.306721	I:	D:
85191	86027	-	3	1.326035	I:	D:
86035	86850	-	1	1.305045	I:	D:
86847	87353	-	3	1.315191	I:	D:
87385	87942	-	1	1.328683	I:	D:
87964	89274	-	1	1.340762	I:	D:
89374	90009	-	1	1.314413	I:	D:
90023	91015	-	2	1.338603	I:	D:
91104	91904	-	3	1.311487	I:	D:
91934	92473	-	2	1.309096	I:	D:
92522	93388	-	2	1.334400	I:	D:
93638	95674	-	2	1.299671	I:	D:
95722	96255	-	1	1.309613	I:	D:
96515	98449	-	2	1.308542	I:	D:
98453	99700	-	2	1.310596	I:	D:
99713	100396	-	2	1.305193	I:	D:
100496	101086	+	2	1.324510	I:	D:
101180	101821	-	2	1.337729	I:	D:
101796	102476	-	3	1.286966	I:	D:
102522	102653	+	3	1.277325	I:	D:
102793	104079	+	1	1.312542	I:	D:
104094	105107	+	3	1.338432	I:	D:
105421	106776	+	1	1.337105	I:	D:
106877	107497	+	2	1.327719	I:	D:
107829	108287	-	3	1.286703	I:	D:
108353	108592	-	2	1.299278	I:	D:
108605	109564	-	2	1.311981	I:	D:
109575	110270	-	3	1.270721	I:	D:
110399	111934	-	2	1.315406	I:	D:
112016	112696	-	2	1.320686	I:	D:
112674	114014	-	3	1.331799	I:	D:
114040	115548	-	1	1.319061	I:	D:
115563	116612	-	3	1.335570	I:	D:
116653	117237	-	1	1.323988	I:	D:
117225	118217	-	3	1.345878	I:	D:
118214	118828	-	2	1.310272	I:	D:
118915	119667	-	1	1.344064	I:	D:
119686	120828	-	1	1.305347	I:	D:
120893	121030	-	2	1.209684	I:	D:
121170	122774	+	3	1.324300	I:	D:
123032	124120	+	2	1.334702	I:	D:
124123	124332	+	1	1.322893	I:	D:
124393	125877	-	1	1.323118	I:	D:
125913	127193	-	3	1.324685	I:	D:
127194	127922	-	3	1.339707	I:	D:
127928	128749	-	2	1.343624	I:	D:
128767	129525	-	1	1.328773	I:	D:
129522	130691	-	3	1.331236	I:	D:
130691	131218	-	2	1.301648	I:	D:
131203	132063	-	1	1.338604	I:	D:
132072	132473	-	3	1.314392	I:	D:
132557	133705	-	2	1.341022	I:	D:
133733	134269	-	2	1.285768	I:	D:
134458	136164	+	1	1.352819	I:	D:
136223	137476	-	2	1.331450	I:	D:
137568	139037	-	3	1.296591	I:	D:
139051	140076	-	1	1.336414	I:	D:
140095	142515	-	1	1.318206	I:	D:
142686	143705	-	3	1.324835	I:	D:
144151	144990	-	1	1.338929	I:	D:
144977	145159	-	2	1.342679	I:	D:
145450	145683	-	1	1.376991	I:	D:
145686	146033	-	3	1.321458	I:	D:
146037	147524	-	3	1.317380	I:	D:
147656	148954	-	2	1.320605	I:	D:
149095	150180	-	1	1.329950	I:	D:
150297	151676	-	3	1.323836	I:	D:
151833	152510	-	3	1.335384	I:	D:
152534	153373	+	2	1.363309	I:	D:
153363	154154	+	3	1.361957	I:	D:
154235	155236	-	2	1.297309	I:	D:
155491	156630	-	1	1.301873	I:	D:
156612	157997	-	3	1.330089	I:	D:
157990	158766	-	1	1.312084	I:	D:
158759	159031	-	2	1.314648	I:	D:
159003	159284	+	3	1.412009	I:	D:
159331	160389	-	1	1.335243	I:	D:
160402	161484	-	1	1.338876	I:	D:
161517	161726	-	3	1.294848	I:	D:
161732	164113	-	2	1.341422	I:	D:
164130	166619	-	3	1.321844	I:	D:
166642	167409	-	1	1.314962	I:	D:
167763	169133	-	3	1.341617	I:	D:
169137	169733	-	3	1.300362	I:	D:
170051	172591	+	2	1.327640	I:	D:
172593	174779	+	3	1.316624	I:	D:
174860	175846	-	2	1.283931	I:	D:
175902	177293	-	3	1.305897	I:	D:
177389	178846	-	2	1.305578	I:	D:
179038	179757	-	1	1.291930	I:	D:
179735	181480	-	2	1.307416	I:	D:
181513	182949	-	1	1.304116	I:	D:
183049	183930	+	1	1.289444	I:	D:
183932	184510	+	2	1.318084	I:	D:
184663	185025	-	1	1.287713	I:	D:
185217	185450	+	3	1.348400	I:	D:
>Y8.M062_5
239	1573	-	2	1.319137	I:	D:
2006	2281	-	2	1.314805	I:	D:
2384	5023	-	2	1.318820	I:	D:
5124	6635	-	3	1.338483	I:	D:
6649	9045	-	1	1.318638	I:	D:
9081	9731	-	3	1.354480	I:	D:
9748	10617	-	1	1.319933	I:	D:
10682	12151	-	2	1.325392	I:	D:
12235	13020	-	1	1.314250	I:	D:
13143	14231	-	3	1.319467	I:	D:
14322	15998	-	3	1.295095	I:	D:
16006	16464	-	1	1.316881	I:	D:
16469	17302	-	2	1.321274	I:	D:
17315	18121	-	2	1.319126	I:	D:
18123	20000	-	3	1.329727	I:	D:
20023	20913	-	1	1.308091	I:	D:
20903	21127	-	2	1.297616	I:	D:
21141	22355	-	3	1.349590	I:	D:
22370	22789	-	2	1.298833	I:	D:
22817	23200	-	2	1.290688	I:	D:
23270	24952	-	2	1.329010	I:	D:
25007	25618	-	2	1.287502	I:	D:
25635	26264	-	3	1.337909	I:	D:
26254	26520	-	1	1.320016	I:	D:
26552	27757	-	2	1.331809	I:	D:
27754	28140	-	1	1.311334	I:	D:
28157	28351	-	2	1.352627	I:	D:
28385	28903	-	2	1.329173	I:	D:
28891	29835	-	1	1.350359	I:	D:
29985	32072	-	3	1.326272	I:	D:
32229	32357	-	3	1.285461	I:	D:
32384	32692	-	2	1.334121	I:	D:
32797	33708	-	1	1.330120	I:	D:
33727	34653	-	1	1.339654	I:	D:
34650	35627	-	3	1.326390	I:	D:
35628	36002	-	3	1.313165	I:	D:
36122	38776	-	2	1.322922	I:	D:
38834	39151	-	2	1.297143	I:	D:
39138	39410	-	3	1.345892	I:	D:
39431	40618	-	2	1.304911	I:	D:
40636	41103	-	1	1.319741	I:	D:
41342	43582	-	2	1.312551	I:	D:
43594	45582	-	1	1.329140	I:	D:
45672	46874	-	3	1.334086	I:	D:
46905	47939	-	3	1.335610	I:	D:
48126	48398	+	3	1.293714	I:	D:
48601	49620	-	1	1.329600	I:	D:
49766	50263	-	2	1.323951	I:	D:
50430	52292	-	3	1.334963	I:	D:
52410	53348	+	3	1.346151	I:	D:
53458	53793	-	1	1.331525	I:	D:
53874	55085	-	3	1.352952	I:	D:
55258	56466	+	1	1.332517	I:	D:
56628	57230	+	3	1.317514	I:	D:
57305	58981	-	2	1.306461	I:	D:
59123	60055	-	2	1.300413	I:	D:
60332	60484	-	2	1.309950	I:	D:
60498	60956	-	3	1.337560	I:	D:
61235	61441	-	2	1.251697	I:	D:
61457	61924	-	2	1.273000	I:	D:
61944	62351	-	3	1.268671	I:	D:
62591	62941	-	2	1.281089	I:	D:
63328	63912	-	1	1.324843	I:	D:
63909	64256	-	3	1.300029	I:	D:
64495	65748	-	1	1.321743	I:	D:
65795	66094	-	2	1.328962	I:	D:
66228	68093	-	3	1.306642	I:	D:
68718	69998	+	3	1.311513	I:	D:
70122	70463	-	3	1.308409	I:	D:
70620	71489	-	3	1.265740	I:	D:
71629	72123	+	1	1.326045	I:	D:
72252	72461	+	3	1.281492	I:	D:
>Y8.M062_6
2	265	+	2	1.319010	I:	D:
596	2086	-	2	1.318792	I:	D:
2102	4354	-	2	1.300697	I:	D:
4563	5438	+	3	1.338203	I:	D:
5456	6271	-	2	1.350231	I:	D:
6684	6923	+	3	1.378617	I:	D:
7153	7290	+	1	1.398562	I:	D:
7550	7816	+	2	1.413303	I:	D:
7906	8049	+	1	1.377600	I:	D:
8217	8441	+	3	1.388033	I:	D:
8475	8753	+	3	1.383517	I:	D:
8959	9138	+	1	1.369043	I:	D:
9464	9730	+	2	1.386235	I:	D:
9811	10278	+	1	1.356896	I:	D:
10427	10717	-	2	1.279383	I:	D:
10726	11757	-	1	1.302799	I:	D:
11754	12419	-	3	1.305702	I:	D:
12421	13269	-	1	1.276194	I:	D:
13288	15237	-	1	1.290316	I:	D:
15234	15977	-	3	1.309851	I:	D:
15993	18431	-	3	1.290946	I:	D:
18727	18909	-	1	1.290479	I:	D:
19115	22318	-	2	1.332610	I:	D:
22318	23442	-	1	1.316107	I:	D:
23594	24763	-	2	1.323800	I:	D:
24867	26159	-	3	1.333219	I:	D:
26230	27261	-	1	1.323640	I:	D:
27265	28407	-	1	1.317282	I:	D:
28494	29306	-	3	1.331402	I:	D:
29309	30082	-	2	1.325510	I:	D:
30169	30720	-	1	1.290232	I:	D:
30750	31445	-	3	1.306910	I:	D:
31684	32364	-	1	1.319814	I:	D:
32361	32732	-	3	1.314747	I:	D:
33051	34073	+	3	1.332255	I:	D:
34084	35145	+	1	1.310288	I:	D:
>Y8.M062_7
2	1927	+	2	1.311063	I:	D:
1939	4782	+	1	1.325091	I:	D:
5073	6065	+	3	1.310293	I:	D:
6205	8415	+	1	1.304971	I:	D:
8421	9095	+	3	1.339993	I:	D:
9134	9541	+	2	1.303513	I:	D:
9538	10707	+	1	1.315335	I:	D:
10773	11639	+	3	1.334695	I:	D:
11636	12925	+	2	1.301460	I:	D:
13067	13342	+	2	1.301253	I:	D:
13400	14314	+	2	1.282541	I:	D:
14335	15882	+	1	1.310748	I:	D:
16456	19314	+	1	1.292096	I:	D:
19474	20028	+	1	1.297340	I:	D:
20062	22947	+	1	1.295780	I:	D:
22958	24334	+	2	1.304933	I:	D:
24356	25228	+	2	1.273428	I:	D:
25295	26803	+	2	1.318100	I:	D:
26817	27755	+	3	1.301244	I:	D:
28071	30017	+	3	1.311441	I:	D:
30022	31221	+	1	1.310204	I:	D:
31277	31957	+	2	1.295085	I:	D:
31977	32984	+	3	1.330309	I:	D:
32988	34184	+	3	1.315550	I:	D:
34186	35262	+	1	1.314633	I:	D:
35279	36088	+	2	1.304754	I:	D:
36089	37582	+	2	1.306830	I:	D:
37575	38315	+	3	1.303749	I:	D:
38312	38686	+	2	1.265271	I:	D:
38698	39855	+	1	1.293918	I:	D:
39899	41311	+	2	1.307095	I:	D:
41531	42760	+	2	1.317946	I:	D:
42983	44434	+	2	1.306862	I:	D:
44446	45885	+	1	1.280016	I:	D:
46115	47860	+	2	1.293055	I:	D:
47853	48710	+	3	1.280077	I:	D:
48728	50278	+	2	1.314107	I:	D:
50439	51890	+	3	1.280764	I:	D:
52094	53419	+	2	1.294863	I:	D:
53444	53869	+	2	1.361815	I:	D:
53887	54141	+	1	1.294217	I:	D:
54145	54738	+	1	1.315941	I:	D:
55030	55179	+	1	1.335389	I:	D:
55195	57075	+	1	1.320946	I:	D:
57152	58441	+	2	1.325941	I:	D:
58552	59391	+	1	1.331234	I:	D:
59448	59687	+	3	1.310604	I:	D:
60056	60493	+	2	1.341449	I:	D:
60538	61473	+	1	1.344315	I:	D:
61572	62111	+	3	1.330081	I:	D:
62118	64136	+	3	1.308798	I:	D:
64196	65944	+	2	1.322456	I:	D:
66046	67002	+	1	1.333713	I:	D:
67007	68380	+	2	1.308256	I:	D:
68394	69479	+	3	1.335558	I:	D:
69548	70279	+	2	1.304158	I:	D:
70388	71617	+	2	1.308373	I:	D:
71802	72578	+	3	1.347443	I:	D:
72633	73373	+	3	1.316027	I:	D:
73492	75096	+	1	1.320665	I:	D:
75200	75982	+	2	1.329910	I:	D:
76099	76779	+	1	1.342405	I:	D:
76779	77042	+	3	1.290245	I:	D:
77304	77480	-	3	1.297886	I:	D:
77659	78237	+	1	1.303555	I:	D:
78240	81596	+	3	1.304003	I:	D:
81698	82753	+	2	1.290437	I:	D:
82879	83364	-	1	1.298534	I:	D:
83649	86951	+	3	1.318029	I:	D:
86967	88250	+	3	1.327962	I:	D:
88225	88992	+	1	1.304871	I:	D:
89160	89993	+	3	1.277839	I:	D:
90017	90703	+	2	1.329431	I:	D:
90722	91507	+	2	1.319514	I:	D:
91739	93175	+	2	1.326234	I:	D:
93250	94683	+	1	1.327516	I:	D:
94820	95767	+	2	1.306393	I:	D:
95865	97322	+	3	1.323280	I:	D:
97343	99172	+	2	1.319742	I:	D:
99208	99663	-	1	1.293907	I:	D:
99711	100712	+	3	1.314917	I:	D:
100743	102584	+	3	1.324140	I:	D:
102581	103111	+	2	1.348921	I:	D:
103133	103774	+	2	1.323163	I:	D:
104067	105206	+	3	1.322467	I:	D:
105293	105820	+	2	1.317684	I:	D:
105965	107524	+	2	1.305386	I:	D:
107667	108206	+	3	1.310394	I:	D:
108568	108753	-	1	1.340949	I:	D:
108829	110178	-	1	1.357503	I:	D:
110358	110819	+	3	1.321451	I:	D:
110895	112085	+	3	1.306907	I:	D:
112159	112602	+	1	1.292710	I:	D:
112602	113678	+	3	1.322920	I:	D:
113696	114496	+	2	1.332033	I:	D:
114654	115673	+	3	1.327893	I:	D:
115829	117028	+	2	1.312021	I:	D:
117116	117865	+	2	1.320625	I:	D:
117886	118017	-	1	1.334042	I:	D:
118121	118813	+	2	1.281489	I:	D:
118972	120510	+	1	1.318117	I:	D:
120742	121398	+	1	1.299287	I:	D:
121417	122073	+	1	1.299620	I:	D:
122217	122456	+	3	1.344028	I:	D:
123231	127472	-	3	1.327736	I:	D:
127802	128671	+	2	1.335573	I:	D:
128837	130273	+	2	1.315850	I:	D:
130424	131140	+	2	1.333090	I:	D:
131133	132404	+	3	1.295147	I:	D:
132661	132861	-	1	1.257028	I:	D:
132932	133072	+	2	1.318073	I:	D:
133306	133935	-	1	1.305149	I:	D:
134056	136737	+	1	1.309478	I:	D:
136724	137323	+	2	1.309247	I:	D:
137320	138117	+	1	1.321057	I:	D:
138124	138423	+	1	1.281911	I:	D:
138453	139817	+	3	1.319003	I:	D:
139832	140689	+	2	1.316729	I:	D:
140819	142105	+	2	1.314301	I:	D:
142325	143320	+	2	1.323185	I:	D:
143437	144633	+	1	1.320358	I:	D:
144667	144798	+	1	1.368585	I:	D:
144875	145402	+	2	1.371805	I:	D:
145406	145585	+	2	1.383436	I:	D:
145720	146763	+	1	1.311811	I:	D:
146782	147021	+	1	1.267943	I:	D:
147088	147774	+	1	1.301586	I:	D:
147785	151345	+	2	1.312354	I:	D:
151394	152335	+	2	1.304119	I:	D:
152332	153546	+	1	1.319448	I:	D:
153900	154109	+	3	1.354448	I:	D:
154204	155694	-	1	1.319139	I:	D:
155787	156956	-	3	1.305444	I:	D:
157053	157973	+	3	1.335249	I:	D:
158029	158742	+	1	1.330474	I:	D:
158778	160094	+	3	1.314333	I:	D:
160576	161523	-	1	1.331703	I:	D:
161525	162673	-	2	1.301692	I:	D:
162938	164278	+	2	1.308983	I:	D:
164370	164570	+	3	1.345639	I:	D:
164634	165554	+	3	1.328461	I:	D:
165527	166489	+	2	1.295912	I:	D:
166530	167600	+	3	1.315608	I:	D:
167608	168513	+	1	1.326040	I:	D:
168510	169697	+	3	1.315936	I:	D:
169708	170775	+	1	1.308693	I:	D:
170780	171289	+	2	1.323969	I:	D:
171317	171772	+	2	1.295359	I:	D:
171776	172897	+	2	1.317263	I:	D:
172885	177444	+	1	1.318119	I:	D:
177514	178764	+	1	1.320832	I:	D:
178939	179151	-	1	1.300781	I:	D:
179497	181119	+	1	1.310027	I:	D:
181302	181751	+	3	1.327970	I:	D:
181748	182707	+	2	1.304672	I:	D:
182716	185151	+	1	1.318814	I:	D:
185306	186190	-	2	1.336103	I:	D:
186471	190226	+	3	1.319515	I:	D:
191145	191903	+	3	1.275126	I:	D:
191906	192445	+	2	1.316729	I:	D:
192447	193637	+	3	1.318444	I:	D:
194036	194896	+	2	1.346120	I:	D:
194883	196289	+	3	1.303363	I:	D:
196274	196750	+	2	1.352002	I:	D:
196737	197501	+	3	1.318615	I:	D:
197511	198158	+	3	1.321171	I:	D:
198172	199014	+	1	1.346872	I:	D:
199019	199465	+	2	1.300918	I:	D:
199706	200179	+	2	1.297064	I:	D:
200204	200896	+	2	1.327903	I:	D:
200920	201144	+	1	1.374014	I:	D:
201186	202856	+	3	1.322950	I:	D:
202940	204343	+	2	1.328281	I:	D:
204435	204677	-	3	1.305666	I:	D:
204931	206211	+	1	1.330116	I:	D:
206425	206580	+	1	1.329611	I:	D:
206581	206793	-	1	1.296033	I:	D:
206928	207443	+	3	1.323613	I:	D:
207572	207901	+	2	1.389971	I:	D:
208054	209457	+	1	1.315420	I:	D:
209435	210355	+	2	1.327345	I:	D:
210494	210757	-	2	1.319048	I:	D:
211218	211736	+	3	1.301532	I:	D:
211827	213194	+	3	1.321628	I:	D:
213341	214204	+	2	1.333473	I:	D:
214482	214976	+	3	1.300279	I:	D:
215035	215232	+	1	1.304266	I:	D:
215266	215622	+	1	1.331325	I:	D:
215712	215873	-	3	1.389623	I:	D:
215914	216060	+	1	1.375380	I:	D:
216316	218094	+	1	1.343214	I:	D:
218151	219272	+	3	1.323150	I:	D:
219275	219997	+	2	1.323235	I:	D:
219987	220772	+	3	1.308425	I:	D:
220855	222531	+	1	1.350189	I:	D:
222608	223153	-	2	1.350936	I:	D:
223391	224875	+	2	1.339432	I:	D:
224990	226486	-	2	1.331811	I:	D:
226709	227986	+	2	1.351309	I:	D:
228140	229507	+	2	1.340611	I:	D:
229500	231308	+	3	1.335413	I:	D:
231352	232608	+	1	1.334527	I:	D:
232697	234334	+	2	1.349865	I:	D:
234480	236078	+	3	1.340046	I:	D:
236184	237566	+	3	1.354316	I:	D:
237596	238624	+	2	1.352208	I:	D:
238869	239003	+	3	1.292303	I:	D:
239151	239705	+	3	1.336169	I:	D:
239730	240851	+	3	1.293643	I:	D:
240844	242022	+	1	1.276993	I:	D:
242022	243158	+	3	1.277848	I:	D:
243159	244250	+	3	1.270018	I:	D:
244487	245665	+	2	1.279649	I:	D:
245681	246568	+	2	1.274632	I:	D:
>Y8.M062_8
132	923	-	3	1.305925	I:	D:
942	1223	-	3	1.317527	I:	D:
1307	1606	-	2	1.319977	I:	D:
1860	2516	-	3	1.330632	I:	D:
2661	3620	+	3	1.340191	I:	D:
3621	5222	-	3	1.303101	I:	D:
5354	6340	-	2	1.325556	I:	D:
6507	8006	-	3	1.309962	I:	D:
8090	8794	-	2	1.306358	I:	D:
8819	9922	-	2	1.316698	I:	D:
10305	10466	-	3	1.355700	I:	D:
10545	11054	+	3	1.340623	I:	D:
11374	12684	+	1	1.330629	I:	D:
12969	14150	-	3	1.296225	I:	D:
14244	15488	-	3	1.334095	I:	D:
15506	16000	-	2	1.308780	I:	D:
16060	17310	-	1	1.321591	I:	D:
17315	17794	-	2	1.328347	I:	D:
17906	18340	+	2	1.325224	I:	D:
18367	18750	+	1	1.298773	I:	D:
18825	20720	-	3	1.313287	I:	D:
20720	22471	-	2	1.305957	I:	D:
22468	23037	-	1	1.325418	I:	D:
23152	23871	-	1	1.330173	I:	D:
23966	24493	-	2	1.331502	I:	D:
24514	24948	-	1	1.338527	I:	D:
24960	25325	-	3	1.299949	I:	D:
25714	27087	-	1	1.318336	I:	D:
27133	28302	-	1	1.316921	I:	D:
28247	28888	-	2	1.315761	I:	D:
28926	31244	-	3	1.306469	I:	D:
31347	32618	-	3	1.317092	I:	D:
32641	33222	-	1	1.320878	I:	D:
33314	34603	-	2	1.285912	I:	D:
34784	35335	-	2	1.304923	I:	D:
35585	36202	+	2	1.344588	I:	D:
36312	37529	-	3	1.320373	I:	D:
37526	38488	-	2	1.299392	I:	D:
38841	41417	-	3	1.315516	I:	D:
41523	42299	-	3	1.318152	I:	D:
42360	42689	-	3	1.330591	I:	D:
42765	43607	-	3	1.305815	I:	D:
43679	45634	-	2	1.314669	I:	D:
45729	46487	-	3	1.299527	I:	D:
46684	47316	-	1	1.346957	I:	D:
47539	49368	+	1	1.316738	I:	D:
49577	50137	+	2	1.289889	I:	D:
50279	50935	-	2	1.320489	I:	D:
51129	53702	+	3	1.317620	I:	D:
53828	55147	-	2	1.338098	I:	D:
55366	56400	-	1	1.326828	I:	D:
56413	56619	-	1	1.365939	I:	D:
56964	57125	-	3	1.312668	I:	D:
57170	58528	+	2	1.337641	I:	D:
58673	60037	-	2	1.315274	I:	D:
60308	61165	-	2	1.306849	I:	D:
61260	62261	-	3	1.301403	I:	D:
62288	63256	-	2	1.297462	I:	D:
63249	64088	-	3	1.295259	I:	D:
64116	65171	-	3	1.312678	I:	D:
65267	66640	-	2	1.329184	I:	D:
66723	67415	-	3	1.307306	I:	D:
67492	68583	-	1	1.321606	I:	D:
68990	69925	-	2	1.300596	I:	D:
70011	70982	-	3	1.322150	I:	D:
71101	72954	-	1	1.325275	I:	D:
72941	74167	-	2	1.329763	I:	D:
74164	74928	-	1	1.318728	I:	D:
74944	75822	-	1	1.303971	I:	D:
75954	76529	-	3	1.334053	I:	D:
76543	77757	-	1	1.313092	I:	D:
77770	78543	-	1	1.302497	I:	D:
78586	79233	-	1	1.311711	I:	D:
79240	79437	-	1	1.297731	I:	D:
79742	81664	-	2	1.308341	I:	D:
81808	82566	-	1	1.317922	I:	D:
82644	84506	-	3	1.314264	I:	D:
84523	86712	-	1	1.323723	I:	D:
86795	87640	-	2	1.332506	I:	D:
87640	88518	-	1	1.326920	I:	D:
88536	89828	-	3	1.300644	I:	D:
90029	90898	+	2	1.315536	I:	D:
90957	91577	-	3	1.320400	I:	D:
91738	92496	-	1	1.305103	I:	D:
92719	93054	-	1	1.344763	I:	D:
93242	96037	-	2	1.324952	I:	D:
96103	97452	-	1	1.313690	I:	D:
97471	99726	-	1	1.325876	I:	D:
99958	101124	+	1	1.331418	I:	D:
101156	101785	-	2	1.332557	I:	D:
102079	102282	-	1	1.357895	I:	D:
102328	103563	-	1	1.309964	I:	D:
103590	104306	-	3	1.300624	I:	D:
104368	107739	-	1	1.311126	I:	D:
107705	108364	-	2	1.285247	I:	D:
108357	109769	-	3	1.317339	I:	D:
109830	110753	-	3	1.328906	I:	D:
110900	113089	-	2	1.314285	I:	D:
113336	114811	+	2	1.330722	I:	D:
115032	116699	+	3	1.327043	I:	D:
116795	117352	-	2	1.336979	I:	D:
117376	118392	-	1	1.333481	I:	D:
118449	120173	+	3	1.338510	I:	D:
120286	123504	-	1	1.307515	I:	D:
123519	125369	-	3	1.318051	I:	D:
125353	126243	-	1	1.282288	I:	D:
126245	127822	-	2	1.302130	I:	D:
128253	130205	-	3	1.321024	I:	D:
130649	131560	-	2	1.332111	I:	D:
131557	131745	-	1	1.297052	I:	D:
131808	132530	-	3	1.313293	I:	D:
132520	133617	-	1	1.331158	I:	D:
133787	134698	-	2	1.340586	I:	D:
134800	135717	+	1	1.327479	I:	D:
135811	137007	-	1	1.323663	I:	D:
137088	137822	-	3	1.311623	I:	D:
138250	139224	-	1	1.306663	I:	D:
139215	140084	-	3	1.333668	I:	D:
140102	140467	-	2	1.330792	I:	D:
140559	141317	-	3	1.315699	I:	D:
141310	141846	-	1	1.321543	I:	D:
141853	142701	-	1	1.326362	I:	D:
142733	143533	-	2	1.345559	I:	D:
143561	143908	-	2	1.314413	I:	D:
144027	144806	-	3	1.337050	I:	D:
144806	145315	-	2	1.291986	I:	D:
145533	145760	-	3	1.260138	I:	D:
145840	146085	-	1	1.312837	I:	D:
146138	147493	-	2	1.312848	I:	D:
147495	147845	-	3	1.328772	I:	D:
147963	148907	+	3	1.358141	I:	D:
149222	149644	-	2	1.362427	I:	D:
149875	150405	+	1	1.329224	I:	D:
150302	150586	+	2	1.240668	I:	D:
150719	151501	+	2	1.305304	I:	D:
151553	154000	-	2	1.311628	I:	D:
154298	155749	+	2	1.319203	I:	D:
155936	157288	-	2	1.353087	I:	D:
157490	159208	-	2	1.316550	I:	D:
159401	159850	-	2	1.338184	I:	D:
160211	160450	+	2	1.295344	I:	D:
160525	160860	+	1	1.294249	I:	D:
160957	161217	-	1	1.265315	I:	D:
161255	162211	-	2	1.326918	I:	D:
162385	163023	-	1	1.310073	I:	D:
163057	163953	-	1	1.291116	I:	D:
164091	165161	+	3	1.296402	I:	D:
165376	165552	+	1	1.363907	I:	D:
165587	166954	-	2	1.337670	I:	D:
166951	167157	-	1	1.325938	I:	D:
167180	168238	-	2	1.324150	I:	D:
168242	168946	-	2	1.336753	I:	D:
169050	169940	-	3	1.298562	I:	D:
170174	171115	-	2	1.328281	I:	D:
171188	172576	-	2	1.328524	I:	D:
172664	173533	-	2	1.338599	I:	D:
173585	176578	-	2	1.335760	I:	D:
176713	178155	-	1	1.334941	I:	D:
178263	179597	-	3	1.310440	I:	D:
179847	180485	+	3	1.337635	I:	D:
180514	181719	+	1	1.334349	I:	D:
181792	183102	+	1	1.341512	I:	D:
183249	184445	+	3	1.320051	I:	D:
184563	185507	+	3	1.309041	I:	D:
185623	186897	-	1	1.321583	I:	D:
186928	187920	-	1	1.312985	I:	D:
187925	188995	-	2	1.337655	I:	D:
189107	191023	-	2	1.341679	I:	D:
191083	191958	-	1	1.320140	I:	D:
192006	192803	-	3	1.317311	I:	D:
193055	195055	+	2	1.326855	I:	D:
195060	195413	+	3	1.309139	I:	D:
195410	195772	+	2	1.312190	I:	D:
196275	197606	+	3	1.326283	I:	D:
197698	198207	-	1	1.299316	I:	D:
198247	199965	-	1	1.329787	I:	D:
200221	201045	-	1	1.341394	I:	D:
201038	201748	-	2	1.326926	I:	D:
201748	202818	-	1	1.297412	I:	D:
202851	203339	-	3	1.311875	I:	D:
203352	204200	-	3	1.333742	I:	D:
204222	205517	-	3	1.312458	I:	D:
205723	205968	+	1	1.372660	I:	D:
206070	206348	+	3	1.319021	I:	D:
206430	207203	-	3	1.307599	I:	D:
207190	208077	-	1	1.327063	I:	D:
208104	209123	-	3	1.300172	I:	D:
209664	211466	-	3	1.333926	I:	D:
211493	212758	-	2	1.320655	I:	D:
212836	213006	-	1	1.332240	I:	D:
213272	214213	-	2	1.305749	I:	D:
214888	215550	-	1	1.280413	I:	D:
215753	216049	+	2	1.370828	I:	D:
216320	216511	-	2	1.342134	I:	D:
216539	217510	-	2	1.325118	I:	D:
217470	218426	-	3	1.289170	I:	D:
218671	219951	+	1	1.312983	I:	D:
220400	221392	-	2	1.315488	I:	D:
221432	222400	-	2	1.333123	I:	D:
222420	223487	-	3	1.346952	I:	D:
>Y8.M062_9
490	867	+	1	1.316133	I:	D:
1053	2378	-	3	1.295923	I:	D:
2575	3480	+	1	1.311078	I:	D:
3482	4360	+	2	1.314295	I:	D:
4373	5332	+	2	1.344068	I:	D:
5329	5583	+	1	1.323792	I:	D:
5747	6682	+	2	1.310594	I:	D:
7054	7764	+	1	1.303515	I:	D:
7987	8850	+	1	1.313606	I:	D:
9273	11387	+	3	1.323637	I:	D:
11598	13304	+	3	1.347672	I:	D:
13321	13881	+	1	1.343383	I:	D:
14014	14586	+	1	1.331042	I:	D:
14610	15770	+	3	1.331883	I:	D:
15767	18400	+	2	1.328057	I:	D:
18463	19338	+	1	1.312592	I:	D:
19655	20659	+	2	1.315737	I:	D:
20643	21509	+	3	1.327115	I:	D:
21516	22964	+	3	1.324883	I:	D:
22981	23871	+	1	1.305267	I:	D:
24090	24497	+	3	1.354864	I:	D:
24586	25308	+	1	1.344708	I:	D:
25334	26086	+	2	1.320707	I:	D:
26110	26976	+	1	1.316690	I:	D:
27105	27311	+	3	1.365077	I:	D:
27336	27533	+	3	1.330109	I:	D:
27559	28077	+	1	1.318350	I:	D:
28130	28555	+	2	1.318672	I:	D:
28708	29400	+	1	1.321841	I:	D:
29727	30260	+	3	1.298427	I:	D:
30353	30724	+	2	1.273194	I:	D:
30800	31963	+	2	1.315572	I:	D:
32248	36111	+	1	1.327771	I:	D:
36130	39834	+	1	1.324538	I:	D:
40593	41777	-	3	1.311611	I:	D:
41792	42778	-	2	1.313350	I:	D:
42839	43957	-	2	1.342103	I:	D:
44226	45602	-	3	1.310058	I:	D:
45829	47103	+	1	1.324263	I:	D:
47100	48218	+	3	1.317318	I:	D:
48294	48584	+	3	1.274305	I:	D:
48709	49377	-	1	1.341695	I:	D:
49450	50697	+	1	1.327778	I:	D:
50716	51888	+	1	1.303312	I:	D:
52293	53729	+	3	1.338543	I:	D:
53743	53910	+	1	1.269946	I:	D:
53981	54400	+	2	1.357478	I:	D:
54552	55082	+	3	1.317042	I:	D:
55104	57221	+	3	1.324818	I:	D:
57345	58538	+	3	1.339731	I:	D:
58807	59682	+	1	1.312682	I:	D:
59743	61098	+	1	1.326697	I:	D:
61113	62471	+	3	1.330257	I:	D:
62456	63142	+	2	1.312683	I:	D:
63194	64147	+	2	1.331506	I:	D:
64140	64985	+	3	1.327742	I:	D:
64989	65888	+	3	1.318226	I:	D:
65998	68295	+	1	1.322791	I:	D:
68506	69267	+	1	1.320728	I:	D:
69284	70156	+	2	1.307680	I:	D:
70339	71709	+	1	1.321676	I:	D:
71720	72658	+	2	1.342204	I:	D:
73201	73806	-	1	1.309961	I:	D:
74049	76130	+	3	1.315223	I:	D:
76147	78630	+	1	1.303860	I:	D:
78726	80204	+	3	1.333271	I:	D:
80270	80794	+	2	1.324977	I:	D:
80886	81137	+	3	1.344176	I:	D:
>Y8.M062_10
83	1078	-	2	1.328391	I:	D:
1239	2042	-	3	1.303939	I:	D:
2042	2980	-	2	1.343226	I:	D:
3251	4252	-	2	1.316510	I:	D:
4574	5953	+	2	1.328740	I:	D:
6003	7331	+	3	1.322233	I:	D:
7333	7983	+	1	1.337604	I:	D:
8010	9023	+	3	1.319573	I:	D:
9079	10581	+	1	1.329496	I:	D:
10638	12575	+	3	1.344388	I:	D:
12714	13043	+	3	1.353061	I:	D:
13071	13331	+	3	1.265373	I:	D:
13632	14099	+	3	1.325465	I:	D:
14134	14607	+	1	1.344100	I:	D:
15185	16216	+	2	1.323097	I:	D:
16320	16760	-	3	1.331583	I:	D:
16797	17717	-	3	1.337795	I:	D:
17747	18406	-	2	1.301615	I:	D:
18539	19681	+	2	1.320223	I:	D:
19765	21057	+	1	1.310799	I:	D:
21094	21948	+	1	1.327038	I:	D:
22078	23814	-	1	1.324496	I:	D:
23985	24872	+	3	1.312021	I:	D:
24892	25527	+	1	1.316852	I:	D:
25529	25774	+	2	1.306351	I:	D:
25933	27255	+	1	1.310763	I:	D:
27257	27799	+	2	1.296588	I:	D:
27803	28327	+	2	1.323143	I:	D:
28577	29350	+	2	1.332688	I:	D:
29365	30375	+	1	1.312189	I:	D:
30562	31098	+	1	1.283429	I:	D:
31118	32140	+	2	1.304578	I:	D:
32385	34310	+	3	1.321865	I:	D:
34367	36373	+	2	1.310189	I:	D:
36515	37057	+	2	1.306031	I:	D:
37229	38326	+	2	1.301813	I:	D:
38616	39038	+	3	1.318648	I:	D:
39039	39689	+	3	1.326287	I:	D:
39705	40394	+	3	1.347264	I:	D:
40406	40888	+	2	1.317834	I:	D:
41077	41892	+	1	1.295067	I:	D:
42018	44345	+	3	1.306612	I:	D:
44342	45772	+	2	1.295394	I:	D:
46007	46372	+	2	1.328685	I:	D:
45934	47301	+	1	1.344265	I:	D:
47482	47679	+	1	1.320158	I:	D:
47754	48317	+	3	1.298476	I:	D:
48596	49159	+	2	1.328488	I:	D:
49198	49794	+	1	1.304844	I:	D:
49803	49967	+	3	1.311655	I:	D:
49975	51504	+	1	1.335876	I:	D:
51504	52271	+	3	1.313773	I:	D:
52424	53341	+	2	1.299029	I:	D:
53381	54415	+	2	1.314264	I:	D:
54557	56077	+	2	1.316142	I:	D:
56110	57258	+	1	1.309490	I:	D:
57401	58351	+	2	1.302341	I:	D:
58348	60165	+	1	1.317732	I:	D:
60322	61209	-	1	1.298955	I:	D:
61308	61595	-	3	1.318317	I:	D:
61735	62628	+	1	1.290283	I:	D:
62683	62886	+	1	1.326631	I:	D:
62997	64340	+	3	1.354278	I:	D:
>Y8.M062_11
176	331	-	2	1.318985	I:	D:
783	1175	-	3	1.349009	I:	D:
1195	1623	-	1	1.318705	I:	D:
1838	3037	-	2	1.328238	I:	D:
3094	3645	-	1	1.303897	I:	D:
3857	5179	+	2	1.336688	I:	D:
5254	7140	-	1	1.325244	I:	D:
7154	7372	-	2	1.299336	I:	D:
7752	8120	+	3	1.360397	I:	D:
8243	9079	-	2	1.319201	I:	D:
9076	9552	-	1	1.310708	I:	D:
9615	11576	-	3	1.316263	I:	D:
11573	12397	-	2	1.342543	I:	D:
12390	13544	-	3	1.321736	I:	D:
13588	14997	-	1	1.333202	I:	D:
15010	15495	-	1	1.319518	I:	D:
15492	16301	-	3	1.295457	I:	D:
16430	16915	+	2	1.308941	I:	D:
17057	19111	-	2	1.305996	I:	D:
19327	19845	-	1	1.314667	I:	D:
20034	20693	-	3	1.273808	I:	D:
20849	23647	-	2	1.312718	I:	D:
23821	24906	-	1	1.295004	I:	D:
25129	26493	+	1	1.305956	I:	D:
26504	27553	+	2	1.303364	I:	D:
27658	29346	-	1	1.317329	I:	D:
29597	30724	+	2	1.334111	I:	D:
30839	31645	-	2	1.296379	I:	D:
31738	33144	-	1	1.303305	I:	D:
33137	34552	-	2	1.301590	I:	D:
34564	35334	-	1	1.265848	I:	D:
35601	38054	-	3	1.310694	I:	D:
38244	38384	+	3	1.274446	I:	D:
38734	39846	+	1	1.327470	I:	D:
39943	40878	+	1	1.319018	I:	D:
40921	41421	+	1	1.288323	I:	D:
41549	42472	-	2	1.314909	I:	D:
42567	43361	-	3	1.309919	I:	D:
43425	43706	-	3	1.327152	I:	D:
43855	44928	+	1	1.345874	I:	D:
45039	45413	-	3	1.325459	I:	D:
45633	46331	+	3	1.331047	I:	D:
46437	47117	-	3	1.341161	I:	D:
47209	49347	-	1	1.311056	I:	D:
49319	50017	-	2	1.314260	I:	D:
50146	50829	-	1	1.322597	I:	D:
50874	51107	+	3	1.361746	I:	D:
51143	51466	-	2	1.320733	I:	D:
51769	52113	+	1	1.294618	I:	D:
52207	52842	-	1	1.348979	I:	D:
52843	53901	-	1	1.336917	I:	D:
53975	54418	-	2	1.321518	I:	D:
54677	55879	-	2	1.320235	I:	D:
55952	56122	+	2	1.229449	I:	D:
56359	60078	-	1	1.330952	I:	D:
60075	63515	-	3	1.338238	I:	D:
63581	63889	-	2	1.318745	I:	D:
64090	65361	-	1	1.305712	I:	D:
65375	66001	-	2	1.325897	I:	D:
65995	67020	-	1	1.306862	I:	D:
67053	67565	-	3	1.302024	I:	D:
67691	69796	-	2	1.325894	I:	D:
70109	70591	-	2	1.337134	I:	D:
70685	70834	-	2	1.277513	I:	D:
70849	71529	-	1	1.297171	I:	D:
71548	72450	-	1	1.310974	I:	D:
72450	73232	-	3	1.339551	I:	D:
73303	74232	-	1	1.323119	I:	D:
74624	75076	-	2	1.369467	I:	D:
75088	75849	-	1	1.334967	I:	D:
75961	78732	-	1	1.320359	I:	D:
78849	79904	-	3	1.312326	I:	D:
80310	80888	+	3	1.317192	I:	D:
81053	81724	-	2	1.306296	I:	D:
81759	83132	-	3	1.328781	I:	D:
83133	84899	-	3	1.323030	I:	D:
84896	85222	-	2	1.338666	I:	D:
85215	86189	-	3	1.322430	I:	D:
86208	86810	-	3	1.306531	I:	D:
86838	87323	-	3	1.329537	I:	D:
87320	89350	-	2	1.324410	I:	D:
89387	89773	-	2	1.273040	I:	D:
89788	89925	-	1	1.322688	I:	D:
90123	91028	-	3	1.283939	I:	D:
91048	92529	-	1	1.296580	I:	D:
92551	93525	-	1	1.291935	I:	D:
93540	94373	-	3	1.320414	I:	D:
94391	95164	-	2	1.294240	I:	D:
95254	96234	-	1	1.293366	I:	D:
96550	96969	-	1	1.302396	I:	D:
96980	98284	-	2	1.310277	I:	D:
98286	98789	-	3	1.293919	I:	D:
98782	99807	-	1	1.303683	I:	D:
99817	100668	-	1	1.286183	I:	D:
100737	100889	-	3	1.251167	I:	D:
100901	101635	-	2	1.289590	I:	D:
101898	102392	-	3	1.320423	I:	D:
102415	102546	-	1	1.352750	I:	D:
102565	103578	-	1	1.327565	I:	D:
103756	105498	-	1	1.315784	I:	D:
105565	105795	-	1	1.371492	I:	D:
105858	106442	-	3	1.324847	I:	D:
106802	107299	-	2	1.339686	I:	D:
107393	108274	+	2	1.347099	I:	D:
108353	109240	-	2	1.299410	I:	D:
109306	110115	-	1	1.317145	I:	D:
110204	111823	-	2	1.330223	I:	D:
112042	112458	-	1	1.322728	I:	D:
112483	113877	-	1	1.318640	I:	D:
113951	114841	-	2	1.332687	I:	D:
114843	116351	-	3	1.328836	I:	D:
116357	116893	-	2	1.340825	I:	D:
116874	117359	-	3	1.308886	I:	D:
117421	117645	-	1	1.299685	I:	D:
117688	118434	-	1	1.339951	I:	D:
118587	118859	-	3	1.284213	I:	D:
119183	119773	-	2	1.297254	I:	D:
120076	120477	-	1	1.310827	I:	D:
120710	120856	-	2	1.306092	I:	D:
120993	121217	-	3	1.371757	I:	D:
121397	123661	-	2	1.299382	I:	D:
123696	125135	-	3	1.304034	I:	D:
125227	126255	+	1	1.297280	I:	D:
126351	128456	+	3	1.347819	I:	D:
128618	129049	-	2	1.362649	I:	D:
129075	130292	-	3	1.322068	I:	D:
130458	131606	+	3	1.310283	I:	D:
131803	132432	-	1	1.311050	I:	D:
132474	133013	-	3	1.309385	I:	D:
133150	133539	-	1	1.294114	I:	D:
133841	134893	+	2	1.333418	I:	D:
134893	136278	+	1	1.315921	I:	D:
136534	137553	-	1	1.313502	I:	D:
137542	137805	+	1	1.406494	I:	D:
137920	139422	+	1	1.318915	I:	D:
139552	140481	+	1	1.306260	I:	D:
140734	141393	+	1	1.344190	I:	D:
141540	143315	-	3	1.321712	I:	D:
143308	145068	-	1	1.318948	I:	D:
145346	146293	+	2	1.310468	I:	D:
146355	146963	-	3	1.302798	I:	D:
147112	147459	-	1	1.317066	I:	D:
147476	150655	-	2	1.325910	I:	D:
151068	153149	+	3	1.327892	I:	D:
153476	154144	+	2	1.342370	I:	D:
154149	154715	-	3	1.317274	I:	D:
154833	155201	-	3	1.312750	I:	D:
155205	156470	-	3	1.320651	I:	D:
156489	157949	-	3	1.321116	I:	D:
158616	159611	-	3	1.346851	I:	D:
159774	160130	+	3	1.324200	I:	D:
160472	160783	-	2	1.290831	I:	D:
161146	161856	-	1	1.280575	I:	D:
161846	162106	-	2	1.291533	I:	D:
162128	163030	-	2	1.355173	I:	D:
>Y8.M062_12
91	531	+	1	1.324769	I:	D:
531	1853	+	3	1.315391	I:	D:
1897	2604	+	1	1.309616	I:	D:
2636	2854	+	2	1.305665	I:	D:
3102	3629	-	3	1.408424	I:	D:
3704	4087	+	2	1.334892	I:	D:
4122	4517	+	3	1.343331	I:	D:
4614	5207	+	3	1.315999	I:	D:
5484	6443	+	3	1.304844	I:	D:
6635	7153	+	2	1.286641	I:	D:
7504	10143	+	1	1.319648	I:	D:
10219	10356	+	1	1.355481	I:	D:
10570	11325	+	1	1.297290	I:	D:
11404	12573	-	1	1.316129	I:	D:
12754	13605	+	1	1.302247	I:	D:
13599	14426	+	3	1.323283	I:	D:
14577	15452	+	3	1.298870	I:	D:
15562	16272	+	1	1.324884	I:	D:
16256	17086	+	2	1.297734	I:	D:
17175	18260	+	3	1.335739	I:	D:
18392	19000	+	2	1.321304	I:	D:
19000	19920	+	1	1.310922	I:	D:
19941	20765	+	3	1.357264	I:	D:
20925	21629	+	3	1.329404	I:	D:
21824	22909	+	2	1.320171	I:	D:
22986	23114	+	3	1.322279	I:	D:
23345	23680	-	2	1.296061	I:	D:
23822	24253	+	2	1.326604	I:	D:
24261	25304	+	3	1.332850	I:	D:
25435	26220	+	1	1.309594	I:	D:
26477	27037	+	2	1.306194	I:	D:
27111	28346	+	3	1.328035	I:	D:
28459	29187	-	1	1.349519	I:	D:
29184	29975	-	3	1.348023	I:	D:
30021	30926	+	3	1.315171	I:	D:
30947	31912	+	2	1.332493	I:	D:
32112	32636	+	3	1.320976	I:	D:
32633	34501	+	2	1.330712	I:	D:
34517	36211	+	2	1.340834	I:	D:
36439	37842	+	1	1.316448	I:	D:
37884	39152	+	3	1.327515	I:	D:
39353	40237	+	2	1.311590	I:	D:
40563	42440	+	3	1.316847	I:	D:
42488	43594	+	2	1.327792	I:	D:
43615	44502	+	1	1.315755	I:	D:
44545	47412	+	1	1.334966	I:	D:
47471	48943	+	2	1.308223	I:	D:
49079	49213	+	2	1.342759	I:	D:
49230	49904	+	3	1.322801	I:	D:
49939	50730	+	1	1.302360	I:	D:
50821	51570	+	1	1.294484	I:	D:
51599	53203	+	2	1.294721	I:	D:
53227	54804	+	1	1.301602	I:	D:
54846	56030	+	3	1.296271	I:	D:
56148	56765	-	3	1.312076	I:	D:
56939	57742	-	2	1.309483	I:	D:
57770	58489	-	2	1.326614	I:	D:
58771	61302	+	1	1.339062	I:	D:
61321	62115	+	1	1.351650	I:	D:
62297	63109	+	2	1.350538	I:	D:
63138	63659	+	3	1.338520	I:	D:
63650	65038	+	2	1.340609	I:	D:
65053	66267	+	1	1.328190	I:	D:
66279	66629	+	3	1.307010	I:	D:
66642	66923	+	3	1.316391	I:	D:
66958	67242	+	1	1.332294	I:	D:
67256	67666	+	2	1.313722	I:	D:
67780	68433	+	1	1.320980	I:	D:
68499	68693	+	3	1.291292	I:	D:
68701	70047	+	1	1.332987	I:	D:
70040	70588	+	2	1.306490	I:	D:
70669	71439	+	1	1.322409	I:	D:
71452	72600	+	1	1.328734	I:	D:
72724	73584	+	1	1.325011	I:	D:
73794	73961	+	3	1.361041	I:	D:
74110	76755	+	1	1.337511	I:	D:
76903	79122	+	1	1.331856	I:	D:
79119	80417	+	3	1.321578	I:	D:
80418	80573	+	3	1.271078	I:	D:
80594	82078	+	2	1.329488	I:	D:
82180	82491	+	1	1.338885	I:	D:
82491	82958	+	3	1.334232	I:	D:
82937	83656	+	2	1.338684	I:	D:
83660	84079	-	2	1.304933	I:	D:
84076	84714	-	1	1.312450	I:	D:
84704	84979	-	2	1.308310	I:	D:
85041	85892	+	3	1.314798	I:	D:
85936	87009	+	1	1.311968	I:	D:
87023	88540	+	2	1.336336	I:	D:
88581	89630	+	3	1.339370	I:	D:
89652	90611	+	3	1.315472	I:	D:
90629	91633	+	2	1.328668	I:	D:
91862	92551	+	2	1.312209	I:	D:
92532	93176	+	3	1.333204	I:	D:
93370	94086	+	1	1.319122	I:	D:
94124	95014	-	2	1.330744	I:	D:
95181	95879	+	3	1.280481	I:	D:
95947	96360	-	1	1.305015	I:	D:
96602	97507	+	2	1.304995	I:	D:
97533	97685	-	3	1.348454	I:	D:
97703	98485	+	2	1.281602	I:	D:
98609	99019	-	2	1.350535	I:	D:
99293	99532	+	2	1.350091	I:	D:
99840	100097	-	3	1.292670	I:	D:
100201	100746	+	1	1.306502	I:	D:
100762	101139	+	1	1.307756	I:	D:
101270	103309	+	2	1.283194	I:	D:
103605	104042	-	3	1.279707	I:	D:
104153	105160	+	2	1.301620	I:	D:
105163	105753	+	1	1.303118	I:	D:
105756	106088	+	3	1.276861	I:	D:
>Y8.M062_13
3	2567	+	3	1.304139	I:	D:
2735	3475	+	2	1.312301	I:	D:
3535	3723	+	1	1.339618	I:	D:
3764	3937	+	2	1.277516	I:	D:
3953	4366	+	2	1.286630	I:	D:
4437	4697	+	3	1.298231	I:	D:
4749	5174	+	3	1.284163	I:	D:
5205	5387	+	3	1.302534	I:	D:
5504	5872	+	2	1.320441	I:	D:
5887	6342	+	1	1.293656	I:	D:
6342	7091	+	3	1.309504	I:	D:
7112	8068	+	2	1.313063	I:	D:
8106	8237	+	3	1.345171	I:	D:
8769	9866	+	3	1.308412	I:	D:
9997	10950	+	1	1.325198	I:	D:
11231	14803	+	2	1.332225	I:	D:
14907	15761	-	3	1.308594	I:	D:
15987	17783	+	3	1.336394	I:	D:
17927	19393	+	2	1.314238	I:	D:
19585	20586	+	1	1.341033	I:	D:
20882	21874	+	2	1.338032	I:	D:
21953	23449	+	2	1.309408	I:	D:
23464	24468	+	1	1.334415	I:	D:
24811	25926	+	1	1.316957	I:	D:
26036	26476	+	2	1.300735	I:	D:
26507	26950	+	2	1.291582	I:	D:
27081	27323	+	3	1.305684	I:	D:
27397	29523	+	1	1.320288	I:	D:
29572	30036	+	1	1.298919	I:	D:
30074	30664	-	2	1.296045	I:	D:
30939	31886	+	3	1.342404	I:	D:
31910	32134	+	2	1.280903	I:	D:
32232	33170	+	3	1.316183	I:	D:
33163	34083	+	1	1.327303	I:	D:
34077	34826	+	3	1.327229	I:	D:
34846	36084	+	1	1.315892	I:	D:
36097	36591	+	1	1.290416	I:	D:
36607	37038	+	1	1.302773	I:	D:
37059	38408	+	3	1.324603	I:	D:
38395	40113	+	1	1.331399	I:	D:
40240	40686	+	1	1.322675	I:	D:
40862	41365	+	2	1.269070	I:	D:
41605	42447	+	1	1.330147	I:	D:
42483	42731	+	3	1.294943	I:	D:
42865	43548	+	1	1.320045	I:	D:
43676	44875	+	2	1.306456	I:	D:
44912	45598	+	2	1.333724	I:	D:
45588	46541	+	3	1.314308	I:	D:
46554	47744	+	3	1.328870	I:	D:
47866	49086	+	1	1.306255	I:	D:
49548	50879	+	3	1.323781	I:	D:
51020	52246	+	2	1.328998	I:	D:
52314	52616	+	3	1.266803	I:	D:
52631	54121	+	2	1.310663	I:	D:
54124	55557	+	1	1.317300	I:	D:
55739	56779	+	2	1.327664	I:	D:
56968	57828	-	1	1.344791	I:	D:
58152	59198	+	3	1.327898	I:	D:
59198	59866	+	2	1.343560	I:	D:
59898	60746	+	3	1.288039	I:	D:
60762	62084	+	3	1.308858	I:	D:
62268	62447	-	3	1.269451	I:	D:
62464	62655	-	1	1.295534	I:	D:
63073	64470	+	1	1.333617	I:	D:
64935	69920	+	3	1.305427	I:	D:
70107	71714	+	3	1.302404	I:	D:
71711	73399	+	2	1.315212	I:	D:
73377	74366	+	3	1.333265	I:	D:
74434	75261	+	1	1.328569	I:	D:
75369	75980	+	3	1.328252	I:	D:
76283	77164	+	2	1.337629	I:	D:
77258	78805	+	2	1.320843	I:	D:
78841	80772	+	1	1.318824	I:	D:
80799	81728	+	3	1.299088	I:	D:
81887	83014	+	2	1.331993	I:	D:
83034	84131	+	3	1.325663	I:	D:
84145	84348	+	1	1.292881	I:	D:
84415	85254	+	1	1.329639	I:	D:
85254	85700	+	3	1.356706	I:	D:
85701	85937	+	3	1.349119	I:	D:
86210	87367	+	2	1.306066	I:	D:
87415	88854	+	1	1.325793	I:	D:
88979	89140	+	2	1.397606	I:	D:
89245	89400	+	1	1.350866	I:	D:
89887	90204	+	1	1.331302	I:	D:
90246	90974	+	3	1.319197	I:	D:
91005	91625	+	3	1.321964	I:	D:
91625	91924	+	2	1.285784	I:	D:
91993	92835	+	1	1.346921	I:	D:
92862	93143	+	3	1.339894	I:	D:
93175	93561	+	1	1.366283	I:	D:
93571	94227	+	1	1.325110	I:	D:
94227	94664	+	3	1.312810	I:	D:
94857	95132	+	3	1.321179	I:	D:
95156	95524	+	2	1.302901	I:	D:
95539	95850	+	1	1.258070	I:	D:
95874	96413	+	3	1.305773	I:	D:
96429	96614	+	3	1.350253	I:	D:
96663	97064	+	3	1.316001	I:	D:
97243	97785	+	1	1.308201	I:	D:
97803	98171	+	3	1.308218	I:	D:
98188	98697	+	1	1.293079	I:	D:
98741	98923	+	2	1.292217	I:	D:
>Y8.M062_14
300	1322	+	3	1.330212	I:	D:
1453	1614	-	1	1.361006	I:	D:
1906	2739	+	1	1.329232	I:	D:
2905	4047	+	1	1.301789	I:	D:
4529	5995	+	2	1.341529	I:	D:
6001	6855	+	1	1.333185	I:	D:
6859	7716	+	1	1.342826	I:	D:
7942	9201	+	1	1.321107	I:	D:
9291	10418	+	3	1.339568	I:	D:
10456	10914	-	1	1.335223	I:	D:
11024	12136	+	2	1.358636	I:	D:
12211	12567	+	1	1.331622	I:	D:
12765	13511	+	3	1.366067	I:	D:
13524	14282	+	3	1.324832	I:	D:
14283	14978	+	3	1.307884	I:	D:
15063	16559	+	3	1.342796	I:	D:
17009	17248	+	2	1.380895	I:	D:
17640	18569	+	3	1.307005	I:	D:
18578	18709	+	2	1.315322	I:	D:
18961	20610	-	1	1.327196	I:	D:
20885	21253	+	2	1.324552	I:	D:
21250	21966	+	1	1.365123	I:	D:
21997	22221	-	1	1.365991	I:	D:
22311	24179	+	3	1.327134	I:	D:
24225	24374	-	3	1.328442	I:	D:
24387	26123	-	3	1.347137	I:	D:
26117	27949	-	2	1.347747	I:	D:
28005	28169	+	3	1.241078	I:	D:
28192	30279	-	1	1.342029	I:	D:
30504	31334	+	3	1.331796	I:	D:
31488	32498	+	3	1.320877	I:	D:
32495	33268	+	2	1.333003	I:	D:
33311	33796	-	2	1.339930	I:	D:
34210	36462	+	1	1.340160	I:	D:
36794	37540	+	2	1.318714	I:	D:
37617	38939	-	3	1.355039	I:	D:
39118	40302	+	1	1.313448	I:	D:
40445	40615	-	2	1.304168	I:	D:
40617	41123	-	3	1.321757	I:	D:
41222	42340	-	2	1.321937	I:	D:
42552	42794	+	3	1.355125	I:	D:
42816	42968	+	3	1.332594	I:	D:
43573	44361	-	1	1.336582	I:	D:
44351	44647	-	2	1.301770	I:	D:
44999	46228	+	2	1.329376	I:	D:
46241	46600	+	2	1.260078	I:	D:
46766	47269	+	2	1.323547	I:	D:
47271	47795	+	3	1.337873	I:	D:
47835	48824	+	3	1.336864	I:	D:
48862	49011	+	1	1.341593	I:	D:
49059	49499	+	3	1.295271	I:	D:
49601	50521	+	2	1.324163	I:	D:
50522	51478	+	2	1.299786	I:	D:
51490	52257	+	1	1.333143	I:	D:
52322	53479	+	2	1.325551	I:	D:
53509	54699	+	1	1.320600	I:	D:
54804	55037	-	3	1.286163	I:	D:
55158	56510	+	3	1.316616	I:	D:
56645	56908	+	2	1.308615	I:	D:
56895	57353	+	3	1.339972	I:	D:
57365	57625	+	2	1.275440	I:	D:
57745	58206	+	1	1.357373	I:	D:
58223	59893	+	2	1.321741	I:	D:
59897	60550	+	2	1.335676	I:	D:
60547	61791	+	1	1.317783	I:	D:
61808	62425	-	2	1.321401	I:	D:
62536	64230	+	1	1.357106	I:	D:
64227	65342	+	3	1.330561	I:	D:
65356	67431	+	1	1.314509	I:	D:
67593	68372	+	3	1.308561	I:	D:
68391	68702	+	3	1.317247	I:	D:
68872	69156	+	1	1.269966	I:	D:
69190	70815	+	1	1.298645	I:	D:
71185	72639	+	1	1.305333	I:	D:
72888	73625	+	3	1.341060	I:	D:
73650	74231	+	3	1.306689	I:	D:
74309	74866	+	2	1.325019	I:	D:
75181	76155	+	1	1.313092	I:	D:
76152	78551	+	3	1.313459	I:	D:
78585	80450	+	3	1.302077	I:	D:
80431	81489	+	1	1.341595	I:	D:
81257	81949	+	2	1.345746	I:	D:
82364	83269	-	2	1.306626	I:	D:
83565	85328	+	3	1.297136	I:	D:
85337	86551	+	2	1.322460	I:	D:
86541	87446	+	3	1.330729	I:	D:
87751	92352	+	1	1.314479	I:	D:
92364	93863	+	3	1.332172	I:	D:
94197	95393	+	3	1.330665	I:	D:
>Y8.M062_15
3	149	+	3	1.321024	I:	D:
367	612	-	1	1.343446	I:	D:
770	1453	+	2	1.301212	I:	D:
1527	2435	-	3	1.315613	I:	D:
2463	4301	-	3	1.321965	I:	D:
4273	6549	-	1	1.317285	I:	D:
6681	7109	-	3	1.326201	I:	D:
7503	8135	-	3	1.282351	I:	D:
8174	9022	-	2	1.296628	I:	D:
9025	9399	-	1	1.310900	I:	D:
9650	11014	-	2	1.346865	I:	D:
11150	11563	-	2	1.302735	I:	D:
11667	14111	-	3	1.326384	I:	D:
14144	14560	-	2	1.328546	I:	D:
14699	15994	-	2	1.321254	I:	D:
16043	16717	-	2	1.322371	I:	D:
16714	17397	-	1	1.299743	I:	D:
17401	18171	-	1	1.318801	I:	D:
18258	19127	-	3	1.355264	I:	D:
19142	20104	-	2	1.330772	I:	D:
20168	21082	-	2	1.296968	I:	D:
21508	21990	-	1	1.356567	I:	D:
22087	25134	-	1	1.325159	I:	D:
25342	26373	-	1	1.292334	I:	D:
26488	27381	-	1	1.340881	I:	D:
27393	28016	-	3	1.353456	I:	D:
28065	29099	-	3	1.329613	I:	D:
29089	29796	-	1	1.345330	I:	D:
29983	30882	-	1	1.310920	I:	D:
30906	33830	-	3	1.313616	I:	D:
33865	35589	-	1	1.305997	I:	D:
36006	37163	+	3	1.323126	I:	D:
37355	38128	+	2	1.339171	I:	D:
38228	38866	-	2	1.324758	I:	D:
38981	39124	+	2	1.361412	I:	D:
39574	40104	-	1	1.329422	I:	D:
40095	40760	-	3	1.356891	I:	D:
40741	41592	-	1	1.330906	I:	D:
41852	42430	+	2	1.338811	I:	D:
42828	44978	-	3	1.314916	I:	D:
44984	46726	-	2	1.314082	I:	D:
46723	48432	-	1	1.320473	I:	D:
48395	49954	-	2	1.314577	I:	D:
50122	50958	-	1	1.335961	I:	D:
50958	51800	-	3	1.322703	I:	D:
51970	53307	-	1	1.309116	I:	D:
53532	54419	+	3	1.347099	I:	D:
54465	55223	-	3	1.319255	I:	D:
55237	55923	-	1	1.282184	I:	D:
55926	56282	-	3	1.325751	I:	D:
56704	57372	-	1	1.346314	I:	D:
57408	58169	-	3	1.312725	I:	D:
58183	58788	-	1	1.320655	I:	D:
58833	60338	-	3	1.285069	I:	D:
60344	61033	-	2	1.310110	I:	D:
61234	61488	-	1	1.287296	I:	D:
61756	62472	+	1	1.336631	I:	D:
62503	62658	-	1	1.323175	I:	D:
62787	63014	-	3	1.369730	I:	D:
63182	63364	-	2	1.411363	I:	D:
63492	63971	-	3	1.335016	I:	D:
63968	64582	-	2	1.309600	I:	D:
64634	65782	-	2	1.333877	I:	D:
65812	65943	-	1	1.345574	I:	D:
66120	66479	-	3	1.336186	I:	D:
66626	67147	-	2	1.317690	I:	D:
67561	68577	-	1	1.313284	I:	D:
68736	69836	-	3	1.297251	I:	D:
70005	71273	+	3	1.329923	I:	D:
71357	73954	-	2	1.318378	I:	D:
74014	74325	-	1	1.342961	I:	D:
74431	74568	+	1	1.374979	I:	D:
74579	78166	-	2	1.301715	I:	D:
78176	78880	-	2	1.307364	I:	D:
78957	79778	-	3	1.320109	I:	D:
79893	80054	+	3	1.311496	I:	D:
80148	81479	-	3	1.340682	I:	D:
>Y8.M062_16
329	1261	+	2	1.323404	I:	D:
1438	3315	+	1	1.328552	I:	D:
3385	4716	-	1	1.348423	I:	D:
4733	5533	-	2	1.338196	I:	D:
5715	6599	-	3	1.350451	I:	D:
6785	7024	+	2	1.325808	I:	D:
7073	8191	-	2	1.304131	I:	D:
8184	8390	-	3	1.338162	I:	D:
8483	9652	-	2	1.341972	I:	D:
9743	10312	-	2	1.335614	I:	D:
10343	10483	+	2	1.328581	I:	D:
10598	12580	-	2	1.320235	I:	D:
12933	14687	-	3	1.321786	I:	D:
15086	15991	-	2	1.297637	I:	D:
16005	16169	-	3	1.309070	I:	D:
16337	16807	+	2	1.265049	I:	D:
16905	17534	-	3	1.322017	I:	D:
17582	19654	-	2	1.328717	I:	D:
19651	20415	-	1	1.343398	I:	D:
20550	21533	-	3	1.333331	I:	D:
21536	22213	-	2	1.320331	I:	D:
22284	23117	-	3	1.351453	I:	D:
23144	25348	-	2	1.317047	I:	D:
25711	26487	-	1	1.316643	I:	D:
26523	26891	-	3	1.323149	I:	D:
27035	27196	-	2	1.349774	I:	D:
27407	30973	-	2	1.296306	I:	D:
31104	31610	-	3	1.329249	I:	D:
31640	32062	-	2	1.308185	I:	D:
32066	32929	-	2	1.372492	I:	D:
32940	33395	-	3	1.306338	I:	D:
33397	35175	-	1	1.321177	I:	D:
35212	36285	-	1	1.312185	I:	D:
36466	36603	-	1	1.329071	I:	D:
36612	38195	-	3	1.320988	I:	D:
38350	38790	-	1	1.281162	I:	D:
39048	40193	+	3	1.292840	I:	D:
40570	41139	-	1	1.338958	I:	D:
41127	41771	-	3	1.339805	I:	D:
41826	42614	-	3	1.318916	I:	D:
42644	43384	-	2	1.347908	I:	D:
43399	43830	-	1	1.305122	I:	D:
44060	45124	-	2	1.327237	I:	D:
45227	45697	-	2	1.290294	I:	D:
45694	46155	-	1	1.276270	I:	D:
46237	46536	-	1	1.338845	I:	D:
46917	47705	-	3	1.288746	I:	D:
47790	47927	-	3	1.222830	I:	D:
48651	49598	-	3	1.328107	I:	D:
49582	51483	-	1	1.305128	I:	D:
51559	52995	-	1	1.301508	I:	D:
52997	53986	-	2	1.302875	I:	D:
>Y8.M062_17
2	175	+	2	1.322081	I:	D:
172	585	+	1	1.325880	I:	D:
639	1418	-	3	1.298933	I:	D:
1615	5709	-	1	1.304593	I:	D:
5912	6631	+	2	1.302022	I:	D:
6631	7950	+	1	1.327769	I:	D:
7989	8798	-	3	1.291865	I:	D:
8855	9007	+	2	1.352623	I:	D:
9097	10248	-	1	1.285091	I:	D:
10582	11283	+	1	1.331298	I:	D:
11312	13621	+	2	1.326913	I:	D:
13614	14501	+	3	1.316601	I:	D:
14494	15000	+	1	1.326175	I:	D:
15238	16647	+	1	1.350643	I:	D:
16794	17498	-	3	1.318340	I:	D:
17717	18580	+	2	1.337517	I:	D:
18662	20086	-	2	1.328953	I:	D:
20125	22308	-	1	1.351794	I:	D:
22697	22981	-	2	1.339598	I:	D:
23120	23248	-	2	1.309944	I:	D:
23291	24982	-	2	1.338062	I:	D:
25086	25976	+	3	1.337512	I:	D:
26044	26790	-	1	1.336155	I:	D:
26911	27180	-	1	1.313288	I:	D:
27214	28263	-	1	1.299721	I:	D:
28479	28985	-	3	1.314488	I:	D:
29069	30292	-	2	1.332325	I:	D:
30579	30902	+	3	1.353096	I:	D:
31040	32503	-	2	1.327144	I:	D:
32716	33561	-	1	1.327044	I:	D:
33797	33955	-	2	1.330112	I:	D:
33975	34877	-	3	1.341333	I:	D:
34877	35701	-	2	1.338055	I:	D:
35698	36564	-	1	1.335418	I:	D:
36549	37400	-	3	1.335587	I:	D:
37708	39204	+	1	1.341456	I:	D:
39347	40234	-	2	1.334381	I:	D:
40535	40966	+	2	1.333191	I:	D:
41073	41744	+	3	1.334852	I:	D:
41807	43144	-	2	1.339359	I:	D:
>Y8.M062_18
1	561	-	1	1.251552	I:	D:
996	1919	-	3	1.303417	I:	D:
2063	2992	-	2	1.329451	I:	D:
3081	4025	-	3	1.314677	I:	D:
4042	7692	-	1	1.316642	I:	D:
7771	7992	-	1	1.298977	I:	D:
8001	8351	-	3	1.282108	I:	D:
8376	9209	-	3	1.329400	I:	D:
9592	10467	+	1	1.308820	I:	D:
10587	12221	-	3	1.333364	I:	D:
12584	13333	-	2	1.311279	I:	D:
13335	14003	-	3	1.338430	I:	D:
14008	14682	-	1	1.320556	I:	D:
14669	15532	-	2	1.276483	I:	D:
16019	16813	-	2	1.296335	I:	D:
16962	17834	-	3	1.323313	I:	D:
18167	18352	+	2	1.255498	I:	D:
18481	18789	-	1	1.273054	I:	D:
19023	19328	-	3	1.325614	I:	D:
19439	21814	-	2	1.292128	I:	D:
21932	23377	-	2	1.291892	I:	D:
23390	25213	-	2	1.286833	I:	D:
25228	26979	-	1	1.275017	I:	D:
27000	27191	-	3	1.233052	I:	D:
27471	28847	-	3	1.324573	I:	D:
28944	29207	-	3	1.279243	I:	D:
29292	31598	-	3	1.329487	I:	D:
31752	32378	+	3	1.308053	I:	D:
32491	32805	-	1	1.325633	I:	D:
33081	34304	+	3	1.284109	I:	D:
34465	37176	+	1	1.330417	I:	D:
37179	37673	+	3	1.357554	I:	D:
37743	38825	-	3	1.288308	I:	D:
39020	40030	+	2	1.332367	I:	D:
40128	40817	-	3	1.324789	I:	D:
40942	42228	-	1	1.320266	I:	D:
42540	42908	+	3	1.290632	I:	D:
>Y8.M062_19
3	137	+	3	1.308760	I:	D:
418	672	+	1	1.288821	I:	D:
864	1040	+	3	1.383020	I:	D:
1165	1314	+	1	1.377423	I:	D:
1317	2474	+	3	1.341280	I:	D:
2523	3056	+	3	1.295949	I:	D:
3345	3854	+	3	1.322789	I:	D:
3876	5258	+	3	1.343168	I:	D:
5429	7768	+	2	1.329754	I:	D:
8162	8800	+	2	1.305299	I:	D:
8840	9829	+	2	1.327789	I:	D:
9911	11134	-	2	1.344580	I:	D:
11112	12500	-	3	1.317691	I:	D:
12921	13961	+	3	1.326854	I:	D:
14303	15013	-	2	1.343253	I:	D:
15714	16076	+	3	1.287434	I:	D:
16135	16674	+	1	1.267138	I:	D:
16718	16909	+	2	1.314513	I:	D:
17050	18063	+	1	1.316925	I:	D:
18056	19027	+	2	1.320820	I:	D:
19030	20079	+	1	1.319961	I:	D:
20264	21802	+	2	1.319170	I:	D:
21843	22172	+	3	1.326989	I:	D:
22671	22859	+	3	1.335715	I:	D:
23004	24095	-	3	1.324523	I:	D:
24109	24975	-	1	1.316626	I:	D:
25316	25648	+	2	1.307470	I:	D:
25664	27064	+	2	1.350460	I:	D:
27072	28097	-	3	1.296715	I:	D:
28305	28454	+	3	1.276689	I:	D:
28321	29259	+	1	1.317840	I:	D:
29276	30172	+	2	1.304436	I:	D:
30194	31873	+	2	1.292836	I:	D:
31899	33383	+	3	1.320860	I:	D:
33489	35309	+	3	1.341735	I:	D:
35354	36343	+	2	1.305641	I:	D:
36389	36583	-	2	1.307761	I:	D:
>Y8.M062_20
1	495	-	1	1.316521	I:	D:
585	734	-	3	1.285858	I:	D:
830	1690	+	2	1.310127	I:	D:
1933	2727	-	1	1.302514	I:	D:
2747	2998	-	2	1.306857	I:	D:
3348	3947	-	3	1.317811	I:	D:
3944	4618	-	2	1.314161	I:	D:
4630	5469	-	1	1.341671	I:	D:
5456	6304	-	2	1.337668	I:	D:
6332	7042	-	2	1.326818	I:	D:
7133	7588	-	2	1.297258	I:	D:
7747	9192	-	1	1.282736	I:	D:
9189	9674	-	3	1.307704	I:	D:
10114	12744	-	1	1.327387	I:	D:
13060	14460	-	1	1.304383	I:	D:
14462	14626	-	2	1.366004	I:	D:
14726	16126	-	2	1.345814	I:	D:
16274	17146	-	2	1.322506	I:	D:
17151	17696	-	3	1.342748	I:	D:
17869	18621	-	1	1.366299	I:	D:
18922	20130	-	1	1.342071	I:	D:
20280	22145	-	3	1.310458	I:	D:
22194	22859	-	3	1.293867	I:	D:
22875	23948	-	3	1.323972	I:	D:
24273	25547	-	3	1.317881	I:	D:
25734	26246	-	3	1.310872	I:	D:
26296	26589	-	1	1.287364	I:	D:
26836	29202	-	1	1.336172	I:	D:
29205	29699	-	3	1.344421	I:	D:
29701	30567	-	1	1.337848	I:	D:
31076	31960	+	2	1.313285	I:	D:
32056	33180	-	1	1.306670	I:	D:
33730	33942	-	1	1.312809	I:	D:
>Y8.M062_21
1	579	-	1	1.270259	I:	D:
791	1357	-	2	1.295816	I:	D:
1674	2333	-	3	1.311108	I:	D:
2326	2988	-	1	1.287007	I:	D:
2993	3871	-	2	1.309462	I:	D:
3889	6105	-	1	1.309872	I:	D:
6102	6842	-	3	1.314523	I:	D:
6848	7888	-	2	1.329353	I:	D:
7977	9368	-	3	1.318059	I:	D:
9561	10268	-	3	1.345283	I:	D:
10315	11253	-	1	1.326649	I:	D:
11257	11754	-	1	1.312237	I:	D:
11773	13998	-	1	1.344946	I:	D:
14003	15469	-	2	1.315333	I:	D:
15581	16594	-	2	1.327546	I:	D:
16610	17845	-	2	1.325353	I:	D:
18092	20677	-	2	1.317436	I:	D:
20815	21768	-	1	1.307230	I:	D:
21813	22949	+	3	1.329860	I:	D:
>Y8.M062_22
2	142	+	2	1.332250	I:	D:
196	759	+	1	1.370714	I:	D:
767	1084	+	2	1.362996	I:	D:
1097	1249	-	2	1.324034	I:	D:
1313	1699	-	2	1.247797	I:	D:
1860	2423	-	3	1.290185	I:	D:
2528	2785	+	2	1.311575	I:	D:
2834	3175	+	2	1.272700	I:	D:
3198	3419	+	3	1.295580	I:	D:
3583	4803	+	1	1.330716	I:	D:
4856	6412	+	2	1.316131	I:	D:
6593	7072	+	2	1.331179	I:	D:
7266	7979	+	3	1.330419	I:	D:
7995	9173	+	3	1.330694	I:	D:
9247	9672	+	1	1.325742	I:	D:
9711	10940	+	3	1.321315	I:	D:
11078	11314	+	2	1.308651	I:	D:
11373	12281	+	3	1.327337	I:	D:
12294	13322	+	3	1.312675	I:	D:
13513	14205	+	1	1.293392	I:	D:
14521	14664	+	1	1.421641	I:	D:
>Y8.M062_23
102	3542	-	3	1.315205	I:	D:
3614	4840	-	2	1.341644	I:	D:
5042	6058	+	2	1.331846	I:	D:
6182	6790	+	2	1.323797	I:	D:
6906	7799	-	3	1.335068	I:	D:
8290	10239	+	1	1.319946	I:	D:
10309	11187	-	1	1.321794	I:	D:
11392	13092	+	1	1.306812	I:	D:
13151	14050	+	2	1.322221	I:	D:
>Y8.M062_24
198	380	+	3	1.315150	I:	D:
511	1536	+	1	1.281280	I:	D:
1865	3154	-	2	1.311821	I:	D:
3168	4208	-	3	1.272140	I:	D:
4270	4488	-	1	1.248182	I:	D:
4593	4931	-	3	1.298564	I:	D:
5081	5341	-	2	1.312284	I:	D:
5594	5896	-	2	1.284615	I:	D:
5906	6112	-	2	1.258632	I:	D:
6109	6438	-	1	1.330663	I:	D:
6467	6742	-	2	1.314498	I:	D:
6762	7220	-	3	1.334686	I:	D:
7403	7642	+	2	1.344238	I:	D:
7730	8455	+	2	1.339984	I:	D:
8488	8655	+	1	1.300529	I:	D:
8682	10085	+	3	1.330098	I:	D:
10126	10998	+	1	1.346941	I:	D:
11237	12736	-	2	1.313675	I:	D:
12746	14920	-	2	1.319173	I:	D:
14907	15725	-	3	1.328910	I:	D:
16066	16458	+	1	1.293945	I:	D:
16553	17392	+	2	1.313815	I:	D:
17396	18370	+	2	1.329416	I:	D:
18430	20487	-	1	1.314128	I:	D:
20622	20810	+	3	1.334941	I:	D:
20911	21786	-	1	1.322941	I:	D:
21809	23098	-	2	1.310065	I:	D:
23133	23648	-	3	1.276006	I:	D:
23656	24576	-	1	1.290716	I:	D:
24579	25379	-	3	1.295593	I:	D:
25691	26668	+	2	1.300652	I:	D:
26918	27643	-	2	1.301975	I:	D:
27757	29649	-	1	1.347711	I:	D:
29615	31003	-	2	1.311013	I:	D:
31180	32007	-	1	1.314231	I:	D:
32083	33417	-	1	1.315973	I:	D:
33430	33642	-	1	1.390413	I:	D:
33670	34005	-	1	1.351446	I:	D:
34086	34220	-	3	1.361973	I:	D:
34415	34657	+	2	1.327765	I:	D:
34919	36289	+	2	1.319823	I:	D:
36402	36614	+	3	1.360339	I:	D:
36645	37754	+	3	1.271970	I:	D:
37913	38128	+	2	1.292658	I:	D:
38198	39289	+	2	1.325174	I:	D:
39301	41235	+	1	1.325013	I:	D:
41489	44038	+	2	1.315537	I:	D:
44388	44597	+	3	1.326648	I:	D:
44603	44788	-	2	1.319683	I:	D:
44800	45846	+	1	1.334613	I:	D:
45849	47063	+	3	1.317750	I:	D:
47104	47766	+	1	1.335543	I:	D:
47756	49027	+	2	1.320350	I:	D:
49060	49239	+	1	1.259099	I:	D:
49241	50701	+	2	1.317260	I:	D:
50826	51623	+	3	1.326107	I:	D:
51611	52087	+	2	1.328325	I:	D:
52107	52472	+	3	1.298797	I:	D:
52493	53308	+	2	1.292236	I:	D:
53379	53999	+	3	1.345372	I:	D:
54004	54747	-	1	1.313156	I:	D:
54916	55341	+	1	1.314725	I:	D:
55355	55918	+	2	1.296944	I:	D:
56049	57116	-	3	1.319524	I:	D:
57201	58028	+	3	1.261779	I:	D:
58102	58602	+	1	1.311139	I:	D:
58863	59105	-	3	1.332517	I:	D:
59365	60180	+	1	1.341592	I:	D:
60368	61447	+	2	1.328686	I:	D:
61451	63043	+	2	1.339236	I:	D:
63046	63399	+	1	1.293966	I:	D:
63504	63995	+	3	1.357161	I:	D:
64029	65117	+	3	1.337846	I:	D:
65610	66263	+	3	1.301486	I:	D:
66324	67160	+	3	1.309740	I:	D:
67148	68089	+	2	1.302828	I:	D:
68326	69444	+	1	1.295866	I:	D:
69483	70727	+	3	1.318480	I:	D:
70737	71558	+	3	1.332977	I:	D:
71756	71962	+	2	1.372016	I:	D:
72277	73908	+	1	1.323887	I:	D:
73905	74396	+	3	1.332568	I:	D:
74433	75464	+	3	1.283931	I:	D:
75548	76261	+	2	1.314477	I:	D:
76362	77471	+	3	1.335512	I:	D:
77579	79540	+	2	1.313602	I:	D:
79634	81058	+	2	1.320941	I:	D:
81190	82626	+	1	1.323282	I:	D:
83057	86212	+	2	1.320213	I:	D:
86218	88698	+	1	1.315888	I:	D:
88779	89678	+	3	1.314408	I:	D:
89715	90494	+	3	1.296263	I:	D:
90652	90975	+	1	1.310582	I:	D:
91060	91602	-	1	1.312250	I:	D:
91642	92037	-	1	1.349480	I:	D:
92369	93463	+	2	1.321989	I:	D:
93484	93618	+	1	1.241863	I:	D:
93988	94194	+	1	1.307169	I:	D:
94485	95204	-	3	1.324618	I:	D:
95635	95922	+	1	1.325901	I:	D:
96186	98144	+	3	1.318711	I:	D:
98213	98911	+	2	1.273518	I:	D:
98962	100488	+	1	1.314132	I:	D:
100488	100976	+	3	1.334765	I:	D:
101039	101884	+	2	1.300087	I:	D:
101898	102479	+	3	1.307530	I:	D:
102476	103213	+	2	1.288803	I:	D:
103207	104028	+	1	1.314697	I:	D:
104015	104662	+	2	1.295879	I:	D:
>Y8.M062_25
1	372	-	1	1.310702	I:	D:
420	1220	-	3	1.339883	I:	D:
1554	2156	-	3	1.339009	I:	D:
2435	4117	-	2	1.337320	I:	D:
4309	5685	-	1	1.339301	I:	D:
5864	6955	-	2	1.329702	I:	D:
6957	7997	-	3	1.360634	I:	D:
8002	9216	-	1	1.318904	I:	D:
9231	12116	-	3	1.299561	I:	D:
12579	13658	-	3	1.343751	I:	D:
13655	14824	-	2	1.331267	I:	D:
14979	15539	-	3	1.345520	I:	D:
15536	16144	-	2	1.314651	I:	D:
16411	17427	+	1	1.347648	I:	D:
17472	18158	+	3	1.320551	I:	D:
18293	19144	-	2	1.327008	I:	D:
19803	20864	-	3	1.365402	I:	D:
21488	22429	+	2	1.318153	I:	D:
22501	22638	-	1	1.311520	I:	D:
22640	27775	-	2	1.290736	I:	D:
27878	32236	-	2	1.296214	I:	D:
32253	32999	-	3	1.290807	I:	D:
33233	34525	-	2	1.328058	I:	D:
34476	34937	-	3	1.319493	I:	D:
34937	35743	-	2	1.334322	I:	D:
35736	36614	-	3	1.333142	I:	D:
36687	37994	-	3	1.307301	I:	D:
38074	40296	-	1	1.316411	I:	D:
40536	41387	+	3	1.306309	I:	D:
41481	47825	-	3	1.299837	I:	D:
48067	48552	-	1	1.323642	I:	D:
48792	48989	-	3	1.301184	I:	D:
49001	49249	-	2	1.276922	I:	D:
49279	49443	+	1	1.321130	I:	D:
49460	49723	-	2	1.297354	I:	D:
49854	50078	+	3	1.330533	I:	D:
50124	50969	+	3	1.360813	I:	D:
51043	51195	+	1	1.266098	I:	D:
51352	53121	+	1	1.305267	I:	D:
53188	55023	-	1	1.299285	I:	D:
55183	55941	-	1	1.327250	I:	D:
55944	56432	-	3	1.331115	I:	D:
56710	58110	-	1	1.338733	I:	D:
58331	59059	+	2	1.353617	I:	D:
59229	60824	-	3	1.302609	I:	D:
60874	61029	+	1	1.288708	I:	D:
61097	61543	+	2	1.342801	I:	D:
61540	62871	+	1	1.349098	I:	D:
63126	63470	+	3	1.392388	I:	D:
63593	64738	-	2	1.325381	I:	D:
64889	65449	-	2	1.349778	I:	D:
65583	66905	-	3	1.327955	I:	D:
66902	67612	-	2	1.290555	I:	D:
67780	70800	-	1	1.304886	I:	D:
70949	73345	-	2	1.319841	I:	D:
73528	74886	-	1	1.313594	I:	D:
75466	76830	-	1	1.321067	I:	D:
76887	77915	-	3	1.305177	I:	D:
78140	79243	-	2	1.314841	I:	D:
79324	79860	-	1	1.296525	I:	D:
79949	81151	-	2	1.303959	I:	D:
81703	82437	+	1	1.344659	I:	D:
82476	82781	+	3	1.373038	I:	D:
82988	83206	+	2	1.379453	I:	D:
83318	83488	+	2	1.312713	I:	D:
83619	84449	-	3	1.320473	I:	D:
84540	85088	-	3	1.334259	I:	D:
85195	86529	-	1	1.314630	I:	D:
86644	87603	-	1	1.304200	I:	D:
87653	88615	-	2	1.300762	I:	D:
88697	89917	-	2	1.318842	I:	D:
89943	90695	-	3	1.337858	I:	D:
90785	91519	-	2	1.322536	I:	D:
91601	92050	-	2	1.304700	I:	D:
92103	92363	-	3	1.315709	I:	D:
92498	92941	-	2	1.338025	I:	D:
92904	94679	-	3	1.346791	I:	D:
94686	95015	-	3	1.319285	I:	D:
95047	95457	-	1	1.305121	I:	D:
95450	96070	-	2	1.291613	I:	D:
96088	96294	-	1	1.314223	I:	D:
>Y8.M062_26
1	1935	-	1	1.322776	I:	D:
2083	2565	-	1	1.290514	I:	D:
2807	3781	-	2	1.326176	I:	D:
3962	5494	-	2	1.314596	I:	D:
5507	5731	-	2	1.266574	I:	D:
5794	7212	-	1	1.332928	I:	D:
7209	8183	-	3	1.342831	I:	D:
8203	8571	-	1	1.284326	I:	D:
8835	9449	+	3	1.308711	I:	D:
9549	11819	+	3	1.316782	I:	D:
11963	12307	-	2	1.295740	I:	D:
12430	13440	-	1	1.335601	I:	D:
13599	14591	-	3	1.316037	I:	D:
14788	15576	-	1	1.331564	I:	D:
15580	16236	-	1	1.328918	I:	D:
16297	17703	-	1	1.351744	I:	D:
17888	18883	-	2	1.332385	I:	D:
19129	19821	-	1	1.320635	I:	D:
19814	20872	-	2	1.329609	I:	D:
20964	22229	-	3	1.329710	I:	D:
22495	23964	-	1	1.311323	I:	D:
24182	25474	-	2	1.306905	I:	D:
25655	26173	-	2	1.280897	I:	D:
26226	26621	-	3	1.349538	I:	D:
26768	27346	-	2	1.360162	I:	D:
27458	28345	+	2	1.323452	I:	D:
28452	30509	-	3	1.321725	I:	D:
30625	32463	-	1	1.326591	I:	D:
32482	33009	-	1	1.325903	I:	D:
33014	34459	-	2	1.333883	I:	D:
34502	35911	-	2	1.338563	I:	D:
36023	36355	-	2	1.318519	I:	D:
36457	36786	-	1	1.333207	I:	D:
36799	37200	-	1	1.335647	I:	D:
37506	37745	-	3	1.311977	I:	D:
37771	38043	-	1	1.264668	I:	D:
38213	39316	-	2	1.333122	I:	D:
39445	40785	-	1	1.330146	I:	D:
40989	42707	-	3	1.303438	I:	D:
42856	43008	+	1	1.294304	I:	D:
43024	44415	-	1	1.335290	I:	D:
44560	45873	-	1	1.295070	I:	D:
46165	47016	+	1	1.339673	I:	D:
47239	48987	-	1	1.309047	I:	D:
49155	50726	-	3	1.308724	I:	D:
50929	52203	+	1	1.327553	I:	D:
52255	53151	-	1	1.314340	I:	D:
53190	53783	-	3	1.310851	I:	D:
53906	54061	+	2	1.335278	I:	D:
54233	54451	+	2	1.366038	I:	D:
54722	55219	+	2	1.326802	I:	D:
55297	57747	-	1	1.304313	I:	D:
57747	58994	-	3	1.318664	I:	D:
59810	60352	-	2	1.311262	I:	D:
60414	61268	-	3	1.304692	I:	D:
61361	62623	-	2	1.304205	I:	D:
62697	63659	-	3	1.319031	I:	D:
63684	63818	+	3	1.305182	I:	D:
64598	64765	-	2	1.341315	I:	D:
64862	65455	-	2	1.331341	I:	D:
65738	65932	-	2	1.360663	I:	D:
66106	66828	-	1	1.342273	I:	D:
67052	67711	-	2	1.311658	I:	D:
67814	68242	+	2	1.309813	I:	D:
>Y8.M062_27
776	2350	-	2	1.303933	I:	D:
2550	2777	-	3	1.310568	I:	D:
2952	4481	-	3	1.320936	I:	D:
4547	4810	-	2	1.331368	I:	D:
4916	6841	-	2	1.326259	I:	D:
7082	10300	-	2	1.284372	I:	D:
11085	12986	-	3	1.321024	I:	D:
13187	13516	+	2	1.364195	I:	D:
13530	16220	-	3	1.324883	I:	D:
16246	16941	-	1	1.304806	I:	D:
17216	18106	+	2	1.318097	I:	D:
18188	19759	-	2	1.302153	I:	D:
19903	20340	-	1	1.309306	I:	D:
20445	21737	-	3	1.285301	I:	D:
21727	22458	-	1	1.315102	I:	D:
22669	24126	-	1	1.325820	I:	D:
24214	25698	-	1	1.336814	I:	D:
25799	26413	-	2	1.302674	I:	D:
26576	28744	-	2	1.335430	I:	D:
28824	29642	-	3	1.324180	I:	D:
29662	30387	-	1	1.331841	I:	D:
30700	31128	+	1	1.338489	I:	D:
31247	32431	-	2	1.337845	I:	D:
32443	33594	-	1	1.329527	I:	D:
33628	34071	-	1	1.319039	I:	D:
34161	35468	-	3	1.326296	I:	D:
35578	36510	-	1	1.320435	I:	D:
36833	37333	-	2	1.322893	I:	D:
37356	38789	-	3	1.336461	I:	D:
38803	39663	-	1	1.325179	I:	D:
39763	41139	-	1	1.324245	I:	D:
41174	43063	-	2	1.320105	I:	D:
43301	44521	-	2	1.273414	I:	D:
44640	45638	-	3	1.345617	I:	D:
45802	47151	-	1	1.319546	I:	D:
47182	48219	-	1	1.345445	I:	D:
48498	49472	-	3	1.352561	I:	D:
49656	49808	+	3	1.343071	I:	D:
50123	50380	-	2	1.380923	I:	D:
50497	50691	-	1	1.323637	I:	D:
50828	51328	-	2	1.327151	I:	D:
51331	52770	-	1	1.310384	I:	D:
52809	55385	-	3	1.316615	I:	D:
55395	56798	-	3	1.328663	I:	D:
56959	57978	+	1	1.357131	I:	D:
58258	59988	-	1	1.307180	I:	D:
60185	61372	-	2	1.302349	I:	D:
>Y8.M062_28
3	164	+	3	1.354022	I:	D:
329	1465	+	2	1.305919	I:	D:
1721	2449	+	2	1.327207	I:	D:
2471	3358	-	2	1.333746	I:	D:
3533	3706	+	2	1.301216	I:	D:
3785	4621	+	2	1.300840	I:	D:
4658	6631	+	2	1.298562	I:	D:
6660	7535	+	3	1.286517	I:	D:
7563	8849	+	3	1.320302	I:	D:
9003	10373	+	3	1.318398	I:	D:
10573	12003	+	1	1.336661	I:	D:
12067	13161	+	1	1.316519	I:	D:
13174	13998	+	1	1.310837	I:	D:
14114	17500	-	2	1.322911	I:	D:
17513	18967	-	2	1.338851	I:	D:
19176	20081	+	3	1.300064	I:	D:
20132	20398	+	2	1.350696	I:	D:
20735	21355	+	2	1.323962	I:	D:
21450	21605	+	3	1.350251	I:	D:
21627	22694	+	3	1.328966	I:	D:
22767	23261	+	3	1.360712	I:	D:
23343	24083	-	3	1.325062	I:	D:
24257	24676	+	2	1.316645	I:	D:
24688	26247	+	1	1.326632	I:	D:
26309	27199	+	2	1.338114	I:	D:
27201	27884	+	3	1.313943	I:	D:
27983	28684	+	2	1.326338	I:	D:
28706	29416	+	2	1.328615	I:	D:
29518	30315	-	1	1.297853	I:	D:
30333	31979	-	3	1.327796	I:	D:
32069	32281	+	2	1.340900	I:	D:
32406	33749	+	3	1.318692	I:	D:
33915	34940	-	3	1.324914	I:	D:
35243	36019	-	2	1.328438	I:	D:
>Y8.M062_29
2	160	-	2	1.361005	I:	D:
780	1757	+	3	1.298687	I:	D:
2002	3381	+	1	1.304672	I:	D:
3394	4818	+	1	1.320892	I:	D:
5140	6576	+	1	1.315793	I:	D:
6642	7226	+	3	1.315984	I:	D:
7357	8352	+	1	1.312406	I:	D:
8357	9271	+	2	1.338452	I:	D:
9354	10013	+	3	1.329989	I:	D:
10033	10881	+	1	1.305700	I:	D:
10927	11583	-	1	1.311569	I:	D:
11868	12734	+	3	1.381520	I:	D:
12964	13884	+	1	1.370760	I:	D:
14274	16028	+	3	1.312715	I:	D:
16151	16744	+	2	1.318076	I:	D:
16687	17739	+	1	1.317161	I:	D:
17777	18310	+	2	1.369999	I:	D:
18347	19918	+	2	1.320813	I:	D:
19915	20592	+	1	1.368864	I:	D:
21129	22061	+	3	1.305327	I:	D:
22143	23009	-	3	1.331029	I:	D:
23251	24516	+	1	1.339578	I:	D:
24606	25523	+	3	1.326609	I:	D:
25523	26149	+	2	1.308456	I:	D:
26298	26942	-	3	1.297945	I:	D:
27193	27975	+	1	1.313397	I:	D:
28017	28436	+	3	1.325075	I:	D:
>Y8.M062_30
225	1256	+	3	1.323181	I:	D:
1435	3387	+	1	1.321933	I:	D:
3411	5489	+	3	1.334482	I:	D:
5511	6887	+	3	1.298422	I:	D:
7215	13589	+	3	1.306834	I:	D:
14095	19419	+	1	1.292140	I:	D:
19465	24435	+	1	1.284580	I:	D:
24706	25749	+	1	1.313441	I:	D:
25861	26190	+	1	1.288245	I:	D:
26261	26473	+	2	1.317301	I:	D:
26573	27163	+	2	1.294153	I:	D:
27457	27630	+	1	1.310735	I:	D:
