>Y8.M008_1
2	271	+	2	1.372180	I:	D:
381	1568	-	3	1.345043	I:	D:
1733	2269	+	2	1.356370	I:	D:
2323	2964	+	1	1.347180	I:	D:
3177	5468	+	3	1.338319	I:	D:
5468	6223	+	2	1.346289	I:	D:
6354	6485	-	3	1.383378	I:	D:
6716	6967	+	2	1.262360	I:	D:
7542	9674	+	3	1.325519	I:	D:
9866	11425	-	2	1.342663	I:	D:
11442	12527	-	3	1.311925	I:	D:
12520	13833	-	1	1.321854	I:	D:
13838	14809	-	2	1.308566	I:	D:
14815	16014	-	1	1.336547	I:	D:
16026	17186	-	3	1.302388	I:	D:
17221	18384	-	1	1.318287	I:	D:
18387	19505	-	3	1.306291	I:	D:
19508	19930	-	2	1.317014	I:	D:
19990	21243	-	1	1.332079	I:	D:
21246	22253	-	3	1.332264	I:	D:
22290	22862	-	3	1.318809	I:	D:
22887	23807	-	3	1.321279	I:	D:
23839	24855	-	1	1.347291	I:	D:
24882	25661	-	3	1.323883	I:	D:
25674	26342	-	3	1.340987	I:	D:
26401	27114	-	1	1.329580	I:	D:
27137	27859	-	2	1.317736	I:	D:
28680	29270	+	3	1.304641	I:	D:
29276	30001	+	2	1.325685	I:	D:
30001	30831	+	1	1.332883	I:	D:
31172	31945	-	2	1.322647	I:	D:
31974	32105	-	3	1.367097	I:	D:
32336	34282	-	2	1.328027	I:	D:
34478	35833	-	2	1.350915	I:	D:
35940	36086	+	3	1.251741	I:	D:
36145	38340	+	1	1.331263	I:	D:
38337	39413	+	3	1.321606	I:	D:
39493	39669	+	1	1.267681	I:	D:
39669	40070	+	3	1.319790	I:	D:
40228	40764	+	1	1.355004	I:	D:
40774	41760	+	1	1.347809	I:	D:
41819	43075	+	2	1.338362	I:	D:
43460	43648	-	2	1.283147	I:	D:
43751	44098	+	2	1.308128	I:	D:
44226	44774	-	3	1.367956	I:	D:
44917	45927	-	1	1.349567	I:	D:
46001	47704	-	2	1.326200	I:	D:
48125	49312	+	2	1.323853	I:	D:
49309	50658	+	1	1.319559	I:	D:
50945	52399	+	2	1.327322	I:	D:
52425	54116	+	3	1.345207	I:	D:
54286	55026	+	1	1.340609	I:	D:
55104	56570	-	3	1.329091	I:	D:
57092	58429	+	2	1.311716	I:	D:
58666	60165	+	1	1.330473	I:	D:
60162	61025	+	3	1.332071	I:	D:
61097	62752	+	2	1.325734	I:	D:
63165	63302	+	3	1.300842	I:	D:
63413	63946	+	2	1.345426	I:	D:
64034	64576	+	2	1.329038	I:	D:
64608	66707	+	3	1.321394	I:	D:
66823	68025	+	1	1.335094	I:	D:
68089	68298	+	1	1.368979	I:	D:
68543	69307	+	2	1.316490	I:	D:
69367	69822	-	1	1.317022	I:	D:
69888	71099	+	3	1.333269	I:	D:
71139	72320	+	3	1.339669	I:	D:
72346	74295	+	1	1.331732	I:	D:
74307	74720	+	3	1.329975	I:	D:
74843	75010	+	2	1.345378	I:	D:
75087	76280	+	3	1.323852	I:	D:
76291	76512	+	1	1.292985	I:	D:
76812	76973	-	3	1.283085	I:	D:
77031	77198	-	3	1.234863	I:	D:
77273	78343	+	2	1.284450	I:	D:
78409	78633	-	1	1.264059	I:	D:
78646	78795	-	1	1.279780	I:	D:
78807	78971	+	3	1.347339	I:	D:
78973	79941	+	1	1.336252	I:	D:
80062	80481	+	1	1.305437	I:	D:
80741	82135	+	2	1.340696	I:	D:
82175	83332	+	2	1.343007	I:	D:
83563	84078	-	1	1.328131	I:	D:
84326	84481	+	2	1.375881	I:	D:
84502	84900	+	1	1.355324	I:	D:
84974	85606	+	2	1.341750	I:	D:
85623	86246	+	3	1.340616	I:	D:
86243	86536	+	2	1.286882	I:	D:
86639	87472	+	2	1.341798	I:	D:
87492	87764	+	3	1.339451	I:	D:
87785	88126	+	2	1.356815	I:	D:
88141	88812	+	1	1.335604	I:	D:
88812	89231	+	3	1.338711	I:	D:
89231	89434	+	2	1.287504	I:	D:
89452	89709	+	1	1.316252	I:	D:
89749	90117	+	1	1.324383	I:	D:
90132	90449	+	3	1.341373	I:	D:
90464	91003	+	2	1.327115	I:	D:
91016	91201	+	2	1.383020	I:	D:
91221	91619	+	3	1.316849	I:	D:
91635	92177	+	3	1.322134	I:	D:
92196	92555	+	3	1.334176	I:	D:
92573	93070	+	2	1.315624	I:	D:
93088	93258	+	1	1.328653	I:	D:
93277	93720	+	1	1.316945	I:	D:
93721	95031	+	1	1.337535	I:	D:
95055	95687	+	3	1.323402	I:	D:
95691	96443	+	3	1.364233	I:	D:
96454	96699	+	1	1.330275	I:	D:
96704	96922	+	2	1.326641	I:	D:
97132	97500	+	1	1.323215	I:	D:
97516	97917	+	1	1.340845	I:	D:
97944	98546	+	3	1.341350	I:	D:
98621	99574	+	2	1.315938	I:	D:
99647	99988	+	2	1.309559	I:	D:
100345	101307	-	1	1.316223	I:	D:
101546	103543	+	2	1.334321	I:	D:
103751	105193	+	2	1.327417	I:	D:
105195	105704	+	3	1.299503	I:	D:
105819	106478	-	3	1.356982	I:	D:
106468	106908	-	1	1.368393	I:	D:
106905	107243	-	3	1.350218	I:	D:
107308	108618	-	1	1.324856	I:	D:
108619	109287	-	1	1.328123	I:	D:
109440	110180	-	3	1.351244	I:	D:
110257	110427	-	1	1.366000	I:	D:
110572	111438	-	1	1.338357	I:	D:
111426	112289	-	3	1.352205	I:	D:
112351	112821	-	1	1.350112	I:	D:
112879	113115	+	1	1.292375	I:	D:
113117	113470	+	2	1.330665	I:	D:
113485	113769	+	1	1.342532	I:	D:
113770	115014	-	1	1.331843	I:	D:
115028	115843	-	2	1.306004	I:	D:
115965	116897	-	3	1.358500	I:	D:
116970	117158	-	3	1.311399	I:	D:
117199	118638	-	1	1.333583	I:	D:
118912	119139	-	1	1.272233	I:	D:
119386	120231	+	1	1.318651	I:	D:
120250	120786	+	1	1.314975	I:	D:
120897	121913	+	3	1.326740	I:	D:
122002	122832	+	1	1.324816	I:	D:
122851	123900	+	1	1.319148	I:	D:
123919	125235	+	1	1.358784	I:	D:
125216	126286	+	2	1.338181	I:	D:
126294	127436	+	3	1.343927	I:	D:
127551	127907	-	3	1.321705	I:	D:
128084	129559	+	2	1.287284	I:	D:
129570	130064	+	3	1.353750	I:	D:
130142	131686	-	2	1.336398	I:	D:
131708	131866	+	2	1.291694	I:	D:
131906	132460	+	2	1.356166	I:	D:
132557	132733	-	2	1.283543	I:	D:
132848	133186	+	2	1.313083	I:	D:
133310	133687	-	2	1.358509	I:	D:
133812	136589	+	3	1.337952	I:	D:
136872	137105	+	3	1.333972	I:	D:
137321	138421	+	2	1.353077	I:	D:
138455	139156	+	2	1.332726	I:	D:
139199	140587	+	2	1.344360	I:	D:
140830	141900	+	1	1.337905	I:	D:
141946	142785	+	1	1.320479	I:	D:
142787	143758	+	2	1.317157	I:	D:
143852	144844	+	2	1.330447	I:	D:
144986	145738	+	2	1.312415	I:	D:
145959	146129	+	3	1.366011	I:	D:
146142	147512	+	3	1.327403	I:	D:
147671	147883	-	2	1.340347	I:	D:
147924	149048	-	3	1.333331	I:	D:
149222	151006	+	2	1.317650	I:	D:
151530	151976	+	3	1.291906	I:	D:
152095	152856	+	1	1.313512	I:	D:
152843	153598	+	2	1.328542	I:	D:
153585	154277	+	3	1.322792	I:	D:
154287	154910	+	3	1.298940	I:	D:
154900	155895	+	1	1.295322	I:	D:
156067	156462	+	1	1.331529	I:	D:
156677	156820	+	2	1.311320	I:	D:
156951	160550	-	3	1.270329	I:	D:
160704	160904	-	3	1.303371	I:	D:
161088	162329	+	3	1.277934	I:	D:
162396	163031	+	3	1.299122	I:	D:
163231	164199	-	1	1.282136	I:	D:
164356	164742	+	1	1.256444	I:	D:
164764	165198	+	1	1.295095	I:	D:
165280	166224	+	1	1.298548	I:	D:
166238	167491	+	2	1.297169	I:	D:
167496	167678	+	3	1.309247	I:	D:
167707	169020	+	1	1.296059	I:	D:
169328	169495	-	2	1.350713	I:	D:
169706	171148	+	2	1.325555	I:	D:
171182	171316	+	2	1.301983	I:	D:
171514	171840	-	1	1.281485	I:	D:
172016	174331	+	2	1.342043	I:	D:
174480	175286	+	3	1.364475	I:	D:
175296	175970	+	3	1.319438	I:	D:
175957	176847	+	1	1.330554	I:	D:
177096	177632	+	3	1.304242	I:	D:
177646	178185	+	1	1.330477	I:	D:
178176	178778	+	3	1.356413	I:	D:
178785	180140	+	3	1.330386	I:	D:
180130	181359	+	1	1.342407	I:	D:
181555	181695	+	1	1.347680	I:	D:
181920	184553	+	3	1.335320	I:	D:
184756	185838	+	1	1.322007	I:	D:
185917	186117	+	1	1.358564	I:	D:
186156	186989	+	3	1.315739	I:	D:
187531	188433	+	1	1.341132	I:	D:
188491	189423	+	1	1.347631	I:	D:
189420	190070	+	3	1.342152	I:	D:
190153	191580	+	1	1.335328	I:	D:
191637	192233	+	3	1.301302	I:	D:
192271	194064	+	1	1.334193	I:	D:
194311	196455	+	1	1.335571	I:	D:
196579	197484	+	1	1.327330	I:	D:
197499	198680	+	3	1.343014	I:	D:
198851	200599	-	2	1.336269	I:	D:
200596	202335	-	1	1.336799	I:	D:
202530	204059	-	3	1.330650	I:	D:
204168	204935	-	3	1.315734	I:	D:
205029	206372	-	3	1.320458	I:	D:
206424	206942	-	3	1.328765	I:	D:
207101	207283	+	2	1.326598	I:	D:
207355	208911	-	1	1.340973	I:	D:
209081	209536	-	2	1.331158	I:	D:
209552	210460	-	2	1.345810	I:	D:
210707	211045	+	2	1.339143	I:	D:
211141	212628	+	1	1.355465	I:	D:
212839	213624	-	1	1.352189	I:	D:
213719	215125	-	2	1.337691	I:	D:
215129	215782	-	2	1.349464	I:	D:
215820	216404	-	3	1.321858	I:	D:
216458	217798	-	2	1.333834	I:	D:
217801	218406	-	1	1.323446	I:	D:
218406	219581	-	3	1.310864	I:	D:
219685	220401	-	1	1.306353	I:	D:
220527	221510	-	3	1.339634	I:	D:
221552	222991	-	2	1.334847	I:	D:
223074	223781	-	3	1.319778	I:	D:
223804	225141	-	1	1.323877	I:	D:
225174	225842	-	3	1.302938	I:	D:
225961	226719	-	1	1.324338	I:	D:
226716	227381	-	3	1.353715	I:	D:
227381	227575	-	2	1.320144	I:	D:
227696	229225	-	2	1.364698	I:	D:
229464	230054	+	3	1.332208	I:	D:
230160	230438	+	3	1.317315	I:	D:
230680	231171	+	1	1.322117	I:	D:
231173	231532	-	2	1.333246	I:	D:
231731	232195	-	2	1.332435	I:	D:
232221	232763	-	3	1.310140	I:	D:
232782	233396	-	3	1.279818	I:	D:
233504	233974	+	2	1.308385	I:	D:
234186	234635	+	3	1.367646	I:	D:
234657	235160	+	3	1.345968	I:	D:
235163	236152	+	2	1.331509	I:	D:
236199	238664	+	3	1.328434	I:	D:
238799	239290	+	2	1.287979	I:	D:
239460	240896	+	3	1.302195	I:	D:
240961	241194	-	1	1.295204	I:	D:
241218	241463	-	3	1.330595	I:	D:
241549	242958	-	1	1.314521	I:	D:
242969	243406	-	2	1.303435	I:	D:
243703	244737	+	1	1.334015	I:	D:
244799	245314	+	2	1.319969	I:	D:
245337	245831	+	3	1.315667	I:	D:
245881	246798	+	1	1.317862	I:	D:
246844	247023	+	1	1.358327	I:	D:
247039	247785	+	1	1.366391	I:	D:
247931	250294	+	2	1.343593	I:	D:
250333	250848	+	1	1.317331	I:	D:
250838	251530	+	2	1.332272	I:	D:
251705	252067	+	2	1.301926	I:	D:
252163	254007	+	1	1.332745	I:	D:
254145	254702	+	3	1.325409	I:	D:
254699	255184	+	2	1.330904	I:	D:
255242	255703	+	2	1.311508	I:	D:
255736	255882	+	1	1.345237	I:	D:
255904	256113	+	1	1.289048	I:	D:
256148	256567	+	2	1.342839	I:	D:
256578	257501	+	3	1.347968	I:	D:
257732	258322	+	2	1.318115	I:	D:
258456	260726	+	3	1.336536	I:	D:
260762	261787	+	2	1.334965	I:	D:
261838	263094	+	1	1.342434	I:	D:
263157	264278	+	3	1.327367	I:	D:
264341	265594	+	2	1.359031	I:	D:
265670	267082	+	2	1.325196	I:	D:
267239	268345	+	2	1.312032	I:	D:
268512	269468	+	3	1.304931	I:	D:
269508	270677	+	3	1.327433	I:	D:
270695	270883	+	2	1.313728	I:	D:
270930	271904	-	3	1.346386	I:	D:
271989	272135	+	3	1.319881	I:	D:
272197	273411	+	1	1.349956	I:	D:
273520	273918	+	1	1.313182	I:	D:
274022	274204	-	2	1.243202	I:	D:
274289	274474	-	2	1.278232	I:	D:
274570	276078	+	1	1.330803	I:	D:
276078	276917	+	3	1.312078	I:	D:
277206	278459	+	3	1.300770	I:	D:
278570	279421	-	2	1.324749	I:	D:
279511	280515	-	1	1.316445	I:	D:
280599	281375	-	3	1.338900	I:	D:
281362	282801	-	1	1.322494	I:	D:
282819	283472	-	3	1.321465	I:	D:
283703	284602	+	2	1.305301	I:	D:
284864	286189	+	2	1.326639	I:	D:
286232	287383	+	2	1.329373	I:	D:
287466	288275	+	3	1.332070	I:	D:
288272	289114	+	2	1.339094	I:	D:
289115	289951	+	2	1.345318	I:	D:
289953	291140	+	3	1.323751	I:	D:
291218	292585	+	2	1.328504	I:	D:
292611	294119	+	3	1.354724	I:	D:
294169	295428	+	1	1.333195	I:	D:
295454	296080	+	2	1.331641	I:	D:
296108	297256	+	2	1.316205	I:	D:
297525	297695	-	3	1.332006	I:	D:
297775	298122	-	1	1.278188	I:	D:
298276	298893	-	1	1.295668	I:	D:
299031	300596	-	3	1.335944	I:	D:
300868	302046	+	1	1.322609	I:	D:
302157	304607	+	3	1.317463	I:	D:
304591	305028	+	1	1.324225	I:	D:
305018	305452	+	2	1.338310	I:	D:
305506	306540	+	1	1.339692	I:	D:
306627	307145	+	3	1.330671	I:	D:
307168	308181	+	1	1.327052	I:	D:
308273	312265	+	2	1.312652	I:	D:
312523	313407	+	1	1.297389	I:	D:
313590	314669	+	3	1.324063	I:	D:
314963	316543	+	2	1.312843	I:	D:
316689	316877	-	3	1.373699	I:	D:
317077	317775	+	1	1.340442	I:	D:
317820	318593	+	3	1.326286	I:	D:
318593	319207	+	2	1.337082	I:	D:
319227	319847	+	3	1.297083	I:	D:
319872	320297	+	3	1.310333	I:	D:
320349	321473	+	3	1.342893	I:	D:
321517	322266	+	1	1.345960	I:	D:
322461	323810	+	3	1.319771	I:	D:
323849	324214	+	2	1.331810	I:	D:
324245	325648	+	2	1.338053	I:	D:
326633	327655	+	2	1.291413	I:	D:
327852	329690	+	3	1.328288	I:	D:
329755	329949	+	1	1.345653	I:	D:
330102	331142	-	3	1.331363	I:	D:
331203	331694	-	3	1.347888	I:	D:
331707	333329	-	3	1.336352	I:	D:
333526	334767	-	1	1.284312	I:	D:
334966	337290	-	1	1.328790	I:	D:
337303	337620	-	1	1.315916	I:	D:
338357	339649	+	2	1.333113	I:	D:
339763	340560	+	1	1.344647	I:	D:
340582	341067	+	1	1.317908	I:	D:
341082	342815	+	3	1.344912	I:	D:
343141	344019	-	1	1.354625	I:	D:
344110	344325	-	1	1.336098	I:	D:
344814	348515	+	3	1.349537	I:	D:
348793	349866	-	1	1.334099	I:	D:
349906	350820	-	1	1.336838	I:	D:
351083	351583	+	2	1.307896	I:	D:
351602	351730	-	2	1.312160	I:	D:
351743	352573	+	2	1.323978	I:	D:
352557	353879	+	3	1.334794	I:	D:
353896	354096	+	1	1.370748	I:	D:
354281	355462	-	2	1.323617	I:	D:
355623	356210	-	3	1.310785	I:	D:
356359	358926	+	1	1.344686	I:	D:
358966	360327	+	1	1.335479	I:	D:
360364	361158	+	1	1.338469	I:	D:
361152	362231	+	3	1.358332	I:	D:
362282	363157	+	2	1.338503	I:	D:
363167	363892	+	2	1.323622	I:	D:
363960	364814	+	3	1.346837	I:	D:
364837	365649	+	1	1.347566	I:	D:
365941	367368	-	1	1.352046	I:	D:
367397	368371	-	2	1.330951	I:	D:
368499	369710	-	3	1.319189	I:	D:
369783	371705	-	3	1.339834	I:	D:
371969	373000	-	2	1.329233	I:	D:
373508	375112	+	2	1.310773	I:	D:
375743	376993	+	2	1.347423	I:	D:
377009	377395	+	2	1.312791	I:	D:
377502	378347	-	3	1.256966	I:	D:
378844	379287	-	1	1.325382	I:	D:
379323	380984	-	3	1.336663	I:	D:
381070	382296	-	1	1.331736	I:	D:
382449	383411	+	3	1.333048	I:	D:
383578	384789	+	1	1.320290	I:	D:
384957	385145	+	3	1.244587	I:	D:
385293	385988	+	3	1.317804	I:	D:
386002	387285	+	1	1.320424	I:	D:
387494	388744	-	2	1.344177	I:	D:
388922	390373	-	2	1.350819	I:	D:
390804	391205	+	3	1.329725	I:	D:
391269	392243	+	3	1.318424	I:	D:
392330	392875	-	2	1.315492	I:	D:
393409	394449	+	1	1.311030	I:	D:
394532	395383	+	2	1.324209	I:	D:
395385	396206	+	3	1.344314	I:	D:
396206	397264	+	2	1.324582	I:	D:
397352	397858	-	2	1.277127	I:	D:
397855	398607	-	1	1.344578	I:	D:
398930	400069	+	2	1.325328	I:	D:
400069	400677	+	1	1.310327	I:	D:
400674	401534	+	3	1.322032	I:	D:
401527	403011	+	1	1.336500	I:	D:
403016	403987	+	2	1.315279	I:	D:
404000	405262	+	2	1.328368	I:	D:
405324	405785	-	3	1.324961	I:	D:
406069	407316	+	1	1.334588	I:	D:
407322	408182	+	3	1.342678	I:	D:
408421	408744	+	1	1.316005	I:	D:
408750	408956	+	3	1.284771	I:	D:
408956	409768	+	2	1.345558	I:	D:
409765	410175	+	1	1.347644	I:	D:
410188	411099	+	1	1.320543	I:	D:
411120	412802	+	3	1.333705	I:	D:
413142	414041	+	3	1.335803	I:	D:
414041	415729	+	2	1.335138	I:	D:
415899	416099	+	3	1.308259	I:	D:
416117	416500	+	2	1.292218	I:	D:
417106	418383	-	1	1.327012	I:	D:
418387	419094	-	1	1.306748	I:	D:
419364	419546	+	3	1.286719	I:	D:
419714	427045	-	2	1.323018	I:	D:
427064	428824	-	2	1.335446	I:	D:
428834	429142	-	2	1.319408	I:	D:
429310	429708	-	1	1.288379	I:	D:
430205	430960	+	2	1.346350	I:	D:
430950	431255	+	3	1.354384	I:	D:
431324	432490	+	2	1.300562	I:	D:
432477	435626	+	3	1.303473	I:	D:
435733	436515	+	1	1.352371	I:	D:
436634	436915	+	2	1.267879	I:	D:
436915	439041	+	1	1.330015	I:	D:
439121	439789	-	2	1.317709	I:	D:
439801	440055	-	1	1.288832	I:	D:
441034	442398	+	1	1.347762	I:	D:
442451	443017	+	2	1.284066	I:	D:
443079	444182	-	3	1.353590	I:	D:
444485	447199	-	2	1.329071	I:	D:
447381	447923	-	3	1.328910	I:	D:
448035	448238	+	3	1.306033	I:	D:
448302	448793	+	3	1.307310	I:	D:
448828	451437	+	1	1.345763	I:	D:
451513	451767	-	1	1.312402	I:	D:
451959	452477	-	3	1.332320	I:	D:
452492	452953	-	2	1.333173	I:	D:
453234	453644	-	3	1.315691	I:	D:
453705	454415	-	3	1.293400	I:	D:
454408	454890	-	1	1.274182	I:	D:
455029	455220	+	1	1.303584	I:	D:
455287	455826	-	1	1.362211	I:	D:
455887	456438	-	1	1.316433	I:	D:
456633	457472	-	3	1.345785	I:	D:
457537	458118	+	1	1.311268	I:	D:
458119	458823	-	1	1.341648	I:	D:
458826	459281	-	3	1.345959	I:	D:
459278	460012	-	2	1.320133	I:	D:
460028	462226	-	2	1.335517	I:	D:
462228	462470	-	3	1.290399	I:	D:
462511	463197	-	1	1.329858	I:	D:
463438	464499	+	1	1.343421	I:	D:
464668	465690	+	1	1.337593	I:	D:
465740	467053	-	2	1.347592	I:	D:
467050	467772	-	1	1.334795	I:	D:
467960	469990	+	2	1.328904	I:	D:
470009	470554	+	2	1.349694	I:	D:
471501	472163	-	3	1.326825	I:	D:
472185	473558	-	3	1.327209	I:	D:
473558	475324	-	2	1.345078	I:	D:
475336	475668	-	1	1.315092	I:	D:
475652	476626	-	2	1.319823	I:	D:
476635	477216	-	1	1.301496	I:	D:
477258	477731	-	3	1.356753	I:	D:
477728	479716	-	2	1.339082	I:	D:
479751	480062	-	3	1.311052	I:	D:
480592	481137	+	1	1.316526	I:	D:
481210	485247	-	1	1.322118	I:	D:
485370	486020	-	3	1.321830	I:	D:
486129	486599	-	3	1.331673	I:	D:
486758	487312	-	2	1.299143	I:	D:
487446	487679	+	3	1.378196	I:	D:
487958	488122	+	2	1.353867	I:	D:
488164	488586	+	1	1.301348	I:	D:
488576	489535	+	2	1.300022	I:	D:
489540	489668	+	3	1.253035	I:	D:
489698	490870	+	2	1.307135	I:	D:
490803	491690	+	3	1.299028	I:	D:
491691	492236	+	3	1.332694	I:	D:
492272	492988	+	2	1.308062	I:	D:
493000	493263	+	1	1.285835	I:	D:
493323	493871	+	3	1.284583	I:	D:
493876	494955	+	1	1.294199	I:	D:
494949	495194	+	3	1.302000	I:	D:
495276	495569	+	3	1.304133	I:	D:
495711	495917	+	3	1.269762	I:	D:
496018	496230	+	1	1.288208	I:	D:
496202	497149	+	2	1.268236	I:	D:
497345	498007	+	2	1.311307	I:	D:
498163	499683	+	1	1.309101	I:	D:
499854	499994	+	3	1.305150	I:	D:
500299	500904	-	1	1.333036	I:	D:
500855	502066	-	2	1.331109	I:	D:
502247	503059	+	2	1.307690	I:	D:
503202	503852	+	3	1.332536	I:	D:
503865	504662	+	3	1.334670	I:	D:
504834	505223	+	3	1.321265	I:	D:
505337	506629	-	2	1.334443	I:	D:
506838	507401	+	3	1.313575	I:	D:
507394	508323	+	1	1.330817	I:	D:
508337	508621	+	2	1.309435	I:	D:
508683	510017	-	3	1.343107	I:	D:
510139	511083	+	1	1.327072	I:	D:
511200	511697	-	3	1.356978	I:	D:
511802	512635	-	2	1.335576	I:	D:
513012	513905	+	3	1.313360	I:	D:
514024	516171	+	1	1.320594	I:	D:
516267	516866	+	3	1.287524	I:	D:
517073	517519	-	2	1.310502	I:	D:
517736	517948	+	2	1.286208	I:	D:
518034	518255	+	3	1.268828	I:	D:
518343	520835	+	3	1.326318	I:	D:
520869	521042	+	3	1.322137	I:	D:
521186	521557	+	2	1.340780	I:	D:
521573	522529	+	2	1.354379	I:	D:
522627	522758	-	3	1.357093	I:	D:
523051	523665	+	1	1.354552	I:	D:
523711	524133	+	1	1.337556	I:	D:
524379	525572	+	3	1.320267	I:	D:
525610	525981	+	1	1.295696	I:	D:
526264	527445	-	1	1.320435	I:	D:
527753	528241	+	2	1.322989	I:	D:
528272	528604	+	2	1.328179	I:	D:
528678	528908	+	3	1.339374	I:	D:
528957	529409	-	3	1.309085	I:	D:
529673	529912	+	2	1.265973	I:	D:
529923	530177	+	3	1.304631	I:	D:
530324	531211	+	2	1.333696	I:	D:
531222	531773	+	3	1.324616	I:	D:
531804	532406	+	3	1.340727	I:	D:
532536	533042	+	3	1.335664	I:	D:
533125	534480	-	1	1.347040	I:	D:
534734	535630	+	2	1.305586	I:	D:
535788	536174	+	3	1.305178	I:	D:
536253	536891	-	3	1.307582	I:	D:
537057	537632	+	3	1.300869	I:	D:
537834	537968	-	3	1.349634	I:	D:
>Y8.M008_2
1	699	+	1	1.338596	I:	D:
844	972	+	1	1.261851	I:	D:
988	1305	+	1	1.343202	I:	D:
1318	2220	+	1	1.342190	I:	D:
2270	2512	+	2	1.375540	I:	D:
2691	3266	+	3	1.261441	I:	D:
3398	4138	-	2	1.327755	I:	D:
4342	7857	+	1	1.322036	I:	D:
7854	8969	+	3	1.337851	I:	D:
8956	9474	+	1	1.303115	I:	D:
9684	9842	-	3	1.367332	I:	D:
9961	10098	-	1	1.348380	I:	D:
10102	10257	+	1	1.331190	I:	D:
10315	10449	+	1	1.360805	I:	D:
10462	10713	+	1	1.301077	I:	D:
10841	11347	+	2	1.288884	I:	D:
11383	11532	+	1	1.355502	I:	D:
11598	13517	+	3	1.315996	I:	D:
13619	13891	-	2	1.308785	I:	D:
13904	14137	-	2	1.248422	I:	D:
14319	14783	+	3	1.325612	I:	D:
14948	16669	-	2	1.312451	I:	D:
16705	19101	-	1	1.297408	I:	D:
19334	19726	-	2	1.347784	I:	D:
19791	20228	-	3	1.285488	I:	D:
20294	21424	-	2	1.337118	I:	D:
21442	22572	-	1	1.317848	I:	D:
22722	23807	+	3	1.328209	I:	D:
23827	24729	+	1	1.351464	I:	D:
24778	25542	+	1	1.299769	I:	D:
25672	25899	+	1	1.344717	I:	D:
25896	27062	+	3	1.344117	I:	D:
27138	28028	+	3	1.307139	I:	D:
28025	29284	+	2	1.319757	I:	D:
29339	30508	-	2	1.340391	I:	D:
30652	32319	+	1	1.314630	I:	D:
32321	32743	+	2	1.315933	I:	D:
32740	33450	+	1	1.317495	I:	D:
33447	33896	+	3	1.297341	I:	D:
34291	34539	+	1	1.317107	I:	D:
34584	36074	+	3	1.316380	I:	D:
36082	36264	-	1	1.292998	I:	D:
36735	37115	+	3	1.301894	I:	D:
37326	37643	+	3	1.276834	I:	D:
37795	38238	+	1	1.345699	I:	D:
38253	38960	+	3	1.338681	I:	D:
39134	40111	+	2	1.319462	I:	D:
40171	41355	-	1	1.310544	I:	D:
41521	43107	+	1	1.314881	I:	D:
43131	44534	+	3	1.314461	I:	D:
44761	46203	+	1	1.322414	I:	D:
46756	46899	-	1	1.295206	I:	D:
47071	48984	-	1	1.344690	I:	D:
49000	49236	-	1	1.315750	I:	D:
49617	51593	+	3	1.311210	I:	D:
51620	52549	+	2	1.323300	I:	D:
52552	53442	+	1	1.340194	I:	D:
53415	56075	+	3	1.331356	I:	D:
56271	57680	+	3	1.325418	I:	D:
57750	58622	-	3	1.295351	I:	D:
58651	58791	-	1	1.295264	I:	D:
58814	59524	+	2	1.300442	I:	D:
59543	60910	+	2	1.347606	I:	D:
61599	62582	-	3	1.294193	I:	D:
62870	64201	-	2	1.318806	I:	D:
64542	64823	+	3	1.323854	I:	D:
64887	65579	-	3	1.344162	I:	D:
65674	66972	-	1	1.306734	I:	D:
66978	67580	-	3	1.295530	I:	D:
67595	70006	-	2	1.307302	I:	D:
70071	71411	-	3	1.303180	I:	D:
71427	72008	-	3	1.313500	I:	D:
72063	73343	-	3	1.278440	I:	D:
73434	74123	-	3	1.316757	I:	D:
74123	75631	-	2	1.310385	I:	D:
75674	76612	-	2	1.319670	I:	D:
76625	76987	-	2	1.230624	I:	D:
76984	77589	-	1	1.314004	I:	D:
77592	78464	-	3	1.300671	I:	D:
78492	79001	-	3	1.300000	I:	D:
79171	79857	-	1	1.309084	I:	D:
79918	80265	-	1	1.321926	I:	D:
80470	81390	-	1	1.309214	I:	D:
81383	81883	-	2	1.322072	I:	D:
81928	84693	-	1	1.327905	I:	D:
84731	85405	-	2	1.278055	I:	D:
85419	86081	-	3	1.321554	I:	D:
86152	86619	-	1	1.282066	I:	D:
86638	87351	-	1	1.297237	I:	D:
87329	88612	-	2	1.308972	I:	D:
88605	89555	-	3	1.297701	I:	D:
89560	91677	-	1	1.299173	I:	D:
91696	94293	-	1	1.314260	I:	D:
94330	94737	-	1	1.314267	I:	D:
94753	96156	-	1	1.322039	I:	D:
96245	96898	-	2	1.332917	I:	D:
96946	97434	-	1	1.285394	I:	D:
97455	98012	-	3	1.308003	I:	D:
98117	99208	-	2	1.310655	I:	D:
99208	99639	-	1	1.302780	I:	D:
99712	99888	-	1	1.308559	I:	D:
100019	102430	-	2	1.318368	I:	D:
102448	102801	-	1	1.298878	I:	D:
102798	103385	-	3	1.300364	I:	D:
103391	103993	-	2	1.320548	I:	D:
103996	104298	-	1	1.287469	I:	D:
104317	104913	-	1	1.299583	I:	D:
104919	105833	-	3	1.281294	I:	D:
105853	109428	-	1	1.295790	I:	D:
109439	110284	-	2	1.295703	I:	D:
110427	111104	-	3	1.302917	I:	D:
111139	112128	-	1	1.303472	I:	D:
112130	113437	-	2	1.326577	I:	D:
113438	115528	-	2	1.316596	I:	D:
115610	116869	-	2	1.323155	I:	D:
116866	117648	-	1	1.324690	I:	D:
117721	118071	-	1	1.319481	I:	D:
118114	118311	-	1	1.314059	I:	D:
118335	118904	-	3	1.293085	I:	D:
119211	120122	-	3	1.302561	I:	D:
120179	120901	-	2	1.305547	I:	D:
121120	122157	-	1	1.347596	I:	D:
122412	122732	-	3	1.354920	I:	D:
122829	123701	+	3	1.321797	I:	D:
123968	124771	+	2	1.335027	I:	D:
124782	125483	+	3	1.319646	I:	D:
125565	125897	-	3	1.271155	I:	D:
125986	126774	-	1	1.315408	I:	D:
126777	128411	-	3	1.303048	I:	D:
128511	129485	-	3	1.320864	I:	D:
129822	130775	+	3	1.327350	I:	D:
130906	132351	+	1	1.307363	I:	D:
132544	135393	+	1	1.335166	I:	D:
135614	137335	+	2	1.311780	I:	D:
139000	139140	+	1	1.323761	I:	D:
139371	141254	-	3	1.322158	I:	D:
141278	142357	-	2	1.319857	I:	D:
142347	143087	-	3	1.319569	I:	D:
143474	144562	+	2	1.334265	I:	D:
144573	145112	+	3	1.310362	I:	D:
145206	148766	-	3	1.317973	I:	D:
148766	152104	-	2	1.316838	I:	D:
152208	152810	-	3	1.307473	I:	D:
152884	153753	-	1	1.340009	I:	D:
153757	154935	-	1	1.325309	I:	D:
154932	155414	-	3	1.317392	I:	D:
155605	156105	-	1	1.336460	I:	D:
156131	158041	-	2	1.335916	I:	D:
158126	159628	-	2	1.341946	I:	D:
159653	160333	-	2	1.328440	I:	D:
160719	161108	+	3	1.251906	I:	D:
161411	162373	+	2	1.338279	I:	D:
162391	164073	+	1	1.336148	I:	D:
164095	164961	-	1	1.341078	I:	D:
165067	166287	-	1	1.304605	I:	D:
166284	166772	-	3	1.340015	I:	D:
166759	167058	-	1	1.266214	I:	D:
167171	168799	-	2	1.308325	I:	D:
168828	169112	-	3	1.305759	I:	D:
169379	171082	-	2	1.336357	I:	D:
171127	171297	-	1	1.366265	I:	D:
171323	171973	-	2	1.349531	I:	D:
171955	172842	-	1	1.343261	I:	D:
172853	174967	-	2	1.330530	I:	D:
174977	175702	-	2	1.324694	I:	D:
175704	176747	-	3	1.325499	I:	D:
176744	178084	-	2	1.345047	I:	D:
178103	178807	-	2	1.343293	I:	D:
178850	179767	-	2	1.342263	I:	D:
179783	180259	-	2	1.325573	I:	D:
180276	182723	-	3	1.343770	I:	D:
182713	182919	-	1	1.267743	I:	D:
182965	183546	-	1	1.334470	I:	D:
183536	183793	-	2	1.337351	I:	D:
183803	184687	-	2	1.321331	I:	D:
184918	185652	+	1	1.300123	I:	D:
185709	187037	-	3	1.326903	I:	D:
187105	189075	-	1	1.325988	I:	D:
189056	189691	-	2	1.337116	I:	D:
189691	190359	-	1	1.331117	I:	D:
190401	191642	-	3	1.349836	I:	D:
191629	192525	-	1	1.318634	I:	D:
192718	193359	+	1	1.313172	I:	D:
193362	194117	+	3	1.328546	I:	D:
194201	196405	-	2	1.324976	I:	D:
196647	197465	-	3	1.304200	I:	D:
197676	199382	-	3	1.331460	I:	D:
199618	200682	+	1	1.351509	I:	D:
200734	201627	-	1	1.331678	I:	D:
201632	202033	-	2	1.321934	I:	D:
202056	203327	-	3	1.321445	I:	D:
203462	203746	-	2	1.312195	I:	D:
203751	204068	-	3	1.322688	I:	D:
204071	204379	-	2	1.319619	I:	D:
204515	205366	-	2	1.338319	I:	D:
205299	206174	-	3	1.348923	I:	D:
206177	207454	-	2	1.304011	I:	D:
207469	208734	-	1	1.305847	I:	D:
208759	208941	-	1	1.274022	I:	D:
209173	214185	-	1	1.366387	I:	D:
214211	216031	-	2	1.319530	I:	D:
216028	216630	-	1	1.336623	I:	D:
216730	217872	-	1	1.346747	I:	D:
217869	218615	-	3	1.341166	I:	D:
218671	218847	+	1	1.363319	I:	D:
218840	219802	+	2	1.374135	I:	D:
219808	220773	+	1	1.303885	I:	D:
221105	221917	-	2	1.301679	I:	D:
221890	222153	+	1	1.293600	I:	D:
222197	222550	+	2	1.310977	I:	D:
222849	223022	-	3	1.268733	I:	D:
223038	223448	-	3	1.261439	I:	D:
223832	224356	-	2	1.291843	I:	D:
224468	224998	-	2	1.315231	I:	D:
225062	225304	-	2	1.291363	I:	D:
225374	226240	-	2	1.308547	I:	D:
226252	226656	-	1	1.290667	I:	D:
226871	227893	-	2	1.313876	I:	D:
228062	228487	-	2	1.282343	I:	D:
228477	229694	-	3	1.337294	I:	D:
229675	230760	-	1	1.312938	I:	D:
230771	232177	-	2	1.332926	I:	D:
232191	232952	-	3	1.303776	I:	D:
233106	233543	+	3	1.325166	I:	D:
233675	234271	+	2	1.290439	I:	D:
234340	234570	-	1	1.355643	I:	D:
234671	234922	-	2	1.309742	I:	D:
235049	237292	-	2	1.327158	I:	D:
237309	239294	-	3	1.326709	I:	D:
239310	241277	-	3	1.325975	I:	D:
241430	242137	-	2	1.332246	I:	D:
242225	242902	-	2	1.315148	I:	D:
243105	243935	-	3	1.293846	I:	D:
244224	245498	+	3	1.337025	I:	D:
245562	245795	+	3	1.354135	I:	D:
245808	246680	+	3	1.337873	I:	D:
246739	247245	-	1	1.320197	I:	D:
247261	247911	-	1	1.312824	I:	D:
247908	248858	-	3	1.310826	I:	D:
248873	249595	-	2	1.348569	I:	D:
249613	250413	-	1	1.322171	I:	D:
250442	252895	-	2	1.349197	I:	D:
252932	253489	-	2	1.318121	I:	D:
253491	254096	-	3	1.366523	I:	D:
254089	254952	-	1	1.324872	I:	D:
255179	255745	+	2	1.306562	I:	D:
256032	256187	+	3	1.385091	I:	D:
256461	257096	-	3	1.304685	I:	D:
257120	257257	+	2	1.369648	I:	D:
257740	258711	-	1	1.321784	I:	D:
258724	260358	-	1	1.338743	I:	D:
260360	260590	-	2	1.270188	I:	D:
260592	261770	-	3	1.316685	I:	D:
261767	263287	-	2	1.339473	I:	D:
263457	264791	-	3	1.304502	I:	D:
264788	265495	-	2	1.333357	I:	D:
265810	266292	+	1	1.307454	I:	D:
266364	266582	-	3	1.240322	I:	D:
266585	267502	-	2	1.311278	I:	D:
267596	269494	-	2	1.326109	I:	D:
269497	271245	-	1	1.317798	I:	D:
271263	271745	-	3	1.290104	I:	D:
271969	272709	-	1	1.299408	I:	D:
272746	273711	-	1	1.355167	I:	D:
273742	274509	-	1	1.321963	I:	D:
274509	275153	-	3	1.321409	I:	D:
275204	275854	-	2	1.327506	I:	D:
275874	277238	-	3	1.335089	I:	D:
277258	277542	+	1	1.333869	I:	D:
277557	278924	+	3	1.330189	I:	D:
279109	280812	-	1	1.339326	I:	D:
281075	281557	-	2	1.289616	I:	D:
281585	282475	-	2	1.344637	I:	D:
282484	284331	-	1	1.327513	I:	D:
284610	286541	+	3	1.335011	I:	D:
286543	287751	+	1	1.331850	I:	D:
287781	288413	+	3	1.331174	I:	D:
288553	291732	-	1	1.331305	I:	D:
291800	294631	-	2	1.331341	I:	D:
295016	296272	-	2	1.332888	I:	D:
296451	296756	+	3	1.356157	I:	D:
296811	297182	-	3	1.320599	I:	D:
297192	298301	-	3	1.326836	I:	D:
298317	300083	-	3	1.341014	I:	D:
300227	300856	-	2	1.313969	I:	D:
300959	301162	-	2	1.308260	I:	D:
301252	302046	-	1	1.348436	I:	D:
302074	304197	-	1	1.331097	I:	D:
304346	305659	-	2	1.319376	I:	D:
305895	306509	+	3	1.330680	I:	D:
306810	307016	-	3	1.260654	I:	D:
307193	307321	-	2	1.257542	I:	D:
307378	308775	+	1	1.334394	I:	D:
309211	309990	-	1	1.365887	I:	D:
309983	310219	-	2	1.302214	I:	D:
310224	310490	-	3	1.293632	I:	D:
310598	313417	-	2	1.337906	I:	D:
313530	315554	-	3	1.324717	I:	D:
315632	316168	-	2	1.300150	I:	D:
316171	317499	-	1	1.339117	I:	D:
317492	318865	-	2	1.346275	I:	D:
318881	319327	-	2	1.292064	I:	D:
319344	321299	-	3	1.344250	I:	D:
321352	323256	-	1	1.333271	I:	D:
323489	323656	-	2	1.251200	I:	D:
323783	324220	+	2	1.338970	I:	D:
324250	325437	+	1	1.337783	I:	D:
325507	325938	+	1	1.330364	I:	D:
326091	326813	-	3	1.318648	I:	D:
326826	327896	-	3	1.336579	I:	D:
327998	328636	-	2	1.354360	I:	D:
328819	329502	+	1	1.331051	I:	D:
329686	330042	-	1	1.350519	I:	D:
330137	330658	-	2	1.337933	I:	D:
330736	331200	-	1	1.303398	I:	D:
331220	332092	-	2	1.357083	I:	D:
332097	332639	-	3	1.306771	I:	D:
332655	332789	+	3	1.250756	I:	D:
333036	334088	+	3	1.343638	I:	D:
334104	336473	+	3	1.324971	I:	D:
336675	336920	+	3	1.291797	I:	D:
336937	337242	+	1	1.298202	I:	D:
337532	337804	-	2	1.285565	I:	D:
337991	340486	-	2	1.316284	I:	D:
340495	340800	-	1	1.337509	I:	D:
340970	341143	-	2	1.287444	I:	D:
341242	341568	-	1	1.282227	I:	D:
341646	341885	-	3	1.349877	I:	D:
341931	342431	-	3	1.335372	I:	D:
342472	342768	-	1	1.287038	I:	D:
342890	343498	-	2	1.302132	I:	D:
343614	344555	-	3	1.319217	I:	D:
344583	345884	-	3	1.320629	I:	D:
346343	346786	-	2	1.345319	I:	D:
346926	348320	-	3	1.322796	I:	D:
348539	349234	+	2	1.314828	I:	D:
349289	349426	-	2	1.343346	I:	D:
>Y8.M008_3
14	325	-	2	1.317982	I:	D:
371	3481	-	2	1.294454	I:	D:
3935	4141	-	2	1.360910	I:	D:
4168	4971	-	1	1.336733	I:	D:
4974	5939	-	3	1.333610	I:	D:
6016	7020	-	1	1.328151	I:	D:
7193	10717	-	2	1.334898	I:	D:
10719	11735	-	3	1.328200	I:	D:
11914	12864	-	1	1.349271	I:	D:
12866	13345	-	2	1.313128	I:	D:
13459	14766	-	1	1.332991	I:	D:
14766	15203	-	3	1.314146	I:	D:
15380	15922	-	2	1.314329	I:	D:
15937	16386	-	1	1.286534	I:	D:
16390	16863	-	1	1.330294	I:	D:
16860	17978	-	3	1.373027	I:	D:
17988	18377	-	3	1.371858	I:	D:
18379	18573	-	1	1.358695	I:	D:
18582	19076	-	3	1.310974	I:	D:
19066	20016	-	1	1.357283	I:	D:
20057	20260	+	2	1.329337	I:	D:
20413	20694	-	1	1.245351	I:	D:
20815	21303	-	1	1.262350	I:	D:
21366	23351	-	3	1.323562	I:	D:
23413	23991	-	1	1.312482	I:	D:
24075	25052	-	3	1.301985	I:	D:
25122	26237	-	3	1.327017	I:	D:
26335	26871	-	1	1.302121	I:	D:
26898	27389	-	3	1.343380	I:	D:
27426	27800	-	3	1.275211	I:	D:
27674	28120	+	2	1.336384	I:	D:
28275	28547	-	3	1.327219	I:	D:
28629	28943	-	3	1.300830	I:	D:
28946	29221	-	2	1.293827	I:	D:
29238	30047	-	3	1.309538	I:	D:
30115	31971	-	1	1.328205	I:	D:
31996	32391	-	1	1.296236	I:	D:
32538	33977	-	3	1.334641	I:	D:
33979	34605	-	1	1.333276	I:	D:
34602	35057	-	3	1.317869	I:	D:
35073	37271	-	3	1.328290	I:	D:
37271	39313	-	2	1.340252	I:	D:
39350	41017	-	2	1.302239	I:	D:
41032	41478	-	1	1.338660	I:	D:
41478	42335	-	3	1.318037	I:	D:
42348	43154	-	3	1.316078	I:	D:
43156	45027	-	1	1.337316	I:	D:
45067	45942	-	1	1.330522	I:	D:
45935	46159	-	2	1.292769	I:	D:
46149	47084	-	3	1.341005	I:	D:
47094	47957	-	3	1.342182	I:	D:
47978	48883	-	2	1.332357	I:	D:
48952	49920	-	1	1.341164	I:	D:
50095	50685	-	1	1.283307	I:	D:
50678	51745	-	2	1.339965	I:	D:
51745	53199	-	1	1.364622	I:	D:
53233	53949	+	1	1.320806	I:	D:
53954	54334	+	2	1.288090	I:	D:
54335	54634	-	2	1.268695	I:	D:
54627	54989	-	3	1.299175	I:	D:
55058	55894	-	2	1.358727	I:	D:
55887	56633	-	3	1.343558	I:	D:
56633	57619	-	2	1.317229	I:	D:
57738	58763	-	3	1.332954	I:	D:
58756	60177	-	1	1.318832	I:	D:
60230	60400	-	2	1.285771	I:	D:
60428	61708	-	2	1.333359	I:	D:
61739	61897	+	2	1.292567	I:	D:
61934	62422	-	2	1.337392	I:	D:
62664	63353	-	3	1.334391	I:	D:
63648	64886	-	3	1.336596	I:	D:
64918	65340	-	1	1.302186	I:	D:
65512	66990	-	1	1.339848	I:	D:
67004	68527	-	2	1.351563	I:	D:
69078	70043	+	3	1.311760	I:	D:
70086	70937	-	3	1.338848	I:	D:
71024	71263	+	2	1.322097	I:	D:
71398	71946	-	1	1.304755	I:	D:
72140	72346	-	2	1.351412	I:	D:
72409	72630	-	1	1.285426	I:	D:
72751	75348	-	1	1.325892	I:	D:
75554	75835	-	2	1.295639	I:	D:
75838	76692	-	1	1.335467	I:	D:
76689	78011	-	3	1.330401	I:	D:
78255	78917	-	3	1.331828	I:	D:
79200	79742	+	3	1.350731	I:	D:
79942	81216	-	1	1.326735	I:	D:
81221	82111	-	2	1.345810	I:	D:
82198	82869	+	1	1.306307	I:	D:
82869	83339	+	3	1.311982	I:	D:
83798	85033	-	2	1.327091	I:	D:
85041	87089	-	3	1.326719	I:	D:
87240	87728	-	3	1.314646	I:	D:
87982	88131	-	1	1.282074	I:	D:
88335	89501	-	3	1.324910	I:	D:
89722	89982	+	1	1.298715	I:	D:
90002	90223	+	2	1.259106	I:	D:
90428	92647	-	2	1.334350	I:	D:
92874	93137	-	3	1.358715	I:	D:
93277	93669	-	1	1.332095	I:	D:
94331	95230	-	2	1.330452	I:	D:
95549	96913	+	2	1.318467	I:	D:
97000	97878	+	1	1.337424	I:	D:
97938	98756	+	3	1.333933	I:	D:
98798	98941	+	2	1.362892	I:	D:
98951	99094	+	2	1.342335	I:	D:
99111	101450	-	3	1.334683	I:	D:
101553	102194	-	3	1.326611	I:	D:
102195	102869	-	3	1.317478	I:	D:
102875	104170	-	2	1.346141	I:	D:
104163	104969	-	3	1.356241	I:	D:
104939	105751	-	2	1.347485	I:	D:
105745	106614	-	1	1.327306	I:	D:
106611	107456	-	3	1.340421	I:	D:
107460	108323	-	3	1.372778	I:	D:
108323	109672	-	2	1.333110	I:	D:
109792	110880	-	1	1.356945	I:	D:
110884	111486	-	1	1.341901	I:	D:
111489	112028	-	3	1.336975	I:	D:
112140	112505	-	3	1.351417	I:	D:
112527	112715	+	3	1.289873	I:	D:
112700	113707	+	2	1.342047	I:	D:
113868	114359	-	3	1.337674	I:	D:
114470	116224	+	2	1.316515	I:	D:
116441	118525	+	2	1.345023	I:	D:
118827	120032	-	3	1.309085	I:	D:
120034	120702	-	1	1.314002	I:	D:
120720	122066	-	3	1.302086	I:	D:
122091	122267	+	3	1.260396	I:	D:
122436	123791	+	3	1.339556	I:	D:
123922	124134	-	1	1.390681	I:	D:
124374	124595	+	3	1.357211	I:	D:
125057	125332	+	2	1.344525	I:	D:
125447	126025	-	2	1.263767	I:	D:
126009	126665	-	3	1.298318	I:	D:
126680	127516	-	2	1.322183	I:	D:
127513	128214	-	1	1.315088	I:	D:
128204	129043	-	2	1.303021	I:	D:
129047	129739	-	2	1.270426	I:	D:
129860	130321	-	2	1.332964	I:	D:
130457	130801	-	2	1.305249	I:	D:
130892	131167	+	2	1.278503	I:	D:
131227	131829	+	1	1.347711	I:	D:
131931	132110	+	3	1.354049	I:	D:
132182	132475	-	2	1.281074	I:	D:
132662	133717	+	2	1.339354	I:	D:
133861	134334	-	1	1.318623	I:	D:
134355	134789	-	3	1.342848	I:	D:
134810	135316	-	2	1.303456	I:	D:
135685	136143	-	1	1.326914	I:	D:
136243	137595	-	1	1.335412	I:	D:
137623	139668	-	1	1.349560	I:	D:
139743	141389	-	3	1.316660	I:	D:
141611	142384	-	2	1.341784	I:	D:
142466	143644	-	2	1.325005	I:	D:
143654	143926	-	2	1.360159	I:	D:
144000	145070	+	3	1.333052	I:	D:
145084	146916	+	1	1.362543	I:	D:
147027	147461	+	3	1.353687	I:	D:
147601	148038	-	1	1.318982	I:	D:
148072	149298	-	1	1.322452	I:	D:
149372	150133	-	2	1.336314	I:	D:
150264	152177	-	3	1.351430	I:	D:
152198	154963	-	2	1.326076	I:	D:
154976	155935	-	2	1.340968	I:	D:
156079	156960	-	1	1.318464	I:	D:
157160	158440	+	2	1.322674	I:	D:
158658	158798	-	3	1.332754	I:	D:
158946	159524	-	3	1.301585	I:	D:
159524	160567	-	2	1.322883	I:	D:
160569	162809	-	3	1.345421	I:	D:
162822	163349	-	3	1.300740	I:	D:
163510	163668	+	1	1.297419	I:	D:
163718	164254	-	2	1.316469	I:	D:
164270	164611	-	2	1.321416	I:	D:
164725	165450	-	1	1.337600	I:	D:
165450	166772	-	3	1.336840	I:	D:
166777	168099	-	1	1.332594	I:	D:
168241	168429	-	1	1.357307	I:	D:
168457	168972	-	1	1.328225	I:	D:
169059	169331	-	3	1.344189	I:	D:
169373	170068	+	2	1.307699	I:	D:
170061	170783	+	3	1.344600	I:	D:
171080	171460	+	2	1.304812	I:	D:
171464	172717	+	2	1.324234	I:	D:
172721	173026	+	2	1.305605	I:	D:
173084	174301	-	2	1.323804	I:	D:
174322	175248	-	1	1.351857	I:	D:
175288	175488	+	1	1.294300	I:	D:
175520	176533	+	2	1.336213	I:	D:
176543	177391	+	2	1.317082	I:	D:
177873	178799	+	3	1.348805	I:	D:
178802	179764	+	2	1.352565	I:	D:
179761	181905	+	1	1.335878	I:	D:
181990	182172	-	1	1.303116	I:	D:
182261	182779	-	2	1.285739	I:	D:
182917	183390	+	1	1.317794	I:	D:
183400	183846	+	1	1.322420	I:	D:
183962	184873	+	2	1.317106	I:	D:
184875	185807	+	3	1.339190	I:	D:
185863	186975	-	1	1.310334	I:	D:
187076	187972	-	2	1.328980	I:	D:
188004	188525	-	3	1.310486	I:	D:
188538	189077	-	3	1.315947	I:	D:
189139	190128	-	1	1.343456	I:	D:
190204	190770	+	1	1.342786	I:	D:
190834	191022	+	1	1.370508	I:	D:
191327	191611	+	2	1.301013	I:	D:
191637	192317	+	3	1.278995	I:	D:
192336	192632	+	3	1.312776	I:	D:
193098	193445	+	3	1.289047	I:	D:
193423	193929	+	1	1.323111	I:	D:
194348	196309	+	2	1.296741	I:	D:
196312	196650	+	1	1.303102	I:	D:
196842	197003	+	3	1.334740	I:	D:
197114	198754	+	2	1.306127	I:	D:
198915	199082	-	3	1.382687	I:	D:
199123	199344	+	1	1.402058	I:	D:
199379	199837	-	2	1.323450	I:	D:
199916	200518	-	2	1.344633	I:	D:
200521	200871	-	1	1.303747	I:	D:
200891	202645	-	2	1.348201	I:	D:
203253	204635	-	3	1.328859	I:	D:
204960	205634	-	3	1.338155	I:	D:
205686	205907	-	3	1.333247	I:	D:
205912	206517	-	1	1.335797	I:	D:
206586	207836	-	3	1.339393	I:	D:
207854	208453	-	2	1.337521	I:	D:
208711	208905	+	1	1.309095	I:	D:
209141	210466	+	2	1.339334	I:	D:
210469	211191	+	1	1.306977	I:	D:
211198	213411	+	1	1.340398	I:	D:
213395	214057	+	2	1.369691	I:	D:
214074	215090	+	3	1.335855	I:	D:
215301	215870	-	3	1.287815	I:	D:
216045	219215	-	3	1.343505	I:	D:
219540	219803	-	3	1.349621	I:	D:
219779	221203	+	2	1.336190	I:	D:
221207	221998	+	2	1.337014	I:	D:
221998	222804	+	1	1.350545	I:	D:
222837	223925	+	3	1.315075	I:	D:
224299	225120	+	1	1.340419	I:	D:
225133	225879	+	1	1.309235	I:	D:
225951	227045	+	3	1.338438	I:	D:
227045	228922	+	2	1.343907	I:	D:
229164	229322	+	3	1.311322	I:	D:
229427	229591	+	2	1.327403	I:	D:
229762	230466	-	1	1.289899	I:	D:
230542	231381	-	1	1.330473	I:	D:
231374	231652	-	2	1.291321	I:	D:
231754	232251	+	1	1.312725	I:	D:
232321	232527	-	1	1.304394	I:	D:
232530	232781	-	3	1.280412	I:	D:
232782	233033	-	3	1.311501	I:	D:
233054	233917	-	2	1.337719	I:	D:
233922	235214	-	3	1.321554	I:	D:
235227	235643	-	3	1.352040	I:	D:
235655	239338	-	2	1.301150	I:	D:
239433	240029	-	3	1.301235	I:	D:
240123	240668	-	3	1.328927	I:	D:
240665	241084	-	2	1.304889	I:	D:
241106	241609	-	2	1.335176	I:	D:
241612	242052	-	1	1.346012	I:	D:
242049	242531	-	3	1.335410	I:	D:
242536	242958	-	1	1.356555	I:	D:
242955	243326	-	3	1.343252	I:	D:
243338	244303	-	2	1.307628	I:	D:
244311	244928	-	3	1.311000	I:	D:
245024	245215	-	2	1.286675	I:	D:
245262	245666	-	3	1.312399	I:	D:
245946	247739	-	3	1.311448	I:	D:
247739	249064	-	2	1.341100	I:	D:
249064	250716	-	1	1.335287	I:	D:
250876	251241	-	1	1.389220	I:	D:
251238	251426	-	3	1.268176	I:	D:
251433	251759	-	3	1.321378	I:	D:
251916	252077	-	3	1.333880	I:	D:
252137	252325	-	2	1.294423	I:	D:
252300	252740	-	3	1.329277	I:	D:
252873	255227	-	3	1.350815	I:	D:
255277	255849	-	1	1.348201	I:	D:
255855	256169	-	3	1.348774	I:	D:
256166	257506	-	2	1.367870	I:	D:
257481	258287	-	3	1.325329	I:	D:
258298	258891	-	1	1.310372	I:	D:
258904	259881	-	1	1.310926	I:	D:
259850	261388	-	2	1.331511	I:	D:
261397	261837	-	1	1.315929	I:	D:
261834	262073	-	3	1.352849	I:	D:
262077	262274	-	3	1.339134	I:	D:
262302	262547	-	3	1.249529	I:	D:
262716	263144	+	3	1.285307	I:	D:
263200	263763	+	1	1.322994	I:	D:
263862	264263	+	3	1.276825	I:	D:
264442	265611	+	1	1.344542	I:	D:
266069	267322	-	2	1.343344	I:	D:
267501	269150	-	3	1.342878	I:	D:
269187	271376	-	3	1.332049	I:	D:
271758	272441	-	3	1.324683	I:	D:
272715	274319	+	3	1.341720	I:	D:
274323	275213	-	3	1.328638	I:	D:
275345	275737	+	2	1.347564	I:	D:
275763	276302	+	3	1.340987	I:	D:
276400	276558	+	1	1.347073	I:	D:
276623	277381	+	2	1.310801	I:	D:
277578	278690	-	3	1.329490	I:	D:
278820	280625	-	3	1.334238	I:	D:
280643	281017	-	2	1.338626	I:	D:
281178	281606	-	3	1.303861	I:	D:
281612	282667	-	2	1.348342	I:	D:
282680	284224	-	2	1.331355	I:	D:
284238	284822	-	3	1.335771	I:	D:
284839	285225	-	1	1.328802	I:	D:
285418	285837	-	1	1.311756	I:	D:
286004	286609	-	2	1.326162	I:	D:
286620	287927	-	3	1.321082	I:	D:
287924	289591	-	2	1.330374	I:	D:
290133	290318	+	3	1.352510	I:	D:
290595	290876	+	3	1.365677	I:	D:
291109	291753	-	1	1.287616	I:	D:
291771	292076	-	3	1.305316	I:	D:
292088	292957	-	2	1.322466	I:	D:
292982	296965	-	2	1.299722	I:	D:
297535	298458	+	1	1.283539	I:	D:
298458	298634	+	3	1.269637	I:	D:
298951	299148	+	1	1.414094	I:	D:
299269	301233	-	1	1.285530	I:	D:
301235	301363	+	2	1.306552	I:	D:
>Y8.M008_4
403	1560	+	1	1.343691	I:	D:
1649	2206	-	2	1.304422	I:	D:
2505	3653	-	3	1.322196	I:	D:
4058	4951	-	2	1.284707	I:	D:
5058	5870	-	3	1.344036	I:	D:
6008	6844	+	2	1.333074	I:	D:
6910	7758	-	1	1.333774	I:	D:
7773	8702	-	3	1.333031	I:	D:
8791	9444	-	1	1.345640	I:	D:
9553	10818	+	1	1.340318	I:	D:
10838	11317	+	2	1.324940	I:	D:
11339	11500	-	2	1.323919	I:	D:
11562	14387	-	3	1.322328	I:	D:
14522	14686	-	2	1.336626	I:	D:
14878	17244	-	1	1.333309	I:	D:
17249	18751	-	2	1.320205	I:	D:
18878	19423	-	2	1.325918	I:	D:
19563	20297	+	3	1.342676	I:	D:
20305	20496	+	1	1.366341	I:	D:
20493	21188	+	3	1.339353	I:	D:
21349	23016	+	1	1.333459	I:	D:
23248	24732	-	1	1.331319	I:	D:
24926	25552	+	2	1.327695	I:	D:
25857	26597	-	3	1.323212	I:	D:
26774	28312	-	2	1.326867	I:	D:
28312	29919	-	1	1.320680	I:	D:
29933	30637	-	2	1.320610	I:	D:
30637	31593	-	1	1.321429	I:	D:
31841	32194	+	2	1.362313	I:	D:
32364	33278	-	3	1.283182	I:	D:
33625	36363	-	1	1.335087	I:	D:
36594	37568	+	3	1.325042	I:	D:
37568	38026	+	2	1.327096	I:	D:
38319	38639	-	3	1.364596	I:	D:
38733	39395	-	3	1.287598	I:	D:
39392	40492	-	2	1.304348	I:	D:
40521	42143	-	3	1.309940	I:	D:
42155	45145	-	2	1.301970	I:	D:
45256	45633	-	1	1.324902	I:	D:
45658	46812	-	1	1.343371	I:	D:
47013	48101	-	3	1.358880	I:	D:
48117	48353	-	3	1.319862	I:	D:
48522	49130	+	3	1.323465	I:	D:
49173	50225	+	3	1.346093	I:	D:
50422	50823	-	1	1.348055	I:	D:
50843	51271	-	2	1.332991	I:	D:
51447	52001	+	3	1.335159	I:	D:
52112	52252	+	2	1.348259	I:	D:
52323	52658	-	3	1.422513	I:	D:
52806	53771	-	3	1.313701	I:	D:
53812	55290	-	1	1.325467	I:	D:
55526	56341	+	2	1.329810	I:	D:
56457	56855	-	3	1.357807	I:	D:
56859	57212	-	3	1.327625	I:	D:
57349	58629	-	1	1.309908	I:	D:
58654	59502	-	1	1.316600	I:	D:
59504	60271	-	2	1.344868	I:	D:
60768	61691	-	3	1.334825	I:	D:
61750	62463	-	1	1.320387	I:	D:
62463	64337	-	3	1.326413	I:	D:
64346	65713	-	2	1.316286	I:	D:
65756	66565	-	2	1.312903	I:	D:
66570	67577	-	3	1.329924	I:	D:
67587	67826	-	3	1.365207	I:	D:
67831	68172	-	1	1.338632	I:	D:
68781	70139	+	3	1.330497	I:	D:
70219	71475	+	1	1.320327	I:	D:
71465	71677	+	2	1.298561	I:	D:
71698	72795	+	1	1.333802	I:	D:
72858	73067	+	3	1.345726	I:	D:
73094	73825	+	2	1.338043	I:	D:
73981	74232	+	1	1.293370	I:	D:
74238	76313	+	3	1.313201	I:	D:
76355	76786	+	2	1.323152	I:	D:
77275	79845	+	1	1.323817	I:	D:
79915	80670	+	1	1.303363	I:	D:
80956	83031	-	1	1.338318	I:	D:
83144	83788	+	2	1.299143	I:	D:
83785	85848	+	1	1.336086	I:	D:
86018	86458	+	2	1.325052	I:	D:
86569	87561	+	1	1.331870	I:	D:
87653	88474	+	2	1.321582	I:	D:
88471	88974	+	1	1.328558	I:	D:
88998	91019	+	3	1.333114	I:	D:
91303	92043	+	1	1.351835	I:	D:
92116	92511	+	1	1.342514	I:	D:
92628	93920	+	3	1.344103	I:	D:
93957	95768	+	3	1.324939	I:	D:
95785	96570	+	1	1.354483	I:	D:
96788	98029	+	2	1.343771	I:	D:
98107	99231	+	1	1.333249	I:	D:
99228	100046	+	3	1.317269	I:	D:
100136	101188	+	2	1.340155	I:	D:
101181	102608	+	3	1.348653	I:	D:
102605	103795	+	2	1.339793	I:	D:
103930	104223	+	1	1.377831	I:	D:
104502	106148	-	3	1.323679	I:	D:
106240	106446	+	1	1.328059	I:	D:
106608	107675	+	3	1.326808	I:	D:
107688	109040	+	3	1.319593	I:	D:
109410	110870	+	3	1.332401	I:	D:
110867	111439	+	2	1.338232	I:	D:
111461	112471	+	2	1.320131	I:	D:
112482	113264	+	3	1.315760	I:	D:
113377	114561	+	1	1.346014	I:	D:
114554	115324	+	2	1.324702	I:	D:
115321	116046	+	1	1.341173	I:	D:
116072	116215	-	2	1.295874	I:	D:
116253	116513	+	3	1.304857	I:	D:
116666	116821	+	2	1.301480	I:	D:
116914	117192	+	1	1.341943	I:	D:
117195	118226	+	3	1.354029	I:	D:
118268	119839	-	2	1.322060	I:	D:
119826	120509	-	3	1.321301	I:	D:
120849	121742	+	3	1.326539	I:	D:
121754	122305	+	2	1.324261	I:	D:
122425	122661	-	1	1.358154	I:	D:
122714	123115	-	2	1.309737	I:	D:
123127	123783	-	1	1.328002	I:	D:
124338	124940	+	3	1.306179	I:	D:
125187	125462	-	3	1.329073	I:	D:
125603	126706	+	2	1.362205	I:	D:
126736	127293	+	1	1.291896	I:	D:
127365	129221	+	3	1.316763	I:	D:
129344	130486	+	2	1.352864	I:	D:
130689	131624	+	3	1.325118	I:	D:
131940	132275	-	3	1.297213	I:	D:
132280	133104	-	1	1.334229	I:	D:
133152	133979	-	3	1.327750	I:	D:
134192	134938	-	2	1.321465	I:	D:
135036	135455	+	3	1.338644	I:	D:
135498	136226	+	3	1.315572	I:	D:
136226	136972	+	2	1.354208	I:	D:
136976	137734	+	2	1.350156	I:	D:
137803	138531	-	1	1.322472	I:	D:
138712	139641	-	1	1.316526	I:	D:
139641	140822	-	3	1.318340	I:	D:
140829	141329	-	3	1.329304	I:	D:
141439	142359	-	1	1.320951	I:	D:
142343	143569	-	2	1.308307	I:	D:
143582	144619	-	2	1.329917	I:	D:
145156	146532	-	1	1.330194	I:	D:
146779	148002	-	1	1.308811	I:	D:
148453	148818	+	1	1.322102	I:	D:
148869	149378	+	3	1.319228	I:	D:
149459	149626	-	2	1.310322	I:	D:
149644	150336	+	1	1.330920	I:	D:
150341	152989	+	2	1.322894	I:	D:
153160	153807	+	1	1.335675	I:	D:
153807	155021	+	3	1.337831	I:	D:
155326	159378	+	1	1.334278	I:	D:
159774	159935	+	3	1.373869	I:	D:
160381	161298	-	1	1.353563	I:	D:
161295	162233	-	3	1.336349	I:	D:
162810	165173	-	3	1.321322	I:	D:
165160	165492	-	1	1.307425	I:	D:
165508	165816	-	1	1.310151	I:	D:
165841	167013	-	1	1.305573	I:	D:
166946	167200	+	2	1.380997	I:	D:
167221	167829	-	1	1.317892	I:	D:
168939	169136	+	3	1.302261	I:	D:
169384	170076	+	1	1.329183	I:	D:
170098	171102	+	1	1.328145	I:	D:
171387	172085	-	3	1.324982	I:	D:
172230	172883	+	3	1.326990	I:	D:
173169	176072	+	3	1.334487	I:	D:
176090	177415	+	2	1.322756	I:	D:
177559	178356	+	1	1.344287	I:	D:
178561	180300	-	1	1.340333	I:	D:
180833	181699	+	2	1.329124	I:	D:
181911	182519	+	3	1.325840	I:	D:
182497	182907	+	1	1.357416	I:	D:
182924	183091	+	2	1.350798	I:	D:
183459	185156	+	3	1.348197	I:	D:
185274	186671	+	3	1.339589	I:	D:
186709	189615	+	1	1.315711	I:	D:
190215	194714	+	3	1.315532	I:	D:
194903	196378	+	2	1.311596	I:	D:
196553	196771	-	2	1.328684	I:	D:
196790	197734	+	2	1.327692	I:	D:
197727	198515	+	3	1.343449	I:	D:
198731	198889	+	2	1.317704	I:	D:
198913	199821	+	1	1.310905	I:	D:
200004	200912	+	3	1.322151	I:	D:
201231	201872	-	3	1.322908	I:	D:
202016	202183	-	2	1.359604	I:	D:
202293	203663	+	3	1.319898	I:	D:
204375	205235	+	3	1.327750	I:	D:
205232	205876	+	2	1.350364	I:	D:
205866	208268	+	3	1.337074	I:	D:
208369	208794	+	1	1.354030	I:	D:
208810	209175	+	1	1.339675	I:	D:
209284	211077	+	1	1.320465	I:	D:
211242	212573	+	3	1.322638	I:	D:
212797	216702	+	1	1.333648	I:	D:
216945	218135	-	3	1.345089	I:	D:
218157	219155	-	3	1.325051	I:	D:
219171	220355	-	3	1.338898	I:	D:
220504	220641	+	1	1.343555	I:	D:
220711	222009	+	1	1.339985	I:	D:
222043	222744	+	1	1.324824	I:	D:
223189	223770	+	1	1.359429	I:	D:
223898	224659	+	2	1.312429	I:	D:
224710	224874	+	1	1.366732	I:	D:
225002	227671	+	2	1.334609	I:	D:
227687	228334	+	2	1.329945	I:	D:
228430	229497	-	1	1.331212	I:	D:
229543	229740	+	1	1.376420	I:	D:
230038	231273	+	1	1.342651	I:	D:
231291	232553	+	3	1.317653	I:	D:
>Y8.M008_5
1	534	+	1	1.284060	I:	D:
546	1808	+	3	1.290995	I:	D:
1875	2324	+	3	1.286864	I:	D:
2595	5348	-	3	1.284040	I:	D:
5429	5800	-	2	1.307860	I:	D:
5821	5997	-	1	1.370196	I:	D:
6272	7684	+	2	1.314458	I:	D:
7740	8936	-	3	1.335925	I:	D:
8933	9751	-	2	1.321058	I:	D:
9778	10440	-	1	1.315999	I:	D:
10433	11077	-	2	1.305331	I:	D:
11064	11969	-	3	1.314546	I:	D:
12297	13133	+	3	1.333314	I:	D:
13846	14010	+	1	1.337519	I:	D:
14120	14299	+	2	1.372012	I:	D:
14347	14490	+	1	1.351861	I:	D:
14982	15872	-	3	1.313396	I:	D:
15878	16654	-	2	1.315931	I:	D:
16654	16956	-	1	1.285445	I:	D:
17161	17943	-	1	1.328788	I:	D:
18154	18531	+	1	1.328466	I:	D:
18524	19420	+	2	1.325362	I:	D:
19398	21575	+	3	1.335890	I:	D:
21611	22156	+	2	1.351576	I:	D:
22306	23475	-	1	1.281608	I:	D:
23761	23970	+	1	1.332946	I:	D:
24054	25766	-	3	1.304102	I:	D:
25763	26473	-	2	1.316102	I:	D:
26577	27041	-	3	1.315242	I:	D:
27075	27533	-	3	1.333396	I:	D:
27546	28079	-	3	1.324390	I:	D:
28377	29525	+	3	1.323093	I:	D:
29677	31350	-	1	1.330219	I:	D:
31427	33031	-	2	1.334158	I:	D:
33024	33737	-	3	1.305380	I:	D:
33981	34628	+	3	1.355934	I:	D:
34745	36541	-	2	1.330125	I:	D:
36791	38446	-	2	1.315605	I:	D:
38448	39119	-	3	1.321794	I:	D:
39294	39941	-	3	1.299800	I:	D:
39941	40690	-	2	1.325331	I:	D:
40714	41640	-	1	1.357504	I:	D:
41633	42502	-	2	1.351280	I:	D:
42499	43416	-	1	1.318283	I:	D:
43699	45072	+	1	1.344436	I:	D:
45209	45361	+	2	1.354668	I:	D:
45595	46017	-	1	1.338752	I:	D:
46047	47459	-	3	1.320208	I:	D:
47259	47447	+	3	1.408728	I:	D:
47456	48910	-	2	1.323962	I:	D:
48923	49201	-	2	1.314166	I:	D:
49291	51039	-	1	1.328645	I:	D:
51175	54096	-	1	1.328455	I:	D:
54120	54821	-	3	1.329096	I:	D:
55003	55578	-	1	1.328102	I:	D:
55682	56266	+	2	1.323146	I:	D:
56334	56858	-	3	1.301791	I:	D:
56863	57645	-	1	1.336500	I:	D:
57772	58200	+	1	1.338296	I:	D:
58586	59299	-	2	1.285378	I:	D:
59475	61166	-	3	1.328029	I:	D:
61386	61763	-	3	1.271339	I:	D:
61817	62458	-	2	1.314770	I:	D:
62575	63270	-	1	1.324284	I:	D:
63327	63752	-	3	1.329805	I:	D:
63866	64393	-	2	1.300381	I:	D:
64438	64695	-	1	1.310416	I:	D:
64898	65062	-	2	1.336224	I:	D:
65068	65856	-	1	1.305768	I:	D:
65914	66813	+	1	1.334170	I:	D:
66825	67289	+	3	1.308081	I:	D:
67291	69027	+	1	1.329053	I:	D:
69418	69738	-	1	1.270641	I:	D:
70199	70408	+	2	1.336101	I:	D:
70633	71142	-	1	1.292546	I:	D:
71390	71599	+	2	1.339946	I:	D:
71676	73523	-	3	1.298581	I:	D:
73872	74648	-	3	1.372947	I:	D:
74665	76215	-	1	1.346277	I:	D:
76558	76995	+	1	1.317627	I:	D:
77074	77856	-	1	1.329748	I:	D:
77859	78722	-	3	1.345642	I:	D:
78728	80086	-	2	1.334968	I:	D:
80156	80575	-	2	1.343999	I:	D:
80588	81061	-	2	1.311277	I:	D:
81076	82305	-	1	1.319731	I:	D:
82323	83066	-	3	1.312334	I:	D:
83089	83991	-	1	1.330642	I:	D:
83979	84929	-	3	1.323628	I:	D:
85118	85447	-	2	1.332258	I:	D:
85468	85650	-	1	1.275475	I:	D:
85774	88227	+	1	1.333828	I:	D:
88273	89508	+	1	1.321573	I:	D:
89533	90738	+	1	1.309174	I:	D:
91027	91740	-	1	1.355116	I:	D:
91879	92418	-	1	1.348480	I:	D:
92415	94586	-	3	1.332119	I:	D:
94856	95497	+	2	1.324720	I:	D:
95890	96657	+	1	1.331880	I:	D:
96756	96911	+	3	1.343549	I:	D:
96635	97537	+	2	1.301865	I:	D:
97557	99482	+	3	1.325871	I:	D:
99543	99893	+	3	1.318440	I:	D:
99929	101629	+	2	1.321344	I:	D:
101842	102453	+	1	1.300572	I:	D:
102486	102653	+	3	1.263261	I:	D:
102737	103366	-	2	1.349848	I:	D:
103371	104030	-	3	1.322679	I:	D:
104041	104664	-	1	1.366077	I:	D:
104667	104846	-	3	1.339506	I:	D:
104900	106900	-	2	1.317872	I:	D:
106989	108365	+	3	1.330336	I:	D:
108512	109702	-	2	1.330078	I:	D:
109744	111366	-	1	1.330789	I:	D:
111369	115421	-	3	1.322634	I:	D:
115492	116574	-	1	1.331280	I:	D:
116613	117209	-	3	1.331206	I:	D:
117356	118174	-	2	1.293805	I:	D:
118171	118767	-	1	1.305874	I:	D:
118919	120619	-	2	1.320814	I:	D:
120753	122846	-	3	1.327714	I:	D:
123196	123333	+	1	1.344920	I:	D:
123466	128007	+	1	1.330855	I:	D:
128021	129505	+	2	1.335855	I:	D:
129689	130858	+	2	1.340793	I:	D:
131588	132436	+	2	1.282248	I:	D:
132441	133382	+	3	1.289879	I:	D:
133379	134482	+	2	1.299760	I:	D:
134651	134896	-	2	1.308128	I:	D:
135403	136071	+	1	1.296065	I:	D:
136389	138032	-	3	1.306736	I:	D:
138128	138280	-	2	1.297379	I:	D:
138792	139451	+	3	1.321964	I:	D:
139666	139977	+	1	1.305579	I:	D:
140126	140878	+	2	1.299744	I:	D:
140865	141602	+	3	1.311296	I:	D:
141586	142875	+	1	1.317157	I:	D:
143578	144759	+	1	1.310885	I:	D:
144814	144990	+	1	1.333971	I:	D:
146115	147998	-	3	1.317064	I:	D:
148070	148492	-	2	1.305625	I:	D:
148585	148944	-	1	1.254533	I:	D:
149092	149463	-	1	1.328633	I:	D:
149897	151399	+	2	1.332734	I:	D:
151564	152406	+	1	1.322365	I:	D:
152563	154545	-	1	1.332124	I:	D:
154674	155378	-	3	1.321351	I:	D:
155434	156345	-	1	1.330212	I:	D:
156338	157099	-	2	1.330718	I:	D:
157198	158460	-	1	1.313659	I:	D:
158605	160701	-	1	1.333683	I:	D:
160947	162827	+	3	1.323400	I:	D:
163067	165049	+	2	1.344522	I:	D:
165067	165558	+	1	1.296696	I:	D:
165691	167097	+	1	1.333986	I:	D:
167151	167795	-	3	1.325955	I:	D:
167885	168862	-	2	1.312462	I:	D:
>Y8.M008_6
219	449	-	3	1.354497	I:	D:
671	1504	-	2	1.336377	I:	D:
1527	1739	-	3	1.329825	I:	D:
1763	2452	+	2	1.310205	I:	D:
2748	2960	-	3	1.331366	I:	D:
2981	4036	-	2	1.314597	I:	D:
4338	5045	+	3	1.338493	I:	D:
5113	5676	+	1	1.317479	I:	D:
5847	6800	-	3	1.336585	I:	D:
7215	8057	+	3	1.321719	I:	D:
8060	9454	+	2	1.339914	I:	D:
9825	11477	-	3	1.326536	I:	D:
11793	12668	+	3	1.361612	I:	D:
12762	13859	+	3	1.338701	I:	D:
14049	15494	-	3	1.331885	I:	D:
15505	16938	-	1	1.335226	I:	D:
16968	17135	-	3	1.353339	I:	D:
17596	18861	+	1	1.334813	I:	D:
19140	20786	+	3	1.347514	I:	D:
20825	23239	+	2	1.339428	I:	D:
23557	24024	-	1	1.331808	I:	D:
24335	24688	-	2	1.375375	I:	D:
25480	25680	+	1	1.347010	I:	D:
25704	26012	+	3	1.312798	I:	D:
26271	26741	+	3	1.345595	I:	D:
26719	27990	+	1	1.378813	I:	D:
27987	29141	+	3	1.351017	I:	D:
29131	30126	+	1	1.335742	I:	D:
30134	30475	+	2	1.333956	I:	D:
30494	31501	+	2	1.329373	I:	D:
31514	31867	+	2	1.310789	I:	D:
32204	32641	+	2	1.339400	I:	D:
32642	33007	+	2	1.317908	I:	D:
33150	33665	+	3	1.345711	I:	D:
33659	34615	+	2	1.348943	I:	D:
34551	34919	+	3	1.331387	I:	D:
34921	35250	+	1	1.317294	I:	D:
35237	36295	+	2	1.345176	I:	D:
36295	36774	+	1	1.307148	I:	D:
37019	38584	-	2	1.303273	I:	D:
38729	41356	-	2	1.329674	I:	D:
41499	41828	-	3	1.273885	I:	D:
41686	42435	+	1	1.345634	I:	D:
42498	43457	+	3	1.337500	I:	D:
43603	44196	+	1	1.317200	I:	D:
44211	47669	+	3	1.343414	I:	D:
47875	49071	+	1	1.324810	I:	D:
49129	49992	+	1	1.361746	I:	D:
50094	50318	-	3	1.274385	I:	D:
50490	52211	+	3	1.338684	I:	D:
52370	52510	+	2	1.334549	I:	D:
52688	53647	-	2	1.326664	I:	D:
53755	54156	+	1	1.322340	I:	D:
54223	54447	+	1	1.359103	I:	D:
54538	54690	+	1	1.343754	I:	D:
54768	55976	-	3	1.331437	I:	D:
56151	57317	+	3	1.343375	I:	D:
57597	58382	+	3	1.340838	I:	D:
58459	61080	+	1	1.328823	I:	D:
61142	61282	+	2	1.260752	I:	D:
61508	62257	+	2	1.328409	I:	D:
62754	64346	+	3	1.339511	I:	D:
64500	64685	+	3	1.361073	I:	D:
64692	66335	+	3	1.323088	I:	D:
66346	67494	+	1	1.335426	I:	D:
67507	67965	+	1	1.326292	I:	D:
68683	72408	+	1	1.327650	I:	D:
72421	76017	+	1	1.331320	I:	D:
76301	76540	-	2	1.301404	I:	D:
76718	77143	-	2	1.315686	I:	D:
77368	79704	+	1	1.356779	I:	D:
80000	80143	+	2	1.380005	I:	D:
80304	80585	+	3	1.320635	I:	D:
80805	81746	+	3	1.300046	I:	D:
82601	83890	+	2	1.330482	I:	D:
83890	84354	+	1	1.313795	I:	D:
84400	85380	+	1	1.322779	I:	D:
85451	86752	-	2	1.322185	I:	D:
86946	87506	-	3	1.316235	I:	D:
87833	90124	+	2	1.323028	I:	D:
90258	92057	+	3	1.331004	I:	D:
92072	92980	+	2	1.300028	I:	D:
93043	93690	+	1	1.343546	I:	D:
93812	93991	+	2	1.303800	I:	D:
93999	95072	+	3	1.319291	I:	D:
95077	96120	+	1	1.341705	I:	D:
96107	96718	+	2	1.332922	I:	D:
96723	97343	+	3	1.328820	I:	D:
97430	98842	+	2	1.321507	I:	D:
99246	99608	+	3	1.301322	I:	D:
99849	101123	+	3	1.339225	I:	D:
101241	102554	-	3	1.336478	I:	D:
102557	103288	-	2	1.323573	I:	D:
103538	104041	+	2	1.326258	I:	D:
>Y8.M008_7
3	167	-	3	1.325299	I:	D:
172	513	-	1	1.331975	I:	D:
604	999	-	1	1.313011	I:	D:
1162	2037	-	1	1.326987	I:	D:
2271	2432	+	3	1.274225	I:	D:
3550	4842	-	1	1.334607	I:	D:
4940	5200	+	2	1.257133	I:	D:
5268	5600	-	3	1.282611	I:	D:
5614	5928	-	1	1.314593	I:	D:
5936	6655	-	2	1.286650	I:	D:
6655	7233	-	1	1.336844	I:	D:
7238	8290	-	2	1.303024	I:	D:
8307	9599	-	3	1.316395	I:	D:
9596	10225	-	2	1.300346	I:	D:
10250	11416	-	2	1.327987	I:	D:
11514	12833	-	3	1.322818	I:	D:
12846	17204	-	3	1.324580	I:	D:
17255	18298	-	2	1.327275	I:	D:
18317	19702	-	2	1.311052	I:	D:
19770	20915	-	3	1.304773	I:	D:
20922	21752	-	3	1.354228	I:	D:
21769	22515	-	1	1.332469	I:	D:
22517	23071	-	2	1.320860	I:	D:
23125	23838	-	1	1.321475	I:	D:
24026	24277	+	2	1.338568	I:	D:
24300	25091	+	3	1.316985	I:	D:
25104	26006	-	3	1.320330	I:	D:
26223	26906	-	3	1.306657	I:	D:
26915	27574	-	2	1.333800	I:	D:
27549	29405	-	3	1.340852	I:	D:
29418	29918	-	3	1.340887	I:	D:
30001	30381	-	1	1.307315	I:	D:
30434	31843	-	2	1.326714	I:	D:
31848	32318	-	3	1.347312	I:	D:
32515	32991	+	1	1.319883	I:	D:
33042	34274	+	3	1.314767	I:	D:
34271	35863	+	2	1.331906	I:	D:
36063	38678	-	3	1.330177	I:	D:
39370	40542	+	1	1.321406	I:	D:
40591	42117	+	1	1.311823	I:	D:
42107	42847	+	2	1.315731	I:	D:
42900	44246	-	3	1.313827	I:	D:
44224	46665	-	1	1.321856	I:	D:
46778	47809	+	2	1.302208	I:	D:
47958	48728	+	3	1.324512	I:	D:
48766	50031	-	1	1.307480	I:	D:
50045	51232	-	2	1.329478	I:	D:
51250	51966	-	1	1.329519	I:	D:
51979	52605	-	1	1.334172	I:	D:
52605	53642	-	3	1.307267	I:	D:
53656	55110	-	1	1.334018	I:	D:
55107	55604	-	3	1.314468	I:	D:
55834	57345	-	1	1.328005	I:	D:
57425	58330	-	2	1.309314	I:	D:
58341	58817	-	3	1.344007	I:	D:
59038	59724	-	1	1.280565	I:	D:
59739	61127	-	3	1.328598	I:	D:
61280	61993	-	2	1.291240	I:	D:
62123	62887	-	2	1.295594	I:	D:
63157	64305	-	1	1.297328	I:	D:
64302	64724	-	3	1.294912	I:	D:
64738	65577	-	1	1.328384	I:	D:
65588	66451	-	2	1.325607	I:	D:
66461	67804	-	2	1.272711	I:	D:
68096	69424	-	2	1.265378	I:	D:
69745	71100	-	1	1.281085	I:	D:
71532	72827	-	3	1.348080	I:	D:
72997	73161	-	1	1.388349	I:	D:
73294	73551	-	1	1.315684	I:	D:
73562	74038	-	2	1.340023	I:	D:
74129	74308	-	2	1.356353	I:	D:
74693	75028	-	2	1.295080	I:	D:
75281	75868	-	2	1.272321	I:	D:
75877	76017	-	1	1.281708	I:	D:
76084	78243	-	1	1.312854	I:	D:
78288	78437	-	3	1.349263	I:	D:
78501	78785	-	3	1.336826	I:	D:
79077	79565	-	3	1.397069	I:	D:
79580	79894	-	2	1.343561	I:	D:
79891	80472	-	1	1.380620	I:	D:
80478	80690	+	3	1.374343	I:	D:
80782	80943	+	1	1.419286	I:	D:
80950	81210	-	1	1.375776	I:	D:
81442	82056	-	1	1.422854	I:	D:
82074	83042	-	3	1.312147	I:	D:
>Y8.M008_8
3	170	+	3	1.395326	I:	D:
461	4021	-	2	1.340412	I:	D:
4503	5240	-	3	1.310583	I:	D:
5290	6654	+	1	1.332515	I:	D:
6781	7938	-	1	1.321558	I:	D:
8023	9108	-	1	1.327029	I:	D:
9261	10196	-	3	1.310206	I:	D:
10309	11289	-	1	1.332477	I:	D:
11471	12736	-	2	1.335110	I:	D:
12762	14741	-	3	1.320487	I:	D:
15081	16910	-	3	1.344011	I:	D:
16929	18806	-	3	1.328712	I:	D:
19047	19892	+	3	1.337339	I:	D:
19954	20163	+	1	1.363524	I:	D:
20282	20428	-	2	1.260224	I:	D:
20488	21321	-	1	1.343120	I:	D:
21351	22211	-	3	1.336025	I:	D:
22247	22999	-	2	1.351181	I:	D:
23172	24416	-	3	1.341332	I:	D:
24657	24935	-	3	1.352159	I:	D:
25380	26408	-	3	1.325372	I:	D:
26410	27594	-	1	1.329760	I:	D:
27654	27911	-	3	1.337569	I:	D:
28008	29537	-	3	1.334535	I:	D:
29825	30097	+	2	1.339451	I:	D:
30281	31486	+	2	1.338306	I:	D:
31646	31798	+	2	1.350115	I:	D:
32082	32450	+	3	1.300839	I:	D:
32828	33727	-	2	1.350449	I:	D:
33838	34698	-	1	1.352838	I:	D:
35012	36013	-	2	1.317149	I:	D:
36149	36388	+	2	1.377358	I:	D:
36417	37355	-	3	1.342571	I:	D:
37653	38108	+	3	1.287528	I:	D:
38357	39721	-	2	1.335081	I:	D:
39744	39884	-	3	1.259653	I:	D:
40023	42278	-	3	1.344068	I:	D:
42538	43350	-	1	1.307730	I:	D:
43575	44318	-	3	1.341597	I:	D:
44369	44611	+	2	1.359248	I:	D:
44670	45821	-	3	1.333691	I:	D:
45857	49051	-	2	1.307732	I:	D:
49080	51014	-	3	1.310847	I:	D:
51046	52029	-	1	1.324391	I:	D:
52039	54585	-	1	1.295829	I:	D:
54679	56214	-	1	1.323741	I:	D:
56438	57181	-	2	1.326572	I:	D:
57248	58069	-	2	1.289149	I:	D:
58184	58990	-	2	1.304451	I:	D:
59142	59960	-	3	1.340076	I:	D:
60501	61094	-	3	1.304494	I:	D:
61070	62752	+	2	1.330230	I:	D:
62798	63613	+	2	1.324949	I:	D:
63638	63871	-	2	1.298534	I:	D:
63985	64917	-	1	1.326896	I:	D:
64938	65483	-	3	1.332201	I:	D:
65535	66428	+	3	1.380649	I:	D:
66638	68998	-	2	1.322314	I:	D:
69133	69687	-	1	1.329619	I:	D:
69733	69891	-	1	1.295547	I:	D:
70120	71931	+	1	1.339496	I:	D:
71942	72331	+	2	1.292282	I:	D:
72438	73271	-	3	1.338650	I:	D:
73285	73911	-	1	1.349874	I:	D:
74061	74789	+	3	1.305264	I:	D:
74798	75478	+	2	1.279374	I:	D:
75530	75739	+	2	1.349905	I:	D:
75945	76871	-	3	1.287074	I:	D:
>Y8.M008_9
87	1640	-	3	1.335729	I:	D:
1708	2985	-	1	1.315821	I:	D:
3070	4506	-	1	1.325868	I:	D:
4524	5990	-	3	1.339170	I:	D:
6071	6793	-	2	1.309827	I:	D:
7010	7513	-	2	1.325342	I:	D:
7562	7702	-	2	1.369661	I:	D:
7944	8999	+	3	1.305702	I:	D:
8992	9450	+	1	1.330062	I:	D:
9516	10775	-	3	1.323973	I:	D:
10781	11554	-	2	1.340460	I:	D:
11555	12604	-	2	1.312711	I:	D:
12597	13625	-	3	1.317061	I:	D:
13634	15025	-	2	1.307775	I:	D:
15178	16542	+	1	1.318831	I:	D:
16586	17452	-	2	1.363877	I:	D:
17549	18769	-	2	1.329386	I:	D:
18771	21020	-	3	1.321578	I:	D:
21092	21655	-	2	1.310367	I:	D:
21952	22938	-	1	1.344855	I:	D:
22952	24049	-	2	1.312944	I:	D:
24304	24576	+	1	1.335887	I:	D:
24780	25991	-	3	1.316248	I:	D:
26025	27149	-	3	1.311973	I:	D:
27340	28383	+	1	1.333856	I:	D:
28455	29327	+	3	1.307002	I:	D:
29464	30285	-	1	1.325862	I:	D:
30444	30713	+	3	1.296917	I:	D:
30747	32108	+	3	1.332950	I:	D:
32129	32440	+	2	1.272955	I:	D:
32479	33513	+	1	1.347446	I:	D:
33546	35480	+	3	1.325222	I:	D:
35502	35927	+	3	1.316404	I:	D:
35964	36272	+	3	1.324171	I:	D:
36312	36908	+	3	1.272442	I:	D:
36951	38705	+	3	1.330208	I:	D:
38724	40103	+	3	1.327145	I:	D:
40132	40794	+	1	1.315535	I:	D:
40906	41229	-	1	1.349976	I:	D:
41311	41634	-	1	1.290324	I:	D:
41682	43436	-	3	1.317561	I:	D:
43966	44346	+	1	1.280200	I:	D:
44408	46819	+	2	1.288542	I:	D:
47139	47369	+	3	1.366137	I:	D:
47388	47624	+	3	1.404604	I:	D:
47660	48772	-	2	1.313837	I:	D:
48873	49007	+	3	1.270828	I:	D:
49038	50066	+	3	1.333615	I:	D:
50114	50827	-	2	1.325680	I:	D:
50881	51765	-	1	1.320976	I:	D:
51746	51886	-	2	1.222232	I:	D:
51955	53655	-	1	1.296524	I:	D:
>Y8.M008_10
125	2044	-	2	1.315425	I:	D:
2127	2609	-	3	1.302509	I:	D:
2728	3555	-	1	1.363669	I:	D:
3635	4942	-	2	1.344724	I:	D:
4975	5871	-	1	1.306157	I:	D:
5910	6674	-	3	1.313630	I:	D:
6775	7860	-	1	1.328792	I:	D:
8274	9380	-	3	1.317107	I:	D:
9541	10260	-	1	1.325811	I:	D:
10262	10732	-	2	1.329158	I:	D:
10817	11482	-	2	1.316889	I:	D:
11472	11861	-	3	1.315036	I:	D:
12027	13121	+	3	1.310864	I:	D:
13245	13376	+	3	1.299932	I:	D:
13547	14455	-	2	1.309496	I:	D:
14497	15345	-	1	1.323045	I:	D:
15588	16355	+	3	1.319124	I:	D:
16480	17097	+	1	1.327409	I:	D:
17173	18141	+	1	1.325676	I:	D:
18310	18462	-	1	1.285593	I:	D:
18465	18728	-	3	1.289616	I:	D:
18907	22674	-	1	1.333322	I:	D:
22878	23594	-	3	1.304774	I:	D:
23701	24648	+	1	1.319769	I:	D:
24667	24804	+	1	1.288727	I:	D:
>Y8.M008_11
3	128	+	3	1.284372	I:	D:
387	632	+	3	1.315817	I:	D:
825	1337	-	3	1.373164	I:	D:
1354	1986	-	1	1.348016	I:	D:
2099	2335	+	2	1.331302	I:	D:
2405	2893	+	2	1.335409	I:	D:
2895	3491	+	3	1.332621	I:	D:
3766	4332	+	1	1.313252	I:	D:
4592	6685	+	2	1.322711	I:	D:
6685	9114	+	1	1.321413	I:	D:
9380	9577	+	2	1.296215	I:	D:
9714	11114	-	3	1.311111	I:	D:
11240	12916	-	2	1.322140	I:	D:
13014	13274	+	3	1.370461	I:	D:
13605	13769	+	3	1.293630	I:	D:
>Y8.M008_12
286	1239	-	1	1.332724	I:	D:
1236	1565	-	3	1.326270	I:	D:
1562	1765	-	2	1.291333	I:	D:
2034	2174	+	3	1.301674	I:	D:
2357	2731	+	2	1.340079	I:	D:
2864	3199	+	2	1.294757	I:	D:
3285	3536	+	3	1.330293	I:	D:
3686	5902	+	2	1.317661	I:	D:
6062	7162	+	2	1.296362	I:	D:
7590	8090	-	3	1.330944	I:	D:
8246	8779	+	2	1.304110	I:	D:
9176	9364	+	2	1.354893	I:	D:
9382	10719	+	1	1.374430	I:	D:
10735	11382	+	1	1.339891	I:	D:
11398	11652	+	1	1.339245	I:	D:
11721	13697	+	3	1.378913	I:	D:
13690	14391	+	1	1.383377	I:	D:
15426	16226	+	3	1.328689	I:	D:
16373	16543	+	2	1.249887	I:	D:
16671	17546	+	3	1.345194	I:	D:
17543	18115	+	2	1.353118	I:	D:
18235	19884	+	1	1.326187	I:	D:
20008	20538	+	1	1.322091	I:	D:
20603	21874	+	2	1.332192	I:	D:
21932	22630	+	2	1.316973	I:	D:
22650	23123	+	3	1.340749	I:	D:
23127	24353	+	3	1.323710	I:	D:
24535	25872	+	1	1.328618	I:	D:
25908	26324	+	3	1.302406	I:	D:
26445	27173	+	3	1.327781	I:	D:
27464	28096	-	2	1.315262	I:	D:
28678	28842	+	1	1.304431	I:	D:
>Y8.M008_13
292	1296	-	1	1.272066	I:	D:
1308	1760	-	3	1.322414	I:	D:
2036	2242	+	2	1.307824	I:	D:
2282	3322	+	2	1.322998	I:	D:
3324	3650	+	3	1.318723	I:	D:
3647	4795	+	2	1.328658	I:	D:
4868	6202	+	2	1.341419	I:	D:
6227	6607	+	2	1.325811	I:	D:
6743	6886	+	2	1.254031	I:	D:
7025	7216	+	2	1.301455	I:	D:
7217	7933	+	2	1.281147	I:	D:
7945	8184	+	1	1.316766	I:	D:
8195	9706	+	2	1.239543	I:	D:
10466	11407	+	2	1.355826	I:	D:
11450	12229	+	2	1.359341	I:	D:
12600	12734	-	3	1.341810	I:	D:
12924	13946	-	3	1.313800	I:	D:
14166	15641	+	3	1.320248	I:	D:
15643	16923	+	1	1.303215	I:	D:
16958	17950	+	2	1.308894	I:	D:
17961	19472	+	3	1.311364	I:	D:
19489	20556	+	1	1.330488	I:	D:
21067	21783	+	1	1.232395	I:	D:
21855	23177	+	3	1.280607	I:	D:
23244	23378	+	3	1.234805	I:	D:
23569	24732	+	1	1.340144	I:	D:
25082	25528	+	2	1.275306	I:	D:
25551	26813	+	3	1.305148	I:	D:
26819	29110	+	2	1.312174	I:	D:
29098	29976	+	1	1.303299	I:	D:
30173	30613	+	2	1.373435	I:	D:
30624	30881	+	3	1.314136	I:	D:
31627	31977	+	1	1.244100	I:	D:
31964	32167	+	2	1.264958	I:	D:
32168	33193	+	2	1.308709	I:	D:
33190	34311	+	1	1.318456	I:	D:
34304	35683	+	2	1.306028	I:	D:
35694	36335	+	3	1.362513	I:	D:
37103	43507	+	2	1.297907	I:	D:
43526	44071	+	2	1.238813	I:	D:
44169	44375	+	3	1.293502	I:	D:
44407	44883	+	1	1.361284	I:	D:
44894	45151	+	2	1.324569	I:	D:
45460	46749	+	1	1.347068	I:	D:
47208	47582	-	3	1.377812	I:	D:
47657	48562	+	2	1.314731	I:	D:
48702	48842	-	3	1.244174	I:	D:
49189	49404	-	1	1.380568	I:	D:
49761	50300	+	3	1.410159	I:	D:
50610	50825	+	3	1.327831	I:	D:
