>Y7.M009_1
255	1673	+	3	1.314685	I:	D:
1795	2874	+	1	1.343570	I:	D:
2972	4012	+	2	1.327458	I:	D:
4056	4427	+	3	1.347292	I:	D:
4452	6308	+	3	1.319415	I:	D:
6308	8839	+	2	1.350857	I:	D:
8946	9503	+	3	1.324719	I:	D:
9522	11465	+	3	1.369619	I:	D:
11545	12021	+	1	1.333294	I:	D:
12026	13816	+	2	1.345757	I:	D:
13886	16597	+	2	1.341675	I:	D:
16617	17216	+	3	1.331187	I:	D:
17222	19450	+	2	1.336828	I:	D:
19452	20255	+	3	1.349486	I:	D:
20278	20562	+	1	1.296498	I:	D:
20606	21970	+	2	1.340947	I:	D:
22125	22985	+	3	1.336025	I:	D:
23045	24223	+	2	1.336377	I:	D:
24343	27813	+	1	1.349622	I:	D:
27828	31490	+	3	1.346439	I:	D:
31619	31897	+	2	1.311309	I:	D:
31903	32892	+	1	1.337490	I:	D:
32933	33445	+	2	1.357957	I:	D:
33533	35638	-	2	1.327170	I:	D:
36163	36510	+	1	1.308474	I:	D:
>Y7.M009_2
2	628	-	2	1.291918	I:	D:
588	1238	-	3	1.293697	I:	D:
1462	5583	-	1	1.290028	I:	D:
6180	7229	-	3	1.369916	I:	D:
7226	7564	-	2	1.338302	I:	D:
7579	8106	-	1	1.365071	I:	D:
8103	8594	-	3	1.356204	I:	D:
>Y7.M009_3
3	296	+	3	1.413405	I:	D:
299	1255	-	2	1.343697	I:	D:
1278	2240	-	3	1.336906	I:	D:
>Y7.M009_4
117	248	+	3	1.358188	I:	D:
555	1403	+	3	1.336067	I:	D:
1663	3138	+	1	1.352220	I:	D:
3174	3956	+	3	1.336576	I:	D:
4031	5824	+	2	1.305584	I:	D:
5894	6205	+	2	1.302892	I:	D:
6218	6589	+	2	1.349487	I:	D:
6734	7726	+	2	1.335057	I:	D:
7906	8355	+	1	1.298323	I:	D:
8339	9244	+	2	1.325205	I:	D:
9219	11144	+	3	1.322113	I:	D:
11270	12595	+	2	1.339124	I:	D:
12588	13241	+	3	1.353136	I:	D:
13290	14300	+	3	1.335622	I:	D:
14372	14809	+	2	1.341463	I:	D:
14863	15501	+	1	1.343670	I:	D:
15717	16829	+	3	1.308176	I:	D:
17017	18114	+	1	1.332956	I:	D:
18153	20075	+	3	1.339862	I:	D:
20146	22401	+	1	1.331762	I:	D:
22498	23415	+	1	1.337080	I:	D:
23440	25191	+	1	1.353862	I:	D:
25238	25891	+	2	1.351639	I:	D:
25955	26734	+	2	1.328146	I:	D:
27187	31740	+	1	1.336980	I:	D:
31755	33248	+	3	1.361218	I:	D:
33453	34238	+	3	1.337506	I:	D:
34339	34653	+	1	1.314371	I:	D:
34766	36391	+	2	1.307478	I:	D:
36755	37630	+	2	1.330031	I:	D:
37693	39036	+	1	1.334018	I:	D:
39174	40118	+	3	1.329111	I:	D:
40283	42244	+	2	1.344449	I:	D:
42285	42422	+	3	1.293945	I:	D:
42576	45002	+	3	1.341493	I:	D:
45029	45283	+	2	1.386518	I:	D:
45366	45545	+	3	1.412032	I:	D:
45630	45860	-	3	1.296358	I:	D:
46209	46715	+	3	1.316048	I:	D:
46787	46918	+	2	1.353103	I:	D:
47032	49062	+	1	1.345170	I:	D:
49132	49449	+	1	1.363963	I:	D:
49587	50486	+	3	1.371062	I:	D:
50501	50701	-	2	1.339427	I:	D:
50700	51131	+	3	1.336321	I:	D:
51151	52095	+	1	1.367639	I:	D:
52120	52596	+	1	1.338747	I:	D:
52660	54573	+	1	1.336886	I:	D:
54627	56324	+	3	1.359685	I:	D:
56425	57816	+	1	1.335984	I:	D:
57822	58967	+	3	1.345363	I:	D:
58986	59732	+	3	1.333787	I:	D:
59873	61129	+	2	1.322272	I:	D:
61324	62073	+	1	1.345937	I:	D:
62006	62740	+	2	1.352815	I:	D:
62787	64394	+	3	1.358391	I:	D:
64436	64654	+	2	1.342648	I:	D:
65024	65230	-	2	1.339514	I:	D:
65264	66106	+	2	1.308368	I:	D:
66188	66322	+	2	1.296609	I:	D:
66380	67936	+	2	1.320576	I:	D:
68071	68553	+	1	1.309043	I:	D:
68566	69399	+	1	1.307065	I:	D:
69402	69629	+	3	1.385240	I:	D:
70097	71137	+	2	1.326783	I:	D:
71218	71997	+	1	1.339613	I:	D:
72014	72592	-	2	1.337770	I:	D:
72747	74540	+	3	1.345054	I:	D:
74943	75884	+	3	1.364423	I:	D:
75874	76299	+	1	1.326720	I:	D:
76378	76575	+	1	1.330733	I:	D:
76577	76954	+	2	1.335336	I:	D:
76972	78099	+	1	1.338910	I:	D:
78106	78357	+	1	1.336969	I:	D:
78299	78841	+	2	1.331825	I:	D:
78844	79470	+	1	1.336668	I:	D:
79549	81141	+	1	1.344746	I:	D:
81421	82473	+	1	1.331875	I:	D:
82493	83101	+	2	1.359666	I:	D:
83184	84731	+	3	1.315613	I:	D:
85100	86332	+	2	1.327443	I:	D:
86382	86921	+	3	1.348519	I:	D:
87005	88036	-	2	1.349117	I:	D:
88401	89597	+	3	1.328747	I:	D:
89763	90581	+	3	1.359739	I:	D:
90605	92575	+	2	1.348542	I:	D:
92591	93523	+	2	1.368885	I:	D:
93671	94882	+	2	1.335148	I:	D:
94876	96024	+	1	1.345733	I:	D:
96047	96421	+	2	1.324988	I:	D:
96518	96913	+	2	1.296540	I:	D:
96946	98166	+	1	1.368558	I:	D:
98150	98368	+	2	1.326530	I:	D:
98404	99291	+	1	1.341584	I:	D:
99293	101149	+	2	1.359845	I:	D:
101168	101974	+	2	1.338845	I:	D:
101978	102829	+	2	1.351486	I:	D:
102888	103337	+	3	1.351228	I:	D:
103419	105095	+	3	1.336222	I:	D:
105101	106699	-	2	1.365909	I:	D:
106961	108277	+	2	1.334540	I:	D:
108278	109639	-	2	1.361572	I:	D:
109837	110703	+	1	1.347083	I:	D:
110813	111058	+	2	1.418909	I:	D:
111404	112801	+	2	1.345945	I:	D:
112841	114604	+	2	1.341492	I:	D:
114618	115676	+	3	1.355980	I:	D:
115788	117002	+	3	1.322910	I:	D:
117427	117555	-	1	1.367874	I:	D:
117675	118685	+	3	1.323513	I:	D:
118724	119077	+	2	1.434414	I:	D:
119358	120356	+	3	1.324241	I:	D:
120392	120703	+	2	1.437117	I:	D:
120749	120925	+	2	1.371555	I:	D:
120936	121307	+	3	1.283080	I:	D:
121346	121699	+	2	1.433844	I:	D:
121980	122918	+	3	1.334614	I:	D:
122954	123265	+	2	1.437117	I:	D:
123311	123487	+	2	1.360774	I:	D:
123498	123869	+	3	1.291572	I:	D:
123908	124183	+	2	1.434543	I:	D:
124596	125522	+	3	1.336736	I:	D:
125559	125798	+	3	1.438050	I:	D:
125918	126100	+	2	1.386366	I:	D:
126308	126769	+	2	1.285302	I:	D:
126788	127549	+	2	1.375841	I:	D:
127728	129620	+	3	1.336240	I:	D:
129632	130438	+	2	1.328782	I:	D:
130558	131943	+	1	1.339441	I:	D:
131946	134264	+	3	1.333114	I:	D:
134352	134861	+	3	1.346598	I:	D:
134946	136430	+	3	1.313568	I:	D:
136463	141442	+	2	1.309162	I:	D:
141669	143846	+	3	1.333422	I:	D:
143848	145701	+	1	1.352568	I:	D:
145863	146411	+	3	1.359756	I:	D:
146580	148031	+	3	1.348510	I:	D:
148176	149069	-	3	1.350157	I:	D:
149248	151092	-	1	1.355557	I:	D:
151116	151940	-	3	1.362058	I:	D:
151933	153006	-	1	1.341233	I:	D:
153135	153674	-	3	1.360198	I:	D:
153846	153983	+	3	1.386185	I:	D:
154084	154452	+	1	1.351955	I:	D:
154555	155469	+	1	1.316232	I:	D:
155486	156223	+	2	1.321152	I:	D:
156267	156929	+	3	1.327346	I:	D:
157102	157626	+	1	1.341973	I:	D:
157789	158433	+	1	1.376298	I:	D:
158584	159978	+	1	1.352350	I:	D:
160141	161271	+	1	1.345205	I:	D:
161513	162877	+	2	1.347627	I:	D:
162948	164291	+	3	1.356413	I:	D:
164300	168010	+	2	1.351410	I:	D:
168157	168831	+	1	1.346609	I:	D:
168954	169655	+	3	1.319096	I:	D:
169674	170684	+	3	1.334215	I:	D:
170749	170928	-	1	1.321910	I:	D:
170973	172292	+	3	1.303025	I:	D:
172438	172776	+	1	1.357844	I:	D:
173057	173236	+	2	1.363406	I:	D:
173191	173733	+	1	1.307685	I:	D:
173832	174350	+	3	1.296515	I:	D:
174363	174695	+	3	1.255020	I:	D:
174810	174995	+	3	1.276137	I:	D:
175224	175901	+	3	1.264590	I:	D:
175909	176202	+	1	1.296437	I:	D:
176410	177168	-	1	1.297705	I:	D:
177284	179701	+	2	1.306437	I:	D:
179721	181166	+	3	1.314275	I:	D:
181221	181553	+	3	1.284772	I:	D:
181609	181827	+	1	1.350905	I:	D:
181868	182119	+	2	1.287201	I:	D:
182121	182360	+	3	1.301211	I:	D:
182479	182643	-	1	1.310652	I:	D:
183140	183709	+	2	1.284296	I:	D:
184423	185325	+	1	1.323639	I:	D:
185452	186114	+	1	1.365531	I:	D:
186141	187541	+	3	1.328884	I:	D:
187531	188541	+	1	1.326171	I:	D:
188689	190710	+	1	1.310572	I:	D:
190694	191641	+	2	1.326437	I:	D:
191707	192564	-	1	1.343604	I:	D:
192640	192783	+	1	1.291282	I:	D:
192824	194188	+	2	1.311935	I:	D:
194219	195007	+	2	1.320717	I:	D:
195057	195959	-	3	1.297277	I:	D:
196002	196898	-	3	1.377331	I:	D:
196999	197799	+	1	1.335252	I:	D:
197796	198953	+	3	1.340134	I:	D:
199180	200070	+	1	1.305406	I:	D:
200165	200518	+	2	1.324413	I:	D:
200733	201188	+	3	1.288425	I:	D:
201501	202058	+	3	1.305599	I:	D:
202155	202811	+	3	1.300850	I:	D:
203105	204406	+	2	1.321446	I:	D:
204399	206246	+	3	1.314908	I:	D:
206259	209519	+	3	1.330533	I:	D:
209551	210282	+	1	1.315026	I:	D:
210384	210713	+	3	1.356656	I:	D:
210939	213110	+	3	1.317314	I:	D:
213137	214861	+	2	1.334912	I:	D:
214955	215731	+	2	1.294934	I:	D:
216000	217022	+	3	1.323527	I:	D:
217169	217600	-	2	1.306892	I:	D:
217611	218048	-	3	1.313134	I:	D:
218347	219264	+	1	1.310834	I:	D:
219273	220328	+	3	1.300715	I:	D:
220348	220950	-	1	1.366174	I:	D:
220991	222163	-	2	1.341399	I:	D:
222298	223242	+	1	1.348949	I:	D:
223368	224189	+	3	1.321953	I:	D:
224191	224847	+	1	1.351393	I:	D:
224857	225642	+	1	1.348147	I:	D:
225789	227393	+	3	1.331451	I:	D:
227637	228137	+	3	1.350945	I:	D:
228195	229220	+	3	1.332459	I:	D:
229396	231810	+	1	1.341776	I:	D:
231866	232627	-	2	1.324329	I:	D:
232658	233563	-	2	1.349625	I:	D:
233656	233787	+	1	1.301774	I:	D:
233790	235052	+	3	1.329872	I:	D:
235070	235558	+	2	1.330650	I:	D:
235648	236448	-	1	1.332998	I:	D:
236631	238124	+	3	1.317481	I:	D:
238293	239171	-	3	1.339191	I:	D:
239173	239550	-	1	1.339774	I:	D:
239671	240096	+	1	1.320270	I:	D:
240381	242126	+	3	1.354830	I:	D:
242256	243644	+	3	1.344012	I:	D:
244087	245112	+	1	1.325456	I:	D:
245151	247571	+	3	1.342795	I:	D:
247603	248649	+	1	1.344648	I:	D:
248755	249096	+	1	1.315478	I:	D:
249086	250369	+	2	1.344781	I:	D:
250500	251597	-	3	1.325569	I:	D:
251815	253944	+	1	1.342410	I:	D:
253925	255229	+	2	1.363224	I:	D:
255231	255446	-	3	1.311000	I:	D:
255421	255762	-	1	1.343935	I:	D:
255935	256300	+	2	1.351501	I:	D:
256385	257815	+	2	1.359534	I:	D:
257832	258491	+	3	1.371595	I:	D:
258505	259713	+	1	1.331169	I:	D:
259885	260523	+	1	1.340018	I:	D:
260536	261177	+	1	1.271756	I:	D:
261180	262682	+	3	1.338922	I:	D:
262672	263802	+	1	1.368998	I:	D:
263881	264228	+	1	1.357226	I:	D:
264243	265154	+	3	1.323209	I:	D:
265204	265932	+	1	1.313449	I:	D:
265973	267427	+	2	1.342993	I:	D:
267772	270603	+	1	1.335651	I:	D:
270623	272293	+	2	1.321393	I:	D:
272302	273141	+	1	1.326899	I:	D:
273178	274479	+	1	1.340640	I:	D:
274536	275528	-	3	1.350851	I:	D:
275669	276799	+	2	1.347322	I:	D:
276955	277506	+	1	1.310825	I:	D:
277528	277725	+	1	1.284495	I:	D:
277757	278113	+	2	1.329628	I:	D:
278176	279015	-	1	1.353073	I:	D:
279081	280142	+	3	1.335753	I:	D:
280837	280971	+	1	1.341710	I:	D:
281005	281472	+	1	1.332886	I:	D:
281510	282754	+	2	1.318290	I:	D:
282754	283026	+	1	1.351026	I:	D:
283016	283330	+	2	1.304901	I:	D:
283348	286158	+	1	1.339655	I:	D:
286234	286599	+	1	1.314456	I:	D:
286615	287562	+	1	1.340815	I:	D:
287581	288480	+	1	1.347056	I:	D:
288498	289427	+	3	1.353680	I:	D:
289571	290761	+	2	1.345606	I:	D:
290904	291170	+	3	1.324977	I:	D:
291279	293435	+	3	1.327359	I:	D:
293605	294441	+	1	1.350808	I:	D:
294517	296052	+	1	1.355872	I:	D:
296597	297808	+	2	1.313292	I:	D:
297866	298777	+	2	1.320476	I:	D:
298785	299996	+	3	1.332215	I:	D:
300013	301029	+	1	1.368359	I:	D:
301239	302156	+	3	1.347459	I:	D:
302231	303736	+	2	1.356313	I:	D:
303774	304820	+	3	1.352375	I:	D:
304821	305447	+	3	1.311183	I:	D:
305526	306236	+	3	1.340436	I:	D:
306325	306771	+	1	1.320448	I:	D:
306744	307418	+	3	1.350437	I:	D:
307441	308433	+	1	1.339448	I:	D:
308473	309534	+	1	1.335267	I:	D:
309521	310162	+	2	1.335563	I:	D:
310179	311333	+	3	1.359975	I:	D:
311291	312067	+	2	1.373278	I:	D:
312116	313243	+	2	1.332635	I:	D:
313328	314071	+	2	1.352038	I:	D:
314064	316118	+	3	1.332287	I:	D:
316200	317705	+	3	1.334415	I:	D:
318148	319230	+	1	1.324204	I:	D:
319245	319922	+	3	1.292933	I:	D:
320064	321962	+	3	1.311490	I:	D:
322119	323288	+	3	1.345625	I:	D:
323524	324495	+	1	1.307857	I:	D:
324507	325247	+	3	1.337243	I:	D:
325294	326448	+	1	1.349773	I:	D:
326604	327788	+	3	1.341490	I:	D:
327862	328104	-	1	1.291519	I:	D:
328192	329496	+	1	1.351454	I:	D:
329557	329823	+	1	1.323984	I:	D:
329825	330256	+	2	1.367325	I:	D:
330262	330525	+	1	1.264520	I:	D:
330565	332238	+	1	1.343024	I:	D:
332248	332658	+	1	1.345339	I:	D:
332708	333349	+	2	1.341529	I:	D:
333365	334630	+	2	1.362376	I:	D:
334764	335489	+	3	1.280794	I:	D:
335493	336797	+	3	1.278963	I:	D:
337068	338297	+	3	1.318221	I:	D:
338287	339783	+	1	1.321179	I:	D:
339780	340643	+	3	1.347859	I:	D:
340646	342751	+	2	1.344432	I:	D:
342861	344006	-	3	1.334379	I:	D:
344435	344578	-	2	1.378278	I:	D:
344802	346577	+	3	1.356076	I:	D:
346604	347746	+	2	1.368941	I:	D:
347867	348178	+	2	1.300373	I:	D:
348390	349490	+	3	1.336991	I:	D:
349605	351284	+	3	1.353887	I:	D:
351370	353058	+	1	1.334723	I:	D:
353060	354142	+	2	1.335878	I:	D:
354142	355305	+	1	1.326161	I:	D:
355454	356365	+	2	1.329675	I:	D:
356485	359403	+	1	1.335410	I:	D:
359645	360556	+	2	1.341328	I:	D:
360578	361306	+	2	1.366648	I:	D:
361440	362231	+	3	1.325480	I:	D:
362386	363783	+	1	1.343244	I:	D:
363998	364264	+	2	1.288917	I:	D:
364313	365554	+	2	1.311713	I:	D:
365706	369692	+	3	1.316958	I:	D:
369709	371196	+	1	1.290436	I:	D:
371303	372124	+	2	1.363107	I:	D:
372143	373096	+	2	1.338018	I:	D:
373137	373280	-	3	1.363030	I:	D:
373096	373638	+	1	1.305028	I:	D:
373638	374387	+	3	1.308842	I:	D:
375123	376196	+	3	1.320255	I:	D:
376318	378960	+	1	1.328686	I:	D:
379204	379707	+	1	1.343895	I:	D:
379789	380658	-	1	1.340678	I:	D:
380695	381867	-	1	1.333666	I:	D:
382063	383715	+	1	1.345435	I:	D:
383832	384206	+	3	1.312179	I:	D:
384269	384475	-	2	1.271460	I:	D:
384493	385680	-	1	1.375059	I:	D:
385772	386698	-	2	1.369004	I:	D:
386870	387739	+	2	1.321629	I:	D:
387780	388283	+	3	1.348061	I:	D:
388347	389594	+	3	1.359711	I:	D:
389591	390100	+	2	1.308946	I:	D:
390093	390866	+	3	1.348214	I:	D:
390888	391340	+	3	1.337492	I:	D:
391353	392129	+	3	1.367314	I:	D:
392188	394044	+	1	1.348636	I:	D:
394195	394569	+	1	1.365752	I:	D:
394710	395027	+	3	1.403974	I:	D:
395082	395348	+	3	1.344454	I:	D:
395513	397087	+	2	1.338227	I:	D:
397212	398726	+	3	1.337278	I:	D:
398890	399648	+	1	1.340910	I:	D:
399705	399833	+	3	1.306996	I:	D:
399846	402506	+	3	1.337309	I:	D:
402660	403931	+	3	1.320738	I:	D:
403945	405834	+	1	1.312492	I:	D:
406013	406189	+	2	1.326162	I:	D:
406326	407462	+	3	1.322260	I:	D:
407508	408452	+	3	1.345452	I:	D:
408693	409583	+	3	1.336043	I:	D:
409583	410974	+	2	1.324486	I:	D:
411142	412257	-	1	1.352244	I:	D:
412344	415889	+	3	1.345686	I:	D:
415901	417139	+	2	1.359168	I:	D:
417148	417927	+	1	1.341991	I:	D:
417917	419065	+	2	1.342667	I:	D:
419143	420597	+	1	1.334161	I:	D:
420619	422472	+	1	1.337695	I:	D:
422904	424766	+	3	1.352050	I:	D:
424835	425068	-	2	1.405854	I:	D:
425350	426273	-	1	1.364115	I:	D:
426236	426928	+	2	1.331423	I:	D:
427019	428554	+	2	1.356556	I:	D:
428650	429630	+	1	1.350633	I:	D:
429630	431714	+	3	1.348608	I:	D:
431721	432497	+	3	1.336834	I:	D:
432718	433104	+	1	1.342236	I:	D:
433126	433566	+	1	1.315528	I:	D:
433598	433912	+	2	1.292352	I:	D:
433926	435527	+	3	1.324769	I:	D:
435534	436538	+	3	1.330646	I:	D:
436603	437388	+	1	1.314096	I:	D:
437425	438738	+	1	1.331769	I:	D:
438740	439177	+	2	1.284912	I:	D:
439190	440059	+	2	1.293227	I:	D:
440100	441512	+	3	1.317729	I:	D:
441536	442249	+	2	1.321504	I:	D:
442258	442638	+	1	1.312398	I:	D:
442723	444156	+	1	1.337989	I:	D:
444316	445107	+	1	1.338367	I:	D:
445215	445934	+	3	1.335460	I:	D:
445946	446473	+	2	1.323927	I:	D:
446552	447532	+	2	1.340577	I:	D:
447536	448750	+	2	1.322105	I:	D:
448792	449178	+	1	1.315585	I:	D:
449171	450070	+	2	1.340330	I:	D:
450082	450360	+	1	1.333093	I:	D:
450369	451148	+	3	1.322623	I:	D:
451135	452283	+	1	1.328586	I:	D:
452367	454409	+	3	1.329920	I:	D:
454410	455654	+	3	1.304906	I:	D:
455654	456532	+	2	1.323671	I:	D:
456553	457287	+	1	1.333664	I:	D:
457292	458353	+	2	1.331038	I:	D:
458355	460475	+	3	1.311327	I:	D:
460490	460960	+	2	1.297316	I:	D:
461031	461651	+	3	1.319440	I:	D:
461669	462154	+	2	1.325480	I:	D:
462156	462434	+	3	1.320653	I:	D:
462469	463236	+	1	1.341491	I:	D:
463253	464077	+	2	1.319237	I:	D:
464079	464642	+	3	1.299379	I:	D:
464803	465537	+	1	1.325977	I:	D:
465565	466650	+	1	1.296835	I:	D:
466795	467751	+	1	1.317380	I:	D:
467760	468578	+	3	1.317549	I:	D:
468581	469276	+	2	1.312979	I:	D:
469310	469864	+	2	1.319652	I:	D:
470020	470745	+	1	1.326031	I:	D:
470745	471548	+	3	1.334051	I:	D:
471634	472776	+	1	1.340712	I:	D:
472779	473825	+	3	1.350787	I:	D:
473852	474898	+	2	1.348569	I:	D:
474901	479457	+	1	1.349881	I:	D:
479592	480170	-	3	1.312263	I:	D:
480212	480703	-	2	1.311300	I:	D:
480750	481229	+	3	1.330104	I:	D:
481267	481527	+	1	1.347522	I:	D:
481517	482044	+	2	1.360140	I:	D:
482109	483104	+	3	1.322186	I:	D:
483101	484261	+	2	1.351922	I:	D:
484258	484755	+	1	1.350885	I:	D:
484795	486459	+	1	1.361305	I:	D:
486509	486883	+	2	1.268059	I:	D:
486914	488188	+	2	1.351043	I:	D:
488189	489808	+	2	1.342868	I:	D:
489858	492500	+	3	1.338760	I:	D:
492512	494368	+	2	1.361567	I:	D:
494398	495351	+	1	1.328672	I:	D:
495345	496643	+	3	1.341877	I:	D:
496714	497403	+	1	1.351513	I:	D:
497427	498431	+	3	1.340448	I:	D:
498446	499396	+	2	1.323934	I:	D:
499405	499926	+	1	1.341656	I:	D:
499916	502738	+	2	1.337350	I:	D:
502752	503498	+	3	1.383573	I:	D:
503782	504894	+	1	1.354854	I:	D:
504906	505301	+	3	1.341363	I:	D:
505276	506256	+	1	1.336352	I:	D:
506352	506774	+	3	1.315130	I:	D:
506828	508216	+	2	1.338409	I:	D:
508265	508963	+	2	1.333255	I:	D:
509013	509552	+	3	1.338799	I:	D:
509572	510177	+	1	1.319893	I:	D:
510251	511189	+	2	1.360881	I:	D:
511241	511876	+	2	1.340543	I:	D:
512144	512275	+	2	1.290206	I:	D:
512783	513364	-	2	1.337651	I:	D:
513377	514138	-	2	1.321478	I:	D:
514436	514636	+	2	1.297228	I:	D:
514748	516049	-	2	1.327649	I:	D:
516089	516247	-	2	1.329516	I:	D:
516256	518340	-	1	1.345213	I:	D:
518461	519963	-	1	1.323826	I:	D:
520500	522254	-	3	1.320559	I:	D:
522271	522648	-	1	1.341703	I:	D:
522804	523826	+	3	1.334493	I:	D:
523857	524798	-	3	1.335315	I:	D:
524866	526419	-	1	1.340618	I:	D:
526505	527554	-	2	1.320495	I:	D:
527632	527997	-	1	1.344331	I:	D:
528010	528528	-	1	1.324131	I:	D:
528810	529016	-	3	1.316018	I:	D:
529344	529475	+	3	1.290264	I:	D:
529643	529789	+	2	1.321898	I:	D:
530252	530689	-	2	1.296788	I:	D:
530689	534480	-	1	1.284145	I:	D:
534664	534795	+	1	1.380570	I:	D:
534911	536638	-	2	1.331578	I:	D:
537553	539226	-	1	1.321972	I:	D:
539238	539684	-	3	1.346096	I:	D:
540036	540716	+	3	1.343199	I:	D:
540795	541253	-	3	1.316063	I:	D:
541547	541774	+	2	1.339615	I:	D:
541790	542698	-	2	1.370504	I:	D:
542703	543752	-	3	1.352343	I:	D:
543783	544553	-	3	1.318792	I:	D:
544610	544900	-	2	1.348695	I:	D:
544930	545112	-	1	1.291718	I:	D:
545179	545793	+	1	1.340491	I:	D:
545906	546253	-	2	1.316826	I:	D:
546259	546840	-	1	1.342520	I:	D:
546847	547473	-	1	1.346727	I:	D:
547477	547773	-	1	1.312815	I:	D:
547788	549101	-	3	1.339571	I:	D:
549250	549537	-	1	1.320745	I:	D:
549541	549870	-	1	1.320648	I:	D:
549870	550178	-	3	1.277037	I:	D:
550282	551490	-	1	1.348421	I:	D:
551490	552209	-	3	1.337213	I:	D:
552199	554061	-	1	1.358215	I:	D:
554096	555379	-	2	1.336307	I:	D:
555381	555971	-	3	1.348886	I:	D:
555987	557276	-	3	1.316582	I:	D:
557319	557966	-	3	1.362154	I:	D:
557970	559217	-	3	1.331421	I:	D:
559233	559766	-	3	1.375086	I:	D:
559826	560800	-	2	1.344490	I:	D:
560842	562854	-	1	1.371131	I:	D:
562869	563621	-	3	1.337843	I:	D:
564128	564412	-	2	1.379164	I:	D:
564516	565172	-	3	1.312955	I:	D:
565186	565671	-	1	1.333555	I:	D:
565682	566233	-	2	1.328656	I:	D:
566254	566802	-	1	1.308147	I:	D:
566799	568124	-	3	1.347546	I:	D:
568190	568450	-	2	1.314255	I:	D:
568452	569111	-	3	1.326487	I:	D:
569127	570320	-	3	1.328625	I:	D:
570145	571887	+	1	1.348374	I:	D:
571999	574065	-	1	1.353236	I:	D:
574113	575810	-	3	1.326152	I:	D:
575826	576203	-	3	1.306155	I:	D:
576340	576519	+	1	1.326314	I:	D:
576621	577016	-	3	1.324291	I:	D:
577029	577937	-	3	1.326918	I:	D:
577942	578262	-	1	1.336960	I:	D:
578308	578766	-	1	1.347783	I:	D:
578875	580404	-	1	1.344823	I:	D:
580268	581584	-	2	1.346295	I:	D:
581727	583868	-	3	1.343785	I:	D:
583933	584406	-	1	1.298660	I:	D:
584511	585503	-	3	1.344000	I:	D:
585547	586164	-	1	1.327407	I:	D:
586258	586755	-	1	1.369661	I:	D:
586789	587187	-	1	1.361627	I:	D:
587180	588619	-	2	1.351533	I:	D:
588667	589923	-	1	1.333706	I:	D:
589916	590491	-	2	1.336572	I:	D:
590466	590690	-	3	1.316536	I:	D:
590722	591636	-	1	1.351955	I:	D:
591840	592889	+	3	1.345333	I:	D:
592948	593739	-	1	1.377063	I:	D:
593758	594348	-	1	1.329182	I:	D:
594348	595076	-	3	1.347185	I:	D:
595076	595684	-	2	1.307648	I:	D:
595677	596639	-	3	1.339297	I:	D:
596658	597989	-	3	1.341125	I:	D:
598156	599253	+	1	1.340005	I:	D:
599261	600037	-	2	1.342956	I:	D:
600116	601231	-	2	1.308329	I:	D:
601212	602072	-	3	1.328622	I:	D:
602076	602738	-	3	1.320468	I:	D:
602853	604136	-	3	1.330401	I:	D:
604129	605058	-	1	1.344738	I:	D:
605559	606977	-	3	1.330252	I:	D:
607000	608148	-	1	1.335021	I:	D:
608168	608530	-	2	1.307661	I:	D:
608549	609370	-	2	1.328543	I:	D:
609390	610826	-	3	1.318756	I:	D:
610934	612088	-	2	1.335434	I:	D:
612131	612694	-	2	1.334239	I:	D:
612712	613461	-	1	1.326350	I:	D:
613475	614668	-	2	1.354789	I:	D:
614677	616509	-	1	1.346236	I:	D:
616552	617649	-	1	1.340883	I:	D:
617721	618632	-	3	1.360496	I:	D:
618804	619076	+	3	1.281701	I:	D:
619163	620173	-	2	1.343833	I:	D:
620154	622553	-	3	1.347676	I:	D:
622560	623504	-	3	1.345400	I:	D:
623515	624966	-	1	1.351725	I:	D:
624988	625680	-	1	1.325861	I:	D:
625691	626422	-	2	1.333747	I:	D:
626456	627661	-	2	1.343969	I:	D:
627663	628565	-	3	1.331063	I:	D:
628577	629041	-	2	1.367874	I:	D:
629125	630297	-	1	1.330381	I:	D:
630457	631683	+	1	1.342287	I:	D:
631728	632585	-	3	1.322925	I:	D:
632629	634314	-	1	1.351903	I:	D:
634401	635243	-	3	1.370341	I:	D:
635429	635566	-	2	1.295302	I:	D:
635595	639845	+	3	1.363518	I:	D:
639981	640169	-	3	1.375958	I:	D:
640185	640541	-	3	1.337916	I:	D:
640666	640992	-	1	1.322472	I:	D:
641173	642873	-	1	1.336515	I:	D:
642945	643085	+	3	1.322086	I:	D:
643105	643749	+	1	1.353805	I:	D:
643865	644209	-	2	1.352968	I:	D:
644249	645607	-	2	1.353657	I:	D:
645836	646087	+	2	1.329024	I:	D:
646108	646845	+	1	1.348099	I:	D:
647248	650418	-	1	1.296565	I:	D:
650572	651525	-	1	1.289174	I:	D:
651584	652504	-	2	1.275019	I:	D:
>Y7.M009_5
123	683	-	3	1.378888	I:	D:
780	992	+	3	1.359285	I:	D:
1201	1422	+	1	1.350598	I:	D:
1496	3646	+	2	1.347426	I:	D:
3997	4317	+	1	1.397791	I:	D:
4517	5134	+	2	1.377994	I:	D:
5146	5577	+	1	1.376139	I:	D:
6037	6435	+	1	1.277283	I:	D:
6439	7641	+	1	1.294559	I:	D:
7693	8826	+	1	1.375673	I:	D:
8958	11018	+	3	1.417409	I:	D:
11052	12500	+	3	1.391043	I:	D:
12504	12980	+	3	1.289095	I:	D:
12992	13486	+	2	1.295105	I:	D:
13497	14603	+	3	1.248425	I:	D:
14631	15473	+	3	1.251108	I:	D:
15487	16488	+	1	1.267473	I:	D:
16504	17607	+	1	1.277285	I:	D:
17671	18606	+	1	1.233272	I:	D:
18666	19679	+	3	1.263699	I:	D:
19683	20126	+	3	1.279157	I:	D:
>Y7.M009_6
244	1587	+	1	1.349458	I:	D:
1700	1999	+	2	1.270119	I:	D:
>Y7.M009_7
2	151	+	2	1.278772	I:	D:
269	1309	+	2	1.329573	I:	D:
1356	2642	+	3	1.345170	I:	D:
2776	4803	+	1	1.342890	I:	D:
5113	5430	+	1	1.342010	I:	D:
5514	6665	+	3	1.369846	I:	D:
6674	8347	+	2	1.347613	I:	D:
8349	9428	+	3	1.349584	I:	D:
9477	10070	+	3	1.337397	I:	D:
10148	10363	-	2	1.368583	I:	D:
10547	10774	+	2	1.404397	I:	D:
10787	11029	-	2	1.411158	I:	D:
11112	11984	+	3	1.347914	I:	D:
12098	13111	+	2	1.373708	I:	D:
13329	15182	+	3	1.358785	I:	D:
15324	15467	+	3	1.294052	I:	D:
15714	16370	+	3	1.342849	I:	D:
16424	18010	+	2	1.344963	I:	D:
18066	18827	+	3	1.314751	I:	D:
18992	20386	+	2	1.326413	I:	D:
20405	21847	+	2	1.332734	I:	D:
21989	22978	+	2	1.335111	I:	D:
22975	25227	+	1	1.330176	I:	D:
25212	28001	+	3	1.351078	I:	D:
28027	28767	+	1	1.339881	I:	D:
28870	29736	+	1	1.343082	I:	D:
29888	30034	+	2	1.295548	I:	D:
30081	30671	+	3	1.326415	I:	D:
30730	30924	+	1	1.284926	I:	D:
31092	31262	+	3	1.285508	I:	D:
31284	31535	+	3	1.280630	I:	D:
31561	32664	+	1	1.351389	I:	D:
32836	33042	+	1	1.342000	I:	D:
33075	33860	+	3	1.352136	I:	D:
33965	34888	+	2	1.333297	I:	D:
34881	35783	+	3	1.326631	I:	D:
35808	36755	+	3	1.358976	I:	D:
37068	38108	+	3	1.343240	I:	D:
38301	38735	-	3	1.320600	I:	D:
38969	40012	+	2	1.342488	I:	D:
40025	41083	+	2	1.333953	I:	D:
41099	42103	+	2	1.344685	I:	D:
42096	43088	+	3	1.361450	I:	D:
43176	44858	+	3	1.325084	I:	D:
45073	45846	+	1	1.354774	I:	D:
45880	46464	+	1	1.348636	I:	D:
46486	47079	+	1	1.343827	I:	D:
47694	48239	+	3	1.336476	I:	D:
48368	48568	-	2	1.295732	I:	D:
48836	50167	+	2	1.306239	I:	D:
50254	50835	+	1	1.320485	I:	D:
50904	52175	+	3	1.336654	I:	D:
52272	54584	+	3	1.353904	I:	D:
54601	55383	+	1	1.332072	I:	D:
55415	56485	+	2	1.339896	I:	D:
56499	57266	+	3	1.371456	I:	D:
57263	58075	+	2	1.362044	I:	D:
58221	58892	+	3	1.333882	I:	D:
59078	60799	+	2	1.311733	I:	D:
61066	61947	+	1	1.358166	I:	D:
62035	62721	+	1	1.326546	I:	D:
62891	64438	+	2	1.373477	I:	D:
64534	64959	+	1	1.307842	I:	D:
64959	65270	+	3	1.286975	I:	D:
65283	65570	+	3	1.263236	I:	D:
65572	67098	+	1	1.293311	I:	D:
67103	67858	+	2	1.304127	I:	D:
67886	68680	+	2	1.314690	I:	D:
68766	70487	+	3	1.342851	I:	D:
70539	71174	+	3	1.356716	I:	D:
71258	71725	+	2	1.333057	I:	D:
71841	72374	-	3	1.305348	I:	D:
72487	75918	+	1	1.347474	I:	D:
76028	77287	+	2	1.316411	I:	D:
77346	78737	+	3	1.341330	I:	D:
78757	79080	+	1	1.381250	I:	D:
79486	80856	+	1	1.346993	I:	D:
80932	83304	+	1	1.335114	I:	D:
83367	83699	+	3	1.346027	I:	D:
83856	85160	+	3	1.352797	I:	D:
85168	85593	+	1	1.345848	I:	D:
85609	86379	+	1	1.355467	I:	D:
86613	87416	+	3	1.322392	I:	D:
87874	89220	+	1	1.382210	I:	D:
89494	89886	+	1	1.321694	I:	D:
90002	90163	+	2	1.341694	I:	D:
90455	91513	+	2	1.339854	I:	D:
91539	91820	+	3	1.308803	I:	D:
91807	92217	+	1	1.294233	I:	D:
92275	93195	-	1	1.357338	I:	D:
93476	94813	+	2	1.348581	I:	D:
94986	95168	+	3	1.341735	I:	D:
95183	96070	+	2	1.337696	I:	D:
96130	96693	+	1	1.361975	I:	D:
96761	97378	-	2	1.334695	I:	D:
97582	99207	+	1	1.324664	I:	D:
99305	101236	+	2	1.343547	I:	D:
101261	102403	+	2	1.334703	I:	D:
102539	104311	+	2	1.336647	I:	D:
104331	105902	+	3	1.361076	I:	D:
106171	106323	+	1	1.345099	I:	D:
106528	106773	+	1	1.356260	I:	D:
106908	109052	+	3	1.352245	I:	D:
109149	110915	+	3	1.335667	I:	D:
110926	112521	+	1	1.349325	I:	D:
112661	114325	+	2	1.316027	I:	D:
114333	115355	+	3	1.326748	I:	D:
115370	116278	+	2	1.328744	I:	D:
116476	117975	+	1	1.328271	I:	D:
118122	119018	+	3	1.333328	I:	D:
119486	122653	+	2	1.338753	I:	D:
122709	125180	+	3	1.338425	I:	D:
125185	125967	+	1	1.347535	I:	D:
126003	127160	+	3	1.352346	I:	D:
127522	127686	+	1	1.415147	I:	D:
127703	131203	+	2	1.353832	I:	D:
131252	132238	+	2	1.346450	I:	D:
132418	133209	+	1	1.354315	I:	D:
133211	133474	+	2	1.335697	I:	D:
133596	133724	+	3	1.355112	I:	D:
133921	134595	+	1	1.357629	I:	D:
134582	136456	+	2	1.352887	I:	D:
136467	136910	-	3	1.338173	I:	D:
136914	137681	-	3	1.358833	I:	D:
137846	138481	+	2	1.334768	I:	D:
138474	138950	+	3	1.362450	I:	D:
139070	139396	+	2	1.342045	I:	D:
139535	141988	-	2	1.352664	I:	D:
142372	143382	+	1	1.370273	I:	D:
143453	144847	+	2	1.329940	I:	D:
145010	145927	+	2	1.342934	I:	D:
145934	146797	+	2	1.344839	I:	D:
146941	147408	+	1	1.326577	I:	D:
>Y7.M009_8
1	471	+	1	1.345843	I:	D:
550	1095	+	1	1.353770	I:	D:
1125	1769	+	3	1.335885	I:	D:
1796	2299	+	2	1.326680	I:	D:
2443	2958	+	1	1.349963	I:	D:
3026	3481	+	2	1.332718	I:	D:
3501	4334	-	3	1.316415	I:	D:
4545	4700	+	3	1.376777	I:	D:
4702	4854	+	1	1.353567	I:	D:
5037	6368	+	3	1.346760	I:	D:
6972	7889	+	3	1.322462	I:	D:
7907	9418	+	2	1.331469	I:	D:
9437	10864	+	2	1.342613	I:	D:
11019	12548	+	3	1.330254	I:	D:
12670	13734	+	1	1.351431	I:	D:
13738	16146	+	1	1.336645	I:	D:
16269	17861	+	3	1.352291	I:	D:
17910	19250	+	3	1.346946	I:	D:
19340	20566	+	2	1.336673	I:	D:
20720	21184	+	2	1.349703	I:	D:
21320	22120	+	2	1.338021	I:	D:
22155	22403	+	3	1.324393	I:	D:
22469	22996	-	2	1.323505	I:	D:
23102	24121	-	2	1.336188	I:	D:
24323	25585	+	2	1.289836	I:	D:
25642	26535	+	1	1.334384	I:	D:
26528	27373	+	2	1.327840	I:	D:
27381	29147	+	3	1.332962	I:	D:
29513	29668	+	2	1.406703	I:	D:
30050	30469	+	2	1.344693	I:	D:
30542	30781	+	2	1.329004	I:	D:
30857	31054	+	2	1.343065	I:	D:
31103	31573	-	2	1.307755	I:	D:
>Y7.M009_9
3	1676	+	3	1.367254	I:	D:
1832	2956	+	2	1.316318	I:	D:
2985	4715	+	3	1.307263	I:	D:
4705	6204	+	1	1.319446	I:	D:
6245	6562	+	2	1.307556	I:	D:
6703	7446	+	1	1.275224	I:	D:
7549	7794	+	1	1.290488	I:	D:
7815	8369	+	3	1.281329	I:	D:
8376	8861	+	3	1.290191	I:	D:
8927	9397	+	2	1.315673	I:	D:
9436	9828	+	1	1.309258	I:	D:
9879	10079	+	3	1.301031	I:	D:
10080	12566	+	3	1.304126	I:	D:
12563	13600	+	2	1.334529	I:	D:
13615	14661	+	1	1.304480	I:	D:
14733	14960	-	3	1.372245	I:	D:
14961	15656	+	3	1.288478	I:	D:
15678	16178	+	3	1.304145	I:	D:
16255	16383	+	1	1.357339	I:	D:
16695	17216	-	3	1.326632	I:	D:
17725	18576	+	1	1.311645	I:	D:
18624	18764	-	3	1.311913	I:	D:
19233	20228	+	3	1.307727	I:	D:
20476	21504	+	1	1.306502	I:	D:
21514	22872	+	1	1.318125	I:	D:
22856	23833	+	2	1.306135	I:	D:
24017	24886	+	2	1.337054	I:	D:
24957	26477	+	3	1.336119	I:	D:
26741	27535	-	2	1.366376	I:	D:
27737	29197	+	2	1.358926	I:	D:
29217	30572	+	3	1.350239	I:	D:
30612	31514	+	3	1.330018	I:	D:
31583	32434	+	2	1.351620	I:	D:
32588	33541	+	2	1.362269	I:	D:
33534	34571	+	3	1.358108	I:	D:
34534	37188	+	1	1.338976	I:	D:
37390	39627	+	1	1.335560	I:	D:
39724	40563	+	1	1.338856	I:	D:
40831	41931	+	1	1.332500	I:	D:
42007	42264	+	1	1.379100	I:	D:
42453	42908	+	3	1.370541	I:	D:
42954	43361	+	3	1.337136	I:	D:
43358	43864	+	2	1.347825	I:	D:
43904	44347	+	2	1.358426	I:	D:
44466	45023	+	3	1.297668	I:	D:
45083	46405	-	2	1.382850	I:	D:
46542	47372	-	3	1.321583	I:	D:
47572	50022	+	1	1.346821	I:	D:
50539	51606	+	1	1.352405	I:	D:
51753	53063	+	3	1.325168	I:	D:
53308	54291	+	1	1.332204	I:	D:
54491	55024	+	2	1.343413	I:	D:
55095	56522	+	3	1.344351	I:	D:
56524	56952	+	1	1.351339	I:	D:
56972	57739	+	2	1.342002	I:	D:
57805	58410	+	1	1.321463	I:	D:
58423	59079	+	1	1.298438	I:	D:
59158	59517	-	1	1.307659	I:	D:
59522	60142	-	2	1.332922	I:	D:
60231	62138	+	3	1.332745	I:	D:
62138	62728	+	2	1.341985	I:	D:
63171	63983	-	3	1.330443	I:	D:
64173	65441	+	3	1.334344	I:	D:
65446	66183	-	1	1.356351	I:	D:
66524	66799	+	2	1.369114	I:	D:
66806	68779	+	2	1.359560	I:	D:
68791	69333	+	1	1.324764	I:	D:
69321	70001	+	3	1.352184	I:	D:
70046	71521	+	2	1.336315	I:	D:
71581	72318	+	1	1.324384	I:	D:
72308	73261	+	2	1.334714	I:	D:
73331	74866	+	2	1.313443	I:	D:
74868	75482	+	3	1.357733	I:	D:
75484	76245	+	1	1.336897	I:	D:
76262	76939	+	2	1.371922	I:	D:
77082	77801	+	3	1.354784	I:	D:
77893	79533	-	1	1.335050	I:	D:
79818	83375	+	3	1.340645	I:	D:
83398	83556	-	1	1.274758	I:	D:
83546	84508	+	2	1.328911	I:	D:
84600	86249	+	3	1.343309	I:	D:
86297	87256	-	2	1.340832	I:	D:
87284	88141	+	2	1.365892	I:	D:
88244	89731	+	2	1.344215	I:	D:
89800	90684	+	1	1.345509	I:	D:
90731	91300	+	2	1.367701	I:	D:
91302	91817	-	3	1.356813	I:	D:
91829	92737	-	2	1.356664	I:	D:
92739	93887	-	3	1.332153	I:	D:
94158	95498	+	3	1.343817	I:	D:
95669	95869	+	2	1.350358	I:	D:
95940	96908	+	3	1.348142	I:	D:
96929	97780	+	2	1.370449	I:	D:
97773	98849	+	3	1.338741	I:	D:
98950	100464	+	1	1.336019	I:	D:
100454	101194	+	2	1.348290	I:	D:
101207	101827	+	2	1.332748	I:	D:
101876	102988	+	2	1.350794	I:	D:
102990	104240	-	3	1.341708	I:	D:
104378	105571	+	2	1.347492	I:	D:
105665	106186	+	2	1.347920	I:	D:
106550	106777	+	2	1.366357	I:	D:
106887	107903	+	3	1.356285	I:	D:
107959	108195	+	1	1.294083	I:	D:
108290	108973	+	2	1.331904	I:	D:
108983	112543	+	2	1.334008	I:	D:
112567	113508	+	1	1.335384	I:	D:
113667	114917	+	3	1.342578	I:	D:
115006	115350	+	1	1.315643	I:	D:
115352	116728	+	2	1.320033	I:	D:
116839	117084	+	1	1.356027	I:	D:
117102	117332	+	3	1.259659	I:	D:
117465	117971	+	3	1.316409	I:	D:
118078	119694	+	1	1.345683	I:	D:
119836	120189	+	1	1.317665	I:	D:
120335	120919	+	2	1.354340	I:	D:
120959	121804	+	2	1.349909	I:	D:
121842	122603	+	3	1.344340	I:	D:
122696	123601	+	2	1.331152	I:	D:
123878	124111	+	2	1.292902	I:	D:
124131	126635	+	3	1.348041	I:	D:
126870	127025	+	3	1.311815	I:	D:
127276	127461	+	1	1.407824	I:	D:
127749	131552	+	3	1.332331	I:	D:
131818	133029	+	1	1.354009	I:	D:
133743	134549	-	3	1.327066	I:	D:
134603	134734	+	2	1.306081	I:	D:
134866	135882	+	1	1.328288	I:	D:
136074	137306	+	3	1.314168	I:	D:
137377	138126	+	1	1.316520	I:	D:
138304	139845	+	1	1.324279	I:	D:
140068	140943	+	1	1.331090	I:	D:
140993	142555	+	2	1.347369	I:	D:
142569	144020	+	3	1.331966	I:	D:
144144	145205	-	3	1.339797	I:	D:
145207	145719	-	1	1.338521	I:	D:
145716	146183	-	3	1.351372	I:	D:
146279	146761	-	2	1.351686	I:	D:
146765	147085	-	2	1.378789	I:	D:
147102	148127	-	3	1.346084	I:	D:
148138	149076	-	1	1.353832	I:	D:
149146	149334	+	1	1.316126	I:	D:
149457	149717	+	3	1.308730	I:	D:
149882	152032	+	2	1.333394	I:	D:
152264	152731	+	2	1.327368	I:	D:
153195	153326	-	3	1.352050	I:	D:
153462	153824	-	3	1.422319	I:	D:
154078	154257	-	1	1.351220	I:	D:
>Y7.M009_10
169	1929	-	1	1.347753	I:	D:
1910	2674	-	2	1.343344	I:	D:
2785	4047	-	1	1.372359	I:	D:
4579	5085	+	1	1.342245	I:	D:
5255	6667	-	2	1.320255	I:	D:
6810	7043	-	3	1.320063	I:	D:
7059	7631	-	3	1.307821	I:	D:
8243	8857	-	2	1.287183	I:	D:
8886	9296	-	3	1.301863	I:	D:
9312	9599	-	3	1.333155	I:	D:
9721	10458	-	1	1.336084	I:	D:
10564	10791	-	1	1.297509	I:	D:
10879	11130	-	1	1.293801	I:	D:
11774	12286	-	2	1.337086	I:	D:
12299	14020	-	2	1.341828	I:	D:
14052	14543	-	3	1.335300	I:	D:
14627	15475	-	2	1.348795	I:	D:
15908	16846	+	2	1.355329	I:	D:
16859	17548	-	2	1.348355	I:	D:
17623	18624	-	1	1.363515	I:	D:
18639	19508	-	3	1.327645	I:	D:
19550	21004	-	2	1.353161	I:	D:
21001	22431	-	1	1.365644	I:	D:
22541	23125	-	2	1.297131	I:	D:
23139	24506	-	3	1.311882	I:	D:
24759	25766	-	3	1.352330	I:	D:
25839	26096	-	3	1.294121	I:	D:
26230	26499	-	1	1.319389	I:	D:
26646	26876	-	3	1.422943	I:	D:
26884	28965	-	1	1.345634	I:	D:
28984	29322	-	1	1.307923	I:	D:
29636	29812	+	2	1.299403	I:	D:
29848	30258	-	1	1.242896	I:	D:
30343	31572	-	1	1.281559	I:	D:
31971	33557	+	3	1.337712	I:	D:
33690	34439	-	3	1.283945	I:	D:
34439	34894	-	2	1.282343	I:	D:
34898	35107	-	2	1.281188	I:	D:
35209	35982	-	1	1.330211	I:	D:
36076	36759	+	1	1.319511	I:	D:
36881	38572	-	2	1.311910	I:	D:
38574	38894	-	3	1.315898	I:	D:
38907	39212	-	3	1.293667	I:	D:
39305	39475	-	2	1.275905	I:	D:
39819	40253	-	3	1.260037	I:	D:
40672	40806	+	1	1.236046	I:	D:
41097	41291	+	3	1.325891	I:	D:
41374	42489	-	1	1.311004	I:	D:
42758	43354	-	2	1.321018	I:	D:
43463	44071	-	2	1.363880	I:	D:
44262	45593	-	3	1.345387	I:	D:
45620	46609	-	2	1.336189	I:	D:
46631	47539	-	2	1.313029	I:	D:
47575	48828	-	1	1.331165	I:	D:
48843	49883	-	3	1.325750	I:	D:
49894	51048	-	1	1.311339	I:	D:
51331	53112	+	1	1.364886	I:	D:
53116	53517	-	1	1.321003	I:	D:
>Y7.M009_11
1	129	-	1	1.380544	I:	D:
423	623	+	3	1.348901	I:	D:
1195	1932	-	1	1.278761	I:	D:
1945	2583	-	1	1.248233	I:	D:
2732	3430	-	2	1.250205	I:	D:
3621	3779	+	3	1.414672	I:	D:
3811	3948	-	1	1.366715	I:	D:
3994	4158	+	1	1.278502	I:	D:
4194	4403	-	3	1.311907	I:	D:
4776	5432	-	3	1.312771	I:	D:
5425	5850	-	1	1.328419	I:	D:
5881	6084	-	1	1.384863	I:	D:
6587	6808	-	2	1.322195	I:	D:
6818	7633	-	2	1.339209	I:	D:
7861	8973	-	1	1.311611	I:	D:
8978	9571	-	2	1.277794	I:	D:
9655	9822	-	1	1.252636	I:	D:
10010	11167	-	2	1.331292	I:	D:
11160	11354	-	3	1.318850	I:	D:
11351	11650	-	2	1.304960	I:	D:
12222	12725	+	3	1.261087	I:	D:
13259	13441	-	2	1.311797	I:	D:
13473	15368	-	3	1.292968	I:	D:
15694	16611	-	1	1.365086	I:	D:
16653	17681	-	3	1.361507	I:	D:
18015	18737	-	3	1.332211	I:	D:
18807	19526	+	3	1.326549	I:	D:
19573	21309	-	1	1.349681	I:	D:
21340	22611	-	1	1.349464	I:	D:
22704	23204	-	3	1.340256	I:	D:
23264	23728	-	2	1.319648	I:	D:
23807	25597	-	2	1.350748	I:	D:
25626	25802	+	3	1.390890	I:	D:
25814	27319	-	2	1.327039	I:	D:
27338	30403	-	2	1.345688	I:	D:
30461	31108	-	2	1.336275	I:	D:
31098	32372	-	3	1.335081	I:	D:
32468	33094	-	2	1.354507	I:	D:
33146	34171	-	2	1.337319	I:	D:
34473	35318	+	3	1.335572	I:	D:
35333	35737	-	2	1.290536	I:	D:
35753	35983	-	2	1.313756	I:	D:
36166	37455	-	1	1.342038	I:	D:
37511	38752	-	2	1.360752	I:	D:
39022	39483	+	1	1.387477	I:	D:
39505	40632	-	1	1.345740	I:	D:
40620	42833	-	3	1.322532	I:	D:
43058	43573	+	2	1.358666	I:	D:
43664	44689	-	2	1.320970	I:	D:
44724	44852	+	3	1.370469	I:	D:
45006	45656	+	3	1.349237	I:	D:
45676	46071	-	1	1.372701	I:	D:
>Y7.M009_12
110	571	-	2	1.347346	I:	D:
674	1744	-	2	1.369263	I:	D:
1866	2339	-	3	1.330873	I:	D:
2469	3056	-	3	1.335718	I:	D:
3072	3698	-	3	1.339142	I:	D:
3707	4519	-	2	1.357868	I:	D:
4512	5324	-	3	1.358449	I:	D:
5327	6040	-	2	1.290357	I:	D:
6214	7944	-	1	1.314309	I:	D:
8025	8669	-	3	1.316911	I:	D:
8659	9519	-	1	1.335484	I:	D:
9503	10297	-	2	1.339723	I:	D:
10294	10758	-	1	1.290567	I:	D:
10755	11411	-	3	1.269618	I:	D:
11429	12286	-	2	1.287132	I:	D:
12276	12815	-	3	1.299031	I:	D:
12968	14071	-	2	1.293063	I:	D:
14097	14672	-	3	1.312568	I:	D:
14912	15427	-	2	1.337721	I:	D:
15660	16367	+	3	1.323000	I:	D:
16373	17677	+	2	1.321450	I:	D:
17690	17953	-	2	1.264298	I:	D:
17976	18383	-	3	1.274872	I:	D:
18367	18609	-	1	1.282325	I:	D:
18862	19449	-	1	1.361674	I:	D:
19506	20198	-	3	1.378042	I:	D:
20216	20593	-	2	1.362949	I:	D:
20645	21436	-	2	1.395682	I:	D:
21521	23797	-	2	1.353613	I:	D:
23919	24332	-	3	1.395826	I:	D:
24356	25747	-	2	1.354470	I:	D:
25756	26646	-	1	1.350358	I:	D:
26658	28157	-	3	1.352731	I:	D:
28163	28681	-	2	1.332436	I:	D:
28659	29111	-	3	1.327981	I:	D:
29167	29397	-	1	1.332619	I:	D:
29535	30221	-	3	1.368029	I:	D:
30528	30722	+	3	1.368858	I:	D:
30973	31752	-	1	1.387981	I:	D:
32241	33497	-	3	1.372660	I:	D:
33616	34869	-	1	1.317887	I:	D:
34906	35289	-	1	1.331955	I:	D:
35655	36689	-	3	1.322112	I:	D:
36682	37407	-	1	1.324575	I:	D:
37401	37781	-	3	1.329085	I:	D:
37759	38442	-	1	1.336427	I:	D:
38439	39392	-	3	1.330208	I:	D:
39659	40942	+	2	1.357459	I:	D:
41004	42782	-	3	1.345754	I:	D:
43062	43484	-	3	1.317139	I:	D:
>Y7.M009_13
199	2352	+	1	1.341639	I:	D:
2324	2686	+	2	1.314305	I:	D:
2686	3018	+	1	1.305436	I:	D:
3032	4456	+	2	1.319075	I:	D:
4477	4647	+	1	1.390117	I:	D:
4875	5912	-	3	1.352588	I:	D:
6127	7218	+	1	1.342465	I:	D:
7254	9518	+	3	1.365474	I:	D:
9528	10880	+	3	1.336703	I:	D:
10905	13700	+	3	1.356816	I:	D:
13715	16345	+	2	1.361416	I:	D:
16455	17267	+	3	1.316518	I:	D:
17359	18747	+	1	1.331382	I:	D:
18771	21026	+	3	1.366463	I:	D:
21327	22304	+	3	1.338319	I:	D:
22370	23836	+	2	1.328457	I:	D:
23854	25290	+	1	1.334536	I:	D:
25402	26223	+	1	1.344119	I:	D:
26543	27028	+	2	1.331994	I:	D:
27358	27558	-	1	1.355725	I:	D:
27643	28377	-	1	1.312084	I:	D:
28595	29860	+	2	1.358649	I:	D:
29881	30123	+	1	1.336700	I:	D:
30295	30543	+	1	1.391031	I:	D:
30753	31106	+	3	1.353582	I:	D:
31159	31353	+	1	1.353203	I:	D:
31451	31663	+	2	1.371734	I:	D:
31687	31986	+	1	1.345310	I:	D:
32120	32686	+	2	1.339217	I:	D:
32686	32886	+	1	1.306963	I:	D:
32947	33834	+	1	1.343990	I:	D:
33836	35230	+	2	1.324655	I:	D:
35252	35602	-	2	1.331623	I:	D:
35742	36281	+	3	1.299348	I:	D:
36602	36883	+	2	1.294101	I:	D:
36957	37691	+	3	1.293311	I:	D:
37700	38992	+	2	1.309763	I:	D:
39120	39776	+	3	1.310981	I:	D:
39842	40585	+	2	1.269544	I:	D:
40796	41428	+	2	1.280832	I:	D:
41575	42474	+	1	1.277428	I:	D:
42490	43230	+	1	1.288126	I:	D:
43347	43601	+	3	1.314769	I:	D:
43792	44982	+	1	1.305246	I:	D:
45153	45410	+	3	1.292869	I:	D:
45349	46860	+	1	1.288212	I:	D:
47141	47740	+	2	1.284962	I:	D:
47870	48502	+	2	1.288104	I:	D:
48716	49384	+	2	1.302725	I:	D:
49404	49619	+	3	1.296057	I:	D:
49665	50198	+	3	1.307045	I:	D:
50270	50671	+	2	1.334471	I:	D:
>Y7.M009_14
628	1503	-	1	1.328620	I:	D:
1522	2565	-	1	1.316620	I:	D:
2585	3094	-	2	1.301117	I:	D:
3222	4112	-	3	1.311155	I:	D:
4119	4886	-	3	1.314802	I:	D:
6320	6466	+	2	1.410384	I:	D:
6592	7236	-	1	1.283040	I:	D:
7240	8289	-	1	1.310200	I:	D:
8465	9415	+	2	1.321223	I:	D:
9480	10193	-	3	1.317003	I:	D:
10210	12150	-	1	1.359438	I:	D:
12157	13533	-	1	1.318576	I:	D:
13617	14243	-	3	1.316335	I:	D:
14256	15572	-	3	1.328923	I:	D:
15562	15774	+	1	1.392272	I:	D:
15826	16197	-	1	1.313999	I:	D:
16232	16366	-	2	1.319557	I:	D:
16804	18165	+	1	1.359167	I:	D:
18451	19563	+	1	1.316125	I:	D:
19572	19787	+	3	1.315853	I:	D:
19787	20875	+	2	1.357839	I:	D:
20868	22805	+	3	1.345041	I:	D:
22824	25382	+	3	1.358128	I:	D:
25638	26483	+	3	1.343201	I:	D:
26635	27186	+	1	1.311560	I:	D:
27277	27411	+	1	1.360514	I:	D:
27607	27744	-	1	1.318230	I:	D:
>Y7.M009_15
1	357	+	1	1.271542	I:	D:
399	779	+	3	1.302018	I:	D:
1283	1663	+	2	1.356405	I:	D:
1776	2507	+	3	1.305285	I:	D:
2515	2745	+	1	1.281203	I:	D:
2742	3050	+	3	1.313628	I:	D:
3116	3772	+	2	1.297423	I:	D:
3792	3974	-	3	1.337324	I:	D:
3981	4199	+	3	1.327235	I:	D:
4174	4632	+	1	1.278029	I:	D:
4629	5663	+	3	1.311553	I:	D:
5791	5991	-	1	1.283257	I:	D:
6059	6796	-	2	1.281910	I:	D:
6824	6952	+	2	1.264360	I:	D:
7407	7772	+	3	1.324236	I:	D:
7805	8401	+	2	1.315354	I:	D:
8371	9507	+	1	1.331251	I:	D:
9509	9895	+	2	1.347803	I:	D:
9932	11317	+	2	1.302372	I:	D:
11480	11617	+	2	1.276889	I:	D:
11819	11956	+	2	1.349885	I:	D:
11960	12481	+	2	1.347022	I:	D:
12963	13181	+	3	1.286523	I:	D:
13312	13905	+	1	1.312501	I:	D:
13969	14379	+	1	1.335319	I:	D:
14376	14759	+	3	1.355275	I:	D:
15045	16772	+	3	1.348563	I:	D:
16765	17388	+	1	1.317463	I:	D:
>Y7.M009_16
238	1533	+	1	1.326611	I:	D:
1680	1880	-	3	1.273295	I:	D:
2030	2461	-	2	1.291809	I:	D:
2672	3439	-	2	1.295374	I:	D:
3492	5183	-	3	1.344459	I:	D:
5222	5407	-	2	1.327161	I:	D:
5678	7009	-	2	1.365159	I:	D:
6903	7643	-	3	1.379277	I:	D:
7691	8890	-	2	1.350068	I:	D:
8927	9145	+	2	1.407627	I:	D:
9166	9483	-	1	1.346189	I:	D:
9770	9973	-	2	1.397128	I:	D:
10121	10345	-	2	1.348735	I:	D:
10588	11688	+	1	1.372213	I:	D:
11945	14437	-	2	1.321072	I:	D:
14455	15120	-	1	1.348339	I:	D:
15303	16334	-	3	1.374646	I:	D:
16331	17104	-	2	1.368996	I:	D:
17117	17281	-	2	1.318751	I:	D:
17443	17598	+	1	1.320781	I:	D:
17617	18108	-	1	1.349598	I:	D:
18172	18312	+	1	1.327930	I:	D:
18381	20180	+	3	1.301858	I:	D:
20501	21976	-	2	1.339157	I:	D:
21966	24824	-	3	1.348145	I:	D:
24846	25682	-	3	1.344112	I:	D:
25682	26557	-	2	1.331409	I:	D:
26554	27855	-	1	1.329057	I:	D:
28044	28886	+	3	1.347248	I:	D:
28889	29905	-	2	1.340990	I:	D:
29944	30999	-	1	1.316703	I:	D:
30996	32822	-	3	1.347124	I:	D:
32770	34374	-	1	1.356766	I:	D:
34572	36221	-	3	1.331043	I:	D:
36240	37748	-	3	1.342155	I:	D:
37843	39126	-	1	1.319787	I:	D:
39291	39515	-	3	1.358171	I:	D:
39863	40279	-	2	1.291335	I:	D:
40335	40604	+	3	1.360929	I:	D:
40756	41586	-	1	1.357007	I:	D:
41656	42405	-	1	1.351614	I:	D:
42404	42634	+	2	1.380338	I:	D:
42805	45057	-	1	1.340477	I:	D:
45377	46426	-	2	1.340323	I:	D:
46524	47909	-	3	1.359511	I:	D:
48157	49668	-	1	1.349223	I:	D:
49780	50469	-	1	1.324210	I:	D:
50656	51837	-	1	1.345275	I:	D:
52287	53417	+	3	1.346054	I:	D:
53576	54868	-	2	1.335554	I:	D:
55056	55562	-	3	1.340685	I:	D:
55546	56766	-	1	1.322187	I:	D:
56930	60463	-	2	1.347561	I:	D:
60513	61073	-	3	1.325247	I:	D:
61102	61905	-	1	1.333936	I:	D:
62078	62341	-	2	1.307337	I:	D:
62365	63483	-	1	1.360933	I:	D:
63480	65000	-	3	1.344036	I:	D:
65282	66661	+	2	1.338050	I:	D:
66919	68160	+	1	1.338142	I:	D:
68198	69181	+	2	1.343156	I:	D:
69239	70432	+	2	1.345399	I:	D:
70687	71226	-	1	1.313107	I:	D:
71478	72437	-	3	1.295111	I:	D:
72528	73121	-	3	1.321498	I:	D:
73141	73536	-	1	1.332496	I:	D:
73661	74029	-	2	1.325288	I:	D:
74057	74188	-	2	1.320815	I:	D:
74336	74527	-	2	1.355155	I:	D:
74572	74790	-	1	1.300906	I:	D:
74838	75632	-	3	1.351229	I:	D:
75635	76279	-	2	1.319894	I:	D:
76356	77675	-	3	1.321587	I:	D:
77675	78115	-	2	1.335405	I:	D:
78139	78321	-	1	1.299289	I:	D:
78335	78844	-	2	1.304502	I:	D:
78857	79225	-	2	1.285511	I:	D:
79245	79784	-	3	1.311212	I:	D:
79956	80360	-	3	1.301061	I:	D:
80495	80680	-	2	1.362747	I:	D:
80695	81234	-	1	1.299777	I:	D:
81258	81569	-	3	1.297922	I:	D:
81581	81949	-	2	1.297922	I:	D:
81968	82225	-	2	1.300766	I:	D:
82449	82886	-	3	1.315609	I:	D:
82889	83545	-	2	1.311780	I:	D:
83555	83950	-	2	1.340311	I:	D:
83976	84257	-	3	1.316741	I:	D:
84274	85119	-	1	1.340026	I:	D:
85199	85498	-	2	1.307725	I:	D:
85498	86118	-	1	1.322158	I:	D:
86147	86830	-	2	1.312565	I:	D:
87009	87326	-	3	1.336965	I:	D:
87743	88630	+	2	1.340641	I:	D:
88711	89652	-	1	1.356561	I:	D:
89738	90826	-	2	1.357540	I:	D:
90970	91449	-	1	1.332713	I:	D:
91512	93797	-	3	1.342422	I:	D:
93790	93948	-	1	1.289776	I:	D:
93999	94157	-	3	1.335049	I:	D:
94314	95057	-	3	1.336285	I:	D:
95088	96482	-	3	1.344848	I:	D:
96590	97054	-	2	1.361000	I:	D:
97057	100422	-	1	1.344338	I:	D:
100409	101134	-	2	1.339668	I:	D:
101150	102649	-	2	1.329841	I:	D:
102848	104191	-	2	1.307774	I:	D:
104333	104635	-	2	1.334110	I:	D:
104892	105416	-	3	1.297080	I:	D:
105450	105971	-	3	1.287978	I:	D:
106117	107304	-	1	1.337226	I:	D:
107515	109632	-	1	1.321881	I:	D:
109736	110227	-	2	1.322677	I:	D:
110378	110842	-	2	1.353301	I:	D:
110985	114833	-	3	1.341556	I:	D:
114852	118793	-	3	1.334806	I:	D:
119226	119615	-	3	1.273055	I:	D:
119661	120212	-	3	1.305095	I:	D:
120503	121198	-	2	1.317302	I:	D:
121328	121753	-	2	1.317958	I:	D:
121768	122286	-	1	1.315395	I:	D:
122305	122520	-	1	1.299956	I:	D:
123052	124371	+	1	1.352686	I:	D:
124418	124876	-	2	1.340083	I:	D:
124923	125144	-	3	1.304347	I:	D:
125157	125954	-	3	1.318600	I:	D:
126219	126971	-	3	1.280958	I:	D:
127090	127761	-	1	1.293315	I:	D:
>Y7.M009_17
299	955	-	2	1.283710	I:	D:
987	1733	-	3	1.257389	I:	D:
1788	1922	-	3	1.252998	I:	D:
2156	3040	-	2	1.268051	I:	D:
3304	3795	-	1	1.286830	I:	D:
4062	5294	-	3	1.331075	I:	D:
5306	5557	-	2	1.327977	I:	D:
5572	5808	-	1	1.280895	I:	D:
5789	6019	-	2	1.289334	I:	D:
6305	6886	-	2	1.334692	I:	D:
6991	7578	-	1	1.290148	I:	D:
7656	7844	+	3	1.355264	I:	D:
8010	8747	-	3	1.328903	I:	D:
8767	9018	-	1	1.334790	I:	D:
9022	9321	-	1	1.319977	I:	D:
9335	10570	-	2	1.349443	I:	D:
10723	11133	+	1	1.292541	I:	D:
11225	11767	+	2	1.327569	I:	D:
12328	13254	-	1	1.320269	I:	D:
13244	14413	-	2	1.348973	I:	D:
14493	17639	-	3	1.300584	I:	D:
17679	18866	-	3	1.323276	I:	D:
18863	21418	-	2	1.283540	I:	D:
21515	21727	-	2	1.265869	I:	D:
21769	22977	+	1	1.324967	I:	D:
23165	23617	+	2	1.301705	I:	D:
23681	25420	-	2	1.326153	I:	D:
25435	25929	-	1	1.338904	I:	D:
25947	26714	-	3	1.315544	I:	D:
26727	27128	-	3	1.333385	I:	D:
27142	29475	-	1	1.335981	I:	D:
29468	29833	-	2	1.344760	I:	D:
29902	30615	-	1	1.296475	I:	D:
30761	31597	-	2	1.341997	I:	D:
31670	32029	-	2	1.351913	I:	D:
32048	33838	-	2	1.354412	I:	D:
33828	34031	-	3	1.294936	I:	D:
34043	34927	-	2	1.325875	I:	D:
34933	35739	-	1	1.320656	I:	D:
35723	37093	-	2	1.344443	I:	D:
37394	37552	-	2	1.316723	I:	D:
37688	38092	-	2	1.278862	I:	D:
38089	39045	-	1	1.335596	I:	D:
39069	46907	-	3	1.322232	I:	D:
46923	47204	-	3	1.314986	I:	D:
47426	47716	-	2	1.398127	I:	D:
47866	52116	-	1	1.313112	I:	D:
52191	52874	-	3	1.324380	I:	D:
53115	54050	-	3	1.347506	I:	D:
54007	54831	-	1	1.342385	I:	D:
54910	55173	+	1	1.392869	I:	D:
55317	55523	+	3	1.336787	I:	D:
55547	56935	-	2	1.374276	I:	D:
57073	57516	-	1	1.293659	I:	D:
57734	59785	-	2	1.340418	I:	D:
59798	60286	-	2	1.303942	I:	D:
60313	60486	-	1	1.353082	I:	D:
60660	61631	-	3	1.375135	I:	D:
61636	62418	-	1	1.352369	I:	D:
62422	62757	-	1	1.377108	I:	D:
62750	63730	-	2	1.365815	I:	D:
63784	64773	-	1	1.338801	I:	D:
65009	66244	-	2	1.334658	I:	D:
66352	66618	-	1	1.354019	I:	D:
66872	67948	+	2	1.353665	I:	D:
68079	68495	-	3	1.316097	I:	D:
68551	69540	-	1	1.355339	I:	D:
69564	70142	-	3	1.350414	I:	D:
70256	71449	-	2	1.350158	I:	D:
71439	71675	-	3	1.278966	I:	D:
71672	72079	-	2	1.340015	I:	D:
72076	72924	-	1	1.365284	I:	D:
72946	74520	-	1	1.343087	I:	D:
74517	74684	-	3	1.286186	I:	D:
74697	75857	-	3	1.330542	I:	D:
75920	76696	-	2	1.340974	I:	D:
76751	77920	-	2	1.376459	I:	D:
77958	78956	-	3	1.354148	I:	D:
78982	79545	-	1	1.359649	I:	D:
79752	79964	+	3	1.304706	I:	D:
79995	80468	-	3	1.362717	I:	D:
80475	81905	-	3	1.354323	I:	D:
82075	82284	+	1	1.342842	I:	D:
82342	83082	-	1	1.311730	I:	D:
83258	84622	+	2	1.356213	I:	D:
84703	85173	+	1	1.340407	I:	D:
85548	85706	+	3	1.281389	I:	D:
85751	87484	+	2	1.339786	I:	D:
87762	88028	-	3	1.364631	I:	D:
88076	88273	-	2	1.341885	I:	D:
88315	91479	-	1	1.337388	I:	D:
91744	93717	-	1	1.347582	I:	D:
93724	96345	-	1	1.322631	I:	D:
96355	97668	-	1	1.337510	I:	D:
97684	99969	-	1	1.338955	I:	D:
100015	101388	-	1	1.328382	I:	D:
101385	102077	-	3	1.343788	I:	D:
102255	103127	-	3	1.330028	I:	D:
103259	105019	-	2	1.355358	I:	D:
105257	107185	-	2	1.313942	I:	D:
107247	108164	-	3	1.309622	I:	D:
108166	108909	-	1	1.318031	I:	D:
109491	110480	+	3	1.310577	I:	D:
>Y7.M009_18
291	500	+	3	1.294784	I:	D:
1051	1767	+	1	1.280200	I:	D:
2108	2977	-	2	1.314856	I:	D:
3080	3739	-	2	1.338558	I:	D:
4252	4779	+	1	1.298746	I:	D:
5110	5976	+	1	1.330891	I:	D:
5960	7399	+	2	1.357225	I:	D:
7402	8184	+	1	1.352546	I:	D:
8311	8556	+	1	1.266672	I:	D:
8656	9054	+	1	1.312651	I:	D:
9056	10237	+	2	1.296282	I:	D:
10255	10395	+	1	1.284188	I:	D:
10632	11426	+	3	1.318790	I:	D:
11445	11636	+	3	1.331682	I:	D:
11711	12673	+	2	1.328410	I:	D:
13202	13375	-	2	1.378849	I:	D:
13411	15885	-	1	1.333157	I:	D:
16122	17624	+	3	1.314470	I:	D:
17639	18604	+	2	1.328948	I:	D:
18667	19851	+	1	1.285940	I:	D:
19978	20979	+	1	1.319378	I:	D:
20996	22681	+	2	1.318342	I:	D:
22706	24190	+	2	1.315211	I:	D:
24210	25943	+	3	1.291579	I:	D:
25964	27820	+	2	1.317596	I:	D:
27924	29333	+	3	1.330316	I:	D:
29376	30812	+	3	1.328529	I:	D:
30916	31737	+	1	1.326405	I:	D:
31790	31936	-	2	1.313845	I:	D:
31942	32673	+	1	1.333334	I:	D:
32696	33487	+	2	1.317237	I:	D:
33503	33784	+	2	1.307905	I:	D:
34084	34656	+	1	1.336086	I:	D:
35030	36244	+	2	1.336394	I:	D:
36499	37134	+	1	1.324926	I:	D:
37134	38657	+	3	1.342528	I:	D:
38681	39865	+	2	1.338826	I:	D:
39892	40461	+	1	1.379171	I:	D:
40467	42278	-	3	1.323431	I:	D:
42548	44275	+	2	1.354871	I:	D:
44384	44857	+	2	1.355841	I:	D:
44968	45243	+	1	1.366601	I:	D:
45288	45800	+	3	1.310402	I:	D:
45824	47533	+	2	1.365209	I:	D:
47575	49428	+	1	1.358913	I:	D:
49445	50977	+	2	1.344438	I:	D:
51047	51511	+	2	1.340272	I:	D:
51504	51731	+	3	1.341285	I:	D:
51908	52642	+	2	1.364165	I:	D:
52788	52958	-	3	1.389031	I:	D:
53320	54828	+	1	1.361649	I:	D:
54876	55505	+	3	1.346410	I:	D:
55611	56096	+	3	1.405183	I:	D:
56231	56557	+	2	1.352590	I:	D:
56538	56969	+	3	1.340200	I:	D:
57009	57746	+	3	1.360933	I:	D:
57780	58034	+	3	1.328657	I:	D:
58100	58630	+	2	1.331939	I:	D:
58618	59184	+	1	1.334821	I:	D:
59172	60686	+	3	1.362131	I:	D:
60720	61580	+	3	1.356644	I:	D:
61680	63071	+	3	1.359432	I:	D:
63086	63373	+	2	1.350657	I:	D:
>Y7.M009_19
628	1242	-	1	1.339341	I:	D:
1239	2426	-	3	1.345892	I:	D:
2461	3435	-	1	1.345590	I:	D:
3652	3837	+	1	1.377494	I:	D:
3916	4857	-	1	1.346244	I:	D:
4845	5699	-	3	1.342317	I:	D:
5700	6191	-	3	1.372158	I:	D:
6296	6637	-	2	1.317139	I:	D:
6688	8259	-	1	1.369129	I:	D:
8294	9388	-	2	1.361756	I:	D:
9412	10062	-	1	1.365840	I:	D:
10072	10356	-	1	1.353196	I:	D:
10383	10673	-	3	1.351137	I:	D:
11132	11980	+	2	1.365470	I:	D:
12080	12625	+	2	1.343373	I:	D:
12625	13224	+	1	1.340027	I:	D:
13298	13579	+	2	1.300975	I:	D:
13563	14687	+	3	1.344186	I:	D:
14830	15762	-	1	1.334683	I:	D:
16246	16500	-	1	1.284860	I:	D:
16620	18038	-	3	1.336219	I:	D:
18475	19563	-	1	1.373731	I:	D:
19563	20009	-	3	1.342052	I:	D:
20081	21274	-	2	1.347322	I:	D:
21294	21728	-	3	1.350901	I:	D:
21771	22655	-	3	1.361889	I:	D:
23414	23902	-	2	1.349426	I:	D:
24151	24696	+	1	1.351465	I:	D:
24763	25731	-	1	1.295131	I:	D:
25740	26177	-	3	1.310466	I:	D:
26253	27086	-	3	1.355392	I:	D:
27129	28316	-	3	1.357652	I:	D:
28392	29378	-	3	1.366995	I:	D:
29498	29917	-	2	1.340458	I:	D:
29953	30606	-	1	1.348526	I:	D:
30641	31423	-	2	1.369250	I:	D:
31524	32285	-	3	1.343383	I:	D:
32496	32882	+	3	1.356965	I:	D:
32946	33533	+	3	1.351411	I:	D:
33646	35634	-	1	1.319956	I:	D:
35634	36314	-	3	1.314245	I:	D:
36414	37238	-	3	1.299531	I:	D:
37228	37890	-	1	1.312155	I:	D:
38054	38434	-	2	1.321962	I:	D:
38749	38988	+	1	1.293739	I:	D:
39455	40660	-	2	1.323398	I:	D:
40906	42042	-	1	1.340790	I:	D:
42157	42489	-	1	1.335251	I:	D:
42773	43612	+	2	1.320814	I:	D:
43783	44136	-	1	1.282929	I:	D:
44144	45277	-	2	1.309573	I:	D:
45445	45612	-	1	1.319438	I:	D:
45625	45861	-	1	1.312507	I:	D:
45842	46144	-	2	1.290343	I:	D:
46123	46389	-	1	1.312500	I:	D:
46532	46789	+	2	1.363528	I:	D:
>Y7.M009_20
2	166	+	2	1.334158	I:	D:
253	660	-	1	1.284580	I:	D:
750	2111	+	3	1.356801	I:	D:
2206	2559	+	1	1.339018	I:	D:
2661	4262	+	3	1.333136	I:	D:
4391	5263	-	2	1.378032	I:	D:
5293	6423	-	1	1.350565	I:	D:
6395	7546	-	2	1.366190	I:	D:
7560	8855	-	3	1.359765	I:	D:
8907	9764	-	3	1.344636	I:	D:
9780	11231	-	3	1.375173	I:	D:
11397	11630	+	3	1.317244	I:	D:
11671	12996	-	1	1.347517	I:	D:
13201	13644	-	1	1.289662	I:	D:
13863	14711	-	3	1.333012	I:	D:
14895	15545	-	3	1.363781	I:	D:
15579	15980	+	3	1.387305	I:	D:
16239	17930	-	3	1.311532	I:	D:
18292	18504	-	1	1.364229	I:	D:
18494	18937	-	2	1.289662	I:	D:
19241	19918	-	2	1.336369	I:	D:
20214	20780	-	3	1.318313	I:	D:
20943	21401	-	3	1.331969	I:	D:
>Y7.M009_21
2	217	+	2	1.356521	I:	D:
404	1495	+	2	1.373214	I:	D:
1509	3356	-	3	1.375434	I:	D:
3669	4385	+	3	1.365902	I:	D:
4400	6769	+	2	1.350137	I:	D:
6954	8642	+	3	1.310676	I:	D:
8755	8910	+	1	1.309496	I:	D:
8915	9415	+	2	1.349485	I:	D:
9426	9749	+	3	1.335437	I:	D:
9746	12769	+	2	1.338779	I:	D:
12766	13203	+	1	1.353072	I:	D:
13166	13435	+	2	1.349807	I:	D:
13452	14279	+	3	1.306636	I:	D:
14873	16063	-	2	1.333563	I:	D:
16141	16344	-	1	1.263132	I:	D:
16489	16638	+	1	1.396770	I:	D:
16718	16972	-	2	1.241423	I:	D:
16976	17539	-	2	1.304153	I:	D:
17690	18694	-	2	1.292722	I:	D:
18691	19374	-	1	1.278277	I:	D:
19409	21325	-	2	1.280676	I:	D:
21366	22136	-	3	1.286390	I:	D:
22303	22539	-	1	1.259089	I:	D:
22549	22878	-	1	1.259904	I:	D:
22893	23102	-	3	1.244267	I:	D:
23104	23418	-	1	1.239484	I:	D:
23563	24474	-	1	1.321061	I:	D:
24491	25498	-	2	1.350120	I:	D:
25495	27705	-	1	1.358155	I:	D:
27705	30155	-	3	1.338141	I:	D:
30133	30531	-	1	1.339012	I:	D:
30640	31143	-	1	1.315031	I:	D:
31161	31664	-	3	1.317280	I:	D:
31970	32389	-	2	1.246949	I:	D:
32457	32678	-	3	1.281340	I:	D:
32826	34022	-	3	1.328676	I:	D:
34206	35600	-	3	1.345529	I:	D:
35669	35872	-	2	1.241604	I:	D:
35876	36574	-	2	1.287360	I:	D:
36620	37003	-	2	1.349449	I:	D:
37019	37345	-	2	1.283879	I:	D:
37367	37570	-	2	1.368908	I:	D:
37583	40705	-	2	1.309070	I:	D:
41747	43219	+	2	1.314543	I:	D:
43220	43372	+	2	1.329925	I:	D:
43489	44535	+	1	1.287228	I:	D:
44532	46808	+	3	1.298322	I:	D:
46924	47055	-	1	1.316344	I:	D:
47089	47301	+	1	1.263931	I:	D:
47316	48197	+	3	1.301823	I:	D:
48270	48821	+	3	1.295953	I:	D:
49021	49590	+	1	1.321118	I:	D:
49650	50072	+	3	1.349597	I:	D:
50050	50415	+	1	1.333499	I:	D:
50427	50717	+	3	1.334653	I:	D:
50799	51068	+	3	1.372739	I:	D:
51085	51468	+	1	1.355829	I:	D:
51471	51932	-	3	1.323079	I:	D:
52155	52790	+	3	1.379148	I:	D:
52866	53042	-	3	1.355635	I:	D:
53048	53275	+	2	1.374112	I:	D:
53329	54525	+	1	1.361508	I:	D:
54669	55568	+	3	1.333777	I:	D:
55697	56455	+	2	1.335131	I:	D:
56466	57206	+	3	1.360377	I:	D:
57240	57905	+	3	1.354882	I:	D:
57975	58769	-	3	1.340672	I:	D:
58770	59759	-	3	1.345967	I:	D:
59771	60820	-	2	1.349939	I:	D:
60963	61694	+	3	1.294871	I:	D:
61687	62973	+	1	1.307193	I:	D:
63007	63501	+	1	1.283544	I:	D:
63630	64694	+	3	1.306737	I:	D:
64746	65972	-	3	1.339636	I:	D:
66590	67654	+	2	1.324140	I:	D:
67771	68679	+	1	1.344049	I:	D:
68758	69078	+	1	1.359556	I:	D:
69127	70155	+	1	1.347531	I:	D:
70313	72025	+	2	1.332511	I:	D:
72145	73041	-	1	1.349554	I:	D:
73303	74187	+	1	1.359100	I:	D:
74254	75813	+	1	1.370805	I:	D:
75849	76172	+	3	1.378043	I:	D:
76188	76583	+	3	1.405761	I:	D:
76697	77116	-	2	1.290550	I:	D:
77117	77332	-	2	1.251321	I:	D:
77372	77512	+	2	1.338626	I:	D:
77892	78062	+	3	1.363045	I:	D:
78096	78479	+	3	1.345488	I:	D:
78515	79219	-	2	1.289350	I:	D:
79234	80550	-	1	1.303877	I:	D:
80556	80684	-	3	1.302815	I:	D:
80864	81925	+	2	1.280575	I:	D:
81964	83079	+	1	1.269027	I:	D:
83093	83755	+	2	1.273028	I:	D:
83748	84653	+	3	1.277931	I:	D:
84740	86059	-	2	1.360959	I:	D:
86186	86329	-	2	1.297380	I:	D:
86421	87299	+	3	1.343942	I:	D:
87700	88815	+	1	1.325146	I:	D:
88850	89731	+	2	1.348092	I:	D:
89731	90504	+	1	1.363133	I:	D:
90592	91260	+	1	1.306931	I:	D:
91244	91879	+	2	1.322257	I:	D:
91902	92624	-	3	1.344259	I:	D:
92714	93979	-	2	1.365376	I:	D:
94016	94804	-	2	1.351629	I:	D:
94855	95052	-	1	1.306404	I:	D:
95530	95748	+	1	1.332692	I:	D:
96029	97648	+	2	1.334977	I:	D:
97828	98019	-	1	1.327713	I:	D:
98084	98605	-	2	1.378700	I:	D:
99014	99298	-	2	1.408489	I:	D:
99435	99680	+	3	1.348001	I:	D:
99706	100764	+	1	1.392138	I:	D:
100821	102248	+	3	1.357883	I:	D:
102259	103575	+	1	1.363836	I:	D:
103614	104288	+	3	1.355710	I:	D:
104435	105040	+	2	1.357147	I:	D:
105179	105736	+	2	1.361366	I:	D:
105724	107094	+	1	1.360417	I:	D:
107094	107873	+	3	1.348671	I:	D:
107991	108167	+	3	1.408656	I:	D:
108300	109166	+	3	1.356018	I:	D:
109241	109918	+	2	1.337407	I:	D:
109928	111577	+	2	1.360522	I:	D:
111619	111918	+	1	1.321098	I:	D:
112119	113555	+	3	1.329523	I:	D:
113643	114500	+	3	1.335972	I:	D:
114500	115411	+	2	1.347486	I:	D:
115527	116597	+	3	1.363447	I:	D:
116711	117877	+	2	1.369641	I:	D:
118067	119410	+	2	1.359190	I:	D:
119494	121113	+	1	1.345715	I:	D:
121141	122166	-	1	1.348901	I:	D:
122402	123316	+	2	1.340560	I:	D:
123329	124231	+	2	1.322888	I:	D:
124240	125940	+	1	1.346533	I:	D:
125996	127459	+	2	1.348971	I:	D:
127582	128529	+	1	1.340736	I:	D:
128684	130381	+	2	1.317437	I:	D:
130382	132520	+	2	1.366459	I:	D:
132517	134490	+	1	1.370296	I:	D:
134681	135271	+	2	1.326379	I:	D:
135635	136201	+	2	1.291352	I:	D:
136278	136952	-	3	1.320891	I:	D:
137391	138416	+	3	1.333744	I:	D:
138476	138856	+	2	1.313768	I:	D:
138891	139310	+	3	1.297178	I:	D:
139587	139805	+	3	1.248688	I:	D:
>Y7.M009_22
27	482	+	3	1.341501	I:	D:
517	1287	-	1	1.379597	I:	D:
1547	1816	+	2	1.322478	I:	D:
1835	3190	+	2	1.296804	I:	D:
3546	4988	+	3	1.336533	I:	D:
5357	5572	+	2	1.283236	I:	D:
5811	6254	+	3	1.302343	I:	D:
6530	7150	+	2	1.285604	I:	D:
7440	8147	+	3	1.292906	I:	D:
8566	8928	+	1	1.337338	I:	D:
8964	9125	+	3	1.325689	I:	D:
9130	9507	+	1	1.224879	I:	D:
9714	9881	+	3	1.310740	I:	D:
9945	11414	+	3	1.318163	I:	D:
11485	12114	-	1	1.333894	I:	D:
12118	14361	-	1	1.331977	I:	D:
14395	15813	-	1	1.305929	I:	D:
15989	16906	-	2	1.324773	I:	D:
17011	18231	-	1	1.365512	I:	D:
18572	19324	+	2	1.402575	I:	D:
19446	20105	+	3	1.357061	I:	D:
20193	20702	+	3	1.297183	I:	D:
20713	20997	+	1	1.304353	I:	D:
20970	21284	+	3	1.352125	I:	D:
21521	22546	+	2	1.350066	I:	D:
22861	23799	+	1	1.269099	I:	D:
23914	24657	+	1	1.296994	I:	D:
24772	25851	+	1	1.286108	I:	D:
25844	26194	+	2	1.312188	I:	D:
>Y7.M009_23
137	424	-	2	1.282197	I:	D:
435	791	-	3	1.285491	I:	D:
1050	1181	+	3	1.359826	I:	D:
1225	1602	-	1	1.286410	I:	D:
1952	2413	-	2	1.250888	I:	D:
2423	2734	-	2	1.298147	I:	D:
2993	4171	+	2	1.346010	I:	D:
4194	4484	-	3	1.245225	I:	D:
4498	4671	-	1	1.292770	I:	D:
4957	5157	-	1	1.333327	I:	D:
5483	6055	-	2	1.229149	I:	D:
6067	6936	-	1	1.274263	I:	D:
7321	7554	-	1	1.233073	I:	D:
7751	8083	-	2	1.261498	I:	D:
8076	8402	-	3	1.303362	I:	D:
8558	8929	-	2	1.242538	I:	D:
8931	9242	-	3	1.274615	I:	D:
9601	9891	-	1	1.232496	I:	D:
9867	10157	-	3	1.275782	I:	D:
10373	10660	-	2	1.235579	I:	D:
10673	11593	-	2	1.294979	I:	D:
>Y7.M009_24
11	610	+	2	1.304428	I:	D:
626	1783	+	2	1.343231	I:	D:
1918	2340	-	1	1.314122	I:	D:
2497	3651	-	1	1.360734	I:	D:
3729	4190	+	3	1.324618	I:	D:
4284	5210	+	3	1.331404	I:	D:
5289	5645	+	3	1.322245	I:	D:
5874	6428	+	3	1.392270	I:	D:
6425	8338	+	2	1.337999	I:	D:
8522	9454	+	2	1.365002	I:	D:
9544	10647	+	1	1.338399	I:	D:
10678	11934	+	1	1.370468	I:	D:
12038	12532	+	2	1.378653	I:	D:
12585	13538	+	3	1.334582	I:	D:
13578	14168	+	3	1.355714	I:	D:
14191	14421	+	1	1.392167	I:	D:
14421	14990	+	3	1.345802	I:	D:
15089	17332	+	2	1.350533	I:	D:
17426	20020	+	2	1.311905	I:	D:
20058	20639	+	3	1.370694	I:	D:
20936	21775	+	2	1.323152	I:	D:
22263	22409	+	3	1.330485	I:	D:
22697	22876	+	2	1.324043	I:	D:
22935	23711	+	3	1.322557	I:	D:
23795	25843	+	2	1.308236	I:	D:
25914	26261	+	3	1.344608	I:	D:
26276	26506	+	2	1.304703	I:	D:
26522	26674	+	2	1.300901	I:	D:
26806	30810	+	1	1.357892	I:	D:
30846	30998	+	3	1.335069	I:	D:
31234	31587	+	1	1.361072	I:	D:
31716	32849	+	3	1.347496	I:	D:
32908	33105	+	1	1.308431	I:	D:
33095	33397	+	2	1.301925	I:	D:
33485	35314	+	2	1.365928	I:	D:
35405	36187	+	2	1.362615	I:	D:
36231	36827	-	3	1.324600	I:	D:
37101	38750	+	3	1.359497	I:	D:
38849	39850	+	2	1.350466	I:	D:
39878	40360	+	2	1.360324	I:	D:
40438	41538	+	1	1.353497	I:	D:
41560	42063	+	1	1.388664	I:	D:
42153	43010	+	3	1.359444	I:	D:
43023	43868	+	3	1.367482	I:	D:
43918	44751	+	1	1.368326	I:	D:
44787	45521	+	3	1.377760	I:	D:
45592	46884	+	1	1.356093	I:	D:
46933	48552	+	1	1.360395	I:	D:
48870	49298	+	3	1.309042	I:	D:
49315	49707	+	1	1.342249	I:	D:
49869	50111	+	3	1.284581	I:	D:
50180	51490	+	2	1.342133	I:	D:
51697	52005	+	1	1.305799	I:	D:
52157	52621	-	2	1.333451	I:	D:
53081	53824	+	2	1.357615	I:	D:
53826	54752	+	3	1.351087	I:	D:
54791	54925	+	2	1.330396	I:	D:
55059	56090	+	3	1.328752	I:	D:
56130	57041	+	3	1.368122	I:	D:
57090	57563	+	3	1.339897	I:	D:
57939	58097	+	3	1.337720	I:	D:
58163	59629	+	2	1.346050	I:	D:
59725	60192	+	1	1.359590	I:	D:
60295	61329	+	1	1.340695	I:	D:
61356	62144	+	3	1.355408	I:	D:
62243	63433	+	2	1.361876	I:	D:
63426	64193	+	3	1.326707	I:	D:
64403	65611	+	2	1.298466	I:	D:
65608	66285	+	1	1.313271	I:	D:
66309	66971	+	3	1.346720	I:	D:
67102	67767	+	1	1.320533	I:	D:
68030	68260	+	2	1.312182	I:	D:
68448	68666	+	3	1.338497	I:	D:
68748	70646	+	3	1.359720	I:	D:
71081	71449	+	2	1.377655	I:	D:
71467	72264	+	1	1.341425	I:	D:
72283	73497	+	1	1.348127	I:	D:
73641	75773	+	3	1.374893	I:	D:
75951	76223	-	3	1.340515	I:	D:
76307	77077	-	2	1.367257	I:	D:
77187	77435	+	3	1.375519	I:	D:
77578	79509	+	1	1.329736	I:	D:
79965	80690	+	3	1.302676	I:	D:
80812	81048	+	1	1.325311	I:	D:
81120	82019	+	3	1.306124	I:	D:
82214	83116	+	2	1.355658	I:	D:
83109	83972	+	3	1.373770	I:	D:
84235	84924	+	1	1.358915	I:	D:
84981	87404	+	3	1.340114	I:	D:
87516	88331	-	3	1.297947	I:	D:
88373	88954	-	2	1.334050	I:	D:
88956	89840	-	3	1.331270	I:	D:
89973	91370	+	3	1.395253	I:	D:
91520	92329	+	2	1.349725	I:	D:
92329	92979	+	1	1.329750	I:	D:
93144	93824	+	3	1.353297	I:	D:
93870	95192	+	3	1.366919	I:	D:
95623	96927	+	1	1.353588	I:	D:
96958	99006	+	1	1.358739	I:	D:
99290	99817	+	2	1.351136	I:	D:
99885	100031	-	3	1.332512	I:	D:
100332	100505	+	3	1.336041	I:	D:
100578	100991	+	3	1.303364	I:	D:
101220	101486	+	3	1.317340	I:	D:
101659	102714	+	1	1.368791	I:	D:
102716	104110	+	2	1.361275	I:	D:
104216	104737	+	2	1.337945	I:	D:
104737	105519	+	1	1.376075	I:	D:
105579	106523	+	3	1.362207	I:	D:
106599	108950	+	3	1.385637	I:	D:
109006	109635	+	1	1.369103	I:	D:
109632	111230	+	3	1.391573	I:	D:
111249	111398	+	3	1.297812	I:	D:
111520	112776	+	1	1.372755	I:	D:
113144	115099	+	2	1.294171	I:	D:
115145	115408	+	2	1.242011	I:	D:
115443	116645	+	3	1.289738	I:	D:
116673	117356	+	3	1.292684	I:	D:
117366	118118	+	3	1.274879	I:	D:
118129	118908	+	1	1.259705	I:	D:
118883	119932	+	2	1.287610	I:	D:
119935	121044	+	1	1.286114	I:	D:
121053	122234	+	3	1.309274	I:	D:
122237	123697	+	2	1.297123	I:	D:
123694	124557	+	1	1.267184	I:	D:
124573	125811	+	1	1.290574	I:	D:
125815	126450	+	1	1.282308	I:	D:
126475	128343	+	1	1.299342	I:	D:
128422	128745	+	1	1.326152	I:	D:
128714	129445	+	2	1.332087	I:	D:
129414	129947	+	3	1.345661	I:	D:
130030	130323	+	1	1.321367	I:	D:
130399	131466	-	1	1.321825	I:	D:
132099	132362	+	3	1.362302	I:	D:
132516	132962	+	3	1.284776	I:	D:
133122	133259	+	3	1.269391	I:	D:
133368	134093	+	3	1.321533	I:	D:
134564	140458	+	2	1.298654	I:	D:
140535	140699	+	3	1.333932	I:	D:
140773	140931	+	1	1.377557	I:	D:
141065	141832	+	2	1.351266	I:	D:
141847	142374	+	1	1.303401	I:	D:
142371	144308	+	3	1.327619	I:	D:
144456	144668	+	3	1.311914	I:	D:
144696	145565	+	3	1.338836	I:	D:
145590	145961	+	3	1.327759	I:	D:
145939	148764	+	1	1.318893	I:	D:
148808	149551	+	2	1.320125	I:	D:
149391	149987	+	3	1.301648	I:	D:
149993	152422	+	2	1.330791	I:	D:
152439	152774	+	3	1.295223	I:	D:
152764	153429	+	1	1.280397	I:	D:
153502	155616	+	1	1.327619	I:	D:
155644	164097	+	1	1.327167	I:	D:
164142	168893	+	3	1.307189	I:	D:
168890	169123	+	2	1.275121	I:	D:
169120	169971	+	1	1.304806	I:	D:
170057	170257	-	2	1.318032	I:	D:
170358	170795	+	3	1.303418	I:	D:
170862	172523	-	3	1.324043	I:	D:
172495	172887	-	1	1.296029	I:	D:
172918	173079	+	1	1.384549	I:	D:
173270	173530	+	2	1.342458	I:	D:
173706	175361	+	3	1.317659	I:	D:
175529	176848	+	2	1.304893	I:	D:
176851	178545	+	1	1.311624	I:	D:
178538	180148	+	2	1.310280	I:	D:
180145	180480	+	1	1.376195	I:	D:
180604	181923	+	1	1.279714	I:	D:
181976	182212	-	2	1.277660	I:	D:
182231	182869	-	2	1.326525	I:	D:
183107	184042	+	2	1.307487	I:	D:
184055	184408	+	2	1.284813	I:	D:
184469	185311	-	2	1.302498	I:	D:
185409	185771	-	3	1.284345	I:	D:
185941	186912	+	1	1.302549	I:	D:
186909	188762	+	3	1.313053	I:	D:
188755	189471	+	1	1.307614	I:	D:
189497	189883	+	2	1.368824	I:	D:
190021	190272	+	1	1.383608	I:	D:
190360	190620	+	1	1.342577	I:	D:
190671	191870	+	3	1.379704	I:	D:
191879	192883	+	2	1.349129	I:	D:
192886	194064	+	1	1.353146	I:	D:
194070	194357	+	3	1.326423	I:	D:
194601	195683	+	3	1.324099	I:	D:
195906	196622	+	3	1.304359	I:	D:
196661	197662	+	2	1.321036	I:	D:
197647	198342	+	1	1.328442	I:	D:
198725	199462	+	2	1.311209	I:	D:
199621	203544	+	1	1.318511	I:	D:
203744	203911	+	2	1.336435	I:	D:
203985	204284	+	3	1.312768	I:	D:
204274	204588	+	1	1.307610	I:	D:
204821	204961	+	2	1.237051	I:	D:
205107	206594	+	3	1.317575	I:	D:
206869	207486	+	1	1.275903	I:	D:
207467	207691	+	2	1.276469	I:	D:
208030	208890	+	1	1.337090	I:	D:
208899	209666	+	3	1.337785	I:	D:
209617	209895	+	1	1.309170	I:	D:
210032	211075	+	2	1.271901	I:	D:
211106	211381	+	2	1.334647	I:	D:
211552	213405	+	1	1.276149	I:	D:
213827	215539	+	2	1.291150	I:	D:
215913	216083	+	3	1.355099	I:	D:
216182	216559	+	2	1.334922	I:	D:
216766	216978	-	1	1.368254	I:	D:
216982	217353	-	1	1.338899	I:	D:
217481	217750	-	2	1.320895	I:	D:
218071	218217	-	1	1.338589	I:	D:
218235	219452	+	3	1.331614	I:	D:
219876	220775	+	3	1.281138	I:	D:
221082	222284	+	3	1.276641	I:	D:
222475	222825	+	1	1.306933	I:	D:
223020	223832	+	3	1.281176	I:	D:
223897	224052	+	1	1.357137	I:	D:
224129	224464	+	2	1.287124	I:	D:
224461	224799	+	1	1.332552	I:	D:
224958	225224	+	3	1.345170	I:	D:
225362	228622	+	2	1.304065	I:	D:
228626	228850	+	2	1.297896	I:	D:
229120	229845	+	1	1.336301	I:	D:
229869	231029	+	3	1.342172	I:	D:
231023	231502	+	2	1.350978	I:	D:
231586	233055	+	1	1.324258	I:	D:
233142	233489	+	3	1.426181	I:	D:
233668	234873	+	1	1.349161	I:	D:
235255	236514	+	1	1.348104	I:	D:
236603	238399	+	2	1.348933	I:	D:
238409	239449	+	2	1.347088	I:	D:
239604	239732	-	3	1.385112	I:	D:
239896	241335	-	1	1.345757	I:	D:
241339	242040	-	1	1.372563	I:	D:
242092	244470	-	1	1.357587	I:	D:
244608	244736	-	3	1.391296	I:	D:
244767	244991	-	3	1.398577	I:	D:
245009	246277	+	2	1.347260	I:	D:
246296	247240	+	2	1.352423	I:	D:
247350	248843	+	3	1.360492	I:	D:
249094	249681	+	1	1.383066	I:	D:
249671	250993	+	2	1.348410	I:	D:
251077	251700	+	1	1.314322	I:	D:
251764	252798	+	1	1.296822	I:	D:
252854	254089	+	2	1.294916	I:	D:
254113	255534	+	1	1.295841	I:	D:
255570	257435	+	3	1.266216	I:	D:
257782	257943	+	1	1.327633	I:	D:
258081	258635	+	3	1.313120	I:	D:
258693	258827	+	3	1.326515	I:	D:
259015	260574	+	1	1.295610	I:	D:
260665	262461	-	1	1.338503	I:	D:
262463	262849	-	2	1.329495	I:	D:
>Y7.M009_25
188	520	-	2	1.331793	I:	D:
586	1305	-	1	1.327504	I:	D:
1382	2419	-	2	1.350276	I:	D:
2449	3030	-	1	1.335496	I:	D:
3042	3953	-	3	1.359466	I:	D:
3947	4396	-	2	1.359072	I:	D:
4393	5106	-	1	1.367866	I:	D:
5106	5555	-	3	1.340815	I:	D:
5614	6111	-	1	1.337331	I:	D:
6231	6839	-	3	1.351790	I:	D:
7139	9499	-	2	1.336615	I:	D:
9586	10014	+	1	1.331726	I:	D:
10183	10446	+	1	1.439699	I:	D:
10562	11296	+	2	1.371013	I:	D:
11745	12938	-	3	1.343330	I:	D:
12974	13948	-	2	1.337908	I:	D:
14077	14895	-	1	1.335517	I:	D:
15207	17021	-	3	1.335136	I:	D:
17089	17283	-	1	1.333822	I:	D:
17497	18558	-	1	1.329170	I:	D:
18560	19342	-	2	1.322300	I:	D:
19400	20569	-	2	1.328855	I:	D:
20611	21483	-	1	1.320712	I:	D:
21640	22824	-	1	1.324690	I:	D:
23149	26355	-	1	1.337305	I:	D:
26355	27425	-	3	1.341106	I:	D:
27705	28301	-	3	1.377197	I:	D:
28301	30649	-	2	1.352620	I:	D:
30681	31025	-	3	1.346909	I:	D:
31032	31850	-	3	1.347915	I:	D:
31864	32664	-	1	1.315431	I:	D:
32676	33866	-	3	1.325632	I:	D:
33874	34317	-	1	1.337167	I:	D:
34415	35716	-	2	1.337539	I:	D:
35728	36483	-	1	1.355974	I:	D:
36494	37486	-	2	1.341535	I:	D:
37530	37730	-	3	1.372125	I:	D:
37851	38342	-	3	1.370474	I:	D:
38326	39654	-	1	1.318318	I:	D:
39735	40643	-	3	1.344672	I:	D:
40633	41316	-	1	1.325687	I:	D:
41327	42412	-	2	1.339033	I:	D:
42589	43272	-	1	1.334668	I:	D:
43536	43670	-	3	1.305418	I:	D:
43804	45039	-	1	1.328307	I:	D:
45216	45590	-	3	1.334470	I:	D:
45633	46469	-	3	1.344379	I:	D:
46526	47251	-	2	1.363613	I:	D:
47263	47442	-	1	1.295906	I:	D:
47743	48450	-	1	1.362687	I:	D:
48616	51357	+	1	1.356480	I:	D:
51465	53222	-	3	1.317232	I:	D:
53452	55575	-	1	1.337610	I:	D:
55720	55857	+	1	1.278391	I:	D:
55904	56761	+	2	1.381599	I:	D:
56773	58530	-	1	1.338125	I:	D:
58557	59642	-	3	1.328559	I:	D:
59987	61231	-	2	1.310960	I:	D:
61228	62361	-	1	1.293552	I:	D:
62334	63401	-	3	1.278900	I:	D:
63385	64275	-	1	1.276312	I:	D:
64458	65612	-	3	1.306214	I:	D:
65602	66786	-	1	1.266364	I:	D:
66802	68190	-	1	1.360776	I:	D:
68201	70441	-	2	1.360373	I:	D:
70697	70858	-	2	1.270800	I:	D:
71384	71974	-	2	1.279724	I:	D:
72034	73032	-	1	1.284834	I:	D:
73063	73218	-	1	1.260497	I:	D:
73666	74532	-	1	1.327912	I:	D:
74664	75548	-	3	1.364275	I:	D:
75549	76418	-	3	1.369757	I:	D:
76420	77295	-	1	1.360833	I:	D:
77295	78254	-	3	1.351910	I:	D:
78271	79680	-	1	1.350818	I:	D:
79687	80628	-	1	1.367366	I:	D:
80687	82561	-	2	1.358734	I:	D:
82861	84981	-	1	1.335951	I:	D:
85230	86834	-	3	1.357598	I:	D:
86970	87146	-	3	1.370036	I:	D:
87188	87364	-	2	1.298059	I:	D:
87432	87935	-	3	1.346544	I:	D:
87973	88593	-	1	1.363897	I:	D:
88710	89348	+	3	1.388164	I:	D:
89621	90397	-	2	1.346278	I:	D:
90469	90888	+	1	1.388843	I:	D:
90889	91389	-	1	1.324225	I:	D:
91649	92761	-	2	1.337035	I:	D:
92906	93073	+	2	1.356896	I:	D:
93300	93803	-	3	1.299615	I:	D:
93826	94080	-	1	1.270351	I:	D:
94240	96768	-	1	1.339985	I:	D:
96787	97128	-	1	1.381841	I:	D:
97170	98009	-	3	1.349120	I:	D:
98028	98555	-	3	1.338231	I:	D:
98640	99356	+	3	1.328721	I:	D:
99385	101202	-	1	1.356029	I:	D:
101319	102014	-	3	1.347803	I:	D:
102048	103646	-	3	1.337333	I:	D:
103935	105719	+	3	1.344240	I:	D:
105775	107334	-	1	1.355951	I:	D:
107336	107788	-	2	1.307233	I:	D:
107853	108224	-	3	1.366717	I:	D:
108264	108395	+	3	1.282001	I:	D:
108472	109860	+	1	1.352704	I:	D:
109916	111127	+	2	1.344337	I:	D:
111148	112068	+	1	1.333836	I:	D:
112081	112917	-	1	1.323559	I:	D:
113205	114134	-	3	1.307020	I:	D:
114302	114637	+	2	1.319109	I:	D:
114711	115100	-	3	1.298505	I:	D:
115113	115739	-	3	1.308598	I:	D:
115729	117006	-	1	1.293896	I:	D:
117186	117329	+	3	1.342510	I:	D:
117379	118401	-	1	1.286367	I:	D:
118428	119021	-	3	1.294297	I:	D:
119315	119638	-	2	1.275615	I:	D:
119631	119801	+	3	1.342079	I:	D:
119872	120516	-	1	1.289141	I:	D:
120575	120745	+	2	1.296570	I:	D:
120732	120998	+	3	1.317343	I:	D:
121326	122654	-	3	1.274759	I:	D:
122741	123424	-	2	1.313988	I:	D:
123426	123827	-	3	1.304953	I:	D:
123817	124344	-	1	1.305838	I:	D:
124475	126049	-	2	1.351507	I:	D:
126273	126917	+	3	1.330463	I:	D:
127111	127398	+	1	1.356982	I:	D:
127464	128624	-	3	1.357494	I:	D:
128646	131294	-	3	1.347478	I:	D:
131350	131727	-	1	1.367795	I:	D:
131752	132093	-	1	1.355542	I:	D:
133156	133875	-	1	1.306815	I:	D:
134109	135236	-	3	1.311076	I:	D:
135415	136758	-	1	1.356553	I:	D:
136925	137083	+	2	1.343346	I:	D:
137108	137491	-	2	1.288103	I:	D:
137503	138573	-	1	1.308967	I:	D:
138591	138971	-	3	1.278567	I:	D:
138968	140902	-	2	1.304396	I:	D:
140921	141220	-	2	1.320605	I:	D:
141255	141698	-	3	1.290461	I:	D:
141700	142026	-	1	1.309792	I:	D:
142075	142992	-	1	1.281233	I:	D:
143038	145446	-	1	1.290630	I:	D:
145496	145984	-	2	1.281708	I:	D:
146106	146276	-	3	1.259972	I:	D:
146294	146587	-	2	1.235994	I:	D:
146563	147255	-	1	1.278979	I:	D:
147188	147694	-	2	1.274842	I:	D:
147706	151872	-	1	1.335825	I:	D:
151875	152135	-	3	1.274390	I:	D:
152222	152641	-	2	1.335603	I:	D:
152784	153086	-	3	1.324913	I:	D:
153310	153447	+	1	1.300028	I:	D:
153453	153836	-	3	1.265486	I:	D:
153840	154181	-	3	1.299856	I:	D:
154227	154577	-	3	1.338332	I:	D:
154592	155185	-	2	1.256808	I:	D:
155368	155670	-	1	1.333826	I:	D:
155938	156186	-	1	1.280943	I:	D:
156202	157935	-	1	1.297166	I:	D:
157941	158222	-	3	1.297741	I:	D:
158281	158901	-	1	1.301843	I:	D:
158922	159242	-	3	1.290497	I:	D:
159275	159820	-	2	1.282655	I:	D:
159828	160757	-	3	1.325590	I:	D:
160861	161277	-	1	1.319109	I:	D:
161443	161790	-	1	1.316978	I:	D:
161798	162727	-	2	1.324569	I:	D:
162745	164466	-	1	1.310568	I:	D:
164485	164796	-	1	1.299973	I:	D:
164796	165224	-	3	1.347321	I:	D:
165260	166288	-	2	1.331473	I:	D:
166306	166725	-	1	1.342080	I:	D:
166715	168412	-	2	1.335260	I:	D:
168422	169198	-	2	1.358874	I:	D:
169331	174514	-	2	1.316345	I:	D:
174716	175909	-	2	1.375771	I:	D:
176030	178822	-	2	1.371310	I:	D:
179026	179235	+	1	1.275092	I:	D:
179248	180576	+	1	1.354837	I:	D:
180631	180945	+	1	1.349641	I:	D:
181004	181879	-	2	1.355805	I:	D:
181892	182554	-	2	1.305960	I:	D:
182542	182982	-	1	1.332154	I:	D:
183110	183352	+	2	1.430023	I:	D:
183497	184768	-	2	1.335749	I:	D:
184960	186534	-	1	1.348014	I:	D:
186657	186899	-	3	1.353973	I:	D:
187181	187609	-	2	1.331130	I:	D:
187705	188436	+	1	1.366874	I:	D:
188523	190217	-	3	1.335257	I:	D:
190341	190748	-	3	1.392441	I:	D:
190720	191607	-	1	1.358380	I:	D:
191607	192986	-	3	1.333422	I:	D:
193089	194414	-	3	1.308196	I:	D:
194430	195932	-	3	1.339604	I:	D:
196187	197200	+	2	1.338969	I:	D:
197235	199370	+	3	1.364449	I:	D:
199704	199838	+	3	1.384065	I:	D:
200148	201998	-	3	1.344107	I:	D:
202013	202558	-	2	1.340465	I:	D:
202536	204041	-	3	1.353035	I:	D:
204041	205906	-	2	1.361358	I:	D:
205967	206260	-	2	1.335005	I:	D:
206278	206562	-	1	1.348502	I:	D:
206672	206911	-	2	1.340386	I:	D:
207041	207313	-	2	1.302619	I:	D:
207467	208801	-	2	1.364399	I:	D:
208719	208865	-	3	1.264380	I:	D:
208906	209874	-	1	1.386748	I:	D:
209928	211268	-	3	1.369504	I:	D:
211284	212723	-	3	1.364834	I:	D:
212818	213963	-	1	1.331159	I:	D:
213993	214970	-	3	1.288249	I:	D:
214986	215423	-	3	1.273758	I:	D:
215728	216429	+	1	1.351042	I:	D:
216474	216782	+	3	1.345764	I:	D:
216851	218281	-	2	1.340092	I:	D:
218633	219034	-	2	1.296128	I:	D:
219230	219910	-	2	1.323528	I:	D:
220025	221701	-	2	1.331203	I:	D:
221723	223435	-	2	1.305534	I:	D:
223732	224508	-	1	1.353642	I:	D:
224505	224945	-	3	1.343306	I:	D:
225301	226698	+	1	1.348416	I:	D:
227123	228451	+	2	1.301562	I:	D:
228496	229251	+	1	1.341030	I:	D:
229270	231516	-	1	1.337573	I:	D:
231645	232388	-	3	1.369798	I:	D:
232419	234812	-	3	1.342402	I:	D:
234840	235661	-	3	1.330507	I:	D:
235674	236552	-	3	1.330278	I:	D:
236583	237944	-	3	1.319680	I:	D:
238216	239295	+	1	1.332130	I:	D:
239348	240697	-	2	1.361397	I:	D:
240728	240886	-	2	1.337889	I:	D:
241028	241171	+	2	1.317012	I:	D:
241304	241543	+	2	1.299473	I:	D:
241665	241928	-	3	1.326111	I:	D:
241960	242709	-	1	1.280866	I:	D:
242750	243697	-	2	1.324243	I:	D:
243725	244624	-	2	1.278976	I:	D:
244837	245586	-	1	1.288499	I:	D:
245720	246553	-	2	1.330911	I:	D:
246624	246770	+	3	1.348160	I:	D:
246874	247842	-	1	1.354358	I:	D:
247562	249316	-	2	1.339915	I:	D:
249564	250010	-	3	1.332392	I:	D:
>Y7.M009_26
417	1043	-	3	1.352003	I:	D:
1043	1942	-	2	1.336519	I:	D:
2015	3280	-	2	1.347203	I:	D:
3461	4105	-	2	1.360016	I:	D:
4188	4838	-	3	1.363391	I:	D:
4901	6049	-	2	1.346565	I:	D:
6056	6727	-	2	1.363533	I:	D:
6727	7686	-	1	1.338039	I:	D:
7839	8123	-	3	1.258105	I:	D:
8139	8399	-	3	1.304348	I:	D:
8532	9902	-	3	1.356874	I:	D:
10137	10424	-	3	1.336046	I:	D:
10847	12979	-	2	1.343715	I:	D:
13460	14308	-	2	1.378986	I:	D:
14772	15089	+	3	1.352073	I:	D:
15094	15321	+	1	1.307948	I:	D:
15412	16770	-	1	1.381045	I:	D:
16780	16908	-	1	1.312095	I:	D:
17023	17190	-	1	1.287778	I:	D:
17213	18565	-	2	1.300137	I:	D:
18786	19136	-	3	1.326051	I:	D:
19192	20004	-	1	1.335082	I:	D:
20115	20297	-	3	1.248685	I:	D:
20324	20464	+	2	1.335501	I:	D:
20572	21012	-	1	1.273414	I:	D:
21042	21170	-	3	1.328866	I:	D:
21288	21755	-	3	1.329336	I:	D:
21757	22593	-	1	1.290405	I:	D:
22721	23431	-	2	1.302318	I:	D:
23450	23860	-	2	1.284513	I:	D:
23887	24045	-	1	1.346171	I:	D:
24125	24286	-	2	1.269192	I:	D:
24279	24443	-	3	1.273665	I:	D:
24705	24833	-	3	1.266054	I:	D:
24896	25108	-	2	1.327993	I:	D:
25236	26495	+	3	1.299182	I:	D:
27324	28472	-	3	1.386015	I:	D:
28514	29104	-	2	1.379500	I:	D:
>Y7.M009_27
207	608	+	3	1.374046	I:	D:
648	842	+	3	1.369938	I:	D:
922	1641	-	1	1.327244	I:	D:
1616	2977	-	2	1.314939	I:	D:
2993	3571	-	2	1.323925	I:	D:
3804	3947	+	3	1.283067	I:	D:
3966	4403	+	3	1.306622	I:	D:
4427	5638	+	2	1.296838	I:	D:
5655	6401	+	3	1.354870	I:	D:
6394	7251	+	1	1.355153	I:	D:
7253	7930	+	2	1.364020	I:	D:
7952	8590	+	2	1.275972	I:	D:
8881	9438	-	1	1.352090	I:	D:
9705	10748	+	3	1.334536	I:	D:
10982	11161	-	2	1.302616	I:	D:
11354	12289	+	2	1.338679	I:	D:
12410	14347	+	2	1.371732	I:	D:
14420	16642	+	2	1.357466	I:	D:
16661	18682	+	2	1.385021	I:	D:
18893	19156	+	2	1.342490	I:	D:
19187	20887	+	2	1.353821	I:	D:
21144	22541	+	3	1.325117	I:	D:
22810	23541	+	1	1.291248	I:	D:
23557	23766	+	1	1.280299	I:	D:
23919	24329	+	3	1.273688	I:	D:
24448	24804	+	1	1.292174	I:	D:
24986	25342	+	2	1.299136	I:	D:
25352	26047	+	2	1.325570	I:	D:
26037	26660	+	3	1.300584	I:	D:
>Y7.M009_28
247	723	-	1	1.309140	I:	D:
881	1033	-	2	1.305162	I:	D:
1054	1791	+	1	1.298069	I:	D:
1779	3035	+	3	1.303649	I:	D:
3297	4538	-	3	1.341123	I:	D:
4769	5860	+	2	1.372926	I:	D:
6005	7345	+	2	1.344711	I:	D:
7450	8703	-	1	1.343437	I:	D:
8785	10764	-	1	1.331387	I:	D:
10817	11584	-	2	1.340225	I:	D:
11859	12236	+	3	1.350703	I:	D:
12242	12943	+	2	1.324682	I:	D:
12993	13127	-	3	1.352850	I:	D:
13617	15260	-	3	1.365193	I:	D:
15398	15787	-	2	1.391837	I:	D:
15811	16629	+	1	1.361233	I:	D:
>Y7.M009_29
1	354	+	1	1.330572	I:	D:
407	556	+	2	1.311866	I:	D:
599	1867	+	2	1.330025	I:	D:
2031	2585	+	3	1.326646	I:	D:
2805	3089	-	3	1.353390	I:	D:
3252	3383	+	3	1.323831	I:	D:
3474	4022	+	3	1.316528	I:	D:
4019	4813	+	2	1.304373	I:	D:
4931	5569	+	2	1.298836	I:	D:
5930	7036	+	2	1.328359	I:	D:
7040	7555	+	2	1.358844	I:	D:
7560	8051	+	3	1.327046	I:	D:
8214	9371	+	3	1.329480	I:	D:
9474	11135	+	3	1.343339	I:	D:
11257	12669	+	1	1.333312	I:	D:
12766	13092	+	1	1.407976	I:	D:
13209	14636	+	3	1.350341	I:	D:
14639	15193	+	2	1.369671	I:	D:
15400	16884	+	1	1.341876	I:	D:
16961	17614	+	2	1.356036	I:	D:
17623	18585	+	1	1.349796	I:	D:
18653	19180	+	2	1.340523	I:	D:
19266	19754	+	3	1.354502	I:	D:
19824	20933	+	3	1.348814	I:	D:
20935	22008	+	1	1.352108	I:	D:
22018	23433	+	1	1.364645	I:	D:
23530	24444	+	1	1.317574	I:	D:
24444	25169	+	3	1.380578	I:	D:
25132	26202	+	1	1.349141	I:	D:
26223	27386	+	3	1.355613	I:	D:
27416	28444	+	2	1.346682	I:	D:
28542	29159	+	3	1.347286	I:	D:
29181	29435	+	3	1.376099	I:	D:
29475	30335	+	3	1.347496	I:	D:
30356	30889	+	2	1.361655	I:	D:
30870	33245	+	3	1.359187	I:	D:
33242	33994	+	2	1.321572	I:	D:
34125	34670	+	3	1.351207	I:	D:
34925	37345	+	2	1.339675	I:	D:
37254	37556	+	3	1.367251	I:	D:
37777	39084	+	1	1.332591	I:	D:
39153	39479	-	3	1.402929	I:	D:
39580	39813	+	1	1.288301	I:	D:
39819	40727	+	3	1.331992	I:	D:
40821	41747	+	3	1.336213	I:	D:
41734	42474	+	1	1.343883	I:	D:
42471	43703	+	3	1.335310	I:	D:
43969	44403	+	1	1.336418	I:	D:
44418	46187	+	3	1.331153	I:	D:
46206	47174	+	3	1.347504	I:	D:
47187	47681	+	3	1.344218	I:	D:
47791	49149	+	1	1.328022	I:	D:
49249	50256	-	1	1.328076	I:	D:
50249	50737	-	2	1.329050	I:	D:
51273	52451	+	3	1.351606	I:	D:
52558	53277	+	1	1.351593	I:	D:
53383	54579	+	1	1.358453	I:	D:
54702	55166	+	3	1.352656	I:	D:
55343	55546	-	2	1.403829	I:	D:
55739	56440	+	2	1.366217	I:	D:
56465	57238	+	2	1.351901	I:	D:
57265	57978	+	1	1.365309	I:	D:
57975	59873	+	3	1.373285	I:	D:
59916	60059	+	3	1.276390	I:	D:
>Y7.M009_30
3	1436	-	3	1.326776	I:	D:
1498	2514	-	1	1.323680	I:	D:
2599	3261	-	1	1.322917	I:	D:
3329	3928	-	2	1.342376	I:	D:
4061	4492	-	2	1.358284	I:	D:
4516	5355	-	1	1.340314	I:	D:
5355	5561	-	3	1.316881	I:	D:
5645	5962	-	2	1.306534	I:	D:
5965	6210	-	1	1.338354	I:	D:
6304	7173	-	1	1.358020	I:	D:
7276	8508	-	1	1.347730	I:	D:
8631	9626	-	3	1.342221	I:	D:
9738	11363	-	3	1.342030	I:	D:
11466	13151	-	3	1.325507	I:	D:
13342	14223	+	1	1.344545	I:	D:
14228	15667	-	2	1.356191	I:	D:
>Y7.M009_31
1	531	-	1	1.338124	I:	D:
569	1102	-	2	1.331093	I:	D:
1184	2152	-	2	1.326449	I:	D:
2300	2494	-	2	1.342370	I:	D:
2544	3407	-	3	1.319361	I:	D:
3429	4868	-	3	1.360354	I:	D:
5040	5246	-	3	1.317757	I:	D:
5306	5854	-	2	1.394871	I:	D:
5887	7932	-	1	1.342133	I:	D:
8187	8339	+	3	1.400827	I:	D:
8673	9641	-	3	1.365365	I:	D:
9746	10333	-	2	1.334516	I:	D:
10951	11283	+	1	1.375661	I:	D:
11296	12303	+	1	1.362668	I:	D:
12397	13155	+	1	1.358944	I:	D:
13470	14261	-	3	1.307083	I:	D:
14264	15103	-	2	1.295177	I:	D:
15174	16319	-	3	1.296302	I:	D:
16573	18237	-	1	1.315798	I:	D:
18239	19363	-	2	1.333859	I:	D:
19562	19822	-	2	1.307445	I:	D:
20261	20413	+	2	1.278909	I:	D:
20542	21732	-	1	1.296961	I:	D:
21858	22871	-	3	1.299473	I:	D:
22903	23919	-	1	1.299413	I:	D:
23934	24989	-	3	1.307604	I:	D:
24974	25690	-	2	1.304708	I:	D:
25824	26819	-	3	1.323448	I:	D:
27011	28858	-	2	1.288163	I:	D:
28848	29234	-	3	1.258346	I:	D:
29246	30058	-	2	1.318234	I:	D:
30287	30763	-	2	1.297097	I:	D:
30848	31243	-	2	1.338162	I:	D:
31335	34028	-	3	1.341708	I:	D:
34038	34499	-	3	1.345082	I:	D:
34716	36047	-	3	1.374602	I:	D:
36059	36505	-	2	1.343390	I:	D:
36502	38559	-	1	1.370082	I:	D:
38584	38715	+	1	1.371973	I:	D:
38925	39860	-	3	1.345686	I:	D:
39867	40310	-	3	1.364611	I:	D:
40465	40722	-	1	1.354114	I:	D:
40762	41205	-	1	1.348554	I:	D:
41230	41553	-	1	1.326522	I:	D:
41685	41873	-	3	1.365443	I:	D:
41931	42665	-	3	1.370484	I:	D:
42803	43453	-	2	1.333438	I:	D:
43471	44832	-	1	1.364603	I:	D:
44875	45711	-	1	1.387132	I:	D:
45724	46482	-	1	1.372971	I:	D:
46460	47692	-	2	1.353875	I:	D:
47697	48686	-	3	1.358809	I:	D:
48737	49177	-	2	1.373045	I:	D:
49246	49833	-	1	1.379586	I:	D:
49895	51367	-	2	1.349089	I:	D:
51389	52312	-	2	1.354011	I:	D:
52312	52917	-	1	1.361994	I:	D:
52917	53780	-	3	1.357236	I:	D:
53806	55386	-	1	1.359483	I:	D:
55441	56082	+	1	1.360883	I:	D:
56112	56354	-	3	1.385273	I:	D:
56723	56896	-	2	1.361516	I:	D:
57211	58440	+	1	1.347383	I:	D:
58534	58683	-	1	1.287467	I:	D:
58684	58827	+	1	1.294094	I:	D:
58944	60536	-	3	1.344652	I:	D:
60693	62024	-	3	1.325783	I:	D:
62908	63585	-	1	1.334645	I:	D:
63619	64677	-	1	1.351704	I:	D:
64747	65778	-	1	1.319027	I:	D:
65778	66449	-	3	1.320985	I:	D:
66469	67902	-	1	1.304086	I:	D:
67946	68119	+	2	1.333804	I:	D:
68146	69864	-	1	1.339020	I:	D:
70037	71491	-	2	1.337027	I:	D:
71661	73181	-	3	1.301325	I:	D:
73437	73796	-	3	1.286295	I:	D:
73825	74082	-	1	1.344911	I:	D:
74327	74602	-	2	1.248925	I:	D:
74703	75068	-	3	1.268942	I:	D:
75078	75413	-	3	1.271419	I:	D:
75432	75827	-	3	1.339316	I:	D:
75935	76312	-	2	1.243892	I:	D:
76317	78041	-	3	1.314951	I:	D:
78275	79066	+	2	1.322897	I:	D:
79250	79921	-	2	1.285370	I:	D:
79930	80430	-	1	1.296509	I:	D:
80432	81412	-	2	1.311893	I:	D:
81428	81670	-	2	1.297054	I:	D:
81963	82250	-	3	1.280685	I:	D:
82263	83153	-	3	1.300749	I:	D:
>Y7.M009_32
169	2316	-	1	1.350176	I:	D:
2313	2801	-	3	1.339410	I:	D:
2887	5022	-	1	1.337774	I:	D:
5047	6312	-	1	1.344029	I:	D:
6358	7200	-	1	1.355954	I:	D:
7364	8650	-	2	1.351573	I:	D:
8866	9369	+	1	1.356063	I:	D:
9455	9658	+	2	1.304343	I:	D:
9829	11298	-	1	1.351954	I:	D:
11651	13108	-	2	1.356114	I:	D:
13349	14608	-	2	1.351654	I:	D:
14629	16206	-	1	1.344902	I:	D:
16184	16888	-	2	1.368541	I:	D:
16889	18238	-	2	1.311038	I:	D:
18346	20154	+	1	1.353372	I:	D:
20475	21410	-	3	1.349584	I:	D:
22476	23072	-	3	1.359182	I:	D:
23045	23407	+	2	1.315067	I:	D:
23605	25881	-	1	1.355459	I:	D:
26198	26650	-	2	1.332937	I:	D:
26819	28567	+	2	1.357265	I:	D:
28639	30459	+	1	1.339962	I:	D:
30474	30704	+	3	1.388505	I:	D:
30825	32777	-	3	1.342370	I:	D:
32789	34006	-	2	1.338894	I:	D:
34069	34617	-	1	1.328685	I:	D:
34624	36048	-	1	1.324211	I:	D:
36321	39671	-	3	1.329963	I:	D:
39685	41385	-	1	1.309627	I:	D:
41422	41733	-	1	1.306086	I:	D:
41756	42889	-	2	1.346966	I:	D:
42886	43668	-	1	1.354693	I:	D:
43661	44938	-	2	1.366648	I:	D:
44982	46229	-	3	1.346731	I:	D:
46233	47195	-	3	1.320784	I:	D:
47291	47749	-	2	1.442931	I:	D:
47777	50032	-	2	1.328136	I:	D:
50252	51127	+	2	1.352718	I:	D:
51184	51699	+	1	1.336096	I:	D:
51707	52045	-	2	1.297275	I:	D:
52228	52527	-	1	1.331774	I:	D:
52556	53449	-	2	1.269036	I:	D:
53616	53930	+	3	1.322094	I:	D:
54027	54245	+	3	1.343239	I:	D:
54316	57738	-	1	1.333284	I:	D:
57906	58043	-	3	1.373732	I:	D:
58220	58576	-	2	1.347858	I:	D:
58682	59743	-	2	1.367795	I:	D:
59840	60364	-	2	1.324880	I:	D:
60482	61201	-	2	1.369272	I:	D:
61206	62270	-	3	1.347705	I:	D:
62301	63755	-	3	1.354226	I:	D:
63886	65130	-	1	1.349404	I:	D:
65383	65766	+	1	1.340517	I:	D:
65782	67182	+	1	1.330102	I:	D:
67242	67913	+	3	1.346519	I:	D:
68006	68335	-	2	1.303467	I:	D:
68451	69317	-	3	1.348870	I:	D:
69482	71491	+	2	1.345410	I:	D:
71637	73211	-	3	1.335499	I:	D:
73537	74472	+	1	1.349463	I:	D:
74529	74828	-	3	1.390256	I:	D:
75040	75978	-	1	1.347657	I:	D:
75966	76805	-	3	1.335794	I:	D:
76871	77524	-	2	1.308204	I:	D:
77725	78576	+	1	1.338583	I:	D:
78743	80197	-	2	1.332101	I:	D:
80227	80739	-	1	1.312713	I:	D:
80765	82768	-	2	1.333406	I:	D:
82789	83118	-	1	1.351439	I:	D:
83130	83810	-	3	1.338095	I:	D:
83894	84673	-	2	1.351328	I:	D:
84803	84994	-	2	1.330619	I:	D:
85540	87948	+	1	1.329432	I:	D:
88456	88632	+	1	1.298101	I:	D:
88656	89171	-	3	1.292495	I:	D:
89296	89445	-	1	1.316290	I:	D:
89533	90096	-	1	1.352590	I:	D:
90190	91761	-	1	1.348110	I:	D:
91762	92205	-	1	1.332620	I:	D:
92204	92392	+	2	1.345945	I:	D:
92432	92632	+	2	1.376188	I:	D:
93007	93960	-	1	1.297993	I:	D:
94690	96330	-	1	1.345051	I:	D:
96332	97243	-	2	1.355702	I:	D:
97550	99256	-	2	1.356098	I:	D:
99309	100370	-	3	1.350491	I:	D:
100482	101372	-	3	1.364284	I:	D:
101392	102270	-	1	1.363258	I:	D:
102251	103270	-	2	1.348706	I:	D:
103338	104273	-	3	1.350854	I:	D:
104576	104755	-	2	1.389911	I:	D:
104830	106392	-	1	1.367175	I:	D:
106422	107330	-	3	1.332348	I:	D:
107330	108190	-	2	1.339841	I:	D:
108243	109175	-	3	1.336595	I:	D:
109345	110334	-	1	1.351874	I:	D:
110432	110995	-	2	1.326500	I:	D:
111009	112382	-	3	1.378933	I:	D:
112361	113851	-	2	1.367314	I:	D:
113897	116302	-	2	1.357572	I:	D:
116217	116753	-	3	1.343006	I:	D:
116843	118357	-	2	1.353355	I:	D:
118350	120011	-	3	1.349765	I:	D:
120050	121291	-	2	1.361474	I:	D:
121408	125673	-	1	1.325946	I:	D:
121826	124810	+	2	1.297840	I:	D:
124838	125074	+	2	1.365946	I:	D:
125318	125677	+	2	1.378181	I:	D:
125830	126741	-	1	1.310225	I:	D:
126842	127879	-	2	1.322484	I:	D:
127990	129549	-	1	1.295637	I:	D:
129536	130810	-	2	1.310577	I:	D:
130807	132978	-	1	1.328023	I:	D:
133077	134327	-	3	1.361899	I:	D:
134601	135104	-	3	1.347175	I:	D:
135116	135487	-	2	1.395400	I:	D:
135631	136359	+	1	1.349932	I:	D:
136427	138280	+	2	1.360164	I:	D:
138423	140066	+	3	1.333787	I:	D:
140076	140609	-	3	1.350865	I:	D:
140683	141993	-	1	1.343916	I:	D:
142038	142829	-	3	1.330921	I:	D:
142932	143582	-	3	1.343526	I:	D:
143666	144637	-	2	1.344912	I:	D:
145181	145369	-	2	1.424343	I:	D:
145501	146262	-	1	1.322862	I:	D:
146287	147177	-	1	1.348727	I:	D:
147573	148073	-	3	1.307525	I:	D:
148236	148856	-	3	1.359881	I:	D:
149067	150899	+	3	1.341221	I:	D:
151032	152246	-	3	1.336344	I:	D:
152400	152951	-	3	1.352141	I:	D:
152967	154298	-	3	1.345889	I:	D:
154300	155085	-	1	1.350601	I:	D:
155370	156827	+	3	1.326187	I:	D:
156863	158140	+	2	1.337989	I:	D:
158225	158623	-	2	1.330791	I:	D:
158728	160503	-	1	1.345918	I:	D:
160454	161335	-	2	1.310868	I:	D:
161337	161801	-	3	1.355860	I:	D:
161820	161966	-	3	1.321285	I:	D:
162150	162524	-	3	1.333722	I:	D:
162535	163920	-	1	1.354971	I:	D:
163923	165011	-	3	1.369180	I:	D:
165022	165195	-	1	1.308825	I:	D:
165592	166875	-	1	1.335665	I:	D:
166959	168287	-	3	1.353456	I:	D:
168503	169969	-	2	1.343913	I:	D:
170028	171512	-	3	1.351335	I:	D:
171711	172769	+	3	1.353791	I:	D:
172785	175496	-	3	1.344280	I:	D:
175675	176337	-	1	1.344195	I:	D:
176399	177007	-	2	1.356496	I:	D:
177039	177860	-	3	1.352850	I:	D:
177860	178561	-	2	1.366034	I:	D:
178776	179270	-	3	1.337453	I:	D:
179398	180393	-	1	1.342710	I:	D:
180406	181755	-	1	1.359627	I:	D:
182089	182568	+	1	1.425696	I:	D:
182659	183333	-	1	1.321304	I:	D:
183330	183809	-	3	1.331593	I:	D:
183853	184161	-	1	1.356039	I:	D:
184260	185630	-	3	1.342023	I:	D:
185627	185782	-	2	1.299096	I:	D:
185908	187296	-	1	1.326531	I:	D:
187550	189046	-	2	1.336523	I:	D:
189181	191829	-	1	1.346233	I:	D:
192021	192455	+	3	1.412666	I:	D:
192815	193081	-	2	1.289687	I:	D:
193159	194397	-	1	1.339563	I:	D:
194415	194774	-	3	1.354011	I:	D:
194779	196074	-	1	1.351407	I:	D:
196149	197585	-	3	1.353025	I:	D:
197625	199121	-	3	1.371333	I:	D:
199201	200541	-	1	1.335944	I:	D:
200572	201306	-	1	1.347698	I:	D:
201307	203313	-	1	1.332175	I:	D:
203326	205104	-	1	1.315818	I:	D:
205232	205903	-	2	1.332229	I:	D:
205915	206778	-	1	1.318026	I:	D:
206805	207491	-	3	1.329800	I:	D:
207826	211593	-	1	1.340458	I:	D:
211848	212009	-	3	1.255914	I:	D:
212132	212983	-	2	1.346341	I:	D:
213032	213727	-	2	1.325709	I:	D:
213776	214234	-	2	1.342616	I:	D:
214249	216054	-	1	1.348731	I:	D:
216241	217173	-	1	1.327060	I:	D:
>Y7.M009_33
1	153	-	1	1.315155	I:	D:
320	1321	-	2	1.380392	I:	D:
1359	1625	-	3	1.340465	I:	D:
1656	3089	-	3	1.356489	I:	D:
3055	3960	-	1	1.355337	I:	D:
3990	5027	-	3	1.327025	I:	D:
5037	5447	-	3	1.328199	I:	D:
5466	5786	-	3	1.389586	I:	D:
5885	6664	-	2	1.398099	I:	D:
6757	7755	-	1	1.345665	I:	D:
7871	10723	-	2	1.376190	I:	D:
10765	12807	-	1	1.362762	I:	D:
12962	15532	-	2	1.331287	I:	D:
15626	15913	+	2	1.388331	I:	D:
16045	16299	-	1	1.324593	I:	D:
16800	17378	-	3	1.352232	I:	D:
17354	18160	-	2	1.351633	I:	D:
18188	18343	+	2	1.305188	I:	D:
18392	19711	-	2	1.335681	I:	D:
19786	20316	-	1	1.352604	I:	D:
20414	20590	-	2	1.366976	I:	D:
20831	21778	-	2	1.351216	I:	D:
21818	22588	-	2	1.363735	I:	D:
22852	24240	+	1	1.356294	I:	D:
24253	25752	+	1	1.348261	I:	D:
25739	27379	+	2	1.344220	I:	D:
27432	28235	+	3	1.358353	I:	D:
28415	29512	+	2	1.344751	I:	D:
29814	30725	-	3	1.358813	I:	D:
30747	32648	-	3	1.348202	I:	D:
32651	32875	-	2	1.319331	I:	D:
33087	33401	-	3	1.322672	I:	D:
33404	33637	-	2	1.329522	I:	D:
34209	34475	-	3	1.314673	I:	D:
34579	35319	+	1	1.360615	I:	D:
35436	38138	-	3	1.333712	I:	D:
38229	40646	-	3	1.344013	I:	D:
41141	41971	-	2	1.373796	I:	D:
42264	44708	+	3	1.337334	I:	D:
44833	46422	-	1	1.313735	I:	D:
46533	48611	-	3	1.357131	I:	D:
48974	50275	-	2	1.344939	I:	D:
50615	52048	-	2	1.343872	I:	D:
52111	52353	-	1	1.335190	I:	D:
52391	52870	-	2	1.372896	I:	D:
52871	54034	-	2	1.323220	I:	D:
54352	54513	-	1	1.264253	I:	D:
54580	54798	-	1	1.371823	I:	D:
55025	55741	+	2	1.305335	I:	D:
56147	56440	-	2	1.301272	I:	D:
56594	57007	-	2	1.299084	I:	D:
57105	57359	-	3	1.322392	I:	D:
57370	57996	-	1	1.283978	I:	D:
58281	58865	-	3	1.318483	I:	D:
58867	59025	-	1	1.288784	I:	D:
59308	59655	+	1	1.306834	I:	D:
59749	60456	+	1	1.321654	I:	D:
60462	61769	+	3	1.316713	I:	D:
61782	62339	-	3	1.281235	I:	D:
62382	62636	-	3	1.334035	I:	D:
62755	63384	-	1	1.335506	I:	D:
63457	65217	-	1	1.347421	I:	D:
65287	67116	-	1	1.349785	I:	D:
67137	67412	+	3	1.429546	I:	D:
67431	68093	-	3	1.362392	I:	D:
68113	68787	-	1	1.351769	I:	D:
68841	69848	-	3	1.357507	I:	D:
70024	70827	-	1	1.317267	I:	D:
71016	72116	-	3	1.350203	I:	D:
72220	73509	-	1	1.363192	I:	D:
73510	74127	-	1	1.347341	I:	D:
74316	75077	-	3	1.323441	I:	D:
75145	76356	-	1	1.338788	I:	D:
76415	77293	-	2	1.335134	I:	D:
77328	77474	+	3	1.292799	I:	D:
77555	78436	+	2	1.357786	I:	D:
78504	78701	+	3	1.396065	I:	D:
79169	79462	-	2	1.399941	I:	D:
79903	81903	+	1	1.343244	I:	D:
>Y7.M009_34
1	246	+	1	1.338853	I:	D:
643	1071	+	1	1.295839	I:	D:
1099	1650	+	1	1.332869	I:	D:
1761	2906	-	3	1.327602	I:	D:
3098	3994	-	2	1.365526	I:	D:
4186	4944	+	1	1.344534	I:	D:
4961	6274	+	2	1.365923	I:	D:
6387	7688	+	3	1.342994	I:	D:
7732	8589	-	1	1.362270	I:	D:
8724	9623	-	3	1.365521	I:	D:
9704	10612	-	2	1.335936	I:	D:
>Y7.M009_35
2	184	+	2	1.345728	I:	D:
381	1331	+	3	1.353620	I:	D:
1449	2147	-	3	1.357444	I:	D:
2319	4307	-	3	1.358012	I:	D:
4549	5544	+	1	1.376704	I:	D:
5659	6621	-	1	1.343098	I:	D:
6829	7800	+	1	1.338221	I:	D:
7861	9063	-	1	1.319037	I:	D:
9053	9751	-	2	1.325167	I:	D:
10013	10810	+	2	1.293770	I:	D:
10797	11534	+	3	1.300046	I:	D:
11524	12243	+	1	1.299005	I:	D:
12258	12899	+	3	1.280145	I:	D:
12877	13410	+	1	1.260956	I:	D:
13665	13955	+	3	1.323162	I:	D:
13952	14446	+	2	1.333454	I:	D:
14526	14882	+	3	1.334445	I:	D:
15070	15270	+	1	1.316553	I:	D:
15822	16517	+	3	1.307322	I:	D:
16587	17039	+	3	1.314512	I:	D:
17090	17269	+	2	1.279583	I:	D:
17293	17883	+	1	1.310134	I:	D:
17895	18677	+	3	1.274448	I:	D:
19410	20207	+	3	1.286806	I:	D:
20208	21527	+	3	1.277468	I:	D:
21596	22228	+	2	1.304638	I:	D:
22273	22539	-	1	1.318751	I:	D:
22668	23210	+	3	1.294594	I:	D:
23509	24546	-	1	1.362588	I:	D:
24714	25463	+	3	1.339705	I:	D:
25487	26353	+	2	1.364171	I:	D:
26354	28261	+	2	1.370201	I:	D:
28278	29237	+	3	1.361513	I:	D:
29380	30390	-	1	1.358363	I:	D:
30574	31002	+	1	1.371053	I:	D:
31018	32151	+	1	1.355010	I:	D:
32179	33357	+	1	1.349574	I:	D:
33358	34119	+	1	1.378524	I:	D:
34154	35638	+	2	1.366564	I:	D:
35694	36911	+	3	1.373177	I:	D:
37146	37808	+	3	1.348495	I:	D:
37805	40651	+	2	1.328573	I:	D:
40669	41340	+	1	1.350196	I:	D:
41379	42653	+	3	1.346828	I:	D:
42698	45037	+	2	1.382406	I:	D:
45083	45964	+	2	1.350179	I:	D:
46153	46959	+	1	1.277984	I:	D:
46960	47271	+	1	1.303052	I:	D:
47379	48092	-	3	1.352576	I:	D:
48105	48878	-	3	1.329442	I:	D:
49037	49291	-	2	1.257094	I:	D:
49587	49763	+	3	1.312926	I:	D:
49962	50159	-	3	1.382416	I:	D:
50468	52327	+	2	1.349903	I:	D:
52300	52518	+	1	1.362255	I:	D:
52590	53528	+	3	1.366386	I:	D:
53749	55098	+	1	1.319358	I:	D:
55185	56087	+	3	1.333704	I:	D:
56080	56910	+	1	1.342832	I:	D:
57041	60124	+	2	1.354445	I:	D:
60247	61356	+	1	1.329053	I:	D:
61524	62693	+	3	1.335083	I:	D:
62743	64296	+	1	1.337010	I:	D:
64403	64603	-	2	1.372215	I:	D:
64648	65991	-	1	1.375950	I:	D:
66067	66216	-	1	1.271044	I:	D:
66240	67298	+	3	1.330830	I:	D:
67549	67713	-	1	1.384353	I:	D:
67746	68642	-	3	1.353005	I:	D:
68727	69050	+	3	1.325328	I:	D:
69079	69732	-	1	1.308434	I:	D:
69906	72200	+	3	1.361226	I:	D:
72301	72615	+	1	1.242322	I:	D:
72734	74134	+	2	1.359667	I:	D:
74274	75548	-	3	1.295082	I:	D:
75609	76064	-	3	1.262804	I:	D:
76460	76771	+	2	1.279712	I:	D:
76772	76951	+	2	1.270783	I:	D:
77043	78950	+	3	1.294559	I:	D:
79166	79387	+	2	1.291053	I:	D:
79442	79651	+	2	1.275036	I:	D:
79681	79989	+	1	1.311528	I:	D:
80042	80491	+	2	1.275255	I:	D:
80521	80883	+	1	1.280178	I:	D:
80880	81620	+	3	1.303768	I:	D:
81826	82056	+	1	1.306168	I:	D:
82169	82930	+	2	1.265454	I:	D:
82955	83332	+	2	1.252646	I:	D:
83354	83794	+	2	1.253789	I:	D:
83845	86220	+	1	1.285274	I:	D:
86429	87112	+	2	1.249319	I:	D:
87167	87337	+	2	1.244153	I:	D:
87839	88948	+	2	1.333608	I:	D:
88967	89368	+	2	1.310806	I:	D:
89340	90368	+	3	1.318510	I:	D:
90378	90866	+	3	1.315045	I:	D:
90954	91265	+	3	1.354885	I:	D:
91521	91949	+	3	1.341640	I:	D:
91949	93775	+	2	1.322706	I:	D:
93943	94434	+	1	1.307700	I:	D:
94510	95223	+	1	1.350851	I:	D:
95220	98543	+	3	1.322897	I:	D:
98624	99622	-	2	1.301279	I:	D:
99627	100622	-	3	1.341747	I:	D:
100597	101544	-	1	1.326323	I:	D:
101893	102084	+	1	1.360760	I:	D:
102184	103875	+	1	1.323952	I:	D:
103968	104303	+	3	1.362761	I:	D:
104457	105362	+	3	1.335627	I:	D:
105367	105666	+	1	1.312731	I:	D:
105669	106145	+	3	1.292357	I:	D:
106627	108159	+	1	1.302667	I:	D:
108322	108489	+	1	1.346006	I:	D:
108517	111531	+	1	1.285520	I:	D:
111531	113168	+	3	1.285846	I:	D:
113161	114390	+	1	1.288856	I:	D:
114496	115482	+	1	1.300323	I:	D:
116017	116784	-	1	1.317352	I:	D:
116935	117756	+	1	1.279622	I:	D:
117820	118806	-	1	1.300146	I:	D:
118917	121343	-	3	1.318200	I:	D:
121317	121484	+	3	1.329507	I:	D:
121732	121947	+	1	1.293875	I:	D:
122001	123749	+	3	1.318822	I:	D:
123771	123902	+	3	1.295830	I:	D:
124072	124959	+	1	1.301161	I:	D:
>Y7.M009_36
20	490	-	2	1.300631	I:	D:
596	1345	-	2	1.347091	I:	D:
1436	2881	-	2	1.330380	I:	D:
2972	4195	+	2	1.328477	I:	D:
4314	4724	-	3	1.307807	I:	D:
4708	4986	-	1	1.301793	I:	D:
5194	5994	-	1	1.318425	I:	D:
6041	6628	-	2	1.339214	I:	D:
7570	7836	-	1	1.400579	I:	D:
>Y7.M009_37
2	178	+	2	1.352641	I:	D:
334	1152	-	1	1.274439	I:	D:
1149	1337	-	3	1.272159	I:	D:
1932	2393	-	3	1.262584	I:	D:
2523	3359	-	3	1.246152	I:	D:
3445	4095	-	1	1.279340	I:	D:
4250	4474	-	2	1.339204	I:	D:
4923	5483	-	3	1.271962	I:	D:
5559	5846	-	3	1.243102	I:	D:
5889	6113	-	3	1.281205	I:	D:
6153	6755	-	3	1.275976	I:	D:
7068	7436	-	3	1.292264	I:	D:
7535	9772	-	2	1.369602	I:	D:
9884	11161	-	2	1.365461	I:	D:
11176	12306	-	1	1.392444	I:	D:
12488	13177	-	2	1.285956	I:	D:
13233	13574	-	3	1.303819	I:	D:
>Y7.M009_38
123	710	+	3	1.364361	I:	D:
728	2917	+	2	1.333073	I:	D:
3435	3575	+	3	1.316974	I:	D:
3813	5771	+	3	1.338943	I:	D:
5808	5960	+	3	1.286406	I:	D:
6201	6776	+	3	1.264329	I:	D:
6903	7250	+	3	1.327573	I:	D:
7258	7563	+	1	1.300033	I:	D:
7752	8360	+	3	1.308295	I:	D:
8445	8960	+	3	1.336894	I:	D:
9029	9490	+	2	1.441676	I:	D:
9518	10552	+	2	1.316337	I:	D:
10638	10829	+	3	1.363739	I:	D:
10883	12256	+	2	1.354480	I:	D:
12438	13451	+	3	1.384417	I:	D:
13574	15346	+	2	1.361413	I:	D:
15360	16616	+	3	1.333297	I:	D:
16618	17361	+	1	1.374574	I:	D:
17348	19090	+	2	1.359873	I:	D:
19083	19895	+	3	1.343889	I:	D:
20092	20337	+	1	1.391991	I:	D:
20625	21020	+	3	1.398986	I:	D:
21225	22076	+	3	1.349160	I:	D:
22073	22795	+	2	1.366126	I:	D:
23034	23633	-	3	1.338946	I:	D:
23666	24616	+	2	1.342935	I:	D:
24628	25059	+	1	1.345802	I:	D:
25068	27329	+	3	1.365112	I:	D:
27351	27827	+	3	1.360370	I:	D:
27843	28814	+	3	1.358595	I:	D:
28884	29588	+	3	1.370490	I:	D:
29694	31103	+	3	1.356309	I:	D:
31300	32364	+	1	1.360252	I:	D:
32365	33093	+	1	1.338914	I:	D:
33110	35272	+	2	1.331654	I:	D:
35309	35446	+	2	1.390150	I:	D:
35768	36676	+	2	1.353626	I:	D:
36705	37355	+	3	1.337483	I:	D:
37432	38076	+	1	1.343158	I:	D:
38186	41506	+	2	1.343744	I:	D:
41493	42719	+	3	1.356949	I:	D:
42752	43639	+	2	1.354231	I:	D:
43808	45802	+	2	1.348345	I:	D:
46138	47109	+	1	1.340688	I:	D:
47284	48135	+	1	1.360182	I:	D:
48139	49287	+	1	1.365395	I:	D:
49781	50173	+	2	1.285766	I:	D:
50206	50526	+	1	1.292524	I:	D:
50519	50785	+	2	1.284815	I:	D:
50788	51588	+	1	1.334674	I:	D:
51581	52846	+	2	1.314818	I:	D:
52848	53006	+	3	1.352449	I:	D:
53006	53170	+	2	1.340919	I:	D:
53200	53775	+	1	1.331891	I:	D:
53792	54202	+	2	1.311930	I:	D:
54199	54474	+	1	1.335975	I:	D:
54650	55015	+	2	1.304293	I:	D:
55019	55414	+	2	1.315612	I:	D:
55426	55584	+	1	1.299758	I:	D:
55604	56626	+	2	1.349258	I:	D:
56678	56956	-	2	1.349065	I:	D:
57176	57340	-	2	1.295921	I:	D:
57585	57728	-	3	1.334371	I:	D:
57846	58097	+	3	1.335791	I:	D:
58116	58823	+	3	1.319803	I:	D:
58836	59069	+	3	1.301812	I:	D:
59083	59865	+	1	1.317862	I:	D:
60134	65473	+	2	1.326356	I:	D:
65546	65782	+	2	1.349078	I:	D:
65815	66126	+	1	1.324712	I:	D:
66142	66966	+	1	1.361551	I:	D:
66983	69502	+	2	1.339987	I:	D:
69523	70866	+	1	1.317807	I:	D:
71219	71599	+	2	1.316201	I:	D:
71617	71916	+	1	1.278780	I:	D:
72298	72495	+	1	1.333502	I:	D:
72488	72703	+	2	1.348249	I:	D:
72831	73145	+	3	1.281351	I:	D:
73195	73434	+	1	1.301205	I:	D:
73513	74910	+	1	1.337310	I:	D:
75011	76027	+	2	1.318899	I:	D:
76076	82375	+	2	1.324737	I:	D:
82410	82568	+	3	1.312549	I:	D:
82605	82994	+	3	1.294965	I:	D:
82960	83694	+	1	1.321019	I:	D:
83724	85061	+	3	1.312739	I:	D:
85111	87390	+	1	1.328684	I:	D:
87395	88978	+	2	1.332039	I:	D:
89144	90187	+	2	1.327598	I:	D:
90452	90817	+	2	1.343629	I:	D:
90940	92688	+	1	1.346983	I:	D:
92692	94446	+	1	1.349319	I:	D:
94631	94768	+	2	1.366127	I:	D:
94860	96302	-	3	1.329280	I:	D:
96367	97605	-	1	1.336918	I:	D:
97754	98659	+	2	1.369410	I:	D:
98870	99169	+	2	1.350107	I:	D:
99166	100203	+	1	1.367381	I:	D:
100216	101259	+	1	1.336875	I:	D:
101471	103843	+	2	1.337659	I:	D:
103860	105890	+	3	1.311375	I:	D:
105896	108352	+	2	1.337150	I:	D:
108400	108813	+	1	1.312003	I:	D:
108871	110241	+	1	1.368339	I:	D:
110482	110643	+	1	1.292166	I:	D:
>Y7.M009_39
3	215	+	3	1.484044	I:	D:
297	1892	-	3	1.331184	I:	D:
2139	3347	-	3	1.342293	I:	D:
3382	4599	-	1	1.292520	I:	D:
4807	6537	-	1	1.348798	I:	D:
6649	7053	-	1	1.316868	I:	D:
7135	8229	-	1	1.298931	I:	D:
8316	8498	-	3	1.299756	I:	D:
8569	10071	-	1	1.339672	I:	D:
10087	10221	-	1	1.231656	I:	D:
10257	11207	-	3	1.310955	I:	D:
11232	11585	-	3	1.308135	I:	D:
11578	11940	-	1	1.290310	I:	D:
11943	13088	-	3	1.298924	I:	D:
13093	14088	-	1	1.293895	I:	D:
14102	15229	-	2	1.301383	I:	D:
15258	16688	-	3	1.276906	I:	D:
16806	19088	-	3	1.279489	I:	D:
19089	20099	-	3	1.295860	I:	D:
20096	21436	-	2	1.263213	I:	D:
21459	22181	-	3	1.250842	I:	D:
22203	24488	-	3	1.272533	I:	D:
24504	25235	-	3	1.292557	I:	D:
25244	26020	-	2	1.308682	I:	D:
26034	26858	-	3	1.311259	I:	D:
26972	28828	-	2	1.282325	I:	D:
28850	29794	-	2	1.382383	I:	D:
29787	30674	-	3	1.373190	I:	D:
30698	32827	-	2	1.348705	I:	D:
32992	33642	-	1	1.362996	I:	D:
33688	34671	-	1	1.349958	I:	D:
34726	35745	-	1	1.366389	I:	D:
35759	36730	-	2	1.349804	I:	D:
36835	38016	-	1	1.391364	I:	D:
38188	39303	+	1	1.368270	I:	D:
39380	40582	-	2	1.386998	I:	D:
40588	40818	-	1	1.303283	I:	D:
40820	42409	-	2	1.381720	I:	D:
42515	43489	-	2	1.358223	I:	D:
43471	44055	-	1	1.365090	I:	D:
44052	44222	-	3	1.301903	I:	D:
44390	45757	-	2	1.348625	I:	D:
45908	47329	-	2	1.343836	I:	D:
47418	48665	-	3	1.329507	I:	D:
48668	49738	-	2	1.305639	I:	D:
49778	50503	-	2	1.347057	I:	D:
50503	51312	-	1	1.327845	I:	D:
51514	53529	-	1	1.328452	I:	D:
