>YA1_21
150	1856	-	3	1.280047	I:	D:
1940	2233	-	2	1.261687	I:	D:
2262	2900	-	3	1.266866	I:	D:
3139	3453	-	1	1.292398	I:	D:
3493	3816	+	1	1.321042	I:	D:
3855	5192	-	3	1.324651	I:	D:
5363	6301	-	2	1.303469	I:	D:
6395	6772	-	2	1.300674	I:	D:
6790	8331	-	1	1.281198	I:	D:
8489	9478	+	2	1.282584	I:	D:
9554	10744	-	2	1.278074	I:	D:
10938	11711	-	3	1.279223	I:	D:
11757	12962	-	3	1.264772	I:	D:
13127	14140	-	2	1.285801	I:	D:
14351	16030	-	2	1.286368	I:	D:
16238	17047	+	2	1.259707	I:	D:
17123	17992	-	2	1.295107	I:	D:
18013	18690	-	1	1.315846	I:	D:
>YA1_43
254	565	+	2	1.245653	I:	D:
562	813	+	1	1.201046	I:	D:
815	994	+	2	1.331344	I:	D:
1048	1296	+	1	1.277136	I:	D:
1442	2005	+	2	1.285576	I:	D:
2381	3595	+	2	1.299237	I:	D:
3641	4237	+	2	1.296345	I:	D:
4349	6997	+	2	1.300209	I:	D:
7155	7865	+	3	1.290263	I:	D:
7934	8692	+	2	1.260182	I:	D:
8742	10832	+	3	1.291145	I:	D:
11003	11791	+	2	1.318333	I:	D:
11802	12995	+	3	1.311688	I:	D:
12997	14418	+	1	1.291748	I:	D:
14458	15636	+	1	1.319161	I:	D:
16064	16867	+	2	1.287188	I:	D:
16871	18043	+	2	1.308172	I:	D:
18222	18350	+	3	1.280065	I:	D:
>YA1_55
1	132	-	1	1.344922	I:	D:
459	1361	-	3	1.268255	I:	D:
1376	1945	-	2	1.319094	I:	D:
1983	3446	-	3	1.325227	I:	D:
3643	4398	-	1	1.300364	I:	D:
4435	5781	-	1	1.305602	I:	D:
5794	6225	-	1	1.297868	I:	D:
6243	7247	-	3	1.321441	I:	D:
7251	7979	-	3	1.308636	I:	D:
8056	9279	-	1	1.315079	I:	D:
9376	9528	+	1	1.311343	I:	D:
9619	10230	-	1	1.290421	I:	D:
10227	13625	-	3	1.330775	I:	D:
13680	13871	-	3	1.332077	I:	D:
13942	14226	-	1	1.329450	I:	D:
14250	15104	-	3	1.354676	I:	D:
15113	16078	-	2	1.356307	I:	D:
16521	17546	-	3	1.391729	I:	D:
17697	18104	-	3	1.368899	I:	D:
>YA1_85
101	1129	-	2	1.263620	I:	D:
1152	2135	-	3	1.299909	I:	D:
2177	3205	-	2	1.277359	I:	D:
3290	4627	-	2	1.343812	I:	D:
4845	5990	-	3	1.309535	I:	D:
6500	8176	-	2	1.297693	I:	D:
8286	8999	-	3	1.303779	I:	D:
9149	10387	-	2	1.267416	I:	D:
10457	11614	-	2	1.261345	I:	D:
11792	12238	-	2	1.244996	I:	D:
12267	13646	-	3	1.299458	I:	D:
13658	14089	-	2	1.247927	I:	D:
14253	15578	-	3	1.340760	I:	D:
15602	16450	-	2	1.275772	I:	D:
16443	16676	-	3	1.294618	I:	D:
16682	17653	-	2	1.311616	I:	D:
17845	20265	-	1	1.291798	I:	D:
20322	21341	-	3	1.293028	I:	D:
21502	21651	-	1	1.365860	I:	D:
21701	22582	-	2	1.317448	I:	D:
22749	24839	-	3	1.302479	I:	D:
24898	25839	-	1	1.278697	I:	D:
25877	26263	-	2	1.277555	I:	D:
26431	27345	-	1	1.292592	I:	D:
27366	28163	-	3	1.308725	I:	D:
28196	29179	-	2	1.285831	I:	D:
29404	30234	-	1	1.301493	I:	D:
30651	31520	+	3	1.311546	I:	D:
31556	32776	-	2	1.294946	I:	D:
32995	34767	+	1	1.307000	I:	D:
34848	35861	-	3	1.287955	I:	D:
35809	36600	+	1	1.278623	I:	D:
36613	37647	-	1	1.299149	I:	D:
37688	38653	-	2	1.266414	I:	D:
38672	39289	-	2	1.245379	I:	D:
39427	39753	+	1	1.239597	I:	D:
39816	41327	-	3	1.314259	I:	D:
41390	42271	-	2	1.291400	I:	D:
42283	43017	-	1	1.264674	I:	D:
43027	44589	-	1	1.307042	I:	D:
44659	45216	-	1	1.328538	I:	D:
45218	45436	-	2	1.290862	I:	D:
45496	49062	-	1	1.285559	I:	D:
49028	52408	-	2	1.297377	I:	D:
52497	52928	+	3	1.272924	I:	D:
52947	53432	-	3	1.272252	I:	D:
53546	54208	-	2	1.298581	I:	D:
54210	55220	-	3	1.268746	I:	D:
55418	56269	-	2	1.245128	I:	D:
56431	57261	-	1	1.299606	I:	D:
57415	57561	+	1	1.367808	I:	D:
58251	58532	-	3	1.208782	I:	D:
58599	60800	-	3	1.289898	I:	D:
60943	61554	+	1	1.273611	I:	D:
61563	61850	-	3	1.281793	I:	D:
61925	63352	-	2	1.308882	I:	D:
63629	63787	+	2	1.302065	I:	D:
63840	65207	+	3	1.314770	I:	D:
65284	66555	-	1	1.263128	I:	D:
66589	67212	-	1	1.311172	I:	D:
67206	68231	-	3	1.274103	I:	D:
68250	68960	-	3	1.310217	I:	D:
68953	69456	-	1	1.286992	I:	D:
69532	71544	-	1	1.278698	I:	D:
71566	71904	-	1	1.320859	I:	D:
71901	72386	-	3	1.328014	I:	D:
72389	73072	-	2	1.251864	I:	D:
73093	73512	-	1	1.291444	I:	D:
73535	74437	-	2	1.293133	I:	D:
74437	75204	-	1	1.309309	I:	D:
75259	76182	-	1	1.283122	I:	D:
76325	76984	-	2	1.240712	I:	D:
77007	77366	-	3	1.288985	I:	D:
77465	77680	-	2	1.310961	I:	D:
77871	79037	-	3	1.291922	I:	D:
79040	79810	-	2	1.282648	I:	D:
79869	80123	-	3	1.283646	I:	D:
80179	80307	-	1	1.245153	I:	D:
80608	81192	-	1	1.282552	I:	D:
81211	81903	-	1	1.289011	I:	D:
81896	82255	-	2	1.300418	I:	D:
82399	85494	-	1	1.275856	I:	D:
85537	86850	-	1	1.305652	I:	D:
86880	87011	+	3	1.354740	I:	D:
87055	87657	-	1	1.291029	I:	D:
87661	88401	-	1	1.285449	I:	D:
88391	88846	-	2	1.267547	I:	D:
88831	90234	-	1	1.274903	I:	D:
90231	90926	-	3	1.289237	I:	D:
91357	92031	-	1	1.296674	I:	D:
92208	92813	-	3	1.315033	I:	D:
92932	93168	+	1	1.269017	I:	D:
93326	93514	+	2	1.388824	I:	D:
93517	93948	-	1	1.276267	I:	D:
94324	96093	+	1	1.301268	I:	D:
96169	96444	+	1	1.370028	I:	D:
96800	99175	-	2	1.283783	I:	D:
99157	99813	-	1	1.326295	I:	D:
99815	100702	-	2	1.262486	I:	D:
100803	101459	-	3	1.301026	I:	D:
101845	104382	+	1	1.293088	I:	D:
104467	104823	-	1	1.330537	I:	D:
104826	105839	-	3	1.314153	I:	D:
105836	106309	-	2	1.289240	I:	D:
106322	106738	-	2	1.344581	I:	D:
106725	107348	-	3	1.272973	I:	D:
107293	107529	-	1	1.315498	I:	D:
107604	108137	+	3	1.290747	I:	D:
108138	108779	-	3	1.297574	I:	D:
108798	109568	-	3	1.300116	I:	D:
109741	112008	-	1	1.287984	I:	D:
112057	113862	-	1	1.247911	I:	D:
113883	114515	-	3	1.324966	I:	D:
114509	116062	-	2	1.302786	I:	D:
116049	116885	-	3	1.337646	I:	D:
116886	117713	-	3	1.286647	I:	D:
117963	118736	-	3	1.302538	I:	D:
118834	119973	-	1	1.296364	I:	D:
120228	121694	-	3	1.299261	I:	D:
121768	122265	-	1	1.305733	I:	D:
122258	123115	-	2	1.282930	I:	D:
123112	123273	-	1	1.285929	I:	D:
123480	124241	-	3	1.285135	I:	D:
124568	124954	+	2	1.281236	I:	D:
124956	126128	+	3	1.315659	I:	D:
126392	126889	-	2	1.322236	I:	D:
126898	127920	-	1	1.301175	I:	D:
127931	128812	-	2	1.289676	I:	D:
128843	129397	-	2	1.277848	I:	D:
129417	130262	-	3	1.302461	I:	D:
130273	131454	-	1	1.277492	I:	D:
131603	131749	+	2	1.336820	I:	D:
131953	132558	+	1	1.285016	I:	D:
132886	134049	-	1	1.284197	I:	D:
134144	135385	-	2	1.300565	I:	D:
135390	135881	-	3	1.283708	I:	D:
135902	137152	-	2	1.299287	I:	D:
137157	137633	-	3	1.287470	I:	D:
137799	139127	-	3	1.293545	I:	D:
139348	139788	-	1	1.306870	I:	D:
139785	140054	-	3	1.236141	I:	D:
140051	141535	-	2	1.302128	I:	D:
141551	142912	-	2	1.301069	I:	D:
143123	143677	-	2	1.307853	I:	D:
143674	144330	-	1	1.289364	I:	D:
144333	144848	-	3	1.280417	I:	D:
144858	145142	-	3	1.264588	I:	D:
145182	146510	-	3	1.285021	I:	D:
146536	146991	-	1	1.265804	I:	D:
147010	148962	-	1	1.279267	I:	D:
149137	149919	-	1	1.279462	I:	D:
149948	150724	-	2	1.285944	I:	D:
150726	151160	-	3	1.245318	I:	D:
151315	151929	-	1	1.315725	I:	D:
151931	152170	-	2	1.281958	I:	D:
152194	152397	-	1	1.380028	I:	D:
152542	152688	+	1	1.348984	I:	D:
153025	154545	-	1	1.312167	I:	D:
154664	154864	-	2	1.284556	I:	D:
154882	155592	-	1	1.293309	I:	D:
155619	156278	-	3	1.324411	I:	D:
156275	156604	-	2	1.329740	I:	D:
156761	158113	-	2	1.290009	I:	D:
158154	158927	-	3	1.280547	I:	D:
158968	160242	-	1	1.286796	I:	D:
160247	161386	-	2	1.283069	I:	D:
161588	162130	+	2	1.322920	I:	D:
162194	162862	-	2	1.315695	I:	D:
162862	164151	-	1	1.294887	I:	D:
164363	164716	+	2	1.266563	I:	D:
164720	164968	+	2	1.377192	I:	D:
164998	165756	-	1	1.250793	I:	D:
165906	167315	-	3	1.261756	I:	D:
167327	168343	-	2	1.280051	I:	D:
168362	169057	-	2	1.246064	I:	D:
169389	169997	-	3	1.319348	I:	D:
170201	171079	+	2	1.282031	I:	D:
171292	172443	-	1	1.265774	I:	D:
172469	173254	-	2	1.288640	I:	D:
173274	175202	-	3	1.291683	I:	D:
175230	176252	-	3	1.274772	I:	D:
176574	177599	-	3	1.305808	I:	D:
177770	177934	+	2	1.288600	I:	D:
178071	178832	+	3	1.314463	I:	D:
178877	179239	-	2	1.234709	I:	D:
179255	180169	-	2	1.309532	I:	D:
180187	181119	-	1	1.258374	I:	D:
181125	182558	-	3	1.307549	I:	D:
182574	183404	-	3	1.244524	I:	D:
183431	184528	-	2	1.277775	I:	D:
184663	185721	-	1	1.312038	I:	D:
185809	186645	-	1	1.271525	I:	D:
186632	187843	-	2	1.333124	I:	D:
187941	188540	-	3	1.297794	I:	D:
188562	189461	-	3	1.256663	I:	D:
189506	190897	-	2	1.327294	I:	D:
190915	192033	-	1	1.264229	I:	D:
192140	193171	-	2	1.310514	I:	D:
193205	193627	-	2	1.296634	I:	D:
193839	194981	-	3	1.278099	I:	D:
195222	196082	+	3	1.266291	I:	D:
196106	197653	+	2	1.290181	I:	D:
197685	198998	+	3	1.315383	I:	D:
199071	200087	-	3	1.311663	I:	D:
200095	200853	-	1	1.294508	I:	D:
201055	202050	-	1	1.276767	I:	D:
202070	202867	-	2	1.274043	I:	D:
202887	204029	-	3	1.280659	I:	D:
204320	205732	-	2	1.354104	I:	D:
206206	207918	-	1	1.276827	I:	D:
207971	208234	-	2	1.265047	I:	D:
208458	208955	-	3	1.303016	I:	D:
208967	210205	-	2	1.299630	I:	D:
210223	210660	-	1	1.325335	I:	D:
210725	210859	+	2	1.323794	I:	D:
210912	211727	-	3	1.302667	I:	D:
211743	212591	-	3	1.324810	I:	D:
212603	213859	-	2	1.290379	I:	D:
213878	214699	-	2	1.286603	I:	D:
214720	215538	-	1	1.311578	I:	D:
215564	216052	-	2	1.305117	I:	D:
216049	216480	-	1	1.266210	I:	D:
216739	217392	-	1	1.307922	I:	D:
217490	219253	-	2	1.320034	I:	D:
219278	221053	-	2	1.295003	I:	D:
221258	223714	-	2	1.291289	I:	D:
223826	225526	-	2	1.324105	I:	D:
225593	226045	-	2	1.322001	I:	D:
226046	226804	-	2	1.301245	I:	D:
226949	227818	-	2	1.277150	I:	D:
227943	228494	-	3	1.272781	I:	D:
228656	230029	-	2	1.355191	I:	D:
230120	230536	+	2	1.307034	I:	D:
>YA1_117
314	577	+	2	1.182666	I:	D:
693	833	+	3	1.258568	I:	D:
1570	2346	-	1	1.220650	I:	D:
2749	3261	-	1	1.205499	I:	D:
3333	3572	-	3	1.219282	I:	D:
4120	4428	+	1	1.295555	I:	D:
4425	4760	+	3	1.335274	I:	D:
5059	5784	+	1	1.296433	I:	D:
6334	6561	-	1	1.239260	I:	D:
6994	7800	-	1	1.246149	I:	D:
8403	9278	-	3	1.260941	I:	D:
9464	9595	-	2	1.272109	I:	D:
10099	11313	-	1	1.301658	I:	D:
11348	11542	-	2	1.305145	I:	D:
12826	13095	-	1	1.241879	I:	D:
13345	14181	-	1	1.264928	I:	D:
14440	14637	-	1	1.211792	I:	D:
14701	14979	-	1	1.210946	I:	D:
15251	15775	-	2	1.346898	I:	D:
16208	16537	-	2	1.257603	I:	D:
16534	16848	-	1	1.259253	I:	D:
>YA1_120
141	2282	-	3	1.292008	I:	D:
2292	2771	-	3	1.296941	I:	D:
2964	3098	-	3	1.327910	I:	D:
3118	3294	-	1	1.345462	I:	D:
3461	4663	-	2	1.274475	I:	D:
4689	5888	-	3	1.300721	I:	D:
5926	6411	-	1	1.301011	I:	D:
6495	7616	-	3	1.283228	I:	D:
7631	10201	-	2	1.296564	I:	D:
10439	10978	-	2	1.288546	I:	D:
11335	12255	-	1	1.282194	I:	D:
12288	14132	-	3	1.308880	I:	D:
14153	14836	+	2	1.331757	I:	D:
14926	15573	-	1	1.310918	I:	D:
15604	16476	-	1	1.302208	I:	D:
16510	17487	-	1	1.289923	I:	D:
17614	18579	+	1	1.298105	I:	D:
18646	18945	+	1	1.372376	I:	D:
19363	20562	-	1	1.265575	I:	D:
20720	22165	-	2	1.307785	I:	D:
22527	23633	+	3	1.278136	I:	D:
23966	25264	-	2	1.279121	I:	D:
25492	26187	-	1	1.222883	I:	D:
26456	26866	-	2	1.278135	I:	D:
26870	27304	-	2	1.265572	I:	D:
27562	27993	-	1	1.344636	I:	D:
28033	28452	-	1	1.299819	I:	D:
28493	29251	-	2	1.322020	I:	D:
29258	30067	-	2	1.312287	I:	D:
30069	30929	-	3	1.282063	I:	D:
30914	31765	-	2	1.309216	I:	D:
31911	32447	-	3	1.246419	I:	D:
32513	33469	-	2	1.272694	I:	D:
33509	34102	-	2	1.286151	I:	D:
34122	34514	-	3	1.291120	I:	D:
34637	35005	-	2	1.289353	I:	D:
35280	35456	-	3	1.325468	I:	D:
35492	35710	-	2	1.262362	I:	D:
35721	36476	-	3	1.300802	I:	D:
36487	37185	-	1	1.271740	I:	D:
37282	38598	-	1	1.318210	I:	D:
38600	39043	-	2	1.275649	I:	D:
39071	39253	-	2	1.214825	I:	D:
39267	39776	-	3	1.276527	I:	D:
39791	40159	-	2	1.266798	I:	D:
40174	40716	-	1	1.262309	I:	D:
40804	41205	-	1	1.250793	I:	D:
41230	41415	-	1	1.337329	I:	D:
41430	41969	-	3	1.273314	I:	D:
41992	42303	-	1	1.239956	I:	D:
42316	42708	-	1	1.285063	I:	D:
42715	42969	-	1	1.260701	I:	D:
43190	43627	-	2	1.274436	I:	D:
43627	44277	-	1	1.282471	I:	D:
44294	44683	-	2	1.276628	I:	D:
44711	44992	-	2	1.308816	I:	D:
45009	45854	-	3	1.303859	I:	D:
45944	46243	-	2	1.238934	I:	D:
46243	46863	-	1	1.283599	I:	D:
46893	47522	-	3	1.267812	I:	D:
47639	47959	-	2	1.287285	I:	D:
48235	48420	-	1	1.253218	I:	D:
48582	49226	+	3	1.296030	I:	D:
49282	49935	-	1	1.279080	I:	D:
49951	50505	-	1	1.234661	I:	D:
50527	51087	-	1	1.267185	I:	D:
51190	52269	-	1	1.280965	I:	D:
52325	52810	-	2	1.321672	I:	D:
52818	53111	-	3	1.285781	I:	D:
53224	53571	+	1	1.285844	I:	D:
53597	53983	+	2	1.246400	I:	D:
54005	54472	+	2	1.325987	I:	D:
54657	55448	-	3	1.302491	I:	D:
55438	56322	-	1	1.312406	I:	D:
56343	57710	-	3	1.308104	I:	D:
57726	58151	-	3	1.271931	I:	D:
58171	58614	-	1	1.255490	I:	D:
58632	59876	-	3	1.275572	I:	D:
59889	60629	-	3	1.286456	I:	D:
60632	61552	-	2	1.288585	I:	D:
61666	61899	-	1	1.177857	I:	D:
62151	63173	+	3	1.292493	I:	D:
63157	64023	+	1	1.315892	I:	D:
64036	65448	+	1	1.303590	I:	D:
65458	66342	+	1	1.291069	I:	D:
66610	66756	+	1	1.344820	I:	D:
66773	68620	-	2	1.301583	I:	D:
68636	69157	-	2	1.277970	I:	D:
69081	70487	-	3	1.289250	I:	D:
70520	71926	-	2	1.296059	I:	D:
72090	72902	-	3	1.282284	I:	D:
72919	74220	-	1	1.298309	I:	D:
74255	75163	-	2	1.292874	I:	D:
75383	76699	-	2	1.274959	I:	D:
77014	77556	-	1	1.268241	I:	D:
77620	77982	-	1	1.262932	I:	D:
78021	78176	-	3	1.244358	I:	D:
78275	78412	+	2	1.300317	I:	D:
78441	78800	+	3	1.250814	I:	D:
78913	80382	-	1	1.312188	I:	D:
80566	80895	+	1	1.343732	I:	D:
81075	81923	-	3	1.312056	I:	D:
82201	83112	+	1	1.279343	I:	D:
83226	83627	-	3	1.277382	I:	D:
83906	84730	-	2	1.312296	I:	D:
84733	85389	-	1	1.257458	I:	D:
85533	87173	-	3	1.290603	I:	D:
87695	88447	-	2	1.307842	I:	D:
88483	89244	-	1	1.323490	I:	D:
89238	89972	-	3	1.302465	I:	D:
89969	90331	-	2	1.355969	I:	D:
90548	91408	-	2	1.293293	I:	D:
91449	92336	+	3	1.310806	I:	D:
92342	93664	+	2	1.319061	I:	D:
93764	94441	+	2	1.276624	I:	D:
94487	94618	+	2	1.334321	I:	D:
>YA1_223
136	1110	-	1	1.286860	I:	D:
1100	2566	-	2	1.298153	I:	D:
2601	4526	-	3	1.311571	I:	D:
4763	5746	-	2	1.329132	I:	D:
5800	7122	-	1	1.318811	I:	D:
7126	8166	-	1	1.329269	I:	D:
8201	8548	-	2	1.355716	I:	D:
8656	9573	-	1	1.285286	I:	D:
9798	9941	-	3	1.264892	I:	D:
10178	10810	-	2	1.315876	I:	D:
10807	10962	-	1	1.239608	I:	D:
11257	12450	+	1	1.371526	I:	D:
12447	14216	+	3	1.390494	I:	D:
14284	14667	-	1	1.298649	I:	D:
14899	15354	+	1	1.413027	I:	D:
15510	16781	+	3	1.409476	I:	D:
16798	17889	-	1	1.326885	I:	D:
17886	19430	-	3	1.341190	I:	D:
19523	20965	+	2	1.378951	I:	D:
22258	23067	-	1	1.317831	I:	D:
23086	24285	-	1	1.383737	I:	D:
24290	24661	-	2	1.325155	I:	D:
24685	26127	-	1	1.359451	I:	D:
26198	27679	-	2	1.359011	I:	D:
27713	29503	-	2	1.326410	I:	D:
29544	31880	-	3	1.351785	I:	D:
31900	32694	-	1	1.355241	I:	D:
32793	34982	-	3	1.343089	I:	D:
35025	36068	-	3	1.326322	I:	D:
36212	36445	-	2	1.356762	I:	D:
37127	37381	+	2	1.307221	I:	D:
37456	37833	-	1	1.282679	I:	D:
37928	38227	-	2	1.335096	I:	D:
38306	38644	-	2	1.336443	I:	D:
38834	39499	-	2	1.232360	I:	D:
39571	40266	-	1	1.217936	I:	D:
40280	41830	-	2	1.244043	I:	D:
41963	42880	-	2	1.285551	I:	D:
42912	43379	-	3	1.272191	I:	D:
43372	44397	-	1	1.266698	I:	D:
44423	45820	-	2	1.247131	I:	D:
45833	46771	-	2	1.227327	I:	D:
46789	47436	-	1	1.247733	I:	D:
47450	48805	-	2	1.258975	I:	D:
48825	49712	-	3	1.255077	I:	D:
49728	50798	-	3	1.242198	I:	D:
50800	51423	-	1	1.243278	I:	D:
51464	52621	-	2	1.283264	I:	D:
52639	54066	-	1	1.344366	I:	D:
54473	56011	+	2	1.329519	I:	D:
56154	57083	-	3	1.364151	I:	D:
57270	58622	+	3	1.353230	I:	D:
58715	60220	-	2	1.345974	I:	D:
60266	61066	-	2	1.375030	I:	D:
61063	61713	-	1	1.324120	I:	D:
61734	62666	-	3	1.303561	I:	D:
62741	63415	-	2	1.338601	I:	D:
63501	63998	-	3	1.353758	I:	D:
64039	64407	-	1	1.290931	I:	D:
64410	65204	-	3	1.315563	I:	D:
65272	66837	-	1	1.306686	I:	D:
66869	67336	-	2	1.281162	I:	D:
67418	68017	-	2	1.336960	I:	D:
68044	68703	-	1	1.335409	I:	D:
68685	69785	-	3	1.309589	I:	D:
70180	70755	-	1	1.253606	I:	D:
70911	71075	-	3	1.365021	I:	D:
71562	72602	-	3	1.282659	I:	D:
72688	73515	+	1	1.280466	I:	D:
73721	75082	-	2	1.303386	I:	D:
75239	75661	+	2	1.296834	I:	D:
75728	75958	+	2	1.335048	I:	D:
75979	76164	+	1	1.297055	I:	D:
76272	77666	-	3	1.292767	I:	D:
77669	78181	-	2	1.326137	I:	D:
78330	79805	+	3	1.292051	I:	D:
79876	80817	-	1	1.315405	I:	D:
80848	81276	-	1	1.293048	I:	D:
81292	81723	-	1	1.295170	I:	D:
81853	83598	-	1	1.310346	I:	D:
84033	84971	-	3	1.302582	I:	D:
85175	86041	+	2	1.299819	I:	D:
86166	88316	-	3	1.302611	I:	D:
88366	89028	-	1	1.330803	I:	D:
89305	90690	+	1	1.318452	I:	D:
92309	94141	-	2	1.299661	I:	D:
94134	96323	-	3	1.292046	I:	D:
96316	96831	-	1	1.290658	I:	D:
97008	97514	-	3	1.286789	I:	D:
97822	98028	+	1	1.336814	I:	D:
98057	99373	-	2	1.289500	I:	D:
99520	100137	+	1	1.315107	I:	D:
100227	101123	-	3	1.277291	I:	D:
101124	103835	-	3	1.269922	I:	D:
103942	105051	-	1	1.264695	I:	D:
105104	105415	-	2	1.255315	I:	D:
105417	105869	-	3	1.225048	I:	D:
106168	108102	+	1	1.260870	I:	D:
108166	109992	-	1	1.261102	I:	D:
110170	110370	-	1	1.367033	I:	D:
110438	111652	-	2	1.274996	I:	D:
111757	112674	-	1	1.275838	I:	D:
112671	113921	-	3	1.309230	I:	D:
113935	114471	-	1	1.238794	I:	D:
114471	115856	-	3	1.220578	I:	D:
116044	117456	-	1	1.357912	I:	D:
117903	118358	-	3	1.352840	I:	D:
118380	119690	-	3	1.337845	I:	D:
119777	120730	-	2	1.296870	I:	D:
120749	121789	-	2	1.277899	I:	D:
121985	123055	+	2	1.300838	I:	D:
123137	123652	-	2	1.286950	I:	D:
123495	124166	+	3	1.261456	I:	D:
124370	124570	+	2	1.271685	I:	D:
124713	125408	-	3	1.282360	I:	D:
125410	126234	-	1	1.272012	I:	D:
126370	127707	-	1	1.278409	I:	D:
127694	128209	-	2	1.282713	I:	D:
128414	129853	-	2	1.309177	I:	D:
129854	131326	-	2	1.300939	I:	D:
131337	131630	-	3	1.292518	I:	D:
131756	132160	-	2	1.296062	I:	D:
132297	133682	-	3	1.292050	I:	D:
133684	135591	-	1	1.291209	I:	D:
135621	137012	-	3	1.291530	I:	D:
137231	138208	-	2	1.309662	I:	D:
138236	138742	-	2	1.322838	I:	D:
138746	139237	-	2	1.313125	I:	D:
139249	139890	-	1	1.282887	I:	D:
139884	140759	-	3	1.314984	I:	D:
140787	142628	-	3	1.299137	I:	D:
142641	143360	-	3	1.331786	I:	D:
143372	144403	-	2	1.305078	I:	D:
144408	145751	-	3	1.302414	I:	D:
145756	146685	-	1	1.279817	I:	D:
146687	147166	-	2	1.272738	I:	D:
147185	149410	-	2	1.333369	I:	D:
149414	150766	-	2	1.296135	I:	D:
150864	151700	-	3	1.319052	I:	D:
151828	152766	-	1	1.264993	I:	D:
152768	153601	-	2	1.281789	I:	D:
153608	154264	-	2	1.279586	I:	D:
154623	155705	+	3	1.346939	I:	D:
155778	155924	+	3	1.354154	I:	D:
155981	156349	-	2	1.303189	I:	D:
156477	157712	-	3	1.294176	I:	D:
157772	158494	-	2	1.303339	I:	D:
158654	159364	+	2	1.293994	I:	D:
159388	159963	+	1	1.300338	I:	D:
160049	161761	-	2	1.338575	I:	D:
161755	163587	-	1	1.326809	I:	D:
163986	164822	-	3	1.317397	I:	D:
164947	165435	-	1	1.271051	I:	D:
165521	166894	-	2	1.308560	I:	D:
167153	168583	+	2	1.330831	I:	D:
168663	169712	+	3	1.322227	I:	D:
169787	170956	-	2	1.317451	I:	D:
170965	171900	-	1	1.315199	I:	D:
171945	173117	-	3	1.292169	I:	D:
173128	175188	-	1	1.305076	I:	D:
175328	175738	-	2	1.256198	I:	D:
175762	176502	-	1	1.276425	I:	D:
176512	177288	-	1	1.288775	I:	D:
177362	178417	-	2	1.314637	I:	D:
178419	182072	-	3	1.274645	I:	D:
182139	185576	-	3	1.272295	I:	D:
185586	187061	-	3	1.296337	I:	D:
187058	188188	-	2	1.309534	I:	D:
188357	189874	+	2	1.297905	I:	D:
189992	190933	-	2	1.274045	I:	D:
190950	192572	-	3	1.302745	I:	D:
192559	193773	-	1	1.283840	I:	D:
193856	194878	-	2	1.275891	I:	D:
194988	196235	-	3	1.297983	I:	D:
196255	197925	-	1	1.292748	I:	D:
197976	199094	-	3	1.294791	I:	D:
199142	200797	-	2	1.269673	I:	D:
200938	201546	-	1	1.287434	I:	D:
201696	201971	-	3	1.264074	I:	D:
201996	202280	-	3	1.262373	I:	D:
202452	202613	-	3	1.229938	I:	D:
202803	204017	+	3	1.329536	I:	D:
204024	204161	+	3	1.287326	I:	D:
204173	205291	-	2	1.294984	I:	D:
205295	206758	-	2	1.261087	I:	D:
206766	207518	-	3	1.245869	I:	D:
207520	208248	-	1	1.258639	I:	D:
208245	209384	-	3	1.276737	I:	D:
209454	210377	-	3	1.258197	I:	D:
210408	211499	-	3	1.258318	I:	D:
211513	212433	-	1	1.257605	I:	D:
212417	212914	-	2	1.258266	I:	D:
212926	213375	-	1	1.260431	I:	D:
213393	214817	-	3	1.268490	I:	D:
214822	215517	-	1	1.266997	I:	D:
215581	215796	-	1	1.362145	I:	D:
>YA1_303
3	128	+	3	1.347954	I:	D:
329	1030	+	2	1.311005	I:	D:
1031	3760	+	2	1.277888	I:	D:
3803	4741	+	2	1.319000	I:	D:
4878	6074	+	3	1.278110	I:	D:
6256	7644	+	1	1.271940	I:	D:
7694	8218	+	2	1.298584	I:	D:
8493	8912	+	3	1.260264	I:	D:
8918	9586	+	2	1.302757	I:	D:
9598	10185	+	1	1.276462	I:	D:
10204	10869	+	1	1.306510	I:	D:
11097	11234	+	3	1.372279	I:	D:
11322	12734	+	3	1.355879	I:	D:
12893	14179	+	2	1.315498	I:	D:
>YA1_594
95	1297	-	2	1.306360	I:	D:
1294	2499	-	1	1.281729	I:	D:
2501	3361	-	2	1.279093	I:	D:
3339	4106	-	3	1.301582	I:	D:
4106	4681	-	2	1.311566	I:	D:
4948	5883	-	1	1.276110	I:	D:
5997	7682	+	3	1.274657	I:	D:
7744	8520	-	1	1.314951	I:	D:
8549	9856	-	2	1.298721	I:	D:
9877	10794	-	1	1.296239	I:	D:
11023	12156	+	1	1.279439	I:	D:
12241	13017	-	1	1.315156	I:	D:
13029	14318	-	3	1.289867	I:	D:
14365	16410	-	1	1.250618	I:	D:
16429	16875	-	1	1.280251	I:	D:
16889	18145	-	2	1.278760	I:	D:
18171	18470	-	3	1.240026	I:	D:
18769	18915	-	1	1.235880	I:	D:
19201	20181	+	1	1.235892	I:	D:
20260	21045	-	1	1.310468	I:	D:
21262	21753	-	1	1.311686	I:	D:
22170	22625	+	3	1.352076	I:	D:
22673	23881	+	2	1.276689	I:	D:
23898	25154	+	3	1.296652	I:	D:
25188	26567	+	3	1.306147	I:	D:
26618	27394	+	2	1.389978	I:	D:
27410	27847	+	2	1.331828	I:	D:
27872	29128	+	2	1.301781	I:	D:
29367	30239	+	3	1.344627	I:	D:
30370	30738	-	1	1.283676	I:	D:
30772	31236	-	1	1.288125	I:	D:
31265	32446	-	2	1.325302	I:	D:
32468	33610	-	2	1.280645	I:	D:
33804	34217	-	3	1.312743	I:	D:
34218	35606	-	3	1.291678	I:	D:
35628	36497	-	3	1.310894	I:	D:
36507	38006	-	3	1.303517	I:	D:
38014	38502	-	1	1.261542	I:	D:
38521	39003	-	1	1.285317	I:	D:
39022	39240	-	1	1.238260	I:	D:
39296	39979	-	2	1.350712	I:	D:
40435	41319	-	1	1.308577	I:	D:
41333	42385	-	2	1.314038	I:	D:
42526	43242	+	1	1.307290	I:	D:
43288	43482	-	1	1.316987	I:	D:
43753	44475	+	1	1.308749	I:	D:
44558	45739	-	2	1.299678	I:	D:
45822	46442	-	3	1.264429	I:	D:
46456	47466	-	1	1.269885	I:	D:
47496	48164	-	3	1.288235	I:	D:
48158	50260	-	2	1.301604	I:	D:
50282	51280	-	2	1.268421	I:	D:
51338	52714	-	2	1.290258	I:	D:
52765	53043	-	1	1.270707	I:	D:
53095	53583	-	1	1.288569	I:	D:
53826	53963	+	3	1.279230	I:	D:
54009	54326	-	3	1.264733	I:	D:
54482	54652	+	2	1.379476	I:	D:
54699	55679	-	3	1.321746	I:	D:
55778	56365	-	2	1.277222	I:	D:
56425	58755	-	1	1.311146	I:	D:
58781	59791	-	2	1.277568	I:	D:
59963	60838	-	2	1.332505	I:	D:
61002	62345	-	3	1.296358	I:	D:
62524	63741	-	1	1.259398	I:	D:
63989	64393	-	2	1.279002	I:	D:
64405	67065	-	1	1.300988	I:	D:
67242	67670	-	3	1.302404	I:	D:
67663	67947	+	1	1.368079	I:	D:
68380	69096	-	1	1.256987	I:	D:
69623	71113	-	2	1.282494	I:	D:
71214	72350	-	3	1.313480	I:	D:
72373	72831	-	1	1.311167	I:	D:
72835	73470	-	1	1.303104	I:	D:
73622	74014	+	2	1.296208	I:	D:
74078	74695	-	2	1.318603	I:	D:
74885	75013	-	2	1.363375	I:	D:
75184	76212	+	1	1.306615	I:	D:
76236	76799	-	3	1.319371	I:	D:
76868	77398	-	2	1.287043	I:	D:
77477	79024	-	2	1.314487	I:	D:
79094	80410	-	2	1.291702	I:	D:
80429	83638	-	2	1.302492	I:	D:
83648	84349	-	2	1.319218	I:	D:
84407	84580	-	2	1.269262	I:	D:
84772	85926	-	1	1.303095	I:	D:
85865	86536	-	2	1.279271	I:	D:
86910	87842	+	3	1.285251	I:	D:
87893	88636	-	2	1.307007	I:	D:
88673	91312	-	2	1.298670	I:	D:
91324	92340	-	1	1.303118	I:	D:
92315	93115	-	2	1.274716	I:	D:
93108	94142	-	3	1.322828	I:	D:
94146	97289	-	3	1.307429	I:	D:
97445	98530	+	2	1.300245	I:	D:
98614	98991	-	1	1.270513	I:	D:
99021	99572	-	3	1.296296	I:	D:
99592	100878	-	1	1.290557	I:	D:
101021	103516	-	2	1.297123	I:	D:
103586	104719	-	2	1.293185	I:	D:
104723	105544	-	2	1.303467	I:	D:
105557	106366	-	2	1.288437	I:	D:
106377	106856	-	3	1.333202	I:	D:
106869	108143	-	3	1.305573	I:	D:
108173	110479	-	2	1.294128	I:	D:
110597	111901	-	2	1.291202	I:	D:
111925	112506	-	1	1.318494	I:	D:
112585	113865	-	1	1.241402	I:	D:
113964	115970	-	3	1.319126	I:	D:
116120	117601	+	2	1.313859	I:	D:
117817	119553	+	1	1.305812	I:	D:
119617	122670	-	1	1.266845	I:	D:
122738	127231	-	2	1.270841	I:	D:
127736	129691	+	2	1.277092	I:	D:
129857	130984	-	2	1.296450	I:	D:
131246	132544	+	2	1.330396	I:	D:
132645	133400	-	3	1.296567	I:	D:
133414	134298	-	1	1.295540	I:	D:
134335	134823	-	1	1.315784	I:	D:
134905	135600	-	1	1.344132	I:	D:
135680	137500	-	2	1.291202	I:	D:
137599	138735	+	1	1.315272	I:	D:
138865	140034	-	1	1.306934	I:	D:
140122	140892	-	1	1.275029	I:	D:
140904	142022	-	3	1.344906	I:	D:
142026	143390	-	3	1.278966	I:	D:
143404	144375	-	1	1.335328	I:	D:
144404	146140	-	2	1.329246	I:	D:
146196	148019	-	3	1.306220	I:	D:
148023	148508	-	3	1.344078	I:	D:
148521	149459	-	3	1.335341	I:	D:
149472	149987	-	3	1.335088	I:	D:
150083	150970	-	2	1.312813	I:	D:
151156	152247	+	1	1.289174	I:	D:
152388	152531	+	3	1.320736	I:	D:
152735	152995	-	2	1.265136	I:	D:
153058	153957	-	1	1.309988	I:	D:
153954	155078	-	3	1.281364	I:	D:
155082	156482	-	3	1.295732	I:	D:
156466	156840	-	1	1.241336	I:	D:
157163	157915	-	2	1.315939	I:	D:
157938	160190	-	3	1.282198	I:	D:
160444	161622	-	1	1.314896	I:	D:
161655	162368	-	3	1.302233	I:	D:
162595	163809	-	1	1.305204	I:	D:
163819	164472	-	1	1.343053	I:	D:
164409	165740	-	3	1.320239	I:	D:
165766	168966	-	1	1.291400	I:	D:
168959	170038	-	2	1.279614	I:	D:
170312	170944	-	2	1.310007	I:	D:
171173	173173	+	2	1.272504	I:	D:
>YA1_1025
164	352	+	2	1.238681	I:	D:
385	660	+	1	1.229904	I:	D:
670	1530	+	1	1.264940	I:	D:
1532	2485	+	2	1.250387	I:	D:
2616	3770	+	3	1.270231	I:	D:
3881	5314	+	2	1.286259	I:	D:
5566	6570	+	1	1.271892	I:	D:
6661	7554	+	1	1.313832	I:	D:
7571	8365	+	2	1.293467	I:	D:
>YA1_1104
1	813	+	1	1.344762	I:	D:
929	1105	+	2	1.359275	I:	D:
1134	1982	+	3	1.301525	I:	D:
2554	3900	-	1	1.350462	I:	D:
3906	4148	+	3	1.408137	I:	D:
4359	5108	-	3	1.320672	I:	D:
5228	6523	-	2	1.278596	I:	D:
6639	8039	-	3	1.329243	I:	D:
>YA1_1117
71	949	-	2	1.320741	I:	D:
1022	1948	-	2	1.294949	I:	D:
2054	2833	+	2	1.284050	I:	D:
2935	5277	-	1	1.287886	I:	D:
5495	8008	+	2	1.307327	I:	D:
>YA1_1268
360	1157	-	3	1.307880	I:	D:
1402	2274	+	1	1.314239	I:	D:
2293	3147	+	1	1.292338	I:	D:
3162	4400	+	3	1.312790	I:	D:
4429	5304	+	1	1.306442	I:	D:
5310	5561	+	3	1.311345	I:	D:
5558	6088	+	2	1.323410	I:	D:
6589	6735	+	1	1.316426	I:	D:
6740	7264	+	2	1.337114	I:	D:
>YA1_1341
166	1083	-	1	1.315102	I:	D:
1255	3351	+	1	1.281606	I:	D:
3557	4018	+	2	1.254596	I:	D:
4021	4299	+	1	1.283369	I:	D:
4451	5815	+	2	1.287127	I:	D:
5904	6758	+	3	1.269455	I:	D:
6781	7830	+	1	1.282620	I:	D:
7833	8765	+	3	1.278166	I:	D:
8785	9666	+	1	1.323748	I:	D:
9804	10688	-	3	1.298950	I:	D:
10891	12486	+	1	1.318996	I:	D:
12614	13324	+	2	1.330067	I:	D:
13348	14070	+	1	1.305613	I:	D:
14072	14782	+	2	1.291939	I:	D:
14800	16020	+	1	1.241918	I:	D:
16113	17048	+	3	1.284880	I:	D:
17215	17790	+	1	1.300694	I:	D:
17847	18044	+	3	1.269345	I:	D:
18074	18430	+	2	1.303046	I:	D:
18440	19762	-	2	1.338091	I:	D:
19769	20485	-	2	1.286533	I:	D:
20539	21507	+	1	1.321141	I:	D:
21519	22802	+	3	1.336260	I:	D:
22925	23077	-	2	1.238332	I:	D:
23235	23597	+	3	1.305020	I:	D:
23957	24907	+	2	1.291309	I:	D:
24904	25578	+	1	1.303707	I:	D:
25604	25747	+	2	1.328682	I:	D:
26169	27008	+	3	1.329624	I:	D:
27014	27730	+	2	1.314852	I:	D:
27835	28881	+	1	1.319794	I:	D:
29034	31934	+	3	1.287464	I:	D:
31958	32863	+	2	1.319040	I:	D:
32866	33588	+	1	1.319065	I:	D:
33665	34027	-	2	1.283369	I:	D:
34197	35585	+	3	1.305544	I:	D:
35664	37805	+	3	1.294559	I:	D:
37878	38324	+	3	1.260567	I:	D:
38330	39610	+	2	1.313511	I:	D:
39753	41045	+	3	1.308085	I:	D:
41066	42136	+	2	1.307388	I:	D:
42675	43718	+	3	1.263104	I:	D:
43751	44599	+	2	1.306507	I:	D:
44601	45503	+	3	1.292372	I:	D:
45510	46262	+	3	1.273943	I:	D:
46268	46921	+	2	1.309233	I:	D:
46918	47598	+	1	1.297068	I:	D:
47625	48953	+	3	1.294726	I:	D:
49497	50693	-	3	1.336569	I:	D:
50716	51834	-	1	1.265008	I:	D:
51868	52299	-	1	1.247895	I:	D:
52314	54404	-	3	1.267100	I:	D:
54551	54739	+	2	1.393013	I:	D:
54822	55304	-	3	1.284404	I:	D:
55319	55819	-	2	1.297689	I:	D:
56002	56208	+	1	1.342641	I:	D:
56337	57314	-	3	1.279046	I:	D:
57333	58136	-	3	1.258070	I:	D:
58158	59294	-	3	1.280212	I:	D:
59383	60810	-	1	1.271813	I:	D:
60866	62416	-	2	1.307845	I:	D:
62739	64088	-	3	1.320313	I:	D:
64109	64543	-	2	1.269519	I:	D:
64779	66002	+	3	1.311957	I:	D:
66137	67063	-	2	1.332001	I:	D:
67236	67583	+	3	1.282359	I:	D:
67824	68477	-	3	1.251293	I:	D:
68455	69384	-	1	1.301835	I:	D:
69396	70004	-	3	1.266796	I:	D:
70128	70973	-	3	1.224588	I:	D:
71053	71436	-	1	1.253817	I:	D:
71487	72764	-	3	1.301015	I:	D:
72795	73085	-	3	1.326327	I:	D:
73112	73549	-	2	1.266408	I:	D:
73562	75520	-	2	1.258545	I:	D:
75717	76016	-	3	1.289833	I:	D:
75991	76467	-	1	1.297954	I:	D:
76467	76751	-	3	1.299554	I:	D:
76810	77049	-	1	1.327936	I:	D:
77153	77428	-	2	1.215062	I:	D:
77667	78503	+	3	1.287854	I:	D:
78516	79427	+	3	1.328679	I:	D:
79477	80244	-	1	1.320125	I:	D:
80273	80983	-	2	1.294113	I:	D:
81077	81337	-	2	1.356600	I:	D:
81647	82045	+	2	1.256154	I:	D:
82142	82504	-	2	1.258366	I:	D:
82654	82827	-	1	1.357496	I:	D:
82927	85113	-	1	1.299498	I:	D:
85215	85445	-	3	1.286492	I:	D:
85551	85760	-	3	1.259474	I:	D:
85892	86179	-	2	1.312755	I:	D:
86281	86712	-	1	1.274467	I:	D:
86767	87378	-	1	1.339776	I:	D:
87564	89297	-	3	1.310549	I:	D:
89332	90081	-	1	1.318393	I:	D:
90074	90919	-	2	1.286521	I:	D:
90921	91346	-	3	1.357771	I:	D:
91692	92621	+	3	1.260338	I:	D:
92676	94625	-	3	1.296431	I:	D:
94673	95467	-	2	1.300820	I:	D:
95670	95804	+	3	1.338570	I:	D:
95871	97046	+	3	1.313183	I:	D:
97101	98888	-	3	1.301246	I:	D:
98893	99210	-	1	1.249388	I:	D:
99393	100037	-	3	1.299906	I:	D:
100163	100606	+	2	1.308787	I:	D:
100691	101833	-	2	1.262616	I:	D:
101886	103040	-	3	1.255735	I:	D:
103105	104895	-	1	1.273251	I:	D:
104914	105474	-	1	1.285213	I:	D:
105530	106159	-	2	1.247033	I:	D:
106445	107206	+	2	1.270126	I:	D:
107294	108973	-	2	1.272548	I:	D:
109183	110670	+	1	1.339226	I:	D:
111153	111362	-	3	1.241389	I:	D:
111359	112000	-	2	1.227480	I:	D:
112000	114120	-	1	1.257781	I:	D:
114157	114405	-	1	1.221194	I:	D:
114389	115531	-	2	1.272739	I:	D:
115534	115920	-	1	1.218481	I:	D:
116128	116532	-	1	1.303020	I:	D:
116541	117944	-	3	1.339198	I:	D:
117977	118837	-	2	1.301953	I:	D:
118849	120357	-	1	1.316840	I:	D:
120379	120924	-	1	1.293414	I:	D:
120909	121430	-	3	1.296407	I:	D:
121458	121721	-	3	1.299001	I:	D:
121764	122495	-	3	1.345903	I:	D:
122579	122983	-	2	1.337744	I:	D:
122973	123311	-	3	1.310135	I:	D:
123563	124732	+	2	1.302691	I:	D:
124827	124952	-	3	1.377361	I:	D:
>YA1_1768
3	239	+	3	1.325939	I:	D:
389	2068	+	2	1.273864	I:	D:
2231	2875	+	2	1.277177	I:	D:
3018	3365	-	3	1.262732	I:	D:
3484	4077	+	1	1.296781	I:	D:
4104	4700	+	3	1.299164	I:	D:
4724	6655	+	2	1.308887	I:	D:
7073	7543	+	2	1.298196	I:	D:
7703	8722	+	2	1.300884	I:	D:
8787	9776	+	3	1.290868	I:	D:
9818	10588	+	2	1.298747	I:	D:
10612	12003	+	1	1.297648	I:	D:
12022	13407	+	1	1.288543	I:	D:
13513	14538	-	1	1.286257	I:	D:
14657	15715	-	2	1.316399	I:	D:
15942	17897	+	3	1.309283	I:	D:
17982	19658	+	3	1.330284	I:	D:
19674	20990	-	3	1.346974	I:	D:
21126	21584	+	3	1.324428	I:	D:
21587	22771	+	2	1.286837	I:	D:
22846	23283	+	1	1.259504	I:	D:
23293	24384	+	1	1.310749	I:	D:
24418	25341	+	1	1.305930	I:	D:
25591	26271	+	1	1.290435	I:	D:
26268	27752	+	3	1.301422	I:	D:
27892	28683	+	1	1.289295	I:	D:
28693	29298	+	1	1.288761	I:	D:
29311	30072	+	1	1.307954	I:	D:
30202	30459	+	1	1.302850	I:	D:
30443	30805	+	2	1.290237	I:	D:
30953	31267	+	2	1.296205	I:	D:
31287	31694	+	3	1.315006	I:	D:
31813	36030	-	1	1.305857	I:	D:
36247	36591	+	1	1.273384	I:	D:
36716	37648	+	2	1.326806	I:	D:
37674	38543	+	3	1.332309	I:	D:
38590	40032	+	1	1.278041	I:	D:
40139	40456	+	2	1.295460	I:	D:
40453	41436	+	1	1.286014	I:	D:
41438	41809	+	2	1.276618	I:	D:
42113	42250	+	2	1.354867	I:	D:
42320	42505	-	2	1.311037	I:	D:
42699	43055	+	3	1.298200	I:	D:
43062	44723	+	3	1.277554	I:	D:
44807	46837	+	2	1.305498	I:	D:
46853	47125	+	2	1.279016	I:	D:
47260	47481	+	1	1.316228	I:	D:
47710	48267	+	1	1.312064	I:	D:
48271	48750	+	1	1.306959	I:	D:
48758	49372	+	2	1.288958	I:	D:
49413	49556	+	3	1.389486	I:	D:
50121	50303	+	3	1.299258	I:	D:
50318	51529	-	2	1.317316	I:	D:
51803	52816	+	2	1.291464	I:	D:
52843	54033	+	1	1.285391	I:	D:
54104	54670	+	2	1.318805	I:	D:
54676	54861	+	1	1.356280	I:	D:
54956	55963	+	2	1.268340	I:	D:
55971	56657	+	3	1.295282	I:	D:
56676	60233	+	3	1.291357	I:	D:
60241	61182	+	1	1.259584	I:	D:
61184	62401	+	2	1.283614	I:	D:
62826	65060	+	3	1.302628	I:	D:
65077	66261	+	1	1.293006	I:	D:
66275	67408	+	2	1.281189	I:	D:
67401	68846	+	3	1.309189	I:	D:
68959	71400	+	1	1.317069	I:	D:
71428	73350	+	1	1.315694	I:	D:
73445	75127	-	2	1.302841	I:	D:
75335	76747	+	2	1.301054	I:	D:
76740	79367	+	3	1.306776	I:	D:
79372	81309	+	1	1.316040	I:	D:
81335	81712	+	2	1.302079	I:	D:
81717	82679	+	3	1.273150	I:	D:
82654	83949	+	1	1.298846	I:	D:
84011	84772	+	2	1.324046	I:	D:
84783	85742	+	3	1.306395	I:	D:
85746	86630	+	3	1.303260	I:	D:
86642	87157	+	2	1.343595	I:	D:
87157	90069	+	1	1.317988	I:	D:
90090	90830	+	3	1.306660	I:	D:
90834	91634	+	3	1.311727	I:	D:
91649	91909	+	2	1.280411	I:	D:
91925	93040	+	2	1.327328	I:	D:
93053	93445	+	2	1.305547	I:	D:
93484	94452	+	1	1.302823	I:	D:
94454	95395	+	2	1.318154	I:	D:
95399	96778	+	2	1.305267	I:	D:
96821	97516	+	2	1.274038	I:	D:
97530	98090	+	3	1.284280	I:	D:
98097	98852	+	3	1.317291	I:	D:
98862	99452	+	3	1.259120	I:	D:
99442	100521	+	1	1.291739	I:	D:
100539	101054	+	3	1.315645	I:	D:
101032	101949	+	1	1.321152	I:	D:
101974	102786	+	1	1.284602	I:	D:
102915	103181	+	3	1.271234	I:	D:
103436	105526	+	2	1.284249	I:	D:
>YA1_1836
87	1433	-	3	1.312699	I:	D:
1623	2429	+	3	1.249249	I:	D:
2562	3218	+	3	1.299091	I:	D:
3231	3992	+	3	1.309735	I:	D:
4027	5394	+	1	1.297604	I:	D:
>YA1_2009
35	208	-	2	1.293819	I:	D:
312	1337	-	3	1.281932	I:	D:
1327	2007	-	1	1.308096	I:	D:
2004	2924	-	3	1.302362	I:	D:
3067	4209	-	1	1.294358	I:	D:
4271	4822	-	2	1.322565	I:	D:
5019	6671	-	3	1.285233	I:	D:
6873	7262	-	3	1.334611	I:	D:
7715	7990	-	2	1.352192	I:	D:
7994	8878	-	2	1.352028	I:	D:
8868	9104	-	3	1.268824	I:	D:
9163	9729	+	1	1.384007	I:	D:
10020	10619	-	3	1.310156	I:	D:
11073	11387	+	3	1.301493	I:	D:
11403	11789	+	3	1.299229	I:	D:
11818	13203	+	1	1.322555	I:	D:
13381	14586	+	1	1.337362	I:	D:
14629	14850	+	1	1.280408	I:	D:
14967	15464	+	3	1.314400	I:	D:
15448	15945	+	1	1.339726	I:	D:
15929	18376	+	2	1.322912	I:	D:
18379	19491	+	1	1.345592	I:	D:
19554	19850	+	3	1.304328	I:	D:
20048	20710	+	2	1.376091	I:	D:
20904	22016	+	3	1.331162	I:	D:
22045	22341	+	1	1.304328	I:	D:
22539	23201	+	3	1.376091	I:	D:
23389	24390	+	1	1.339774	I:	D:
24405	25319	+	3	1.320568	I:	D:
25681	27615	+	1	1.307709	I:	D:
27961	28314	-	1	1.287917	I:	D:
28444	28590	+	1	1.347909	I:	D:
28819	29241	+	1	1.305319	I:	D:
29238	29468	+	3	1.323412	I:	D:
29532	29660	-	3	1.306939	I:	D:
29929	30132	+	1	1.262007	I:	D:
30214	31431	+	1	1.294562	I:	D:
31695	32282	+	3	1.274013	I:	D:
32513	33181	+	2	1.336419	I:	D:
33309	34274	-	3	1.270164	I:	D:
34289	35470	-	2	1.257291	I:	D:
35487	36299	-	3	1.270452	I:	D:
36289	37059	-	1	1.277242	I:	D:
37071	37550	-	3	1.252102	I:	D:
37567	38622	-	1	1.276939	I:	D:
38642	39484	-	2	1.291429	I:	D:
39478	40347	-	1	1.255017	I:	D:
40475	43282	-	2	1.268516	I:	D:
43417	43836	+	1	1.239270	I:	D:
43858	45162	+	1	1.299058	I:	D:
45321	45452	-	3	1.293311	I:	D:
45568	45906	-	1	1.346450	I:	D:
46046	49567	-	2	1.300691	I:	D:
49832	50794	-	2	1.318390	I:	D:
51063	51548	+	3	1.279490	I:	D:
51627	52451	+	3	1.289205	I:	D:
52576	55299	-	1	1.256445	I:	D:
55580	62104	-	2	1.244314	I:	D:
62434	65235	-	1	1.299145	I:	D:
65436	68108	-	3	1.303890	I:	D:
68134	69069	-	1	1.273708	I:	D:
69245	70198	+	2	1.287350	I:	D:
70417	71313	-	1	1.298319	I:	D:
71558	72529	-	2	1.294359	I:	D:
72607	73413	-	1	1.274433	I:	D:
73445	74239	-	2	1.315193	I:	D:
74257	76638	-	1	1.293087	I:	D:
76701	78014	-	3	1.302769	I:	D:
78356	79927	-	2	1.318429	I:	D:
80299	81318	-	1	1.326347	I:	D:
81602	81742	+	2	1.309107	I:	D:
82398	83129	-	3	1.341930	I:	D:
83158	84021	-	1	1.323351	I:	D:
84025	84693	-	1	1.317588	I:	D:
84861	86111	-	3	1.264558	I:	D:
86148	86834	-	3	1.347838	I:	D:
87126	88043	+	3	1.260644	I:	D:
88152	89021	-	3	1.260111	I:	D:
89123	90538	-	2	1.265807	I:	D:
90659	91087	-	2	1.236202	I:	D:
91090	93096	-	1	1.263935	I:	D:
93109	94380	-	1	1.272007	I:	D:
94389	95135	-	3	1.273160	I:	D:
95284	95658	-	1	1.361860	I:	D:
95621	96085	-	2	1.311797	I:	D:
96096	96521	-	3	1.317013	I:	D:
96741	97091	-	3	1.273467	I:	D:
97107	98360	-	3	1.319232	I:	D:
>YA1_2080
113	778	+	2	1.291432	I:	D:
851	2395	+	2	1.274416	I:	D:
2408	3025	+	2	1.302526	I:	D:
3044	4015	+	2	1.278915	I:	D:
4017	5300	+	3	1.300313	I:	D:
5282	6526	+	2	1.285070	I:	D:
6530	8872	+	2	1.288052	I:	D:
8902	9438	+	1	1.318169	I:	D:
9600	9821	+	3	1.201355	I:	D:
10043	11407	+	2	1.326799	I:	D:
11443	12480	+	1	1.259582	I:	D:
12578	13540	+	2	1.294006	I:	D:
13546	14028	+	1	1.290815	I:	D:
14013	14951	+	3	1.305695	I:	D:
14967	15641	+	3	1.319195	I:	D:
15652	16311	+	1	1.292140	I:	D:
16352	17164	+	2	1.245256	I:	D:
17185	18219	+	1	1.309170	I:	D:
18222	18581	+	3	1.261486	I:	D:
18588	18824	+	3	1.273771	I:	D:
18839	19444	+	2	1.269929	I:	D:
19454	21445	+	2	1.300751	I:	D:
21459	22871	+	3	1.298215	I:	D:
22903	24093	+	1	1.293201	I:	D:
24137	25444	+	2	1.326676	I:	D:
25664	25933	+	2	1.220772	I:	D:
26114	26485	+	2	1.316470	I:	D:
26489	27334	+	2	1.271344	I:	D:
27338	27997	+	2	1.280621	I:	D:
28145	29056	+	2	1.295082	I:	D:
29389	30648	-	1	1.288234	I:	D:
30824	31981	+	2	1.308793	I:	D:
32011	32151	+	1	1.327553	I:	D:
32442	33170	+	3	1.252671	I:	D:
33167	34459	+	2	1.270136	I:	D:
34789	35796	+	1	1.234062	I:	D:
35821	36885	+	1	1.237539	I:	D:
36901	37773	+	1	1.285382	I:	D:
37775	39004	+	2	1.282008	I:	D:
39010	40701	+	1	1.284322	I:	D:
40839	41957	+	3	1.274513	I:	D:
41967	42713	-	3	1.297754	I:	D:
42882	44255	+	3	1.289723	I:	D:
44274	44528	+	3	1.233223	I:	D:
44553	45938	+	3	1.341376	I:	D:
46255	46791	-	1	1.326127	I:	D:
46917	49025	+	3	1.303870	I:	D:
49033	49647	-	1	1.296841	I:	D:
49806	50789	+	3	1.287965	I:	D:
50909	51616	+	2	1.332534	I:	D:
51717	52361	+	3	1.259928	I:	D:
53165	54490	+	2	1.279569	I:	D:
54557	54964	+	2	1.297624	I:	D:
55677	56345	+	3	1.249211	I:	D:
56351	56761	+	2	1.307379	I:	D:
56785	57699	+	1	1.269052	I:	D:
57759	58685	+	3	1.284877	I:	D:
58675	59094	+	1	1.275862	I:	D:
59121	61415	+	3	1.310271	I:	D:
61424	62083	+	2	1.347198	I:	D:
62087	63517	+	2	1.300911	I:	D:
63532	64155	+	1	1.292023	I:	D:
64152	65396	+	3	1.288300	I:	D:
65482	66000	+	1	1.297930	I:	D:
66077	67870	+	2	1.310061	I:	D:
67875	68345	+	3	1.278059	I:	D:
68438	69673	+	2	1.304147	I:	D:
69710	71200	+	2	1.322057	I:	D:
71584	72522	-	1	1.342401	I:	D:
72717	73394	-	3	1.317035	I:	D:
73497	75476	+	3	1.359127	I:	D:
75550	76476	+	1	1.371174	I:	D:
76473	76991	+	3	1.325421	I:	D:
77028	77225	+	3	1.382343	I:	D:
77247	77636	+	3	1.378804	I:	D:
77633	78760	+	2	1.342545	I:	D:
78766	79209	+	1	1.315231	I:	D:
79217	79756	+	2	1.323511	I:	D:
79759	80334	+	1	1.341272	I:	D:
81567	82319	+	3	1.243350	I:	D:
82316	83707	+	2	1.210726	I:	D:
83700	84584	+	3	1.233292	I:	D:
84608	85714	+	2	1.220527	I:	D:
85771	88029	+	1	1.243693	I:	D:
88041	88541	+	3	1.254568	I:	D:
88555	89547	+	1	1.249875	I:	D:
89550	89828	+	3	1.271271	I:	D:
89951	92923	+	2	1.261818	I:	D:
93042	93215	-	3	1.270484	I:	D:
93263	94540	-	2	1.382598	I:	D:
>YA1_2119
1	132	-	1	1.339466	I:	D:
200	2227	-	2	1.254802	I:	D:
2410	2847	-	1	1.203002	I:	D:
2852	4249	-	2	1.283842	I:	D:
4230	4601	-	3	1.218904	I:	D:
>YA1_2137
158	3391	-	2	1.296366	I:	D:
3859	5223	+	1	1.315316	I:	D:
5298	6689	-	3	1.370793	I:	D:
7199	8134	-	2	1.354558	I:	D:
8226	8816	-	3	1.301474	I:	D:
8832	10055	-	3	1.310341	I:	D:
10052	10498	-	2	1.315463	I:	D:
10942	11586	-	1	1.207463	I:	D:
11665	11844	-	1	1.239119	I:	D:
11859	12113	-	3	1.336975	I:	D:
12202	14367	-	1	1.271841	I:	D:
14369	15424	-	2	1.278315	I:	D:
15438	16826	-	3	1.269381	I:	D:
16978	18306	-	1	1.273737	I:	D:
18503	19363	+	2	1.244865	I:	D:
19371	20237	-	3	1.256590	I:	D:
20342	21229	-	2	1.269153	I:	D:
21309	22178	-	3	1.250072	I:	D:
22210	23064	-	1	1.288428	I:	D:
23087	24175	-	2	1.285971	I:	D:
24215	24526	-	2	1.262202	I:	D:
24838	25287	-	1	1.253997	I:	D:
25319	27289	-	2	1.261613	I:	D:
27572	28732	-	2	1.336326	I:	D:
28756	29694	-	1	1.279565	I:	D:
29881	30783	-	1	1.272220	I:	D:
30841	31335	-	1	1.267729	I:	D:
31367	32701	-	2	1.315012	I:	D:
32865	33668	-	3	1.301061	I:	D:
33655	34425	-	1	1.284790	I:	D:
34391	35041	-	2	1.330028	I:	D:
35130	35615	-	3	1.261759	I:	D:
35655	36989	-	3	1.311225	I:	D:
37020	38588	-	3	1.308516	I:	D:
38907	40082	-	3	1.318204	I:	D:
40112	40438	-	2	1.329187	I:	D:
40456	41142	-	1	1.351294	I:	D:
41130	41885	-	3	1.315443	I:	D:
42071	43024	-	2	1.243366	I:	D:
43232	44272	-	2	1.275558	I:	D:
44309	44515	-	2	1.243106	I:	D:
44533	44859	-	1	1.274669	I:	D:
45087	45542	-	3	1.235264	I:	D:
45555	46946	-	3	1.303239	I:	D:
46906	47298	-	1	1.254903	I:	D:
47519	48328	-	2	1.338137	I:	D:
48361	51720	-	1	1.294088	I:	D:
51662	52318	-	2	1.308058	I:	D:
52315	53673	-	1	1.311320	I:	D:
53858	54316	+	2	1.306017	I:	D:
54323	55654	+	2	1.317004	I:	D:
55934	56341	-	2	1.266818	I:	D:
56421	56957	-	3	1.219618	I:	D:
57013	57159	-	1	1.216683	I:	D:
57284	58651	+	2	1.316608	I:	D:
58662	60149	-	3	1.283305	I:	D:
60139	61458	-	1	1.311125	I:	D:
61481	62581	-	2	1.291182	I:	D:
62609	63412	+	2	1.292164	I:	D:
63429	63998	-	3	1.302695	I:	D:
64002	64772	-	3	1.266069	I:	D:
64797	67439	-	3	1.309874	I:	D:
67602	68189	+	3	1.309589	I:	D:
68241	68837	-	3	1.306071	I:	D:
69232	70902	-	1	1.303132	I:	D:
70902	71882	-	3	1.321827	I:	D:
71978	72631	-	2	1.292592	I:	D:
72949	73236	+	1	1.301456	I:	D:
73490	73726	-	2	1.284889	I:	D:
73765	73911	-	1	1.246201	I:	D:
74116	75216	+	1	1.327870	I:	D:
75319	75663	+	1	1.283210	I:	D:
75704	76150	+	2	1.306300	I:	D:
76304	79459	-	2	1.298899	I:	D:
79437	79577	-	3	1.270988	I:	D:
79810	80643	-	1	1.271638	I:	D:
80698	81954	-	1	1.284004	I:	D:
82174	83133	-	1	1.295046	I:	D:
83430	84503	+	3	1.293679	I:	D:
85071	86819	-	3	1.268661	I:	D:
86864	87373	+	2	1.272187	I:	D:
87432	88436	+	3	1.283158	I:	D:
88455	89642	+	3	1.322361	I:	D:
89664	89894	+	3	1.220014	I:	D:
89972	91345	-	2	1.319688	I:	D:
91350	91853	-	3	1.281877	I:	D:
91975	92133	-	1	1.371420	I:	D:
>YA1_2157
174	1958	-	3	1.283697	I:	D:
2167	2877	-	1	1.317721	I:	D:
2874	4025	-	3	1.297988	I:	D:
4028	4450	-	2	1.306039	I:	D:
4465	5268	-	1	1.330922	I:	D:
5281	6342	-	1	1.286420	I:	D:
6394	7200	-	1	1.288889	I:	D:
7197	8543	-	3	1.303485	I:	D:
8680	10116	-	1	1.295981	I:	D:
10137	11582	+	3	1.330539	I:	D:
11706	12854	-	3	1.274959	I:	D:
12990	13634	-	3	1.311133	I:	D:
13674	14690	-	3	1.295725	I:	D:
14772	15218	-	3	1.256750	I:	D:
15475	16350	-	1	1.298996	I:	D:
16523	17746	+	2	1.313701	I:	D:
17750	18418	+	2	1.301454	I:	D:
18437	19306	+	2	1.335157	I:	D:
19439	20137	-	2	1.292917	I:	D:
20130	22106	-	3	1.309303	I:	D:
22170	22304	-	3	1.253464	I:	D:
22330	22980	-	1	1.294613	I:	D:
22997	24334	-	2	1.323481	I:	D:
24354	24602	-	3	1.340869	I:	D:
24618	26207	-	3	1.277631	I:	D:
26241	27827	-	3	1.279113	I:	D:
28012	29340	-	1	1.292328	I:	D:
29862	31751	-	3	1.307711	I:	D:
31744	33477	-	1	1.299135	I:	D:
33470	33952	-	2	1.276365	I:	D:
34235	35641	-	2	1.296860	I:	D:
35658	36782	-	3	1.327181	I:	D:
36809	37171	-	2	1.281458	I:	D:
37188	37526	-	3	1.305166	I:	D:
37541	38950	-	2	1.285373	I:	D:
39104	39748	-	2	1.319112	I:	D:
39751	40335	-	1	1.284794	I:	D:
40511	41137	-	2	1.297226	I:	D:
41137	42039	-	1	1.293125	I:	D:
42088	43359	-	1	1.315334	I:	D:
43643	44596	+	2	1.300988	I:	D:
44735	44869	+	2	1.311907	I:	D:
44896	45414	-	1	1.290973	I:	D:
45439	45738	-	1	1.240529	I:	D:
45962	46450	-	2	1.265121	I:	D:
46722	48641	-	3	1.305669	I:	D:
48628	50298	-	1	1.294245	I:	D:
50414	50581	-	2	1.301409	I:	D:
50615	51373	-	2	1.302020	I:	D:
51370	52809	-	1	1.313161	I:	D:
52963	53760	-	1	1.311765	I:	D:
53816	55474	-	2	1.299090	I:	D:
55467	56753	-	3	1.306805	I:	D:
56886	58283	+	3	1.306189	I:	D:
58359	59510	-	3	1.309379	I:	D:
59547	60650	-	3	1.352960	I:	D:
60672	60881	-	3	1.346820	I:	D:
60918	61058	-	3	1.288437	I:	D:
61259	62677	-	2	1.306125	I:	D:
62757	65483	-	3	1.324669	I:	D:
65631	66047	+	3	1.279672	I:	D:
66115	67044	-	1	1.317116	I:	D:
67067	68290	-	2	1.315991	I:	D:
68268	69146	-	3	1.338839	I:	D:
69143	70141	-	2	1.326027	I:	D:
70119	70574	-	3	1.296750	I:	D:
70674	71219	-	3	1.283774	I:	D:
71352	71747	-	3	1.318908	I:	D:
71936	73339	-	2	1.284608	I:	D:
73345	74538	-	1	1.304520	I:	D:
74554	75342	-	1	1.318569	I:	D:
75599	76288	-	2	1.291316	I:	D:
76458	77120	+	3	1.332866	I:	D:
77518	78252	-	1	1.295251	I:	D:
78245	79165	-	2	1.282882	I:	D:
79230	79511	+	3	1.308753	I:	D:
79608	81062	+	3	1.290502	I:	D:
81089	81823	+	2	1.282699	I:	D:
81856	82344	+	1	1.291708	I:	D:
82436	82930	-	2	1.305279	I:	D:
82960	83754	-	1	1.302862	I:	D:
83775	84485	-	3	1.309736	I:	D:
84495	85184	-	3	1.274719	I:	D:
85186	86673	-	1	1.310158	I:	D:
86756	87946	-	2	1.300285	I:	D:
87957	88346	-	3	1.270719	I:	D:
88365	89207	-	3	1.284974	I:	D:
89286	90113	-	3	1.278328	I:	D:
90110	90958	-	2	1.322246	I:	D:
91138	91296	-	1	1.348674	I:	D:
>YA1_2244
241	3312	-	1	1.288854	I:	D:
3312	4172	-	3	1.256246	I:	D:
4277	4759	-	2	1.262498	I:	D:
4813	5835	-	1	1.279661	I:	D:
5882	6247	-	2	1.324581	I:	D:
6255	6779	-	3	1.306816	I:	D:
6796	7173	-	1	1.351224	I:	D:
7427	7657	-	2	1.262484	I:	D:
7811	8428	-	2	1.330469	I:	D:
8473	8925	-	1	1.335380	I:	D:
9100	9402	+	1	1.282544	I:	D:
9525	9890	+	3	1.325525	I:	D:
10008	11201	-	3	1.295343	I:	D:
11368	13479	-	1	1.290274	I:	D:
13548	14060	-	3	1.283297	I:	D:
14189	14620	-	2	1.313131	I:	D:
15321	15485	+	3	1.300193	I:	D:
15953	19552	-	2	1.309390	I:	D:
19586	23383	-	2	1.298183	I:	D:
23653	24684	-	1	1.276199	I:	D:
24747	25742	-	3	1.275207	I:	D:
25809	27449	-	3	1.294385	I:	D:
27479	27976	-	2	1.273419	I:	D:
28020	28481	-	3	1.299691	I:	D:
28770	29426	-	3	1.282234	I:	D:
29498	30853	-	2	1.321078	I:	D:
30976	32277	-	1	1.305953	I:	D:
32615	33976	-	2	1.303136	I:	D:
34019	34963	-	2	1.293623	I:	D:
35172	35534	-	3	1.184946	I:	D:
35577	36080	-	3	1.255379	I:	D:
36403	37095	-	1	1.265723	I:	D:
37159	37584	-	1	1.298033	I:	D:
37670	38215	-	2	1.301481	I:	D:
38231	38428	-	2	1.247129	I:	D:
38468	38632	-	2	1.312938	I:	D:
38649	38831	-	3	1.288288	I:	D:
38953	40194	-	1	1.291887	I:	D:
40465	41754	+	1	1.352661	I:	D:
41902	42846	-	1	1.309622	I:	D:
42895	43392	-	1	1.304563	I:	D:
43436	46252	-	2	1.319964	I:	D:
46602	48020	+	3	1.283715	I:	D:
48030	48623	+	3	1.320745	I:	D:
48665	48922	-	2	1.284860	I:	D:
48909	49499	-	3	1.271875	I:	D:
49514	50992	-	2	1.288530	I:	D:
50997	52043	-	3	1.271560	I:	D:
52106	52948	-	2	1.307810	I:	D:
52950	53744	-	3	1.301825	I:	D:
53769	54254	-	3	1.265345	I:	D:
54251	54664	-	2	1.271504	I:	D:
55071	55904	+	3	1.251174	I:	D:
56013	57929	-	3	1.282650	I:	D:
58026	58841	-	3	1.253789	I:	D:
58869	59654	-	3	1.310646	I:	D:
59852	61072	+	2	1.282285	I:	D:
61075	61233	-	1	1.257438	I:	D:
61330	63051	+	1	1.301246	I:	D:
63236	64156	-	2	1.234526	I:	D:
64502	66136	-	2	1.291966	I:	D:
66133	67266	-	1	1.318443	I:	D:
67256	67957	-	2	1.304402	I:	D:
67969	68997	-	1	1.304956	I:	D:
69082	69915	-	1	1.319638	I:	D:
69967	70191	-	1	1.391746	I:	D:
70326	73274	-	3	1.323285	I:	D:
73280	75121	-	2	1.322794	I:	D:
75121	77295	-	1	1.309345	I:	D:
77285	78100	-	2	1.319601	I:	D:
78116	80404	-	2	1.306198	I:	D:
80401	82143	-	1	1.281262	I:	D:
82367	83770	-	2	1.329625	I:	D:
84076	85437	-	1	1.341680	I:	D:
85467	86141	-	3	1.344551	I:	D:
86278	87885	+	1	1.326529	I:	D:
88068	88583	+	3	1.315849	I:	D:
88637	89053	-	2	1.289011	I:	D:
89075	89290	-	2	1.281434	I:	D:
89303	89455	-	2	1.304151	I:	D:
89517	89666	-	3	1.388439	I:	D:
>YA1_2350
142	1338	-	1	1.311322	I:	D:
1518	1877	-	3	1.260359	I:	D:
1972	2211	-	1	1.302892	I:	D:
2214	3338	-	3	1.340305	I:	D:
3393	4187	-	3	1.284203	I:	D:
4219	4920	-	1	1.287612	I:	D:
4954	5985	-	1	1.269588	I:	D:
6076	7137	-	1	1.296994	I:	D:
7160	7480	-	2	1.246112	I:	D:
7483	7962	-	1	1.252959	I:	D:
7978	9870	-	1	1.277767	I:	D:
9914	10060	+	2	1.313550	I:	D:
10191	11087	-	3	1.274959	I:	D:
11108	11278	-	2	1.272466	I:	D:
11324	12178	+	2	1.286210	I:	D:
12279	13145	+	3	1.265433	I:	D:
13159	13623	+	1	1.263029	I:	D:
13670	14866	+	2	1.297881	I:	D:
14941	15813	-	1	1.268544	I:	D:
16001	16621	-	2	1.336412	I:	D:
16635	18020	-	3	1.313470	I:	D:
18036	19802	-	3	1.336092	I:	D:
19795	20391	-	1	1.297481	I:	D:
20410	20718	-	1	1.330988	I:	D:
20736	21170	-	3	1.297566	I:	D:
21183	23132	-	3	1.304991	I:	D:
23129	24196	-	2	1.308109	I:	D:
24209	24520	-	2	1.279946	I:	D:
24664	25632	-	1	1.292684	I:	D:
25650	26819	-	3	1.283989	I:	D:
26809	27633	-	1	1.292854	I:	D:
27669	28973	-	3	1.285100	I:	D:
29186	29908	-	2	1.295290	I:	D:
29895	30572	-	3	1.311591	I:	D:
30598	31386	-	1	1.255654	I:	D:
31463	32503	-	2	1.326337	I:	D:
32504	32695	-	2	1.321073	I:	D:
32753	34366	-	2	1.291069	I:	D:
34356	34769	-	3	1.303085	I:	D:
34762	34983	-	1	1.255230	I:	D:
35187	35897	-	3	1.314818	I:	D:
36008	37348	-	2	1.330346	I:	D:
37361	37807	-	2	1.214842	I:	D:
37808	39883	-	2	1.303627	I:	D:
40143	40397	-	3	1.310039	I:	D:
40414	40857	-	1	1.316884	I:	D:
40879	41166	-	1	1.262959	I:	D:
41259	41450	-	3	1.295414	I:	D:
41576	41863	-	2	1.257049	I:	D:
42165	43556	+	3	1.302655	I:	D:
43804	44895	+	1	1.324091	I:	D:
44899	45885	+	1	1.357473	I:	D:
45940	47109	+	1	1.302444	I:	D:
47223	49439	-	3	1.320746	I:	D:
49575	52070	-	3	1.286824	I:	D:
52248	52640	-	3	1.324394	I:	D:
52704	53354	-	3	1.300767	I:	D:
53823	55457	-	3	1.305810	I:	D:
55444	55929	-	1	1.319371	I:	D:
56337	56489	-	3	1.307522	I:	D:
56869	57726	-	1	1.295336	I:	D:
57730	58503	-	1	1.316245	I:	D:
58500	59447	-	3	1.287875	I:	D:
59750	60322	+	2	1.317463	I:	D:
60319	60834	+	1	1.314247	I:	D:
60955	63039	-	1	1.309328	I:	D:
63081	64223	-	3	1.283562	I:	D:
64313	64834	-	2	1.270623	I:	D:
64970	66169	-	2	1.315418	I:	D:
66153	67034	-	3	1.317493	I:	D:
67077	67820	-	3	1.324908	I:	D:
67827	68342	-	3	1.314755	I:	D:
68409	68900	-	3	1.308605	I:	D:
69094	69612	-	1	1.270247	I:	D:
69866	71215	-	2	1.252997	I:	D:
71208	71813	-	3	1.326192	I:	D:
72466	72900	-	1	1.306410	I:	D:
72942	74627	-	3	1.280486	I:	D:
74643	76412	-	3	1.275553	I:	D:
76528	78498	+	1	1.292945	I:	D:
78611	78880	+	2	1.251209	I:	D:
78963	79808	-	3	1.303180	I:	D:
79811	80545	-	2	1.311433	I:	D:
80526	81428	-	3	1.315447	I:	D:
81422	82414	-	2	1.287353	I:	D:
82421	83047	-	2	1.303821	I:	D:
83060	84442	-	2	1.291678	I:	D:
>YA1_2371
113	3823	+	2	1.285208	I:	D:
3881	4216	+	2	1.306174	I:	D:
4299	5060	+	3	1.311750	I:	D:
4982	6565	+	2	1.302995	I:	D:
6592	8667	+	1	1.287497	I:	D:
8726	9433	+	2	1.225572	I:	D:
9446	10546	+	2	1.304730	I:	D:
10549	11676	+	1	1.316696	I:	D:
11703	11996	+	3	1.273536	I:	D:
12077	12904	-	2	1.296015	I:	D:
13002	13367	+	3	1.309232	I:	D:
13370	13567	+	2	1.343671	I:	D:
13663	15039	+	1	1.293234	I:	D:
15026	17320	+	2	1.297600	I:	D:
17382	19112	+	3	1.276194	I:	D:
19114	19944	+	1	1.273721	I:	D:
20052	21338	+	3	1.318681	I:	D:
21431	23389	+	2	1.300689	I:	D:
23391	24245	+	3	1.322281	I:	D:
24242	24949	+	2	1.365866	I:	D:
24970	26490	+	1	1.338236	I:	D:
26507	32977	+	2	1.305460	I:	D:
33535	34011	+	1	1.302159	I:	D:
34028	35188	+	2	1.310457	I:	D:
35192	36781	+	2	1.325132	I:	D:
36784	37518	+	1	1.316297	I:	D:
37511	39466	+	2	1.308339	I:	D:
39575	40492	+	2	1.302657	I:	D:
40535	41368	+	2	1.310215	I:	D:
41362	42627	+	1	1.312450	I:	D:
42614	43825	+	2	1.277873	I:	D:
43929	44288	+	3	1.303131	I:	D:
44308	44736	+	1	1.277459	I:	D:
44729	45454	+	2	1.296661	I:	D:
45545	46912	+	2	1.299710	I:	D:
47043	47243	+	3	1.327782	I:	D:
47332	48279	+	1	1.322611	I:	D:
48272	49123	+	2	1.283699	I:	D:
49125	50198	+	3	1.288160	I:	D:
50269	52167	+	1	1.311560	I:	D:
52264	53244	+	1	1.298339	I:	D:
53257	54579	+	1	1.297382	I:	D:
54576	55244	+	3	1.294365	I:	D:
55245	56564	+	3	1.280078	I:	D:
56726	57160	+	2	1.293253	I:	D:
57181	57678	+	1	1.291528	I:	D:
57705	58559	+	3	1.301092	I:	D:
58561	59397	+	1	1.283196	I:	D:
59413	59697	+	1	1.317071	I:	D:
59778	63821	+	3	1.276360	I:	D:
63898	64746	+	1	1.276641	I:	D:
64861	66615	-	1	1.273501	I:	D:
67007	67714	+	2	1.344920	I:	D:
67686	69821	+	3	1.334536	I:	D:
69829	69981	+	1	1.261956	I:	D:
70104	71369	+	3	1.327050	I:	D:
71470	72897	+	1	1.336588	I:	D:
72914	74344	+	2	1.306048	I:	D:
74544	75200	+	3	1.297527	I:	D:
75529	76362	+	1	1.293568	I:	D:
76393	76956	+	1	1.253956	I:	D:
76983	77255	+	3	1.334639	I:	D:
77317	78669	+	1	1.316427	I:	D:
78681	80381	+	3	1.281394	I:	D:
80396	83005	+	2	1.309520	I:	D:
83133	83456	+	3	1.300377	I:	D:
>YA1_2415
535	1932	+	1	1.283103	I:	D:
1989	2363	-	3	1.275673	I:	D:
2419	4083	-	1	1.315466	I:	D:
4117	4278	+	1	1.310877	I:	D:
>YA1_2474
122	505	-	2	1.273173	I:	D:
785	1129	+	2	1.245477	I:	D:
1214	1369	+	2	1.170711	I:	D:
1774	3495	-	1	1.294657	I:	D:
3509	4933	-	2	1.274902	I:	D:
5120	5545	+	2	1.318619	I:	D:
5648	6106	+	2	1.262314	I:	D:
6128	6661	+	2	1.253243	I:	D:
6699	7220	+	3	1.283997	I:	D:
7734	8963	-	3	1.290630	I:	D:
9264	10304	+	3	1.292057	I:	D:
10331	11191	+	2	1.272712	I:	D:
11627	12568	+	2	1.261462	I:	D:
12570	13763	+	3	1.268442	I:	D:
13765	14268	+	1	1.315765	I:	D:
14376	14921	+	3	1.332878	I:	D:
14938	15627	+	1	1.324411	I:	D:
15656	17056	+	2	1.317506	I:	D:
17066	17584	+	2	1.274016	I:	D:
17588	19777	+	2	1.316996	I:	D:
19834	20814	+	1	1.281911	I:	D:
20933	21211	-	2	1.227998	I:	D:
21393	22238	+	3	1.276685	I:	D:
22242	23369	+	3	1.291357	I:	D:
23422	25233	+	1	1.295408	I:	D:
25451	26371	+	2	1.295420	I:	D:
26385	27284	-	3	1.349552	I:	D:
27386	28402	-	2	1.302742	I:	D:
28461	30443	-	3	1.273483	I:	D:
30515	31168	+	2	1.306778	I:	D:
31180	31542	+	1	1.290511	I:	D:
31539	33020	+	3	1.286754	I:	D:
33004	34167	+	1	1.294431	I:	D:
34233	34586	+	3	1.325740	I:	D:
34684	35634	+	1	1.270630	I:	D:
35618	36346	+	2	1.262718	I:	D:
36502	37791	-	1	1.275038	I:	D:
37882	38040	+	1	1.198001	I:	D:
38075	38767	+	2	1.290787	I:	D:
38781	39791	+	3	1.274359	I:	D:
40046	40393	+	2	1.271213	I:	D:
40409	40918	+	2	1.318805	I:	D:
40967	41209	+	2	1.280419	I:	D:
41459	42703	-	2	1.308193	I:	D:
42917	43576	-	2	1.271386	I:	D:
43962	45239	-	3	1.232480	I:	D:
45262	45891	-	1	1.238140	I:	D:
46059	46292	+	3	1.272040	I:	D:
46317	46529	+	3	1.252589	I:	D:
46778	47302	-	2	1.317628	I:	D:
47479	47739	+	1	1.290024	I:	D:
47741	47908	+	2	1.265175	I:	D:
47913	48095	+	3	1.276007	I:	D:
48135	48314	+	3	1.298034	I:	D:
48465	49181	+	3	1.336153	I:	D:
49178	49621	+	2	1.322626	I:	D:
49603	49998	+	1	1.311966	I:	D:
50010	50465	+	3	1.286282	I:	D:
50462	52246	+	2	1.297728	I:	D:
52246	53424	+	1	1.294100	I:	D:
53429	53593	+	2	1.292831	I:	D:
53917	54321	+	1	1.320132	I:	D:
54332	54517	+	2	1.285951	I:	D:
54750	54920	+	3	1.422148	I:	D:
54922	55347	+	1	1.288831	I:	D:
55621	56091	+	1	1.214950	I:	D:
56165	56668	+	2	1.309442	I:	D:
56665	57909	+	1	1.332216	I:	D:
57909	59237	+	3	1.285761	I:	D:
59275	60780	+	1	1.291285	I:	D:
60913	61209	+	1	1.257534	I:	D:
61187	61474	+	2	1.309101	I:	D:
61556	62194	+	2	1.281896	I:	D:
62209	63411	+	1	1.282686	I:	D:
63424	63648	+	1	1.298566	I:	D:
63632	63955	+	2	1.330487	I:	D:
63952	64254	+	1	1.313269	I:	D:
64254	64640	+	3	1.261232	I:	D:
64637	65038	+	2	1.308818	I:	D:
65048	65569	+	2	1.260875	I:	D:
65583	65963	+	3	1.253911	I:	D:
66071	66307	+	2	1.329757	I:	D:
66307	70230	+	1	1.287012	I:	D:
70243	71076	+	1	1.302184	I:	D:
71073	72311	+	3	1.306747	I:	D:
72331	72678	+	1	1.287362	I:	D:
72692	73168	+	2	1.281799	I:	D:
73178	74404	+	2	1.291295	I:	D:
74417	77542	+	2	1.270656	I:	D:
77544	77771	+	3	1.244453	I:	D:
77970	78389	+	3	1.310555	I:	D:
78403	79101	+	1	1.327711	I:	D:
>YA1_2727
323	1192	-	2	1.294433	I:	D:
1316	2401	-	2	1.278349	I:	D:
2412	3575	-	3	1.275738	I:	D:
3585	4667	-	3	1.278760	I:	D:
4704	6392	-	3	1.298423	I:	D:
6418	8082	-	1	1.298791	I:	D:
8139	9224	-	3	1.270723	I:	D:
9285	9596	-	3	1.286294	I:	D:
9586	10302	-	1	1.326220	I:	D:
10567	11994	+	1	1.327854	I:	D:
12109	13536	+	1	1.309772	I:	D:
13602	13892	-	3	1.320017	I:	D:
14068	14685	+	1	1.307702	I:	D:
14752	15105	-	1	1.237874	I:	D:
15107	15679	-	2	1.318745	I:	D:
15648	16271	-	3	1.309457	I:	D:
16287	16598	-	3	1.300834	I:	D:
16609	17892	-	1	1.285815	I:	D:
18033	18314	-	3	1.300780	I:	D:
18320	18646	-	2	1.313014	I:	D:
18665	19051	-	2	1.300431	I:	D:
19066	20205	-	1	1.280551	I:	D:
20205	21386	-	3	1.284591	I:	D:
21605	22069	-	2	1.325592	I:	D:
22172	24256	-	2	1.305643	I:	D:
24256	25200	-	1	1.306925	I:	D:
25203	26159	-	3	1.309335	I:	D:
26161	27642	-	1	1.306862	I:	D:
27663	29942	-	3	1.287097	I:	D:
30060	31031	-	3	1.297265	I:	D:
31147	31788	-	1	1.269774	I:	D:
31772	32905	-	2	1.324459	I:	D:
33031	33252	-	1	1.286256	I:	D:
33271	33786	+	1	1.287704	I:	D:
33798	34061	+	3	1.314778	I:	D:
34069	35022	-	1	1.328693	I:	D:
35046	35747	-	3	1.321067	I:	D:
35841	38252	-	3	1.296937	I:	D:
38437	39960	-	1	1.310950	I:	D:
40039	40404	+	1	1.265208	I:	D:
40547	41929	-	2	1.295100	I:	D:
41926	42276	-	1	1.303286	I:	D:
42320	43471	-	2	1.306511	I:	D:
43545	44099	-	3	1.311017	I:	D:
44115	45530	-	3	1.281622	I:	D:
45728	47068	+	2	1.290997	I:	D:
47161	48213	-	1	1.281741	I:	D:
48281	48427	-	2	1.363409	I:	D:
48816	49859	-	3	1.272308	I:	D:
49875	50657	-	3	1.264302	I:	D:
50671	51822	-	1	1.269405	I:	D:
51910	52749	-	1	1.256709	I:	D:
52837	53628	-	1	1.271318	I:	D:
53665	54864	-	1	1.302567	I:	D:
55393	55908	-	1	1.300113	I:	D:
55914	57659	-	3	1.288649	I:	D:
57661	58254	-	1	1.305503	I:	D:
58262	59002	-	2	1.292437	I:	D:
59006	60052	-	2	1.315043	I:	D:
60080	60433	-	2	1.299681	I:	D:
60467	61480	-	2	1.286143	I:	D:
61515	62057	-	3	1.286380	I:	D:
62075	62524	-	2	1.296330	I:	D:
62543	64465	-	2	1.297014	I:	D:
64503	65318	-	3	1.283291	I:	D:
65430	66629	-	3	1.300547	I:	D:
66764	67213	-	2	1.322554	I:	D:
67339	68820	-	1	1.319872	I:	D:
68753	70129	-	2	1.316561	I:	D:
70136	72517	-	2	1.301857	I:	D:
72521	73525	-	2	1.308426	I:	D:
73539	74144	-	3	1.284706	I:	D:
>YA1_2760
2	199	+	2	1.345288	I:	D:
486	1232	-	3	1.324035	I:	D:
1264	2631	-	1	1.303128	I:	D:
2647	3225	-	1	1.352288	I:	D:
3554	3841	+	2	1.300385	I:	D:
>YA1_3199
96	299	+	3	1.274891	I:	D:
386	1501	+	2	1.303955	I:	D:
1590	4118	+	3	1.266499	I:	D:
4194	4382	+	3	1.237938	I:	D:
4494	5981	-	3	1.315716	I:	D:
5982	6248	-	3	1.318026	I:	D:
6454	6828	+	1	1.312134	I:	D:
6899	7312	+	2	1.245458	I:	D:
7302	8522	+	3	1.312423	I:	D:
8540	8749	+	2	1.240074	I:	D:
8739	9632	+	3	1.278756	I:	D:
9656	11527	+	2	1.310651	I:	D:
11532	12353	+	3	1.290544	I:	D:
12355	13215	+	1	1.316396	I:	D:
13202	13660	+	2	1.295651	I:	D:
13680	15362	+	3	1.285978	I:	D:
15437	16654	+	2	1.287961	I:	D:
16725	17864	+	3	1.290719	I:	D:
17861	20644	+	2	1.260914	I:	D:
20664	20849	+	3	1.330669	I:	D:
21007	21828	+	1	1.312952	I:	D:
21849	22688	+	3	1.291176	I:	D:
22739	23572	+	2	1.293592	I:	D:
23598	24605	+	3	1.296728	I:	D:
24694	25239	+	1	1.304559	I:	D:
25294	25959	-	1	1.304719	I:	D:
26123	28036	+	2	1.292876	I:	D:
28058	30310	+	2	1.276947	I:	D:
30334	31248	+	1	1.280044	I:	D:
31336	32628	+	1	1.303886	I:	D:
32791	33288	+	1	1.313424	I:	D:
33345	34361	+	3	1.293849	I:	D:
34473	34913	+	3	1.242507	I:	D:
34969	35367	+	1	1.206897	I:	D:
35377	36951	+	1	1.311142	I:	D:
36957	37493	+	3	1.309438	I:	D:
37590	42083	+	3	1.300495	I:	D:
42151	42519	+	1	1.250962	I:	D:
42611	42997	+	2	1.304929	I:	D:
43116	43829	+	3	1.277059	I:	D:
43853	44398	+	2	1.234224	I:	D:
44443	45195	+	1	1.297566	I:	D:
45200	46012	+	2	1.290331	I:	D:
46014	47153	+	3	1.286354	I:	D:
47158	48189	+	1	1.278580	I:	D:
48202	49263	+	1	1.302286	I:	D:
49265	53677	+	2	1.298940	I:	D:
53825	54289	+	2	1.239052	I:	D:
54305	55492	+	2	1.245871	I:	D:
55514	55783	+	2	1.303434	I:	D:
55776	56075	+	3	1.285015	I:	D:
56096	58348	+	2	1.255252	I:	D:
58370	58741	+	2	1.274328	I:	D:
58728	59672	+	3	1.297481	I:	D:
59686	60585	+	1	1.283589	I:	D:
60595	61533	+	1	1.272261	I:	D:
61645	62271	+	1	1.299623	I:	D:
62449	62865	+	1	1.292293	I:	D:
62879	63583	+	2	1.301623	I:	D:
63590	64087	+	2	1.337425	I:	D:
64150	65481	+	1	1.299021	I:	D:
65478	65678	+	3	1.244048	I:	D:
65693	65938	+	2	1.290184	I:	D:
>YA1_3425
2	286	-	2	1.424935	I:	D:
831	1097	-	3	1.282004	I:	D:
1129	1326	-	1	1.149926	I:	D:
1404	2165	-	3	1.217139	I:	D:
2610	2870	-	3	1.226416	I:	D:
>YA1_3592
3	380	+	3	1.233639	I:	D:
397	1524	+	1	1.242586	I:	D:
1543	2700	+	1	1.261189	I:	D:
>YA1_3727
195	1703	-	3	1.268978	I:	D:
1720	2916	-	1	1.279725	I:	D:
3016	4452	-	1	1.283991	I:	D:
4455	4916	-	3	1.314523	I:	D:
5011	6123	-	1	1.297690	I:	D:
6448	7887	+	1	1.282775	I:	D:
7887	9152	+	3	1.277792	I:	D:
9155	9505	+	2	1.289637	I:	D:
9550	10593	+	1	1.292112	I:	D:
10775	12268	+	2	1.294929	I:	D:
12314	13027	+	2	1.288876	I:	D:
13065	13610	+	3	1.284041	I:	D:
13636	15021	+	1	1.297295	I:	D:
15074	15682	+	2	1.297396	I:	D:
15774	16220	+	3	1.262681	I:	D:
16217	16750	+	2	1.344254	I:	D:
16899	17819	+	3	1.251407	I:	D:
18008	19339	+	2	1.264088	I:	D:
19336	20076	+	1	1.312208	I:	D:
20081	22414	+	2	1.270916	I:	D:
22415	22792	+	2	1.252821	I:	D:
22810	23487	+	1	1.265787	I:	D:
23487	24416	+	3	1.257648	I:	D:
24416	25528	+	2	1.269097	I:	D:
27036	28040	+	3	1.287338	I:	D:
28043	28360	+	2	1.252449	I:	D:
28425	28649	+	3	1.270816	I:	D:
28650	29981	+	3	1.301357	I:	D:
30092	31426	-	2	1.289454	I:	D:
31489	32379	+	1	1.315911	I:	D:
32342	34921	+	2	1.306611	I:	D:
35017	35877	+	1	1.293219	I:	D:
35950	36222	+	1	1.361611	I:	D:
36346	36849	+	1	1.363161	I:	D:
36846	37694	+	3	1.328534	I:	D:
37718	38923	+	2	1.324155	I:	D:
38862	39620	+	3	1.301053	I:	D:
39643	40947	+	1	1.298243	I:	D:
40968	41141	+	3	1.249930	I:	D:
41162	42580	+	2	1.277160	I:	D:
42588	43508	+	3	1.350148	I:	D:
43583	43999	+	2	1.314530	I:	D:
44178	45275	+	3	1.265821	I:	D:
45322	46305	+	1	1.324147	I:	D:
47147	48751	+	2	1.337409	I:	D:
48792	49145	+	3	1.251819	I:	D:
49161	49757	+	3	1.348565	I:	D:
50382	50798	+	3	1.284773	I:	D:
50808	51401	+	3	1.309551	I:	D:
51385	51888	+	1	1.303640	I:	D:
51983	53278	+	2	1.303406	I:	D:
53295	53933	+	3	1.318397	I:	D:
54010	55191	+	1	1.293994	I:	D:
55230	56777	+	3	1.318110	I:	D:
>YA1_3825
605	1159	-	2	1.270752	I:	D:
1235	2077	-	2	1.289635	I:	D:
2229	4712	-	3	1.297037	I:	D:
4727	6649	-	2	1.307155	I:	D:
6659	7744	-	2	1.301798	I:	D:
7756	7962	-	1	1.205573	I:	D:
7978	9081	-	1	1.234045	I:	D:
9364	10707	-	1	1.271752	I:	D:
10847	11005	+	2	1.278700	I:	D:
11114	11248	+	2	1.334474	I:	D:
11298	11636	+	3	1.322935	I:	D:
11882	12883	+	2	1.287046	I:	D:
12886	13692	+	1	1.268106	I:	D:
13741	15117	+	1	1.267187	I:	D:
15120	17003	+	3	1.305228	I:	D:
17007	17717	+	3	1.257753	I:	D:
17777	18529	+	2	1.266268	I:	D:
18542	20227	+	2	1.242151	I:	D:
20512	21282	+	1	1.308419	I:	D:
21282	22202	+	3	1.252306	I:	D:
22215	22706	+	3	1.234653	I:	D:
22719	24005	+	3	1.269803	I:	D:
24119	24787	+	2	1.256664	I:	D:
24784	25800	+	1	1.287576	I:	D:
25819	26604	+	1	1.264180	I:	D:
26676	27026	-	3	1.254112	I:	D:
27204	27971	+	3	1.304690	I:	D:
28057	30009	+	1	1.267424	I:	D:
30267	31013	+	3	1.299749	I:	D:
31010	31915	+	2	1.255862	I:	D:
32011	32550	+	1	1.283738	I:	D:
32580	33734	+	3	1.285957	I:	D:
33764	34924	+	2	1.281921	I:	D:
34947	36116	+	3	1.262450	I:	D:
36267	37325	+	3	1.276130	I:	D:
37363	38961	+	1	1.269811	I:	D:
38983	39396	+	1	1.312396	I:	D:
39396	40244	+	3	1.382532	I:	D:
40405	42276	+	1	1.236987	I:	D:
42370	43557	-	1	1.258397	I:	D:
43727	44806	-	2	1.301680	I:	D:
44823	45068	-	3	1.283824	I:	D:
45239	45931	+	2	1.265305	I:	D:
46023	46712	+	3	1.277841	I:	D:
46753	47610	+	1	1.316191	I:	D:
47695	48207	+	1	1.270068	I:	D:
48544	49110	-	1	1.289210	I:	D:
49158	49424	-	3	1.265739	I:	D:
49558	50613	+	1	1.310342	I:	D:
51307	52449	+	1	1.301403	I:	D:
52553	53746	+	2	1.263205	I:	D:
53759	54295	+	2	1.273489	I:	D:
>YA1_3930
55	1635	-	1	1.337030	I:	D:
1822	2475	-	1	1.328407	I:	D:
2460	2693	-	3	1.365434	I:	D:
>YA1_4122
287	508	+	2	1.260935	I:	D:
525	986	+	3	1.247683	I:	D:
1271	2197	+	2	1.281189	I:	D:
2256	2720	+	3	1.220309	I:	D:
2744	3298	+	2	1.261807	I:	D:
3288	4169	+	3	1.240404	I:	D:
4264	4398	-	1	1.311600	I:	D:
4421	4699	-	2	1.319231	I:	D:
4978	6390	+	1	1.291044	I:	D:
6518	6928	+	2	1.335041	I:	D:
6966	7994	+	3	1.329254	I:	D:
8039	9247	+	2	1.311563	I:	D:
9367	10827	+	1	1.301061	I:	D:
10859	12682	+	2	1.314476	I:	D:
12672	13205	+	3	1.284959	I:	D:
13235	13552	-	2	1.227246	I:	D:
13697	14863	+	2	1.319143	I:	D:
14916	15854	+	3	1.338944	I:	D:
15851	16798	+	2	1.319966	I:	D:
16812	20567	+	3	1.296584	I:	D:
20612	21874	-	2	1.283011	I:	D:
22013	22492	+	2	1.322945	I:	D:
22758	23333	+	3	1.296478	I:	D:
23493	25682	+	3	1.325485	I:	D:
25706	26194	+	2	1.300088	I:	D:
26345	26722	+	2	1.323071	I:	D:
26737	29196	+	1	1.297372	I:	D:
29264	29677	+	2	1.275735	I:	D:
29696	31051	+	2	1.347298	I:	D:
31140	32810	+	3	1.304581	I:	D:
32839	33270	+	1	1.321427	I:	D:
33267	33752	+	3	1.299430	I:	D:
33925	34197	+	1	1.228062	I:	D:
34251	35885	+	3	1.254660	I:	D:
36379	36894	+	1	1.300714	I:	D:
36922	38076	+	1	1.283604	I:	D:
38262	39137	+	3	1.307555	I:	D:
39141	40532	+	3	1.299170	I:	D:
40547	40915	+	2	1.286587	I:	D:
41187	42638	+	3	1.278636	I:	D:
42864	46541	+	3	1.299939	I:	D:
46702	47430	+	1	1.344874	I:	D:
47436	48461	+	3	1.311425	I:	D:
48474	49085	+	3	1.319502	I:	D:
49105	49971	+	1	1.318607	I:	D:
>YA1_4254
197	439	+	2	1.243450	I:	D:
955	1113	+	1	1.369975	I:	D:
1171	1734	-	1	1.297298	I:	D:
1736	2614	-	2	1.300087	I:	D:
2720	4174	+	2	1.303948	I:	D:
4259	4933	-	2	1.259185	I:	D:
5176	5340	-	1	1.248794	I:	D:
5682	6566	-	3	1.233052	I:	D:
6591	6746	-	3	1.243306	I:	D:
6823	7260	-	1	1.254334	I:	D:
7276	8538	-	1	1.285842	I:	D:
8621	9013	-	2	1.276661	I:	D:
9295	10455	-	1	1.313701	I:	D:
10480	12339	-	1	1.262433	I:	D:
12389	12967	-	2	1.271524	I:	D:
12984	14018	-	3	1.311397	I:	D:
14181	14516	+	3	1.282136	I:	D:
14579	15265	+	2	1.305250	I:	D:
15463	16158	+	1	1.316632	I:	D:
16295	18043	-	2	1.286584	I:	D:
18203	18961	-	2	1.308633	I:	D:
19051	19731	-	1	1.286454	I:	D:
19921	20823	+	1	1.302331	I:	D:
20983	23397	-	1	1.293775	I:	D:
23574	23711	-	3	1.218197	I:	D:
23873	24526	-	2	1.323099	I:	D:
24510	24803	-	3	1.279606	I:	D:
24984	25907	+	3	1.284917	I:	D:
26040	26582	-	3	1.307888	I:	D:
26587	26844	-	1	1.309200	I:	D:
26868	27518	-	3	1.287597	I:	D:
27642	28871	-	3	1.277428	I:	D:
29122	30486	-	1	1.281384	I:	D:
30499	30771	-	1	1.294241	I:	D:
30794	31576	-	2	1.313255	I:	D:
31684	32271	-	1	1.255415	I:	D:
32283	35012	-	3	1.272533	I:	D:
35013	35942	-	3	1.262498	I:	D:
36101	36538	-	2	1.308136	I:	D:
36561	37163	-	3	1.289643	I:	D:
37286	37900	+	2	1.261114	I:	D:
38034	38174	-	3	1.335353	I:	D:
38185	38370	-	1	1.319710	I:	D:
38404	39531	-	1	1.293406	I:	D:
39855	40499	-	3	1.296894	I:	D:
40636	42123	-	1	1.288528	I:	D:
42133	46671	-	1	1.289024	I:	D:
46990	48351	+	1	1.317695	I:	D:
>YA1_4265
229	927	+	1	1.242342	I:	D:
1005	1877	-	3	1.284620	I:	D:
2036	2812	-	2	1.273819	I:	D:
3087	3230	+	3	1.355216	I:	D:
3239	3475	+	2	1.378032	I:	D:
3661	3963	+	1	1.361644	I:	D:
4356	5219	+	3	1.293645	I:	D:
5310	5966	+	3	1.293874	I:	D:
6007	6363	+	1	1.278602	I:	D:
6419	8011	+	2	1.303579	I:	D:
8172	8318	-	3	1.290583	I:	D:
8351	9442	-	2	1.305283	I:	D:
9628	10869	+	1	1.302822	I:	D:
10915	12792	+	1	1.284726	I:	D:
12814	14541	+	1	1.310411	I:	D:
14583	15788	+	3	1.324391	I:	D:
15825	16403	+	3	1.309642	I:	D:
16511	17725	+	2	1.286748	I:	D:
18116	20053	+	2	1.275982	I:	D:
20106	20504	-	3	1.225223	I:	D:
20497	20733	-	1	1.177011	I:	D:
20800	21246	+	1	1.270420	I:	D:
21263	23824	+	2	1.285931	I:	D:
24055	26391	+	1	1.295844	I:	D:
26624	26779	-	2	1.305499	I:	D:
26864	28384	-	2	1.294220	I:	D:
28437	28994	-	3	1.265601	I:	D:
29039	30046	-	2	1.285592	I:	D:
30097	31173	-	1	1.316348	I:	D:
31331	31579	+	2	1.294745	I:	D:
31689	33779	-	3	1.286363	I:	D:
33847	34185	-	1	1.215907	I:	D:
34350	35465	-	3	1.278961	I:	D:
35772	36653	-	3	1.265711	I:	D:
36658	37479	-	1	1.307262	I:	D:
37626	38369	+	3	1.246887	I:	D:
38469	39725	-	3	1.287477	I:	D:
39779	40666	-	2	1.294023	I:	D:
40694	41635	-	2	1.284590	I:	D:
41649	42827	-	3	1.290039	I:	D:
42829	43131	-	1	1.357917	I:	D:
43161	43742	-	3	1.282485	I:	D:
43965	45173	-	3	1.286135	I:	D:
45376	46173	-	1	1.324974	I:	D:
46166	46951	-	2	1.330881	I:	D:
46948	48345	-	1	1.272246	I:	D:
>YA1_4396
835	1728	+	1	1.293448	I:	D:
1737	2237	+	3	1.300610	I:	D:
2352	3449	+	3	1.302007	I:	D:
3689	3859	-	2	1.320812	I:	D:
4071	4814	+	3	1.281399	I:	D:
5121	5309	+	3	1.314879	I:	D:
5332	6870	+	1	1.310032	I:	D:
6908	7312	+	2	1.318741	I:	D:
7400	9418	+	2	1.294851	I:	D:
9567	10367	-	3	1.304265	I:	D:
10509	10640	+	3	1.237234	I:	D:
10925	12001	+	2	1.310419	I:	D:
12050	12730	+	2	1.298784	I:	D:
12751	14127	+	1	1.314171	I:	D:
14194	15288	+	1	1.288266	I:	D:
15325	16164	+	1	1.282242	I:	D:
16157	17125	+	2	1.304447	I:	D:
17129	18160	+	2	1.280982	I:	D:
18338	19090	+	2	1.319933	I:	D:
19155	20504	+	3	1.325891	I:	D:
20691	20939	+	3	1.317193	I:	D:
21006	22565	+	3	1.314579	I:	D:
22661	23527	+	2	1.329102	I:	D:
23554	24267	+	1	1.289178	I:	D:
24398	26005	-	2	1.280271	I:	D:
26127	26609	+	3	1.292480	I:	D:
26712	27743	+	3	1.262669	I:	D:
27908	28963	-	2	1.306300	I:	D:
29024	29659	-	2	1.322479	I:	D:
29765	30385	+	2	1.302751	I:	D:
30385	32037	+	1	1.307878	I:	D:
32056	32913	+	1	1.300799	I:	D:
32959	33117	+	1	1.271982	I:	D:
33158	34120	+	2	1.330894	I:	D:
34139	35926	+	2	1.309250	I:	D:
35929	37659	+	1	1.319907	I:	D:
37680	37868	+	3	1.353999	I:	D:
37941	39260	+	3	1.308188	I:	D:
39440	39568	+	2	1.312033	I:	D:
39594	40562	-	3	1.277325	I:	D:
40870	42381	+	1	1.353909	I:	D:
42371	43426	+	2	1.325464	I:	D:
43413	43928	+	3	1.296976	I:	D:
44086	46206	+	1	1.319605	I:	D:
46208	46699	+	2	1.323954	I:	D:
>YA1_4656
1	1251	-	1	1.286555	I:	D:
1389	2621	-	3	1.234150	I:	D:
2870	4111	-	2	1.271956	I:	D:
4374	5015	-	3	1.263462	I:	D:
4993	5670	-	1	1.236471	I:	D:
5740	7380	-	1	1.342821	I:	D:
7508	8875	-	2	1.314294	I:	D:
8891	9583	-	2	1.308001	I:	D:
9600	10343	-	3	1.340526	I:	D:
10561	11184	-	1	1.308148	I:	D:
11282	12523	-	2	1.317368	I:	D:
12510	13172	-	3	1.327415	I:	D:
13169	13570	-	2	1.331804	I:	D:
13572	15383	-	3	1.329395	I:	D:
15412	15687	-	1	1.312465	I:	D:
15700	16119	-	1	1.335488	I:	D:
16133	16387	-	2	1.316931	I:	D:
16472	17794	-	2	1.297386	I:	D:
18086	19264	-	2	1.305281	I:	D:
19308	20450	-	3	1.279815	I:	D:
20465	21202	-	2	1.301713	I:	D:
21206	22165	-	2	1.266872	I:	D:
22342	23073	-	1	1.324362	I:	D:
23269	23583	-	1	1.273806	I:	D:
23917	24729	+	1	1.277871	I:	D:
24824	24982	-	2	1.298226	I:	D:
24997	25722	-	1	1.257138	I:	D:
25846	26031	-	1	1.286150	I:	D:
26167	27141	-	1	1.272530	I:	D:
27288	27575	-	3	1.327455	I:	D:
27741	29087	-	3	1.231079	I:	D:
29268	30296	-	3	1.330414	I:	D:
30429	36320	-	3	1.330833	I:	D:
36987	37367	-	3	1.212217	I:	D:
37392	38036	-	3	1.205455	I:	D:
38053	38499	-	1	1.241455	I:	D:
38662	38823	-	1	1.259649	I:	D:
38988	40127	-	3	1.318862	I:	D:
40375	40614	+	1	1.340829	I:	D:
40929	42278	-	3	1.270730	I:	D:
42367	42810	-	1	1.253262	I:	D:
42891	43403	-	3	1.259509	I:	D:
43494	44027	-	3	1.210552	I:	D:
44116	44802	-	1	1.304438	I:	D:
>YA1_4841
359	874	+	2	1.277780	I:	D:
867	1586	+	3	1.307559	I:	D:
1573	2406	+	1	1.262275	I:	D:
2481	2891	+	3	1.273653	I:	D:
2999	3547	+	2	1.317232	I:	D:
3571	4431	+	1	1.278651	I:	D:
4457	4978	+	2	1.304849	I:	D:
4996	5652	+	1	1.270125	I:	D:
5675	6022	+	2	1.289027	I:	D:
6012	6830	+	3	1.290416	I:	D:
6947	8269	+	2	1.298661	I:	D:
8269	8892	+	1	1.329048	I:	D:
8908	9918	+	1	1.278379	I:	D:
9981	11252	+	3	1.298352	I:	D:
11443	12294	+	1	1.276179	I:	D:
12330	13787	+	3	1.289254	I:	D:
13836	14711	+	3	1.274948	I:	D:
14728	16296	+	1	1.274541	I:	D:
16420	17382	+	1	1.298182	I:	D:
17582	18385	+	2	1.303357	I:	D:
18393	19754	+	3	1.321469	I:	D:
19802	20482	+	2	1.286503	I:	D:
20483	21154	+	2	1.273351	I:	D:
21181	21942	+	1	1.316843	I:	D:
21952	22923	+	1	1.292766	I:	D:
22926	23468	+	3	1.290212	I:	D:
23578	24459	+	1	1.299156	I:	D:
24478	25095	+	1	1.275537	I:	D:
25107	25349	+	3	1.236154	I:	D:
25419	26246	+	3	1.308148	I:	D:
26261	27031	+	2	1.259172	I:	D:
27048	28094	+	3	1.321060	I:	D:
28158	29933	+	3	1.318209	I:	D:
29970	31061	+	3	1.293426	I:	D:
31065	31766	+	3	1.278881	I:	D:
31639	32547	+	1	1.277552	I:	D:
32580	34232	+	3	1.306834	I:	D:
34876	35562	+	1	1.287510	I:	D:
35586	36407	+	3	1.303251	I:	D:
36404	37132	+	2	1.268217	I:	D:
37152	38009	+	3	1.276783	I:	D:
38165	39466	+	2	1.310484	I:	D:
39611	40246	+	2	1.302547	I:	D:
40604	41626	+	2	1.270132	I:	D:
41645	42529	+	2	1.309607	I:	D:
42526	43299	+	1	1.282558	I:	D:
>YA1_4972
190	1800	-	1	1.278408	I:	D:
>YA1_4999
2	1282	-	2	1.256370	I:	D:
1664	2068	-	2	1.447203	I:	D:
>YA1_5038
283	699	-	1	1.291186	I:	D:
855	989	-	3	1.240016	I:	D:
988	1707	+	1	1.327520	I:	D:
1710	2654	+	3	1.297171	I:	D:
2655	4511	-	3	1.309633	I:	D:
4527	5117	-	3	1.323913	I:	D:
5101	5973	-	1	1.295184	I:	D:
6243	6824	+	3	1.249405	I:	D:
6860	7888	-	2	1.289726	I:	D:
7920	9788	-	3	1.311534	I:	D:
9883	10443	-	1	1.331047	I:	D:
10440	11027	-	3	1.290513	I:	D:
11057	12805	-	2	1.305525	I:	D:
12810	14537	-	3	1.307980	I:	D:
14700	15710	-	3	1.298301	I:	D:
15741	17237	-	3	1.281128	I:	D:
17239	18258	-	1	1.289666	I:	D:
18260	19543	-	2	1.268217	I:	D:
19527	20909	-	3	1.307214	I:	D:
21066	22103	+	3	1.302959	I:	D:
22210	23724	-	1	1.276047	I:	D:
23735	24781	-	2	1.298972	I:	D:
24781	25821	-	1	1.309320	I:	D:
25824	27341	-	3	1.288994	I:	D:
27520	28524	-	1	1.257920	I:	D:
28712	30178	-	2	1.278783	I:	D:
30178	31797	-	1	1.269203	I:	D:
31940	32956	-	2	1.269479	I:	D:
33010	33702	-	1	1.280265	I:	D:
33717	35309	-	3	1.268698	I:	D:
35327	36823	-	2	1.277598	I:	D:
36846	37958	-	3	1.304240	I:	D:
38161	38511	+	1	1.289986	I:	D:
38657	40150	+	2	1.328547	I:	D:
40181	40930	+	2	1.301863	I:	D:
40940	41401	-	2	1.309932	I:	D:
>YA1_5227
75	713	-	3	1.293352	I:	D:
715	1587	-	1	1.330205	I:	D:
1598	2464	-	2	1.312419	I:	D:
2481	3524	-	3	1.301107	I:	D:
3607	3741	-	1	1.217568	I:	D:
3745	4641	-	1	1.281294	I:	D:
4650	5318	-	3	1.297402	I:	D:
5374	6126	-	1	1.327075	I:	D:
6127	6990	-	1	1.335892	I:	D:
6998	7555	-	2	1.286019	I:	D:
7620	8819	-	3	1.315191	I:	D:
8857	9639	-	1	1.302721	I:	D:
9756	10643	-	3	1.292336	I:	D:
10771	12759	+	1	1.288383	I:	D:
12871	13371	-	1	1.321705	I:	D:
13503	14522	-	3	1.335430	I:	D:
14539	15828	-	1	1.303990	I:	D:
15829	16323	-	1	1.313277	I:	D:
16686	17453	-	3	1.284830	I:	D:
17526	18719	-	3	1.308249	I:	D:
18761	19636	-	2	1.291050	I:	D:
19834	20724	+	1	1.276627	I:	D:
20882	22879	+	2	1.304436	I:	D:
23023	24009	-	1	1.270412	I:	D:
23993	24607	-	2	1.289974	I:	D:
24714	24869	+	3	1.245599	I:	D:
24790	25299	+	1	1.310087	I:	D:
25771	27066	-	1	1.288809	I:	D:
27183	28115	-	3	1.309314	I:	D:
28245	28733	+	3	1.300355	I:	D:
28742	30019	+	2	1.324561	I:	D:
30132	31694	-	3	1.267731	I:	D:
31816	33168	-	1	1.302394	I:	D:
33168	33881	-	3	1.331234	I:	D:
33967	34440	+	1	1.240742	I:	D:
34496	34906	-	2	1.248269	I:	D:
34893	35183	-	3	1.224962	I:	D:
>YA1_5229
156	1607	-	3	1.275088	I:	D:
1620	1964	-	3	1.290185	I:	D:
1994	2329	-	2	1.220593	I:	D:
2410	4347	-	1	1.295678	I:	D:
4510	5421	-	1	1.297239	I:	D:
6057	6554	-	3	1.324184	I:	D:
6585	7754	-	3	1.313676	I:	D:
7754	8248	-	2	1.314592	I:	D:
8278	9276	-	1	1.304635	I:	D:
9279	10772	-	3	1.280233	I:	D:
10894	11601	-	1	1.298428	I:	D:
11788	12660	+	1	1.339373	I:	D:
12762	13643	+	3	1.289693	I:	D:
13972	15351	-	1	1.302122	I:	D:
15409	16350	-	1	1.305366	I:	D:
16510	18630	-	1	1.288399	I:	D:
18761	21163	+	2	1.304260	I:	D:
21188	22072	+	2	1.308381	I:	D:
22203	22718	-	3	1.264744	I:	D:
22897	24348	-	1	1.296746	I:	D:
24382	25341	-	1	1.298998	I:	D:
25532	26566	+	2	1.274829	I:	D:
26636	27106	-	2	1.252830	I:	D:
27220	28008	+	1	1.305801	I:	D:
28037	28741	+	2	1.306930	I:	D:
28769	30289	-	2	1.278199	I:	D:
30353	31678	-	2	1.284050	I:	D:
32111	32668	-	2	1.357663	I:	D:
32669	32866	-	2	1.371499	I:	D:
32924	33688	+	2	1.320593	I:	D:
33702	35168	+	3	1.293100	I:	D:
>YA1_5243
168	1865	-	3	1.294519	I:	D:
1961	2686	+	2	1.289128	I:	D:
2698	2886	+	1	1.292035	I:	D:
2972	3922	+	2	1.246034	I:	D:
3942	4607	+	3	1.340444	I:	D:
4798	6153	+	1	1.328334	I:	D:
6249	6977	-	3	1.260923	I:	D:
7085	7717	+	2	1.336798	I:	D:
7754	8659	+	2	1.314657	I:	D:
8741	9442	-	2	1.315903	I:	D:
9561	10427	+	3	1.283810	I:	D:
10491	11447	+	3	1.312936	I:	D:
11462	11791	+	2	1.312669	I:	D:
11788	12243	+	1	1.343702	I:	D:
12252	12692	+	3	1.294379	I:	D:
12679	12942	+	1	1.349469	I:	D:
12968	13672	+	2	1.315033	I:	D:
13945	14676	+	1	1.309307	I:	D:
14802	15599	+	3	1.304766	I:	D:
15602	16075	+	2	1.324373	I:	D:
16072	18357	+	1	1.314989	I:	D:
18364	18978	+	1	1.298508	I:	D:
19018	19593	+	1	1.288354	I:	D:
19884	20030	-	3	1.344915	I:	D:
20185	22326	+	1	1.280630	I:	D:
22467	23588	+	3	1.313488	I:	D:
23961	24968	+	3	1.299214	I:	D:
25103	25669	+	2	1.299850	I:	D:
25679	29200	+	2	1.309340	I:	D:
29264	30373	+	2	1.304063	I:	D:
30839	32563	-	2	1.279617	I:	D:
32620	33756	-	1	1.310217	I:	D:
33722	34183	+	2	1.263695	I:	D:
>YA1_5269
3	1526	-	3	1.290986	I:	D:
1542	2021	-	3	1.278109	I:	D:
2091	3089	-	3	1.317407	I:	D:
3076	3840	-	1	1.302547	I:	D:
3844	4176	-	1	1.286377	I:	D:
4222	5202	-	1	1.313688	I:	D:
5218	6186	-	1	1.277911	I:	D:
6284	6934	-	2	1.312643	I:	D:
7039	8025	-	1	1.289477	I:	D:
8027	8458	-	2	1.317024	I:	D:
8459	9244	-	2	1.296416	I:	D:
9255	9902	-	3	1.288504	I:	D:
9956	11308	-	2	1.339789	I:	D:
11380	12369	-	1	1.301564	I:	D:
12457	15912	-	1	1.307458	I:	D:
16074	17432	+	3	1.288966	I:	D:
17858	19561	+	2	1.316452	I:	D:
20120	21487	-	2	1.331823	I:	D:
22094	23767	+	2	1.281759	I:	D:
23909	25429	+	2	1.292197	I:	D:
25577	25840	-	2	1.277186	I:	D:
25837	26763	-	1	1.302134	I:	D:
26767	27621	-	1	1.289087	I:	D:
27637	28545	-	1	1.271379	I:	D:
28615	29550	-	1	1.287796	I:	D:
29556	30491	-	3	1.303875	I:	D:
30553	32421	-	1	1.303682	I:	D:
>YA1_5271
321	800	+	3	1.279358	I:	D:
894	1094	+	3	1.362606	I:	D:
1239	2507	+	3	1.317836	I:	D:
2552	3022	+	2	1.264027	I:	D:
3150	3377	-	3	1.265108	I:	D:
3403	3648	-	1	1.259129	I:	D:
3715	5055	-	1	1.298114	I:	D:
5074	5427	-	1	1.305709	I:	D:
5601	7229	+	3	1.276961	I:	D:
7292	8506	-	2	1.300167	I:	D:
8608	9429	-	1	1.286784	I:	D:
9426	10820	-	3	1.283356	I:	D:
10838	11497	-	2	1.296990	I:	D:
11704	12297	-	1	1.289892	I:	D:
12469	13071	-	1	1.299414	I:	D:
13071	14126	-	3	1.311872	I:	D:
14282	15529	-	2	1.290431	I:	D:
15551	16093	-	2	1.288508	I:	D:
16077	17423	-	3	1.289670	I:	D:
17429	18274	-	2	1.280575	I:	D:
18326	19999	-	2	1.278728	I:	D:
20013	22451	-	3	1.308682	I:	D:
22560	24047	-	3	1.317906	I:	D:
24170	24820	-	2	1.269934	I:	D:
24950	28417	-	2	1.281494	I:	D:
28553	30451	-	2	1.283587	I:	D:
30485	31147	-	2	1.273504	I:	D:
31180	32397	-	1	1.289766	I:	D:
>YA1_5273
161	538	-	2	1.297761	I:	D:
563	1432	-	2	1.309018	I:	D:
1452	1997	-	3	1.313817	I:	D:
2010	2492	-	3	1.283509	I:	D:
2559	2975	-	3	1.291597	I:	D:
3050	4309	+	2	1.335644	I:	D:
4374	6032	-	3	1.289212	I:	D:
6164	6868	-	2	1.311821	I:	D:
7030	7158	+	1	1.362189	I:	D:
7160	7645	-	2	1.253616	I:	D:
7661	8509	-	2	1.282421	I:	D:
8506	9651	-	1	1.318446	I:	D:
9741	10685	-	3	1.325919	I:	D:
10791	11846	-	3	1.278877	I:	D:
11873	13063	-	2	1.292638	I:	D:
13177	13965	-	1	1.300896	I:	D:
13955	15145	-	2	1.305926	I:	D:
15138	15797	-	3	1.255617	I:	D:
15794	16573	-	2	1.262156	I:	D:
16586	18229	-	2	1.280287	I:	D:
18226	19728	-	1	1.291726	I:	D:
20449	20865	-	1	1.250702	I:	D:
20955	21956	-	3	1.257393	I:	D:
22128	24098	-	3	1.287237	I:	D:
24112	26217	-	1	1.320206	I:	D:
26317	26934	+	1	1.289356	I:	D:
27116	27253	-	2	1.302688	I:	D:
27571	28857	-	1	1.295290	I:	D:
29145	29537	+	3	1.306182	I:	D:
29521	32133	+	1	1.292947	I:	D:
32168	32335	-	2	1.381025	I:	D:
>YA1_5305
214	549	-	1	1.416454	I:	D:
566	1354	-	2	1.296181	I:	D:
1359	2387	-	3	1.303998	I:	D:
2397	3311	-	3	1.305930	I:	D:
3322	4056	-	1	1.317149	I:	D:
4043	4753	-	2	1.309668	I:	D:
4754	5179	-	2	1.297116	I:	D:
5183	5818	-	2	1.268120	I:	D:
5941	6483	+	1	1.293984	I:	D:
6554	7468	-	2	1.303117	I:	D:
7470	9824	-	3	1.295447	I:	D:
9980	10747	-	2	1.273324	I:	D:
10804	12795	-	1	1.283906	I:	D:
12984	13595	-	3	1.322935	I:	D:
13649	16474	-	2	1.324385	I:	D:
16523	18511	-	2	1.299262	I:	D:
18546	18701	-	3	1.358555	I:	D:
18764	20374	-	2	1.340673	I:	D:
20531	20815	-	2	1.238500	I:	D:
21023	21178	+	2	1.336178	I:	D:
21244	21639	-	1	1.297231	I:	D:
21688	22665	-	1	1.274875	I:	D:
22855	23994	-	1	1.283146	I:	D:
24027	25256	-	3	1.317672	I:	D:
25269	26177	-	3	1.285663	I:	D:
26167	26850	-	1	1.338620	I:	D:
26854	27939	-	1	1.302609	I:	D:
28195	29457	-	1	1.288486	I:	D:
29646	30371	+	3	1.313988	I:	D:
>YA1_5331
83	388	+	2	1.323216	I:	D:
780	1136	-	3	1.358858	I:	D:
1182	1328	+	3	1.338608	I:	D:
1522	2304	+	1	1.309066	I:	D:
2733	4415	-	3	1.312876	I:	D:
4561	4827	-	1	1.313117	I:	D:
4957	5745	-	1	1.285504	I:	D:
5775	5927	-	3	1.307318	I:	D:
6250	6843	-	1	1.302381	I:	D:
6857	8227	-	2	1.319724	I:	D:
8494	9606	-	1	1.233015	I:	D:
9624	11822	-	3	1.284796	I:	D:
11870	12736	-	2	1.266523	I:	D:
12736	13605	-	1	1.280326	I:	D:
13620	14915	-	3	1.250796	I:	D:
15071	15946	+	2	1.286614	I:	D:
15999	16589	-	3	1.269065	I:	D:
16591	18444	-	1	1.257615	I:	D:
18448	19902	-	1	1.237793	I:	D:
20119	20631	-	1	1.317673	I:	D:
20965	21108	-	1	1.218970	I:	D:
21228	21572	-	3	1.291390	I:	D:
22079	22555	-	2	1.324322	I:	D:
22527	24686	-	3	1.317393	I:	D:
24790	25026	-	1	1.278165	I:	D:
25136	26425	-	2	1.289099	I:	D:
26464	27807	-	1	1.260545	I:	D:
27804	28361	-	3	1.317549	I:	D:
28665	28907	+	3	1.332459	I:	D:
>YA1_5419
190	852	-	1	1.309471	I:	D:
893	1270	-	2	1.362556	I:	D:
1653	1811	-	3	1.324101	I:	D:
1874	2641	-	2	1.312690	I:	D:
2670	2816	-	3	1.309195	I:	D:
2846	3139	-	2	1.292444	I:	D:
3266	4144	-	2	1.322633	I:	D:
4354	4893	-	1	1.314057	I:	D:
4949	5185	-	2	1.274458	I:	D:
5208	5822	-	3	1.296358	I:	D:
5880	6710	-	3	1.327050	I:	D:
6770	7702	-	2	1.303577	I:	D:
7826	7987	-	2	1.274997	I:	D:
8083	8676	-	1	1.290999	I:	D:
8768	9550	-	2	1.296054	I:	D:
9556	10188	-	1	1.290582	I:	D:
10269	11639	-	3	1.313996	I:	D:
11661	11822	-	3	1.255001	I:	D:
11850	12866	-	3	1.285641	I:	D:
12898	16065	-	1	1.310755	I:	D:
16374	16856	-	3	1.289472	I:	D:
16945	17502	-	1	1.275170	I:	D:
17578	18204	-	1	1.262599	I:	D:
18229	18381	-	1	1.293183	I:	D:
18453	19229	-	3	1.268877	I:	D:
19263	20660	-	3	1.299184	I:	D:
20707	21390	-	1	1.267076	I:	D:
21557	24181	-	2	1.294084	I:	D:
>YA1_5438
228	368	+	3	1.238816	I:	D:
387	1058	+	3	1.314709	I:	D:
1341	3296	+	3	1.285580	I:	D:
3318	4220	+	3	1.270933	I:	D:
4248	4721	+	3	1.297417	I:	D:
4743	5042	+	3	1.321852	I:	D:
5088	6122	+	3	1.302180	I:	D:
6160	7074	+	1	1.303743	I:	D:
7145	7807	+	2	1.251620	I:	D:
7852	8625	+	1	1.277388	I:	D:
8673	9125	+	3	1.300430	I:	D:
9138	9995	+	3	1.290001	I:	D:
10014	11012	+	3	1.261516	I:	D:
11153	11791	+	2	1.292298	I:	D:
12089	12418	+	2	1.318657	I:	D:
12422	13294	+	2	1.315004	I:	D:
13311	14402	+	3	1.338098	I:	D:
14386	15435	+	1	1.334243	I:	D:
15435	16841	+	3	1.283926	I:	D:
17229	18836	+	3	1.321761	I:	D:
18944	21169	+	2	1.255558	I:	D:
21172	22284	+	1	1.306571	I:	D:
22415	23671	+	2	1.311552	I:	D:
23749	23892	-	1	1.379475	I:	D:
>YA1_5451
1	486	-	1	1.277292	I:	D:
455	883	-	2	1.258402	I:	D:
937	1068	-	1	1.263498	I:	D:
1178	1417	-	2	1.228227	I:	D:
1600	1821	+	1	1.248052	I:	D:
1842	2018	+	3	1.276018	I:	D:
2230	2901	-	1	1.266914	I:	D:
3171	3458	+	3	1.370674	I:	D:
3474	5219	-	3	1.303017	I:	D:
5276	6919	-	2	1.292094	I:	D:
7052	9763	-	2	1.294656	I:	D:
9830	10111	-	2	1.234410	I:	D:
10108	10386	-	1	1.259709	I:	D:
10450	10890	-	1	1.296088	I:	D:
10915	12141	-	1	1.307968	I:	D:
12650	13063	-	2	1.296422	I:	D:
13092	13277	-	3	1.219863	I:	D:
13314	14597	-	3	1.303599	I:	D:
14619	15302	-	3	1.240073	I:	D:
15262	15717	-	1	1.293045	I:	D:
15736	16860	-	1	1.288982	I:	D:
16860	17339	-	3	1.354323	I:	D:
17354	18358	-	2	1.322005	I:	D:
18374	19537	-	2	1.331562	I:	D:
19452	21125	-	3	1.296240	I:	D:
21660	22526	-	3	1.359092	I:	D:
22513	23088	-	1	1.323590	I:	D:
23088	23435	-	3	1.297523	I:	D:
