>YB2_114
2	964	+	2	1.300336	I:	D:
951	1454	+	3	1.298293	I:	D:
1454	2347	+	2	1.294750	I:	D:
2522	3256	+	2	1.305671	I:	D:
3270	4100	+	3	1.344789	I:	D:
>YB2_390
1	528	-	1	1.302138	I:	D:
525	1529	-	3	1.305038	I:	D:
1566	3032	-	3	1.299959	I:	D:
3075	3998	-	3	1.311019	I:	D:
>YB2_404
289	1314	-	1	1.321173	I:	D:
1448	2641	-	2	1.311941	I:	D:
2805	3617	+	3	1.335103	I:	D:
3855	5228	+	3	1.328913	I:	D:
5306	5443	-	2	1.377784	I:	D:
5623	7404	-	1	1.330436	I:	D:
7590	8612	-	3	1.326609	I:	D:
8593	9306	-	1	1.274477	I:	D:
9303	9746	-	3	1.316399	I:	D:
9753	12353	-	3	1.309467	I:	D:
12463	13428	+	1	1.318076	I:	D:
13428	14552	+	3	1.313535	I:	D:
14536	15036	+	1	1.316651	I:	D:
15099	15593	+	3	1.310353	I:	D:
15704	16054	-	2	1.267223	I:	D:
16176	16352	+	3	1.263425	I:	D:
16583	17239	-	2	1.301927	I:	D:
17397	18494	-	3	1.319118	I:	D:
18509	19912	-	2	1.310640	I:	D:
20119	20808	+	1	1.329984	I:	D:
20860	21570	-	1	1.315719	I:	D:
21557	22393	-	2	1.330585	I:	D:
22667	23155	-	2	1.316927	I:	D:
23156	23296	-	2	1.326653	I:	D:
23417	25273	-	2	1.325962	I:	D:
25273	27018	-	1	1.314651	I:	D:
27012	27497	-	3	1.319606	I:	D:
27751	28605	+	1	1.308878	I:	D:
28651	30042	+	1	1.327498	I:	D:
30117	31301	-	3	1.320311	I:	D:
31324	32433	-	1	1.323565	I:	D:
32478	34013	-	3	1.333998	I:	D:
34196	34423	-	2	1.210251	I:	D:
34543	35373	+	1	1.297270	I:	D:
35370	35858	+	3	1.318190	I:	D:
35949	36785	+	3	1.351150	I:	D:
37126	37563	-	1	1.318129	I:	D:
37550	38620	-	2	1.305596	I:	D:
38729	40525	-	2	1.328760	I:	D:
40536	41336	-	3	1.315202	I:	D:
41522	42733	-	2	1.332126	I:	D:
42858	43289	+	3	1.303000	I:	D:
43302	44519	+	3	1.302033	I:	D:
44541	45761	+	3	1.311356	I:	D:
46136	46909	+	2	1.348136	I:	D:
46912	48402	+	1	1.320921	I:	D:
48423	48779	+	3	1.306924	I:	D:
48802	50463	+	1	1.312230	I:	D:
50467	52485	+	1	1.329443	I:	D:
52531	53556	-	1	1.356162	I:	D:
>YB2_415
1	690	+	1	1.279128	I:	D:
695	2176	+	2	1.322391	I:	D:
2222	2527	-	2	1.279143	I:	D:
2565	3740	+	3	1.300381	I:	D:
>YB2_616
1	1155	+	1	1.280179	I:	D:
1221	1610	-	3	1.282132	I:	D:
1607	3874	-	2	1.317008	I:	D:
>YB2_1008
4	2184	-	1	1.310239	I:	D:
2306	2677	+	2	1.265763	I:	D:
2734	3729	-	1	1.315883	I:	D:
>YB2_1055
1	147	+	1	1.285644	I:	D:
280	1482	-	1	1.310659	I:	D:
1912	3294	+	1	1.318177	I:	D:
>YB2_1084
2	2281	+	2	1.309287	I:	D:
2336	2725	+	2	1.297860	I:	D:
2797	3072	+	1	1.340945	I:	D:
3240	3605	+	3	1.314815	I:	D:
>YB2_1274
3	506	+	3	1.352247	I:	D:
503	1465	+	2	1.296489	I:	D:
1493	2746	+	2	1.312850	I:	D:
2769	3713	+	3	1.292947	I:	D:
>YB2_1360
1	912	+	1	1.310677	I:	D:
1161	3689	+	3	1.309023	I:	D:
>YB2_1477
3	182	-	3	1.297499	I:	D:
242	2419	-	2	1.289837	I:	D:
2488	3177	-	1	1.350606	I:	D:
3336	4235	-	3	1.329769	I:	D:
4232	4894	-	2	1.325342	I:	D:
5036	5704	-	2	1.323903	I:	D:
5842	6357	+	1	1.261664	I:	D:
6363	7307	+	3	1.304831	I:	D:
7304	7756	+	2	1.266259	I:	D:
8228	9799	+	2	1.310626	I:	D:
10266	12164	+	3	1.321224	I:	D:
12363	13730	-	3	1.302443	I:	D:
13763	14578	-	2	1.307553	I:	D:
14858	15397	-	2	1.315857	I:	D:
15536	17674	-	2	1.320727	I:	D:
17671	18168	-	1	1.290145	I:	D:
18408	19841	-	3	1.316326	I:	D:
19841	20551	-	2	1.304155	I:	D:
20639	21856	-	2	1.316463	I:	D:
21888	22784	-	3	1.319536	I:	D:
22796	23377	-	2	1.350830	I:	D:
23646	25757	+	3	1.315966	I:	D:
25770	26978	+	3	1.336763	I:	D:
26982	28100	+	3	1.317499	I:	D:
28118	29536	+	2	1.327673	I:	D:
29650	30498	-	1	1.333859	I:	D:
30641	31351	+	2	1.338076	I:	D:
31354	31794	+	1	1.306692	I:	D:
31791	33203	+	3	1.318021	I:	D:
33223	35007	+	1	1.348973	I:	D:
35130	35294	+	3	1.395492	I:	D:
35308	36213	-	1	1.314111	I:	D:
36249	36797	-	3	1.291760	I:	D:
36972	38159	-	3	1.306381	I:	D:
38260	39339	+	1	1.318593	I:	D:
39357	40229	+	3	1.313392	I:	D:
40346	41374	+	2	1.320671	I:	D:
41378	41863	+	2	1.334533	I:	D:
42054	42353	+	3	1.297417	I:	D:
42322	43107	+	1	1.325972	I:	D:
43104	44135	+	3	1.312365	I:	D:
44139	44876	+	3	1.332363	I:	D:
44986	46344	-	1	1.320034	I:	D:
46348	47031	-	1	1.297372	I:	D:
47170	48903	+	1	1.320396	I:	D:
>YB2_1727
1	2157	+	1	1.300285	I:	D:
2194	3231	+	1	1.318685	I:	D:
3228	3509	+	3	1.329071	I:	D:
>YB2_1901
3	740	+	3	1.281910	I:	D:
742	1014	+	1	1.290641	I:	D:
1070	1309	+	2	1.306661	I:	D:
1376	1648	+	2	1.349940	I:	D:
1658	1825	-	2	1.307533	I:	D:
2038	2376	+	1	1.294954	I:	D:
2437	3531	+	1	1.326148	I:	D:
>YB2_1943
311	670	+	2	1.348908	I:	D:
962	1897	+	2	1.303625	I:	D:
2200	3522	+	1	1.300535	I:	D:
>YB2_2290
2	862	+	2	1.325408	I:	D:
881	1234	-	2	1.415659	I:	D:
1327	1821	+	1	1.310754	I:	D:
1923	2267	-	3	1.313314	I:	D:
2282	3238	-	2	1.297500	I:	D:
3298	3897	-	1	1.318652	I:	D:
3921	4316	-	3	1.324004	I:	D:
4335	4703	-	3	1.327157	I:	D:
4870	5088	-	1	1.338715	I:	D:
5183	5932	-	2	1.321161	I:	D:
5934	6566	-	3	1.298274	I:	D:
6588	7937	-	3	1.337746	I:	D:
7937	8380	-	2	1.320735	I:	D:
8398	8577	-	1	1.304916	I:	D:
8591	9091	-	2	1.294961	I:	D:
9110	9469	-	2	1.314304	I:	D:
9488	10027	-	2	1.314930	I:	D:
10042	10440	-	1	1.286867	I:	D:
10479	10664	-	3	1.376298	I:	D:
10677	11216	-	3	1.308633	I:	D:
11236	11541	-	1	1.330349	I:	D:
11557	11958	-	1	1.313210	I:	D:
12023	12277	-	2	1.333195	I:	D:
12500	12925	-	2	1.312970	I:	D:
12925	13611	-	1	1.311665	I:	D:
13629	13967	-	3	1.345278	I:	D:
13985	14257	-	2	1.326075	I:	D:
14280	15161	-	3	1.339561	I:	D:
15215	15511	-	2	1.310433	I:	D:
15511	16134	-	1	1.326244	I:	D:
16153	16785	-	1	1.321441	I:	D:
16844	17158	-	2	1.324715	I:	D:
17248	17451	+	1	1.380579	I:	D:
17713	18903	-	1	1.316249	I:	D:
18952	20142	-	1	1.307731	I:	D:
20386	21351	-	1	1.318840	I:	D:
21465	24935	-	3	1.313723	I:	D:
24978	25862	-	3	1.310362	I:	D:
25862	26734	-	2	1.312236	I:	D:
26750	27649	-	2	1.318633	I:	D:
27665	28621	-	2	1.311614	I:	D:
28664	29626	-	2	1.315720	I:	D:
29814	31001	+	3	1.317380	I:	D:
31063	31662	+	1	1.347840	I:	D:
31796	33136	-	2	1.301173	I:	D:
33341	33553	-	2	1.402871	I:	D:
33608	34450	+	2	1.300064	I:	D:
34483	35499	+	1	1.310267	I:	D:
35579	36271	+	2	1.303253	I:	D:
36327	38189	-	3	1.321552	I:	D:
38438	41026	-	2	1.309480	I:	D:
41135	42565	-	2	1.327443	I:	D:
42584	43879	-	2	1.308657	I:	D:
43876	45111	-	1	1.314911	I:	D:
45104	45901	-	2	1.306336	I:	D:
46024	46263	+	1	1.296329	I:	D:
>YB2_2479
3	353	+	3	1.334576	I:	D:
355	948	+	1	1.282093	I:	D:
987	2108	-	3	1.304500	I:	D:
2413	3381	-	1	1.300651	I:	D:
>YB2_3158
1	234	+	1	1.297420	I:	D:
318	1346	+	3	1.318914	I:	D:
1527	2849	+	3	1.302337	I:	D:
2867	3226	+	2	1.296890	I:	D:
>YB2_3776
2	376	+	2	1.306651	I:	D:
391	900	+	1	1.283896	I:	D:
958	2217	+	1	1.320569	I:	D:
2229	2711	+	3	1.300745	I:	D:
2767	3093	+	1	1.285168	I:	D:
>YB2_3794
58	657	-	1	1.290958	I:	D:
774	1184	-	3	1.297940	I:	D:
1386	2579	-	3	1.324317	I:	D:
2576	3088	-	2	1.254933	I:	D:
>YB2_4600
2	223	-	2	1.307127	I:	D:
321	1040	-	3	1.321052	I:	D:
1107	1661	-	3	1.291264	I:	D:
1746	2486	-	3	1.309924	I:	D:
2739	2930	+	3	1.304394	I:	D:
>YB2_5151
217	825	-	1	1.314181	I:	D:
1035	1232	+	3	1.264080	I:	D:
1235	2326	+	2	1.292764	I:	D:
2310	2642	+	3	1.251883	I:	D:
>YB2_5819
3	2678	+	3	1.329100	I:	D:
>YB2_6044
215	1549	-	2	1.313868	I:	D:
1819	2946	+	1	1.285824	I:	D:
3014	3760	+	2	1.303971	I:	D:
4004	4204	+	2	1.378131	I:	D:
4272	5153	-	3	1.319474	I:	D:
5282	5920	+	2	1.291423	I:	D:
5925	6737	+	3	1.268445	I:	D:
7357	9132	+	1	1.314278	I:	D:
9147	9590	+	3	1.267803	I:	D:
9594	10964	+	3	1.309750	I:	D:
10957	12234	+	1	1.281345	I:	D:
12238	14205	+	1	1.300711	I:	D:
14272	15498	+	1	1.309937	I:	D:
15444	16289	+	3	1.307539	I:	D:
16304	18544	+	2	1.288764	I:	D:
18577	18873	+	1	1.299671	I:	D:
18929	19798	+	2	1.299333	I:	D:
19880	22384	+	2	1.311733	I:	D:
22469	22885	+	2	1.257793	I:	D:
22922	23440	+	2	1.287512	I:	D:
23465	25306	+	2	1.338781	I:	D:
25293	25958	+	3	1.279173	I:	D:
26135	26479	+	2	1.317949	I:	D:
26590	27453	+	1	1.309773	I:	D:
27456	28070	+	3	1.295410	I:	D:
28438	29952	+	1	1.297270	I:	D:
30009	30179	-	3	1.370575	I:	D:
30278	30943	+	2	1.263625	I:	D:
31065	32345	+	3	1.261124	I:	D:
32424	33005	+	3	1.308962	I:	D:
33020	34306	+	2	1.289642	I:	D:
34433	35650	+	2	1.297772	I:	D:
>YB2_6534
3	353	-	3	1.295845	I:	D:
350	583	-	2	1.310885	I:	D:
647	1345	-	2	1.317782	I:	D:
1355	2143	-	2	1.298854	I:	D:
2202	2609	-	3	1.309019	I:	D:
>YB2_6553
189	1841	+	3	1.291832	I:	D:
1856	2098	+	2	1.280167	I:	D:
2111	2605	+	2	1.307814	I:	D:
>YB2_7126
80	1546	-	2	1.311084	I:	D:
1519	2373	-	1	1.302561	I:	D:
2393	2521	-	2	1.201259	I:	D:
>YB2_7523
65	196	+	2	1.386191	I:	D:
229	780	-	1	1.286557	I:	D:
1045	2085	+	1	1.326725	I:	D:
2148	2555	-	3	1.361001	I:	D:
2623	3159	-	1	1.299292	I:	D:
3326	4762	-	2	1.289891	I:	D:
4841	4990	-	2	1.305504	I:	D:
5173	6834	-	1	1.326230	I:	D:
7154	7762	+	2	1.305661	I:	D:
7819	9132	-	1	1.326208	I:	D:
9145	15687	-	1	1.320807	I:	D:
15985	17163	-	1	1.335896	I:	D:
17428	21180	+	1	1.324495	I:	D:
21209	22417	+	2	1.326839	I:	D:
22593	23861	+	3	1.345470	I:	D:
23881	24204	+	1	1.290535	I:	D:
24350	25042	+	2	1.313774	I:	D:
25319	27688	-	2	1.314641	I:	D:
27675	28415	-	3	1.317924	I:	D:
28615	29226	+	1	1.336747	I:	D:
29223	30773	+	3	1.314848	I:	D:
30766	31452	+	1	1.328777	I:	D:
31579	31830	-	1	1.259348	I:	D:
31880	32263	-	2	1.274791	I:	D:
>YB2_7619
2	226	+	2	1.389056	I:	D:
537	2063	+	3	1.313513	I:	D:
2168	3109	-	2	1.307491	I:	D:
3112	4164	-	1	1.304049	I:	D:
4188	5885	+	3	1.317643	I:	D:
5996	7087	-	2	1.330526	I:	D:
7307	8071	+	2	1.326735	I:	D:
8084	9361	+	2	1.327633	I:	D:
9427	10320	+	1	1.322728	I:	D:
10324	11334	+	1	1.315330	I:	D:
11379	12176	+	3	1.321000	I:	D:
12281	13294	+	2	1.298692	I:	D:
13437	14690	+	3	1.308402	I:	D:
14695	15474	+	1	1.298538	I:	D:
15471	16364	+	3	1.332730	I:	D:
16453	16896	+	1	1.338089	I:	D:
16962	18032	+	3	1.305743	I:	D:
18272	18511	-	2	1.381208	I:	D:
18511	18711	-	1	1.318614	I:	D:
18888	19229	+	3	1.319745	I:	D:
19381	19890	+	1	1.305336	I:	D:
19956	20918	+	3	1.318048	I:	D:
20918	22411	+	2	1.331222	I:	D:
22533	22769	+	3	1.409292	I:	D:
22852	23295	-	1	1.314924	I:	D:
23305	24732	-	1	1.325630	I:	D:
24719	26455	-	2	1.295272	I:	D:
26468	27163	-	2	1.317279	I:	D:
27316	28311	+	1	1.318220	I:	D:
28677	29159	-	3	1.282427	I:	D:
29182	29595	-	1	1.315210	I:	D:
29671	30228	-	1	1.318763	I:	D:
30278	30724	-	2	1.308952	I:	D:
30784	30960	-	1	1.307254	I:	D:
31101	32459	-	3	1.311470	I:	D:
>YB2_8446
152	1204	+	2	1.302064	I:	D:
1272	2009	+	3	1.327613	I:	D:
2162	2350	+	2	1.391320	I:	D:
>YB2_8491
3	284	+	3	1.305794	I:	D:
324	1094	+	3	1.310779	I:	D:
1107	2390	+	3	1.315800	I:	D:
2419	3372	+	1	1.313422	I:	D:
3404	5188	+	2	1.294177	I:	D:
5263	6078	+	1	1.359864	I:	D:
6127	7695	-	1	1.324651	I:	D:
7879	9321	+	1	1.331084	I:	D:
9318	9731	+	3	1.320563	I:	D:
9794	12061	+	2	1.321577	I:	D:
11979	12434	+	3	1.277322	I:	D:
12461	14374	+	2	1.299333	I:	D:
14377	15288	+	1	1.313122	I:	D:
15281	16522	+	2	1.317592	I:	D:
16519	17250	+	1	1.276262	I:	D:
17267	17764	+	2	1.299811	I:	D:
17802	19121	+	3	1.255962	I:	D:
19143	21938	+	3	1.321723	I:	D:
22040	22498	+	2	1.307507	I:	D:
22482	22841	+	3	1.299903	I:	D:
22950	23405	+	3	1.321779	I:	D:
23423	24286	+	2	1.292216	I:	D:
24295	25128	+	1	1.310122	I:	D:
25153	26208	+	1	1.317528	I:	D:
26282	27442	-	2	1.314387	I:	D:
27442	28527	-	1	1.304989	I:	D:
28611	28766	+	3	1.242068	I:	D:
28879	29805	+	1	1.327200	I:	D:
29936	30244	+	2	1.308931	I:	D:
30244	30567	+	1	1.332926	I:	D:
30560	30844	+	2	1.356093	I:	D:
>YB2_8974
3	368	+	3	1.276834	I:	D:
489	1079	+	3	1.270917	I:	D:
1101	2813	+	3	1.327893	I:	D:
2883	3167	+	3	1.223098	I:	D:
3160	4140	+	1	1.282015	I:	D:
4214	4426	+	2	1.285856	I:	D:
4645	4842	-	1	1.260972	I:	D:
4898	5605	+	2	1.297839	I:	D:
5615	6292	+	2	1.296448	I:	D:
6524	8113	+	2	1.237303	I:	D:
8110	8979	+	1	1.246942	I:	D:
8982	10073	+	3	1.249038	I:	D:
10063	10278	+	1	1.229901	I:	D:
10735	11316	+	1	1.226907	I:	D:
11349	12431	+	3	1.221130	I:	D:
12606	13094	+	3	1.260825	I:	D:
13529	13903	+	2	1.292716	I:	D:
14059	14247	+	1	1.241701	I:	D:
14334	15539	+	3	1.267467	I:	D:
15786	16583	+	3	1.239831	I:	D:
16616	16771	+	2	1.221965	I:	D:
17217	17387	+	3	1.287132	I:	D:
17456	18115	+	2	1.175198	I:	D:
18127	19674	+	1	1.249505	I:	D:
20529	21023	+	3	1.311903	I:	D:
21027	21413	+	3	1.333316	I:	D:
21533	22294	-	2	1.311802	I:	D:
22295	23782	-	2	1.339505	I:	D:
23872	24681	+	1	1.328476	I:	D:
24719	26143	-	2	1.378815	I:	D:
26209	27417	+	1	1.343752	I:	D:
27579	30113	+	3	1.386072	I:	D:
>YB2_9009
3	896	-	3	1.312245	I:	D:
1041	1538	-	3	1.291149	I:	D:
1560	2285	-	3	1.317986	I:	D:
>YB2_9726
50	1012	+	2	1.283094	I:	D:
1089	1754	-	3	1.308346	I:	D:
1803	2207	-	3	1.298991	I:	D:
>YB2_10535
2	727	+	2	1.310212	I:	D:
730	1617	+	1	1.294878	I:	D:
1631	3019	+	2	1.294968	I:	D:
3029	3442	+	2	1.307481	I:	D:
3556	6540	+	1	1.305308	I:	D:
6897	8405	+	3	1.302071	I:	D:
8419	8901	+	1	1.265138	I:	D:
8990	9154	-	2	1.290582	I:	D:
9167	10522	-	2	1.313981	I:	D:
10535	10804	-	2	1.304373	I:	D:
10965	11774	+	3	1.313153	I:	D:
11796	12275	+	3	1.285735	I:	D:
12359	13450	+	2	1.327035	I:	D:
13450	14322	+	1	1.295047	I:	D:
14335	15486	+	1	1.292169	I:	D:
15488	15664	+	2	1.255506	I:	D:
15750	16436	+	3	1.343325	I:	D:
16480	16650	+	1	1.229294	I:	D:
16781	17323	+	2	1.305411	I:	D:
17384	18082	+	2	1.276869	I:	D:
18101	19291	+	2	1.312037	I:	D:
19296	20657	+	3	1.324997	I:	D:
20638	21624	+	1	1.293037	I:	D:
21637	22383	+	1	1.301052	I:	D:
22573	22917	+	1	1.292599	I:	D:
22995	23666	+	3	1.260264	I:	D:
23710	27450	+	1	1.302120	I:	D:
>YB2_10852
3	554	+	3	1.333349	I:	D:
554	2767	+	2	1.326491	I:	D:
2771	4585	+	2	1.320936	I:	D:
4638	4874	-	3	1.298503	I:	D:
4988	5668	+	2	1.272463	I:	D:
5795	7840	-	2	1.309414	I:	D:
7830	8489	-	3	1.293036	I:	D:
8491	9159	-	1	1.319259	I:	D:
9254	9388	+	2	1.358768	I:	D:
9439	10662	-	1	1.299078	I:	D:
10665	12554	-	3	1.294501	I:	D:
12648	13634	+	3	1.289921	I:	D:
13683	13916	+	3	1.315474	I:	D:
14116	15102	-	1	1.271230	I:	D:
15107	15607	-	2	1.290084	I:	D:
15704	17587	-	2	1.298512	I:	D:
17722	18699	+	1	1.320993	I:	D:
18696	19958	+	3	1.312864	I:	D:
20031	20228	-	3	1.297824	I:	D:
20243	21397	-	2	1.315796	I:	D:
21608	22018	-	2	1.285077	I:	D:
22015	22941	-	1	1.316233	I:	D:
22960	23616	-	1	1.289857	I:	D:
23627	24325	-	2	1.314544	I:	D:
24325	25236	-	1	1.325696	I:	D:
25230	25958	-	3	1.333555	I:	D:
25965	26858	-	3	1.319383	I:	D:
>YB2_11064
3	149	-	3	1.347337	I:	D:
175	603	-	1	1.386617	I:	D:
600	1295	-	3	1.334667	I:	D:
1352	1582	+	2	1.284779	I:	D:
1588	2016	+	1	1.233637	I:	D:
>YB2_11766
1	1086	+	1	1.327699	I:	D:
1140	1439	+	3	1.325874	I:	D:
1546	2238	-	1	1.311245	I:	D:
2231	2611	-	2	1.278789	I:	D:
2790	3608	+	3	1.322443	I:	D:
3729	4100	-	3	1.305855	I:	D:
4119	5318	-	3	1.308539	I:	D:
5475	6362	+	3	1.288119	I:	D:
6454	6621	+	1	1.384170	I:	D:
6693	7580	-	3	1.330224	I:	D:
7598	7759	-	2	1.273865	I:	D:
7809	8309	-	3	1.287958	I:	D:
8351	10351	-	2	1.322510	I:	D:
10376	10726	-	2	1.298467	I:	D:
10910	11383	+	2	1.310354	I:	D:
11522	13078	+	2	1.319116	I:	D:
13086	14978	+	3	1.297652	I:	D:
15025	15738	+	1	1.311837	I:	D:
15731	16756	+	2	1.316762	I:	D:
16870	17562	-	1	1.330566	I:	D:
17787	18713	-	3	1.297757	I:	D:
18706	19506	-	1	1.311903	I:	D:
19574	21328	-	2	1.315904	I:	D:
21504	22472	+	3	1.296914	I:	D:
22516	22848	-	1	1.276876	I:	D:
23040	23573	-	3	1.319763	I:	D:
23604	24017	-	3	1.319794	I:	D:
24175	25350	-	1	1.328905	I:	D:
>YB2_11866
2	979	+	2	1.250408	I:	D:
1095	1268	+	3	1.270652	I:	D:
1310	1999	+	2	1.277476	I:	D:
>YB2_11895
1	639	+	1	1.265117	I:	D:
664	2484	+	1	1.309332	I:	D:
2585	3160	-	2	1.265084	I:	D:
3256	4167	+	1	1.306896	I:	D:
4222	6117	+	1	1.325347	I:	D:
6140	6886	+	2	1.269558	I:	D:
7038	10562	+	3	1.324179	I:	D:
10782	11210	+	3	1.325288	I:	D:
11228	11626	+	2	1.335777	I:	D:
11795	12127	+	2	1.348434	I:	D:
12114	12758	+	3	1.294576	I:	D:
12768	13055	+	3	1.250296	I:	D:
13314	14180	+	3	1.298412	I:	D:
14173	14730	+	1	1.344036	I:	D:
14723	17029	+	2	1.312872	I:	D:
17029	17421	+	1	1.317905	I:	D:
17574	17789	-	3	1.281060	I:	D:
17955	18170	-	3	1.291233	I:	D:
18231	18530	+	3	1.272957	I:	D:
18534	18698	+	3	1.345511	I:	D:
18956	19189	-	2	1.367185	I:	D:
19334	20350	-	2	1.340502	I:	D:
20393	21835	-	2	1.329479	I:	D:
21893	22207	-	2	1.284107	I:	D:
22246	23049	+	1	1.296137	I:	D:
23082	23309	+	3	1.279081	I:	D:
23355	23837	+	3	1.255387	I:	D:
23837	25105	+	2	1.295175	I:	D:
>YB2_11923
1	1029	+	1	1.229500	I:	D:
1234	1425	+	1	1.320098	I:	D:
1563	2711	-	3	1.301190	I:	D:
2708	3382	-	2	1.302204	I:	D:
3514	3678	+	1	1.332419	I:	D:
3671	4624	+	2	1.333491	I:	D:
4630	5592	+	1	1.241890	I:	D:
5658	5819	+	3	1.307200	I:	D:
5832	6551	-	3	1.287677	I:	D:
6548	6952	-	2	1.270949	I:	D:
7161	7937	+	3	1.298886	I:	D:
8296	8442	+	1	1.329592	I:	D:
8468	10189	+	2	1.318086	I:	D:
10294	12486	-	1	1.348943	I:	D:
12504	13796	-	3	1.317980	I:	D:
13759	14217	-	1	1.309083	I:	D:
14407	15546	+	1	1.322380	I:	D:
15543	18305	+	3	1.284104	I:	D:
18341	18826	-	2	1.264882	I:	D:
18941	19696	-	2	1.303824	I:	D:
19734	20435	-	3	1.284710	I:	D:
20692	22041	-	1	1.332761	I:	D:
22051	24714	-	1	1.318496	I:	D:
>YB2_11979
224	898	+	2	1.293595	I:	D:
895	1887	+	1	1.283826	I:	D:
2062	3693	-	1	1.315430	I:	D:
3817	5106	+	1	1.344460	I:	D:
5128	5901	+	1	1.329134	I:	D:
6157	6459	+	1	1.293990	I:	D:
6461	7360	+	2	1.297474	I:	D:
7429	8133	+	1	1.315745	I:	D:
8120	8842	+	2	1.314333	I:	D:
9318	10655	-	3	1.305612	I:	D:
10927	13164	-	1	1.324193	I:	D:
13259	14467	-	2	1.310120	I:	D:
14481	14900	-	3	1.315622	I:	D:
15064	15198	+	1	1.231073	I:	D:
15260	18157	-	2	1.317448	I:	D:
18348	19112	-	3	1.289330	I:	D:
19146	19997	-	3	1.313859	I:	D:
19994	20653	-	2	1.296651	I:	D:
20668	22329	-	1	1.336823	I:	D:
22640	23722	-	2	1.327538	I:	D:
>YB2_11996
2	154	+	2	1.334985	I:	D:
355	1329	+	1	1.315979	I:	D:
1379	2845	-	2	1.303608	I:	D:
3016	3669	-	1	1.313642	I:	D:
3663	4115	-	3	1.321267	I:	D:
4171	4299	+	1	1.304195	I:	D:
4508	5596	-	2	1.280246	I:	D:
5597	8299	-	2	1.313237	I:	D:
8672	9661	-	2	1.326906	I:	D:
9663	10769	-	3	1.330788	I:	D:
10771	12300	-	1	1.306059	I:	D:
12409	13644	-	1	1.295373	I:	D:
13718	14296	-	2	1.318974	I:	D:
14724	15182	+	3	1.322853	I:	D:
15908	16228	+	2	1.275262	I:	D:
16551	16730	+	3	1.412791	I:	D:
16736	17452	-	2	1.296968	I:	D:
17633	18865	+	2	1.329585	I:	D:
18977	19675	+	2	1.336519	I:	D:
19758	21197	-	3	1.284825	I:	D:
21356	22594	-	2	1.318156	I:	D:
22718	23473	-	2	1.296122	I:	D:
23488	23661	-	1	1.307046	I:	D:
>YB2_12025
277	981	+	1	1.240724	I:	D:
987	1760	+	3	1.221561	I:	D:
1757	2161	+	2	1.230602	I:	D:
2348	3493	-	2	1.335517	I:	D:
3493	4245	-	1	1.304278	I:	D:
4254	5039	-	3	1.354976	I:	D:
5048	5968	-	2	1.290068	I:	D:
5965	6690	-	1	1.356395	I:	D:
6687	7745	-	3	1.332996	I:	D:
7745	8587	-	2	1.330275	I:	D:
8903	11647	+	2	1.334547	I:	D:
11738	11968	-	2	1.300952	I:	D:
11995	12501	-	1	1.328418	I:	D:
12863	13348	+	2	1.328340	I:	D:
13983	14426	+	3	1.351202	I:	D:
14456	15136	+	2	1.376005	I:	D:
15303	15929	+	3	1.339083	I:	D:
15996	16961	+	3	1.296738	I:	D:
17095	17952	+	1	1.252248	I:	D:
17956	18705	+	1	1.281399	I:	D:
18683	19432	+	2	1.262482	I:	D:
19448	20566	-	2	1.227137	I:	D:
20733	23297	-	3	1.249190	I:	D:
>YB2_12034
1	483	-	1	1.237105	I:	D:
544	960	-	1	1.309592	I:	D:
972	1694	-	3	1.323044	I:	D:
1691	2560	-	2	1.321272	I:	D:
2598	2951	-	3	1.371688	I:	D:
2948	3670	-	2	1.301353	I:	D:
3663	4664	-	3	1.302276	I:	D:
4657	5676	-	1	1.319711	I:	D:
5676	7106	-	3	1.286767	I:	D:
7123	7956	-	1	1.250761	I:	D:
7953	9980	-	3	1.296911	I:	D:
10327	10956	-	1	1.261498	I:	D:
10941	11828	-	3	1.308046	I:	D:
11830	13890	-	1	1.285040	I:	D:
13906	14634	-	1	1.288414	I:	D:
14634	15386	-	3	1.325217	I:	D:
15498	15668	-	3	1.281739	I:	D:
15661	15909	-	1	1.234467	I:	D:
15921	16757	-	3	1.294807	I:	D:
16887	17582	-	3	1.304798	I:	D:
17588	18289	-	2	1.278723	I:	D:
18525	18677	-	3	1.315048	I:	D:
18689	18979	-	2	1.288398	I:	D:
18990	21209	-	3	1.328615	I:	D:
21209	21424	-	2	1.269336	I:	D:
21439	22026	-	1	1.304371	I:	D:
22016	22267	-	2	1.253472	I:	D:
22274	23161	-	2	1.266672	I:	D:
>YB2_12047
3	758	+	3	1.346409	I:	D:
751	1581	+	1	1.326440	I:	D:
1618	2763	+	1	1.301211	I:	D:
2760	3800	+	3	1.324357	I:	D:
3822	4871	+	3	1.307249	I:	D:
4871	8713	+	2	1.315207	I:	D:
8828	10441	+	2	1.302596	I:	D:
10461	11744	+	3	1.301516	I:	D:
11763	12341	+	3	1.304276	I:	D:
12343	13059	+	1	1.288139	I:	D:
13052	13387	+	2	1.338645	I:	D:
13390	13713	+	1	1.295013	I:	D:
13713	15734	+	3	1.305356	I:	D:
15735	17963	+	3	1.315756	I:	D:
17967	18419	+	3	1.303234	I:	D:
18419	19039	+	2	1.317731	I:	D:
19043	20470	+	2	1.315261	I:	D:
20540	21013	+	2	1.239633	I:	D:
21045	22727	+	3	1.321989	I:	D:
22750	22953	+	1	1.308588	I:	D:
>YB2_12104
2	130	+	2	1.355862	I:	D:
218	994	-	2	1.301186	I:	D:
1061	1981	-	2	1.327756	I:	D:
1992	3608	-	3	1.332059	I:	D:
3626	4924	-	2	1.298341	I:	D:
4940	5326	-	2	1.301775	I:	D:
5339	6496	-	2	1.339101	I:	D:
6499	7146	-	1	1.300872	I:	D:
7384	11121	+	1	1.310742	I:	D:
11191	13167	-	1	1.325306	I:	D:
13208	13879	-	2	1.297946	I:	D:
13975	14553	-	1	1.331634	I:	D:
14671	15234	+	1	1.312568	I:	D:
15284	16423	-	2	1.298871	I:	D:
16490	17677	-	2	1.288012	I:	D:
17842	18387	-	1	1.306255	I:	D:
18721	19194	-	1	1.323564	I:	D:
19191	20111	-	3	1.302468	I:	D:
20111	20959	-	2	1.345745	I:	D:
21095	21952	-	2	1.305940	I:	D:
22096	22239	+	1	1.365633	I:	D:
>YB2_12111
2	730	-	2	1.370822	I:	D:
682	981	+	1	1.420052	I:	D:
1023	1403	+	3	1.315692	I:	D:
1439	2446	+	2	1.289135	I:	D:
2449	3123	+	1	1.313537	I:	D:
3120	4091	+	3	1.295678	I:	D:
4091	7660	+	2	1.296052	I:	D:
7743	8729	+	3	1.304975	I:	D:
8746	9333	+	1	1.307933	I:	D:
9745	10362	+	1	1.307677	I:	D:
10355	10924	+	2	1.306812	I:	D:
10938	11291	+	3	1.286566	I:	D:
11295	13703	+	3	1.316896	I:	D:
13798	16983	+	1	1.307449	I:	D:
16995	18377	+	3	1.323523	I:	D:
18559	19257	+	1	1.325711	I:	D:
19273	19482	+	1	1.335748	I:	D:
19699	22026	+	1	1.306504	I:	D:
>YB2_12200
23	1636	-	2	1.327967	I:	D:
1774	3009	-	1	1.309167	I:	D:
3648	3860	+	3	1.338191	I:	D:
3857	4180	+	2	1.301205	I:	D:
4393	5157	-	1	1.315546	I:	D:
5294	5680	+	2	1.329577	I:	D:
5680	6855	+	1	1.299054	I:	D:
6852	8000	+	3	1.317986	I:	D:
8022	9194	+	3	1.315637	I:	D:
9197	10276	+	2	1.310555	I:	D:
10776	15857	+	3	1.299821	I:	D:
15876	16025	+	3	1.278789	I:	D:
16233	17078	+	3	1.306117	I:	D:
17078	18136	+	2	1.313008	I:	D:
18147	19346	+	3	1.312406	I:	D:
19336	20409	+	1	1.333779	I:	D:
20432	21088	+	2	1.336188	I:	D:
>YB2_12282
62	295	+	2	1.382953	I:	D:
485	865	+	2	1.263926	I:	D:
1059	2234	+	3	1.329071	I:	D:
2237	2674	+	2	1.291675	I:	D:
2619	3587	+	3	1.330373	I:	D:
3588	4649	+	3	1.309586	I:	D:
4646	5110	+	2	1.296869	I:	D:
5336	6211	+	2	1.258156	I:	D:
6391	7953	-	1	1.322890	I:	D:
8284	9462	+	1	1.320573	I:	D:
9513	9959	-	3	1.260479	I:	D:
10082	10873	-	2	1.289962	I:	D:
10925	11194	-	2	1.321150	I:	D:
11278	11766	-	1	1.277804	I:	D:
11773	12951	-	1	1.330487	I:	D:
13045	16227	-	1	1.303886	I:	D:
16255	17277	+	1	1.286389	I:	D:
17213	17617	+	2	1.232631	I:	D:
17626	17820	+	1	1.271278	I:	D:
17876	18013	-	2	1.245046	I:	D:
17841	18197	+	3	1.310390	I:	D:
18194	19348	+	2	1.340332	I:	D:
19594	19992	+	1	1.334214	I:	D:
>YB2_12298
1	1236	+	1	1.340918	I:	D:
1360	1548	+	1	1.292287	I:	D:
1622	3241	+	2	1.328373	I:	D:
3321	3692	+	3	1.212624	I:	D:
3692	4849	+	2	1.229588	I:	D:
4920	5282	+	3	1.275589	I:	D:
5285	6310	+	2	1.317360	I:	D:
6631	6969	-	1	1.240865	I:	D:
7322	7486	+	2	1.286560	I:	D:
7468	7806	+	1	1.272182	I:	D:
7797	9209	+	3	1.327018	I:	D:
9193	10014	+	1	1.295093	I:	D:
10018	10896	+	1	1.327525	I:	D:
11079	12917	+	3	1.316533	I:	D:
12901	13239	+	1	1.329109	I:	D:
13251	13907	-	3	1.247253	I:	D:
14016	14852	+	3	1.321417	I:	D:
14870	15241	+	2	1.359431	I:	D:
15246	17555	+	3	1.327339	I:	D:
17591	18316	+	2	1.308093	I:	D:
18329	19894	+	2	1.302218	I:	D:
>YB2_12370
2	535	+	2	1.325359	I:	D:
553	2130	+	1	1.300420	I:	D:
2117	2881	+	2	1.288379	I:	D:
2968	5394	-	1	1.321468	I:	D:
5539	6942	+	1	1.284789	I:	D:
7003	7848	+	1	1.306163	I:	D:
7848	8687	+	3	1.303316	I:	D:
8706	9818	+	3	1.324855	I:	D:
9834	11327	+	3	1.310239	I:	D:
11320	12891	+	1	1.299731	I:	D:
13090	13665	+	1	1.298815	I:	D:
13712	15115	-	2	1.320618	I:	D:
15424	16005	+	1	1.258294	I:	D:
16090	16854	-	1	1.306337	I:	D:
16873	18828	-	1	1.311676	I:	D:
18853	19206	-	1	1.313728	I:	D:
>YB2_12457
1	804	-	1	1.303360	I:	D:
934	2304	+	1	1.321368	I:	D:
2295	3023	+	3	1.315180	I:	D:
3033	3518	+	3	1.336469	I:	D:
3789	4529	+	3	1.311704	I:	D:
4569	5507	+	3	1.300191	I:	D:
5810	6640	+	2	1.307835	I:	D:
6594	7541	+	3	1.312849	I:	D:
7749	8285	+	3	1.297446	I:	D:
8336	12202	+	2	1.298113	I:	D:
12390	12971	+	3	1.273932	I:	D:
12971	13240	+	2	1.301262	I:	D:
13346	13576	+	2	1.328876	I:	D:
13636	14187	+	1	1.323205	I:	D:
14202	18407	+	3	1.303140	I:	D:
>YB2_12466
3	500	-	3	1.332561	I:	D:
619	885	+	1	1.457297	I:	D:
949	1851	-	1	1.322998	I:	D:
1848	3008	-	3	1.316416	I:	D:
3020	3883	-	2	1.323403	I:	D:
3982	5229	-	1	1.316885	I:	D:
5235	6176	-	3	1.305288	I:	D:
6467	6688	+	2	1.297870	I:	D:
6874	7587	+	1	1.296823	I:	D:
8069	8596	-	2	1.315241	I:	D:
9160	10278	+	1	1.271673	I:	D:
10296	10937	+	3	1.303184	I:	D:
10958	11572	+	2	1.274419	I:	D:
11972	12481	+	2	1.274434	I:	D:
12471	13202	+	3	1.326903	I:	D:
13387	13650	+	1	1.259613	I:	D:
14049	15266	+	3	1.300529	I:	D:
15596	17416	+	2	1.312102	I:	D:
17526	18068	+	3	1.348208	I:	D:
18070	18327	+	1	1.286732	I:	D:
>YB2_12468
3	182	+	3	1.213173	I:	D:
294	1133	-	3	1.321703	I:	D:
1341	2636	+	3	1.284472	I:	D:
2676	4043	-	3	1.319352	I:	D:
4059	5213	-	3	1.298060	I:	D:
5356	5580	+	1	1.277610	I:	D:
6098	6235	-	2	1.243697	I:	D:
6530	7060	-	2	1.317246	I:	D:
7259	7390	-	2	1.254723	I:	D:
7400	8773	-	2	1.313678	I:	D:
8836	10173	-	1	1.300376	I:	D:
10321	11703	-	1	1.312647	I:	D:
11808	12479	-	3	1.246358	I:	D:
12503	12670	-	2	1.224141	I:	D:
12710	13741	-	2	1.280371	I:	D:
13808	14641	-	2	1.297554	I:	D:
14659	14910	-	1	1.293886	I:	D:
14910	16394	-	3	1.300952	I:	D:
16421	17596	+	2	1.275449	I:	D:
17763	18287	-	3	1.292663	I:	D:
>YB2_12488
53	610	+	2	1.355211	I:	D:
793	1293	+	1	1.340545	I:	D:
1305	1910	+	3	1.350044	I:	D:
1925	2959	+	2	1.331203	I:	D:
2992	4344	+	1	1.323000	I:	D:
4357	5232	+	1	1.325130	I:	D:
5232	6083	+	3	1.288662	I:	D:
6084	6953	+	3	1.307858	I:	D:
7022	7765	+	2	1.307863	I:	D:
7762	8496	+	1	1.306916	I:	D:
8501	9697	+	2	1.287583	I:	D:
9697	10362	+	1	1.277311	I:	D:
10375	11016	+	1	1.276591	I:	D:
11044	13377	+	1	1.300815	I:	D:
14049	14681	+	3	1.298540	I:	D:
14696	14845	+	2	1.272525	I:	D:
14981	16090	-	2	1.309823	I:	D:
16182	17087	-	3	1.297089	I:	D:
17133	17669	-	3	1.286500	I:	D:
17737	18066	-	1	1.306887	I:	D:
>YB2_12547
3	188	-	3	1.252356	I:	D:
194	1849	-	2	1.299569	I:	D:
1852	2436	-	1	1.300774	I:	D:
2426	4216	-	2	1.312411	I:	D:
4262	5617	-	2	1.341058	I:	D:
5662	5820	-	1	1.329636	I:	D:
5896	6312	-	1	1.359728	I:	D:
6468	8486	-	3	1.335947	I:	D:
8476	9054	-	1	1.321533	I:	D:
9054	9899	-	3	1.330408	I:	D:
9902	10882	-	2	1.340111	I:	D:
11091	11630	+	3	1.346349	I:	D:
11637	13553	+	3	1.292877	I:	D:
13724	15397	-	2	1.339033	I:	D:
15525	15764	-	3	1.297219	I:	D:
16290	16640	-	3	1.362592	I:	D:
17099	17581	+	2	1.240616	I:	D:
>YB2_12797
225	734	-	3	1.280180	I:	D:
1139	3013	-	2	1.310214	I:	D:
3026	3244	-	2	1.279748	I:	D:
3434	6100	-	2	1.313947	I:	D:
6205	6873	+	1	1.266058	I:	D:
7241	7870	+	2	1.348212	I:	D:
7967	8479	+	2	1.313252	I:	D:
8523	10061	-	3	1.315538	I:	D:
10191	11522	-	3	1.274863	I:	D:
11519	12238	-	2	1.261393	I:	D:
12235	12690	-	1	1.290704	I:	D:
12687	14570	-	3	1.323213	I:	D:
14634	15800	-	3	1.291988	I:	D:
>YB2_12905
1	1038	+	1	1.340125	I:	D:
1061	1810	+	2	1.304972	I:	D:
1857	4868	-	3	1.301006	I:	D:
4959	6092	-	3	1.314575	I:	D:
6149	7540	-	2	1.302715	I:	D:
7540	8178	-	1	1.312636	I:	D:
8166	8369	+	3	1.322176	I:	D:
8511	9077	-	3	1.313101	I:	D:
9074	10393	-	2	1.305207	I:	D:
10463	10594	-	2	1.284067	I:	D:
10991	12133	-	2	1.292686	I:	D:
12295	12480	+	1	1.362367	I:	D:
12641	13468	+	2	1.294982	I:	D:
13453	14295	+	1	1.272346	I:	D:
14288	14983	+	2	1.311973	I:	D:
14984	15217	+	2	1.353423	I:	D:
>YB2_12975
220	459	-	1	1.268962	I:	D:
466	1077	-	1	1.258701	I:	D:
1082	1672	-	2	1.218266	I:	D:
1807	2184	-	1	1.279896	I:	D:
2238	2504	-	3	1.364000	I:	D:
2519	2686	+	2	1.207077	I:	D:
2962	3750	+	1	1.312711	I:	D:
3841	4275	+	1	1.302529	I:	D:
4575	5720	+	3	1.316402	I:	D:
5832	7187	-	3	1.325045	I:	D:
7406	8800	-	2	1.309686	I:	D:
8992	10518	-	1	1.318952	I:	D:
10519	11844	-	1	1.353884	I:	D:
11864	12646	-	2	1.292361	I:	D:
12731	13804	-	2	1.302013	I:	D:
13836	14744	+	3	1.283262	I:	D:
>YB2_13103
28	1140	-	1	1.295275	I:	D:
1159	2490	-	1	1.304350	I:	D:
2597	3340	+	2	1.295590	I:	D:
3376	4716	-	1	1.287825	I:	D:
4778	5161	+	2	1.347786	I:	D:
5294	5671	-	2	1.268555	I:	D:
5724	6308	-	3	1.299169	I:	D:
6546	7253	-	3	1.303126	I:	D:
7304	7786	-	2	1.323875	I:	D:
7860	8387	-	3	1.291710	I:	D:
8433	8819	-	3	1.292365	I:	D:
9199	10323	+	1	1.326640	I:	D:
10310	11905	+	2	1.328800	I:	D:
11935	12603	+	1	1.331612	I:	D:
12737	13093	+	2	1.300751	I:	D:
13105	14058	+	1	1.316190	I:	D:
>YB2_13158
110	304	+	2	1.290903	I:	D:
372	1547	+	3	1.350653	I:	D:
1755	2987	-	3	1.318750	I:	D:
3096	5210	-	3	1.234215	I:	D:
5883	6029	+	3	1.325290	I:	D:
6110	6760	-	2	1.269396	I:	D:
7664	10252	-	2	1.298519	I:	D:
10255	11949	-	1	1.286841	I:	D:
12279	13151	-	3	1.330479	I:	D:
>YB2_13163
64	1590	-	1	1.310217	I:	D:
1709	2275	-	2	1.260435	I:	D:
2412	3686	-	3	1.301223	I:	D:
3687	5261	-	3	1.313576	I:	D:
5370	6014	-	3	1.292233	I:	D:
6018	6893	-	3	1.307136	I:	D:
6999	8543	-	3	1.324286	I:	D:
8840	10057	-	2	1.317680	I:	D:
10110	10805	-	3	1.309007	I:	D:
10930	12168	-	1	1.310415	I:	D:
12314	13051	+	2	1.326637	I:	D:
13182	13760	+	3	1.302772	I:	D:
>YB2_13207
2	1462	+	2	1.295676	I:	D:
1730	1975	+	2	1.388407	I:	D:
2045	2380	-	2	1.319452	I:	D:
2402	3880	-	2	1.345133	I:	D:
3932	4786	-	2	1.295872	I:	D:
4783	7128	-	1	1.325144	I:	D:
7165	7401	-	1	1.349286	I:	D:
7588	8643	+	1	1.302665	I:	D:
8647	10500	+	1	1.335192	I:	D:
10521	11420	+	3	1.299973	I:	D:
11480	12037	-	2	1.301463	I:	D:
12040	13170	-	1	1.285326	I:	D:
13180	13608	-	1	1.238284	I:	D:
>YB2_13498
230	976	-	2	1.386526	I:	D:
1097	2086	+	2	1.359295	I:	D:
2073	3035	+	3	1.254373	I:	D:
3712	3876	-	1	1.308614	I:	D:
3929	4519	-	2	1.284692	I:	D:
4531	4668	-	1	1.264233	I:	D:
4918	5229	+	1	1.192953	I:	D:
5305	6021	+	1	1.263233	I:	D:
6014	7303	+	2	1.244203	I:	D:
7559	7993	+	2	1.357114	I:	D:
8088	8864	+	3	1.384470	I:	D:
9578	10276	+	2	1.363787	I:	D:
10288	10908	+	1	1.342891	I:	D:
10901	11500	+	2	1.363546	I:	D:
11568	12005	+	3	1.367043	I:	D:
>YB2_13502
1	900	-	1	1.283068	I:	D:
903	1649	-	3	1.281060	I:	D:
1646	2278	-	2	1.304460	I:	D:
2278	2472	-	1	1.293698	I:	D:
2618	3199	+	2	1.289951	I:	D:
3217	3468	+	1	1.208957	I:	D:
3515	3748	-	2	1.283257	I:	D:
3792	4034	-	3	1.316023	I:	D:
4103	5488	-	2	1.308738	I:	D:
5524	5889	-	1	1.277394	I:	D:
6425	6823	+	2	1.339601	I:	D:
7252	7416	+	1	1.310900	I:	D:
7669	8139	-	1	1.261943	I:	D:
8341	8646	-	1	1.313009	I:	D:
8651	9532	-	2	1.309780	I:	D:
9549	12212	-	3	1.273033	I:	D:
>YB2_13547
40	627	+	1	1.261616	I:	D:
892	1365	+	1	1.215304	I:	D:
1657	2355	+	1	1.287022	I:	D:
2352	2723	+	3	1.337153	I:	D:
2785	3288	-	1	1.304347	I:	D:
3477	4133	-	3	1.311190	I:	D:
4117	5370	-	1	1.312862	I:	D:
5367	6188	-	3	1.286606	I:	D:
6185	7012	-	2	1.295535	I:	D:
6999	8135	-	3	1.308552	I:	D:
8218	8781	-	1	1.285253	I:	D:
8778	9506	-	3	1.278253	I:	D:
9639	11045	+	3	1.326082	I:	D:
11174	12049	-	2	1.322419	I:	D:
>YB2_13558
1	492	-	1	1.321607	I:	D:
566	2542	-	2	1.298670	I:	D:
2910	4661	+	3	1.318232	I:	D:
4738	5025	+	1	1.320919	I:	D:
5026	6486	+	1	1.319115	I:	D:
6483	7898	+	3	1.329772	I:	D:
7962	8567	-	3	1.294881	I:	D:
8571	9473	-	3	1.315671	I:	D:
9483	10169	-	3	1.304936	I:	D:
10298	11338	-	2	1.294454	I:	D:
11490	11969	+	3	1.306581	I:	D:
>YB2_13623
1	330	-	1	1.329488	I:	D:
397	819	+	1	1.321380	I:	D:
821	1732	+	2	1.274848	I:	D:
1749	3713	+	3	1.301156	I:	D:
3735	3998	+	3	1.268113	I:	D:
4011	5678	+	3	1.300219	I:	D:
5774	7120	-	2	1.316318	I:	D:
7258	8496	-	1	1.312930	I:	D:
8502	9278	-	3	1.311317	I:	D:
9281	9946	-	2	1.324229	I:	D:
10115	10318	+	2	1.366675	I:	D:
10817	11758	-	2	1.279012	I:	D:
>YB2_13629
3	1535	-	3	1.292754	I:	D:
1846	1980	+	1	1.413599	I:	D:
2075	4039	+	2	1.304618	I:	D:
4092	4460	+	3	1.319703	I:	D:
4596	5210	+	3	1.319862	I:	D:
5348	5932	+	2	1.304159	I:	D:
6046	6936	+	1	1.350581	I:	D:
6998	7141	-	2	1.282270	I:	D:
7276	9327	+	1	1.315224	I:	D:
9414	10091	-	3	1.299679	I:	D:
10190	11560	+	2	1.311769	I:	D:
>YB2_13634
1	192	-	1	1.328968	I:	D:
284	1948	-	2	1.282907	I:	D:
1932	2393	-	3	1.281213	I:	D:
2394	3251	-	3	1.311736	I:	D:
3251	4057	-	2	1.286155	I:	D:
4050	5885	-	3	1.302820	I:	D:
5912	6796	-	2	1.287341	I:	D:
6982	8190	-	1	1.296945	I:	D:
8187	9107	-	3	1.300385	I:	D:
9110	9499	-	2	1.291172	I:	D:
9567	9986	-	3	1.283882	I:	D:
10040	10666	-	2	1.290355	I:	D:
10672	11172	-	1	1.310602	I:	D:
11195	11716	-	2	1.252212	I:	D:
>YB2_13681
1	2028	+	1	1.305984	I:	D:
2185	2373	+	1	1.331388	I:	D:
2624	2833	+	2	1.310933	I:	D:
3191	5770	+	2	1.320672	I:	D:
6000	6239	-	3	1.353465	I:	D:
6255	6686	-	3	1.307134	I:	D:
6702	6992	-	3	1.280834	I:	D:
7103	8452	-	2	1.305580	I:	D:
8456	10021	-	2	1.319082	I:	D:
10026	11375	-	3	1.324242	I:	D:
11468	11608	-	2	1.293173	I:	D:
11782	12429	+	1	1.288536	I:	D:
12450	13853	+	3	1.312162	I:	D:
13874	14437	+	2	1.274707	I:	D:
14464	15852	+	1	1.307217	I:	D:
15910	16788	-	1	1.323974	I:	D:
16870	17148	-	1	1.238864	I:	D:
17252	18187	-	2	1.300949	I:	D:
18206	18868	-	2	1.328392	I:	D:
18846	19661	-	3	1.328387	I:	D:
19668	20576	-	3	1.315186	I:	D:
20573	21511	-	2	1.335406	I:	D:
21501	21848	-	3	1.310341	I:	D:
21851	24241	-	2	1.298958	I:	D:
24276	24587	-	3	1.310102	I:	D:
24580	24846	-	1	1.318341	I:	D:
24881	25951	-	2	1.301980	I:	D:
25971	26465	-	3	1.309549	I:	D:
26585	28672	-	2	1.342126	I:	D:
28790	31252	-	2	1.307672	I:	D:
31380	32057	-	3	1.311960	I:	D:
32137	33171	+	1	1.301821	I:	D:
33195	34859	+	3	1.309098	I:	D:
34946	35383	+	2	1.328855	I:	D:
35924	36226	-	2	1.343273	I:	D:
36266	37447	-	2	1.282895	I:	D:
37482	37784	-	3	1.260651	I:	D:
37904	38848	-	2	1.310631	I:	D:
39026	39694	-	2	1.313927	I:	D:
39762	40352	-	3	1.265554	I:	D:
40406	40777	-	2	1.254607	I:	D:
40795	41031	-	1	1.308233	I:	D:
41236	41826	+	1	1.227072	I:	D:
41882	42175	-	2	1.258824	I:	D:
42255	44534	+	3	1.258599	I:	D:
44548	45594	+	1	1.253481	I:	D:
45610	46074	+	1	1.256685	I:	D:
46331	46549	+	2	1.213055	I:	D:
46644	47573	-	3	1.249592	I:	D:
47705	47944	-	2	1.345201	I:	D:
48110	48499	-	2	1.328941	I:	D:
48583	49056	-	1	1.242813	I:	D:
49136	50206	-	2	1.300907	I:	D:
50259	50465	-	3	1.325095	I:	D:
50471	50824	-	2	1.324564	I:	D:
50814	51758	-	3	1.311274	I:	D:
51755	52270	-	2	1.306553	I:	D:
52349	52756	-	2	1.282413	I:	D:
52746	53102	-	3	1.319031	I:	D:
53104	53460	-	1	1.326017	I:	D:
53475	54464	-	3	1.305378	I:	D:
54484	55443	-	1	1.306712	I:	D:
55440	56567	-	3	1.325574	I:	D:
56570	57829	-	2	1.355764	I:	D:
57822	58157	-	3	1.344952	I:	D:
58415	59161	-	2	1.303916	I:	D:
59287	59457	-	1	1.401075	I:	D:
59566	60009	+	1	1.324443	I:	D:
60148	62475	+	1	1.317329	I:	D:
62489	64006	+	2	1.321494	I:	D:
63999	64340	+	3	1.290674	I:	D:
64409	67885	-	2	1.325438	I:	D:
67956	68558	-	3	1.302534	I:	D:
68643	70073	-	3	1.328249	I:	D:
70268	73324	-	2	1.333206	I:	D:
73347	73964	-	3	1.338030	I:	D:
74191	74817	+	1	1.291649	I:	D:
74927	77677	+	2	1.315815	I:	D:
77771	78496	-	2	1.292302	I:	D:
78730	79266	-	1	1.284664	I:	D:
79555	80583	+	1	1.332963	I:	D:
80587	81129	+	1	1.274203	I:	D:
81157	83010	+	1	1.303024	I:	D:
83064	83207	-	3	1.392717	I:	D:
83237	84394	+	2	1.332887	I:	D:
84507	84767	+	3	1.286380	I:	D:
84861	85535	-	3	1.313723	I:	D:
85543	87753	-	1	1.331163	I:	D:
87770	89515	-	2	1.332707	I:	D:
90145	90963	-	1	1.310378	I:	D:
91026	91295	-	3	1.237581	I:	D:
91304	92566	+	2	1.305813	I:	D:
92652	92789	+	3	1.337818	I:	D:
92794	94140	+	1	1.313361	I:	D:
94476	94868	+	3	1.279192	I:	D:
94889	95440	+	2	1.319323	I:	D:
95465	95884	+	2	1.302481	I:	D:
95923	97113	-	1	1.331239	I:	D:
97100	97636	-	2	1.327240	I:	D:
97695	99893	-	3	1.320958	I:	D:
100172	100930	-	2	1.277048	I:	D:
100923	101594	-	3	1.299181	I:	D:
101830	102597	+	1	1.330503	I:	D:
102614	103879	+	2	1.332905	I:	D:
103876	105264	+	1	1.351102	I:	D:
105289	106587	+	1	1.331515	I:	D:
106626	107093	+	3	1.325289	I:	D:
107103	107810	+	3	1.304702	I:	D:
107874	108002	-	3	1.273763	I:	D:
108033	109118	+	3	1.314150	I:	D:
109286	111871	-	2	1.298676	I:	D:
111868	112551	-	1	1.323441	I:	D:
112725	115388	-	3	1.311640	I:	D:
115312	115566	+	1	1.363957	I:	D:
>YB2_13711
394	876	-	1	1.299164	I:	D:
1023	1388	-	3	1.327979	I:	D:
1588	1878	-	1	1.266122	I:	D:
2064	2480	-	3	1.303992	I:	D:
2569	4404	-	1	1.308029	I:	D:
4429	4896	-	1	1.273729	I:	D:
4966	5958	-	1	1.329943	I:	D:
6143	6613	+	2	1.292408	I:	D:
6623	7333	+	2	1.338039	I:	D:
7338	8006	+	3	1.329171	I:	D:
8347	10242	-	1	1.327080	I:	D:
10259	11419	-	2	1.317482	I:	D:
>YB2_13740
3	803	-	3	1.301246	I:	D:
852	1394	-	3	1.302542	I:	D:
1736	4366	-	2	1.306030	I:	D:
4504	4719	-	1	1.267761	I:	D:
4766	5986	-	2	1.305725	I:	D:
6100	7161	+	1	1.322696	I:	D:
7734	8780	-	3	1.280599	I:	D:
8785	10707	-	1	1.303303	I:	D:
10712	11350	-	2	1.326395	I:	D:
>YB2_13759
1	798	+	1	1.268398	I:	D:
802	951	-	1	1.284111	I:	D:
1063	2430	+	1	1.328189	I:	D:
2453	3298	+	2	1.311842	I:	D:
3483	3806	+	3	1.274089	I:	D:
3810	4793	+	3	1.329007	I:	D:
4806	5642	+	3	1.324187	I:	D:
5665	5895	+	1	1.342208	I:	D:
5992	6876	-	1	1.276728	I:	D:
7467	7646	+	3	1.379217	I:	D:
7706	7972	-	2	1.374848	I:	D:
7986	8579	-	3	1.311126	I:	D:
8742	9836	-	3	1.312172	I:	D:
10011	11303	+	3	1.307762	I:	D:
>YB2_13816
48	2399	+	3	1.282947	I:	D:
2402	3265	+	2	1.294603	I:	D:
3324	4958	+	3	1.330426	I:	D:
5423	5989	-	2	1.300774	I:	D:
6028	6498	-	1	1.313738	I:	D:
6509	7108	-	2	1.351555	I:	D:
7273	7617	-	1	1.275972	I:	D:
7636	9360	-	1	1.330619	I:	D:
9567	10073	-	3	1.280003	I:	D:
10134	10460	-	3	1.282366	I:	D:
10641	10997	+	3	1.346152	I:	D:
>YB2_13870
1	162	+	1	1.358420	I:	D:
312	1382	-	3	1.310217	I:	D:
1522	3258	-	1	1.307468	I:	D:
3612	4262	-	3	1.323716	I:	D:
4458	4868	+	3	1.348233	I:	D:
5180	6175	-	2	1.322204	I:	D:
6190	6900	-	1	1.321361	I:	D:
7108	7374	+	1	1.263516	I:	D:
7424	8170	-	2	1.316037	I:	D:
8180	9016	-	2	1.339287	I:	D:
9023	9874	-	2	1.341876	I:	D:
9876	10790	-	3	1.300399	I:	D:
11098	11460	+	1	1.422524	I:	D:
11533	12474	-	1	1.311051	I:	D:
12554	13408	-	2	1.325847	I:	D:
13524	14837	-	3	1.284857	I:	D:
14844	15434	-	3	1.286186	I:	D:
15450	15947	-	3	1.335340	I:	D:
15969	16790	-	3	1.320471	I:	D:
16879	17466	-	1	1.317632	I:	D:
17887	18057	-	1	1.384270	I:	D:
18181	19581	+	1	1.348338	I:	D:
19603	20931	+	1	1.321981	I:	D:
20931	23234	+	3	1.332400	I:	D:
23678	24115	-	2	1.308811	I:	D:
24758	25780	+	2	1.321263	I:	D:
25899	26798	+	3	1.314016	I:	D:
26798	27610	+	2	1.304226	I:	D:
27670	28704	+	1	1.308830	I:	D:
28728	28913	+	3	1.269819	I:	D:
28938	29141	+	3	1.329326	I:	D:
29237	31765	-	2	1.320994	I:	D:
31773	32156	-	3	1.316942	I:	D:
32401	32697	+	1	1.383133	I:	D:
32709	33479	-	3	1.324012	I:	D:
33526	34701	-	1	1.336435	I:	D:
34805	35623	+	2	1.305558	I:	D:
35620	36339	+	1	1.307200	I:	D:
36402	37436	-	3	1.317598	I:	D:
37700	38971	+	2	1.311211	I:	D:
38978	39364	+	2	1.305073	I:	D:
39631	39861	+	1	1.385375	I:	D:
40184	41233	-	2	1.323434	I:	D:
41295	41639	-	3	1.329367	I:	D:
41642	44485	-	2	1.330545	I:	D:
44884	48363	-	1	1.298193	I:	D:
48382	49455	-	1	1.318132	I:	D:
49786	56340	-	1	1.311453	I:	D:
56337	56600	-	3	1.300829	I:	D:
56759	56923	+	2	1.261639	I:	D:
57099	65111	+	3	1.326187	I:	D:
65163	66332	+	3	1.300147	I:	D:
66336	66845	+	3	1.322777	I:	D:
66847	68004	+	1	1.295982	I:	D:
68004	69743	+	3	1.335709	I:	D:
69830	71365	-	2	1.327055	I:	D:
71436	72245	-	3	1.305918	I:	D:
72271	73467	-	1	1.315359	I:	D:
73896	74114	-	3	1.412644	I:	D:
74142	74981	-	3	1.300241	I:	D:
75068	76543	-	2	1.316169	I:	D:
76681	77178	-	1	1.314057	I:	D:
77179	77814	-	1	1.333818	I:	D:
77811	79079	-	3	1.324850	I:	D:
79125	79754	-	3	1.310143	I:	D:
79754	81205	-	2	1.303234	I:	D:
81252	82706	-	3	1.319191	I:	D:
82740	83981	-	3	1.317320	I:	D:
83971	84894	-	1	1.308022	I:	D:
84894	85748	-	3	1.325205	I:	D:
86074	87000	-	1	1.287724	I:	D:
87043	89295	-	1	1.321900	I:	D:
89308	89448	-	1	1.251767	I:	D:
89461	90441	-	1	1.307646	I:	D:
90667	91434	+	1	1.314640	I:	D:
91491	91931	+	3	1.328389	I:	D:
91937	92089	+	2	1.378741	I:	D:
92191	92361	+	1	1.340728	I:	D:
92431	94014	+	1	1.309852	I:	D:
94007	95734	+	2	1.320135	I:	D:
95724	96713	+	3	1.297223	I:	D:
96921	98030	+	3	1.308524	I:	D:
98108	99643	+	2	1.310273	I:	D:
99657	100748	+	3	1.315669	I:	D:
100784	101152	+	2	1.330917	I:	D:
101364	102284	+	3	1.333540	I:	D:
102326	103666	-	2	1.327097	I:	D:
103778	103945	-	2	1.391562	I:	D:
104104	105420	-	1	1.309862	I:	D:
105514	106191	-	1	1.334653	I:	D:
106332	107657	+	3	1.327376	I:	D:
107701	110148	-	1	1.292104	I:	D:
110319	111149	+	3	1.311936	I:	D:
111361	111636	+	1	1.351091	I:	D:
111817	114009	+	1	1.329158	I:	D:
114075	118526	-	3	1.309221	I:	D:
118807	119052	+	1	1.336064	I:	D:
119194	120216	+	1	1.334118	I:	D:
120399	120554	-	3	1.286875	I:	D:
120710	122170	+	2	1.316956	I:	D:
122186	123427	+	2	1.298790	I:	D:
123489	123947	-	3	1.317848	I:	D:
123959	124816	-	2	1.349779	I:	D:
124986	125882	+	3	1.339376	I:	D:
126061	127119	+	1	1.305723	I:	D:
127174	128598	-	1	1.341582	I:	D:
128681	129538	-	2	1.314862	I:	D:
129735	130301	+	3	1.330577	I:	D:
130379	130609	+	2	1.313808	I:	D:
130670	131617	+	2	1.339831	I:	D:
131861	132334	-	2	1.259757	I:	D:
132338	132778	-	2	1.339340	I:	D:
132794	135454	-	2	1.292170	I:	D:
135438	136415	-	3	1.306780	I:	D:
136429	137520	-	1	1.287551	I:	D:
137513	138439	-	2	1.325034	I:	D:
138460	140616	-	1	1.301766	I:	D:
140620	141144	-	1	1.334608	I:	D:
141164	143002	-	2	1.324000	I:	D:
143137	144474	-	1	1.330890	I:	D:
144479	145537	-	2	1.321182	I:	D:
145543	146316	-	1	1.320242	I:	D:
146472	149174	-	3	1.308902	I:	D:
149408	149977	+	2	1.288401	I:	D:
150132	150935	+	3	1.313008	I:	D:
150919	152316	+	1	1.316861	I:	D:
152404	153258	+	1	1.299562	I:	D:
153261	154202	+	3	1.328153	I:	D:
154293	154517	-	3	1.245894	I:	D:
154529	156247	-	2	1.327143	I:	D:
156667	156831	-	1	1.256183	I:	D:
156836	157267	-	2	1.350200	I:	D:
157506	158672	-	3	1.289955	I:	D:
158665	159204	-	1	1.285937	I:	D:
159204	160196	-	3	1.288851	I:	D:
160223	161407	-	2	1.289387	I:	D:
161411	162820	-	2	1.299221	I:	D:
162836	163918	-	2	1.269845	I:	D:
163911	164576	-	3	1.275340	I:	D:
164623	164796	+	1	1.293092	I:	D:
164839	166077	-	1	1.301504	I:	D:
166100	167185	-	2	1.266455	I:	D:
167211	168323	-	3	1.273201	I:	D:
168340	169326	-	1	1.269461	I:	D:
169330	170430	-	1	1.256977	I:	D:
170746	170958	-	1	1.267983	I:	D:
171082	171849	-	1	1.294943	I:	D:
171853	173136	-	1	1.263004	I:	D:
173152	173922	-	1	1.296639	I:	D:
173919	174548	-	3	1.315620	I:	D:
174561	175883	-	3	1.307008	I:	D:
176190	176606	-	3	1.284772	I:	D:
176758	177249	-	1	1.263595	I:	D:
178136	178978	+	2	1.308162	I:	D:
179005	179271	+	1	1.238516	I:	D:
179320	181032	+	1	1.318369	I:	D:
181302	181634	+	3	1.310261	I:	D:
181879	186852	+	1	1.301255	I:	D:
187108	187626	-	1	1.279027	I:	D:
187673	188545	-	2	1.267953	I:	D:
188714	189199	-	2	1.274290	I:	D:
189418	190017	+	1	1.305494	I:	D:
190018	191964	+	1	1.312043	I:	D:
192204	193718	-	3	1.310679	I:	D:
193711	195171	-	1	1.325636	I:	D:
195221	196585	-	2	1.324343	I:	D:
196936	197574	-	1	1.366293	I:	D:
197680	198438	-	1	1.348893	I:	D:
198440	199051	-	2	1.321449	I:	D:
199419	200069	-	3	1.315901	I:	D:
200218	201138	-	1	1.306222	I:	D:
201172	201489	+	1	1.331327	I:	D:
201612	202775	+	3	1.320400	I:	D:
203161	204969	+	1	1.320430	I:	D:
205045	206016	+	1	1.341525	I:	D:
206045	206293	+	2	1.286747	I:	D:
206418	207131	-	3	1.336915	I:	D:
207131	208417	-	2	1.311400	I:	D:
208421	209272	-	2	1.324910	I:	D:
209335	210096	-	1	1.291645	I:	D:
210512	211339	-	2	1.326040	I:	D:
211408	212118	-	1	1.340245	I:	D:
212115	213980	-	3	1.331437	I:	D:
213998	215410	-	2	1.312972	I:	D:
215442	216368	-	3	1.325186	I:	D:
216385	217395	-	1	1.309457	I:	D:
217395	217652	-	3	1.355700	I:	D:
217652	217984	-	2	1.317321	I:	D:
218006	218251	-	2	1.368042	I:	D:
218319	219116	+	3	1.315406	I:	D:
219879	220505	+	3	1.335570	I:	D:
220885	222342	-	1	1.319869	I:	D:
222423	223046	+	3	1.274156	I:	D:
223095	223286	+	3	1.247840	I:	D:
223351	223680	-	1	1.321456	I:	D:
223677	224390	-	3	1.321621	I:	D:
224420	224641	-	2	1.324467	I:	D:
224964	226601	-	3	1.323235	I:	D:
226723	229236	-	1	1.325472	I:	D:
229310	229843	-	2	1.279210	I:	D:
229843	230331	-	1	1.275345	I:	D:
230335	232293	-	1	1.319919	I:	D:
232340	232525	-	2	1.308990	I:	D:
232588	233679	-	1	1.287067	I:	D:
233910	235022	-	3	1.298263	I:	D:
235244	236593	-	2	1.296970	I:	D:
236822	237739	+	2	1.285988	I:	D:
237752	238306	+	2	1.319222	I:	D:
238340	239146	+	2	1.299969	I:	D:
239164	239523	+	1	1.276933	I:	D:
239523	239999	+	3	1.272622	I:	D:
240092	240319	+	2	1.271736	I:	D:
240517	241458	-	1	1.312108	I:	D:
241590	242534	-	3	1.311904	I:	D:
242607	243329	-	3	1.329475	I:	D:
243379	244200	-	1	1.315110	I:	D:
244632	244910	+	3	1.288975	I:	D:
244923	245633	+	3	1.350491	I:	D:
245702	246679	-	2	1.310973	I:	D:
246676	246942	-	1	1.316985	I:	D:
247049	248662	-	2	1.340513	I:	D:
248806	250260	-	1	1.329186	I:	D:
250396	251358	-	1	1.339077	I:	D:
251467	251652	+	1	1.330082	I:	D:
251642	252418	+	2	1.307064	I:	D:
252415	253491	+	1	1.338679	I:	D:
253510	254277	+	1	1.290803	I:	D:
254267	255838	+	2	1.342503	I:	D:
255868	257268	+	1	1.330315	I:	D:
257450	258244	+	2	1.327612	I:	D:
258595	260058	+	1	1.306462	I:	D:
260058	260624	+	3	1.344269	I:	D:
260629	261639	+	1	1.313987	I:	D:
261639	262418	+	3	1.326195	I:	D:
262411	262989	+	1	1.303600	I:	D:
262982	264166	+	2	1.339398	I:	D:
264159	264929	+	3	1.309186	I:	D:
265139	265576	+	2	1.332010	I:	D:
265607	266530	+	2	1.298132	I:	D:
266595	268196	-	3	1.321876	I:	D:
268229	269134	-	2	1.344978	I:	D:
269135	270523	-	2	1.329187	I:	D:
270791	273430	+	2	1.331692	I:	D:
273873	274583	+	3	1.305831	I:	D:
274668	275876	+	3	1.324231	I:	D:
276213	276506	+	3	1.270734	I:	D:
276677	277210	+	2	1.273516	I:	D:
277203	277829	+	3	1.275277	I:	D:
277940	278167	+	2	1.293211	I:	D:
278359	278778	+	1	1.273179	I:	D:
278839	279252	+	1	1.304252	I:	D:
279408	279992	+	3	1.320771	I:	D:
280028	280426	+	2	1.320360	I:	D:
280535	280930	+	2	1.301020	I:	D:
281060	281536	-	2	1.310732	I:	D:
281552	282454	-	2	1.342063	I:	D:
282652	284193	+	1	1.316459	I:	D:
284304	285344	+	3	1.322229	I:	D:
285438	286508	+	3	1.339863	I:	D:
286513	287364	+	1	1.326531	I:	D:
287430	289046	+	3	1.323012	I:	D:
289098	289823	+	3	1.325393	I:	D:
289932	291290	-	3	1.323569	I:	D:
291314	292738	-	2	1.335861	I:	D:
293111	294514	-	2	1.319513	I:	D:
294996	295811	-	3	1.325254	I:	D:
295822	296445	-	1	1.315903	I:	D:
296458	297327	-	1	1.304340	I:	D:
297540	298619	+	3	1.323486	I:	D:
298622	299056	+	2	1.294427	I:	D:
299071	300762	+	1	1.320155	I:	D:
300775	302190	+	1	1.349739	I:	D:
302305	303690	-	1	1.337981	I:	D:
303693	305327	-	3	1.323049	I:	D:
305469	306851	+	3	1.344111	I:	D:
306864	307268	+	3	1.324249	I:	D:
307855	308190	-	1	1.315328	I:	D:
308268	309098	+	3	1.333245	I:	D:
309162	310286	+	3	1.303050	I:	D:
310276	310512	+	1	1.311875	I:	D:
310798	310932	+	1	1.345519	I:	D:
311024	311284	-	2	1.387974	I:	D:
311529	311657	+	3	1.419245	I:	D:
311663	311803	+	2	1.389077	I:	D:
312199	312489	+	1	1.442948	I:	D:
312653	312862	+	2	1.408578	I:	D:
313282	313656	-	1	1.436454	I:	D:
314611	314745	+	1	1.381850	I:	D:
314764	315069	-	1	1.445657	I:	D:
315587	315778	+	2	1.451528	I:	D:
316196	316351	-	2	1.383342	I:	D:
316750	317895	-	1	1.317422	I:	D:
318058	319725	+	1	1.300144	I:	D:
319735	320169	+	1	1.281172	I:	D:
320166	320846	+	3	1.303157	I:	D:
320848	321297	+	1	1.325163	I:	D:
321425	322828	-	2	1.322574	I:	D:
323036	323488	+	2	1.310831	I:	D:
323498	325183	+	2	1.283645	I:	D:
325186	327957	+	1	1.299296	I:	D:
327927	328571	+	3	1.315465	I:	D:
>YB2_13874
2	775	+	2	1.286655	I:	D:
768	1445	+	3	1.295495	I:	D:
1445	1918	+	2	1.275428	I:	D:
2173	2622	+	1	1.275998	I:	D:
2635	3183	+	1	1.326809	I:	D:
3176	4174	+	2	1.291733	I:	D:
4221	5441	+	3	1.298317	I:	D:
5480	6661	+	2	1.294308	I:	D:
6719	7276	-	2	1.311206	I:	D:
7521	7793	+	3	1.295758	I:	D:
7809	9449	+	3	1.278565	I:	D:
9528	10910	+	3	1.305582	I:	D:
>YB2_13919
3	341	-	3	1.301301	I:	D:
472	1206	-	1	1.342871	I:	D:
1252	1698	+	1	1.299724	I:	D:
1676	2758	+	2	1.310802	I:	D:
2815	3033	+	1	1.286084	I:	D:
3049	6357	+	1	1.322860	I:	D:
6675	7820	-	3	1.303129	I:	D:
8039	8995	-	2	1.304629	I:	D:
8949	10247	-	3	1.339535	I:	D:
10300	10776	-	1	1.292289	I:	D:
>YB2_13981
325	510	-	1	1.402523	I:	D:
566	1078	-	2	1.261787	I:	D:
1078	3225	-	1	1.299594	I:	D:
3388	3876	+	1	1.300376	I:	D:
3934	4383	-	1	1.292011	I:	D:
4380	5147	-	3	1.314891	I:	D:
5283	6038	+	3	1.292912	I:	D:
6053	7249	+	2	1.289434	I:	D:
7292	8041	-	2	1.281422	I:	D:
8182	8778	-	1	1.281716	I:	D:
8792	10150	-	2	1.294478	I:	D:
10244	10621	-	2	1.350826	I:	D:
>YB2_14153
155	2044	-	2	1.295460	I:	D:
2192	3469	-	2	1.302053	I:	D:
3541	3798	-	1	1.257981	I:	D:
3908	4864	+	2	1.281924	I:	D:
4929	6752	-	3	1.337947	I:	D:
6780	8462	-	3	1.348948	I:	D:
8462	10135	-	2	1.318823	I:	D:
>YB2_14243
182	814	-	2	1.296520	I:	D:
895	2574	-	1	1.326819	I:	D:
2578	5265	-	1	1.320973	I:	D:
5448	6209	+	3	1.286129	I:	D:
6209	7039	+	2	1.326144	I:	D:
7057	7770	+	1	1.311286	I:	D:
7889	9250	+	2	1.310779	I:	D:
9280	9546	+	1	1.253780	I:	D:
9549	9938	+	3	1.289683	I:	D:
>YB2_14267
140	655	+	2	1.324927	I:	D:
750	1163	+	3	1.268312	I:	D:
1464	2438	+	3	1.309106	I:	D:
3064	3480	-	1	1.299827	I:	D:
3502	3930	-	1	1.263001	I:	D:
4001	5137	-	2	1.313303	I:	D:
5164	6192	-	1	1.305210	I:	D:
6353	7441	+	2	1.313432	I:	D:
7478	8368	+	2	1.310283	I:	D:
8390	9142	+	2	1.288576	I:	D:
9234	9881	+	3	1.280121	I:	D:
>YB2_14299
103	921	-	1	1.271149	I:	D:
1060	1482	+	1	1.302073	I:	D:
1488	2273	-	3	1.303651	I:	D:
2373	3470	-	3	1.307776	I:	D:
3586	4839	-	1	1.333893	I:	D:
4852	6867	-	1	1.298391	I:	D:
7006	8301	-	1	1.298340	I:	D:
8371	9075	-	1	1.313957	I:	D:
9092	9721	-	2	1.313551	I:	D:
>YB2_14433
1	624	-	1	1.316383	I:	D:
634	1809	-	1	1.322850	I:	D:
1842	2894	-	3	1.328293	I:	D:
2895	4316	-	3	1.282120	I:	D:
4320	5759	-	3	1.300551	I:	D:
5778	7970	-	3	1.311830	I:	D:
8091	8639	-	3	1.307846	I:	D:
8683	9486	-	1	1.321681	I:	D:
>YB2_14435
3	2291	-	3	1.308380	I:	D:
2293	3381	-	1	1.316896	I:	D:
3368	4714	-	2	1.319663	I:	D:
4799	6139	+	2	1.292568	I:	D:
6132	7115	+	3	1.333307	I:	D:
7233	7601	+	3	1.331648	I:	D:
7609	7767	+	1	1.236368	I:	D:
8020	8373	-	1	1.317442	I:	D:
8428	8625	-	1	1.340212	I:	D:
8645	9172	-	2	1.286947	I:	D:
>YB2_14647
3	1073	+	3	1.313379	I:	D:
1176	1601	-	3	1.312988	I:	D:
1732	1944	+	1	1.275911	I:	D:
1975	2196	+	1	1.289330	I:	D:
2307	4496	+	3	1.310333	I:	D:
4529	4699	+	2	1.291001	I:	D:
4784	5467	+	2	1.271360	I:	D:
5561	6517	-	2	1.315267	I:	D:
6647	7813	+	2	1.286311	I:	D:
7899	8918	+	3	1.315978	I:	D:
>YB2_14656
3	311	-	3	1.299974	I:	D:
295	1344	-	1	1.326541	I:	D:
1319	2770	-	2	1.340169	I:	D:
2826	3503	+	3	1.299138	I:	D:
3500	3877	+	2	1.285145	I:	D:
3970	4128	+	1	1.407219	I:	D:
4285	4479	-	1	1.295657	I:	D:
4610	6967	+	2	1.332490	I:	D:
7049	7318	+	2	1.302859	I:	D:
7318	7962	+	1	1.294912	I:	D:
8567	9010	-	2	1.218552	I:	D:
>YB2_14910
2	448	-	2	1.329472	I:	D:
562	1410	-	1	1.259566	I:	D:
1582	2010	-	1	1.277861	I:	D:
1982	2368	-	2	1.330485	I:	D:
2568	2708	-	3	1.339870	I:	D:
3343	4455	-	1	1.287571	I:	D:
4473	5924	-	3	1.333910	I:	D:
6094	6483	-	1	1.287106	I:	D:
6609	6974	+	3	1.262037	I:	D:
6920	7351	+	2	1.289848	I:	D:
7390	7566	-	1	1.239182	I:	D:
7576	7890	-	1	1.270399	I:	D:
7906	8505	-	1	1.366615	I:	D:
>YB2_14966
3	833	+	3	1.264679	I:	D:
763	4296	+	1	1.280483	I:	D:
4381	4584	+	1	1.415002	I:	D:
4641	5264	+	3	1.325276	I:	D:
5313	5909	+	3	1.314690	I:	D:
5923	6696	-	1	1.277273	I:	D:
6861	7142	-	3	1.237429	I:	D:
7157	7945	-	2	1.306008	I:	D:
8244	8420	+	3	1.353610	I:	D:
>YB2_14977
2	670	-	2	1.305394	I:	D:
686	1111	-	2	1.355651	I:	D:
1316	1852	-	2	1.332902	I:	D:
1866	2558	-	3	1.325096	I:	D:
2551	3759	-	1	1.294898	I:	D:
3775	4893	-	1	1.304398	I:	D:
4923	6383	-	3	1.326462	I:	D:
6411	7187	-	3	1.348363	I:	D:
7191	7964	-	3	1.319267	I:	D:
8159	8407	-	2	1.348732	I:	D:
>YB2_15151
1	645	-	1	1.340465	I:	D:
1017	1844	-	3	1.319618	I:	D:
2071	2331	+	1	1.334694	I:	D:
2377	3348	+	1	1.390002	I:	D:
3606	4289	+	3	1.358538	I:	D:
4324	4539	-	1	1.330398	I:	D:
4559	4996	-	2	1.285133	I:	D:
5208	5573	-	3	1.344912	I:	D:
5579	5770	-	2	1.317992	I:	D:
5871	6170	-	3	1.263095	I:	D:
6200	6535	-	2	1.250859	I:	D:
7034	8059	+	2	1.304608	I:	D:
>YB2_15217
1	1263	-	1	1.293328	I:	D:
1276	2136	-	1	1.309278	I:	D:
2283	3089	-	3	1.303512	I:	D:
3240	5177	+	3	1.324519	I:	D:
5201	6376	+	2	1.298041	I:	D:
6412	7062	+	1	1.327902	I:	D:
7065	7751	+	3	1.288471	I:	D:
7806	7985	-	3	1.332037	I:	D:
>YB2_15238
2	4645	+	2	1.320219	I:	D:
4744	6273	+	1	1.301307	I:	D:
6329	6715	+	2	1.323182	I:	D:
6702	7739	+	3	1.298310	I:	D:
7760	7951	-	2	1.385404	I:	D:
>YB2_15275
148	1005	-	1	1.307556	I:	D:
977	2302	-	2	1.322040	I:	D:
2521	3084	+	1	1.286287	I:	D:
3097	4470	+	1	1.320680	I:	D:
4588	4755	+	1	1.280373	I:	D:
4801	6096	+	1	1.317819	I:	D:
6197	6985	+	2	1.349426	I:	D:
7042	7461	+	1	1.325424	I:	D:
7462	7851	+	1	1.349291	I:	D:
>YB2_15370
3	323	-	3	1.287526	I:	D:
401	727	-	2	1.262888	I:	D:
857	2113	-	2	1.306334	I:	D:
2211	3041	+	3	1.291473	I:	D:
3034	3558	+	1	1.300167	I:	D:
3573	4184	+	3	1.292816	I:	D:
4316	5650	+	2	1.314547	I:	D:
5967	6791	-	3	1.294623	I:	D:
6910	7749	+	1	1.334793	I:	D:
>YB2_15444
239	1648	+	2	1.294967	I:	D:
1780	2124	+	1	1.312575	I:	D:
2252	2569	-	2	1.276436	I:	D:
2718	4442	-	3	1.317880	I:	D:
4544	6070	+	2	1.339319	I:	D:
6074	7270	+	2	1.313824	I:	D:
7277	7648	+	2	1.316677	I:	D:
>YB2_15696
3	167	+	3	1.215805	I:	D:
320	898	+	2	1.281636	I:	D:
949	2361	-	1	1.327013	I:	D:
2664	4559	+	3	1.280149	I:	D:
4681	6534	+	1	1.276763	I:	D:
6596	6817	+	2	1.229716	I:	D:
6818	7348	-	2	1.287457	I:	D:
>YB2_15726
3	482	-	3	1.311181	I:	D:
495	890	-	3	1.312863	I:	D:
905	2275	-	2	1.308151	I:	D:
2475	3404	-	3	1.300812	I:	D:
3444	4730	-	3	1.314030	I:	D:
4814	4963	-	2	1.291755	I:	D:
5105	6118	-	2	1.312808	I:	D:
6132	7313	-	3	1.323727	I:	D:
>YB2_15764
249	1253	-	3	1.299840	I:	D:
1264	1443	-	1	1.294667	I:	D:
1990	2322	+	1	1.348187	I:	D:
2514	3824	+	3	1.323432	I:	D:
4078	5469	+	1	1.316804	I:	D:
5870	7114	-	2	1.291582	I:	D:
7118	7267	-	2	1.269058	I:	D:
>YB2_15782
1	1191	-	1	1.319768	I:	D:
1201	2559	-	1	1.288089	I:	D:
2581	4332	-	1	1.275825	I:	D:
4332	6044	-	3	1.313948	I:	D:
6197	7240	+	2	1.337285	I:	D:
>YB2_15814
2	838	-	2	1.293066	I:	D:
908	1090	-	2	1.388013	I:	D:
1121	1678	-	2	1.297127	I:	D:
1800	3026	+	3	1.283553	I:	D:
3149	3565	-	2	1.283167	I:	D:
3601	4947	-	1	1.307321	I:	D:
5039	6181	-	2	1.275027	I:	D:
6259	7107	+	1	1.306730	I:	D:
>YB2_15983
2	139	+	2	1.310816	I:	D:
210	1586	-	3	1.319643	I:	D:
1654	2286	-	1	1.311344	I:	D:
2482	4455	+	1	1.303690	I:	D:
4469	5605	+	2	1.303007	I:	D:
5716	6999	+	1	1.312583	I:	D:
>YB2_16060
2	466	-	2	1.342511	I:	D:
459	1373	-	3	1.336959	I:	D:
1406	2416	-	2	1.308821	I:	D:
2436	3527	-	3	1.317651	I:	D:
3644	4552	+	2	1.312065	I:	D:
4607	5692	+	2	1.302709	I:	D:
5692	6603	+	1	1.270050	I:	D:
6730	6903	+	1	1.335846	I:	D:
>YB2_16080
2	256	-	2	1.321765	I:	D:
273	1055	-	3	1.251653	I:	D:
1111	1677	-	1	1.238392	I:	D:
1734	1862	-	3	1.202747	I:	D:
1940	2086	+	2	1.245976	I:	D:
2145	2348	+	3	1.256001	I:	D:
2416	2715	+	1	1.348128	I:	D:
2776	3600	+	1	1.251473	I:	D:
3611	4465	+	2	1.270179	I:	D:
4770	6878	+	3	1.319858	I:	D:
>YB2_16220
1	687	+	1	1.262438	I:	D:
960	1694	-	3	1.305147	I:	D:
1691	2953	-	2	1.301917	I:	D:
3137	3319	+	2	1.298078	I:	D:
3404	4906	-	2	1.319519	I:	D:
4906	6009	-	1	1.332851	I:	D:
6333	6725	-	3	1.339885	I:	D:
>YB2_16273
3	1481	-	3	1.316002	I:	D:
1495	1641	-	1	1.303472	I:	D:
1662	3188	-	3	1.315008	I:	D:
3224	4429	-	2	1.303553	I:	D:
4512	5513	+	3	1.314547	I:	D:
5560	6648	-	1	1.316172	I:	D:
>YB2_16314
2	301	-	2	1.280050	I:	D:
301	1605	-	1	1.286941	I:	D:
1598	2176	-	2	1.311025	I:	D:
2167	2706	-	1	1.284897	I:	D:
2709	3170	-	3	1.256688	I:	D:
3175	4062	-	1	1.291387	I:	D:
4064	4735	-	2	1.282978	I:	D:
4938	6068	-	3	1.300413	I:	D:
6102	6482	-	3	1.301282	I:	D:
>YB2_16408
2	640	+	2	1.300170	I:	D:
645	1967	+	3	1.305861	I:	D:
2046	2975	+	3	1.310843	I:	D:
3024	3254	+	3	1.393225	I:	D:
3425	4891	+	2	1.319763	I:	D:
4896	5666	+	3	1.314168	I:	D:
5668	6327	+	1	1.330564	I:	D:
>YB2_16683
232	2313	-	1	1.314340	I:	D:
2418	3023	+	3	1.321211	I:	D:
3080	4288	+	2	1.303354	I:	D:
4299	4808	+	3	1.308299	I:	D:
5047	5448	-	1	1.295012	I:	D:
5566	6285	-	1	1.306105	I:	D:
>YB2_16795
66	293	-	3	1.279384	I:	D:
362	829	+	2	1.348079	I:	D:
946	1485	+	1	1.323208	I:	D:
1610	2062	-	2	1.291086	I:	D:
2364	3881	+	3	1.329695	I:	D:
3975	4286	-	3	1.277794	I:	D:
4290	5162	-	3	1.310113	I:	D:
5361	6116	+	3	1.322356	I:	D:
>YB2_16803
1	1068	+	1	1.309335	I:	D:
1081	2031	+	1	1.304759	I:	D:
2035	2652	+	1	1.292986	I:	D:
2654	3343	+	2	1.312434	I:	D:
3343	3921	+	1	1.281121	I:	D:
3936	4739	+	3	1.346317	I:	D:
4756	5880	+	1	1.316679	I:	D:
5929	6156	+	1	1.402553	I:	D:
>YB2_17056
1	723	-	1	1.371895	I:	D:
734	2497	-	2	1.307156	I:	D:
2591	3538	-	2	1.346513	I:	D:
3538	3978	-	1	1.279332	I:	D:
4040	4966	+	2	1.323128	I:	D:
4976	5827	+	2	1.344746	I:	D:
>YB2_17080
281	1828	+	2	1.352612	I:	D:
1842	2822	+	3	1.306874	I:	D:
2958	4325	+	3	1.284277	I:	D:
4437	5483	+	3	1.290530	I:	D:
5568	5729	+	3	1.282613	I:	D:
>YB2_17228
3	374	+	3	1.300882	I:	D:
375	632	+	3	1.256700	I:	D:
729	2003	+	3	1.305686	I:	D:
2003	3277	+	2	1.306491	I:	D:
3280	4266	+	1	1.319342	I:	D:
4250	5107	+	2	1.303589	I:	D:
5125	5598	+	1	1.318238	I:	D:
5707	5847	+	1	1.410180	I:	D:
>YB2_17263
2	175	+	2	1.353284	I:	D:
207	1211	+	3	1.303003	I:	D:
1223	2197	+	2	1.322340	I:	D:
2210	2839	+	2	1.297579	I:	D:
2909	3082	-	2	1.337183	I:	D:
3303	5819	-	3	1.309140	I:	D:
>YB2_17314
2	526	-	2	1.292804	I:	D:
918	1160	+	3	1.309509	I:	D:
1180	1479	+	1	1.296154	I:	D:
1647	3014	+	3	1.333235	I:	D:
3089	3481	-	2	1.299663	I:	D:
3651	3953	-	3	1.299450	I:	D:
3956	4663	-	2	1.292346	I:	D:
5110	5781	-	1	1.303544	I:	D:
>YB2_17497
2	313	-	2	1.313027	I:	D:
366	842	-	3	1.305318	I:	D:
820	2511	-	1	1.308626	I:	D:
2882	5647	+	2	1.318031	I:	D:
>YB2_17531
1	516	+	1	1.251618	I:	D:
513	1142	+	3	1.242675	I:	D:
1139	1795	+	2	1.225034	I:	D:
1810	2415	+	1	1.196630	I:	D:
2603	3889	-	2	1.345035	I:	D:
3889	4758	-	1	1.362581	I:	D:
4852	5616	-	1	1.298466	I:	D:
>YB2_17843
97	1761	-	1	1.282155	I:	D:
1766	2476	-	2	1.298224	I:	D:
2490	3962	-	3	1.319710	I:	D:
3974	5395	-	2	1.280305	I:	D:
>YB2_18000
2	1192	+	2	1.283371	I:	D:
1200	1781	+	3	1.283971	I:	D:
1799	3073	+	2	1.301494	I:	D:
3196	3519	+	1	1.279530	I:	D:
3509	4240	+	2	1.276184	I:	D:
4241	5122	+	2	1.312303	I:	D:
>YB2_18038
1	636	+	1	1.285205	I:	D:
759	2378	+	3	1.310570	I:	D:
2441	3190	-	2	1.318063	I:	D:
3183	4235	-	3	1.300841	I:	D:
4275	4679	-	3	1.287965	I:	D:
4682	5257	-	2	1.274753	I:	D:
>YB2_18111
2	220	+	2	1.419587	I:	D:
344	565	+	2	1.258607	I:	D:
739	1254	+	1	1.310274	I:	D:
1247	1732	+	2	1.301548	I:	D:
1736	1885	+	2	1.259329	I:	D:
1926	2303	+	3	1.276953	I:	D:
2558	2836	+	2	1.301824	I:	D:
3373	4266	+	1	1.295187	I:	D:
4241	5212	+	2	1.349201	I:	D:
>YB2_18507
1	264	-	1	1.293435	I:	D:
264	719	-	3	1.336947	I:	D:
1247	1876	-	2	1.258827	I:	D:
1891	2526	-	1	1.273374	I:	D:
2673	4070	+	3	1.340819	I:	D:
4177	4737	-	1	1.288596	I:	D:
4730	4978	-	2	1.294586	I:	D:
>YB2_18826
2	757	-	2	1.311547	I:	D:
770	2869	-	2	1.322502	I:	D:
2883	4016	-	3	1.312971	I:	D:
4142	4822	-	2	1.328148	I:	D:
>YB2_19119
153	1529	+	3	1.293878	I:	D:
1594	2811	-	1	1.294560	I:	D:
2892	4376	-	3	1.319692	I:	D:
4519	4677	-	1	1.283186	I:	D:
>YB2_19278
1	159	+	1	1.401466	I:	D:
171	338	-	3	1.278001	I:	D:
351	827	-	3	1.275290	I:	D:
824	1666	-	2	1.321348	I:	D:
1659	2348	-	3	1.326903	I:	D:
2359	3474	-	1	1.270414	I:	D:
3508	3819	-	1	1.273007	I:	D:
3841	4329	-	1	1.282765	I:	D:
>YB2_19420
3	1322	-	3	1.307152	I:	D:
1554	2966	+	3	1.328619	I:	D:
2983	3903	+	1	1.287192	I:	D:
4131	4523	-	3	1.298953	I:	D:
>YB2_20297
25	708	-	1	1.307051	I:	D:
730	1557	-	1	1.256481	I:	D:
1554	2525	-	3	1.291603	I:	D:
2539	4098	-	1	1.282991	I:	D:
