>Y6.M037_1
289	810	-	1	1.321616	I:	D:
1144	1332	+	1	1.271899	I:	D:
1345	2433	+	1	1.345744	I:	D:
2433	2780	+	3	1.342757	I:	D:
2992	3576	+	1	1.345069	I:	D:
3583	3741	+	1	1.348580	I:	D:
3784	4947	+	1	1.334063	I:	D:
4967	5128	+	2	1.346338	I:	D:
5300	6907	+	2	1.326071	I:	D:
6980	7234	-	2	1.308457	I:	D:
7340	7768	+	2	1.287251	I:	D:
7964	9367	+	2	1.293571	I:	D:
9367	10539	+	1	1.311464	I:	D:
10557	11261	+	3	1.295470	I:	D:
11847	12050	+	3	1.255200	I:	D:
12235	15840	+	1	1.305773	I:	D:
15845	17314	+	2	1.292325	I:	D:
17327	18715	+	2	1.302071	I:	D:
18727	18885	+	1	1.329114	I:	D:
18934	19152	-	1	1.348926	I:	D:
19666	21144	-	1	1.339689	I:	D:
21293	22693	+	2	1.335268	I:	D:
22824	23471	+	3	1.349683	I:	D:
23489	25396	+	2	1.357430	I:	D:
25409	26371	+	2	1.337395	I:	D:
26423	27331	+	2	1.374299	I:	D:
27348	28223	+	3	1.348592	I:	D:
28240	29205	+	1	1.349401	I:	D:
29236	29490	+	1	1.334775	I:	D:
29515	29757	+	1	1.345138	I:	D:
29820	33287	+	3	1.334815	I:	D:
33501	34475	+	3	1.337751	I:	D:
34650	35000	+	3	1.335596	I:	D:
35000	36043	+	2	1.350344	I:	D:
36261	36752	+	3	1.303767	I:	D:
36783	38735	+	3	1.330459	I:	D:
39015	39152	+	3	1.278285	I:	D:
39398	39640	+	2	1.260671	I:	D:
40035	40685	-	3	1.339354	I:	D:
40818	41474	-	3	1.302442	I:	D:
41898	43145	+	3	1.338439	I:	D:
43210	43749	+	1	1.351028	I:	D:
43746	46037	+	3	1.328475	I:	D:
46037	48403	+	2	1.334902	I:	D:
48529	48939	+	1	1.326260	I:	D:
48974	50056	+	2	1.328756	I:	D:
50352	51290	+	3	1.322168	I:	D:
>Y6.M037_2
3	1049	-	3	1.330924	I:	D:
982	1749	-	1	1.337376	I:	D:
2157	2333	+	3	1.329901	I:	D:
2475	2915	-	3	1.373437	I:	D:
2890	3156	-	1	1.345796	I:	D:
3183	3671	-	3	1.310622	I:	D:
3682	4059	-	1	1.304083	I:	D:
4061	4300	-	2	1.316854	I:	D:
4306	4626	-	1	1.347721	I:	D:
4717	5046	-	1	1.328151	I:	D:
5043	5228	-	3	1.354033	I:	D:
5382	5588	-	3	1.296931	I:	D:
5852	6337	-	2	1.326776	I:	D:
>Y6.M037_3
2	175	-	2	1.315092	I:	D:
364	1140	-	1	1.337586	I:	D:
1585	1761	+	1	1.321590	I:	D:
1947	2753	-	3	1.337582	I:	D:
2763	3782	-	3	1.349015	I:	D:
3817	4758	-	1	1.326860	I:	D:
4803	5579	-	3	1.341514	I:	D:
5576	6640	-	2	1.340263	I:	D:
6647	7648	-	2	1.313125	I:	D:
8320	10095	+	1	1.316809	I:	D:
10354	10500	+	1	1.310974	I:	D:
10497	10637	+	3	1.324570	I:	D:
10752	11762	-	3	1.339233	I:	D:
11781	12473	-	3	1.340244	I:	D:
12580	12810	-	1	1.384672	I:	D:
>Y6.M037_4
1	768	+	1	1.345855	I:	D:
928	1347	+	1	1.345882	I:	D:
1399	3957	+	1	1.334811	I:	D:
4143	4376	-	3	1.387307	I:	D:
4689	5018	+	3	1.308633	I:	D:
5035	5415	+	1	1.356983	I:	D:
5524	6264	+	1	1.307077	I:	D:
6280	6810	+	1	1.331083	I:	D:
6879	7439	+	3	1.332024	I:	D:
7452	7598	-	3	1.305384	I:	D:
7728	8618	+	3	1.330449	I:	D:
8615	9448	+	2	1.342432	I:	D:
9492	10946	+	3	1.316353	I:	D:
10958	12280	+	2	1.343164	I:	D:
12277	12876	+	1	1.346273	I:	D:
12873	13682	+	3	1.348249	I:	D:
13813	15225	+	1	1.331312	I:	D:
15286	16704	-	1	1.316607	I:	D:
16803	17702	+	3	1.286302	I:	D:
17737	17865	+	1	1.290526	I:	D:
17986	19377	-	1	1.325729	I:	D:
19355	19681	+	2	1.388274	I:	D:
19719	20603	-	3	1.342758	I:	D:
20773	21831	+	1	1.326166	I:	D:
21880	22482	+	1	1.302905	I:	D:
22620	22754	-	3	1.289459	I:	D:
22910	23485	+	2	1.291821	I:	D:
23537	25042	+	2	1.342059	I:	D:
25077	25469	+	3	1.336150	I:	D:
25604	26218	+	2	1.322394	I:	D:
26264	28030	+	2	1.330719	I:	D:
28532	29596	+	2	1.314142	I:	D:
29793	30587	+	3	1.335889	I:	D:
30580	31383	+	1	1.330277	I:	D:
31359	32147	+	3	1.325234	I:	D:
32164	32913	+	1	1.317010	I:	D:
32968	34404	+	1	1.343885	I:	D:
34423	36210	+	1	1.328218	I:	D:
36207	37715	+	3	1.342616	I:	D:
37739	39220	+	2	1.366944	I:	D:
39451	39729	+	1	1.353254	I:	D:
39789	40217	+	3	1.320700	I:	D:
40560	42428	+	3	1.338298	I:	D:
42448	43122	+	1	1.303688	I:	D:
43163	43351	-	2	1.349413	I:	D:
43115	44290	+	2	1.330873	I:	D:
44312	45667	+	2	1.320683	I:	D:
45681	47120	+	3	1.339556	I:	D:
47284	47592	+	1	1.317427	I:	D:
47595	47933	+	3	1.315287	I:	D:
47937	48227	+	3	1.351133	I:	D:
48260	49666	+	2	1.314477	I:	D:
49691	49987	+	2	1.324540	I:	D:
50009	50617	+	2	1.343198	I:	D:
50639	51256	+	2	1.321214	I:	D:
51261	51617	+	3	1.292317	I:	D:
51856	53604	+	1	1.350176	I:	D:
53657	55396	+	2	1.326936	I:	D:
55653	56378	+	3	1.353192	I:	D:
56514	57569	+	3	1.320771	I:	D:
57645	58058	+	3	1.316959	I:	D:
58291	58611	-	1	1.318983	I:	D:
58703	59467	+	2	1.334909	I:	D:
59567	60211	-	2	1.309998	I:	D:
60214	60366	-	1	1.358229	I:	D:
60441	60929	-	3	1.328696	I:	D:
>Y6.M037_5
2	820	-	2	1.320775	I:	D:
980	1126	+	2	1.349573	I:	D:
1235	1981	-	2	1.328951	I:	D:
2082	3239	-	3	1.323315	I:	D:
3236	4042	-	2	1.329502	I:	D:
4039	4806	-	1	1.328600	I:	D:
4822	5580	-	1	1.354768	I:	D:
5712	5864	+	3	1.331395	I:	D:
6140	7171	-	2	1.356037	I:	D:
7495	8142	-	1	1.372252	I:	D:
8176	11385	-	1	1.327349	I:	D:
11385	12479	-	3	1.346974	I:	D:
12674	13963	+	2	1.347278	I:	D:
14127	14912	+	3	1.325225	I:	D:
14973	17372	-	3	1.345007	I:	D:
17545	18798	-	1	1.328131	I:	D:
18817	19962	-	1	1.364837	I:	D:
19970	20404	-	2	1.328622	I:	D:
20397	21308	-	3	1.323715	I:	D:
21314	22111	-	2	1.304606	I:	D:
22214	23086	-	2	1.370323	I:	D:
23091	23750	-	3	1.337606	I:	D:
23776	24369	-	1	1.309195	I:	D:
24453	25244	-	3	1.340132	I:	D:
25384	27000	-	1	1.345604	I:	D:
27169	28011	+	1	1.324397	I:	D:
28186	29370	+	1	1.337935	I:	D:
29611	29949	-	1	1.353318	I:	D:
30215	30592	-	2	1.336364	I:	D:
30802	31464	+	1	1.334192	I:	D:
31468	32058	-	1	1.342805	I:	D:
32418	32582	-	3	1.351146	I:	D:
32664	32843	-	3	1.307417	I:	D:
32893	33078	-	1	1.307390	I:	D:
33164	33640	-	2	1.304031	I:	D:
33703	34518	-	1	1.318821	I:	D:
34729	35682	-	1	1.338035	I:	D:
35666	37564	-	2	1.312126	I:	D:
37623	39044	-	3	1.315720	I:	D:
39224	40078	+	2	1.329425	I:	D:
40923	42665	-	3	1.349409	I:	D:
42901	43272	-	1	1.335691	I:	D:
43293	43637	+	3	1.392915	I:	D:
43680	44333	-	3	1.336106	I:	D:
44372	44554	+	2	1.376656	I:	D:
44634	45170	-	3	1.328890	I:	D:
45276	45890	-	3	1.344097	I:	D:
45902	46270	-	2	1.295736	I:	D:
46402	46662	-	1	1.326914	I:	D:
>Y6.M037_6
1	798	-	1	1.312497	I:	D:
1004	2638	+	2	1.343013	I:	D:
3125	4498	+	2	1.331817	I:	D:
4509	5441	+	3	1.330503	I:	D:
5449	6573	+	1	1.322505	I:	D:
6567	7667	+	3	1.318550	I:	D:
7691	10159	+	2	1.333217	I:	D:
10173	11267	+	3	1.317361	I:	D:
11294	14014	+	2	1.319902	I:	D:
14054	15520	+	2	1.333074	I:	D:
15529	16254	+	1	1.312627	I:	D:
16431	18398	+	3	1.330780	I:	D:
18516	19616	+	3	1.327899	I:	D:
19785	19973	+	3	1.300816	I:	D:
20184	21005	+	3	1.332922	I:	D:
21072	22262	-	3	1.347140	I:	D:
22543	23364	+	1	1.305500	I:	D:
23388	24116	+	3	1.323074	I:	D:
24103	24825	+	1	1.326238	I:	D:
24880	25662	+	1	1.322873	I:	D:
25736	26020	+	2	1.328889	I:	D:
26119	26550	+	1	1.337819	I:	D:
26815	27462	+	1	1.340192	I:	D:
27455	28300	+	2	1.336472	I:	D:
28403	29995	+	2	1.338438	I:	D:
29999	30178	+	2	1.369206	I:	D:
30255	31424	+	3	1.325536	I:	D:
31434	32882	+	3	1.347309	I:	D:
32979	33254	+	3	1.347903	I:	D:
33281	33931	-	2	1.333147	I:	D:
34089	34916	+	3	1.343241	I:	D:
34913	37210	+	2	1.345384	I:	D:
37276	37500	+	1	1.345328	I:	D:
37558	38493	+	1	1.308888	I:	D:
38839	39390	-	1	1.333971	I:	D:
39395	39652	-	2	1.351208	I:	D:
40041	40250	+	3	1.394682	I:	D:
40264	40530	+	1	1.336588	I:	D:
40576	40953	+	1	1.370902	I:	D:
40972	41817	-	1	1.348579	I:	D:
41868	42440	-	3	1.339786	I:	D:
42437	43015	-	2	1.319269	I:	D:
43200	43475	+	3	1.328970	I:	D:
43497	43754	+	3	1.325805	I:	D:
44284	45717	+	1	1.331652	I:	D:
45837	47087	+	3	1.352876	I:	D:
47270	49189	-	2	1.364032	I:	D:
49509	50588	+	3	1.328373	I:	D:
50674	51141	+	1	1.309246	I:	D:
51157	52680	+	1	1.322864	I:	D:
52673	53761	+	2	1.356690	I:	D:
53772	55838	+	3	1.362309	I:	D:
55860	56987	+	3	1.333374	I:	D:
56975	57820	+	2	1.341273	I:	D:
57860	59377	+	2	1.334382	I:	D:
59526	60551	+	3	1.351154	I:	D:
60652	61134	+	1	1.368889	I:	D:
61315	62997	+	1	1.313963	I:	D:
63237	64724	+	3	1.324406	I:	D:
64848	65711	+	3	1.311392	I:	D:
65763	65930	+	3	1.349236	I:	D:
66037	68151	+	1	1.330782	I:	D:
68503	70077	+	1	1.337016	I:	D:
70270	71043	+	1	1.344141	I:	D:
71147	71797	+	2	1.325354	I:	D:
72193	73593	+	1	1.333381	I:	D:
73603	75012	+	1	1.336338	I:	D:
75117	76289	+	3	1.337808	I:	D:
76392	76553	+	3	1.356883	I:	D:
76645	77247	+	1	1.328152	I:	D:
77274	78182	-	3	1.350481	I:	D:
78179	78517	-	2	1.306442	I:	D:
78745	79104	+	1	1.337668	I:	D:
79333	80331	+	1	1.353203	I:	D:
80351	81322	+	2	1.354083	I:	D:
81319	82203	+	1	1.352386	I:	D:
82276	83934	-	1	1.347794	I:	D:
84084	85076	+	3	1.348122	I:	D:
85100	86545	+	2	1.341838	I:	D:
86547	87584	+	3	1.370835	I:	D:
87577	88704	+	1	1.335356	I:	D:
88701	89393	+	3	1.335983	I:	D:
89398	90696	+	1	1.340026	I:	D:
90686	91630	+	2	1.341808	I:	D:
91627	92004	+	1	1.311539	I:	D:
91994	93688	+	2	1.353997	I:	D:
93837	94391	+	3	1.311547	I:	D:
94410	95222	+	3	1.337595	I:	D:
95330	96130	+	2	1.339432	I:	D:
96124	97194	+	1	1.330024	I:	D:
97208	98431	+	2	1.342213	I:	D:
98477	99331	+	2	1.369300	I:	D:
99357	101258	+	3	1.332902	I:	D:
101272	102045	+	1	1.329928	I:	D:
102074	103135	+	2	1.364788	I:	D:
103263	104603	+	3	1.349861	I:	D:
104699	105544	+	2	1.346473	I:	D:
105559	106500	+	1	1.339327	I:	D:
106593	106784	+	3	1.331268	I:	D:
106812	108473	+	3	1.324871	I:	D:
108533	109534	+	2	1.344305	I:	D:
109558	110406	+	1	1.350162	I:	D:
110434	111393	+	1	1.372963	I:	D:
111496	112107	+	1	1.353744	I:	D:
112108	112851	+	1	1.352419	I:	D:
112854	114221	+	3	1.341183	I:	D:
114348	115226	+	3	1.351098	I:	D:
115521	116555	+	3	1.358805	I:	D:
116578	117177	-	1	1.322250	I:	D:
117371	117988	+	2	1.360621	I:	D:
118035	119363	+	3	1.335664	I:	D:
119465	120916	+	2	1.324158	I:	D:
120935	122836	+	2	1.346508	I:	D:
122833	123366	+	1	1.350419	I:	D:
123619	123951	+	1	1.343764	I:	D:
124192	124515	+	1	1.284468	I:	D:
124591	124773	+	1	1.347671	I:	D:
124791	125384	+	3	1.317610	I:	D:
125402	125785	+	2	1.331398	I:	D:
125849	125977	-	2	1.376160	I:	D:
126200	127291	+	2	1.326517	I:	D:
127376	129037	+	2	1.343412	I:	D:
129080	130786	+	2	1.331534	I:	D:
130938	132023	+	3	1.325654	I:	D:
132020	133180	+	2	1.317764	I:	D:
133317	134558	+	3	1.344524	I:	D:
134621	135508	-	2	1.374481	I:	D:
135690	135875	-	3	1.335474	I:	D:
135895	136041	+	1	1.352282	I:	D:
136119	137228	+	3	1.328451	I:	D:
137231	137689	+	2	1.361777	I:	D:
137815	139359	+	1	1.324072	I:	D:
139378	139530	+	1	1.333537	I:	D:
139644	140615	+	3	1.333550	I:	D:
140776	141123	+	1	1.370003	I:	D:
141177	141344	+	3	1.392657	I:	D:
141364	141594	+	1	1.338925	I:	D:
141839	142642	-	2	1.334311	I:	D:
142738	144675	+	1	1.337087	I:	D:
144692	145225	+	2	1.333763	I:	D:
145259	145477	-	2	1.367042	I:	D:
145530	146144	+	3	1.325190	I:	D:
146535	146765	-	3	1.321442	I:	D:
146918	147289	+	2	1.363731	I:	D:
147569	148135	+	2	1.337173	I:	D:
148139	149314	+	2	1.328894	I:	D:
149295	150929	+	3	1.344652	I:	D:
151104	151715	+	3	1.318737	I:	D:
151715	152203	+	2	1.348527	I:	D:
152359	152751	-	1	1.396083	I:	D:
153875	154042	+	2	1.364500	I:	D:
154060	154980	-	1	1.338444	I:	D:
155002	156414	-	1	1.345489	I:	D:
156433	157575	-	1	1.313802	I:	D:
157860	158099	+	3	1.356792	I:	D:
158102	159835	+	2	1.344399	I:	D:
159836	161017	+	2	1.332159	I:	D:
161040	162497	+	3	1.344685	I:	D:
162534	162692	+	3	1.355720	I:	D:
163119	164873	-	3	1.333092	I:	D:
164883	166670	-	3	1.335987	I:	D:
166683	167060	-	3	1.323206	I:	D:
167140	167697	-	1	1.335905	I:	D:
167703	168197	-	3	1.322331	I:	D:
168373	168771	+	1	1.353079	I:	D:
168771	169196	+	3	1.319785	I:	D:
169221	170627	+	3	1.349849	I:	D:
170624	170959	+	2	1.322187	I:	D:
171015	171668	+	3	1.345675	I:	D:
171844	172938	+	1	1.344337	I:	D:
173093	174448	-	2	1.336905	I:	D:
174463	174963	-	1	1.327698	I:	D:
174956	175846	-	2	1.333448	I:	D:
175857	178283	-	3	1.336105	I:	D:
178707	179915	+	3	1.334475	I:	D:
180073	180639	+	1	1.329403	I:	D:
180829	181977	+	1	1.322185	I:	D:
182244	183332	+	3	1.335106	I:	D:
183644	183808	+	2	1.358984	I:	D:
184041	184835	+	3	1.345865	I:	D:
184893	185498	+	3	1.337318	I:	D:
185524	186285	+	1	1.345619	I:	D:
186391	187074	+	1	1.344120	I:	D:
187079	187912	+	2	1.330962	I:	D:
188049	189329	+	3	1.353252	I:	D:
189438	189992	-	3	1.349064	I:	D:
189928	190128	+	1	1.338931	I:	D:
190368	191450	+	3	1.334170	I:	D:
191532	192206	+	3	1.341280	I:	D:
192272	193882	+	2	1.311961	I:	D:
194040	195068	-	3	1.332870	I:	D:
195438	196445	+	3	1.357352	I:	D:
196616	197605	+	2	1.347528	I:	D:
197734	199017	+	1	1.326367	I:	D:
199033	200472	+	1	1.339083	I:	D:
200715	201017	+	3	1.326544	I:	D:
201155	201631	+	2	1.295002	I:	D:
201643	202110	+	1	1.332897	I:	D:
202107	202439	+	3	1.324457	I:	D:
202454	203299	+	2	1.332920	I:	D:
203325	203465	+	3	1.308149	I:	D:
203685	203897	+	3	1.364244	I:	D:
203982	204170	+	3	1.358755	I:	D:
204205	204336	-	1	1.328099	I:	D:
204462	205868	+	3	1.340313	I:	D:
205949	207199	+	2	1.331203	I:	D:
207266	208090	+	2	1.336636	I:	D:
208104	208418	+	3	1.326402	I:	D:
208897	210207	+	1	1.325153	I:	D:
>Y6.M037_7
3	155	+	3	1.321611	I:	D:
160	3126	+	1	1.337421	I:	D:
3249	4919	+	3	1.326935	I:	D:
4999	6537	+	1	1.349929	I:	D:
6559	7950	+	1	1.338160	I:	D:
7972	9981	+	1	1.354131	I:	D:
10046	10522	+	2	1.328347	I:	D:
10524	11465	+	3	1.338450	I:	D:
11469	12188	+	3	1.363600	I:	D:
12181	13518	+	1	1.345392	I:	D:
13559	14605	+	2	1.341229	I:	D:
14612	15355	+	2	1.333950	I:	D:
15352	17604	+	1	1.333641	I:	D:
17620	18519	+	1	1.354721	I:	D:
18497	19189	+	2	1.320489	I:	D:
19186	19842	+	1	1.348032	I:	D:
19962	20558	+	3	1.310856	I:	D:
20750	22042	+	2	1.317867	I:	D:
22124	23869	-	2	1.327496	I:	D:
24102	25025	+	3	1.339488	I:	D:
25060	25683	+	1	1.326222	I:	D:
25714	26031	+	1	1.307580	I:	D:
26105	27445	+	2	1.330879	I:	D:
27429	27971	+	3	1.296028	I:	D:
27973	29220	+	1	1.340162	I:	D:
29241	30554	+	3	1.332651	I:	D:
30558	30905	+	3	1.357437	I:	D:
30910	31812	+	1	1.341942	I:	D:
31825	32226	+	1	1.305195	I:	D:
32545	32730	-	1	1.368039	I:	D:
32961	33362	+	3	1.306366	I:	D:
33376	35055	+	1	1.310118	I:	D:
35063	37129	+	2	1.338733	I:	D:
37484	37705	+	2	1.344038	I:	D:
37705	38775	+	1	1.309494	I:	D:
38839	39720	+	1	1.325893	I:	D:
39713	40486	+	2	1.325097	I:	D:
40527	41690	+	3	1.331342	I:	D:
41683	42372	+	1	1.315137	I:	D:
42490	42804	-	1	1.310586	I:	D:
42899	43885	-	2	1.358312	I:	D:
44107	45804	+	1	1.333908	I:	D:
45916	47148	+	1	1.343299	I:	D:
47166	47975	+	3	1.331629	I:	D:
48013	48582	+	1	1.308658	I:	D:
48638	49162	+	2	1.369426	I:	D:
49387	50274	+	1	1.343841	I:	D:
50309	51070	+	2	1.350674	I:	D:
51088	53151	+	1	1.340683	I:	D:
53220	53891	+	3	1.325789	I:	D:
53948	54649	-	2	1.327069	I:	D:
54651	55553	-	3	1.346229	I:	D:
56449	57660	+	1	1.335700	I:	D:
57866	58972	+	2	1.348577	I:	D:
58956	60737	+	3	1.338275	I:	D:
60730	61485	+	1	1.342190	I:	D:
61641	63071	+	3	1.321987	I:	D:
63146	65029	+	2	1.335450	I:	D:
65056	66705	+	1	1.327625	I:	D:
66962	68554	+	2	1.308230	I:	D:
68582	69547	+	2	1.321494	I:	D:
69547	70407	+	1	1.335901	I:	D:
70424	71821	+	2	1.343297	I:	D:
71818	72927	+	1	1.324585	I:	D:
72955	74442	+	1	1.338790	I:	D:
74452	76302	+	1	1.344305	I:	D:
76311	78071	+	3	1.355904	I:	D:
78101	80281	+	2	1.331720	I:	D:
80352	81773	-	3	1.343385	I:	D:
81964	82968	+	1	1.324371	I:	D:
83186	84202	+	2	1.315776	I:	D:
84227	84673	+	2	1.328212	I:	D:
84686	86218	+	2	1.312556	I:	D:
86248	87783	+	1	1.327076	I:	D:
87905	88111	+	2	1.377878	I:	D:
88341	88475	+	3	1.309956	I:	D:
88650	88994	+	3	1.358311	I:	D:
89003	91648	+	2	1.326134	I:	D:
91681	92496	-	1	1.346855	I:	D:
92460	93017	+	3	1.367762	I:	D:
93097	93555	+	1	1.302667	I:	D:
93555	94151	+	3	1.343975	I:	D:
94138	94935	+	1	1.336021	I:	D:
95012	95311	+	2	1.311913	I:	D:
95390	96754	+	2	1.323283	I:	D:
96780	97964	+	3	1.335203	I:	D:
98055	99422	-	3	1.360230	I:	D:
99540	100568	+	3	1.317142	I:	D:
100658	101851	+	2	1.328012	I:	D:
101964	102098	+	3	1.382323	I:	D:
102164	102691	+	2	1.388158	I:	D:
102695	102877	+	2	1.381346	I:	D:
103089	103820	+	3	1.344158	I:	D:
103833	104975	+	3	1.338672	I:	D:
105102	106703	-	3	1.329878	I:	D:
106736	108580	-	2	1.324695	I:	D:
108782	110113	+	2	1.317267	I:	D:
110179	111087	+	1	1.328374	I:	D:
111100	111927	+	1	1.337164	I:	D:
111977	113155	+	2	1.327610	I:	D:
113266	114657	+	1	1.342279	I:	D:
114731	115663	+	2	1.317493	I:	D:
115663	116790	+	1	1.331953	I:	D:
116800	117756	+	1	1.346385	I:	D:
117889	118503	+	1	1.356591	I:	D:
118542	118691	+	3	1.345223	I:	D:
118704	119393	+	3	1.338553	I:	D:
119739	120308	+	3	1.332538	I:	D:
120382	121878	+	1	1.327213	I:	D:
121937	122641	+	2	1.316842	I:	D:
122807	124243	+	2	1.330184	I:	D:
124262	125527	+	2	1.328821	I:	D:
125531	125896	+	2	1.316295	I:	D:
126034	126237	+	1	1.337467	I:	D:
126338	127327	+	2	1.315559	I:	D:
127347	127973	+	3	1.314229	I:	D:
127990	128373	+	1	1.321957	I:	D:
128496	129104	+	3	1.324946	I:	D:
129088	129672	+	1	1.339448	I:	D:
129687	130589	-	3	1.346695	I:	D:
130629	131507	-	3	1.341318	I:	D:
131680	132579	+	1	1.328658	I:	D:
132644	133525	-	2	1.344497	I:	D:
133545	134621	-	3	1.337105	I:	D:
134919	135707	+	3	1.325956	I:	D:
135686	136474	+	2	1.325612	I:	D:
136583	137686	+	2	1.303703	I:	D:
137752	139299	+	1	1.340914	I:	D:
139296	139964	+	3	1.307782	I:	D:
140050	140871	+	1	1.326960	I:	D:
140902	142053	+	1	1.319236	I:	D:
142072	143289	+	1	1.317569	I:	D:
143286	144122	+	3	1.326035	I:	D:
144195	145646	+	3	1.335124	I:	D:
145664	146860	+	2	1.321031	I:	D:
147089	148102	+	2	1.334179	I:	D:
148123	148353	+	1	1.284901	I:	D:
148474	149181	+	1	1.320992	I:	D:
149172	152732	+	3	1.321566	I:	D:
152762	153769	+	2	1.302887	I:	D:
153806	155080	+	2	1.318179	I:	D:
155113	156369	+	1	1.349028	I:	D:
156394	157710	+	1	1.346160	I:	D:
158030	158863	+	2	1.339168	I:	D:
158893	159924	+	1	1.325202	I:	D:
159943	161109	+	1	1.304552	I:	D:
161149	161928	+	1	1.331176	I:	D:
162033	162950	-	3	1.348026	I:	D:
163144	164472	+	1	1.345603	I:	D:
164597	165430	-	2	1.292157	I:	D:
165704	166618	+	2	1.331617	I:	D:
166739	168457	+	2	1.330812	I:	D:
168619	169530	-	1	1.322816	I:	D:
169658	169861	-	2	1.358450	I:	D:
169984	170280	+	1	1.314350	I:	D:
170313	171179	+	3	1.318446	I:	D:
171181	172743	+	1	1.328460	I:	D:
172937	174241	+	2	1.299628	I:	D:
174546	176081	+	3	1.359565	I:	D:
176081	177187	+	2	1.342254	I:	D:
177370	179448	+	1	1.330803	I:	D:
179574	180350	+	3	1.312750	I:	D:
180639	181379	+	3	1.308146	I:	D:
181430	182383	+	2	1.298767	I:	D:
182745	183104	+	3	1.308199	I:	D:
183697	184629	+	1	1.322998	I:	D:
184595	185734	+	2	1.349783	I:	D:
185855	186727	+	2	1.318800	I:	D:
186859	187908	+	1	1.318273	I:	D:
188136	189524	+	3	1.333935	I:	D:
189726	191432	+	3	1.322421	I:	D:
191444	191752	+	2	1.328110	I:	D:
>Y6.M037_8
2	574	-	2	1.328188	I:	D:
571	1095	-	1	1.315373	I:	D:
1085	2227	-	2	1.318181	I:	D:
2313	2816	-	3	1.324523	I:	D:
2838	3542	-	3	1.314842	I:	D:
3552	4952	-	3	1.322087	I:	D:
5093	5512	-	2	1.301773	I:	D:
5602	6567	-	1	1.329326	I:	D:
6579	6974	-	3	1.322787	I:	D:
6992	8113	-	2	1.334069	I:	D:
8104	8394	-	1	1.350098	I:	D:
8406	9197	-	3	1.338817	I:	D:
9261	9926	-	3	1.317570	I:	D:
9955	12825	-	1	1.321706	I:	D:
12831	13337	-	3	1.322284	I:	D:
13340	14560	-	2	1.338987	I:	D:
14561	15256	-	2	1.346703	I:	D:
15356	16663	-	2	1.324307	I:	D:
16700	17641	-	2	1.333611	I:	D:
17686	19875	-	1	1.340944	I:	D:
19887	22553	-	3	1.328035	I:	D:
22560	24092	-	3	1.337385	I:	D:
24144	24830	-	3	1.352724	I:	D:
24903	26168	-	3	1.335388	I:	D:
26171	26497	-	2	1.359348	I:	D:
26739	27029	-	3	1.299916	I:	D:
27038	27892	-	2	1.335509	I:	D:
27958	29601	-	1	1.353091	I:	D:
29598	30848	-	3	1.346995	I:	D:
30907	31296	-	1	1.339982	I:	D:
31339	32511	-	1	1.338677	I:	D:
32508	33005	-	3	1.316310	I:	D:
32995	34056	-	1	1.316808	I:	D:
34031	35299	-	2	1.349035	I:	D:
35343	35609	-	3	1.333338	I:	D:
35689	35865	-	1	1.351110	I:	D:
36082	38724	-	1	1.316198	I:	D:
39076	40047	-	1	1.337290	I:	D:
40120	40602	-	1	1.330785	I:	D:
40616	42217	-	2	1.335544	I:	D:
42390	43865	-	3	1.334829	I:	D:
43916	44356	-	2	1.294493	I:	D:
44369	45607	-	2	1.324838	I:	D:
45805	46515	-	1	1.322268	I:	D:
46530	47288	-	3	1.324676	I:	D:
47290	48357	-	1	1.329535	I:	D:
48367	49248	-	1	1.335505	I:	D:
49362	50564	-	3	1.312494	I:	D:
50981	51997	-	2	1.331691	I:	D:
52004	52642	-	2	1.324894	I:	D:
52643	53971	-	2	1.323718	I:	D:
53975	55345	-	2	1.336083	I:	D:
55478	56740	+	2	1.329813	I:	D:
56856	57233	-	3	1.364086	I:	D:
57236	57376	-	2	1.298953	I:	D:
57388	58140	-	1	1.356150	I:	D:
58405	59805	+	1	1.327236	I:	D:
59906	61147	-	2	1.317944	I:	D:
61149	61766	-	3	1.328904	I:	D:
61863	63164	-	3	1.322087	I:	D:
63179	63895	-	2	1.335181	I:	D:
63919	64506	-	1	1.331996	I:	D:
64518	65807	-	3	1.328308	I:	D:
65897	66541	-	2	1.342380	I:	D:
66538	67827	-	1	1.331166	I:	D:
67935	69359	-	3	1.353811	I:	D:
69520	70995	+	1	1.340945	I:	D:
71096	72349	-	2	1.335483	I:	D:
72371	72703	-	2	1.323285	I:	D:
72722	73033	-	2	1.353826	I:	D:
73036	73575	-	1	1.341230	I:	D:
73575	74558	-	3	1.333878	I:	D:
74604	75191	-	3	1.336398	I:	D:
75151	75993	-	1	1.348652	I:	D:
76028	77971	-	2	1.344924	I:	D:
77983	79440	-	1	1.330187	I:	D:
79440	80861	-	3	1.360748	I:	D:
80985	81965	+	3	1.362425	I:	D:
81972	82553	-	3	1.291298	I:	D:
82594	83100	-	1	1.320197	I:	D:
83075	83629	-	2	1.329063	I:	D:
83789	83995	-	2	1.293172	I:	D:
84314	85372	+	2	1.320944	I:	D:
85392	85574	-	3	1.344791	I:	D:
85625	86710	-	2	1.336730	I:	D:
86936	89170	-	2	1.318437	I:	D:
89185	91104	-	1	1.325716	I:	D:
91297	92031	-	1	1.326042	I:	D:
92018	92701	-	2	1.328543	I:	D:
92724	93707	-	3	1.311700	I:	D:
93837	94316	-	3	1.320164	I:	D:
94391	95593	-	2	1.316699	I:	D:
95669	96166	-	2	1.342622	I:	D:
96352	96714	-	1	1.319318	I:	D:
96782	97636	-	2	1.348361	I:	D:
97633	98412	-	1	1.353606	I:	D:
98463	99188	-	3	1.339364	I:	D:
99288	99458	-	3	1.333620	I:	D:
99485	100342	-	2	1.342111	I:	D:
100371	100721	-	3	1.357510	I:	D:
100733	101383	-	2	1.315903	I:	D:
101371	102261	-	1	1.329219	I:	D:
102369	102926	-	3	1.319789	I:	D:
103032	103379	-	3	1.336338	I:	D:
103674	103952	-	3	1.363319	I:	D:
103968	104960	-	3	1.340403	I:	D:
105175	105930	-	1	1.331954	I:	D:
105950	106465	-	2	1.289326	I:	D:
106596	106823	-	3	1.262949	I:	D:
106843	107085	-	1	1.344313	I:	D:
107193	108554	-	3	1.300958	I:	D:
108612	108977	-	3	1.323320	I:	D:
109040	110899	-	2	1.348570	I:	D:
110987	112444	-	2	1.340208	I:	D:
112613	114022	+	2	1.313210	I:	D:
114139	115149	-	1	1.348241	I:	D:
115146	116087	-	3	1.353218	I:	D:
116084	117265	-	2	1.308737	I:	D:
117446	118504	+	2	1.346726	I:	D:
118488	119291	+	3	1.344351	I:	D:
119442	119576	+	3	1.379129	I:	D:
119288	120715	+	2	1.342272	I:	D:
120881	121693	-	2	1.329657	I:	D:
121732	123558	-	1	1.342428	I:	D:
123660	124298	-	3	1.359102	I:	D:
124295	124891	-	2	1.338835	I:	D:
125062	127086	-	1	1.340835	I:	D:
127146	128330	-	3	1.336488	I:	D:
128349	129185	-	3	1.329009	I:	D:
129198	130271	-	3	1.319671	I:	D:
130384	131835	-	1	1.315298	I:	D:
131991	133862	+	3	1.340478	I:	D:
133859	135478	+	2	1.336454	I:	D:
135491	137428	+	2	1.346409	I:	D:
137435	138079	-	2	1.304021	I:	D:
138259	139254	-	1	1.303254	I:	D:
139296	139799	-	3	1.299376	I:	D:
139768	140502	-	1	1.353423	I:	D:
>Y6.M037_9
1	726	-	1	1.346203	I:	D:
882	2273	-	3	1.335421	I:	D:
2432	3331	+	2	1.358200	I:	D:
3618	3983	+	3	1.350561	I:	D:
4161	5222	+	3	1.353240	I:	D:
5257	6255	+	1	1.339928	I:	D:
6419	6832	+	2	1.319279	I:	D:
6918	9242	+	3	1.358286	I:	D:
9250	10566	+	1	1.334477	I:	D:
10559	11986	+	2	1.338353	I:	D:
12068	12868	+	2	1.343373	I:	D:
12870	13346	+	3	1.362292	I:	D:
13348	15651	+	1	1.339365	I:	D:
15819	16271	+	3	1.319023	I:	D:
16287	18131	+	3	1.354173	I:	D:
18198	19781	+	3	1.336288	I:	D:
19823	21562	+	2	1.350163	I:	D:
21650	22993	+	2	1.335031	I:	D:
22990	24021	+	1	1.342864	I:	D:
25161	26948	+	3	1.334379	I:	D:
26950	28704	+	1	1.328980	I:	D:
28749	29186	-	3	1.343166	I:	D:
29189	29383	-	2	1.322712	I:	D:
29608	30135	+	1	1.338699	I:	D:
30304	31434	+	1	1.303202	I:	D:
31548	32342	+	3	1.340256	I:	D:
32481	33266	+	3	1.344484	I:	D:
33285	33923	-	3	1.323952	I:	D:
34008	36035	-	3	1.336454	I:	D:
36124	37095	-	1	1.326120	I:	D:
37277	37444	+	2	1.339250	I:	D:
37472	38452	+	2	1.364333	I:	D:
38454	39296	+	3	1.353290	I:	D:
39345	41552	+	3	1.340310	I:	D:
41691	43271	+	3	1.341898	I:	D:
43311	44918	+	3	1.345309	I:	D:
44940	46361	+	3	1.354659	I:	D:
46394	47587	+	2	1.346029	I:	D:
47758	49251	+	1	1.343716	I:	D:
49413	50441	-	3	1.340665	I:	D:
50615	51163	-	2	1.320890	I:	D:
51314	51505	+	2	1.348786	I:	D:
51562	51768	+	1	1.317610	I:	D:
51768	53645	+	3	1.346471	I:	D:
53911	54237	+	1	1.324457	I:	D:
54737	54982	-	2	1.334237	I:	D:
55087	55236	+	1	1.389457	I:	D:
55267	55737	+	1	1.342629	I:	D:
55861	56187	+	1	1.341329	I:	D:
56261	56449	+	2	1.378751	I:	D:
57306	58190	+	3	1.360241	I:	D:
58306	58626	+	1	1.398722	I:	D:
58634	58765	+	2	1.352559	I:	D:
58957	59817	+	1	1.354399	I:	D:
60192	60386	-	3	1.370451	I:	D:
60473	61906	-	2	1.339357	I:	D:
61884	62564	-	3	1.343849	I:	D:
62770	64422	+	1	1.332581	I:	D:
64419	65294	+	3	1.328229	I:	D:
65446	66576	+	1	1.310244	I:	D:
66713	67234	+	2	1.308461	I:	D:
67238	68530	+	2	1.326274	I:	D:
68679	69713	+	3	1.336955	I:	D:
69775	69945	+	1	1.395296	I:	D:
70168	71187	+	1	1.314470	I:	D:
71235	73655	+	3	1.328661	I:	D:
73719	75020	+	3	1.357155	I:	D:
75057	75284	+	3	1.297668	I:	D:
75399	77540	+	3	1.336485	I:	D:
77542	78003	+	1	1.329193	I:	D:
78200	79246	+	2	1.345987	I:	D:
79349	80320	+	2	1.333758	I:	D:
80289	82187	+	3	1.359266	I:	D:
82301	83014	+	2	1.335291	I:	D:
83119	84723	+	1	1.344465	I:	D:
84731	85936	+	2	1.337518	I:	D:
86085	86447	+	3	1.352591	I:	D:
86533	87492	+	1	1.328204	I:	D:
87574	88974	+	1	1.345228	I:	D:
89104	89841	+	1	1.295508	I:	D:
89956	90906	+	1	1.332996	I:	D:
91080	91556	+	3	1.362781	I:	D:
91662	93290	-	3	1.337928	I:	D:
93478	93639	-	1	1.327553	I:	D:
93661	94935	-	1	1.349283	I:	D:
94941	96041	-	3	1.326695	I:	D:
96091	97104	-	1	1.335545	I:	D:
97328	99430	+	2	1.322422	I:	D:
99518	100438	+	2	1.358688	I:	D:
100547	100711	+	2	1.399672	I:	D:
100956	103367	+	3	1.319699	I:	D:
103439	104059	+	2	1.349826	I:	D:
>Y6.M037_10
195	692	+	3	1.370089	I:	D:
689	2428	+	2	1.327523	I:	D:
2429	4315	+	2	1.329779	I:	D:
4490	4618	-	2	1.331241	I:	D:
4883	5200	-	2	1.324376	I:	D:
5218	5355	+	1	1.372518	I:	D:
5377	9693	-	1	1.339237	I:	D:
10033	10974	+	1	1.317720	I:	D:
11008	11853	+	1	1.337987	I:	D:
11881	13317	+	1	1.322690	I:	D:
13508	14791	+	2	1.337611	I:	D:
14920	16047	-	1	1.304616	I:	D:
16409	17056	-	2	1.306731	I:	D:
17074	18135	-	1	1.322182	I:	D:
18161	18640	-	2	1.311774	I:	D:
19236	19754	+	3	1.341543	I:	D:
19761	20768	+	3	1.320305	I:	D:
20892	22205	+	3	1.334614	I:	D:
22405	22833	+	1	1.344004	I:	D:
22874	29848	+	2	1.343963	I:	D:
30165	31079	+	3	1.322918	I:	D:
31407	31832	+	3	1.323970	I:	D:
31834	32772	+	1	1.348813	I:	D:
32981	33484	+	2	1.348664	I:	D:
33519	35756	+	3	1.342832	I:	D:
35839	37593	+	1	1.345177	I:	D:
37827	38795	+	3	1.329487	I:	D:
38814	40175	+	3	1.327804	I:	D:
40185	41318	+	3	1.316952	I:	D:
41394	42650	+	3	1.362986	I:	D:
42710	43438	+	2	1.316664	I:	D:
43636	44877	+	1	1.311870	I:	D:
45084	45917	+	3	1.360265	I:	D:
45947	46687	+	2	1.321503	I:	D:
46680	47780	+	3	1.338108	I:	D:
47872	49686	+	1	1.329050	I:	D:
49679	50914	+	2	1.351280	I:	D:
51234	52607	-	3	1.356460	I:	D:
52898	53410	+	2	1.321848	I:	D:
53527	54660	-	1	1.305929	I:	D:
55014	56378	+	3	1.319114	I:	D:
56495	56815	+	2	1.360274	I:	D:
56830	57729	+	1	1.316646	I:	D:
57735	58586	+	3	1.331321	I:	D:
58674	60239	+	3	1.355771	I:	D:
60320	61339	+	2	1.338846	I:	D:
61381	62772	+	1	1.353800	I:	D:
62802	63335	+	3	1.317145	I:	D:
63513	64289	+	3	1.348586	I:	D:
64279	65013	+	1	1.358482	I:	D:
65029	66108	+	1	1.342088	I:	D:
66222	67034	+	3	1.332048	I:	D:
67055	68647	+	2	1.334932	I:	D:
68644	69282	+	1	1.328268	I:	D:
69386	71665	+	2	1.324073	I:	D:
71773	72426	+	1	1.350566	I:	D:
72467	73990	+	2	1.332737	I:	D:
74071	75333	+	1	1.329886	I:	D:
75399	77204	+	3	1.322164	I:	D:
77469	78152	+	3	1.321200	I:	D:
78149	79852	+	2	1.328464	I:	D:
79958	81502	+	2	1.330285	I:	D:
81509	82966	-	2	1.346853	I:	D:
83454	83636	+	3	1.313820	I:	D:
>Y6.M037_11
2	463	+	2	1.328523	I:	D:
599	1147	-	2	1.346055	I:	D:
1244	4813	+	2	1.358222	I:	D:
4829	6052	+	2	1.345738	I:	D:
6049	6861	+	1	1.352609	I:	D:
7316	10060	+	2	1.334426	I:	D:
10087	11334	+	1	1.358088	I:	D:
11348	11500	+	2	1.280088	I:	D:
11497	12810	+	1	1.324407	I:	D:
12867	13352	+	3	1.351557	I:	D:
13370	13786	+	2	1.336288	I:	D:
13791	14513	+	3	1.342433	I:	D:
14566	14718	+	1	1.323827	I:	D:
14715	15347	+	3	1.333391	I:	D:
15337	15768	+	1	1.337791	I:	D:
15827	16270	+	2	1.337998	I:	D:
16283	17386	+	2	1.349728	I:	D:
17405	17761	+	2	1.335199	I:	D:
17863	18351	+	1	1.355573	I:	D:
18448	21696	+	1	1.352332	I:	D:
21704	22015	-	2	1.320464	I:	D:
22068	22703	-	3	1.380048	I:	D:
22945	24417	+	1	1.347599	I:	D:
24433	26046	+	1	1.350575	I:	D:
26125	26532	+	1	1.323609	I:	D:
26556	27134	+	3	1.357759	I:	D:
27131	28165	+	2	1.354901	I:	D:
28200	30653	+	3	1.335759	I:	D:
30744	31157	+	3	1.312154	I:	D:
31168	32556	+	1	1.360587	I:	D:
33098	34183	+	2	1.315785	I:	D:
34435	35577	+	1	1.317703	I:	D:
35685	36974	+	3	1.312468	I:	D:
37010	37882	+	2	1.338388	I:	D:
37948	38172	+	1	1.303145	I:	D:
38208	38351	+	3	1.376413	I:	D:
38474	38785	+	2	1.359943	I:	D:
38822	40015	-	2	1.360428	I:	D:
39996	40862	-	3	1.318032	I:	D:
41125	42873	+	1	1.337510	I:	D:
43030	45699	-	1	1.348052	I:	D:
45705	46550	+	3	1.356180	I:	D:
46725	48557	+	3	1.323068	I:	D:
48901	49545	+	1	1.344027	I:	D:
49633	50121	+	1	1.328914	I:	D:
50232	50486	+	3	1.358048	I:	D:
50531	51244	+	2	1.327687	I:	D:
51391	52569	+	1	1.331734	I:	D:
52905	54149	+	3	1.315951	I:	D:
54146	55012	+	2	1.325825	I:	D:
55137	55277	+	3	1.331384	I:	D:
55358	55876	+	2	1.300595	I:	D:
56126	57151	+	2	1.334814	I:	D:
57154	57393	+	1	1.294963	I:	D:
57591	57743	+	3	1.334202	I:	D:
58109	58534	+	2	1.311181	I:	D:
58534	58797	+	1	1.310294	I:	D:
58999	59889	+	1	1.303478	I:	D:
59931	62846	+	3	1.300340	I:	D:
62846	63667	+	2	1.308043	I:	D:
63657	65495	+	3	1.295275	I:	D:
65499	66986	+	3	1.298646	I:	D:
67000	67185	+	1	1.331619	I:	D:
>Y6.M037_12
250	396	-	1	1.316454	I:	D:
587	1780	-	2	1.319323	I:	D:
2114	3301	-	2	1.353165	I:	D:
3395	4456	-	2	1.331341	I:	D:
4827	6119	-	3	1.328572	I:	D:
6216	6383	-	3	1.368782	I:	D:
6390	8864	-	3	1.338971	I:	D:
9325	10287	+	1	1.359459	I:	D:
10296	12398	-	3	1.332429	I:	D:
12623	14620	-	2	1.323066	I:	D:
14634	16256	-	3	1.313310	I:	D:
16249	18123	-	1	1.329261	I:	D:
18164	19033	-	2	1.316133	I:	D:
19046	19981	-	2	1.314140	I:	D:
20092	21552	-	1	1.308872	I:	D:
21631	21810	-	1	1.313331	I:	D:
22129	22971	-	1	1.310103	I:	D:
23011	24093	-	1	1.330643	I:	D:
24050	25435	-	2	1.322612	I:	D:
25667	26629	+	2	1.322888	I:	D:
26647	27192	-	1	1.335053	I:	D:
27236	28246	-	2	1.326917	I:	D:
28279	29565	-	1	1.328196	I:	D:
29569	30495	-	1	1.307959	I:	D:
31019	31357	-	2	1.325563	I:	D:
31502	32011	-	2	1.326199	I:	D:
32200	34038	-	1	1.352360	I:	D:
34035	36272	-	3	1.354492	I:	D:
36285	37118	-	3	1.336273	I:	D:
37133	38014	-	2	1.322782	I:	D:
38029	39330	-	1	1.323501	I:	D:
39629	40480	+	2	1.349184	I:	D:
40773	40997	+	3	1.346666	I:	D:
41022	41954	-	3	1.338315	I:	D:
42085	43464	-	1	1.340968	I:	D:
43588	44991	-	1	1.328281	I:	D:
45011	45457	-	2	1.300137	I:	D:
45531	47123	-	3	1.325845	I:	D:
47281	48471	-	1	1.318080	I:	D:
48694	49464	+	1	1.317351	I:	D:
49709	51289	-	2	1.343913	I:	D:
51303	51563	-	3	1.367926	I:	D:
>Y6.M037_13
134	760	+	2	1.349956	I:	D:
941	1744	+	2	1.338663	I:	D:
1804	2526	+	1	1.327057	I:	D:
2545	3171	+	1	1.350284	I:	D:
3249	3536	+	3	1.439586	I:	D:
3697	4923	+	1	1.316494	I:	D:
5094	6968	+	3	1.356847	I:	D:
7029	8090	+	3	1.348345	I:	D:
8077	9153	+	1	1.348989	I:	D:
9190	10071	+	1	1.342586	I:	D:
10530	12233	+	3	1.333833	I:	D:
12250	13128	+	1	1.355322	I:	D:
13125	14627	+	3	1.352029	I:	D:
14756	15886	-	2	1.336220	I:	D:
16083	16751	+	3	1.349459	I:	D:
16936	17256	+	1	1.339495	I:	D:
17249	18235	+	2	1.375623	I:	D:
18228	18923	+	3	1.321462	I:	D:
18986	19801	+	2	1.371569	I:	D:
19818	20375	-	3	1.333730	I:	D:
20430	21803	-	3	1.344133	I:	D:
22080	23396	+	3	1.333606	I:	D:
23608	25059	+	1	1.336096	I:	D:
25043	25879	+	2	1.353648	I:	D:
26062	27081	+	1	1.299600	I:	D:
27083	27586	+	2	1.317652	I:	D:
27583	28890	+	1	1.317437	I:	D:
29016	29459	+	3	1.333422	I:	D:
29510	30397	+	2	1.319827	I:	D:
30456	31466	+	3	1.320358	I:	D:
31883	33193	+	2	1.343177	I:	D:
33594	33767	+	3	1.325416	I:	D:
33977	34594	-	2	1.376548	I:	D:
34515	34967	+	3	1.372415	I:	D:
35284	36996	+	1	1.322143	I:	D:
36998	38587	+	2	1.312777	I:	D:
38677	40209	+	1	1.314337	I:	D:
40234	41196	+	1	1.314709	I:	D:
41206	42102	+	1	1.310825	I:	D:
42122	43675	+	2	1.335744	I:	D:
43663	44601	+	1	1.333644	I:	D:
44609	46309	+	2	1.320293	I:	D:
46479	47441	+	3	1.342379	I:	D:
47543	47776	+	2	1.278616	I:	D:
47805	48245	+	3	1.332319	I:	D:
>Y6.M037_14
76	576	-	1	1.354560	I:	D:
793	1392	-	1	1.326178	I:	D:
1417	1737	-	1	1.292559	I:	D:
1789	3180	-	1	1.341732	I:	D:
3311	3928	+	2	1.346965	I:	D:
3979	5811	-	1	1.317531	I:	D:
5832	7244	-	3	1.326952	I:	D:
7281	8093	-	3	1.316230	I:	D:
8414	8560	+	2	1.327651	I:	D:
9284	10816	-	2	1.330474	I:	D:
10937	11206	-	2	1.365881	I:	D:
11290	11976	-	1	1.337377	I:	D:
12285	12665	-	3	1.354541	I:	D:
12746	13510	-	2	1.306601	I:	D:
13623	14510	-	3	1.327491	I:	D:
14623	14769	-	1	1.346382	I:	D:
14896	16245	-	1	1.328904	I:	D:
16286	16498	-	2	1.369461	I:	D:
16485	18287	-	3	1.323114	I:	D:
18342	19178	-	3	1.315961	I:	D:
19407	20330	+	3	1.326714	I:	D:
20324	20758	+	2	1.304767	I:	D:
20832	21500	-	3	1.321944	I:	D:
21644	23341	-	2	1.325051	I:	D:
23467	24666	+	1	1.346221	I:	D:
24770	25621	-	2	1.337895	I:	D:
26083	26580	-	1	1.328473	I:	D:
26590	27858	-	1	1.331535	I:	D:
27875	28366	-	2	1.331371	I:	D:
28405	29655	-	1	1.350356	I:	D:
29659	30195	-	1	1.329386	I:	D:
>Y6.M037_15
3	650	-	3	1.315181	I:	D:
634	1419	-	1	1.334073	I:	D:
1545	2519	-	3	1.307226	I:	D:
2694	4331	-	3	1.330769	I:	D:
4445	4639	-	2	1.362072	I:	D:
4759	5424	-	1	1.334750	I:	D:
5436	7406	-	3	1.321005	I:	D:
7675	8577	-	1	1.320510	I:	D:
8929	10287	-	1	1.333319	I:	D:
10389	11219	-	3	1.338986	I:	D:
11296	12081	-	1	1.331085	I:	D:
12123	14249	-	3	1.338368	I:	D:
>Y6.M037_16
2	868	+	2	1.337210	I:	D:
878	1270	+	2	1.330765	I:	D:
1304	2197	+	2	1.322833	I:	D:
2211	3164	+	3	1.333212	I:	D:
3166	3834	+	1	1.304568	I:	D:
4134	4340	-	3	1.305991	I:	D:
4470	6176	+	3	1.331925	I:	D:
6178	6558	+	1	1.333385	I:	D:
6803	7498	+	2	1.349754	I:	D:
>Y6.M037_17
82	1164	-	1	1.360862	I:	D:
1482	2186	+	3	1.352340	I:	D:
2193	2777	+	3	1.339773	I:	D:
>Y6.M037_18
184	837	+	1	1.341508	I:	D:
916	1065	+	1	1.310372	I:	D:
1105	1257	+	1	1.358470	I:	D:
1683	2939	+	3	1.318675	I:	D:
2959	3891	+	1	1.320770	I:	D:
3904	5046	+	1	1.335291	I:	D:
5063	6085	+	2	1.360716	I:	D:
6085	7194	+	1	1.358780	I:	D:
7237	7551	-	1	1.318830	I:	D:
7586	8992	+	2	1.345345	I:	D:
9013	10815	-	1	1.355683	I:	D:
10967	11581	+	2	1.333908	I:	D:
11641	12336	+	1	1.345593	I:	D:
12355	13536	-	1	1.342092	I:	D:
13594	14526	-	1	1.334558	I:	D:
14128	14466	+	1	1.368735	I:	D:
14523	15248	-	3	1.340398	I:	D:
15642	16019	-	3	1.319374	I:	D:
16115	16996	+	2	1.354059	I:	D:
17186	19219	+	2	1.347631	I:	D:
19409	19564	-	2	1.323413	I:	D:
19668	19802	+	3	1.360149	I:	D:
19971	20765	-	3	1.347636	I:	D:
20849	21508	-	2	1.342624	I:	D:
21587	22525	-	2	1.306766	I:	D:
22692	23678	+	3	1.313328	I:	D:
23716	24180	+	1	1.317992	I:	D:
24192	25679	+	3	1.326614	I:	D:
25707	26543	+	3	1.338178	I:	D:
26756	27412	+	2	1.338398	I:	D:
27524	28225	+	2	1.359389	I:	D:
28372	29319	-	1	1.345846	I:	D:
29457	30803	+	3	1.336202	I:	D:
30931	31437	+	1	1.308265	I:	D:
31457	32968	+	2	1.321592	I:	D:
33077	34135	+	2	1.302378	I:	D:
34199	35071	-	2	1.328118	I:	D:
35285	36616	+	2	1.331765	I:	D:
36631	38148	+	1	1.331431	I:	D:
38523	40661	+	3	1.347416	I:	D:
40676	41338	+	2	1.347814	I:	D:
41335	43095	+	1	1.337725	I:	D:
43097	43987	+	2	1.323485	I:	D:
43984	44652	+	1	1.349731	I:	D:
44649	45680	+	3	1.344825	I:	D:
45690	45980	+	3	1.325897	I:	D:
46607	46735	+	2	1.345835	I:	D:
46790	46999	+	2	1.375947	I:	D:
47014	47295	+	1	1.394094	I:	D:
47684	47818	+	2	1.367297	I:	D:
48134	51034	+	2	1.346334	I:	D:
51548	53089	+	2	1.313660	I:	D:
53189	53941	-	2	1.329448	I:	D:
54129	55904	+	3	1.331838	I:	D:
55973	56794	+	2	1.334744	I:	D:
56784	58241	+	3	1.333786	I:	D:
58254	59192	+	3	1.340924	I:	D:
59209	61584	+	1	1.361131	I:	D:
61655	62626	+	2	1.324697	I:	D:
62796	63122	-	3	1.332637	I:	D:
63215	63985	+	2	1.340092	I:	D:
64060	64323	-	1	1.310850	I:	D:
64543	65610	+	1	1.360979	I:	D:
65729	66490	+	2	1.318913	I:	D:
66550	67506	+	1	1.315510	I:	D:
67519	68256	+	1	1.330767	I:	D:
68278	69432	+	1	1.332553	I:	D:
69446	70627	+	2	1.315821	I:	D:
70646	70915	+	2	1.328450	I:	D:
71105	72409	+	2	1.349971	I:	D:
72554	72814	+	2	1.328177	I:	D:
72914	73417	+	2	1.345836	I:	D:
73422	73700	+	3	1.299198	I:	D:
73771	74325	+	1	1.316952	I:	D:
>Y6.M037_19
136	519	+	1	1.331131	I:	D:
580	1608	-	1	1.328289	I:	D:
1624	3081	-	1	1.338737	I:	D:
3353	3769	-	2	1.295758	I:	D:
3822	4646	-	3	1.311773	I:	D:
4714	5400	-	1	1.340149	I:	D:
5369	6085	-	2	1.329686	I:	D:
6165	7358	-	3	1.328959	I:	D:
7355	7741	-	2	1.326633	I:	D:
7752	7946	-	3	1.304843	I:	D:
7963	8487	-	1	1.348448	I:	D:
8494	9516	-	1	1.369700	I:	D:
9992	10747	-	2	1.326159	I:	D:
11003	12328	-	2	1.332461	I:	D:
12385	12540	+	1	1.332796	I:	D:
12556	13035	-	1	1.307604	I:	D:
13035	14042	-	3	1.355711	I:	D:
14107	15576	-	1	1.352301	I:	D:
15585	16085	-	3	1.322260	I:	D:
16153	16851	-	1	1.319421	I:	D:
16879	17742	-	1	1.322801	I:	D:
17882	18037	+	2	1.338807	I:	D:
18119	18775	+	2	1.322600	I:	D:
18954	19901	-	3	1.337537	I:	D:
20176	22638	-	1	1.332908	I:	D:
22679	23332	-	2	1.366528	I:	D:
23480	24373	-	2	1.333074	I:	D:
24559	25581	+	1	1.328320	I:	D:
25658	27004	-	2	1.314547	I:	D:
27063	28268	-	3	1.327212	I:	D:
28277	29035	-	2	1.334106	I:	D:
29175	29861	-	3	1.346275	I:	D:
29864	30952	-	2	1.320883	I:	D:
31112	32224	-	2	1.328319	I:	D:
32404	33255	-	1	1.307054	I:	D:
33281	33865	-	2	1.327589	I:	D:
33876	34709	-	3	1.330140	I:	D:
34735	35466	-	1	1.353577	I:	D:
35705	36169	-	2	1.291599	I:	D:
36245	37123	-	2	1.336306	I:	D:
37266	37463	+	3	1.365056	I:	D:
37640	39187	-	2	1.313253	I:	D:
39194	39721	-	2	1.358517	I:	D:
39876	41063	-	3	1.327402	I:	D:
41060	41845	-	2	1.354825	I:	D:
41835	42728	-	3	1.331574	I:	D:
42769	43674	-	1	1.341443	I:	D:
43838	44668	+	2	1.335460	I:	D:
44812	45414	-	1	1.329817	I:	D:
45504	46001	-	3	1.351889	I:	D:
46140	47669	-	3	1.356582	I:	D:
48117	48743	-	3	1.330447	I:	D:
48831	49736	-	3	1.343502	I:	D:
49777	50406	-	1	1.310007	I:	D:
50701	51915	-	1	1.334041	I:	D:
51927	52868	-	3	1.309310	I:	D:
52908	54158	-	3	1.323231	I:	D:
54186	54650	-	3	1.362525	I:	D:
54665	55705	-	2	1.353769	I:	D:
55905	57227	+	3	1.313095	I:	D:
57380	58336	-	2	1.350789	I:	D:
58380	59495	-	3	1.346836	I:	D:
59618	61141	-	2	1.332113	I:	D:
61260	62411	-	3	1.346768	I:	D:
62557	63249	-	1	1.312504	I:	D:
63482	64009	-	2	1.328437	I:	D:
64146	64499	+	3	1.329884	I:	D:
64725	65426	-	3	1.342797	I:	D:
65419	68121	-	1	1.327780	I:	D:
68254	68769	-	1	1.311923	I:	D:
68937	69596	-	3	1.330715	I:	D:
69618	71672	-	3	1.316181	I:	D:
71688	73451	-	3	1.323267	I:	D:
73770	73964	-	3	1.311534	I:	D:
>Y6.M037_20
431	1309	-	2	1.333725	I:	D:
1681	2391	-	1	1.337771	I:	D:
2384	3967	-	2	1.350678	I:	D:
4238	4411	+	2	1.337571	I:	D:
4585	5925	-	1	1.316901	I:	D:
6197	8323	-	2	1.342336	I:	D:
8404	8706	-	1	1.305336	I:	D:
8840	9217	-	2	1.366896	I:	D:
9286	11292	-	1	1.327366	I:	D:
11385	11597	-	3	1.298939	I:	D:
11868	13733	-	3	1.334088	I:	D:
14033	14278	+	2	1.354208	I:	D:
14369	16006	-	2	1.320074	I:	D:
16531	17925	+	1	1.337315	I:	D:
18061	18939	+	1	1.358174	I:	D:
18984	20288	-	3	1.326299	I:	D:
20289	20768	-	3	1.319922	I:	D:
20765	21784	-	2	1.314919	I:	D:
21968	22969	-	2	1.325519	I:	D:
23025	23663	-	3	1.339079	I:	D:
24023	24370	+	2	1.397876	I:	D:
24433	25464	-	1	1.339398	I:	D:
25468	25611	-	1	1.324131	I:	D:
25736	26515	-	2	1.338928	I:	D:
26537	27232	-	2	1.328661	I:	D:
27360	28277	-	3	1.307068	I:	D:
28351	28782	-	1	1.356178	I:	D:
29187	30080	-	3	1.314378	I:	D:
30162	30323	-	3	1.400729	I:	D:
30394	31170	-	1	1.357227	I:	D:
31198	31938	-	1	1.332123	I:	D:
32144	33181	-	2	1.302166	I:	D:
33269	33838	-	2	1.344571	I:	D:
33831	34067	-	3	1.317042	I:	D:
34098	38201	-	3	1.322215	I:	D:
38254	38724	-	1	1.341226	I:	D:
38869	40080	-	1	1.334597	I:	D:
40082	40243	-	2	1.327429	I:	D:
40434	41174	+	3	1.342953	I:	D:
41401	42579	+	1	1.346039	I:	D:
42803	45415	-	2	1.325749	I:	D:
45418	45549	-	1	1.308757	I:	D:
45780	46019	-	3	1.308886	I:	D:
46694	47218	-	2	1.308557	I:	D:
47249	48469	-	2	1.299285	I:	D:
48469	49236	-	1	1.326005	I:	D:
49555	50505	+	1	1.324519	I:	D:
50807	51175	+	2	1.309503	I:	D:
51485	51889	-	2	1.327496	I:	D:
52280	52507	+	2	1.333464	I:	D:
52612	53346	-	1	1.317292	I:	D:
53682	55580	-	3	1.345453	I:	D:
55602	56990	-	3	1.318844	I:	D:
57063	58226	-	3	1.325494	I:	D:
58246	59553	-	1	1.320335	I:	D:
59573	59788	-	2	1.404163	I:	D:
59781	60137	-	3	1.343192	I:	D:
60566	60745	-	2	1.365548	I:	D:
60877	61527	+	1	1.363372	I:	D:
61582	62586	+	1	1.344821	I:	D:
62791	64170	+	1	1.306992	I:	D:
64470	65585	+	3	1.306804	I:	D:
65601	65810	+	3	1.313768	I:	D:
65807	66892	+	2	1.347319	I:	D:
66964	68928	+	1	1.334273	I:	D:
68945	71470	+	2	1.323740	I:	D:
71613	72458	+	3	1.323933	I:	D:
72486	73034	+	3	1.337460	I:	D:
>Y6.M037_21
103	282	-	1	1.316943	I:	D:
460	1650	+	1	1.316755	I:	D:
1653	3089	-	3	1.336507	I:	D:
3107	3265	+	2	1.341652	I:	D:
3369	3500	+	3	1.327445	I:	D:
3570	4757	-	3	1.310113	I:	D:
4912	5376	-	1	1.299942	I:	D:
5646	8393	-	3	1.322860	I:	D:
8413	8760	-	1	1.305269	I:	D:
8776	9000	-	1	1.306293	I:	D:
8997	9467	-	3	1.305382	I:	D:
9464	9703	-	2	1.278279	I:	D:
10057	11673	-	1	1.346674	I:	D:
12060	12896	+	3	1.335877	I:	D:
12970	14265	+	1	1.339129	I:	D:
15030	15191	-	3	1.368496	I:	D:
15213	16712	-	3	1.326060	I:	D:
16726	18075	-	1	1.349489	I:	D:
18128	19159	-	2	1.344405	I:	D:
19210	20487	-	1	1.347928	I:	D:
20500	21780	-	1	1.356841	I:	D:
21863	22603	-	2	1.326296	I:	D:
22635	22829	+	3	1.400436	I:	D:
22869	23042	+	3	1.360195	I:	D:
23182	24291	-	1	1.309497	I:	D:
24637	24861	-	1	1.369946	I:	D:
25057	27159	-	1	1.334434	I:	D:
27491	29323	-	2	1.316752	I:	D:
29336	29860	-	2	1.327781	I:	D:
29850	31388	-	3	1.354939	I:	D:
31525	32931	-	1	1.345611	I:	D:
32988	33257	-	3	1.320197	I:	D:
33345	33677	-	3	1.353882	I:	D:
33697	33990	-	1	1.352093	I:	D:
34057	34296	-	1	1.328010	I:	D:
34300	34575	-	1	1.310764	I:	D:
34671	35051	-	3	1.319471	I:	D:
35038	37035	-	1	1.342726	I:	D:
37260	38015	-	3	1.351647	I:	D:
38008	38931	-	1	1.310945	I:	D:
39068	39667	-	2	1.339476	I:	D:
39707	40504	-	2	1.345751	I:	D:
40526	41239	-	2	1.339063	I:	D:
41288	42229	-	2	1.318514	I:	D:
42362	43090	-	2	1.327586	I:	D:
43628	44344	-	2	1.336620	I:	D:
44367	45539	-	3	1.322461	I:	D:
45685	46680	-	1	1.362000	I:	D:
46706	47842	-	2	1.355778	I:	D:
48106	49485	-	1	1.350028	I:	D:
49660	52560	+	1	1.322954	I:	D:
52557	53024	+	3	1.333614	I:	D:
53086	54684	-	1	1.341574	I:	D:
54714	55622	-	3	1.339326	I:	D:
55588	56277	-	1	1.347647	I:	D:
56584	57789	-	1	1.328011	I:	D:
57895	58422	-	1	1.323113	I:	D:
58501	59304	-	1	1.347358	I:	D:
59334	61007	-	3	1.320443	I:	D:
61222	62166	-	1	1.330032	I:	D:
62297	64288	-	2	1.330941	I:	D:
64360	65724	-	1	1.342466	I:	D:
65814	67271	-	3	1.346043	I:	D:
67339	67938	-	1	1.356283	I:	D:
68090	70333	-	2	1.318197	I:	D:
70356	70877	-	3	1.324758	I:	D:
>Y6.M037_22
97	261	-	1	1.372087	I:	D:
272	1285	-	2	1.342563	I:	D:
1432	2229	-	1	1.323879	I:	D:
2236	3141	-	1	1.327424	I:	D:
3286	4449	-	1	1.323941	I:	D:
4742	6139	+	2	1.334179	I:	D:
6160	7053	-	1	1.340211	I:	D:
7130	8131	-	2	1.319186	I:	D:
8273	9448	-	2	1.330509	I:	D:
9402	10205	-	3	1.320184	I:	D:
10224	12011	-	3	1.326592	I:	D:
12034	13149	-	1	1.341791	I:	D:
13165	13383	-	1	1.341048	I:	D:
13461	14591	-	3	1.355806	I:	D:
14631	15128	-	3	1.312818	I:	D:
15219	15824	-	3	1.324924	I:	D:
15841	18165	-	1	1.323121	I:	D:
18363	19658	-	3	1.320477	I:	D:
19681	20262	-	1	1.316068	I:	D:
20441	21727	-	2	1.302821	I:	D:
21940	22416	+	1	1.342488	I:	D:
22433	22648	-	2	1.312331	I:	D:
22670	23653	-	2	1.324168	I:	D:
23669	25177	-	2	1.314000	I:	D:
25344	26429	-	3	1.305188	I:	D:
26580	27602	-	3	1.321216	I:	D:
27626	28603	-	2	1.339423	I:	D:
28600	30396	-	1	1.323558	I:	D:
30439	32061	-	1	1.320003	I:	D:
32082	33290	-	3	1.365361	I:	D:
33310	34275	-	1	1.336782	I:	D:
34292	34687	-	2	1.319964	I:	D:
34713	35504	-	3	1.344953	I:	D:
35512	36072	-	1	1.340414	I:	D:
36069	38039	-	3	1.353569	I:	D:
38029	39534	-	1	1.352204	I:	D:
39522	40619	-	3	1.348793	I:	D:
40616	41947	-	2	1.343709	I:	D:
42012	42254	-	3	1.332478	I:	D:
42367	42567	-	1	1.349063	I:	D:
42660	43622	-	3	1.330389	I:	D:
43646	44437	-	2	1.330261	I:	D:
44434	44787	-	1	1.348650	I:	D:
44941	45468	-	1	1.330896	I:	D:
45693	46802	-	3	1.311965	I:	D:
46783	47634	-	1	1.335532	I:	D:
47634	48377	-	3	1.323806	I:	D:
48489	49721	-	3	1.347064	I:	D:
49808	51346	-	2	1.325358	I:	D:
51330	53507	-	3	1.345060	I:	D:
53583	54902	-	3	1.311287	I:	D:
55005	55514	-	3	1.338870	I:	D:
55544	57301	-	2	1.328661	I:	D:
57602	61369	-	2	1.323627	I:	D:
61519	62076	-	1	1.315991	I:	D:
62182	62640	-	1	1.357666	I:	D:
62660	63088	+	2	1.378161	I:	D:
63601	64080	+	1	1.318855	I:	D:
64210	64518	-	1	1.375153	I:	D:
>Y6.M037_23
3	134	+	3	1.308354	I:	D:
259	525	+	1	1.309304	I:	D:
531	662	+	3	1.361109	I:	D:
713	2821	+	2	1.320283	I:	D:
2826	4280	+	3	1.346018	I:	D:
4532	6211	+	2	1.325004	I:	D:
6354	7385	+	3	1.323993	I:	D:
7631	8854	+	2	1.305801	I:	D:
8884	9639	+	1	1.315453	I:	D:
9769	10911	+	1	1.328332	I:	D:
10908	11603	+	3	1.319422	I:	D:
11639	12547	-	2	1.340736	I:	D:
12716	14134	+	2	1.349714	I:	D:
14255	15670	+	2	1.345736	I:	D:
15722	16270	+	2	1.360110	I:	D:
16306	16746	+	1	1.320633	I:	D:
16805	17590	+	2	1.319686	I:	D:
17744	17893	+	2	1.365026	I:	D:
17950	18228	+	1	1.361504	I:	D:
18335	19798	-	2	1.350558	I:	D:
20021	21445	+	2	1.335962	I:	D:
21524	22399	+	2	1.324224	I:	D:
22517	23680	+	2	1.359433	I:	D:
23714	25246	-	2	1.367834	I:	D:
25433	25987	+	2	1.334903	I:	D:
25991	27283	+	2	1.331498	I:	D:
27471	28673	+	3	1.335563	I:	D:
28720	29157	+	1	1.312635	I:	D:
29157	30356	+	3	1.351909	I:	D:
30353	31630	+	2	1.354361	I:	D:
31761	31946	+	3	1.394853	I:	D:
32316	33302	+	3	1.343564	I:	D:
33417	34256	+	3	1.316456	I:	D:
34396	35370	+	1	1.335215	I:	D:
35392	35883	+	1	1.333583	I:	D:
36020	38020	+	2	1.315014	I:	D:
38105	38953	+	2	1.317344	I:	D:
39159	40103	-	3	1.348452	I:	D:
40127	41740	-	2	1.345841	I:	D:
41958	42149	+	3	1.376389	I:	D:
42256	43542	+	1	1.331404	I:	D:
43821	45386	+	3	1.339141	I:	D:
45392	46195	+	2	1.338380	I:	D:
46300	48555	+	1	1.310490	I:	D:
48744	49154	-	3	1.368773	I:	D:
49111	49488	-	1	1.325929	I:	D:
49490	49834	-	2	1.309551	I:	D:
50089	50958	+	1	1.334648	I:	D:
51046	51849	+	1	1.340838	I:	D:
52005	53027	+	3	1.334326	I:	D:
>Y6.M037_24
384	1202	-	3	1.347558	I:	D:
1231	2079	-	1	1.325439	I:	D:
2081	4033	-	2	1.304422	I:	D:
4066	4662	-	1	1.341559	I:	D:
4664	5017	-	2	1.298976	I:	D:
5063	6703	-	2	1.342626	I:	D:
6767	7936	-	2	1.319798	I:	D:
8083	8472	+	1	1.402776	I:	D:
8492	9049	+	2	1.338604	I:	D:
9232	9501	+	1	1.380687	I:	D:
9724	10443	+	1	1.345544	I:	D:
10449	12131	-	3	1.339105	I:	D:
12248	12979	+	2	1.319254	I:	D:
13115	13786	-	2	1.346269	I:	D:
13853	14722	-	2	1.320133	I:	D:
14938	15702	-	1	1.329272	I:	D:
15753	16529	-	3	1.340442	I:	D:
16546	18552	-	1	1.314095	I:	D:
18659	20458	-	2	1.340588	I:	D:
20499	21782	-	3	1.329297	I:	D:
21991	22980	+	1	1.339368	I:	D:
22961	23866	+	2	1.330168	I:	D:
23968	25803	+	1	1.320683	I:	D:
25893	27014	-	3	1.331691	I:	D:
27011	28258	-	2	1.348199	I:	D:
28299	30101	-	3	1.322789	I:	D:
30122	30844	-	2	1.364128	I:	D:
31068	31652	-	3	1.314981	I:	D:
31671	32114	-	3	1.318683	I:	D:
32227	32748	-	1	1.361324	I:	D:
32745	33329	-	3	1.351293	I:	D:
33393	34508	-	3	1.329414	I:	D:
34558	36285	-	1	1.335236	I:	D:
36342	37697	-	3	1.326747	I:	D:
37720	38151	-	1	1.290673	I:	D:
38163	38690	-	3	1.321852	I:	D:
38717	39955	-	2	1.321818	I:	D:
39981	40721	-	3	1.316797	I:	D:
40715	41638	-	2	1.332507	I:	D:
41660	42586	-	2	1.317986	I:	D:
42635	42868	-	2	1.290957	I:	D:
43006	43974	-	1	1.342753	I:	D:
44119	44970	-	1	1.341748	I:	D:
45003	45785	-	3	1.334299	I:	D:
45778	46686	-	1	1.321117	I:	D:
46702	47691	-	1	1.318515	I:	D:
47921	48496	-	2	1.340087	I:	D:
48498	50066	-	3	1.343632	I:	D:
50192	50419	+	2	1.314318	I:	D:
50445	52121	-	3	1.320675	I:	D:
52476	52658	-	3	1.345723	I:	D:
>Y6.M037_25
1	714	+	1	1.328486	I:	D:
839	1219	+	2	1.320486	I:	D:
1237	1629	+	1	1.309915	I:	D:
1673	2584	+	2	1.351273	I:	D:
2688	3980	+	3	1.331941	I:	D:
4052	4534	-	2	1.309373	I:	D:
4674	5108	+	3	1.330617	I:	D:
5122	8316	+	1	1.341926	I:	D:
8343	9722	+	3	1.323273	I:	D:
10591	11337	-	1	1.334722	I:	D:
11658	12140	-	3	1.326234	I:	D:
12423	13460	+	3	1.322015	I:	D:
13467	14081	+	3	1.315551	I:	D:
14125	15996	+	1	1.311994	I:	D:
16003	16206	+	1	1.357227	I:	D:
16193	17338	+	2	1.332239	I:	D:
17344	18669	+	1	1.327964	I:	D:
18772	19392	-	1	1.335130	I:	D:
19432	19653	-	1	1.367277	I:	D:
20187	21512	+	3	1.329733	I:	D:
21529	22455	+	1	1.319303	I:	D:
22452	23063	+	3	1.307137	I:	D:
23077	23883	+	1	1.313285	I:	D:
23898	24473	+	3	1.310815	I:	D:
24490	25281	+	1	1.336395	I:	D:
25573	26955	+	1	1.348500	I:	D:
27233	28606	+	2	1.343806	I:	D:
28685	29761	-	2	1.333428	I:	D:
29809	30381	+	1	1.351395	I:	D:
30584	30895	-	2	1.384946	I:	D:
31074	32459	-	3	1.332764	I:	D:
32456	32956	-	2	1.332561	I:	D:
33455	34498	+	2	1.328716	I:	D:
34488	35153	+	3	1.329012	I:	D:
35292	36185	+	3	1.312452	I:	D:
36259	36714	+	1	1.354639	I:	D:
36812	37048	+	2	1.358420	I:	D:
37185	37640	+	3	1.338879	I:	D:
37656	38168	+	3	1.346387	I:	D:
38175	38375	+	3	1.357943	I:	D:
38372	38890	+	2	1.342350	I:	D:
38890	39324	+	1	1.341747	I:	D:
39581	40138	+	2	1.318638	I:	D:
40186	40461	+	1	1.360578	I:	D:
40597	42402	+	1	1.317140	I:	D:
42758	46027	+	2	1.342409	I:	D:
46063	48045	+	1	1.336500	I:	D:
48008	48619	+	2	1.352222	I:	D:
>Y6.M037_26
179	1762	+	2	1.322491	I:	D:
1820	2827	+	2	1.340229	I:	D:
2841	3716	+	3	1.332060	I:	D:
3724	4737	+	1	1.331717	I:	D:
4730	5692	+	2	1.346584	I:	D:
5721	6764	+	3	1.335174	I:	D:
6869	7276	+	2	1.335749	I:	D:
7489	8643	+	1	1.337147	I:	D:
8666	9256	+	2	1.352544	I:	D:
9231	9929	+	3	1.339106	I:	D:
10048	10845	+	1	1.347355	I:	D:
10876	11472	-	1	1.357755	I:	D:
11889	15113	-	3	1.321736	I:	D:
15330	15872	+	3	1.354393	I:	D:
16003	17334	+	1	1.327477	I:	D:
17331	17561	+	3	1.381262	I:	D:
17587	18171	+	1	1.348921	I:	D:
18256	19059	-	1	1.319873	I:	D:
19234	20136	+	1	1.334179	I:	D:
20187	21029	-	3	1.367208	I:	D:
21258	21635	+	3	1.315532	I:	D:
21632	22321	+	2	1.320973	I:	D:
22394	22567	+	2	1.363437	I:	D:
22575	23495	+	3	1.324244	I:	D:
23513	24286	+	2	1.327049	I:	D:
24286	25188	+	1	1.315736	I:	D:
25254	25931	+	3	1.314766	I:	D:
25967	26116	+	2	1.281085	I:	D:
26244	26714	+	3	1.352803	I:	D:
26701	27024	+	1	1.306813	I:	D:
27124	29217	+	1	1.332458	I:	D:
29259	31436	+	3	1.339577	I:	D:
31426	33351	+	1	1.333718	I:	D:
33561	34730	+	3	1.336839	I:	D:
34975	36114	+	1	1.345909	I:	D:
36114	38414	+	3	1.349738	I:	D:
38608	39120	+	1	1.313732	I:	D:
39186	40217	+	3	1.304001	I:	D:
40211	40804	+	2	1.309388	I:	D:
40889	42163	+	2	1.310848	I:	D:
42276	42413	+	3	1.278176	I:	D:
42580	42729	+	1	1.381212	I:	D:
42760	42978	-	1	1.346634	I:	D:
43161	43661	+	3	1.355531	I:	D:
43510	44034	+	1	1.336006	I:	D:
>Y6.M037_27
2	262	+	2	1.329707	I:	D:
452	1894	+	2	1.333911	I:	D:
2086	4110	+	1	1.323970	I:	D:
4340	5068	-	2	1.337417	I:	D:
5113	5811	-	1	1.335634	I:	D:
6241	7071	+	1	1.337587	I:	D:
7077	7289	+	3	1.371604	I:	D:
7563	9470	+	3	1.337275	I:	D:
9505	9828	+	1	1.350306	I:	D:
9833	11068	+	2	1.323406	I:	D:
11141	11491	+	2	1.279040	I:	D:
11501	12937	+	2	1.320639	I:	D:
13111	14292	+	1	1.321639	I:	D:
14560	14724	+	1	1.365249	I:	D:
15123	17951	+	3	1.351175	I:	D:
17953	18621	-	1	1.322342	I:	D:
18951	19976	+	3	1.324266	I:	D:
20145	21179	+	3	1.330644	I:	D:
21344	22147	+	2	1.349013	I:	D:
22151	24136	+	2	1.337596	I:	D:
24126	25043	+	3	1.353415	I:	D:
25058	27019	+	2	1.338055	I:	D:
27043	27636	+	1	1.366440	I:	D:
27672	28682	-	3	1.312753	I:	D:
28954	30660	+	1	1.325042	I:	D:
30792	31445	+	3	1.315581	I:	D:
31464	32273	+	3	1.324965	I:	D:
32361	32663	+	3	1.313188	I:	D:
32711	33424	-	2	1.310339	I:	D:
33456	33704	+	3	1.318511	I:	D:
33809	34195	+	2	1.308994	I:	D:
34309	36660	+	1	1.337186	I:	D:
36759	37076	+	3	1.286255	I:	D:
37198	38667	+	1	1.343106	I:	D:
>Y6.M037_28
2	922	+	2	1.338157	I:	D:
1260	2597	-	3	1.326887	I:	D:
2620	3636	-	1	1.317658	I:	D:
3660	4856	-	3	1.318580	I:	D:
4939	6255	-	1	1.323092	I:	D:
6311	7549	-	2	1.325030	I:	D:
7562	8212	-	2	1.324198	I:	D:
8457	9788	+	3	1.323196	I:	D:
9814	12837	+	1	1.324837	I:	D:
12978	14354	+	3	1.320071	I:	D:
14484	17066	+	3	1.330829	I:	D:
17069	17560	+	2	1.375500	I:	D:
17918	18628	+	2	1.345419	I:	D:
18640	19407	+	1	1.317547	I:	D:
19420	19974	+	1	1.291148	I:	D:
20228	20950	+	2	1.328644	I:	D:
20989	21792	+	1	1.328131	I:	D:
21871	23013	+	1	1.322862	I:	D:
23015	24082	+	2	1.318679	I:	D:
24109	25176	+	1	1.310677	I:	D:
25209	29015	+	3	1.331253	I:	D:
>Y6.M037_29
2	457	+	2	1.360856	I:	D:
557	1477	-	2	1.334259	I:	D:
1632	2600	+	3	1.329471	I:	D:
2632	3897	+	1	1.329215	I:	D:
3977	5266	-	2	1.321130	I:	D:
5284	5433	+	1	1.362007	I:	D:
5659	6957	-	1	1.337768	I:	D:
7275	9344	+	3	1.315099	I:	D:
9316	9783	+	1	1.389392	I:	D:
9850	10083	+	1	1.372111	I:	D:
10129	10335	-	1	1.372737	I:	D:
10424	10633	+	2	1.359558	I:	D:
10816	10968	+	1	1.396716	I:	D:
11082	12764	-	3	1.339187	I:	D:
12808	13605	-	1	1.341655	I:	D:
13583	14293	-	2	1.337651	I:	D:
14311	15435	-	1	1.323539	I:	D:
15461	17245	-	2	1.334919	I:	D:
17264	18400	-	2	1.359468	I:	D:
18515	19435	-	2	1.309518	I:	D:
19432	20175	-	1	1.323343	I:	D:
20513	21691	-	2	1.357991	I:	D:
22201	23562	-	1	1.337560	I:	D:
23606	24625	+	2	1.341854	I:	D:
24813	24962	+	3	1.396426	I:	D:
25303	25659	-	1	1.326818	I:	D:
25693	25890	-	1	1.336733	I:	D:
25918	26412	-	1	1.309590	I:	D:
>Y6.M037_30
136	336	+	1	1.394793	I:	D:
890	1297	+	2	1.343395	I:	D:
1294	2211	+	1	1.336321	I:	D:
2333	2527	-	2	1.334335	I:	D:
2799	3137	-	3	1.286867	I:	D:
3152	3763	-	2	1.329532	I:	D:
3909	4790	+	3	1.347957	I:	D:
4808	7075	+	2	1.334312	I:	D:
7094	9187	+	2	1.326103	I:	D:
9202	9828	+	1	1.344571	I:	D:
9869	10954	+	2	1.357729	I:	D:
11084	12424	+	2	1.328545	I:	D:
12491	12625	-	2	1.341900	I:	D:
12752	13966	+	2	1.331671	I:	D:
13969	14943	+	1	1.335662	I:	D:
14997	16127	+	3	1.366499	I:	D:
16192	16878	+	1	1.336859	I:	D:
16927	17853	+	1	1.330769	I:	D:
17854	18930	+	1	1.359996	I:	D:
19010	19723	+	2	1.346337	I:	D:
19874	20890	+	2	1.336134	I:	D:
20911	21120	+	1	1.346568	I:	D:
21141	21536	+	3	1.328526	I:	D:
21579	22043	+	3	1.329311	I:	D:
22101	22367	+	3	1.361235	I:	D:
22533	23624	+	3	1.332412	I:	D:
24019	25728	+	1	1.320190	I:	D:
>Y6.M037_31
154	1302	+	1	1.356768	I:	D:
1390	4563	+	1	1.348527	I:	D:
5117	5275	-	2	1.390425	I:	D:
5316	5510	+	3	1.384156	I:	D:
5576	5713	+	2	1.387749	I:	D:
5733	6152	+	3	1.336403	I:	D:
6239	6469	+	2	1.326770	I:	D:
6610	7920	+	1	1.321127	I:	D:
8207	8500	+	2	1.350274	I:	D:
8921	10870	+	2	1.348477	I:	D:
11195	12871	+	2	1.325199	I:	D:
12915	13895	+	3	1.339325	I:	D:
13897	14850	+	1	1.341412	I:	D:
14864	15856	+	2	1.358529	I:	D:
15846	16817	+	3	1.358167	I:	D:
16892	17938	-	2	1.347232	I:	D:
18134	18910	-	2	1.325513	I:	D:
19164	20360	+	3	1.357882	I:	D:
20486	21847	+	2	1.342444	I:	D:
21853	22137	+	1	1.334173	I:	D:
22192	23256	+	1	1.346552	I:	D:
23260	24549	+	1	1.366676	I:	D:
>Y6.M037_32
2	511	+	2	1.345584	I:	D:
699	1460	-	3	1.343176	I:	D:
1622	2656	+	2	1.361319	I:	D:
2708	3256	+	2	1.334162	I:	D:
3321	4472	+	3	1.309794	I:	D:
4942	5277	+	1	1.314270	I:	D:
5264	8254	+	2	1.324721	I:	D:
8312	8677	+	2	1.334753	I:	D:
8731	9699	+	1	1.335103	I:	D:
9780	10685	+	3	1.355153	I:	D:
10688	11635	+	2	1.319590	I:	D:
11972	12151	+	2	1.338808	I:	D:
12355	13320	+	1	1.332353	I:	D:
13283	13624	+	2	1.315875	I:	D:
13641	14525	+	3	1.350369	I:	D:
14556	14855	-	3	1.341171	I:	D:
14867	15442	-	2	1.330527	I:	D:
15542	16543	-	2	1.336915	I:	D:
16543	18150	-	1	1.345609	I:	D:
18230	19351	+	2	1.337937	I:	D:
>Y6.M037_33
1	378	+	1	1.340351	I:	D:
428	718	-	2	1.320990	I:	D:
731	1069	-	2	1.337549	I:	D:
1068	1307	+	3	1.363067	I:	D:
1359	1496	-	3	1.313672	I:	D:
1777	2952	+	1	1.326217	I:	D:
3118	3360	+	1	1.312645	I:	D:
3108	5021	+	3	1.337596	I:	D:
5311	7800	+	1	1.328095	I:	D:
7828	8853	+	1	1.324011	I:	D:
9128	9694	-	2	1.321712	I:	D:
9850	11769	+	1	1.338601	I:	D:
11829	12947	+	3	1.339213	I:	D:
13047	14324	+	3	1.328313	I:	D:
14403	15989	+	3	1.340471	I:	D:
16029	17108	-	3	1.340263	I:	D:
>Y6.M037_34
3	1250	-	3	1.313017	I:	D:
1699	2292	-	1	1.320578	I:	D:
2524	3720	-	1	1.332715	I:	D:
3885	4292	+	3	1.325714	I:	D:
4381	5769	-	1	1.332759	I:	D:
5884	6666	-	1	1.331217	I:	D:
6735	7379	-	3	1.351868	I:	D:
7386	8387	-	3	1.314894	I:	D:
8394	11327	-	3	1.325973	I:	D:
11368	12135	-	1	1.334797	I:	D:
12142	12501	-	1	1.338945	I:	D:
12578	13822	-	2	1.341559	I:	D:
13819	14472	-	1	1.331463	I:	D:
14478	14891	-	3	1.324230	I:	D:
14919	16445	-	3	1.321616	I:	D:
>Y6.M037_35
1	132	-	1	1.352776	I:	D:
180	569	-	3	1.334554	I:	D:
598	1032	-	1	1.320629	I:	D:
1250	2479	-	2	1.350195	I:	D:
2514	3308	-	3	1.327660	I:	D:
3311	4195	-	2	1.325827	I:	D:
4197	5114	-	3	1.328628	I:	D:
5225	5575	+	2	1.344427	I:	D:
5774	7030	-	2	1.343278	I:	D:
7205	7741	-	2	1.317143	I:	D:
7868	8827	-	2	1.305373	I:	D:
8956	9549	-	1	1.323993	I:	D:
>Y6.M037_36
199	1227	-	1	1.326582	I:	D:
1215	1997	-	3	1.383072	I:	D:
2335	3273	+	1	1.328755	I:	D:
3431	4381	-	2	1.325788	I:	D:
4425	4700	-	3	1.341893	I:	D:
4710	4865	+	3	1.299859	I:	D:
>Y6.M037_37
400	570	+	1	1.328421	I:	D:
704	1339	+	2	1.329657	I:	D:
1332	1508	+	3	1.331051	I:	D:
1540	2025	+	1	1.319211	I:	D:
2074	5067	+	1	1.340564	I:	D:
5206	6501	+	1	1.319012	I:	D:
6504	7439	+	3	1.319739	I:	D:
7466	7900	+	2	1.358872	I:	D:
8136	9191	+	3	1.338065	I:	D:
9208	9708	+	1	1.358080	I:	D:
9708	11501	+	3	1.350099	I:	D:
11702	12418	+	2	1.360590	I:	D:
12415	13161	+	1	1.346986	I:	D:
13323	14915	+	3	1.338575	I:	D:
14976	15584	+	3	1.330167	I:	D:
15618	16100	+	3	1.312475	I:	D:
16175	17272	+	2	1.339620	I:	D:
17280	17786	+	3	1.327423	I:	D:
17914	19182	-	1	1.342518	I:	D:
19580	20077	+	2	1.337425	I:	D:
20074	22410	+	1	1.329315	I:	D:
22601	23173	+	2	1.312340	I:	D:
23194	23817	+	1	1.332479	I:	D:
23814	25244	+	3	1.329280	I:	D:
25290	27218	+	3	1.311329	I:	D:
27321	28031	-	3	1.330802	I:	D:
28073	30463	-	2	1.336050	I:	D:
30670	31995	+	1	1.336831	I:	D:
32078	33040	+	2	1.319643	I:	D:
33542	35017	+	2	1.350505	I:	D:
35304	41210	+	3	1.324435	I:	D:
41451	46382	+	3	1.324984	I:	D:
46744	47985	+	1	1.324006	I:	D:
48232	49848	+	1	1.316773	I:	D:
49841	50932	+	2	1.310594	I:	D:
50925	52409	+	3	1.319017	I:	D:
52558	52977	+	1	1.331570	I:	D:
53112	53258	-	3	1.317026	I:	D:
53642	54067	+	2	1.377352	I:	D:
54064	54549	+	1	1.339846	I:	D:
54612	55325	+	3	1.320523	I:	D:
55396	55653	+	1	1.313446	I:	D:
55698	56213	+	3	1.302640	I:	D:
56201	56749	+	2	1.307609	I:	D:
56773	58275	+	1	1.320094	I:	D:
58380	59249	+	3	1.316215	I:	D:
59253	59393	+	3	1.364852	I:	D:
59411	60802	+	2	1.321201	I:	D:
60814	61212	+	1	1.311708	I:	D:
61364	62284	+	2	1.355279	I:	D:
62402	63805	+	2	1.314016	I:	D:
63818	64990	+	2	1.335650	I:	D:
65111	66043	+	2	1.347776	I:	D:
66235	67431	+	1	1.345687	I:	D:
67694	68284	+	2	1.323627	I:	D:
68410	68538	+	1	1.286988	I:	D:
68599	70299	+	1	1.327424	I:	D:
70694	71698	+	2	1.327933	I:	D:
71732	74023	+	2	1.332906	I:	D:
74020	74775	+	1	1.385572	I:	D:
74805	75524	+	3	1.350395	I:	D:
75540	76301	-	3	1.362807	I:	D:
76298	77620	-	2	1.360978	I:	D:
77872	78411	+	1	1.352090	I:	D:
78425	78568	+	2	1.312906	I:	D:
78752	78916	+	2	1.362185	I:	D:
78929	79135	+	2	1.305935	I:	D:
79151	79666	+	2	1.310998	I:	D:
79744	80169	+	1	1.317997	I:	D:
80255	80950	+	2	1.313900	I:	D:
81171	81662	+	3	1.311280	I:	D:
81743	82132	+	2	1.290114	I:	D:
82149	82361	+	3	1.345998	I:	D:
82480	82686	+	1	1.307565	I:	D:
83130	84464	+	3	1.322881	I:	D:
84674	85654	-	2	1.336881	I:	D:
86031	86933	+	3	1.327872	I:	D:
87165	87941	+	3	1.308819	I:	D:
87952	89277	+	1	1.353794	I:	D:
89391	90164	+	3	1.335892	I:	D:
90254	91051	+	2	1.340672	I:	D:
91164	92495	+	3	1.329262	I:	D:
92720	94354	+	2	1.339876	I:	D:
94492	94695	+	1	1.352831	I:	D:
94814	95782	+	2	1.316450	I:	D:
95779	96690	+	1	1.361070	I:	D:
96671	97750	+	2	1.316736	I:	D:
98006	98908	+	2	1.322124	I:	D:
98952	99971	+	3	1.333646	I:	D:
99992	100849	+	2	1.336043	I:	D:
100884	102272	+	3	1.331556	I:	D:
102297	102440	+	3	1.353270	I:	D:
102888	103667	+	3	1.320859	I:	D:
104705	104989	-	2	1.354202	I:	D:
105115	106080	+	1	1.317268	I:	D:
106154	106669	+	2	1.320340	I:	D:
106690	108186	+	1	1.330882	I:	D:
108217	109569	+	1	1.331710	I:	D:
109589	110716	+	2	1.354082	I:	D:
111084	112757	+	3	1.333237	I:	D:
112887	114050	-	3	1.337805	I:	D:
114147	115964	-	3	1.327917	I:	D:
116365	117219	+	1	1.326502	I:	D:
>Y6.M037_38
10	201	-	1	1.340117	I:	D:
269	472	-	2	1.316083	I:	D:
462	1673	-	3	1.327293	I:	D:
1660	4968	-	1	1.322031	I:	D:
4965	5633	-	3	1.313173	I:	D:
5626	7041	-	1	1.328211	I:	D:
7348	7839	-	1	1.374654	I:	D:
7847	8257	-	2	1.361348	I:	D:
8191	8457	-	1	1.308123	I:	D:
8666	8965	-	2	1.337884	I:	D:
8975	9541	-	2	1.325145	I:	D:
9568	10347	-	1	1.345236	I:	D:
10368	10727	-	3	1.338669	I:	D:
10746	11261	-	3	1.317471	I:	D:
11315	11803	-	2	1.309306	I:	D:
11868	12182	+	3	1.373375	I:	D:
12352	14787	-	1	1.322358	I:	D:
15016	15990	-	1	1.350123	I:	D:
15987	16652	-	3	1.339900	I:	D:
16665	17351	-	3	1.335794	I:	D:
17354	18304	-	2	1.348312	I:	D:
18320	19069	-	2	1.325476	I:	D:
19019	19231	+	2	1.380184	I:	D:
19335	20204	-	3	1.355075	I:	D:
20230	20466	-	1	1.331582	I:	D:
20469	21068	-	3	1.351231	I:	D:
21089	21700	-	2	1.323166	I:	D:
21714	23195	-	3	1.337015	I:	D:
23214	23447	-	3	1.316740	I:	D:
23452	23658	-	1	1.361787	I:	D:
23664	23990	-	3	1.299207	I:	D:
24007	24552	-	1	1.339715	I:	D:
24569	25573	-	2	1.336617	I:	D:
25578	26417	-	3	1.301933	I:	D:
26441	26995	-	2	1.328155	I:	D:
27007	27510	-	1	1.296821	I:	D:
27523	27885	-	1	1.344998	I:	D:
27896	28732	-	2	1.318052	I:	D:
>Y6.M037_39
1	210	-	1	1.332766	I:	D:
218	1297	-	2	1.339054	I:	D:
1287	2828	-	3	1.319818	I:	D:
2843	4036	-	2	1.320936	I:	D:
4103	5161	-	2	1.343136	I:	D:
5158	5673	-	1	1.338987	I:	D:
5893	6186	-	1	1.335800	I:	D:
6369	7985	+	3	1.345208	I:	D:
8016	9695	-	3	1.329327	I:	D:
9904	10374	-	1	1.369317	I:	D:
10417	10581	+	1	1.371593	I:	D:
10660	11007	-	1	1.347177	I:	D:
11191	11889	-	1	1.335825	I:	D:
11963	12766	-	2	1.310309	I:	D:
12813	13082	+	3	1.356120	I:	D:
13501	14127	-	1	1.336561	I:	D:
14127	14357	-	3	1.316468	I:	D:
14381	14950	-	2	1.405041	I:	D:
15181	15486	-	1	1.343542	I:	D:
15680	16171	-	2	1.303376	I:	D:
16495	17289	-	1	1.310378	I:	D:
17331	18365	-	3	1.340107	I:	D:
18500	20965	-	2	1.311610	I:	D:
20994	24149	-	3	1.327584	I:	D:
24223	24372	+	1	1.358297	I:	D:
24667	26127	+	1	1.321087	I:	D:
26158	27168	+	1	1.359832	I:	D:
27271	27414	-	1	1.273586	I:	D:
27547	28755	+	1	1.314716	I:	D:
28749	29894	+	3	1.312190	I:	D:
30039	35213	-	3	1.323229	I:	D:
35510	36520	-	2	1.319275	I:	D:
36563	37255	-	2	1.331866	I:	D:
37576	38958	-	1	1.340237	I:	D:
39072	40448	-	3	1.355281	I:	D:
40569	41957	-	3	1.320642	I:	D:
41994	42920	-	3	1.322808	I:	D:
42981	43481	-	3	1.351232	I:	D:
43478	44239	-	2	1.333675	I:	D:
44292	45716	-	3	1.369433	I:	D:
45766	46548	-	1	1.340690	I:	D:
46736	48094	-	2	1.339012	I:	D:
48201	48452	-	3	1.324979	I:	D:
48467	48703	-	2	1.309698	I:	D:
48727	49875	-	1	1.369530	I:	D:
49881	50936	-	3	1.335625	I:	D:
51011	51196	-	2	1.355677	I:	D:
51315	55040	-	3	1.335160	I:	D:
55022	58441	-	2	1.336171	I:	D:
58529	58966	+	2	1.341326	I:	D:
59009	59857	+	2	1.347131	I:	D:
59970	61997	-	3	1.323050	I:	D:
62104	62907	-	1	1.324809	I:	D:
62933	63529	-	2	1.341667	I:	D:
63673	63930	+	1	1.333608	I:	D:
64127	64690	-	2	1.342346	I:	D:
64699	65895	-	1	1.335244	I:	D:
65985	66410	-	3	1.375125	I:	D:
66432	67310	-	3	1.327939	I:	D:
67408	68166	-	1	1.333270	I:	D:
68306	68815	-	2	1.327072	I:	D:
68990	70321	-	2	1.326355	I:	D:
70312	70770	-	1	1.332638	I:	D:
71024	72244	-	2	1.328660	I:	D:
72475	73611	-	1	1.328775	I:	D:
73636	75933	-	1	1.331106	I:	D:
75949	77226	-	1	1.318466	I:	D:
77340	77552	+	3	1.392044	I:	D:
77593	77928	-	1	1.360416	I:	D:
77925	78737	-	3	1.359321	I:	D:
78808	79071	+	1	1.366772	I:	D:
79083	79994	+	3	1.348648	I:	D:
80880	81215	-	3	1.330584	I:	D:
81219	81356	+	3	1.342948	I:	D:
81435	82604	-	3	1.320882	I:	D:
82720	83526	-	1	1.337777	I:	D:
83523	83900	-	3	1.307347	I:	D:
83924	84958	-	2	1.355056	I:	D:
85127	86500	-	2	1.353021	I:	D:
86546	88174	-	2	1.325027	I:	D:
88275	89171	-	3	1.318795	I:	D:
89182	90129	-	1	1.328096	I:	D:
90374	91849	+	2	1.338726	I:	D:
91973	94237	+	2	1.334965	I:	D:
94499	94891	-	2	1.312587	I:	D:
95014	96807	-	1	1.330950	I:	D:
96928	99384	-	1	1.328177	I:	D:
99480	100787	-	3	1.330492	I:	D:
100814	102184	-	2	1.311756	I:	D:
102286	103140	-	1	1.322217	I:	D:
103144	104034	-	1	1.325375	I:	D:
104063	106336	-	2	1.335736	I:	D:
106450	107451	-	1	1.313651	I:	D:
107894	108727	-	2	1.334412	I:	D:
108909	109208	-	3	1.334024	I:	D:
>Y6.M037_40
341	1108	-	2	1.332579	I:	D:
1141	1881	-	1	1.309231	I:	D:
1905	3101	-	3	1.336200	I:	D:
3282	4430	+	3	1.331120	I:	D:
4444	5529	+	1	1.315031	I:	D:
5609	6103	+	2	1.339258	I:	D:
6100	7404	+	1	1.328751	I:	D:
7529	8395	+	2	1.308000	I:	D:
8431	8568	-	1	1.313863	I:	D:
8552	9607	+	2	1.315488	I:	D:
9594	11366	+	3	1.338686	I:	D:
11375	12526	+	2	1.338293	I:	D:
12698	13945	+	2	1.324029	I:	D:
14178	15176	+	3	1.311709	I:	D:
15281	16132	+	2	1.333610	I:	D:
16132	17028	+	1	1.328573	I:	D:
17132	17881	+	2	1.327109	I:	D:
17883	18530	+	3	1.320234	I:	D:
18551	19225	+	2	1.340151	I:	D:
19222	20895	+	1	1.334425	I:	D:
21375	21782	-	3	1.362620	I:	D:
21831	23702	-	3	1.329754	I:	D:
23705	24943	-	2	1.353022	I:	D:
25039	26430	-	1	1.321410	I:	D:
26534	28060	+	2	1.332403	I:	D:
28057	29178	+	1	1.324771	I:	D:
29360	29632	+	2	1.286357	I:	D:
29787	30458	+	3	1.335235	I:	D:
30493	34047	+	1	1.333638	I:	D:
34097	34660	+	2	1.318511	I:	D:
34779	35270	-	3	1.359239	I:	D:
35498	36784	+	2	1.334792	I:	D:
36838	37182	+	1	1.322425	I:	D:
37208	37579	+	2	1.363461	I:	D:
37588	37815	-	1	1.327667	I:	D:
37920	39242	+	3	1.345079	I:	D:
39308	40846	+	2	1.347224	I:	D:
41063	41989	-	2	1.290558	I:	D:
42403	43431	-	1	1.332487	I:	D:
43428	44153	-	3	1.332528	I:	D:
44368	45267	-	1	1.335597	I:	D:
45394	45927	+	1	1.331037	I:	D:
46004	46252	+	2	1.324932	I:	D:
46316	47158	+	2	1.344269	I:	D:
47213	47539	+	2	1.322056	I:	D:
47587	47943	+	1	1.328227	I:	D:
48005	49009	+	2	1.320589	I:	D:
49062	49859	+	3	1.321985	I:	D:
49909	50109	-	1	1.366469	I:	D:
50245	52854	+	1	1.339257	I:	D:
52977	53879	+	3	1.337520	I:	D:
53936	54517	+	2	1.383144	I:	D:
54590	54772	+	2	1.366049	I:	D:
54783	55319	-	3	1.313178	I:	D:
55466	56008	-	2	1.330115	I:	D:
56163	56558	-	3	1.355601	I:	D:
56676	57617	-	3	1.323383	I:	D:
57610	58359	-	1	1.347412	I:	D:
58524	59246	+	3	1.309316	I:	D:
59274	60044	+	3	1.332305	I:	D:
60053	61855	+	2	1.337972	I:	D:
61923	62378	+	3	1.339544	I:	D:
62450	63853	+	2	1.323777	I:	D:
64077	65162	+	3	1.301341	I:	D:
65348	65935	+	2	1.306587	I:	D:
65932	66720	+	1	1.344352	I:	D:
66888	69353	+	3	1.333980	I:	D:
69350	69799	+	2	1.347172	I:	D:
69999	71267	+	3	1.336053	I:	D:
71260	72210	+	1	1.335344	I:	D:
72255	73661	+	3	1.334990	I:	D:
73759	75294	-	1	1.338892	I:	D:
75645	76229	-	3	1.336089	I:	D:
76448	76957	+	2	1.304414	I:	D:
77182	78171	-	1	1.322440	I:	D:
78462	78785	-	3	1.308192	I:	D:
79054	79203	+	1	1.359570	I:	D:
79221	79652	+	3	1.349169	I:	D:
79839	81176	-	3	1.324126	I:	D:
81431	83407	+	2	1.338928	I:	D:
83416	84345	+	1	1.365223	I:	D:
84317	85546	+	2	1.341384	I:	D:
85653	86630	+	3	1.366964	I:	D:
86632	87603	+	1	1.337008	I:	D:
87593	89785	+	2	1.333110	I:	D:
89808	90785	+	3	1.333548	I:	D:
90978	92390	+	3	1.334734	I:	D:
92438	94756	+	2	1.339407	I:	D:
95025	96599	+	3	1.329464	I:	D:
96720	98183	+	3	1.325973	I:	D:
98185	99927	-	1	1.347723	I:	D:
100159	100662	+	1	1.340290	I:	D:
100950	102278	+	3	1.327138	I:	D:
102481	102840	-	1	1.375045	I:	D:
103084	103506	+	1	1.373931	I:	D:
103752	104243	+	3	1.321613	I:	D:
104259	106376	+	3	1.322029	I:	D:
106555	107748	+	1	1.328857	I:	D:
107884	109392	-	1	1.323307	I:	D:
109386	111215	-	3	1.321624	I:	D:
111445	112803	+	1	1.316728	I:	D:
112913	113803	+	2	1.311814	I:	D:
113807	114652	+	2	1.330945	I:	D:
114669	115721	+	3	1.332162	I:	D:
115737	116399	+	3	1.332366	I:	D:
116421	117758	+	3	1.348695	I:	D:
117804	120050	+	3	1.336725	I:	D:
120068	121849	+	2	1.359434	I:	D:
121974	123242	+	3	1.325209	I:	D:
123561	124685	+	3	1.329603	I:	D:
124802	125719	-	2	1.326152	I:	D:
125969	126670	+	2	1.322310	I:	D:
126684	127583	+	3	1.333184	I:	D:
127669	128520	+	1	1.331495	I:	D:
128655	129992	+	3	1.318323	I:	D:
130010	131059	+	2	1.331865	I:	D:
131076	131957	+	3	1.326736	I:	D:
132161	133285	+	2	1.335276	I:	D:
133321	134547	+	1	1.330253	I:	D:
134615	136114	-	2	1.324091	I:	D:
136635	138818	+	3	1.339558	I:	D:
138889	139332	-	1	1.330870	I:	D:
139350	139886	-	3	1.326887	I:	D:
140052	140450	+	3	1.317338	I:	D:
140555	141499	+	2	1.319463	I:	D:
141540	142004	+	3	1.346509	I:	D:
142165	142428	+	1	1.323192	I:	D:
142530	143318	+	3	1.318564	I:	D:
143508	144200	+	3	1.332530	I:	D:
144264	144506	+	3	1.334235	I:	D:
>Y6.M037_41
1	444	+	1	1.375751	I:	D:
575	943	-	2	1.314305	I:	D:
1336	1554	-	1	1.300722	I:	D:
1578	1709	+	3	1.335110	I:	D:
1812	2561	-	3	1.323940	I:	D:
2564	3208	-	2	1.314740	I:	D:
3277	4593	-	1	1.325674	I:	D:
4595	5035	-	2	1.344187	I:	D:
5061	5243	-	3	1.343930	I:	D:
5257	5766	-	1	1.314199	I:	D:
5783	6151	-	2	1.320177	I:	D:
6169	6711	-	1	1.324668	I:	D:
6798	7199	-	3	1.313422	I:	D:
7370	7555	-	2	1.368480	I:	D:
7571	8110	-	2	1.302957	I:	D:
8133	8432	-	3	1.291770	I:	D:
8446	8814	-	1	1.316503	I:	D:
8919	9179	-	3	1.328245	I:	D:
9392	9829	-	2	1.329311	I:	D:
9829	10485	-	1	1.312892	I:	D:
10495	10881	-	1	1.360969	I:	D:
10911	11189	-	3	1.334269	I:	D:
11208	12053	-	3	1.341390	I:	D:
12243	12542	-	3	1.298056	I:	D:
12542	13162	-	2	1.332676	I:	D:
13194	13823	-	3	1.326097	I:	D:
13874	14191	-	2	1.337733	I:	D:
14286	14498	-	3	1.353734	I:	D:
14578	15957	-	1	1.330946	I:	D:
16018	16212	-	1	1.346406	I:	D:
16273	17133	+	1	1.339626	I:	D:
17238	17531	-	3	1.306111	I:	D:
17618	18757	-	2	1.342254	I:	D:
18789	20921	-	3	1.316128	I:	D:
20938	22338	-	1	1.326119	I:	D:
22702	24633	-	1	1.351021	I:	D:
25073	28747	-	2	1.327729	I:	D:
28766	31096	-	2	1.324297	I:	D:
>Y6.M037_42
1	1695	-	1	1.325562	I:	D:
1855	2352	+	1	1.327666	I:	D:
2458	2904	-	1	1.319831	I:	D:
2917	3744	-	1	1.333797	I:	D:
3772	4830	-	1	1.322932	I:	D:
5052	5582	-	3	1.379417	I:	D:
5651	6838	-	2	1.325032	I:	D:
6854	8023	-	2	1.314170	I:	D:
8064	11105	-	3	1.322133	I:	D:
11124	12260	-	3	1.307188	I:	D:
12278	12919	-	2	1.325194	I:	D:
13277	13465	+	2	1.332925	I:	D:
13514	13987	-	2	1.303522	I:	D:
13984	14160	-	1	1.346545	I:	D:
14502	18431	-	3	1.330224	I:	D:
18418	19845	-	1	1.322793	I:	D:
19937	20755	-	2	1.351020	I:	D:
20865	21227	-	3	1.313796	I:	D:
21252	21485	-	3	1.296432	I:	D:
21541	21912	-	1	1.319225	I:	D:
>Y6.M037_43
259	1767	+	1	1.354667	I:	D:
1851	2297	+	3	1.337319	I:	D:
2418	3167	+	3	1.333954	I:	D:
3239	4294	+	2	1.340617	I:	D:
4476	6035	+	3	1.328317	I:	D:
6039	8180	+	3	1.330912	I:	D:
8444	9148	+	2	1.318184	I:	D:
9138	10298	+	3	1.322493	I:	D:
10298	12931	+	2	1.339505	I:	D:
12931	13893	+	1	1.341496	I:	D:
13871	14761	+	2	1.341557	I:	D:
14931	17537	+	3	1.324697	I:	D:
17977	19080	+	1	1.312624	I:	D:
19123	20127	+	1	1.321709	I:	D:
20143	21906	+	1	1.321382	I:	D:
21884	23164	+	2	1.332666	I:	D:
23154	24029	+	3	1.313543	I:	D:
23755	24759	+	1	1.344244	I:	D:
24890	25591	+	2	1.335387	I:	D:
25643	27811	+	2	1.336346	I:	D:
27922	28140	-	1	1.292634	I:	D:
28351	28986	-	1	1.308363	I:	D:
29142	30449	-	3	1.318666	I:	D:
30471	30920	-	3	1.357926	I:	D:
30917	31756	-	2	1.334250	I:	D:
31778	32488	-	2	1.335075	I:	D:
32617	33726	-	1	1.307302	I:	D:
33768	34562	-	3	1.332146	I:	D:
34562	35374	-	2	1.326482	I:	D:
35367	36443	-	3	1.310580	I:	D:
36473	37012	-	2	1.316649	I:	D:
37226	38323	+	2	1.343518	I:	D:
38351	38605	+	2	1.431676	I:	D:
38736	39812	+	3	1.341599	I:	D:
39840	40280	+	3	1.328774	I:	D:
40297	40644	+	1	1.347165	I:	D:
40664	41671	-	2	1.337096	I:	D:
41775	42737	-	3	1.333331	I:	D:
42785	43474	-	2	1.332042	I:	D:
43627	44637	+	1	1.343563	I:	D:
44711	46363	-	2	1.352002	I:	D:
>Y6.M037_44
2	379	-	2	1.334268	I:	D:
565	891	+	1	1.314137	I:	D:
919	1713	+	1	1.360577	I:	D:
1697	3070	+	2	1.339908	I:	D:
3067	3336	+	1	1.313416	I:	D:
3462	4217	+	3	1.336801	I:	D:
4249	5268	+	1	1.338789	I:	D:
>Y6.M037_45
166	1515	-	1	1.341527	I:	D:
1605	2117	+	3	1.379985	I:	D:
2229	4391	-	3	1.317436	I:	D:
4881	5774	-	3	1.334297	I:	D:
5823	6608	-	3	1.333018	I:	D:
6756	8375	-	3	1.310891	I:	D:
8486	10699	-	2	1.353838	I:	D:
10821	10961	-	3	1.328461	I:	D:
11032	12444	-	1	1.327725	I:	D:
12473	13621	-	2	1.321784	I:	D:
13663	14028	-	1	1.311071	I:	D:
14050	14826	-	1	1.313846	I:	D:
14844	16313	-	3	1.319817	I:	D:
16462	17748	-	1	1.360753	I:	D:
17872	19137	+	1	1.345809	I:	D:
19350	19916	-	3	1.377166	I:	D:
20101	21747	-	1	1.354167	I:	D:
22033	22458	-	1	1.295757	I:	D:
22632	23552	-	3	1.335908	I:	D:
23578	23883	-	1	1.348778	I:	D:
23873	24694	-	2	1.342974	I:	D:
24777	25772	+	3	1.339936	I:	D:
25810	27153	+	1	1.336824	I:	D:
27274	27906	+	1	1.318094	I:	D:
28037	30328	-	2	1.325972	I:	D:
30466	31803	-	1	1.349574	I:	D:
31827	33140	-	3	1.346173	I:	D:
33493	34377	-	1	1.326488	I:	D:
34379	35059	-	2	1.339875	I:	D:
35769	36212	+	3	1.293913	I:	D:
>Y6.M037_46
1	198	+	1	1.334932	I:	D:
210	419	+	3	1.320246	I:	D:
610	876	+	1	1.299947	I:	D:
1237	1650	+	1	1.339248	I:	D:
1710	1844	+	3	1.302760	I:	D:
1857	2000	+	3	1.294343	I:	D:
2144	3220	+	2	1.307554	I:	D:
3381	3779	-	3	1.354860	I:	D:
3791	3943	-	2	1.312480	I:	D:
3982	6192	-	1	1.327265	I:	D:
6444	7124	-	3	1.351890	I:	D:
7242	7853	-	3	1.340329	I:	D:
7932	9392	+	3	1.332121	I:	D:
9581	9820	+	2	1.375824	I:	D:
9708	10982	+	3	1.360814	I:	D:
11110	12468	+	1	1.319198	I:	D:
12646	12804	+	1	1.403479	I:	D:
12823	13761	+	1	1.336480	I:	D:
13905	14735	+	3	1.310953	I:	D:
14950	15603	+	1	1.347656	I:	D:
15620	16981	+	2	1.340720	I:	D:
17099	18511	+	2	1.343509	I:	D:
18675	20078	-	3	1.332511	I:	D:
20103	21119	-	3	1.340142	I:	D:
21276	22826	+	3	1.329658	I:	D:
22914	23675	+	3	1.350485	I:	D:
23779	24429	+	1	1.316959	I:	D:
24469	25500	+	1	1.329181	I:	D:
25626	26876	+	3	1.325774	I:	D:
26965	28668	+	1	1.328478	I:	D:
28804	29631	-	1	1.326110	I:	D:
29851	30846	+	1	1.337662	I:	D:
30843	31553	+	3	1.348596	I:	D:
31550	32359	+	2	1.341010	I:	D:
32371	33732	+	1	1.332361	I:	D:
33795	34448	+	3	1.316870	I:	D:
34629	34925	+	3	1.344652	I:	D:
35027	35806	+	2	1.323549	I:	D:
>Y6.M037_47
3	1169	+	3	1.350219	I:	D:
1166	1849	+	2	1.325548	I:	D:
2253	2690	+	3	1.312491	I:	D:
2804	3628	+	2	1.345633	I:	D:
3652	4284	+	1	1.365681	I:	D:
4315	4767	+	1	1.362283	I:	D:
4893	7841	+	3	1.320221	I:	D:
7855	9285	+	1	1.338032	I:	D:
9294	11243	+	3	1.333415	I:	D:
11230	11490	+	1	1.365870	I:	D:
11649	12119	-	3	1.360811	I:	D:
>Y6.M037_48
2	1402	+	2	1.309773	I:	D:
1413	1736	+	3	1.345081	I:	D:
1749	2456	+	3	1.332483	I:	D:
2459	3337	+	2	1.324637	I:	D:
3338	3478	+	2	1.311800	I:	D:
3507	3938	+	3	1.335194	I:	D:
>Y6.M037_49
1	201	-	1	1.325253	I:	D:
286	756	-	1	1.305708	I:	D:
802	1119	-	1	1.353146	I:	D:
1137	1538	-	3	1.342854	I:	D:
1552	2643	-	1	1.329686	I:	D:
2662	3198	-	1	1.329421	I:	D:
>Y6.M037_50
473	1336	-	2	1.315608	I:	D:
1852	2022	-	1	1.337683	I:	D:
2077	2298	-	1	1.321422	I:	D:
2378	4753	-	2	1.352127	I:	D:
4922	5164	-	2	1.301887	I:	D:
5429	5779	-	2	1.307156	I:	D:
5985	7574	-	3	1.345413	I:	D:
7807	8211	-	1	1.341323	I:	D:
8237	9106	-	2	1.332917	I:	D:
9116	11815	-	2	1.321184	I:	D:
11865	12824	-	3	1.331745	I:	D:
12835	13587	-	1	1.332189	I:	D:
13756	14871	-	1	1.352324	I:	D:
14894	15025	+	2	1.374798	I:	D:
>Y6.M037_51
340	588	+	1	1.288273	I:	D:
837	1655	-	3	1.320399	I:	D:
1735	2433	+	1	1.338438	I:	D:
2530	3546	-	1	1.340894	I:	D:
3772	4809	+	1	1.330853	I:	D:
4833	5774	+	3	1.324591	I:	D:
5798	6616	+	2	1.315750	I:	D:
6697	8043	+	1	1.312483	I:	D:
8064	9362	+	3	1.339183	I:	D:
9355	10221	+	1	1.329850	I:	D:
10288	12030	-	1	1.322991	I:	D:
12027	13751	-	3	1.332832	I:	D:
13795	14343	-	1	1.333802	I:	D:
14429	15280	+	2	1.343044	I:	D:
15317	15463	+	2	1.337273	I:	D:
15492	16865	+	3	1.332791	I:	D:
16932	17768	-	3	1.355696	I:	D:
17824	19197	-	1	1.306406	I:	D:
19513	20511	+	1	1.348313	I:	D:
20594	22981	+	2	1.335159	I:	D:
23075	24109	-	2	1.322642	I:	D:
24211	25167	-	1	1.328153	I:	D:
25210	26340	-	1	1.313380	I:	D:
26361	27638	-	3	1.311617	I:	D:
27673	28896	-	1	1.336378	I:	D:
29072	30877	+	2	1.345174	I:	D:
31012	31884	+	1	1.320719	I:	D:
31909	32949	-	1	1.338497	I:	D:
33197	33661	+	2	1.328358	I:	D:
33687	34826	+	3	1.308092	I:	D:
34856	35974	-	2	1.347839	I:	D:
36165	37334	-	3	1.345602	I:	D:
37931	38173	-	2	1.354661	I:	D:
38173	38376	-	1	1.351887	I:	D:
38380	39465	-	1	1.337145	I:	D:
39626	40891	+	2	1.349657	I:	D:
40960	41892	+	1	1.355447	I:	D:
41959	43260	-	1	1.339320	I:	D:
43257	43760	-	3	1.322529	I:	D:
43776	44798	-	3	1.318405	I:	D:
44814	47315	-	3	1.335528	I:	D:
47500	48372	+	1	1.356046	I:	D:
48442	49632	+	1	1.346957	I:	D:
49647	50702	+	3	1.344090	I:	D:
50726	52303	-	2	1.340638	I:	D:
52346	53419	-	2	1.359337	I:	D:
53456	54145	-	2	1.323032	I:	D:
54343	54984	+	1	1.334663	I:	D:
55077	56291	+	3	1.340525	I:	D:
56346	56969	-	3	1.325917	I:	D:
56985	58397	-	3	1.326009	I:	D:
58411	60105	-	1	1.328302	I:	D:
60170	60784	-	2	1.306118	I:	D:
60802	61110	-	1	1.304191	I:	D:
61114	61542	-	1	1.317004	I:	D:
61585	63522	-	1	1.322538	I:	D:
63536	64579	-	2	1.324258	I:	D:
64582	64893	-	1	1.273844	I:	D:
65214	66308	-	3	1.363778	I:	D:
66583	67218	+	1	1.326391	I:	D:
67420	67734	+	1	1.292557	I:	D:
68565	69281	-	3	1.319884	I:	D:
69559	71388	+	1	1.330505	I:	D:
71473	71757	+	1	1.341512	I:	D:
71754	71954	+	3	1.302879	I:	D:
72256	73902	+	1	1.343922	I:	D:
73961	76264	-	2	1.334426	I:	D:
76273	76968	-	1	1.299077	I:	D:
77083	77874	-	1	1.316221	I:	D:
78016	79932	-	1	1.333974	I:	D:
79937	81274	-	2	1.341902	I:	D:
81316	81552	-	1	1.328791	I:	D:
81649	81981	-	1	1.372340	I:	D:
82183	83652	-	1	1.322343	I:	D:
84209	84706	+	2	1.373876	I:	D:
84703	85710	+	1	1.354143	I:	D:
85729	86979	+	1	1.345196	I:	D:
86882	87709	+	2	1.338744	I:	D:
87739	88962	+	1	1.343058	I:	D:
88976	89152	+	2	1.293629	I:	D:
89183	91120	+	2	1.338928	I:	D:
91169	92149	+	2	1.356054	I:	D:
92177	92656	+	2	1.344585	I:	D:
92663	92989	+	2	1.347150	I:	D:
93010	94314	+	1	1.335707	I:	D:
94446	95087	+	3	1.328616	I:	D:
95116	95559	+	1	1.332515	I:	D:
95556	96152	+	3	1.359047	I:	D:
96214	97287	-	1	1.325057	I:	D:
97456	97827	+	1	1.317575	I:	D:
97844	98035	+	2	1.333610	I:	D:
98248	98940	+	1	1.313933	I:	D:
99008	100309	+	2	1.351304	I:	D:
100420	101769	+	1	1.314638	I:	D:
101912	102298	+	2	1.342002	I:	D:
102421	103761	+	1	1.335248	I:	D:
103958	104188	+	2	1.381098	I:	D:
104210	104365	+	2	1.331311	I:	D:
104603	104839	+	2	1.338448	I:	D:
105128	107170	+	2	1.320359	I:	D:
107170	107616	+	1	1.271883	I:	D:
107693	109027	+	2	1.329129	I:	D:
109059	110057	-	3	1.310272	I:	D:
110127	110984	+	3	1.329404	I:	D:
111003	112298	+	3	1.331474	I:	D:
112392	113063	+	3	1.335187	I:	D:
113133	113876	-	3	1.318972	I:	D:
113981	115441	+	2	1.329089	I:	D:
115512	116480	+	3	1.317372	I:	D:
116513	116872	+	2	1.341899	I:	D:
116957	117682	-	2	1.354993	I:	D:
117771	117941	-	3	1.380056	I:	D:
118065	118826	-	3	1.329969	I:	D:
118919	119164	-	2	1.319176	I:	D:
119235	121331	-	3	1.329284	I:	D:
121333	121506	-	1	1.354483	I:	D:
121601	121747	+	2	1.364415	I:	D:
121797	122105	+	3	1.332576	I:	D:
122232	123008	-	3	1.319886	I:	D:
123294	124757	+	3	1.364084	I:	D:
124886	125389	+	2	1.348653	I:	D:
125506	125820	+	1	1.337862	I:	D:
126031	127692	+	1	1.330868	I:	D:
127713	129230	+	3	1.336399	I:	D:
129278	129991	+	2	1.319346	I:	D:
130083	130445	+	3	1.316637	I:	D:
130644	130796	+	3	1.330670	I:	D:
130829	131470	+	2	1.313616	I:	D:
131674	133227	-	1	1.345506	I:	D:
133422	134513	+	3	1.334993	I:	D:
134588	135769	-	2	1.353112	I:	D:
135781	137193	+	1	1.367629	I:	D:
137251	139035	-	1	1.316814	I:	D:
139340	140317	+	2	1.352549	I:	D:
140342	141028	+	2	1.348773	I:	D:
141012	141434	+	3	1.347986	I:	D:
141431	141895	+	2	1.304050	I:	D:
141911	142654	+	2	1.331839	I:	D:
142654	143481	+	1	1.332818	I:	D:
143731	143988	+	1	1.305054	I:	D:
144024	145643	+	3	1.332352	I:	D:
145811	146578	-	2	1.338983	I:	D:
147373	148293	+	1	1.329643	I:	D:
148656	149174	+	3	1.323928	I:	D:
149243	150061	+	2	1.364138	I:	D:
150295	150855	+	1	1.369729	I:	D:
151008	151703	+	3	1.318102	I:	D:
151769	152443	-	2	1.300082	I:	D:
152421	153341	-	3	1.320890	I:	D:
153536	154804	-	2	1.328458	I:	D:
154945	156225	-	1	1.326393	I:	D:
156349	157308	+	1	1.344769	I:	D:
157305	158444	+	3	1.337206	I:	D:
158441	161752	+	2	1.337333	I:	D:
161785	163680	+	1	1.357717	I:	D:
163858	164742	+	1	1.308260	I:	D:
164767	165666	+	1	1.329002	I:	D:
165788	166936	+	2	1.338723	I:	D:
166953	167819	+	3	1.348926	I:	D:
167951	169609	+	2	1.341969	I:	D:
169696	170850	-	1	1.332261	I:	D:
170874	172277	-	3	1.336532	I:	D:
172281	172859	-	3	1.281907	I:	D:
>Y6.M037_52
314	1987	+	2	1.309625	I:	D:
2010	2483	+	3	1.306480	I:	D:
2496	2924	+	3	1.331206	I:	D:
2932	3648	+	1	1.336396	I:	D:
3605	4561	+	2	1.345886	I:	D:
4683	5588	+	3	1.359085	I:	D:
5752	9369	+	1	1.344708	I:	D:
9517	10317	+	1	1.327127	I:	D:
10429	11874	+	1	1.332251	I:	D:
11892	12353	+	3	1.345888	I:	D:
12546	12923	+	3	1.343843	I:	D:
13137	13376	-	3	1.334133	I:	D:
>Y6.M037_53
170	1501	-	2	1.343305	I:	D:
1564	2253	-	1	1.355838	I:	D:
2227	2679	+	1	1.296052	I:	D:
2681	3889	+	2	1.347516	I:	D:
4087	4974	+	1	1.316766	I:	D:
5007	6905	+	3	1.337796	I:	D:
6925	7734	+	1	1.330754	I:	D:
7745	8626	+	2	1.333964	I:	D:
8668	9111	+	1	1.323923	I:	D:
9129	10811	+	3	1.324219	I:	D:
11018	12295	+	2	1.342817	I:	D:
12674	12919	+	2	1.334023	I:	D:
>Y6.M037_54
2	145	+	2	1.412993	I:	D:
166	600	-	1	1.347236	I:	D:
757	2382	-	1	1.322795	I:	D:
2451	3218	-	3	1.332969	I:	D:
3215	4036	-	2	1.335658	I:	D:
>Y6.M037_55
2	187	-	2	1.408599	I:	D:
235	7062	-	1	1.321923	I:	D:
7304	8731	-	2	1.342943	I:	D:
8824	10125	-	1	1.335977	I:	D:
10129	10647	-	1	1.332077	I:	D:
10657	11682	-	1	1.320280	I:	D:
11852	12745	-	2	1.355434	I:	D:
12976	14373	+	1	1.328370	I:	D:
14568	15803	-	3	1.342182	I:	D:
15942	16505	-	3	1.341350	I:	D:
16527	17105	-	3	1.333978	I:	D:
17095	17607	-	1	1.313179	I:	D:
17814	19244	-	3	1.329361	I:	D:
19377	21263	-	3	1.329469	I:	D:
21459	21854	+	3	1.336329	I:	D:
21873	22853	+	3	1.345615	I:	D:
22859	23677	-	2	1.320058	I:	D:
23721	23861	-	3	1.357761	I:	D:
24086	24637	-	2	1.355174	I:	D:
24737	24868	+	2	1.367841	I:	D:
24939	26135	-	3	1.329560	I:	D:
26188	26940	-	1	1.352155	I:	D:
26958	27725	-	3	1.368495	I:	D:
27813	28619	-	3	1.353825	I:	D:
28670	29629	-	2	1.334504	I:	D:
29754	31553	+	3	1.325364	I:	D:
31550	33094	+	2	1.317159	I:	D:
33095	33925	-	2	1.331130	I:	D:
33940	34821	-	1	1.333843	I:	D:
34922	36262	-	2	1.308523	I:	D:
36549	37691	+	3	1.327248	I:	D:
37717	39405	+	1	1.346998	I:	D:
39421	40908	-	1	1.348157	I:	D:
40919	45637	-	2	1.331365	I:	D:
45843	47132	-	3	1.327666	I:	D:
47184	47369	+	3	1.370992	I:	D:
47440	47706	-	1	1.350037	I:	D:
47841	48491	-	3	1.352087	I:	D:
48506	49636	-	2	1.311378	I:	D:
49734	50636	-	3	1.334146	I:	D:
50667	51782	-	3	1.349727	I:	D:
51769	52749	-	1	1.362317	I:	D:
52754	53059	-	2	1.336433	I:	D:
53063	54052	-	2	1.335826	I:	D:
54219	55163	-	3	1.315674	I:	D:
55160	55603	-	2	1.341831	I:	D:
55721	56509	-	2	1.348794	I:	D:
56531	58465	-	2	1.359727	I:	D:
58795	59226	+	1	1.349169	I:	D:
59564	59815	-	2	1.384666	I:	D:
59977	61185	-	1	1.334186	I:	D:
61179	61964	-	3	1.347042	I:	D:
61977	63347	-	3	1.335840	I:	D:
63422	65563	-	2	1.332386	I:	D:
65538	66437	-	3	1.334860	I:	D:
66434	66829	-	2	1.355755	I:	D:
67039	67422	-	1	1.307463	I:	D:
67594	69432	-	1	1.331159	I:	D:
69595	70698	-	1	1.337515	I:	D:
70932	71093	-	3	1.311242	I:	D:
