>YA4_115
2	844	+	2	1.273840	I:	D:
991	2007	+	1	1.225534	I:	D:
2720	4867	-	2	1.273893	I:	D:
>YA4_1321
439	684	-	1	1.313945	I:	D:
1140	1754	-	3	1.351036	I:	D:
1901	4105	-	2	1.373787	I:	D:
4618	5394	-	1	1.329282	I:	D:
6116	8053	-	2	1.260757	I:	D:
8074	8565	-	1	1.243094	I:	D:
8614	9294	-	1	1.247783	I:	D:
9595	10737	-	1	1.218981	I:	D:
10755	11636	-	3	1.225709	I:	D:
11629	12318	-	1	1.246876	I:	D:
12721	13806	-	1	1.230353	I:	D:
13944	14624	-	3	1.236792	I:	D:
14611	16830	-	1	1.232242	I:	D:
16842	17162	-	3	1.224969	I:	D:
17557	18273	-	1	1.235195	I:	D:
18270	19664	-	3	1.250570	I:	D:
19670	20311	-	2	1.277866	I:	D:
20308	22206	-	1	1.249775	I:	D:
22216	23052	-	1	1.245031	I:	D:
23651	24304	-	2	1.233894	I:	D:
24301	24876	-	1	1.235855	I:	D:
24921	25484	-	3	1.236717	I:	D:
25690	26292	+	1	1.275549	I:	D:
26344	26541	+	1	1.268115	I:	D:
26579	26929	+	2	1.256686	I:	D:
27071	27340	-	2	1.283248	I:	D:
27484	28992	+	1	1.294076	I:	D:
29020	29913	+	1	1.381090	I:	D:
30070	31368	-	1	1.360241	I:	D:
31478	32128	-	2	1.367032	I:	D:
32327	32542	+	2	1.346236	I:	D:
32641	32772	-	1	1.314915	I:	D:
32800	34221	+	1	1.374072	I:	D:
34675	35760	+	1	1.423756	I:	D:
36013	36393	-	1	1.345598	I:	D:
36682	37137	+	1	1.303542	I:	D:
37234	37761	-	1	1.295187	I:	D:
37800	38546	-	3	1.313088	I:	D:
38703	39185	-	3	1.333939	I:	D:
39244	39867	-	1	1.311203	I:	D:
40013	40171	-	2	1.310906	I:	D:
40490	40750	-	2	1.222420	I:	D:
40943	42742	+	2	1.235071	I:	D:
42807	43592	-	3	1.294269	I:	D:
43832	45016	+	2	1.242993	I:	D:
45065	45802	+	2	1.242254	I:	D:
46100	47179	+	2	1.235756	I:	D:
47181	47927	+	3	1.248080	I:	D:
47929	48465	+	1	1.220062	I:	D:
48535	48717	-	1	1.260929	I:	D:
48731	49303	-	2	1.227528	I:	D:
49303	50589	-	1	1.253864	I:	D:
50707	51840	+	1	1.256364	I:	D:
51849	53240	+	3	1.222043	I:	D:
53392	54525	+	1	1.291709	I:	D:
54556	55632	+	1	1.294902	I:	D:
55664	56485	+	2	1.280297	I:	D:
56635	56793	+	1	1.228268	I:	D:
56900	58354	-	2	1.236729	I:	D:
58750	59037	-	1	1.252489	I:	D:
59183	59578	-	2	1.320193	I:	D:
59736	60215	+	3	1.256493	I:	D:
60212	62110	+	2	1.248627	I:	D:
62113	63810	+	1	1.244893	I:	D:
63857	63994	+	2	1.351191	I:	D:
>YA4_1386
1	486	+	1	1.249651	I:	D:
511	1929	+	1	1.234987	I:	D:
2048	3385	-	2	1.208354	I:	D:
3661	4269	-	1	1.252922	I:	D:
4400	5233	-	2	1.247190	I:	D:
5237	6022	-	2	1.275256	I:	D:
6148	6321	+	1	1.341224	I:	D:
6371	7885	-	2	1.255165	I:	D:
7882	8412	-	1	1.256442	I:	D:
8601	10361	+	3	1.236040	I:	D:
10354	11139	+	1	1.251859	I:	D:
11159	11371	+	2	1.225188	I:	D:
11371	12591	+	1	1.235381	I:	D:
12618	13331	+	3	1.255062	I:	D:
13646	13816	-	2	1.265815	I:	D:
14694	15434	-	3	1.310026	I:	D:
15764	16228	+	2	1.277248	I:	D:
16244	16876	+	2	1.254330	I:	D:
16959	18122	-	3	1.236907	I:	D:
18240	19325	+	3	1.203074	I:	D:
19338	19544	+	3	1.235684	I:	D:
19520	19786	+	2	1.310013	I:	D:
19789	20826	+	1	1.234203	I:	D:
20885	21613	-	2	1.328758	I:	D:
21649	22050	-	1	1.356601	I:	D:
22091	22780	-	2	1.406147	I:	D:
23000	23380	+	2	1.282612	I:	D:
23394	24737	+	3	1.264078	I:	D:
24787	25062	+	1	1.282477	I:	D:
25342	25902	-	1	1.242132	I:	D:
26350	28446	+	1	1.242525	I:	D:
28446	30650	+	3	1.255871	I:	D:
30693	31145	+	3	1.227992	I:	D:
31215	31835	+	3	1.264041	I:	D:
31847	33328	+	2	1.261556	I:	D:
33343	34932	+	1	1.248407	I:	D:
34752	35801	+	3	1.230532	I:	D:
35890	36165	+	1	1.211499	I:	D:
36465	37841	+	3	1.252389	I:	D:
37844	38920	+	2	1.263191	I:	D:
39161	40435	-	2	1.264321	I:	D:
40603	41004	-	1	1.344690	I:	D:
41152	42081	-	1	1.295681	I:	D:
42326	43189	-	2	1.274423	I:	D:
43186	44277	-	1	1.254109	I:	D:
44282	44797	-	2	1.260432	I:	D:
44807	45214	-	2	1.264139	I:	D:
45198	46244	-	3	1.261424	I:	D:
46482	47246	+	3	1.248868	I:	D:
48776	49618	-	2	1.415757	I:	D:
49615	51114	-	1	1.406516	I:	D:
51590	52159	-	2	1.391803	I:	D:
52213	52563	-	1	1.391604	I:	D:
56188	57318	+	1	1.389711	I:	D:
57833	58849	+	2	1.363053	I:	D:
58921	60831	+	1	1.297920	I:	D:
60838	61248	+	1	1.337504	I:	D:
61255	62208	+	1	1.344153	I:	D:
62171	62764	+	2	1.348200	I:	D:
62779	63624	+	1	1.317819	I:	D:
>YA4_1507
1	990	-	1	1.253187	I:	D:
1101	3209	-	3	1.250132	I:	D:
3240	3662	-	3	1.232779	I:	D:
3841	4257	-	1	1.296813	I:	D:
4322	4588	-	2	1.229230	I:	D:
4866	11072	+	3	1.227295	I:	D:
11340	12254	-	3	1.218630	I:	D:
12326	13063	-	2	1.248754	I:	D:
13070	14365	-	2	1.248173	I:	D:
14405	14884	-	2	1.242815	I:	D:
15228	15812	+	3	1.237027	I:	D:
15834	16802	+	3	1.205507	I:	D:
16950	18557	-	3	1.225389	I:	D:
18723	19328	-	3	1.277348	I:	D:
19572	19841	+	3	1.249363	I:	D:
19838	20836	+	2	1.204876	I:	D:
20862	21611	+	3	1.224082	I:	D:
21614	22192	+	2	1.233428	I:	D:
22297	23028	+	1	1.257470	I:	D:
23220	25958	+	3	1.225386	I:	D:
25973	26767	+	2	1.248821	I:	D:
26782	28314	+	1	1.250934	I:	D:
28337	29830	+	2	1.247105	I:	D:
30161	30703	-	2	1.275513	I:	D:
30898	31584	+	1	1.245486	I:	D:
31631	33373	-	2	1.223019	I:	D:
33387	33812	-	3	1.258851	I:	D:
33816	34631	-	3	1.251524	I:	D:
34677	35213	+	3	1.282465	I:	D:
35251	36285	-	1	1.221118	I:	D:
36305	37537	-	2	1.258326	I:	D:
37550	42283	-	2	1.236040	I:	D:
42482	43933	+	2	1.237554	I:	D:
45129	46577	-	3	1.332626	I:	D:
46821	48869	-	3	1.425401	I:	D:
48866	49348	-	2	1.366534	I:	D:
49542	50786	-	3	1.401152	I:	D:
50925	51983	-	3	1.423595	I:	D:
51976	52350	-	1	1.381951	I:	D:
52438	54117	-	1	1.314235	I:	D:
54489	54695	-	3	1.311178	I:	D:
54708	54923	-	3	1.286317	I:	D:
55439	56647	-	2	1.273245	I:	D:
56712	57353	-	3	1.347965	I:	D:
57424	58821	-	1	1.325891	I:	D:
58884	59816	+	3	1.312661	I:	D:
59873	60793	+	2	1.318718	I:	D:
60777	62258	+	3	1.347845	I:	D:
62302	62889	-	1	1.398135	I:	D:
>YA4_4608
294	728	+	3	1.245534	I:	D:
753	1199	+	3	1.234286	I:	D:
1235	3697	+	2	1.196127	I:	D:
3756	4961	-	3	1.231467	I:	D:
5162	6136	-	2	1.213808	I:	D:
6175	6639	-	1	1.227044	I:	D:
6664	8499	-	1	1.212587	I:	D:
9002	9685	+	2	1.209136	I:	D:
9682	10065	+	1	1.177837	I:	D:
10237	10692	-	1	1.238803	I:	D:
10762	11247	-	1	1.274896	I:	D:
11559	11924	-	3	1.200527	I:	D:
12056	13225	-	2	1.216659	I:	D:
13241	13801	-	2	1.226329	I:	D:
14097	14954	-	3	1.240917	I:	D:
15113	15538	+	2	1.229698	I:	D:
15595	15840	-	1	1.256195	I:	D:
15920	18367	-	2	1.214827	I:	D:
18383	19420	-	2	1.216443	I:	D:
20813	22381	-	2	1.211701	I:	D:
22506	23657	-	3	1.197975	I:	D:
23776	24252	+	1	1.241572	I:	D:
24249	24692	+	3	1.224915	I:	D:
24860	25873	+	2	1.237962	I:	D:
25925	27232	+	2	1.226603	I:	D:
27391	28314	+	1	1.209248	I:	D:
28311	29171	+	3	1.219296	I:	D:
29212	30693	+	1	1.231313	I:	D:
31005	31562	-	3	1.207316	I:	D:
31746	32474	+	3	1.198059	I:	D:
32647	33153	-	1	1.293924	I:	D:
33174	33680	-	3	1.272735	I:	D:
33939	34385	+	3	1.226756	I:	D:
34382	35755	+	2	1.202236	I:	D:
36068	36658	+	2	1.239009	I:	D:
36708	38201	-	3	1.247337	I:	D:
37893	38792	+	3	1.220264	I:	D:
38903	40987	+	2	1.197955	I:	D:
41004	41873	+	3	1.225375	I:	D:
41870	43984	+	2	1.216488	I:	D:
44001	44555	+	3	1.208362	I:	D:
44621	46483	-	2	1.207734	I:	D:
46660	47022	+	1	1.215591	I:	D:
47024	47725	+	2	1.213953	I:	D:
47763	48518	+	3	1.187057	I:	D:
48700	49755	+	1	1.222399	I:	D:
49797	51569	+	3	1.234613	I:	D:
51571	52158	+	1	1.204625	I:	D:
>YA4_6377
3	1430	-	3	1.216926	I:	D:
1420	2886	-	1	1.281799	I:	D:
>YA4_8227
962	4909	+	2	1.209460	I:	D:
4965	6236	-	3	1.236256	I:	D:
6471	7463	-	3	1.229483	I:	D:
7490	8407	-	2	1.210799	I:	D:
8605	8925	+	1	1.198762	I:	D:
8922	11027	+	3	1.240002	I:	D:
10877	11548	+	2	1.260339	I:	D:
11553	12122	+	3	1.224409	I:	D:
12205	13014	+	1	1.193376	I:	D:
13026	13541	+	3	1.185499	I:	D:
13552	15645	+	1	1.224338	I:	D:
15654	17492	+	3	1.263239	I:	D:
17656	18420	+	1	1.246813	I:	D:
18448	19314	+	1	1.239545	I:	D:
19352	20656	+	2	1.240827	I:	D:
20676	21098	+	3	1.180928	I:	D:
21100	21798	+	1	1.244451	I:	D:
21828	22571	+	3	1.215180	I:	D:
22594	23010	+	1	1.229341	I:	D:
23328	24683	+	3	1.226836	I:	D:
24801	26576	+	3	1.218997	I:	D:
26904	28133	-	3	1.240858	I:	D:
28217	29398	-	2	1.243219	I:	D:
29511	31475	-	3	1.230830	I:	D:
31586	31789	+	2	1.345291	I:	D:
31918	32667	+	1	1.251675	I:	D:
32730	34145	+	3	1.257970	I:	D:
34212	35279	-	3	1.205633	I:	D:
35497	36291	-	1	1.225071	I:	D:
36314	37408	-	2	1.236912	I:	D:
37454	37663	-	2	1.306215	I:	D:
37660	38052	-	1	1.279862	I:	D:
38128	38262	-	1	1.237792	I:	D:
38648	39991	+	2	1.227694	I:	D:
40243	41352	+	1	1.225005	I:	D:
41358	41573	+	3	1.217856	I:	D:
41563	42666	+	1	1.267955	I:	D:
42666	42923	+	3	1.277479	I:	D:
43010	44947	+	2	1.226242	I:	D:
45002	47494	+	2	1.229216	I:	D:
47487	47825	+	3	1.243024	I:	D:
47822	48496	+	2	1.258622	I:	D:
48509	48943	+	2	1.247869	I:	D:
49159	50583	-	1	1.201667	I:	D:
50898	51299	+	3	1.211770	I:	D:
51394	51963	-	1	1.230362	I:	D:
52105	53028	-	1	1.194698	I:	D:
53071	53880	-	1	1.225446	I:	D:
54266	56158	+	2	1.216816	I:	D:
56260	57984	+	1	1.205190	I:	D:
58377	59588	+	3	1.223294	I:	D:
59693	61063	-	2	1.209723	I:	D:
61428	62981	+	3	1.248849	I:	D:
63006	63953	+	3	1.220489	I:	D:
63985	64797	+	1	1.216922	I:	D:
64802	65581	+	2	1.221443	I:	D:
65578	66312	+	1	1.229488	I:	D:
66319	66747	+	1	1.235630	I:	D:
66744	67829	+	3	1.248576	I:	D:
68007	69680	+	3	1.210616	I:	D:
69742	70038	-	1	1.263282	I:	D:
70163	70603	+	2	1.283679	I:	D:
70749	70931	+	3	1.327303	I:	D:
71004	72407	-	3	1.219321	I:	D:
72528	73358	+	3	1.245999	I:	D:
73443	74135	+	3	1.229017	I:	D:
74169	75338	+	3	1.202328	I:	D:
75382	76383	+	1	1.249730	I:	D:
76544	77998	-	2	1.225432	I:	D:
78174	79763	+	3	1.236395	I:	D:
79760	80725	+	2	1.233420	I:	D:
80792	82948	-	2	1.207535	I:	D:
83006	84487	-	2	1.234778	I:	D:
84680	84886	+	2	1.228075	I:	D:
84954	86297	-	3	1.206913	I:	D:
86562	87689	-	3	1.215966	I:	D:
87926	88114	-	2	1.264209	I:	D:
88247	89614	+	2	1.192818	I:	D:
89738	90079	+	2	1.257421	I:	D:
90131	90469	-	2	1.213073	I:	D:
90445	91059	-	1	1.276469	I:	D:
91430	93697	+	2	1.239607	I:	D:
93916	94476	+	1	1.214099	I:	D:
94488	95009	+	3	1.229455	I:	D:
95028	96758	+	3	1.222644	I:	D:
96772	98067	+	1	1.219512	I:	D:
98078	98692	+	2	1.209557	I:	D:
98689	100515	+	1	1.213767	I:	D:
100534	100968	+	1	1.219032	I:	D:
101108	103267	-	2	1.226116	I:	D:
103283	104059	-	2	1.219465	I:	D:
104258	105703	+	2	1.249546	I:	D:
105833	108433	+	2	1.220697	I:	D:
108451	110355	+	1	1.209442	I:	D:
110378	111316	+	2	1.249679	I:	D:
111363	111605	+	3	1.278593	I:	D:
111677	112951	+	2	1.225832	I:	D:
112975	113670	+	1	1.244710	I:	D:
113689	114126	+	1	1.219949	I:	D:
114158	114904	+	2	1.217968	I:	D:
114965	115843	+	2	1.231346	I:	D:
116050	116898	+	1	1.216529	I:	D:
117112	118335	-	1	1.228144	I:	D:
118436	119401	-	2	1.215442	I:	D:
119398	121230	-	1	1.230656	I:	D:
121357	122049	+	1	1.269107	I:	D:
122046	122510	+	3	1.273055	I:	D:
122530	124584	+	1	1.220003	I:	D:
124646	124909	-	2	1.201987	I:	D:
125082	127415	-	3	1.205878	I:	D:
127456	128223	-	1	1.217595	I:	D:
128578	129483	-	1	1.218841	I:	D:
129514	130008	-	1	1.347762	I:	D:
130038	130556	-	3	1.286869	I:	D:
130574	130909	-	2	1.204474	I:	D:
130927	132735	-	1	1.225735	I:	D:
133098	134702	+	3	1.227676	I:	D:
134784	136403	+	3	1.256788	I:	D:
136778	137209	-	2	1.339558	I:	D:
137223	138425	-	3	1.370235	I:	D:
138980	139963	-	2	1.335826	I:	D:
140039	141607	-	2	1.332371	I:	D:
141663	141872	-	3	1.379280	I:	D:
141977	143368	-	2	1.375095	I:	D:
143394	144398	-	3	1.380851	I:	D:
>YA4_8603
3	692	-	3	1.219889	I:	D:
871	1614	-	1	1.254722	I:	D:
1726	2949	+	1	1.223481	I:	D:
2974	3750	+	1	1.210872	I:	D:
3772	4263	+	1	1.221467	I:	D:
4256	5341	+	2	1.211856	I:	D:
5343	6338	+	3	1.218111	I:	D:
6359	7195	+	2	1.207178	I:	D:
7248	7610	-	3	1.239738	I:	D:
7656	8138	-	3	1.231063	I:	D:
8190	8726	-	3	1.221787	I:	D:
8732	9319	-	2	1.208296	I:	D:
9336	10142	-	3	1.239503	I:	D:
10167	10367	+	3	1.175484	I:	D:
10364	10864	+	2	1.223126	I:	D:
11112	11474	-	3	1.190352	I:	D:
11516	13351	-	2	1.246892	I:	D:
13847	16258	+	2	1.226296	I:	D:
16322	18379	-	2	1.275698	I:	D:
18396	20477	-	3	1.262754	I:	D:
20636	20980	-	2	1.246690	I:	D:
21021	21974	-	3	1.223726	I:	D:
22059	22661	-	3	1.248510	I:	D:
22687	23088	-	1	1.259720	I:	D:
23105	23473	-	2	1.222054	I:	D:
23848	24129	-	1	1.325814	I:	D:
24134	24895	-	2	1.251465	I:	D:
24892	25530	-	1	1.253706	I:	D:
25545	26828	-	3	1.218822	I:	D:
26830	27270	-	1	1.268165	I:	D:
27286	27468	-	1	1.251925	I:	D:
27482	27982	-	2	1.225132	I:	D:
28003	28362	-	1	1.222476	I:	D:
28377	28904	-	3	1.243690	I:	D:
28938	29336	-	3	1.267771	I:	D:
29755	29940	-	1	1.272326	I:	D:
29958	30497	-	3	1.218020	I:	D:
30516	30830	-	3	1.245979	I:	D:
30847	31215	-	1	1.269141	I:	D:
31230	31493	-	3	1.285912	I:	D:
31495	31662	-	1	1.252423	I:	D:
31688	32059	-	2	1.257315	I:	D:
32122	32958	-	1	1.223356	I:	D:
32975	33310	-	2	1.279720	I:	D:
33328	33591	-	1	1.300998	I:	D:
33607	34443	-	1	1.255777	I:	D:
34465	34710	-	1	1.206598	I:	D:
34761	35384	-	3	1.260460	I:	D:
35402	36121	-	2	1.233444	I:	D:
36303	36611	-	3	1.218632	I:	D:
36996	37268	-	3	1.364762	I:	D:
37409	37843	+	2	1.371436	I:	D:
38358	39797	-	3	1.234698	I:	D:
39935	40627	-	2	1.187916	I:	D:
40624	40989	-	1	1.233831	I:	D:
41113	41859	-	1	1.246498	I:	D:
42077	42718	-	2	1.203725	I:	D:
>YA4_10504
3349	3639	-	1	1.297345	I:	D:
3644	4675	-	2	1.279477	I:	D:
4672	5334	-	1	1.314028	I:	D:
5077	5295	+	1	1.295369	I:	D:
5324	6172	-	2	1.265065	I:	D:
6173	7966	-	2	1.286505	I:	D:
7967	8698	-	2	1.314872	I:	D:
8702	11107	-	2	1.283713	I:	D:
11436	12248	-	3	1.317065	I:	D:
12737	14206	-	2	1.359940	I:	D:
14450	14851	-	2	1.282990	I:	D:
14873	15040	-	2	1.280703	I:	D:
15272	15904	+	2	1.311899	I:	D:
15865	16845	+	1	1.286656	I:	D:
16856	17062	+	2	1.269213	I:	D:
17192	18349	+	2	1.265840	I:	D:
18925	19275	-	1	1.237187	I:	D:
19390	19911	-	1	1.363542	I:	D:
19977	21215	-	3	1.230694	I:	D:
21572	22111	+	2	1.228085	I:	D:
22211	22906	-	2	1.237676	I:	D:
22924	24813	-	1	1.232286	I:	D:
24806	25681	-	2	1.248710	I:	D:
25833	26504	-	3	1.242974	I:	D:
26659	27195	+	1	1.247717	I:	D:
27223	28911	+	1	1.259794	I:	D:
28989	31985	-	3	1.233422	I:	D:
32184	32861	+	3	1.258403	I:	D:
32854	34185	+	1	1.246309	I:	D:
34348	35982	-	1	1.198291	I:	D:
36019	36303	-	1	1.245258	I:	D:
36475	37119	-	1	1.236576	I:	D:
37135	38055	-	1	1.245946	I:	D:
38024	38518	-	2	1.250411	I:	D:
38736	39380	+	3	1.264523	I:	D:
>YA4_10913
753	1553	+	3	1.344757	I:	D:
2868	4328	+	3	1.240493	I:	D:
4401	5402	+	3	1.214060	I:	D:
5517	5825	+	3	1.214578	I:	D:
5837	8341	+	2	1.226831	I:	D:
8436	9476	-	3	1.230240	I:	D:
9690	10394	+	3	1.227237	I:	D:
10656	11081	-	3	1.280328	I:	D:
11237	11908	+	2	1.220864	I:	D:
11913	12938	+	3	1.223747	I:	D:
13001	13522	-	2	1.303062	I:	D:
13560	14057	-	3	1.299541	I:	D:
14768	16504	-	2	1.233222	I:	D:
16758	17957	+	3	1.233047	I:	D:
17968	18897	+	1	1.243309	I:	D:
18642	19247	+	3	1.339249	I:	D:
19337	20386	+	2	1.238704	I:	D:
20383	20949	+	1	1.239657	I:	D:
21003	21158	+	3	1.182510	I:	D:
21204	23054	+	3	1.191931	I:	D:
23145	24275	+	3	1.235157	I:	D:
24279	25085	+	3	1.249734	I:	D:
25107	25544	+	3	1.212134	I:	D:
25571	26560	+	2	1.217882	I:	D:
26712	28124	+	3	1.210139	I:	D:
28491	30248	-	3	1.221576	I:	D:
30622	31053	-	1	1.202017	I:	D:
31082	32341	-	2	1.244216	I:	D:
32376	33545	-	3	1.237672	I:	D:
33599	35113	-	2	1.240383	I:	D:
35556	38936	+	3	1.226904	I:	D:
>YA4_11614
117	911	+	3	1.380462	I:	D:
1022	1498	+	2	1.407797	I:	D:
2142	2333	-	3	1.349570	I:	D:
2211	2627	+	3	1.405380	I:	D:
2896	4086	+	1	1.220133	I:	D:
4150	4329	-	1	1.333578	I:	D:
4477	5673	+	1	1.307729	I:	D:
5750	6637	-	2	1.225448	I:	D:
6745	7041	+	1	1.223670	I:	D:
7034	8221	+	2	1.227166	I:	D:
8253	9209	+	3	1.206520	I:	D:
9206	9700	+	2	1.200660	I:	D:
9724	10632	+	1	1.222276	I:	D:
10648	11328	+	1	1.192180	I:	D:
11325	12527	+	3	1.198340	I:	D:
12550	14136	+	1	1.205736	I:	D:
14139	14900	+	3	1.239829	I:	D:
14949	15680	-	3	1.214934	I:	D:
15870	16808	-	3	1.188970	I:	D:
16836	17774	-	3	1.196138	I:	D:
17792	18613	-	2	1.243173	I:	D:
18901	20187	-	1	1.212223	I:	D:
20188	20658	-	1	1.253706	I:	D:
20671	21699	-	1	1.206561	I:	D:
21981	23582	+	3	1.217072	I:	D:
23579	24208	+	2	1.255851	I:	D:
24205	24909	+	1	1.234690	I:	D:
25197	26081	+	3	1.209232	I:	D:
26217	26795	-	3	1.234244	I:	D:
26973	29144	+	3	1.234467	I:	D:
29163	29861	+	3	1.237519	I:	D:
29866	30708	+	1	1.215674	I:	D:
30915	32354	-	3	1.213130	I:	D:
32520	34583	-	3	1.189468	I:	D:
34741	35574	-	1	1.227295	I:	D:
35704	36702	-	1	1.214268	I:	D:
36757	37014	-	1	1.240838	I:	D:
37046	37279	-	2	1.267324	I:	D:
>YA4_12756
3	758	-	3	1.275790	I:	D:
953	1309	+	2	1.294988	I:	D:
1375	2865	-	1	1.223898	I:	D:
2733	3923	-	3	1.268253	I:	D:
3967	4713	-	1	1.282604	I:	D:
4830	5642	-	3	1.229439	I:	D:
5655	5891	-	3	1.221688	I:	D:
5986	6828	-	1	1.214692	I:	D:
6944	8050	-	2	1.182615	I:	D:
8146	8652	-	1	1.198227	I:	D:
8926	9144	+	1	1.344047	I:	D:
9483	9803	+	3	1.234162	I:	D:
9937	10086	-	1	1.308629	I:	D:
10147	11220	-	1	1.213352	I:	D:
11306	11818	-	2	1.224648	I:	D:
11944	12414	+	1	1.269487	I:	D:
12473	12925	-	2	1.205854	I:	D:
12953	14326	-	2	1.229452	I:	D:
14560	16362	+	1	1.205285	I:	D:
16575	18869	+	3	1.239276	I:	D:
18885	19772	+	3	1.203873	I:	D:
19772	20284	+	2	1.223492	I:	D:
20445	21080	+	3	1.270809	I:	D:
21085	22161	+	1	1.228897	I:	D:
22170	22322	+	3	1.222445	I:	D:
22319	23332	+	2	1.226123	I:	D:
23322	24086	+	3	1.201572	I:	D:
24354	24746	+	3	1.215835	I:	D:
24781	25842	+	1	1.258882	I:	D:
25829	26410	+	2	1.285722	I:	D:
26424	28892	+	3	1.224241	I:	D:
29138	29383	+	2	1.293151	I:	D:
29428	30663	+	1	1.223836	I:	D:
30699	31664	+	3	1.221790	I:	D:
32010	32951	+	3	1.204073	I:	D:
32982	34175	+	3	1.222459	I:	D:
34239	35519	-	3	1.219508	I:	D:
>YA4_13339
80	406	+	2	1.258079	I:	D:
502	663	+	1	1.256963	I:	D:
675	920	+	3	1.152416	I:	D:
999	2879	+	3	1.228453	I:	D:
2917	3126	-	1	1.211699	I:	D:
3273	4658	+	3	1.207466	I:	D:
4678	5685	+	1	1.228112	I:	D:
5685	6806	+	3	1.223954	I:	D:
6807	8012	+	3	1.208672	I:	D:
8009	8506	+	2	1.246231	I:	D:
8503	8940	+	1	1.243239	I:	D:
8937	9710	+	3	1.191759	I:	D:
10180	10476	-	1	1.186534	I:	D:
10543	11595	-	1	1.201062	I:	D:
11592	12821	-	3	1.204934	I:	D:
12814	13782	-	1	1.230321	I:	D:
13779	13982	-	3	1.285040	I:	D:
13979	14518	-	2	1.214003	I:	D:
14687	15340	+	2	1.246642	I:	D:
15527	16255	+	2	1.203989	I:	D:
16351	17274	+	1	1.198437	I:	D:
17340	17975	-	3	1.201446	I:	D:
18034	19041	-	1	1.207058	I:	D:
19076	19945	-	2	1.201105	I:	D:
20609	22186	+	2	1.192863	I:	D:
22198	22899	+	1	1.194673	I:	D:
22997	23683	+	2	1.224807	I:	D:
23689	24669	+	1	1.181448	I:	D:
24998	25537	+	2	1.316531	I:	D:
25534	27258	+	1	1.210844	I:	D:
27552	28136	-	3	1.232564	I:	D:
28029	28379	+	3	1.320872	I:	D:
28457	29215	-	2	1.251202	I:	D:
29435	29647	-	2	1.285384	I:	D:
29806	30171	+	1	1.190406	I:	D:
30177	31568	+	3	1.207191	I:	D:
31624	31863	+	1	1.237658	I:	D:
31876	32106	+	1	1.209557	I:	D:
32168	32791	-	2	1.216238	I:	D:
32795	33874	-	2	1.230124	I:	D:
33879	34622	-	3	1.223954	I:	D:
>YA4_13981
66	308	-	3	1.315254	I:	D:
512	1435	-	2	1.331572	I:	D:
1392	2213	-	3	1.293870	I:	D:
2339	2509	-	2	1.349110	I:	D:
2920	3324	-	1	1.219259	I:	D:
3339	3764	-	3	1.212675	I:	D:
3996	4721	+	3	1.232518	I:	D:
4723	5982	+	1	1.201116	I:	D:
5979	7718	+	3	1.237781	I:	D:
7929	8186	-	3	1.140168	I:	D:
8174	8437	-	2	1.224736	I:	D:
8546	8992	+	2	1.233943	I:	D:
9367	12135	+	1	1.220639	I:	D:
12231	13598	+	3	1.206407	I:	D:
13650	14576	-	3	1.206625	I:	D:
14606	15775	-	2	1.231509	I:	D:
15987	17027	+	3	1.205821	I:	D:
17405	17830	-	2	1.196225	I:	D:
17871	18407	-	3	1.225890	I:	D:
18425	18706	-	2	1.244742	I:	D:
18864	19796	-	3	1.252233	I:	D:
20076	20441	+	3	1.271969	I:	D:
20434	21333	+	1	1.243935	I:	D:
21287	23068	+	2	1.194558	I:	D:
23149	24357	-	1	1.239498	I:	D:
24359	24589	-	2	1.260948	I:	D:
24707	25384	-	2	1.219943	I:	D:
25915	26568	-	1	1.358108	I:	D:
26800	27954	+	1	1.226307	I:	D:
28228	29118	-	1	1.252008	I:	D:
29339	29521	-	2	1.178952	I:	D:
>YA4_14037
257	1591	-	2	1.256988	I:	D:
1680	1961	-	3	1.404831	I:	D:
2005	2772	-	1	1.361549	I:	D:
3165	3341	-	3	1.290770	I:	D:
3357	6419	-	3	1.284524	I:	D:
6695	6856	+	2	1.262621	I:	D:
6853	7863	+	1	1.264519	I:	D:
8017	8778	-	1	1.267803	I:	D:
8797	9174	-	1	1.258306	I:	D:
9375	9794	-	3	1.228011	I:	D:
9796	10233	-	1	1.238704	I:	D:
10256	11443	-	2	1.235059	I:	D:
11699	12346	+	2	1.230178	I:	D:
12872	13411	+	2	1.277586	I:	D:
13408	14115	+	1	1.274151	I:	D:
14182	14526	+	1	1.289162	I:	D:
14800	16881	+	1	1.275641	I:	D:
16908	18971	+	3	1.275602	I:	D:
19002	20213	+	3	1.233450	I:	D:
20216	20887	+	2	1.228001	I:	D:
20985	21950	-	3	1.226383	I:	D:
22018	23394	-	1	1.234030	I:	D:
23391	24032	-	3	1.235932	I:	D:
24108	25112	-	3	1.224970	I:	D:
25138	26694	-	1	1.206722	I:	D:
26730	27899	-	3	1.230846	I:	D:
27939	28565	-	3	1.256265	I:	D:
>YA4_14040
1	564	+	1	1.261171	I:	D:
557	1255	+	2	1.233086	I:	D:
1255	1905	+	1	1.293085	I:	D:
1923	2579	+	3	1.239605	I:	D:
2581	3495	+	1	1.246300	I:	D:
3514	3933	+	1	1.266217	I:	D:
4290	4847	-	3	1.328918	I:	D:
5004	5837	+	3	1.296646	I:	D:
5929	6429	+	1	1.325712	I:	D:
6501	7079	-	3	1.311600	I:	D:
7994	8377	+	2	1.343786	I:	D:
8635	9801	+	1	1.334488	I:	D:
9977	10267	+	2	1.384393	I:	D:
10376	11263	-	2	1.221134	I:	D:
11280	12017	-	3	1.238467	I:	D:
12014	12328	-	2	1.270427	I:	D:
12812	13117	+	2	1.273359	I:	D:
13093	14334	+	1	1.237545	I:	D:
14506	14736	+	1	1.253307	I:	D:
14733	16721	+	3	1.211174	I:	D:
17009	18265	-	2	1.225778	I:	D:
18441	19487	-	3	1.209682	I:	D:
19484	23020	-	2	1.216227	I:	D:
23106	23696	-	3	1.248219	I:	D:
23781	24740	-	3	1.224560	I:	D:
24987	26219	-	3	1.242997	I:	D:
26400	26888	+	3	1.230126	I:	D:
26923	28116	+	1	1.196842	I:	D:
28175	28744	+	2	1.215498	I:	D:
>YA4_14076
1	1128	-	1	1.289458	I:	D:
1228	1797	-	1	1.279421	I:	D:
1815	2414	-	3	1.273550	I:	D:
2443	2574	-	1	1.279632	I:	D:
3120	3662	-	3	1.305573	I:	D:
3663	3959	-	3	1.276727	I:	D:
4019	5071	-	2	1.310167	I:	D:
5133	6194	-	3	1.267542	I:	D:
6225	6461	-	3	1.344143	I:	D:
6556	7254	-	1	1.339118	I:	D:
7261	8004	-	1	1.297518	I:	D:
8064	8804	-	3	1.303894	I:	D:
9456	10268	+	3	1.406530	I:	D:
10407	11273	+	3	1.382390	I:	D:
11410	17040	+	1	1.249200	I:	D:
17099	17884	+	2	1.373923	I:	D:
18031	18825	+	1	1.396228	I:	D:
18827	19636	+	2	1.414859	I:	D:
19629	21065	+	3	1.399065	I:	D:
21065	22138	+	2	1.418105	I:	D:
22295	23995	-	2	1.326606	I:	D:
24091	24921	-	1	1.244008	I:	D:
25079	25276	-	2	1.273024	I:	D:
25391	26779	-	2	1.272262	I:	D:
26779	27630	-	1	1.291869	I:	D:
27647	28132	-	2	1.267866	I:	D:
28318	29658	+	1	1.406093	I:	D:
29729	29884	-	2	1.302350	I:	D:
29947	30189	-	1	1.239692	I:	D:
30229	30516	+	1	1.378910	I:	D:
30513	30794	+	3	1.413589	I:	D:
31124	31693	+	2	1.388740	I:	D:
31825	32001	+	1	1.312900	I:	D:
32131	32334	-	1	1.298628	I:	D:
32369	32974	-	2	1.343631	I:	D:
32989	33336	-	1	1.296176	I:	D:
33451	34284	-	1	1.269564	I:	D:
34448	35809	+	2	1.255635	I:	D:
35885	37651	+	2	1.232129	I:	D:
37702	39033	+	1	1.216772	I:	D:
39145	39615	-	1	1.248229	I:	D:
39627	40775	-	3	1.223316	I:	D:
40923	41351	+	3	1.245385	I:	D:
41348	42061	+	2	1.218932	I:	D:
42089	42724	+	2	1.234552	I:	D:
42947	44089	+	2	1.257190	I:	D:
44079	44933	+	3	1.228127	I:	D:
44930	46927	+	2	1.227864	I:	D:
46941	47342	+	3	1.211632	I:	D:
47517	49256	+	3	1.252524	I:	D:
49362	49868	+	3	1.316237	I:	D:
49879	50409	+	1	1.256155	I:	D:
50566	51750	+	1	1.260147	I:	D:
51758	55327	+	2	1.208081	I:	D:
55340	56209	+	2	1.174689	I:	D:
56224	56946	+	1	1.228427	I:	D:
56943	57533	+	3	1.228603	I:	D:
57543	57863	+	3	1.220462	I:	D:
57932	59053	+	2	1.240542	I:	D:
59077	59409	+	1	1.187684	I:	D:
59415	60128	+	3	1.220821	I:	D:
60118	61692	+	1	1.226401	I:	D:
61741	62187	-	1	1.290800	I:	D:
62221	62892	-	1	1.243287	I:	D:
62896	64212	-	1	1.207080	I:	D:
64388	64717	+	2	1.226692	I:	D:
64714	65415	+	1	1.236568	I:	D:
65423	66805	+	2	1.222354	I:	D:
66802	67698	+	1	1.214848	I:	D:
67765	68205	-	1	1.209179	I:	D:
68248	68814	-	1	1.204333	I:	D:
69186	70259	-	3	1.204677	I:	D:
70274	70780	-	2	1.242106	I:	D:
70854	71612	+	3	1.229364	I:	D:
71689	71874	-	1	1.350390	I:	D:
72013	74439	-	1	1.229364	I:	D:
74876	75943	+	2	1.232114	I:	D:
76098	76421	+	3	1.273797	I:	D:
76400	77581	+	2	1.248703	I:	D:
77632	78726	-	1	1.228898	I:	D:
78886	79593	-	1	1.238529	I:	D:
79674	80123	+	3	1.240658	I:	D:
80120	80335	+	2	1.265654	I:	D:
80191	81372	+	1	1.254566	I:	D:
81413	82030	+	2	1.226688	I:	D:
82224	82553	+	3	1.285586	I:	D:
82646	82966	+	2	1.268905	I:	D:
83126	83758	-	2	1.222776	I:	D:
83769	84680	-	3	1.233445	I:	D:
84756	86279	-	3	1.212238	I:	D:
86292	87524	-	3	1.230545	I:	D:
87534	89561	-	3	1.239427	I:	D:
89896	91341	+	1	1.228585	I:	D:
91545	92255	+	3	1.287768	I:	D:
92361	93914	-	3	1.231866	I:	D:
93944	94690	-	2	1.238143	I:	D:
94692	95474	-	3	1.234379	I:	D:
95479	96270	-	1	1.229604	I:	D:
96309	97250	-	3	1.225455	I:	D:
97260	98051	-	3	1.238470	I:	D:
98072	98812	-	2	1.258923	I:	D:
99227	99691	-	2	1.235525	I:	D:
99761	100720	-	2	1.217100	I:	D:
100720	101169	-	1	1.249405	I:	D:
101394	102053	-	3	1.252259	I:	D:
102249	104753	-	3	1.232613	I:	D:
104596	105762	+	1	1.266773	I:	D:
105841	107088	-	1	1.221280	I:	D:
107458	110133	+	1	1.237816	I:	D:
110228	111523	+	2	1.227732	I:	D:
111523	112794	+	1	1.230972	I:	D:
112810	114501	+	1	1.229338	I:	D:
114609	115160	+	3	1.245967	I:	D:
115249	116259	+	1	1.213752	I:	D:
116547	117413	-	3	1.243861	I:	D:
117529	118143	+	1	1.239245	I:	D:
118234	119427	+	1	1.236688	I:	D:
119429	120250	+	2	1.209629	I:	D:
120297	122030	-	3	1.210842	I:	D:
122244	123065	+	3	1.189666	I:	D:
123070	123717	+	1	1.218879	I:	D:
123731	124489	+	2	1.224688	I:	D:
124618	125217	-	1	1.231259	I:	D:
125286	125978	-	3	1.235906	I:	D:
126216	126920	-	3	1.214154	I:	D:
127001	128563	-	2	1.212508	I:	D:
128575	129825	-	1	1.245255	I:	D:
129922	130974	-	1	1.236897	I:	D:
131018	131845	-	2	1.202889	I:	D:
131859	132260	-	3	1.231484	I:	D:
132764	134224	-	2	1.208954	I:	D:
134221	135153	-	1	1.232874	I:	D:
135338	136639	+	2	1.223002	I:	D:
136673	138001	+	2	1.224343	I:	D:
138003	138659	+	3	1.219286	I:	D:
138683	139603	+	2	1.229243	I:	D:
139800	140747	+	3	1.259603	I:	D:
140781	141020	+	3	1.207088	I:	D:
141029	141889	+	2	1.266032	I:	D:
141876	142850	+	3	1.246171	I:	D:
142937	143134	-	2	1.213035	I:	D:
143351	144052	+	2	1.233708	I:	D:
144021	144905	+	3	1.192456	I:	D:
145083	146180	-	3	1.221187	I:	D:
146196	147188	-	3	1.230618	I:	D:
147243	148466	-	3	1.237267	I:	D:
148762	149988	+	1	1.225704	I:	D:
150189	151625	+	3	1.223649	I:	D:
151714	152064	+	1	1.264949	I:	D:
152061	152912	+	3	1.297274	I:	D:
152980	153600	+	1	1.227460	I:	D:
153763	154662	-	1	1.234361	I:	D:
154675	155865	-	1	1.221112	I:	D:
155865	156137	-	3	1.315000	I:	D:
156151	156723	-	1	1.226390	I:	D:
156734	157411	-	2	1.202356	I:	D:
157415	158848	-	2	1.219780	I:	D:
158888	159172	-	2	1.226935	I:	D:
159302	160939	-	2	1.222150	I:	D:
>YA4_14104
1	258	+	1	1.236922	I:	D:
527	1459	+	2	1.277225	I:	D:
1476	1796	+	3	1.290006	I:	D:
1893	3527	-	3	1.244859	I:	D:
3541	3798	-	1	1.215287	I:	D:
3814	4131	-	1	1.248806	I:	D:
4310	5791	-	2	1.231396	I:	D:
5964	6416	-	3	1.244842	I:	D:
6878	7825	+	2	1.253114	I:	D:
7836	8261	+	3	1.318933	I:	D:
8377	9027	+	1	1.224086	I:	D:
9070	9897	+	1	1.226151	I:	D:
9919	10632	+	1	1.254953	I:	D:
10645	11295	+	1	1.252927	I:	D:
11353	11583	+	1	1.260846	I:	D:
11744	11920	-	2	1.310199	I:	D:
12163	13512	+	1	1.268155	I:	D:
13728	16082	+	3	1.279188	I:	D:
16069	16518	+	1	1.289268	I:	D:
16524	17189	+	3	1.269713	I:	D:
17170	18135	+	1	1.298684	I:	D:
18132	19226	+	3	1.306240	I:	D:
19280	19993	+	2	1.304663	I:	D:
20485	22032	+	1	1.227206	I:	D:
22029	23321	+	3	1.225351	I:	D:
23363	24349	+	2	1.196232	I:	D:
24523	25872	+	1	1.246875	I:	D:
25886	26773	+	2	1.223654	I:	D:
26832	27764	-	3	1.219028	I:	D:
>YA4_14149
3	659	+	3	1.412689	I:	D:
942	2315	-	3	1.230207	I:	D:
2545	3507	-	1	1.210390	I:	D:
3684	4874	-	3	1.229104	I:	D:
4900	5559	-	1	1.217693	I:	D:
5834	7543	+	2	1.206484	I:	D:
7596	9752	-	3	1.210806	I:	D:
10213	10575	-	1	1.247491	I:	D:
10764	11132	-	3	1.244455	I:	D:
11372	11584	+	2	1.225265	I:	D:
11620	11841	+	1	1.238124	I:	D:
11870	14371	+	2	1.194927	I:	D:
14420	14596	+	2	1.320098	I:	D:
14663	15049	+	2	1.229350	I:	D:
15094	15351	+	1	1.250192	I:	D:
15354	16301	+	3	1.241058	I:	D:
16336	17292	-	1	1.206692	I:	D:
17295	18170	-	3	1.216078	I:	D:
18754	19650	+	1	1.220530	I:	D:
19777	20871	+	1	1.250117	I:	D:
20914	21312	+	1	1.203125	I:	D:
21464	23278	+	2	1.208759	I:	D:
23365	24501	+	1	1.213629	I:	D:
24599	25096	+	2	1.276318	I:	D:
25204	26541	+	1	1.220181	I:	D:
26619	27029	+	3	1.234334	I:	D:
27165	27590	-	3	1.235460	I:	D:
>YA4_14312
2	271	+	2	1.347777	I:	D:
264	977	+	3	1.257972	I:	D:
1277	2215	-	2	1.248907	I:	D:
2248	3042	-	1	1.252338	I:	D:
3073	4389	-	1	1.276407	I:	D:
4640	5572	-	2	1.280384	I:	D:
5713	5853	-	1	1.305292	I:	D:
5939	6571	-	2	1.300465	I:	D:
6772	7248	-	1	1.281627	I:	D:
7271	8161	-	2	1.274666	I:	D:
8426	9052	+	2	1.322994	I:	D:
9233	10036	+	2	1.241411	I:	D:
10422	10952	+	3	1.255753	I:	D:
10949	11470	+	2	1.271454	I:	D:
11374	12330	+	1	1.229988	I:	D:
12424	13182	-	1	1.240472	I:	D:
13184	14116	-	2	1.249363	I:	D:
14121	14762	-	3	1.245783	I:	D:
14770	15381	-	1	1.291284	I:	D:
15719	16384	-	2	1.273610	I:	D:
16664	17716	-	2	1.272780	I:	D:
17730	18935	-	3	1.277141	I:	D:
19305	19577	+	3	1.354622	I:	D:
19722	23117	-	3	1.259533	I:	D:
23098	25593	-	1	1.263020	I:	D:
25626	25928	-	3	1.358727	I:	D:
26102	26755	+	2	1.272249	I:	D:
26820	27605	-	3	1.287704	I:	D:
27645	29807	-	3	1.265847	I:	D:
30037	31980	-	1	1.256902	I:	D:
32439	33017	-	3	1.224929	I:	D:
33154	34206	-	1	1.286228	I:	D:
34573	35607	-	1	1.250231	I:	D:
35732	36640	-	2	1.278632	I:	D:
36739	37374	-	1	1.243583	I:	D:
37447	38325	-	1	1.262938	I:	D:
38492	39175	+	2	1.286173	I:	D:
39315	39458	+	3	1.332001	I:	D:
39572	40852	-	2	1.240112	I:	D:
41052	41258	+	3	1.195033	I:	D:
41358	42284	+	3	1.247494	I:	D:
42278	42763	+	2	1.254418	I:	D:
42774	42968	+	3	1.167601	I:	D:
42971	43357	+	2	1.223711	I:	D:
43354	44418	+	1	1.205195	I:	D:
44415	44882	+	3	1.241693	I:	D:
44890	45381	+	1	1.239056	I:	D:
45396	45938	+	3	1.236243	I:	D:
46022	46381	+	2	1.224757	I:	D:
46420	46869	+	1	1.240895	I:	D:
46938	48164	+	3	1.249244	I:	D:
48145	48372	+	1	1.192393	I:	D:
48375	49244	+	3	1.218091	I:	D:
49324	49803	-	1	1.274293	I:	D:
49958	51715	-	2	1.224502	I:	D:
51788	52333	-	2	1.262497	I:	D:
52337	52558	-	2	1.250372	I:	D:
52847	53878	+	2	1.280144	I:	D:
53927	55096	-	2	1.207407	I:	D:
55223	55981	-	2	1.213038	I:	D:
55914	57251	-	3	1.278600	I:	D:
57310	58428	-	1	1.249107	I:	D:
58440	59666	-	3	1.224148	I:	D:
59697	60689	-	3	1.210048	I:	D:
60723	62150	-	3	1.270147	I:	D:
62172	64502	-	3	1.228585	I:	D:
64589	65140	-	2	1.235671	I:	D:
65213	66178	-	2	1.229373	I:	D:
66182	66598	-	2	1.254299	I:	D:
66958	67548	-	1	1.207382	I:	D:
67549	68022	-	1	1.266471	I:	D:
68027	68578	-	2	1.262875	I:	D:
68583	69410	-	3	1.234106	I:	D:
69417	70976	-	3	1.217604	I:	D:
70973	71833	-	2	1.256280	I:	D:
71839	72612	-	1	1.260354	I:	D:
72602	73108	-	2	1.259629	I:	D:
73372	74463	+	1	1.245478	I:	D:
74653	74817	-	1	1.327104	I:	D:
74862	75143	-	3	1.365455	I:	D:
75387	75902	-	3	1.328717	I:	D:
76301	77731	+	2	1.433470	I:	D:
77933	78718	-	2	1.357059	I:	D:
78675	80489	-	3	1.356358	I:	D:
80975	81745	-	2	1.432893	I:	D:
82072	83985	-	1	1.396725	I:	D:
83975	84775	-	2	1.359989	I:	D:
84778	85332	-	1	1.406501	I:	D:
85383	85592	-	3	1.356572	I:	D:
87540	88352	-	3	1.398506	I:	D:
88376	88645	-	2	1.389883	I:	D:
88837	90285	-	1	1.360997	I:	D:
90299	91057	-	2	1.367178	I:	D:
91080	91670	-	3	1.398701	I:	D:
91737	92252	-	3	1.319988	I:	D:
92341	95439	-	1	1.419777	I:	D:
95443	95946	-	1	1.416923	I:	D:
99159	99374	+	3	1.414280	I:	D:
100331	101191	-	2	1.404468	I:	D:
102135	103013	+	3	1.359029	I:	D:
104166	104969	-	3	1.402850	I:	D:
105189	105887	-	3	1.417255	I:	D:
106217	106477	-	2	1.320841	I:	D:
106464	106697	-	3	1.290937	I:	D:
106805	107803	-	2	1.314010	I:	D:
107816	108553	-	2	1.320463	I:	D:
108510	109664	-	3	1.396407	I:	D:
109700	110206	-	2	1.260069	I:	D:
110353	110994	-	1	1.354432	I:	D:
110998	111846	-	1	1.306639	I:	D:
111839	112021	-	2	1.318492	I:	D:
112038	112964	-	3	1.337233	I:	D:
113469	113630	+	3	1.403008	I:	D:
113752	114003	+	1	1.208418	I:	D:
114019	114381	+	1	1.226405	I:	D:
114384	114695	+	3	1.264615	I:	D:
114943	116334	-	1	1.234756	I:	D:
116350	117972	-	1	1.246263	I:	D:
117991	118629	-	1	1.219904	I:	D:
118633	119709	-	1	1.233147	I:	D:
119719	120207	-	1	1.252400	I:	D:
120222	122114	-	3	1.238028	I:	D:
122127	123482	-	3	1.243345	I:	D:
123479	124540	-	2	1.233170	I:	D:
124686	126644	-	3	1.226917	I:	D:
126644	128104	-	2	1.218076	I:	D:
128118	129545	-	3	1.239371	I:	D:
129562	131046	-	1	1.230933	I:	D:
131043	131438	-	3	1.230407	I:	D:
131438	132337	-	2	1.269895	I:	D:
132321	132614	-	3	1.240592	I:	D:
132611	132955	-	2	1.234869	I:	D:
132945	133268	-	3	1.214367	I:	D:
133259	133735	-	2	1.276532	I:	D:
134045	134740	+	2	1.257937	I:	D:
134835	135086	+	3	1.267830	I:	D:
135083	136222	+	2	1.265905	I:	D:
136305	137201	+	3	1.236500	I:	D:
137185	138444	+	1	1.228507	I:	D:
138479	138883	+	2	1.267589	I:	D:
139003	139770	+	1	1.247133	I:	D:
139772	140419	+	2	1.268883	I:	D:
140446	141324	+	1	1.217772	I:	D:
141338	141601	+	2	1.208189	I:	D:
141604	142200	+	1	1.257158	I:	D:
142234	142452	+	1	1.197728	I:	D:
142475	144904	+	2	1.251439	I:	D:
144923	145426	+	2	1.247311	I:	D:
145438	146343	+	1	1.250938	I:	D:
146340	147680	+	3	1.240844	I:	D:
147704	148726	+	2	1.246992	I:	D:
148723	149445	+	1	1.234579	I:	D:
149462	151384	+	2	1.232652	I:	D:
151381	152262	+	1	1.241381	I:	D:
152303	152566	-	2	1.258472	I:	D:
152591	153271	-	2	1.286984	I:	D:
>YA4_14385
180	4355	-	3	1.215936	I:	D:
858	4946	+	3	1.391772	I:	D:
5039	6139	+	2	1.264120	I:	D:
6237	6383	-	3	1.277845	I:	D:
6391	6609	+	1	1.252371	I:	D:
6609	7748	+	3	1.253610	I:	D:
7871	8104	-	2	1.199694	I:	D:
8115	9047	-	3	1.240283	I:	D:
9254	9814	+	2	1.267075	I:	D:
9811	10980	+	1	1.250430	I:	D:
11022	11258	-	3	1.267131	I:	D:
11408	12181	+	2	1.239346	I:	D:
12248	13642	+	2	1.223720	I:	D:
13903	14091	-	1	1.207446	I:	D:
14171	16678	-	2	1.229499	I:	D:
16694	17521	-	2	1.228153	I:	D:
17767	18441	-	1	1.237020	I:	D:
18573	19136	+	3	1.364045	I:	D:
19152	19784	+	3	1.309786	I:	D:
20282	20491	+	2	1.341686	I:	D:
20574	20963	+	3	1.416565	I:	D:
21029	21505	-	2	1.283224	I:	D:
21918	22268	-	3	1.269763	I:	D:
22703	23998	+	2	1.322873	I:	D:
24770	25201	-	2	1.305242	I:	D:
>YA4_14413
614	9256	+	2	1.221230	I:	D:
9802	15684	+	1	1.238192	I:	D:
16028	17392	-	2	1.260781	I:	D:
17389	17751	-	1	1.189164	I:	D:
17745	17939	-	3	1.290547	I:	D:
18156	18767	-	3	1.268257	I:	D:
19068	19904	+	3	1.250060	I:	D:
19894	20706	+	1	1.230073	I:	D:
20790	21698	+	3	1.214724	I:	D:
21785	21958	+	2	1.258924	I:	D:
22006	22614	-	1	1.240277	I:	D:
22996	23481	+	1	1.231211	I:	D:
23494	23721	+	1	1.227031	I:	D:
23764	24618	+	1	1.225500	I:	D:
>YA4_14427
276	995	+	3	1.213403	I:	D:
999	1556	+	3	1.228133	I:	D:
1601	2311	+	2	1.260916	I:	D:
2325	3137	+	3	1.214925	I:	D:
3160	4317	+	1	1.237658	I:	D:
4314	5375	+	3	1.211215	I:	D:
5468	6505	+	2	1.230368	I:	D:
6519	10463	+	3	1.236752	I:	D:
10619	10996	+	2	1.340512	I:	D:
10999	11493	+	1	1.306244	I:	D:
11599	12276	+	1	1.283782	I:	D:
12402	13412	+	3	1.242037	I:	D:
13414	14799	+	1	1.245517	I:	D:
14805	15902	+	3	1.244707	I:	D:
16081	17253	-	1	1.242828	I:	D:
17370	18089	-	3	1.226229	I:	D:
18116	18781	-	2	1.220343	I:	D:
19107	19718	-	3	1.262470	I:	D:
19865	20320	-	2	1.291149	I:	D:
20624	21349	-	2	1.415808	I:	D:
21797	22009	-	2	1.372018	I:	D:
22010	22486	-	2	1.358413	I:	D:
22765	23988	+	1	1.351168	I:	D:
24023	24586	-	2	1.371222	I:	D:
>YA4_14542
1	201	+	1	1.210445	I:	D:
571	1092	-	1	1.238659	I:	D:
1217	2065	+	2	1.230087	I:	D:
2116	2292	+	1	1.140865	I:	D:
2306	2797	+	2	1.254733	I:	D:
2841	4283	-	3	1.225447	I:	D:
4582	6999	-	1	1.216717	I:	D:
7000	8424	-	1	1.232058	I:	D:
8457	9563	-	3	1.232370	I:	D:
9560	10771	-	2	1.230857	I:	D:
10799	12640	-	2	1.253928	I:	D:
12884	13546	-	2	1.207734	I:	D:
13539	15371	-	3	1.249067	I:	D:
15385	16269	-	1	1.216814	I:	D:
16361	17425	-	2	1.197791	I:	D:
17545	17982	+	1	1.235641	I:	D:
18163	20031	-	1	1.222132	I:	D:
20300	21097	-	2	1.356816	I:	D:
21104	21838	-	2	1.371805	I:	D:
22045	22233	-	1	1.351413	I:	D:
22456	22956	-	1	1.390206	I:	D:
23416	23796	-	1	1.346994	I:	D:
>YA4_14598
72	287	-	3	1.231736	I:	D:
300	1943	-	3	1.236082	I:	D:
1940	3157	-	2	1.221718	I:	D:
3396	3644	+	3	1.199340	I:	D:
3648	3842	+	3	1.196892	I:	D:
3917	4777	-	2	1.218729	I:	D:
4930	6264	+	1	1.213214	I:	D:
6328	6861	-	1	1.258939	I:	D:
6914	9112	-	2	1.230789	I:	D:
9439	10818	-	1	1.213961	I:	D:
10842	12245	-	3	1.237959	I:	D:
12242	13561	-	2	1.217419	I:	D:
13564	13941	-	1	1.200810	I:	D:
13981	16632	-	1	1.221020	I:	D:
17528	18994	+	2	1.188630	I:	D:
19115	19828	+	2	1.269235	I:	D:
19920	21026	+	3	1.216933	I:	D:
21165	21431	+	3	1.204891	I:	D:
21446	21733	+	2	1.182455	I:	D:
21746	22006	+	2	1.162929	I:	D:
22028	23110	+	2	1.213404	I:	D:
23107	23331	+	1	1.199660	I:	D:
>YA4_14640
3	545	-	3	1.248967	I:	D:
994	1650	+	1	1.210334	I:	D:
1886	2350	-	2	1.233128	I:	D:
2571	3851	-	3	1.215726	I:	D:
4105	4446	+	1	1.226051	I:	D:
4566	5432	+	3	1.224512	I:	D:
5429	6055	+	2	1.257313	I:	D:
6052	6408	+	1	1.274658	I:	D:
6417	7346	+	3	1.278099	I:	D:
7378	8067	+	1	1.282638	I:	D:
8157	9491	+	3	1.188803	I:	D:
9573	10154	+	3	1.228274	I:	D:
10158	11417	+	3	1.209888	I:	D:
11499	13868	+	3	1.217625	I:	D:
13885	14478	+	1	1.236656	I:	D:
14601	15020	+	3	1.229401	I:	D:
15033	15926	+	3	1.231317	I:	D:
15931	16839	+	1	1.260493	I:	D:
16832	17665	+	2	1.233381	I:	D:
17670	17852	+	3	1.239507	I:	D:
17981	19708	-	2	1.221885	I:	D:
19731	20045	-	3	1.238824	I:	D:
20071	20553	-	1	1.225477	I:	D:
20541	21332	-	3	1.246693	I:	D:
21406	22710	-	1	1.221355	I:	D:
>YA4_14878
282	611	-	3	1.393969	I:	D:
626	1795	-	2	1.224553	I:	D:
1797	2492	-	3	1.261591	I:	D:
2555	3061	-	2	1.209032	I:	D:
3083	3223	-	2	1.367208	I:	D:
3227	3535	-	2	1.269238	I:	D:
3538	4545	-	1	1.245914	I:	D:
4547	5596	-	2	1.227867	I:	D:
5611	6123	-	1	1.219270	I:	D:
6134	6541	-	2	1.245969	I:	D:
6516	7526	-	3	1.237617	I:	D:
7523	8122	-	2	1.257722	I:	D:
8156	8800	-	2	1.237019	I:	D:
8860	8997	-	1	1.307850	I:	D:
9190	9603	+	1	1.271541	I:	D:
9667	10566	-	1	1.274981	I:	D:
10629	11606	-	3	1.338523	I:	D:
11766	12401	-	3	1.257032	I:	D:
12408	13379	-	3	1.283260	I:	D:
13659	14828	-	3	1.248865	I:	D:
14864	15160	-	2	1.238912	I:	D:
15284	15925	-	2	1.264343	I:	D:
16002	17603	-	3	1.210282	I:	D:
17597	18262	-	2	1.250782	I:	D:
18297	18749	-	3	1.262232	I:	D:
18773	19282	-	2	1.252069	I:	D:
20065	20268	+	1	1.375874	I:	D:
20303	20875	+	2	1.408222	I:	D:
>YA4_15036
388	1590	-	1	1.209809	I:	D:
1598	3841	-	2	1.218298	I:	D:
4300	4671	+	1	1.258267	I:	D:
4674	6020	+	3	1.236615	I:	D:
6063	9284	+	3	1.212588	I:	D:
9286	9945	+	1	1.187884	I:	D:
10134	11564	-	3	1.237883	I:	D:
11812	12273	-	1	1.286193	I:	D:
12286	12447	-	1	1.280720	I:	D:
12533	12697	-	2	1.321441	I:	D:
12801	13043	+	3	1.234609	I:	D:
13246	13509	-	1	1.269863	I:	D:
13935	14435	-	3	1.296236	I:	D:
14519	16624	-	2	1.215722	I:	D:
16628	16885	-	2	1.165838	I:	D:
17612	18736	-	2	1.201988	I:	D:
18839	19573	-	2	1.221817	I:	D:
>YA4_15062
1166	1741	-	2	1.295276	I:	D:
1847	2584	+	2	1.223369	I:	D:
2724	3308	+	3	1.246185	I:	D:
3478	4248	+	1	1.255422	I:	D:
4245	5063	+	3	1.226062	I:	D:
5077	6555	+	1	1.219629	I:	D:
6564	8024	+	3	1.210730	I:	D:
8244	8924	+	3	1.205789	I:	D:
8999	10390	+	2	1.214547	I:	D:
10405	11757	+	1	1.202418	I:	D:
11854	12858	+	1	1.251417	I:	D:
12926	13315	+	2	1.233283	I:	D:
13637	15628	+	2	1.231622	I:	D:
15668	17908	+	2	1.228487	I:	D:
17953	18813	+	1	1.201816	I:	D:
18827	19477	+	2	1.231641	I:	D:
>YA4_15406
1	1167	+	1	1.359230	I:	D:
1848	2732	+	3	1.345700	I:	D:
3388	4044	-	1	1.237735	I:	D:
4016	4708	-	2	1.252782	I:	D:
4874	6139	+	2	1.216410	I:	D:
6278	7183	-	2	1.209559	I:	D:
7219	7425	-	1	1.224425	I:	D:
7424	7657	+	2	1.363176	I:	D:
7821	8306	+	3	1.276704	I:	D:
8282	9586	+	2	1.243051	I:	D:
9588	9953	+	3	1.211349	I:	D:
9960	10166	+	3	1.228400	I:	D:
10390	11040	+	1	1.228834	I:	D:
11266	11445	+	1	1.299038	I:	D:
11561	12367	+	2	1.222762	I:	D:
12405	12740	+	3	1.253508	I:	D:
12813	13070	+	3	1.258056	I:	D:
13126	14526	-	1	1.241410	I:	D:
14528	15370	-	2	1.244269	I:	D:
15611	16954	-	2	1.225910	I:	D:
>YA4_15409
1	582	+	1	1.285593	I:	D:
650	1576	+	2	1.325681	I:	D:
1671	2048	+	3	1.367407	I:	D:
2203	3084	+	1	1.302012	I:	D:
3194	3625	-	2	1.247090	I:	D:
3864	5150	+	3	1.225695	I:	D:
5150	5884	+	2	1.253538	I:	D:
5931	7637	-	3	1.236459	I:	D:
7731	8570	-	3	1.233846	I:	D:
8792	9352	+	2	1.314219	I:	D:
9492	10262	+	3	1.221263	I:	D:
10300	11562	-	1	1.239473	I:	D:
11347	12717	+	1	1.246569	I:	D:
12721	13740	+	1	1.219808	I:	D:
13737	14330	+	3	1.179443	I:	D:
14349	14996	+	3	1.195026	I:	D:
15000	15587	+	3	1.212770	I:	D:
15600	16526	+	3	1.239215	I:	D:
16613	17407	+	2	1.278485	I:	D:
>YA4_15620
64	192	+	1	1.200695	I:	D:
231	437	-	3	1.229154	I:	D:
581	802	-	2	1.269191	I:	D:
917	2416	+	2	1.247623	I:	D:
2717	3592	+	2	1.227605	I:	D:
3602	4999	+	2	1.237320	I:	D:
5051	5431	-	2	1.212063	I:	D:
5824	6342	-	1	1.211070	I:	D:
6344	6922	-	2	1.227342	I:	D:
7093	7338	+	1	1.300830	I:	D:
7564	8571	+	1	1.236577	I:	D:
8857	9330	+	1	1.211260	I:	D:
9419	9610	+	2	1.333564	I:	D:
10068	10424	+	3	1.222354	I:	D:
10421	10777	+	2	1.164711	I:	D:
10847	11764	+	2	1.245518	I:	D:
11712	12410	+	3	1.213013	I:	D:
12484	13365	-	1	1.301725	I:	D:
14264	15481	-	2	1.315060	I:	D:
15599	16264	-	2	1.277239	I:	D:
>YA4_15634
117	662	-	3	1.260874	I:	D:
681	1247	-	3	1.300331	I:	D:
1264	1803	-	1	1.297263	I:	D:
1822	2379	-	1	1.265749	I:	D:
2580	4355	+	3	1.199672	I:	D:
4450	5481	-	1	1.226024	I:	D:
5795	6379	-	2	1.242054	I:	D:
6437	6970	-	2	1.254167	I:	D:
7026	8009	-	3	1.180743	I:	D:
8268	8933	+	3	1.240257	I:	D:
9093	9347	+	3	1.183016	I:	D:
9394	10509	+	1	1.222951	I:	D:
10544	10777	-	2	1.334630	I:	D:
10994	11890	-	2	1.233593	I:	D:
12086	12826	+	2	1.224803	I:	D:
12823	13752	+	1	1.227279	I:	D:
14511	15098	+	3	1.214751	I:	D:
15117	15320	-	3	1.318231	I:	D:
15394	16143	+	1	1.241239	I:	D:
>YA4_15687
143	1045	-	2	1.230210	I:	D:
1051	1920	-	1	1.234672	I:	D:
1936	2883	-	1	1.203104	I:	D:
2897	3286	-	2	1.222511	I:	D:
3579	5867	-	3	1.204336	I:	D:
5928	6515	-	3	1.222122	I:	D:
6512	6784	-	2	1.225322	I:	D:
6809	7864	-	2	1.207820	I:	D:
7893	8351	-	3	1.219055	I:	D:
8590	9069	-	1	1.315798	I:	D:
9187	9402	+	1	1.365271	I:	D:
9465	12041	-	3	1.211956	I:	D:
12116	13324	+	2	1.223530	I:	D:
13564	14343	+	1	1.191700	I:	D:
14343	15059	+	3	1.205229	I:	D:
15091	15768	+	1	1.224785	I:	D:
>YA4_15776
1	1446	+	1	1.205107	I:	D:
1550	1732	-	2	1.279401	I:	D:
1838	2011	+	2	1.338341	I:	D:
2039	3280	+	2	1.208924	I:	D:
3280	3936	+	1	1.220989	I:	D:
4018	5676	-	1	1.226336	I:	D:
6151	8130	+	1	1.201624	I:	D:
8163	8612	+	3	1.153264	I:	D:
8650	9996	+	1	1.208002	I:	D:
10029	11321	+	3	1.240976	I:	D:
11314	11868	+	1	1.228650	I:	D:
11910	12494	+	3	1.229358	I:	D:
12513	14342	+	3	1.198701	I:	D:
14407	15276	-	1	1.226500	I:	D:
>YA4_15838
1	807	-	1	1.224077	I:	D:
804	1520	-	3	1.219871	I:	D:
1517	2509	-	2	1.228697	I:	D:
2651	4405	-	2	1.181647	I:	D:
4661	5188	-	2	1.208581	I:	D:
5192	6514	-	2	1.223886	I:	D:
6553	7125	-	1	1.180579	I:	D:
7160	8266	-	2	1.186974	I:	D:
8334	9200	-	3	1.203809	I:	D:
9200	10147	-	2	1.213201	I:	D:
10213	11700	-	1	1.193447	I:	D:
11704	12393	-	1	1.207652	I:	D:
12421	13761	-	1	1.189926	I:	D:
13946	15436	-	2	1.201728	I:	D:
15575	15733	-	2	1.242266	I:	D:
15831	16751	+	3	1.200415	I:	D:
16829	17356	-	2	1.331076	I:	D:
17358	18464	-	3	1.219318	I:	D:
18503	19075	+	2	1.257934	I:	D:
19142	19828	-	2	1.201835	I:	D:
19910	20155	-	2	1.223677	I:	D:
20235	21257	-	3	1.191163	I:	D:
21241	22569	-	1	1.237602	I:	D:
22566	24896	-	3	1.243597	I:	D:
24899	26131	-	2	1.215241	I:	D:
26151	26903	-	3	1.197174	I:	D:
27597	27848	-	3	1.237166	I:	D:
27893	28348	-	2	1.227987	I:	D:
28362	28658	-	3	1.256155	I:	D:
28792	29979	-	1	1.183401	I:	D:
30349	30642	-	1	1.251255	I:	D:
30646	31569	-	1	1.188381	I:	D:
31577	32662	-	2	1.212655	I:	D:
32862	33380	+	3	1.270406	I:	D:
33454	34143	-	1	1.159627	I:	D:
34182	34910	-	3	1.199667	I:	D:
34907	35482	-	2	1.224026	I:	D:
35871	36500	-	3	1.236897	I:	D:
>YA4_16432
3	278	+	3	1.176703	I:	D:
302	1813	+	2	1.226308	I:	D:
1923	2624	-	3	1.259315	I:	D:
2785	2967	-	1	1.286556	I:	D:
2999	3967	-	2	1.217028	I:	D:
4099	4341	+	1	1.301675	I:	D:
4565	5386	+	2	1.200795	I:	D:
5373	6014	+	3	1.213848	I:	D:
6011	6667	+	2	1.256245	I:	D:
6760	7557	+	1	1.216269	I:	D:
7554	8726	+	3	1.176588	I:	D:
9039	9584	-	3	1.253397	I:	D:
9619	10011	-	1	1.266211	I:	D:
11234	11683	-	2	1.390396	I:	D:
11866	12459	-	1	1.229206	I:	D:
>YA4_16466
171	1418	-	3	1.221338	I:	D:
1813	2079	+	1	1.208265	I:	D:
2269	4419	+	1	1.205419	I:	D:
4836	5513	+	3	1.236604	I:	D:
5506	6396	+	1	1.256255	I:	D:
6449	9076	-	2	1.207065	I:	D:
9459	10022	+	3	1.217527	I:	D:
10035	11426	+	3	1.219637	I:	D:
11437	12531	+	1	1.233567	I:	D:
>YA4_16480
2	1063	-	2	1.334400	I:	D:
1298	1540	+	2	1.291409	I:	D:
1537	1914	+	1	1.294260	I:	D:
2367	2723	+	3	1.294146	I:	D:
2970	3278	+	3	1.262906	I:	D:
3338	3472	+	2	1.280285	I:	D:
3505	3804	+	1	1.296059	I:	D:
3816	4433	+	3	1.270640	I:	D:
4740	4979	-	3	1.391133	I:	D:
4999	5751	-	1	1.269183	I:	D:
5744	6679	+	2	1.260310	I:	D:
6719	7804	-	2	1.215235	I:	D:
7815	8585	-	3	1.253993	I:	D:
8673	8927	-	3	1.255538	I:	D:
9031	9828	-	1	1.257429	I:	D:
9897	10484	-	3	1.241915	I:	D:
10487	11548	-	2	1.244261	I:	D:
11552	12382	-	2	1.267097	I:	D:
>YA4_16641
121	624	-	1	1.268431	I:	D:
609	2018	-	3	1.264427	I:	D:
2126	2641	+	2	1.184721	I:	D:
2686	3285	+	1	1.211185	I:	D:
3329	4309	-	2	1.209929	I:	D:
4442	4954	-	2	1.258549	I:	D:
5080	6624	-	1	1.244975	I:	D:
6863	7309	-	2	1.256213	I:	D:
7553	8134	-	2	1.224462	I:	D:
8153	8602	-	2	1.219842	I:	D:
8983	9801	+	1	1.220076	I:	D:
9827	10378	+	2	1.338235	I:	D:
10251	10553	+	3	1.296379	I:	D:
10734	11465	-	3	1.269901	I:	D:
11673	11993	-	3	1.226242	I:	D:
>YA4_16819
1	774	+	1	1.202753	I:	D:
888	2699	+	3	1.210509	I:	D:
2940	5333	+	3	1.203447	I:	D:
5351	7009	+	2	1.222963	I:	D:
7070	7648	-	2	1.219180	I:	D:
8264	9205	-	2	1.228921	I:	D:
9280	10770	+	1	1.216793	I:	D:
10840	11256	+	1	1.203020	I:	D:
>YA4_17226
116	517	-	2	1.230388	I:	D:
739	1530	-	1	1.220337	I:	D:
1523	2713	-	2	1.223564	I:	D:
2839	3195	-	1	1.185526	I:	D:
3192	4451	-	3	1.217074	I:	D:
4451	5887	-	2	1.218310	I:	D:
6057	6401	-	3	1.210331	I:	D:
6401	9187	-	2	1.218142	I:	D:
9372	10070	+	3	1.266717	I:	D:
10202	10381	+	2	1.316133	I:	D:
>YA4_17399
461	1099	+	2	1.214778	I:	D:
1257	2093	+	3	1.244850	I:	D:
2143	3378	-	1	1.202197	I:	D:
3332	4132	-	2	1.245057	I:	D:
4308	5837	-	3	1.191252	I:	D:
5839	6738	-	1	1.194790	I:	D:
6740	7033	-	2	1.190151	I:	D:
7051	8262	-	1	1.201173	I:	D:
8630	9175	-	2	1.256757	I:	D:
9093	9896	+	3	1.236753	I:	D:
>YA4_17918
1	783	+	1	1.217294	I:	D:
1075	1533	+	1	1.261148	I:	D:
1737	2633	+	3	1.231291	I:	D:
2702	3943	-	2	1.232454	I:	D:
4296	5231	-	3	1.173339	I:	D:
5311	6504	-	1	1.226170	I:	D:
6575	7972	-	2	1.231820	I:	D:
8170	8814	+	1	1.256919	I:	D:
>YA4_18004
192	896	+	3	1.285853	I:	D:
982	1872	+	1	1.247821	I:	D:
1845	4490	+	3	1.223875	I:	D:
4565	5029	+	2	1.232254	I:	D:
5045	5584	+	2	1.259560	I:	D:
6307	6759	+	1	1.351166	I:	D:
6773	6940	+	2	1.360519	I:	D:
7092	7412	-	3	1.303577	I:	D:
7519	8808	-	1	1.318075	I:	D:
>YA4_18497
468	2651	+	3	1.214351	I:	D:
2660	3490	+	2	1.254072	I:	D:
3524	4342	+	2	1.217229	I:	D:
4509	5228	+	3	1.223010	I:	D:
5517	6785	-	3	1.209815	I:	D:
7010	8074	-	2	1.212856	I:	D:
>YA4_18848
2	193	+	2	1.269300	I:	D:
242	589	+	2	1.262219	I:	D:
672	1148	+	3	1.282048	I:	D:
1145	2932	+	2	1.294334	I:	D:
3026	3157	+	2	1.271527	I:	D:
4119	4988	+	3	1.286231	I:	D:
5002	5442	+	1	1.346585	I:	D:
5455	5886	+	1	1.314043	I:	D:
5807	8212	+	2	1.277118	I:	D:
8209	9918	+	1	1.293066	I:	D:
9934	10173	+	1	1.245095	I:	D:
10166	11194	+	2	1.258101	I:	D:
11367	13409	+	3	1.283755	I:	D:
13420	13767	+	1	1.340787	I:	D:
13935	16115	+	3	1.290923	I:	D:
16117	16347	+	1	1.230962	I:	D:
16337	26032	+	2	1.310304	I:	D:
26032	26529	+	1	1.319220	I:	D:
26533	26871	+	1	1.280668	I:	D:
26950	27225	-	1	1.312032	I:	D:
27415	27732	+	1	1.321317	I:	D:
27720	28007	+	3	1.290243	I:	D:
28126	29145	+	1	1.327297	I:	D:
29148	29357	+	3	1.354468	I:	D:
29413	30837	+	1	1.283488	I:	D:
31006	31899	+	1	1.288383	I:	D:
31902	33404	+	3	1.311135	I:	D:
33496	35085	+	1	1.365604	I:	D:
35458	36489	-	1	1.271191	I:	D:
36603	37481	-	3	1.273547	I:	D:
37754	38767	+	2	1.228322	I:	D:
38824	39777	+	1	1.250290	I:	D:
39904	40491	-	1	1.266383	I:	D:
40650	42152	+	3	1.240828	I:	D:
42338	42571	+	2	1.402003	I:	D:
42941	43507	+	2	1.230875	I:	D:
43523	45379	+	2	1.251675	I:	D:
45369	46172	+	3	1.267032	I:	D:
46183	47061	+	1	1.262662	I:	D:
47058	47510	+	3	1.198411	I:	D:
47547	49220	+	3	1.233364	I:	D:
49582	50808	+	1	1.210792	I:	D:
50932	52962	-	1	1.254284	I:	D:
52959	53831	-	3	1.274486	I:	D:
53837	55039	-	2	1.275060	I:	D:
55277	55468	-	2	1.183038	I:	D:
55576	56010	-	1	1.291211	I:	D:
56161	56589	-	1	1.267673	I:	D:
57053	58186	+	2	1.244694	I:	D:
58461	58913	+	3	1.214938	I:	D:
58979	59404	+	2	1.256600	I:	D:
59767	60366	+	1	1.243470	I:	D:
60387	61262	+	3	1.237170	I:	D:
61361	61873	+	2	1.231574	I:	D:
61875	62474	+	3	1.238044	I:	D:
62487	63527	+	3	1.236879	I:	D:
63547	64896	+	1	1.233288	I:	D:
64961	65590	+	2	1.310507	I:	D:
65627	65905	+	2	1.269625	I:	D:
65978	66469	-	2	1.258559	I:	D:
66474	67355	-	3	1.239257	I:	D:
67458	69008	-	3	1.231201	I:	D:
69030	70586	-	3	1.251205	I:	D:
70632	72113	-	3	1.241899	I:	D:
72314	73303	+	2	1.257106	I:	D:
73322	74113	+	2	1.277844	I:	D:
74630	75724	+	2	1.227539	I:	D:
75785	76804	+	2	1.268679	I:	D:
76942	77751	+	1	1.247604	I:	D:
77756	78682	+	2	1.224653	I:	D:
78748	80487	-	1	1.249292	I:	D:
80587	81525	-	1	1.230097	I:	D:
81703	82941	+	1	1.227804	I:	D:
83015	85429	-	2	1.253730	I:	D:
85721	86986	+	2	1.251213	I:	D:
86991	87851	+	3	1.296542	I:	D:
87899	88228	+	2	1.365844	I:	D:
88446	88889	-	3	1.213542	I:	D:
88906	89211	-	1	1.225359	I:	D:
89262	89519	-	3	1.394230	I:	D:
89588	91747	-	2	1.229648	I:	D:
>YA4_18978
59	199	-	2	1.275560	I:	D:
227	781	-	2	1.245296	I:	D:
1003	1929	+	1	1.309932	I:	D:
2079	3230	+	3	1.244408	I:	D:
3234	3806	+	3	1.261083	I:	D:
3949	5190	-	1	1.215863	I:	D:
5238	5423	-	3	1.237886	I:	D:
5705	6886	-	2	1.220068	I:	D:
7034	7402	+	2	1.250550	I:	D:
>YA4_19164
134	1456	-	2	1.251223	I:	D:
1549	2082	-	1	1.255045	I:	D:
2287	3960	-	1	1.182752	I:	D:
3988	4338	-	1	1.239278	I:	D:
4584	6554	+	3	1.238552	I:	D:
6658	6903	+	1	1.185876	I:	D:
>YA4_19329
1	540	+	1	1.276703	I:	D:
596	2872	-	2	1.229223	I:	D:
3099	3902	+	3	1.236038	I:	D:
3945	5123	+	3	1.235039	I:	D:
5123	6907	+	2	1.238300	I:	D:
>YA4_19857
101	322	-	2	1.233605	I:	D:
803	2065	+	2	1.241929	I:	D:
2113	2805	+	1	1.226002	I:	D:
2802	4307	+	3	1.220531	I:	D:
4448	4873	+	2	1.218107	I:	D:
4870	6090	+	1	1.217712	I:	D:
6111	6881	+	3	1.255747	I:	D:
6878	7981	+	2	1.223025	I:	D:
8020	8517	+	1	1.226415	I:	D:
8537	9241	+	2	1.219229	I:	D:
9246	9593	+	3	1.248744	I:	D:
9590	10147	+	2	1.239425	I:	D:
10531	10746	+	1	1.221844	I:	D:
10758	11282	+	3	1.228051	I:	D:
11417	11842	+	2	1.255618	I:	D:
11857	12549	+	1	1.226100	I:	D:
12769	13293	+	1	1.226536	I:	D:
13369	13740	+	1	1.200763	I:	D:
14024	15739	+	2	1.212860	I:	D:
15795	17552	+	3	1.190629	I:	D:
17826	18446	+	3	1.253915	I:	D:
18513	20783	+	3	1.246607	I:	D:
21005	21991	+	2	1.268476	I:	D:
22011	23735	+	3	1.236937	I:	D:
23752	24909	+	1	1.251366	I:	D:
24902	25921	+	2	1.226184	I:	D:
25975	26217	+	1	1.263620	I:	D:
26306	27586	+	2	1.220200	I:	D:
27902	28528	-	2	1.269397	I:	D:
28639	29427	+	1	1.240661	I:	D:
29494	30843	-	1	1.256533	I:	D:
31467	32852	+	3	1.218575	I:	D:
32900	33595	+	2	1.211375	I:	D:
33603	35576	+	3	1.228053	I:	D:
35809	39324	+	1	1.220764	I:	D:
39618	40133	+	3	1.434336	I:	D:
40291	41520	-	1	1.258830	I:	D:
41517	42896	-	3	1.236427	I:	D:
42933	43610	-	3	1.243063	I:	D:
43832	44431	+	2	1.221838	I:	D:
44495	44776	-	2	1.246695	I:	D:
44827	45156	-	1	1.272295	I:	D:
45165	45476	-	3	1.259607	I:	D:
45684	46535	-	3	1.203326	I:	D:
46628	48223	-	2	1.232112	I:	D:
48448	48984	-	1	1.227765	I:	D:
49071	49547	-	3	1.225895	I:	D:
49549	50220	-	1	1.239405	I:	D:
50464	51639	+	1	1.231763	I:	D:
51650	52531	+	2	1.245757	I:	D:
52596	54023	-	3	1.242282	I:	D:
54037	55461	-	1	1.202443	I:	D:
55478	55816	-	2	1.231954	I:	D:
55830	56099	-	3	1.266935	I:	D:
56363	57106	-	2	1.229699	I:	D:
57245	58066	-	2	1.287419	I:	D:
58101	58310	-	3	1.314449	I:	D:
58324	60666	-	1	1.222199	I:	D:
60696	61343	-	3	1.209320	I:	D:
61363	62571	-	1	1.208665	I:	D:
62534	63301	-	2	1.268101	I:	D:
63314	64120	-	2	1.210588	I:	D:
64114	64980	-	1	1.234885	I:	D:
64987	65847	-	1	1.217984	I:	D:
65873	66649	-	2	1.226896	I:	D:
67131	67784	+	3	1.273515	I:	D:
67815	70460	+	3	1.214651	I:	D:
70497	70841	+	3	1.256656	I:	D:
70847	71428	+	2	1.256428	I:	D:
71472	71618	-	3	1.193069	I:	D:
71652	72182	-	3	1.215777	I:	D:
72288	72419	-	3	1.223034	I:	D:
72700	74796	-	1	1.230700	I:	D:
74869	75426	-	1	1.208105	I:	D:
75495	76988	-	3	1.241548	I:	D:
77269	77472	+	1	1.385872	I:	D:
77579	78883	+	2	1.220515	I:	D:
78880	79422	+	1	1.302241	I:	D:
79319	80047	+	2	1.206075	I:	D:
80073	80327	+	3	1.193751	I:	D:
80386	80559	-	1	1.242380	I:	D:
80714	82075	-	2	1.227196	I:	D:
82072	82791	-	1	1.252997	I:	D:
82577	83419	+	2	1.262406	I:	D:
83452	83670	+	1	1.308873	I:	D:
>YA4_21011
1	144	+	1	1.298741	I:	D:
214	414	+	1	1.322072	I:	D:
599	865	+	2	1.353788	I:	D:
1601	1903	+	2	1.426132	I:	D:
2103	2831	+	3	1.410162	I:	D:
3091	3651	+	1	1.424935	I:	D:
4454	4747	+	2	1.367909	I:	D:
4774	5280	-	1	1.427175	I:	D:
5294	5920	-	2	1.300105	I:	D:
5932	6522	-	1	1.293496	I:	D:
6529	7164	-	1	1.312820	I:	D:
7415	8122	-	2	1.272780	I:	D:
8274	14285	+	3	1.231688	I:	D:
14998	15993	-	1	1.217297	I:	D:
15998	17089	-	2	1.188757	I:	D:
17082	18593	-	3	1.211944	I:	D:
19135	20715	+	1	1.207877	I:	D:
20875	21699	+	1	1.234060	I:	D:
22002	23012	-	3	1.281544	I:	D:
24426	25445	+	3	1.220637	I:	D:
25652	26848	-	2	1.241905	I:	D:
26845	27600	-	1	1.205143	I:	D:
27597	28343	-	3	1.245115	I:	D:
28368	28700	-	3	1.266752	I:	D:
28712	30040	-	2	1.195733	I:	D:
30069	31856	-	3	1.239218	I:	D:
31998	33755	-	3	1.214263	I:	D:
33993	34472	+	3	1.202687	I:	D:
34542	34898	-	3	1.219316	I:	D:
34895	35923	-	2	1.244963	I:	D:
36021	36869	-	3	1.231598	I:	D:
36908	37603	-	2	1.239735	I:	D:
37729	38334	+	1	1.238386	I:	D:
38448	38597	-	3	1.335101	I:	D:
38663	40048	-	2	1.237556	I:	D:
40198	40461	+	1	1.266559	I:	D:
40572	40850	+	3	1.209706	I:	D:
40859	41521	+	2	1.304357	I:	D:
41677	42120	+	1	1.265685	I:	D:
42572	43285	+	2	1.248984	I:	D:
43278	43796	+	3	1.252705	I:	D:
43944	44720	-	3	1.248038	I:	D:
44878	45585	-	1	1.211417	I:	D:
45569	46687	-	2	1.253821	I:	D:
46809	46997	-	3	1.344849	I:	D:
47156	48931	+	2	1.237778	I:	D:
48928	49995	+	1	1.245757	I:	D:
49983	50921	+	3	1.227331	I:	D:
50918	51967	+	2	1.226529	I:	D:
52038	54134	+	3	1.234664	I:	D:
54165	59444	+	3	1.220114	I:	D:
59635	60387	-	1	1.252209	I:	D:
60497	61399	-	2	1.245264	I:	D:
61528	65292	-	1	1.215134	I:	D:
65314	68991	-	1	1.214119	I:	D:
69170	69394	-	2	1.337379	I:	D:
69572	75817	+	2	1.229785	I:	D:
>YA4_21376
205	492	-	1	1.276230	I:	D:
603	794	-	3	1.260153	I:	D:
814	2073	-	1	1.224367	I:	D:
2220	2864	+	3	1.235511	I:	D:
3022	3678	+	1	1.247803	I:	D:
3675	4235	+	3	1.187149	I:	D:
4657	5295	+	1	1.203492	I:	D:
