>YB4_220
312	2384	-	3	1.372239	I:	D:
2856	3476	-	3	1.272413	I:	D:
3614	4069	-	2	1.296350	I:	D:
4234	5511	+	1	1.258235	I:	D:
5654	6166	-	2	1.303781	I:	D:
6194	6658	-	2	1.299219	I:	D:
6761	7189	+	2	1.382995	I:	D:
7457	8038	-	2	1.317131	I:	D:
8063	8236	+	2	1.387642	I:	D:
8365	8625	+	1	1.365635	I:	D:
8625	8987	+	3	1.375746	I:	D:
8994	9215	-	3	1.375122	I:	D:
10149	10574	-	3	1.318004	I:	D:
10768	11988	+	1	1.370046	I:	D:
12260	12664	-	2	1.291754	I:	D:
12824	13603	-	2	1.296577	I:	D:
13603	14310	-	1	1.298567	I:	D:
14917	15147	-	1	1.302728	I:	D:
15269	15853	-	2	1.331477	I:	D:
15853	16248	-	1	1.343273	I:	D:
16241	16477	-	2	1.340232	I:	D:
16527	16727	-	3	1.326376	I:	D:
16730	17062	-	2	1.280896	I:	D:
17119	17802	-	1	1.286863	I:	D:
17894	18178	-	2	1.320089	I:	D:
18239	18607	-	2	1.343700	I:	D:
18612	19994	-	3	1.316866	I:	D:
20000	20356	-	2	1.315347	I:	D:
20360	21109	-	2	1.318061	I:	D:
21603	22265	-	3	1.319093	I:	D:
22799	23602	-	2	1.351243	I:	D:
23801	25288	-	2	1.318070	I:	D:
25337	26041	-	2	1.318351	I:	D:
26052	27998	-	3	1.296444	I:	D:
28111	29076	-	1	1.282608	I:	D:
29115	29651	-	3	1.318525	I:	D:
29742	29927	-	3	1.311844	I:	D:
30136	31074	+	1	1.297731	I:	D:
31271	31594	-	2	1.318762	I:	D:
32114	32248	+	2	1.352315	I:	D:
32310	33581	-	3	1.280564	I:	D:
33761	35581	+	2	1.268138	I:	D:
35910	36062	+	3	1.358869	I:	D:
36341	36847	-	2	1.270699	I:	D:
36924	37100	+	3	1.327342	I:	D:
37103	37540	+	2	1.269806	I:	D:
37544	38062	-	2	1.295142	I:	D:
38043	38552	-	3	1.309730	I:	D:
38562	39527	-	3	1.299948	I:	D:
39524	40570	-	2	1.299750	I:	D:
40567	41358	-	1	1.286476	I:	D:
41516	41776	+	2	1.328226	I:	D:
41923	42300	+	1	1.397723	I:	D:
42311	43003	-	2	1.324230	I:	D:
43710	44720	-	3	1.281605	I:	D:
44819	45202	-	2	1.317390	I:	D:
45221	45589	-	2	1.313060	I:	D:
45734	46408	-	2	1.297924	I:	D:
46408	47817	-	1	1.290190	I:	D:
47952	48590	-	3	1.306322	I:	D:
48985	49296	-	1	1.347244	I:	D:
49201	49431	+	1	1.343599	I:	D:
49575	49733	+	3	1.332198	I:	D:
49852	50046	-	1	1.370473	I:	D:
50123	50581	-	2	1.283466	I:	D:
50653	50835	-	1	1.287260	I:	D:
50839	51402	-	1	1.290138	I:	D:
51415	51777	-	1	1.313969	I:	D:
51789	52328	-	3	1.299231	I:	D:
52346	52744	-	2	1.327538	I:	D:
52762	53067	-	1	1.324638	I:	D:
53082	53621	-	3	1.295647	I:	D:
53634	53954	-	3	1.283004	I:	D:
53954	54322	-	2	1.326046	I:	D:
54338	54577	-	2	1.307919	I:	D:
54589	54786	-	1	1.273142	I:	D:
54788	55216	-	2	1.327585	I:	D:
55236	55904	-	3	1.306745	I:	D:
55909	56283	-	1	1.339511	I:	D:
56286	56564	-	3	1.333297	I:	D:
56580	57413	-	3	1.331600	I:	D:
57417	57734	-	3	1.300394	I:	D:
57731	58351	-	2	1.303038	I:	D:
58371	59090	-	3	1.310312	I:	D:
59188	59499	-	1	1.333622	I:	D:
59980	62568	-	1	1.296209	I:	D:
62753	63862	-	2	1.278201	I:	D:
63971	64543	-	2	1.272706	I:	D:
64640	64930	-	2	1.300799	I:	D:
64993	65502	+	1	1.374487	I:	D:
65553	66446	-	3	1.272369	I:	D:
66525	70712	-	3	1.280897	I:	D:
70826	71215	+	2	1.306670	I:	D:
71217	72026	+	3	1.279022	I:	D:
72019	72753	+	1	1.268559	I:	D:
72771	74081	+	3	1.271296	I:	D:
74086	74862	+	1	1.296597	I:	D:
74871	75599	+	3	1.285170	I:	D:
75689	77212	-	2	1.290349	I:	D:
77468	77983	+	2	1.251886	I:	D:
78015	79550	+	3	1.254842	I:	D:
79537	80103	+	1	1.296327	I:	D:
80127	82622	+	3	1.260587	I:	D:
82703	83083	+	2	1.278020	I:	D:
83162	84091	+	2	1.301133	I:	D:
84094	84363	+	1	1.285245	I:	D:
84480	86606	+	3	1.268826	I:	D:
86727	87092	-	3	1.342796	I:	D:
87126	87467	-	3	1.340165	I:	D:
87503	88417	-	2	1.348268	I:	D:
88523	88804	-	2	1.314645	I:	D:
88827	89258	-	3	1.353509	I:	D:
89298	91721	+	3	1.272002	I:	D:
91823	92944	+	2	1.296577	I:	D:
92944	95160	+	1	1.294205	I:	D:
95175	96236	+	3	1.276718	I:	D:
96240	97061	+	3	1.288100	I:	D:
97325	97930	+	2	1.329756	I:	D:
98166	99095	-	3	1.301498	I:	D:
99102	99245	-	3	1.281564	I:	D:
99333	99863	+	3	1.286317	I:	D:
100075	100902	+	1	1.265069	I:	D:
101010	101936	+	3	1.257374	I:	D:
102195	102338	+	3	1.343887	I:	D:
102295	102636	+	1	1.365684	I:	D:
103124	103564	-	2	1.285984	I:	D:
103661	104104	-	2	1.274627	I:	D:
104184	105311	-	3	1.287224	I:	D:
105473	105703	+	2	1.295839	I:	D:
105763	105915	+	1	1.341111	I:	D:
106195	106596	-	1	1.316700	I:	D:
106664	107104	-	2	1.332185	I:	D:
107174	107494	-	2	1.343170	I:	D:
107653	108765	-	1	1.279603	I:	D:
108865	109368	+	1	1.297429	I:	D:
109386	110360	+	3	1.288641	I:	D:
110558	111094	-	2	1.293680	I:	D:
111194	111325	+	2	1.332182	I:	D:
111350	112036	+	2	1.284540	I:	D:
112023	112775	+	3	1.287759	I:	D:
112775	114253	+	2	1.278051	I:	D:
114329	115726	+	2	1.278598	I:	D:
115763	115999	+	2	1.375213	I:	D:
116019	116519	-	3	1.328843	I:	D:
116565	116753	-	3	1.361130	I:	D:
116882	117442	-	2	1.259822	I:	D:
117612	119657	+	3	1.286461	I:	D:
119766	120260	+	3	1.302729	I:	D:
120253	121950	+	1	1.275445	I:	D:
121950	123719	+	3	1.285691	I:	D:
124182	125489	-	3	1.319109	I:	D:
125631	128084	-	3	1.372024	I:	D:
128258	128956	-	2	1.295328	I:	D:
128960	129979	-	2	1.274501	I:	D:
129969	130523	-	3	1.273001	I:	D:
130576	133059	-	1	1.284182	I:	D:
133229	134506	+	2	1.292205	I:	D:
134569	135648	+	1	1.286706	I:	D:
135645	137051	+	3	1.285759	I:	D:
136831	138603	+	1	1.330112	I:	D:
138665	138859	+	2	1.334846	I:	D:
138864	139427	-	3	1.305441	I:	D:
139566	141314	-	3	1.275710	I:	D:
141435	142820	-	3	1.289853	I:	D:
142822	144762	-	1	1.284930	I:	D:
144759	145940	-	3	1.276120	I:	D:
146200	147330	+	1	1.293843	I:	D:
147617	148081	+	2	1.335800	I:	D:
148111	149049	-	1	1.352449	I:	D:
149280	149438	+	3	1.353038	I:	D:
149486	149932	+	2	1.335327	I:	D:
149947	150867	-	1	1.355545	I:	D:
151461	152219	-	3	1.345029	I:	D:
152306	152797	-	2	1.338896	I:	D:
152887	153054	+	1	1.342298	I:	D:
153428	153607	-	2	1.356913	I:	D:
153747	154571	-	3	1.314598	I:	D:
154715	155596	-	2	1.299123	I:	D:
155784	156371	-	3	1.294680	I:	D:
156529	157521	+	1	1.320402	I:	D:
157631	157990	+	2	1.272867	I:	D:
158064	159035	+	3	1.279878	I:	D:
159336	159791	-	3	1.300479	I:	D:
160072	160416	-	1	1.387026	I:	D:
160749	161069	+	3	1.309135	I:	D:
161159	161497	+	2	1.345594	I:	D:
161710	162021	+	1	1.315382	I:	D:
162026	162169	-	2	1.350878	I:	D:
162314	164713	-	2	1.288131	I:	D:
164720	166249	-	2	1.302941	I:	D:
166253	166594	-	2	1.322343	I:	D:
166887	167222	+	3	1.287348	I:	D:
167229	167456	+	3	1.289506	I:	D:
167468	167953	+	2	1.269139	I:	D:
168115	168378	-	1	1.337644	I:	D:
168411	168545	+	3	1.357242	I:	D:
168720	168878	-	3	1.355881	I:	D:
169359	169628	+	3	1.385677	I:	D:
169735	170187	+	1	1.350598	I:	D:
170432	170611	+	2	1.348466	I:	D:
170888	172540	-	2	1.263840	I:	D:
172552	172842	-	1	1.264807	I:	D:
172986	173690	-	3	1.292433	I:	D:
173718	174392	-	3	1.293420	I:	D:
174457	175161	-	1	1.291563	I:	D:
175164	176093	-	3	1.281817	I:	D:
176094	176627	-	3	1.287476	I:	D:
176617	177624	-	1	1.287917	I:	D:
177617	179200	-	2	1.293773	I:	D:
179382	179780	+	3	1.316806	I:	D:
180040	180357	-	1	1.364785	I:	D:
180493	181230	-	1	1.280473	I:	D:
181300	182010	-	1	1.312336	I:	D:
181976	182485	-	2	1.306204	I:	D:
182485	183963	-	1	1.274767	I:	D:
184124	184765	+	2	1.292295	I:	D:
184833	185303	+	3	1.330602	I:	D:
185444	185983	+	2	1.294471	I:	D:
185988	186431	+	3	1.304429	I:	D:
186628	187083	+	1	1.286667	I:	D:
187141	188337	-	1	1.274773	I:	D:
188444	189187	+	2	1.295019	I:	D:
189257	189964	-	2	1.296639	I:	D:
190005	190784	+	3	1.326019	I:	D:
190900	191526	-	1	1.290739	I:	D:
191721	192221	+	3	1.297705	I:	D:
192240	192530	+	3	1.293839	I:	D:
192491	192853	+	2	1.305749	I:	D:
192865	193224	+	1	1.298467	I:	D:
193312	193965	+	1	1.282914	I:	D:
193996	194958	-	1	1.275885	I:	D:
195115	196737	+	1	1.311633	I:	D:
196758	197684	+	3	1.294087	I:	D:
197766	198803	-	3	1.316075	I:	D:
199276	199638	+	1	1.287763	I:	D:
199787	200023	+	2	1.357311	I:	D:
200215	200463	+	1	1.315658	I:	D:
200469	201899	-	3	1.291395	I:	D:
201991	202203	-	1	1.354144	I:	D:
202292	202813	-	2	1.294160	I:	D:
202818	203342	-	3	1.287928	I:	D:
203427	204443	+	3	1.282858	I:	D:
204447	204728	+	3	1.265262	I:	D:
204725	206074	+	2	1.265535	I:	D:
206083	206640	-	1	1.290259	I:	D:
206648	207226	-	2	1.302808	I:	D:
207323	208186	+	2	1.285515	I:	D:
208217	209581	+	2	1.287060	I:	D:
209609	210400	-	2	1.305627	I:	D:
210464	211144	-	2	1.296874	I:	D:
211274	211576	+	2	1.243665	I:	D:
211591	212517	-	1	1.284999	I:	D:
212495	215956	-	2	1.286144	I:	D:
215957	216685	-	2	1.294227	I:	D:
216689	217411	-	2	1.265576	I:	D:
217414	218061	-	1	1.270704	I:	D:
218151	219860	+	3	1.284208	I:	D:
220208	221398	+	2	1.304777	I:	D:
221448	221591	+	3	1.339199	I:	D:
221936	222853	+	2	1.326461	I:	D:
222950	223084	+	2	1.323992	I:	D:
223102	223506	+	1	1.289405	I:	D:
223463	223726	+	2	1.320807	I:	D:
223783	225450	+	1	1.279360	I:	D:
225454	226101	+	1	1.275389	I:	D:
226172	226780	+	2	1.304968	I:	D:
226900	227247	+	1	1.294087	I:	D:
227296	227601	+	1	1.357541	I:	D:
227623	227832	+	1	1.336090	I:	D:
228084	229151	+	3	1.288114	I:	D:
229204	229362	+	1	1.318109	I:	D:
>YB4_751
2	166	+	2	1.317067	I:	D:
421	1779	-	1	1.317007	I:	D:
2076	4373	-	3	1.363247	I:	D:
>YB4_1290
3	134	+	3	1.389361	I:	D:
185	2164	-	2	1.347560	I:	D:
2369	3598	-	2	1.323389	I:	D:
3586	5376	-	1	1.310805	I:	D:
5367	6293	-	3	1.297603	I:	D:
6296	7420	-	2	1.319090	I:	D:
7563	7937	+	3	1.321634	I:	D:
8011	8430	-	1	1.331629	I:	D:
8512	9222	-	1	1.302742	I:	D:
9264	9899	-	3	1.316458	I:	D:
10026	10553	+	3	1.296616	I:	D:
10746	12641	-	3	1.325048	I:	D:
12685	12978	+	1	1.343920	I:	D:
13025	13483	+	2	1.389738	I:	D:
13484	14533	-	2	1.296090	I:	D:
14763	16742	-	3	1.324285	I:	D:
16764	17261	-	3	1.307459	I:	D:
17345	18496	-	2	1.326536	I:	D:
18636	19835	+	3	1.321757	I:	D:
19930	20601	+	1	1.292333	I:	D:
20625	21950	+	3	1.318463	I:	D:
21966	23354	+	3	1.322643	I:	D:
23705	24055	-	2	1.329251	I:	D:
24080	24217	+	2	1.359280	I:	D:
24372	24620	+	3	1.353214	I:	D:
24775	24996	+	1	1.291936	I:	D:
25286	27190	-	2	1.313364	I:	D:
27354	28133	+	3	1.327619	I:	D:
28416	29033	-	3	1.301364	I:	D:
29115	30899	-	3	1.298068	I:	D:
30889	31332	-	1	1.329423	I:	D:
31338	32072	-	3	1.304330	I:	D:
32155	34260	+	1	1.308970	I:	D:
34288	34425	+	1	1.341348	I:	D:
34459	35367	-	1	1.335339	I:	D:
35369	38839	-	2	1.303092	I:	D:
38859	39017	-	3	1.331608	I:	D:
39029	39397	-	2	1.322248	I:	D:
39485	41203	-	2	1.306833	I:	D:
41193	42740	-	3	1.312947	I:	D:
42760	43425	-	1	1.321870	I:	D:
43602	44075	+	3	1.325691	I:	D:
44209	45153	+	1	1.337937	I:	D:
45345	45755	+	3	1.340831	I:	D:
45928	46338	+	1	1.339937	I:	D:
46682	47821	+	2	1.338861	I:	D:
48090	48554	+	3	1.317921	I:	D:
48595	48924	+	1	1.320345	I:	D:
48993	49157	+	3	1.362578	I:	D:
49664	49978	+	2	1.335210	I:	D:
49985	50179	-	2	1.330058	I:	D:
50207	53971	-	2	1.325662	I:	D:
54150	55427	-	3	1.302990	I:	D:
55525	56541	+	1	1.310148	I:	D:
56608	57252	-	1	1.327767	I:	D:
57323	57961	+	2	1.317883	I:	D:
58064	58213	+	2	1.359154	I:	D:
58466	59032	+	2	1.340830	I:	D:
59445	59591	-	3	1.330545	I:	D:
59933	60556	+	2	1.324621	I:	D:
60553	61428	+	1	1.326881	I:	D:
61406	62911	+	2	1.323846	I:	D:
62908	64014	+	1	1.318595	I:	D:
64007	65125	+	2	1.323415	I:	D:
65188	66459	+	1	1.333797	I:	D:
66567	66863	+	3	1.336288	I:	D:
66955	67230	-	1	1.310724	I:	D:
67279	67452	-	1	1.349665	I:	D:
67592	68479	-	2	1.322152	I:	D:
69105	69683	+	3	1.338708	I:	D:
69708	70814	+	3	1.310116	I:	D:
71061	71366	+	3	1.323660	I:	D:
71844	72782	+	3	1.305110	I:	D:
73029	73823	+	3	1.349116	I:	D:
73845	76973	+	3	1.310971	I:	D:
77033	79780	+	2	1.307164	I:	D:
79832	79993	+	2	1.369992	I:	D:
80079	81392	-	3	1.285370	I:	D:
81476	83644	-	2	1.322117	I:	D:
83767	83967	+	1	1.322191	I:	D:
84004	84567	+	1	1.341943	I:	D:
84901	85443	-	1	1.304456	I:	D:
85468	85599	-	1	1.324896	I:	D:
85743	85997	-	3	1.301452	I:	D:
86118	86303	+	3	1.375430	I:	D:
86648	86803	+	2	1.287211	I:	D:
86831	86989	+	2	1.329473	I:	D:
87085	87444	-	1	1.271894	I:	D:
87458	87985	-	2	1.297884	I:	D:
88056	88661	-	3	1.297822	I:	D:
88831	89517	+	1	1.298859	I:	D:
89605	90180	-	1	1.322371	I:	D:
90255	92942	+	3	1.328335	I:	D:
93360	94430	-	3	1.320695	I:	D:
94501	95763	-	1	1.298537	I:	D:
95853	96668	-	3	1.312598	I:	D:
96729	98093	-	3	1.313497	I:	D:
98192	99046	+	2	1.305924	I:	D:
99206	99655	-	2	1.310285	I:	D:
99785	100252	-	2	1.350353	I:	D:
100369	100671	+	1	1.304811	I:	D:
100687	100863	+	1	1.346482	I:	D:
100967	101788	+	2	1.331341	I:	D:
101930	102271	-	2	1.331534	I:	D:
102341	102538	+	2	1.372588	I:	D:
102674	102811	+	2	1.374682	I:	D:
103022	104323	-	2	1.291511	I:	D:
104598	107363	-	3	1.294372	I:	D:
107694	108857	+	3	1.326949	I:	D:
108881	109171	+	2	1.354880	I:	D:
109227	109415	+	3	1.349066	I:	D:
109701	111101	-	3	1.300949	I:	D:
111357	113090	-	3	1.310760	I:	D:
113239	113619	-	1	1.375372	I:	D:
113792	114205	-	2	1.306148	I:	D:
114207	114365	-	3	1.308015	I:	D:
114375	114605	-	3	1.278760	I:	D:
114693	115214	-	3	1.300331	I:	D:
115337	115699	+	2	1.297367	I:	D:
115728	116333	-	3	1.330368	I:	D:
116801	117565	+	2	1.322150	I:	D:
117589	117813	+	1	1.301590	I:	D:
117948	118490	-	3	1.298649	I:	D:
118600	119514	+	1	1.315586	I:	D:
119795	119971	-	2	1.316032	I:	D:
120123	120440	+	3	1.349668	I:	D:
120640	120771	+	1	1.337343	I:	D:
120984	122483	-	3	1.308784	I:	D:
122491	123984	-	1	1.303311	I:	D:
124074	124610	-	3	1.294780	I:	D:
124900	126018	-	1	1.321141	I:	D:
126445	127314	+	1	1.288716	I:	D:
127411	127620	+	1	1.337914	I:	D:
127547	127876	+	2	1.296923	I:	D:
127904	128038	+	2	1.361625	I:	D:
128035	128223	+	1	1.299267	I:	D:
128592	129119	+	3	1.316861	I:	D:
129423	130274	+	3	1.321233	I:	D:
130477	131787	+	1	1.304589	I:	D:
131995	132858	+	1	1.317639	I:	D:
132855	133349	+	3	1.310036	I:	D:
133383	133595	-	3	1.338146	I:	D:
133608	133841	-	3	1.310507	I:	D:
133905	134123	+	3	1.323010	I:	D:
134129	134911	+	2	1.317474	I:	D:
134913	135527	+	3	1.310946	I:	D:
136074	136277	+	3	1.315322	I:	D:
136289	136621	+	2	1.316767	I:	D:
136621	137148	+	1	1.334842	I:	D:
137268	137810	+	3	1.318571	I:	D:
137849	139579	-	2	1.324517	I:	D:
139707	140549	-	3	1.327040	I:	D:
140743	141645	-	1	1.316846	I:	D:
141746	141916	+	2	1.318273	I:	D:
141929	143644	-	2	1.302651	I:	D:
144101	145039	+	2	1.308577	I:	D:
145069	145602	+	1	1.344781	I:	D:
145667	146170	-	2	1.271164	I:	D:
146312	146449	-	2	1.277431	I:	D:
146719	147840	+	1	1.315382	I:	D:
147950	150706	+	2	1.306289	I:	D:
150719	153727	+	2	1.307627	I:	D:
153730	154698	+	1	1.332824	I:	D:
154701	155273	+	3	1.336452	I:	D:
155289	158408	+	3	1.303852	I:	D:
159453	159995	+	3	1.296878	I:	D:
160098	160580	+	3	1.319944	I:	D:
160670	161158	+	2	1.308596	I:	D:
161212	161424	-	1	1.328525	I:	D:
161387	162232	-	2	1.293899	I:	D:
162479	163060	+	2	1.299286	I:	D:
163053	163379	+	3	1.285248	I:	D:
163392	163547	+	3	1.295697	I:	D:
163616	164197	+	2	1.323079	I:	D:
164487	164948	-	3	1.290355	I:	D:
164976	165608	-	3	1.298780	I:	D:
165704	167524	-	2	1.308035	I:	D:
167615	168154	+	2	1.364623	I:	D:
168164	168298	+	2	1.318554	I:	D:
168372	169217	+	3	1.321451	I:	D:
169287	169856	-	3	1.333036	I:	D:
169979	172291	-	2	1.318838	I:	D:
172312	173787	-	1	1.322069	I:	D:
173916	174224	-	3	1.291221	I:	D:
174385	176787	+	1	1.319976	I:	D:
176889	178463	+	3	1.318098	I:	D:
178535	178813	-	2	1.300238	I:	D:
178873	180924	+	1	1.321751	I:	D:
180914	181450	+	2	1.328774	I:	D:
181559	182893	+	2	1.294005	I:	D:
182883	183248	+	3	1.327948	I:	D:
183255	184058	+	3	1.311426	I:	D:
184062	184322	+	3	1.374744	I:	D:
184503	184646	-	3	1.326437	I:	D:
184751	185188	-	2	1.349226	I:	D:
185296	186420	+	1	1.315461	I:	D:
186544	187080	-	1	1.314640	I:	D:
187162	188163	-	1	1.330373	I:	D:
188302	189675	+	1	1.306507	I:	D:
189672	190088	+	3	1.305759	I:	D:
190108	190293	+	1	1.256448	I:	D:
190290	191213	+	3	1.316065	I:	D:
191311	191481	+	1	1.385082	I:	D:
191727	192341	-	3	1.307505	I:	D:
192451	193644	+	1	1.311298	I:	D:
193718	194002	+	2	1.300000	I:	D:
194003	194497	+	2	1.322899	I:	D:
194500	195183	+	1	1.304606	I:	D:
195313	196545	-	1	1.330602	I:	D:
196554	197120	-	3	1.336863	I:	D:
197122	197931	-	1	1.319747	I:	D:
197924	198685	-	2	1.310400	I:	D:
198682	199800	-	1	1.303202	I:	D:
199880	201253	-	2	1.322794	I:	D:
201325	201699	-	1	1.324865	I:	D:
201711	202187	-	3	1.310864	I:	D:
202426	202815	-	1	1.294749	I:	D:
202812	204332	-	3	1.306301	I:	D:
204450	204800	-	3	1.335429	I:	D:
204825	204962	+	3	1.359280	I:	D:
205117	205365	+	1	1.353214	I:	D:
205520	205741	+	2	1.291936	I:	D:
205832	206029	+	2	1.355014	I:	D:
206271	206519	-	3	1.377064	I:	D:
206763	208427	-	3	1.314275	I:	D:
208430	209176	-	2	1.300285	I:	D:
209181	210035	-	3	1.321903	I:	D:
210552	210791	+	3	1.353391	I:	D:
210877	211353	+	1	1.334716	I:	D:
211346	212278	+	2	1.316646	I:	D:
212275	212658	+	1	1.303405	I:	D:
212678	214414	+	2	1.310961	I:	D:
214457	215155	-	2	1.339459	I:	D:
215201	215776	+	2	1.300865	I:	D:
215809	216465	+	1	1.335031	I:	D:
>YB4_9168
249	992	-	3	1.298442	I:	D:
1016	1453	-	2	1.272740	I:	D:
1584	3389	+	3	1.282314	I:	D:
3466	4242	+	1	1.276106	I:	D:
4303	5106	+	1	1.387492	I:	D:
5388	9161	-	3	1.301827	I:	D:
9179	10021	-	2	1.320247	I:	D:
10164	10592	-	3	1.328912	I:	D:
10127	11494	+	2	1.307523	I:	D:
11496	11864	+	3	1.295680	I:	D:
11877	12380	+	3	1.283531	I:	D:
12427	14436	+	1	1.272140	I:	D:
14439	14801	-	3	1.279606	I:	D:
14841	15335	-	3	1.340011	I:	D:
15346	15831	-	1	1.263076	I:	D:
15836	16348	-	2	1.268747	I:	D:
16354	17577	-	1	1.276848	I:	D:
17714	18025	-	2	1.301565	I:	D:
18099	18506	-	3	1.302411	I:	D:
18618	19112	-	3	1.305641	I:	D:
19181	19654	-	2	1.274510	I:	D:
19715	20437	+	2	1.276445	I:	D:
20434	20982	+	1	1.291049	I:	D:
21139	21522	+	1	1.359469	I:	D:
21560	21964	+	2	1.295481	I:	D:
22070	22843	-	2	1.281477	I:	D:
22845	23429	-	3	1.298910	I:	D:
23434	24345	-	1	1.255681	I:	D:
24332	25036	-	2	1.290446	I:	D:
25161	25952	+	3	1.282434	I:	D:
26530	28260	-	1	1.263471	I:	D:
28260	28616	+	3	1.333388	I:	D:
28649	29266	+	2	1.292119	I:	D:
29296	29829	+	1	1.290345	I:	D:
30003	31010	+	3	1.281134	I:	D:
31107	32318	+	3	1.261227	I:	D:
32752	32937	+	1	1.379230	I:	D:
33111	33548	+	3	1.387565	I:	D:
33627	34739	+	3	1.300425	I:	D:
34864	36078	-	1	1.308657	I:	D:
36299	37513	-	2	1.330612	I:	D:
38137	40416	-	1	1.348438	I:	D:
40635	41708	-	3	1.277446	I:	D:
41708	43510	-	2	1.272087	I:	D:
43488	45011	-	3	1.251407	I:	D:
45206	46180	+	2	1.256750	I:	D:
46190	47314	+	2	1.279502	I:	D:
47398	47682	+	1	1.285522	I:	D:
47719	48153	+	1	1.276497	I:	D:
48174	49064	+	3	1.270581	I:	D:
49140	50630	+	3	1.271881	I:	D:
50727	50903	+	3	1.351274	I:	D:
50973	52880	+	3	1.256051	I:	D:
52923	53156	-	3	1.335585	I:	D:
53403	57332	+	3	1.286353	I:	D:
57388	57585	-	1	1.349811	I:	D:
57795	58292	+	3	1.348955	I:	D:
58595	60583	+	2	1.278040	I:	D:
60584	61039	+	2	1.305157	I:	D:
61251	61382	-	3	1.320735	I:	D:
61666	63291	+	1	1.285456	I:	D:
63567	63941	+	3	1.267351	I:	D:
63954	64613	+	3	1.276355	I:	D:
64610	65953	+	2	1.277178	I:	D:
66037	66492	+	1	1.313385	I:	D:
66548	66706	-	2	1.331358	I:	D:
66871	67164	+	1	1.314518	I:	D:
67139	68578	+	2	1.280240	I:	D:
68590	81933	+	1	1.270758	I:	D:
82221	82424	-	3	1.253072	I:	D:
82703	85525	+	2	1.286088	I:	D:
85596	86285	+	3	1.335278	I:	D:
86311	87063	-	1	1.352145	I:	D:
87094	87978	-	1	1.290838	I:	D:
87975	88967	-	3	1.321134	I:	D:
88991	89278	+	2	1.325423	I:	D:
89546	90232	-	2	1.288940	I:	D:
90534	90962	-	3	1.307172	I:	D:
91056	91412	+	3	1.332036	I:	D:
91435	92322	-	1	1.296748	I:	D:
92643	93602	+	3	1.308432	I:	D:
93710	94570	+	2	1.321906	I:	D:
94863	95135	-	3	1.376659	I:	D:
95530	95673	+	1	1.331039	I:	D:
95735	96328	-	2	1.279815	I:	D:
96381	97442	-	3	1.282676	I:	D:
97612	99294	-	1	1.262233	I:	D:
99484	100155	-	1	1.275041	I:	D:
100269	101027	+	3	1.278315	I:	D:
101008	101730	+	1	1.281324	I:	D:
101815	102792	-	1	1.269401	I:	D:
102891	103196	+	3	1.267908	I:	D:
103245	103760	+	3	1.297728	I:	D:
103827	104759	+	3	1.273410	I:	D:
104759	105325	+	2	1.296810	I:	D:
105664	106251	-	1	1.346849	I:	D:
106421	106711	-	2	1.289262	I:	D:
106862	107257	-	2	1.372492	I:	D:
107272	107649	-	1	1.314923	I:	D:
107808	107936	+	3	1.325414	I:	D:
108222	108437	-	3	1.353812	I:	D:
108667	109245	-	1	1.303449	I:	D:
109349	109897	-	2	1.312798	I:	D:
109899	111023	-	3	1.280673	I:	D:
111067	112731	-	1	1.282607	I:	D:
112741	114261	-	1	1.279145	I:	D:
114251	115522	-	2	1.304252	I:	D:
115553	117172	-	2	1.287549	I:	D:
117165	117884	-	3	1.303983	I:	D:
117935	119536	-	2	1.289379	I:	D:
119919	120260	+	3	1.281890	I:	D:
120356	120721	+	2	1.242929	I:	D:
120749	121843	+	2	1.291884	I:	D:
122025	122315	+	3	1.324969	I:	D:
122305	124737	+	1	1.291671	I:	D:
124813	126369	+	1	1.283319	I:	D:
126372	127031	+	3	1.268270	I:	D:
127028	128269	+	2	1.267178	I:	D:
128253	132038	+	3	1.286057	I:	D:
132051	132809	+	3	1.293325	I:	D:
132928	133116	+	1	1.284190	I:	D:
133132	133860	+	1	1.296885	I:	D:
133875	135503	+	3	1.290285	I:	D:
135500	139567	+	2	1.269129	I:	D:
139570	144243	+	1	1.273893	I:	D:
144253	145221	+	1	1.279229	I:	D:
146180	146401	+	2	1.393795	I:	D:
147187	147630	+	1	1.312164	I:	D:
148448	148669	+	2	1.345883	I:	D:
148933	149670	-	1	1.306968	I:	D:
149702	150964	-	2	1.280255	I:	D:
151006	151497	-	1	1.264316	I:	D:
151565	154105	-	2	1.267180	I:	D:
154703	155674	-	2	1.287823	I:	D:
155838	158747	-	3	1.299707	I:	D:
158757	161276	-	3	1.280461	I:	D:
161292	162638	-	3	1.306397	I:	D:
162657	165419	-	3	1.295015	I:	D:
165422	165598	-	2	1.329136	I:	D:
165687	166532	-	3	1.311047	I:	D:
166599	166736	+	3	1.363788	I:	D:
168024	168416	+	3	1.397165	I:	D:
171117	171575	-	3	1.414705	I:	D:
172396	172686	-	1	1.394661	I:	D:
>YB4_11105
2	658	+	2	1.301448	I:	D:
818	1843	+	2	1.292908	I:	D:
1855	2607	+	1	1.299117	I:	D:
2685	2927	+	3	1.298838	I:	D:
2946	4709	+	3	1.286949	I:	D:
4706	5881	+	2	1.288455	I:	D:
5897	6163	+	2	1.299827	I:	D:
6163	7617	+	1	1.291947	I:	D:
7975	8493	-	1	1.297450	I:	D:
8620	8802	+	1	1.405357	I:	D:
9190	9648	-	1	1.286459	I:	D:
9735	10451	+	3	1.260149	I:	D:
10452	11627	+	3	1.283235	I:	D:
11617	12159	+	1	1.297127	I:	D:
12361	12930	-	1	1.291163	I:	D:
13054	13365	+	1	1.305614	I:	D:
13464	14303	+	3	1.294116	I:	D:
14309	14695	+	2	1.288799	I:	D:
14706	15452	+	3	1.262693	I:	D:
15566	15826	+	2	1.301862	I:	D:
16150	17586	+	1	1.291334	I:	D:
18353	18745	+	2	1.307896	I:	D:
18863	19981	+	2	1.274043	I:	D:
19985	21202	+	2	1.296269	I:	D:
21199	21945	+	1	1.296148	I:	D:
22222	22449	+	1	1.301280	I:	D:
22509	22637	-	3	1.303262	I:	D:
22688	22966	-	2	1.256554	I:	D:
22970	23371	-	2	1.265294	I:	D:
23382	23846	-	3	1.239668	I:	D:
23890	25638	+	1	1.284520	I:	D:
25665	25916	+	3	1.351088	I:	D:
26040	26186	+	3	1.304495	I:	D:
26423	26584	+	2	1.352205	I:	D:
27007	27489	+	1	1.339118	I:	D:
27703	28119	+	1	1.319238	I:	D:
28236	28490	-	3	1.344410	I:	D:
28502	29113	-	2	1.334848	I:	D:
>YB4_11155
109	684	-	1	1.329043	I:	D:
681	941	-	3	1.310594	I:	D:
1008	1925	-	3	1.319089	I:	D:
1994	3022	-	2	1.315548	I:	D:
3064	5463	-	1	1.319583	I:	D:
5477	7015	-	2	1.313073	I:	D:
7358	7987	-	2	1.326843	I:	D:
8026	8220	+	1	1.375141	I:	D:
8332	9918	-	1	1.320361	I:	D:
9933	10589	-	3	1.312487	I:	D:
10604	10849	-	2	1.298738	I:	D:
10934	11869	-	2	1.294006	I:	D:
11928	12923	-	3	1.296626	I:	D:
12967	13173	-	1	1.319573	I:	D:
13139	14962	-	2	1.310364	I:	D:
15230	15445	-	2	1.341357	I:	D:
15447	16715	-	3	1.327886	I:	D:
16751	17173	-	2	1.294175	I:	D:
17272	17517	+	1	1.366247	I:	D:
17572	18078	-	1	1.365380	I:	D:
18078	18689	-	3	1.300968	I:	D:
18701	19468	-	2	1.310757	I:	D:
19465	19989	-	1	1.308596	I:	D:
19995	20303	-	3	1.337544	I:	D:
20303	20512	-	2	1.288037	I:	D:
20516	20944	-	2	1.339177	I:	D:
20959	21513	-	1	1.293066	I:	D:
21859	22077	-	1	1.290950	I:	D:
22199	22933	+	2	1.333103	I:	D:
22935	23813	+	3	1.319658	I:	D:
23876	24229	-	2	1.315816	I:	D:
24378	24611	+	3	1.283027	I:	D:
24719	24868	+	2	1.326641	I:	D:
24894	25817	+	3	1.298212	I:	D:
25810	26496	+	1	1.299540	I:	D:
26504	26905	+	2	1.324040	I:	D:
26925	27299	+	3	1.324608	I:	D:
27372	27614	+	3	1.284833	I:	D:
27820	28293	+	1	1.300982	I:	D:
>YB4_11200
3	152	-	3	1.336185	I:	D:
479	1294	-	2	1.281982	I:	D:
1304	3451	-	2	1.280458	I:	D:
3464	5539	-	2	1.297418	I:	D:
5567	7765	-	2	1.288458	I:	D:
7993	8211	+	1	1.328060	I:	D:
8323	9906	-	1	1.282933	I:	D:
10241	10936	-	2	1.312730	I:	D:
10986	11759	-	3	1.295720	I:	D:
12012	13178	-	3	1.281877	I:	D:
13182	14651	-	3	1.270663	I:	D:
14802	15458	+	3	1.271532	I:	D:
15563	17710	+	2	1.293102	I:	D:
17749	18069	+	1	1.301910	I:	D:
18087	18659	+	3	1.297949	I:	D:
19006	19728	-	1	1.313924	I:	D:
19793	22429	-	2	1.280449	I:	D:
22543	23322	-	1	1.280983	I:	D:
23337	24698	-	3	1.277446	I:	D:
24893	27367	+	2	1.271791	I:	D:
27471	27773	-	3	1.312214	I:	D:
>YB4_11268
631	981	-	1	1.290853	I:	D:
995	1597	-	2	1.287975	I:	D:
1835	2596	+	2	1.321081	I:	D:
2885	4546	-	2	1.305053	I:	D:
4838	5293	-	2	1.298052	I:	D:
5479	5649	+	1	1.388708	I:	D:
5777	6352	+	2	1.326462	I:	D:
6352	7137	+	1	1.306076	I:	D:
7151	7555	+	2	1.284641	I:	D:
7565	8572	+	2	1.314563	I:	D:
8984	9115	+	2	1.335248	I:	D:
9277	9801	-	1	1.334270	I:	D:
9991	10719	-	1	1.315461	I:	D:
10743	13373	-	3	1.280000	I:	D:
13474	14055	-	1	1.328327	I:	D:
14087	14884	+	2	1.313676	I:	D:
14893	15591	+	1	1.307261	I:	D:
15776	16228	+	2	1.362130	I:	D:
16497	17462	+	3	1.327367	I:	D:
17545	18513	+	1	1.322498	I:	D:
18516	19631	+	3	1.311551	I:	D:
19633	21636	+	1	1.331147	I:	D:
21630	22706	+	3	1.320735	I:	D:
22781	23848	+	2	1.330785	I:	D:
24100	25158	-	1	1.354858	I:	D:
25340	25540	-	2	1.317887	I:	D:
25799	26119	-	2	1.320558	I:	D:
26106	26405	-	3	1.339744	I:	D:
26399	26647	+	2	1.354942	I:	D:
>YB4_11681
523	1878	-	1	1.276893	I:	D:
1856	2404	-	2	1.292503	I:	D:
2579	3016	+	2	1.297712	I:	D:
3024	4805	+	3	1.274638	I:	D:
4965	5132	-	3	1.327342	I:	D:
5213	6961	-	2	1.284446	I:	D:
6964	8709	-	1	1.277223	I:	D:
8710	9717	-	1	1.280033	I:	D:
9714	10166	-	3	1.298106	I:	D:
10275	10883	-	3	1.266393	I:	D:
10955	12346	-	2	1.290006	I:	D:
12503	13816	+	2	1.288307	I:	D:
13921	14787	-	1	1.324362	I:	D:
15132	16046	+	3	1.300342	I:	D:
16231	16938	+	1	1.285004	I:	D:
16945	17676	+	1	1.297967	I:	D:
17814	19073	-	3	1.316682	I:	D:
19999	22209	-	1	1.336888	I:	D:
>YB4_11939
206	643	-	2	1.301823	I:	D:
649	996	-	1	1.256016	I:	D:
1007	1801	-	2	1.286544	I:	D:
1814	2830	-	2	1.299696	I:	D:
2827	3666	-	1	1.299081	I:	D:
3657	4202	-	3	1.312446	I:	D:
4189	5073	-	1	1.274611	I:	D:
5267	6187	+	2	1.283626	I:	D:
6283	6621	-	1	1.316326	I:	D:
6636	7562	-	3	1.297405	I:	D:
7636	8442	+	1	1.297175	I:	D:
8481	8738	+	3	1.371368	I:	D:
8769	9233	-	3	1.306652	I:	D:
9307	10080	-	1	1.271244	I:	D:
10154	10993	-	2	1.311406	I:	D:
11190	12221	+	3	1.267949	I:	D:
12534	12716	+	3	1.356111	I:	D:
12903	13454	-	3	1.294974	I:	D:
13543	14136	-	1	1.314952	I:	D:
14133	14609	-	3	1.304913	I:	D:
14606	15688	-	2	1.312274	I:	D:
15760	16350	-	1	1.312690	I:	D:
16578	16748	-	3	1.342657	I:	D:
16976	18844	-	2	1.305104	I:	D:
18997	19269	-	1	1.278558	I:	D:
19346	19633	+	2	1.365912	I:	D:
19661	20035	-	2	1.285768	I:	D:
>YB4_12186
2	127	-	2	1.282014	I:	D:
444	650	+	3	1.319054	I:	D:
784	1605	-	1	1.279695	I:	D:
1638	2891	+	3	1.299396	I:	D:
2949	3245	+	3	1.301308	I:	D:
3360	5312	+	3	1.295576	I:	D:
5392	5610	+	1	1.325499	I:	D:
5735	7324	-	2	1.267879	I:	D:
7489	8964	+	1	1.260197	I:	D:
9522	9677	-	3	1.298870	I:	D:
9815	10384	-	2	1.351746	I:	D:
10582	10965	-	1	1.255450	I:	D:
11035	11214	+	1	1.348908	I:	D:
11228	11431	-	2	1.288659	I:	D:
11567	12679	+	2	1.288051	I:	D:
12689	13309	+	2	1.278944	I:	D:
13331	14128	-	2	1.302325	I:	D:
13964	14116	+	2	1.267495	I:	D:
14128	14739	-	1	1.269065	I:	D:
15291	17354	+	3	1.284120	I:	D:
17394	17603	+	3	1.305393	I:	D:
17621	18325	+	2	1.302086	I:	D:
18470	20062	+	2	1.289888	I:	D:
20205	22823	+	3	1.285310	I:	D:
22862	23008	+	2	1.323856	I:	D:
23330	24418	-	2	1.293334	I:	D:
24480	25223	+	3	1.287652	I:	D:
25213	25959	+	1	1.297696	I:	D:
26059	26922	+	1	1.301786	I:	D:
27141	27845	+	3	1.304576	I:	D:
27995	28699	+	2	1.289506	I:	D:
28786	29280	+	1	1.333017	I:	D:
29710	31641	-	1	1.269167	I:	D:
31674	32828	-	3	1.273872	I:	D:
32885	33628	+	2	1.302613	I:	D:
33687	35048	+	3	1.275481	I:	D:
35048	35578	+	2	1.289489	I:	D:
35571	35831	+	3	1.261865	I:	D:
35822	36766	+	2	1.276740	I:	D:
36785	37594	+	2	1.297556	I:	D:
37572	38729	+	3	1.290959	I:	D:
39140	39442	-	2	1.293026	I:	D:
39551	39694	-	2	1.370303	I:	D:
40006	40455	-	1	1.263127	I:	D:
40455	41249	-	3	1.294485	I:	D:
41479	41817	-	1	1.263060	I:	D:
41792	42007	-	2	1.262522	I:	D:
42100	42633	+	1	1.289395	I:	D:
42695	43258	+	2	1.280071	I:	D:
43258	44058	+	1	1.279329	I:	D:
44084	45319	+	2	1.291339	I:	D:
45415	45651	+	1	1.304078	I:	D:
45767	46675	+	2	1.270037	I:	D:
46834	46965	+	1	1.349921	I:	D:
47211	48533	+	3	1.307390	I:	D:
48546	49931	+	3	1.302464	I:	D:
49934	50167	-	2	1.279711	I:	D:
50329	50517	-	1	1.326747	I:	D:
50657	51298	+	2	1.321639	I:	D:
51313	51783	+	1	1.285651	I:	D:
51880	52749	+	1	1.296052	I:	D:
52841	54484	-	2	1.294713	I:	D:
54669	54968	+	3	1.304087	I:	D:
54992	55294	+	2	1.308200	I:	D:
55322	56734	+	2	1.297223	I:	D:
56804	56938	+	2	1.317497	I:	D:
57037	57546	+	1	1.301415	I:	D:
57703	58182	-	1	1.269414	I:	D:
58282	60249	-	1	1.281429	I:	D:
60378	60728	+	3	1.310181	I:	D:
60735	61082	-	3	1.310065	I:	D:
61226	61486	+	2	1.290842	I:	D:
61559	61849	-	2	1.276826	I:	D:
61867	62316	-	1	1.324645	I:	D:
62222	62827	-	2	1.323579	I:	D:
63021	63626	+	3	1.361809	I:	D:
63835	64821	-	1	1.327164	I:	D:
65062	66093	+	1	1.301816	I:	D:
66110	66286	+	2	1.324782	I:	D:
66297	66824	-	3	1.363632	I:	D:
66861	67043	+	3	1.332784	I:	D:
67407	67721	+	3	1.295759	I:	D:
67813	69465	+	1	1.291485	I:	D:
69469	70911	+	1	1.283167	I:	D:
70921	72336	+	1	1.289125	I:	D:
72351	73073	+	3	1.297407	I:	D:
73070	74815	+	2	1.274048	I:	D:
74984	76441	-	2	1.271325	I:	D:
76542	78743	+	3	1.284880	I:	D:
78658	79215	+	1	1.276680	I:	D:
79215	79640	+	3	1.290549	I:	D:
79669	80238	+	1	1.268440	I:	D:
80271	80576	+	3	1.350959	I:	D:
80643	81110	+	3	1.302927	I:	D:
81128	81601	-	2	1.326319	I:	D:
82152	82817	+	3	1.352554	I:	D:
83437	85101	-	1	1.280379	I:	D:
85220	85591	+	2	1.375149	I:	D:
85731	86081	+	3	1.280857	I:	D:
86310	86984	-	3	1.273079	I:	D:
86986	87639	-	1	1.256458	I:	D:
87800	88252	+	2	1.304881	I:	D:
88256	88753	+	2	1.301903	I:	D:
88758	89552	+	3	1.293911	I:	D:
89654	90229	+	2	1.305342	I:	D:
90307	90846	-	1	1.310809	I:	D:
90966	91697	+	3	1.312404	I:	D:
91752	92282	-	3	1.319733	I:	D:
92685	93290	+	3	1.296958	I:	D:
93511	93825	-	1	1.286158	I:	D:
93870	94307	-	3	1.303697	I:	D:
94313	94504	+	2	1.336441	I:	D:
95030	95197	-	2	1.275883	I:	D:
95309	95563	+	2	1.325023	I:	D:
95601	95822	-	3	1.318948	I:	D:
95893	97152	-	1	1.272142	I:	D:
97247	97402	+	2	1.303418	I:	D:
97457	97657	-	2	1.342958	I:	D:
97931	99037	+	2	1.293678	I:	D:
99041	100048	-	2	1.296982	I:	D:
100045	101928	-	1	1.297816	I:	D:
102593	102874	-	2	1.301437	I:	D:
102877	103176	-	1	1.288494	I:	D:
103027	103920	+	1	1.312495	I:	D:
104130	107276	+	3	1.284929	I:	D:
107283	107753	+	3	1.302194	I:	D:
107862	108398	+	3	1.290586	I:	D:
108450	108635	+	3	1.376417	I:	D:
108678	108971	+	3	1.317668	I:	D:
109161	109580	+	3	1.276071	I:	D:
109668	109832	-	3	1.349287	I:	D:
110105	110257	+	2	1.323879	I:	D:
110390	110779	-	2	1.326968	I:	D:
111339	111485	+	3	1.338000	I:	D:
111617	111748	+	2	1.369047	I:	D:
111917	112534	-	2	1.286988	I:	D:
112628	113194	+	2	1.281621	I:	D:
113247	114809	+	3	1.274431	I:	D:
114818	116143	+	2	1.285700	I:	D:
116140	116946	+	1	1.287782	I:	D:
116950	117879	+	1	1.277016	I:	D:
117915	120056	+	3	1.277684	I:	D:
120099	120599	+	3	1.286867	I:	D:
120596	120889	+	2	1.281765	I:	D:
120948	121562	+	3	1.295440	I:	D:
121591	122985	-	1	1.297261	I:	D:
122985	123767	-	3	1.278942	I:	D:
123843	124757	+	3	1.296348	I:	D:
124736	125683	+	2	1.276996	I:	D:
125732	126772	+	2	1.268814	I:	D:
127016	128638	+	2	1.307405	I:	D:
>YB4_12322
3	1310	+	3	1.348201	I:	D:
1475	2797	+	2	1.329790	I:	D:
3033	5312	+	3	1.357131	I:	D:
5671	5916	+	1	1.349923	I:	D:
5979	7193	+	3	1.331341	I:	D:
7274	8953	-	2	1.287183	I:	D:
9009	9680	-	3	1.303009	I:	D:
10187	11497	-	2	1.303700	I:	D:
11596	12054	+	1	1.287184	I:	D:
12243	14612	+	3	1.354301	I:	D:
14926	16155	+	1	1.310648	I:	D:
16256	16660	-	2	1.309357	I:	D:
17100	17267	+	3	1.278802	I:	D:
>YB4_12467
3	1772	-	3	1.291148	I:	D:
1812	2006	-	3	1.314543	I:	D:
2105	4426	-	2	1.281013	I:	D:
4563	5921	-	3	1.319679	I:	D:
5882	6904	-	2	1.288240	I:	D:
6924	8663	-	3	1.302608	I:	D:
8681	9745	-	2	1.312897	I:	D:
9908	11068	-	2	1.304932	I:	D:
11068	11256	-	1	1.342798	I:	D:
11275	12051	+	1	1.304656	I:	D:
12064	12663	+	1	1.287976	I:	D:
12785	12940	+	2	1.334226	I:	D:
13077	13430	+	3	1.273637	I:	D:
13557	13772	-	3	1.363043	I:	D:
13781	14032	-	2	1.354838	I:	D:
14035	14178	-	1	1.341868	I:	D:
14243	15367	-	2	1.309218	I:	D:
15481	15663	-	1	1.369974	I:	D:
15815	16060	-	2	1.380469	I:	D:
>YB4_12729
104	760	-	2	1.303152	I:	D:
810	1019	-	3	1.298116	I:	D:
1050	2162	-	3	1.273159	I:	D:
2146	2604	-	1	1.252995	I:	D:
2601	3101	-	3	1.270727	I:	D:
3262	4041	+	1	1.295899	I:	D:
4035	4766	+	3	1.289945	I:	D:
4763	6571	+	2	1.301063	I:	D:
6568	7395	+	1	1.299667	I:	D:
7506	7847	+	3	1.320037	I:	D:
8028	8267	+	3	1.293031	I:	D:
8268	10499	-	3	1.283653	I:	D:
10530	11006	+	3	1.307398	I:	D:
11869	13023	+	1	1.371976	I:	D:
13026	13217	+	3	1.384792	I:	D:
13255	14091	-	1	1.306115	I:	D:
14322	14483	-	3	1.297233	I:	D:
14493	14879	+	3	1.333614	I:	D:
>YB4_14044
111	266	+	3	1.337817	I:	D:
333	1649	+	3	1.291102	I:	D:
1792	2994	+	1	1.299021	I:	D:
2999	3793	+	2	1.303969	I:	D:
3905	5521	+	2	1.289987	I:	D:
5537	8164	+	2	1.300690	I:	D:
8171	8890	+	2	1.319015	I:	D:
9291	10184	-	3	1.333921	I:	D:
10209	10448	-	3	1.348082	I:	D:
10497	11882	-	3	1.309064	I:	D:
11944	12450	-	1	1.308422	I:	D:
12626	13315	+	2	1.316469	I:	D:
13449	13805	+	3	1.395722	I:	D:
13912	14499	-	1	1.337459	I:	D:
14354	15436	-	2	1.306254	I:	D:
15433	16098	-	1	1.314613	I:	D:
16249	16716	+	1	1.294212	I:	D:
16856	17155	+	2	1.387749	I:	D:
17244	17384	-	3	1.334384	I:	D:
17430	17558	-	3	1.345718	I:	D:
17568	18851	-	3	1.308190	I:	D:
18869	19252	-	2	1.291368	I:	D:
19459	20118	+	1	1.352212	I:	D:
20193	21104	-	3	1.310969	I:	D:
21094	21756	-	1	1.292993	I:	D:
21797	22528	-	2	1.310337	I:	D:
22595	22990	-	2	1.350539	I:	D:
22990	23556	-	1	1.335440	I:	D:
23573	25711	-	2	1.300343	I:	D:
25734	26231	-	3	1.260325	I:	D:
26351	27595	-	2	1.309966	I:	D:
27727	28227	+	1	1.296582	I:	D:
28476	29258	+	3	1.329175	I:	D:
29357	29710	+	2	1.335967	I:	D:
29703	30098	+	3	1.320792	I:	D:
30129	30623	+	3	1.351365	I:	D:
30868	31149	+	1	1.310576	I:	D:
31246	31527	+	1	1.394197	I:	D:
31618	32052	+	1	1.294229	I:	D:
32055	33308	+	3	1.298427	I:	D:
33456	33776	+	3	1.296732	I:	D:
34081	34881	+	1	1.286736	I:	D:
34881	35726	+	3	1.283086	I:	D:
35716	36888	+	1	1.313014	I:	D:
37116	37658	-	3	1.304218	I:	D:
37660	39087	-	1	1.327117	I:	D:
39120	40010	-	3	1.301599	I:	D:
40085	40942	-	2	1.298250	I:	D:
40958	41746	-	2	1.321605	I:	D:
41743	42537	-	1	1.312047	I:	D:
42553	43605	-	1	1.306850	I:	D:
43605	44252	-	3	1.304627	I:	D:
44254	45399	-	1	1.300443	I:	D:
45410	46321	-	2	1.320665	I:	D:
46495	47400	+	1	1.310302	I:	D:
47692	47952	-	1	1.336374	I:	D:
47956	48315	-	1	1.314704	I:	D:
48335	48733	-	2	1.311069	I:	D:
48730	49053	-	1	1.314091	I:	D:
49055	49234	+	2	1.330388	I:	D:
49240	49569	-	1	1.289206	I:	D:
49566	49961	-	3	1.282851	I:	D:
49980	50558	-	3	1.295591	I:	D:
50686	50961	-	1	1.315480	I:	D:
50972	51322	-	2	1.327706	I:	D:
51393	52892	-	3	1.321990	I:	D:
52892	53470	-	2	1.284215	I:	D:
53801	54361	-	2	1.323856	I:	D:
54476	55051	-	2	1.313566	I:	D:
55373	55942	-	2	1.315229	I:	D:
55950	56222	-	3	1.309752	I:	D:
56285	63181	-	2	1.302634	I:	D:
63174	65693	-	3	1.296583	I:	D:
65695	66207	-	1	1.310144	I:	D:
66204	66641	-	3	1.316274	I:	D:
66897	68990	-	3	1.306466	I:	D:
68992	70242	-	1	1.294455	I:	D:
70335	70949	-	3	1.295746	I:	D:
71030	71344	-	2	1.263392	I:	D:
71355	71726	-	3	1.288339	I:	D:
71741	72661	-	2	1.296867	I:	D:
72654	73292	-	3	1.275731	I:	D:
73304	73648	-	2	1.303324	I:	D:
73645	75246	-	1	1.317885	I:	D:
75251	75451	-	2	1.325293	I:	D:
75475	76806	-	1	1.310593	I:	D:
76784	77296	-	2	1.319427	I:	D:
77658	78059	+	3	1.366784	I:	D:
78259	78669	-	1	1.333506	I:	D:
78670	79050	-	1	1.366838	I:	D:
79037	80365	-	2	1.329761	I:	D:
80373	80627	-	3	1.308166	I:	D:
80642	81364	-	2	1.364769	I:	D:
81423	82094	-	3	1.292017	I:	D:
82097	82495	-	2	1.330724	I:	D:
82635	82841	-	3	1.290018	I:	D:
82998	83435	+	3	1.331557	I:	D:
83454	83636	+	3	1.328073	I:	D:
84023	84184	+	2	1.317170	I:	D:
84181	84405	+	1	1.356356	I:	D:
84568	84846	+	1	1.288017	I:	D:
84875	85216	+	2	1.306718	I:	D:
85261	86163	+	1	1.332216	I:	D:
86160	86888	+	3	1.311700	I:	D:
86894	87415	+	2	1.324819	I:	D:
87415	87678	+	1	1.369448	I:	D:
87877	88362	+	1	1.325948	I:	D:
88364	88576	+	2	1.351792	I:	D:
88573	89037	+	1	1.338543	I:	D:
89225	89620	+	2	1.344911	I:	D:
89767	89979	+	1	1.331954	I:	D:
90191	91273	+	2	1.327608	I:	D:
91370	91669	+	2	1.365993	I:	D:
91713	92060	-	3	1.311233	I:	D:
92195	92752	-	2	1.311875	I:	D:
92936	93577	+	2	1.324994	I:	D:
93577	95307	+	1	1.298324	I:	D:
95309	95632	+	2	1.341092	I:	D:
95714	96313	+	2	1.297057	I:	D:
96417	96884	+	3	1.307888	I:	D:
96885	97268	+	3	1.393973	I:	D:
97509	99125	+	3	1.332130	I:	D:
>YB4_14528
116	589	+	2	1.319200	I:	D:
625	852	-	1	1.316312	I:	D:
836	1447	-	2	1.366866	I:	D:
1676	1909	+	2	1.387273	I:	D:
1986	2735	-	3	1.338481	I:	D:
2874	3347	+	3	1.327891	I:	D:
3542	5992	-	2	1.261969	I:	D:
6131	8920	-	2	1.269551	I:	D:
8963	10903	+	2	1.268201	I:	D:
11008	12543	+	1	1.261379	I:	D:
12568	13851	+	1	1.263571	I:	D:
13882	15195	+	1	1.258001	I:	D:
15272	15727	+	2	1.285921	I:	D:
15728	16540	+	2	1.274606	I:	D:
16556	17140	+	2	1.353717	I:	D:
17329	18402	-	1	1.276002	I:	D:
18399	18905	-	3	1.256942	I:	D:
19013	20233	+	2	1.269018	I:	D:
20394	22826	-	3	1.266203	I:	D:
22917	23861	-	3	1.289688	I:	D:
23933	25201	+	2	1.274568	I:	D:
25576	25740	+	1	1.339558	I:	D:
25834	27120	-	1	1.260614	I:	D:
27189	28835	-	3	1.286978	I:	D:
28937	29596	+	2	1.279601	I:	D:
29618	29974	-	2	1.297804	I:	D:
29964	30803	-	3	1.260862	I:	D:
30884	32332	+	2	1.274831	I:	D:
32516	34255	+	2	1.267960	I:	D:
34262	34582	+	2	1.244444	I:	D:
34595	35188	+	2	1.288649	I:	D:
35211	35786	+	3	1.312342	I:	D:
36516	36764	+	3	1.370155	I:	D:
37060	37740	-	1	1.272124	I:	D:
37750	39123	-	1	1.280445	I:	D:
39127	39897	-	1	1.282789	I:	D:
39916	40710	-	1	1.267092	I:	D:
40774	41199	-	1	1.282503	I:	D:
41192	41635	-	2	1.308900	I:	D:
41644	42699	-	1	1.287297	I:	D:
42778	43008	-	1	1.305292	I:	D:
43020	43943	-	3	1.283614	I:	D:
43937	44716	-	2	1.278425	I:	D:
44717	45343	-	2	1.319552	I:	D:
45923	46744	-	2	1.282709	I:	D:
46744	47562	-	1	1.298281	I:	D:
47568	48188	-	3	1.307352	I:	D:
48199	50052	-	1	1.293564	I:	D:
50201	50770	+	2	1.289207	I:	D:
50777	52117	-	2	1.274382	I:	D:
52242	52985	+	3	1.278464	I:	D:
53016	53684	+	3	1.337627	I:	D:
53963	54898	-	2	1.312416	I:	D:
55211	56464	-	2	1.265284	I:	D:
56970	57554	+	3	1.284665	I:	D:
57556	58290	+	1	1.270615	I:	D:
58301	59710	-	2	1.272426	I:	D:
59694	60782	-	3	1.281128	I:	D:
60863	61939	+	2	1.263119	I:	D:
61936	62571	+	1	1.281280	I:	D:
62761	63057	+	1	1.348396	I:	D:
63403	63942	+	1	1.365311	I:	D:
63939	64328	+	3	1.376350	I:	D:
64358	64897	+	2	1.367054	I:	D:
65207	65944	-	2	1.246231	I:	D:
65977	66921	-	1	1.277942	I:	D:
67077	67505	+	3	1.296328	I:	D:
67531	69828	+	1	1.280864	I:	D:
70356	71648	-	3	1.280607	I:	D:
71739	72641	-	3	1.298887	I:	D:
72722	73957	-	2	1.328339	I:	D:
74024	75232	-	2	1.309391	I:	D:
75347	75694	-	2	1.274120	I:	D:
75763	79143	-	1	1.271912	I:	D:
79133	82006	-	2	1.278481	I:	D:
82023	82607	-	3	1.269013	I:	D:
82608	83321	-	3	1.276188	I:	D:
83432	85267	-	2	1.265144	I:	D:
85409	85648	-	2	1.300808	I:	D:
85831	87669	+	1	1.277316	I:	D:
88113	88937	+	3	1.302794	I:	D:
88956	89099	-	3	1.351911	I:	D:
89160	90032	+	3	1.288920	I:	D:
90029	90547	+	2	1.287412	I:	D:
90548	92371	+	2	1.287203	I:	D:
92368	93510	+	1	1.270789	I:	D:
93748	93927	-	1	1.234600	I:	D:
>YB4_15123
1	198	+	1	1.311431	I:	D:
282	2045	+	3	1.301019	I:	D:
2053	4326	+	1	1.300846	I:	D:
4391	4540	+	2	1.314151	I:	D:
4740	4877	+	3	1.343214	I:	D:
4988	5788	-	2	1.265591	I:	D:
6184	6351	+	1	1.356984	I:	D:
6565	7944	-	1	1.328347	I:	D:
8010	8591	-	3	1.293774	I:	D:
8592	9188	-	3	1.292965	I:	D:
9178	9774	-	1	1.262397	I:	D:
9775	10776	-	1	1.303464	I:	D:
10781	12100	-	2	1.271543	I:	D:
11879	12040	+	2	1.290120	I:	D:
12087	12932	-	3	1.298261	I:	D:
13011	13418	-	3	1.283749	I:	D:
13420	14436	-	1	1.275719	I:	D:
14494	15240	+	1	1.281669	I:	D:
15241	16794	+	1	1.287869	I:	D:
16887	17084	+	3	1.337553	I:	D:
17150	17833	+	2	1.321151	I:	D:
17889	18650	+	3	1.323698	I:	D:
18766	19326	+	1	1.325035	I:	D:
19356	20036	-	3	1.300876	I:	D:
20601	21419	+	3	1.365080	I:	D:
21794	22681	+	2	1.366088	I:	D:
22848	23708	+	3	1.322877	I:	D:
23734	24282	+	1	1.328466	I:	D:
24633	24791	-	3	1.309867	I:	D:
24902	25393	+	2	1.281039	I:	D:
25463	26422	-	2	1.289031	I:	D:
26441	28141	-	2	1.277874	I:	D:
28216	29484	-	1	1.276061	I:	D:
29683	30120	-	1	1.256781	I:	D:
30298	30753	-	1	1.294433	I:	D:
30861	31250	+	3	1.344756	I:	D:
31311	31790	-	3	1.283936	I:	D:
31841	34972	-	2	1.279374	I:	D:
34976	36142	-	2	1.264584	I:	D:
36148	36768	-	1	1.296716	I:	D:
36804	36950	+	3	1.342386	I:	D:
37010	37870	+	2	1.279975	I:	D:
38105	38257	+	2	1.349808	I:	D:
38348	39433	-	2	1.275498	I:	D:
39457	40503	-	1	1.270699	I:	D:
40520	40936	-	2	1.261117	I:	D:
41078	42085	+	2	1.267209	I:	D:
42126	43304	+	3	1.270482	I:	D:
43502	43978	+	2	1.298446	I:	D:
44079	47984	-	3	1.287823	I:	D:
48271	48984	-	1	1.292909	I:	D:
48975	50117	-	3	1.282441	I:	D:
50218	50718	-	1	1.287994	I:	D:
50852	52387	-	2	1.307967	I:	D:
52483	52992	-	1	1.245751	I:	D:
52976	53956	-	2	1.250986	I:	D:
53966	55303	-	2	1.280992	I:	D:
55507	55944	+	1	1.279072	I:	D:
55968	57080	+	3	1.281779	I:	D:
57158	57460	+	2	1.286647	I:	D:
57528	57854	+	3	1.315030	I:	D:
57835	58695	+	1	1.284608	I:	D:
58748	59374	+	2	1.292461	I:	D:
59417	60001	+	2	1.273145	I:	D:
60740	60958	-	2	1.271597	I:	D:
61123	61356	+	1	1.287179	I:	D:
61360	63186	-	1	1.277821	I:	D:
63305	64078	+	2	1.295490	I:	D:
64167	64901	+	3	1.297120	I:	D:
64929	65621	+	3	1.293810	I:	D:
65642	67387	+	2	1.303541	I:	D:
68134	68379	+	1	1.354965	I:	D:
68673	69005	+	3	1.287093	I:	D:
69008	69682	-	2	1.290988	I:	D:
69861	71174	+	3	1.288021	I:	D:
71171	72121	+	2	1.289128	I:	D:
72144	72878	+	3	1.318523	I:	D:
72878	73444	+	2	1.303189	I:	D:
73688	74584	-	2	1.284836	I:	D:
74683	75270	+	1	1.281908	I:	D:
75263	75808	+	2	1.292929	I:	D:
75914	76129	+	2	1.307789	I:	D:
76387	76641	+	1	1.378468	I:	D:
76726	77250	-	1	1.294917	I:	D:
77377	78249	+	1	1.298082	I:	D:
78368	80659	+	2	1.309793	I:	D:
80869	81024	+	1	1.329202	I:	D:
81171	81299	-	3	1.344465	I:	D:
81493	83841	-	1	1.266341	I:	D:
83941	84912	+	1	1.264740	I:	D:
84935	85885	+	2	1.287357	I:	D:
85959	86897	+	3	1.279068	I:	D:
87076	87435	+	1	1.365077	I:	D:
>YB4_17647
339	494	+	3	1.357498	I:	D:
512	1114	+	2	1.312526	I:	D:
1189	1662	-	1	1.334876	I:	D:
1806	2150	+	3	1.356336	I:	D:
2618	2824	-	2	1.295066	I:	D:
2933	3145	-	2	1.281582	I:	D:
3286	4368	+	1	1.285680	I:	D:
4491	5546	+	3	1.301836	I:	D:
>YB4_18539
17	145	+	2	1.358885	I:	D:
237	830	-	3	1.328597	I:	D:
923	1156	+	2	1.343512	I:	D:
1184	4390	+	2	1.316465	I:	D:
4395	5297	+	3	1.324462	I:	D:
5334	5639	+	3	1.324485	I:	D:
7065	7214	+	3	1.355875	I:	D:
7266	7439	+	3	1.352774	I:	D:
7610	7738	-	2	1.246957	I:	D:
7963	10779	-	1	1.293220	I:	D:
10981	12099	+	1	1.289658	I:	D:
12172	12639	+	1	1.296474	I:	D:
12793	14232	+	1	1.299061	I:	D:
14302	14958	-	1	1.323917	I:	D:
15104	15634	-	2	1.290103	I:	D:
15768	16097	-	3	1.303570	I:	D:
16175	16336	+	2	1.322305	I:	D:
16763	17734	-	2	1.303118	I:	D:
17738	18211	-	2	1.287060	I:	D:
18377	19765	+	2	1.297715	I:	D:
19775	20446	+	2	1.300186	I:	D:
20544	21455	+	3	1.282949	I:	D:
21491	21700	+	2	1.290325	I:	D:
21707	22540	+	2	1.300026	I:	D:
22656	23378	+	3	1.285344	I:	D:
23399	24556	+	2	1.304688	I:	D:
24683	24898	-	2	1.320658	I:	D:
24762	25103	+	3	1.269327	I:	D:
25309	25569	-	1	1.294184	I:	D:
26024	26647	-	2	1.282296	I:	D:
26652	27107	-	3	1.272925	I:	D:
27104	28495	-	2	1.281421	I:	D:
28500	29363	-	3	1.279248	I:	D:
29377	30402	-	1	1.276292	I:	D:
30505	31485	+	1	1.287421	I:	D:
31550	31915	-	2	1.314254	I:	D:
31939	32145	-	1	1.376592	I:	D:
32245	32520	-	1	1.370821	I:	D:
32637	34025	-	3	1.295022	I:	D:
33998	36652	-	2	1.263702	I:	D:
36717	36956	+	3	1.369132	I:	D:
37176	38426	+	3	1.288026	I:	D:
38522	41002	+	2	1.284549	I:	D:
41121	42137	+	3	1.288628	I:	D:
42134	45349	+	2	1.285129	I:	D:
45336	45815	+	3	1.323851	I:	D:
45965	49336	-	2	1.287615	I:	D:
49812	50861	-	3	1.294776	I:	D:
50909	51553	+	2	1.291347	I:	D:
51975	54167	+	3	1.313853	I:	D:
54303	55118	+	3	1.322136	I:	D:
55322	55492	+	2	1.344273	I:	D:
55601	56080	+	2	1.371902	I:	D:
56393	59665	+	2	1.308356	I:	D:
60136	63129	-	1	1.295576	I:	D:
>YB4_19487
2	715	+	2	1.372956	I:	D:
1649	2866	+	2	1.311320	I:	D:
3041	3919	-	2	1.268586	I:	D:
4054	6786	+	1	1.283135	I:	D:
6831	7244	+	3	1.332695	I:	D:
7292	8098	+	2	1.313435	I:	D:
8280	9665	+	3	1.285435	I:	D:
9722	10093	+	2	1.302162	I:	D:
10128	10670	+	3	1.299194	I:	D:
10654	11349	+	1	1.328309	I:	D:
11391	11792	+	3	1.281754	I:	D:
12499	15870	+	1	1.301188	I:	D:
16325	17038	-	2	1.273596	I:	D:
17172	17534	-	3	1.286583	I:	D:
17721	19988	+	3	1.293660	I:	D:
19992	21098	+	3	1.295815	I:	D:
21174	22409	+	3	1.281467	I:	D:
22410	23483	+	3	1.286169	I:	D:
23553	24560	+	3	1.281818	I:	D:
24595	27144	+	1	1.296582	I:	D:
27134	28483	+	2	1.305347	I:	D:
28493	28621	+	2	1.353158	I:	D:
28875	30290	+	3	1.314759	I:	D:
30295	30663	+	1	1.304199	I:	D:
30780	31373	+	3	1.311710	I:	D:
31452	31904	-	3	1.300699	I:	D:
31996	33237	+	1	1.321536	I:	D:
33611	33922	-	2	1.335718	I:	D:
34080	34346	+	3	1.369953	I:	D:
34364	35002	-	2	1.292221	I:	D:
35104	36426	-	1	1.298018	I:	D:
36805	37116	+	1	1.362180	I:	D:
37420	37899	+	1	1.372706	I:	D:
38203	39000	+	1	1.382367	I:	D:
39034	39204	+	1	1.321392	I:	D:
39303	39899	-	3	1.341247	I:	D:
40244	40405	+	2	1.356670	I:	D:
40409	40768	+	2	1.412681	I:	D:
41060	41821	-	2	1.346668	I:	D:
41968	44148	-	1	1.307566	I:	D:
44316	44864	-	3	1.286414	I:	D:
45018	45932	+	3	1.280807	I:	D:
45999	46709	-	3	1.297988	I:	D:
46800	48194	+	3	1.299948	I:	D:
48191	48673	+	2	1.305187	I:	D:
48677	49168	+	2	1.276363	I:	D:
49185	49709	+	3	1.292261	I:	D:
49706	50596	+	2	1.285126	I:	D:
50755	51021	+	1	1.294792	I:	D:
51203	52174	+	2	1.330444	I:	D:
52178	54565	+	2	1.324105	I:	D:
>YB4_19568
1	237	-	1	1.279458	I:	D:
234	965	-	3	1.302846	I:	D:
959	1738	-	2	1.296051	I:	D:
1899	2399	+	3	1.282762	I:	D:
2396	2854	+	2	1.267965	I:	D:
2838	3950	+	3	1.283947	I:	D:
3981	4190	+	3	1.307621	I:	D:
4240	4896	+	1	1.309674	I:	D:
5278	8346	-	1	1.297800	I:	D:
8757	9044	+	3	1.307176	I:	D:
9115	9900	+	1	1.319527	I:	D:
10498	11031	+	1	1.332060	I:	D:
11339	11515	-	2	1.393848	I:	D:
11577	11924	+	3	1.374484	I:	D:
11948	12175	+	2	1.365786	I:	D:
12178	12570	+	1	1.391991	I:	D:
13119	13517	-	3	1.377917	I:	D:
13801	13932	+	1	1.382061	I:	D:
15237	15368	+	3	1.361694	I:	D:
15674	15850	+	2	1.387132	I:	D:
16114	16386	-	1	1.365629	I:	D:
>YB4_19609
1	153	+	1	1.278373	I:	D:
143	739	+	2	1.308018	I:	D:
740	1321	+	2	1.307026	I:	D:
1387	2766	+	1	1.332748	I:	D:
3543	4343	+	3	1.277824	I:	D:
4417	4695	+	1	1.356567	I:	D:
5005	7275	-	1	1.308252	I:	D:
7286	9049	-	2	1.310015	I:	D:
9278	9472	-	2	1.309231	I:	D:
9502	10038	-	1	1.320435	I:	D:
10064	10219	-	2	1.331005	I:	D:
11069	12103	-	2	1.343317	I:	D:
12182	12886	-	2	1.318606	I:	D:
12935	13129	-	2	1.333892	I:	D:
13294	13917	-	1	1.346782	I:	D:
14262	15785	-	3	1.343671	I:	D:
16152	17069	-	3	1.342692	I:	D:
17118	19130	-	3	1.328226	I:	D:
19182	19325	-	3	1.336377	I:	D:
>YB4_19715
3	1526	-	3	1.349437	I:	D:
1539	1745	-	3	1.324979	I:	D:
1853	3109	-	2	1.292598	I:	D:
3438	6053	-	3	1.349037	I:	D:
6255	6623	-	3	1.307924	I:	D:
6686	7117	-	2	1.302363	I:	D:
7286	11134	+	2	1.287808	I:	D:
11230	11832	-	1	1.310584	I:	D:
11895	12791	-	3	1.321758	I:	D:
13056	13901	-	3	1.307701	I:	D:
14229	14855	-	3	1.321575	I:	D:
15511	15927	+	1	1.352329	I:	D:
15943	17397	+	1	1.284275	I:	D:
17460	17954	-	3	1.298791	I:	D:
17951	20530	-	2	1.270429	I:	D:
20691	22799	+	3	1.316605	I:	D:
23818	24039	-	1	1.304097	I:	D:
24235	24366	-	1	1.351874	I:	D:
24784	28965	-	1	1.279732	I:	D:
28983	33146	-	3	1.277798	I:	D:
33166	33303	-	1	1.353500	I:	D:
33343	33531	+	1	1.354073	I:	D:
33539	33826	+	2	1.367883	I:	D:
34019	34312	+	2	1.378288	I:	D:
34318	34686	-	1	1.245684	I:	D:
34748	35260	-	2	1.287867	I:	D:
35487	35615	-	3	1.331708	I:	D:
35663	36346	-	2	1.262976	I:	D:
36351	36791	-	3	1.291220	I:	D:
36945	38705	-	3	1.316238	I:	D:
38891	39112	+	2	1.305618	I:	D:
39336	39833	+	3	1.385076	I:	D:
39836	40426	-	2	1.314993	I:	D:
40590	41123	-	3	1.285842	I:	D:
41137	41334	-	1	1.301541	I:	D:
41602	41850	-	1	1.323086	I:	D:
42316	42804	-	1	1.326056	I:	D:
43166	43771	-	2	1.285063	I:	D:
43820	44785	-	2	1.282730	I:	D:
44778	46319	-	3	1.293790	I:	D:
46345	46914	-	1	1.293725	I:	D:
47081	48094	+	2	1.289662	I:	D:
48191	49417	-	2	1.303254	I:	D:
49595	50176	+	2	1.278619	I:	D:
50320	51795	+	1	1.283638	I:	D:
51873	52742	-	3	1.322374	I:	D:
52754	53293	-	2	1.316251	I:	D:
53378	53716	-	2	1.306494	I:	D:
53704	55800	-	1	1.317836	I:	D:
55949	57250	+	2	1.297985	I:	D:
57219	58076	+	3	1.300359	I:	D:
58081	58956	+	1	1.299104	I:	D:
59262	59483	-	3	1.390286	I:	D:
59835	60248	+	3	1.373737	I:	D:
60548	60853	-	2	1.356289	I:	D:
61144	61722	+	1	1.346244	I:	D:
62229	62897	-	3	1.313687	I:	D:
62921	64027	-	2	1.289771	I:	D:
64097	64771	-	2	1.275058	I:	D:
64775	65677	-	2	1.285750	I:	D:
65757	66521	+	3	1.287941	I:	D:
66628	66852	-	1	1.297185	I:	D:
67035	67172	-	3	1.318477	I:	D:
67258	67482	+	1	1.341784	I:	D:
67670	68158	-	2	1.302874	I:	D:
68989	69735	-	1	1.253590	I:	D:
69904	70563	+	1	1.281972	I:	D:
70563	71612	+	3	1.289791	I:	D:
71659	72078	-	1	1.315461	I:	D:
72202	74574	-	1	1.320213	I:	D:
74567	75799	-	2	1.326325	I:	D:
75640	75774	-	1	1.329181	I:	D:
75787	76851	-	1	1.315220	I:	D:
76978	77190	-	1	1.341269	I:	D:
77193	77636	-	3	1.291220	I:	D:
77793	78308	+	3	1.345455	I:	D:
78311	79159	+	2	1.389385	I:	D:
79224	79745	+	3	1.314507	I:	D:
79746	79997	+	3	1.363518	I:	D:
80026	80250	+	1	1.358083	I:	D:
80269	80628	-	1	1.280045	I:	D:
80651	81706	-	2	1.289184	I:	D:
81774	82025	-	3	1.293425	I:	D:
82053	82349	-	3	1.285426	I:	D:
82456	82932	-	1	1.304703	I:	D:
83102	83986	+	2	1.303419	I:	D:
84239	84565	+	2	1.373535	I:	D:
85269	86327	-	3	1.289683	I:	D:
86520	87893	-	3	1.286829	I:	D:
87923	88612	-	2	1.286811	I:	D:
88630	89562	-	1	1.290352	I:	D:
89568	91373	-	3	1.288332	I:	D:
91386	91703	-	3	1.290910	I:	D:
91719	93062	-	3	1.285770	I:	D:
93210	95795	+	3	1.315245	I:	D:
96109	97320	+	1	1.326659	I:	D:
97782	99650	-	3	1.286011	I:	D:
99721	100821	-	1	1.296824	I:	D:
100823	101653	-	2	1.276709	I:	D:
101979	102443	-	3	1.317530	I:	D:
102736	103317	-	1	1.275659	I:	D:
103893	104261	-	3	1.280916	I:	D:
104218	104982	-	1	1.373831	I:	D:
105180	107876	-	3	1.280252	I:	D:
108078	108956	+	3	1.294200	I:	D:
108949	109554	+	1	1.285806	I:	D:
109963	110469	+	1	1.339860	I:	D:
110612	110800	+	2	1.380299	I:	D:
111672	112283	-	3	1.267530	I:	D:
112276	112767	-	1	1.270048	I:	D:
112864	113088	-	1	1.269622	I:	D:
113145	113867	-	3	1.302867	I:	D:
113874	114185	-	3	1.280210	I:	D:
114212	114937	-	2	1.289252	I:	D:
114950	115474	-	2	1.295636	I:	D:
115676	116296	+	2	1.295718	I:	D:
116476	117294	-	1	1.297820	I:	D:
117380	118555	+	2	1.288337	I:	D:
118578	119543	+	3	1.318744	I:	D:
119536	120345	+	1	1.295975	I:	D:
120342	121577	+	3	1.320444	I:	D:
121741	122484	-	1	1.294879	I:	D:
122475	124601	-	3	1.311941	I:	D:
124838	125527	+	2	1.318815	I:	D:
125677	126507	+	1	1.309023	I:	D:
126591	127469	+	3	1.309647	I:	D:
127588	128052	+	1	1.294091	I:	D:
128279	131455	-	2	1.286609	I:	D:
131473	132681	-	1	1.281155	I:	D:
132736	134073	-	1	1.300484	I:	D:
134066	134248	-	2	1.294768	I:	D:
134282	134443	+	2	1.340245	I:	D:
134596	135972	+	1	1.320548	I:	D:
136002	136208	-	3	1.290029	I:	D:
136249	137478	-	1	1.334619	I:	D:
137480	139117	-	2	1.324402	I:	D:
139122	139574	-	3	1.318388	I:	D:
139760	139972	-	2	1.321972	I:	D:
140409	142886	+	3	1.295246	I:	D:
142895	146269	+	2	1.294211	I:	D:
146401	149118	+	1	1.284723	I:	D:
149120	149866	+	2	1.352900	I:	D:
149867	151495	+	2	1.336401	I:	D:
151915	154806	-	1	1.303615	I:	D:
154845	155132	-	3	1.360230	I:	D:
155392	155571	-	1	1.344921	I:	D:
155675	155854	-	2	1.322643	I:	D:
155918	156397	-	2	1.288227	I:	D:
156665	157234	+	2	1.306836	I:	D:
157376	158599	+	2	1.324098	I:	D:
158620	159354	+	1	1.312730	I:	D:
159433	161352	-	1	1.311123	I:	D:
161477	162670	+	2	1.289556	I:	D:
162698	163699	-	2	1.285909	I:	D:
163839	164507	+	3	1.301073	I:	D:
164525	165385	-	2	1.309533	I:	D:
165400	166782	-	1	1.293976	I:	D:
166941	167879	+	3	1.302230	I:	D:
167939	168559	+	2	1.342488	I:	D:
168567	168761	+	3	1.371268	I:	D:
168786	169556	-	3	1.283832	I:	D:
169724	170809	+	2	1.292062	I:	D:
170853	172031	+	3	1.297935	I:	D:
172087	172296	+	1	1.311455	I:	D:
172300	172773	+	1	1.354948	I:	D:
173081	173593	+	2	1.306437	I:	D:
173810	176551	+	2	1.308330	I:	D:
176652	177032	+	3	1.347982	I:	D:
177035	177667	-	2	1.320012	I:	D:
177897	178103	-	3	1.318234	I:	D:
178178	179140	-	2	1.293106	I:	D:
179144	180418	-	2	1.291500	I:	D:
180516	180749	-	3	1.266194	I:	D:
180877	181275	+	1	1.300263	I:	D:
181416	182363	+	3	1.281881	I:	D:
182413	182667	-	1	1.324146	I:	D:
182734	182976	-	1	1.321062	I:	D:
183000	183371	-	3	1.326153	I:	D:
183388	183759	-	1	1.337118	I:	D:
183785	183952	-	2	1.284670	I:	D:
>YB4_19749
3	347	-	3	1.323301	I:	D:
692	1606	+	2	1.298120	I:	D:
1791	2498	+	3	1.283716	I:	D:
2505	3236	+	3	1.295557	I:	D:
3374	4633	-	2	1.317157	I:	D:
5248	7458	-	1	1.339968	I:	D:
7662	8891	-	3	1.281656	I:	D:
8879	10669	-	2	1.272281	I:	D:
10660	11586	-	1	1.267019	I:	D:
11589	12713	-	3	1.271845	I:	D:
12856	13230	+	1	1.283865	I:	D:
13304	13723	-	2	1.302232	I:	D:
13805	14515	-	2	1.261044	I:	D:
14557	15192	-	1	1.260665	I:	D:
15319	15846	+	1	1.285056	I:	D:
16039	17649	-	1	1.283732	I:	D:
18318	18776	+	3	1.383865	I:	D:
18777	19826	-	3	1.257847	I:	D:
20056	22035	-	1	1.282490	I:	D:
22057	22554	-	1	1.268603	I:	D:
22638	23789	-	3	1.291752	I:	D:
23929	25128	+	1	1.280259	I:	D:
25223	25894	+	2	1.260796	I:	D:
25918	27243	+	1	1.263030	I:	D:
27259	28647	+	1	1.278842	I:	D:
28998	29348	-	3	1.314598	I:	D:
30068	30289	+	2	1.303409	I:	D:
30380	30565	+	2	1.376077	I:	D:
31562	31777	+	2	1.365339	I:	D:
32003	32518	-	2	1.302519	I:	D:
32541	33821	-	3	1.276983	I:	D:
33872	34852	-	2	1.328984	I:	D:
34886	35047	+	2	1.385967	I:	D:
35104	36114	-	1	1.278386	I:	D:
36189	37505	-	3	1.247503	I:	D:
37498	38031	-	1	1.240629	I:	D:
38124	38912	-	3	1.289567	I:	D:
39129	40361	-	3	1.275844	I:	D:
40576	44997	-	1	1.280578	I:	D:
45175	46158	+	1	1.282686	I:	D:
46218	46598	-	3	1.316246	I:	D:
46641	47192	-	3	1.301070	I:	D:
47268	47480	-	3	1.307780	I:	D:
47587	47760	-	1	1.241720	I:	D:
47768	48052	+	2	1.356658	I:	D:
48234	48920	-	3	1.351783	I:	D:
49357	49770	+	1	1.292696	I:	D:
49772	49909	+	2	1.309083	I:	D:
49939	51021	-	1	1.293716	I:	D:
51021	51998	-	3	1.313776	I:	D:
52137	52859	-	3	1.306357	I:	D:
52863	53735	-	3	1.264429	I:	D:
53735	54937	-	2	1.254654	I:	D:
54961	55371	-	1	1.257747	I:	D:
55510	56241	+	1	1.285724	I:	D:
56225	57325	+	2	1.268475	I:	D:
57413	58360	-	2	1.273941	I:	D:
58891	59607	+	1	1.303422	I:	D:
59611	60042	-	1	1.247210	I:	D:
60073	61284	-	1	1.279433	I:	D:
61277	62059	-	2	1.295536	I:	D:
62068	63456	-	1	1.270650	I:	D:
63458	64216	-	2	1.258128	I:	D:
64219	64518	-	1	1.231603	I:	D:
64530	65537	-	3	1.280171	I:	D:
65537	66988	-	2	1.269856	I:	D:
67174	68028	+	1	1.268886	I:	D:
68127	68501	+	3	1.263308	I:	D:
68514	70058	+	3	1.264902	I:	D:
70086	71024	+	3	1.267768	I:	D:
71306	71584	+	2	1.262528	I:	D:
71744	72715	+	2	1.276327	I:	D:
72854	73090	+	2	1.291938	I:	D:
73156	74013	-	1	1.297673	I:	D:
74124	74642	-	3	1.294966	I:	D:
74731	74904	-	1	1.250751	I:	D:
75051	75695	-	3	1.314296	I:	D:
>YB4_20005
448	792	-	1	1.357744	I:	D:
874	2793	-	1	1.341010	I:	D:
3156	3677	-	3	1.349697	I:	D:
3949	4539	+	1	1.316654	I:	D:
4616	5905	-	2	1.307532	I:	D:
6281	8401	+	2	1.302316	I:	D:
8499	8909	+	3	1.300028	I:	D:
9018	9419	+	3	1.336517	I:	D:
9751	10392	+	1	1.294865	I:	D:
10960	11301	+	1	1.283339	I:	D:
11438	11995	-	2	1.314288	I:	D:
12090	12635	+	3	1.294570	I:	D:
12762	13187	+	3	1.297562	I:	D:
13196	13768	+	2	1.327268	I:	D:
13765	14940	+	1	1.294648	I:	D:
14943	15161	+	3	1.325577	I:	D:
15346	16629	-	1	1.296141	I:	D:
16965	19877	-	3	1.344016	I:	D:
20135	21829	-	2	1.260055	I:	D:
21929	23200	-	2	1.284636	I:	D:
23220	24098	-	3	1.305935	I:	D:
24101	25036	-	2	1.291838	I:	D:
25038	26180	-	3	1.298467	I:	D:
26170	27303	-	1	1.299571	I:	D:
27313	28377	-	1	1.308944	I:	D:
28529	29677	+	2	1.297543	I:	D:
29677	32832	+	1	1.285483	I:	D:
32829	34226	+	3	1.296066	I:	D:
34231	34662	-	1	1.301254	I:	D:
34665	35330	-	3	1.295678	I:	D:
35459	36319	-	2	1.292341	I:	D:
36335	37243	-	2	1.282261	I:	D:
37236	37481	-	3	1.268765	I:	D:
37584	37880	+	3	1.295947	I:	D:
38023	40194	-	1	1.298634	I:	D:
40207	41721	-	1	1.311491	I:	D:
41790	42314	-	3	1.292415	I:	D:
42317	44038	-	2	1.289730	I:	D:
44147	45061	-	2	1.258389	I:	D:
45069	45353	-	3	1.311723	I:	D:
45431	46429	+	2	1.304400	I:	D:
46504	47382	+	1	1.306075	I:	D:
47665	47964	-	1	1.352567	I:	D:
48011	48745	-	2	1.319835	I:	D:
48765	49073	-	3	1.315288	I:	D:
49252	52830	+	1	1.294524	I:	D:
53531	54334	+	2	1.359121	I:	D:
54351	54698	+	3	1.340777	I:	D:
54882	55037	+	3	1.330913	I:	D:
55209	55751	+	3	1.344299	I:	D:
55815	56240	+	3	1.340080	I:	D:
56253	56699	+	3	1.322091	I:	D:
56802	57212	+	3	1.342901	I:	D:
57349	57759	-	1	1.335590	I:	D:
57955	58266	+	1	1.319838	I:	D:
58283	58552	+	2	1.366902	I:	D:
58586	59746	+	2	1.309175	I:	D:
59743	60537	+	1	1.309572	I:	D:
60643	60978	-	1	1.380493	I:	D:
61003	62046	+	1	1.313380	I:	D:
62036	62953	+	2	1.296814	I:	D:
63192	63353	-	3	1.322426	I:	D:
63369	64469	+	3	1.314481	I:	D:
64529	64669	+	2	1.376375	I:	D:
64812	65918	-	3	1.311782	I:	D:
66049	66261	+	1	1.310252	I:	D:
66660	67325	-	3	1.320397	I:	D:
67390	69069	-	1	1.308680	I:	D:
69402	70097	+	3	1.315425	I:	D:
70148	71332	+	2	1.302109	I:	D:
71419	72789	+	1	1.317048	I:	D:
72889	73419	-	1	1.362072	I:	D:
73608	73832	+	3	1.381485	I:	D:
74225	74983	+	2	1.298317	I:	D:
75173	76633	-	2	1.280918	I:	D:
76805	77905	+	2	1.312254	I:	D:
77969	78910	+	2	1.299398	I:	D:
79209	79409	+	3	1.319849	I:	D:
79431	80099	+	3	1.319273	I:	D:
80198	81967	+	2	1.285764	I:	D:
82445	83377	+	2	1.342701	I:	D:
83918	84976	-	2	1.332466	I:	D:
85195	85647	+	1	1.383410	I:	D:
85757	86005	+	2	1.373212	I:	D:
86069	86209	+	2	1.356315	I:	D:
86222	86743	+	2	1.304334	I:	D:
86926	87117	-	1	1.311879	I:	D:
87353	90187	-	2	1.298735	I:	D:
90374	91708	+	2	1.292874	I:	D:
91806	92111	+	3	1.309398	I:	D:
92773	93030	+	1	1.387289	I:	D:
93092	94198	-	2	1.313117	I:	D:
94222	94617	-	1	1.340653	I:	D:
94786	96090	+	1	1.306054	I:	D:
96160	96312	+	1	1.320959	I:	D:
96367	96873	-	1	1.311621	I:	D:
97102	97878	-	1	1.297164	I:	D:
98003	98629	-	2	1.303280	I:	D:
99006	99458	+	3	1.325295	I:	D:
99713	100111	-	2	1.317894	I:	D:
100682	101425	+	2	1.361040	I:	D:
101859	103619	+	3	1.337014	I:	D:
103690	104883	+	1	1.358365	I:	D:
105330	107132	-	3	1.370039	I:	D:
107151	109037	-	3	1.347347	I:	D:
109559	110254	+	2	1.366572	I:	D:
110458	110661	+	1	1.326037	I:	D:
110681	111223	+	2	1.363096	I:	D:
111223	111807	+	1	1.305236	I:	D:
111800	112174	+	2	1.368578	I:	D:
112181	112972	-	2	1.339229	I:	D:
113512	114138	+	1	1.298298	I:	D:
114132	115532	+	3	1.328165	I:	D:
116009	116485	+	2	1.335057	I:	D:
116478	118361	+	3	1.342764	I:	D:
118371	118598	+	3	1.310146	I:	D:
118601	120094	+	2	1.336381	I:	D:
120066	121175	+	3	1.333555	I:	D:
121177	121542	+	1	1.339492	I:	D:
121553	122575	+	2	1.331731	I:	D:
122588	122902	+	2	1.328758	I:	D:
123146	123715	+	2	1.338462	I:	D:
123757	124191	+	1	1.351631	I:	D:
124202	125164	+	2	1.340071	I:	D:
125164	125688	+	1	1.315232	I:	D:
125856	128216	+	3	1.331919	I:	D:
128473	128955	+	1	1.354861	I:	D:
128956	130455	+	1	1.344791	I:	D:
130465	130989	+	1	1.344505	I:	D:
130991	131383	+	2	1.348038	I:	D:
131439	133595	+	3	1.345807	I:	D:
133630	133803	-	1	1.344698	I:	D:
133805	134218	+	2	1.344228	I:	D:
134215	134430	+	1	1.307212	I:	D:
134529	134744	+	3	1.333530	I:	D:
135060	135203	+	3	1.314660	I:	D:
135566	136084	+	2	1.323431	I:	D:
136313	136804	-	2	1.333993	I:	D:
136783	137280	-	1	1.314509	I:	D:
137988	138434	+	3	1.343719	I:	D:
138759	139007	-	3	1.329238	I:	D:
139038	139181	+	3	1.344119	I:	D:
139587	140663	-	3	1.347021	I:	D:
140702	141091	-	2	1.321950	I:	D:
141266	142234	+	2	1.333945	I:	D:
142565	142996	-	2	1.288770	I:	D:
143115	143810	-	3	1.361252	I:	D:
143886	144071	-	3	1.370655	I:	D:
144205	145575	-	1	1.304292	I:	D:
145750	146715	+	1	1.311346	I:	D:
146777	147235	-	2	1.297252	I:	D:
147260	148954	-	2	1.306718	I:	D:
148951	149829	-	1	1.305288	I:	D:
149926	150699	+	1	1.317443	I:	D:
150738	151490	+	3	1.273544	I:	D:
151706	152224	+	2	1.317933	I:	D:
152274	152414	+	3	1.304809	I:	D:
152526	153275	+	3	1.314679	I:	D:
153603	153776	+	3	1.330928	I:	D:
154071	154400	-	3	1.301282	I:	D:
154851	155504	+	3	1.302178	I:	D:
155508	156572	+	3	1.305509	I:	D:
156598	157098	+	1	1.331599	I:	D:
157447	157623	+	1	1.379070	I:	D:
157725	158042	-	3	1.299189	I:	D:
158128	158526	+	1	1.369673	I:	D:
158540	159361	-	2	1.352700	I:	D:
159542	160279	+	2	1.298600	I:	D:
160279	160728	+	1	1.286649	I:	D:
160734	161690	+	3	1.304232	I:	D:
161706	162434	+	3	1.296121	I:	D:
162431	163174	+	2	1.309407	I:	D:
163258	163923	-	1	1.310742	I:	D:
163989	164534	+	3	1.350976	I:	D:
164659	164976	+	1	1.338928	I:	D:
165216	165428	-	3	1.336255	I:	D:
165612	166145	+	3	1.318992	I:	D:
166181	167404	+	2	1.313406	I:	D:
167629	169368	+	1	1.317810	I:	D:
169431	169691	+	3	1.325036	I:	D:
169684	171537	+	1	1.290214	I:	D:
171637	172437	+	1	1.313998	I:	D:
172497	173468	+	3	1.290998	I:	D:
173568	174143	+	3	1.298919	I:	D:
174140	174853	+	2	1.304424	I:	D:
174834	176405	+	3	1.324550	I:	D:
176380	176829	+	1	1.325147	I:	D:
176831	177724	+	2	1.315286	I:	D:
177787	178536	+	1	1.304916	I:	D:
178540	178896	+	1	1.314933	I:	D:
178902	179987	+	3	1.328770	I:	D:
179997	180551	+	3	1.314321	I:	D:
180536	180832	+	2	1.299359	I:	D:
180825	181256	+	3	1.330699	I:	D:
181326	182183	+	3	1.346458	I:	D:
182550	184073	+	3	1.347966	I:	D:
184122	186023	+	3	1.348351	I:	D:
186075	188075	+	3	1.340171	I:	D:
188258	188413	+	2	1.344586	I:	D:
188439	188975	+	3	1.322554	I:	D:
189005	189199	+	2	1.314160	I:	D:
189332	189529	+	2	1.348192	I:	D:
189943	190209	+	1	1.314429	I:	D:
190223	190558	-	2	1.287904	I:	D:
190542	191723	-	3	1.304221	I:	D:
191728	192606	-	1	1.314256	I:	D:
192756	193430	-	3	1.341496	I:	D:
193627	194565	+	1	1.284334	I:	D:
194566	194733	-	1	1.302462	I:	D:
194825	195295	-	2	1.268591	I:	D:
195509	195961	+	2	1.298427	I:	D:
196015	197838	+	1	1.319658	I:	D:
197991	198257	+	3	1.301500	I:	D:
198270	198908	+	3	1.290764	I:	D:
198926	200773	+	2	1.295278	I:	D:
200944	203031	+	1	1.283956	I:	D:
203392	203733	+	1	1.364754	I:	D:
203775	204440	+	3	1.321453	I:	D:
204471	205445	-	3	1.296069	I:	D:
205690	206493	+	1	1.313201	I:	D:
206490	208133	+	3	1.315754	I:	D:
208142	208375	-	2	1.375918	I:	D:
208441	210081	+	1	1.321416	I:	D:
210032	210484	+	2	1.297990	I:	D:
210488	211888	-	2	1.329876	I:	D:
212044	214128	-	1	1.285051	I:	D:
214212	217700	+	3	1.294809	I:	D:
217726	217872	+	1	1.362858	I:	D:
217930	218619	-	1	1.252739	I:	D:
218754	219530	+	3	1.309616	I:	D:
219554	221320	+	2	1.305574	I:	D:
221328	222053	+	3	1.302623	I:	D:
222138	222701	+	3	1.307111	I:	D:
223006	223617	+	1	1.302871	I:	D:
223745	225805	+	2	1.307429	I:	D:
225792	226832	+	3	1.315717	I:	D:
226829	228418	+	2	1.317315	I:	D:
228510	228638	+	3	1.316693	I:	D:
228663	229250	+	3	1.360678	I:	D:
229688	229855	-	2	1.332757	I:	D:
230490	230714	-	3	1.352747	I:	D:
230752	232983	-	1	1.286830	I:	D:
232992	233708	-	3	1.313917	I:	D:
233772	234164	+	3	1.322412	I:	D:
234338	235183	-	2	1.291825	I:	D:
235207	235749	-	1	1.293107	I:	D:
235786	237429	-	1	1.306031	I:	D:
237532	237885	-	1	1.294883	I:	D:
237913	238671	-	1	1.278296	I:	D:
238824	240698	+	3	1.286037	I:	D:
240852	241229	-	3	1.380444	I:	D:
241378	241656	+	1	1.342509	I:	D:
241703	243139	+	2	1.341579	I:	D:
243450	244235	+	3	1.307468	I:	D:
244313	244483	+	2	1.307680	I:	D:
245090	245614	+	2	1.320640	I:	D:
245673	246491	+	3	1.321831	I:	D:
246492	247793	+	3	1.338096	I:	D:
247849	248382	-	1	1.301925	I:	D:
248549	248689	+	2	1.356788	I:	D:
248706	250547	-	3	1.302816	I:	D:
250563	252203	-	3	1.285646	I:	D:
252216	253601	-	3	1.291989	I:	D:
253594	254931	-	1	1.297503	I:	D:
254962	255165	-	1	1.281513	I:	D:
255162	255659	-	3	1.299550	I:	D:
255736	257172	-	1	1.286759	I:	D:
257431	258648	-	1	1.307931	I:	D:
258626	259351	-	2	1.270308	I:	D:
259344	260279	-	3	1.300620	I:	D:
260251	261333	-	1	1.303818	I:	D:
261389	261673	+	2	1.341649	I:	D:
261838	262932	-	1	1.300112	I:	D:
263044	263493	+	1	1.354198	I:	D:
263623	264285	-	1	1.303391	I:	D:
264427	265413	+	1	1.323424	I:	D:
265482	265715	-	3	1.279566	I:	D:
265740	267377	-	3	1.320442	I:	D:
267416	268240	+	2	1.327082	I:	D:
268636	269595	+	1	1.279775	I:	D:
269608	270048	+	1	1.286692	I:	D:
270132	270326	-	3	1.301197	I:	D:
270617	270838	+	2	1.369231	I:	D:
270924	272324	-	3	1.351984	I:	D:
272327	273937	-	2	1.308568	I:	D:
274014	274244	+	3	1.371008	I:	D:
274331	276316	-	2	1.331183	I:	D:
276481	276666	+	1	1.354079	I:	D:
276703	279360	-	1	1.287976	I:	D:
279440	280480	-	2	1.339117	I:	D:
280791	281000	-	3	1.334350	I:	D:
281074	281334	+	1	1.309327	I:	D:
281391	282791	-	3	1.354742	I:	D:
282798	284573	-	3	1.306414	I:	D:
284709	286640	-	3	1.315978	I:	D:
286746	287795	-	3	1.319539	I:	D:
288018	288740	-	3	1.289194	I:	D:
288822	289163	+	3	1.302350	I:	D:
289349	289834	+	2	1.300090	I:	D:
289862	291220	+	2	1.282962	I:	D:
291808	292047	-	1	1.338363	I:	D:
292288	292665	-	1	1.272883	I:	D:
292678	294114	-	1	1.285549	I:	D:
294136	295047	-	1	1.299066	I:	D:
295057	296610	-	1	1.286725	I:	D:
296611	297165	-	1	1.291829	I:	D:
297239	299410	-	2	1.316052	I:	D:
299572	300756	+	1	1.310415	I:	D:
300855	301082	-	3	1.297915	I:	D:
301216	302169	+	1	1.306336	I:	D:
302378	302683	-	2	1.287858	I:	D:
302864	304525	+	2	1.305355	I:	D:
304575	304712	+	3	1.349254	I:	D:
304731	305783	-	3	1.301320	I:	D:
305788	306441	-	1	1.307727	I:	D:
306444	307436	-	3	1.286276	I:	D:
307511	308305	+	2	1.323322	I:	D:
308302	310344	+	1	1.311057	I:	D:
310351	311436	+	1	1.296284	I:	D:
311631	312509	+	3	1.322840	I:	D:
312513	312836	+	3	1.340705	I:	D:
313064	314539	-	2	1.276524	I:	D:
314672	315172	-	2	1.348949	I:	D:
315608	316816	-	2	1.310511	I:	D:
316964	317662	-	2	1.314353	I:	D:
317676	318296	-	3	1.315545	I:	D:
318425	319036	-	2	1.291146	I:	D:
319150	320196	-	1	1.299272	I:	D:
320337	321953	-	3	1.306044	I:	D:
322070	322969	+	2	1.295464	I:	D:
323049	323558	+	3	1.337598	I:	D:
323721	324353	-	3	1.290483	I:	D:
324450	325070	-	3	1.306132	I:	D:
325183	325881	-	1	1.318859	I:	D:
325930	326625	-	1	1.301452	I:	D:
326727	326957	+	3	1.345116	I:	D:
326960	328378	-	2	1.290433	I:	D:
328433	328774	-	2	1.276565	I:	D:
328794	329708	-	3	1.297144	I:	D:
329777	330667	-	2	1.314611	I:	D:
330778	331752	-	1	1.304469	I:	D:
331986	332138	+	3	1.344138	I:	D:
332141	332668	+	2	1.294607	I:	D:
332895	333710	+	3	1.308435	I:	D:
333758	334750	+	2	1.294801	I:	D:
334802	335026	+	2	1.360564	I:	D:
335096	336841	+	2	1.290873	I:	D:
336972	337529	+	3	1.314562	I:	D:
337778	338140	-	2	1.312336	I:	D:
338331	340613	-	3	1.281704	I:	D:
340632	340787	+	3	1.345045	I:	D:
341183	341356	+	2	1.363061	I:	D:
341434	344091	+	1	1.316582	I:	D:
344131	344730	+	1	1.293596	I:	D:
344803	345126	-	1	1.326026	I:	D:
345301	346230	+	1	1.297615	I:	D:
346233	347603	+	3	1.312887	I:	D:
347725	348489	+	1	1.299175	I:	D:
348545	348679	-	2	1.319667	I:	D:
348692	349630	-	2	1.327008	I:	D:
349656	349796	+	3	1.345888	I:	D:
349807	350697	-	1	1.334720	I:	D:
350891	351340	-	2	1.280570	I:	D:
351369	352382	-	3	1.281864	I:	D:
352404	354659	-	3	1.283232	I:	D:
354691	355821	-	1	1.294041	I:	D:
355840	356613	-	1	1.306097	I:	D:
356600	357313	-	2	1.303302	I:	D:
357330	357896	-	3	1.278989	I:	D:
357908	358618	-	2	1.295219	I:	D:
358649	359524	+	2	1.308411	I:	D:
359576	360202	-	2	1.311781	I:	D:
360257	361105	-	2	1.300240	I:	D:
361142	362533	-	2	1.302013	I:	D:
362740	363882	+	1	1.289177	I:	D:
363891	364493	+	3	1.279664	I:	D:
364679	364921	+	2	1.345909	I:	D:
365092	365235	+	1	1.382104	I:	D:
365346	365669	-	3	1.354770	I:	D:
365806	366537	-	1	1.340350	I:	D:
366647	367936	-	2	1.272579	I:	D:
367951	368574	-	1	1.281537	I:	D:
368711	368914	-	2	1.291039	I:	D:
369103	369462	+	1	1.290150	I:	D:
369446	369649	+	2	1.338976	I:	D:
369675	371195	+	3	1.293477	I:	D:
371387	371788	-	2	1.319391	I:	D:
371885	372580	+	2	1.269112	I:	D:
372580	373722	+	1	1.307124	I:	D:
373719	376184	+	3	1.288655	I:	D:
376247	376561	+	2	1.343534	I:	D:
376685	376954	+	2	1.355684	I:	D:
376970	378430	-	2	1.304348	I:	D:
378753	379253	-	3	1.312401	I:	D:
379281	379661	-	3	1.322958	I:	D:
379722	381002	-	3	1.287702	I:	D:
381006	381236	-	3	1.281361	I:	D:
381332	382690	-	2	1.280660	I:	D:
382687	383670	-	1	1.298586	I:	D:
383675	387955	-	2	1.269025	I:	D:
388085	388447	-	2	1.305220	I:	D:
388408	388698	-	1	1.309548	I:	D:
388711	389274	-	1	1.294565	I:	D:
389384	390427	+	2	1.302655	I:	D:
390509	391549	+	2	1.316129	I:	D:
391636	392865	-	1	1.287819	I:	D:
392973	393326	-	3	1.330015	I:	D:
393342	393881	+	3	1.273496	I:	D:
394114	394878	+	1	1.302283	I:	D:
394878	396146	+	3	1.310718	I:	D:
396143	397144	+	2	1.301962	I:	D:
397215	397448	-	3	1.354692	I:	D:
397596	397748	-	3	1.283410	I:	D:
397904	398116	+	2	1.364908	I:	D:
398915	401752	-	2	1.279984	I:	D:
402028	402519	-	1	1.303006	I:	D:
402739	406410	-	1	1.302632	I:	D:
406834	409221	-	1	1.290217	I:	D:
409218	410321	-	3	1.289338	I:	D:
410403	410759	-	3	1.327086	I:	D:
410772	410969	-	3	1.346856	I:	D:
411182	412429	+	2	1.281588	I:	D:
412422	413147	+	3	1.284793	I:	D:
413282	419476	+	2	1.285460	I:	D:
419519	419893	+	2	1.295545	I:	D:
419921	420445	+	2	1.304661	I:	D:
420718	420921	+	1	1.375389	I:	D:
421051	421293	-	1	1.336402	I:	D:
421306	421701	+	1	1.322732	I:	D:
421704	421976	+	3	1.319334	I:	D:
422051	422599	-	2	1.299910	I:	D:
422609	423601	-	2	1.309611	I:	D:
423741	424193	+	3	1.297703	I:	D:
424184	424621	+	2	1.286841	I:	D:
424627	425784	-	1	1.316174	I:	D:
425851	426015	-	1	1.307402	I:	D:
426078	426308	+	3	1.332715	I:	D:
426661	426876	+	1	1.310112	I:	D:
426952	427845	-	1	1.327314	I:	D:
427987	428175	+	1	1.311933	I:	D:
428198	428560	-	2	1.366030	I:	D:
428715	431213	+	3	1.301834	I:	D:
431250	431882	-	3	1.287017	I:	D:
431988	432530	-	3	1.298912	I:	D:
432523	433083	-	1	1.319407	I:	D:
433395	433922	+	3	1.299537	I:	D:
433915	434469	+	1	1.298428	I:	D:
434558	435082	+	2	1.296573	I:	D:
435118	436113	+	1	1.300876	I:	D:
436110	436544	+	3	1.305103	I:	D:
436678	437145	-	1	1.296438	I:	D:
437205	437723	+	3	1.296448	I:	D:
437876	438061	+	2	1.351980	I:	D:
438097	439152	+	1	1.299223	I:	D:
439149	440129	+	3	1.295403	I:	D:
440227	440517	+	1	1.300874	I:	D:
440520	440900	+	3	1.314243	I:	D:
440947	441111	-	1	1.368404	I:	D:
441265	441429	-	1	1.363279	I:	D:
441595	441726	+	1	1.312108	I:	D:
442558	443748	-	1	1.304385	I:	D:
443843	445918	-	2	1.292161	I:	D:
445937	446407	-	2	1.276168	I:	D:
446421	446792	-	3	1.353704	I:	D:
446931	448310	+	3	1.315218	I:	D:
448311	448991	+	3	1.291073	I:	D:
448988	449749	+	2	1.292930	I:	D:
449772	450512	+	3	1.293136	I:	D:
450807	451373	+	3	1.286647	I:	D:
451389	451835	+	3	1.300041	I:	D:
451969	452154	-	1	1.329779	I:	D:
452761	452976	+	1	1.346106	I:	D:
453212	453457	-	2	1.361495	I:	D:
454234	454371	+	1	1.366591	I:	D:
454425	455324	-	3	1.303030	I:	D:
455321	456985	-	2	1.322024	I:	D:
457268	458716	-	2	1.272681	I:	D:
458719	460176	-	1	1.296827	I:	D:
460191	460478	-	3	1.272830	I:	D:
460578	461408	-	3	1.293764	I:	D:
461525	462412	+	2	1.286066	I:	D:
462518	463048	-	2	1.287265	I:	D:
463276	464271	-	1	1.298640	I:	D:
464519	464851	+	2	1.348259	I:	D:
464869	465654	-	1	1.315341	I:	D:
465725	466012	-	2	1.302244	I:	D:
466423	466569	+	1	1.330294	I:	D:
