>Y8.M060_1
2	133	+	2	1.294882	I:	D:
1223	1876	-	2	1.407168	I:	D:
2009	2224	-	2	1.311116	I:	D:
2347	3492	-	1	1.275964	I:	D:
3750	4421	+	3	1.299048	I:	D:
4424	4663	+	2	1.333904	I:	D:
4666	5007	-	1	1.284585	I:	D:
5187	5699	-	3	1.269026	I:	D:
5753	5908	-	2	1.314440	I:	D:
6263	6985	+	2	1.321844	I:	D:
7964	8851	+	2	1.407403	I:	D:
8922	9980	+	3	1.256551	I:	D:
10033	10680	-	1	1.293061	I:	D:
10777	11307	-	1	1.224223	I:	D:
11390	11677	-	2	1.283948	I:	D:
11674	14157	-	1	1.218026	I:	D:
14194	15921	+	1	1.195769	I:	D:
16178	16606	-	2	1.189759	I:	D:
16645	17139	+	1	1.278106	I:	D:
17219	17527	+	2	1.240309	I:	D:
17636	18379	-	2	1.187569	I:	D:
18547	18723	+	1	1.349166	I:	D:
18737	19690	-	2	1.335007	I:	D:
20014	20652	-	1	1.238085	I:	D:
20767	21339	+	1	1.227839	I:	D:
>Y8.M060_2
3	245	+	3	1.159729	I:	D:
388	1032	+	1	1.333961	I:	D:
1074	1646	-	3	1.334993	I:	D:
1794	2087	-	3	1.342105	I:	D:
>Y8.M060_3
1	324	+	1	1.117766	I:	D:
466	801	+	1	1.370226	I:	D:
798	1535	+	3	1.361634	I:	D:
1809	2132	-	3	1.391500	I:	D:
2131	2550	+	1	1.184962	I:	D:
>Y8.M060_4
2	376	+	2	1.197701	I:	D:
575	1624	+	2	1.180127	I:	D:
2035	3378	+	1	1.208956	I:	D:
3568	4413	+	1	1.231378	I:	D:
4410	5315	+	3	1.206002	I:	D:
5427	6089	+	3	1.217028	I:	D:
6136	7125	-	1	1.288317	I:	D:
7250	8536	+	2	1.239815	I:	D:
8551	10485	+	1	1.335168	I:	D:
10533	10907	+	3	1.323218	I:	D:
13589	14347	-	2	1.338003	I:	D:
15211	16164	-	1	1.369625	I:	D:
16261	17127	-	1	1.318012	I:	D:
17250	18107	-	3	1.282563	I:	D:
18184	19182	-	1	1.295080	I:	D:
19205	20011	-	2	1.270504	I:	D:
19959	20144	+	3	1.259483	I:	D:
20282	21043	+	2	1.255521	I:	D:
>Y8.M060_5
2	1681	+	2	1.242668	I:	D:
2148	2318	-	3	1.331120	I:	D:
2402	2653	-	2	1.352702	I:	D:
2824	3150	+	1	1.241844	I:	D:
4075	5319	-	1	1.309683	I:	D:
5316	5951	-	3	1.243774	I:	D:
5556	6023	+	3	1.312323	I:	D:
6074	6388	-	2	1.341049	I:	D:
6408	6704	-	3	1.351341	I:	D:
7601	7978	-	2	1.344473	I:	D:
10365	11480	-	3	1.205660	I:	D:
11528	13132	-	2	1.234528	I:	D:
13528	14817	+	1	1.201552	I:	D:
14977	15234	+	1	1.218437	I:	D:
15365	16813	-	2	1.207618	I:	D:
>Y8.M060_6
237	461	-	3	1.330216	I:	D:
562	1191	-	1	1.318731	I:	D:
1188	2354	-	3	1.391486	I:	D:
2428	3318	-	1	1.377711	I:	D:
3320	4246	-	2	1.361501	I:	D:
4243	5478	-	1	1.323991	I:	D:
5552	5959	-	2	1.315521	I:	D:
5968	7506	-	1	1.266829	I:	D:
7506	8297	-	3	1.257534	I:	D:
8222	9007	-	2	1.299073	I:	D:
9219	10031	-	3	1.273168	I:	D:
10043	10489	-	2	1.334406	I:	D:
10579	11319	+	1	1.325005	I:	D:
11319	11789	+	3	1.200831	I:	D:
11835	13976	+	3	1.207548	I:	D:
14177	14452	+	2	1.243816	I:	D:
>Y8.M060_7
1	534	+	1	1.186529	I:	D:
531	1610	+	3	1.164122	I:	D:
1736	2092	+	2	1.288294	I:	D:
2102	2416	+	2	1.328938	I:	D:
2510	3520	-	2	1.305780	I:	D:
3541	3996	-	1	1.348482	I:	D:
4011	4664	-	3	1.301905	I:	D:
4661	5974	-	2	1.279374	I:	D:
6050	6955	-	2	1.306794	I:	D:
7128	7880	-	3	1.204018	I:	D:
8032	8829	-	1	1.387166	I:	D:
8936	9736	-	2	1.407716	I:	D:
10273	11256	-	1	1.323296	I:	D:
11285	12235	-	2	1.314893	I:	D:
12466	13554	-	1	1.238664	I:	D:
13695	14069	-	3	1.194758	I:	D:
>Y8.M060_8
1	2571	-	1	1.213879	I:	D:
2685	3323	+	3	1.280454	I:	D:
3357	3965	-	3	1.252193	I:	D:
4151	4309	-	2	1.239510	I:	D:
>Y8.M060_9
1	2349	+	1	1.161829	I:	D:
2971	3489	-	1	1.258751	I:	D:
3574	3729	-	1	1.231233	I:	D:
>Y8.M060_10
2	592	-	2	1.221376	I:	D:
852	2174	+	3	1.232130	I:	D:
2255	2806	-	2	1.194105	I:	D:
2855	3877	-	2	1.163243	I:	D:
>Y8.M060_11
3	476	+	3	1.215224	I:	D:
476	1402	+	2	1.277859	I:	D:
1453	2253	+	1	1.198087	I:	D:
2339	2785	+	2	1.353008	I:	D:
2880	3017	+	3	1.228251	I:	D:
3418	3915	+	1	1.210060	I:	D:
3912	4163	+	3	1.144875	I:	D:
>Y8.M060_12
1	900	-	1	1.264509	I:	D:
943	3399	+	1	1.206448	I:	D:
3504	4109	-	3	1.242414	I:	D:
>Y8.M060_13
2	832	-	2	1.205725	I:	D:
844	2982	-	1	1.192508	I:	D:
3135	4070	-	3	1.173614	I:	D:
>Y8.M060_14
2	436	+	2	1.183537	I:	D:
533	1429	-	2	1.174258	I:	D:
1552	2229	+	1	1.233725	I:	D:
2238	2738	-	3	1.311086	I:	D:
2827	2958	+	1	1.346773	I:	D:
3039	3458	-	3	1.376283	I:	D:
3616	4002	+	1	1.198986	I:	D:
>Y8.M060_15
3	833	-	3	1.200621	I:	D:
982	3414	+	1	1.166438	I:	D:
3345	3929	+	3	1.167723	I:	D:
>Y8.M060_16
3	1262	+	3	1.225192	I:	D:
1323	3890	-	3	1.303425	I:	D:
>Y8.M060_17
2	202	+	2	1.153696	I:	D:
241	2187	-	1	1.188423	I:	D:
2598	3878	+	3	1.180963	I:	D:
>Y8.M060_18
2	712	+	2	1.218084	I:	D:
859	3000	-	1	1.197730	I:	D:
3376	3879	+	1	1.267411	I:	D:
>Y8.M060_19
20	358	+	2	1.255022	I:	D:
514	1089	+	1	1.189591	I:	D:
1384	3111	-	1	1.173584	I:	D:
3104	3487	+	2	1.275196	I:	D:
3534	3800	+	3	1.214335	I:	D:
>Y8.M060_20
1	141	-	1	1.299960	I:	D:
323	1621	+	2	1.176457	I:	D:
1667	2995	-	2	1.174458	I:	D:
3099	3692	-	3	1.168471	I:	D:
>Y8.M060_21
3	896	-	3	1.178023	I:	D:
1167	2225	+	3	1.198355	I:	D:
2434	3237	+	1	1.195411	I:	D:
3234	3674	+	3	1.177320	I:	D:
>Y8.M060_22
2	1102	+	2	1.229974	I:	D:
1201	1449	-	1	1.289465	I:	D:
1656	3653	-	3	1.263468	I:	D:
>Y8.M060_23
3	1016	-	3	1.197318	I:	D:
1225	1893	+	1	1.196492	I:	D:
1944	2504	+	3	1.208169	I:	D:
2539	3612	-	1	1.211995	I:	D:
>Y8.M060_24
2	220	+	2	1.247214	I:	D:
259	1305	+	1	1.227725	I:	D:
1308	2324	+	3	1.248965	I:	D:
2436	2696	+	3	1.275664	I:	D:
2799	3467	+	3	1.237025	I:	D:
>Y8.M060_25
3	662	-	3	1.213556	I:	D:
664	918	-	1	1.278430	I:	D:
1016	2122	-	2	1.207584	I:	D:
2119	3246	-	1	1.279815	I:	D:
>Y8.M060_26
1	1737	-	1	1.177009	I:	D:
1734	2117	-	3	1.228363	I:	D:
2454	2990	-	3	1.219654	I:	D:
3074	3199	-	2	1.196184	I:	D:
>Y8.M060_27
2	370	-	2	1.180522	I:	D:
606	1892	-	3	1.154807	I:	D:
2113	2919	-	1	1.250916	I:	D:
>Y8.M060_28
269	574	-	2	1.193875	I:	D:
574	747	-	1	1.176022	I:	D:
744	1436	-	3	1.250706	I:	D:
1039	2244	+	1	1.145034	I:	D:
2499	3077	+	3	1.168749	I:	D:
>Y8.M060_29
165	668	-	3	1.274381	I:	D:
781	2718	-	1	1.197501	I:	D:
2338	2868	+	1	1.236980	I:	D:
>Y8.M060_30
249	725	-	3	1.266466	I:	D:
881	1105	-	2	1.221868	I:	D:
1770	2369	-	3	1.266561	I:	D:
2463	2768	+	3	1.225605	I:	D:
>Y8.M060_31
2	199	+	2	1.203159	I:	D:
269	2104	-	2	1.137857	I:	D:
2353	2754	+	1	1.172147	I:	D:
>Y8.M060_32
1	1248	+	1	1.205724	I:	D:
1341	2600	+	3	1.166977	I:	D:
>Y8.M060_33
3	707	-	3	1.150953	I:	D:
842	1711	+	2	1.276717	I:	D:
2320	2508	+	1	1.236331	I:	D:
>Y8.M060_34
2	319	+	2	1.220279	I:	D:
427	1914	+	1	1.183403	I:	D:
2184	2333	+	3	1.271026	I:	D:
>Y8.M060_35
1	144	-	1	1.124619	I:	D:
301	744	-	1	1.284325	I:	D:
1079	2032	-	2	1.202709	I:	D:
2029	2313	-	1	1.213552	I:	D:
>Y8.M060_36
109	1482	+	1	1.212831	I:	D:
1682	2272	+	2	1.252131	I:	D:
>Y8.M060_37
3	2246	-	3	1.168817	I:	D:
>Y8.M060_38
1	1635	-	1	1.205683	I:	D:
82	2010	+	1	1.316627	I:	D:
>Y8.M060_39
3	350	+	3	1.176006	I:	D:
363	1181	-	3	1.170324	I:	D:
1432	2226	+	1	1.213073	I:	D:
>Y8.M060_40
1	861	-	1	1.230253	I:	D:
873	1523	+	3	1.249286	I:	D:
1884	2078	+	3	1.313572	I:	D:
>Y8.M060_41
3	422	+	3	1.209638	I:	D:
419	934	+	2	1.170418	I:	D:
990	2021	+	3	1.143022	I:	D:
2018	2893	+	2	1.146396	I:	D:
3029	4246	-	2	1.290342	I:	D:
4373	4975	+	2	1.277739	I:	D:
5060	5557	-	2	1.248483	I:	D:
6856	7410	+	1	1.290116	I:	D:
>Y8.M060_42
1	624	-	1	1.240869	I:	D:
623	799	+	2	1.108047	I:	D:
801	1409	+	3	1.133428	I:	D:
1505	2593	-	2	1.242412	I:	D:
2590	3534	-	1	1.198570	I:	D:
3841	5265	-	1	1.371017	I:	D:
5640	6743	+	3	1.171152	I:	D:
>Y8.M060_43
1	546	-	1	1.174662	I:	D:
710	1462	-	2	1.265054	I:	D:
1709	2548	-	2	1.116097	I:	D:
2657	3505	-	2	1.165785	I:	D:
4162	4815	+	1	1.233179	I:	D:
4843	5547	-	1	1.236621	I:	D:
>Y8.M060_44
1	489	-	1	1.162295	I:	D:
539	1315	-	2	1.221912	I:	D:
1513	2802	+	1	1.323849	I:	D:
2824	3273	-	1	1.215094	I:	D:
3435	3689	-	3	1.307294	I:	D:
4157	5311	+	2	1.158387	I:	D:
>Y8.M060_45
3	155	-	3	1.256960	I:	D:
400	1740	+	1	1.228200	I:	D:
2513	4660	+	2	1.216071	I:	D:
4828	6291	+	1	1.202662	I:	D:
6322	7608	-	1	1.186516	I:	D:
7729	8703	+	1	1.250420	I:	D:
8707	9717	+	1	1.264517	I:	D:
9981	10961	+	3	1.221027	I:	D:
11210	12217	+	2	1.190888	I:	D:
12330	13523	+	3	1.163301	I:	D:
13539	14318	+	3	1.211705	I:	D:
14550	14792	+	3	1.206101	I:	D:
15114	15806	+	3	1.235568	I:	D:
15958	16830	+	1	1.223431	I:	D:
16964	17641	+	2	1.202508	I:	D:
17638	18237	+	1	1.238357	I:	D:
18234	19208	+	3	1.176100	I:	D:
19205	20365	+	2	1.241868	I:	D:
20450	22654	+	2	1.155890	I:	D:
22780	23898	+	1	1.314166	I:	D:
23911	24708	-	1	1.296602	I:	D:
24652	25110	+	1	1.344671	I:	D:
25349	25549	-	2	1.272882	I:	D:
25869	27524	+	3	1.197724	I:	D:
27588	27884	+	3	1.218797	I:	D:
27946	28815	-	1	1.282435	I:	D:
28959	29756	-	3	1.250172	I:	D:
>Y8.M060_46
3	749	-	3	1.165075	I:	D:
1270	2217	-	1	1.244976	I:	D:
2377	3243	-	1	1.304993	I:	D:
3362	4390	-	2	1.148670	I:	D:
4260	5627	+	3	1.192947	I:	D:
5715	6539	+	3	1.208504	I:	D:
7006	8709	+	1	1.190116	I:	D:
8706	9497	+	3	1.217278	I:	D:
9494	10498	+	2	1.167550	I:	D:
10498	11856	+	1	1.151683	I:	D:
11860	12675	+	1	1.220011	I:	D:
12693	13736	+	3	1.216668	I:	D:
13733	14419	+	2	1.206464	I:	D:
14521	15324	-	1	1.287121	I:	D:
15423	16289	-	3	1.269828	I:	D:
16350	17243	-	3	1.299454	I:	D:
17517	19256	-	3	1.209604	I:	D:
19259	21169	-	2	1.214011	I:	D:
21180	23591	-	3	1.238280	I:	D:
23584	24219	-	1	1.239960	I:	D:
24626	26170	-	2	1.164933	I:	D:
26352	28127	-	3	1.193284	I:	D:
28133	28789	-	2	1.150312	I:	D:
>Y8.M060_47
156	998	-	3	1.245795	I:	D:
1034	3115	-	2	1.242149	I:	D:
3087	3551	-	3	1.312107	I:	D:
3548	4645	-	2	1.281898	I:	D:
4703	6760	-	2	1.225350	I:	D:
6884	9286	-	2	1.222813	I:	D:
9699	10694	+	3	1.180910	I:	D:
10802	11740	-	2	1.244836	I:	D:
11870	13624	+	2	1.253956	I:	D:
13897	14238	+	1	1.396070	I:	D:
14278	16344	-	1	1.238293	I:	D:
16376	17680	-	2	1.161765	I:	D:
17811	19808	-	3	1.266929	I:	D:
19805	21061	-	2	1.261557	I:	D:
21054	22235	-	3	1.263222	I:	D:
22591	24237	+	1	1.233699	I:	D:
24249	25367	+	3	1.239593	I:	D:
25432	26757	-	1	1.244986	I:	D:
26723	28114	-	2	1.222761	I:	D:
28111	28608	-	1	1.158374	I:	D:
>Y8.M060_48
146	445	-	2	1.288894	I:	D:
472	4869	-	1	1.148926	I:	D:
5161	6099	-	1	1.223259	I:	D:
6297	7106	-	3	1.214496	I:	D:
7722	8432	-	3	1.232571	I:	D:
8668	10002	-	1	1.177309	I:	D:
10460	11950	-	2	1.215272	I:	D:
12243	13226	+	3	1.239202	I:	D:
13315	14343	+	1	1.247713	I:	D:
14522	19393	+	2	1.197836	I:	D:
19557	20297	+	3	1.211697	I:	D:
20322	22070	-	3	1.195287	I:	D:
22223	24811	-	2	1.153459	I:	D:
25279	26961	+	1	1.172174	I:	D:
26965	27246	+	1	1.219151	I:	D:
27272	28180	-	2	1.161974	I:	D:
28298	28450	-	2	1.370372	I:	D:
>Y8.M060_49
1	201	-	1	1.203563	I:	D:
860	2965	+	2	1.202873	I:	D:
3106	3318	+	1	1.203116	I:	D:
3438	4532	+	3	1.200624	I:	D:
4561	5418	+	1	1.152704	I:	D:
5523	5828	+	3	1.382712	I:	D:
6053	6403	+	2	1.361107	I:	D:
7161	7577	-	3	1.355090	I:	D:
7661	8656	-	2	1.308494	I:	D:
8889	9524	-	3	1.250151	I:	D:
9638	12550	+	2	1.164300	I:	D:
12834	13667	+	3	1.193948	I:	D:
13692	14411	-	3	1.169637	I:	D:
14408	15073	-	2	1.212070	I:	D:
15153	17618	-	3	1.185673	I:	D:
17916	19784	+	3	1.203747	I:	D:
19895	20542	+	2	1.260012	I:	D:
21224	22087	-	2	1.273975	I:	D:
22963	24234	-	1	1.235565	I:	D:
24308	25918	-	2	1.165690	I:	D:
>Y8.M060_50
1	912	+	1	1.180013	I:	D:
945	1517	-	3	1.213451	I:	D:
3221	3709	-	2	1.161628	I:	D:
3994	6342	+	1	1.145130	I:	D:
6449	7312	-	2	1.148464	I:	D:
7770	8594	-	3	1.279820	I:	D:
9125	10684	+	2	1.233147	I:	D:
10761	11606	+	3	1.271677	I:	D:
12346	12984	+	1	1.161148	I:	D:
13086	15146	+	3	1.378789	I:	D:
15988	16794	-	1	1.386407	I:	D:
17189	17842	-	2	1.208444	I:	D:
17885	19285	-	2	1.214369	I:	D:
19294	19779	-	1	1.294214	I:	D:
19942	20574	-	1	1.142981	I:	D:
20626	21333	-	1	1.232389	I:	D:
21330	22103	-	3	1.207073	I:	D:
22685	23542	-	2	1.186801	I:	D:
23672	24388	-	2	1.187031	I:	D:
24385	25314	-	1	1.171609	I:	D:
>Y8.M060_51
455	1168	-	2	1.385081	I:	D:
1468	2469	-	1	1.315072	I:	D:
2520	3212	-	3	1.365150	I:	D:
3481	3780	-	1	1.249856	I:	D:
4022	4729	+	2	1.188172	I:	D:
4729	5487	+	1	1.205255	I:	D:
5484	6800	+	3	1.189292	I:	D:
6797	7672	+	2	1.170702	I:	D:
7669	8592	+	1	1.192957	I:	D:
8740	8979	+	1	1.196016	I:	D:
8987	9412	+	2	1.224501	I:	D:
9409	9906	+	1	1.185221	I:	D:
9903	10358	+	3	1.197433	I:	D:
9689	13036	+	2	1.157994	I:	D:
13049	17719	+	2	1.225515	I:	D:
20563	20805	-	1	1.350939	I:	D:
21717	21866	-	3	1.319979	I:	D:
22097	22252	+	2	1.347542	I:	D:
22465	22617	-	1	1.305970	I:	D:
22974	23120	-	3	1.330086	I:	D:
24190	24366	+	1	1.339218	I:	D:
>Y8.M060_52
1	567	-	1	1.288357	I:	D:
653	1183	-	2	1.236036	I:	D:
1180	1977	-	1	1.216201	I:	D:
1974	2858	-	3	1.225224	I:	D:
2868	3554	-	3	1.245754	I:	D:
3554	3889	-	2	1.211957	I:	D:
3928	5340	+	1	1.197293	I:	D:
5394	7217	-	3	1.186113	I:	D:
7214	7579	-	2	1.250965	I:	D:
7672	8412	-	1	1.179685	I:	D:
8553	10277	-	3	1.248922	I:	D:
10253	11098	-	2	1.237296	I:	D:
11304	11585	-	3	1.196234	I:	D:
11788	12537	-	1	1.221713	I:	D:
12574	13770	-	1	1.233931	I:	D:
13786	14706	-	1	1.191088	I:	D:
14876	15712	-	2	1.281156	I:	D:
15716	16603	-	2	1.279221	I:	D:
16661	18046	-	2	1.251304	I:	D:
18118	20433	-	1	1.269072	I:	D:
21096	21806	-	3	1.254035	I:	D:
21923	23365	-	2	1.231316	I:	D:
>Y8.M060_53
197	637	-	2	1.220319	I:	D:
940	3186	-	1	1.139191	I:	D:
3656	3961	-	2	1.220124	I:	D:
4207	7023	+	1	1.196161	I:	D:
7079	8131	-	2	1.204385	I:	D:
8288	8968	+	2	1.209240	I:	D:
9121	9924	-	1	1.192078	I:	D:
10318	11688	-	1	1.213240	I:	D:
12940	13530	+	1	1.266316	I:	D:
13593	14156	+	3	1.217167	I:	D:
14242	15273	+	1	1.231902	I:	D:
15449	18130	-	2	1.144086	I:	D:
18376	19056	+	1	1.248270	I:	D:
19213	19968	+	1	1.273934	I:	D:
20165	20638	+	2	1.188557	I:	D:
20831	21013	+	2	1.183365	I:	D:
21235	22488	-	1	1.165351	I:	D:
22463	23101	-	2	1.168678	I:	D:
>Y8.M060_54
1	294	+	1	1.306964	I:	D:
384	938	-	3	1.170934	I:	D:
1003	2514	-	1	1.204573	I:	D:
2285	3637	+	2	1.193831	I:	D:
3687	4241	+	3	1.218633	I:	D:
4422	5066	+	3	1.232658	I:	D:
5117	6193	-	2	1.173408	I:	D:
6289	6960	-	1	1.238356	I:	D:
7179	8267	-	3	1.253405	I:	D:
8428	9345	-	1	1.253218	I:	D:
9380	10045	+	2	1.239748	I:	D:
10067	10714	-	2	1.264881	I:	D:
11243	12049	-	2	1.351825	I:	D:
12161	12361	-	2	1.293772	I:	D:
12926	13423	+	2	1.179757	I:	D:
13442	14086	-	2	1.138366	I:	D:
14074	15342	-	1	1.206485	I:	D:
15439	16455	-	1	1.236492	I:	D:
16452	16988	-	3	1.182670	I:	D:
16993	17862	-	1	1.174412	I:	D:
17896	18480	-	1	1.213583	I:	D:
18484	19599	-	1	1.147824	I:	D:
19690	21177	-	1	1.167741	I:	D:
21842	22687	+	2	1.304820	I:	D:
>Y8.M060_55
576	1601	-	3	1.174582	I:	D:
1679	3292	-	2	1.162189	I:	D:
3289	4893	-	1	1.164219	I:	D:
4907	6901	-	2	1.147801	I:	D:
6919	7224	-	1	1.193308	I:	D:
7221	8219	-	3	1.158346	I:	D:
8216	8926	-	2	1.178573	I:	D:
8919	10580	-	3	1.204337	I:	D:
10577	13324	-	2	1.156843	I:	D:
13328	14659	-	2	1.175209	I:	D:
14656	15426	-	1	1.145611	I:	D:
15426	16814	-	3	1.194831	I:	D:
16814	17494	-	2	1.128407	I:	D:
17587	18201	-	1	1.184070	I:	D:
18264	18623	-	3	1.183471	I:	D:
18620	19921	-	2	1.177398	I:	D:
20356	21024	+	1	1.168446	I:	D:
21059	22099	+	2	1.208577	I:	D:
>Y8.M060_56
1	930	+	1	1.186099	I:	D:
927	1424	+	3	1.218604	I:	D:
1578	1712	+	3	1.286108	I:	D:
1900	2436	+	1	1.326615	I:	D:
2531	3190	+	2	1.408345	I:	D:
3573	3776	+	3	1.226888	I:	D:
3778	4278	+	1	1.217667	I:	D:
4415	5386	+	2	1.233181	I:	D:
5416	5901	+	1	1.326504	I:	D:
6099	6746	+	3	1.297664	I:	D:
6846	9692	-	3	1.259597	I:	D:
10033	10794	+	1	1.265950	I:	D:
10931	11560	-	2	1.278462	I:	D:
11531	12175	+	2	1.222078	I:	D:
12361	13215	+	1	1.274821	I:	D:
14439	14960	-	3	1.266077	I:	D:
15227	15928	+	2	1.206282	I:	D:
16202	19072	-	2	1.180163	I:	D:
19123	20400	-	1	1.290176	I:	D:
20597	22027	-	2	1.175101	I:	D:
>Y8.M060_57
3	806	+	3	1.168730	I:	D:
934	1131	+	1	1.217492	I:	D:
1339	2112	+	1	1.150630	I:	D:
2444	2692	+	2	1.196182	I:	D:
2702	3757	+	2	1.255430	I:	D:
3976	5976	+	1	1.135561	I:	D:
6094	7278	+	1	1.160011	I:	D:
7706	8782	+	2	1.200522	I:	D:
8779	9702	+	1	1.254569	I:	D:
9699	10589	+	3	1.242186	I:	D:
10586	11911	+	2	1.228872	I:	D:
11908	12657	+	1	1.187693	I:	D:
12675	13157	-	3	1.158787	I:	D:
13266	13832	-	3	1.187880	I:	D:
14213	15340	+	2	1.207889	I:	D:
15371	15601	+	2	1.197126	I:	D:
15780	16469	+	3	1.230331	I:	D:
16628	16894	-	2	1.156873	I:	D:
17061	18185	-	3	1.174219	I:	D:
18521	19300	+	2	1.212715	I:	D:
19434	20969	-	3	1.239479	I:	D:
>Y8.M060_58
2	1636	+	2	1.215332	I:	D:
1633	3366	+	1	1.301526	I:	D:
3425	4051	+	2	1.328756	I:	D:
4163	4897	+	2	1.315210	I:	D:
4988	7570	-	2	1.214297	I:	D:
7876	8757	-	1	1.261114	I:	D:
8762	9703	-	2	1.287697	I:	D:
9845	11044	-	2	1.264981	I:	D:
12050	14269	+	2	1.321335	I:	D:
14346	15140	+	3	1.345760	I:	D:
15247	17064	+	1	1.182608	I:	D:
17111	17878	+	2	1.250423	I:	D:
18037	18207	+	1	1.288970	I:	D:
18331	18660	-	1	1.320407	I:	D:
18796	19518	+	1	1.228414	I:	D:
19575	20192	+	3	1.200741	I:	D:
20310	20828	+	3	1.291124	I:	D:
>Y8.M060_59
1	585	+	1	1.188100	I:	D:
582	2579	+	3	1.129472	I:	D:
2560	3711	+	1	1.177775	I:	D:
4018	7698	+	1	1.280178	I:	D:
8220	9275	+	3	1.182687	I:	D:
9435	9926	+	3	1.299103	I:	D:
10050	10490	+	3	1.183635	I:	D:
10490	11347	+	2	1.196939	I:	D:
11736	14771	+	3	1.136262	I:	D:
15028	15894	+	1	1.210773	I:	D:
15991	16161	-	1	1.292868	I:	D:
16616	17290	-	2	1.295085	I:	D:
19272	19937	-	3	1.317499	I:	D:
19946	20476	-	2	1.176186	I:	D:
>Y8.M060_60
2	1180	+	2	1.164103	I:	D:
1311	2363	+	3	1.208374	I:	D:
2388	4031	-	3	1.209025	I:	D:
4098	6797	-	3	1.207237	I:	D:
6787	7416	+	1	1.180305	I:	D:
7428	8756	+	3	1.243305	I:	D:
8771	10219	-	2	1.237078	I:	D:
10558	10863	+	1	1.254328	I:	D:
10891	11598	+	1	1.194335	I:	D:
11599	11976	+	1	1.180241	I:	D:
12010	12789	+	1	1.195651	I:	D:
12802	13464	-	1	1.197798	I:	D:
13468	14091	-	1	1.227387	I:	D:
14090	16291	+	2	1.190730	I:	D:
16393	17685	+	1	1.194856	I:	D:
17767	19713	-	1	1.289687	I:	D:
>Y8.M060_61
3	665	-	3	1.239533	I:	D:
1052	1987	-	2	1.222277	I:	D:
2137	3258	+	1	1.220086	I:	D:
3306	4208	+	3	1.273101	I:	D:
4205	5698	+	2	1.337171	I:	D:
5695	6489	+	1	1.317656	I:	D:
6520	7611	+	1	1.185600	I:	D:
7604	9316	+	2	1.181854	I:	D:
9313	10953	+	1	1.232619	I:	D:
11013	11228	+	3	1.258110	I:	D:
11231	12670	+	2	1.287681	I:	D:
12718	14160	+	1	1.327029	I:	D:
14157	14927	+	3	1.333370	I:	D:
16094	16579	+	2	1.423313	I:	D:
16678	17067	+	1	1.300933	I:	D:
17080	17457	+	1	1.284317	I:	D:
17573	18397	+	2	1.225764	I:	D:
18443	19432	+	2	1.262497	I:	D:
>Y8.M060_62
387	1628	+	3	1.187683	I:	D:
1629	2939	+	3	1.194806	I:	D:
3027	5078	+	3	1.198701	I:	D:
5131	5685	+	1	1.238885	I:	D:
5804	6436	+	2	1.210555	I:	D:
6433	7431	+	1	1.211788	I:	D:
7428	8609	+	3	1.206001	I:	D:
8666	9409	+	2	1.273410	I:	D:
9414	10715	+	3	1.344174	I:	D:
10879	11781	+	1	1.219621	I:	D:
11778	12455	+	3	1.241254	I:	D:
12448	13185	+	1	1.248404	I:	D:
13230	13994	+	3	1.173629	I:	D:
14102	14671	+	2	1.191848	I:	D:
14786	15439	+	2	1.240072	I:	D:
15432	16472	+	3	1.215404	I:	D:
16648	17010	+	1	1.253987	I:	D:
17261	18913	+	2	1.227138	I:	D:
>Y8.M060_63
2	298	+	2	1.276057	I:	D:
308	1414	+	2	1.281818	I:	D:
1930	3357	+	1	1.285981	I:	D:
3378	4646	-	3	1.247898	I:	D:
5065	6873	+	1	1.205384	I:	D:
7192	7872	+	1	1.243624	I:	D:
7958	8398	+	2	1.194790	I:	D:
8527	9663	-	1	1.209935	I:	D:
9771	10718	-	3	1.199216	I:	D:
10751	14689	+	2	1.191411	I:	D:
14851	15225	+	1	1.313822	I:	D:
15566	16747	+	2	1.178512	I:	D:
16879	17490	-	1	1.244915	I:	D:
17569	18744	-	1	1.250604	I:	D:
18755	18898	-	2	1.214763	I:	D:
>Y8.M060_64
3	899	-	3	1.211205	I:	D:
896	3367	-	2	1.151156	I:	D:
3535	4761	-	1	1.212565	I:	D:
4861	5064	-	1	1.215899	I:	D:
5235	5972	-	3	1.140777	I:	D:
5962	7764	-	1	1.137601	I:	D:
7793	8512	-	2	1.193582	I:	D:
8580	9980	-	3	1.206046	I:	D:
10245	10970	+	3	1.222895	I:	D:
11014	12006	-	1	1.255211	I:	D:
11798	12433	+	2	1.201538	I:	D:
12518	12787	+	2	1.182965	I:	D:
12874	15585	+	1	1.170240	I:	D:
15589	15741	+	1	1.294096	I:	D:
15965	17362	+	2	1.160608	I:	D:
17494	18237	+	1	1.178708	I:	D:
>Y8.M060_65
2	6913	+	2	1.178750	I:	D:
7054	7560	+	1	1.374268	I:	D:
7857	9320	+	3	1.248300	I:	D:
9352	10506	+	1	1.280406	I:	D:
10917	11864	+	3	1.290687	I:	D:
11806	12963	+	1	1.234821	I:	D:
12998	13651	-	2	1.316579	I:	D:
14318	14455	-	2	1.201035	I:	D:
15347	16192	-	2	1.188727	I:	D:
16250	16513	-	2	1.212917	I:	D:
17558	18109	+	2	1.294468	I:	D:
>Y8.M060_66
1	183	-	1	1.188524	I:	D:
356	2194	+	2	1.236682	I:	D:
2330	3451	+	2	1.250335	I:	D:
4120	4854	-	1	1.193629	I:	D:
4885	5886	-	1	1.187668	I:	D:
6044	6445	-	2	1.168360	I:	D:
6508	6918	-	1	1.227212	I:	D:
7195	7416	-	1	1.284566	I:	D:
7687	8568	-	1	1.173361	I:	D:
8710	9297	-	1	1.135307	I:	D:
9294	10586	-	3	1.214191	I:	D:
10938	11414	-	3	1.209825	I:	D:
11416	11622	-	1	1.191498	I:	D:
11622	12329	-	3	1.200363	I:	D:
12364	12744	-	1	1.180379	I:	D:
12747	13244	-	3	1.175126	I:	D:
13308	13706	-	3	1.213655	I:	D:
13765	13950	-	1	1.242034	I:	D:
13952	14509	-	2	1.188971	I:	D:
14512	14856	-	1	1.190070	I:	D:
14859	15227	-	3	1.246259	I:	D:
15939	16232	-	3	1.239916	I:	D:
16229	16429	-	2	1.221840	I:	D:
16474	16893	-	1	1.223145	I:	D:
16897	17718	-	1	1.174736	I:	D:
>Y8.M060_67
3	2393	-	3	1.231982	I:	D:
2847	3509	-	3	1.304290	I:	D:
3674	5155	-	2	1.277942	I:	D:
5840	7009	+	2	1.186005	I:	D:
7006	8181	+	1	1.162426	I:	D:
8288	9382	-	2	1.234628	I:	D:
9247	9981	-	1	1.321170	I:	D:
10151	11722	-	2	1.227607	I:	D:
12129	13583	+	3	1.187551	I:	D:
13583	14023	+	2	1.206207	I:	D:
14347	17685	+	1	1.162471	I:	D:
>Y8.M060_68
2	436	-	2	1.249108	I:	D:
684	2459	+	3	1.289744	I:	D:
2506	3420	-	1	1.236535	I:	D:
3420	4019	-	3	1.215380	I:	D:
4131	5273	-	3	1.198091	I:	D:
5664	7589	-	3	1.252429	I:	D:
7632	8582	-	3	1.344481	I:	D:
8909	11215	+	2	1.228911	I:	D:
11281	12708	-	1	1.233117	I:	D:
12869	14920	-	2	1.203131	I:	D:
14821	16023	-	1	1.215357	I:	D:
16108	16827	-	1	1.288128	I:	D:
16824	17636	-	3	1.288954	I:	D:
>Y8.M060_69
3	398	+	3	1.216181	I:	D:
481	4434	-	1	1.163732	I:	D:
4615	8136	-	1	1.176146	I:	D:
9752	10681	+	2	1.306148	I:	D:
11020	11409	-	1	1.125583	I:	D:
11473	11994	-	1	1.213144	I:	D:
12266	12748	-	2	1.169109	I:	D:
12833	14905	-	2	1.268463	I:	D:
14902	15585	-	1	1.222927	I:	D:
15789	16013	+	3	1.190178	I:	D:
16037	16585	-	2	1.270905	I:	D:
16766	17536	+	2	1.324879	I:	D:
>Y8.M060_70
3	287	-	3	1.257834	I:	D:
538	2031	-	1	1.181319	I:	D:
2389	4296	-	1	1.159717	I:	D:
4350	5264	-	3	1.180102	I:	D:
5390	6304	-	2	1.201220	I:	D:
6315	7352	-	3	1.201105	I:	D:
7605	8357	+	3	1.217708	I:	D:
8510	9586	+	2	1.153077	I:	D:
9775	10764	+	1	1.132965	I:	D:
11546	12508	-	2	1.185631	I:	D:
12589	13737	-	1	1.225964	I:	D:
13946	15142	+	2	1.190994	I:	D:
15238	16893	+	1	1.194533	I:	D:
17136	17498	+	3	1.179504	I:	D:
>Y8.M060_71
3	938	-	3	1.220660	I:	D:
935	1603	-	2	1.282079	I:	D:
1995	2858	+	3	1.281111	I:	D:
2967	3662	-	3	1.378313	I:	D:
3867	4490	-	3	1.342792	I:	D:
4839	5330	-	3	1.250503	I:	D:
5330	5920	-	2	1.208402	I:	D:
5984	6550	-	2	1.275787	I:	D:
6547	8415	-	1	1.238612	I:	D:
8492	9724	-	2	1.245634	I:	D:
9792	10763	-	3	1.239975	I:	D:
10776	11993	-	3	1.255206	I:	D:
12014	12496	+	2	1.359223	I:	D:
12546	15257	-	3	1.197140	I:	D:
15496	16119	-	1	1.190867	I:	D:
16378	17355	-	1	1.197028	I:	D:
>Y8.M060_72
32	1027	+	2	1.251639	I:	D:
1051	2343	-	1	1.216946	I:	D:
2406	3509	-	3	1.183259	I:	D:
3506	4717	-	2	1.218922	I:	D:
4714	5400	-	1	1.222484	I:	D:
5408	6739	-	2	1.230507	I:	D:
7008	7688	+	3	1.224748	I:	D:
7747	9606	+	1	1.194787	I:	D:
9603	11399	+	3	1.200187	I:	D:
11536	12186	-	1	1.256465	I:	D:
12403	13326	-	1	1.216437	I:	D:
13646	16480	+	2	1.170145	I:	D:
16552	17067	-	1	1.239353	I:	D:
>Y8.M060_73
2	214	-	2	1.221166	I:	D:
507	1418	-	3	1.177264	I:	D:
1475	2389	-	2	1.158830	I:	D:
2617	3396	+	1	1.138614	I:	D:
3422	3739	-	2	1.178905	I:	D:
3899	4219	-	2	1.180918	I:	D:
4460	5725	-	2	1.177585	I:	D:
5869	7227	-	1	1.204548	I:	D:
7288	8538	-	1	1.214308	I:	D:
8626	9918	-	1	1.237899	I:	D:
10329	11195	+	3	1.212205	I:	D:
11351	12556	+	2	1.261424	I:	D:
12659	13492	+	2	1.217375	I:	D:
13509	14441	+	3	1.213349	I:	D:
14656	15990	+	1	1.189538	I:	D:
16013	17014	+	2	1.173121	I:	D:
>Y8.M060_74
3	2639	-	3	1.157537	I:	D:
2773	4404	-	1	1.166287	I:	D:
4408	6246	-	1	1.216600	I:	D:
6632	7327	-	2	1.211829	I:	D:
7366	8757	-	1	1.220411	I:	D:
8997	9971	-	3	1.224616	I:	D:
10011	10691	-	3	1.224022	I:	D:
11120	12343	+	2	1.263079	I:	D:
12409	13416	+	1	1.208633	I:	D:
13420	14400	+	1	1.310741	I:	D:
14610	15737	+	3	1.239112	I:	D:
15970	16860	+	1	1.390720	I:	D:
>Y8.M060_75
311	2518	+	2	1.224376	I:	D:
2609	5236	+	2	1.207930	I:	D:
5233	7035	+	1	1.222161	I:	D:
7304	7792	+	2	1.250353	I:	D:
7825	9111	+	1	1.253460	I:	D:
9226	10101	-	1	1.264702	I:	D:
10125	10370	-	3	1.290309	I:	D:
10447	12561	-	1	1.201064	I:	D:
12946	14940	-	1	1.218354	I:	D:
15368	16537	+	2	1.208158	I:	D:
>Y8.M060_76
2	496	+	2	1.292219	I:	D:
767	2167	+	2	1.266545	I:	D:
2361	4961	+	3	1.223641	I:	D:
5082	6530	-	3	1.223519	I:	D:
6791	7534	+	2	1.230076	I:	D:
7728	7958	+	3	1.211828	I:	D:
7955	8416	+	2	1.257312	I:	D:
8560	10773	-	1	1.238825	I:	D:
11208	11435	-	3	1.273939	I:	D:
11828	13525	+	2	1.210780	I:	D:
13522	14502	+	1	1.255903	I:	D:
14922	15602	+	3	1.378363	I:	D:
15702	16376	-	3	1.191908	I:	D:
>Y8.M060_77
122	817	-	2	1.151963	I:	D:
902	1714	-	2	1.288332	I:	D:
1724	3874	-	2	1.259223	I:	D:
3871	7518	-	1	1.221476	I:	D:
7751	12043	-	2	1.309047	I:	D:
12040	15210	-	1	1.194859	I:	D:
15609	16025	-	3	1.217043	I:	D:
16029	16307	-	3	1.225814	I:	D:
>Y8.M060_78
1	717	+	1	1.189965	I:	D:
799	2013	+	1	1.176336	I:	D:
2010	2444	+	3	1.202982	I:	D:
2469	3827	+	3	1.145982	I:	D:
3824	4621	+	2	1.211014	I:	D:
4778	4951	+	2	1.347170	I:	D:
4996	5649	+	1	1.146243	I:	D:
5815	6999	+	1	1.193047	I:	D:
7037	7834	+	2	1.217025	I:	D:
7831	8889	+	1	1.180934	I:	D:
8886	9776	+	3	1.236305	I:	D:
9847	11565	-	1	1.219030	I:	D:
11887	12642	+	1	1.192452	I:	D:
12748	12915	+	1	1.318168	I:	D:
13055	13690	-	2	1.207338	I:	D:
13850	14764	+	2	1.229519	I:	D:
14795	15937	-	2	1.153729	I:	D:
16008	16292	-	3	1.152126	I:	D:
>Y8.M060_79
6	320	+	3	1.292632	I:	D:
410	1159	+	2	1.206623	I:	D:
1535	2602	-	2	1.195822	I:	D:
2668	3189	-	1	1.223236	I:	D:
3332	4321	-	2	1.269836	I:	D:
4660	4854	-	1	1.333203	I:	D:
4989	6392	+	3	1.164642	I:	D:
6412	7677	-	1	1.190466	I:	D:
7674	8516	-	3	1.164647	I:	D:
8539	9957	-	1	1.163278	I:	D:
10041	10904	-	3	1.192817	I:	D:
10901	11854	-	2	1.201505	I:	D:
11921	13213	-	2	1.178724	I:	D:
13359	15569	-	3	1.190861	I:	D:
15667	16116	-	1	1.207375	I:	D:
>Y8.M060_80
148	1470	+	1	1.225354	I:	D:
1499	2686	+	2	1.255552	I:	D:
2688	6047	+	3	1.231277	I:	D:
6113	6928	+	2	1.229560	I:	D:
7432	8043	+	1	1.266296	I:	D:
8083	8487	+	1	1.210251	I:	D:
8500	9837	+	1	1.237744	I:	D:
9919	11112	+	1	1.236415	I:	D:
11152	13299	+	1	1.327074	I:	D:
13346	14008	-	2	1.326688	I:	D:
14211	15422	-	3	1.328105	I:	D:
>Y8.M060_81
1280	2704	+	2	1.181238	I:	D:
2704	3822	+	1	1.195136	I:	D:
4181	4813	+	2	1.184092	I:	D:
4951	6636	-	1	1.187350	I:	D:
6633	8027	-	3	1.139280	I:	D:
8024	9205	-	2	1.195906	I:	D:
9413	9709	+	2	1.172132	I:	D:
9837	11027	+	3	1.171708	I:	D:
11049	11360	+	3	1.211358	I:	D:
11448	11915	-	3	1.146949	I:	D:
12094	13431	+	1	1.198065	I:	D:
13519	14031	+	1	1.212893	I:	D:
14051	14692	+	2	1.237760	I:	D:
14744	15277	-	2	1.208031	I:	D:
15542	15685	-	2	1.318388	I:	D:
>Y8.M060_82
2	436	-	2	1.274230	I:	D:
646	1395	+	1	1.159120	I:	D:
1645	3039	-	1	1.169077	I:	D:
3041	4069	-	2	1.183955	I:	D:
4896	5612	+	3	1.206553	I:	D:
5587	6726	+	1	1.273656	I:	D:
6904	8076	+	1	1.179367	I:	D:
8256	9251	+	3	1.161773	I:	D:
9248	10006	+	2	1.136395	I:	D:
10091	11146	-	2	1.277325	I:	D:
11143	12513	-	1	1.243773	I:	D:
12678	14015	+	3	1.204068	I:	D:
14440	14814	-	1	1.365066	I:	D:
15479	15715	+	2	1.223674	I:	D:
>Y8.M060_83
2	148	+	2	1.251899	I:	D:
450	1139	-	3	1.188521	I:	D:
1238	1669	-	2	1.166618	I:	D:
1929	2747	-	3	1.154440	I:	D:
2883	3119	-	3	1.212012	I:	D:
3488	4702	+	2	1.166525	I:	D:
5144	5563	-	2	1.328142	I:	D:
5202	5936	+	3	1.380231	I:	D:
6028	7275	-	1	1.197206	I:	D:
7751	8590	+	2	1.289439	I:	D:
8773	9843	+	1	1.205899	I:	D:
10013	11308	-	2	1.173837	I:	D:
11658	11900	-	3	1.318601	I:	D:
12178	13800	+	1	1.210716	I:	D:
13863	14564	-	3	1.266438	I:	D:
14798	15691	+	2	1.206235	I:	D:
>Y8.M060_84
1	2607	-	1	1.177061	I:	D:
2573	5401	+	2	1.314049	I:	D:
5429	5875	-	2	1.217163	I:	D:
5928	6680	-	3	1.224156	I:	D:
6689	7423	-	2	1.185576	I:	D:
7519	9435	-	1	1.240311	I:	D:
9534	10376	-	3	1.240136	I:	D:
10519	10692	-	1	1.177980	I:	D:
10694	12256	-	2	1.223987	I:	D:
12484	13206	+	1	1.209907	I:	D:
13578	13856	+	3	1.165327	I:	D:
13982	14869	-	2	1.269921	I:	D:
14997	15515	-	3	1.306525	I:	D:
>Y8.M060_85
3	275	-	3	1.197960	I:	D:
272	2233	-	2	1.183511	I:	D:
2230	3009	-	1	1.205443	I:	D:
3193	4176	-	1	1.157499	I:	D:
4063	4968	+	1	1.176117	I:	D:
4965	5735	+	3	1.158835	I:	D:
5822	6289	-	2	1.224868	I:	D:
6401	7765	+	2	1.187062	I:	D:
8678	9739	-	2	1.220160	I:	D:
9918	10898	+	3	1.164848	I:	D:
11140	11502	+	1	1.338614	I:	D:
11677	12258	-	1	1.220156	I:	D:
12549	13058	-	3	1.227526	I:	D:
13284	14990	+	3	1.234788	I:	D:
15030	15440	+	3	1.222971	I:	D:
>Y8.M060_86
2	457	+	2	1.217603	I:	D:
454	1569	+	1	1.203971	I:	D:
2726	4258	+	2	1.169381	I:	D:
4369	4962	+	1	1.172915	I:	D:
5032	5376	-	1	1.239525	I:	D:
5585	6082	-	2	1.262180	I:	D:
6163	8226	-	1	1.252438	I:	D:
8325	9719	+	3	1.189218	I:	D:
9807	10517	+	3	1.164657	I:	D:
10659	11423	+	3	1.198257	I:	D:
11420	12685	+	2	1.197756	I:	D:
12682	13203	+	1	1.324734	I:	D:
13464	14282	+	3	1.266952	I:	D:
14364	14573	+	3	1.158813	I:	D:
14573	15160	+	2	1.128551	I:	D:
>Y8.M060_87
3	1076	-	3	1.265733	I:	D:
1508	2779	+	2	1.286634	I:	D:
2811	3932	-	3	1.234401	I:	D:
5388	5747	+	3	1.260932	I:	D:
5756	6595	-	2	1.233789	I:	D:
6663	8261	-	3	1.236052	I:	D:
8418	9890	-	3	1.272516	I:	D:
9887	10618	-	2	1.295317	I:	D:
10509	11543	+	3	1.316188	I:	D:
11540	12226	+	2	1.217041	I:	D:
12230	13150	-	2	1.194555	I:	D:
13209	15092	-	3	1.213327	I:	D:
>Y8.M060_88
1	267	+	1	1.213969	I:	D:
198	518	+	3	1.353971	I:	D:
1564	2502	-	1	1.254710	I:	D:
2749	3789	-	1	1.273324	I:	D:
3893	4822	-	2	1.317080	I:	D:
4924	5658	-	1	1.365814	I:	D:
7044	8369	+	3	1.193136	I:	D:
8366	11821	+	2	1.179640	I:	D:
11888	14641	-	2	1.240561	I:	D:
>Y8.M060_89
611	790	-	2	1.287166	I:	D:
883	1134	+	1	1.337619	I:	D:
1037	1399	+	2	1.261821	I:	D:
1396	3051	+	1	1.327277	I:	D:
3740	4579	+	2	1.242877	I:	D:
4835	5128	+	2	1.313708	I:	D:
5342	5773	-	2	1.291218	I:	D:
6078	6293	-	3	1.168828	I:	D:
6536	10171	+	2	1.217590	I:	D:
10168	13605	+	1	1.204785	I:	D:
13645	14766	-	1	1.205325	I:	D:
>Y8.M060_90
1	417	+	1	1.217120	I:	D:
407	865	+	2	1.157527	I:	D:
873	2159	+	3	1.151467	I:	D:
2152	3459	+	1	1.154406	I:	D:
3616	7179	+	1	1.200089	I:	D:
7925	8149	-	2	1.207965	I:	D:
8152	8988	-	1	1.259163	I:	D:
8985	9836	-	3	1.211105	I:	D:
10231	12012	+	1	1.158266	I:	D:
12035	12784	+	2	1.180003	I:	D:
12787	13656	+	1	1.212273	I:	D:
13706	14131	-	2	1.208925	I:	D:
14128	14670	-	1	1.259123	I:	D:
>Y8.M060_91
341	1501	+	2	1.192429	I:	D:
1604	3628	+	2	1.216046	I:	D:
3707	5071	-	2	1.184120	I:	D:
5430	6659	-	3	1.159880	I:	D:
6820	8910	-	1	1.169730	I:	D:
7888	9546	+	1	1.161422	I:	D:
9593	10036	-	2	1.162015	I:	D:
10218	10841	+	3	1.172999	I:	D:
10938	11987	-	3	1.236842	I:	D:
12027	12425	-	3	1.196696	I:	D:
12659	14326	-	2	1.145975	I:	D:
14366	14614	-	2	1.201449	I:	D:
>Y8.M060_92
3	386	-	3	1.179724	I:	D:
379	1632	-	1	1.166099	I:	D:
1752	2558	+	3	1.253628	I:	D:
2588	3436	+	2	1.208617	I:	D:
3443	4417	-	2	1.173975	I:	D:
4414	4785	-	1	1.189870	I:	D:
4848	6491	-	3	1.185581	I:	D:
6559	7659	-	1	1.225854	I:	D:
7719	8564	+	3	1.165890	I:	D:
8622	9251	+	3	1.217405	I:	D:
9319	10974	-	1	1.169682	I:	D:
11600	12220	+	2	1.235804	I:	D:
12388	13044	+	1	1.303685	I:	D:
13083	14294	+	3	1.290256	I:	D:
14369	14557	-	2	1.200467	I:	D:
>Y8.M060_93
55	567	-	1	1.278777	I:	D:
1016	1804	+	2	1.234494	I:	D:
1879	2931	-	1	1.207964	I:	D:
2999	5059	-	2	1.161653	I:	D:
5068	6690	-	1	1.165065	I:	D:
6589	7485	+	1	1.179868	I:	D:
7567	9057	-	1	1.191043	I:	D:
9086	10489	-	2	1.214198	I:	D:
10573	11523	-	1	1.197070	I:	D:
11534	12529	-	2	1.165250	I:	D:
12535	13335	-	1	1.270170	I:	D:
13335	13805	-	3	1.227344	I:	D:
14002	14466	-	1	1.236360	I:	D:
>Y8.M060_94
1	216	-	1	1.145623	I:	D:
216	1007	-	3	1.156908	I:	D:
1000	3951	-	1	1.244074	I:	D:
4045	4884	-	1	1.182915	I:	D:
5108	6145	+	2	1.170598	I:	D:
6215	7144	-	2	1.166976	I:	D:
7487	8584	+	2	1.238052	I:	D:
8677	9837	+	1	1.150368	I:	D:
9834	11156	+	3	1.139882	I:	D:
11241	11753	+	3	1.169476	I:	D:
11861	12391	-	2	1.151022	I:	D:
12451	13029	-	1	1.186354	I:	D:
13375	14334	+	1	1.177637	I:	D:
>Y8.M060_95
3	830	-	3	1.232046	I:	D:
1071	1562	+	3	1.237931	I:	D:
2843	3280	+	2	1.288648	I:	D:
3376	5427	-	1	1.253914	I:	D:
5801	6928	+	2	1.211226	I:	D:
7111	8487	+	1	1.185038	I:	D:
8704	9048	+	1	1.289482	I:	D:
9118	10413	-	1	1.182874	I:	D:
10522	11520	-	1	1.144077	I:	D:
11581	13164	-	1	1.159508	I:	D:
13310	13978	-	2	1.166827	I:	D:
>Y8.M060_96
2	469	+	2	1.236879	I:	D:
466	1569	+	1	1.269095	I:	D:
1566	2123	+	3	1.221730	I:	D:
2271	4598	+	3	1.229876	I:	D:
4617	5213	-	3	1.324155	I:	D:
5445	6254	+	3	1.251988	I:	D:
7231	7791	-	1	1.379409	I:	D:
7897	9585	-	1	1.182436	I:	D:
9880	11493	+	1	1.299875	I:	D:
11573	12388	+	2	1.199146	I:	D:
12440	13885	+	2	1.185304	I:	D:
13936	14139	+	1	1.148689	I:	D:
>Y8.M060_97
2	451	+	2	1.115137	I:	D:
753	1208	+	3	1.118874	I:	D:
1289	2488	+	2	1.251755	I:	D:
2592	4262	+	3	1.154900	I:	D:
4608	5909	+	3	1.347458	I:	D:
6516	7070	-	3	1.256577	I:	D:
7067	7804	-	2	1.244781	I:	D:
8016	10229	-	3	1.170937	I:	D:
10226	11044	-	2	1.188775	I:	D:
11041	11565	-	1	1.163809	I:	D:
11756	11953	-	2	1.153783	I:	D:
12118	12255	+	1	1.286584	I:	D:
12424	13020	-	1	1.235717	I:	D:
13115	13807	-	2	1.160475	I:	D:
>Y8.M060_98
735	1592	-	3	1.154365	I:	D:
1674	3050	+	3	1.207406	I:	D:
3505	5340	-	1	1.158673	I:	D:
5474	6463	-	2	1.245182	I:	D:
6513	7661	-	3	1.170457	I:	D:
7797	9131	-	3	1.193480	I:	D:
9128	10420	-	2	1.196668	I:	D:
10453	10998	-	1	1.191159	I:	D:
10995	12170	-	3	1.208526	I:	D:
12330	13268	-	3	1.185481	I:	D:
>Y8.M060_99
3	437	-	3	1.118580	I:	D:
559	1077	-	1	1.152349	I:	D:
1291	2085	-	1	1.231373	I:	D:
2155	2964	+	1	1.192798	I:	D:
3024	3875	-	3	1.223979	I:	D:
4100	4903	+	2	1.195151	I:	D:
5277	6404	-	3	1.152812	I:	D:
6401	7036	-	2	1.184883	I:	D:
7115	7633	-	2	1.266100	I:	D:
8007	9224	-	3	1.160413	I:	D:
9411	10118	-	3	1.132771	I:	D:
10173	10865	-	3	1.200905	I:	D:
11014	11511	-	1	1.200194	I:	D:
11508	12260	-	3	1.242362	I:	D:
12497	13402	-	2	1.208867	I:	D:
>Y8.M060_100
1	2142	+	1	1.265149	I:	D:
2144	4873	+	2	1.278909	I:	D:
5011	7170	+	1	1.317431	I:	D:
7176	9968	+	3	1.349334	I:	D:
9999	10922	+	3	1.353396	I:	D:
11126	12109	+	2	1.309341	I:	D:
12211	13284	+	1	1.245448	I:	D:
>Y8.M060_101
1	315	-	1	1.220654	I:	D:
500	1879	-	2	1.278099	I:	D:
1876	3447	-	1	1.227753	I:	D:
3438	3959	-	3	1.245736	I:	D:
4162	4536	-	1	1.266524	I:	D:
4563	5297	-	3	1.245987	I:	D:
5294	6514	-	2	1.278403	I:	D:
6626	6973	-	2	1.219378	I:	D:
7217	8131	-	2	1.251627	I:	D:
8128	9549	-	1	1.234738	I:	D:
9546	10094	-	3	1.230188	I:	D:
10405	10641	-	1	1.255263	I:	D:
10643	11182	-	2	1.210750	I:	D:
11459	12991	+	2	1.339455	I:	D:
13105	13392	+	1	1.318547	I:	D:
>Y8.M060_102
1	786	+	1	1.206513	I:	D:
861	1436	-	3	1.231411	I:	D:
1563	2492	-	3	1.187131	I:	D:
2651	2806	-	2	1.313624	I:	D:
3054	3842	-	3	1.244436	I:	D:
3998	4162	+	2	1.218012	I:	D:
4670	6034	+	2	1.183702	I:	D:
6207	7340	-	3	1.326827	I:	D:
7918	8559	-	1	1.235604	I:	D:
8614	9252	+	1	1.205093	I:	D:
9254	9928	+	2	1.174848	I:	D:
10162	11484	+	1	1.249032	I:	D:
11598	11807	+	3	1.161770	I:	D:
11941	13200	-	1	1.188249	I:	D:
>Y8.M060_103
1	672	-	1	1.190322	I:	D:
959	2476	-	2	1.208540	I:	D:
2696	3346	-	2	1.187375	I:	D:
3346	5079	-	1	1.183710	I:	D:
5076	5867	-	3	1.204319	I:	D:
6928	7071	+	1	1.300687	I:	D:
7509	9218	-	3	1.184768	I:	D:
9495	11549	-	3	1.161759	I:	D:
11784	13019	-	3	1.164645	I:	D:
>Y8.M060_104
1	246	-	1	1.245018	I:	D:
351	1196	-	3	1.200527	I:	D:
1267	2721	+	1	1.224033	I:	D:
2740	6366	+	1	1.238109	I:	D:
6507	7115	+	3	1.218544	I:	D:
7126	7926	-	1	1.198569	I:	D:
7923	8888	-	3	1.216922	I:	D:
8892	9812	-	3	1.233222	I:	D:
9968	11392	-	2	1.244051	I:	D:
11594	12349	-	2	1.265721	I:	D:
12428	12991	-	2	1.226103	I:	D:
>Y8.M060_105
2	898	+	2	1.199703	I:	D:
1026	2843	+	3	1.294468	I:	D:
2932	3582	+	1	1.232749	I:	D:
3772	4443	+	1	1.276644	I:	D:
4796	6892	+	2	1.192676	I:	D:
7133	8137	+	2	1.220447	I:	D:
8224	10680	+	1	1.239921	I:	D:
10756	11097	-	1	1.220075	I:	D:
11180	12862	+	2	1.210000	I:	D:
>Y8.M060_106
1	1248	+	1	1.151933	I:	D:
1255	2181	+	1	1.161980	I:	D:
2640	3506	+	3	1.212983	I:	D:
3706	4602	+	1	1.221630	I:	D:
4731	5825	+	3	1.193230	I:	D:
5822	6808	+	2	1.155954	I:	D:
6808	8718	+	1	1.150199	I:	D:
8851	9396	-	1	1.215000	I:	D:
10219	12378	+	1	1.260338	I:	D:
12480	12728	+	3	1.215221	I:	D:
>Y8.M060_107
1237	5058	-	1	1.217239	I:	D:
4762	5907	+	1	1.294148	I:	D:
5958	7004	-	3	1.186656	I:	D:
7168	7785	+	1	1.236738	I:	D:
7924	8142	+	1	1.289180	I:	D:
8591	9280	+	2	1.232171	I:	D:
9377	10078	-	2	1.180811	I:	D:
10144	12144	-	1	1.194660	I:	D:
>Y8.M060_108
245	1237	+	2	1.129538	I:	D:
1375	2367	+	1	1.158116	I:	D:
2788	4686	+	1	1.227877	I:	D:
4804	7089	-	1	1.260608	I:	D:
7579	8952	+	1	1.172402	I:	D:
8963	12103	+	2	1.136121	I:	D:
>Y8.M060_109
1	690	+	1	1.209240	I:	D:
801	1538	+	3	1.301396	I:	D:
1789	2556	+	1	1.314874	I:	D:
2687	4102	+	2	1.203615	I:	D:
4231	4956	+	1	1.180414	I:	D:
5171	6157	-	2	1.198361	I:	D:
6407	9577	+	2	1.233028	I:	D:
9574	11133	+	1	1.246761	I:	D:
11750	11983	+	2	1.126916	I:	D:
>Y8.M060_110
413	1186	-	2	1.204401	I:	D:
1301	1633	-	2	1.198620	I:	D:
1942	2832	-	1	1.183783	I:	D:
2955	4103	-	3	1.253982	I:	D:
4312	4638	+	1	1.216801	I:	D:
5202	6863	-	3	1.233871	I:	D:
7073	7819	-	2	1.197218	I:	D:
7819	9030	-	1	1.176818	I:	D:
9093	9788	+	3	1.206610	I:	D:
10248	10442	-	3	1.269630	I:	D:
10969	11415	+	1	1.228282	I:	D:
>Y8.M060_111
1	2331	+	1	1.164889	I:	D:
2679	3647	-	3	1.364276	I:	D:
3981	4421	+	3	1.318170	I:	D:
4593	6044	+	3	1.154480	I:	D:
6088	6681	-	1	1.157680	I:	D:
6688	7392	-	1	1.257075	I:	D:
7749	8747	+	3	1.253888	I:	D:
8744	9502	+	2	1.255017	I:	D:
9502	10284	+	1	1.219316	I:	D:
10206	10787	+	3	1.190741	I:	D:
10811	11674	-	2	1.204087	I:	D:
11671	11847	-	1	1.215143	I:	D:
>Y8.M060_112
1	855	-	1	1.256252	I:	D:
855	1151	-	3	1.273365	I:	D:
1457	2824	-	2	1.235273	I:	D:
2905	5298	-	1	1.173918	I:	D:
5295	6506	-	3	1.234698	I:	D:
6660	7061	-	3	1.334218	I:	D:
7104	9533	-	3	1.235873	I:	D:
9765	10760	-	3	1.328857	I:	D:
10826	11845	-	2	1.222318	I:	D:
>Y8.M060_113
2	445	+	2	1.168893	I:	D:
991	1260	-	1	1.146257	I:	D:
1709	3295	+	2	1.199129	I:	D:
4106	4906	+	2	1.315476	I:	D:
5006	6190	-	2	1.221621	I:	D:
6177	7319	-	3	1.258137	I:	D:
7321	8304	-	1	1.206785	I:	D:
8498	9634	+	2	1.198912	I:	D:
9631	10311	+	1	1.168035	I:	D:
10357	10659	+	1	1.346098	I:	D:
10659	10934	+	3	1.350527	I:	D:
>Y8.M060_114
2	688	+	2	1.226628	I:	D:
778	1758	+	1	1.217635	I:	D:
1884	2540	+	3	1.305206	I:	D:
2537	3412	+	2	1.267122	I:	D:
3793	4269	-	1	1.391219	I:	D:
4327	4677	+	1	1.315634	I:	D:
4720	6390	-	1	1.247053	I:	D:
6390	7271	-	3	1.220703	I:	D:
7403	8266	-	2	1.237404	I:	D:
8467	9552	+	1	1.189520	I:	D:
9554	11533	+	2	1.180928	I:	D:
>Y8.M060_115
1	729	+	1	1.230222	I:	D:
987	1439	+	3	1.323030	I:	D:
1550	2200	+	2	1.256137	I:	D:
2323	2808	+	1	1.324043	I:	D:
3126	3653	+	3	1.207779	I:	D:
3777	4004	+	3	1.272763	I:	D:
4126	5727	-	1	1.259104	I:	D:
6036	7274	+	3	1.263190	I:	D:
7271	7516	+	2	1.185582	I:	D:
7560	9092	+	3	1.294476	I:	D:
9318	11381	+	3	1.250346	I:	D:
>Y8.M060_116
2	610	+	2	1.194208	I:	D:
737	1255	+	2	1.216678	I:	D:
1452	2477	+	3	1.232919	I:	D:
2474	3670	+	2	1.196844	I:	D:
3667	4593	+	1	1.206407	I:	D:
4590	5864	+	3	1.232504	I:	D:
5861	6448	+	2	1.218174	I:	D:
6530	7753	+	2	1.246793	I:	D:
7795	8439	-	1	1.232052	I:	D:
8503	8667	-	1	1.280076	I:	D:
8852	10420	+	2	1.176486	I:	D:
10453	11115	+	1	1.280215	I:	D:
>Y8.M060_117
152	607	+	2	1.276238	I:	D:
691	1833	+	1	1.223972	I:	D:
1888	2673	-	1	1.245781	I:	D:
2844	4337	+	3	1.216397	I:	D:
4419	5072	+	3	1.234862	I:	D:
5305	6639	+	1	1.247842	I:	D:
6780	7547	+	3	1.189820	I:	D:
7565	8599	+	2	1.177092	I:	D:
8685	9851	+	3	1.231767	I:	D:
9838	10947	+	1	1.267066	I:	D:
11042	11269	-	2	1.338052	I:	D:
>Y8.M060_118
1	561	+	1	1.187684	I:	D:
609	1127	-	3	1.355833	I:	D:
1190	1681	-	2	1.340896	I:	D:
2120	3862	+	2	1.266264	I:	D:
4144	5115	-	1	1.327700	I:	D:
4977	5648	-	3	1.297636	I:	D:
5787	6278	-	3	1.350159	I:	D:
6701	7195	-	2	1.353372	I:	D:
7219	8397	-	1	1.415422	I:	D:
8396	8683	+	2	1.359360	I:	D:
9178	10704	-	1	1.243138	I:	D:
10860	11009	+	3	1.299956	I:	D:
11087	11257	+	2	1.211855	I:	D:
>Y8.M060_119
1	255	+	1	1.218443	I:	D:
288	1478	+	3	1.199946	I:	D:
1499	2314	-	2	1.241851	I:	D:
2643	2963	+	3	1.358062	I:	D:
2960	7009	+	2	1.207880	I:	D:
7185	7469	-	3	1.302773	I:	D:
7006	8892	+	1	1.200330	I:	D:
8996	9472	-	2	1.212568	I:	D:
9581	9967	+	2	1.207904	I:	D:
10265	11113	-	2	1.222290	I:	D:
>Y8.M060_120
3	398	+	3	1.271919	I:	D:
38	3820	+	2	1.261109	I:	D:
3833	5290	-	2	1.255032	I:	D:
5402	6271	+	2	1.278362	I:	D:
6541	7149	-	1	1.344086	I:	D:
7542	7763	-	3	1.345690	I:	D:
7773	8471	-	3	1.305772	I:	D:
8561	9910	-	2	1.318622	I:	D:
10030	11130	+	1	1.238502	I:	D:
>Y8.M060_121
3	1115	-	3	1.162205	I:	D:
1356	2768	+	3	1.185667	I:	D:
3074	3454	+	2	1.226693	I:	D:
4879	5601	-	1	1.171011	I:	D:
5605	5859	-	1	1.164858	I:	D:
5949	7673	-	3	1.208974	I:	D:
7670	8344	-	2	1.196119	I:	D:
8341	9399	-	1	1.181570	I:	D:
9741	11021	-	3	1.139290	I:	D:
>Y8.M060_122
1	1422	-	1	1.294455	I:	D:
1642	2799	-	1	1.196830	I:	D:
2796	4442	-	3	1.202272	I:	D:
4442	5308	-	2	1.206979	I:	D:
5456	6385	-	2	1.256502	I:	D:
6444	7592	-	3	1.206255	I:	D:
7646	9454	-	2	1.219368	I:	D:
9451	10557	-	1	1.204491	I:	D:
10554	10862	-	3	1.312800	I:	D:
>Y8.M060_123
1	1266	+	1	1.186437	I:	D:
1477	1803	+	1	1.234506	I:	D:
2004	2318	+	3	1.158220	I:	D:
2315	2947	+	2	1.206232	I:	D:
2996	5188	-	2	1.170400	I:	D:
5185	6960	-	1	1.187828	I:	D:
7117	10086	-	1	1.182039	I:	D:
10697	10840	-	2	1.277173	I:	D:
>Y8.M060_124
3	146	+	3	1.365410	I:	D:
544	903	-	1	1.334531	I:	D:
1006	2250	-	1	1.377236	I:	D:
2597	2746	+	2	1.354193	I:	D:
3088	5274	+	1	1.180684	I:	D:
5476	6324	+	1	1.151432	I:	D:
6403	7305	+	1	1.225020	I:	D:
7573	8310	+	1	1.202319	I:	D:
8427	9908	+	3	1.189615	I:	D:
>Y8.M060_125
1	2019	-	1	1.148141	I:	D:
2253	3692	+	3	1.228996	I:	D:
3807	5276	-	3	1.140605	I:	D:
5380	5883	-	1	1.168080	I:	D:
5989	8187	-	1	1.244189	I:	D:
8361	9518	+	3	1.167607	I:	D:
9586	10245	+	1	1.138521	I:	D:
10242	10508	+	3	1.167396	I:	D:
>Y8.M060_126
1	351	+	1	1.300076	I:	D:
457	1494	+	1	1.242721	I:	D:
1491	2354	+	3	1.231134	I:	D:
2542	4308	+	1	1.226923	I:	D:
4289	5302	+	2	1.205858	I:	D:
5382	6302	+	3	1.292989	I:	D:
6369	9185	-	3	1.183104	I:	D:
9378	10496	+	3	1.208548	I:	D:
>Y8.M060_127
3	440	-	3	1.195311	I:	D:
535	1707	-	1	1.181100	I:	D:
1817	3211	-	2	1.188899	I:	D:
3446	3946	+	2	1.186837	I:	D:
4160	5563	-	2	1.193497	I:	D:
6399	7823	+	3	1.141317	I:	D:
7835	9055	+	2	1.173254	I:	D:
9338	10417	+	2	1.184060	I:	D:
>Y8.M060_128
1	1539	-	1	1.254164	I:	D:
1668	4466	-	3	1.310473	I:	D:
4513	5025	-	1	1.363038	I:	D:
5123	5710	-	2	1.334987	I:	D:
5783	6616	-	2	1.342920	I:	D:
6764	7279	-	2	1.393062	I:	D:
7606	8277	-	1	1.285545	I:	D:
8345	10198	-	2	1.193096	I:	D:
>Y8.M060_129
3	668	-	3	1.124246	I:	D:
670	1719	-	1	1.163459	I:	D:
1803	2459	-	3	1.191104	I:	D:
2709	3428	+	3	1.197496	I:	D:
3452	3865	+	2	1.247545	I:	D:
3900	4853	-	3	1.223348	I:	D:
4961	6247	+	2	1.265248	I:	D:
6617	7744	+	2	1.215525	I:	D:
7829	8824	-	2	1.216153	I:	D:
8078	9562	+	2	1.341613	I:	D:
9699	10052	+	3	1.377375	I:	D:
>Y8.M060_130
1	1767	+	1	1.152437	I:	D:
1780	2808	+	1	1.196872	I:	D:
2924	3268	-	2	1.235348	I:	D:
3450	4523	+	3	1.102346	I:	D:
4563	5639	+	3	1.169764	I:	D:
5641	6882	+	1	1.141225	I:	D:
6964	7743	+	1	1.174548	I:	D:
8190	8861	-	3	1.177501	I:	D:
9058	9999	+	1	1.187576	I:	D:
>Y8.M060_131
1	447	+	1	1.143507	I:	D:
548	1363	-	2	1.264721	I:	D:
1363	2109	-	1	1.201430	I:	D:
2106	2501	-	3	1.242142	I:	D:
2661	2993	-	3	1.266526	I:	D:
3357	4337	-	3	1.114587	I:	D:
4438	5196	-	1	1.160893	I:	D:
5400	7817	+	3	1.207182	I:	D:
7862	9589	+	2	1.288648	I:	D:
9654	9926	+	3	1.192713	I:	D:
>Y8.M060_132
543	1514	+	3	1.156591	I:	D:
1587	2666	-	3	1.141450	I:	D:
2811	3902	+	3	1.190813	I:	D:
3899	4951	+	2	1.178635	I:	D:
5265	6668	-	3	1.209168	I:	D:
6675	7334	-	3	1.228531	I:	D:
7577	8329	-	2	1.195754	I:	D:
8334	9503	-	3	1.179300	I:	D:
>Y8.M060_133
2	2137	-	2	1.290520	I:	D:
2134	4719	-	1	1.207071	I:	D:
4716	5855	-	3	1.196715	I:	D:
5782	6087	+	1	1.155690	I:	D:
6101	7066	-	2	1.180732	I:	D:
7147	9867	-	1	1.215386	I:	D:
>Y8.M060_134
469	1548	+	1	1.284420	I:	D:
1628	2329	-	2	1.293064	I:	D:
2690	7933	+	2	1.200887	I:	D:
7956	8429	-	3	1.212262	I:	D:
8677	9288	-	1	1.288028	I:	D:
>Y8.M060_135
170	682	+	2	1.351424	I:	D:
1153	2304	+	1	1.341129	I:	D:
2631	3308	-	3	1.206007	I:	D:
3428	4084	+	2	1.215650	I:	D:
4091	5599	+	2	1.186512	I:	D:
5903	7525	+	2	1.119106	I:	D:
7757	8098	-	2	1.210658	I:	D:
8305	9723	-	1	1.249965	I:	D:
>Y8.M060_136
194	1018	-	2	1.227841	I:	D:
1044	2648	-	3	1.227003	I:	D:
2887	4335	-	1	1.204500	I:	D:
4368	5822	-	3	1.210511	I:	D:
5819	7363	-	2	1.227741	I:	D:
7487	8662	-	2	1.301599	I:	D:
8781	9782	-	3	1.307284	I:	D:
>Y8.M060_137
2	364	+	2	1.150377	I:	D:
610	1521	+	1	1.166851	I:	D:
1756	2742	-	1	1.179128	I:	D:
2794	4881	-	1	1.229778	I:	D:
5398	5733	+	1	1.250951	I:	D:
5792	5983	+	2	1.283408	I:	D:
6141	6869	-	3	1.178089	I:	D:
7069	7830	+	1	1.230782	I:	D:
7939	8847	-	1	1.165723	I:	D:
9506	9709	-	2	1.171387	I:	D:
>Y8.M060_138
3	284	-	3	1.190729	I:	D:
1198	1659	+	1	1.246988	I:	D:
1895	2428	-	2	1.350780	I:	D:
2905	4527	+	1	1.172780	I:	D:
4639	6030	+	1	1.153005	I:	D:
6027	6782	+	3	1.147614	I:	D:
7550	7945	+	2	1.257913	I:	D:
7942	9705	+	1	1.179313	I:	D:
>Y8.M060_139
3	191	+	3	1.198044	I:	D:
188	1474	+	2	1.210381	I:	D:
1524	1979	-	3	1.366655	I:	D:
2044	2415	-	1	1.329241	I:	D:
3675	4307	+	3	1.370153	I:	D:
4462	5505	+	1	1.229598	I:	D:
5681	7063	+	2	1.189422	I:	D:
7095	8162	-	3	1.223196	I:	D:
8343	9428	+	3	1.154341	I:	D:
>Y8.M060_140
125	1390	+	2	1.343375	I:	D:
2186	3058	-	2	1.216832	I:	D:
3063	3998	-	3	1.248574	I:	D:
4060	4875	-	1	1.205240	I:	D:
4872	5549	-	3	1.241596	I:	D:
5584	6345	-	1	1.179601	I:	D:
6383	6799	+	2	1.240967	I:	D:
6839	8551	-	2	1.201052	I:	D:
8569	8880	-	1	1.309657	I:	D:
8904	9161	+	3	1.354785	I:	D:
>Y8.M060_141
1	441	+	1	1.404542	I:	D:
1369	2040	+	1	1.319652	I:	D:
2060	4168	+	2	1.289903	I:	D:
4308	4985	+	3	1.200742	I:	D:
4986	5276	+	3	1.276619	I:	D:
5246	5974	+	2	1.241483	I:	D:
5971	6786	+	1	1.193882	I:	D:
6812	9289	-	2	1.172963	I:	D:
9335	9550	-	2	1.230790	I:	D:
>Y8.M060_142
1	171	+	1	1.158738	I:	D:
421	1839	+	1	1.145764	I:	D:
2145	3215	+	3	1.177445	I:	D:
3274	4521	-	1	1.281604	I:	D:
4721	5716	-	2	1.205036	I:	D:
5815	5949	-	1	1.285193	I:	D:
6456	7343	-	3	1.263807	I:	D:
7468	7953	-	1	1.285825	I:	D:
8093	8707	-	2	1.217391	I:	D:
8853	9398	-	3	1.166880	I:	D:
>Y8.M060_143
2	520	+	2	1.224716	I:	D:
602	823	+	2	1.203101	I:	D:
847	1827	+	1	1.212528	I:	D:
1907	2230	-	2	1.206045	I:	D:
2313	3413	-	3	1.230350	I:	D:
3462	5513	-	3	1.216019	I:	D:
5638	7380	+	1	1.327978	I:	D:
7390	7938	-	1	1.218545	I:	D:
7935	9101	-	3	1.234512	I:	D:
9242	9376	-	2	1.189292	I:	D:
>Y8.M060_144
1	1068	+	1	1.140925	I:	D:
1149	2000	+	3	1.182251	I:	D:
1997	2935	+	2	1.191989	I:	D:
2984	4540	+	2	1.147355	I:	D:
4546	6282	+	1	1.158309	I:	D:
6441	6974	-	3	1.155621	I:	D:
8279	9325	+	2	1.153715	I:	D:
>Y8.M060_145
2	2647	+	2	1.200027	I:	D:
2840	3139	+	2	1.283476	I:	D:
3207	3347	+	3	1.344995	I:	D:
5358	6296	+	3	1.302579	I:	D:
6400	7479	+	1	1.294587	I:	D:
7667	8737	+	2	1.275532	I:	D:
>Y8.M060_146
1	1980	-	1	1.283220	I:	D:
2420	2815	-	2	1.358897	I:	D:
4054	4701	-	1	1.232090	I:	D:
5022	5366	-	3	1.375330	I:	D:
5557	7257	-	1	1.275236	I:	D:
7254	8159	-	3	1.275051	I:	D:
8393	8884	+	2	1.266784	I:	D:
>Y8.M060_147
1	2328	+	1	1.174477	I:	D:
2481	2930	-	3	1.400274	I:	D:
3368	3862	+	2	1.209907	I:	D:
3859	5337	+	1	1.394413	I:	D:
6055	6543	+	1	1.344333	I:	D:
7284	8636	-	3	1.166105	I:	D:
8721	8873	-	3	1.338244	I:	D:
>Y8.M060_148
2	220	+	2	1.282780	I:	D:
871	2172	-	1	1.274894	I:	D:
2229	4238	-	3	1.203764	I:	D:
4389	5321	-	3	1.193975	I:	D:
5359	6147	-	1	1.198642	I:	D:
6144	6911	-	3	1.181911	I:	D:
6913	8592	-	1	1.195056	I:	D:
>Y8.M060_149
1	1329	+	1	1.233086	I:	D:
1472	2308	-	2	1.348983	I:	D:
>Y8.M060_150
3	710	-	3	1.203825	I:	D:
806	1771	-	2	1.240981	I:	D:
1978	3561	-	1	1.237505	I:	D:
4567	5655	-	1	1.266074	I:	D:
5863	6582	+	1	1.288306	I:	D:
7287	7823	-	3	1.234998	I:	D:
7979	9295	-	2	1.230748	I:	D:
9302	10219	-	2	1.238387	I:	D:
10232	10969	-	2	1.236416	I:	D:
11167	11682	-	1	1.329940	I:	D:
11690	12385	-	2	1.303433	I:	D:
12553	14052	-	1	1.250739	I:	D:
14049	15650	-	3	1.247995	I:	D:
16429	19119	+	1	1.251140	I:	D:
19215	21719	-	3	1.287016	I:	D:
21402	22514	+	3	1.236242	I:	D:
22914	23774	+	3	1.280359	I:	D:
23782	24201	-	1	1.261131	I:	D:
24742	25158	+	1	1.291514	I:	D:
25155	26195	+	3	1.293419	I:	D:
26200	27474	+	1	1.256420	I:	D:
27467	29185	+	2	1.270015	I:	D:
29284	30096	+	1	1.254355	I:	D:
30209	31120	+	2	1.250583	I:	D:
31123	31899	+	1	1.216231	I:	D:
31952	33166	-	2	1.227995	I:	D:
33196	35592	-	1	1.232240	I:	D:
35589	37346	-	3	1.257467	I:	D:
37511	39346	-	2	1.240242	I:	D:
39343	43302	-	1	1.234256	I:	D:
43488	43880	-	3	1.330421	I:	D:
44146	47343	-	1	1.265573	I:	D:
47350	48633	-	1	1.229599	I:	D:
48710	49615	-	2	1.247471	I:	D:
50026	51201	-	1	1.258280	I:	D:
51288	52103	+	3	1.301022	I:	D:
52114	52830	-	1	1.298961	I:	D:
52898	53491	-	2	1.211947	I:	D:
>Y8.M060_151
74	802	-	2	1.425591	I:	D:
1018	6096	+	1	1.249283	I:	D:
6892	7836	+	1	1.340486	I:	D:
7840	10368	+	1	1.400384	I:	D:
10526	11596	+	2	1.345795	I:	D:
11610	13136	-	3	1.229117	I:	D:
13593	14303	+	3	1.244286	I:	D:
14428	15522	+	1	1.211474	I:	D:
16323	18443	-	3	1.203976	I:	D:
18464	18874	-	2	1.259475	I:	D:
18892	19227	-	1	1.247593	I:	D:
19817	20683	+	2	1.235783	I:	D:
20860	21681	+	1	1.218614	I:	D:
21961	22770	+	1	1.149671	I:	D:
22859	23839	+	2	1.179654	I:	D:
23912	25708	+	2	1.212091	I:	D:
26033	26461	-	2	1.214759	I:	D:
26616	28790	-	3	1.177247	I:	D:
28815	28958	-	3	1.298774	I:	D:
29105	29677	-	2	1.267994	I:	D:
29800	30411	+	1	1.172385	I:	D:
30473	31801	-	2	1.332352	I:	D:
31798	35319	-	1	1.250335	I:	D:
35319	36149	-	3	1.291003	I:	D:
36130	37647	-	1	1.264032	I:	D:
37872	38678	+	3	1.175059	I:	D:
38980	39330	+	1	1.237819	I:	D:
39327	40316	+	3	1.276467	I:	D:
40313	41089	+	2	1.223407	I:	D:
41152	41520	-	1	1.388978	I:	D:
43906	44037	+	1	1.349379	I:	D:
44062	44190	+	1	1.261694	I:	D:
44314	44538	+	1	1.360356	I:	D:
46187	46429	-	2	1.313224	I:	D:
46764	48188	-	3	1.182180	I:	D:
48854	50281	+	2	1.153861	I:	D:
50448	51485	+	3	1.288084	I:	D:
51656	51889	-	2	1.126771	I:	D:
>Y8.M060_152
2	349	+	2	1.118768	I:	D:
350	1921	-	2	1.201083	I:	D:
2104	2673	-	1	1.205592	I:	D:
2670	3170	-	3	1.201490	I:	D:
3170	5884	-	2	1.213541	I:	D:
5881	6777	-	1	1.166872	I:	D:
7146	8078	+	3	1.214723	I:	D:
8078	10585	+	2	1.382145	I:	D:
10860	11924	+	3	1.287665	I:	D:
11978	14398	+	2	1.338308	I:	D:
14443	15117	-	1	1.186059	I:	D:
15159	16382	+	3	1.210851	I:	D:
17590	17757	-	1	1.337376	I:	D:
17787	18110	-	3	1.261624	I:	D:
18107	18580	-	2	1.213007	I:	D:
18577	18987	-	1	1.242314	I:	D:
19024	19527	-	1	1.410767	I:	D:
20540	21112	-	2	1.195677	I:	D:
21165	23237	-	3	1.175144	I:	D:
23433	24242	-	3	1.195122	I:	D:
25734	25937	-	3	1.325820	I:	D:
28243	29673	+	1	1.264044	I:	D:
31954	32526	-	1	1.246663	I:	D:
32519	34336	-	2	1.231610	I:	D:
34333	36255	-	1	1.210724	I:	D:
36252	38351	-	3	1.253166	I:	D:
39387	41054	+	3	1.373084	I:	D:
41343	42080	+	3	1.289170	I:	D:
44507	44656	-	2	1.292968	I:	D:
44882	46240	-	2	1.256659	I:	D:
46419	46649	-	3	1.185200	I:	D:
>Y8.M060_153
1	216	+	1	1.117535	I:	D:
227	1444	+	2	1.190429	I:	D:
1583	3091	+	2	1.153529	I:	D:
3135	4445	-	3	1.282946	I:	D:
4835	7624	+	2	1.316571	I:	D:
8016	8528	+	3	1.327286	I:	D:
8553	9128	+	3	1.371829	I:	D:
9193	10404	+	1	1.375927	I:	D:
10397	11713	+	2	1.386719	I:	D:
12771	12908	-	3	1.295272	I:	D:
13426	14415	-	1	1.183675	I:	D:
14526	16082	-	3	1.208136	I:	D:
16336	17463	+	1	1.174253	I:	D:
17586	18776	+	3	1.150874	I:	D:
19563	20321	-	3	1.243289	I:	D:
20876	22396	+	2	1.254294	I:	D:
22492	23292	+	1	1.268494	I:	D:
23699	25693	-	2	1.241776	I:	D:
25690	26817	-	1	1.195478	I:	D:
26814	28316	-	3	1.188280	I:	D:
28313	30010	-	2	1.180740	I:	D:
30012	31433	-	3	1.161161	I:	D:
30441	31421	+	3	1.264427	I:	D:
31430	31906	-	2	1.274897	I:	D:
31903	32610	-	1	1.184519	I:	D:
32923	34869	-	1	1.345565	I:	D:
34862	35452	-	2	1.264662	I:	D:
35752	36609	-	1	1.227332	I:	D:
36851	39166	-	2	1.254342	I:	D:
39902	40102	-	2	1.239359	I:	D:
40148	40984	-	2	1.318120	I:	D:
42271	42570	-	1	1.219856	I:	D:
43165	44160	+	1	1.248438	I:	D:
44322	44735	+	3	1.371903	I:	D:
>Y8.M060_154
2	1405	+	2	1.152323	I:	D:
1717	2205	+	1	1.170274	I:	D:
2202	2714	+	3	1.122215	I:	D:
2711	3157	+	2	1.154588	I:	D:
3342	3956	-	3	1.240360	I:	D:
5534	5686	+	2	1.332909	I:	D:
5899	6099	-	1	1.318037	I:	D:
6880	7083	+	1	1.288611	I:	D:
7314	8465	-	3	1.168593	I:	D:
8612	10459	-	2	1.171327	I:	D:
10521	12194	-	3	1.161717	I:	D:
12574	13035	-	1	1.219729	I:	D:
13874	16045	-	2	1.163589	I:	D:
16277	17287	-	2	1.147993	I:	D:
17284	18048	-	1	1.172344	I:	D:
18566	21064	-	2	1.217520	I:	D:
21409	22746	-	1	1.179167	I:	D:
23002	23766	+	1	1.181492	I:	D:
23883	24896	+	3	1.204479	I:	D:
24902	25798	-	2	1.220997	I:	D:
25838	29737	-	2	1.193423	I:	D:
29988	30443	-	3	1.301568	I:	D:
30763	30957	+	1	1.254659	I:	D:
31125	31517	-	3	1.262223	I:	D:
32043	32240	-	3	1.302918	I:	D:
35071	35427	-	1	1.213783	I:	D:
36802	37233	+	1	1.277528	I:	D:
37305	37718	+	3	1.277405	I:	D:
40417	41760	-	1	1.128698	I:	D:
>Y8.M060_155
1	471	-	1	1.247401	I:	D:
734	2575	+	2	1.176563	I:	D:
2684	2983	+	2	1.186357	I:	D:
3164	4516	+	2	1.224986	I:	D:
4617	6470	-	3	1.227414	I:	D:
6467	8278	-	2	1.192341	I:	D:
8533	9519	+	1	1.192665	I:	D:
9904	11223	+	1	1.178086	I:	D:
11365	12294	+	1	1.202757	I:	D:
12301	13155	+	1	1.188568	I:	D:
13308	13550	+	3	1.248427	I:	D:
13594	14085	-	1	1.223578	I:	D:
14095	15723	-	1	1.174551	I:	D:
15836	16045	+	2	1.290859	I:	D:
16213	17979	+	1	1.241475	I:	D:
17976	19025	+	3	1.221111	I:	D:
19193	20134	+	2	1.177372	I:	D:
20238	22604	-	3	1.188706	I:	D:
22914	23372	-	3	1.361589	I:	D:
25281	25451	-	3	1.323012	I:	D:
25835	26227	-	2	1.327849	I:	D:
27761	28006	-	2	1.320835	I:	D:
28316	28513	-	2	1.352024	I:	D:
28658	28822	-	2	1.339489	I:	D:
29279	29467	-	2	1.359952	I:	D:
31559	31894	-	2	1.387013	I:	D:
32218	33198	-	1	1.405584	I:	D:
33595	34332	-	1	1.369509	I:	D:
36016	36219	-	1	1.368692	I:	D:
36533	38782	-	2	1.203266	I:	D:
38857	40491	-	1	1.183483	I:	D:
40491	41675	-	3	1.211763	I:	D:
>Y8.M060_156
2	313	-	2	1.190357	I:	D:
410	1147	-	2	1.196245	I:	D:
1146	2480	+	3	1.161662	I:	D:
2483	2938	+	2	1.196211	I:	D:
2989	4059	-	1	1.162221	I:	D:
4194	5159	+	3	1.178631	I:	D:
5162	5728	-	2	1.186793	I:	D:
6109	7134	+	1	1.218011	I:	D:
7266	7853	+	3	1.210899	I:	D:
8012	9085	+	2	1.185580	I:	D:
9250	10875	+	1	1.214520	I:	D:
10890	11819	+	3	1.158749	I:	D:
11812	12771	+	1	1.178354	I:	D:
12768	14639	+	3	1.168350	I:	D:
14882	15841	+	2	1.192896	I:	D:
15845	16858	+	2	1.195373	I:	D:
16855	19062	+	1	1.166239	I:	D:
19157	20824	+	2	1.188561	I:	D:
20934	21593	+	3	1.140029	I:	D:
21669	22871	+	3	1.382119	I:	D:
23080	25002	+	1	1.150462	I:	D:
25017	27827	+	3	1.220005	I:	D:
28249	28599	+	1	1.248288	I:	D:
28659	29867	+	3	1.198815	I:	D:
29885	31075	-	2	1.265680	I:	D:
31387	32811	+	1	1.180025	I:	D:
33205	33642	-	1	1.349685	I:	D:
33519	34367	-	3	1.212775	I:	D:
34879	35997	-	1	1.395810	I:	D:
36138	36497	+	3	1.363364	I:	D:
36674	37501	+	2	1.138515	I:	D:
37627	38205	-	1	1.212021	I:	D:
>Y8.M060_157
222	1052	-	3	1.195425	I:	D:
1049	2299	-	2	1.145763	I:	D:
2502	3182	+	3	1.139086	I:	D:
3273	4010	-	3	1.210371	I:	D:
4274	4603	-	2	1.340219	I:	D:
5735	7153	+	2	1.246014	I:	D:
7173	8171	+	3	1.205516	I:	D:
8315	9979	-	2	1.217541	I:	D:
10010	11692	-	2	1.230041	I:	D:
11935	13521	-	1	1.231860	I:	D:
13666	14250	-	1	1.272129	I:	D:
14373	15584	-	3	1.142802	I:	D:
15620	16408	-	2	1.144619	I:	D:
16549	17166	-	1	1.257174	I:	D:
17271	17984	-	3	1.260200	I:	D:
17977	18804	-	1	1.203651	I:	D:
18801	19193	-	3	1.198725	I:	D:
19292	20545	-	2	1.227758	I:	D:
20665	21885	-	1	1.164981	I:	D:
21882	22610	-	3	1.190497	I:	D:
22618	23235	-	1	1.216292	I:	D:
23635	26553	-	1	1.161788	I:	D:
26775	28109	-	3	1.179708	I:	D:
28278	29630	-	3	1.210253	I:	D:
29922	30668	+	3	1.152699	I:	D:
30712	32370	+	1	1.166792	I:	D:
32498	33553	-	2	1.165622	I:	D:
33550	34890	-	1	1.210324	I:	D:
35145	36749	-	3	1.200732	I:	D:
36839	37705	-	2	1.225083	I:	D:
>Y8.M060_158
1	141	-	1	1.249129	I:	D:
262	987	-	1	1.182672	I:	D:
1239	2543	-	3	1.181546	I:	D:
2646	3317	+	3	1.178791	I:	D:
3719	4084	-	2	1.247391	I:	D:
4488	6458	+	3	1.245356	I:	D:
6603	7148	-	3	1.186920	I:	D:
7141	8214	+	1	1.144236	I:	D:
8263	9387	-	1	1.196933	I:	D:
9587	10768	-	2	1.225610	I:	D:
11209	12891	-	1	1.165257	I:	D:
13114	14142	-	1	1.239944	I:	D:
14342	14740	+	2	1.133063	I:	D:
15029	16048	+	2	1.272429	I:	D:
16098	17723	+	3	1.236191	I:	D:
17876	18766	+	2	1.166375	I:	D:
18996	19607	-	3	1.218794	I:	D:
19604	20164	-	2	1.259604	I:	D:
20453	20962	-	2	1.298310	I:	D:
21264	22187	+	3	1.327843	I:	D:
22262	23323	+	2	1.281233	I:	D:
23320	24426	+	1	1.263530	I:	D:
25344	27266	+	3	1.180887	I:	D:
28209	28406	-	3	1.226254	I:	D:
28833	31265	-	3	1.193214	I:	D:
31482	32414	-	3	1.169844	I:	D:
32790	33677	+	3	1.154011	I:	D:
33877	34560	+	1	1.143823	I:	D:
34573	35568	-	1	1.181060	I:	D:
>Y8.M060_159
3	1700	-	3	1.181915	I:	D:
1769	3796	-	2	1.176939	I:	D:
4123	4479	-	1	1.169598	I:	D:
4355	4729	+	2	1.273754	I:	D:
4793	6010	-	2	1.165654	I:	D:
6024	7259	-	3	1.189987	I:	D:
7879	9849	-	1	1.258378	I:	D:
10166	10303	+	2	1.254029	I:	D:
10305	10673	+	3	1.291284	I:	D:
10696	10980	+	1	1.312163	I:	D:
11074	12258	+	1	1.243623	I:	D:
12255	12920	+	3	1.231675	I:	D:
12923	13567	+	2	1.290935	I:	D:
13675	14577	+	1	1.351657	I:	D:
14577	16166	+	3	1.340829	I:	D:
20786	21733	-	2	1.348436	I:	D:
21742	23172	-	1	1.252239	I:	D:
23284	24720	-	1	1.214872	I:	D:
24970	25296	-	1	1.184867	I:	D:
25405	26331	-	1	1.202467	I:	D:
26417	30730	-	2	1.250280	I:	D:
30727	33114	-	1	1.213142	I:	D:
33180	33689	-	3	1.222616	I:	D:
33792	35258	+	3	1.162225	I:	D:
>Y8.M060_160
2077	2352	-	1	1.383549	I:	D:
2842	5763	+	1	1.166328	I:	D:
5981	6715	-	2	1.219799	I:	D:
6843	8402	-	3	1.261790	I:	D:
8324	9766	+	2	1.229190	I:	D:
9766	10683	+	1	1.261611	I:	D:
10689	11663	+	3	1.261999	I:	D:
11864	12277	-	2	1.217767	I:	D:
12279	12932	-	3	1.253874	I:	D:
13091	16024	+	2	1.163686	I:	D:
16597	18348	-	1	1.198987	I:	D:
18611	19477	-	2	1.183099	I:	D:
19474	20940	-	1	1.198045	I:	D:
21021	22703	+	3	1.198240	I:	D:
22696	23319	+	1	1.159030	I:	D:
23316	23813	+	3	1.181614	I:	D:
24032	24967	+	2	1.222571	I:	D:
25161	26108	+	3	1.155560	I:	D:
25864	26670	+	1	1.295322	I:	D:
26999	28318	-	2	1.200726	I:	D:
28469	29293	-	2	1.126320	I:	D:
29334	29816	+	3	1.157768	I:	D:
30036	30995	+	3	1.151461	I:	D:
31276	33147	-	1	1.181850	I:	D:
>Y8.M060_161
3	2672	-	3	1.209804	I:	D:
2849	3817	-	2	1.182185	I:	D:
3884	4486	-	2	1.316845	I:	D:
4544	5464	-	2	1.224331	I:	D:
5461	6255	-	1	1.269703	I:	D:
6500	7108	-	2	1.221497	I:	D:
7274	7570	-	2	1.330808	I:	D:
7583	8047	-	2	1.225530	I:	D:
8200	9015	-	1	1.303304	I:	D:
9045	10388	-	3	1.198872	I:	D:
10682	11917	-	2	1.269588	I:	D:
11914	13374	-	1	1.197576	I:	D:
13485	14744	-	3	1.209316	I:	D:
14728	16257	-	1	1.253682	I:	D:
16254	17813	-	3	1.186349	I:	D:
17916	19016	-	3	1.242957	I:	D:
19013	20386	-	2	1.220052	I:	D:
20449	22035	-	1	1.217144	I:	D:
22142	23941	-	2	1.203726	I:	D:
23948	24412	-	2	1.232881	I:	D:
24521	25648	-	2	1.221624	I:	D:
25902	26333	-	3	1.218983	I:	D:
26961	27377	-	3	1.353679	I:	D:
27443	28768	-	2	1.220490	I:	D:
28856	29683	+	2	1.218460	I:	D:
29757	30695	-	3	1.213853	I:	D:
31197	32840	+	3	1.210815	I:	D:
>Y8.M060_162
3	1592	-	3	1.176990	I:	D:
1639	1869	-	1	1.219181	I:	D:
2228	2623	+	2	1.284270	I:	D:
2660	2848	+	2	1.284211	I:	D:
2979	3353	+	3	1.270842	I:	D:
3624	4445	+	3	1.197124	I:	D:
4513	5247	+	1	1.191390	I:	D:
5438	5692	-	2	1.264315	I:	D:
5901	6176	-	3	1.254123	I:	D:
6341	6889	-	2	1.264475	I:	D:
6886	7143	-	1	1.258912	I:	D:
7332	7754	-	3	1.401742	I:	D:
8087	8347	-	2	1.308046	I:	D:
8465	9091	-	2	1.253152	I:	D:
9143	9766	-	2	1.222924	I:	D:
10699	11373	-	1	1.286214	I:	D:
11728	12153	-	1	1.212147	I:	D:
12413	12982	-	2	1.287978	I:	D:
12995	13654	-	2	1.318834	I:	D:
13467	13970	-	3	1.355183	I:	D:
14847	15182	+	3	1.249449	I:	D:
15554	15859	-	2	1.262704	I:	D:
15967	16425	-	1	1.247204	I:	D:
16629	18062	-	3	1.254063	I:	D:
18101	20323	-	2	1.250197	I:	D:
19426	20724	-	1	1.231253	I:	D:
20979	21401	+	3	1.270572	I:	D:
21556	21750	+	1	1.317098	I:	D:
21845	23197	-	2	1.346118	I:	D:
23194	24552	-	1	1.328015	I:	D:
24728	28804	+	2	1.253179	I:	D:
28925	30238	-	2	1.392759	I:	D:
30408	31847	-	3	1.351816	I:	D:
31937	32503	-	2	1.211511	I:	D:
>Y8.M060_163
2	859	+	2	1.201098	I:	D:
872	2395	+	2	1.234194	I:	D:
2471	2899	+	2	1.255242	I:	D:
2899	4227	+	1	1.220501	I:	D:
4335	5333	-	3	1.267301	I:	D:
5458	6045	+	1	1.214780	I:	D:
6042	6593	+	3	1.201660	I:	D:
6767	7357	+	2	1.202538	I:	D:
7357	8151	+	1	1.131375	I:	D:
8151	9209	+	3	1.219232	I:	D:
9304	9957	+	1	1.150513	I:	D:
10007	11980	-	2	1.187798	I:	D:
12115	14010	-	1	1.202870	I:	D:
14007	15764	-	3	1.224835	I:	D:
15831	16964	-	3	1.190644	I:	D:
16986	18551	-	3	1.205839	I:	D:
19236	22406	+	3	1.249669	I:	D:
22583	22903	+	2	1.204729	I:	D:
22973	23230	+	2	1.186761	I:	D:
23319	24926	+	3	1.193918	I:	D:
24940	26109	+	1	1.202684	I:	D:
26626	27921	+	1	1.205108	I:	D:
28005	28244	+	3	1.319240	I:	D:
28269	29045	-	3	1.236243	I:	D:
29391	30419	+	3	1.300830	I:	D:
30598	31281	+	1	1.304694	I:	D:
>Y8.M060_164
222	1004	+	3	1.294291	I:	D:
1005	1325	+	3	1.292858	I:	D:
1345	3411	+	1	1.262184	I:	D:
3408	4358	+	3	1.244718	I:	D:
4459	6585	+	1	1.332165	I:	D:
6633	7805	+	3	1.349893	I:	D:
7965	10154	+	3	1.357444	I:	D:
10151	11365	+	2	1.383151	I:	D:
11390	12211	+	2	1.330724	I:	D:
13656	14795	+	3	1.373337	I:	D:
14995	15246	-	1	1.314163	I:	D:
17743	18354	+	1	1.410944	I:	D:
18469	19452	-	1	1.239876	I:	D:
19482	20474	-	3	1.266405	I:	D:
20527	21912	-	1	1.197610	I:	D:
21975	22925	-	3	1.218667	I:	D:
23040	23951	-	3	1.160152	I:	D:
24034	25059	+	1	1.178564	I:	D:
25510	25662	-	1	1.247977	I:	D:
25747	25896	-	1	1.310645	I:	D:
25450	26286	+	1	1.321690	I:	D:
26461	26967	-	1	1.238919	I:	D:
27156	27584	-	3	1.128690	I:	D:
27584	28015	-	2	1.286963	I:	D:
28025	28165	-	2	1.286957	I:	D:
28244	29476	-	2	1.183072	I:	D:
29476	30222	-	1	1.182597	I:	D:
>Y8.M060_165
193	933	+	1	1.259249	I:	D:
1204	1416	+	1	1.380009	I:	D:
1612	1890	-	1	1.307424	I:	D:
1785	2819	-	3	1.295551	I:	D:
2935	3618	-	1	1.238855	I:	D:
3615	4997	-	3	1.267595	I:	D:
5457	6677	-	3	1.230499	I:	D:
6989	8104	+	2	1.165416	I:	D:
8168	8431	+	2	1.153454	I:	D:
>Y8.M060_166
3	476	-	3	1.177349	I:	D:
682	3264	-	1	1.171968	I:	D:
3268	4107	-	1	1.186157	I:	D:
4407	6779	+	3	1.262921	I:	D:
6863	8182	-	2	1.208533	I:	D:
>Y8.M060_167
3	752	-	3	1.161723	I:	D:
579	2504	+	3	1.234655	I:	D:
2551	3942	+	1	1.218989	I:	D:
4023	4661	+	3	1.184127	I:	D:
4658	5707	+	2	1.238594	I:	D:
5717	6475	+	2	1.199900	I:	D:
6501	7106	+	3	1.203506	I:	D:
7495	8247	+	1	1.240829	I:	D:
>Y8.M060_168
1	318	-	1	1.268143	I:	D:
489	1361	-	3	1.225334	I:	D:
1484	2716	-	2	1.225672	I:	D:
2764	3885	+	1	1.195822	I:	D:
4032	4961	+	3	1.245345	I:	D:
5135	6592	+	2	1.363783	I:	D:
6675	7688	-	3	1.177135	I:	D:
7752	8174	+	3	1.203198	I:	D:
>Y8.M060_169
1	171	-	1	1.143460	I:	D:
168	1364	-	3	1.211763	I:	D:
1448	1915	-	2	1.218813	I:	D:
2092	2751	+	1	1.202497	I:	D:
2865	4040	+	3	1.182799	I:	D:
4558	5013	-	1	1.198416	I:	D:
5428	6840	-	1	1.188015	I:	D:
6882	8096	-	3	1.222383	I:	D:
>Y8.M060_170
3	137	+	3	1.231843	I:	D:
412	639	+	1	1.351025	I:	D:
702	1091	-	3	1.355686	I:	D:
1179	1670	-	3	1.323513	I:	D:
1731	2936	+	3	1.256109	I:	D:
2933	3766	+	2	1.207386	I:	D:
3783	7001	-	3	1.199475	I:	D:
7077	7538	-	3	1.363729	I:	D:
7535	7921	-	2	1.405383	I:	D:
>Y8.M060_171
1	1050	+	1	1.201517	I:	D:
1210	3126	+	1	1.185353	I:	D:
3202	4983	+	1	1.199781	I:	D:
5023	5469	-	1	1.194259	I:	D:
5492	6388	-	2	1.192458	I:	D:
6702	7448	+	3	1.185778	I:	D:
7488	7949	-	3	1.154426	I:	D:
>Y8.M060_172
1866	4073	-	3	1.228197	I:	D:
4127	5047	+	2	1.180826	I:	D:
5092	5694	+	1	1.172627	I:	D:
5830	6915	-	1	1.243218	I:	D:
7174	7869	+	1	1.175411	I:	D:
>Y8.M060_173
3	728	+	3	1.146722	I:	D:
819	1421	+	3	1.180474	I:	D:
1557	2294	-	3	1.162904	I:	D:
2276	4024	-	2	1.243369	I:	D:
4062	4922	-	3	1.242489	I:	D:
4996	5952	-	1	1.167913	I:	D:
6387	7361	+	3	1.205168	I:	D:
7581	7790	+	3	1.121766	I:	D:
>Y8.M060_174
3	749	+	3	1.243036	I:	D:
1078	2304	+	1	1.139015	I:	D:
2313	3677	-	3	1.139087	I:	D:
3986	5338	+	2	1.203809	I:	D:
5663	6109	+	2	1.180898	I:	D:
6261	7076	-	3	1.166086	I:	D:
7199	7774	-	2	1.205170	I:	D:
>Y8.M060_175
2	955	+	2	1.229304	I:	D:
955	2904	+	1	1.247910	I:	D:
2959	3531	-	1	1.262680	I:	D:
3532	5547	+	1	1.233499	I:	D:
5786	7159	+	2	1.187199	I:	D:
7190	7657	+	2	1.256116	I:	D:
>Y8.M060_176
3	374	+	3	1.199528	I:	D:
494	1453	-	2	1.346953	I:	D:
1582	1968	+	1	1.365347	I:	D:
2227	3639	-	1	1.382147	I:	D:
4244	5593	-	2	1.182977	I:	D:
5883	7529	-	3	1.185961	I:	D:
>Y8.M060_177
2	1351	-	2	1.247253	I:	D:
1766	2071	+	2	1.286080	I:	D:
2068	3609	+	1	1.198778	I:	D:
3606	5102	+	3	1.193325	I:	D:
5429	6817	+	2	1.213182	I:	D:
6939	7199	-	3	1.242177	I:	D:
>Y8.M060_178
228	755	+	3	1.227280	I:	D:
856	1398	-	1	1.278015	I:	D:
1531	2784	-	1	1.237421	I:	D:
2793	3044	-	3	1.194432	I:	D:
3307	4734	-	1	1.249106	I:	D:
4771	6249	+	1	1.318239	I:	D:
6348	6989	-	3	1.289346	I:	D:
7218	7544	-	3	1.206445	I:	D:
>Y8.M060_179
1	960	+	1	1.188188	I:	D:
1032	1334	+	3	1.209365	I:	D:
1345	2154	-	1	1.224962	I:	D:
2166	4496	-	3	1.252684	I:	D:
4777	5802	+	1	1.211816	I:	D:
6022	6291	+	1	1.226214	I:	D:
6835	7431	+	1	1.204170	I:	D:
>Y8.M060_180
3	1172	-	3	1.163875	I:	D:
1282	2061	-	1	1.275915	I:	D:
2275	2502	+	1	1.187607	I:	D:
2724	3134	+	3	1.297374	I:	D:
3182	4084	-	2	1.263018	I:	D:
4287	5114	-	3	1.294518	I:	D:
5111	5773	-	2	1.225841	I:	D:
5770	6669	-	1	1.263707	I:	D:
6798	7388	-	3	1.194134	I:	D:
>Y8.M060_181
1	411	-	1	1.189348	I:	D:
509	1696	-	2	1.189948	I:	D:
2044	3273	+	1	1.172645	I:	D:
3330	4064	-	3	1.202565	I:	D:
4186	5007	+	1	1.205418	I:	D:
4934	5581	+	2	1.297424	I:	D:
5642	6943	+	2	1.231591	I:	D:
7090	7335	+	1	1.134315	I:	D:
>Y8.M060_182
2	1423	+	2	1.170163	I:	D:
1911	3722	+	3	1.240240	I:	D:
3980	4147	+	2	1.322162	I:	D:
4413	5741	+	3	1.189557	I:	D:
5743	6645	+	1	1.194533	I:	D:
>Y8.M060_183
3	821	-	3	1.166598	I:	D:
979	2256	-	1	1.189237	I:	D:
2438	4141	-	2	1.238021	I:	D:
4214	5083	-	2	1.199966	I:	D:
5380	6354	-	1	1.185934	I:	D:
6452	7192	-	2	1.216424	I:	D:
>Y8.M060_184
3	3329	-	3	1.194349	I:	D:
3979	5478	-	1	1.403679	I:	D:
6094	7158	+	1	1.148323	I:	D:
>Y8.M060_185
8	571	-	2	1.217236	I:	D:
989	1501	-	2	1.180536	I:	D:
1501	1830	-	1	1.215492	I:	D:
1996	3438	+	1	1.198311	I:	D:
3539	4009	+	2	1.200372	I:	D:
4006	4977	+	1	1.180672	I:	D:
5101	6237	+	1	1.181775	I:	D:
6384	7085	-	3	1.165500	I:	D:
>Y8.M060_186
58	1089	-	1	1.208202	I:	D:
1099	1611	-	1	1.225128	I:	D:
1617	3401	-	3	1.241216	I:	D:
3688	5460	+	1	1.238927	I:	D:
5565	6878	-	3	1.294503	I:	D:
>Y8.M060_187
238	1212	-	1	1.347368	I:	D:
1018	1248	+	1	1.302743	I:	D:
1591	2211	-	1	1.262458	I:	D:
2297	4564	+	2	1.283162	I:	D:
4628	6667	-	2	1.333202	I:	D:
6464	7009	+	2	1.238619	I:	D:
>Y8.M060_188
3	1901	+	3	1.286548	I:	D:
1898	3004	+	2	1.285058	I:	D:
3191	4285	+	2	1.238533	I:	D:
4290	5156	+	3	1.233067	I:	D:
5237	6463	+	2	1.249830	I:	D:
6492	6935	-	3	1.246146	I:	D:
>Y8.M060_189
39	242	+	3	1.229312	I:	D:
286	534	-	1	1.352152	I:	D:
603	1412	-	3	1.203285	I:	D:
1502	2335	-	2	1.183844	I:	D:
2373	3152	-	3	1.203279	I:	D:
3873	6386	-	3	1.212334	I:	D:
6565	6801	+	1	1.256378	I:	D:
>Y8.M060_190
1	1029	-	1	1.235890	I:	D:
1183	2052	-	1	1.267371	I:	D:
2460	2840	+	3	1.166581	I:	D:
2979	3920	+	3	1.161895	I:	D:
4147	5751	-	1	1.154393	I:	D:
6085	6801	-	1	1.167372	I:	D:
>Y8.M060_191
1212	2600	-	3	1.387390	I:	D:
2605	2952	-	1	1.316905	I:	D:
3274	4728	+	1	1.159902	I:	D:
4918	6618	+	1	1.287823	I:	D:
6633	6779	+	3	1.330658	I:	D:
>Y8.M060_192
2	421	+	2	1.307847	I:	D:
1754	2284	+	2	1.240781	I:	D:
2315	3244	+	2	1.239489	I:	D:
3440	4453	+	2	1.238308	I:	D:
4497	5747	-	3	1.242646	I:	D:
5788	6738	-	1	1.199921	I:	D:
>Y8.M060_193
3	386	-	3	1.221739	I:	D:
527	1273	-	2	1.169956	I:	D:
1273	2166	-	1	1.229873	I:	D:
2315	2932	-	2	1.193295	I:	D:
3088	3432	-	1	1.347475	I:	D:
3423	3638	-	3	1.357718	I:	D:
3847	4575	-	1	1.186463	I:	D:
3868	5535	+	1	1.180840	I:	D:
5576	6700	-	2	1.191172	I:	D:
>Y8.M060_194
1	1365	+	1	1.200752	I:	D:
1367	2242	+	2	1.178731	I:	D:
2511	3983	+	3	1.278008	I:	D:
4239	5627	+	3	1.277827	I:	D:
5791	6372	+	1	1.214614	I:	D:
>Y8.M060_195
1	417	-	1	1.152215	I:	D:
801	2414	+	3	1.260862	I:	D:
2689	4467	+	1	1.183784	I:	D:
4471	5181	+	1	1.218947	I:	D:
5296	6384	+	1	1.165950	I:	D:
6394	6636	+	1	1.221435	I:	D:
>Y8.M060_196
1	294	+	1	1.200657	I:	D:
356	1801	+	2	1.198859	I:	D:
2836	3165	-	1	1.292334	I:	D:
3222	3740	-	3	1.269897	I:	D:
4303	5010	+	1	1.241463	I:	D:
5436	6629	+	3	1.187142	I:	D:
>Y8.M060_197
2	1390	+	2	1.155441	I:	D:
1421	2410	-	2	1.229784	I:	D:
2579	4375	-	2	1.220834	I:	D:
4065	5627	+	3	1.183607	I:	D:
5691	6284	-	3	1.193636	I:	D:
>Y8.M060_198
1	543	+	1	1.266439	I:	D:
536	2530	+	2	1.334353	I:	D:
2754	3656	+	3	1.226099	I:	D:
3703	4437	+	1	1.220567	I:	D:
4472	5443	-	2	1.277182	I:	D:
5849	6553	-	2	1.313178	I:	D:
>Y8.M060_199
1	612	-	1	1.215785	I:	D:
653	1654	-	2	1.208906	I:	D:
1657	2163	-	1	1.244857	I:	D:
2379	4445	+	3	1.224407	I:	D:
4690	5616	+	1	1.195743	I:	D:
5774	6478	+	2	1.261151	I:	D:
>Y8.M060_200
1	216	+	1	1.115587	I:	D:
213	893	+	3	1.174037	I:	D:
890	1570	+	2	1.209775	I:	D:
1567	2574	+	1	1.187273	I:	D:
2732	3355	+	2	1.230479	I:	D:
3481	3888	+	1	1.327638	I:	D:
3929	4519	-	2	1.235877	I:	D:
4516	5409	-	1	1.193061	I:	D:
5406	6104	-	3	1.237134	I:	D:
6180	6440	-	3	1.166812	I:	D:
>Y8.M060_201
2	613	+	2	1.302165	I:	D:
2102	3169	-	2	1.179803	I:	D:
3225	4493	-	3	1.320914	I:	D:
4612	5118	-	1	1.215129	I:	D:
5135	6412	-	2	1.168536	I:	D:
>Y8.M060_202
3	212	-	3	1.267130	I:	D:
240	434	-	3	1.171973	I:	D:
558	1157	-	3	1.214181	I:	D:
1521	3131	-	3	1.242819	I:	D:
3128	3799	-	2	1.238947	I:	D:
4100	4300	+	2	1.252138	I:	D:
4323	5150	-	3	1.198339	I:	D:
5311	6063	-	1	1.241065	I:	D:
6104	6382	-	2	1.226471	I:	D:
>Y8.M060_203
2	829	+	2	1.257467	I:	D:
880	1758	+	1	1.245127	I:	D:
1773	2987	+	3	1.306205	I:	D:
2984	3595	+	2	1.218775	I:	D:
3610	5313	-	1	1.171745	I:	D:
5686	6297	+	1	1.233374	I:	D:
>Y8.M060_204
1	786	+	1	1.207253	I:	D:
795	2189	+	3	1.242334	I:	D:
2257	3984	-	1	1.208377	I:	D:
4050	4421	-	3	1.189049	I:	D:
4547	5788	-	2	1.199731	I:	D:
6056	6277	-	2	1.263547	I:	D:
>Y8.M060_205
1	522	-	1	1.126973	I:	D:
1082	2014	+	2	1.169758	I:	D:
2138	3349	+	2	1.150955	I:	D:
3410	4825	-	2	1.138566	I:	D:
5042	6277	-	2	1.171937	I:	D:
>Y8.M060_206
1	972	+	1	1.244205	I:	D:
1003	1710	-	1	1.186848	I:	D:
1714	2520	-	1	1.191232	I:	D:
2673	2966	+	3	1.214304	I:	D:
3025	3681	+	1	1.423115	I:	D:
3952	4512	+	1	1.322348	I:	D:
4596	5948	-	3	1.259244	I:	D:
>Y8.M060_207
54	899	-	3	1.339872	I:	D:
928	2337	-	1	1.340802	I:	D:
2433	2972	-	3	1.187549	I:	D:
3000	3287	-	3	1.160759	I:	D:
3540	6059	-	3	1.251896	I:	D:
>Y8.M060_208
3	638	-	3	1.287476	I:	D:
696	1271	-	3	1.304242	I:	D:
1458	3119	-	3	1.163185	I:	D:
3293	4435	-	2	1.238238	I:	D:
4624	5910	+	1	1.215381	I:	D:
>Y8.M060_209
2	220	+	2	1.178771	I:	D:
231	1757	+	3	1.210648	I:	D:
1804	2406	-	1	1.267741	I:	D:
2508	4238	-	3	1.252678	I:	D:
3567	4622	+	3	1.220976	I:	D:
4665	5273	-	3	1.236580	I:	D:
5315	5845	+	2	1.191186	I:	D:
>Y8.M060_210
208	414	+	1	1.355459	I:	D:
521	706	+	2	1.291248	I:	D:
908	1663	-	2	1.221895	I:	D:
1676	3982	-	2	1.277357	I:	D:
4295	5374	-	2	1.185962	I:	D:
>Y8.M060_211
3	830	+	3	1.115644	I:	D:
827	1723	+	2	1.142740	I:	D:
1910	3508	+	2	1.195536	I:	D:
3615	5525	-	3	1.221421	I:	D:
>Y8.M060_212
1	369	+	1	1.184068	I:	D:
366	872	+	3	1.279408	I:	D:
948	1304	-	3	1.214751	I:	D:
1377	2288	+	3	1.216818	I:	D:
2389	3510	+	1	1.188565	I:	D:
4532	5083	-	2	1.290866	I:	D:
5308	5550	+	1	1.224554	I:	D:
>Y8.M060_213
3	1781	-	3	1.166561	I:	D:
2027	2695	+	2	1.209895	I:	D:
2743	3309	-	1	1.207483	I:	D:
3458	4561	+	2	1.241492	I:	D:
4590	5543	-	3	1.173702	I:	D:
>Y8.M060_214
3	635	-	3	1.222722	I:	D:
760	1278	+	1	1.229450	I:	D:
1473	2513	+	3	1.215326	I:	D:
2680	2979	-	1	1.248835	I:	D:
3125	5539	+	2	1.212090	I:	D:
>Y8.M060_215
1	2385	-	1	1.256114	I:	D:
2705	4351	-	2	1.187373	I:	D:
5244	5390	-	3	1.128769	I:	D:
>Y8.M060_216
285	1100	+	3	1.232726	I:	D:
1177	1572	+	1	1.196046	I:	D:
1592	1987	-	2	1.187202	I:	D:
2046	2522	-	3	1.218805	I:	D:
2525	3877	-	2	1.185689	I:	D:
4039	4788	-	1	1.176287	I:	D:
4857	5315	-	3	1.145571	I:	D:
>Y8.M060_217
3	149	-	3	1.281505	I:	D:
146	934	-	2	1.251597	I:	D:
1033	1788	-	1	1.281860	I:	D:
1785	3173	-	3	1.238037	I:	D:
3166	4338	-	1	1.231016	I:	D:
4505	5284	+	2	1.188852	I:	D:
>Y8.M060_218
2	916	-	2	1.286316	I:	D:
961	2646	+	1	1.216101	I:	D:
2740	3600	+	1	1.252728	I:	D:
3931	5247	+	1	1.230788	I:	D:
>Y8.M060_219
48	830	+	3	1.135513	I:	D:
936	2567	+	3	1.167403	I:	D:
2569	3516	+	1	1.190691	I:	D:
3610	5046	+	1	1.162596	I:	D:
>Y8.M060_220
1	249	+	1	1.171991	I:	D:
328	777	+	1	1.222261	I:	D:
859	1224	+	1	1.223986	I:	D:
2156	2314	-	2	1.262566	I:	D:
2324	2641	+	2	1.197807	I:	D:
2890	4329	-	1	1.284375	I:	D:
4332	4697	+	3	1.348937	I:	D:
4804	5154	+	1	1.195782	I:	D:
>Y8.M060_221
408	1769	-	3	1.151478	I:	D:
2084	2578	-	2	1.204491	I:	D:
2622	3065	-	3	1.235020	I:	D:
3324	4223	-	3	1.169086	I:	D:
4273	4827	+	1	1.160812	I:	D:
>Y8.M060_222
2	1225	-	2	1.204819	I:	D:
1222	2232	-	1	1.173143	I:	D:
2311	3135	-	1	1.227049	I:	D:
3210	4745	-	3	1.169217	I:	D:
>Y8.M060_223
242	679	-	2	1.195814	I:	D:
676	1431	-	1	1.213000	I:	D:
1701	2189	+	3	1.144829	I:	D:
2411	4687	+	2	1.152714	I:	D:
>Y8.M060_224
1	1362	+	1	1.179147	I:	D:
1433	2833	+	2	1.200433	I:	D:
2892	4673	-	3	1.150460	I:	D:
>Y8.M060_225
1	336	-	1	1.184231	I:	D:
904	1254	-	1	1.279966	I:	D:
1746	3125	-	3	1.135113	I:	D:
3170	4237	+	2	1.198730	I:	D:
4474	4635	+	1	1.204016	I:	D:
>Y8.M060_226
2	1636	+	2	1.261940	I:	D:
2208	2504	-	3	1.247954	I:	D:
2567	2785	+	2	1.340351	I:	D:
3042	4133	-	3	1.377771	I:	D:
4418	4579	-	2	1.314010	I:	D:
>Y8.M060_227
2	214	-	2	1.249558	I:	D:
402	1886	-	3	1.221980	I:	D:
1944	2999	-	3	1.217055	I:	D:
3050	3766	-	2	1.199547	I:	D:
3798	4517	-	3	1.218259	I:	D:
>Y8.M060_228
2	1531	+	2	1.209148	I:	D:
3105	3722	+	3	1.175130	I:	D:
3743	4267	+	2	1.256981	I:	D:
>Y8.M060_229
2	1366	+	2	1.216540	I:	D:
1436	2269	-	2	1.173874	I:	D:
2316	2621	+	3	1.219660	I:	D:
2635	2856	+	1	1.225058	I:	D:
2951	4060	-	2	1.213354	I:	D:
>Y8.M060_230
1	696	-	1	1.211656	I:	D:
1074	2885	+	3	1.131027	I:	D:
3057	3797	+	3	1.161037	I:	D:
3859	4266	+	1	1.202110	I:	D:
>Y8.M060_231
1	906	-	1	1.228260	I:	D:
954	2783	-	3	1.187798	I:	D:
3156	4193	+	3	1.252262	I:	D:
>Y8.M060_232
200	1636	+	2	1.194115	I:	D:
1871	3700	+	2	1.225850	I:	D:
3803	3982	+	2	1.244107	I:	D:
>Y8.M060_233
1	3213	+	1	1.236840	I:	D:
>Y8.M060_234
52	1485	-	1	1.251352	I:	D:
1552	2778	+	1	1.262151	I:	D:
2891	3856	+	2	1.284310	I:	D:
>Y8.M060_235
1	2124	+	1	1.194933	I:	D:
2137	3411	-	1	1.179567	I:	D:
3408	3803	-	3	1.158070	I:	D:
>Y8.M060_236
3	1130	+	3	1.279689	I:	D:
1288	2202	-	1	1.245148	I:	D:
2278	3198	-	1	1.220609	I:	D:
>Y8.M060_237
29	1717	+	2	1.267116	I:	D:
1784	2203	+	2	1.252074	I:	D:
2200	2841	+	1	1.255480	I:	D:
3205	3432	+	1	1.350099	I:	D:
>Y8.M060_238
3	782	-	3	1.221383	I:	D:
1052	2989	+	2	1.175605	I:	D:
3111	3344	-	3	1.140558	I:	D:
>Y8.M060_239
1	387	+	1	1.274733	I:	D:
597	1877	+	3	1.270328	I:	D:
1879	2811	-	1	1.203160	I:	D:
2935	3201	-	1	1.180960	I:	D:
>Y8.M060_240
303	1559	-	3	1.190865	I:	D:
1717	2166	+	1	1.377707	I:	D:
2395	2805	-	1	1.387444	I:	D:
2855	3172	+	2	1.343550	I:	D:
>Y8.M060_241
1	225	+	1	1.249859	I:	D:
281	1159	-	2	1.241008	I:	D:
1226	1966	-	2	1.210913	I:	D:
2104	3153	-	1	1.193624	I:	D:
>Y8.M060_242
3	1070	-	3	1.175623	I:	D:
1256	3100	-	2	1.145846	I:	D:
>Y8.M060_243
309	2393	+	3	1.276132	I:	D:
2393	2998	+	2	1.229337	I:	D:
>Y8.M060_244
2	514	+	2	1.228094	I:	D:
516	770	+	3	1.309554	I:	D:
968	1123	+	2	1.284847	I:	D:
1248	1511	-	3	1.221169	I:	D:
1718	1879	+	2	1.252571	I:	D:
>Y8.M060_245
1	1755	-	1	1.239549	I:	D:
1634	2605	-	2	1.237821	I:	D:
2655	2846	-	3	1.301674	I:	D:
>Y8.M060_246
642	1706	+	3	1.202163	I:	D:
1707	2018	+	3	1.218662	I:	D:
2152	2838	+	1	1.191574	I:	D:
>Y8.M060_247
13	1098	-	1	1.261663	I:	D:
1156	1779	-	1	1.268726	I:	D:
1824	2573	-	3	1.284443	I:	D:
2570	2704	-	2	1.268502	I:	D:
>Y8.M060_248
3	572	-	3	1.216800	I:	D:
689	1309	+	2	1.208309	I:	D:
1306	2571	+	1	1.267033	I:	D:
>Y8.M060_249
101	1321	+	2	1.232312	I:	D:
1517	2464	+	2	1.228953	I:	D:
>Y8.M060_250
369	1817	+	3	1.241201	I:	D:
>Y8.M060_251
2	697	+	2	1.225007	I:	D:
738	1406	+	3	1.180486	I:	D:
2111	2362	-	2	1.139495	I:	D:
>Y8.M060_252
2	517	+	2	1.301790	I:	D:
1085	1819	+	2	1.234773	I:	D:
1816	2118	+	1	1.202050	I:	D:
>Y8.M060_253
1	333	-	1	1.148279	I:	D:
346	2565	-	1	1.234860	I:	D:
2575	3420	-	1	1.164823	I:	D:
3436	4137	-	1	1.196928	I:	D:
4147	4383	-	1	1.171922	I:	D:
4401	4745	-	3	1.240370	I:	D:
4759	5007	-	1	1.273031	I:	D:
>Y8.M060_254
3	248	-	3	1.199857	I:	D:
896	1333	-	2	1.326802	I:	D:
1356	2417	-	3	1.310876	I:	D:
2500	3291	-	1	1.277642	I:	D:
3284	4252	-	2	1.243898	I:	D:
4249	5940	-	1	1.236620	I:	D:
6190	7665	+	1	1.197500	I:	D:
7738	9804	+	1	1.238789	I:	D:
>Y8.M060_255
286	1017	-	1	1.191054	I:	D:
1040	1378	-	2	1.325628	I:	D:
1410	3419	-	3	1.193547	I:	D:
3595	3729	-	1	1.363151	I:	D:
3980	4885	-	2	1.323042	I:	D:
5488	5670	+	1	1.104526	I:	D:
5811	7601	+	3	1.221194	I:	D:
7909	8037	-	1	1.236405	I:	D:
7987	9042	+	1	1.357710	I:	D:
>Y8.M060_256
2	187	-	2	1.323030	I:	D:
421	1074	+	1	1.219769	I:	D:
1253	3853	+	2	1.154611	I:	D:
4505	5878	+	2	1.194913	I:	D:
5956	8259	+	1	1.205420	I:	D:
8256	9293	+	3	1.210119	I:	D:
>Y8.M060_257
3	128	+	3	1.193993	I:	D:
359	859	+	2	1.171946	I:	D:
1063	1575	-	1	1.196678	I:	D:
1849	2541	-	1	1.269498	I:	D:
2662	3768	+	1	1.271657	I:	D:
3776	4003	+	2	1.288359	I:	D:
4000	4401	+	1	1.253824	I:	D:
4539	5849	-	3	1.194459	I:	D:
6083	6565	-	2	1.155810	I:	D:
7046	7750	-	2	1.261753	I:	D:
8296	8688	-	1	1.286260	I:	D:
8685	9074	-	3	1.317077	I:	D:
>Y8.M060_258
1	165	+	1	1.166745	I:	D:
1189	2490	+	1	1.306443	I:	D:
2533	2664	+	1	1.329232	I:	D:
2782	3015	+	1	1.354622	I:	D:
3463	5778	-	1	1.203424	I:	D:
5886	7235	-	3	1.278932	I:	D:
7533	8768	+	3	1.274169	I:	D:
>Y8.M060_259
1	684	-	1	1.224723	I:	D:
864	1691	-	3	1.175756	I:	D:
2007	2201	-	3	1.275260	I:	D:
2059	2769	+	1	1.165917	I:	D:
3102	3587	+	3	1.169607	I:	D:
3755	4471	+	2	1.200607	I:	D:
4624	5352	+	1	1.208451	I:	D:
5500	7434	-	1	1.168223	I:	D:
7579	8133	-	1	1.165457	I:	D:
8344	8955	-	1	1.158928	I:	D:
>Y8.M060_260
122	931	+	2	1.363682	I:	D:
2617	3639	-	1	1.200536	I:	D:
3636	4289	-	3	1.257113	I:	D:
4551	5399	+	3	1.170424	I:	D:
5473	6750	+	1	1.165934	I:	D:
6933	8000	+	3	1.196367	I:	D:
7997	8785	+	2	1.243443	I:	D:
>Y8.M060_261
26	1114	+	2	1.205734	I:	D:
1114	1773	+	1	1.251063	I:	D:
1803	3098	+	3	1.207359	I:	D:
3143	3568	+	2	1.139341	I:	D:
3576	4607	-	3	1.141811	I:	D:
4475	6001	-	2	1.244520	I:	D:
6364	7107	-	1	1.209495	I:	D:
6976	7128	+	1	1.231312	I:	D:
7300	8175	-	1	1.186822	I:	D:
8306	8878	-	2	1.227357	I:	D:
>Y8.M060_262
2	253	+	2	1.193032	I:	D:
421	1800	+	1	1.317161	I:	D:
1831	3180	+	1	1.293350	I:	D:
3253	4131	+	1	1.335097	I:	D:
4133	5044	+	2	1.337144	I:	D:
5085	6071	+	3	1.318018	I:	D:
6237	7241	+	3	1.257070	I:	D:
7351	8646	+	1	1.252534	I:	D:
8761	9678	+	1	1.234153	I:	D:
9680	10639	+	2	1.268572	I:	D:
10647	11183	+	3	1.280588	I:	D:
>Y8.M060_263
108	1817	-	3	1.294584	I:	D:
1854	3047	-	3	1.302603	I:	D:
3044	5056	-	2	1.354618	I:	D:
>Y8.M060_264
107	1027	+	2	1.260084	I:	D:
1218	3047	+	3	1.191535	I:	D:
3050	3376	+	2	1.225048	I:	D:
>Y8.M060_265
234	1064	-	3	1.312769	I:	D:
1176	1607	+	3	1.289053	I:	D:
1909	2823	+	1	1.176190	I:	D:
>Y8.M060_266
3	506	-	3	1.234699	I:	D:
954	2366	+	3	1.215173	I:	D:
2385	3038	+	3	1.210971	I:	D:
3039	3287	+	3	1.241684	I:	D:
>Y8.M060_267
1	369	+	1	1.184259	I:	D:
537	1745	-	3	1.261833	I:	D:
>Y8.M060_268
1	447	+	1	1.189763	I:	D:
570	1820	-	3	1.148770	I:	D:
1915	2760	-	1	1.172594	I:	D:
>Y8.M060_269
65	2614	+	2	1.221350	I:	D:
>Y8.M060_270
1	1350	-	1	1.221699	I:	D:
1448	2482	-	2	1.171677	I:	D:
>Y8.M060_271
128	937	-	2	1.198661	I:	D:
978	2420	-	3	1.177799	I:	D:
2413	3909	-	1	1.136575	I:	D:
4402	5697	+	1	1.161148	I:	D:
5698	7788	+	1	1.218527	I:	D:
7918	9246	+	1	1.161458	I:	D:
>Y8.M060_272
3	251	-	3	1.264590	I:	D:
464	2299	-	2	1.218379	I:	D:
2342	2800	-	2	1.160112	I:	D:
