>YB2_2826
3	296	+	3	1.386298	I:	D:
525	959	+	3	1.304693	I:	D:
931	2496	+	1	1.307992	I:	D:
2493	3431	+	3	1.328397	I:	D:
3742	3993	-	1	1.331284	I:	D:
4014	4253	-	3	1.391749	I:	D:
4490	4864	+	2	1.277177	I:	D:
4879	5832	+	1	1.249383	I:	D:
5890	7665	-	1	1.252320	I:	D:
7662	9401	-	3	1.245260	I:	D:
9609	10559	+	3	1.307942	I:	D:
10725	11825	+	3	1.277708	I:	D:
11887	13731	+	1	1.251571	I:	D:
13896	15434	+	3	1.382428	I:	D:
15461	16393	+	2	1.333512	I:	D:
16390	16815	+	1	1.330796	I:	D:
16875	17639	-	3	1.255890	I:	D:
17629	18393	-	1	1.248534	I:	D:
18505	19347	-	1	1.251915	I:	D:
19545	20120	-	3	1.267820	I:	D:
20670	21191	+	3	1.286244	I:	D:
21411	21983	+	3	1.286199	I:	D:
22329	22775	-	3	1.252251	I:	D:
22772	23563	-	2	1.268218	I:	D:
23647	24015	-	1	1.392960	I:	D:
24100	25020	+	1	1.279324	I:	D:
25171	26184	+	1	1.253738	I:	D:
26181	26837	+	3	1.246950	I:	D:
27066	28340	+	3	1.266232	I:	D:
28500	29432	+	3	1.277094	I:	D:
29433	29645	+	3	1.365488	I:	D:
29775	30359	-	3	1.268718	I:	D:
30356	31336	-	2	1.274091	I:	D:
31505	32185	-	2	1.259330	I:	D:
32404	33468	+	1	1.249574	I:	D:
33726	34487	+	3	1.252354	I:	D:
34484	35389	+	2	1.247140	I:	D:
35438	37363	+	2	1.254948	I:	D:
37728	39221	+	3	1.258039	I:	D:
39292	39981	-	1	1.268826	I:	D:
40374	42290	+	3	1.267091	I:	D:
42450	43823	+	3	1.253516	I:	D:
>YB2_6148
82	993	-	1	1.287895	I:	D:
1072	1872	-	1	1.290048	I:	D:
1887	2279	-	3	1.291321	I:	D:
>YB2_6998
1	519	+	1	1.275573	I:	D:
593	1909	+	2	1.272949	I:	D:
2101	3075	+	1	1.285854	I:	D:
3086	3397	+	2	1.320712	I:	D:
3413	4801	+	2	1.279496	I:	D:
5183	6589	+	2	1.252739	I:	D:
6664	7440	-	1	1.243092	I:	D:
7442	7876	-	2	1.269516	I:	D:
8059	8241	-	1	1.345702	I:	D:
8312	10657	-	2	1.240657	I:	D:
11077	12102	-	1	1.267128	I:	D:
12454	13527	-	1	1.267806	I:	D:
13925	14059	-	2	1.343923	I:	D:
14136	18080	-	3	1.236781	I:	D:
18494	19447	+	2	1.258100	I:	D:
19734	19901	+	3	1.357549	I:	D:
20043	20717	+	3	1.280852	I:	D:
20721	21578	+	3	1.252806	I:	D:
21619	22110	+	1	1.264831	I:	D:
22107	22874	+	3	1.236083	I:	D:
23328	25217	+	3	1.238595	I:	D:
25217	25570	+	2	1.259558	I:	D:
25670	26953	-	2	1.243808	I:	D:
27107	27625	+	2	1.267037	I:	D:
28045	28638	+	1	1.344773	I:	D:
28696	29661	-	1	1.235366	I:	D:
29673	30743	-	3	1.312644	I:	D:
30790	30972	+	1	1.375096	I:	D:
31207	32784	-	1	1.228084	I:	D:
32798	33097	-	2	1.362940	I:	D:
33452	33622	+	2	1.378357	I:	D:
>YB2_7884
1	582	+	1	1.233812	I:	D:
582	782	+	3	1.234684	I:	D:
1015	2010	+	1	1.265639	I:	D:
2088	2651	+	3	1.292997	I:	D:
2681	3607	+	2	1.270251	I:	D:
3604	4350	+	1	1.251536	I:	D:
4347	5057	+	3	1.288093	I:	D:
5259	6101	+	3	1.269301	I:	D:
6257	7498	-	2	1.224369	I:	D:
7622	8839	+	2	1.267963	I:	D:
9070	9837	+	1	1.260948	I:	D:
9855	10853	+	3	1.281680	I:	D:
10922	12880	+	2	1.242980	I:	D:
12934	13275	+	1	1.279145	I:	D:
13538	15355	+	2	1.247247	I:	D:
15370	16119	+	1	1.254846	I:	D:
16116	17321	+	3	1.240221	I:	D:
17380	19482	+	1	1.267974	I:	D:
19482	20261	+	3	1.303229	I:	D:
20728	21747	+	1	1.284341	I:	D:
21825	22775	-	3	1.244751	I:	D:
22880	23596	+	2	1.284094	I:	D:
24023	26686	+	2	1.246954	I:	D:
26814	27146	+	3	1.251118	I:	D:
27173	27712	+	2	1.241193	I:	D:
27719	29830	+	2	1.296714	I:	D:
29896	30924	+	1	1.268196	I:	D:
30921	31535	+	3	1.246735	I:	D:
31564	32076	-	1	1.271812	I:	D:
>YB2_8548
239	1750	-	2	1.249268	I:	D:
1770	2255	-	3	1.238070	I:	D:
2619	5414	-	3	1.341128	I:	D:
5916	7217	+	3	1.250200	I:	D:
7265	8110	-	2	1.278142	I:	D:
8238	9353	+	3	1.268444	I:	D:
9470	10369	-	2	1.254291	I:	D:
10382	11080	-	2	1.258913	I:	D:
11093	11311	-	2	1.307536	I:	D:
11360	11977	-	2	1.265450	I:	D:
12060	12434	-	3	1.381488	I:	D:
12433	12744	+	1	1.255872	I:	D:
12800	12967	-	2	1.290888	I:	D:
13472	13606	-	2	1.342151	I:	D:
13717	14598	-	1	1.265877	I:	D:
14765	16780	+	2	1.256341	I:	D:
16938	17753	+	3	1.282240	I:	D:
18000	19997	+	3	1.264595	I:	D:
20048	20317	+	2	1.282253	I:	D:
20905	21849	+	1	1.260276	I:	D:
22079	24772	+	2	1.305801	I:	D:
24990	28061	+	3	1.295048	I:	D:
28274	30106	-	2	1.275421	I:	D:
30110	30910	-	2	1.267753	I:	D:
>YB2_9528
423	905	-	3	1.283465	I:	D:
1056	3116	+	3	1.259641	I:	D:
3187	3879	-	1	1.296333	I:	D:
4055	5395	+	2	1.267519	I:	D:
5862	6320	+	3	1.275667	I:	D:
6369	6590	+	3	1.268124	I:	D:
6928	7470	+	1	1.247888	I:	D:
7467	8057	+	3	1.268047	I:	D:
8073	10682	+	3	1.274004	I:	D:
10786	12393	+	1	1.318289	I:	D:
12473	13318	+	2	1.249014	I:	D:
13305	14198	+	3	1.287733	I:	D:
14278	16611	-	1	1.263597	I:	D:
16706	16960	-	2	1.267472	I:	D:
17119	17958	-	1	1.275888	I:	D:
18067	19677	-	1	1.298343	I:	D:
19861	20394	+	1	1.371255	I:	D:
20713	21792	+	1	1.251953	I:	D:
22085	23080	-	2	1.262838	I:	D:
23289	24506	+	3	1.269702	I:	D:
24736	26121	-	1	1.273679	I:	D:
26952	27212	+	3	1.349664	I:	D:
27209	27430	+	2	1.334693	I:	D:
27441	28829	+	3	1.322111	I:	D:
>YB2_10424
263	1237	+	2	1.258630	I:	D:
1234	2106	+	1	1.244695	I:	D:
2122	3552	+	1	1.249501	I:	D:
3565	4548	+	1	1.273630	I:	D:
4828	5874	+	1	1.259977	I:	D:
5881	6699	+	1	1.257377	I:	D:
6699	7544	+	3	1.262839	I:	D:
7544	8776	+	2	1.259169	I:	D:
8840	9577	+	2	1.276173	I:	D:
9756	10043	+	3	1.337694	I:	D:
10298	10534	+	2	1.375096	I:	D:
10590	12104	+	3	1.268264	I:	D:
12329	13846	+	2	1.263564	I:	D:
14255	16531	+	2	1.253002	I:	D:
16533	17453	+	3	1.279368	I:	D:
17545	17808	+	1	1.248217	I:	D:
17949	20249	+	3	1.264969	I:	D:
20437	21426	+	1	1.274141	I:	D:
21757	22044	+	1	1.263667	I:	D:
22097	23731	+	2	1.242303	I:	D:
24020	24247	+	2	1.321232	I:	D:
24279	25046	+	3	1.419408	I:	D:
25118	25495	-	2	1.310518	I:	D:
25636	25827	-	1	1.360480	I:	D:
25940	26266	-	2	1.306087	I:	D:
26420	27592	+	2	1.298853	I:	D:
>YB2_11335
3	164	-	3	1.177398	I:	D:
165	1142	-	3	1.260688	I:	D:
1172	1564	-	2	1.239053	I:	D:
1734	2048	-	3	1.228245	I:	D:
>YB2_12258
540	1094	+	3	1.243014	I:	D:
1091	1780	+	2	1.274986	I:	D:
1804	2481	+	1	1.263234	I:	D:
2565	3146	-	3	1.265510	I:	D:
3442	4419	-	1	1.285259	I:	D:
4438	5436	-	1	1.329979	I:	D:
5464	6432	-	1	1.339882	I:	D:
6576	9158	-	3	1.227534	I:	D:
9351	11345	-	3	1.233575	I:	D:
11429	11686	-	2	1.278805	I:	D:
11769	12812	-	3	1.257008	I:	D:
12890	13105	-	2	1.219079	I:	D:
13118	14224	-	2	1.239029	I:	D:
14621	15943	-	2	1.241673	I:	D:
16300	16434	+	1	1.308349	I:	D:
16649	17059	+	2	1.255656	I:	D:
17056	17358	+	1	1.311738	I:	D:
17611	18684	+	1	1.246994	I:	D:
18702	19865	+	3	1.261009	I:	D:
20170	20301	+	1	1.299183	I:	D:
>YB2_12285
1	681	-	1	1.264731	I:	D:
685	1185	-	1	1.280721	I:	D:
1208	1468	-	2	1.270550	I:	D:
1925	3343	-	2	1.268665	I:	D:
3510	4637	-	3	1.260971	I:	D:
4631	5824	-	2	1.268046	I:	D:
5912	8074	-	2	1.267980	I:	D:
8381	9439	-	2	1.265135	I:	D:
9950	11623	+	2	1.275128	I:	D:
11642	12034	+	2	1.257913	I:	D:
12140	12535	+	2	1.258910	I:	D:
12550	12777	+	1	1.265514	I:	D:
12779	13030	+	2	1.225218	I:	D:
13463	15274	-	2	1.240428	I:	D:
15295	16497	-	1	1.260069	I:	D:
16501	17280	-	1	1.256113	I:	D:
17277	17846	-	3	1.256994	I:	D:
18157	18585	+	1	1.265231	I:	D:
18603	19001	+	3	1.276747	I:	D:
19035	19580	+	3	1.344599	I:	D:
>YB2_12603
3	398	+	3	1.320966	I:	D:
411	593	+	3	1.300657	I:	D:
593	934	+	2	1.288499	I:	D:
1998	2288	+	3	1.323448	I:	D:
2368	3783	+	1	1.315840	I:	D:
3958	4341	+	1	1.302989	I:	D:
4648	4848	-	1	1.339046	I:	D:
5055	6479	-	3	1.397123	I:	D:
6528	7286	-	3	1.372019	I:	D:
7270	8247	-	1	1.396556	I:	D:
8431	9111	+	1	1.363011	I:	D:
9074	10663	+	2	1.349952	I:	D:
11374	11829	-	1	1.360003	I:	D:
11833	12339	-	1	1.319220	I:	D:
12448	13332	-	1	1.372243	I:	D:
14020	14643	-	1	1.391687	I:	D:
15005	15313	-	2	1.390490	I:	D:
15380	15736	-	2	1.363209	I:	D:
15733	16551	-	1	1.361503	I:	D:
16566	18416	-	3	1.353290	I:	D:
18394	18903	-	1	1.364394	I:	D:
18887	19876	-	2	1.350556	I:	D:
20147	20488	+	2	1.379545	I:	D:
20643	22256	-	3	1.323948	I:	D:
22264	22656	-	1	1.307818	I:	D:
22677	24254	-	3	1.340173	I:	D:
24271	25944	-	1	1.311434	I:	D:
26182	26439	-	1	1.325055	I:	D:
26473	27309	-	1	1.309760	I:	D:
27306	28007	-	3	1.347666	I:	D:
28113	29774	-	3	1.331041	I:	D:
29746	30141	-	1	1.347882	I:	D:
31139	31525	+	2	1.308024	I:	D:
31566	31877	+	3	1.302369	I:	D:
31997	32791	-	2	1.373496	I:	D:
32794	33192	-	1	1.331272	I:	D:
33309	33638	-	3	1.302422	I:	D:
33713	34507	-	2	1.395191	I:	D:
34638	35540	-	3	1.313495	I:	D:
37153	37905	-	1	1.419719	I:	D:
39532	40512	-	1	1.414142	I:	D:
40493	40789	-	2	1.387547	I:	D:
41215	42492	-	1	1.418996	I:	D:
42497	43561	-	2	1.432228	I:	D:
43613	44824	-	2	1.418570	I:	D:
48054	49235	-	3	1.312783	I:	D:
50262	51479	-	3	1.332928	I:	D:
51483	52613	-	3	1.359453	I:	D:
52702	53100	-	1	1.380360	I:	D:
53604	54635	-	3	1.298870	I:	D:
54834	55619	-	3	1.285076	I:	D:
55619	56989	-	2	1.257022	I:	D:
57236	58240	+	2	1.278391	I:	D:
58294	59313	-	1	1.260954	I:	D:
59990	60865	+	2	1.268382	I:	D:
60929	61657	-	2	1.261685	I:	D:
61744	62394	+	1	1.268584	I:	D:
62466	63275	-	3	1.266747	I:	D:
63386	63631	+	2	1.358944	I:	D:
63649	65031	+	1	1.263057	I:	D:
65173	66792	+	1	1.284646	I:	D:
66813	67814	+	3	1.255275	I:	D:
67901	68488	+	2	1.257167	I:	D:
68555	69217	-	2	1.236238	I:	D:
69245	70588	-	2	1.250641	I:	D:
70745	72076	-	2	1.263186	I:	D:
72170	72349	-	2	1.336210	I:	D:
72376	72876	-	1	1.338933	I:	D:
73018	73422	-	1	1.243933	I:	D:
73474	74805	-	1	1.250725	I:	D:
75019	76257	-	1	1.247236	I:	D:
76472	76831	+	2	1.315581	I:	D:
76967	78304	+	2	1.253180	I:	D:
78555	80105	+	3	1.265753	I:	D:
80314	80787	+	1	1.267366	I:	D:
80842	81045	-	1	1.205745	I:	D:
81037	82065	+	1	1.277310	I:	D:
82080	82586	+	3	1.283114	I:	D:
82595	83467	+	2	1.271404	I:	D:
83800	84324	+	1	1.250238	I:	D:
84344	84994	+	2	1.290185	I:	D:
85202	88042	+	2	1.237261	I:	D:
88119	89339	+	3	1.261703	I:	D:
89535	90458	-	3	1.272699	I:	D:
90483	91802	-	3	1.262253	I:	D:
91808	93007	-	2	1.260542	I:	D:
93212	94363	-	2	1.257463	I:	D:
94896	96557	+	3	1.239046	I:	D:
96608	97510	-	2	1.276535	I:	D:
97752	98036	+	3	1.272508	I:	D:
98080	98676	-	1	1.229879	I:	D:
98764	99321	-	1	1.263927	I:	D:
99441	100307	-	3	1.265185	I:	D:
100304	100807	-	2	1.254193	I:	D:
100916	101092	-	2	1.276078	I:	D:
101314	103863	-	1	1.264683	I:	D:
104112	104495	-	3	1.272366	I:	D:
104518	105891	-	1	1.267091	I:	D:
106030	106608	-	1	1.243619	I:	D:
106559	107242	-	2	1.276592	I:	D:
107245	107541	-	1	1.238798	I:	D:
107799	108434	-	3	1.243155	I:	D:
108448	109398	-	1	1.227055	I:	D:
109430	112987	-	2	1.241940	I:	D:
112988	113662	-	2	1.246564	I:	D:
113894	114910	-	2	1.239394	I:	D:
114926	116299	-	2	1.266981	I:	D:
116312	118396	-	2	1.259222	I:	D:
118525	119661	-	1	1.273241	I:	D:
119658	120440	-	3	1.260725	I:	D:
120644	120994	-	2	1.276570	I:	D:
121049	121252	-	2	1.272920	I:	D:
121271	121849	-	2	1.281331	I:	D:
122251	125973	-	1	1.256542	I:	D:
125970	129326	-	3	1.252727	I:	D:
129477	129908	+	3	1.247167	I:	D:
130140	130883	-	3	1.260393	I:	D:
130985	131443	+	2	1.282928	I:	D:
131764	132411	+	1	1.275560	I:	D:
132563	132766	-	2	1.243449	I:	D:
132826	133701	-	1	1.256795	I:	D:
133712	134896	-	2	1.256200	I:	D:
134896	135375	-	1	1.234577	I:	D:
135608	135877	+	2	1.248314	I:	D:
135896	137263	+	2	1.247830	I:	D:
137350	137715	+	1	1.332257	I:	D:
137868	138497	+	3	1.285561	I:	D:
138550	139020	+	1	1.264034	I:	D:
139234	140376	+	1	1.254474	I:	D:
140373	143177	+	3	1.236720	I:	D:
143223	143672	+	3	1.300602	I:	D:
143769	143990	+	3	1.263462	I:	D:
143993	144574	+	2	1.256644	I:	D:
144639	146987	-	3	1.253651	I:	D:
147136	147675	-	1	1.286860	I:	D:
147711	148898	-	3	1.254950	I:	D:
148992	150296	-	3	1.288380	I:	D:
150450	151589	-	3	1.236825	I:	D:
151692	153581	+	3	1.260378	I:	D:
153639	154232	-	3	1.237170	I:	D:
154461	155330	+	3	1.249033	I:	D:
155490	155744	+	3	1.375874	I:	D:
156059	156256	+	2	1.360372	I:	D:
156436	156759	-	1	1.391609	I:	D:
156953	157816	-	2	1.255563	I:	D:
157965	158132	-	3	1.369531	I:	D:
158151	159512	-	3	1.254264	I:	D:
159663	160979	-	3	1.258059	I:	D:
160996	161904	-	1	1.262178	I:	D:
161901	162668	-	3	1.242990	I:	D:
162777	163862	-	3	1.246733	I:	D:
164127	164909	-	3	1.292503	I:	D:
164935	165195	-	1	1.369138	I:	D:
165202	166647	-	1	1.245958	I:	D:
166788	170480	-	3	1.248544	I:	D:
170683	171987	-	1	1.246231	I:	D:
172134	173315	-	3	1.258047	I:	D:
173345	174151	-	2	1.257376	I:	D:
174272	174868	-	2	1.266237	I:	D:
174862	175908	-	1	1.249451	I:	D:
175913	177391	-	2	1.254363	I:	D:
177402	177902	-	3	1.240019	I:	D:
178349	178831	-	2	1.272316	I:	D:
179194	180207	+	1	1.248475	I:	D:
180389	182251	-	2	1.311587	I:	D:
182578	183000	+	1	1.236378	I:	D:
182997	184079	+	3	1.254641	I:	D:
184134	185096	-	3	1.242111	I:	D:
185337	186644	-	3	1.260766	I:	D:
186881	188029	-	2	1.254782	I:	D:
188290	188667	+	1	1.252304	I:	D:
188660	189361	+	2	1.253685	I:	D:
189355	190167	+	1	1.257411	I:	D:
190329	191177	-	3	1.253425	I:	D:
191349	191756	-	3	1.246265	I:	D:
191756	193168	-	2	1.249513	I:	D:
193202	194083	-	2	1.258049	I:	D:
194070	195824	-	3	1.247457	I:	D:
195814	196305	-	1	1.212066	I:	D:
196321	196548	-	1	1.235775	I:	D:
196588	197415	-	1	1.271411	I:	D:
197776	198240	-	1	1.285708	I:	D:
199404	199721	+	3	1.296860	I:	D:
199741	200052	+	1	1.305520	I:	D:
200062	200283	+	1	1.286389	I:	D:
200358	200660	+	3	1.249498	I:	D:
201017	203014	+	2	1.253632	I:	D:
203021	203983	+	2	1.247054	I:	D:
203980	204795	+	1	1.266501	I:	D:
204884	205117	+	2	1.263884	I:	D:
205265	206083	-	2	1.231338	I:	D:
206085	207029	-	3	1.256535	I:	D:
207073	207315	+	1	1.356284	I:	D:
207402	208499	-	3	1.263512	I:	D:
208946	211333	-	2	1.267535	I:	D:
211465	212055	+	1	1.275251	I:	D:
212064	213083	-	3	1.253873	I:	D:
213323	215137	-	2	1.246666	I:	D:
215171	215647	-	2	1.226233	I:	D:
215663	216490	-	2	1.245206	I:	D:
216483	217574	-	3	1.243581	I:	D:
217883	218032	+	2	1.319254	I:	D:
218049	218300	+	3	1.235028	I:	D:
218331	218864	+	3	1.269905	I:	D:
219001	219426	+	1	1.278260	I:	D:
219484	220176	+	1	1.269037	I:	D:
220454	220969	+	2	1.272242	I:	D:
221043	221417	+	3	1.259080	I:	D:
221666	223003	+	2	1.292567	I:	D:
223160	223828	-	2	1.263570	I:	D:
224164	224649	+	1	1.308750	I:	D:
224979	226565	+	3	1.256461	I:	D:
227025	227576	-	3	1.269058	I:	D:
227673	228200	-	3	1.235747	I:	D:
228271	229629	-	1	1.274028	I:	D:
229865	231814	+	2	1.279140	I:	D:
231950	233869	+	2	1.265927	I:	D:
233906	234880	+	2	1.251927	I:	D:
234884	236245	+	2	1.284603	I:	D:
236406	238439	+	3	1.258457	I:	D:
238696	239637	+	1	1.247724	I:	D:
239850	240668	+	3	1.243187	I:	D:
240681	241733	+	3	1.269163	I:	D:
241735	242664	+	1	1.256988	I:	D:
242886	244622	+	3	1.264870	I:	D:
244828	245865	+	1	1.244768	I:	D:
245928	247598	-	3	1.248006	I:	D:
247600	249330	-	1	1.247310	I:	D:
249327	249731	-	3	1.257129	I:	D:
249850	250032	-	1	1.317618	I:	D:
250066	252252	-	1	1.258539	I:	D:
252278	252499	-	2	1.253536	I:	D:
252582	252797	-	3	1.251323	I:	D:
253243	253827	-	1	1.289549	I:	D:
254324	254923	+	2	1.259923	I:	D:
255448	255975	+	1	1.276729	I:	D:
256073	257137	-	2	1.258267	I:	D:
257156	258073	-	2	1.263222	I:	D:
258095	258982	-	2	1.237506	I:	D:
259312	260103	-	1	1.277932	I:	D:
260109	262532	-	3	1.257150	I:	D:
262663	263712	-	1	1.285944	I:	D:
263869	265854	-	1	1.255356	I:	D:
266523	268106	+	3	1.278312	I:	D:
268103	268894	+	2	1.276311	I:	D:
269120	270145	+	2	1.258416	I:	D:
270157	270711	+	1	1.258384	I:	D:
270715	272016	+	1	1.246492	I:	D:
272169	273155	+	3	1.267188	I:	D:
273356	273625	-	2	1.287336	I:	D:
273707	274057	-	2	1.284798	I:	D:
274804	275649	-	1	1.254233	I:	D:
276123	277472	+	3	1.264581	I:	D:
277584	278507	+	3	1.272778	I:	D:
278523	279497	+	3	1.264819	I:	D:
279571	279735	+	1	1.358557	I:	D:
279751	280680	+	1	1.245261	I:	D:
280752	281201	+	3	1.276730	I:	D:
281205	281909	+	3	1.242203	I:	D:
281925	282854	+	3	1.255555	I:	D:
282861	283499	+	3	1.265957	I:	D:
283745	284224	+	2	1.288982	I:	D:
284523	284831	+	3	1.274867	I:	D:
284964	285620	-	3	1.303492	I:	D:
285658	287583	-	1	1.266819	I:	D:
287756	288319	+	2	1.280947	I:	D:
288328	288888	+	1	1.279721	I:	D:
289344	289490	+	3	1.329249	I:	D:
289776	291140	-	3	1.261411	I:	D:
291155	291340	-	2	1.245144	I:	D:
291344	293227	-	2	1.283711	I:	D:
293240	293623	-	2	1.245675	I:	D:
293695	293910	-	1	1.214920	I:	D:
293924	294928	-	2	1.240855	I:	D:
294951	296042	-	3	1.276077	I:	D:
296059	297873	-	1	1.256095	I:	D:
297886	299334	-	1	1.276268	I:	D:
299331	299612	-	3	1.259139	I:	D:
299994	301364	+	3	1.245774	I:	D:
301504	301707	-	1	1.292789	I:	D:
301760	302947	-	2	1.249939	I:	D:
302962	303951	-	1	1.257414	I:	D:
304035	304355	-	3	1.257854	I:	D:
304455	305453	-	3	1.271713	I:	D:
305472	307013	-	3	1.255964	I:	D:
307177	308268	-	1	1.294092	I:	D:
308716	310077	-	1	1.244126	I:	D:
310455	313205	-	3	1.259026	I:	D:
313313	313489	+	2	1.378214	I:	D:
313599	314855	-	3	1.258354	I:	D:
314902	315036	-	1	1.326781	I:	D:
315065	315862	-	2	1.272972	I:	D:
316078	317253	-	1	1.267421	I:	D:
317471	318154	+	2	1.239118	I:	D:
318173	318985	+	2	1.248325	I:	D:
319123	319971	+	1	1.241427	I:	D:
320204	322051	-	2	1.269467	I:	D:
322113	322376	-	3	1.263489	I:	D:
322718	323965	-	2	1.262627	I:	D:
323969	324505	-	2	1.265290	I:	D:
324566	324799	-	2	1.254419	I:	D:
324817	325059	-	1	1.281403	I:	D:
325152	326507	-	3	1.226756	I:	D:
326532	326912	-	3	1.223936	I:	D:
327137	328051	+	2	1.242315	I:	D:
328072	329406	+	1	1.249693	I:	D:
329479	330621	-	1	1.264151	I:	D:
331080	332234	-	3	1.246083	I:	D:
332528	333703	-	2	1.276546	I:	D:
333945	334610	-	3	1.262811	I:	D:
334626	334760	-	3	1.276344	I:	D:
334941	335558	-	3	1.260937	I:	D:
335803	337713	-	1	1.283695	I:	D:
337724	338335	-	2	1.267603	I:	D:
338343	339011	-	3	1.245127	I:	D:
339014	339193	-	2	1.352436	I:	D:
339338	340630	-	2	1.252725	I:	D:
340712	341794	-	2	1.266212	I:	D:
341815	342624	+	1	1.261635	I:	D:
342758	343543	+	2	1.272352	I:	D:
343623	344366	-	3	1.277681	I:	D:
344671	345183	-	1	1.321847	I:	D:
345269	345844	+	2	1.248828	I:	D:
346063	346887	+	1	1.232843	I:	D:
347010	347774	+	3	1.243080	I:	D:
347764	348540	+	1	1.246017	I:	D:
348600	350414	-	3	1.224437	I:	D:
350500	351594	-	1	1.249564	I:	D:
351777	353516	+	3	1.223493	I:	D:
353513	355288	+	2	1.221599	I:	D:
355524	356009	+	3	1.224130	I:	D:
356021	356494	+	2	1.217303	I:	D:
>YB2_12852
1	540	-	1	1.275649	I:	D:
885	2204	+	3	1.264693	I:	D:
2381	3307	+	2	1.252729	I:	D:
3324	4184	+	3	1.269881	I:	D:
4258	6054	+	1	1.273860	I:	D:
6060	7220	+	3	1.261944	I:	D:
7220	8908	+	2	1.278837	I:	D:
9004	12018	+	1	1.279000	I:	D:
12414	14042	+	3	1.315807	I:	D:
14048	14356	-	2	1.383539	I:	D:
14815	15393	-	1	1.275637	I:	D:
>YB2_12953
1	318	+	1	1.242795	I:	D:
487	1065	+	1	1.253469	I:	D:
1489	4962	+	1	1.238919	I:	D:
4982	6100	+	2	1.226127	I:	D:
6164	7933	-	2	1.257534	I:	D:
7966	8097	-	1	1.352352	I:	D:
8361	9167	-	3	1.249202	I:	D:
9170	9373	-	2	1.236193	I:	D:
9465	10073	-	3	1.258044	I:	D:
10418	10861	-	2	1.264738	I:	D:
10864	12081	-	1	1.257134	I:	D:
12215	12655	-	2	1.254912	I:	D:
12676	12999	-	1	1.232904	I:	D:
13129	13587	+	1	1.263025	I:	D:
13944	14102	+	3	1.342197	I:	D:
14551	14898	-	1	1.240025	I:	D:
>YB2_13078
203	1591	-	2	1.305047	I:	D:
1607	1921	-	2	1.327424	I:	D:
1994	2809	-	2	1.320167	I:	D:
2827	3558	-	1	1.354703	I:	D:
4183	4518	-	1	1.365451	I:	D:
5848	6555	-	1	1.264000	I:	D:
6615	7529	-	3	1.279591	I:	D:
7647	9332	-	3	1.248236	I:	D:
9377	10057	-	2	1.251814	I:	D:
10095	11285	-	3	1.265071	I:	D:
11272	12453	-	1	1.279671	I:	D:
12594	13613	-	3	1.271560	I:	D:
13866	14711	-	3	1.262384	I:	D:
14728	15675	-	1	1.265005	I:	D:
15747	17159	-	3	1.249641	I:	D:
17426	18541	+	2	1.292789	I:	D:
18654	19766	-	3	1.280540	I:	D:
20038	20967	+	1	1.305112	I:	D:
20964	22043	+	3	1.272914	I:	D:
22516	23913	-	1	1.311456	I:	D:
23926	24240	-	1	1.331003	I:	D:
24320	25660	-	2	1.303832	I:	D:
25922	27241	-	2	1.280812	I:	D:
27280	27522	+	1	1.361337	I:	D:
27766	27963	-	1	1.295829	I:	D:
28298	28627	-	2	1.377599	I:	D:
28790	29557	+	2	1.408134	I:	D:
30147	30548	-	3	1.294987	I:	D:
30653	30862	-	2	1.327451	I:	D:
31060	33321	-	1	1.236219	I:	D:
33580	34437	+	1	1.286487	I:	D:
34944	36869	+	3	1.311019	I:	D:
37130	38107	+	2	1.288528	I:	D:
38388	39905	+	3	1.236854	I:	D:
40041	40703	-	3	1.325892	I:	D:
40854	42458	-	3	1.269204	I:	D:
42970	43602	+	1	1.280310	I:	D:
44203	45264	+	1	1.244011	I:	D:
45421	46182	+	1	1.257564	I:	D:
46502	47311	+	2	1.258226	I:	D:
47415	47759	+	3	1.266304	I:	D:
47805	48440	+	3	1.231593	I:	D:
48453	48860	+	3	1.260572	I:	D:
49182	50927	+	3	1.257058	I:	D:
51135	52403	+	3	1.252992	I:	D:
52514	52708	+	2	1.358664	I:	D:
52769	54553	+	2	1.248091	I:	D:
54692	55213	-	2	1.233690	I:	D:
55512	56432	+	3	1.260828	I:	D:
56542	58857	-	1	1.258196	I:	D:
59060	60163	-	2	1.232969	I:	D:
60200	60379	-	2	1.299652	I:	D:
60372	61148	-	3	1.239039	I:	D:
61415	62599	-	2	1.253074	I:	D:
62884	64425	+	1	1.255736	I:	D:
64705	65493	+	1	1.266937	I:	D:
65553	65993	+	3	1.252446	I:	D:
66138	66821	-	3	1.235846	I:	D:
67076	68209	-	2	1.229281	I:	D:
68391	69707	-	3	1.263826	I:	D:
69883	71163	+	1	1.245529	I:	D:
71299	71997	+	1	1.231179	I:	D:
71997	73517	+	3	1.232637	I:	D:
73946	74596	+	2	1.245240	I:	D:
74611	75630	+	1	1.261370	I:	D:
75627	76349	+	3	1.231217	I:	D:
76346	76957	+	2	1.222639	I:	D:
76982	78061	+	2	1.246346	I:	D:
78095	79387	+	2	1.256826	I:	D:
79401	81317	+	3	1.260705	I:	D:
81314	82162	+	2	1.240684	I:	D:
82482	83135	-	3	1.242603	I:	D:
83350	84786	+	1	1.273728	I:	D:
85062	85634	+	3	1.315921	I:	D:
85684	85866	+	1	1.288216	I:	D:
86298	87815	+	3	1.251679	I:	D:
87914	88621	+	2	1.249340	I:	D:
88921	90714	+	1	1.245251	I:	D:
90908	92278	+	2	1.241161	I:	D:
92411	93304	-	2	1.271593	I:	D:
93514	94734	+	1	1.251986	I:	D:
94775	95443	+	2	1.242922	I:	D:
95457	96338	+	3	1.243479	I:	D:
96570	97298	+	3	1.243414	I:	D:
97421	99187	+	2	1.250544	I:	D:
99569	101143	+	2	1.222345	I:	D:
101220	101774	+	3	1.277324	I:	D:
102204	103901	+	3	1.256028	I:	D:
103920	104048	+	3	1.360061	I:	D:
104064	104999	+	3	1.240845	I:	D:
105001	106104	+	1	1.246557	I:	D:
106118	107215	+	2	1.241285	I:	D:
107216	108148	+	2	1.257156	I:	D:
108237	109211	-	3	1.337592	I:	D:
109932	110816	-	3	1.276775	I:	D:
110999	111175	+	2	1.321694	I:	D:
111376	111795	-	1	1.260982	I:	D:
111919	112419	+	1	1.238108	I:	D:
112416	113708	+	3	1.268421	I:	D:
113891	114430	+	2	1.257233	I:	D:
114430	115350	+	1	1.240985	I:	D:
115355	115909	+	2	1.278250	I:	D:
115986	117476	+	3	1.251597	I:	D:
117658	118587	-	1	1.247524	I:	D:
118612	118863	-	1	1.251932	I:	D:
119008	119427	-	1	1.305014	I:	D:
119609	120637	-	2	1.255247	I:	D:
120888	122465	+	3	1.255441	I:	D:
122542	123099	-	1	1.272670	I:	D:
123320	125491	-	2	1.257605	I:	D:
>YB2_13655
3	614	-	3	1.258693	I:	D:
611	988	-	2	1.247708	I:	D:
972	1271	-	3	1.258847	I:	D:
1305	2411	-	3	1.249211	I:	D:
2449	2934	-	1	1.269147	I:	D:
3072	4385	-	3	1.265209	I:	D:
4433	5854	-	2	1.264253	I:	D:
6037	6522	-	1	1.253000	I:	D:
6735	8984	-	3	1.236330	I:	D:
9277	11268	-	1	1.270486	I:	D:
>YB2_14177
3	308	-	3	1.282077	I:	D:
401	1258	-	2	1.284300	I:	D:
1508	1972	-	2	1.282161	I:	D:
2210	2668	-	2	1.289885	I:	D:
2665	3543	-	1	1.295956	I:	D:
3556	4380	-	1	1.276545	I:	D:
4619	6778	-	2	1.281769	I:	D:
6818	7006	-	2	1.208353	I:	D:
7018	7914	-	1	1.259938	I:	D:
7927	8811	-	1	1.287946	I:	D:
8899	10071	-	1	1.243380	I:	D:
>YB2_15236
1	198	+	1	1.369720	I:	D:
434	1321	-	2	1.303303	I:	D:
1357	2109	-	1	1.316159	I:	D:
2109	2711	-	3	1.336430	I:	D:
2766	3233	+	3	1.300623	I:	D:
3272	3523	-	2	1.335489	I:	D:
3984	6845	-	3	1.269840	I:	D:
6832	8889	-	1	1.264992	I:	D:
9001	9744	-	1	1.276792	I:	D:
9883	10890	+	1	1.279749	I:	D:
10883	11503	+	2	1.295780	I:	D:
11554	11958	-	1	1.276202	I:	D:
11971	13257	-	1	1.262266	I:	D:
13530	15491	-	3	1.263898	I:	D:
15585	17156	-	3	1.259642	I:	D:
17285	18187	+	2	1.278252	I:	D:
18615	19967	+	3	1.265752	I:	D:
20081	21661	+	2	1.255881	I:	D:
21913	26448	+	1	1.256053	I:	D:
26462	27940	+	2	1.263003	I:	D:
28017	29732	-	3	1.272924	I:	D:
29743	30966	-	1	1.264067	I:	D:
30981	32120	-	3	1.277306	I:	D:
32139	32954	-	3	1.247393	I:	D:
32983	33654	-	1	1.287393	I:	D:
33651	34430	-	3	1.269519	I:	D:
34438	37116	-	1	1.265483	I:	D:
37520	38728	-	2	1.266516	I:	D:
38744	39103	-	2	1.272287	I:	D:
39267	40361	-	3	1.260141	I:	D:
40646	42868	-	2	1.249308	I:	D:
43070	43246	-	2	1.378907	I:	D:
43362	44735	-	3	1.259244	I:	D:
44928	45710	-	3	1.245864	I:	D:
45732	46382	-	3	1.247228	I:	D:
46547	47386	-	2	1.247332	I:	D:
47618	48643	-	2	1.261552	I:	D:
48918	50459	-	3	1.266017	I:	D:
50595	51437	-	3	1.270694	I:	D:
51705	52253	+	3	1.298076	I:	D:
52318	53439	-	1	1.248113	I:	D:
53656	54630	+	1	1.271443	I:	D:
54696	55574	+	3	1.256146	I:	D:
55632	56828	-	3	1.261748	I:	D:
57158	57442	+	2	1.260363	I:	D:
57473	57955	+	2	1.276188	I:	D:
58002	58259	+	3	1.310998	I:	D:
58316	59131	+	2	1.312803	I:	D:
59163	59423	+	3	1.377489	I:	D:
59487	60494	+	3	1.274494	I:	D:
60566	61906	+	2	1.272812	I:	D:
62010	62861	+	3	1.241368	I:	D:
62861	63703	+	2	1.267471	I:	D:
63719	65179	+	2	1.266008	I:	D:
65464	65922	+	1	1.294780	I:	D:
65970	66329	+	3	1.285183	I:	D:
66397	67689	-	1	1.268960	I:	D:
67920	68780	+	3	1.297582	I:	D:
68793	70439	+	3	1.304749	I:	D:
70481	72985	+	2	1.311115	I:	D:
72975	74042	+	3	1.311014	I:	D:
74230	77367	-	1	1.284711	I:	D:
77390	78478	-	2	1.424101	I:	D:
78468	78755	-	3	1.375042	I:	D:
78801	79166	-	3	1.382165	I:	D:
79203	79784	-	3	1.369321	I:	D:
79789	80715	-	1	1.396428	I:	D:
81052	82950	-	1	1.276628	I:	D:
83152	83385	+	1	1.365122	I:	D:
84241	84879	+	1	1.350128	I:	D:
84918	85061	-	3	1.362935	I:	D:
85081	85314	+	1	1.326480	I:	D:
85316	86881	+	2	1.327658	I:	D:
86893	87030	+	1	1.348886	I:	D:
87100	87894	-	1	1.241763	I:	D:
87887	88828	-	2	1.267893	I:	D:
88941	89972	-	3	1.287743	I:	D:
90162	90989	-	3	1.308329	I:	D:
91058	92401	-	2	1.283507	I:	D:
>YB2_19006
255	2372	+	3	1.321336	I:	D:
2385	3647	+	3	1.379582	I:	D:
4415	7381	+	2	1.326300	I:	D:
8598	9374	+	3	1.420750	I:	D:
9405	11060	+	3	1.303361	I:	D:
11196	11444	-	3	1.302368	I:	D:
11856	12110	-	3	1.350631	I:	D:
12163	12390	-	1	1.287496	I:	D:
12429	13094	-	3	1.245766	I:	D:
13335	14411	+	3	1.260138	I:	D:
14441	14641	-	2	1.359651	I:	D:
14640	15410	+	3	1.272015	I:	D:
15432	16190	+	3	1.281839	I:	D:
16399	17727	+	1	1.255207	I:	D:
17842	18669	+	1	1.260937	I:	D:
18656	18961	+	2	1.278305	I:	D:
19333	20565	+	1	1.250172	I:	D:
20851	22251	+	1	1.238948	I:	D:
22248	23189	+	3	1.241583	I:	D:
23357	24586	+	2	1.235911	I:	D:
24804	25658	+	3	1.223092	I:	D:
25791	26993	+	3	1.228138	I:	D:
26990	27904	+	2	1.242621	I:	D:
28018	28869	-	1	1.307862	I:	D:
28997	30322	+	2	1.276932	I:	D:
30342	31910	+	3	1.282355	I:	D:
31993	33360	-	1	1.231285	I:	D:
33991	35334	+	1	1.359324	I:	D:
35425	35859	-	1	1.320327	I:	D:
35856	36539	-	3	1.326138	I:	D:
36768	37190	-	3	1.310244	I:	D:
37537	37890	+	1	1.247031	I:	D:
37905	39332	+	3	1.243559	I:	D:
39865	40185	-	1	1.247314	I:	D:
40489	41160	+	1	1.242405	I:	D:
41227	42300	+	1	1.257655	I:	D:
42410	42904	+	2	1.265846	I:	D:
42901	44178	+	1	1.257934	I:	D:
44314	45033	+	1	1.250330	I:	D:
45168	45992	+	3	1.257976	I:	D:
46011	46949	+	3	1.263269	I:	D:
47005	48450	+	1	1.241943	I:	D:
48513	49103	+	3	1.251687	I:	D:
49143	49799	+	3	1.241376	I:	D:
49803	50063	+	3	1.260842	I:	D:
50125	51354	+	1	1.244681	I:	D:
51370	52530	+	1	1.251236	I:	D:
52698	53576	+	3	1.325602	I:	D:
53618	55510	-	2	1.238373	I:	D:
54341	55723	+	2	1.356479	I:	D:
55960	56181	-	1	1.288711	I:	D:
56201	56581	-	2	1.270631	I:	D:
56749	56916	+	1	1.381894	I:	D:
56954	57343	+	2	1.258295	I:	D:
57545	57724	-	2	1.253255	I:	D:
57797	59461	+	2	1.247953	I:	D:
59552	60013	+	2	1.281022	I:	D:
60062	60367	-	2	1.228805	I:	D:
60770	61537	+	2	1.255760	I:	D:
61534	61863	+	1	1.235007	I:	D:
62025	62906	+	3	1.256609	I:	D:
62913	63602	+	3	1.272599	I:	D:
63652	64098	-	1	1.251194	I:	D:
64124	65086	-	2	1.241963	I:	D:
65116	66354	-	1	1.243124	I:	D:
66825	68624	+	3	1.255618	I:	D:
68700	69605	-	3	1.279637	I:	D:
69620	70492	-	2	1.264783	I:	D:
70601	71323	+	2	1.255866	I:	D:
71377	72363	-	1	1.285356	I:	D:
72552	73202	-	3	1.259249	I:	D:
73349	74539	+	2	1.246418	I:	D:
74526	76136	+	3	1.252107	I:	D:
76250	76570	-	2	1.251551	I:	D:
76620	77363	-	3	1.245880	I:	D:
77603	78517	-	2	1.215677	I:	D:
78974	80440	+	2	1.255732	I:	D:
80605	81204	+	1	1.266073	I:	D:
81395	81817	+	2	1.344246	I:	D:
81847	82110	-	1	1.375543	I:	D:
82138	83031	+	1	1.256584	I:	D:
83156	84067	+	2	1.221607	I:	D:
84105	84917	+	3	1.228510	I:	D:
85090	85857	+	1	1.246864	I:	D:
85872	86540	+	3	1.230294	I:	D:
86940	87329	+	3	1.263660	I:	D:
87530	88033	+	2	1.286393	I:	D:
88371	89627	+	3	1.242035	I:	D:
89969	90505	-	2	1.248083	I:	D:
90551	90838	-	2	1.386842	I:	D:
90985	91836	+	1	1.257455	I:	D:
91838	92785	+	2	1.244625	I:	D:
92884	93816	+	1	1.293067	I:	D:
93944	95350	+	2	1.280443	I:	D:
95389	96759	+	1	1.253470	I:	D:
96813	97703	-	3	1.271913	I:	D:
97906	99960	+	1	1.246823	I:	D:
100133	100441	+	2	1.235009	I:	D:
100616	102211	+	2	1.237470	I:	D:
102208	103485	+	1	1.242739	I:	D:
103666	104727	+	1	1.263040	I:	D:
104731	105327	+	1	1.262609	I:	D:
105324	105932	+	3	1.258310	I:	D:
105944	106663	+	2	1.254622	I:	D:
106680	107435	+	3	1.242788	I:	D:
107575	108210	+	1	1.247062	I:	D:
108152	109042	+	2	1.255595	I:	D:
109218	110588	+	3	1.252906	I:	D:
110720	111355	-	2	1.255531	I:	D:
111607	112194	-	1	1.325315	I:	D:
112313	112927	-	2	1.275712	I:	D:
113050	113745	-	1	1.247411	I:	D:
114085	114759	+	1	1.249524	I:	D:
114849	115454	+	3	1.252699	I:	D:
115523	116614	-	2	1.251318	I:	D:
116627	117850	-	2	1.263135	I:	D:
118420	118686	-	1	1.322588	I:	D:
118923	120455	+	3	1.272460	I:	D:
120539	121600	+	2	1.404931	I:	D:
121818	122918	+	3	1.420119	I:	D:
122952	126338	+	3	1.265912	I:	D:
126389	126787	+	2	1.315713	I:	D:
126982	127545	-	1	1.274616	I:	D:
127651	129513	-	1	1.348603	I:	D:
129707	131200	-	2	1.245883	I:	D:
131237	131590	-	2	1.273717	I:	D:
131587	132846	-	1	1.246360	I:	D:
131953	132756	+	1	1.259670	I:	D:
132839	134284	-	2	1.255278	I:	D:
134463	135995	-	3	1.272201	I:	D:
135994	136536	+	1	1.232245	I:	D:
136682	137797	+	2	1.258972	I:	D:
137794	138423	+	1	1.236751	I:	D:
138525	140354	+	3	1.253591	I:	D:
140513	141691	+	2	1.255380	I:	D:
141780	142109	-	3	1.293019	I:	D:
142203	142535	-	3	1.281722	I:	D:
142612	142809	+	1	1.339631	I:	D:
142850	143173	-	2	1.270487	I:	D:
143433	144605	-	3	1.258896	I:	D:
144618	146036	-	3	1.261929	I:	D:
146106	146747	-	3	1.264173	I:	D:
146821	147651	-	1	1.260000	I:	D:
147728	148189	+	2	1.224646	I:	D:
148282	149304	+	1	1.245861	I:	D:
149306	149662	+	2	1.236985	I:	D:
149761	150036	+	1	1.258767	I:	D:
150108	150368	-	3	1.285097	I:	D:
150535	151320	+	1	1.249482	I:	D:
151350	152489	+	3	1.256091	I:	D:
152833	154221	+	1	1.239964	I:	D:
154293	155336	+	3	1.269347	I:	D:
155460	155663	+	3	1.273956	I:	D:
155753	157057	+	2	1.263788	I:	D:
157326	158372	-	3	1.254688	I:	D:
158451	160055	-	3	1.231134	I:	D:
160337	161203	-	2	1.261524	I:	D:
161398	162789	+	1	1.254340	I:	D:
162839	164794	-	2	1.264981	I:	D:
164784	166976	+	3	1.255792	I:	D:
167295	168254	-	3	1.251589	I:	D:
168270	169133	-	3	1.257672	I:	D:
169126	170397	-	1	1.264120	I:	D:
170404	171420	-	1	1.246202	I:	D:
171573	172037	-	3	1.248985	I:	D:
172018	173280	-	1	1.255063	I:	D:
173282	174427	-	2	1.240816	I:	D:
174431	175474	-	2	1.224599	I:	D:
175471	176541	-	1	1.244342	I:	D:
176845	177024	-	1	1.325010	I:	D:
177028	177780	-	1	1.251813	I:	D:
177806	178531	-	2	1.262250	I:	D:
178752	179594	+	3	1.233387	I:	D:
179625	180989	+	3	1.262340	I:	D:
181044	181649	+	3	1.253511	I:	D:
182031	183374	+	3	1.250048	I:	D:
183419	184123	+	2	1.232671	I:	D:
184322	185728	+	2	1.243151	I:	D:
185799	186275	-	3	1.248757	I:	D:
186404	187207	-	2	1.281266	I:	D:
187186	188544	-	1	1.274380	I:	D:
188772	189404	-	3	1.257737	I:	D:
189929	190858	+	2	1.225793	I:	D:
190905	191741	-	3	1.270631	I:	D:
191913	192794	+	3	1.252826	I:	D:
192948	194528	+	3	1.259994	I:	D:
194819	195151	-	2	1.366766	I:	D:
195294	195647	+	3	1.337340	I:	D:
195808	196032	+	1	1.351657	I:	D:
196054	197631	-	1	1.281187	I:	D:
198072	198842	-	3	1.335812	I:	D:
198839	199474	-	2	1.374250	I:	D:
199589	200503	-	2	1.383988	I:	D:
201068	201580	+	2	1.233780	I:	D:
201822	202433	+	3	1.260738	I:	D:
202437	203492	+	3	1.229053	I:	D:
203650	205005	+	1	1.224550	I:	D:
205035	205910	+	3	1.246338	I:	D:
206100	206939	+	3	1.251043	I:	D:
206955	207875	+	3	1.265026	I:	D:
207869	208684	+	2	1.243167	I:	D:
208788	209537	+	3	1.262805	I:	D:
209550	210782	+	3	1.253659	I:	D:
210857	211552	+	2	1.245562	I:	D:
211577	213886	+	2	1.238335	I:	D:
214071	214673	-	3	1.390872	I:	D:
214960	216429	+	1	1.247462	I:	D:
216615	218903	+	3	1.259613	I:	D:
218985	219932	+	3	1.289618	I:	D:
219969	220130	+	3	1.326748	I:	D:
220235	221761	-	2	1.249355	I:	D:
221780	222775	-	2	1.285169	I:	D:
222956	224002	-	2	1.242155	I:	D:
223999	224670	-	1	1.237438	I:	D:
224732	225619	-	2	1.250091	I:	D:
225699	226631	-	3	1.248809	I:	D:
226641	227609	-	3	1.244308	I:	D:
227602	228099	-	1	1.253407	I:	D:
228171	229190	-	3	1.248505	I:	D:
229203	229709	-	3	1.212597	I:	D:
229753	230442	-	1	1.285163	I:	D:
230222	231535	+	2	1.263614	I:	D:
231563	232123	+	2	1.247802	I:	D:
232129	232848	+	1	1.248759	I:	D:
233000	234790	+	2	1.234687	I:	D:
234871	235821	-	1	1.229167	I:	D:
235971	236855	-	3	1.257111	I:	D:
236870	237421	-	2	1.229190	I:	D:
237583	237882	-	1	1.266573	I:	D:
237985	238479	-	1	1.251839	I:	D:
238488	239009	-	3	1.245385	I:	D:
239234	239827	+	2	1.265945	I:	D:
239992	240501	+	1	1.271059	I:	D:
240626	241684	-	2	1.227245	I:	D:
242015	243223	+	2	1.272069	I:	D:
243238	244080	+	1	1.267929	I:	D:
244188	244910	+	3	1.252631	I:	D:
245204	245467	+	2	1.264111	I:	D:
245574	247214	+	3	1.242992	I:	D:
247398	248579	+	3	1.244147	I:	D:
248599	249786	+	1	1.262320	I:	D:
249871	251082	+	1	1.254478	I:	D:
251151	251435	-	3	1.372894	I:	D:
251454	252209	-	3	1.286194	I:	D:
>YB2_19606
108	1478	+	3	1.256409	I:	D:
1501	3372	+	1	1.248411	I:	D:
3374	3931	+	2	1.273014	I:	D:
3949	4656	+	1	1.249785	I:	D:
4816	5613	+	1	1.256169	I:	D:
6186	7097	+	3	1.274736	I:	D:
7116	7985	+	3	1.227795	I:	D:
8072	9403	+	2	1.248344	I:	D:
9947	10135	+	2	1.348578	I:	D:
10527	11390	+	3	1.268226	I:	D:
11392	12447	+	1	1.249869	I:	D:
12450	13199	+	3	1.251499	I:	D:
13192	13899	+	1	1.228148	I:	D:
13999	15321	+	1	1.261055	I:	D:
15814	16470	-	1	1.253781	I:	D:
16492	17844	-	1	1.248509	I:	D:
17841	18272	-	3	1.280707	I:	D:
18269	18934	-	2	1.240694	I:	D:
18951	19364	-	3	1.241674	I:	D:
19648	20448	+	1	1.233274	I:	D:
20709	20888	-	3	1.334622	I:	D:
20999	22255	+	2	1.272214	I:	D:
22334	22945	-	2	1.267347	I:	D:
23194	24741	+	1	1.253449	I:	D:
25017	25997	+	3	1.261336	I:	D:
26053	26712	-	1	1.288043	I:	D:
26896	28263	-	1	1.229843	I:	D:
28354	29151	-	1	1.298745	I:	D:
29386	31041	+	1	1.229689	I:	D:
31043	31375	+	2	1.242415	I:	D:
31603	32274	-	1	1.281850	I:	D:
32701	33180	+	1	1.282258	I:	D:
33645	34169	+	3	1.346280	I:	D:
34505	35932	+	2	1.238095	I:	D:
35919	36515	+	3	1.255407	I:	D:
36512	39805	+	2	1.232064	I:	D:
40203	40940	-	3	1.267918	I:	D:
41069	42544	-	2	1.232545	I:	D:
42757	44814	+	1	1.238099	I:	D:
44820	46526	+	3	1.226293	I:	D:
46584	46802	+	3	1.338067	I:	D:
47209	47748	-	1	1.238011	I:	D:
47759	48676	-	2	1.232828	I:	D:
48678	48893	-	3	1.238585	I:	D:
49031	49948	+	2	1.261397	I:	D:
50261	51760	+	2	1.260186	I:	D:
52190	53695	+	2	1.271983	I:	D:
53923	54945	+	1	1.244478	I:	D:
55074	56102	+	3	1.261069	I:	D:
56143	57507	-	1	1.266676	I:	D:
57904	58077	-	1	1.331993	I:	D:
58231	59088	-	1	1.302707	I:	D:
>YB2_20333
54	233	-	3	1.294216	I:	D:
239	484	-	2	1.317346	I:	D:
498	893	-	3	1.316408	I:	D:
907	1311	-	1	1.282870	I:	D:
1315	1575	-	1	1.282921	I:	D:
1589	2161	-	2	1.267862	I:	D:
2534	2761	+	2	1.287245	I:	D:
2781	3047	-	3	1.343703	I:	D:
3182	3367	+	2	1.343186	I:	D:
3782	4198	-	2	1.282033	I:	D:
4447	5286	+	1	1.269439	I:	D:
5335	6039	+	1	1.259976	I:	D:
6124	6282	+	1	1.247082	I:	D:
6362	6925	+	2	1.255946	I:	D:
7056	7277	+	3	1.372498	I:	D:
7801	8163	+	1	1.284595	I:	D:
8446	8625	+	1	1.347340	I:	D:
8963	9793	-	2	1.318516	I:	D:
9793	10338	-	1	1.307064	I:	D:
10397	10591	+	2	1.398981	I:	D:
10648	11979	+	1	1.258480	I:	D:
12178	13569	+	1	1.257911	I:	D:
13633	13809	-	1	1.302313	I:	D:
14007	14963	+	3	1.262397	I:	D:
15058	15990	+	1	1.268123	I:	D:
16063	17010	-	1	1.268455	I:	D:
17007	18308	-	3	1.271337	I:	D:
18315	18821	-	3	1.277043	I:	D:
18672	19028	+	3	1.321162	I:	D:
19396	19602	-	1	1.259692	I:	D:
19755	20666	+	3	1.267964	I:	D:
20862	21377	-	3	1.281152	I:	D:
21378	21791	-	3	1.271385	I:	D:
21844	22776	-	1	1.270412	I:	D:
22859	23695	-	2	1.265120	I:	D:
23735	25189	-	2	1.273759	I:	D:
25186	27150	-	1	1.277090	I:	D:
27412	28506	+	1	1.271694	I:	D:
28561	29460	-	1	1.283934	I:	D:
29462	32062	-	2	1.267650	I:	D:
32293	33819	-	1	1.266217	I:	D:
33917	34687	-	2	1.260804	I:	D:
34793	36001	-	2	1.278502	I:	D:
36494	36982	-	2	1.370879	I:	D:
37057	37386	-	1	1.361357	I:	D:
37958	38143	-	2	1.345135	I:	D:
38145	38351	-	3	1.365314	I:	D:
38487	38876	-	3	1.353733	I:	D:
38873	39691	-	2	1.355146	I:	D:
39705	41531	-	3	1.342111	I:	D:
41528	42019	-	2	1.330578	I:	D:
42003	42992	-	3	1.335220	I:	D:
43193	43417	+	2	1.412321	I:	D:
43518	43862	+	3	1.342589	I:	D:
44036	45703	-	2	1.337515	I:	D:
45818	46111	-	2	1.292352	I:	D:
>YB2_20362
689	823	-	2	1.366172	I:	D:
1079	2098	-	2	1.330354	I:	D:
2383	3288	+	1	1.384172	I:	D:
3335	4060	-	2	1.248774	I:	D:
4050	4316	-	3	1.266402	I:	D:
4455	4775	-	3	1.317091	I:	D:
4956	5126	-	3	1.373537	I:	D:
5233	5454	-	1	1.330193	I:	D:
5438	5725	-	2	1.279956	I:	D:
6073	6795	+	1	1.265347	I:	D:
6857	8131	+	2	1.250268	I:	D:
8709	9368	+	3	1.248631	I:	D:
9349	10023	+	1	1.247641	I:	D:
10030	10779	+	1	1.242232	I:	D:
10852	11838	+	1	1.269168	I:	D:
11974	13257	+	1	1.260612	I:	D:
13305	14057	-	3	1.257270	I:	D:
14366	15994	-	2	1.275360	I:	D:
16120	16779	-	1	1.232299	I:	D:
17338	17802	-	1	1.266712	I:	D:
18026	19483	-	2	1.282313	I:	D:
19590	20513	+	3	1.289393	I:	D:
20727	22538	-	3	1.237960	I:	D:
22540	24846	-	1	1.238770	I:	D:
24843	25349	-	3	1.286215	I:	D:
25552	26535	+	1	1.253302	I:	D:
26643	27272	+	3	1.262145	I:	D:
27355	28749	-	1	1.250369	I:	D:
28751	29593	-	2	1.245819	I:	D:
30063	30680	-	3	1.367762	I:	D:
30712	31701	-	1	1.252859	I:	D:
31845	32222	+	3	1.251841	I:	D:
32306	33469	-	2	1.274775	I:	D:
33607	34629	+	1	1.300213	I:	D:
34648	34833	+	1	1.242904	I:	D:
34853	37333	+	2	1.268080	I:	D:
37393	38481	-	1	1.259156	I:	D:
38626	39546	-	1	1.287271	I:	D:
39699	41720	+	3	1.266345	I:	D:
41903	43273	+	2	1.251505	I:	D:
43340	44128	+	2	1.286792	I:	D:
44167	45144	-	1	1.251016	I:	D:
45154	46068	-	1	1.247237	I:	D:
46072	46449	-	1	1.268676	I:	D:
46662	48233	-	3	1.253143	I:	D:
48489	49892	+	3	1.242995	I:	D:
49955	50647	+	2	1.310720	I:	D:
50713	51981	+	1	1.254761	I:	D:
51996	53174	+	3	1.259138	I:	D:
53253	53693	-	3	1.281078	I:	D:
54131	55393	-	2	1.262129	I:	D:
55398	56174	-	3	1.247399	I:	D:
56182	56988	-	1	1.262543	I:	D:
57324	57905	+	3	1.271244	I:	D:
58066	59499	+	1	1.275700	I:	D:
59762	61282	-	2	1.282585	I:	D:
61340	62452	-	2	1.277799	I:	D:
62455	62904	-	1	1.263339	I:	D:
63270	65600	-	3	1.268667	I:	D:
65628	65756	-	3	1.315066	I:	D:
66296	68119	-	2	1.244541	I:	D:
68336	69943	+	2	1.265358	I:	D:
70212	70907	+	3	1.271078	I:	D:
71037	71747	+	3	1.245834	I:	D:
71829	72383	+	3	1.251995	I:	D:
72476	73189	+	2	1.250629	I:	D:
73303	74163	+	1	1.247968	I:	D:
74179	75330	+	1	1.270093	I:	D:
75487	76599	+	1	1.252650	I:	D:
76623	77669	+	3	1.254769	I:	D:
77747	82036	+	2	1.249994	I:	D:
82153	83847	-	1	1.257880	I:	D:
83908	84258	-	1	1.309349	I:	D:
84698	85150	+	2	1.269765	I:	D:
85609	87516	+	1	1.265249	I:	D:
87571	87741	-	1	1.302091	I:	D:
87874	88248	-	1	1.242949	I:	D:
88518	91043	+	3	1.274547	I:	D:
91224	91664	+	3	1.268617	I:	D:
91695	92930	+	3	1.250873	I:	D:
92959	93864	+	1	1.260376	I:	D:
93958	95157	+	1	1.250085	I:	D:
95327	96283	+	2	1.256216	I:	D:
96323	97618	+	2	1.262672	I:	D:
97605	98915	+	3	1.261145	I:	D:
98912	99964	+	2	1.264519	I:	D:
100104	100424	+	3	1.279320	I:	D:
100439	100690	+	2	1.258521	I:	D:
100934	102217	+	2	1.256267	I:	D:
102365	102769	+	2	1.254383	I:	D:
103048	103230	-	1	1.273782	I:	D:
103336	104883	+	1	1.264516	I:	D:
105065	105802	+	2	1.239914	I:	D:
105994	107493	-	1	1.256519	I:	D:
107490	108776	-	3	1.265816	I:	D:
109112	110215	-	2	1.254304	I:	D:
110374	112302	-	1	1.258163	I:	D:
112505	113284	+	2	1.257119	I:	D:
113399	113839	+	2	1.260811	I:	D:
113875	114405	+	1	1.272681	I:	D:
114477	114995	-	3	1.296860	I:	D:
115201	116268	+	1	1.285416	I:	D:
116314	117366	+	1	1.268321	I:	D:
117382	118452	+	1	1.273007	I:	D:
118515	119849	+	3	1.238987	I:	D:
119949	121130	+	3	1.258760	I:	D:
121249	122874	+	1	1.338860	I:	D:
122921	124591	+	2	1.345382	I:	D:
125032	126054	+	1	1.245033	I:	D:
126073	128484	+	1	1.255690	I:	D:
>YB2_20448
280	2778	+	1	1.266248	I:	D:
2892	5024	+	3	1.292561	I:	D:
5100	5333	+	3	1.300916	I:	D:
5463	7058	+	3	1.283736	I:	D:
7161	7412	+	3	1.265724	I:	D:
7579	9699	+	1	1.258955	I:	D:
9804	11048	+	3	1.259327	I:	D:
11278	12921	-	1	1.267107	I:	D:
13060	13638	-	1	1.280918	I:	D:
13680	14999	-	3	1.277982	I:	D:
15149	17236	-	2	1.265279	I:	D:
17938	19164	-	1	1.267220	I:	D:
19361	19849	+	2	1.290422	I:	D:
19846	20478	+	1	1.281366	I:	D:
21071	21748	-	2	1.275087	I:	D:
21741	22541	-	3	1.258524	I:	D:
22802	23338	+	2	1.253892	I:	D:
23380	24276	-	1	1.250413	I:	D:
24292	25092	-	1	1.258183	I:	D:
25201	25773	+	1	1.282695	I:	D:
25770	26342	+	3	1.281009	I:	D:
26470	26745	-	1	1.358836	I:	D:
27304	27678	+	1	1.278898	I:	D:
27771	28523	+	3	1.275396	I:	D:
28608	30839	+	3	1.306499	I:	D:
30871	31209	+	1	1.241039	I:	D:
31229	31828	+	2	1.280469	I:	D:
31931	32413	+	2	1.283913	I:	D:
32915	33256	-	2	1.323590	I:	D:
33448	33828	-	1	1.250473	I:	D:
33835	34239	-	1	1.271720	I:	D:
34260	34541	-	3	1.301035	I:	D:
34613	35404	-	2	1.265341	I:	D:
35420	35953	-	2	1.275475	I:	D:
35958	36947	-	3	1.297330	I:	D:
37009	38157	-	1	1.294741	I:	D:
38224	38481	-	1	1.316960	I:	D:
38555	39640	-	2	1.261197	I:	D:
39641	40534	-	2	1.256061	I:	D:
40617	40877	-	3	1.244778	I:	D:
40874	41140	-	2	1.310700	I:	D:
41142	41810	-	3	1.261011	I:	D:
41879	42547	+	2	1.370803	I:	D:
42670	42807	+	1	1.377494	I:	D:
42840	43433	+	3	1.353171	I:	D:
43604	43732	+	2	1.350474	I:	D:
43713	44087	+	3	1.341080	I:	D:
44207	44413	-	2	1.307366	I:	D:
44542	45180	+	1	1.308765	I:	D:
45231	46034	+	3	1.326903	I:	D:
46166	47170	+	2	1.302944	I:	D:
47209	48426	+	1	1.379751	I:	D:
49004	50140	+	2	1.327207	I:	D:
50248	50454	+	1	1.385182	I:	D:
50573	52345	+	2	1.272999	I:	D:
52615	54372	+	1	1.276656	I:	D:
54771	55064	+	3	1.300568	I:	D:
55187	55333	+	2	1.336783	I:	D:
55399	56850	+	1	1.279897	I:	D:
56847	58268	+	3	1.292034	I:	D:
58387	59907	+	1	1.282059	I:	D:
60047	60832	+	2	1.291066	I:	D:
60822	61127	+	3	1.269473	I:	D:
61196	62038	+	2	1.283910	I:	D:
62281	63687	+	1	1.258343	I:	D:
63691	64350	-	1	1.321266	I:	D:
64450	65253	+	1	1.277124	I:	D:
65254	65724	+	1	1.286116	I:	D:
65721	68012	+	3	1.283400	I:	D:
68009	68716	+	2	1.314716	I:	D:
68713	69747	+	1	1.289986	I:	D:
69763	70371	+	1	1.262440	I:	D:
70368	71507	+	3	1.304158	I:	D:
71509	71739	+	1	1.290109	I:	D:
71765	72820	+	2	1.296988	I:	D:
72817	73632	+	1	1.298720	I:	D:
73699	73950	-	1	1.315610	I:	D:
74057	74221	-	2	1.357731	I:	D:
74249	75208	+	2	1.282747	I:	D:
75262	75753	+	1	1.265472	I:	D:
75800	76738	+	2	1.280084	I:	D:
76933	77679	+	1	1.298073	I:	D:
77695	80106	+	1	1.260268	I:	D:
80216	81082	+	2	1.318720	I:	D:
81681	82886	-	3	1.309463	I:	D:
82898	84310	-	2	1.281940	I:	D:
84395	85135	-	2	1.313190	I:	D:
85161	85556	-	3	1.298633	I:	D:
85632	85943	-	3	1.268230	I:	D:
86017	87162	-	1	1.285542	I:	D:
87260	88288	-	2	1.285575	I:	D:
88459	89541	+	1	1.277431	I:	D:
89583	90476	+	3	1.273596	I:	D:
90492	91325	+	3	1.285779	I:	D:
91380	92687	+	3	1.319017	I:	D:
92737	93204	+	1	1.283626	I:	D:
93297	94517	-	3	1.249597	I:	D:
94903	96567	-	1	1.269415	I:	D:
96589	97071	-	1	1.323906	I:	D:
97090	97941	-	1	1.299711	I:	D:
97980	98783	-	3	1.286987	I:	D:
98780	100663	-	2	1.302916	I:	D:
100732	101199	-	1	1.272521	I:	D:
101232	102113	-	3	1.278438	I:	D:
102113	102298	-	2	1.289215	I:	D:
102306	103529	-	3	1.295519	I:	D:
103517	104359	-	2	1.301398	I:	D:
104455	104889	-	1	1.260525	I:	D:
104964	105350	-	3	1.286804	I:	D:
105511	106137	-	1	1.293946	I:	D:
106170	106703	-	3	1.274955	I:	D:
106700	107170	-	2	1.320881	I:	D:
107174	108256	-	2	1.307049	I:	D:
108253	108636	-	1	1.290582	I:	D:
108633	108827	-	3	1.263389	I:	D:
108846	109310	-	3	1.287460	I:	D:
109307	110200	-	2	1.302421	I:	D:
110329	112329	-	1	1.277869	I:	D:
112673	112840	-	2	1.353302	I:	D:
112951	113526	+	1	1.294162	I:	D:
113597	114682	+	2	1.274118	I:	D:
114843	117329	+	3	1.294603	I:	D:
117396	118364	-	3	1.283841	I:	D:
118400	118690	-	2	1.298833	I:	D:
118931	119452	-	2	1.270695	I:	D:
119548	120801	-	1	1.264886	I:	D:
120992	121624	+	2	1.301199	I:	D:
121615	122250	+	1	1.250860	I:	D:
122262	123116	+	3	1.275221	I:	D:
123224	124183	-	2	1.269165	I:	D:
124349	125767	+	2	1.279183	I:	D:
125894	126493	-	2	1.286526	I:	D:
126932	128014	+	2	1.261641	I:	D:
128253	129278	-	3	1.267160	I:	D:
129662	130636	-	2	1.275822	I:	D:
130807	134316	-	1	1.283614	I:	D:
133459	134304	+	1	1.291857	I:	D:
134313	135242	-	3	1.279503	I:	D:
135259	136122	-	1	1.284632	I:	D:
136157	137053	-	2	1.270297	I:	D:
137082	138017	-	3	1.251224	I:	D:
138315	140102	+	3	1.267520	I:	D:
140099	140788	+	2	1.269596	I:	D:
140785	142134	+	1	1.282692	I:	D:
142136	143107	-	2	1.289245	I:	D:
143104	143904	-	1	1.304185	I:	D:
143901	145928	-	3	1.290046	I:	D:
145440	146132	+	3	1.262264	I:	D:
146142	146510	+	3	1.265002	I:	D:
146563	147033	-	1	1.274653	I:	D:
147072	149408	-	3	1.262445	I:	D:
149589	150872	-	3	1.277567	I:	D:
151103	152425	-	2	1.254497	I:	D:
152467	153063	-	1	1.266928	I:	D:
153210	154526	-	3	1.271291	I:	D:
154736	155419	-	2	1.277084	I:	D:
155454	156992	-	3	1.276089	I:	D:
157014	157277	-	3	1.294593	I:	D:
157373	158020	-	2	1.268467	I:	D:
158017	158940	-	1	1.242085	I:	D:
158937	159485	-	3	1.292874	I:	D:
159656	159997	-	2	1.271394	I:	D:
160213	160857	-	1	1.261354	I:	D:
160832	162718	-	2	1.281973	I:	D:
162760	163245	-	1	1.293024	I:	D:
163242	163715	-	3	1.328611	I:	D:
163867	166254	-	1	1.277824	I:	D:
166296	166655	-	3	1.281764	I:	D:
166722	167552	-	3	1.258227	I:	D:
167549	168481	-	2	1.268915	I:	D:
168485	168970	-	2	1.240914	I:	D:
169061	171856	-	2	1.278418	I:	D:
171896	172729	-	2	1.263639	I:	D:
172751	173569	-	2	1.287567	I:	D:
173553	174017	-	3	1.263928	I:	D:
174128	175441	-	2	1.273862	I:	D:
175447	176391	-	1	1.287708	I:	D:
176375	178516	-	2	1.275670	I:	D:
178560	181175	-	3	1.263713	I:	D:
181288	181695	-	1	1.249962	I:	D:
181749	182450	-	3	1.275281	I:	D:
182490	182759	+	3	1.401257	I:	D:
182777	183106	-	2	1.275635	I:	D:
183241	183633	-	1	1.292214	I:	D:
183682	184956	-	1	1.280653	I:	D:
185098	185829	+	1	1.308412	I:	D:
185850	186089	+	3	1.238790	I:	D:
186542	187633	-	2	1.247148	I:	D:
187782	189485	-	3	1.276909	I:	D:
189491	191422	-	2	1.287471	I:	D:
191808	194432	-	3	1.277294	I:	D:
194374	195201	-	1	1.278736	I:	D:
195460	196233	-	1	1.280094	I:	D:
196395	196670	+	3	1.370585	I:	D:
196983	197429	-	3	1.323556	I:	D:
197472	197690	-	3	1.327148	I:	D:
197704	199002	-	1	1.311203	I:	D:
199230	199694	-	3	1.280280	I:	D:
199901	200161	-	2	1.349550	I:	D:
200445	200792	+	3	1.302590	I:	D:
200794	201180	+	1	1.341668	I:	D:
201214	201936	+	1	1.358593	I:	D:
201958	202893	+	1	1.286691	I:	D:
202956	203168	+	3	1.380443	I:	D:
203289	204197	+	3	1.334063	I:	D:
204337	204585	-	1	1.390207	I:	D:
204742	205605	-	1	1.353713	I:	D:
205855	207225	+	1	1.297831	I:	D:
207340	210423	+	1	1.298112	I:	D:
210912	213071	-	3	1.284817	I:	D:
213111	213299	-	3	1.211266	I:	D:
213311	214207	-	2	1.259794	I:	D:
214220	215104	-	2	1.279069	I:	D:
215192	216565	-	2	1.250143	I:	D:
216981	217847	+	3	1.292343	I:	D:
217864	218976	+	1	1.300576	I:	D:
219123	219833	-	3	1.307591	I:	D:
219826	221799	-	1	1.309435	I:	D:
221989	222636	-	1	1.292747	I:	D:
222648	223985	-	3	1.317508	I:	D:
224415	227282	-	3	1.260378	I:	D:
227269	229326	-	1	1.261476	I:	D:
229420	230139	-	1	1.271816	I:	D:
230311	230856	+	1	1.258112	I:	D:
230868	231107	-	3	1.355785	I:	D:
231129	231332	+	3	1.244530	I:	D:
231405	232772	-	3	1.279770	I:	D:
232769	233488	-	2	1.287253	I:	D:
233654	234580	+	2	1.266256	I:	D:
234582	235331	+	3	1.275967	I:	D:
235336	236070	+	1	1.286441	I:	D:
236206	236613	-	1	1.244182	I:	D:
236613	238025	-	3	1.252600	I:	D:
238111	238989	-	1	1.290559	I:	D:
238976	240730	-	2	1.258131	I:	D:
240720	241121	-	3	1.229434	I:	D:
>YB2_20449
245	553	-	2	1.293981	I:	D:
560	1249	-	2	1.265285	I:	D:
1228	1596	-	1	1.326324	I:	D:
1876	2034	-	1	1.290678	I:	D:
2060	2854	-	2	1.299944	I:	D:
2867	4297	-	2	1.249934	I:	D:
4313	5185	-	2	1.245472	I:	D:
5182	6156	-	1	1.258487	I:	D:
6346	6546	-	1	1.329881	I:	D:
6741	6989	-	3	1.319576	I:	D:
6986	7285	-	2	1.300101	I:	D:
7348	8688	-	1	1.273916	I:	D:
8690	9211	-	2	1.265031	I:	D:
9317	10405	-	2	1.278784	I:	D:
10751	11761	-	2	1.257664	I:	D:
11758	12567	-	1	1.256943	I:	D:
12564	14159	-	3	1.265547	I:	D:
14225	14758	+	2	1.264334	I:	D:
14896	16482	-	1	1.252081	I:	D:
16489	17589	-	1	1.260922	I:	D:
17805	19259	-	3	1.276838	I:	D:
19748	19930	-	2	1.349046	I:	D:
20035	21522	+	1	1.285855	I:	D:
21588	22397	+	3	1.273709	I:	D:
22470	23312	+	3	1.291770	I:	D:
23327	24172	-	2	1.281567	I:	D:
24281	25684	-	2	1.249153	I:	D:
25700	26263	-	2	1.279093	I:	D:
26365	26982	-	1	1.246808	I:	D:
26979	28016	-	3	1.253648	I:	D:
28094	29059	-	2	1.253352	I:	D:
28962	29186	-	3	1.295574	I:	D:
29281	29469	-	1	1.297416	I:	D:
29675	30610	+	2	1.264856	I:	D:
30649	31212	+	1	1.257989	I:	D:
31267	32841	-	1	1.251642	I:	D:
33290	34624	-	2	1.241302	I:	D:
34948	35568	-	1	1.256789	I:	D:
35617	35862	+	1	1.386978	I:	D:
35897	37909	+	2	1.264514	I:	D:
38043	38303	+	3	1.336788	I:	D:
38293	38634	+	1	1.311919	I:	D:
38869	40236	+	1	1.247791	I:	D:
40371	40508	-	3	1.273691	I:	D:
40716	41264	-	3	1.261235	I:	D:
41462	42217	+	2	1.254514	I:	D:
42246	43187	+	3	1.262484	I:	D:
43189	43626	+	1	1.237821	I:	D:
43722	43901	+	3	1.361686	I:	D:
44044	45357	-	1	1.265255	I:	D:
45344	46066	-	2	1.245378	I:	D:
46313	47683	-	2	1.245718	I:	D:
48029	48859	-	2	1.234991	I:	D:
48889	49245	-	1	1.353599	I:	D:
49369	49776	-	1	1.233903	I:	D:
49855	50604	-	1	1.254508	I:	D:
50608	51159	-	1	1.238276	I:	D:
51156	51878	-	3	1.234984	I:	D:
51881	52555	-	2	1.250815	I:	D:
52845	53126	+	3	1.374072	I:	D:
53196	53372	+	3	1.251612	I:	D:
53473	54228	+	1	1.231351	I:	D:
54372	54767	+	3	1.259118	I:	D:
54810	57374	+	3	1.236900	I:	D:
57445	57702	-	1	1.293250	I:	D:
57832	58098	-	1	1.251253	I:	D:
58248	58493	+	3	1.355715	I:	D:
58829	60148	+	2	1.245958	I:	D:
60310	60540	-	1	1.357363	I:	D:
60587	61624	-	2	1.252727	I:	D:
61697	61984	+	2	1.259929	I:	D:
61994	63136	+	2	1.265699	I:	D:
63544	64455	-	1	1.237795	I:	D:
64460	65209	-	2	1.245578	I:	D:
65213	65812	-	2	1.249396	I:	D:
65983	68436	-	1	1.240970	I:	D:
68592	69137	-	3	1.254267	I:	D:
69151	71046	-	1	1.235446	I:	D:
71082	71864	-	3	1.247687	I:	D:
71918	72139	-	2	1.278765	I:	D:
72195	74072	-	3	1.280457	I:	D:
74115	74801	-	3	1.261756	I:	D:
74921	75244	-	2	1.270694	I:	D:
75319	75636	-	1	1.275790	I:	D:
76333	78060	+	1	1.247836	I:	D:
78438	79130	-	3	1.301036	I:	D:
79321	80244	-	1	1.271570	I:	D:
80293	81015	-	1	1.254993	I:	D:
81217	83154	-	1	1.258298	I:	D:
83290	83589	-	1	1.255820	I:	D:
83720	84334	+	2	1.235230	I:	D:
84401	84559	-	2	1.318760	I:	D:
84618	84974	-	3	1.302513	I:	D:
84996	85211	-	3	1.357639	I:	D:
85304	85720	-	2	1.273627	I:	D:
85872	86636	-	3	1.260046	I:	D:
86771	87322	-	2	1.270937	I:	D:
87609	88970	-	3	1.236369	I:	D:
89365	90486	+	1	1.258533	I:	D:
90696	91331	-	3	1.264614	I:	D:
91350	92228	-	3	1.263956	I:	D:
92240	94138	-	2	1.258252	I:	D:
94138	94878	-	1	1.259059	I:	D:
94898	95938	-	2	1.257522	I:	D:
95978	97312	-	2	1.248667	I:	D:
97312	98232	-	1	1.254816	I:	D:
98232	98768	-	3	1.257930	I:	D:
98785	101043	-	1	1.253138	I:	D:
101065	101637	-	1	1.238964	I:	D:
101624	101905	-	2	1.273497	I:	D:
101928	102806	-	3	1.250784	I:	D:
103038	103430	-	3	1.293724	I:	D:
103565	104968	-	2	1.261471	I:	D:
104985	105365	-	3	1.299485	I:	D:
105415	106734	-	1	1.262622	I:	D:
107100	109055	+	3	1.266722	I:	D:
109241	109906	-	2	1.296047	I:	D:
110172	110759	-	3	1.314855	I:	D:
110843	111178	-	2	1.342728	I:	D:
111371	112945	-	2	1.267591	I:	D:
113257	114462	-	1	1.293425	I:	D:
114638	116764	-	2	1.292314	I:	D:
116789	117259	-	2	1.302295	I:	D:
117421	117849	-	1	1.330167	I:	D:
118139	121711	-	2	1.260915	I:	D:
121840	125682	-	1	1.262280	I:	D:
125734	126027	-	1	1.375586	I:	D:
126228	127307	-	3	1.258141	I:	D:
127358	129133	-	2	1.266202	I:	D:
129159	130157	-	3	1.268259	I:	D:
130325	130945	-	2	1.243074	I:	D:
131147	132085	-	2	1.301858	I:	D:
132698	133792	-	2	1.257525	I:	D:
133814	134608	-	2	1.271556	I:	D:
134626	135801	-	1	1.268220	I:	D:
135906	136778	-	3	1.261153	I:	D:
136821	137606	-	3	1.257415	I:	D:
137729	138946	-	2	1.273820	I:	D:
139026	139583	-	3	1.292063	I:	D:
140046	141392	+	3	1.266282	I:	D:
141396	142706	+	3	1.254558	I:	D:
143075	144910	-	2	1.253165	I:	D:
145197	145754	-	3	1.268577	I:	D:
145751	146620	-	2	1.256573	I:	D:
146891	148096	-	2	1.257781	I:	D:
148202	148771	-	2	1.286617	I:	D:
148811	149116	-	2	1.271126	I:	D:
149147	149587	-	2	1.317712	I:	D:
149584	149868	-	1	1.233086	I:	D:
149917	150174	-	1	1.224275	I:	D:
150245	150514	-	2	1.259438	I:	D:
150569	151288	-	2	1.268008	I:	D:
151441	151848	-	1	1.252204	I:	D:
152018	152980	-	2	1.251824	I:	D:
152946	154415	-	3	1.268606	I:	D:
154428	155045	-	3	1.261199	I:	D:
155051	155512	-	2	1.281239	I:	D:
155516	157855	-	2	1.262822	I:	D:
157857	159989	-	3	1.263416	I:	D:
159986	161335	-	2	1.257205	I:	D:
161346	162941	-	3	1.259492	I:	D:
162965	164269	-	2	1.255582	I:	D:
164266	165165	-	1	1.239763	I:	D:
165182	166357	-	2	1.263352	I:	D:
166485	168167	-	3	1.253335	I:	D:
168290	168646	-	2	1.290335	I:	D:
168807	170345	+	3	1.266711	I:	D:
170494	171933	-	1	1.252460	I:	D:
171946	173316	-	1	1.243714	I:	D:
173485	174804	-	1	1.252764	I:	D:
174976	175893	-	1	1.251518	I:	D:
175895	177064	-	2	1.261287	I:	D:
177068	178660	-	2	1.257917	I:	D:
178878	180053	-	3	1.276621	I:	D:
180327	180773	-	3	1.261274	I:	D:
180864	181583	-	3	1.271285	I:	D:
181656	183539	-	3	1.269014	I:	D:
183714	184763	-	3	1.301591	I:	D:
185306	187231	+	2	1.250797	I:	D:
187235	187588	+	2	1.256941	I:	D:
187608	189314	+	3	1.266524	I:	D:
189500	190678	-	2	1.262169	I:	D:
190758	190982	+	3	1.360868	I:	D:
191117	192871	+	2	1.246228	I:	D:
192890	193342	+	2	1.258592	I:	D:
193420	194235	-	1	1.278466	I:	D:
194336	195184	-	2	1.261315	I:	D:
195202	196242	-	1	1.283938	I:	D:
196374	197174	-	3	1.261621	I:	D:
197245	198279	-	1	1.274286	I:	D:
198309	200471	-	3	1.253543	I:	D:
200514	201062	-	3	1.263658	I:	D:
201059	202516	-	2	1.285727	I:	D:
202516	203916	-	1	1.251611	I:	D:
203997	204452	-	3	1.235753	I:	D:
204751	205854	-	1	1.252922	I:	D:
205878	207827	-	3	1.237975	I:	D:
207904	209730	-	1	1.257737	I:	D:
209748	210053	-	3	1.363275	I:	D:
210130	210594	+	1	1.271443	I:	D:
210591	211121	+	3	1.259647	I:	D:
211440	211844	-	3	1.261126	I:	D:
212039	214342	-	2	1.245976	I:	D:
214362	214895	-	3	1.251342	I:	D:
214910	215818	-	2	1.260818	I:	D:
215890	216912	-	1	1.241670	I:	D:
217073	217627	-	2	1.278407	I:	D:
217662	218108	-	3	1.272352	I:	D:
218210	220285	-	2	1.261919	I:	D:
220311	220742	-	3	1.253944	I:	D:
221169	223574	+	3	1.255276	I:	D:
223630	225507	+	1	1.258795	I:	D:
225519	225704	+	3	1.346039	I:	D:
225765	226214	+	3	1.267226	I:	D:
226265	227170	+	2	1.231150	I:	D:
227247	227726	+	3	1.244837	I:	D:
227746	227985	+	1	1.257037	I:	D:
228044	228202	-	2	1.290913	I:	D:
228204	228848	-	3	1.261667	I:	D:
228845	229690	-	2	1.278124	I:	D:
229693	230064	-	1	1.261873	I:	D:
230196	231383	-	3	1.257787	I:	D:
231566	232405	-	2	1.267177	I:	D:
232564	232941	+	1	1.301434	I:	D:
233064	234503	+	3	1.262729	I:	D:
234589	234771	+	1	1.364016	I:	D:
234882	235763	-	3	1.260551	I:	D:
235854	237002	-	3	1.263396	I:	D:
236999	237676	-	2	1.283766	I:	D:
237789	237971	+	3	1.290361	I:	D:
237964	238854	+	1	1.296748	I:	D:
238859	239740	+	2	1.263216	I:	D:
239885	240229	-	2	1.310317	I:	D:
240469	242034	-	1	1.331897	I:	D:
242113	242253	-	1	1.325019	I:	D:
242386	242514	+	1	1.381033	I:	D:
242682	244781	-	3	1.242513	I:	D:
244870	245718	-	1	1.285394	I:	D:
246380	248443	-	2	1.246119	I:	D:
248632	249450	-	1	1.301966	I:	D:
249496	249633	+	1	1.336666	I:	D:
249733	251853	+	1	1.277453	I:	D:
251857	252549	+	1	1.278641	I:	D:
252839	254002	+	2	1.263593	I:	D:
254039	255001	-	2	1.252824	I:	D:
255023	255661	-	2	1.275701	I:	D:
255749	256474	-	2	1.270785	I:	D:
256562	257035	+	2	1.263219	I:	D:
257234	258262	-	2	1.271560	I:	D:
258405	258587	-	3	1.338441	I:	D:
258586	259809	+	1	1.255645	I:	D:
259893	261125	+	3	1.250968	I:	D:
261225	262541	-	3	1.249012	I:	D:
262592	265531	-	2	1.251732	I:	D:
265885	266730	-	1	1.249135	I:	D:
266757	267425	-	3	1.286755	I:	D:
267484	267789	-	1	1.327123	I:	D:
268261	271611	+	1	1.255818	I:	D:
271680	272480	-	3	1.279602	I:	D:
272678	273505	+	2	1.266562	I:	D:
273926	274870	-	2	1.343746	I:	D:
274999	275424	-	1	1.264369	I:	D:
275488	276252	-	1	1.310913	I:	D:
276201	276755	-	3	1.364859	I:	D:
276957	277187	+	3	1.396059	I:	D:
277571	279166	-	2	1.290626	I:	D:
279363	279773	-	3	1.324193	I:	D:
279779	280576	-	2	1.315569	I:	D:
280573	281154	-	1	1.334057	I:	D:
281151	282029	-	3	1.285253	I:	D:
282026	284413	-	2	1.283408	I:	D:
284370	285104	-	3	1.279438	I:	D:
285202	286068	-	1	1.309776	I:	D:
286073	286333	-	2	1.313991	I:	D:
286419	288911	-	3	1.421127	I:	D:
288916	289878	-	1	1.410413	I:	D:
290403	290612	-	3	1.323552	I:	D:
290644	291009	-	1	1.336403	I:	D:
291012	291623	-	3	1.371699	I:	D:
291726	292466	-	3	1.328190	I:	D:
292532	292771	-	2	1.280625	I:	D:
292981	293280	-	1	1.332864	I:	D:
293351	294262	-	2	1.307196	I:	D:
294634	296280	-	1	1.249481	I:	D:
296270	298015	-	2	1.256901	I:	D:
298002	298481	-	3	1.280593	I:	D:
298536	298721	-	3	1.366504	I:	D:
298832	299194	-	2	1.253471	I:	D:
299191	300423	-	1	1.256039	I:	D:
300427	301887	-	1	1.257720	I:	D:
302061	302741	-	3	1.284299	I:	D:
302985	303212	+	3	1.243426	I:	D:
303224	304096	+	2	1.262840	I:	D:
304093	305046	+	1	1.252765	I:	D:
305043	305996	+	3	1.279050	I:	D:
306146	307081	+	2	1.246229	I:	D:
307075	308142	+	1	1.279796	I:	D:
308139	309071	+	3	1.265774	I:	D:
309068	309817	+	2	1.254050	I:	D:
309833	311071	+	2	1.248703	I:	D:
311075	311545	+	2	1.252385	I:	D:
311648	311788	-	2	1.298879	I:	D:
311791	312273	-	1	1.352813	I:	D:
312321	312533	-	3	1.348579	I:	D:
312738	313868	+	3	1.271224	I:	D:
313882	314010	+	1	1.295514	I:	D:
314353	314823	-	1	1.267711	I:	D:
314990	315133	-	2	1.356847	I:	D:
315249	316019	+	3	1.303623	I:	D:
316016	316474	+	2	1.320193	I:	D:
316598	317728	+	2	1.285677	I:	D:
317970	318812	-	3	1.297423	I:	D:
318901	319512	-	1	1.310825	I:	D:
319759	320649	-	1	1.285163	I:	D:
320829	321665	+	3	1.268889	I:	D:
321766	322875	+	1	1.283643	I:	D:
322872	323330	+	3	1.268106	I:	D:
323327	324226	+	2	1.290907	I:	D:
324368	324646	-	2	1.326059	I:	D:
324665	325423	-	2	1.276584	I:	D:
325806	326195	-	3	1.285334	I:	D:
326228	326854	-	2	1.371639	I:	D:
326872	327642	-	1	1.299707	I:	D:
327667	327873	-	1	1.383941	I:	D:
328426	329505	-	1	1.274032	I:	D:
329697	330350	+	3	1.282112	I:	D:
330445	330642	-	1	1.288705	I:	D:
330656	331321	-	2	1.310979	I:	D:
331432	331824	-	1	1.277326	I:	D:
331926	332153	-	3	1.260726	I:	D:
332236	332733	-	1	1.258580	I:	D:
332714	334231	-	2	1.284448	I:	D:
334403	336457	-	2	1.295785	I:	D:
336609	337664	-	3	1.316054	I:	D:
337809	338624	-	3	1.372553	I:	D:
338787	339170	-	3	1.314932	I:	D:
339227	340312	-	2	1.329126	I:	D:
340632	340868	-	3	1.308545	I:	D:
340929	341312	-	3	1.311277	I:	D:
341398	342195	-	1	1.294758	I:	D:
342192	343313	-	3	1.317282	I:	D:
343576	343821	+	1	1.295776	I:	D:
344177	344878	-	2	1.316766	I:	D:
344939	345418	-	2	1.309001	I:	D:
345565	346167	-	1	1.314045	I:	D:
346174	346806	-	1	1.315297	I:	D:
346803	347729	-	3	1.291098	I:	D:
347726	348568	-	2	1.295218	I:	D:
348580	349071	-	1	1.314040	I:	D:
349071	349772	-	3	1.322945	I:	D:
349769	350632	-	2	1.303062	I:	D:
350734	351501	-	1	1.299263	I:	D:
352226	353428	+	2	1.325174	I:	D:
353284	353790	+	1	1.363749	I:	D:
353856	353984	-	3	1.308468	I:	D:
354507	354764	+	3	1.315104	I:	D:
354950	355528	+	2	1.283238	I:	D:
355506	356150	+	3	1.292759	I:	D:
356170	356790	+	1	1.300195	I:	D:
357218	358486	+	2	1.266529	I:	D:
358555	359454	+	1	1.274867	I:	D:
359454	360080	+	3	1.273769	I:	D:
360440	361714	+	2	1.278159	I:	D:
362504	362743	+	2	1.310512	I:	D:
362761	363072	-	1	1.345338	I:	D:
363101	363574	+	2	1.310213	I:	D:
363647	363961	+	2	1.327399	I:	D:
363977	364858	+	2	1.319138	I:	D:
364948	365364	+	1	1.295197	I:	D:
365416	365700	-	1	1.343312	I:	D:
365725	366249	-	1	1.267269	I:	D:
366311	367123	-	2	1.311769	I:	D:
367212	367379	-	3	1.282054	I:	D:
367442	369604	-	2	1.423927	I:	D:
369712	370617	-	1	1.417919	I:	D:
370635	371369	-	3	1.324197	I:	D:
371356	372552	-	1	1.383437	I:	D:
372567	372776	-	3	1.385790	I:	D:
372827	373303	-	2	1.360782	I:	D:
374106	374741	-	3	1.315993	I:	D:
374677	375012	-	1	1.314247	I:	D:
375576	375767	+	3	1.373989	I:	D:
