>YB4_425
2	193	-	2	1.341137	I:	D:
712	1161	-	1	1.318198	I:	D:
1179	1616	-	3	1.330304	I:	D:
1613	2320	-	2	1.332421	I:	D:
2341	3069	-	1	1.334097	I:	D:
3072	3554	-	3	1.307651	I:	D:
3596	3913	-	2	1.302556	I:	D:
3997	5649	-	1	1.310536	I:	D:
5676	5813	-	3	1.226145	I:	D:
5882	6817	-	2	1.319126	I:	D:
6943	8130	+	1	1.321324	I:	D:
8226	10868	-	3	1.321151	I:	D:
10898	11713	-	2	1.323315	I:	D:
11727	13007	-	3	1.334415	I:	D:
13022	16576	-	2	1.319121	I:	D:
16677	16895	+	3	1.335087	I:	D:
17005	17277	-	1	1.356765	I:	D:
17297	17902	+	2	1.312533	I:	D:
17973	18959	-	3	1.326602	I:	D:
19006	19299	+	1	1.364142	I:	D:
19469	19645	-	2	1.335799	I:	D:
19666	20394	-	1	1.279955	I:	D:
21010	22467	-	1	1.335688	I:	D:
22638	22817	+	3	1.303384	I:	D:
22917	23213	+	3	1.292645	I:	D:
23240	23470	+	2	1.295305	I:	D:
23580	24122	-	3	1.316290	I:	D:
24176	24955	-	2	1.320733	I:	D:
24999	25244	-	3	1.363140	I:	D:
25477	27177	-	1	1.326133	I:	D:
27616	27747	-	1	1.329814	I:	D:
27909	28307	-	3	1.316794	I:	D:
28330	28980	-	1	1.307561	I:	D:
29059	29253	-	1	1.249084	I:	D:
29314	30132	+	1	1.311946	I:	D:
30234	31247	+	3	1.321141	I:	D:
31508	33166	-	2	1.332054	I:	D:
33328	34245	-	1	1.329834	I:	D:
34261	35208	-	1	1.308963	I:	D:
35449	36402	+	1	1.326698	I:	D:
36464	38833	-	2	1.317211	I:	D:
38890	41004	-	1	1.313731	I:	D:
41128	42615	-	1	1.306064	I:	D:
42798	43229	-	3	1.299835	I:	D:
43237	44178	-	1	1.326611	I:	D:
44184	45248	-	3	1.314950	I:	D:
45238	46785	-	1	1.301327	I:	D:
46852	47694	-	1	1.329771	I:	D:
47694	49238	-	3	1.331315	I:	D:
49510	50271	-	1	1.294798	I:	D:
50255	50965	-	2	1.329300	I:	D:
50977	52023	-	1	1.284773	I:	D:
52164	53810	-	3	1.310242	I:	D:
53958	54593	-	3	1.295642	I:	D:
54586	55368	-	1	1.304788	I:	D:
55462	56469	-	1	1.300803	I:	D:
>YB4_1066
1	684	-	1	1.320933	I:	D:
934	1722	+	1	1.301888	I:	D:
1750	2808	+	1	1.310320	I:	D:
2868	3962	+	3	1.304320	I:	D:
3992	4984	+	2	1.292658	I:	D:
4990	6339	+	1	1.316333	I:	D:
6375	8432	+	3	1.328099	I:	D:
8472	8774	+	3	1.282942	I:	D:
8828	10267	+	2	1.324341	I:	D:
10291	12501	+	1	1.324696	I:	D:
12713	13009	+	2	1.306812	I:	D:
13721	15421	+	2	1.329194	I:	D:
15590	15730	+	2	1.350961	I:	D:
15952	17283	+	1	1.321117	I:	D:
17485	18081	+	1	1.323976	I:	D:
18087	19370	+	3	1.310805	I:	D:
19408	20997	+	1	1.312118	I:	D:
21020	22627	+	2	1.302174	I:	D:
22681	22938	+	1	1.237887	I:	D:
22942	25068	+	1	1.316537	I:	D:
25086	26336	+	3	1.328396	I:	D:
26385	27143	+	3	1.328585	I:	D:
27229	30663	-	1	1.332838	I:	D:
30836	32320	+	2	1.309163	I:	D:
32339	33280	-	2	1.307633	I:	D:
33418	34590	+	1	1.286523	I:	D:
34659	36446	+	3	1.308388	I:	D:
36422	37951	+	2	1.325231	I:	D:
38101	39822	+	1	1.303674	I:	D:
39899	40843	+	2	1.302721	I:	D:
40856	41797	+	2	1.332332	I:	D:
41800	42741	-	1	1.336041	I:	D:
42828	43991	+	3	1.308436	I:	D:
43997	45559	+	2	1.303070	I:	D:
45576	48092	+	3	1.330287	I:	D:
48085	49629	+	1	1.321690	I:	D:
49692	51473	+	3	1.312718	I:	D:
51457	53286	+	1	1.322177	I:	D:
>YB4_1943
140	484	+	2	1.279214	I:	D:
556	2430	-	1	1.322399	I:	D:
2625	3722	-	3	1.301699	I:	D:
3939	5000	+	3	1.333383	I:	D:
5024	5539	+	2	1.326648	I:	D:
5685	8120	+	3	1.303585	I:	D:
8137	9993	+	1	1.315910	I:	D:
10058	11488	+	2	1.308889	I:	D:
11548	12690	+	1	1.311993	I:	D:
12748	14001	+	1	1.329597	I:	D:
14068	14817	+	1	1.323852	I:	D:
14963	16108	+	2	1.314173	I:	D:
16169	17047	+	2	1.329664	I:	D:
17216	17956	+	2	1.320877	I:	D:
18409	18807	+	1	1.317923	I:	D:
18839	19747	+	2	1.310832	I:	D:
19744	20502	+	1	1.356971	I:	D:
20681	22099	+	2	1.323564	I:	D:
22125	23576	+	3	1.305070	I:	D:
23622	24083	+	3	1.334338	I:	D:
24089	24241	+	2	1.350914	I:	D:
24275	25051	-	2	1.319637	I:	D:
25195	25920	+	1	1.308707	I:	D:
26001	27791	+	3	1.312094	I:	D:
27806	28576	+	2	1.329439	I:	D:
28616	29872	+	2	1.322881	I:	D:
29899	30141	+	1	1.309331	I:	D:
30150	31418	+	3	1.333381	I:	D:
31496	32890	-	2	1.336680	I:	D:
33094	34533	+	1	1.327446	I:	D:
34613	35371	+	2	1.305856	I:	D:
35404	35769	+	1	1.307928	I:	D:
35833	36981	+	1	1.330576	I:	D:
37183	38610	+	1	1.340458	I:	D:
38858	40087	+	2	1.330677	I:	D:
40163	40828	+	2	1.310201	I:	D:
40828	41694	+	1	1.329752	I:	D:
41663	42730	+	2	1.338009	I:	D:
42817	43938	-	1	1.330039	I:	D:
44198	44758	+	2	1.329616	I:	D:
44755	45345	+	1	1.331746	I:	D:
45365	49522	+	2	1.305195	I:	D:
>YB4_2420
2	130	-	2	1.323590	I:	D:
147	1181	-	3	1.289222	I:	D:
1376	3319	-	2	1.314457	I:	D:
3323	5680	-	2	1.325270	I:	D:
5737	7626	-	1	1.326073	I:	D:
7681	9366	-	1	1.316275	I:	D:
9463	10374	-	1	1.334483	I:	D:
10389	11432	-	3	1.329517	I:	D:
11770	12813	-	1	1.316629	I:	D:
13115	13948	-	2	1.321574	I:	D:
14042	16285	-	2	1.343360	I:	D:
16807	17931	-	1	1.319858	I:	D:
18017	19627	-	2	1.324882	I:	D:
19748	23827	-	2	1.335301	I:	D:
23906	24643	+	2	1.326261	I:	D:
24785	25933	+	2	1.325453	I:	D:
25935	26963	+	3	1.350156	I:	D:
26960	27751	+	2	1.322753	I:	D:
27846	28493	+	3	1.324567	I:	D:
28574	31027	-	2	1.320663	I:	D:
31047	31862	-	3	1.300185	I:	D:
31894	32478	-	1	1.302810	I:	D:
32494	35211	-	1	1.325543	I:	D:
35380	36984	-	1	1.322624	I:	D:
37111	38019	-	1	1.339720	I:	D:
38033	39010	-	2	1.331836	I:	D:
39346	40041	-	1	1.318775	I:	D:
40120	43662	-	1	1.345656	I:	D:
43794	44756	-	3	1.290563	I:	D:
44818	44949	-	1	1.310505	I:	D:
45198	45707	-	3	1.297714	I:	D:
45815	46420	-	2	1.337993	I:	D:
46539	47174	-	3	1.327989	I:	D:
47296	48114	-	1	1.338919	I:	D:
>YB4_2594
3	626	-	3	1.327592	I:	D:
666	2030	-	3	1.319323	I:	D:
2126	2968	-	2	1.327748	I:	D:
2984	3955	-	2	1.327520	I:	D:
3991	4191	+	1	1.350612	I:	D:
4192	5682	-	1	1.326319	I:	D:
5910	7547	+	3	1.319804	I:	D:
7649	9004	+	2	1.341785	I:	D:
9077	10039	-	2	1.331494	I:	D:
10032	10952	-	3	1.336539	I:	D:
11030	11836	-	2	1.336909	I:	D:
11891	12832	-	2	1.346111	I:	D:
12895	14397	-	1	1.303160	I:	D:
14639	15043	+	2	1.322889	I:	D:
15113	18661	-	2	1.324551	I:	D:
18890	20404	-	2	1.317414	I:	D:
20464	20646	-	1	1.325862	I:	D:
20983	21288	+	1	1.383234	I:	D:
21430	21561	+	1	1.387003	I:	D:
21601	22938	-	1	1.318590	I:	D:
22980	23192	-	3	1.381379	I:	D:
23293	23916	-	1	1.317253	I:	D:
23975	25330	-	2	1.320505	I:	D:
25460	28042	-	2	1.322001	I:	D:
28075	29427	-	1	1.328707	I:	D:
29431	30360	-	1	1.327106	I:	D:
30376	31302	-	1	1.321080	I:	D:
31462	33114	-	1	1.325603	I:	D:
33449	33745	+	2	1.293720	I:	D:
33797	35446	-	2	1.311522	I:	D:
35521	37302	-	1	1.327689	I:	D:
37384	38112	-	1	1.309321	I:	D:
38218	38367	+	1	1.271746	I:	D:
38378	39247	+	2	1.331904	I:	D:
39308	40717	-	2	1.287417	I:	D:
40862	41464	-	2	1.280731	I:	D:
41455	42015	-	1	1.346346	I:	D:
42138	43010	-	3	1.317756	I:	D:
43231	44373	+	1	1.319800	I:	D:
44488	45360	-	1	1.329771	I:	D:
45394	45528	+	1	1.331833	I:	D:
45596	46048	+	2	1.283655	I:	D:
46073	47401	+	2	1.311706	I:	D:
>YB4_2920
1	228	+	1	1.300115	I:	D:
252	533	+	3	1.392440	I:	D:
885	1733	+	3	1.326724	I:	D:
2160	3695	+	3	1.306044	I:	D:
3763	4434	+	1	1.337589	I:	D:
4462	5331	+	1	1.312051	I:	D:
5324	6007	+	2	1.300767	I:	D:
6043	8955	+	1	1.310509	I:	D:
8961	10715	+	3	1.307274	I:	D:
10718	12481	+	2	1.307469	I:	D:
12605	13303	+	2	1.309244	I:	D:
13359	14033	-	3	1.309296	I:	D:
14030	15730	-	2	1.327712	I:	D:
15705	16520	+	3	1.315042	I:	D:
16611	18029	-	3	1.319541	I:	D:
18152	19342	+	2	1.290339	I:	D:
19320	20351	+	3	1.330385	I:	D:
20348	21145	+	2	1.321449	I:	D:
21115	21870	+	1	1.301883	I:	D:
21863	22249	+	2	1.285963	I:	D:
22357	23406	+	1	1.318195	I:	D:
23455	23880	+	1	1.305584	I:	D:
23943	24509	-	3	1.306198	I:	D:
24623	25540	+	2	1.315718	I:	D:
25665	26513	+	3	1.305633	I:	D:
26688	27140	-	3	1.324720	I:	D:
27162	27842	+	3	1.300728	I:	D:
27972	29252	+	3	1.314977	I:	D:
29307	29900	+	3	1.309872	I:	D:
29920	31224	+	1	1.319439	I:	D:
31263	33656	+	3	1.309255	I:	D:
33653	34309	+	2	1.330860	I:	D:
34406	34594	-	2	1.392725	I:	D:
34635	36044	+	3	1.317780	I:	D:
36126	38297	+	3	1.315854	I:	D:
38309	39448	+	2	1.324891	I:	D:
39537	39917	+	3	1.303517	I:	D:
39974	40624	-	2	1.289010	I:	D:
40652	40894	+	2	1.365980	I:	D:
40872	41555	+	3	1.282895	I:	D:
41583	42560	+	3	1.310445	I:	D:
42596	44932	+	2	1.305838	I:	D:
45025	45366	+	1	1.245715	I:	D:
45450	46283	+	3	1.299220	I:	D:
>YB4_4090
375	1403	-	3	1.320295	I:	D:
1503	3242	-	3	1.311649	I:	D:
3333	3791	-	3	1.325599	I:	D:
4050	5096	-	3	1.333894	I:	D:
5220	5684	-	3	1.323584	I:	D:
5799	7787	-	3	1.312246	I:	D:
8007	9527	-	3	1.306995	I:	D:
9630	10556	-	3	1.325245	I:	D:
10575	11480	-	3	1.326464	I:	D:
11777	12802	-	2	1.328608	I:	D:
12955	13590	-	1	1.311090	I:	D:
13652	14554	-	2	1.345484	I:	D:
14683	15444	+	1	1.325160	I:	D:
15454	16803	-	1	1.292789	I:	D:
16822	17703	-	1	1.277587	I:	D:
17722	18390	-	1	1.309639	I:	D:
18413	19480	-	2	1.289022	I:	D:
19869	20705	-	3	1.301405	I:	D:
20806	21840	-	1	1.342333	I:	D:
21840	23210	-	3	1.302653	I:	D:
23367	24668	-	3	1.319182	I:	D:
24679	26481	-	1	1.310128	I:	D:
26478	28298	-	3	1.315333	I:	D:
28350	29942	-	3	1.300368	I:	D:
29972	31702	-	2	1.305682	I:	D:
31714	32622	-	1	1.323178	I:	D:
32634	33554	-	3	1.305572	I:	D:
33645	35294	-	3	1.296635	I:	D:
35635	35940	-	1	1.334018	I:	D:
35930	36661	-	2	1.326340	I:	D:
36670	37635	-	1	1.312052	I:	D:
37836	38510	-	3	1.295064	I:	D:
38530	39696	-	1	1.287567	I:	D:
39737	40816	-	2	1.289829	I:	D:
40984	42633	-	1	1.294843	I:	D:
42697	43641	-	1	1.308446	I:	D:
43659	44615	-	3	1.305286	I:	D:
45095	45640	-	2	1.329134	I:	D:
45659	46714	-	2	1.325448	I:	D:
46794	48173	-	3	1.310570	I:	D:
48219	48503	-	3	1.291493	I:	D:
48658	49926	-	1	1.348989	I:	D:
50522	52183	-	2	1.359913	I:	D:
52315	52827	+	1	1.346169	I:	D:
52940	53914	+	2	1.301813	I:	D:
53975	55177	-	2	1.290187	I:	D:
55559	56479	-	2	1.268984	I:	D:
56578	57690	-	1	1.314984	I:	D:
57925	58131	-	1	1.296428	I:	D:
58152	58370	-	3	1.321124	I:	D:
58516	58731	-	1	1.282460	I:	D:
58802	59035	-	2	1.295128	I:	D:
59145	60278	-	3	1.321100	I:	D:
60275	60541	-	2	1.267070	I:	D:
60558	61682	-	3	1.285093	I:	D:
61684	61878	-	1	1.298320	I:	D:
62066	62569	+	2	1.299230	I:	D:
62735	64276	-	2	1.341164	I:	D:
64477	67038	-	1	1.318078	I:	D:
67145	67669	-	2	1.382944	I:	D:
67739	68518	-	2	1.326911	I:	D:
68677	69183	+	1	1.336316	I:	D:
69239	69685	+	2	1.337072	I:	D:
69752	71509	-	2	1.320843	I:	D:
71659	73641	+	1	1.321720	I:	D:
73649	74710	-	2	1.329712	I:	D:
74796	75800	-	3	1.319940	I:	D:
75797	76258	-	2	1.320811	I:	D:
76396	76614	-	1	1.319342	I:	D:
77364	77780	+	3	1.411043	I:	D:
77865	80129	-	3	1.334184	I:	D:
80410	81966	-	1	1.312420	I:	D:
81982	82497	-	1	1.331126	I:	D:
82615	84348	-	1	1.324770	I:	D:
84353	85420	-	2	1.297886	I:	D:
85469	85789	-	2	1.342583	I:	D:
85929	86969	-	3	1.327477	I:	D:
87002	88597	-	2	1.295219	I:	D:
88594	90246	-	1	1.298750	I:	D:
90328	91752	-	1	1.323371	I:	D:
91757	93190	-	2	1.327316	I:	D:
93313	95001	-	1	1.288807	I:	D:
95066	95953	-	2	1.319750	I:	D:
95973	96896	-	3	1.312417	I:	D:
96901	97062	-	1	1.259608	I:	D:
97078	98565	-	1	1.333648	I:	D:
98584	99546	-	1	1.290338	I:	D:
99572	100450	-	2	1.332614	I:	D:
100469	102574	-	2	1.307442	I:	D:
102662	104155	-	2	1.323293	I:	D:
104326	106413	-	1	1.307306	I:	D:
106573	108162	-	1	1.295871	I:	D:
108250	109152	-	1	1.297311	I:	D:
109168	110109	-	1	1.321512	I:	D:
110361	111377	+	3	1.300033	I:	D:
111388	112581	+	1	1.323226	I:	D:
112605	113030	+	3	1.299356	I:	D:
113084	120082	-	2	1.304562	I:	D:
120109	121152	-	1	1.331520	I:	D:
121164	122843	-	3	1.328048	I:	D:
122833	123528	-	1	1.303531	I:	D:
123536	124174	-	2	1.301821	I:	D:
124196	125110	-	2	1.319573	I:	D:
125123	126328	-	2	1.309551	I:	D:
126341	127129	-	2	1.353656	I:	D:
127138	127557	-	1	1.296950	I:	D:
127573	128100	-	1	1.325520	I:	D:
128207	130759	-	2	1.335803	I:	D:
130865	133156	-	2	1.318934	I:	D:
133244	134362	+	2	1.324941	I:	D:
134530	134697	+	1	1.317584	I:	D:
134745	135122	+	3	1.280901	I:	D:
135126	135419	+	3	1.264715	I:	D:
135584	136756	-	2	1.329050	I:	D:
136878	137435	-	3	1.301197	I:	D:
137711	138943	+	2	1.311876	I:	D:
139138	139845	+	1	1.316105	I:	D:
139908	140219	+	3	1.333851	I:	D:
140323	140814	+	1	1.335383	I:	D:
140856	141722	-	3	1.306247	I:	D:
141740	142504	-	2	1.296542	I:	D:
142554	143612	-	3	1.324000	I:	D:
143637	144665	-	3	1.290817	I:	D:
144662	145336	-	2	1.291296	I:	D:
145350	146792	-	3	1.278128	I:	D:
146977	147972	+	1	1.326068	I:	D:
148214	149557	-	2	1.301128	I:	D:
149663	150574	-	2	1.316767	I:	D:
150812	152224	-	2	1.307154	I:	D:
152422	153774	+	1	1.336236	I:	D:
153850	154545	-	1	1.320656	I:	D:
154566	156863	-	3	1.279415	I:	D:
156893	157462	-	2	1.328548	I:	D:
157492	157857	-	1	1.301486	I:	D:
157898	159499	-	2	1.332638	I:	D:
159506	160576	-	2	1.318100	I:	D:
160719	160928	+	3	1.442156	I:	D:
160964	161533	-	2	1.336293	I:	D:
161566	162519	-	1	1.299066	I:	D:
162591	163457	-	3	1.306645	I:	D:
163450	164229	-	1	1.322193	I:	D:
164262	165380	-	3	1.326186	I:	D:
165438	165788	-	3	1.310483	I:	D:
165898	166614	-	1	1.320961	I:	D:
166839	168275	+	3	1.319573	I:	D:
168291	168479	-	3	1.353746	I:	D:
168540	169361	+	3	1.316885	I:	D:
169348	169986	+	1	1.293314	I:	D:
170041	170871	+	1	1.308134	I:	D:
170874	172040	+	3	1.296612	I:	D:
172316	172558	-	2	1.347065	I:	D:
172609	172779	+	1	1.377347	I:	D:
173024	175399	-	2	1.310137	I:	D:
175596	176684	-	3	1.284873	I:	D:
176792	178582	-	2	1.320684	I:	D:
178582	179304	-	1	1.307748	I:	D:
179449	180348	-	1	1.316607	I:	D:
180498	181355	+	3	1.340314	I:	D:
181435	182718	-	1	1.304785	I:	D:
182945	184972	+	2	1.320574	I:	D:
185097	186245	-	3	1.339399	I:	D:
186300	187757	-	3	1.328489	I:	D:
187800	189155	-	3	1.320422	I:	D:
189181	190074	-	1	1.304526	I:	D:
190105	191031	-	1	1.303070	I:	D:
191138	192790	-	2	1.312679	I:	D:
193040	195019	-	2	1.306045	I:	D:
195348	196751	-	3	1.304106	I:	D:
196752	197642	-	3	1.338853	I:	D:
>YB4_5724
15	1541	-	3	1.340065	I:	D:
1608	2186	-	3	1.349147	I:	D:
2179	3318	-	1	1.366390	I:	D:
3320	3634	-	2	1.330531	I:	D:
3924	4442	-	3	1.386832	I:	D:
4529	4684	+	2	1.321543	I:	D:
4754	5656	+	2	1.298558	I:	D:
5646	6293	+	3	1.331214	I:	D:
6335	6535	+	2	1.241961	I:	D:
6557	8833	+	2	1.310542	I:	D:
8917	11019	+	1	1.302867	I:	D:
11032	12318	+	1	1.329123	I:	D:
12318	13076	+	3	1.303033	I:	D:
13090	16161	+	1	1.288226	I:	D:
16177	18573	+	1	1.287264	I:	D:
18570	19640	+	3	1.314262	I:	D:
19676	20743	+	2	1.320416	I:	D:
20775	20924	-	3	1.380522	I:	D:
21087	21485	+	3	1.354278	I:	D:
21482	21763	+	2	1.306387	I:	D:
21933	22175	+	3	1.308410	I:	D:
22398	22943	+	3	1.261346	I:	D:
22912	23673	+	1	1.300189	I:	D:
23657	24544	+	2	1.283265	I:	D:
24522	25742	+	3	1.305862	I:	D:
25879	26475	+	1	1.320921	I:	D:
26787	27209	+	3	1.306459	I:	D:
27282	31013	+	3	1.311366	I:	D:
31128	34691	+	3	1.318760	I:	D:
35371	36900	+	1	1.323481	I:	D:
36936	38417	+	3	1.344754	I:	D:
38461	38781	+	1	1.335794	I:	D:
38815	39000	+	1	1.211175	I:	D:
>YB4_6490
2	160	+	2	1.329184	I:	D:
184	405	-	1	1.309606	I:	D:
456	668	-	3	1.332088	I:	D:
860	3157	-	2	1.316270	I:	D:
3433	4470	+	1	1.308668	I:	D:
4460	5773	+	2	1.333694	I:	D:
5770	7158	+	1	1.341244	I:	D:
7379	7786	-	2	1.328301	I:	D:
7783	9186	-	1	1.329745	I:	D:
9201	10061	-	3	1.329047	I:	D:
10080	11594	-	3	1.319950	I:	D:
11520	11891	+	3	1.389015	I:	D:
12167	12673	-	2	1.298254	I:	D:
12693	12884	+	3	1.335884	I:	D:
12910	13188	-	1	1.298018	I:	D:
13227	13991	-	3	1.322742	I:	D:
13995	14468	-	3	1.322508	I:	D:
14512	14763	-	1	1.322437	I:	D:
14872	15015	+	1	1.263303	I:	D:
15034	15246	+	1	1.411816	I:	D:
15321	16436	+	3	1.311153	I:	D:
16561	17709	+	1	1.306313	I:	D:
17745	18758	+	3	1.305523	I:	D:
18736	20202	+	1	1.323662	I:	D:
20255	20836	+	2	1.299371	I:	D:
20869	21927	+	1	1.328253	I:	D:
21946	22866	+	1	1.317674	I:	D:
22826	23596	+	2	1.342515	I:	D:
23632	24480	+	1	1.313932	I:	D:
24526	25905	-	1	1.319546	I:	D:
26330	28789	+	2	1.304004	I:	D:
28863	29762	-	3	1.322110	I:	D:
29856	30458	-	3	1.334182	I:	D:
30465	31649	-	3	1.314060	I:	D:
31836	33752	+	3	1.319671	I:	D:
33819	34484	+	3	1.315481	I:	D:
34726	36279	-	1	1.328243	I:	D:
36350	37267	+	2	1.323708	I:	D:
>YB4_6554
110	1108	+	2	1.316312	I:	D:
1105	1950	+	1	1.282034	I:	D:
2030	2734	+	2	1.304669	I:	D:
2756	3814	+	2	1.310544	I:	D:
3833	4675	+	2	1.291915	I:	D:
4929	5141	+	3	1.343498	I:	D:
5223	5456	+	3	1.369195	I:	D:
5523	6158	-	3	1.336327	I:	D:
6232	7233	-	1	1.336376	I:	D:
7409	8278	-	2	1.322738	I:	D:
8378	9694	+	2	1.323827	I:	D:
10120	11220	+	1	1.310485	I:	D:
11276	12451	+	2	1.277727	I:	D:
12496	13116	+	1	1.286538	I:	D:
13189	13581	+	1	1.322699	I:	D:
13592	13966	+	2	1.278367	I:	D:
14115	14597	-	3	1.333834	I:	D:
14605	15390	-	1	1.343718	I:	D:
15705	16838	+	3	1.331587	I:	D:
16864	18900	+	1	1.323849	I:	D:
18996	19877	+	3	1.301181	I:	D:
19949	21274	+	2	1.330873	I:	D:
21652	23049	+	1	1.305950	I:	D:
23095	23313	-	1	1.374981	I:	D:
23387	24520	-	2	1.323902	I:	D:
24690	25538	+	3	1.329004	I:	D:
26014	27477	+	1	1.301872	I:	D:
27461	28033	+	2	1.318967	I:	D:
28106	29113	+	2	1.317058	I:	D:
29126	29932	+	2	1.310391	I:	D:
30089	31273	+	2	1.332434	I:	D:
31281	32063	+	3	1.293099	I:	D:
32067	32198	+	3	1.345660	I:	D:
32431	33678	+	1	1.300107	I:	D:
34085	34264	+	2	1.363187	I:	D:
34397	35221	+	2	1.304894	I:	D:
35306	36634	-	2	1.325676	I:	D:
36649	37104	-	1	1.322504	I:	D:
>YB4_10244
3	179	-	3	1.474502	I:	D:
462	1559	+	3	1.309225	I:	D:
1760	2827	+	2	1.309295	I:	D:
2833	4125	+	1	1.322432	I:	D:
4109	4846	+	2	1.305418	I:	D:
4923	6377	+	3	1.301390	I:	D:
6417	6641	+	3	1.294244	I:	D:
6638	8086	+	2	1.293280	I:	D:
8119	9051	+	1	1.334908	I:	D:
9048	9485	+	3	1.345380	I:	D:
9502	10125	+	1	1.295095	I:	D:
10171	11145	+	1	1.318412	I:	D:
11258	12289	+	2	1.314102	I:	D:
12327	12485	+	3	1.378833	I:	D:
12813	13025	+	3	1.334363	I:	D:
13047	13505	+	3	1.299226	I:	D:
13624	14682	-	1	1.307242	I:	D:
14684	14929	-	2	1.353216	I:	D:
15155	16114	+	2	1.333054	I:	D:
16166	16435	-	2	1.289842	I:	D:
16616	18181	+	2	1.290798	I:	D:
18253	18438	+	1	1.373730	I:	D:
18500	18709	+	2	1.354567	I:	D:
18911	20335	+	2	1.292124	I:	D:
20457	21686	+	3	1.315329	I:	D:
21699	23762	+	3	1.329622	I:	D:
24357	24914	+	3	1.305120	I:	D:
24907	25575	+	1	1.302624	I:	D:
25656	27299	+	3	1.311023	I:	D:
27387	28325	+	3	1.315235	I:	D:
28392	28571	+	3	1.317575	I:	D:
28794	29525	+	3	1.306963	I:	D:
29565	29810	+	3	1.274586	I:	D:
29923	30312	+	1	1.328991	I:	D:
30356	30649	+	2	1.352994	I:	D:
30819	32351	+	3	1.309218	I:	D:
32369	33109	+	2	1.324217	I:	D:
33100	33969	+	1	1.321078	I:	D:
33966	34607	+	3	1.330303	I:	D:
34729	36699	+	1	1.308997	I:	D:
36823	38475	+	1	1.312885	I:	D:
38472	40172	+	3	1.304566	I:	D:
40181	40909	+	2	1.273014	I:	D:
41063	42733	+	2	1.308590	I:	D:
42770	43768	+	2	1.293767	I:	D:
43792	44742	+	1	1.306436	I:	D:
44760	47381	+	3	1.298402	I:	D:
47461	47664	+	1	1.365914	I:	D:
47920	48171	+	1	1.360816	I:	D:
49035	50546	-	3	1.328311	I:	D:
50613	50759	-	3	1.287891	I:	D:
50777	52462	+	2	1.302700	I:	D:
52608	53525	+	3	1.297876	I:	D:
53539	54414	+	1	1.308874	I:	D:
54530	56722	+	2	1.329659	I:	D:
56965	57960	-	1	1.329179	I:	D:
58088	58843	-	2	1.327101	I:	D:
59098	60108	+	1	1.340637	I:	D:
60238	61053	+	1	1.327774	I:	D:
61068	62678	+	3	1.313354	I:	D:
62826	63761	+	3	1.310916	I:	D:
63764	64750	+	2	1.305639	I:	D:
64766	65878	+	2	1.297961	I:	D:
65862	66773	+	3	1.292796	I:	D:
66958	67572	+	1	1.316793	I:	D:
67635	68879	+	3	1.329904	I:	D:
68951	69994	+	2	1.326666	I:	D:
70049	70741	+	2	1.332631	I:	D:
70751	71593	+	2	1.312330	I:	D:
71598	72764	-	3	1.312504	I:	D:
72790	73473	-	1	1.346318	I:	D:
73629	74888	+	3	1.304923	I:	D:
74890	75072	+	1	1.341141	I:	D:
75077	75967	+	2	1.334115	I:	D:
76107	78107	+	3	1.306090	I:	D:
78140	81280	+	2	1.321373	I:	D:
81386	82426	-	2	1.317424	I:	D:
82612	83691	+	1	1.315569	I:	D:
83997	88343	+	3	1.290667	I:	D:
88618	91617	+	1	1.324558	I:	D:
91795	93393	+	1	1.333480	I:	D:
93605	94543	+	2	1.334395	I:	D:
94561	95478	+	1	1.330733	I:	D:
95569	97176	+	1	1.317011	I:	D:
97279	98991	+	1	1.314297	I:	D:
99096	101447	+	3	1.339007	I:	D:
101497	103179	+	1	1.325478	I:	D:
103226	103603	+	2	1.409369	I:	D:
103752	104516	+	3	1.349977	I:	D:
104517	105263	+	3	1.343040	I:	D:
105266	106009	+	2	1.344261	I:	D:
106002	106379	+	3	1.317232	I:	D:
106388	107080	+	2	1.337291	I:	D:
107071	108435	+	1	1.323314	I:	D:
108462	108842	-	3	1.329527	I:	D:
108842	109456	-	2	1.286549	I:	D:
109606	109803	-	1	1.278107	I:	D:
109831	110166	-	1	1.295965	I:	D:
110218	110949	-	1	1.300470	I:	D:
>YB4_10942
3	1544	-	3	1.311603	I:	D:
1563	2051	-	3	1.291333	I:	D:
2138	3109	-	2	1.327401	I:	D:
3106	3456	-	1	1.282790	I:	D:
3536	4516	-	2	1.316656	I:	D:
4513	4797	-	1	1.342437	I:	D:
4817	5875	-	2	1.301965	I:	D:
5904	6488	-	3	1.315135	I:	D:
6671	9109	+	2	1.327016	I:	D:
9203	9553	+	2	1.417643	I:	D:
9556	12099	-	1	1.324241	I:	D:
12157	13257	-	1	1.322024	I:	D:
13326	14270	-	3	1.313886	I:	D:
14291	15067	-	2	1.296321	I:	D:
15095	16048	-	2	1.325086	I:	D:
16172	17050	-	2	1.316372	I:	D:
17243	17800	-	2	1.337009	I:	D:
17950	18450	-	1	1.284546	I:	D:
18447	18944	-	3	1.327389	I:	D:
18941	19417	-	2	1.313189	I:	D:
19506	19769	-	3	1.315452	I:	D:
19873	21465	-	1	1.309476	I:	D:
21544	24801	-	1	1.305118	I:	D:
24872	26131	-	2	1.297402	I:	D:
26252	29392	-	2	1.320305	I:	D:
>YB4_10997
94	1488	-	1	1.314997	I:	D:
1584	1754	+	3	1.403581	I:	D:
1900	2616	+	1	1.321178	I:	D:
2805	3344	+	3	1.293301	I:	D:
3531	4418	-	3	1.328197	I:	D:
4505	5137	+	2	1.337366	I:	D:
5137	6189	+	1	1.341334	I:	D:
6204	7349	-	3	1.346852	I:	D:
7656	9212	+	3	1.294344	I:	D:
9223	10152	+	1	1.305091	I:	D:
10209	11033	+	3	1.317831	I:	D:
11059	11853	+	1	1.312626	I:	D:
11896	12672	+	1	1.290498	I:	D:
12728	13789	+	2	1.300425	I:	D:
14086	14886	+	1	1.319639	I:	D:
14883	15695	+	3	1.331190	I:	D:
15699	16601	+	3	1.330333	I:	D:
16808	17257	-	2	1.315819	I:	D:
17428	17946	+	1	1.299103	I:	D:
18025	19026	+	1	1.313549	I:	D:
19170	20189	+	3	1.296733	I:	D:
20256	21101	-	3	1.305990	I:	D:
21221	22651	-	2	1.322229	I:	D:
22913	23512	+	2	1.319371	I:	D:
23628	24653	+	3	1.332505	I:	D:
25118	26581	+	2	1.293854	I:	D:
26656	27510	-	1	1.302462	I:	D:
27845	29140	+	2	1.299965	I:	D:
29288	30187	+	2	1.310196	I:	D:
30180	30986	+	3	1.303572	I:	D:
30998	31450	+	2	1.297058	I:	D:
31410	32723	+	3	1.303815	I:	D:
32778	34940	+	3	1.307706	I:	D:
35020	36780	+	1	1.322101	I:	D:
36962	38704	+	2	1.301414	I:	D:
38770	43626	+	1	1.315193	I:	D:
43748	45025	-	2	1.306963	I:	D:
45015	46154	-	3	1.340961	I:	D:
46170	47111	-	3	1.324408	I:	D:
47190	47969	-	3	1.298536	I:	D:
48117	49178	+	3	1.272810	I:	D:
49197	50594	+	3	1.301567	I:	D:
50732	51859	+	2	1.299904	I:	D:
52068	54674	+	3	1.300916	I:	D:
54812	56479	+	2	1.317300	I:	D:
56532	57080	+	3	1.327247	I:	D:
57582	59150	+	3	1.287635	I:	D:
59147	60949	+	2	1.303973	I:	D:
60952	61857	+	1	1.295031	I:	D:
61860	65063	+	3	1.288112	I:	D:
65507	65698	+	2	1.462394	I:	D:
65822	67303	+	2	1.312187	I:	D:
67413	70073	+	3	1.302147	I:	D:
70284	72290	+	3	1.298836	I:	D:
72349	73317	+	1	1.310015	I:	D:
73335	74615	+	3	1.308826	I:	D:
74759	75439	+	2	1.345921	I:	D:
75436	76311	+	1	1.317661	I:	D:
76335	76865	+	3	1.333036	I:	D:
76858	79731	+	1	1.326728	I:	D:
79787	80584	+	2	1.316414	I:	D:
80591	80848	+	2	1.346896	I:	D:
80876	82057	+	2	1.317282	I:	D:
82097	82498	+	2	1.339910	I:	D:
82495	83469	+	1	1.309652	I:	D:
83591	84010	+	2	1.295984	I:	D:
84107	84319	-	2	1.327842	I:	D:
84486	85916	+	3	1.298595	I:	D:
85932	86612	+	3	1.292725	I:	D:
86632	87189	+	1	1.299792	I:	D:
87194	87952	+	2	1.335217	I:	D:
87969	89066	+	3	1.311344	I:	D:
89076	89591	+	3	1.312828	I:	D:
89584	90510	+	1	1.327551	I:	D:
90531	91202	+	3	1.334943	I:	D:
91301	91939	+	2	1.333320	I:	D:
91981	93030	-	1	1.325350	I:	D:
93320	94648	+	2	1.306526	I:	D:
94676	96997	+	2	1.319067	I:	D:
97295	100417	+	2	1.315350	I:	D:
100462	101451	+	1	1.323195	I:	D:
101499	103391	+	3	1.315712	I:	D:
103506	103835	+	3	1.369667	I:	D:
103871	105076	+	2	1.320246	I:	D:
105093	106106	+	3	1.308125	I:	D:
106117	106614	+	1	1.306140	I:	D:
106657	108294	+	1	1.323824	I:	D:
108309	108893	+	3	1.336511	I:	D:
108799	110040	+	1	1.332890	I:	D:
110037	111620	+	3	1.328343	I:	D:
111765	112361	+	3	1.315374	I:	D:
112394	112897	+	2	1.319311	I:	D:
112903	114474	-	1	1.306885	I:	D:
114859	115017	-	1	1.296688	I:	D:
115057	115218	-	1	1.309059	I:	D:
115586	116950	-	2	1.336706	I:	D:
117020	118066	+	2	1.333071	I:	D:
118063	118572	+	1	1.332203	I:	D:
118588	118782	+	1	1.313141	I:	D:
118791	119168	+	3	1.298400	I:	D:
119205	120395	+	3	1.321870	I:	D:
120422	120940	+	2	1.286566	I:	D:
120958	121578	+	1	1.287565	I:	D:
121575	122216	+	3	1.288073	I:	D:
122293	122667	+	1	1.294340	I:	D:
122748	123185	+	3	1.292370	I:	D:
123185	124396	+	2	1.300753	I:	D:
124415	124645	+	2	1.290828	I:	D:
124642	125532	+	1	1.292438	I:	D:
125573	127429	+	2	1.305407	I:	D:
127460	128263	+	2	1.330217	I:	D:
128282	129142	+	2	1.330254	I:	D:
129176	129634	+	2	1.304457	I:	D:
129656	131347	+	2	1.297698	I:	D:
131396	132466	+	2	1.319867	I:	D:
132668	133483	+	2	1.318717	I:	D:
133639	135384	+	1	1.304828	I:	D:
135449	137194	-	2	1.311872	I:	D:
137384	138250	+	2	1.315264	I:	D:
138273	138545	+	3	1.339405	I:	D:
138538	139155	+	1	1.297586	I:	D:
139175	139531	+	2	1.290446	I:	D:
139521	140873	+	3	1.302041	I:	D:
140848	141387	+	1	1.315692	I:	D:
141412	142779	+	1	1.324116	I:	D:
142839	143144	+	3	1.307002	I:	D:
143156	144163	+	2	1.302536	I:	D:
144144	144542	+	3	1.278446	I:	D:
144740	144895	+	2	1.354511	I:	D:
145289	145681	+	2	1.316467	I:	D:
145717	147405	+	1	1.299662	I:	D:
147425	149422	+	2	1.318362	I:	D:
149548	149799	+	1	1.323911	I:	D:
149980	150546	+	1	1.310491	I:	D:
150553	151053	+	1	1.306229	I:	D:
151077	151706	+	3	1.279610	I:	D:
151775	152683	-	2	1.360281	I:	D:
152732	154099	+	2	1.310690	I:	D:
154099	154797	+	1	1.312798	I:	D:
154800	155441	+	3	1.300274	I:	D:
155461	156030	+	1	1.308913	I:	D:
156027	157061	+	3	1.322276	I:	D:
157067	157624	+	2	1.309186	I:	D:
157727	158995	+	2	1.308015	I:	D:
159013	159660	+	1	1.314120	I:	D:
159684	160985	+	3	1.309020	I:	D:
160987	161601	+	1	1.311361	I:	D:
161608	161997	+	1	1.308229	I:	D:
>YB4_11216
1	162	+	1	1.323741	I:	D:
291	2462	-	3	1.306654	I:	D:
2487	4712	-	3	1.305406	I:	D:
4702	5517	-	1	1.324758	I:	D:
5808	6809	-	3	1.286580	I:	D:
7041	7862	-	3	1.322804	I:	D:
7903	9624	-	1	1.337433	I:	D:
9633	11258	-	3	1.333731	I:	D:
11292	12179	-	3	1.331230	I:	D:
12197	13183	-	2	1.313937	I:	D:
13226	14695	-	2	1.316992	I:	D:
14976	17570	-	3	1.324834	I:	D:
17620	17937	-	1	1.330330	I:	D:
17951	18103	+	2	1.360949	I:	D:
18247	18717	+	1	1.439555	I:	D:
18863	19537	-	2	1.281202	I:	D:
19668	20219	-	3	1.337669	I:	D:
20333	21409	-	2	1.303488	I:	D:
21530	22153	-	2	1.312358	I:	D:
22171	23775	-	1	1.296165	I:	D:
23765	26617	-	2	1.306957	I:	D:
27003	27401	+	3	1.296854	I:	D:
>YB4_11413
313	1584	+	1	1.302425	I:	D:
1636	2832	-	1	1.324698	I:	D:
3041	4081	+	2	1.286035	I:	D:
4143	4409	+	3	1.278235	I:	D:
4425	6608	+	3	1.323080	I:	D:
6605	7558	+	2	1.319157	I:	D:
7578	9965	+	3	1.308419	I:	D:
9965	11836	+	2	1.328287	I:	D:
11918	13378	+	2	1.321453	I:	D:
13398	14867	+	3	1.341065	I:	D:
14930	15313	+	2	1.329756	I:	D:
15322	16536	+	1	1.318569	I:	D:
16541	17368	+	2	1.299436	I:	D:
17399	18928	+	2	1.333007	I:	D:
19492	20574	+	1	1.307368	I:	D:
20723	21097	+	2	1.300605	I:	D:
21237	22547	+	3	1.306632	I:	D:
22537	24306	+	1	1.316389	I:	D:
24356	24754	-	2	1.295160	I:	D:
24776	25024	+	2	1.365036	I:	D:
25055	25264	-	2	1.318555	I:	D:
>YB4_12327
2	745	+	2	1.312279	I:	D:
795	1805	+	3	1.315322	I:	D:
1896	3341	+	3	1.321815	I:	D:
3445	4704	+	1	1.315670	I:	D:
4709	6058	+	2	1.309329	I:	D:
6094	6939	+	1	1.301699	I:	D:
6936	8267	+	3	1.306594	I:	D:
8267	9088	+	2	1.309832	I:	D:
9230	10492	+	2	1.329246	I:	D:
10541	10816	+	2	1.279439	I:	D:
10874	11392	+	2	1.323921	I:	D:
11414	13252	+	2	1.311371	I:	D:
13342	14328	+	1	1.298409	I:	D:
14455	14991	+	1	1.291512	I:	D:
15041	16510	+	2	1.314608	I:	D:
16646	19492	+	2	1.301166	I:	D:
19590	19979	+	3	1.325542	I:	D:
19985	21985	+	2	1.315462	I:	D:
22009	24846	+	1	1.322179	I:	D:
25123	26694	+	1	1.315264	I:	D:
26710	27666	+	1	1.291367	I:	D:
27671	28405	+	2	1.317571	I:	D:
28409	29587	+	2	1.321481	I:	D:
29702	30889	+	2	1.307370	I:	D:
30998	31231	-	2	1.292978	I:	D:
31271	31399	+	2	1.296101	I:	D:
31404	32711	+	3	1.326930	I:	D:
32712	32840	+	3	1.396557	I:	D:
32979	33260	+	3	1.336021	I:	D:
33257	33760	+	2	1.311494	I:	D:
33787	34050	+	1	1.286520	I:	D:
34189	35853	+	1	1.324226	I:	D:
35858	36514	+	2	1.341115	I:	D:
36516	37763	+	3	1.319982	I:	D:
37779	40682	+	3	1.307313	I:	D:
40710	41615	+	3	1.326184	I:	D:
41636	42409	+	2	1.349575	I:	D:
42578	43261	+	2	1.311425	I:	D:
43336	44724	+	1	1.334507	I:	D:
45122	46456	+	2	1.322988	I:	D:
46604	47698	+	2	1.314944	I:	D:
47752	48372	+	1	1.286102	I:	D:
48472	50334	+	1	1.318238	I:	D:
50531	51685	+	2	1.329407	I:	D:
51786	52286	+	3	1.332943	I:	D:
52326	53006	+	3	1.331588	I:	D:
53026	54024	+	1	1.321501	I:	D:
54118	54798	+	1	1.325674	I:	D:
54798	57557	+	3	1.317367	I:	D:
57865	58506	+	1	1.303867	I:	D:
58490	59503	+	2	1.287250	I:	D:
59652	60107	-	3	1.306899	I:	D:
60142	60525	-	1	1.288129	I:	D:
60809	61474	+	2	1.284136	I:	D:
61488	62774	+	3	1.306571	I:	D:
62871	63419	+	3	1.323914	I:	D:
63545	64063	+	2	1.286841	I:	D:
64098	64298	+	3	1.304791	I:	D:
64815	65606	-	3	1.333050	I:	D:
65620	66345	-	1	1.318529	I:	D:
66342	67142	-	3	1.329560	I:	D:
67328	68089	+	2	1.299207	I:	D:
68101	69471	+	1	1.317919	I:	D:
69593	71083	+	2	1.309526	I:	D:
71275	74931	+	1	1.285458	I:	D:
74970	76226	+	3	1.297364	I:	D:
76278	77027	+	3	1.286254	I:	D:
77182	78291	+	1	1.330198	I:	D:
78276	78635	+	3	1.316318	I:	D:
78753	80261	+	3	1.322428	I:	D:
80308	81930	-	1	1.329930	I:	D:
81979	82140	+	1	1.290154	I:	D:
82187	84097	+	2	1.312161	I:	D:
84162	86141	+	3	1.311910	I:	D:
86171	87103	+	2	1.309821	I:	D:
87103	88068	+	1	1.303445	I:	D:
88072	88944	+	1	1.304809	I:	D:
88928	89911	+	2	1.329753	I:	D:
89908	90183	+	1	1.342774	I:	D:
90248	90871	-	2	1.285170	I:	D:
91113	94586	+	3	1.311273	I:	D:
94593	95699	+	3	1.324696	I:	D:
95801	96565	+	2	1.320117	I:	D:
96945	98990	+	3	1.326788	I:	D:
99064	99996	-	1	1.300736	I:	D:
100202	101296	+	2	1.300988	I:	D:
101313	102023	+	3	1.312357	I:	D:
102138	104192	+	3	1.310061	I:	D:
104234	105136	+	2	1.342595	I:	D:
105244	106278	+	1	1.308168	I:	D:
106398	107762	+	3	1.327253	I:	D:
107825	108634	+	2	1.341340	I:	D:
108631	109011	+	1	1.348352	I:	D:
109030	111015	+	1	1.349475	I:	D:
111006	111458	+	3	1.381359	I:	D:
111446	112471	+	2	1.359487	I:	D:
112474	113499	+	1	1.342482	I:	D:
113496	114329	+	3	1.356358	I:	D:
114500	115174	+	2	1.357997	I:	D:
115190	116791	+	2	1.326751	I:	D:
116888	118036	+	2	1.317089	I:	D:
118156	119910	+	1	1.315451	I:	D:
119907	121670	+	3	1.325805	I:	D:
122078	123835	-	2	1.310921	I:	D:
124016	125677	-	2	1.352246	I:	D:
125809	126309	+	1	1.342698	I:	D:
>YB4_12337
90	518	+	3	1.313641	I:	D:
685	1032	+	1	1.317747	I:	D:
1035	1463	+	3	1.314441	I:	D:
1738	2295	+	1	1.332728	I:	D:
2479	4530	+	1	1.314581	I:	D:
4580	5689	-	2	1.314404	I:	D:
5870	6787	-	2	1.322438	I:	D:
6809	7960	-	2	1.324592	I:	D:
8065	8232	-	1	1.385792	I:	D:
8235	9476	-	3	1.326792	I:	D:
9567	9968	+	3	1.324826	I:	D:
10388	11878	-	2	1.335630	I:	D:
11961	13130	-	3	1.321212	I:	D:
13340	14746	-	2	1.317805	I:	D:
14769	16277	-	3	1.263979	I:	D:
16490	18367	-	2	1.318236	I:	D:
18399	18629	-	3	1.334112	I:	D:
18722	18946	+	2	1.375508	I:	D:
18975	19943	+	3	1.329116	I:	D:
20456	21211	-	2	1.303730	I:	D:
21251	22135	-	2	1.313431	I:	D:
22475	23152	-	2	1.352584	I:	D:
23570	24058	-	2	1.316867	I:	D:
24127	25440	-	1	1.326145	I:	D:
25506	25646	+	3	1.341098	I:	D:
25651	26796	-	1	1.303707	I:	D:
26809	28470	-	1	1.304585	I:	D:
28517	29383	-	2	1.334439	I:	D:
29367	30443	-	3	1.301303	I:	D:
30697	31782	+	1	1.305093	I:	D:
31779	32939	+	3	1.290527	I:	D:
32978	34033	-	2	1.324259	I:	D:
34046	39298	-	2	1.293952	I:	D:
39354	39521	+	3	1.311842	I:	D:
39561	40898	-	3	1.297310	I:	D:
41011	42417	-	1	1.336090	I:	D:
42523	44001	-	1	1.331363	I:	D:
44093	45421	-	2	1.329989	I:	D:
45489	45719	-	3	1.386044	I:	D:
45937	49230	-	1	1.301631	I:	D:
49227	50780	-	3	1.294937	I:	D:
51031	51951	+	1	1.323234	I:	D:
51994	53382	-	1	1.311999	I:	D:
53422	54501	-	1	1.307645	I:	D:
54527	55588	-	2	1.313620	I:	D:
55585	56214	-	1	1.283560	I:	D:
56211	56633	-	3	1.314756	I:	D:
56648	57418	-	2	1.305510	I:	D:
57460	58002	-	1	1.316440	I:	D:
58021	59088	-	1	1.315163	I:	D:
59124	60647	-	3	1.316458	I:	D:
60851	62338	-	2	1.343234	I:	D:
62353	67029	-	1	1.320697	I:	D:
67283	67966	+	2	1.327094	I:	D:
68116	70797	-	1	1.323063	I:	D:
70867	71046	+	1	1.339287	I:	D:
71108	71380	-	2	1.283636	I:	D:
71569	72771	-	1	1.324482	I:	D:
72772	73713	-	1	1.315309	I:	D:
73710	74528	-	3	1.299938	I:	D:
74558	75181	-	2	1.301427	I:	D:
75199	76362	-	1	1.323325	I:	D:
76443	77846	-	3	1.314548	I:	D:
77895	78902	-	3	1.311192	I:	D:
78886	79920	-	1	1.309746	I:	D:
79930	80859	-	1	1.302618	I:	D:
80888	81808	-	2	1.311657	I:	D:
81808	83796	-	1	1.299958	I:	D:
83901	85631	-	3	1.316859	I:	D:
85734	87089	+	3	1.308388	I:	D:
87215	89623	-	2	1.298588	I:	D:
89725	90489	-	1	1.326370	I:	D:
90676	93648	-	1	1.302157	I:	D:
93661	94362	-	1	1.325040	I:	D:
94378	95496	-	1	1.295055	I:	D:
95513	97780	-	2	1.282835	I:	D:
98131	99063	+	1	1.295570	I:	D:
99203	100207	-	2	1.299846	I:	D:
100204	101559	-	1	1.325822	I:	D:
101858	102157	+	2	1.296029	I:	D:
102254	103909	-	2	1.310497	I:	D:
103955	107107	-	2	1.298376	I:	D:
107132	110086	-	2	1.296390	I:	D:
110091	111995	-	3	1.295125	I:	D:
112009	112155	-	1	1.359957	I:	D:
112169	114529	-	2	1.305419	I:	D:
114561	116354	-	3	1.295264	I:	D:
116531	116695	+	2	1.346057	I:	D:
116813	117838	-	2	1.316565	I:	D:
117932	118165	-	2	1.288792	I:	D:
118222	119277	-	1	1.280171	I:	D:
119425	119580	-	1	1.311815	I:	D:
119762	119956	+	2	1.274970	I:	D:
120207	120476	-	3	1.290993	I:	D:
120688	120945	-	1	1.322101	I:	D:
120956	121465	-	2	1.306163	I:	D:
121553	122212	-	2	1.350570	I:	D:
122334	123086	-	3	1.379583	I:	D:
123439	124659	+	1	1.352340	I:	D:
124764	125681	+	3	1.319220	I:	D:
125857	126165	+	1	1.299245	I:	D:
>YB4_12510
135	407	-	3	1.298112	I:	D:
412	735	-	1	1.355159	I:	D:
839	1150	+	2	1.320473	I:	D:
1229	2086	+	2	1.309900	I:	D:
2091	2474	+	3	1.312682	I:	D:
2520	3086	+	3	1.346526	I:	D:
3277	4107	+	1	1.326015	I:	D:
4135	6615	+	1	1.307809	I:	D:
6745	7158	+	1	1.317702	I:	D:
7193	8653	+	2	1.343020	I:	D:
8698	9210	+	1	1.299039	I:	D:
9219	9440	+	3	1.367586	I:	D:
9863	14236	+	2	1.276027	I:	D:
14310	15668	+	3	1.315005	I:	D:
15733	17340	+	1	1.321796	I:	D:
17404	20703	+	1	1.311025	I:	D:
20902	21840	+	1	1.314883	I:	D:
21840	22706	+	3	1.328887	I:	D:
22803	24335	+	3	1.325210	I:	D:
24355	25185	+	1	1.308313	I:	D:
25182	25919	+	3	1.314867	I:	D:
26176	26418	-	1	1.363201	I:	D:
27065	28165	+	2	1.324484	I:	D:
28198	29871	+	1	1.314712	I:	D:
30028	31005	+	1	1.305873	I:	D:
31018	33492	+	1	1.312116	I:	D:
33641	34213	+	2	1.284080	I:	D:
34249	35655	+	1	1.310695	I:	D:
35682	36959	+	3	1.318984	I:	D:
37020	38048	-	3	1.315232	I:	D:
38317	39774	-	1	1.335688	I:	D:
39944	40105	+	2	1.251554	I:	D:
40151	41362	+	2	1.321807	I:	D:
41407	42288	+	1	1.315170	I:	D:
42346	43131	+	1	1.311688	I:	D:
43154	43765	+	2	1.305886	I:	D:
43837	44460	+	1	1.342967	I:	D:
44481	45413	+	3	1.320649	I:	D:
45572	47107	+	2	1.337270	I:	D:
47109	48194	+	3	1.328848	I:	D:
48262	50385	+	1	1.323682	I:	D:
50476	51276	+	1	1.318569	I:	D:
51453	52241	+	3	1.327378	I:	D:
52356	53294	+	3	1.318047	I:	D:
53509	53649	+	1	1.352233	I:	D:
53971	54774	+	1	1.306286	I:	D:
54823	55215	+	1	1.309343	I:	D:
55361	58258	+	2	1.311450	I:	D:
58907	59404	+	2	1.336651	I:	D:
59427	60503	+	3	1.299188	I:	D:
60583	61857	+	1	1.323645	I:	D:
61869	63029	+	3	1.311589	I:	D:
63092	64528	-	2	1.335674	I:	D:
64786	65193	+	1	1.347126	I:	D:
65217	65507	-	3	1.344750	I:	D:
65570	66655	-	2	1.328162	I:	D:
66812	68086	+	2	1.326067	I:	D:
68124	68357	+	3	1.266252	I:	D:
68471	69613	+	2	1.310227	I:	D:
69675	70337	-	3	1.325305	I:	D:
70439	70567	-	2	1.249996	I:	D:
70604	70879	+	2	1.287152	I:	D:
71042	71479	+	2	1.327865	I:	D:
71442	72443	+	3	1.322532	I:	D:
72464	73330	+	2	1.315288	I:	D:
73320	74759	+	3	1.320539	I:	D:
74829	75092	+	3	1.300001	I:	D:
75154	76461	+	1	1.307289	I:	D:
76500	77462	+	3	1.307034	I:	D:
77499	78056	+	3	1.303602	I:	D:
78087	79115	+	3	1.312402	I:	D:
79189	79926	+	1	1.312269	I:	D:
79965	82097	+	3	1.312145	I:	D:
82104	84290	+	3	1.303411	I:	D:
84303	85292	+	3	1.328472	I:	D:
85447	86862	+	1	1.326830	I:	D:
86913	88214	+	3	1.312944	I:	D:
88397	89818	+	2	1.313741	I:	D:
89965	90663	+	1	1.304509	I:	D:
90768	92111	+	3	1.304245	I:	D:
92177	93961	+	2	1.316955	I:	D:
94012	94905	-	1	1.362433	I:	D:
95146	96633	+	1	1.312236	I:	D:
96692	97447	+	2	1.329550	I:	D:
97458	99035	+	3	1.320872	I:	D:
99108	100646	+	3	1.304687	I:	D:
100717	102741	+	1	1.320093	I:	D:
102761	102988	+	2	1.309755	I:	D:
103010	103141	+	2	1.254281	I:	D:
103206	104285	+	3	1.312396	I:	D:
104310	107504	+	3	1.312818	I:	D:
107756	108742	+	2	1.305127	I:	D:
108739	109470	+	1	1.322743	I:	D:
109552	110664	+	1	1.316335	I:	D:
111122	111649	+	2	1.320476	I:	D:
111700	113064	+	1	1.318044	I:	D:
113700	114386	+	3	1.323048	I:	D:
114365	115765	+	2	1.300401	I:	D:
115799	116293	+	2	1.299632	I:	D:
116301	117041	+	3	1.321205	I:	D:
117254	117424	+	2	1.351323	I:	D:
117490	119190	+	1	1.326186	I:	D:
119203	119937	+	1	1.308954	I:	D:
119975	120676	-	2	1.285185	I:	D:
120716	120943	-	2	1.316188	I:	D:
121017	121328	+	3	1.290661	I:	D:
>YB4_13130
1	339	+	1	1.311688	I:	D:
432	1031	+	3	1.290534	I:	D:
1044	1286	+	3	1.318220	I:	D:
1451	2965	+	2	1.317890	I:	D:
3158	4744	+	2	1.331292	I:	D:
4803	5405	+	3	1.326506	I:	D:
5487	6131	+	3	1.309886	I:	D:
6212	6418	+	2	1.266393	I:	D:
6572	8125	+	2	1.309244	I:	D:
8166	11075	+	3	1.318169	I:	D:
11159	11707	+	2	1.299903	I:	D:
11753	12229	+	2	1.295249	I:	D:
12289	13314	-	1	1.294039	I:	D:
>YB4_13150
1	180	+	1	1.354360	I:	D:
259	450	-	1	1.347400	I:	D:
563	1288	-	2	1.326124	I:	D:
1400	1843	-	2	1.305545	I:	D:
1830	2045	-	3	1.246461	I:	D:
2211	2456	-	3	1.352053	I:	D:
2450	2845	-	2	1.325311	I:	D:
2962	3342	-	1	1.385494	I:	D:
3354	5090	-	3	1.357697	I:	D:
5105	6850	-	2	1.362746	I:	D:
6847	8319	-	1	1.348255	I:	D:
8337	9077	-	3	1.350502	I:	D:
9077	9676	-	2	1.334017	I:	D:
9832	10854	+	1	1.315303	I:	D:
10912	11067	-	1	1.339934	I:	D:
11276	11914	-	2	1.314981	I:	D:
11927	12064	-	2	1.333801	I:	D:
12199	13422	-	1	1.352288	I:	D:
13484	13930	-	2	1.310022	I:	D:
14456	14677	-	2	1.314186	I:	D:
14653	15144	-	1	1.295306	I:	D:
15177	15710	-	3	1.315792	I:	D:
15954	18371	-	3	1.308820	I:	D:
18512	20683	-	2	1.326099	I:	D:
20680	21318	-	1	1.344273	I:	D:
21318	25241	-	3	1.302357	I:	D:
25234	25851	-	1	1.329072	I:	D:
25823	26191	-	2	1.300255	I:	D:
26201	26710	-	2	1.305494	I:	D:
26707	27147	-	1	1.323100	I:	D:
27149	27601	-	2	1.342064	I:	D:
27606	27941	-	3	1.351147	I:	D:
28028	28423	-	2	1.363410	I:	D:
28437	29633	-	3	1.331815	I:	D:
29637	30173	-	3	1.314306	I:	D:
30321	30494	-	3	1.291764	I:	D:
30499	30840	-	1	1.337881	I:	D:
31080	32585	-	3	1.337306	I:	D:
32582	33943	-	2	1.347156	I:	D:
33948	35315	-	3	1.353097	I:	D:
35287	36003	-	1	1.325783	I:	D:
36075	36524	-	3	1.336923	I:	D:
36552	37490	-	3	1.290897	I:	D:
37729	38157	-	1	1.317359	I:	D:
38340	38801	-	3	1.346151	I:	D:
39000	39557	-	3	1.321424	I:	D:
39563	39763	-	2	1.281071	I:	D:
39774	40172	-	3	1.328490	I:	D:
40399	42630	-	1	1.333414	I:	D:
42587	44230	-	2	1.333575	I:	D:
44247	44708	-	3	1.342247	I:	D:
44726	45859	-	2	1.324159	I:	D:
45859	47151	-	1	1.304092	I:	D:
47292	47528	-	3	1.331005	I:	D:
47521	47916	-	1	1.312164	I:	D:
48048	48191	-	3	1.244217	I:	D:
48280	48690	+	1	1.286748	I:	D:
48800	48940	-	2	1.304826	I:	D:
49026	49175	-	3	1.312673	I:	D:
49364	49984	+	2	1.306200	I:	D:
49981	50829	+	1	1.313267	I:	D:
50902	51939	+	1	1.321498	I:	D:
52085	52477	-	2	1.329868	I:	D:
52503	52931	-	3	1.323043	I:	D:
53161	54090	-	1	1.323681	I:	D:
54087	55271	-	3	1.305950	I:	D:
55283	56677	-	2	1.328042	I:	D:
56705	57244	-	2	1.296554	I:	D:
57222	58745	-	3	1.326377	I:	D:
58797	59603	-	3	1.321575	I:	D:
59600	61486	-	2	1.308586	I:	D:
61660	62196	-	1	1.335109	I:	D:
62218	63177	-	1	1.319703	I:	D:
63291	63884	-	3	1.346641	I:	D:
63901	64299	-	1	1.341616	I:	D:
64371	64739	-	3	1.348065	I:	D:
64784	64921	+	2	1.355359	I:	D:
65116	65334	-	1	1.312644	I:	D:
65365	66141	-	1	1.306225	I:	D:
66238	66882	-	1	1.317195	I:	D:
66892	67029	-	1	1.321201	I:	D:
67108	68394	-	1	1.320604	I:	D:
68424	68864	-	3	1.339105	I:	D:
68884	69066	-	1	1.319156	I:	D:
69080	69589	-	2	1.331087	I:	D:
69609	69977	-	3	1.305169	I:	D:
69997	70539	-	1	1.324484	I:	D:
70637	71038	-	2	1.308335	I:	D:
71128	71313	-	1	1.364305	I:	D:
71330	71872	-	2	1.306288	I:	D:
71895	72203	-	3	1.322158	I:	D:
72218	72586	-	2	1.322408	I:	D:
72652	72930	-	1	1.351840	I:	D:
73121	73558	-	2	1.329793	I:	D:
73561	74220	-	1	1.322810	I:	D:
74233	74619	-	1	1.359642	I:	D:
74652	74930	-	3	1.340248	I:	D:
74971	75816	-	1	1.355685	I:	D:
75876	76175	-	3	1.330809	I:	D:
76175	76795	-	2	1.333147	I:	D:
76831	77460	-	1	1.350078	I:	D:
77587	77904	-	1	1.352668	I:	D:
77951	78190	+	2	1.390164	I:	D:
78389	79252	+	2	1.327686	I:	D:
79494	82397	-	3	1.316456	I:	D:
82559	83452	-	2	1.326582	I:	D:
83552	84121	-	2	1.287182	I:	D:
84154	85194	-	1	1.316530	I:	D:
85223	86206	-	2	1.294892	I:	D:
86203	88020	-	1	1.302106	I:	D:
88023	89627	-	3	1.291456	I:	D:
89778	91430	-	3	1.304932	I:	D:
91451	93025	-	2	1.304975	I:	D:
93040	94302	-	1	1.307893	I:	D:
94710	95903	-	3	1.352720	I:	D:
96076	98193	-	1	1.329656	I:	D:
98240	98779	-	2	1.325534	I:	D:
98985	99407	-	3	1.387061	I:	D:
99682	103458	-	1	1.326557	I:	D:
103481	107380	-	2	1.324044	I:	D:
107922	108290	-	3	1.280386	I:	D:
108415	108903	-	1	1.328797	I:	D:
108948	109088	+	3	1.365213	I:	D:
109121	109816	-	2	1.323613	I:	D:
109874	110299	-	2	1.326334	I:	D:
110374	110898	-	1	1.317465	I:	D:
110912	111169	-	2	1.313577	I:	D:
111446	111652	+	2	1.362010	I:	D:
>YB4_14022
37	390	-	1	1.332344	I:	D:
394	1491	-	1	1.345673	I:	D:
2023	3288	+	1	1.341854	I:	D:
3433	4107	+	1	1.300431	I:	D:
4113	5273	+	3	1.292252	I:	D:
5306	6460	+	2	1.314051	I:	D:
6457	7113	+	1	1.323587	I:	D:
7117	7989	+	1	1.310089	I:	D:
8044	8895	-	1	1.316756	I:	D:
9022	9942	+	1	1.327406	I:	D:
9948	11048	-	3	1.310907	I:	D:
11100	11279	-	3	1.319111	I:	D:
11296	11751	-	1	1.388145	I:	D:
11884	14712	+	1	1.340180	I:	D:
14849	15811	-	2	1.309923	I:	D:
16204	17673	+	1	1.297551	I:	D:
17766	19166	-	3	1.315001	I:	D:
19316	19933	-	2	1.309788	I:	D:
19975	20712	-	1	1.302094	I:	D:
20776	20904	+	1	1.282733	I:	D:
20918	22153	+	2	1.309019	I:	D:
22185	23090	+	3	1.318343	I:	D:
23279	24874	+	2	1.326824	I:	D:
24967	27441	+	1	1.322226	I:	D:
27477	29417	+	3	1.312520	I:	D:
29485	30126	+	1	1.312520	I:	D:
30129	30710	+	3	1.303791	I:	D:
30722	32947	+	2	1.324618	I:	D:
33178	33495	+	1	1.325707	I:	D:
33742	33915	+	1	1.313553	I:	D:
34122	34847	+	3	1.331137	I:	D:
34865	35875	+	2	1.337835	I:	D:
36151	37080	+	1	1.297200	I:	D:
37177	38157	+	1	1.321137	I:	D:
38182	38967	-	1	1.314852	I:	D:
39014	39940	-	2	1.337864	I:	D:
39973	41073	-	1	1.276154	I:	D:
41238	41456	-	3	1.376543	I:	D:
41621	43003	+	2	1.279603	I:	D:
43149	44492	+	3	1.288482	I:	D:
44526	44774	+	3	1.318790	I:	D:
44798	45898	+	2	1.307305	I:	D:
45938	47284	+	2	1.303989	I:	D:
47316	48446	+	3	1.311010	I:	D:
48508	48726	+	1	1.303648	I:	D:
48836	50236	+	2	1.298099	I:	D:
50613	52370	+	3	1.325037	I:	D:
52483	53859	-	1	1.319509	I:	D:
53862	56870	-	3	1.309309	I:	D:
56935	57414	-	1	1.340479	I:	D:
57585	58598	+	3	1.300933	I:	D:
58736	59926	+	2	1.330772	I:	D:
60008	61822	+	2	1.313965	I:	D:
61827	63035	+	3	1.315228	I:	D:
63091	63708	+	1	1.315433	I:	D:
63747	63920	+	3	1.362003	I:	D:
64369	65697	+	1	1.305700	I:	D:
65684	66862	+	2	1.310936	I:	D:
66866	67024	-	2	1.323558	I:	D:
66862	67455	+	1	1.284225	I:	D:
67465	68346	+	1	1.315247	I:	D:
68361	69194	+	3	1.323625	I:	D:
69222	71234	+	3	1.317167	I:	D:
71255	72622	+	2	1.310006	I:	D:
72642	73925	+	3	1.311986	I:	D:
73945	76635	+	1	1.317574	I:	D:
76694	78808	+	2	1.313599	I:	D:
78925	80013	+	1	1.334374	I:	D:
80086	82890	-	1	1.329043	I:	D:
83122	84432	+	1	1.298057	I:	D:
84548	86371	+	2	1.305033	I:	D:
86431	88254	+	1	1.302676	I:	D:
88256	88984	-	2	1.320963	I:	D:
89400	91550	+	3	1.321629	I:	D:
91692	93053	+	3	1.318346	I:	D:
93090	94541	+	3	1.324644	I:	D:
94608	95618	-	3	1.320759	I:	D:
95705	96955	-	2	1.322584	I:	D:
96976	97764	-	1	1.300209	I:	D:
97883	98056	+	2	1.332638	I:	D:
98102	98272	+	2	1.313376	I:	D:
98308	99459	+	1	1.331075	I:	D:
>YB4_14185
72	500	-	3	1.301810	I:	D:
551	1615	-	2	1.322048	I:	D:
1621	2655	-	1	1.307921	I:	D:
2679	3509	-	3	1.297209	I:	D:
3530	3766	-	2	1.301298	I:	D:
3785	4927	-	2	1.315193	I:	D:
4924	5562	-	1	1.290612	I:	D:
5585	6628	-	2	1.294957	I:	D:
6644	7159	-	2	1.316525	I:	D:
7172	7648	-	2	1.298931	I:	D:
7700	8476	-	2	1.297840	I:	D:
8494	10089	-	1	1.297688	I:	D:
10256	11461	-	2	1.333404	I:	D:
11458	12126	-	1	1.339235	I:	D:
12360	14804	-	3	1.326019	I:	D:
14823	15869	-	3	1.330191	I:	D:
15945	16106	-	3	1.348945	I:	D:
16328	18202	-	2	1.291792	I:	D:
18415	19884	+	1	1.320264	I:	D:
19916	20374	-	2	1.272784	I:	D:
20374	21507	-	1	1.304395	I:	D:
21603	23975	-	3	1.320497	I:	D:
24088	26046	-	1	1.316770	I:	D:
26227	28674	+	1	1.312595	I:	D:
28803	30305	-	3	1.313518	I:	D:
30412	31311	+	1	1.314746	I:	D:
31311	31919	+	3	1.332457	I:	D:
32005	32886	-	1	1.320165	I:	D:
32905	33852	-	1	1.305488	I:	D:
33927	34262	-	3	1.311122	I:	D:
34365	35318	-	3	1.312031	I:	D:
35495	35836	-	2	1.311639	I:	D:
36093	37613	-	3	1.284125	I:	D:
37641	38525	-	3	1.304133	I:	D:
38542	39495	-	1	1.313450	I:	D:
39648	39785	-	3	1.206225	I:	D:
39820	41535	+	1	1.311082	I:	D:
41590	43041	+	1	1.312504	I:	D:
43146	45611	-	3	1.336504	I:	D:
45822	47321	-	3	1.314919	I:	D:
47378	48814	-	2	1.320771	I:	D:
48848	51208	-	2	1.337274	I:	D:
51222	52790	-	3	1.313855	I:	D:
52879	54582	-	1	1.303145	I:	D:
54668	55600	-	2	1.319454	I:	D:
55623	56555	-	3	1.323198	I:	D:
56861	57922	-	2	1.324202	I:	D:
57988	59382	-	1	1.316414	I:	D:
59611	60870	-	1	1.298586	I:	D:
60994	61440	-	1	1.295213	I:	D:
61553	62134	-	2	1.298425	I:	D:
62247	63233	-	3	1.301051	I:	D:
63317	64030	-	2	1.321305	I:	D:
64173	66059	-	3	1.321931	I:	D:
66007	66231	+	1	1.341728	I:	D:
66343	66729	+	1	1.350019	I:	D:
66932	67477	+	2	1.317684	I:	D:
67513	67707	+	1	1.336857	I:	D:
67858	68688	+	1	1.324082	I:	D:
68689	69204	-	1	1.308355	I:	D:
69284	70282	-	2	1.322497	I:	D:
70381	72375	-	1	1.343942	I:	D:
72446	72595	+	2	1.292032	I:	D:
72680	73858	+	2	1.334492	I:	D:
73911	74936	+	3	1.320601	I:	D:
75087	75839	-	3	1.317323	I:	D:
76085	76984	-	2	1.300639	I:	D:
76996	77160	+	1	1.359664	I:	D:
77183	77323	+	2	1.376228	I:	D:
77394	78407	-	3	1.311106	I:	D:
78452	79252	-	2	1.277774	I:	D:
79383	79529	+	3	1.346772	I:	D:
79548	80504	-	3	1.318816	I:	D:
80510	81193	-	2	1.314215	I:	D:
81421	82713	-	1	1.343272	I:	D:
82733	84166	-	2	1.318912	I:	D:
84195	85712	-	3	1.348983	I:	D:
85845	86330	-	3	1.353215	I:	D:
86450	88462	-	2	1.335064	I:	D:
88745	90139	-	2	1.291094	I:	D:
90243	93767	-	3	1.312200	I:	D:
93786	94358	-	3	1.302782	I:	D:
94380	95960	-	3	1.322906	I:	D:
95970	97145	-	3	1.339409	I:	D:
>YB4_14539
1	222	+	1	1.356736	I:	D:
664	1407	-	1	1.315485	I:	D:
1409	2434	-	2	1.305535	I:	D:
2436	3359	-	3	1.331266	I:	D:
3410	3661	-	2	1.352238	I:	D:
3742	4248	-	1	1.287652	I:	D:
4242	5003	-	3	1.319576	I:	D:
5028	5492	-	3	1.293765	I:	D:
5634	6377	-	3	1.308531	I:	D:
6521	6718	+	2	1.361503	I:	D:
6735	8876	-	3	1.298732	I:	D:
8909	9058	+	2	1.382653	I:	D:
9223	9831	+	1	1.310604	I:	D:
10005	10430	-	3	1.347327	I:	D:
10433	11638	-	2	1.301499	I:	D:
11690	12823	-	2	1.319797	I:	D:
12888	15464	-	3	1.322880	I:	D:
15688	16251	+	1	1.313180	I:	D:
16428	16802	+	3	1.351926	I:	D:
16872	18170	-	3	1.320347	I:	D:
18649	19197	+	1	1.360186	I:	D:
19240	19668	+	1	1.307260	I:	D:
19720	20022	-	1	1.297573	I:	D:
20043	21398	-	3	1.318058	I:	D:
21684	22619	+	3	1.335174	I:	D:
22633	23520	+	1	1.355904	I:	D:
23562	25838	-	3	1.305522	I:	D:
25832	26530	-	2	1.300306	I:	D:
26743	27882	-	1	1.316238	I:	D:
27903	29657	-	3	1.319095	I:	D:
29802	31160	-	3	1.303300	I:	D:
31300	32382	-	1	1.325724	I:	D:
32530	33636	-	1	1.343953	I:	D:
33811	34689	-	1	1.312369	I:	D:
34920	35171	-	3	1.404565	I:	D:
35206	36147	-	1	1.311225	I:	D:
36150	36989	-	3	1.320657	I:	D:
37068	37772	-	3	1.338531	I:	D:
38081	39994	-	2	1.310033	I:	D:
40238	40408	+	2	1.379419	I:	D:
40571	41215	-	2	1.306657	I:	D:
41252	42157	-	2	1.335787	I:	D:
42144	42875	-	3	1.336564	I:	D:
42970	44085	-	1	1.283059	I:	D:
44486	44626	-	2	1.298655	I:	D:
44813	46210	-	2	1.314735	I:	D:
46237	46575	-	1	1.320869	I:	D:
46591	48516	-	1	1.323714	I:	D:
48521	50476	-	2	1.317934	I:	D:
50513	51253	+	2	1.320447	I:	D:
51303	51470	-	3	1.387472	I:	D:
51553	52620	-	1	1.299983	I:	D:
52617	53420	-	3	1.325874	I:	D:
53420	54235	-	2	1.328345	I:	D:
54228	55301	-	3	1.309756	I:	D:
55347	56033	-	3	1.336341	I:	D:
56217	57272	+	3	1.321038	I:	D:
57378	58634	+	3	1.337868	I:	D:
58700	60430	-	2	1.311534	I:	D:
60487	61452	-	1	1.327364	I:	D:
61463	62914	-	2	1.329960	I:	D:
63208	64059	+	1	1.332808	I:	D:
64136	64588	-	2	1.348577	I:	D:
64599	65135	-	3	1.293648	I:	D:
65156	65917	-	2	1.332403	I:	D:
65948	67597	-	2	1.312277	I:	D:
67665	69344	-	3	1.312884	I:	D:
69368	70546	-	2	1.332763	I:	D:
70669	72060	-	1	1.328987	I:	D:
72254	73435	+	2	1.334811	I:	D:
73701	73868	+	3	1.362042	I:	D:
74310	75248	-	3	1.334316	I:	D:
75301	77010	-	1	1.320314	I:	D:
77165	78322	-	2	1.322000	I:	D:
78312	79016	-	3	1.310851	I:	D:
79074	81224	-	3	1.315008	I:	D:
81261	82796	-	3	1.319611	I:	D:
82823	84118	-	2	1.301966	I:	D:
84202	85350	-	1	1.312648	I:	D:
85420	86241	-	1	1.292549	I:	D:
86306	87112	-	2	1.298151	I:	D:
87126	87677	-	3	1.312164	I:	D:
87703	88989	-	1	1.314260	I:	D:
89198	89875	-	2	1.308233	I:	D:
89901	92828	-	3	1.290827	I:	D:
92844	93563	-	3	1.297446	I:	D:
>YB4_15272
136	357	-	1	1.299144	I:	D:
394	1947	-	1	1.308841	I:	D:
1977	2978	+	3	1.335974	I:	D:
3029	3355	+	2	1.431682	I:	D:
3394	3522	+	1	1.346826	I:	D:
3616	5301	-	1	1.303847	I:	D:
5304	6140	-	3	1.317062	I:	D:
6183	6899	-	3	1.313322	I:	D:
6954	8036	-	3	1.316700	I:	D:
8095	9987	-	1	1.312857	I:	D:
10020	11723	+	3	1.323984	I:	D:
11725	11886	+	1	1.356209	I:	D:
12225	13073	-	3	1.305021	I:	D:
13104	13781	-	3	1.325208	I:	D:
13798	14562	-	1	1.308639	I:	D:
14562	15179	-	3	1.319644	I:	D:
15232	15735	-	1	1.304261	I:	D:
15713	17224	-	2	1.299957	I:	D:
17251	17937	-	1	1.303999	I:	D:
18071	18934	-	2	1.341817	I:	D:
19056	20891	-	3	1.320074	I:	D:
21049	22014	-	1	1.288470	I:	D:
22053	22616	-	3	1.311693	I:	D:
22623	23543	-	3	1.304365	I:	D:
23570	24286	-	2	1.308432	I:	D:
24286	24948	-	1	1.321665	I:	D:
25176	27749	+	3	1.327487	I:	D:
27867	31652	-	3	1.320072	I:	D:
31847	32203	-	2	1.346025	I:	D:
32285	32482	-	2	1.326937	I:	D:
32502	32999	-	3	1.315177	I:	D:
33217	33981	-	1	1.311750	I:	D:
34013	34561	-	2	1.302924	I:	D:
34612	34839	-	1	1.294026	I:	D:
34898	35140	-	2	1.312291	I:	D:
35178	36530	-	3	1.307440	I:	D:
36564	36908	-	3	1.332660	I:	D:
37229	38728	-	2	1.326926	I:	D:
38781	39764	-	3	1.316569	I:	D:
39785	41290	-	2	1.325203	I:	D:
41365	42504	-	1	1.298546	I:	D:
42599	46708	-	2	1.305443	I:	D:
46683	47876	-	3	1.309093	I:	D:
47873	49360	-	2	1.318129	I:	D:
49477	49737	-	1	1.280250	I:	D:
49730	49993	-	2	1.262573	I:	D:
50098	51879	-	1	1.304440	I:	D:
51876	53765	-	3	1.318415	I:	D:
53869	54777	-	1	1.321693	I:	D:
54790	55746	-	1	1.308680	I:	D:
55852	57441	-	1	1.317345	I:	D:
57797	59596	-	2	1.330503	I:	D:
59790	60668	+	3	1.325079	I:	D:
60708	62651	-	3	1.317756	I:	D:
62551	64410	-	1	1.304742	I:	D:
64635	65948	-	3	1.292857	I:	D:
66050	67915	-	2	1.318526	I:	D:
67961	69862	-	2	1.337017	I:	D:
70075	71106	-	1	1.325792	I:	D:
71199	72890	-	3	1.297555	I:	D:
73008	74270	-	3	1.331704	I:	D:
74338	75285	-	1	1.294806	I:	D:
75323	78880	-	2	1.307746	I:	D:
78905	79585	-	2	1.308177	I:	D:
79654	79890	-	1	1.277460	I:	D:
79934	80929	-	2	1.316802	I:	D:
81095	81277	-	2	1.376083	I:	D:
81351	81884	-	3	1.362496	I:	D:
82178	83173	-	2	1.327608	I:	D:
83551	83805	+	1	1.374815	I:	D:
83841	85109	-	3	1.322092	I:	D:
85161	85442	-	3	1.324863	I:	D:
>YB4_15668
3	212	-	3	1.300996	I:	D:
475	1275	+	1	1.327718	I:	D:
1334	2479	+	2	1.315096	I:	D:
2490	3353	+	3	1.336847	I:	D:
3417	4058	+	3	1.310112	I:	D:
4378	4632	+	1	1.307179	I:	D:
4695	4937	+	3	1.328417	I:	D:
5020	5955	-	1	1.323842	I:	D:
5978	6421	+	2	1.327863	I:	D:
6522	8360	-	3	1.313861	I:	D:
8357	10210	-	2	1.309425	I:	D:
10309	10959	-	1	1.297339	I:	D:
10975	11679	-	1	1.311520	I:	D:
11919	12212	+	3	1.356727	I:	D:
12283	13446	+	1	1.335453	I:	D:
13436	15139	+	2	1.329783	I:	D:
15163	15768	+	1	1.297275	I:	D:
15761	16246	+	2	1.344377	I:	D:
16289	17275	+	2	1.310283	I:	D:
17300	18586	+	2	1.324905	I:	D:
18586	19305	+	1	1.326539	I:	D:
19377	19508	+	3	1.218270	I:	D:
19612	20532	+	1	1.292997	I:	D:
20557	22497	+	1	1.294282	I:	D:
22594	22851	+	1	1.313278	I:	D:
22937	24583	+	2	1.295934	I:	D:
24587	25330	+	2	1.292126	I:	D:
25423	25566	+	1	1.409722	I:	D:
25812	27497	+	3	1.279328	I:	D:
27498	27668	+	3	1.332599	I:	D:
27926	28060	+	2	1.333067	I:	D:
28099	28821	+	1	1.302237	I:	D:
28858	29622	+	1	1.277565	I:	D:
29672	29833	+	2	1.276364	I:	D:
29884	30639	+	1	1.349368	I:	D:
30663	31319	+	3	1.321693	I:	D:
31448	31927	+	2	1.275253	I:	D:
31998	32756	+	3	1.298287	I:	D:
32761	33144	+	1	1.322366	I:	D:
33495	34214	-	3	1.338578	I:	D:
34383	36413	-	3	1.310572	I:	D:
36557	36775	+	2	1.315511	I:	D:
37028	37954	-	2	1.319159	I:	D:
38051	39046	-	2	1.303304	I:	D:
39043	39177	-	1	1.284665	I:	D:
39261	40343	-	3	1.291689	I:	D:
40467	40973	+	3	1.295923	I:	D:
41279	41506	+	2	1.367478	I:	D:
41720	42940	+	2	1.305306	I:	D:
42977	43969	+	2	1.293337	I:	D:
43969	45162	+	1	1.293871	I:	D:
45229	46248	+	1	1.347441	I:	D:
46261	47367	+	1	1.338731	I:	D:
47681	48448	+	2	1.313939	I:	D:
48564	49208	+	3	1.304774	I:	D:
49265	50395	+	2	1.307884	I:	D:
50596	51381	+	1	1.325611	I:	D:
51365	52498	+	2	1.284383	I:	D:
52571	53326	+	2	1.324665	I:	D:
53362	55485	+	1	1.301103	I:	D:
55506	56933	+	3	1.308061	I:	D:
57073	58272	-	1	1.310158	I:	D:
58554	62141	+	3	1.303966	I:	D:
62190	63035	+	3	1.307793	I:	D:
63189	65165	+	3	1.293793	I:	D:
65227	66378	+	1	1.311750	I:	D:
66406	66858	+	1	1.311389	I:	D:
66893	67483	+	2	1.330153	I:	D:
67625	69319	+	2	1.310567	I:	D:
69453	70412	+	3	1.337009	I:	D:
70425	71336	+	3	1.318261	I:	D:
71352	72374	+	3	1.323346	I:	D:
72413	73420	+	2	1.333175	I:	D:
73438	73794	+	1	1.289106	I:	D:
73956	75110	+	3	1.334257	I:	D:
75163	76338	+	1	1.311419	I:	D:
76371	77249	+	3	1.305144	I:	D:
77265	77753	+	3	1.316013	I:	D:
77767	78402	+	1	1.313698	I:	D:
78489	79985	+	3	1.315377	I:	D:
80213	81520	-	2	1.325170	I:	D:
81595	81852	+	1	1.383463	I:	D:
81961	82158	-	1	1.347757	I:	D:
>YB4_16145
1	1077	+	1	1.383597	I:	D:
1143	1787	+	3	1.377635	I:	D:
1765	3093	+	1	1.390500	I:	D:
3335	3532	+	2	1.316695	I:	D:
3539	5203	+	2	1.376781	I:	D:
5419	5586	-	1	1.311378	I:	D:
5594	6244	-	2	1.321950	I:	D:
6356	6685	-	2	1.327914	I:	D:
6718	7572	+	1	1.309320	I:	D:
7578	9035	+	3	1.296573	I:	D:
9091	10032	-	1	1.342739	I:	D:
10246	11358	+	1	1.297061	I:	D:
11355	12518	+	3	1.300052	I:	D:
12808	14847	-	1	1.315661	I:	D:
15011	15949	+	2	1.320612	I:	D:
16038	17651	+	3	1.315062	I:	D:
17914	20409	+	1	1.318869	I:	D:
20465	21241	+	2	1.324143	I:	D:
21652	21789	+	1	1.354318	I:	D:
21776	23059	+	2	1.345275	I:	D:
23264	23713	+	2	1.320556	I:	D:
23706	25058	+	3	1.312132	I:	D:
25165	25608	+	1	1.309227	I:	D:
25612	27129	+	1	1.319238	I:	D:
27230	28363	+	2	1.300145	I:	D:
28360	32106	+	1	1.294641	I:	D:
32145	33215	+	3	1.302608	I:	D:
33404	34279	+	2	1.320501	I:	D:
34292	35929	+	2	1.333378	I:	D:
35959	38124	+	1	1.318591	I:	D:
38186	39205	+	2	1.294622	I:	D:
39319	39777	+	1	1.277265	I:	D:
40364	41269	-	2	1.282978	I:	D:
41374	42318	-	1	1.247467	I:	D:
42594	43160	+	3	1.316034	I:	D:
43255	44514	-	1	1.303273	I:	D:
44548	44727	-	1	1.304979	I:	D:
44707	45495	+	1	1.286250	I:	D:
45628	46491	+	1	1.321684	I:	D:
46635	49010	+	3	1.322362	I:	D:
49184	50251	-	2	1.310903	I:	D:
50257	51483	-	1	1.307771	I:	D:
51820	53049	+	1	1.300505	I:	D:
53098	54000	+	1	1.284934	I:	D:
54028	55209	+	1	1.292343	I:	D:
55294	55731	+	1	1.343979	I:	D:
55846	56523	+	1	1.302353	I:	D:
56551	57249	+	1	1.318322	I:	D:
57246	58691	+	3	1.311346	I:	D:
58701	59618	+	3	1.306961	I:	D:
59615	62056	+	2	1.312933	I:	D:
63304	64293	+	1	1.293832	I:	D:
64349	64747	-	2	1.334643	I:	D:
64835	65767	+	2	1.302735	I:	D:
65834	66169	+	2	1.323075	I:	D:
66179	67459	+	2	1.299882	I:	D:
67528	69429	+	1	1.330231	I:	D:
69404	70162	+	2	1.315681	I:	D:
70159	71403	+	1	1.316041	I:	D:
71492	71800	+	2	1.315541	I:	D:
71804	72133	+	2	1.336631	I:	D:
72137	72421	+	2	1.326978	I:	D:
72554	73843	+	2	1.287373	I:	D:
73862	74158	+	2	1.312673	I:	D:
74182	74793	+	1	1.300332	I:	D:
74797	75162	+	1	1.260815	I:	D:
75226	75852	-	1	1.278689	I:	D:
76144	77160	+	1	1.288428	I:	D:
77353	77985	+	1	1.283335	I:	D:
78191	78451	-	2	1.308406	I:	D:
>YB4_16272
3	1178	-	3	1.354758	I:	D:
1342	1605	-	1	1.316838	I:	D:
1761	2882	-	3	1.325620	I:	D:
2879	4153	-	2	1.315341	I:	D:
4235	4621	+	2	1.368672	I:	D:
4704	6086	+	3	1.312537	I:	D:
6172	7425	+	1	1.327269	I:	D:
7451	8422	+	2	1.329917	I:	D:
8447	8584	+	2	1.327782	I:	D:
8600	9853	+	2	1.329547	I:	D:
9911	10807	-	2	1.334303	I:	D:
10859	13894	-	2	1.312171	I:	D:
14073	14456	-	3	1.290553	I:	D:
14725	16578	-	1	1.300935	I:	D:
16709	17692	-	2	1.318266	I:	D:
17811	25565	-	3	1.297423	I:	D:
25781	26044	-	2	1.374852	I:	D:
26129	26593	-	2	1.332630	I:	D:
26649	26936	-	3	1.319360	I:	D:
27226	27414	-	1	1.327035	I:	D:
27440	28165	-	2	1.337126	I:	D:
28193	29125	-	2	1.302520	I:	D:
29157	32027	-	3	1.321942	I:	D:
32093	32476	-	2	1.292913	I:	D:
32509	33468	-	1	1.330169	I:	D:
33631	35736	-	1	1.320681	I:	D:
36058	37002	-	1	1.320456	I:	D:
37113	37544	+	3	1.311181	I:	D:
37598	38041	-	2	1.312914	I:	D:
38123	38659	-	2	1.318393	I:	D:
38846	39190	-	2	1.336107	I:	D:
39218	39718	+	2	1.318999	I:	D:
39751	40698	+	1	1.304336	I:	D:
40768	41226	-	1	1.307170	I:	D:
41223	42104	-	3	1.299266	I:	D:
42238	42618	-	1	1.283029	I:	D:
42630	43280	-	3	1.322753	I:	D:
43387	43818	-	1	1.328989	I:	D:
44020	44640	-	1	1.327261	I:	D:
44661	46070	-	3	1.308967	I:	D:
46083	47777	-	3	1.328530	I:	D:
47845	48435	-	1	1.287632	I:	D:
48480	48788	-	3	1.314454	I:	D:
48825	49250	-	3	1.317708	I:	D:
49346	51271	-	2	1.313395	I:	D:
51324	52379	-	3	1.326817	I:	D:
52428	52745	-	3	1.265930	I:	D:
52942	53634	+	1	1.309113	I:	D:
53645	54295	+	2	1.299588	I:	D:
54315	54548	+	3	1.327570	I:	D:
54804	56258	-	3	1.312532	I:	D:
56291	57085	-	2	1.301093	I:	D:
57089	58108	-	2	1.305359	I:	D:
58309	59673	+	1	1.339364	I:	D:
59717	60676	-	2	1.341872	I:	D:
60718	62100	-	1	1.322253	I:	D:
62231	63418	+	2	1.310883	I:	D:
63427	64041	+	1	1.328097	I:	D:
64102	64776	-	1	1.304193	I:	D:
65033	65563	-	2	1.331931	I:	D:
65632	66057	-	1	1.331219	I:	D:
66061	66723	-	1	1.341867	I:	D:
66769	68832	-	1	1.317019	I:	D:
68863	70755	-	1	1.315894	I:	D:
70780	71307	-	1	1.333727	I:	D:
71375	72769	-	2	1.327395	I:	D:
72781	74424	-	1	1.321663	I:	D:
74564	74863	-	2	1.318601	I:	D:
75050	75235	+	2	1.306599	I:	D:
75317	75610	-	2	1.335742	I:	D:
75695	75934	-	2	1.302479	I:	D:
76026	76301	-	3	1.307149	I:	D:
76525	77109	-	1	1.317846	I:	D:
77210	77467	-	2	1.307640	I:	D:
>YB4_16760
2	148	-	2	1.293799	I:	D:
256	735	+	1	1.331771	I:	D:
849	2087	+	3	1.312643	I:	D:
2094	2585	-	3	1.308519	I:	D:
2611	3975	-	1	1.316581	I:	D:
4096	4368	-	1	1.283326	I:	D:
4439	5236	-	2	1.329019	I:	D:
5318	6202	-	2	1.324977	I:	D:
6315	8498	+	3	1.330165	I:	D:
8683	10530	-	1	1.332647	I:	D:
10581	11804	-	3	1.323134	I:	D:
11838	14297	-	3	1.329034	I:	D:
14366	18049	-	2	1.312726	I:	D:
18067	18942	-	1	1.334897	I:	D:
18957	19898	-	3	1.311193	I:	D:
19952	21781	-	2	1.315267	I:	D:
21904	23736	-	1	1.323862	I:	D:
23733	24986	-	3	1.315060	I:	D:
25011	25598	-	3	1.306257	I:	D:
25611	28442	-	3	1.309748	I:	D:
28464	28799	-	3	1.318715	I:	D:
28818	30002	-	3	1.309976	I:	D:
30031	30747	-	1	1.293024	I:	D:
30806	31447	-	2	1.322824	I:	D:
31592	31720	+	2	1.330652	I:	D:
31776	32870	+	3	1.299802	I:	D:
32902	34269	+	1	1.308665	I:	D:
34278	35006	-	3	1.314346	I:	D:
35022	35795	-	3	1.315556	I:	D:
35850	36311	-	3	1.338366	I:	D:
36417	38060	-	3	1.318179	I:	D:
38029	39369	-	1	1.325955	I:	D:
39411	41630	-	3	1.327068	I:	D:
41726	42211	-	2	1.313110	I:	D:
42234	43235	-	3	1.304446	I:	D:
43319	44044	-	2	1.311297	I:	D:
44100	46262	-	3	1.327508	I:	D:
46486	47454	-	1	1.330496	I:	D:
47611	48627	+	1	1.339761	I:	D:
48721	49755	-	1	1.313784	I:	D:
49840	51375	-	1	1.329357	I:	D:
51548	52570	+	2	1.310777	I:	D:
52670	53935	-	2	1.323357	I:	D:
53936	56530	-	2	1.322595	I:	D:
56544	57212	-	3	1.314898	I:	D:
57226	58491	-	1	1.296077	I:	D:
58855	58992	-	1	1.326033	I:	D:
59110	59301	-	1	1.330263	I:	D:
59575	60993	-	1	1.325723	I:	D:
61040	61225	+	2	1.365278	I:	D:
61273	62463	-	1	1.334471	I:	D:
62691	64124	-	3	1.298288	I:	D:
64124	65569	-	2	1.306200	I:	D:
65642	66001	-	2	1.303646	I:	D:
66008	67339	-	2	1.321820	I:	D:
67375	67602	+	1	1.369566	I:	D:
67813	68646	-	1	1.346715	I:	D:
68643	69617	-	3	1.322598	I:	D:
69639	71210	-	3	1.302310	I:	D:
71255	72556	-	2	1.313623	I:	D:
72591	73334	-	3	1.296737	I:	D:
73364	74107	-	2	1.301518	I:	D:
>YB4_17239
1	1080	+	1	1.322652	I:	D:
1203	2333	-	3	1.306457	I:	D:
2299	2598	-	1	1.301882	I:	D:
2636	2803	-	2	1.288087	I:	D:
2819	4000	+	2	1.321442	I:	D:
4173	5546	+	3	1.332762	I:	D:
5676	5822	+	3	1.261115	I:	D:
5881	6972	-	1	1.319589	I:	D:
7098	7241	+	3	1.285245	I:	D:
7329	8696	+	3	1.304231	I:	D:
8709	9296	+	3	1.294579	I:	D:
9576	10544	+	3	1.372362	I:	D:
10537	11358	+	1	1.357755	I:	D:
11359	12126	+	1	1.320963	I:	D:
12128	12925	+	2	1.344630	I:	D:
12960	14633	+	3	1.332099	I:	D:
14684	15700	+	2	1.328679	I:	D:
15738	17546	+	3	1.334183	I:	D:
17539	19248	+	1	1.322189	I:	D:
19484	19666	-	2	1.329136	I:	D:
19685	20134	+	2	1.291372	I:	D:
20430	21089	+	3	1.317151	I:	D:
21089	22024	+	2	1.304567	I:	D:
22150	22677	-	1	1.278587	I:	D:
22883	23035	-	2	1.380299	I:	D:
23272	23853	+	1	1.341262	I:	D:
24258	24689	+	3	1.281557	I:	D:
24765	24917	+	3	1.339550	I:	D:
24980	25786	+	2	1.344062	I:	D:
25900	26814	-	1	1.302143	I:	D:
26994	28400	+	3	1.327077	I:	D:
28785	29057	+	3	1.290498	I:	D:
29124	29867	+	3	1.271472	I:	D:
30211	30429	+	1	1.253557	I:	D:
30744	31034	+	3	1.310923	I:	D:
31186	31845	+	1	1.322561	I:	D:
31944	32966	+	3	1.301749	I:	D:
33068	33811	+	2	1.308972	I:	D:
34062	34349	+	3	1.341118	I:	D:
34364	35950	+	2	1.342234	I:	D:
36316	37149	+	1	1.304825	I:	D:
37211	37552	-	2	1.315328	I:	D:
37771	38136	-	1	1.293146	I:	D:
38440	39912	+	1	1.300512	I:	D:
39914	40648	-	2	1.317133	I:	D:
40850	41524	+	2	1.326483	I:	D:
41672	43339	+	2	1.310541	I:	D:
43408	43641	+	1	1.351646	I:	D:
44284	45150	+	1	1.311741	I:	D:
45147	45806	+	3	1.352874	I:	D:
45870	48302	+	3	1.313004	I:	D:
48354	49901	+	3	1.332997	I:	D:
50084	50860	+	2	1.325032	I:	D:
50864	51967	+	2	1.340086	I:	D:
51971	53308	+	2	1.324972	I:	D:
53312	55162	+	2	1.317673	I:	D:
55164	56111	+	3	1.328856	I:	D:
56260	57435	+	1	1.318218	I:	D:
57477	58538	+	3	1.319477	I:	D:
58763	59764	+	2	1.296808	I:	D:
59777	60661	+	2	1.314155	I:	D:
60658	61893	+	1	1.308369	I:	D:
61898	63745	+	2	1.320804	I:	D:
63767	64246	+	2	1.316622	I:	D:
64400	65956	+	2	1.270440	I:	D:
66134	66472	+	2	1.407991	I:	D:
66706	68598	+	1	1.295235	I:	D:
68614	68817	-	1	1.315123	I:	D:
69008	70567	+	2	1.283202	I:	D:
70826	70996	+	2	1.323940	I:	D:
70947	71228	+	3	1.297523	I:	D:
>YB4_17302
3	572	+	3	1.423839	I:	D:
749	907	-	2	1.275771	I:	D:
1136	1306	-	2	1.305966	I:	D:
1796	2446	-	2	1.291647	I:	D:
2482	3171	-	1	1.280539	I:	D:
3173	4843	-	2	1.295299	I:	D:
4941	5069	-	3	1.354146	I:	D:
5165	5881	-	2	1.351912	I:	D:
5868	8171	-	3	1.323219	I:	D:
8191	9297	-	1	1.324306	I:	D:
9621	10433	-	3	1.326361	I:	D:
10756	12738	-	1	1.306682	I:	D:
12825	13001	+	3	1.406455	I:	D:
13161	13289	-	3	1.362956	I:	D:
13451	15208	-	2	1.302472	I:	D:
15205	15597	-	1	1.318552	I:	D:
15719	16858	-	2	1.315846	I:	D:
16935	18083	-	3	1.297642	I:	D:
18186	18440	-	3	1.302019	I:	D:
18586	19266	+	1	1.329523	I:	D:
19307	19921	-	2	1.308724	I:	D:
20116	20685	-	1	1.314813	I:	D:
20682	21281	-	3	1.300566	I:	D:
21278	22012	-	2	1.307435	I:	D:
22113	23261	-	3	1.318759	I:	D:
23283	24197	-	3	1.321741	I:	D:
24226	26175	-	1	1.307428	I:	D:
26275	26928	-	1	1.333961	I:	D:
26925	29003	-	3	1.310524	I:	D:
29137	31170	-	1	1.305772	I:	D:
31173	32774	-	3	1.292885	I:	D:
32759	34585	-	2	1.288616	I:	D:
34686	35552	-	3	1.290337	I:	D:
35570	36523	-	2	1.294157	I:	D:
36588	37967	-	3	1.289147	I:	D:
37964	38122	-	2	1.298763	I:	D:
38421	38600	-	3	1.323774	I:	D:
38975	40417	-	2	1.291730	I:	D:
40523	41167	-	2	1.306172	I:	D:
41215	42204	-	1	1.318445	I:	D:
42164	43855	-	2	1.326106	I:	D:
43914	44975	-	3	1.306274	I:	D:
45016	45777	-	1	1.303497	I:	D:
45856	47730	-	1	1.315358	I:	D:
47833	48039	-	1	1.356678	I:	D:
48299	49036	+	2	1.316009	I:	D:
49174	49677	+	1	1.330126	I:	D:
49820	51187	+	2	1.315229	I:	D:
51288	52610	-	3	1.333616	I:	D:
52822	54033	-	1	1.324161	I:	D:
54060	54641	-	3	1.339018	I:	D:
54681	56015	-	3	1.321039	I:	D:
56183	57685	-	2	1.325990	I:	D:
57752	57934	+	2	1.375188	I:	D:
57948	59267	-	3	1.307497	I:	D:
59312	60055	-	2	1.321689	I:	D:
60057	61241	-	3	1.320119	I:	D:
61270	61491	+	1	1.398851	I:	D:
61587	62891	-	3	1.316049	I:	D:
63300	63887	-	3	1.321528	I:	D:
63955	65640	-	1	1.317781	I:	D:
65932	66360	-	1	1.305142	I:	D:
66507	68249	-	3	1.293908	I:	D:
68334	69275	-	3	1.303568	I:	D:
69501	70040	+	3	1.353493	I:	D:
70067	70966	-	2	1.301295	I:	D:
71142	72062	-	3	1.316354	I:	D:
72055	73542	-	1	1.297286	I:	D:
73687	74499	-	1	1.317397	I:	D:
74646	75383	+	3	1.323657	I:	D:
75415	76575	-	1	1.311032	I:	D:
76671	77888	-	3	1.309764	I:	D:
78131	80161	-	2	1.321229	I:	D:
80158	81627	-	1	1.312438	I:	D:
81658	82851	-	1	1.308731	I:	D:
82981	83709	+	1	1.313044	I:	D:
83687	85210	+	2	1.310346	I:	D:
85788	85952	-	3	1.320275	I:	D:
86325	87923	-	3	1.313583	I:	D:
87920	88597	-	2	1.294046	I:	D:
88610	89776	-	2	1.290104	I:	D:
89816	90679	-	2	1.293437	I:	D:
90761	91522	-	2	1.313558	I:	D:
91684	93075	-	1	1.329452	I:	D:
93072	94271	-	3	1.319492	I:	D:
94443	95003	-	3	1.313639	I:	D:
95150	95530	-	2	1.300721	I:	D:
95527	96570	-	1	1.303365	I:	D:
96682	98199	-	1	1.292826	I:	D:
98622	99761	+	3	1.323250	I:	D:
99849	101150	-	3	1.322472	I:	D:
101223	101699	-	3	1.290495	I:	D:
101733	104588	-	3	1.314755	I:	D:
104615	107917	-	2	1.298759	I:	D:
108210	109049	+	3	1.322581	I:	D:
109144	110436	+	1	1.326730	I:	D:
110806	110997	+	1	1.352369	I:	D:
111013	112284	+	1	1.336632	I:	D:
112528	113871	-	1	1.337844	I:	D:
113877	114323	-	3	1.297731	I:	D:
114353	116548	-	2	1.323776	I:	D:
116731	117129	-	1	1.310030	I:	D:
117516	117947	+	3	1.304331	I:	D:
118032	119420	-	3	1.290482	I:	D:
119494	119853	-	1	1.335116	I:	D:
119886	120410	-	3	1.305657	I:	D:
120672	121895	-	3	1.306805	I:	D:
121892	123646	-	2	1.290005	I:	D:
123659	124816	-	2	1.312129	I:	D:
124832	126448	-	2	1.279312	I:	D:
126533	127318	-	2	1.282031	I:	D:
127330	128622	-	1	1.321897	I:	D:
128717	129070	-	2	1.339693	I:	D:
129075	130397	-	3	1.323037	I:	D:
130445	130810	-	2	1.306892	I:	D:
130817	131806	-	2	1.318453	I:	D:
131826	133139	-	3	1.317125	I:	D:
133148	133414	-	2	1.296092	I:	D:
133683	133883	-	3	1.238777	I:	D:
133932	135089	-	3	1.308065	I:	D:
135165	135797	-	3	1.305815	I:	D:
135867	136037	-	3	1.329666	I:	D:
136276	136608	+	1	1.289467	I:	D:
136733	137098	-	2	1.321985	I:	D:
137359	137727	-	1	1.311769	I:	D:
137942	139549	-	2	1.346815	I:	D:
139735	140658	-	1	1.336604	I:	D:
140799	141917	-	3	1.311586	I:	D:
142204	143085	-	1	1.331051	I:	D:
143169	144365	-	3	1.315126	I:	D:
144458	145609	-	2	1.318664	I:	D:
145617	146876	-	3	1.315147	I:	D:
146899	147753	-	1	1.319521	I:	D:
147792	149234	-	3	1.324527	I:	D:
149796	150335	+	3	1.322140	I:	D:
150450	150863	+	3	1.314614	I:	D:
150885	152729	+	3	1.292405	I:	D:
152998	153186	+	1	1.359297	I:	D:
153215	153796	-	2	1.308585	I:	D:
153870	154943	-	3	1.306274	I:	D:
154963	156645	-	1	1.314361	I:	D:
156649	157995	-	1	1.311498	I:	D:
158004	158432	-	3	1.308465	I:	D:
158456	158950	-	2	1.283850	I:	D:
158943	160184	-	3	1.311682	I:	D:
160220	160954	-	2	1.305090	I:	D:
160963	161889	-	1	1.300260	I:	D:
161882	162820	-	2	1.312352	I:	D:
162942	163175	-	3	1.242418	I:	D:
163235	164227	-	2	1.308427	I:	D:
164495	165793	+	2	1.311874	I:	D:
165852	169097	-	3	1.302370	I:	D:
169166	171244	-	2	1.308552	I:	D:
171494	172129	+	2	1.296037	I:	D:
172221	173126	-	3	1.320723	I:	D:
173154	176033	-	3	1.299924	I:	D:
176030	176413	-	2	1.315555	I:	D:
176587	176991	-	1	1.259877	I:	D:
177077	179125	-	2	1.316503	I:	D:
179296	180903	-	1	1.320048	I:	D:
181017	182759	+	3	1.332938	I:	D:
182810	184453	+	2	1.313797	I:	D:
184465	185073	-	1	1.326161	I:	D:
185085	187874	-	3	1.321410	I:	D:
187993	189474	-	1	1.309826	I:	D:
189504	190997	-	3	1.299794	I:	D:
191092	191985	-	1	1.327280	I:	D:
192016	193011	-	1	1.320734	I:	D:
193463	194644	+	2	1.346706	I:	D:
194746	197874	+	1	1.334519	I:	D:
197895	200210	+	3	1.327629	I:	D:
200293	201714	+	1	1.305251	I:	D:
201785	201922	-	2	1.318316	I:	D:
202074	202742	-	3	1.317186	I:	D:
202810	203667	-	1	1.291263	I:	D:
203746	204753	-	1	1.315227	I:	D:
204769	205944	-	1	1.321962	I:	D:
206000	206788	-	2	1.314180	I:	D:
206860	207864	+	1	1.330478	I:	D:
208087	209049	-	1	1.294613	I:	D:
209243	209398	-	2	1.346657	I:	D:
209513	210145	-	2	1.303924	I:	D:
210437	211036	-	2	1.341415	I:	D:
211112	211450	-	2	1.321435	I:	D:
211440	212351	-	3	1.336404	I:	D:
212539	214263	-	1	1.335799	I:	D:
214439	214936	-	2	1.331152	I:	D:
214945	216066	-	1	1.292358	I:	D:
216369	217775	-	3	1.333295	I:	D:
217835	218278	+	2	1.303828	I:	D:
218366	219304	-	2	1.289544	I:	D:
219454	220635	+	1	1.327120	I:	D:
220743	221384	-	3	1.317541	I:	D:
221441	221575	+	2	1.323268	I:	D:
221683	222171	-	1	1.280839	I:	D:
222185	222601	-	2	1.282432	I:	D:
223059	223325	+	3	1.327476	I:	D:
223517	225502	-	2	1.304481	I:	D:
225617	226279	-	2	1.296213	I:	D:
226507	227844	+	1	1.342578	I:	D:
227974	229452	-	1	1.304506	I:	D:
229827	230867	-	3	1.302764	I:	D:
230932	231420	+	1	1.295453	I:	D:
231427	232383	-	1	1.296436	I:	D:
232383	232820	-	3	1.318543	I:	D:
232897	235077	-	1	1.338137	I:	D:
235099	235290	-	1	1.339890	I:	D:
235411	236457	-	1	1.316642	I:	D:
236474	237349	-	2	1.301719	I:	D:
237534	238220	+	3	1.308584	I:	D:
238231	239244	+	1	1.344631	I:	D:
239307	240140	+	3	1.303874	I:	D:
240137	242194	+	2	1.311179	I:	D:
242262	242621	+	3	1.348017	I:	D:
242758	243843	-	1	1.296048	I:	D:
244074	244238	-	3	1.365467	I:	D:
244296	245957	-	3	1.359913	I:	D:
246089	246601	+	2	1.346483	I:	D:
246800	248083	+	2	1.302890	I:	D:
248266	249180	-	1	1.282052	I:	D:
249287	249571	+	2	1.343454	I:	D:
249693	251369	-	3	1.359497	I:	D:
251366	253210	-	2	1.350837	I:	D:
>YB4_18009
3	146	+	3	1.311314	I:	D:
266	1888	+	2	1.308171	I:	D:
2286	2810	+	3	1.317781	I:	D:
2855	4312	+	2	1.310649	I:	D:
4497	5540	+	3	1.299526	I:	D:
5542	6261	+	1	1.301406	I:	D:
6258	7073	+	3	1.317026	I:	D:
7113	7433	-	3	1.364963	I:	D:
7493	7657	+	2	1.293307	I:	D:
7687	8034	+	1	1.356304	I:	D:
8147	8704	+	2	1.301201	I:	D:
8790	9656	+	3	1.305527	I:	D:
9713	10495	+	2	1.316547	I:	D:
10516	10839	+	1	1.335042	I:	D:
10872	11720	+	3	1.322111	I:	D:
11770	13530	+	1	1.288609	I:	D:
13641	13928	+	3	1.295707	I:	D:
14005	15222	+	1	1.298343	I:	D:
15377	15580	+	2	1.383606	I:	D:
15747	17663	+	3	1.305728	I:	D:
17947	20184	+	1	1.299478	I:	D:
20233	21498	+	1	1.306012	I:	D:
21551	22162	+	2	1.321565	I:	D:
22241	23395	+	2	1.312260	I:	D:
23407	23697	+	1	1.343629	I:	D:
23687	23992	+	2	1.309814	I:	D:
24016	26997	+	1	1.319252	I:	D:
27062	27460	+	2	1.297604	I:	D:
27464	28450	+	2	1.323410	I:	D:
28431	29369	+	3	1.308693	I:	D:
29403	30371	+	3	1.310694	I:	D:
30334	31605	+	1	1.304324	I:	D:
31734	32000	+	3	1.340353	I:	D:
32259	34367	+	3	1.325634	I:	D:
34457	36208	+	2	1.306980	I:	D:
36330	39611	+	3	1.320972	I:	D:
40256	40393	-	2	1.326229	I:	D:
40418	40600	+	2	1.351792	I:	D:
40789	41013	+	1	1.318926	I:	D:
41059	41901	+	1	1.323073	I:	D:
41964	42680	+	3	1.314714	I:	D:
42713	44272	+	2	1.314153	I:	D:
44341	44511	+	1	1.393346	I:	D:
44638	45342	+	1	1.295763	I:	D:
45357	48494	+	3	1.307536	I:	D:
48520	50190	+	1	1.307966	I:	D:
50216	51718	+	2	1.326872	I:	D:
51715	53088	+	1	1.302737	I:	D:
53099	55309	+	2	1.328227	I:	D:
55344	55877	+	3	1.321335	I:	D:
55896	56858	+	3	1.317133	I:	D:
56895	57599	+	3	1.318282	I:	D:
57592	58932	+	1	1.313737	I:	D:
58949	59986	+	2	1.327309	I:	D:
60001	60726	+	1	1.327682	I:	D:
60674	63319	+	2	1.321916	I:	D:
63343	64230	+	1	1.310068	I:	D:
64249	64920	+	1	1.309787	I:	D:
64951	65613	+	1	1.304067	I:	D:
65640	66632	+	3	1.316151	I:	D:
>YB4_18041
1	627	-	1	1.301296	I:	D:
656	835	-	2	1.309094	I:	D:
910	1233	+	1	1.295091	I:	D:
1200	2558	+	3	1.319684	I:	D:
2735	2893	-	2	1.343795	I:	D:
2950	3078	-	1	1.332904	I:	D:
3232	3429	+	1	1.348711	I:	D:
3410	4099	+	2	1.307497	I:	D:
4096	5037	+	1	1.299127	I:	D:
5136	6059	+	3	1.311798	I:	D:
6052	6759	+	1	1.327501	I:	D:
6798	7688	-	3	1.334252	I:	D:
7700	8440	-	2	1.334958	I:	D:
8495	10321	+	2	1.337906	I:	D:
10339	12714	+	1	1.329060	I:	D:
12816	13169	-	3	1.311073	I:	D:
13314	13640	+	3	1.322136	I:	D:
13694	16666	+	2	1.303800	I:	D:
16965	17834	+	3	1.322834	I:	D:
17852	18664	+	2	1.326060	I:	D:
18838	19800	+	1	1.285538	I:	D:
19849	21216	+	1	1.277338	I:	D:
21292	22215	+	1	1.308936	I:	D:
22229	23053	+	2	1.315007	I:	D:
23077	24162	+	1	1.306426	I:	D:
24257	25288	+	2	1.301083	I:	D:
25368	26147	+	3	1.266567	I:	D:
26210	27151	-	2	1.321001	I:	D:
27163	28182	-	1	1.352273	I:	D:
28529	29209	+	2	1.307044	I:	D:
29197	30381	+	1	1.304101	I:	D:
30535	31434	+	1	1.310129	I:	D:
31409	33307	+	2	1.325376	I:	D:
33866	35098	-	2	1.342168	I:	D:
35117	37126	-	2	1.314997	I:	D:
37318	38250	+	1	1.322262	I:	D:
38285	38884	+	2	1.306109	I:	D:
38907	39773	+	3	1.296861	I:	D:
39972	40607	+	3	1.326279	I:	D:
40685	41782	+	2	1.337408	I:	D:
41939	42439	+	2	1.325706	I:	D:
42579	43952	+	3	1.339433	I:	D:
43995	44645	+	3	1.290231	I:	D:
44776	46185	+	1	1.309230	I:	D:
46193	46807	-	2	1.332580	I:	D:
46973	47764	+	2	1.313205	I:	D:
47795	48274	+	2	1.318786	I:	D:
48318	50606	+	3	1.322359	I:	D:
50670	51797	+	3	1.334616	I:	D:
51838	53331	+	1	1.314444	I:	D:
53382	54635	-	3	1.302695	I:	D:
54911	57319	+	2	1.326246	I:	D:
57395	59026	+	2	1.314011	I:	D:
59248	60855	+	1	1.342815	I:	D:
60874	62223	+	1	1.307323	I:	D:
62383	64566	+	1	1.342107	I:	D:
64733	65113	+	2	1.320905	I:	D:
65097	66545	+	3	1.325389	I:	D:
>YB4_18519
135	980	-	3	1.279417	I:	D:
1251	1802	-	3	1.261658	I:	D:
2605	3345	-	1	1.259096	I:	D:
3566	4294	-	2	1.280720	I:	D:
4390	5400	-	1	1.259621	I:	D:
5618	6478	-	2	1.285330	I:	D:
6502	7044	-	1	1.293032	I:	D:
7048	9159	-	1	1.279558	I:	D:
9309	11462	-	3	1.299549	I:	D:
11533	13707	-	1	1.290310	I:	D:
13727	14869	-	2	1.297966	I:	D:
14866	18375	-	1	1.292039	I:	D:
18372	19250	-	3	1.282527	I:	D:
19255	20934	-	1	1.311923	I:	D:
21214	22278	+	1	1.341663	I:	D:
22311	23216	-	3	1.319709	I:	D:
23357	23512	+	2	1.357801	I:	D:
23526	24911	-	3	1.341584	I:	D:
24968	25858	-	2	1.334450	I:	D:
25961	26797	-	2	1.353969	I:	D:
26799	27236	-	3	1.341766	I:	D:
27256	27432	-	1	1.375143	I:	D:
27555	28598	-	3	1.330670	I:	D:
28760	29314	-	2	1.337204	I:	D:
29343	32000	-	3	1.340280	I:	D:
32091	33782	-	3	1.339633	I:	D:
33869	35344	-	2	1.325981	I:	D:
35436	36449	-	3	1.343477	I:	D:
36470	37108	-	2	1.337708	I:	D:
37108	38433	-	1	1.319699	I:	D:
38483	39904	-	2	1.308198	I:	D:
40002	41144	-	3	1.317403	I:	D:
41138	42367	-	2	1.319020	I:	D:
42605	43768	-	2	1.317971	I:	D:
43765	44490	-	1	1.316809	I:	D:
44533	46569	-	1	1.320379	I:	D:
46651	47691	-	1	1.307736	I:	D:
47728	48819	-	1	1.331353	I:	D:
48892	49440	-	1	1.307991	I:	D:
49629	50405	+	3	1.348595	I:	D:
51183	52481	-	3	1.330886	I:	D:
52602	54299	-	3	1.284170	I:	D:
54484	55368	-	1	1.298662	I:	D:
55361	56158	-	2	1.295621	I:	D:
56171	57427	-	2	1.283584	I:	D:
57512	58162	-	2	1.292038	I:	D:
58172	58864	-	2	1.323213	I:	D:
58908	59267	-	3	1.303402	I:	D:
59555	60415	-	2	1.331461	I:	D:
60399	61211	-	3	1.340632	I:	D:
61208	62233	-	2	1.288031	I:	D:
62410	62835	+	1	1.305140	I:	D:
62857	63339	+	1	1.261027	I:	D:
>YB4_18612
2	178	-	2	1.389500	I:	D:
196	516	-	1	1.343162	I:	D:
542	985	-	2	1.288692	I:	D:
1183	1470	-	1	1.372161	I:	D:
1487	2701	-	2	1.345105	I:	D:
2722	3012	-	1	1.319937	I:	D:
3191	3736	-	2	1.320570	I:	D:
3903	5429	-	3	1.337181	I:	D:
5775	6599	+	3	1.287582	I:	D:
6600	7661	+	3	1.293228	I:	D:
7805	9505	-	2	1.329055	I:	D:
9681	9848	+	3	1.292287	I:	D:
9883	11841	-	1	1.325012	I:	D:
12001	12567	-	1	1.293919	I:	D:
12674	12820	+	2	1.353078	I:	D:
12892	13119	-	1	1.384877	I:	D:
13136	13603	-	2	1.304610	I:	D:
13569	15875	-	3	1.305332	I:	D:
16168	16416	-	1	1.307397	I:	D:
16629	17816	+	3	1.311381	I:	D:
17938	18819	-	1	1.291642	I:	D:
18857	20968	-	2	1.307138	I:	D:
21011	22495	-	2	1.312226	I:	D:
22521	27038	-	3	1.308964	I:	D:
27059	28132	-	2	1.291696	I:	D:
28160	29251	-	2	1.313646	I:	D:
29296	30456	-	1	1.299846	I:	D:
30498	31307	-	3	1.311019	I:	D:
31349	32068	-	2	1.303784	I:	D:
32154	32708	-	3	1.305753	I:	D:
32752	33513	-	1	1.300305	I:	D:
33629	33835	-	2	1.388493	I:	D:
33866	34693	+	2	1.317919	I:	D:
34766	35386	+	2	1.318062	I:	D:
35465	35899	-	2	1.306660	I:	D:
35924	37165	-	2	1.316738	I:	D:
37168	39078	-	1	1.335810	I:	D:
39059	39937	-	2	1.305689	I:	D:
39966	40577	-	3	1.311825	I:	D:
40654	42312	-	1	1.307683	I:	D:
42475	44061	-	1	1.323800	I:	D:
44240	45511	-	2	1.300682	I:	D:
45541	46173	-	1	1.296911	I:	D:
46170	47195	-	3	1.307018	I:	D:
47292	47816	-	3	1.307658	I:	D:
47875	48609	-	1	1.344507	I:	D:
48669	48995	-	3	1.343721	I:	D:
49014	49199	-	3	1.306850	I:	D:
49214	49957	-	2	1.306359	I:	D:
49971	50912	-	3	1.299272	I:	D:
50909	51679	-	2	1.322913	I:	D:
51708	52625	-	3	1.300755	I:	D:
52660	53943	-	1	1.311204	I:	D:
54118	55479	+	1	1.317849	I:	D:
55533	56021	-	3	1.293835	I:	D:
56037	57239	-	3	1.287834	I:	D:
57536	58153	-	2	1.312850	I:	D:
58131	59186	-	3	1.320851	I:	D:
59342	59593	-	2	1.293954	I:	D:
59619	61460	-	3	1.296980	I:	D:
61466	62491	-	2	1.303958	I:	D:
>YB4_19105
3	398	-	3	1.301813	I:	D:
574	741	+	1	1.289459	I:	D:
917	1087	+	2	1.361556	I:	D:
1173	1997	-	3	1.353220	I:	D:
1994	3019	-	2	1.302392	I:	D:
3105	3410	-	3	1.349739	I:	D:
3431	3796	-	2	1.299042	I:	D:
3915	4067	+	3	1.423907	I:	D:
4083	5132	-	3	1.296496	I:	D:
5463	5693	-	3	1.299840	I:	D:
6418	6975	-	1	1.318603	I:	D:
7194	8069	-	3	1.324408	I:	D:
8093	8230	-	2	1.280520	I:	D:
8306	9382	-	2	1.332617	I:	D:
9482	11647	-	2	1.325620	I:	D:
11731	11913	-	1	1.311104	I:	D:
11942	12421	+	2	1.311251	I:	D:
12547	13296	-	1	1.304674	I:	D:
13470	13820	-	3	1.353290	I:	D:
13976	15154	-	2	1.314852	I:	D:
15159	16769	-	3	1.316399	I:	D:
16772	17404	-	2	1.320724	I:	D:
17527	17922	-	1	1.320026	I:	D:
18050	19156	-	2	1.298989	I:	D:
19202	20065	-	2	1.326590	I:	D:
20110	21042	-	1	1.310811	I:	D:
21114	21404	-	3	1.352945	I:	D:
21475	21990	-	1	1.283877	I:	D:
22015	22941	-	1	1.332125	I:	D:
22978	25410	+	1	1.318169	I:	D:
25509	26174	-	3	1.345022	I:	D:
26273	27484	-	2	1.319642	I:	D:
27551	29077	-	2	1.320260	I:	D:
29426	31324	-	2	1.302733	I:	D:
31404	32192	-	3	1.328500	I:	D:
32155	33024	-	1	1.337095	I:	D:
33228	35756	-	3	1.318288	I:	D:
35940	36902	+	3	1.318887	I:	D:
36923	37345	+	2	1.322961	I:	D:
37493	38434	-	2	1.324908	I:	D:
38535	39755	-	3	1.324713	I:	D:
39801	40358	-	3	1.326422	I:	D:
40477	42024	-	1	1.321297	I:	D:
42163	42651	-	1	1.313468	I:	D:
42714	43766	-	3	1.298098	I:	D:
44018	44455	-	2	1.339908	I:	D:
44452	44769	-	1	1.305857	I:	D:
44880	45017	-	3	1.392380	I:	D:
45081	46295	-	3	1.293509	I:	D:
46292	46861	-	2	1.345522	I:	D:
46970	47254	-	2	1.338256	I:	D:
47301	47501	-	3	1.310455	I:	D:
47571	48494	-	3	1.355311	I:	D:
48825	50090	-	3	1.299135	I:	D:
50185	51621	-	1	1.304639	I:	D:
51690	52664	-	3	1.351310	I:	D:
53058	57323	+	3	1.314589	I:	D:
57385	58128	+	1	1.321138	I:	D:
58172	58483	-	2	1.315816	I:	D:
58649	60043	-	2	1.315433	I:	D:
>YB4_19538
1	633	-	1	1.336470	I:	D:
650	1525	-	2	1.303267	I:	D:
1710	2396	+	3	1.307207	I:	D:
2407	3420	+	1	1.339387	I:	D:
3483	4316	+	3	1.301639	I:	D:
4313	6370	+	2	1.310268	I:	D:
6438	6797	+	3	1.344935	I:	D:
6934	8019	-	1	1.299295	I:	D:
8250	8414	-	3	1.357909	I:	D:
8472	9518	-	3	1.352766	I:	D:
9676	9933	-	1	1.384836	I:	D:
10138	10359	-	1	1.359053	I:	D:
10432	10746	+	1	1.385349	I:	D:
10889	11143	+	2	1.403091	I:	D:
11328	11930	-	3	1.311562	I:	D:
11927	13276	-	2	1.324524	I:	D:
13289	14884	-	2	1.305131	I:	D:
15206	16084	-	2	1.293942	I:	D:
16104	17066	-	3	1.302143	I:	D:
17299	17799	-	1	1.311123	I:	D:
17886	19259	-	3	1.306169	I:	D:
19592	21475	-	2	1.321202	I:	D:
21580	22392	-	1	1.309604	I:	D:
22642	23991	-	1	1.333489	I:	D:
24677	26125	-	2	1.325070	I:	D:
26109	26489	-	3	1.319118	I:	D:
26656	28839	-	1	1.342639	I:	D:
28999	30348	-	1	1.309840	I:	D:
30367	31416	-	1	1.343874	I:	D:
>YB4_19600
693	827	+	3	1.402704	I:	D:
1050	1313	-	3	1.323323	I:	D:
1392	1628	+	3	1.354648	I:	D:
1725	2171	-	3	1.372483	I:	D:
2502	2636	+	3	1.340580	I:	D:
3123	3503	-	3	1.380570	I:	D:
4756	5118	-	1	1.323541	I:	D:
5275	6252	+	1	1.294048	I:	D:
6233	7000	+	2	1.311448	I:	D:
7359	8648	+	3	1.331513	I:	D:
8831	9439	+	2	1.350014	I:	D:
9575	10813	+	2	1.297132	I:	D:
10884	11717	-	3	1.350288	I:	D:
11918	12640	+	2	1.293475	I:	D:
12716	14200	+	2	1.346159	I:	D:
14442	15062	+	3	1.313995	I:	D:
15219	16736	+	3	1.327906	I:	D:
16930	17274	+	1	1.279215	I:	D:
17346	19220	-	3	1.322529	I:	D:
19415	20512	-	2	1.300753	I:	D:
20683	20853	+	1	1.321992	I:	D:
20855	21790	+	2	1.333312	I:	D:
21814	22329	+	1	1.334333	I:	D:
22475	24154	+	2	1.304665	I:	D:
>YB4_19636
35	1030	-	2	1.320275	I:	D:
1385	1711	-	2	1.348665	I:	D:
2033	2734	-	2	1.307789	I:	D:
2731	4557	-	1	1.321005	I:	D:
4584	6197	-	3	1.317151	I:	D:
6489	7835	+	3	1.320837	I:	D:
7974	8906	+	3	1.311982	I:	D:
8923	9789	+	1	1.324917	I:	D:
9856	11442	+	1	1.294897	I:	D:
11486	13930	+	2	1.310080	I:	D:
14075	15178	+	2	1.321744	I:	D:
15175	16791	+	1	1.314194	I:	D:
16865	17533	+	2	1.305052	I:	D:
17550	18083	+	3	1.321890	I:	D:
18330	18482	+	3	1.277307	I:	D:
18688	18825	+	1	1.288493	I:	D:
18983	20152	+	2	1.293917	I:	D:
20176	21852	+	1	1.324537	I:	D:
21909	23597	+	3	1.310045	I:	D:
23819	24064	+	2	1.297849	I:	D:
24057	25592	+	3	1.299116	I:	D:
25642	25989	+	1	1.294392	I:	D:
26115	27428	+	3	1.320166	I:	D:
27555	28391	+	3	1.315201	I:	D:
28611	30899	+	3	1.310673	I:	D:
31011	31643	+	3	1.311745	I:	D:
31672	33174	+	1	1.323307	I:	D:
33386	33853	+	2	1.349582	I:	D:
33860	34042	+	2	1.336201	I:	D:
34067	34864	+	2	1.324437	I:	D:
34857	35744	+	3	1.330586	I:	D:
35741	37012	+	2	1.291430	I:	D:
37197	37586	+	3	1.282781	I:	D:
37822	38322	+	1	1.274762	I:	D:
38654	39847	+	2	1.301315	I:	D:
39922	40110	+	1	1.323710	I:	D:
40115	40549	+	2	1.279481	I:	D:
40721	40933	+	2	1.306474	I:	D:
40937	41548	+	2	1.316988	I:	D:
41618	42325	+	2	1.347433	I:	D:
42309	43433	+	3	1.323703	I:	D:
43440	43949	+	3	1.315706	I:	D:
43971	44900	+	3	1.306722	I:	D:
45447	45719	-	3	1.334759	I:	D:
45761	46030	+	2	1.312841	I:	D:
46008	46613	+	3	1.315438	I:	D:
46630	47241	+	1	1.271428	I:	D:
47222	48619	+	2	1.321736	I:	D:
48864	58901	+	3	1.309382	I:	D:
59059	59256	+	1	1.310136	I:	D:
59262	60152	+	3	1.302068	I:	D:
60308	61531	+	2	1.323572	I:	D:
61547	61675	+	2	1.327352	I:	D:
61730	63025	+	2	1.324618	I:	D:
63015	63290	+	3	1.285411	I:	D:
63348	63563	+	3	1.313774	I:	D:
63586	66111	+	1	1.313741	I:	D:
66133	68562	+	1	1.318190	I:	D:
68590	68901	+	1	1.313680	I:	D:
68898	71348	+	3	1.339254	I:	D:
71353	72615	+	1	1.331300	I:	D:
72636	72905	+	3	1.320435	I:	D:
73029	73901	+	3	1.303638	I:	D:
73898	74980	+	2	1.328941	I:	D:
74977	75894	+	1	1.321653	I:	D:
75939	76535	+	3	1.312731	I:	D:
76864	77136	+	1	1.274698	I:	D:
77142	77555	+	3	1.295589	I:	D:
77592	78830	+	3	1.323038	I:	D:
78853	79161	+	1	1.337799	I:	D:
79189	79320	+	1	1.272599	I:	D:
79310	80083	+	2	1.291454	I:	D:
80138	80278	+	2	1.260824	I:	D:
80280	81347	+	3	1.315933	I:	D:
81482	88468	+	2	1.321163	I:	D:
88540	89136	+	1	1.294917	I:	D:
89194	89781	+	1	1.289481	I:	D:
89902	90324	+	1	1.307857	I:	D:
90317	91282	+	2	1.305447	I:	D:
91313	91573	+	2	1.328203	I:	D:
91749	92300	+	3	1.315843	I:	D:
92600	93628	+	2	1.306473	I:	D:
93966	94334	+	3	1.327469	I:	D:
94663	95847	+	1	1.294478	I:	D:
95899	98283	+	1	1.332221	I:	D:
98280	99173	+	3	1.311373	I:	D:
99253	99405	+	1	1.288197	I:	D:
99503	100093	-	2	1.320409	I:	D:
100229	100591	+	2	1.322289	I:	D:
100665	101966	+	3	1.296971	I:	D:
102015	102905	+	3	1.320270	I:	D:
102928	105297	+	1	1.321647	I:	D:
>YB4_19671
2	418	-	2	1.329964	I:	D:
412	1146	-	1	1.311621	I:	D:
1293	2690	-	3	1.324217	I:	D:
2817	3731	-	3	1.334355	I:	D:
3731	4594	-	2	1.332750	I:	D:
4753	5886	-	1	1.306495	I:	D:
6088	6882	-	1	1.309422	I:	D:
7118	8632	-	2	1.317404	I:	D:
9079	9885	+	1	1.306339	I:	D:
9961	11298	-	1	1.326831	I:	D:
11459	13954	-	2	1.290085	I:	D:
13974	15284	-	3	1.304111	I:	D:
15578	16390	-	2	1.317597	I:	D:
16414	17355	-	1	1.286065	I:	D:
17529	19094	-	3	1.282670	I:	D:
19459	21912	+	1	1.294570	I:	D:
22014	22826	+	3	1.258502	I:	D:
22879	24369	-	1	1.316711	I:	D:
24420	26192	-	3	1.317628	I:	D:
26207	27979	-	2	1.301274	I:	D:
28081	29778	-	1	1.339661	I:	D:
29813	29965	-	2	1.334467	I:	D:
29952	30434	-	3	1.285845	I:	D:
30451	30930	-	1	1.341008	I:	D:
31335	31718	+	3	1.323506	I:	D:
31834	32118	-	1	1.294759	I:	D:
32477	32641	+	2	1.296863	I:	D:
32834	33991	+	2	1.310787	I:	D:
34041	36245	-	3	1.329806	I:	D:
36410	38017	-	2	1.319012	I:	D:
38098	39012	-	1	1.325772	I:	D:
39034	39978	-	1	1.317751	I:	D:
40100	40315	-	2	1.278353	I:	D:
40420	41466	+	1	1.334549	I:	D:
41619	42938	-	3	1.329178	I:	D:
43158	43946	+	3	1.324641	I:	D:
44013	44651	-	3	1.283045	I:	D:
44658	45563	-	3	1.328447	I:	D:
45550	46335	-	1	1.309995	I:	D:
46366	47661	-	1	1.290965	I:	D:
47682	47912	-	3	1.261024	I:	D:
48122	48340	+	2	1.311480	I:	D:
48351	49328	-	3	1.303325	I:	D:
49373	50374	-	2	1.316465	I:	D:
50508	51389	+	3	1.303263	I:	D:
51461	52198	-	2	1.293037	I:	D:
52234	54195	-	1	1.301816	I:	D:
54248	55492	-	2	1.323027	I:	D:
55525	55677	-	1	1.286417	I:	D:
55670	56902	-	2	1.324091	I:	D:
57079	57276	-	1	1.353389	I:	D:
57535	58542	-	1	1.311114	I:	D:
58622	59356	-	2	1.318118	I:	D:
59360	60037	-	2	1.351294	I:	D:
60193	60606	-	1	1.311048	I:	D:
60607	61701	-	1	1.328649	I:	D:
61694	63844	-	2	1.302094	I:	D:
63851	65395	-	2	1.327276	I:	D:
65397	66347	-	3	1.349225	I:	D:
66520	69015	-	1	1.326087	I:	D:
69192	70238	-	3	1.312702	I:	D:
70331	70765	-	2	1.308645	I:	D:
70786	71748	-	1	1.317632	I:	D:
71756	72796	-	2	1.337465	I:	D:
72809	73735	-	2	1.331864	I:	D:
73735	74685	-	1	1.341566	I:	D:
74689	76602	-	1	1.322909	I:	D:
76816	77034	+	1	1.310695	I:	D:
77162	77659	+	2	1.355656	I:	D:
77718	79682	-	3	1.317401	I:	D:
79962	81287	-	3	1.310302	I:	D:
81303	81431	+	3	1.263231	I:	D:
81463	83316	+	1	1.321930	I:	D:
83320	84114	-	1	1.321072	I:	D:
84456	86243	+	3	1.312791	I:	D:
86280	86732	-	3	1.300461	I:	D:
86899	88044	+	1	1.330553	I:	D:
88177	89697	+	1	1.319213	I:	D:
89751	91583	-	3	1.311865	I:	D:
91699	92559	-	1	1.321088	I:	D:
92559	93509	-	3	1.319270	I:	D:
93591	94847	-	3	1.297660	I:	D:
95335	96321	-	1	1.310795	I:	D:
96469	96627	+	1	1.313496	I:	D:
97032	97895	+	3	1.288046	I:	D:
98005	99360	-	1	1.318536	I:	D:
99441	100505	-	3	1.322353	I:	D:
100759	101445	-	1	1.358687	I:	D:
101530	101736	+	1	1.389670	I:	D:
101753	103498	-	2	1.300188	I:	D:
103619	104068	+	2	1.326122	I:	D:
104229	105878	+	3	1.365089	I:	D:
106156	106647	-	1	1.271655	I:	D:
106691	107212	-	2	1.280263	I:	D:
107491	107670	-	1	1.395651	I:	D:
107716	107880	-	1	1.239373	I:	D:
107968	109233	+	1	1.337276	I:	D:
109290	109991	-	3	1.296201	I:	D:
109994	110626	-	2	1.331925	I:	D:
110626	111366	-	1	1.317176	I:	D:
111374	112324	-	2	1.347193	I:	D:
112694	113056	+	2	1.280710	I:	D:
113058	114548	+	3	1.297993	I:	D:
115412	115681	+	2	1.404158	I:	D:
116094	118709	-	3	1.307403	I:	D:
118981	119799	-	1	1.314011	I:	D:
119809	120063	-	1	1.271251	I:	D:
120060	121241	-	3	1.297275	I:	D:
122249	123070	-	2	1.332237	I:	D:
123067	124098	-	1	1.344185	I:	D:
124204	124614	-	1	1.328753	I:	D:
124749	126029	-	3	1.310482	I:	D:
126039	128564	-	3	1.295039	I:	D:
128590	129432	-	1	1.302153	I:	D:
129675	130553	-	3	1.334401	I:	D:
130583	131872	-	2	1.328221	I:	D:
132271	132951	+	1	1.314081	I:	D:
133024	133611	-	1	1.287389	I:	D:
133684	134607	-	1	1.276474	I:	D:
134680	135444	-	1	1.310975	I:	D:
135461	135595	-	2	1.268339	I:	D:
135649	136389	-	1	1.289375	I:	D:
136418	138289	-	2	1.316613	I:	D:
138310	139740	-	1	1.307088	I:	D:
139834	140577	-	1	1.318884	I:	D:
140642	141907	-	2	1.316197	I:	D:
142152	142496	-	3	1.337555	I:	D:
142474	142668	-	1	1.340985	I:	D:
143340	144719	+	3	1.321405	I:	D:
144919	146025	+	1	1.288647	I:	D:
146072	146284	+	2	1.289177	I:	D:
146289	147416	+	3	1.340059	I:	D:
147434	149350	+	2	1.317181	I:	D:
149410	151905	+	1	1.315862	I:	D:
>YB4_19713
165	1598	-	3	1.316991	I:	D:
1585	2727	-	1	1.323821	I:	D:
2768	3961	-	2	1.334687	I:	D:
3992	4849	-	2	1.299303	I:	D:
4959	5600	-	3	1.299280	I:	D:
5729	7396	-	2	1.306292	I:	D:
7406	8281	-	2	1.314124	I:	D:
8278	9651	-	1	1.321087	I:	D:
9755	11044	-	2	1.311849	I:	D:
11164	12888	-	1	1.309047	I:	D:
12875	14431	-	2	1.300205	I:	D:
14549	16804	-	2	1.302458	I:	D:
17000	17878	+	2	1.329514	I:	D:
17936	19837	-	2	1.305722	I:	D:
19837	21597	-	1	1.300104	I:	D:
21600	22049	-	3	1.336935	I:	D:
22292	22657	+	2	1.295622	I:	D:
22660	24408	+	1	1.324466	I:	D:
24450	25328	-	3	1.317662	I:	D:
25424	26365	-	2	1.320431	I:	D:
26536	27126	+	1	1.325208	I:	D:
27191	29032	-	2	1.331284	I:	D:
29029	30927	-	1	1.326851	I:	D:
30920	31903	-	2	1.288794	I:	D:
32198	34087	-	2	1.298668	I:	D:
34150	34515	-	1	1.330622	I:	D:
34496	34753	-	2	1.346826	I:	D:
35169	36218	+	3	1.323727	I:	D:
36509	36700	+	2	1.382759	I:	D:
36907	37050	+	1	1.321373	I:	D:
37159	38223	-	1	1.330126	I:	D:
38220	39218	-	3	1.340284	I:	D:
39215	40312	-	2	1.313881	I:	D:
40429	41604	-	1	1.331435	I:	D:
41827	42489	-	1	1.332058	I:	D:
42507	43907	-	3	1.320166	I:	D:
44261	45412	-	2	1.292753	I:	D:
45669	47660	-	3	1.320536	I:	D:
47738	48538	-	2	1.307597	I:	D:
48574	49140	-	1	1.335652	I:	D:
49217	50653	-	2	1.332930	I:	D:
50658	51599	-	3	1.306796	I:	D:
51771	51980	+	3	1.295559	I:	D:
52205	53251	+	2	1.305699	I:	D:
53293	53463	+	1	1.402208	I:	D:
53484	55145	-	3	1.315234	I:	D:
55204	56148	-	1	1.324274	I:	D:
56185	58182	-	1	1.326752	I:	D:
58419	61622	-	3	1.308860	I:	D:
61609	62184	-	1	1.318660	I:	D:
62339	63157	-	2	1.322723	I:	D:
63401	64171	+	2	1.305290	I:	D:
64219	65346	-	1	1.297817	I:	D:
65363	66763	-	2	1.338060	I:	D:
66773	67477	-	2	1.282555	I:	D:
67622	70081	-	2	1.325626	I:	D:
70098	73250	-	3	1.340216	I:	D:
73667	74269	+	2	1.325368	I:	D:
74483	75136	-	2	1.331241	I:	D:
75208	76101	-	1	1.319931	I:	D:
76277	77107	-	2	1.333841	I:	D:
77248	77805	-	1	1.308988	I:	D:
77906	79339	+	2	1.311224	I:	D:
79347	79718	-	3	1.333449	I:	D:
79795	80091	-	1	1.377837	I:	D:
80289	82319	-	3	1.316830	I:	D:
82352	83863	-	2	1.311073	I:	D:
83900	84808	-	2	1.310905	I:	D:
85032	85997	+	3	1.327079	I:	D:
86115	89075	+	3	1.333851	I:	D:
89085	89276	+	3	1.383501	I:	D:
89464	89976	-	1	1.350878	I:	D:
90108	91064	+	3	1.355541	I:	D:
91164	91298	+	3	1.367378	I:	D:
91538	91723	+	2	1.358667	I:	D:
91733	91873	+	2	1.338464	I:	D:
92034	92990	-	3	1.319524	I:	D:
93010	94203	-	1	1.303782	I:	D:
94657	95442	-	1	1.325294	I:	D:
95577	95708	-	3	1.320984	I:	D:
96122	97369	-	2	1.325163	I:	D:
97529	97810	-	2	1.316803	I:	D:
98073	98999	+	3	1.300731	I:	D:
99075	100775	-	3	1.318283	I:	D:
101105	103192	-	2	1.316461	I:	D:
103192	103635	-	1	1.279337	I:	D:
103670	104173	-	2	1.361912	I:	D:
104313	106793	-	3	1.310251	I:	D:
106920	107141	-	3	1.312679	I:	D:
107198	107410	-	2	1.317419	I:	D:
107525	107677	-	2	1.372488	I:	D:
107700	110000	-	3	1.319042	I:	D:
110298	110531	-	3	1.387402	I:	D:
110569	111393	+	1	1.301097	I:	D:
111383	112696	+	2	1.337547	I:	D:
112693	114081	+	1	1.346490	I:	D:
114152	114559	-	2	1.328200	I:	D:
114556	115959	-	1	1.332214	I:	D:
115974	116834	-	3	1.333536	I:	D:
116853	118367	-	3	1.331772	I:	D:
118293	118664	+	3	1.394272	I:	D:
118940	119446	-	2	1.305804	I:	D:
119466	119657	+	3	1.340851	I:	D:
119683	119961	-	1	1.294351	I:	D:
120000	120764	-	3	1.324325	I:	D:
120768	121241	-	3	1.322749	I:	D:
121285	121536	-	1	1.322691	I:	D:
121645	121788	+	1	1.260279	I:	D:
121807	121962	+	1	1.400345	I:	D:
122138	122851	-	2	1.290756	I:	D:
>YB4_19788
72	263	-	3	1.269665	I:	D:
303	1736	-	3	1.332446	I:	D:
1759	2697	-	1	1.304639	I:	D:
2743	2892	-	1	1.321752	I:	D:
2947	5346	+	1	1.320423	I:	D:
5368	6126	+	1	1.323061	I:	D:
6132	6641	-	3	1.316372	I:	D:
6659	7648	-	2	1.317166	I:	D:
7665	9215	-	3	1.325842	I:	D:
9303	10886	-	3	1.335331	I:	D:
11210	12436	+	2	1.302417	I:	D:
12475	13668	-	1	1.288738	I:	D:
13871	14671	+	2	1.331787	I:	D:
14802	15536	+	3	1.320623	I:	D:
15726	17141	-	3	1.299603	I:	D:
17356	17964	+	1	1.309969	I:	D:
18043	22287	-	1	1.312514	I:	D:
22411	22668	-	1	1.252743	I:	D:
22776	23492	+	3	1.317539	I:	D:
23548	23853	-	1	1.265514	I:	D:
24008	24655	-	2	1.292599	I:	D:
24824	25468	-	2	1.322212	I:	D:
25523	27094	-	2	1.338051	I:	D:
27332	28924	+	2	1.334379	I:	D:
28942	29679	+	1	1.321281	I:	D:
29994	30368	+	3	1.387277	I:	D:
30511	31032	-	1	1.332070	I:	D:
31224	31421	-	3	1.337102	I:	D:
31629	32732	+	3	1.310757	I:	D:
32784	33452	-	3	1.333287	I:	D:
33492	33758	-	3	1.363736	I:	D:
33808	33948	+	1	1.353639	I:	D:
33959	35014	-	2	1.324703	I:	D:
35097	36821	-	3	1.321931	I:	D:
36901	37995	-	1	1.318799	I:	D:
38015	39226	-	2	1.315999	I:	D:
39232	40410	-	1	1.307294	I:	D:
40435	41457	-	1	1.331606	I:	D:
41542	42387	-	1	1.321856	I:	D:
42400	43389	-	1	1.307640	I:	D:
43513	44895	-	1	1.300183	I:	D:
45225	45533	-	3	1.320488	I:	D:
45635	45778	-	2	1.345859	I:	D:
46319	47743	-	2	1.317196	I:	D:
47993	48925	-	2	1.316814	I:	D:
48939	49886	-	3	1.318648	I:	D:
50045	50203	-	2	1.277152	I:	D:
50351	51364	-	2	1.341734	I:	D:
51600	52133	-	3	1.324267	I:	D:
52242	53381	-	3	1.334730	I:	D:
53381	54235	-	2	1.331988	I:	D:
54222	55112	-	3	1.319872	I:	D:
55219	56457	-	1	1.341342	I:	D:
56656	57507	-	1	1.307705	I:	D:
57609	59024	-	3	1.303629	I:	D:
59066	60157	-	2	1.296474	I:	D:
60608	62146	-	2	1.323232	I:	D:
62155	62883	-	1	1.311038	I:	D:
62901	64247	-	3	1.313746	I:	D:
64322	65656	-	2	1.321145	I:	D:
65712	66548	-	3	1.321990	I:	D:
66557	67429	-	2	1.309096	I:	D:
67443	68486	-	3	1.320126	I:	D:
68657	69592	-	2	1.287535	I:	D:
69696	69980	+	3	1.303390	I:	D:
69970	70650	+	1	1.309941	I:	D:
70704	71549	-	3	1.279543	I:	D:
71765	72013	-	2	1.291485	I:	D:
72061	72234	-	1	1.279709	I:	D:
72364	72561	-	1	1.274137	I:	D:
72798	73235	+	3	1.299795	I:	D:
73317	75146	-	3	1.330767	I:	D:
75197	75805	-	2	1.303584	I:	D:
75805	77844	-	1	1.314323	I:	D:
77924	79618	-	2	1.308510	I:	D:
79621	80355	-	1	1.308267	I:	D:
80424	81239	-	3	1.323453	I:	D:
81254	82114	-	2	1.343475	I:	D:
82111	82971	-	1	1.335964	I:	D:
82997	83896	-	2	1.310484	I:	D:
84101	85222	-	2	1.324773	I:	D:
85334	87085	-	2	1.308676	I:	D:
87357	88139	+	3	1.331147	I:	D:
88365	89432	-	3	1.295530	I:	D:
89530	90084	-	1	1.363885	I:	D:
90089	90970	-	2	1.308245	I:	D:
91106	92872	-	2	1.317524	I:	D:
92931	93716	+	3	1.323953	I:	D:
93713	95083	+	2	1.339439	I:	D:
95101	95259	+	1	1.361800	I:	D:
95831	96079	-	2	1.335966	I:	D:
96147	97781	-	3	1.340085	I:	D:
97800	98387	-	3	1.341293	I:	D:
98384	100150	-	2	1.348501	I:	D:
100272	101390	-	3	1.325717	I:	D:
101538	103319	-	3	1.323055	I:	D:
103383	104285	-	3	1.324344	I:	D:
104305	105264	-	1	1.327060	I:	D:
105422	107056	-	2	1.322621	I:	D:
107380	108375	-	1	1.307727	I:	D:
108522	110987	-	3	1.312285	I:	D:
111244	113397	-	1	1.319943	I:	D:
113447	115252	-	2	1.307169	I:	D:
115212	116219	-	3	1.322487	I:	D:
116310	117704	-	3	1.311554	I:	D:
118056	118343	-	3	1.318720	I:	D:
118354	118851	-	1	1.327072	I:	D:
118858	119859	-	1	1.316719	I:	D:
120154	121113	+	1	1.314113	I:	D:
121151	122611	-	2	1.332485	I:	D:
122616	123692	-	3	1.304487	I:	D:
123934	124836	-	1	1.332392	I:	D:
124864	125772	-	1	1.301665	I:	D:
125791	126726	-	1	1.293514	I:	D:
126822	128525	-	3	1.307560	I:	D:
128605	129282	-	1	1.299961	I:	D:
129292	129912	-	1	1.295457	I:	D:
129930	130124	-	3	1.391541	I:	D:
130362	131993	-	3	1.332104	I:	D:
132055	132939	-	1	1.331630	I:	D:
133128	135152	+	3	1.337411	I:	D:
135212	136663	-	2	1.321229	I:	D:
136831	138492	+	1	1.323876	I:	D:
138583	138840	-	1	1.298609	I:	D:
138930	139607	-	3	1.306033	I:	D:
139646	141061	-	2	1.292499	I:	D:
141019	142287	-	1	1.300171	I:	D:
142368	142838	-	3	1.281722	I:	D:
143076	143282	-	3	1.308615	I:	D:
143373	143510	-	3	1.257600	I:	D:
143867	144115	+	2	1.299638	I:	D:
144297	144425	-	3	1.193419	I:	D:
144437	145948	-	2	1.263972	I:	D:
146021	147310	-	2	1.281996	I:	D:
147331	148446	-	1	1.286243	I:	D:
148437	149039	-	3	1.312570	I:	D:
149192	149647	-	2	1.319056	I:	D:
149894	150790	-	2	1.304968	I:	D:
150974	152683	+	2	1.307108	I:	D:
152741	153370	+	2	1.335872	I:	D:
153460	154053	-	1	1.279278	I:	D:
154188	154997	-	3	1.304534	I:	D:
155254	155613	-	1	1.285930	I:	D:
155655	156305	-	3	1.336541	I:	D:
156339	157745	+	3	1.341500	I:	D:
157897	158823	-	1	1.303227	I:	D:
159012	160013	-	3	1.285338	I:	D:
160082	160774	-	2	1.340197	I:	D:
160793	162100	-	2	1.346509	I:	D:
162160	173031	-	1	1.315706	I:	D:
173097	174065	-	3	1.317443	I:	D:
174282	175259	-	3	1.294385	I:	D:
175275	175712	-	3	1.268324	I:	D:
175947	176150	+	3	1.301888	I:	D:
176298	176636	-	3	1.288868	I:	D:
177029	177646	-	2	1.286723	I:	D:
177780	178154	-	3	1.345011	I:	D:
178181	179356	-	2	1.316269	I:	D:
179439	179651	+	3	1.433563	I:	D:
179692	180153	-	1	1.319044	I:	D:
180262	180678	+	1	1.328582	I:	D:
180675	181583	+	3	1.315050	I:	D:
181619	182257	+	2	1.329089	I:	D:
>YB4_19834
3	332	+	3	1.414722	I:	D:
498	722	+	3	1.394264	I:	D:
1067	1294	+	2	1.378268	I:	D:
1347	1565	+	3	1.362354	I:	D:
1877	2116	+	2	1.401236	I:	D:
2221	2595	+	1	1.413758	I:	D:
2727	2945	+	3	1.368608	I:	D:
3005	3847	+	2	1.378367	I:	D:
4089	4286	+	3	1.321414	I:	D:
4293	5957	+	3	1.373492	I:	D:
6151	6714	+	1	1.368727	I:	D:
6772	7449	+	1	1.314495	I:	D:
7530	8411	+	3	1.339930	I:	D:
8760	9221	+	3	1.304916	I:	D:
9367	9696	+	1	1.280280	I:	D:
9689	9835	+	2	1.332058	I:	D:
9935	10207	+	2	1.344104	I:	D:
10441	11286	+	1	1.295656	I:	D:
11288	11437	-	2	1.357192	I:	D:
11485	11871	+	1	1.370718	I:	D:
12134	12595	+	2	1.305335	I:	D:
12928	13857	+	1	1.314887	I:	D:
14117	15775	+	2	1.331487	I:	D:
15952	17847	+	1	1.307458	I:	D:
17931	18176	+	3	1.311929	I:	D:
18316	19431	+	1	1.314558	I:	D:
19472	20347	+	2	1.308274	I:	D:
20446	21822	+	1	1.316095	I:	D:
21889	23862	-	1	1.321001	I:	D:
24374	24910	+	2	1.327722	I:	D:
24910	26055	+	1	1.323247	I:	D:
26106	26282	+	3	1.296197	I:	D:
26422	27204	+	1	1.339000	I:	D:
27252	30683	+	3	1.320544	I:	D:
30676	34500	+	1	1.324888	I:	D:
34553	36031	+	2	1.318373	I:	D:
36056	36907	-	2	1.345636	I:	D:
36924	37871	-	3	1.334705	I:	D:
37979	39397	-	2	1.333052	I:	D:
39372	39755	-	3	1.306449	I:	D:
39834	40595	+	3	1.288578	I:	D:
40869	41258	+	3	1.302502	I:	D:
41276	41662	+	2	1.322055	I:	D:
41753	42955	+	2	1.286886	I:	D:
42988	45288	+	1	1.313843	I:	D:
45307	46194	+	1	1.321593	I:	D:
46272	46853	+	3	1.322585	I:	D:
46929	47747	-	3	1.308564	I:	D:
47771	48352	-	2	1.301974	I:	D:
48663	48890	+	3	1.368054	I:	D:
49050	49781	+	3	1.327136	I:	D:
49789	50181	+	1	1.326632	I:	D:
50272	53472	+	1	1.306960	I:	D:
53556	53750	-	3	1.284432	I:	D:
53829	54155	-	3	1.320060	I:	D:
54256	56997	+	1	1.341900	I:	D:
