>YB1_77
895	1095	-	1	1.193204	I:	D:
1255	2580	-	1	1.230897	I:	D:
2604	3425	-	3	1.242562	I:	D:
3443	4615	-	2	1.220992	I:	D:
4634	5509	-	2	1.215407	I:	D:
5521	6135	-	1	1.226674	I:	D:
6191	6661	-	2	1.197578	I:	D:
6693	7790	-	3	1.278945	I:	D:
7795	8619	-	1	1.234515	I:	D:
8626	9318	-	1	1.193103	I:	D:
9334	10209	-	1	1.193080	I:	D:
10225	11385	-	1	1.250037	I:	D:
11478	12761	-	3	1.209636	I:	D:
12876	13688	-	3	1.237521	I:	D:
13828	14856	-	1	1.183392	I:	D:
14930	16612	-	2	1.198357	I:	D:
16653	17465	-	3	1.246921	I:	D:
17483	18883	-	2	1.228811	I:	D:
18948	19337	-	3	1.268361	I:	D:
19669	20106	-	1	1.229135	I:	D:
20116	21003	-	1	1.211600	I:	D:
21006	21221	-	3	1.154431	I:	D:
21224	22429	-	2	1.225089	I:	D:
21981	22154	+	3	1.211601	I:	D:
22401	23279	-	3	1.265322	I:	D:
23368	23913	-	1	1.221908	I:	D:
23958	24320	-	3	1.187930	I:	D:
24444	25079	-	3	1.162202	I:	D:
25110	25658	-	3	1.212740	I:	D:
25673	26257	-	2	1.213289	I:	D:
26266	27450	-	1	1.258634	I:	D:
27465	27851	-	3	1.280865	I:	D:
27867	28070	-	3	1.236621	I:	D:
28075	28596	-	1	1.209638	I:	D:
28586	29554	-	2	1.235537	I:	D:
29913	30920	-	3	1.222752	I:	D:
31095	31271	-	3	1.265362	I:	D:
31285	31812	-	1	1.239834	I:	D:
31970	33166	-	2	1.267859	I:	D:
33449	34717	+	2	1.212097	I:	D:
34786	36000	+	1	1.243451	I:	D:
36014	36538	-	2	1.176843	I:	D:
36529	37038	-	1	1.219977	I:	D:
37040	37597	-	2	1.224152	I:	D:
37633	39693	-	1	1.231693	I:	D:
39805	41430	-	1	1.217093	I:	D:
41445	41795	-	3	1.242432	I:	D:
42165	42353	+	3	1.374197	I:	D:
>YB1_260
2	403	-	2	1.328762	I:	D:
404	2374	-	2	1.240144	I:	D:
>YB1_309
169	552	-	1	1.224906	I:	D:
633	854	-	3	1.165004	I:	D:
1143	1355	-	3	1.232387	I:	D:
1384	1674	-	1	1.235061	I:	D:
1797	2318	-	3	1.211125	I:	D:
2303	2923	-	2	1.212213	I:	D:
>YB1_341
3	2162	+	3	1.243874	I:	D:
2327	3889	+	2	1.252033	I:	D:
4228	5799	+	1	1.213603	I:	D:
6012	6434	+	3	1.204218	I:	D:
6449	7444	+	2	1.221632	I:	D:
7737	7871	+	3	1.247708	I:	D:
7956	9749	+	3	1.250684	I:	D:
9784	10935	+	1	1.235692	I:	D:
10938	12068	+	3	1.229815	I:	D:
12084	13535	+	3	1.237824	I:	D:
13543	15966	+	1	1.220358	I:	D:
15968	17830	+	2	1.218082	I:	D:
17959	18396	+	1	1.207466	I:	D:
18619	19890	+	1	1.229924	I:	D:
20044	21144	+	1	1.273129	I:	D:
21254	22120	+	2	1.171927	I:	D:
22388	22714	-	2	1.232569	I:	D:
23012	24052	+	2	1.192530	I:	D:
24188	24685	-	2	1.220864	I:	D:
24917	26578	+	2	1.232124	I:	D:
26772	26960	+	3	1.302972	I:	D:
27335	28843	+	2	1.237553	I:	D:
29048	30163	+	2	1.236837	I:	D:
30183	30839	-	3	1.207741	I:	D:
31171	31611	+	1	1.218511	I:	D:
31710	33110	+	3	1.236727	I:	D:
33199	33951	+	1	1.207775	I:	D:
34040	35305	+	2	1.179811	I:	D:
35371	36084	+	1	1.199906	I:	D:
36480	38444	+	3	1.263942	I:	D:
38595	39155	+	3	1.261723	I:	D:
39172	40872	+	1	1.230218	I:	D:
40875	41705	+	3	1.255366	I:	D:
>YB1_984
186	2495	+	3	1.197930	I:	D:
2593	2742	-	1	1.291160	I:	D:
>YB1_1009
63	1025	-	3	1.263072	I:	D:
1485	2837	+	3	1.270930	I:	D:
2926	4227	+	1	1.282705	I:	D:
4300	5484	-	1	1.226095	I:	D:
5729	6427	+	2	1.227659	I:	D:
6486	6923	-	3	1.196139	I:	D:
6928	7899	-	1	1.217500	I:	D:
7911	8390	-	3	1.225945	I:	D:
8404	9423	-	1	1.222161	I:	D:
9435	9968	-	3	1.222705	I:	D:
10093	10590	-	1	1.172848	I:	D:
10830	11321	-	3	1.226074	I:	D:
11388	12188	-	3	1.217733	I:	D:
12192	13001	-	3	1.274187	I:	D:
12781	12936	+	1	1.281384	I:	D:
12991	13575	-	1	1.199151	I:	D:
13581	14324	-	3	1.209182	I:	D:
14329	16602	-	1	1.240522	I:	D:
16604	17053	-	2	1.264228	I:	D:
17047	17841	-	1	1.227112	I:	D:
17998	19338	-	1	1.255202	I:	D:
19931	20341	-	2	1.189528	I:	D:
20690	21373	+	2	1.208457	I:	D:
22087	22866	+	1	1.258078	I:	D:
23007	23996	-	3	1.205990	I:	D:
24152	24460	-	2	1.214422	I:	D:
24656	25564	-	2	1.251218	I:	D:
25894	27588	-	1	1.228438	I:	D:
27590	28582	-	2	1.198146	I:	D:
28608	29462	-	3	1.215513	I:	D:
29599	30648	-	1	1.201891	I:	D:
31319	32779	+	2	1.232982	I:	D:
32760	34376	+	3	1.216507	I:	D:
34598	35140	+	2	1.209833	I:	D:
35225	35671	-	2	1.211441	I:	D:
35835	36686	-	3	1.194537	I:	D:
36793	37695	-	1	1.210907	I:	D:
37850	38833	-	2	1.221846	I:	D:
>YB1_1066
1	132	-	1	1.203827	I:	D:
156	1031	-	3	1.190400	I:	D:
1088	1849	-	2	1.233546	I:	D:
1867	2559	-	1	1.221199	I:	D:
>YB1_1109
3	515	-	3	1.210864	I:	D:
563	1564	-	2	1.226585	I:	D:
1695	2513	-	3	1.267599	I:	D:
2513	3442	-	2	1.222039	I:	D:
3510	4829	-	3	1.217221	I:	D:
4934	5890	-	2	1.211805	I:	D:
6063	7634	+	3	1.260647	I:	D:
7729	8592	-	1	1.213599	I:	D:
8753	9175	-	2	1.217758	I:	D:
9199	10509	-	1	1.223588	I:	D:
10751	11506	-	2	1.199059	I:	D:
11511	12527	-	3	1.284739	I:	D:
12517	13422	-	1	1.212560	I:	D:
13921	14568	-	1	1.268360	I:	D:
14795	16195	-	2	1.266833	I:	D:
16697	17095	+	2	1.232051	I:	D:
17181	18812	-	3	1.235452	I:	D:
18912	20273	-	3	1.235363	I:	D:
20421	21929	-	3	1.230973	I:	D:
22274	23584	+	2	1.277513	I:	D:
23637	24986	+	3	1.249783	I:	D:
25027	25230	-	1	1.215387	I:	D:
25283	26968	-	2	1.245549	I:	D:
26985	30299	-	3	1.251130	I:	D:
30412	31500	+	1	1.228244	I:	D:
31682	32017	+	2	1.216556	I:	D:
32121	32327	-	3	1.210126	I:	D:
32397	33476	-	3	1.211243	I:	D:
33632	35224	-	2	1.212472	I:	D:
35917	36450	+	1	1.259089	I:	D:
36559	37731	-	1	1.199030	I:	D:
37828	38490	-	1	1.221796	I:	D:
>YB1_1142
1	687	+	1	1.257270	I:	D:
734	1669	-	2	1.220367	I:	D:
1853	2173	-	2	1.261009	I:	D:
2553	4562	-	3	1.250353	I:	D:
4627	5394	-	1	1.245944	I:	D:
5494	6435	-	1	1.248448	I:	D:
6501	7169	-	3	1.240378	I:	D:
7420	7653	-	1	1.208016	I:	D:
8283	8489	-	3	1.181984	I:	D:
8774	10141	-	2	1.244417	I:	D:
10218	10910	-	3	1.225818	I:	D:
11088	12383	-	3	1.242576	I:	D:
12387	12647	-	3	1.311564	I:	D:
12877	14637	-	1	1.247149	I:	D:
14656	15615	-	1	1.259393	I:	D:
15920	16132	+	2	1.213801	I:	D:
16150	18126	+	1	1.223052	I:	D:
18147	18296	+	3	1.225618	I:	D:
18629	19237	+	2	1.181448	I:	D:
19704	19868	-	3	1.209310	I:	D:
20382	20681	+	3	1.250072	I:	D:
20843	21355	-	2	1.256269	I:	D:
21575	22765	+	2	1.261036	I:	D:
22918	23754	+	1	1.212186	I:	D:
23870	24991	-	2	1.193326	I:	D:
25096	25326	+	1	1.164924	I:	D:
25514	26497	-	2	1.202029	I:	D:
26603	28462	+	2	1.193830	I:	D:
28564	29553	-	1	1.230904	I:	D:
29576	30511	-	2	1.245043	I:	D:
31145	31291	-	2	1.309870	I:	D:
31387	33213	-	1	1.255973	I:	D:
33789	34979	+	3	1.221900	I:	D:
35087	35962	+	2	1.234398	I:	D:
36132	37277	-	3	1.205255	I:	D:
37414	37587	+	1	1.161439	I:	D:
37662	37850	+	3	1.281306	I:	D:
37881	38270	-	3	1.194137	I:	D:
>YB1_1151
301	990	+	1	1.244786	I:	D:
1068	2567	+	3	1.252840	I:	D:
2580	2705	+	3	1.284462	I:	D:
>YB1_1213
2	847	+	2	1.270615	I:	D:
938	1819	+	2	1.288407	I:	D:
1966	2688	+	1	1.322244	I:	D:
>YB1_1242
557	742	+	2	1.242439	I:	D:
907	1035	+	1	1.246390	I:	D:
1530	2681	+	3	1.250376	I:	D:
>YB1_1258
193	495	-	1	1.236983	I:	D:
1057	1332	-	1	1.239918	I:	D:
1548	2351	+	3	1.234297	I:	D:
2506	2679	+	1	1.232517	I:	D:
>YB1_1353
313	1311	-	1	1.231514	I:	D:
1708	2655	-	1	1.243315	I:	D:
>YB1_1561
103	687	-	1	1.206129	I:	D:
780	1757	-	3	1.249323	I:	D:
1974	2594	-	3	1.197442	I:	D:
>YB1_1643
1	426	+	1	1.204678	I:	D:
714	1223	+	3	1.216350	I:	D:
1290	1529	-	3	1.210632	I:	D:
1794	2021	-	3	1.168797	I:	D:
2350	2577	+	1	1.241479	I:	D:
>YB1_1746
1	351	+	1	1.285727	I:	D:
715	1383	+	1	1.278286	I:	D:
1557	1730	+	3	1.256375	I:	D:
2156	2308	+	2	1.276636	I:	D:
>YB1_1765
263	1759	-	2	1.187622	I:	D:
2132	2554	-	2	1.160935	I:	D:
>YB1_1810
880	1584	-	1	1.223023	I:	D:
1676	4831	-	2	1.230771	I:	D:
5205	5939	-	3	1.183535	I:	D:
6008	7057	-	2	1.205638	I:	D:
7705	7962	-	1	1.318313	I:	D:
8121	8336	+	3	1.248411	I:	D:
8364	8597	+	3	1.237817	I:	D:
8783	8929	+	2	1.244087	I:	D:
8936	9463	+	2	1.220099	I:	D:
10556	11071	-	2	1.208114	I:	D:
11142	11432	-	3	1.224730	I:	D:
11434	12420	-	1	1.216920	I:	D:
12423	13076	-	3	1.206281	I:	D:
13101	15380	-	3	1.187231	I:	D:
15367	16065	-	1	1.209651	I:	D:
16981	18828	-	1	1.186866	I:	D:
19159	19998	-	1	1.311332	I:	D:
19886	20845	-	2	1.241521	I:	D:
20890	21825	-	1	1.217509	I:	D:
22101	22898	-	3	1.220941	I:	D:
22963	23148	-	1	1.226891	I:	D:
23556	23957	+	3	1.169841	I:	D:
23987	24427	+	2	1.231113	I:	D:
24729	25871	-	3	1.261131	I:	D:
26046	27335	-	3	1.206861	I:	D:
27336	31136	-	3	1.180265	I:	D:
31393	32469	-	1	1.180025	I:	D:
32487	33980	-	3	1.205634	I:	D:
34102	34905	-	1	1.224466	I:	D:
35054	35884	-	2	1.206740	I:	D:
>YB1_1867
2	271	-	2	1.236328	I:	D:
326	1411	-	2	1.215279	I:	D:
1719	2072	-	3	1.185973	I:	D:
2081	2386	-	2	1.198157	I:	D:
2389	2529	-	1	1.189051	I:	D:
>YB1_1892
2	889	+	2	1.280173	I:	D:
926	2020	+	2	1.301523	I:	D:
2022	2525	+	3	1.297393	I:	D:
>YB1_2088
3	161	-	3	1.327252	I:	D:
526	891	-	1	1.225028	I:	D:
1024	1500	-	1	1.187125	I:	D:
1631	2341	+	2	1.253368	I:	D:
2404	3075	-	1	1.232026	I:	D:
3136	4290	-	1	1.224472	I:	D:
5401	5529	-	1	1.262865	I:	D:
6405	6590	-	3	1.213764	I:	D:
6645	7316	-	3	1.250384	I:	D:
7575	7853	+	3	1.238057	I:	D:
7891	8529	-	1	1.241147	I:	D:
9014	10129	+	2	1.217162	I:	D:
11090	12289	-	2	1.221520	I:	D:
12522	13481	-	3	1.195815	I:	D:
13562	14536	-	2	1.257067	I:	D:
14536	15348	-	1	1.228952	I:	D:
15460	16296	-	1	1.207450	I:	D:
16327	16923	-	1	1.197357	I:	D:
16987	17637	-	1	1.220213	I:	D:
17655	18023	-	3	1.179243	I:	D:
18033	19247	-	3	1.210589	I:	D:
19258	19899	-	1	1.215483	I:	D:
20293	22902	-	1	1.215163	I:	D:
23215	23439	+	1	1.239047	I:	D:
23605	24774	-	1	1.236437	I:	D:
25192	25860	-	1	1.206756	I:	D:
26053	26676	+	1	1.238017	I:	D:
26962	27201	+	1	1.118659	I:	D:
27230	27541	-	2	1.203918	I:	D:
27668	27877	+	2	1.189859	I:	D:
27917	28264	-	2	1.220328	I:	D:
28330	28752	-	1	1.168996	I:	D:
29096	29794	+	2	1.232218	I:	D:
29879	30835	+	2	1.217911	I:	D:
30984	31721	+	3	1.212687	I:	D:
31819	33060	-	1	1.245561	I:	D:
33305	33613	-	2	1.210700	I:	D:
33698	35095	-	2	1.238066	I:	D:
>YB1_2121
3	209	-	3	1.259416	I:	D:
433	1257	-	1	1.224226	I:	D:
1523	3307	-	2	1.209489	I:	D:
3331	4176	-	1	1.209627	I:	D:
4224	4826	-	3	1.231412	I:	D:
5052	5216	-	3	1.220989	I:	D:
5453	5671	+	2	1.214902	I:	D:
5688	7622	+	3	1.253800	I:	D:
7730	8809	-	2	1.218343	I:	D:
9146	10546	-	2	1.208848	I:	D:
10883	12508	-	2	1.253238	I:	D:
12658	14253	-	1	1.245535	I:	D:
14585	14962	-	2	1.227368	I:	D:
15196	16242	-	1	1.228354	I:	D:
16533	16991	-	3	1.187362	I:	D:
17024	18124	-	2	1.229748	I:	D:
18126	19409	-	3	1.255127	I:	D:
19402	20082	-	1	1.184779	I:	D:
20271	21347	-	3	1.215563	I:	D:
21546	22067	+	3	1.193236	I:	D:
22117	23472	-	1	1.232756	I:	D:
23723	24334	-	2	1.258995	I:	D:
24334	26688	-	1	1.211741	I:	D:
26964	28211	-	3	1.228803	I:	D:
28231	28815	-	1	1.234045	I:	D:
28886	30172	-	2	1.205068	I:	D:
30297	30767	-	3	1.260290	I:	D:
30767	32116	-	2	1.248358	I:	D:
32339	34360	-	2	1.232518	I:	D:
34671	35222	+	3	1.264960	I:	D:
>YB1_2330
46	954	-	1	1.199510	I:	D:
1393	2421	+	1	1.205423	I:	D:
>YB1_2348
553	1839	-	1	1.232057	I:	D:
2264	2398	-	2	1.253677	I:	D:
2400	3737	-	3	1.235662	I:	D:
3751	4200	-	1	1.194612	I:	D:
4201	6192	-	1	1.218444	I:	D:
6202	7158	-	1	1.255860	I:	D:
7166	7486	-	2	1.256344	I:	D:
7581	7808	-	3	1.305343	I:	D:
7828	8274	-	1	1.294580	I:	D:
8309	8587	-	2	1.286943	I:	D:
8873	10075	-	2	1.247558	I:	D:
10152	10337	-	3	1.233838	I:	D:
10352	10615	-	2	1.280593	I:	D:
10644	11234	-	3	1.215984	I:	D:
11339	12652	-	2	1.200234	I:	D:
12985	14127	-	1	1.239927	I:	D:
14149	15024	-	1	1.205297	I:	D:
15026	15799	-	2	1.266581	I:	D:
15857	16642	-	2	1.237376	I:	D:
16815	17534	-	3	1.244809	I:	D:
17524	19422	-	1	1.232985	I:	D:
19483	20871	-	1	1.210098	I:	D:
20982	21218	-	3	1.255202	I:	D:
21586	22284	-	1	1.257809	I:	D:
22314	22580	-	3	1.250864	I:	D:
22597	22938	-	1	1.241235	I:	D:
23797	25119	+	1	1.224439	I:	D:
25361	26467	+	2	1.195376	I:	D:
26587	26793	+	1	1.190357	I:	D:
26809	27924	+	1	1.215090	I:	D:
27925	29826	+	1	1.270391	I:	D:
29844	32270	+	3	1.236745	I:	D:
32340	32627	+	3	1.194634	I:	D:
32636	32887	+	2	1.254120	I:	D:
32906	33223	+	2	1.217458	I:	D:
33227	33634	+	2	1.201526	I:	D:
33766	34410	+	1	1.223711	I:	D:
>YB1_2427
1	1068	+	1	1.225907	I:	D:
1389	1766	+	3	1.261699	I:	D:
2029	2346	+	1	1.201488	I:	D:
>YB1_2685
3	770	+	3	1.174845	I:	D:
972	1547	+	3	1.218769	I:	D:
1572	2342	+	3	1.227088	I:	D:
>YB1_3286
90	764	-	3	1.209412	I:	D:
935	2473	+	2	1.230091	I:	D:
2553	3932	-	3	1.241175	I:	D:
4007	4561	-	2	1.209696	I:	D:
4879	10875	+	1	1.217349	I:	D:
10899	13598	+	3	1.210075	I:	D:
13814	14383	+	2	1.261789	I:	D:
14476	15195	+	1	1.164638	I:	D:
15352	16665	-	1	1.198099	I:	D:
16965	17762	-	3	1.270376	I:	D:
18254	18817	+	2	1.251440	I:	D:
19225	20109	+	1	1.219453	I:	D:
20455	20826	+	1	1.207094	I:	D:
20827	21708	+	1	1.202502	I:	D:
21752	22531	+	2	1.215194	I:	D:
22770	24479	+	3	1.163442	I:	D:
24484	26187	+	1	1.190177	I:	D:
26235	27293	+	3	1.225513	I:	D:
27295	27609	-	1	1.229719	I:	D:
28616	29536	+	2	1.208074	I:	D:
29928	30917	+	3	1.213363	I:	D:
30993	31823	-	3	1.262817	I:	D:
>YB1_3308
253	777	-	1	1.243185	I:	D:
954	1553	-	3	1.232468	I:	D:
1676	1804	-	2	1.163567	I:	D:
1877	2263	-	2	1.163308	I:	D:
2320	2748	-	1	1.243167	I:	D:
3107	3610	-	2	1.227209	I:	D:
3623	4045	-	2	1.182101	I:	D:
4443	4655	+	3	1.204516	I:	D:
4716	5522	+	3	1.255397	I:	D:
5565	5987	+	3	1.180210	I:	D:
5997	6542	+	3	1.241708	I:	D:
6406	7206	+	1	1.261969	I:	D:
8002	8823	+	1	1.216367	I:	D:
8842	9780	+	1	1.224322	I:	D:
9783	10640	+	3	1.267944	I:	D:
10662	12233	+	3	1.223354	I:	D:
12256	13041	+	1	1.233471	I:	D:
13034	13999	+	2	1.226300	I:	D:
13999	15339	+	1	1.282166	I:	D:
15645	16244	+	3	1.289792	I:	D:
16625	18121	+	2	1.226466	I:	D:
18229	18675	-	1	1.230812	I:	D:
18756	19613	-	3	1.227560	I:	D:
19766	19912	-	2	1.234501	I:	D:
19996	20229	-	1	1.207518	I:	D:
20267	20482	-	2	1.232533	I:	D:
20592	21122	-	3	1.288894	I:	D:
21279	21542	+	3	1.222490	I:	D:
21866	22594	+	2	1.216487	I:	D:
22609	24015	+	1	1.185548	I:	D:
24039	24950	+	3	1.188184	I:	D:
24966	26042	+	3	1.165197	I:	D:
26088	28436	+	3	1.205749	I:	D:
28472	28966	+	2	1.216269	I:	D:
28989	29981	+	3	1.227348	I:	D:
29997	30275	+	3	1.210762	I:	D:
30486	30644	+	3	1.222496	I:	D:
30779	30991	+	2	1.208030	I:	D:
31172	31774	-	2	1.206305	I:	D:
>YB1_3389
3	329	-	3	1.228694	I:	D:
1459	1959	-	1	1.173490	I:	D:
>YB1_3480
281	430	+	2	1.308193	I:	D:
456	677	+	3	1.264476	I:	D:
697	1239	+	1	1.259806	I:	D:
1278	1703	+	3	1.279593	I:	D:
1778	2476	+	2	1.244697	I:	D:
2705	3208	+	2	1.248660	I:	D:
3289	3651	+	1	1.173924	I:	D:
3906	7613	+	3	1.263191	I:	D:
7655	11143	+	2	1.273840	I:	D:
11428	11853	+	1	1.281115	I:	D:
11984	12454	+	2	1.242454	I:	D:
12506	14572	+	2	1.278556	I:	D:
14669	15862	+	2	1.296844	I:	D:
16270	16581	+	1	1.273504	I:	D:
16671	17300	+	3	1.268840	I:	D:
17329	17952	+	1	1.260347	I:	D:
17952	18242	+	3	1.234845	I:	D:
18275	19105	+	2	1.283752	I:	D:
19141	19422	+	1	1.294063	I:	D:
19455	19790	+	3	1.287005	I:	D:
19813	20619	+	1	1.283628	I:	D:
20651	21082	+	2	1.281061	I:	D:
21084	21287	+	3	1.238677	I:	D:
21310	21564	+	1	1.298682	I:	D:
21591	21959	+	3	1.291121	I:	D:
21979	22287	+	1	1.243193	I:	D:
22313	22855	+	2	1.276111	I:	D:
22903	23088	+	1	1.361239	I:	D:
23121	23519	+	3	1.280013	I:	D:
23550	24092	+	3	1.256175	I:	D:
24127	24495	+	1	1.291304	I:	D:
24527	25036	+	2	1.286592	I:	D:
25051	25236	+	1	1.236266	I:	D:
25270	25713	+	1	1.247461	I:	D:
25758	27026	+	3	1.278992	I:	D:
27042	27692	+	3	1.260821	I:	D:
27692	28438	+	2	1.276857	I:	D:
28516	28734	+	1	1.291008	I:	D:
29033	29404	+	2	1.295496	I:	D:
29427	29825	+	3	1.285863	I:	D:
29859	30482	+	3	1.262688	I:	D:
30572	31357	+	2	1.240578	I:	D:
>YB1_3502
188	1609	-	2	1.251964	I:	D:
1678	3105	-	1	1.236842	I:	D:
3328	4296	-	1	1.202605	I:	D:
4516	4971	-	1	1.206738	I:	D:
5106	8285	-	3	1.222826	I:	D:
8716	9492	+	1	1.237290	I:	D:
9567	10859	-	3	1.205022	I:	D:
10856	11545	-	2	1.219022	I:	D:
11669	13621	-	2	1.202325	I:	D:
13599	15692	-	3	1.229123	I:	D:
16121	17473	-	2	1.228658	I:	D:
17721	18293	+	3	1.234928	I:	D:
18376	21510	-	1	1.195426	I:	D:
21522	22223	-	3	1.225229	I:	D:
22641	23039	+	3	1.275766	I:	D:
23185	24684	+	1	1.225833	I:	D:
24992	25432	+	2	1.218243	I:	D:
25672	26814	+	1	1.225906	I:	D:
26874	28637	-	3	1.203636	I:	D:
28853	30214	-	2	1.227367	I:	D:
30216	30758	-	3	1.206326	I:	D:
30918	31328	-	3	1.205682	I:	D:
>YB1_3546
36	209	+	3	1.337844	I:	D:
348	1295	+	3	1.227920	I:	D:
1362	2006	-	3	1.171486	I:	D:
2496	3746	-	3	1.242867	I:	D:
3955	4566	-	1	1.230214	I:	D:
4819	6462	-	1	1.223654	I:	D:
6559	7125	-	1	1.235317	I:	D:
7573	9237	+	1	1.258497	I:	D:
9311	10198	-	2	1.202146	I:	D:
10283	10924	-	2	1.224601	I:	D:
10981	12264	-	1	1.265349	I:	D:
12369	13973	-	3	1.192403	I:	D:
14104	15066	-	1	1.279268	I:	D:
15248	16246	+	2	1.221996	I:	D:
16301	16864	-	2	1.236380	I:	D:
17346	17516	+	3	1.199583	I:	D:
17612	18103	-	2	1.181086	I:	D:
18190	18318	-	1	1.180978	I:	D:
18386	20014	-	2	1.258753	I:	D:
20352	21071	-	3	1.189875	I:	D:
21103	21609	-	1	1.264072	I:	D:
21947	22297	+	2	1.229838	I:	D:
22315	22527	-	1	1.231887	I:	D:
22601	23533	-	2	1.213144	I:	D:
23728	24849	-	1	1.259495	I:	D:
25245	28286	-	3	1.222230	I:	D:
28633	31086	-	1	1.219583	I:	D:
>YB1_3601
92	721	-	2	1.214277	I:	D:
846	2759	+	3	1.217086	I:	D:
2892	4268	+	3	1.254261	I:	D:
4395	4727	-	3	1.214266	I:	D:
4729	5097	-	1	1.164667	I:	D:
5311	6327	-	1	1.221198	I:	D:
6330	6785	-	3	1.196548	I:	D:
6775	7491	-	1	1.245549	I:	D:
7491	7958	-	3	1.225644	I:	D:
8394	9011	-	3	1.256504	I:	D:
9430	10587	-	1	1.220327	I:	D:
10608	12749	-	3	1.219993	I:	D:
12823	13815	-	1	1.217286	I:	D:
13952	16621	-	2	1.226563	I:	D:
16758	17306	-	3	1.228623	I:	D:
17921	18697	-	2	1.201419	I:	D:
18700	20922	-	1	1.232594	I:	D:
21056	22249	-	2	1.244246	I:	D:
22274	23164	-	2	1.220662	I:	D:
23157	24026	-	3	1.239554	I:	D:
24190	24639	-	1	1.241816	I:	D:
24617	26104	-	2	1.225634	I:	D:
26645	26788	-	2	1.181944	I:	D:
26871	27596	-	3	1.289312	I:	D:
27863	28390	-	2	1.188323	I:	D:
28416	29753	-	3	1.223539	I:	D:
29836	30606	+	1	1.179714	I:	D:
30667	31008	+	1	1.214887	I:	D:
>YB1_3672
181	393	-	1	1.232682	I:	D:
404	892	-	2	1.204318	I:	D:
1372	1782	-	1	1.222704	I:	D:
2003	2158	-	2	1.274334	I:	D:
>YB1_3997
188	1102	-	2	1.227094	I:	D:
1314	1685	-	3	1.290387	I:	D:
1764	2105	-	3	1.263669	I:	D:
>YB1_4070
1	213	+	1	1.275658	I:	D:
517	951	-	1	1.205487	I:	D:
941	1321	-	2	1.214893	I:	D:
1825	1983	+	1	1.209185	I:	D:
2531	3286	+	2	1.239406	I:	D:
3270	4076	+	3	1.237035	I:	D:
4124	7315	-	2	1.209401	I:	D:
7798	8145	-	1	1.232789	I:	D:
8354	8593	+	2	1.184271	I:	D:
8661	9527	-	3	1.222355	I:	D:
9668	10750	-	2	1.238605	I:	D:
10976	11206	-	2	1.253784	I:	D:
11247	13142	-	3	1.209620	I:	D:
13158	15032	-	3	1.229780	I:	D:
15163	15510	-	1	1.230613	I:	D:
15617	17614	-	2	1.223524	I:	D:
17633	18487	-	2	1.197641	I:	D:
18480	19007	-	3	1.237656	I:	D:
19450	20421	-	1	1.182962	I:	D:
20467	20862	-	1	1.235141	I:	D:
20852	22300	-	2	1.217397	I:	D:
22381	23790	-	1	1.236425	I:	D:
23946	24929	-	3	1.192068	I:	D:
24999	25556	-	3	1.184492	I:	D:
25863	27149	-	3	1.219539	I:	D:
27230	27895	-	2	1.199329	I:	D:
28112	29002	-	2	1.211821	I:	D:
29351	29533	-	2	1.180252	I:	D:
>YB1_4098
1	1488	+	1	1.228098	I:	D:
1683	2093	+	3	1.184312	I:	D:
>YB1_4227
2	736	-	2	1.223581	I:	D:
924	1604	-	3	1.224527	I:	D:
>YB1_4330
240	599	-	3	1.178287	I:	D:
650	1513	-	2	1.231838	I:	D:
1673	1921	-	2	1.230113	I:	D:
1931	2404	-	2	1.172741	I:	D:
2428	2718	+	1	1.189971	I:	D:
2750	3955	+	2	1.226754	I:	D:
4086	4643	-	3	1.253241	I:	D:
4859	5884	-	2	1.258238	I:	D:
5954	6496	-	2	1.255566	I:	D:
6669	7385	-	3	1.230184	I:	D:
7717	7941	+	1	1.228338	I:	D:
8009	8821	-	2	1.242912	I:	D:
9070	9588	+	1	1.255393	I:	D:
9739	10452	-	1	1.218635	I:	D:
10593	10781	-	3	1.203906	I:	D:
11007	12269	-	3	1.260936	I:	D:
12329	13246	-	2	1.245097	I:	D:
13532	13921	+	2	1.184194	I:	D:
13914	15008	+	3	1.211721	I:	D:
15058	16596	-	1	1.254606	I:	D:
16983	17147	-	3	1.168991	I:	D:
17462	18517	-	2	1.224275	I:	D:
18825	19172	+	3	1.246859	I:	D:
19214	20446	-	2	1.232059	I:	D:
20638	21864	-	1	1.242802	I:	D:
22184	22990	+	2	1.250275	I:	D:
23030	23860	-	2	1.188307	I:	D:
23954	24256	-	2	1.224953	I:	D:
24363	24770	-	3	1.190538	I:	D:
25169	25717	+	2	1.250082	I:	D:
25792	26010	-	1	1.309201	I:	D:
26231	27175	-	2	1.215820	I:	D:
27532	28770	+	1	1.208575	I:	D:
28842	29213	-	3	1.193466	I:	D:
>YB1_4615
1	255	-	1	1.202544	I:	D:
405	1715	+	3	1.205475	I:	D:
1816	2064	-	1	1.275254	I:	D:
2185	3051	+	1	1.222829	I:	D:
3054	3590	-	3	1.179885	I:	D:
3851	4054	-	2	1.210184	I:	D:
4153	4317	-	1	1.225037	I:	D:
4442	5206	+	2	1.235595	I:	D:
5302	5937	+	1	1.211764	I:	D:
6031	6603	+	1	1.240435	I:	D:
6678	6818	+	3	1.138894	I:	D:
6821	8590	+	2	1.226786	I:	D:
8707	8835	+	1	1.167048	I:	D:
8884	10188	+	1	1.227894	I:	D:
10257	10796	+	3	1.281882	I:	D:
11072	11518	+	2	1.223781	I:	D:
11599	12204	+	1	1.244154	I:	D:
12569	12820	+	2	1.215407	I:	D:
12807	13553	+	3	1.180792	I:	D:
13580	14455	+	2	1.236087	I:	D:
14635	15981	+	1	1.200376	I:	D:
16128	17147	+	3	1.234545	I:	D:
17213	18220	+	2	1.267095	I:	D:
18346	19545	+	1	1.208790	I:	D:
19710	20453	+	3	1.217532	I:	D:
20466	21992	+	3	1.228973	I:	D:
22094	23404	+	2	1.258535	I:	D:
23616	23843	+	3	1.271042	I:	D:
24233	25609	+	2	1.241566	I:	D:
25679	27946	+	2	1.223863	I:	D:
27975	28595	+	3	1.211891	I:	D:
>YB1_4692
107	694	-	2	1.211567	I:	D:
754	1395	-	1	1.238509	I:	D:
1400	2062	-	2	1.236595	I:	D:
2064	2948	-	3	1.223082	I:	D:
3249	5063	-	3	1.238411	I:	D:
5076	5825	-	3	1.223852	I:	D:
5844	6875	-	3	1.230920	I:	D:
6883	8211	-	1	1.219989	I:	D:
8271	8981	-	3	1.253911	I:	D:
9004	9747	-	1	1.208182	I:	D:
9750	10679	-	3	1.234813	I:	D:
10694	11134	-	2	1.237409	I:	D:
11147	13636	-	2	1.212953	I:	D:
13722	14921	-	3	1.210075	I:	D:
14927	15190	-	2	1.195172	I:	D:
15192	15809	-	3	1.211850	I:	D:
15872	16753	-	2	1.211801	I:	D:
16757	17587	-	2	1.221855	I:	D:
17749	19524	+	1	1.206038	I:	D:
19595	20614	-	2	1.189867	I:	D:
21035	22279	-	2	1.229186	I:	D:
22378	23040	-	1	1.265100	I:	D:
23098	24009	-	1	1.224617	I:	D:
24018	24473	-	3	1.273684	I:	D:
24543	25316	-	3	1.211376	I:	D:
25340	25840	-	2	1.209891	I:	D:
25843	26232	-	1	1.231714	I:	D:
26395	27399	-	1	1.209804	I:	D:
27411	28109	-	3	1.225654	I:	D:
>YB1_4791
1	330	+	1	1.241561	I:	D:
458	1447	-	2	1.213337	I:	D:
1673	1909	+	2	1.219790	I:	D:
1922	3214	+	2	1.195924	I:	D:
3248	4249	+	2	1.194272	I:	D:
4272	4730	+	3	1.223611	I:	D:
4736	5452	+	2	1.220045	I:	D:
5665	6555	+	1	1.213721	I:	D:
6567	7946	+	3	1.225163	I:	D:
8019	8174	+	3	1.299679	I:	D:
8661	8915	+	3	1.209777	I:	D:
8908	9510	+	1	1.173939	I:	D:
9640	10518	+	1	1.254868	I:	D:
10518	12584	+	3	1.211741	I:	D:
12976	13614	+	1	1.221900	I:	D:
13625	14461	+	2	1.209545	I:	D:
14613	14861	+	3	1.330732	I:	D:
14882	17074	-	2	1.208462	I:	D:
17130	17756	-	3	1.204093	I:	D:
17968	18375	+	1	1.219081	I:	D:
18540	19064	-	3	1.214234	I:	D:
19143	19409	-	3	1.239745	I:	D:
19828	20691	+	1	1.240219	I:	D:
20812	21837	+	1	1.184463	I:	D:
22274	23305	+	2	1.187506	I:	D:
23336	24283	+	2	1.229379	I:	D:
24461	25156	+	2	1.230190	I:	D:
25209	26036	+	3	1.224751	I:	D:
26055	26378	+	3	1.187776	I:	D:
26451	27455	+	3	1.262036	I:	D:
>YB1_4811
3	251	-	3	1.180316	I:	D:
512	772	-	2	1.266904	I:	D:
785	1771	-	2	1.288824	I:	D:
2095	2913	-	1	1.155137	I:	D:
2933	3763	-	2	1.211563	I:	D:
3912	4448	-	3	1.241741	I:	D:
4624	6585	-	1	1.264213	I:	D:
6603	6815	-	3	1.196578	I:	D:
7063	7431	-	1	1.227008	I:	D:
7888	8793	-	1	1.174432	I:	D:
8948	9190	-	2	1.202323	I:	D:
9442	9792	-	1	1.229489	I:	D:
9808	10140	-	1	1.262518	I:	D:
10232	10417	-	2	1.278254	I:	D:
10661	11863	-	2	1.211321	I:	D:
12012	12443	+	3	1.219382	I:	D:
12646	12939	+	1	1.290713	I:	D:
13162	13434	-	1	1.229063	I:	D:
13531	14613	-	1	1.240077	I:	D:
14703	15302	-	3	1.211768	I:	D:
15304	17088	-	1	1.247285	I:	D:
17120	18373	-	2	1.236185	I:	D:
18618	18809	-	3	1.222651	I:	D:
18795	19508	+	3	1.220432	I:	D:
19599	20192	-	3	1.242749	I:	D:
20735	21154	-	2	1.224963	I:	D:
21172	22104	-	1	1.204032	I:	D:
22257	22427	+	3	1.404350	I:	D:
22458	22940	-	3	1.229658	I:	D:
23226	23360	-	3	1.220921	I:	D:
23365	24252	-	1	1.239843	I:	D:
24243	24533	-	3	1.240523	I:	D:
24994	26235	-	1	1.204675	I:	D:
26468	26974	-	2	1.191032	I:	D:
>YB1_4867
3	1058	-	3	1.218981	I:	D:
1078	1803	-	1	1.192891	I:	D:
1815	2972	-	3	1.218808	I:	D:
2994	4439	-	3	1.246816	I:	D:
4459	5172	-	1	1.241607	I:	D:
5183	6361	-	2	1.233672	I:	D:
6363	7769	-	3	1.244740	I:	D:
7932	9470	-	3	1.270302	I:	D:
9484	10569	-	1	1.245375	I:	D:
10644	11297	-	3	1.232735	I:	D:
11521	13146	-	1	1.247880	I:	D:
13312	14403	-	1	1.259226	I:	D:
14419	15021	-	1	1.201768	I:	D:
15195	17369	-	3	1.233268	I:	D:
17446	18936	-	1	1.198580	I:	D:
19344	21668	-	3	1.207500	I:	D:
21771	23420	-	3	1.251374	I:	D:
23437	25125	-	1	1.239699	I:	D:
25455	25910	-	3	1.301682	I:	D:
>YB1_4906
5	196	+	2	1.295922	I:	D:
201	590	+	3	1.248090	I:	D:
593	1297	+	2	1.318044	I:	D:
1356	1607	+	3	1.236385	I:	D:
1651	2205	+	1	1.201931	I:	D:
2382	2744	+	3	1.164421	I:	D:
2760	4262	+	3	1.253625	I:	D:
4290	5153	+	3	1.236652	I:	D:
5169	6563	+	3	1.299784	I:	D:
6566	6826	+	2	1.213607	I:	D:
7098	7493	+	3	1.254715	I:	D:
7495	7953	+	1	1.258931	I:	D:
7978	8565	+	1	1.227426	I:	D:
8581	9750	+	1	1.215292	I:	D:
9772	10056	+	1	1.306585	I:	D:
10037	10408	+	2	1.280109	I:	D:
10583	11449	+	2	1.249281	I:	D:
11442	12377	+	3	1.228276	I:	D:
12816	13172	+	3	1.257183	I:	D:
13185	13877	+	3	1.216320	I:	D:
13897	14697	+	1	1.231451	I:	D:
14709	15923	+	3	1.192851	I:	D:
16069	16500	+	1	1.202350	I:	D:
16650	17870	+	3	1.231063	I:	D:
17944	18939	+	1	1.209437	I:	D:
18952	19839	+	1	1.227832	I:	D:
19863	20624	+	3	1.221784	I:	D:
20842	23262	+	1	1.220430	I:	D:
23333	23905	-	2	1.210579	I:	D:
24071	25225	+	2	1.230067	I:	D:
>YB1_4916
208	1980	-	1	1.248313	I:	D:
2174	5281	-	2	1.246282	I:	D:
5702	6226	-	2	1.190314	I:	D:
6238	7023	-	1	1.249012	I:	D:
7036	7293	-	1	1.259935	I:	D:
7381	7857	-	1	1.191119	I:	D:
7882	8586	-	1	1.212317	I:	D:
8588	9691	-	2	1.196438	I:	D:
10047	11519	-	3	1.214088	I:	D:
11804	12826	-	2	1.246509	I:	D:
12855	13460	-	3	1.243361	I:	D:
13483	14808	-	1	1.242718	I:	D:
14823	16151	-	3	1.228824	I:	D:
16310	16510	-	2	1.245166	I:	D:
16513	17445	-	1	1.255679	I:	D:
17459	18391	-	2	1.258847	I:	D:
18474	19757	-	3	1.232075	I:	D:
19776	20465	-	3	1.217370	I:	D:
20482	21192	-	1	1.236773	I:	D:
21194	21652	-	2	1.256714	I:	D:
21672	21935	-	3	1.248850	I:	D:
22021	23703	-	1	1.238237	I:	D:
23969	24613	-	2	1.234119	I:	D:
24683	25069	+	2	1.268280	I:	D:
25227	25454	-	3	1.234487	I:	D:
>YB1_5035
3	152	-	3	1.309846	I:	D:
311	2365	-	2	1.324087	I:	D:
2480	2890	-	2	1.337546	I:	D:
2953	3588	-	1	1.362202	I:	D:
3590	6583	-	2	1.326796	I:	D:
6711	8051	-	3	1.322617	I:	D:
8192	8884	+	2	1.304043	I:	D:
8923	10290	-	1	1.321294	I:	D:
10753	11694	-	1	1.317875	I:	D:
11732	11947	-	2	1.365764	I:	D:
12009	12701	+	3	1.313958	I:	D:
12703	13632	+	1	1.310173	I:	D:
13735	14379	+	1	1.303949	I:	D:
14433	15503	-	3	1.303250	I:	D:
15614	16663	-	2	1.322588	I:	D:
16697	17206	-	2	1.331893	I:	D:
17322	18188	-	3	1.319435	I:	D:
18217	19725	-	1	1.328497	I:	D:
19741	20223	-	1	1.339303	I:	D:
20236	21321	-	1	1.312206	I:	D:
21338	22810	-	2	1.319902	I:	D:
23181	23828	+	3	1.332354	I:	D:
>YB1_5038
679	1341	+	1	1.199590	I:	D:
1344	2714	+	3	1.179479	I:	D:
2809	3804	+	1	1.231933	I:	D:
4121	5176	+	2	1.200113	I:	D:
5445	5786	+	3	1.225772	I:	D:
6184	7428	+	1	1.222892	I:	D:
7481	8476	+	2	1.212748	I:	D:
8576	9472	+	2	1.218162	I:	D:
9674	11137	+	2	1.209900	I:	D:
11186	11911	-	2	1.215806	I:	D:
12125	12580	+	2	1.203090	I:	D:
12586	13308	+	1	1.253727	I:	D:
13280	15670	+	2	1.203607	I:	D:
15864	16823	+	3	1.203315	I:	D:
16958	18187	-	2	1.236585	I:	D:
18519	19346	+	3	1.197389	I:	D:
19719	20435	+	3	1.225178	I:	D:
20448	21494	+	3	1.224924	I:	D:
21535	23727	+	1	1.247793	I:	D:
>YB1_5051
3	545	-	3	1.299613	I:	D:
727	981	-	1	1.192056	I:	D:
1098	4130	-	3	1.234972	I:	D:
4209	5651	-	3	1.193465	I:	D:
6153	6554	-	3	1.228155	I:	D:
6619	8043	-	1	1.169585	I:	D:
8142	9185	-	3	1.215293	I:	D:
9243	9635	-	3	1.169650	I:	D:
9781	11016	-	1	1.214827	I:	D:
11047	11817	-	1	1.211390	I:	D:
11859	13352	-	3	1.255391	I:	D:
13500	14495	+	3	1.273664	I:	D:
14592	14744	-	3	1.234464	I:	D:
14834	14962	-	2	1.273351	I:	D:
15227	15514	-	2	1.260350	I:	D:
15630	15884	-	3	1.262340	I:	D:
16030	16686	+	1	1.256536	I:	D:
17058	17252	-	3	1.287198	I:	D:
17418	17714	+	3	1.213829	I:	D:
18050	19354	-	2	1.251347	I:	D:
19479	20153	+	3	1.229901	I:	D:
20143	21546	+	1	1.214524	I:	D:
21581	21901	-	2	1.178922	I:	D:
22121	22333	+	2	1.216104	I:	D:
22358	22585	+	2	1.176732	I:	D:
22662	22808	+	3	1.247757	I:	D:
22941	23261	-	3	1.232520	I:	D:
23308	23601	-	1	1.185794	I:	D:
>YB1_5124
118	1500	-	1	1.234882	I:	D:
1990	2805	+	1	1.195960	I:	D:
2843	4756	-	2	1.224243	I:	D:
4780	5073	-	1	1.251463	I:	D:
5112	5450	-	3	1.209282	I:	D:
5736	6224	+	3	1.242856	I:	D:
6346	6933	-	1	1.223823	I:	D:
7337	8293	+	2	1.216172	I:	D:
8293	9093	+	1	1.246763	I:	D:
9093	9938	+	3	1.234236	I:	D:
10229	10774	+	2	1.211318	I:	D:
11045	11740	+	2	1.226548	I:	D:
12381	12515	+	3	1.230208	I:	D:
12554	13531	+	2	1.189884	I:	D:
13658	13801	+	2	1.162763	I:	D:
13791	14777	+	3	1.229169	I:	D:
14958	15260	+	3	1.206044	I:	D:
15276	15638	+	3	1.196375	I:	D:
15644	17371	+	2	1.251476	I:	D:
17389	17898	+	1	1.235706	I:	D:
17911	18381	+	1	1.187153	I:	D:
18405	19106	+	3	1.236232	I:	D:
19203	19745	+	3	1.223527	I:	D:
19888	20538	+	1	1.221263	I:	D:
21080	21712	+	2	1.210822	I:	D:
21899	22588	+	2	1.195487	I:	D:
>YB1_5135
334	1569	+	1	1.224210	I:	D:
1589	2884	+	2	1.245820	I:	D:
2993	4045	+	2	1.235288	I:	D:
4067	4627	+	2	1.217055	I:	D:
4631	5395	+	2	1.268134	I:	D:
5414	6016	+	2	1.177897	I:	D:
6318	7853	+	3	1.244077	I:	D:
7867	9270	+	1	1.244083	I:	D:
9272	10219	+	2	1.235522	I:	D:
10230	11300	+	3	1.211812	I:	D:
11302	12201	+	1	1.247930	I:	D:
12225	12809	+	3	1.212207	I:	D:
12818	13966	+	2	1.238536	I:	D:
14251	14571	+	1	1.267992	I:	D:
14599	15159	+	1	1.254047	I:	D:
15161	15916	+	2	1.255927	I:	D:
16056	17009	+	3	1.211491	I:	D:
17006	17731	+	2	1.271938	I:	D:
17728	18477	+	1	1.247499	I:	D:
18500	19291	+	2	1.224544	I:	D:
19313	20032	+	2	1.229672	I:	D:
20063	20968	+	2	1.220592	I:	D:
21474	22466	+	3	1.205338	I:	D:
>YB1_5149
63	881	-	3	1.264731	I:	D:
1007	1948	-	2	1.261282	I:	D:
2078	2866	+	2	1.237520	I:	D:
2866	3333	+	1	1.261383	I:	D:
3541	4539	-	1	1.223055	I:	D:
4747	6015	+	1	1.215581	I:	D:
6057	7343	+	3	1.262155	I:	D:
7345	8205	+	1	1.276747	I:	D:
8220	10265	+	3	1.252537	I:	D:
10390	12372	+	1	1.225006	I:	D:
12577	13215	+	1	1.246140	I:	D:
13421	14005	+	2	1.234851	I:	D:
14438	15295	+	2	1.191254	I:	D:
15379	15879	+	1	1.248905	I:	D:
15936	16664	-	3	1.219453	I:	D:
16873	18606	+	1	1.205632	I:	D:
18779	19543	+	2	1.216650	I:	D:
19925	21691	+	2	1.242667	I:	D:
>YB1_5163
1	1242	+	1	1.175294	I:	D:
1254	1505	+	3	1.174809	I:	D:
1673	2134	+	2	1.206994	I:	D:
2164	3216	+	1	1.231678	I:	D:
3230	3505	+	2	1.270017	I:	D:
3495	3815	+	3	1.248022	I:	D:
3872	5776	+	2	1.211913	I:	D:
5798	6184	+	2	1.246911	I:	D:
6285	7169	+	3	1.201945	I:	D:
7162	8070	+	1	1.236478	I:	D:
8096	9040	+	2	1.229708	I:	D:
9132	9386	+	3	1.278874	I:	D:
9497	10351	+	2	1.258347	I:	D:
10508	12622	+	2	1.236187	I:	D:
12696	14567	+	3	1.194198	I:	D:
14919	15503	+	3	1.251183	I:	D:
15765	17006	+	3	1.217457	I:	D:
17027	17272	+	2	1.226255	I:	D:
17402	18175	+	2	1.221169	I:	D:
18291	20702	+	3	1.230603	I:	D:
20706	21764	+	3	1.211486	I:	D:
21758	22156	+	2	1.194062	I:	D:
>YB1_5173
106	1125	-	1	1.235258	I:	D:
1491	1667	+	3	1.192497	I:	D:
1863	3035	-	3	1.239133	I:	D:
3059	4366	-	2	1.199210	I:	D:
4570	4992	-	1	1.238835	I:	D:
5835	6422	+	3	1.297549	I:	D:
6608	8254	-	2	1.300969	I:	D:
8586	8951	-	3	1.229769	I:	D:
9474	11288	-	3	1.255269	I:	D:
11429	12046	-	2	1.218086	I:	D:
12322	12609	-	1	1.247537	I:	D:
12650	12940	-	2	1.238344	I:	D:
13006	13458	-	1	1.199697	I:	D:
13465	13734	-	1	1.252025	I:	D:
13758	14018	-	3	1.261298	I:	D:
14113	14694	-	1	1.243524	I:	D:
14696	15088	-	2	1.251965	I:	D:
15143	15568	-	2	1.249071	I:	D:
15572	16588	-	2	1.210784	I:	D:
16677	17156	-	3	1.224307	I:	D:
17192	17986	-	2	1.279635	I:	D:
18073	19542	-	1	1.232424	I:	D:
19657	20715	+	1	1.233713	I:	D:
20724	21713	+	3	1.222950	I:	D:
>YB1_5195
143	757	+	2	1.223740	I:	D:
900	1892	-	3	1.217895	I:	D:
2409	2921	+	3	1.199880	I:	D:
3213	4196	+	3	1.191312	I:	D:
4858	6195	+	1	1.185353	I:	D:
6330	6467	+	3	1.211705	I:	D:
6588	6809	+	3	1.234833	I:	D:
7008	8408	-	3	1.214351	I:	D:
8500	9108	+	1	1.201640	I:	D:
9544	12834	+	1	1.196674	I:	D:
13023	13733	+	3	1.199709	I:	D:
13726	14214	+	1	1.220849	I:	D:
14505	15176	+	3	1.169112	I:	D:
15279	16889	+	3	1.174097	I:	D:
16944	17375	+	3	1.165532	I:	D:
17479	17625	+	1	1.139236	I:	D:
17882	18625	+	2	1.208500	I:	D:
18870	19847	+	3	1.210111	I:	D:
20341	21630	+	1	1.213323	I:	D:
>YB1_5225
131	4429	-	2	1.235008	I:	D:
4695	5369	+	3	1.258983	I:	D:
5494	7281	-	1	1.262696	I:	D:
8128	8700	+	1	1.239245	I:	D:
8730	10013	-	3	1.254288	I:	D:
10036	10980	-	1	1.241474	I:	D:
12095	12535	-	2	1.188689	I:	D:
12677	13075	-	2	1.228761	I:	D:
13843	14376	-	1	1.201362	I:	D:
14379	15104	-	3	1.203097	I:	D:
15122	15712	-	2	1.244916	I:	D:
15811	16392	-	1	1.227944	I:	D:
16530	17690	-	3	1.217046	I:	D:
17735	17917	-	2	1.174929	I:	D:
18152	18640	+	2	1.244480	I:	D:
18685	18972	-	1	1.246907	I:	D:
19035	19370	-	3	1.178823	I:	D:
19427	21094	-	2	1.253063	I:	D:
21265	21480	+	1	1.246965	I:	D:
>YB1_5230
3	620	-	3	1.246686	I:	D:
707	1429	-	2	1.208012	I:	D:
1453	2295	-	1	1.259092	I:	D:
2751	3893	-	3	1.248245	I:	D:
3999	4361	-	3	1.279087	I:	D:
4414	5112	-	1	1.196167	I:	D:
5113	5790	-	1	1.204127	I:	D:
5818	6555	-	1	1.184119	I:	D:
6720	7982	-	3	1.242913	I:	D:
8055	9290	-	3	1.208984	I:	D:
9305	10435	-	2	1.256955	I:	D:
10470	11828	-	3	1.201711	I:	D:
11845	12813	-	1	1.267514	I:	D:
12948	14219	-	3	1.234178	I:	D:
14374	16353	-	1	1.249960	I:	D:
16370	16735	-	2	1.221544	I:	D:
17109	18044	-	3	1.274564	I:	D:
18046	18807	-	1	1.235997	I:	D:
18818	19612	-	2	1.192552	I:	D:
19815	20924	-	3	1.224099	I:	D:
21146	21445	+	2	1.271198	I:	D:
>YB1_5237
87	800	-	3	1.188257	I:	D:
2026	3327	+	1	1.197146	I:	D:
3368	4114	+	2	1.204095	I:	D:
4180	5166	+	1	1.211829	I:	D:
5303	8455	+	2	1.202878	I:	D:
8469	9182	+	3	1.242381	I:	D:
9544	10524	+	1	1.219059	I:	D:
10588	11166	+	1	1.263384	I:	D:
11166	12023	+	3	1.226472	I:	D:
12020	12976	+	2	1.244950	I:	D:
13178	13969	+	2	1.200279	I:	D:
14088	15824	+	3	1.208910	I:	D:
16027	16869	+	1	1.241594	I:	D:
16904	17692	-	2	1.196869	I:	D:
17808	19118	+	3	1.251830	I:	D:
19299	19520	+	3	1.171750	I:	D:
19663	20532	+	1	1.210911	I:	D:
20737	21414	-	1	1.238017	I:	D:
>YB1_5292
120	1457	-	3	1.260075	I:	D:
1660	2685	-	1	1.190833	I:	D:
2847	4379	-	3	1.258418	I:	D:
4383	5846	-	3	1.246093	I:	D:
6199	6612	-	1	1.226532	I:	D:
6630	7376	-	3	1.244809	I:	D:
7409	8152	-	2	1.233327	I:	D:
8430	8693	-	3	1.208419	I:	D:
8865	10490	-	3	1.194880	I:	D:
10510	10794	-	1	1.218864	I:	D:
10932	12425	-	3	1.234142	I:	D:
12442	13317	-	1	1.243588	I:	D:
13496	14164	+	2	1.228202	I:	D:
14488	14805	+	1	1.233137	I:	D:
14880	15905	-	3	1.243000	I:	D:
16041	17012	+	3	1.217647	I:	D:
17113	17721	-	1	1.241592	I:	D:
17738	18640	-	2	1.250834	I:	D:
18633	19325	-	3	1.267145	I:	D:
19370	20329	-	2	1.224196	I:	D:
>YB1_5362
2	901	-	2	1.238052	I:	D:
1401	2609	-	3	1.268314	I:	D:
2879	3592	+	2	1.224671	I:	D:
3910	4143	-	1	1.185363	I:	D:
4162	4347	-	1	1.252340	I:	D:
4501	6030	+	1	1.204483	I:	D:
6578	7141	+	2	1.193625	I:	D:
7152	7817	+	3	1.215931	I:	D:
7964	8974	+	2	1.264256	I:	D:
8975	9766	+	2	1.252229	I:	D:
9780	10748	+	3	1.248294	I:	D:
10769	11572	+	2	1.244586	I:	D:
11670	12440	-	3	1.195877	I:	D:
12917	13708	+	2	1.199577	I:	D:
14324	15637	+	2	1.244401	I:	D:
15945	16994	+	3	1.198741	I:	D:
17194	18087	+	1	1.219607	I:	D:
18501	19577	+	3	1.234548	I:	D:
>YB1_5394
321	10820	+	3	1.212111	I:	D:
11173	12033	+	1	1.241970	I:	D:
12179	12445	+	2	1.282274	I:	D:
12541	14091	+	1	1.205247	I:	D:
14257	15147	+	1	1.201552	I:	D:
15131	15811	+	2	1.200253	I:	D:
16206	16865	+	3	1.184631	I:	D:
16890	17408	+	3	1.241983	I:	D:
17440	18618	+	1	1.217945	I:	D:
18633	19415	+	3	1.259452	I:	D:
>YB1_5414
2	220	-	2	1.301878	I:	D:
494	661	-	2	1.271223	I:	D:
683	2872	-	2	1.242040	I:	D:
3015	3878	+	3	1.211012	I:	D:
3979	5352	-	1	1.239632	I:	D:
5746	6702	+	1	1.217419	I:	D:
6721	8190	+	1	1.230062	I:	D:
8481	9455	+	3	1.210794	I:	D:
9845	10369	-	2	1.204025	I:	D:
10756	12213	-	1	1.208807	I:	D:
12644	13855	-	2	1.218916	I:	D:
14334	14627	-	3	1.264341	I:	D:
14638	16311	-	1	1.226113	I:	D:
16304	18076	-	2	1.213392	I:	D:
18066	18467	-	3	1.253524	I:	D:
18480	19247	-	3	1.204454	I:	D:
>YB1_5465
1	300	-	1	1.141412	I:	D:
1042	3039	-	1	1.223259	I:	D:
3366	3773	+	3	1.169514	I:	D:
3825	4442	-	3	1.244107	I:	D:
4885	5256	-	1	1.167546	I:	D:
5456	6106	-	2	1.221003	I:	D:
6230	7924	-	2	1.218210	I:	D:
8111	8923	+	2	1.219214	I:	D:
9109	9972	-	1	1.230024	I:	D:
10281	10532	-	3	1.255155	I:	D:
10676	11338	+	2	1.245712	I:	D:
11655	13034	-	3	1.244382	I:	D:
13181	13798	-	2	1.189603	I:	D:
14029	14250	+	1	1.240545	I:	D:
14280	14507	+	3	1.234959	I:	D:
14549	14695	+	2	1.270165	I:	D:
15046	16068	+	1	1.235611	I:	D:
16575	18506	-	3	1.181335	I:	D:
>YB1_5510
31	267	-	1	1.247915	I:	D:
268	945	-	1	1.205611	I:	D:
1032	2222	-	3	1.203907	I:	D:
2260	2961	-	1	1.238937	I:	D:
3129	3929	-	3	1.242060	I:	D:
4157	5110	-	2	1.221286	I:	D:
5232	6536	-	3	1.230447	I:	D:
6634	7272	-	1	1.234745	I:	D:
7329	7499	-	3	1.176431	I:	D:
7751	8284	+	2	1.201871	I:	D:
8421	8576	-	3	1.221975	I:	D:
8997	12122	-	3	1.180033	I:	D:
12122	13321	-	2	1.222433	I:	D:
13662	13847	-	3	1.218952	I:	D:
13849	14526	-	1	1.244374	I:	D:
14532	15176	-	3	1.217645	I:	D:
15465	15932	-	3	1.350711	I:	D:
16239	16493	-	3	1.147549	I:	D:
16763	17080	-	2	1.223752	I:	D:
17310	18002	+	3	1.217303	I:	D:
>YB1_5529
266	1678	+	2	1.257527	I:	D:
1889	2395	+	2	1.234039	I:	D:
2402	3097	+	2	1.244000	I:	D:
3109	4476	+	1	1.242221	I:	D:
4470	5540	+	3	1.221958	I:	D:
6120	7652	+	3	1.218074	I:	D:
7663	8937	+	1	1.210155	I:	D:
9143	12940	+	2	1.235237	I:	D:
13075	13644	+	1	1.244579	I:	D:
13644	15167	+	3	1.200756	I:	D:
15568	17439	+	1	1.217221	I:	D:
17948	18073	+	2	1.232636	I:	D:
>YB1_5585
115	1119	+	1	1.216455	I:	D:
1180	1629	+	1	1.250624	I:	D:
2789	3004	+	2	1.164733	I:	D:
3025	3813	+	1	1.242842	I:	D:
3788	4189	+	2	1.244071	I:	D:
4192	4872	+	1	1.220085	I:	D:
4754	5536	+	2	1.222456	I:	D:
5545	5799	+	1	1.208304	I:	D:
5815	5961	-	1	1.259101	I:	D:
5965	6192	-	1	1.200854	I:	D:
6464	6685	-	2	1.207386	I:	D:
6932	7588	+	2	1.219917	I:	D:
7769	8725	+	2	1.232450	I:	D:
8971	9594	+	1	1.244299	I:	D:
9655	10188	-	1	1.202910	I:	D:
10416	10970	+	3	1.212257	I:	D:
11174	11671	+	2	1.219669	I:	D:
11790	12719	+	3	1.191193	I:	D:
12814	13749	+	1	1.180881	I:	D:
13764	14474	+	3	1.207076	I:	D:
14611	15903	+	1	1.273566	I:	D:
16319	17266	+	2	1.207081	I:	D:
>YB1_5594
3	2603	+	3	1.243272	I:	D:
2654	3607	-	2	1.256888	I:	D:
3375	3512	+	3	1.266509	I:	D:
3600	4625	-	3	1.247300	I:	D:
4646	5677	-	2	1.250166	I:	D:
5679	6620	-	3	1.250053	I:	D:
7225	8880	+	1	1.220550	I:	D:
9022	10836	+	1	1.223344	I:	D:
10845	11774	+	3	1.237751	I:	D:
11960	13732	-	2	1.263378	I:	D:
13749	13922	+	3	1.289456	I:	D:
14098	14436	-	1	1.289367	I:	D:
14530	14757	-	1	1.176129	I:	D:
14803	15303	-	1	1.272892	I:	D:
15603	17084	-	3	1.225805	I:	D:
>YB1_5645
2	1372	-	2	1.213505	I:	D:
1403	2392	-	2	1.225962	I:	D:
2519	3019	+	2	1.204582	I:	D:
3062	3910	-	2	1.241325	I:	D:
3939	4784	-	3	1.191472	I:	D:
4924	6345	-	1	1.230268	I:	D:
6831	7436	+	3	1.212106	I:	D:
7496	9271	-	2	1.245343	I:	D:
9483	9737	+	3	1.280350	I:	D:
9840	10613	+	3	1.210241	I:	D:
10748	12139	+	2	1.183002	I:	D:
12191	13654	+	2	1.218247	I:	D:
13797	15197	+	3	1.183742	I:	D:
15657	16019	+	3	1.231399	I:	D:
16022	16711	+	2	1.233051	I:	D:
>YB1_5646
1	564	-	1	1.261736	I:	D:
843	2066	-	3	1.235265	I:	D:
2439	3689	-	3	1.251805	I:	D:
3963	4637	+	3	1.262106	I:	D:
5101	6132	-	1	1.207916	I:	D:
6388	6780	+	1	1.241931	I:	D:
6783	7334	+	3	1.242376	I:	D:
7468	8631	-	1	1.202595	I:	D:
8709	9593	-	3	1.259861	I:	D:
9896	10684	-	2	1.226879	I:	D:
10929	11747	-	3	1.234726	I:	D:
11807	15583	-	2	1.205911	I:	D:
15583	16602	-	1	1.249014	I:	D:
16740	16904	-	3	1.394662	I:	D:
>YB1_5719
133	963	-	1	1.229273	I:	D:
1199	1504	-	2	1.191203	I:	D:
1529	2461	-	2	1.218774	I:	D:
2478	4589	-	3	1.214030	I:	D:
4667	7522	-	2	1.215698	I:	D:
7824	8321	-	3	1.213521	I:	D:
8564	9595	-	2	1.195125	I:	D:
9740	10351	+	2	1.201535	I:	D:
10434	11867	-	3	1.241040	I:	D:
12006	12662	+	3	1.195722	I:	D:
12678	13058	+	3	1.155043	I:	D:
13087	13824	-	1	1.229869	I:	D:
13849	15285	-	1	1.257589	I:	D:
15285	15983	-	3	1.233073	I:	D:
16005	16391	-	3	1.169356	I:	D:
>YB1_5727
157	1398	-	1	1.270671	I:	D:
1668	2930	-	3	1.265733	I:	D:
3211	4710	-	1	1.263709	I:	D:
4908	6362	-	3	1.242089	I:	D:
6436	7425	-	1	1.230686	I:	D:
7475	8293	+	2	1.247643	I:	D:
8329	10107	-	1	1.220205	I:	D:
10233	10526	-	3	1.141302	I:	D:
10598	11536	-	2	1.195976	I:	D:
11651	13189	-	2	1.254950	I:	D:
13439	14485	-	2	1.249024	I:	D:
14973	15452	-	3	1.250173	I:	D:
15502	16326	-	1	1.208802	I:	D:
>YB1_5785
14	1057	-	2	1.221404	I:	D:
1271	1756	-	2	1.220270	I:	D:
1901	2329	-	2	1.250119	I:	D:
2522	3412	+	2	1.211529	I:	D:
3412	3873	+	1	1.224716	I:	D:
3883	4227	+	1	1.201982	I:	D:
4391	5719	-	2	1.202453	I:	D:
6185	6532	+	2	1.201262	I:	D:
6747	7265	+	3	1.160313	I:	D:
7293	7532	-	3	1.202481	I:	D:
7249	8532	+	1	1.202413	I:	D:
8753	9691	-	2	1.251267	I:	D:
10487	11488	+	2	1.228786	I:	D:
11503	12162	+	1	1.240191	I:	D:
12224	13039	+	2	1.196545	I:	D:
13067	13201	+	2	1.231075	I:	D:
13280	13873	+	2	1.214715	I:	D:
14168	15304	+	2	1.252837	I:	D:
15452	15724	+	2	1.157401	I:	D:
>YB1_5817
3	971	-	3	1.224777	I:	D:
977	1246	-	2	1.250084	I:	D:
1262	1930	-	2	1.217494	I:	D:
1959	2393	-	3	1.190006	I:	D:
2439	3167	-	3	1.227319	I:	D:
3170	3967	-	2	1.231026	I:	D:
3984	4832	-	3	1.240428	I:	D:
4872	5381	-	3	1.238239	I:	D:
5403	6572	-	3	1.199766	I:	D:
6588	7025	-	3	1.188163	I:	D:
7040	8347	-	2	1.253677	I:	D:
8344	9141	-	1	1.167659	I:	D:
9122	10180	-	2	1.232293	I:	D:
10202	11749	-	2	1.228483	I:	D:
11775	12119	-	3	1.205279	I:	D:
12123	12527	-	3	1.224165	I:	D:
12532	12855	-	1	1.233246	I:	D:
13168	13809	-	1	1.131955	I:	D:
14105	15058	-	2	1.218027	I:	D:
15076	15687	-	1	1.172211	I:	D:
>YB1_5825
3	383	+	3	1.187159	I:	D:
468	845	-	3	1.236710	I:	D:
1000	1809	+	1	1.175544	I:	D:
1945	2634	+	1	1.258098	I:	D:
2642	3763	-	2	1.218307	I:	D:
3906	5234	+	3	1.231461	I:	D:
5252	6283	+	2	1.219446	I:	D:
6364	6921	+	1	1.155205	I:	D:
7083	8216	+	3	1.194579	I:	D:
8296	8631	-	1	1.178920	I:	D:
8815	9645	-	1	1.244639	I:	D:
9805	10977	+	1	1.226505	I:	D:
11098	11298	+	1	1.266059	I:	D:
11516	11920	+	2	1.241776	I:	D:
11943	12698	-	3	1.183134	I:	D:
12925	13227	-	1	1.224469	I:	D:
13423	13635	+	1	1.184526	I:	D:
13661	14116	-	2	1.214276	I:	D:
14341	14688	-	1	1.198056	I:	D:
14897	15487	+	2	1.193725	I:	D:
>YB1_5832
687	1334	+	3	1.332493	I:	D:
1590	2039	+	3	1.260629	I:	D:
2172	3254	-	3	1.212234	I:	D:
3463	4191	+	1	1.229052	I:	D:
4271	5026	+	2	1.236106	I:	D:
5083	5574	-	1	1.242661	I:	D:
5585	6025	-	2	1.297827	I:	D:
6026	6853	-	2	1.223784	I:	D:
6886	7389	-	1	1.241733	I:	D:
7541	7804	-	2	1.209070	I:	D:
7905	8927	-	3	1.233055	I:	D:
9118	9390	+	1	1.184078	I:	D:
9453	11852	-	3	1.220071	I:	D:
11845	12528	-	1	1.233887	I:	D:
12605	13846	-	2	1.225657	I:	D:
13843	14535	-	1	1.229285	I:	D:
14916	15542	-	3	1.211565	I:	D:
>YB1_5833
1	294	+	1	1.264652	I:	D:
721	1326	+	1	1.198757	I:	D:
1399	2325	+	1	1.195876	I:	D:
2631	3182	+	3	1.245381	I:	D:
3179	3745	+	2	1.220838	I:	D:
3919	4248	+	1	1.230908	I:	D:
4487	4876	+	2	1.236235	I:	D:
4987	5589	-	1	1.210955	I:	D:
5737	6318	+	1	1.241206	I:	D:
6483	7310	+	3	1.241671	I:	D:
7684	9846	+	1	1.230380	I:	D:
9912	10580	+	3	1.166250	I:	D:
10799	12196	+	2	1.225058	I:	D:
12212	12523	+	2	1.178238	I:	D:
12596	12958	+	2	1.174548	I:	D:
12984	14114	+	3	1.259734	I:	D:
14201	14833	+	2	1.218180	I:	D:
>YB1_5851
3	1130	-	3	1.371605	I:	D:
1200	1475	-	3	1.225697	I:	D:
1594	2826	-	1	1.184378	I:	D:
2922	3266	-	3	1.237067	I:	D:
3325	5022	-	1	1.223595	I:	D:
5072	5980	-	2	1.252323	I:	D:
6081	6884	-	3	1.182748	I:	D:
6998	7642	-	2	1.247313	I:	D:
7787	8326	+	2	1.157039	I:	D:
8560	9936	+	1	1.250976	I:	D:
9952	11073	+	1	1.168685	I:	D:
11107	11892	-	1	1.191663	I:	D:
12033	12551	-	3	1.294884	I:	D:
12571	13212	-	1	1.222031	I:	D:
13412	14389	+	2	1.215935	I:	D:
14418	15104	-	3	1.295462	I:	D:
>YB1_5877
365	1822	-	2	1.194901	I:	D:
1819	2487	-	1	1.218483	I:	D:
2508	3416	-	3	1.280247	I:	D:
3426	3572	-	3	1.253621	I:	D:
3565	4143	-	1	1.217791	I:	D:
4331	7909	-	2	1.200795	I:	D:
7978	13962	-	1	1.198812	I:	D:
14449	15183	+	1	1.258466	I:	D:
>YB1_5960
123	893	+	3	1.243942	I:	D:
947	1879	+	2	1.223981	I:	D:
2665	3114	+	1	1.227433	I:	D:
3132	4316	+	3	1.234325	I:	D:
4363	4818	+	1	1.202190	I:	D:
5019	6095	+	3	1.203387	I:	D:
6619	9264	+	1	1.221220	I:	D:
9289	9546	+	1	1.206813	I:	D:
9557	11734	+	2	1.224119	I:	D:
12048	12473	+	3	1.218879	I:	D:
12541	12810	+	1	1.137043	I:	D:
12920	13813	+	2	1.204694	I:	D:
13906	14343	+	1	1.220599	I:	D:
14372	14800	-	2	1.230056	I:	D:
>YB1_5961
497	2506	+	2	1.229522	I:	D:
2753	3229	+	2	1.257706	I:	D:
3292	5733	+	1	1.213059	I:	D:
6006	7382	+	3	1.237177	I:	D:
7382	8452	+	2	1.238783	I:	D:
8564	9622	+	2	1.239148	I:	D:
9719	10402	+	2	1.195167	I:	D:
10416	10895	+	3	1.220721	I:	D:
11277	12992	+	3	1.251394	I:	D:
13217	14698	+	2	1.232491	I:	D:
>YB1_5999
3	779	+	3	1.237532	I:	D:
816	2249	+	3	1.203633	I:	D:
2304	3236	+	3	1.203164	I:	D:
3238	4215	+	1	1.210527	I:	D:
4472	4912	-	2	1.190375	I:	D:
5287	6255	+	1	1.221541	I:	D:
6694	7923	+	1	1.245561	I:	D:
8029	8919	-	1	1.189004	I:	D:
9044	10684	+	2	1.222543	I:	D:
10708	11268	+	1	1.223565	I:	D:
11427	11981	-	3	1.211365	I:	D:
12249	13088	+	3	1.199722	I:	D:
13319	13831	+	2	1.195096	I:	D:
14170	14577	-	1	1.259288	I:	D:
>YB1_6025
2	451	+	2	1.199965	I:	D:
568	1320	+	1	1.234648	I:	D:
1330	2265	+	1	1.235874	I:	D:
2255	2881	+	2	1.194973	I:	D:
3461	3904	+	2	1.192760	I:	D:
4069	4365	+	1	1.222385	I:	D:
4523	6244	+	2	1.226761	I:	D:
6613	8130	+	1	1.189793	I:	D:
8134	8865	+	1	1.205442	I:	D:
8995	9678	-	1	1.210461	I:	D:
9888	10712	+	3	1.228175	I:	D:
10797	11162	+	3	1.193350	I:	D:
11416	11559	+	1	1.136226	I:	D:
11746	13134	+	1	1.242940	I:	D:
13160	14350	+	2	1.223271	I:	D:
>YB1_6114
358	2100	-	1	1.216183	I:	D:
2235	4265	-	3	1.223221	I:	D:
4267	5013	-	1	1.248484	I:	D:
5027	6406	-	2	1.192429	I:	D:
6574	6708	-	1	1.279382	I:	D:
7062	7667	-	3	1.260228	I:	D:
7735	8955	-	1	1.197358	I:	D:
9072	9788	-	3	1.203834	I:	D:
9847	11136	-	1	1.262543	I:	D:
11472	11666	-	3	1.225726	I:	D:
11817	12539	-	3	1.250220	I:	D:
12752	13234	-	2	1.282743	I:	D:
13517	13843	-	2	1.211476	I:	D:
>YB1_6124
3	185	-	3	1.248924	I:	D:
677	1186	+	2	1.267435	I:	D:
1259	2278	-	2	1.269829	I:	D:
2376	2642	-	3	1.274031	I:	D:
2783	3460	-	2	1.199920	I:	D:
3555	4580	-	3	1.234141	I:	D:
4660	5913	-	1	1.242891	I:	D:
5959	6693	-	1	1.225964	I:	D:
6780	8609	-	3	1.230776	I:	D:
8876	10222	-	2	1.225126	I:	D:
10503	11690	-	3	1.211655	I:	D:
11687	12529	-	2	1.251637	I:	D:
13633	13806	-	1	1.555066	I:	D:
>YB1_6126
3	386	-	3	1.248409	I:	D:
396	1010	-	3	1.255186	I:	D:
1046	2074	-	2	1.235225	I:	D:
2096	4213	-	2	1.218079	I:	D:
4331	6085	-	2	1.199508	I:	D:
6260	7342	-	2	1.214512	I:	D:
7371	7634	-	3	1.235397	I:	D:
7638	8525	-	3	1.210712	I:	D:
8553	9314	-	3	1.223699	I:	D:
9336	10109	-	3	1.235953	I:	D:
10122	10835	-	3	1.217485	I:	D:
10851	12908	-	3	1.229822	I:	D:
12929	13777	-	2	1.241902	I:	D:
>YB1_6207
2	373	+	2	1.242001	I:	D:
390	893	+	3	1.247736	I:	D:
908	1372	+	2	1.250553	I:	D:
1693	3147	+	1	1.210341	I:	D:
3382	4698	+	1	1.256428	I:	D:
5069	6769	+	2	1.230697	I:	D:
6879	8402	-	3	1.224466	I:	D:
8770	10095	+	1	1.270304	I:	D:
10276	10464	+	1	1.169868	I:	D:
10507	10641	+	1	1.127054	I:	D:
10681	11055	+	1	1.246252	I:	D:
11067	11369	+	3	1.211073	I:	D:
11532	13355	+	3	1.225694	I:	D:
>YB1_6208
1	129	+	1	1.226553	I:	D:
160	2826	+	1	1.191963	I:	D:
2863	3120	-	1	1.231139	I:	D:
3068	3790	-	2	1.184502	I:	D:
3923	5566	-	2	1.210883	I:	D:
6352	6792	-	1	1.250970	I:	D:
6997	7626	-	1	1.204520	I:	D:
8376	8510	-	3	1.311469	I:	D:
9026	9352	-	2	1.263750	I:	D:
9702	10484	-	3	1.235665	I:	D:
10665	11138	-	3	1.224174	I:	D:
11616	12245	+	3	1.269823	I:	D:
12491	12952	-	2	1.269022	I:	D:
13169	13348	-	2	1.300532	I:	D:
>YB1_6217
1	330	-	1	1.237770	I:	D:
679	2085	-	1	1.285596	I:	D:
2123	3145	-	2	1.241586	I:	D:
3142	3315	-	1	1.110825	I:	D:
3332	4351	-	2	1.288545	I:	D:
4366	4611	-	1	1.267743	I:	D:
5623	6381	-	1	1.162382	I:	D:
6390	6884	-	3	1.265231	I:	D:
6887	9352	-	2	1.228903	I:	D:
9497	10501	-	2	1.307728	I:	D:
10501	13026	-	1	1.269698	I:	D:
13084	13323	-	1	1.271980	I:	D:
>YB1_6238
1	144	+	1	1.222290	I:	D:
199	2433	+	1	1.199072	I:	D:
2461	3339	+	1	1.240625	I:	D:
3362	3718	+	2	1.221155	I:	D:
3840	4427	+	3	1.194363	I:	D:
4449	4871	+	3	1.229137	I:	D:
4918	5373	+	1	1.175351	I:	D:
5370	5873	+	3	1.159350	I:	D:
5916	6356	+	3	1.211023	I:	D:
6559	7116	+	1	1.249789	I:	D:
7203	7622	+	3	1.216396	I:	D:
7930	8631	+	1	1.192499	I:	D:
8667	9737	+	3	1.223078	I:	D:
9764	13246	+	2	1.177932	I:	D:
>YB1_6289
207	1112	-	3	1.274535	I:	D:
1280	2134	-	2	1.231423	I:	D:
2115	3575	-	3	1.237400	I:	D:
3604	4776	-	1	1.238567	I:	D:
4800	5978	-	3	1.232912	I:	D:
6036	6947	-	3	1.204421	I:	D:
6991	7902	-	1	1.229167	I:	D:
8157	8948	-	3	1.241018	I:	D:
8960	9616	-	2	1.220780	I:	D:
9635	10345	-	2	1.260694	I:	D:
10356	11036	-	3	1.206337	I:	D:
11468	12520	-	2	1.264807	I:	D:
12673	12942	-	1	1.238660	I:	D:
>YB1_6304
1	684	-	1	1.221197	I:	D:
698	2194	-	2	1.207508	I:	D:
2204	3193	-	2	1.246016	I:	D:
3220	4383	-	1	1.230758	I:	D:
4600	4947	-	1	1.241893	I:	D:
4992	5924	-	3	1.235836	I:	D:
6058	6237	-	1	1.186467	I:	D:
6415	7653	+	1	1.231625	I:	D:
7807	7992	-	1	1.106761	I:	D:
8062	9147	-	1	1.237424	I:	D:
9245	9463	-	2	1.159335	I:	D:
9557	10060	+	2	1.237697	I:	D:
10057	10572	+	1	1.236788	I:	D:
10735	12012	-	1	1.224449	I:	D:
11996	12745	-	2	1.230903	I:	D:
>YB1_6350
1	3540	-	1	1.232519	I:	D:
3733	4692	-	1	1.242519	I:	D:
4701	5126	-	3	1.245376	I:	D:
5192	6313	-	2	1.227909	I:	D:
6315	7172	-	3	1.257990	I:	D:
7191	7904	-	3	1.224708	I:	D:
7908	8822	-	3	1.242067	I:	D:
9003	9851	-	3	1.265786	I:	D:
10850	12058	-	2	1.333744	I:	D:
12078	12227	+	3	1.319739	I:	D:
12286	12663	-	1	1.417619	I:	D:
>YB1_6378
111	1385	+	3	1.224360	I:	D:
1445	2680	-	2	1.215330	I:	D:
2667	3317	-	3	1.213228	I:	D:
3355	4392	-	1	1.194236	I:	D:
4637	5239	-	2	1.244185	I:	D:
5799	6014	-	3	1.185812	I:	D:
6156	7391	+	3	1.221868	I:	D:
7494	9167	+	3	1.222052	I:	D:
9594	10352	+	3	1.194313	I:	D:
10438	10857	+	1	1.230214	I:	D:
11074	12441	+	1	1.247711	I:	D:
>YB1_6391
170	709	+	2	1.214231	I:	D:
724	2718	+	1	1.244195	I:	D:
2946	3923	+	3	1.247454	I:	D:
3916	4893	+	1	1.253501	I:	D:
5019	5705	+	3	1.260505	I:	D:
5724	6494	+	3	1.257033	I:	D:
6572	7543	+	2	1.276695	I:	D:
7667	8140	+	2	1.243306	I:	D:
8170	9687	+	1	1.271272	I:	D:
10279	11622	+	1	1.302001	I:	D:
11723	12484	+	2	1.309194	I:	D:
>YB1_6396
101	250	+	2	1.201565	I:	D:
263	1249	+	2	1.225527	I:	D:
1399	2094	+	1	1.213488	I:	D:
2095	2706	+	1	1.288635	I:	D:
2725	3294	-	1	1.231822	I:	D:
3502	4410	-	1	1.233586	I:	D:
4688	5824	+	2	1.228191	I:	D:
5964	6740	+	3	1.173177	I:	D:
6837	7415	+	3	1.215676	I:	D:
7669	9816	+	1	1.212320	I:	D:
10008	10415	-	3	1.189669	I:	D:
10560	10715	+	3	1.198711	I:	D:
10912	12009	-	1	1.226673	I:	D:
12026	12463	-	2	1.160918	I:	D:
>YB1_6440
342	2057	+	3	1.233990	I:	D:
2428	2580	-	1	1.200444	I:	D:
3314	3892	+	2	1.247694	I:	D:
3906	5189	+	3	1.208742	I:	D:
5802	6566	+	3	1.184463	I:	D:
7220	7906	+	2	1.246777	I:	D:
7954	8835	+	1	1.263068	I:	D:
8860	9501	+	1	1.246678	I:	D:
9501	9932	+	3	1.203105	I:	D:
10264	12267	+	1	1.198765	I:	D:
>YB1_6454
163	429	+	1	1.293612	I:	D:
489	1811	+	3	1.275141	I:	D:
1819	3114	+	1	1.230833	I:	D:
3237	3452	+	3	1.413106	I:	D:
3590	4798	+	2	1.265298	I:	D:
4821	6020	+	3	1.253625	I:	D:
6036	7163	+	3	1.223070	I:	D:
7184	8950	+	2	1.251345	I:	D:
8965	12018	+	1	1.273006	I:	D:
>YB1_6464
74	793	-	2	1.290172	I:	D:
907	1482	-	1	1.233597	I:	D:
1496	2089	-	2	1.269948	I:	D:
2143	3102	-	1	1.204534	I:	D:
3102	4082	-	3	1.276361	I:	D:
4111	4602	-	1	1.286930	I:	D:
4623	5438	-	3	1.244509	I:	D:
5590	6390	-	1	1.179798	I:	D:
6602	7327	-	2	1.230493	I:	D:
7449	8054	-	3	1.213796	I:	D:
8309	8527	-	2	1.197481	I:	D:
8892	10571	-	3	1.191819	I:	D:
10576	11127	-	1	1.232251	I:	D:
11120	11722	-	2	1.204068	I:	D:
11730	12164	-	3	1.232520	I:	D:
>YB1_6524
388	1197	+	1	1.228008	I:	D:
1523	2257	-	2	1.218471	I:	D:
2657	3400	+	2	1.216034	I:	D:
3729	4025	+	3	1.258409	I:	D:
4180	4755	+	1	1.233834	I:	D:
4766	5767	+	2	1.202105	I:	D:
5970	6467	+	3	1.174422	I:	D:
6819	7793	+	3	1.191941	I:	D:
8149	8502	+	1	1.201792	I:	D:
8700	9428	+	3	1.246775	I:	D:
9559	11685	+	1	1.214889	I:	D:
>YB1_6629
86	436	+	2	1.209963	I:	D:
670	1284	+	1	1.208708	I:	D:
1453	3240	+	1	1.224031	I:	D:
3476	3646	+	2	1.308554	I:	D:
3749	5050	+	2	1.268060	I:	D:
5103	6605	+	3	1.263152	I:	D:
6679	7029	+	1	1.259035	I:	D:
7182	7325	+	3	1.233775	I:	D:
7345	7905	+	1	1.279124	I:	D:
7922	8506	+	2	1.263737	I:	D:
8731	9723	+	1	1.265374	I:	D:
9764	10840	+	2	1.304294	I:	D:
11044	11487	+	1	1.332023	I:	D:
>YB1_6639
1	960	-	1	1.203838	I:	D:
987	1961	-	3	1.215409	I:	D:
2034	3347	-	3	1.254033	I:	D:
3671	4189	-	2	1.183014	I:	D:
4377	5453	+	3	1.242148	I:	D:
5590	6795	-	1	1.270265	I:	D:
7090	7479	-	1	1.159540	I:	D:
7551	8555	-	3	1.220350	I:	D:
8209	8475	+	1	1.299528	I:	D:
8772	8921	-	3	1.363551	I:	D:
9145	10233	-	1	1.234162	I:	D:
10347	11453	-	3	1.223392	I:	D:
>YB1_6692
183	950	+	3	1.223643	I:	D:
997	2016	+	1	1.220477	I:	D:
2235	2486	-	3	1.184790	I:	D:
2511	3515	-	3	1.236940	I:	D:
3640	3984	+	1	1.177818	I:	D:
3997	5541	+	1	1.241996	I:	D:
5545	6645	+	1	1.214797	I:	D:
6663	8756	+	3	1.244115	I:	D:
8883	9674	+	3	1.213461	I:	D:
9733	11013	+	1	1.234815	I:	D:
>YB1_6749
2	160	+	2	1.227950	I:	D:
235	1683	-	1	1.231014	I:	D:
2153	3946	+	2	1.185483	I:	D:
4137	4514	+	3	1.282935	I:	D:
4793	6103	+	2	1.261619	I:	D:
6219	6899	+	3	1.200817	I:	D:
7053	7805	-	3	1.226547	I:	D:
8105	9151	+	2	1.204636	I:	D:
9273	9746	+	3	1.236609	I:	D:
9831	10571	+	3	1.183354	I:	D:
10770	11015	+	3	1.169334	I:	D:
>YB1_6784
3	236	-	3	1.181502	I:	D:
302	529	-	2	1.124999	I:	D:
815	1345	-	2	1.184830	I:	D:
1412	1882	-	2	1.250861	I:	D:
2382	3038	-	3	1.232800	I:	D:
3157	3900	-	1	1.223408	I:	D:
5163	5441	-	3	1.286912	I:	D:
5633	7591	-	2	1.237230	I:	D:
7575	8837	-	3	1.242703	I:	D:
9592	10155	-	1	1.207460	I:	D:
>YB1_6803
3	647	-	3	1.267955	I:	D:
824	2194	-	2	1.246044	I:	D:
2516	3802	+	2	1.210107	I:	D:
3971	4408	-	2	1.229178	I:	D:
4507	4737	-	1	1.224420	I:	D:
4885	5739	+	1	1.210419	I:	D:
5852	6478	-	2	1.205916	I:	D:
6702	7205	+	3	1.229014	I:	D:
7211	8074	+	2	1.191789	I:	D:
8104	8979	+	1	1.174368	I:	D:
9078	9974	+	3	1.189952	I:	D:
10125	10856	+	3	1.236073	I:	D:
>YB1_6827
3	221	-	3	1.207972	I:	D:
615	1961	-	3	1.266010	I:	D:
1952	2686	-	2	1.220014	I:	D:
3072	4661	-	3	1.260563	I:	D:
4952	5173	+	2	1.285536	I:	D:
5217	7319	-	3	1.228190	I:	D:
7329	9296	-	3	1.231318	I:	D:
9489	10760	-	3	1.238919	I:	D:
>YB1_6923
2	148	+	2	1.319350	I:	D:
213	2918	-	3	1.212150	I:	D:
3145	3993	+	1	1.193138	I:	D:
4069	4629	-	1	1.278921	I:	D:
4631	5344	-	2	1.218975	I:	D:
5386	6057	-	1	1.154895	I:	D:
6303	6830	+	3	1.197825	I:	D:
6972	7169	-	3	1.247353	I:	D:
7505	9052	-	2	1.242165	I:	D:
9075	10247	-	3	1.247967	I:	D:
10314	10442	-	3	1.226211	I:	D:
>YB1_6936
313	699	+	1	1.183060	I:	D:
745	873	-	1	1.269935	I:	D:
953	1750	-	2	1.217655	I:	D:
2166	3341	-	3	1.241865	I:	D:
3544	4671	+	1	1.224271	I:	D:
4700	5332	+	2	1.224960	I:	D:
5335	5868	+	1	1.246736	I:	D:
5885	6139	+	2	1.218829	I:	D:
6274	6786	+	1	1.229514	I:	D:
6926	8911	+	2	1.180142	I:	D:
9176	10099	+	2	1.195507	I:	D:
>YB1_6977
1	426	-	1	1.181344	I:	D:
433	927	-	1	1.227716	I:	D:
1038	1568	-	3	1.229472	I:	D:
1578	2312	-	3	1.203929	I:	D:
2563	3333	-	1	1.252269	I:	D:
3373	3912	+	1	1.253628	I:	D:
3975	4820	-	3	1.254198	I:	D:
4886	5305	-	2	1.250577	I:	D:
5415	5723	-	3	1.243661	I:	D:
5828	5959	-	2	1.148066	I:	D:
6049	6744	-	1	1.219063	I:	D:
6770	7756	-	2	1.228179	I:	D:
7915	8712	-	1	1.245859	I:	D:
9039	9905	-	3	1.237140	I:	D:
>YB1_6981
3	389	-	3	1.202017	I:	D:
603	1649	+	3	1.220247	I:	D:
1709	2314	-	2	1.270395	I:	D:
2362	3528	-	1	1.229389	I:	D:
3791	4465	-	2	1.204669	I:	D:
4641	5072	-	3	1.185955	I:	D:
5243	9463	+	2	1.220863	I:	D:
9509	9724	-	2	1.239385	I:	D:
9819	10223	-	3	1.169974	I:	D:
>YB1_6989
1	213	-	1	1.262516	I:	D:
591	1301	+	3	1.210158	I:	D:
1350	2156	+	3	1.203349	I:	D:
2184	2348	-	3	1.171464	I:	D:
2413	3141	-	1	1.237283	I:	D:
3255	4181	-	3	1.218867	I:	D:
4446	6050	+	3	1.226248	I:	D:
6226	6870	+	1	1.191392	I:	D:
6987	7355	+	3	1.179989	I:	D:
7527	8672	+	3	1.208190	I:	D:
8685	9221	+	3	1.178755	I:	D:
9779	10207	-	2	1.229379	I:	D:
>YB1_6996
1	483	-	1	1.200194	I:	D:
603	902	-	3	1.174224	I:	D:
1116	1952	+	3	1.204534	I:	D:
2756	3856	+	2	1.219859	I:	D:
3857	4513	+	2	1.246555	I:	D:
4530	5726	+	3	1.225692	I:	D:
5776	6237	+	1	1.238683	I:	D:
6469	7854	+	1	1.173795	I:	D:
7884	8342	+	3	1.209480	I:	D:
9037	10053	+	1	1.207074	I:	D:
>YB1_7023
244	1407	+	1	1.157251	I:	D:
1722	2453	+	3	1.248134	I:	D:
2962	3618	+	1	1.226482	I:	D:
3655	4077	+	1	1.185627	I:	D:
4089	4409	+	3	1.182911	I:	D:
4437	4706	+	3	1.183182	I:	D:
4707	5120	+	3	1.216823	I:	D:
5137	6456	+	1	1.220068	I:	D:
6470	7444	+	2	1.184216	I:	D:
7458	7829	+	3	1.176874	I:	D:
7841	8053	+	2	1.184869	I:	D:
8063	8443	+	2	1.230386	I:	D:
8456	9985	+	2	1.190128	I:	D:
>YB1_7024
2	697	+	2	1.260619	I:	D:
861	1514	+	3	1.213808	I:	D:
1575	1880	-	3	1.314681	I:	D:
2165	3067	+	2	1.250559	I:	D:
3343	3882	+	1	1.173461	I:	D:
3960	4736	+	3	1.239833	I:	D:
4826	5956	+	2	1.222265	I:	D:
6016	6681	+	1	1.275199	I:	D:
6696	7280	+	3	1.243677	I:	D:
7303	8526	+	1	1.213294	I:	D:
8516	9376	+	2	1.244660	I:	D:
9391	10110	+	1	1.262391	I:	D:
>YB1_7090
3	386	-	3	1.179219	I:	D:
688	1050	+	1	1.270754	I:	D:
1089	1658	-	3	1.226329	I:	D:
1859	3118	-	2	1.215860	I:	D:
3111	4253	-	3	1.226184	I:	D:
4241	5410	-	2	1.229086	I:	D:
5448	6041	-	3	1.209804	I:	D:
6052	7818	-	1	1.222110	I:	D:
7844	8317	-	2	1.190353	I:	D:
8434	8907	+	1	1.188651	I:	D:
8957	9127	-	2	1.154660	I:	D:
9269	9487	-	2	1.168105	I:	D:
9494	9880	-	2	1.294298	I:	D:
>YB1_7102
2	253	-	2	1.193582	I:	D:
496	1644	-	1	1.198604	I:	D:
1662	3476	-	3	1.220799	I:	D:
3715	4494	-	1	1.222695	I:	D:
4523	5314	-	2	1.217691	I:	D:
5333	5905	-	2	1.231996	I:	D:
5934	6599	-	3	1.186177	I:	D:
6621	7361	-	3	1.191869	I:	D:
7351	8700	-	1	1.216731	I:	D:
8702	9286	-	2	1.245079	I:	D:
9558	9740	+	3	1.274127	I:	D:
>YB1_7155
200	1171	-	2	1.204909	I:	D:
1186	3285	-	1	1.198616	I:	D:
3618	4148	+	3	1.205829	I:	D:
4440	6842	+	3	1.192080	I:	D:
7164	8411	+	3	1.216920	I:	D:
8551	8727	-	1	1.193379	I:	D:
9167	9682	+	2	1.163106	I:	D:
>YB1_7245
451	681	-	1	1.224557	I:	D:
861	2057	+	3	1.262312	I:	D:
2175	2384	-	3	1.153201	I:	D:
2433	3032	-	3	1.289613	I:	D:
3044	3388	-	2	1.209850	I:	D:
3452	5089	-	2	1.236702	I:	D:
5631	6083	-	3	1.233441	I:	D:
6594	7877	-	3	1.249856	I:	D:
8110	8253	-	1	1.315626	I:	D:
8431	8955	-	1	1.203391	I:	D:
>YB1_7285
219	446	+	3	1.179735	I:	D:
455	607	+	2	1.187686	I:	D:
626	895	-	2	1.267598	I:	D:
905	2206	-	2	1.257466	I:	D:
2230	2991	-	1	1.298302	I:	D:
3271	3630	+	1	1.231549	I:	D:
3691	3966	-	1	1.274933	I:	D:
4261	5301	-	1	1.243244	I:	D:
5368	6129	-	1	1.217940	I:	D:
6161	8155	-	2	1.214834	I:	D:
8294	9172	-	2	1.208348	I:	D:
>YB1_7357
3	626	+	3	1.180972	I:	D:
664	1056	+	1	1.142659	I:	D:
1406	1816	-	2	1.201450	I:	D:
1902	2414	+	3	1.167323	I:	D:
2504	3007	+	2	1.163380	I:	D:
3165	4028	-	3	1.190493	I:	D:
4442	4837	-	2	1.176017	I:	D:
4939	5163	-	1	1.227155	I:	D:
5739	5972	+	3	1.225367	I:	D:
5997	6494	+	3	1.260262	I:	D:
6519	6701	+	3	1.206982	I:	D:
6731	7564	+	2	1.194038	I:	D:
7706	8302	+	2	1.249737	I:	D:
8398	8715	-	1	1.204543	I:	D:
>YB1_7370
1	1041	+	1	1.205356	I:	D:
1180	2115	+	1	1.186060	I:	D:
2142	4046	+	3	1.218514	I:	D:
4550	5170	+	2	1.235584	I:	D:
5279	6106	-	2	1.243733	I:	D:
6291	6863	-	3	1.211489	I:	D:
7242	8714	+	3	1.228726	I:	D:
>YB1_7431
63	620	+	3	1.280087	I:	D:
621	1625	+	3	1.267514	I:	D:
1666	2838	+	1	1.285619	I:	D:
2831	4294	+	2	1.310699	I:	D:
4291	5379	+	1	1.301351	I:	D:
5404	6201	+	1	1.333431	I:	D:
6223	6456	+	1	1.283866	I:	D:
6470	7381	+	2	1.292431	I:	D:
7407	8492	+	3	1.296588	I:	D:
8703	8912	-	3	1.358478	I:	D:
>YB1_7554
371	1033	-	2	1.233836	I:	D:
1056	1493	-	3	1.275995	I:	D:
1496	2185	-	2	1.244576	I:	D:
2896	3090	-	1	1.207022	I:	D:
3111	3608	-	3	1.164498	I:	D:
4433	4615	-	2	1.123705	I:	D:
4590	4940	-	3	1.198292	I:	D:
5060	6304	-	2	1.251689	I:	D:
6443	6604	-	2	1.119235	I:	D:
6604	7416	-	1	1.200043	I:	D:
7995	8468	-	3	1.183218	I:	D:
8494	8724	-	1	1.175163	I:	D:
>YB1_7562
184	1446	-	1	1.179604	I:	D:
1461	2756	-	3	1.177468	I:	D:
2740	3558	-	1	1.233126	I:	D:
3567	4448	-	3	1.219594	I:	D:
4448	5536	-	2	1.217420	I:	D:
5862	7004	-	3	1.227296	I:	D:
7026	8438	-	3	1.262597	I:	D:
>YB1_7697
115	567	-	1	1.171447	I:	D:
772	2991	+	1	1.218197	I:	D:
2984	4831	+	2	1.225054	I:	D:
5151	5633	+	3	1.265903	I:	D:
5649	6419	+	3	1.248610	I:	D:
6409	7254	+	1	1.261659	I:	D:
7273	7674	+	1	1.224944	I:	D:
7795	8118	+	1	1.189193	I:	D:
>YB1_7729
1	924	-	1	1.197890	I:	D:
939	1580	-	3	1.253780	I:	D:
1612	2544	-	1	1.249920	I:	D:
2641	3918	-	1	1.234647	I:	D:
4118	4951	-	2	1.236519	I:	D:
5008	5223	-	1	1.194821	I:	D:
5473	5877	+	1	1.211955	I:	D:
5935	6453	+	1	1.172087	I:	D:
6665	7132	-	2	1.190897	I:	D:
7736	8113	-	2	1.212876	I:	D:
>YB1_7739
1	126	+	1	1.518224	I:	D:
1455	2825	-	3	1.262384	I:	D:
3063	3851	+	3	1.288042	I:	D:
3851	4312	+	2	1.264818	I:	D:
4486	4938	-	1	1.231524	I:	D:
4951	5211	-	1	1.252182	I:	D:
5590	5799	+	1	1.178332	I:	D:
5962	6348	+	1	1.220545	I:	D:
6385	8175	-	1	1.256984	I:	D:
8390	9652	-	2	1.227955	I:	D:
9642	11114	-	3	1.220714	I:	D:
11129	11743	-	2	1.251361	I:	D:
11756	12205	-	2	1.216845	I:	D:
12215	14425	-	2	1.234149	I:	D:
14496	15008	-	3	1.236019	I:	D:
15420	17186	-	3	1.221033	I:	D:
17269	18930	-	1	1.230485	I:	D:
18988	19488	-	1	1.234640	I:	D:
19495	20913	-	1	1.250127	I:	D:
21104	21613	-	2	1.198033	I:	D:
21892	23439	-	1	1.265066	I:	D:
23597	23791	-	2	1.153132	I:	D:
23935	24078	-	1	1.262667	I:	D:
24146	24508	-	2	1.281360	I:	D:
24579	24872	-	3	1.239776	I:	D:
24951	26072	-	3	1.259369	I:	D:
26152	26616	-	1	1.270209	I:	D:
26644	27669	-	1	1.242335	I:	D:
27846	28862	-	3	1.232307	I:	D:
28880	29356	-	2	1.227936	I:	D:
29475	29984	-	3	1.257916	I:	D:
30135	30737	-	3	1.216719	I:	D:
30891	31211	+	3	1.233490	I:	D:
31348	31668	+	1	1.315587	I:	D:
31805	33031	-	2	1.222308	I:	D:
33151	33873	-	1	1.252792	I:	D:
34012	34767	-	1	1.228821	I:	D:
34975	36252	+	1	1.246273	I:	D:
36258	36614	+	3	1.219733	I:	D:
36946	37323	+	1	1.252786	I:	D:
37323	37700	+	3	1.257349	I:	D:
37905	38549	-	3	1.186729	I:	D:
38793	39233	-	3	1.226511	I:	D:
39490	40152	-	1	1.242328	I:	D:
40161	41462	-	3	1.204444	I:	D:
41575	41838	+	1	1.217005	I:	D:
41863	42492	-	1	1.217851	I:	D:
42518	44068	-	2	1.239596	I:	D:
44165	44878	-	2	1.207305	I:	D:
44891	45664	-	2	1.235876	I:	D:
45828	46190	+	3	1.234028	I:	D:
46525	47514	+	1	1.190500	I:	D:
47565	48242	-	3	1.251009	I:	D:
48476	51079	+	2	1.244414	I:	D:
51167	51529	-	2	1.244554	I:	D:
51542	52555	-	2	1.229405	I:	D:
52568	53008	-	2	1.214798	I:	D:
53013	53429	-	3	1.263420	I:	D:
53442	54029	-	3	1.234947	I:	D:
54113	54880	-	2	1.213255	I:	D:
54907	55335	-	1	1.234552	I:	D:
55349	55684	-	2	1.242135	I:	D:
55890	57515	-	3	1.241353	I:	D:
57649	58608	-	1	1.244107	I:	D:
58918	61149	+	1	1.292466	I:	D:
61574	62326	+	2	1.226624	I:	D:
62657	63838	-	2	1.235761	I:	D:
63871	65022	-	1	1.236032	I:	D:
65786	66793	+	2	1.237082	I:	D:
66850	67200	-	1	1.182895	I:	D:
67233	69275	-	3	1.229638	I:	D:
69382	70296	+	1	1.188982	I:	D:
70325	70990	-	2	1.191756	I:	D:
71475	71771	-	3	1.209058	I:	D:
71801	72217	-	2	1.253987	I:	D:
72239	72430	-	2	1.226690	I:	D:
72738	74681	-	3	1.237969	I:	D:
74783	75157	-	2	1.198250	I:	D:
75181	77307	-	1	1.250576	I:	D:
77354	78166	-	2	1.270449	I:	D:
78249	79625	-	3	1.225699	I:	D:
79654	80598	-	1	1.231343	I:	D:
80618	81388	-	2	1.228833	I:	D:
81448	82851	-	1	1.246728	I:	D:
82890	83771	-	3	1.248758	I:	D:
83807	84487	-	2	1.219779	I:	D:
84516	85388	-	3	1.240032	I:	D:
85465	86097	-	1	1.246162	I:	D:
86179	87855	-	1	1.234179	I:	D:
87957	88742	-	3	1.234945	I:	D:
88873	90795	-	1	1.268317	I:	D:
90970	91890	-	1	1.207112	I:	D:
91984	93126	-	1	1.202744	I:	D:
93136	94890	-	1	1.202795	I:	D:
95053	95253	+	1	1.201338	I:	D:
95257	96180	-	1	1.205357	I:	D:
96420	98120	-	3	1.234087	I:	D:
98210	98665	-	2	1.245148	I:	D:
98681	101059	-	2	1.222643	I:	D:
101243	102694	+	2	1.222924	I:	D:
102780	103127	-	3	1.208742	I:	D:
103159	104301	-	1	1.206956	I:	D:
104617	107028	-	1	1.217973	I:	D:
107126	107734	-	2	1.174923	I:	D:
107757	109397	-	3	1.220113	I:	D:
>YB1_7741
1	432	+	1	1.310872	I:	D:
442	645	+	1	1.208360	I:	D:
873	1682	+	3	1.189622	I:	D:
1761	3992	+	3	1.155147	I:	D:
4190	6010	+	2	1.159709	I:	D:
6119	6739	+	2	1.227466	I:	D:
6789	7076	+	3	1.166161	I:	D:
7257	8297	+	3	1.170684	I:	D:
>YB1_7762
309	461	+	3	1.189430	I:	D:
602	1513	+	2	1.245028	I:	D:
1739	3064	+	2	1.244265	I:	D:
3138	4325	-	3	1.213045	I:	D:
4335	5711	-	3	1.206116	I:	D:
5727	6782	-	3	1.223680	I:	D:
7247	8251	+	2	1.243109	I:	D:
>YB1_7780
325	648	-	1	1.269672	I:	D:
660	1253	-	3	1.272168	I:	D:
1255	3261	-	1	1.288505	I:	D:
3527	5038	-	2	1.283542	I:	D:
5146	5328	+	1	1.315418	I:	D:
5683	5883	-	1	1.363172	I:	D:
5740	6147	+	1	1.341055	I:	D:
6167	6496	+	2	1.359842	I:	D:
6542	6886	+	2	1.382063	I:	D:
7850	8020	-	2	1.234971	I:	D:
8056	8223	-	1	1.272022	I:	D:
>YB1_7798
349	921	+	1	1.220772	I:	D:
1152	1778	+	3	1.199999	I:	D:
2111	2611	+	2	1.192633	I:	D:
2750	4903	-	2	1.224659	I:	D:
5180	5548	+	2	1.220570	I:	D:
5620	6660	-	1	1.246282	I:	D:
7112	7639	+	2	1.239272	I:	D:
7706	7921	-	2	1.290942	I:	D:
>YB1_7829
1	807	-	1	1.216413	I:	D:
916	1710	+	1	1.220493	I:	D:
1761	3098	+	3	1.272079	I:	D:
3095	3742	+	2	1.230419	I:	D:
3789	5009	-	3	1.252697	I:	D:
5188	6198	+	1	1.272531	I:	D:
6538	7308	-	1	1.191569	I:	D:
7537	7995	+	1	1.169899	I:	D:
>YB1_7839
217	450	+	1	1.228560	I:	D:
866	1747	+	2	1.294095	I:	D:
1749	2531	+	3	1.293484	I:	D:
2561	3592	+	2	1.236037	I:	D:
3611	4657	+	2	1.214982	I:	D:
4750	6075	+	1	1.203622	I:	D:
6453	7205	+	3	1.245937	I:	D:
7342	8076	+	1	1.250877	I:	D:
>YB1_7911
143	277	+	2	1.224272	I:	D:
689	1195	+	2	1.196965	I:	D:
1255	1491	-	1	1.218813	I:	D:
1565	2512	+	2	1.243719	I:	D:
2594	2899	+	2	1.280559	I:	D:
3313	4665	-	1	1.221857	I:	D:
4907	5326	-	2	1.265948	I:	D:
6030	6713	+	3	1.184681	I:	D:
6925	7722	+	1	1.204904	I:	D:
>YB1_8020
264	803	-	3	1.266370	I:	D:
1053	1214	-	3	1.248519	I:	D:
1617	3026	-	3	1.205411	I:	D:
3030	4160	-	3	1.220243	I:	D:
4172	4975	-	2	1.183118	I:	D:
5407	5829	-	1	1.200762	I:	D:
6136	6813	-	1	1.181797	I:	D:
7333	7722	-	1	1.236781	I:	D:
>YB1_8034
220	1071	+	1	1.171802	I:	D:
1210	2520	+	1	1.218461	I:	D:
2553	2771	+	3	1.220503	I:	D:
2743	3807	+	1	1.200011	I:	D:
3884	4033	-	2	1.232590	I:	D:
4097	4324	-	2	1.193245	I:	D:
4354	4578	-	1	1.222581	I:	D:
4665	5327	-	3	1.256634	I:	D:
5453	5734	+	2	1.295484	I:	D:
5833	7557	+	1	1.230495	I:	D:
>YB1_8155
1	792	-	1	1.271240	I:	D:
1070	2221	-	2	1.263165	I:	D:
2647	3426	-	1	1.251308	I:	D:
3443	4186	-	2	1.267444	I:	D:
4222	4425	-	1	1.223698	I:	D:
4428	4985	-	3	1.249508	I:	D:
5206	5907	-	1	1.241615	I:	D:
5983	6891	-	1	1.229699	I:	D:
6958	7497	-	1	1.269988	I:	D:
>YB1_8158
66	2255	+	3	1.226347	I:	D:
2386	2841	+	1	1.239203	I:	D:
3415	3570	+	1	1.166545	I:	D:
3806	4237	+	2	1.163599	I:	D:
4382	5758	+	2	1.197528	I:	D:
5965	6813	+	1	1.209119	I:	D:
6905	7102	+	2	1.186515	I:	D:
7041	7382	+	3	1.210363	I:	D:
>YB1_8199
121	4263	-	1	1.206933	I:	D:
4687	5331	-	1	1.213649	I:	D:
5493	7163	-	3	1.215655	I:	D:
>YB1_8224
2	367	+	2	1.278180	I:	D:
710	1204	+	2	1.233374	I:	D:
1496	2674	+	2	1.254414	I:	D:
2823	3761	+	3	1.193643	I:	D:
3897	4193	+	3	1.205549	I:	D:
4413	4778	+	3	1.263027	I:	D:
4790	7174	+	2	1.200260	I:	D:
>YB1_8321
328	978	-	1	1.227714	I:	D:
1362	1952	+	3	1.234382	I:	D:
2228	2602	+	2	1.278333	I:	D:
2589	3884	+	3	1.215526	I:	D:
4234	4701	+	1	1.207256	I:	D:
4845	5768	-	3	1.199017	I:	D:
6233	6547	-	2	1.244566	I:	D:
>YB1_8333
1	270	+	1	1.333793	I:	D:
382	2367	+	1	1.324718	I:	D:
2481	3713	-	3	1.340172	I:	D:
3719	5275	-	2	1.337794	I:	D:
5312	6970	-	2	1.325836	I:	D:
>YB1_8334
3	362	-	3	1.200350	I:	D:
364	738	-	1	1.198681	I:	D:
767	1288	-	2	1.258686	I:	D:
1764	2357	-	3	1.218913	I:	D:
2455	3207	-	1	1.213238	I:	D:
3225	4523	-	3	1.248620	I:	D:
4718	6952	-	2	1.241821	I:	D:
>YB1_8363
29	379	-	2	1.174590	I:	D:
602	949	-	2	1.249623	I:	D:
1127	2131	-	2	1.192338	I:	D:
2352	3041	-	3	1.210777	I:	D:
3051	3614	-	3	1.221759	I:	D:
3617	4582	-	2	1.271876	I:	D:
5200	6477	-	1	1.195361	I:	D:
6484	6612	-	1	1.272194	I:	D:
6615	7022	-	3	1.245233	I:	D:
>YB1_8443
230	1141	+	2	1.235571	I:	D:
1476	1922	+	3	1.172044	I:	D:
1948	3687	+	1	1.223494	I:	D:
3818	5497	+	2	1.231723	I:	D:
5560	6885	-	1	1.252533	I:	D:
>YB1_8481
112	1548	-	1	1.267195	I:	D:
1669	2418	-	1	1.211462	I:	D:
2429	4087	-	2	1.221434	I:	D:
4216	5472	-	1	1.236843	I:	D:
5491	6945	-	1	1.208324	I:	D:
>YB1_8536
66	1091	-	3	1.220704	I:	D:
1347	2228	-	3	1.236956	I:	D:
2371	2553	-	1	1.182810	I:	D:
2677	3417	-	1	1.180951	I:	D:
3615	4529	+	3	1.204645	I:	D:
4553	5947	-	2	1.220395	I:	D:
5974	6183	-	1	1.203362	I:	D:
6233	6922	-	2	1.224799	I:	D:
>YB1_8538
1	678	+	1	1.254812	I:	D:
699	1040	+	3	1.303294	I:	D:
1701	2534	+	3	1.239306	I:	D:
2522	3388	+	2	1.213311	I:	D:
3382	4179	+	1	1.293590	I:	D:
4191	4922	+	3	1.296398	I:	D:
5042	5473	+	2	1.291449	I:	D:
5501	5893	+	2	1.282727	I:	D:
5969	6688	+	2	1.257990	I:	D:
>YB1_8546
287	1300	-	2	1.225218	I:	D:
1516	1707	-	1	1.300312	I:	D:
1802	2029	-	2	1.297208	I:	D:
2556	2798	-	3	1.257430	I:	D:
2926	3129	-	1	1.239518	I:	D:
3160	3585	-	1	1.178176	I:	D:
3735	3962	+	3	1.185266	I:	D:
3996	4208	-	3	1.260876	I:	D:
4332	5345	-	3	1.179235	I:	D:
5352	6293	-	3	1.210518	I:	D:
6442	6906	+	1	1.280718	I:	D:
>YB1_8562
84	1178	-	3	1.234886	I:	D:
1522	2238	+	1	1.196431	I:	D:
2248	2835	+	1	1.192326	I:	D:
2997	3419	+	3	1.210114	I:	D:
3625	4320	+	1	1.203834	I:	D:
4376	4552	+	2	1.385880	I:	D:
4634	6697	+	2	1.190743	I:	D:
>YB1_8576
449	1342	+	2	1.215647	I:	D:
1808	2401	+	2	1.260513	I:	D:
2464	2634	-	1	1.218686	I:	D:
2728	3837	-	1	1.232704	I:	D:
4200	5258	+	3	1.206608	I:	D:
5331	6527	+	3	1.216332	I:	D:
>YB1_8647
301	543	-	1	1.246068	I:	D:
735	1310	-	3	1.253588	I:	D:
1780	2148	+	1	1.230507	I:	D:
2148	2870	+	3	1.206392	I:	D:
2864	3658	+	2	1.197456	I:	D:
3798	5936	-	3	1.205332	I:	D:
6093	6527	-	3	1.298306	I:	D:
6626	6751	-	2	1.445423	I:	D:
>YB1_8678
102	995	-	3	1.232839	I:	D:
1015	1332	-	1	1.218934	I:	D:
1457	2701	-	2	1.228683	I:	D:
2688	3377	-	3	1.220225	I:	D:
3641	3820	-	2	1.163276	I:	D:
3904	4725	-	1	1.179770	I:	D:
4754	5440	-	2	1.178953	I:	D:
5676	6704	-	3	1.232721	I:	D:
>YB1_8687
1	1257	+	1	1.229168	I:	D:
1265	3694	+	2	1.223687	I:	D:
3986	4252	+	2	1.275860	I:	D:
4434	5315	-	3	1.222734	I:	D:
5511	6332	+	3	1.250386	I:	D:
6393	6545	+	3	1.183511	I:	D:
>YB1_8704
617	970	-	2	1.253096	I:	D:
992	3202	-	2	1.217841	I:	D:
3202	5106	-	1	1.212596	I:	D:
5221	5400	-	1	1.145710	I:	D:
5454	5810	-	3	1.222001	I:	D:
6237	6443	+	3	1.348261	I:	D:
>YB1_8802
475	837	+	1	1.231233	I:	D:
878	1450	+	2	1.233385	I:	D:
2834	3106	+	2	1.287307	I:	D:
3182	4330	+	2	1.244353	I:	D:
4882	5055	+	1	1.190237	I:	D:
5699	6463	+	2	1.272942	I:	D:
>YB1_8844
2	646	-	2	1.241276	I:	D:
803	1936	+	2	1.193763	I:	D:
2080	2568	-	1	1.215479	I:	D:
2768	3649	-	2	1.216257	I:	D:
4225	4476	+	1	1.193859	I:	D:
4814	6061	-	2	1.233644	I:	D:
6305	6484	-	2	1.313827	I:	D:
>YB1_8977
644	1108	+	2	1.187398	I:	D:
2655	3494	+	3	1.279819	I:	D:
3495	3680	+	3	1.281185	I:	D:
3779	4087	+	2	1.196438	I:	D:
>YB1_9124
45	452	+	3	1.210296	I:	D:
974	1549	+	2	1.207807	I:	D:
1542	2591	+	3	1.179966	I:	D:
2610	3209	+	3	1.233268	I:	D:
4240	5133	+	1	1.242639	I:	D:
5236	5916	+	1	1.202301	I:	D:
>YB1_9226
100	2613	+	1	1.223099	I:	D:
2671	2862	-	1	1.211059	I:	D:
2972	3292	+	2	1.203826	I:	D:
3316	4530	+	1	1.195658	I:	D:
4796	5560	-	2	1.175313	I:	D:
5785	5961	+	1	1.352869	I:	D:
>YB1_9281
378	1028	-	3	1.226976	I:	D:
1107	2786	-	3	1.236269	I:	D:
2849	3478	-	2	1.226218	I:	D:
3511	4422	-	1	1.214482	I:	D:
4415	5092	-	2	1.215441	I:	D:
5185	5898	-	1	1.207055	I:	D:
>YB1_9300
114	314	-	3	1.179163	I:	D:
652	1596	+	1	1.221752	I:	D:
1614	2318	+	3	1.181108	I:	D:
2548	2892	+	1	1.203656	I:	D:
3011	5647	+	2	1.224065	I:	D:
>YB1_9352
1	816	+	1	1.307076	I:	D:
947	1483	+	2	1.310317	I:	D:
1620	2270	-	3	1.337031	I:	D:
2375	3343	+	2	1.354008	I:	D:
3481	4728	+	1	1.352333	I:	D:
4768	5712	+	1	1.340711	I:	D:
>YB1_9408
3	134	+	3	1.275151	I:	D:
315	1331	+	3	1.220273	I:	D:
1360	2364	+	1	1.254261	I:	D:
2361	3392	+	3	1.267954	I:	D:
3392	4198	+	2	1.226343	I:	D:
4289	5659	+	2	1.281370	I:	D:
>YB1_9568
1	132	+	1	1.212581	I:	D:
398	1456	-	2	1.195987	I:	D:
1944	2930	+	3	1.187487	I:	D:
3124	3324	-	1	1.211905	I:	D:
3511	4689	+	1	1.252187	I:	D:
4968	5243	+	3	1.234426	I:	D:
5322	5582	+	3	1.226007	I:	D:
>YB1_9670
1	177	-	1	1.293200	I:	D:
217	1107	-	1	1.284713	I:	D:
1179	1592	-	3	1.264360	I:	D:
2275	2754	-	1	1.271620	I:	D:
2789	2989	-	2	1.265544	I:	D:
3699	3863	-	3	1.307377	I:	D:
3951	4160	-	3	1.241224	I:	D:
4265	4444	-	2	1.263588	I:	D:
5069	5491	-	2	1.256148	I:	D:
>YB1_9720
372	518	+	3	1.212109	I:	D:
654	2051	+	3	1.221202	I:	D:
2054	2449	+	2	1.234120	I:	D:
2556	3314	+	3	1.282094	I:	D:
3318	4061	+	3	1.253784	I:	D:
4063	4593	+	1	1.237455	I:	D:
4654	5301	+	1	1.219498	I:	D:
>YB1_9732
9	629	-	3	1.320043	I:	D:
955	2172	-	1	1.286205	I:	D:
2183	3454	-	2	1.317414	I:	D:
3511	4353	-	1	1.292636	I:	D:
4412	5425	-	2	1.288965	I:	D:
>YB1_9789
293	2173	-	2	1.191234	I:	D:
2422	3945	+	1	1.203356	I:	D:
4377	5372	+	3	1.263007	I:	D:
>YB1_9844
173	400	-	2	1.159375	I:	D:
540	1337	+	3	1.198197	I:	D:
1356	2501	+	3	1.213899	I:	D:
2564	3493	+	2	1.159833	I:	D:
3639	4253	+	3	1.185927	I:	D:
4269	5321	+	3	1.186973	I:	D:
>YB1_9848
716	2050	-	2	1.221908	I:	D:
2071	2736	-	1	1.257702	I:	D:
2751	3497	-	3	1.249995	I:	D:
3500	4222	-	2	1.280704	I:	D:
4215	4919	-	3	1.226993	I:	D:
>YB1_9877
2	1171	+	2	1.246812	I:	D:
1493	1771	-	2	1.206420	I:	D:
1945	2466	+	1	1.227888	I:	D:
2548	3162	+	1	1.229604	I:	D:
3388	5289	+	1	1.254527	I:	D:
>YB1_9939
217	1086	+	1	1.287974	I:	D:
1232	1375	+	2	1.290031	I:	D:
2849	3397	+	2	1.261100	I:	D:
3873	4685	+	3	1.274072	I:	D:
4719	5240	+	3	1.273412	I:	D:
>YB1_9941
71	895	-	2	1.273778	I:	D:
873	1586	-	3	1.292962	I:	D:
1586	2437	-	2	1.285172	I:	D:
2539	3435	-	1	1.322528	I:	D:
3441	4283	-	3	1.290826	I:	D:
4288	4977	-	1	1.336378	I:	D:
5040	5237	-	3	1.427579	I:	D:
>YB1_10053
355	1176	-	1	1.219812	I:	D:
1299	3050	-	3	1.225456	I:	D:
3366	4217	+	3	1.228310	I:	D:
4546	5010	+	1	1.218586	I:	D:
>YB1_10134
2	1351	+	2	1.240994	I:	D:
1451	1813	+	2	1.220315	I:	D:
1886	2206	+	2	1.244470	I:	D:
2323	2460	+	1	1.236226	I:	D:
2511	2687	+	3	1.231634	I:	D:
2776	3276	+	1	1.177186	I:	D:
3476	3826	+	2	1.190652	I:	D:
3938	5068	+	2	1.245073	I:	D:
>YB1_10164
178	3825	+	1	1.211334	I:	D:
3966	5024	+	3	1.263288	I:	D:
>YB1_10275
1	387	-	1	1.237530	I:	D:
396	908	-	3	1.216775	I:	D:
1032	1259	-	3	1.272441	I:	D:
1287	1553	-	3	1.283341	I:	D:
1592	2944	-	2	1.238224	I:	D:
2941	3330	-	1	1.187706	I:	D:
3406	4821	-	1	1.187514	I:	D:
>YB1_10304
177	992	-	3	1.169202	I:	D:
1149	3209	-	3	1.219861	I:	D:
3673	3864	-	1	1.221235	I:	D:
4110	4751	+	3	1.233643	I:	D:
>YB1_10319
139	918	-	1	1.218165	I:	D:
926	1468	-	2	1.256123	I:	D:
1507	1815	-	1	1.244124	I:	D:
1895	2908	-	2	1.254058	I:	D:
2940	3893	-	3	1.203796	I:	D:
4468	4821	-	1	1.159097	I:	D:
>YB1_10349
3	707	+	3	1.245938	I:	D:
753	1490	-	3	1.211896	I:	D:
1709	2581	+	2	1.287997	I:	D:
2581	3246	+	1	1.249828	I:	D:
3265	3969	+	1	1.173957	I:	D:
4051	4548	+	1	1.222085	I:	D:
4558	4719	+	1	1.104553	I:	D:
>YB1_10511
3	176	-	3	1.266406	I:	D:
296	739	-	2	1.248836	I:	D:
766	945	-	1	1.318178	I:	D:
1101	1499	-	3	1.239931	I:	D:
1561	2862	-	1	1.230493	I:	D:
2863	3615	-	1	1.231599	I:	D:
3624	4562	-	3	1.194490	I:	D:
>YB1_10604
3	428	+	3	1.197161	I:	D:
468	1019	-	3	1.285299	I:	D:
1041	1220	-	3	1.360808	I:	D:
1874	2527	-	2	1.263199	I:	D:
2854	4575	-	1	1.215429	I:	D:
>YB1_10687
202	720	+	1	1.222517	I:	D:
1188	1736	+	3	1.237484	I:	D:
1744	2568	+	1	1.229713	I:	D:
2574	3251	+	3	1.182713	I:	D:
3251	3865	+	2	1.218651	I:	D:
3875	4507	+	2	1.173160	I:	D:
>YB1_10942
1	603	-	1	1.257748	I:	D:
3043	3399	+	1	1.321380	I:	D:
4138	4446	-	1	1.239558	I:	D:
>YB1_11015
166	1071	+	1	1.194533	I:	D:
1171	3507	+	1	1.232749	I:	D:
3657	4406	-	3	1.254937	I:	D:
>YB1_11044
1	900	+	1	1.246611	I:	D:
2216	2512	+	2	1.286925	I:	D:
2629	2922	+	1	1.296208	I:	D:
3678	4007	+	3	1.215694	I:	D:
4058	4390	+	2	1.187514	I:	D:
>YB1_11110
157	603	+	1	1.192525	I:	D:
691	2436	+	1	1.214487	I:	D:
2411	4306	+	2	1.256453	I:	D:
>YB1_11177
1	294	+	1	1.224077	I:	D:
404	730	+	2	1.256366	I:	D:
745	897	+	1	1.281026	I:	D:
1332	1874	+	3	1.260748	I:	D:
2100	3923	+	3	1.237945	I:	D:
3972	4172	+	3	1.217761	I:	D:
>YB1_11180
264	581	-	3	1.253943	I:	D:
607	1152	-	1	1.229988	I:	D:
1393	1938	+	1	1.176302	I:	D:
1972	3264	-	1	1.259909	I:	D:
3365	5203	-	2	1.207840	I:	D:
5340	5903	-	3	1.174302	I:	D:
5922	6941	-	3	1.219795	I:	D:
7040	8173	-	2	1.223757	I:	D:
8650	9966	-	1	1.231553	I:	D:
10132	11937	-	1	1.243357	I:	D:
12107	12397	-	2	1.156112	I:	D:
12416	13357	-	2	1.220612	I:	D:
13369	14325	-	1	1.227664	I:	D:
14588	14854	+	2	1.268242	I:	D:
14962	15873	-	1	1.186851	I:	D:
15977	17236	-	2	1.227040	I:	D:
17321	18487	-	2	1.204514	I:	D:
18489	19394	-	3	1.218180	I:	D:
19580	20443	+	2	1.237759	I:	D:
20451	21182	-	3	1.223813	I:	D:
21517	22380	-	1	1.227959	I:	D:
22609	23283	-	1	1.258052	I:	D:
23299	25185	-	1	1.200250	I:	D:
25209	26618	-	3	1.229563	I:	D:
26766	27686	-	3	1.215393	I:	D:
27896	28552	-	2	1.195015	I:	D:
28632	29927	+	3	1.205854	I:	D:
30022	30681	-	1	1.195265	I:	D:
30872	31753	-	2	1.236504	I:	D:
31774	32532	-	1	1.240873	I:	D:
32769	33149	-	3	1.209180	I:	D:
33312	34529	-	3	1.222596	I:	D:
34731	37154	-	3	1.235587	I:	D:
37427	37777	-	2	1.227012	I:	D:
37895	38467	-	2	1.202510	I:	D:
38471	39157	-	2	1.231075	I:	D:
39276	39914	+	3	1.153839	I:	D:
40027	40944	+	1	1.230568	I:	D:
41020	42354	-	1	1.221212	I:	D:
42716	43084	-	2	1.210961	I:	D:
43103	44389	-	2	1.225398	I:	D:
44497	44787	-	1	1.317538	I:	D:
44801	45118	-	2	1.249266	I:	D:
45133	45444	-	1	1.254879	I:	D:
45564	46967	-	3	1.199341	I:	D:
47040	47735	-	3	1.202431	I:	D:
47738	49582	-	2	1.259715	I:	D:
49957	51201	+	1	1.223278	I:	D:
51375	51788	-	3	1.274687	I:	D:
51803	52921	-	2	1.251495	I:	D:
52986	53270	-	3	1.218796	I:	D:
53288	54085	-	2	1.239467	I:	D:
54116	54796	-	2	1.227475	I:	D:
54856	57858	-	1	1.217504	I:	D:
57870	58358	-	3	1.250860	I:	D:
58373	59266	-	2	1.223274	I:	D:
59277	60353	-	3	1.237024	I:	D:
60380	61054	-	2	1.258581	I:	D:
61071	61667	-	3	1.239145	I:	D:
>YB1_11185
263	406	+	2	1.262960	I:	D:
453	854	+	3	1.195734	I:	D:
1086	1418	-	3	1.246183	I:	D:
1442	2500	-	2	1.255965	I:	D:
2528	2659	+	2	1.246880	I:	D:
2631	2969	+	3	1.261036	I:	D:
3320	3799	+	2	1.299039	I:	D:
3865	4179	-	1	1.350019	I:	D:
4172	4300	-	2	1.281050	I:	D:
>YB1_11218
436	993	+	1	1.177062	I:	D:
1092	1844	-	3	1.222260	I:	D:
2005	2256	-	1	1.258810	I:	D:
2850	3698	+	3	1.215988	I:	D:
3763	4275	-	1	1.259564	I:	D:
>YB1_11237
343	1278	-	1	1.219265	I:	D:
1515	2597	-	3	1.235652	I:	D:
2609	3046	-	2	1.247388	I:	D:
3257	4165	-	2	1.254644	I:	D:
>YB1_11459
2	391	+	2	1.311106	I:	D:
646	2154	+	1	1.312171	I:	D:
2209	3186	+	1	1.321024	I:	D:
3525	3746	+	3	1.337695	I:	D:
>YB1_11497
90	719	-	3	1.229548	I:	D:
779	1204	-	2	1.210214	I:	D:
1344	2870	-	3	1.184609	I:	D:
3053	3997	+	2	1.222625	I:	D:
>YB1_11506
30	1433	-	3	1.242709	I:	D:
2879	4099	-	2	1.315751	I:	D:
>YB1_11553
95	1120	+	2	1.199338	I:	D:
1643	1927	+	2	1.181235	I:	D:
2572	3966	+	1	1.249504	I:	D:
>YB1_11559
83	961	+	2	1.217612	I:	D:
997	2682	-	1	1.238377	I:	D:
2979	3482	-	3	1.209545	I:	D:
3532	3930	-	1	1.206891	I:	D:
>YB1_11578
88	615	-	1	1.259623	I:	D:
801	2561	-	3	1.223553	I:	D:
2564	3175	-	2	1.264632	I:	D:
3364	3873	-	1	1.169148	I:	D:
>YB1_11671
22	756	-	1	1.216248	I:	D:
975	1568	+	3	1.175092	I:	D:
1572	2153	+	3	1.194408	I:	D:
2164	3045	+	1	1.195198	I:	D:
3035	4006	+	2	1.256667	I:	D:
>YB1_11746
1	159	+	1	1.585076	I:	D:
711	2135	+	3	1.243985	I:	D:
2259	2948	+	3	1.230252	I:	D:
2951	3886	+	2	1.227227	I:	D:
3883	4770	+	1	1.221445	I:	D:
4923	5675	+	3	1.203262	I:	D:
5676	6509	+	3	1.203336	I:	D:
6534	7232	+	3	1.213692	I:	D:
7295	7723	-	2	1.247283	I:	D:
7746	9176	-	3	1.235830	I:	D:
9304	9879	+	1	1.274494	I:	D:
9879	10400	+	3	1.281189	I:	D:
10886	12823	+	2	1.270629	I:	D:
12836	13606	+	2	1.215703	I:	D:
14270	14800	+	2	1.225243	I:	D:
14982	15851	+	3	1.243393	I:	D:
15920	17161	+	2	1.198947	I:	D:
17181	18365	+	3	1.206103	I:	D:
18589	19398	+	1	1.196768	I:	D:
19467	20846	-	3	1.233508	I:	D:
21022	21903	+	1	1.227880	I:	D:
22048	22326	+	1	1.253085	I:	D:
22613	23989	+	2	1.243781	I:	D:
24070	25020	+	1	1.256030	I:	D:
25256	26335	+	2	1.281478	I:	D:
26338	27114	+	1	1.293395	I:	D:
27993	28166	-	3	1.174987	I:	D:
28191	28751	+	3	1.245626	I:	D:
28769	32158	+	2	1.223461	I:	D:
32181	33185	+	3	1.179946	I:	D:
33286	33825	+	1	1.244132	I:	D:
34063	35676	+	1	1.262948	I:	D:
35786	37240	+	2	1.233781	I:	D:
37330	37608	+	1	1.205082	I:	D:
37614	37913	+	3	1.248127	I:	D:
37978	38232	+	1	1.235032	I:	D:
38233	38727	+	1	1.229562	I:	D:
38777	39040	+	2	1.161878	I:	D:
39248	40168	+	2	1.210086	I:	D:
40334	40510	-	2	1.215798	I:	D:
40557	42641	+	3	1.221418	I:	D:
43078	44985	+	1	1.195353	I:	D:
45123	46025	+	3	1.198481	I:	D:
46406	47416	+	2	1.225493	I:	D:
47740	49239	+	1	1.240530	I:	D:
49346	49555	+	2	1.346749	I:	D:
49668	50252	+	3	1.266843	I:	D:
50355	51254	+	3	1.234970	I:	D:
51265	52119	+	1	1.219985	I:	D:
52162	53226	+	1	1.261075	I:	D:
53358	54098	+	3	1.270714	I:	D:
54082	55167	+	1	1.230692	I:	D:
55264	55716	+	1	1.261871	I:	D:
55729	56358	+	1	1.213611	I:	D:
>YB1_11756
99	605	+	3	1.243114	I:	D:
924	1379	-	3	1.248961	I:	D:
1489	2883	-	1	1.249212	I:	D:
3118	3672	-	1	1.223090	I:	D:
3688	3948	-	1	1.232244	I:	D:
>YB1_11776
2	343	-	2	1.306964	I:	D:
421	1242	-	1	1.297626	I:	D:
1279	1515	-	1	1.333596	I:	D:
1791	2306	-	3	1.264283	I:	D:
2571	3602	-	3	1.333823	I:	D:
3626	3940	-	2	1.285369	I:	D:
>YB1_12013
2	1207	-	2	1.290199	I:	D:
1439	1573	-	2	1.257619	I:	D:
2037	2468	-	3	1.323199	I:	D:
2456	3826	-	2	1.328673	I:	D:
>YB1_12032
2	574	-	2	1.220780	I:	D:
1242	2159	-	3	1.242500	I:	D:
2342	3661	-	2	1.243072	I:	D:
3630	3818	-	3	1.247114	I:	D:
>YB1_12432
1	531	-	1	1.238355	I:	D:
838	2274	-	1	1.205184	I:	D:
2691	3059	-	3	1.180163	I:	D:
3117	3266	-	3	1.232682	I:	D:
3312	3617	-	3	1.304871	I:	D:
>YB1_12476
3	761	+	3	1.331256	I:	D:
779	1441	+	2	1.322185	I:	D:
1428	1847	+	3	1.275551	I:	D:
2025	2597	-	3	1.234764	I:	D:
2810	3334	-	2	1.170600	I:	D:
>YB1_12512
373	615	+	1	1.255317	I:	D:
637	1017	+	1	1.288596	I:	D:
1095	3365	+	3	1.239931	I:	D:
3337	3585	+	1	1.202539	I:	D:
>YB1_12646
1	144	-	1	1.204298	I:	D:
189	1061	-	3	1.234973	I:	D:
1130	1606	-	2	1.213787	I:	D:
1731	2162	-	3	1.224047	I:	D:
2588	3457	-	2	1.199136	I:	D:
>YB1_12656
153	371	-	3	1.174870	I:	D:
358	684	-	1	1.223254	I:	D:
730	993	-	1	1.218599	I:	D:
1055	1504	-	2	1.204424	I:	D:
1570	2004	-	1	1.282627	I:	D:
2078	2782	-	2	1.167858	I:	D:
2775	3317	-	3	1.220247	I:	D:
>YB1_12677
1	825	-	1	1.254728	I:	D:
1052	3355	-	2	1.225845	I:	D:
3377	3520	-	2	1.131760	I:	D:
>YB1_12750
592	1551	-	1	1.202845	I:	D:
1539	3032	-	3	1.244022	I:	D:
3057	3491	-	3	1.231908	I:	D:
>YB1_12761
1	321	+	1	1.186387	I:	D:
347	1459	-	2	1.234219	I:	D:
1771	2091	-	1	1.243471	I:	D:
2331	2744	-	3	1.176964	I:	D:
2844	3488	-	3	1.228938	I:	D:
>YB1_12766
341	898	+	2	1.187173	I:	D:
980	1447	-	2	1.246706	I:	D:
1471	1794	-	1	1.196625	I:	D:
1987	2178	+	1	1.257598	I:	D:
2198	2731	+	2	1.250941	I:	D:
2841	2990	-	3	1.185281	I:	D:
2731	3486	+	1	1.194110	I:	D:
>YB1_12832
2	253	+	2	1.287227	I:	D:
265	1014	+	1	1.308524	I:	D:
1022	2083	+	2	1.276924	I:	D:
2055	3458	+	3	1.297771	I:	D:
>YB1_12856
3	752	-	3	1.239334	I:	D:
769	1788	-	1	1.235132	I:	D:
2123	2920	-	2	1.214021	I:	D:
2923	3594	-	1	1.243896	I:	D:
3636	5012	-	3	1.254305	I:	D:
5231	5587	-	2	1.269948	I:	D:
5648	5842	-	2	1.254992	I:	D:
5870	6295	-	2	1.222746	I:	D:
6774	8183	+	3	1.233281	I:	D:
8230	10149	-	1	1.237766	I:	D:
10486	11088	-	1	1.226456	I:	D:
11210	12010	-	2	1.206059	I:	D:
12334	13269	-	1	1.268339	I:	D:
13269	14360	-	3	1.262516	I:	D:
14742	15920	-	3	1.249934	I:	D:
16171	17220	-	1	1.209533	I:	D:
17570	18040	-	2	1.233834	I:	D:
18117	18743	-	3	1.271535	I:	D:
18962	21217	-	2	1.205081	I:	D:
21362	22267	-	2	1.249295	I:	D:
22331	22735	+	2	1.250227	I:	D:
22798	23793	-	1	1.221029	I:	D:
23860	24696	-	1	1.238890	I:	D:
24777	25337	-	3	1.204991	I:	D:
25416	26333	-	3	1.229027	I:	D:
26460	28127	-	3	1.215970	I:	D:
28169	28930	-	2	1.198854	I:	D:
28939	29472	-	1	1.220525	I:	D:
29493	30293	-	3	1.246717	I:	D:
30361	31659	-	1	1.240248	I:	D:
31662	32393	-	3	1.225577	I:	D:
32512	33783	+	1	1.260232	I:	D:
33816	35186	-	3	1.191173	I:	D:
35352	36707	-	3	1.234921	I:	D:
36743	37465	-	2	1.212636	I:	D:
37465	37794	-	1	1.229449	I:	D:
37994	38872	+	2	1.209241	I:	D:
38968	39453	-	1	1.169797	I:	D:
39486	40046	-	3	1.210097	I:	D:
40252	41013	-	1	1.194981	I:	D:
41146	41838	-	1	1.217693	I:	D:
41932	42738	-	1	1.220500	I:	D:
42780	43691	-	3	1.221117	I:	D:
43704	44432	-	3	1.222558	I:	D:
44518	44769	+	1	1.229365	I:	D:
44956	45285	+	1	1.220112	I:	D:
45399	48047	-	3	1.235042	I:	D:
48371	48967	-	2	1.222550	I:	D:
49102	50004	+	1	1.225123	I:	D:
50211	50417	-	3	1.216986	I:	D:
>YB1_13090
143	1267	-	2	1.219863	I:	D:
1289	2719	-	2	1.222440	I:	D:
>YB1_13201
237	2153	+	3	1.244979	I:	D:
2224	2574	+	1	1.198442	I:	D:
2576	2920	+	2	1.197239	I:	D:
3016	3198	+	1	1.147460	I:	D:
>YB1_13309
241	3270	-	1	1.215978	I:	D:
>YB1_13424
113	781	-	2	1.266122	I:	D:
924	2024	-	3	1.229152	I:	D:
2448	2738	+	3	1.194259	I:	D:
>YB1_13436
227	400	-	2	1.187506	I:	D:
969	2489	-	3	1.253007	I:	D:
2510	2989	-	2	1.199291	I:	D:
3092	3220	-	2	1.280331	I:	D:
>YB1_13450
206	1174	+	2	1.197941	I:	D:
1186	2238	+	1	1.233664	I:	D:
2371	2691	+	1	1.274112	I:	D:
>YB1_13537
2	1168	-	2	1.191389	I:	D:
1170	2798	-	3	1.225697	I:	D:
2916	3092	-	3	1.226195	I:	D:
>YB1_13715
148	1476	-	1	1.220979	I:	D:
1999	2910	+	1	1.246131	I:	D:
2912	3124	+	2	1.192195	I:	D:
>YB1_13964
2	919	+	2	1.312635	I:	D:
1307	1705	+	2	1.332127	I:	D:
2418	3038	+	3	1.353022	I:	D:
>YB1_14028
69	884	+	3	1.211085	I:	D:
1003	2553	+	1	1.267274	I:	D:
2619	3020	+	3	1.219359	I:	D:
