>YB4_555
1	435	-	1	1.341218	I:	D:
405	1199	-	3	1.347186	I:	D:
1253	2167	-	2	1.290072	I:	D:
2189	5329	-	2	1.315898	I:	D:
5360	6874	-	2	1.290474	I:	D:
6904	7422	-	1	1.279876	I:	D:
7406	8128	+	2	1.255871	I:	D:
8633	10204	-	2	1.315210	I:	D:
10459	10683	+	1	1.267652	I:	D:
10765	11055	+	1	1.290910	I:	D:
11061	11240	+	3	1.328425	I:	D:
11327	12100	-	2	1.362743	I:	D:
12130	12462	-	1	1.366705	I:	D:
12858	13061	+	3	1.319855	I:	D:
13067	13363	+	2	1.337276	I:	D:
13412	13540	+	2	1.241235	I:	D:
13849	14316	-	1	1.303338	I:	D:
14446	15660	+	1	1.365998	I:	D:
16258	17262	-	1	1.299840	I:	D:
17273	17452	-	2	1.294667	I:	D:
17999	18541	+	2	1.313324	I:	D:
18525	19835	+	3	1.323432	I:	D:
20089	21480	+	1	1.316804	I:	D:
21881	23125	-	2	1.291582	I:	D:
23129	24631	-	2	1.306228	I:	D:
24863	26275	+	2	1.328619	I:	D:
26292	27212	+	3	1.287192	I:	D:
27440	29935	-	2	1.306347	I:	D:
30240	31094	-	3	1.269166	I:	D:
31105	31929	-	1	1.254460	I:	D:
31990	32289	-	1	1.333279	I:	D:
32359	32562	-	1	1.251459	I:	D:
32621	32767	-	2	1.247402	I:	D:
32845	32973	+	1	1.202546	I:	D:
33030	33596	+	3	1.230784	I:	D:
33688	34434	+	1	1.250639	I:	D:
34451	34933	+	2	1.285503	I:	D:
34977	35492	+	3	1.258383	I:	D:
35537	36418	+	2	1.255341	I:	D:
36415	37044	+	1	1.247838	I:	D:
37041	37697	+	3	1.234345	I:	D:
37712	38317	+	2	1.208531	I:	D:
38505	39791	-	3	1.297453	I:	D:
39791	40660	-	2	1.319674	I:	D:
40754	41884	-	2	1.281389	I:	D:
41881	42114	-	1	1.310885	I:	D:
42178	42876	-	1	1.317782	I:	D:
42886	43674	-	1	1.298854	I:	D:
43733	44293	-	2	1.299940	I:	D:
44286	45992	-	3	1.320057	I:	D:
45995	47680	-	2	1.287883	I:	D:
47690	48142	-	2	1.312464	I:	D:
48350	49753	+	2	1.343216	I:	D:
49881	50330	-	3	1.333018	I:	D:
50332	51012	-	1	1.308911	I:	D:
51009	51443	-	3	1.295736	I:	D:
51453	53120	-	3	1.308519	I:	D:
53283	54428	+	3	1.323774	I:	D:
54827	54982	+	2	1.407079	I:	D:
55400	55615	-	2	1.479596	I:	D:
>YB4_713
167	1183	-	2	1.340502	I:	D:
1226	2668	-	2	1.329782	I:	D:
2726	3040	-	2	1.284107	I:	D:
3079	3882	+	1	1.296137	I:	D:
3915	4142	+	3	1.279081	I:	D:
4188	4670	+	3	1.255387	I:	D:
4670	6691	+	2	1.300493	I:	D:
6694	7581	+	1	1.294931	I:	D:
7595	8983	+	2	1.293387	I:	D:
8993	9406	+	2	1.306815	I:	D:
9520	12507	+	1	1.305072	I:	D:
12864	14372	+	3	1.301352	I:	D:
14386	14868	+	1	1.267112	I:	D:
14957	15121	-	2	1.291136	I:	D:
15134	16489	-	2	1.310922	I:	D:
16502	16771	-	2	1.303371	I:	D:
16932	17741	+	3	1.312636	I:	D:
17763	18242	+	3	1.294341	I:	D:
18326	19417	+	2	1.324791	I:	D:
19417	20289	+	1	1.293772	I:	D:
20302	21453	+	1	1.291258	I:	D:
21455	21631	+	2	1.261819	I:	D:
21717	22403	+	3	1.339061	I:	D:
22447	22617	+	1	1.233087	I:	D:
22748	23290	+	2	1.304374	I:	D:
23351	24049	+	2	1.276785	I:	D:
24068	25258	+	2	1.309739	I:	D:
25263	26624	+	3	1.322868	I:	D:
26605	27591	+	1	1.292795	I:	D:
27604	28539	+	1	1.301530	I:	D:
28542	28886	+	3	1.293920	I:	D:
28964	29635	+	2	1.261637	I:	D:
29679	38075	+	3	1.312027	I:	D:
38174	39703	+	2	1.301307	I:	D:
39759	40145	+	3	1.323182	I:	D:
40132	41169	+	1	1.298310	I:	D:
41248	41412	+	1	1.395915	I:	D:
41426	42331	-	2	1.314111	I:	D:
42367	43089	-	1	1.304413	I:	D:
43091	44278	-	2	1.306381	I:	D:
44379	45458	+	3	1.318593	I:	D:
45476	46348	+	2	1.313392	I:	D:
46465	47493	+	1	1.320671	I:	D:
47497	47982	+	1	1.334533	I:	D:
48173	48472	+	2	1.297417	I:	D:
48441	49226	+	3	1.325972	I:	D:
49223	50254	+	2	1.312365	I:	D:
50258	50995	+	2	1.332363	I:	D:
51105	52463	-	3	1.320034	I:	D:
52467	53150	-	3	1.297372	I:	D:
53289	55022	+	3	1.320396	I:	D:
>YB4_1205
275	763	+	2	1.282416	I:	D:
785	1096	+	2	1.276452	I:	D:
1181	2245	+	2	1.263235	I:	D:
2256	2945	+	3	1.311982	I:	D:
2938	3780	+	1	1.316436	I:	D:
3777	4253	+	3	1.271400	I:	D:
4266	4433	+	3	1.293610	I:	D:
4497	4679	+	3	1.344329	I:	D:
4741	6075	-	1	1.312896	I:	D:
6345	7472	+	3	1.285824	I:	D:
7540	8286	+	1	1.303971	I:	D:
8530	8730	+	1	1.378131	I:	D:
8798	9679	-	2	1.319474	I:	D:
9808	10446	+	1	1.291423	I:	D:
10451	11263	+	2	1.268445	I:	D:
11883	13658	+	3	1.313573	I:	D:
13673	14116	+	2	1.267803	I:	D:
14120	15490	+	2	1.309750	I:	D:
15483	16760	+	3	1.281345	I:	D:
16764	18731	+	3	1.300711	I:	D:
18798	20843	+	3	1.304306	I:	D:
20858	23098	+	2	1.288764	I:	D:
23131	23427	+	1	1.299671	I:	D:
23483	24352	+	2	1.299333	I:	D:
24434	26938	+	2	1.311733	I:	D:
27023	27439	+	2	1.257793	I:	D:
27476	27994	+	2	1.287512	I:	D:
28019	29860	+	2	1.338781	I:	D:
29847	30512	+	3	1.279173	I:	D:
30689	31033	+	2	1.317949	I:	D:
31144	32007	+	1	1.309773	I:	D:
32010	32624	+	3	1.295410	I:	D:
32992	34506	+	1	1.297270	I:	D:
34563	34733	-	3	1.370575	I:	D:
34832	35518	+	2	1.259587	I:	D:
35640	36920	+	3	1.261124	I:	D:
36999	37580	+	3	1.308962	I:	D:
37595	38881	+	2	1.289642	I:	D:
39008	41425	+	2	1.291835	I:	D:
41433	42014	+	3	1.283971	I:	D:
42032	43306	+	2	1.301494	I:	D:
43429	43752	+	1	1.279287	I:	D:
43742	44473	+	2	1.276184	I:	D:
44474	45355	+	2	1.312303	I:	D:
45613	45744	+	1	1.376898	I:	D:
45908	46621	-	2	1.297871	I:	D:
46807	47028	-	1	1.297924	I:	D:
47319	48260	+	3	1.306123	I:	D:
48266	49513	+	2	1.317022	I:	D:
49612	50475	+	1	1.323975	I:	D:
50487	51647	+	3	1.317022	I:	D:
51644	52546	+	2	1.325329	I:	D:
>YB4_1279
151	435	-	1	1.350480	I:	D:
428	751	-	2	1.330667	I:	D:
751	1059	-	1	1.306184	I:	D:
1190	2116	-	2	1.324504	I:	D:
2229	2384	-	3	1.243248	I:	D:
2468	3553	+	2	1.307050	I:	D:
3553	4713	+	1	1.315623	I:	D:
4787	5842	-	2	1.315107	I:	D:
5867	6700	-	2	1.310258	I:	D:
6709	7572	-	1	1.289120	I:	D:
7590	8513	-	3	1.322553	I:	D:
8497	8955	-	1	1.308999	I:	D:
9057	11852	-	3	1.321007	I:	D:
11874	13193	-	3	1.253629	I:	D:
13231	13728	-	1	1.296404	I:	D:
13745	14476	-	2	1.275333	I:	D:
14454	15716	-	3	1.312494	I:	D:
15709	16620	-	1	1.311213	I:	D:
16623	18536	-	3	1.298029	I:	D:
18563	21205	-	2	1.316051	I:	D:
21268	21681	-	1	1.319486	I:	D:
21678	23120	-	3	1.329441	I:	D:
23340	24872	+	3	1.328845	I:	D:
24921	25736	-	3	1.359772	I:	D:
25811	27595	-	2	1.293653	I:	D:
27627	28580	-	3	1.311384	I:	D:
28609	29892	-	1	1.313611	I:	D:
29905	30675	-	1	1.312066	I:	D:
30715	31848	-	1	1.311481	I:	D:
31871	32944	-	2	1.335329	I:	D:
32934	34133	-	3	1.312340	I:	D:
34144	35202	-	1	1.313499	I:	D:
35202	36047	-	3	1.305377	I:	D:
36255	36404	-	3	1.274940	I:	D:
36423	41504	-	3	1.299462	I:	D:
42004	43083	-	1	1.310856	I:	D:
43086	44258	-	3	1.316551	I:	D:
44280	45428	-	3	1.318639	I:	D:
45425	46600	-	2	1.296469	I:	D:
46600	46986	-	1	1.328874	I:	D:
47123	47887	+	2	1.316850	I:	D:
48100	48423	-	1	1.300458	I:	D:
48420	48632	-	3	1.332805	I:	D:
49271	50506	+	2	1.313112	I:	D:
50644	52257	+	1	1.332614	I:	D:
>YB4_1340
181	1638	-	1	1.322752	I:	D:
1719	2342	+	3	1.274326	I:	D:
2391	2582	+	3	1.247888	I:	D:
2647	2976	-	1	1.325032	I:	D:
2973	3686	-	3	1.324217	I:	D:
3716	3937	-	2	1.325593	I:	D:
>YB4_2182
113	1750	-	2	1.315374	I:	D:
1872	4385	-	3	1.320434	I:	D:
4459	4992	-	1	1.282054	I:	D:
4992	5480	-	3	1.276129	I:	D:
5484	7442	-	3	1.315871	I:	D:
7489	7674	-	1	1.312906	I:	D:
7737	8828	-	3	1.288308	I:	D:
9059	10171	-	2	1.302342	I:	D:
10393	11742	-	1	1.297580	I:	D:
11971	12888	+	1	1.288518	I:	D:
12901	13455	+	1	1.314765	I:	D:
13489	14295	+	1	1.299762	I:	D:
14313	14672	+	3	1.278008	I:	D:
14672	15148	+	2	1.276462	I:	D:
15241	15468	+	1	1.272611	I:	D:
15666	16607	-	3	1.310064	I:	D:
16739	17683	-	2	1.307082	I:	D:
17756	18478	-	2	1.321222	I:	D:
18528	19349	-	3	1.311306	I:	D:
19781	20059	+	2	1.291039	I:	D:
20072	20782	+	2	1.341812	I:	D:
20851	21828	-	1	1.307440	I:	D:
21825	22091	-	3	1.312612	I:	D:
22198	23811	-	1	1.332372	I:	D:
23955	25409	-	3	1.322471	I:	D:
25545	26507	-	3	1.329533	I:	D:
26616	26801	+	3	1.326875	I:	D:
26791	27567	+	1	1.305440	I:	D:
27564	28640	+	3	1.331506	I:	D:
28659	29426	+	3	1.289961	I:	D:
29416	30987	+	1	1.334703	I:	D:
31017	32417	+	3	1.323937	I:	D:
32421	32597	-	3	1.378815	I:	D:
32599	33393	+	1	1.322065	I:	D:
33744	35207	+	3	1.302159	I:	D:
35207	35773	+	2	1.339685	I:	D:
35778	36788	+	3	1.308720	I:	D:
36788	37567	+	2	1.322890	I:	D:
37560	38138	+	3	1.302908	I:	D:
38131	39315	+	1	1.335045	I:	D:
39308	40078	+	2	1.306663	I:	D:
40288	40725	+	1	1.326224	I:	D:
40756	41679	+	1	1.293856	I:	D:
41744	43345	-	2	1.313400	I:	D:
43378	44283	-	1	1.337167	I:	D:
44284	45672	-	1	1.320103	I:	D:
45940	48579	+	1	1.324730	I:	D:
>YB4_2320
394	876	-	1	1.299164	I:	D:
1023	1388	-	3	1.327979	I:	D:
1588	1878	-	1	1.266122	I:	D:
2064	2480	-	3	1.303992	I:	D:
2569	4404	-	1	1.308029	I:	D:
4429	4896	-	1	1.273729	I:	D:
4966	5958	-	1	1.329943	I:	D:
6143	6613	+	2	1.292408	I:	D:
6623	7333	+	2	1.338039	I:	D:
7338	8006	+	3	1.329171	I:	D:
8347	11430	-	1	1.323601	I:	D:
11713	12738	-	1	1.321173	I:	D:
12872	14065	-	2	1.311941	I:	D:
14229	15041	+	3	1.335103	I:	D:
15279	16652	+	3	1.328913	I:	D:
16730	16867	-	2	1.377784	I:	D:
17047	18828	-	1	1.330436	I:	D:
19014	20036	-	3	1.326609	I:	D:
20017	20730	-	1	1.274477	I:	D:
20727	21170	-	3	1.316399	I:	D:
21177	23777	-	3	1.309467	I:	D:
23887	24852	+	1	1.318076	I:	D:
24852	25976	+	3	1.313535	I:	D:
25960	26460	+	1	1.316651	I:	D:
26523	27017	+	3	1.310353	I:	D:
27128	27478	-	2	1.267223	I:	D:
27600	27776	+	3	1.263425	I:	D:
28007	28663	-	2	1.301927	I:	D:
28821	29918	-	3	1.319118	I:	D:
29933	31336	-	2	1.310640	I:	D:
31543	32232	+	1	1.329984	I:	D:
32284	32994	-	1	1.315719	I:	D:
32981	33817	-	2	1.330585	I:	D:
34091	34579	-	2	1.317094	I:	D:
34580	34720	-	2	1.326653	I:	D:
34841	36697	-	2	1.325622	I:	D:
36697	38442	-	1	1.314651	I:	D:
38436	38921	-	3	1.319606	I:	D:
39175	40029	+	1	1.310167	I:	D:
40075	41466	+	1	1.327498	I:	D:
41541	42725	-	3	1.320311	I:	D:
42748	43857	-	1	1.323565	I:	D:
43902	45437	-	3	1.333998	I:	D:
45620	45847	-	2	1.210251	I:	D:
45967	46797	+	1	1.297270	I:	D:
46794	47282	+	3	1.318190	I:	D:
47373	48209	+	3	1.351150	I:	D:
>YB4_2583
222	848	-	3	1.335174	I:	D:
1611	2408	-	3	1.314900	I:	D:
2467	2721	+	1	1.372148	I:	D:
2743	3075	+	1	1.319289	I:	D:
3075	3332	+	3	1.352516	I:	D:
3332	4342	+	2	1.310648	I:	D:
4359	5285	+	3	1.327577	I:	D:
5317	6729	+	1	1.312735	I:	D:
6747	8612	+	3	1.332086	I:	D:
8609	9319	+	2	1.341209	I:	D:
9388	10215	+	1	1.327061	I:	D:
10631	11392	+	2	1.290989	I:	D:
11455	12306	+	1	1.325369	I:	D:
12310	13596	+	1	1.314017	I:	D:
13596	14309	+	3	1.334917	I:	D:
14434	14682	-	1	1.286844	I:	D:
14711	15682	-	2	1.341124	I:	D:
15758	17566	-	2	1.319652	I:	D:
17952	19115	-	3	1.319178	I:	D:
19238	19540	-	2	1.334739	I:	D:
19589	20509	+	2	1.307721	I:	D:
20658	21308	+	3	1.316224	I:	D:
21411	21575	+	3	1.407565	I:	D:
21676	22287	+	1	1.321778	I:	D:
22289	23047	+	2	1.349905	I:	D:
23153	23791	+	2	1.365131	I:	D:
24142	25506	+	1	1.325816	I:	D:
25556	27016	+	2	1.325414	I:	D:
27009	28523	+	3	1.310437	I:	D:
28763	30709	-	2	1.311588	I:	D:
30710	31309	-	2	1.301875	I:	D:
31528	32013	+	1	1.278580	I:	D:
32182	33054	+	1	1.267787	I:	D:
33101	33619	+	2	1.279986	I:	D:
33875	38848	-	2	1.301779	I:	D:
39093	39425	-	3	1.308793	I:	D:
39695	41407	-	2	1.316566	I:	D:
41456	41722	-	2	1.238340	I:	D:
41749	42591	-	1	1.306652	I:	D:
43478	43969	+	2	1.263184	I:	D:
44121	44537	+	3	1.287335	I:	D:
44844	46166	+	3	1.307186	I:	D:
46179	46808	+	3	1.316095	I:	D:
46805	47575	+	2	1.296531	I:	D:
47591	48874	+	2	1.263806	I:	D:
48878	49645	+	2	1.294983	I:	D:
49769	49981	+	2	1.267260	I:	D:
50297	51397	+	2	1.250266	I:	D:
51401	52387	+	2	1.270650	I:	D:
52404	53516	+	3	1.272336	I:	D:
53542	54627	+	1	1.266576	I:	D:
54650	55888	+	2	1.301451	I:	D:
55931	56104	-	2	1.297239	I:	D:
55851	56816	+	3	1.275289	I:	D:
56809	57891	+	1	1.269020	I:	D:
57907	59316	+	1	1.298626	I:	D:
59320	60504	+	1	1.290929	I:	D:
60531	61523	+	3	1.290353	I:	D:
61544	62062	+	2	1.286350	I:	D:
62055	63221	+	3	1.289024	I:	D:
63460	63891	+	1	1.349639	I:	D:
63896	64060	+	2	1.256611	I:	D:
64480	66198	+	1	1.327609	I:	D:
66210	66434	+	3	1.247331	I:	D:
66525	67466	-	3	1.326633	I:	D:
67469	68323	-	2	1.297330	I:	D:
68411	69808	-	2	1.316424	I:	D:
69792	70604	-	3	1.310025	I:	D:
70750	71319	-	1	1.285588	I:	D:
71511	74255	+	3	1.307348	I:	D:
74411	75184	+	2	1.322919	I:	D:
75190	76248	+	1	1.322458	I:	D:
76253	77590	+	2	1.332057	I:	D:
77725	79563	+	1	1.324847	I:	D:
79583	80107	+	2	1.334935	I:	D:
80111	82267	+	2	1.301361	I:	D:
82288	83214	+	1	1.326657	I:	D:
83207	84298	+	2	1.287300	I:	D:
84312	85289	+	3	1.308451	I:	D:
85273	87933	+	1	1.293077	I:	D:
87949	88389	+	1	1.340665	I:	D:
88393	88866	+	1	1.261007	I:	D:
89110	90057	-	1	1.339076	I:	D:
90097	90402	+	1	1.321823	I:	D:
90426	90992	-	3	1.330815	I:	D:
91189	92046	+	1	1.316420	I:	D:
92129	93553	+	2	1.341740	I:	D:
93608	94666	-	2	1.304924	I:	D:
94845	95741	-	3	1.338286	I:	D:
95911	96768	+	1	1.350475	I:	D:
96780	97238	+	3	1.319926	I:	D:
97300	98541	-	1	1.299157	I:	D:
98557	100017	-	1	1.314493	I:	D:
100173	100328	+	3	1.292133	I:	D:
100511	101554	-	2	1.330269	I:	D:
101675	101920	-	2	1.333853	I:	D:
102201	106652	+	3	1.309009	I:	D:
106718	108910	-	2	1.326865	I:	D:
109091	109366	-	2	1.348876	I:	D:
109578	110408	-	3	1.311543	I:	D:
110579	113026	+	2	1.293261	I:	D:
113070	114395	-	3	1.324322	I:	D:
114536	115213	+	2	1.335802	I:	D:
115307	116623	+	2	1.302295	I:	D:
116782	116949	+	1	1.391733	I:	D:
117061	118401	+	1	1.326011	I:	D:
118443	119363	-	3	1.333302	I:	D:
119575	119943	-	1	1.330383	I:	D:
119979	121070	-	3	1.315877	I:	D:
121084	122619	-	1	1.309207	I:	D:
122697	123806	-	3	1.306281	I:	D:
124014	125003	-	3	1.297671	I:	D:
124993	126720	-	1	1.319300	I:	D:
126713	128296	-	2	1.309361	I:	D:
128796	129236	-	3	1.328529	I:	D:
129293	130060	-	2	1.313429	I:	D:
130286	131266	+	2	1.310769	I:	D:
131279	131419	+	2	1.254558	I:	D:
131432	133684	+	2	1.323378	I:	D:
133727	134653	+	2	1.287251	I:	D:
134979	135833	+	3	1.327919	I:	D:
135833	136756	+	2	1.307979	I:	D:
136746	137987	+	3	1.318030	I:	D:
138021	139475	+	3	1.318908	I:	D:
139522	140973	+	1	1.303495	I:	D:
140973	141602	+	3	1.311267	I:	D:
141648	142916	+	3	1.324775	I:	D:
142913	143548	+	2	1.335356	I:	D:
143549	144046	+	2	1.316059	I:	D:
144184	145659	+	1	1.317076	I:	D:
145746	146585	+	3	1.299643	I:	D:
146613	146831	+	3	1.412689	I:	D:
147260	148456	+	2	1.318193	I:	D:
148482	149291	+	3	1.306949	I:	D:
149362	150897	+	1	1.329471	I:	D:
150984	152723	-	3	1.334710	I:	D:
152723	153880	-	2	1.294188	I:	D:
153882	154391	-	3	1.321218	I:	D:
154395	155564	-	3	1.298002	I:	D:
155616	163628	-	3	1.324855	I:	D:
163804	163968	-	1	1.257321	I:	D:
164127	164390	+	3	1.298825	I:	D:
164387	170941	+	2	1.312451	I:	D:
171272	172345	+	2	1.317737	I:	D:
172364	175843	+	2	1.298470	I:	D:
176242	179085	+	1	1.331377	I:	D:
179088	179432	+	3	1.329856	I:	D:
179494	180543	+	1	1.325189	I:	D:
181023	181292	+	3	1.396343	I:	D:
181363	181749	-	1	1.305532	I:	D:
181756	183027	-	1	1.310534	I:	D:
183291	184325	+	3	1.319893	I:	D:
184388	185107	-	2	1.306926	I:	D:
185104	185922	-	1	1.304393	I:	D:
186026	187201	+	2	1.337403	I:	D:
187248	188018	+	3	1.324414	I:	D:
188030	188326	-	2	1.380777	I:	D:
188571	188954	+	3	1.315469	I:	D:
188962	191490	+	1	1.321026	I:	D:
191586	191789	-	3	1.332791	I:	D:
191814	191999	-	3	1.267677	I:	D:
192023	193057	-	2	1.307049	I:	D:
193117	193929	-	1	1.304429	I:	D:
193929	194828	-	3	1.314667	I:	D:
194947	195969	-	1	1.320250	I:	D:
196612	197049	+	1	1.310407	I:	D:
197493	199796	-	3	1.332624	I:	D:
199796	201124	-	2	1.321166	I:	D:
201146	202546	-	2	1.348743	I:	D:
202670	202840	+	2	1.378025	I:	D:
203261	203848	+	2	1.317848	I:	D:
203937	204758	+	3	1.320745	I:	D:
204780	205277	+	3	1.335853	I:	D:
205293	205883	+	3	1.286699	I:	D:
205890	207203	+	3	1.286033	I:	D:
207319	208173	+	1	1.326192	I:	D:
208253	209194	+	2	1.310086	I:	D:
>YB4_2811
331	2766	-	1	1.314595	I:	D:
2741	3634	-	2	1.297134	I:	D:
3627	4004	-	3	1.354949	I:	D:
4171	4449	-	1	1.300022	I:	D:
4704	5081	-	3	1.278081	I:	D:
5122	5271	-	1	1.261965	I:	D:
5275	5760	-	1	1.304680	I:	D:
5753	6268	-	2	1.311588	I:	D:
6442	6663	-	1	1.256719	I:	D:
6787	7425	-	1	1.347797	I:	D:
7432	8628	-	1	1.319666	I:	D:
8632	10158	-	1	1.349430	I:	D:
10260	11984	+	3	1.327712	I:	D:
12133	12450	+	1	1.278270	I:	D:
12578	12922	-	2	1.316241	I:	D:
13054	14484	-	1	1.296930	I:	D:
14632	14778	+	1	1.287523	I:	D:
14859	15509	-	3	1.268975	I:	D:
16413	19001	-	3	1.291398	I:	D:
19004	20698	-	2	1.280942	I:	D:
21028	21900	-	1	1.316635	I:	D:
22803	22997	+	3	1.283950	I:	D:
23065	24240	+	1	1.339543	I:	D:
24448	25680	-	1	1.311442	I:	D:
25789	27903	-	1	1.237206	I:	D:
28089	28217	+	3	1.341957	I:	D:
28576	28722	+	1	1.310129	I:	D:
29050	29523	-	1	1.331051	I:	D:
29541	30398	-	3	1.309291	I:	D:
30382	31368	-	1	1.326366	I:	D:
31371	32645	-	3	1.317695	I:	D:
32645	33919	-	2	1.312277	I:	D:
34016	34273	-	2	1.266096	I:	D:
34274	34672	-	2	1.306898	I:	D:
34674	34901	-	3	1.294677	I:	D:
34970	35437	+	2	1.359663	I:	D:
35554	36093	+	1	1.333761	I:	D:
36218	36670	-	2	1.299424	I:	D:
36972	38489	+	3	1.338676	I:	D:
38583	38894	-	3	1.283287	I:	D:
38898	39770	-	3	1.318701	I:	D:
39969	40724	+	3	1.328448	I:	D:
40743	41888	+	3	1.319266	I:	D:
42254	42400	-	2	1.325834	I:	D:
42569	43594	-	2	1.302230	I:	D:
44093	44428	+	2	1.247812	I:	D:
44458	44757	+	1	1.259988	I:	D:
44858	45049	+	2	1.325441	I:	D:
45055	45540	+	1	1.353538	I:	D:
45634	46071	+	1	1.286788	I:	D:
46091	46306	+	2	1.332488	I:	D:
46341	46907	-	3	1.359816	I:	D:
>YB4_3617
175	702	-	1	1.315241	I:	D:
1266	2384	+	3	1.271673	I:	D:
2402	3043	+	2	1.303184	I:	D:
3064	3678	+	1	1.274419	I:	D:
4078	4587	+	1	1.274434	I:	D:
4577	5308	+	2	1.326903	I:	D:
5493	5756	+	3	1.259613	I:	D:
6155	7372	+	2	1.300529	I:	D:
7702	9522	+	1	1.312102	I:	D:
9632	10174	+	2	1.348208	I:	D:
10176	10667	+	3	1.291064	I:	D:
10660	11220	+	1	1.281337	I:	D:
11327	12724	-	2	1.329683	I:	D:
12871	13506	+	1	1.272905	I:	D:
14034	14489	+	3	1.330468	I:	D:
14489	15400	+	2	1.322965	I:	D:
15444	15992	+	3	1.313172	I:	D:
16095	18305	+	3	1.317233	I:	D:
18324	19763	+	3	1.303587	I:	D:
19767	21188	+	3	1.283151	I:	D:
21189	22241	+	3	1.333966	I:	D:
22274	23449	+	2	1.325404	I:	D:
23459	24589	+	2	1.306672	I:	D:
24642	25940	+	3	1.338986	I:	D:
25894	26850	+	1	1.304877	I:	D:
27069	28214	+	3	1.304022	I:	D:
28532	31840	-	2	1.321134	I:	D:
31856	32110	-	2	1.268664	I:	D:
32131	33213	-	1	1.312293	I:	D:
33191	33637	-	2	1.299286	I:	D:
33683	34417	+	2	1.343550	I:	D:
34548	35948	+	3	1.313271	I:	D:
36051	36476	-	3	1.316992	I:	D:
36607	36819	+	1	1.277013	I:	D:
36850	37071	+	1	1.289739	I:	D:
37182	39371	+	3	1.313905	I:	D:
39404	39574	+	2	1.289812	I:	D:
39659	40342	+	2	1.271320	I:	D:
40436	41392	-	2	1.318111	I:	D:
41522	42688	+	2	1.286273	I:	D:
42774	43793	+	3	1.319419	I:	D:
>YB4_4594
224	832	-	2	1.314181	I:	D:
1042	1239	+	1	1.264080	I:	D:
1242	2333	+	3	1.292764	I:	D:
2317	2649	+	1	1.251883	I:	D:
3112	4491	+	1	1.309753	I:	D:
4502	4879	+	2	1.278145	I:	D:
5023	5229	+	1	1.267599	I:	D:
5300	6361	+	2	1.278213	I:	D:
6367	7287	+	1	1.282304	I:	D:
7302	9398	+	3	1.254798	I:	D:
9771	12341	+	3	1.218044	I:	D:
12875	14023	-	2	1.303811	I:	D:
14020	14694	-	1	1.303634	I:	D:
14826	14990	+	3	1.336410	I:	D:
14983	15936	+	1	1.335853	I:	D:
15942	16904	+	3	1.239378	I:	D:
16970	17131	+	2	1.306841	I:	D:
17144	17863	-	2	1.291334	I:	D:
17860	18264	-	1	1.270395	I:	D:
18473	19249	+	2	1.302056	I:	D:
19608	19754	+	3	1.335134	I:	D:
19780	21501	+	1	1.323220	I:	D:
21606	23798	-	3	1.357427	I:	D:
23816	25108	-	2	1.321557	I:	D:
25719	26858	+	3	1.327230	I:	D:
26855	29617	+	2	1.287065	I:	D:
29653	31008	-	1	1.290999	I:	D:
31046	31747	-	2	1.286613	I:	D:
32004	33353	-	3	1.339343	I:	D:
33363	35954	-	3	1.325524	I:	D:
36023	36712	-	2	1.384599	I:	D:
36871	37770	-	1	1.355235	I:	D:
37767	38429	-	3	1.342192	I:	D:
38571	39239	-	3	1.342560	I:	D:
39377	39892	+	2	1.258739	I:	D:
39898	40842	+	1	1.314723	I:	D:
40839	41291	+	3	1.263901	I:	D:
>YB4_6565
2	226	-	2	1.450339	I:	D:
336	1412	+	3	1.323833	I:	D:
1412	5443	+	2	1.323088	I:	D:
5498	5734	-	2	1.298503	I:	D:
5848	6528	+	1	1.272463	I:	D:
6655	8700	-	1	1.309414	I:	D:
8690	9349	-	2	1.293036	I:	D:
9351	10019	-	3	1.319259	I:	D:
10114	10248	+	1	1.358768	I:	D:
10299	11522	-	3	1.299078	I:	D:
11525	13414	-	2	1.294501	I:	D:
13508	14494	+	2	1.289921	I:	D:
14543	14776	+	2	1.315474	I:	D:
14976	15962	-	3	1.271230	I:	D:
15967	16467	-	1	1.290084	I:	D:
16564	18447	-	1	1.298512	I:	D:
18582	19559	+	3	1.320993	I:	D:
19556	20818	+	2	1.312864	I:	D:
20891	21088	-	2	1.297824	I:	D:
21103	22257	-	1	1.315796	I:	D:
22468	22878	-	1	1.285077	I:	D:
22875	23801	-	3	1.316067	I:	D:
23820	24476	-	3	1.289857	I:	D:
24487	25185	-	1	1.314544	I:	D:
25185	26096	-	3	1.323555	I:	D:
26090	26818	-	2	1.333555	I:	D:
26825	30010	-	2	1.312143	I:	D:
30012	31100	-	3	1.316896	I:	D:
31087	32433	-	1	1.319663	I:	D:
32518	33858	+	1	1.292568	I:	D:
33851	34834	+	2	1.333307	I:	D:
34952	35320	+	2	1.331648	I:	D:
35328	35486	+	3	1.236368	I:	D:
35739	36092	-	3	1.317442	I:	D:
36147	36344	-	3	1.340212	I:	D:
36364	36891	-	1	1.286947	I:	D:
>YB4_6610
309	545	-	3	1.309437	I:	D:
535	1659	-	1	1.303563	I:	D:
1723	2553	-	1	1.332923	I:	D:
2712	2966	+	3	1.306312	I:	D:
3553	3957	-	1	1.325272	I:	D:
3970	5352	-	1	1.341955	I:	D:
5494	7128	+	1	1.323611	I:	D:
7131	8516	+	3	1.340292	I:	D:
8631	10046	-	3	1.347952	I:	D:
10059	11750	-	3	1.319113	I:	D:
11765	12199	-	2	1.292807	I:	D:
12202	13290	-	1	1.322022	I:	D:
13494	14363	+	3	1.308128	I:	D:
14376	14999	+	3	1.315886	I:	D:
15010	15825	+	1	1.324592	I:	D:
16307	17710	+	2	1.321365	I:	D:
18083	19507	+	2	1.337761	I:	D:
19531	20889	+	1	1.324823	I:	D:
20998	21723	-	1	1.324772	I:	D:
21775	23391	-	1	1.322086	I:	D:
23457	24308	-	3	1.326380	I:	D:
24313	25383	-	1	1.338687	I:	D:
25477	26517	-	1	1.323288	I:	D:
26628	28169	-	3	1.316532	I:	D:
28367	29269	+	2	1.344019	I:	D:
29285	29761	+	2	1.311240	I:	D:
29891	30349	-	2	1.290326	I:	D:
30395	30793	-	2	1.319861	I:	D:
30829	31413	-	1	1.320231	I:	D:
31569	31982	-	3	1.305705	I:	D:
32043	32489	-	3	1.268877	I:	D:
32654	32881	-	2	1.292266	I:	D:
32992	33618	-	1	1.273437	I:	D:
33611	34144	-	2	1.271460	I:	D:
34315	34608	-	1	1.270876	I:	D:
34945	36153	-	1	1.323568	I:	D:
36238	36948	-	1	1.306631	I:	D:
36973	37143	-	1	1.326803	I:	D:
>YB4_8657
216	1961	+	3	1.314460	I:	D:
2102	2278	+	2	1.310168	I:	D:
2347	2784	+	1	1.314122	I:	D:
2834	3391	+	2	1.321852	I:	D:
3467	3880	+	2	1.320786	I:	D:
3903	4385	+	3	1.284561	I:	D:
4751	5746	-	2	1.317162	I:	D:
5899	6594	+	1	1.320169	I:	D:
6607	8343	+	1	1.296326	I:	D:
8330	9757	+	2	1.327321	I:	D:
9767	10210	+	2	1.314675	I:	D:
10293	10529	-	3	1.408490	I:	D:
10651	12144	-	1	1.330862	I:	D:
12144	13106	-	3	1.319508	I:	D:
13172	13681	-	2	1.305966	I:	D:
13833	14183	-	3	1.315504	I:	D:
14351	14551	+	2	1.318652	I:	D:
14551	14790	+	1	1.382714	I:	D:
15030	16100	-	3	1.305604	I:	D:
16166	16609	-	2	1.334066	I:	D:
16698	17591	-	3	1.334066	I:	D:
17588	18367	-	2	1.297353	I:	D:
18372	19625	-	3	1.307553	I:	D:
19768	20781	-	1	1.297724	I:	D:
20886	21683	-	3	1.318756	I:	D:
21728	22738	-	2	1.314406	I:	D:
22742	23635	-	2	1.319582	I:	D:
23701	24978	-	1	1.325907	I:	D:
24991	25755	-	1	1.326842	I:	D:
25975	27066	+	1	1.332755	I:	D:
27177	28874	-	3	1.316403	I:	D:
28898	29950	+	2	1.307304	I:	D:
29953	30894	+	1	1.310292	I:	D:
30999	32525	-	3	1.313297	I:	D:
32634	32846	+	3	1.375518	I:	D:
>YB4_8766
205	336	+	1	1.386191	I:	D:
369	920	-	3	1.286557	I:	D:
1185	2225	+	3	1.326725	I:	D:
2288	2695	-	2	1.361001	I:	D:
2763	3299	-	3	1.299292	I:	D:
3466	4902	-	1	1.289891	I:	D:
4981	5130	-	1	1.305504	I:	D:
5313	6974	-	3	1.326230	I:	D:
7294	7902	+	1	1.305661	I:	D:
7959	9272	-	3	1.326208	I:	D:
9285	15827	-	3	1.320807	I:	D:
16125	17303	-	3	1.335896	I:	D:
17568	21320	+	3	1.324495	I:	D:
21349	22557	+	1	1.326839	I:	D:
22733	24001	+	2	1.345470	I:	D:
24021	24344	+	3	1.290535	I:	D:
24490	25182	+	1	1.313774	I:	D:
25459	27828	-	1	1.314641	I:	D:
27815	28555	-	2	1.317924	I:	D:
28755	29366	+	3	1.336747	I:	D:
29363	30913	+	2	1.314848	I:	D:
30906	31592	+	3	1.328777	I:	D:
31719	31970	-	3	1.259348	I:	D:
32020	32403	-	1	1.274791	I:	D:
>YB4_8939
271	1737	+	1	1.320681	I:	D:
1742	2512	+	2	1.315846	I:	D:
2514	3173	+	3	1.331550	I:	D:
3306	3491	+	3	1.377415	I:	D:
3536	4168	-	2	1.296052	I:	D:
4249	5928	-	1	1.323376	I:	D:
5932	8619	-	1	1.318056	I:	D:
8802	9563	+	3	1.285650	I:	D:
9563	10393	+	2	1.323284	I:	D:
10411	11124	+	1	1.310753	I:	D:
11243	12604	+	2	1.310519	I:	D:
12634	12900	+	1	1.255123	I:	D:
12903	13997	+	3	1.276337	I:	D:
14022	15842	+	3	1.309332	I:	D:
15943	16518	-	1	1.265084	I:	D:
16614	17525	+	3	1.306896	I:	D:
17580	19475	+	3	1.325347	I:	D:
19498	20244	+	1	1.269558	I:	D:
20396	23920	+	2	1.324234	I:	D:
24140	24568	+	2	1.325288	I:	D:
24586	24984	+	1	1.335777	I:	D:
25153	25485	+	1	1.348434	I:	D:
25472	26116	+	2	1.294576	I:	D:
26126	26413	+	2	1.250296	I:	D:
26672	27538	+	2	1.298412	I:	D:
27531	28088	+	3	1.344036	I:	D:
28081	30387	+	1	1.312872	I:	D:
30387	30779	+	3	1.317905	I:	D:
30932	31147	-	2	1.281060	I:	D:
31313	31528	-	2	1.291233	I:	D:
31589	31888	+	2	1.272957	I:	D:
31892	32056	+	2	1.345511	I:	D:
32314	32532	-	1	1.361615	I:	D:
>YB4_10677
2	175	+	2	1.349157	I:	D:
207	1211	+	3	1.300830	I:	D:
1223	2197	+	2	1.319156	I:	D:
2210	2839	+	2	1.296622	I:	D:
2909	3082	-	2	1.333569	I:	D:
3303	5849	-	3	1.306175	I:	D:
6366	7223	-	3	1.307556	I:	D:
7195	8520	-	1	1.322040	I:	D:
8739	9305	+	3	1.285871	I:	D:
9318	10691	+	3	1.320680	I:	D:
10809	10976	+	3	1.280373	I:	D:
11022	12317	+	3	1.317819	I:	D:
12418	13206	+	1	1.349426	I:	D:
13263	13682	+	3	1.325424	I:	D:
13683	14072	+	3	1.349291	I:	D:
14359	14712	+	1	1.427054	I:	D:
14738	15103	-	2	1.315159	I:	D:
15271	16014	-	1	1.314758	I:	D:
16069	18666	-	1	1.308313	I:	D:
19010	21733	+	2	1.306969	I:	D:
21890	22078	+	2	1.331388	I:	D:
22329	22538	+	3	1.310933	I:	D:
22896	25475	+	3	1.320672	I:	D:
25705	25944	-	1	1.353465	I:	D:
25960	26391	-	1	1.307134	I:	D:
26407	26697	-	1	1.280834	I:	D:
26808	28157	-	3	1.305580	I:	D:
28161	29726	-	3	1.319082	I:	D:
29731	31338	-	1	1.323532	I:	D:
31512	32159	+	3	1.288536	I:	D:
32180	33583	+	2	1.312162	I:	D:
33604	34167	+	1	1.274707	I:	D:
34194	35582	+	3	1.307217	I:	D:
35640	36518	-	3	1.323974	I:	D:
36600	36878	-	3	1.238864	I:	D:
36982	37917	-	1	1.300949	I:	D:
37936	38598	-	1	1.328392	I:	D:
38576	39391	-	2	1.328387	I:	D:
39398	40306	-	2	1.315186	I:	D:
40303	41241	-	1	1.335406	I:	D:
41231	41578	-	2	1.310341	I:	D:
41581	43971	-	1	1.298958	I:	D:
44006	44317	-	2	1.310102	I:	D:
44310	44576	-	3	1.318341	I:	D:
44611	45681	-	1	1.301980	I:	D:
45701	46195	-	2	1.309549	I:	D:
46315	48402	-	1	1.342126	I:	D:
48520	50982	-	1	1.307672	I:	D:
51009	51788	-	3	1.323897	I:	D:
51868	52902	+	1	1.301821	I:	D:
52926	54590	+	3	1.309098	I:	D:
54677	55114	+	2	1.328855	I:	D:
55655	55957	-	2	1.343273	I:	D:
55997	57178	-	2	1.282895	I:	D:
57213	57515	-	3	1.260651	I:	D:
57635	58579	-	2	1.310631	I:	D:
58757	59425	-	2	1.313927	I:	D:
59493	60083	-	3	1.265554	I:	D:
60137	60508	-	2	1.254607	I:	D:
60526	60762	-	1	1.308233	I:	D:
60967	61557	+	1	1.227072	I:	D:
61613	61906	-	2	1.258824	I:	D:
61986	64265	+	3	1.258599	I:	D:
64279	65325	+	1	1.253481	I:	D:
65341	65805	+	1	1.256685	I:	D:
66062	66280	+	2	1.213055	I:	D:
66375	67304	-	3	1.249592	I:	D:
67436	67675	-	2	1.345201	I:	D:
67841	68230	-	2	1.328941	I:	D:
68314	68787	-	1	1.240403	I:	D:
68867	69937	-	2	1.300907	I:	D:
69990	70196	-	3	1.325095	I:	D:
70202	70555	-	2	1.324564	I:	D:
70545	71489	-	3	1.311274	I:	D:
71486	72001	-	2	1.306553	I:	D:
72080	72487	-	2	1.282413	I:	D:
72477	72833	-	3	1.319031	I:	D:
72835	73191	-	1	1.326017	I:	D:
73206	74195	-	3	1.305378	I:	D:
74215	75174	-	1	1.306712	I:	D:
75171	76298	-	3	1.325574	I:	D:
76301	77560	-	2	1.355764	I:	D:
77553	77888	-	3	1.344952	I:	D:
78146	78892	-	2	1.303916	I:	D:
79018	79188	-	1	1.401075	I:	D:
79297	79740	+	1	1.324443	I:	D:
79879	82206	+	1	1.317329	I:	D:
82220	83737	+	2	1.321494	I:	D:
83730	84071	+	3	1.290674	I:	D:
84140	87616	-	2	1.325438	I:	D:
87687	88289	-	3	1.302534	I:	D:
88374	89804	-	3	1.328249	I:	D:
89999	93055	-	2	1.333571	I:	D:
93078	93695	-	3	1.338030	I:	D:
93922	94548	+	1	1.291649	I:	D:
94658	97408	+	2	1.315742	I:	D:
97502	98227	-	2	1.292302	I:	D:
98461	98997	-	1	1.284664	I:	D:
99286	100314	+	1	1.332963	I:	D:
100318	100860	+	1	1.274203	I:	D:
100888	102741	+	1	1.303024	I:	D:
102795	102938	-	3	1.392717	I:	D:
102968	104125	+	2	1.332887	I:	D:
104238	104498	+	3	1.286380	I:	D:
104592	105266	-	3	1.313723	I:	D:
105274	107484	-	1	1.331163	I:	D:
107501	109246	-	2	1.332707	I:	D:
109876	110694	-	1	1.310378	I:	D:
110757	111026	-	3	1.237581	I:	D:
111035	112297	+	2	1.305813	I:	D:
112383	112520	+	3	1.337818	I:	D:
112525	113871	+	1	1.313361	I:	D:
114207	114599	+	3	1.279192	I:	D:
114620	115171	+	2	1.319323	I:	D:
115196	115615	+	2	1.302481	I:	D:
115654	116844	-	1	1.331239	I:	D:
116831	117367	-	2	1.327240	I:	D:
117426	119624	-	3	1.320563	I:	D:
119903	120661	-	2	1.277048	I:	D:
120654	121325	-	3	1.299181	I:	D:
121561	122328	+	1	1.330503	I:	D:
122345	123610	+	2	1.332905	I:	D:
123607	124995	+	1	1.351102	I:	D:
125020	126318	+	1	1.331515	I:	D:
126357	126824	+	3	1.325289	I:	D:
126834	127541	+	3	1.304702	I:	D:
127605	127733	-	3	1.273763	I:	D:
127764	128849	+	3	1.314150	I:	D:
129017	131602	-	2	1.298676	I:	D:
131599	132282	-	1	1.323441	I:	D:
132456	135119	-	3	1.311640	I:	D:
135043	135297	+	1	1.363957	I:	D:
135416	136408	-	2	1.283205	I:	D:
136405	137088	-	1	1.291441	I:	D:
137214	137528	+	3	1.402837	I:	D:
137590	139221	-	1	1.315430	I:	D:
139345	140634	+	1	1.344460	I:	D:
140656	141429	+	1	1.329134	I:	D:
141685	141987	+	1	1.293990	I:	D:
141989	142888	+	2	1.297474	I:	D:
142957	143661	+	1	1.315745	I:	D:
143648	144370	+	2	1.314333	I:	D:
144846	146183	-	3	1.305612	I:	D:
146455	148692	-	1	1.324193	I:	D:
148787	149995	-	2	1.310120	I:	D:
150009	150428	-	3	1.315622	I:	D:
150592	150726	+	1	1.231073	I:	D:
150788	153685	-	2	1.317448	I:	D:
153876	154640	-	3	1.289330	I:	D:
154674	155525	-	3	1.313859	I:	D:
155522	156181	-	2	1.296651	I:	D:
156196	157857	-	1	1.336823	I:	D:
158168	159250	-	2	1.327538	I:	D:
159460	160524	-	1	1.326748	I:	D:
160556	161599	-	2	1.302419	I:	D:
161599	162270	-	1	1.291591	I:	D:
162288	163244	-	3	1.305256	I:	D:
>YB4_11209
692	1576	+	2	1.276113	I:	D:
1673	1903	-	2	1.339670	I:	D:
1926	2762	-	3	1.320329	I:	D:
2775	3758	-	3	1.327329	I:	D:
3762	4085	-	3	1.272389	I:	D:
4270	5115	-	1	1.312207	I:	D:
5138	6505	-	2	1.324888	I:	D:
6617	6766	+	2	1.293142	I:	D:
6770	7897	-	2	1.278159	I:	D:
7881	8930	-	3	1.323370	I:	D:
8905	10356	-	1	1.336827	I:	D:
10412	11089	+	2	1.300480	I:	D:
11086	11463	+	1	1.285875	I:	D:
11556	11714	+	3	1.396813	I:	D:
11871	12065	-	3	1.294474	I:	D:
12196	14553	+	1	1.328726	I:	D:
14635	14904	+	1	1.304926	I:	D:
14904	15548	+	3	1.291560	I:	D:
16136	16864	+	2	1.249895	I:	D:
17137	17871	-	1	1.311722	I:	D:
17868	19130	-	3	1.303814	I:	D:
19314	19496	+	3	1.299040	I:	D:
19581	21083	-	3	1.320852	I:	D:
21083	22186	-	2	1.340258	I:	D:
22510	24267	-	1	1.313434	I:	D:
24281	24427	-	2	1.304148	I:	D:
24448	25974	-	1	1.316411	I:	D:
26010	27215	-	3	1.305956	I:	D:
27298	28299	+	1	1.314837	I:	D:
28346	31738	-	2	1.315586	I:	D:
31987	33384	-	1	1.313051	I:	D:
33397	33792	-	1	1.317003	I:	D:
33807	35177	-	3	1.309806	I:	D:
35377	36306	-	1	1.305317	I:	D:
36346	37632	-	1	1.317475	I:	D:
37716	37865	-	3	1.279627	I:	D:
38007	39020	-	3	1.319078	I:	D:
39034	40221	-	1	1.328726	I:	D:
40248	41360	-	3	1.295688	I:	D:
41379	42710	-	3	1.305958	I:	D:
42817	43560	+	1	1.299474	I:	D:
43596	44936	-	3	1.291175	I:	D:
44998	45381	+	1	1.353120	I:	D:
45514	45891	-	1	1.271007	I:	D:
45944	46528	-	2	1.301620	I:	D:
46766	47473	-	2	1.305563	I:	D:
47524	47949	-	1	1.323243	I:	D:
48080	48607	-	2	1.296202	I:	D:
48653	49039	-	2	1.292968	I:	D:
49419	50543	+	3	1.330597	I:	D:
50530	52125	+	1	1.334927	I:	D:
52155	52823	+	3	1.336695	I:	D:
52957	53313	+	1	1.303505	I:	D:
53325	55460	+	3	1.297653	I:	D:
55526	55915	-	2	1.281154	I:	D:
55912	58845	-	1	1.308602	I:	D:
58858	59100	-	1	1.278919	I:	D:
59115	60767	-	3	1.291483	I:	D:
61054	62169	-	1	1.328876	I:	D:
62230	62568	-	1	1.294752	I:	D:
62781	62948	+	3	1.303210	I:	D:
62958	63230	-	3	1.353474	I:	D:
63297	63536	-	3	1.305229	I:	D:
63592	63864	-	1	1.285091	I:	D:
63866	64756	-	2	1.290540	I:	D:
64779	66461	-	3	1.324568	I:	D:
66493	66966	-	1	1.236408	I:	D:
67036	68463	-	1	1.319189	I:	D:
68467	69087	-	1	1.329676	I:	D:
69087	69539	-	3	1.305657	I:	D:
69543	71771	-	3	1.319980	I:	D:
71772	73793	-	3	1.308259	I:	D:
73793	74116	-	2	1.302453	I:	D:
74119	74454	-	1	1.344992	I:	D:
74447	75163	-	2	1.294241	I:	D:
75165	75743	-	3	1.307306	I:	D:
75762	77045	-	3	1.305633	I:	D:
77065	78678	-	1	1.304986	I:	D:
78793	82635	-	1	1.322340	I:	D:
82635	83693	-	3	1.315520	I:	D:
83706	84746	-	3	1.330541	I:	D:
84743	85888	-	2	1.304151	I:	D:
85925	86797	-	2	1.313061	I:	D:
86895	87614	-	3	1.329558	I:	D:
87681	88235	-	3	1.294276	I:	D:
88320	89027	-	3	1.321793	I:	D:
89201	91759	-	2	1.357603	I:	D:
91921	93129	-	1	1.327067	I:	D:
93195	94619	+	3	1.342128	I:	D:
94657	95406	-	1	1.305639	I:	D:
95567	97054	+	2	1.313323	I:	D:
97055	97816	+	2	1.294245	I:	D:
97936	98322	-	1	1.313131	I:	D:
98326	98820	-	1	1.299459	I:	D:
99085	99330	+	1	1.331242	I:	D:
99675	101222	-	3	1.255004	I:	D:
101234	101893	-	2	1.199342	I:	D:
101962	102132	-	1	1.284842	I:	D:
102578	103573	-	2	1.247544	I:	D:
103811	105016	-	2	1.274945	I:	D:
105103	105291	-	1	1.263786	I:	D:
105447	105821	-	3	1.288629	I:	D:
106256	106837	-	2	1.268606	I:	D:
106919	108001	-	2	1.242155	I:	D:
108034	109341	-	1	1.244812	I:	D:
109331	110422	-	2	1.266476	I:	D:
110425	111294	-	1	1.264178	I:	D:
111291	112208	-	3	1.227737	I:	D:
112213	113283	-	1	1.252943	I:	D:
113286	113891	-	3	1.252190	I:	D:
113892	114857	-	3	1.216095	I:	D:
114938	115513	-	2	1.235484	I:	D:
115526	115696	+	2	1.250825	I:	D:
115907	116230	+	2	1.255581	I:	D:
116287	117006	+	1	1.229782	I:	D:
117003	117542	+	3	1.256114	I:	D:
117524	118303	+	2	1.249325	I:	D:
118383	120110	-	3	1.309155	I:	D:
120123	120848	-	3	1.305729	I:	D:
120884	123193	-	2	1.325800	I:	D:
123198	123569	-	3	1.357981	I:	D:
123587	124423	-	2	1.321715	I:	D:
124532	125188	+	2	1.246970	I:	D:
125200	125538	-	1	1.329454	I:	D:
125522	127360	-	2	1.316660	I:	D:
127543	128421	-	1	1.326477	I:	D:
128425	129246	-	1	1.293776	I:	D:
129230	130642	-	2	1.324867	I:	D:
130633	130971	-	1	1.272419	I:	D:
130953	131117	-	3	1.285389	I:	D:
131207	131470	+	2	1.316452	I:	D:
131470	131808	+	1	1.254259	I:	D:
132129	133154	-	3	1.318105	I:	D:
133157	133519	-	2	1.273284	I:	D:
133590	134747	-	3	1.231248	I:	D:
134747	135118	-	2	1.213246	I:	D:
135198	136817	-	3	1.328410	I:	D:
136891	137079	-	1	1.286701	I:	D:
137203	138468	-	1	1.333846	I:	D:
138649	139137	-	1	1.322453	I:	D:
139134	139664	-	3	1.337179	I:	D:
140273	141727	-	2	1.222711	I:	D:
141727	142155	-	1	1.204681	I:	D:
142179	142418	-	3	1.192467	I:	D:
142603	142980	-	1	1.320176	I:	D:
142905	145025	-	3	1.343256	I:	D:
145256	145492	-	2	1.295756	I:	D:
145913	147304	+	2	1.369979	I:	D:
147301	147480	+	1	1.318381	I:	D:
147716	147844	+	2	1.373256	I:	D:
148014	148838	+	3	1.348676	I:	D:
148795	149733	+	1	1.364439	I:	D:
150018	154268	+	3	1.320090	I:	D:
154430	154726	+	2	1.390457	I:	D:
154739	154999	+	2	1.294288	I:	D:
154980	155279	+	3	1.357501	I:	D:
155295	156407	+	3	1.332069	I:	D:
>YB4_11422
2	154	+	2	1.396456	I:	D:
219	2003	-	3	1.342488	I:	D:
2023	3252	-	1	1.314446	I:	D:
3432	3872	-	3	1.305898	I:	D:
3875	4585	-	2	1.332528	I:	D:
4728	5576	+	3	1.331514	I:	D:
5690	7108	-	2	1.322299	I:	D:
7126	8244	-	1	1.315318	I:	D:
8248	9456	-	1	1.331552	I:	D:
9469	11580	-	1	1.310122	I:	D:
11849	12430	+	2	1.348433	I:	D:
12442	13338	+	1	1.319838	I:	D:
13370	14587	+	2	1.315726	I:	D:
14675	15385	+	2	1.305173	I:	D:
15385	16818	+	1	1.316104	I:	D:
17058	17555	+	3	1.292847	I:	D:
17552	19690	+	2	1.318773	I:	D:
19829	20368	+	2	1.311744	I:	D:
20648	21463	+	2	1.306716	I:	D:
21496	22863	+	1	1.302837	I:	D:
23062	24960	-	1	1.316540	I:	D:
25071	25226	-	3	1.324568	I:	D:
>YB4_11682
2	145	-	2	1.367528	I:	D:
289	1146	+	1	1.306945	I:	D:
1282	2130	+	1	1.347581	I:	D:
2130	3050	+	3	1.303243	I:	D:
3047	3520	+	2	1.323950	I:	D:
3854	4399	+	2	1.308919	I:	D:
4564	5751	+	1	1.288848	I:	D:
5818	6957	+	1	1.300350	I:	D:
7007	7570	-	2	1.310229	I:	D:
7688	8266	+	2	1.332682	I:	D:
8362	9033	+	1	1.298411	I:	D:
9074	11050	+	2	1.326643	I:	D:
11120	14857	-	2	1.309316	I:	D:
15095	15742	+	2	1.301687	I:	D:
15745	16902	+	1	1.340319	I:	D:
16915	17301	+	1	1.302868	I:	D:
17317	18615	+	1	1.298123	I:	D:
18633	20249	+	3	1.333152	I:	D:
20260	21180	+	1	1.329684	I:	D:
21247	22023	+	1	1.300563	I:	D:
>YB4_12384
229	666	-	1	1.317662	I:	D:
653	1723	-	2	1.304370	I:	D:
1832	3628	-	2	1.327340	I:	D:
3639	4439	-	3	1.313374	I:	D:
4625	5836	-	2	1.331331	I:	D:
5961	6392	+	3	1.301929	I:	D:
6405	7622	+	3	1.299796	I:	D:
7644	8864	+	3	1.308900	I:	D:
9239	10012	+	2	1.345532	I:	D:
10015	11505	+	1	1.318838	I:	D:
11526	11882	+	3	1.306501	I:	D:
11905	13566	+	1	1.309458	I:	D:
13570	15588	+	1	1.325699	I:	D:
15634	16659	-	1	1.352922	I:	D:
>YB4_12609
93	428	-	3	1.314254	I:	D:
450	1928	-	3	1.342084	I:	D:
1980	2834	-	3	1.293386	I:	D:
2831	5176	-	2	1.320911	I:	D:
5192	5449	-	2	1.329593	I:	D:
5636	6691	+	2	1.299249	I:	D:
6695	8548	+	2	1.330950	I:	D:
8569	9468	+	1	1.298462	I:	D:
9528	10085	-	3	1.304301	I:	D:
10088	11218	-	2	1.285807	I:	D:
11228	12664	-	2	1.271152	I:	D:
12687	13940	-	3	1.293863	I:	D:
13968	14930	-	3	1.292120	I:	D:
14927	16018	-	2	1.298357	I:	D:
16034	17200	-	2	1.333118	I:	D:
17214	17906	-	3	1.318904	I:	D:
17899	19107	-	1	1.292224	I:	D:
19123	20241	-	1	1.299474	I:	D:
20271	21731	-	3	1.318310	I:	D:
21759	22535	-	3	1.338575	I:	D:
22539	23312	-	3	1.312278	I:	D:
23507	23797	-	2	1.339060	I:	D:
23885	25447	-	2	1.294745	I:	D:
25758	25892	+	3	1.413599	I:	D:
25987	27951	+	1	1.304618	I:	D:
28004	28372	+	2	1.319703	I:	D:
28508	29122	+	2	1.319862	I:	D:
29260	29844	+	1	1.304159	I:	D:
29958	30848	+	3	1.350581	I:	D:
30910	31053	-	1	1.282270	I:	D:
31188	33239	+	3	1.315224	I:	D:
33326	34003	-	2	1.299679	I:	D:
34102	35472	+	1	1.311769	I:	D:
35656	36198	-	1	1.298936	I:	D:
36347	37387	+	2	1.294053	I:	D:
37516	38202	+	1	1.304881	I:	D:
38212	39114	+	1	1.317212	I:	D:
39118	39723	+	1	1.296526	I:	D:
39787	41202	-	1	1.326946	I:	D:
41199	42659	-	3	1.318301	I:	D:
42660	42947	-	3	1.319646	I:	D:
43024	44775	-	1	1.315547	I:	D:
45143	47119	+	2	1.298512	I:	D:
47193	48422	+	3	1.320923	I:	D:
48444	48941	+	3	1.297786	I:	D:
49086	50126	+	3	1.314851	I:	D:
50123	50752	+	2	1.313733	I:	D:
50769	51473	+	3	1.315252	I:	D:
51543	52838	+	3	1.299684	I:	D:
52977	54992	+	3	1.297783	I:	D:
55005	56258	+	3	1.333833	I:	D:
56374	57471	+	1	1.309000	I:	D:
57571	58356	+	1	1.306046	I:	D:
58362	58784	-	3	1.302290	I:	D:
58923	59741	+	3	1.269885	I:	D:
59918	60694	+	2	1.331572	I:	D:
60820	61953	+	1	1.313949	I:	D:
61967	64066	+	2	1.328367	I:	D:
64079	65377	+	2	1.318948	I:	D:
65413	66420	+	1	1.289412	I:	D:
66423	67097	+	3	1.316920	I:	D:
67094	68065	+	2	1.295558	I:	D:
68065	71634	+	1	1.297501	I:	D:
71717	72703	+	2	1.307042	I:	D:
72720	73307	+	3	1.310320	I:	D:
73719	74336	+	3	1.307230	I:	D:
74329	74898	+	1	1.306205	I:	D:
74912	75265	+	2	1.286921	I:	D:
75269	77677	+	2	1.318157	I:	D:
77772	80957	+	3	1.308570	I:	D:
80969	82351	+	2	1.326268	I:	D:
82533	83231	+	3	1.327569	I:	D:
83247	83456	+	3	1.337002	I:	D:
83673	86000	+	3	1.306598	I:	D:
86119	86826	-	1	1.293108	I:	D:
87127	88497	+	1	1.321368	I:	D:
88488	89216	+	3	1.315180	I:	D:
89226	89711	+	3	1.336469	I:	D:
89982	90722	+	3	1.311704	I:	D:
90762	91700	+	3	1.300191	I:	D:
92003	92833	+	2	1.307835	I:	D:
92787	93734	+	3	1.312849	I:	D:
93942	94478	+	3	1.297446	I:	D:
94529	98395	+	2	1.298113	I:	D:
98583	99164	+	3	1.273932	I:	D:
99164	99433	+	2	1.301262	I:	D:
99539	99769	+	2	1.328876	I:	D:
99829	100380	+	1	1.323205	I:	D:
100395	107309	+	3	1.314621	I:	D:
107485	109605	+	1	1.333666	I:	D:
109530	109907	+	3	1.344820	I:	D:
110104	111051	+	1	1.265167	I:	D:
111393	112535	+	3	1.324623	I:	D:
112716	113981	+	3	1.328895	I:	D:
114105	114293	+	3	1.288410	I:	D:
114367	115920	+	1	1.337190	I:	D:
115941	116903	+	3	1.348517	I:	D:
116900	117319	+	2	1.332739	I:	D:
117576	117917	+	3	1.339172	I:	D:
117908	118852	+	2	1.347757	I:	D:
>YB4_13183
148	576	-	1	1.371179	I:	D:
573	1313	-	3	1.310550	I:	D:
1370	1600	+	2	1.286124	I:	D:
1606	2034	+	1	1.237836	I:	D:
2327	2914	+	2	1.262012	I:	D:
3179	3652	+	2	1.218135	I:	D:
3944	4642	+	2	1.285328	I:	D:
4639	5010	+	1	1.331466	I:	D:
5072	5575	-	2	1.299113	I:	D:
5764	6420	-	1	1.305478	I:	D:
6404	7657	-	2	1.306832	I:	D:
7654	8475	-	1	1.285199	I:	D:
8472	9299	-	3	1.292637	I:	D:
9286	10422	-	1	1.302872	I:	D:
10505	11068	-	2	1.281876	I:	D:
11065	11793	-	1	1.273116	I:	D:
11926	13332	+	1	1.320169	I:	D:
13396	14469	-	1	1.313452	I:	D:
14471	15511	-	2	1.312410	I:	D:
15696	18851	+	3	1.310542	I:	D:
18856	20787	+	1	1.307195	I:	D:
20792	21838	+	2	1.281847	I:	D:
22411	23472	-	1	1.329839	I:	D:
23586	24806	+	3	1.312711	I:	D:
24853	25068	+	1	1.268477	I:	D:
25206	27836	+	3	1.315137	I:	D:
27849	28181	+	3	1.266920	I:	D:
28178	28720	+	2	1.305859	I:	D:
28769	29713	+	2	1.294042	I:	D:
29728	30324	+	1	1.312772	I:	D:
30379	31065	-	1	1.289486	I:	D:
31068	31718	-	3	1.339203	I:	D:
31754	32929	-	2	1.306248	I:	D:
32953	34890	-	1	1.334448	I:	D:
35041	35847	+	1	1.314626	I:	D:
35997	36854	+	3	1.312295	I:	D:
36867	39392	+	3	1.299594	I:	D:
39456	41339	+	3	1.328585	I:	D:
41336	41791	+	2	1.288899	I:	D:
41788	42507	+	1	1.257114	I:	D:
42504	43835	+	3	1.276453	I:	D:
43965	45503	+	3	1.317690	I:	D:
45547	46059	-	1	1.320706	I:	D:
46156	46785	-	1	1.358386	I:	D:
47153	47821	-	2	1.264651	I:	D:
47926	50592	+	1	1.319159	I:	D:
50782	51000	+	1	1.285675	I:	D:
51013	52887	+	1	1.318402	I:	D:
53292	53801	+	3	1.281499	I:	D:
53785	54255	+	1	1.281905	I:	D:
54326	55702	-	2	1.325967	I:	D:
55770	56402	-	3	1.326208	I:	D:
56598	58571	+	3	1.309632	I:	D:
58585	61407	+	1	1.319667	I:	D:
61491	62519	+	3	1.322784	I:	D:
62700	64022	+	3	1.304471	I:	D:
64040	64753	+	2	1.290433	I:	D:
64769	66328	+	2	1.283834	I:	D:
66342	67313	+	3	1.291674	I:	D:
67310	68137	+	2	1.253349	I:	D:
68159	68842	+	2	1.312347	I:	D:
68846	69568	+	2	1.275477	I:	D:
69558	70166	+	3	1.306578	I:	D:
70166	70960	+	2	1.271044	I:	D:
70963	71367	+	1	1.300454	I:	D:
71407	72459	+	1	1.303154	I:	D:
72452	73201	+	2	1.324731	I:	D:
73264	74883	-	1	1.318030	I:	D:
75006	75677	-	3	1.283773	I:	D:
75953	77437	+	2	1.332098	I:	D:
77518	78261	+	1	1.299016	I:	D:
78258	78725	+	3	1.294501	I:	D:
78790	80166	-	1	1.299569	I:	D:
80300	80839	+	2	1.287594	I:	D:
81006	82181	-	3	1.276661	I:	D:
82208	83692	+	2	1.297104	I:	D:
83692	83943	+	1	1.291917	I:	D:
83961	84794	+	3	1.294758	I:	D:
84861	86099	+	3	1.273828	I:	D:
86123	86794	+	2	1.243347	I:	D:
86899	88281	+	1	1.310843	I:	D:
88429	89766	+	1	1.299538	I:	D:
89829	91202	+	3	1.305091	I:	D:
91212	91343	+	3	1.262878	I:	D:
91542	92072	+	3	1.316172	I:	D:
92367	92504	+	3	1.254266	I:	D:
92701	92838	+	1	1.272460	I:	D:
93022	93246	-	1	1.285409	I:	D:
93389	94543	+	2	1.294758	I:	D:
94559	95926	+	2	1.316919	I:	D:
95966	97261	-	2	1.284034	I:	D:
97469	98308	+	2	1.310360	I:	D:
98420	98971	-	2	1.246317	I:	D:
99195	100553	-	3	1.325614	I:	D:
100558	102483	-	1	1.307613	I:	D:
102561	102887	-	3	1.260600	I:	D:
103017	104273	-	3	1.303990	I:	D:
104371	105201	+	1	1.287677	I:	D:
105194	105718	+	2	1.295981	I:	D:
105733	106344	+	1	1.290679	I:	D:
106476	107810	+	3	1.310540	I:	D:
108127	108951	-	1	1.289203	I:	D:
109070	110071	+	2	1.321532	I:	D:
110098	111840	+	1	1.309062	I:	D:
111874	113004	+	1	1.305128	I:	D:
113207	113878	+	2	1.283806	I:	D:
113880	114767	+	3	1.292394	I:	D:
114772	115233	+	1	1.255122	I:	D:
115236	115775	+	3	1.286952	I:	D:
115766	116344	+	2	1.310698	I:	D:
116337	117641	+	3	1.289753	I:	D:
117641	118867	+	2	1.309614	I:	D:
118910	120376	+	2	1.301438	I:	D:
120413	121417	+	2	1.308082	I:	D:
121414	122547	+	1	1.313523	I:	D:
122692	125505	+	1	1.276786	I:	D:
125516	125650	+	2	1.257057	I:	D:
125760	127070	-	3	1.342337	I:	D:
127223	128935	+	2	1.315165	I:	D:
128935	130686	+	1	1.276899	I:	D:
130708	132066	+	1	1.287071	I:	D:
132076	133554	+	1	1.323325	I:	D:
133633	135153	-	1	1.321971	I:	D:
135371	136294	+	2	1.285059	I:	D:
136415	137005	+	2	1.264676	I:	D:
137027	139099	+	2	1.295243	I:	D:
139092	140072	+	3	1.275811	I:	D:
140146	141534	+	1	1.298860	I:	D:
141544	142221	+	1	1.287281	I:	D:
142578	143756	+	3	1.270882	I:	D:
143890	145248	+	1	1.296939	I:	D:
145262	145858	+	2	1.280938	I:	D:
145999	146748	+	1	1.283477	I:	D:
146791	147987	-	1	1.287727	I:	D:
148002	148721	-	3	1.294802	I:	D:
148893	149660	+	3	1.314675	I:	D:
149657	150106	+	2	1.289999	I:	D:
150164	150688	-	2	1.297149	I:	D:
150816	152963	+	3	1.299803	I:	D:
152963	153475	+	2	1.255704	I:	D:
153531	153725	+	3	1.413730	I:	D:
153943	155547	+	1	1.281867	I:	D:
155559	157031	+	3	1.324493	I:	D:
157045	157755	+	1	1.297929	I:	D:
157760	159424	+	2	1.282328	I:	D:
159566	160444	+	2	1.269198	I:	D:
160451	160702	+	2	1.257630	I:	D:
160692	161279	+	3	1.299456	I:	D:
161294	161509	+	2	1.264608	I:	D:
161509	163728	+	1	1.326517	I:	D:
163739	164194	+	2	1.313622	I:	D:
164206	165132	+	1	1.271403	I:	D:
165138	165833	+	3	1.306022	I:	D:
165830	167068	+	2	1.283113	I:	D:
167061	168095	+	3	1.315860	I:	D:
168095	168823	+	2	1.283846	I:	D:
168839	170899	+	2	1.283483	I:	D:
170901	171788	+	3	1.306736	I:	D:
171773	172402	+	2	1.257404	I:	D:
172749	174776	+	3	1.295516	I:	D:
174773	175606	+	2	1.235819	I:	D:
175623	177053	+	3	1.285511	I:	D:
177053	178072	+	2	1.318821	I:	D:
178065	179066	+	3	1.301479	I:	D:
179059	179781	+	1	1.295645	I:	D:
179778	181040	+	3	1.333899	I:	D:
181037	181759	+	2	1.322946	I:	D:
181771	185112	+	1	1.267573	I:	D:
185042	188575	+	2	1.276455	I:	D:
188660	188863	+	2	1.392888	I:	D:
188920	189543	+	1	1.315451	I:	D:
189592	190188	+	1	1.303125	I:	D:
190202	190975	-	2	1.273529	I:	D:
191140	191421	-	1	1.235731	I:	D:
191436	192224	-	3	1.297738	I:	D:
192523	194016	+	1	1.308950	I:	D:
194021	195502	+	2	1.318325	I:	D:
195548	195853	-	2	1.278066	I:	D:
196732	196935	+	1	1.346746	I:	D:
197036	198319	-	2	1.309716	I:	D:
198409	199539	+	1	1.275158	I:	D:
199631	200977	+	2	1.311893	I:	D:
201013	201429	+	1	1.286448	I:	D:
201552	202778	-	3	1.284188	I:	D:
202900	203457	+	1	1.297214	I:	D:
203488	203670	+	1	1.399032	I:	D:
203740	205068	+	1	1.299391	I:	D:
205065	205730	+	3	1.308557	I:	D:
205807	206769	-	1	1.283348	I:	D:
206891	207586	+	2	1.281948	I:	D:
207586	208515	+	1	1.317682	I:	D:
208552	208959	+	1	1.313350	I:	D:
209110	210429	+	1	1.320129	I:	D:
210442	211392	+	1	1.309591	I:	D:
211396	212013	+	1	1.301040	I:	D:
212015	212704	+	2	1.319158	I:	D:
212704	213282	+	1	1.274859	I:	D:
213297	214100	+	3	1.360818	I:	D:
214117	214392	+	1	1.278632	I:	D:
214370	215119	+	2	1.266598	I:	D:
215109	215489	+	3	1.321522	I:	D:
215486	216001	+	2	1.319822	I:	D:
216096	216509	+	3	1.268312	I:	D:
216810	217784	+	3	1.309106	I:	D:
218410	218826	-	1	1.299827	I:	D:
218848	219276	-	1	1.263001	I:	D:
219347	220483	-	2	1.313303	I:	D:
220510	221538	-	1	1.305210	I:	D:
221699	222787	+	2	1.313432	I:	D:
222824	223714	+	2	1.310283	I:	D:
223736	224488	+	2	1.288576	I:	D:
224580	225533	+	3	1.275169	I:	D:
225844	228096	+	1	1.336742	I:	D:
228119	228868	+	2	1.308474	I:	D:
228915	231926	-	3	1.302824	I:	D:
232017	233150	-	3	1.318747	I:	D:
233207	234598	-	2	1.306629	I:	D:
234598	235236	-	1	1.311181	I:	D:
235569	236135	-	3	1.315541	I:	D:
236132	237451	-	2	1.309698	I:	D:
237521	237652	-	2	1.280868	I:	D:
238049	239191	-	2	1.296462	I:	D:
239353	239538	+	1	1.364498	I:	D:
239699	240526	+	2	1.295095	I:	D:
240511	241353	+	1	1.272157	I:	D:
241346	242041	+	2	1.315576	I:	D:
242042	242623	+	2	1.350794	I:	D:
242625	243218	+	3	1.285237	I:	D:
243257	244378	-	2	1.307078	I:	D:
244683	245903	-	3	1.313075	I:	D:
245995	247659	-	1	1.285581	I:	D:
247643	248104	-	2	1.281276	I:	D:
248105	248962	-	2	1.315882	I:	D:
248962	249768	-	1	1.289103	I:	D:
249761	251596	-	2	1.306343	I:	D:
251623	252507	-	1	1.290268	I:	D:
252693	253901	-	3	1.299066	I:	D:
253898	254818	-	2	1.302617	I:	D:
254821	255210	-	1	1.295264	I:	D:
255278	255697	-	2	1.284513	I:	D:
255751	256377	-	1	1.292589	I:	D:
256383	256883	-	3	1.315929	I:	D:
256906	257223	-	1	1.226134	I:	D:
257346	258488	-	3	1.331907	I:	D:
258485	258841	-	2	1.318249	I:	D:
258669	258806	+	3	1.240323	I:	D:
258862	259056	-	1	1.272449	I:	D:
259065	259508	-	3	1.251312	I:	D:
259444	260466	-	1	1.286404	I:	D:
260494	263676	+	1	1.305618	I:	D:
263770	264948	+	1	1.331420	I:	D:
264955	265443	+	1	1.275913	I:	D:
265527	265796	+	3	1.318117	I:	D:
265848	266639	+	3	1.286895	I:	D:
266762	267208	+	2	1.263874	I:	D:
267259	268437	-	1	1.321178	I:	D:
268768	270330	+	1	1.326308	I:	D:
270510	271385	-	3	1.254859	I:	D:
271611	272075	-	3	1.307949	I:	D:
272072	273133	-	2	1.313245	I:	D:
273134	274102	-	2	1.332539	I:	D:
274047	274484	-	3	1.294114	I:	D:
274487	275662	-	2	1.328220	I:	D:
275856	276236	-	3	1.269317	I:	D:
276426	276695	-	3	1.378921	I:	D:
276707	277396	-	2	1.295660	I:	D:
277425	278765	-	3	1.301877	I:	D:
278913	279596	+	3	1.281360	I:	D:
279597	279818	-	3	1.232017	I:	D:
279880	281733	-	1	1.275704	I:	D:
281855	283750	-	2	1.279315	I:	D:
284053	285465	+	1	1.323614	I:	D:
285516	286094	-	3	1.281883	I:	D:
286247	287827	-	2	1.299133	I:	D:
287906	289546	-	2	1.283728	I:	D:
289562	289834	-	2	1.305628	I:	D:
290079	290636	+	3	1.308071	I:	D:
290694	293135	-	3	1.304278	I:	D:
293182	294180	-	1	1.291915	I:	D:
294173	294721	-	2	1.335901	I:	D:
294734	295213	-	2	1.279099	I:	D:
295438	295911	-	1	1.279104	I:	D:
295911	296588	-	3	1.301930	I:	D:
296581	298257	-	1	1.288824	I:	D:
298260	299006	-	3	1.276820	I:	D:
299003	299635	-	2	1.301473	I:	D:
299635	299829	-	1	1.291625	I:	D:
299975	300556	+	2	1.287293	I:	D:
300574	300825	+	1	1.211019	I:	D:
300872	301105	-	2	1.279282	I:	D:
301149	301391	-	3	1.308955	I:	D:
301460	302860	-	2	1.301593	I:	D:
302882	303247	-	2	1.272472	I:	D:
303783	304181	+	3	1.332165	I:	D:
304610	304837	+	2	1.331643	I:	D:
304875	305039	+	3	1.328315	I:	D:
305292	305969	-	3	1.263387	I:	D:
305966	306271	-	2	1.306889	I:	D:
306276	307157	-	3	1.305449	I:	D:
307174	311178	-	1	1.279604	I:	D:
311481	312416	-	3	1.296027	I:	D:
312518	312682	+	2	1.240531	I:	D:
312708	313067	-	3	1.339417	I:	D:
>YB4_13524
221	382	-	2	1.282260	I:	D:
467	1513	-	2	1.288670	I:	D:
1625	2992	-	2	1.281577	I:	D:
3131	4111	-	2	1.296584	I:	D:
4125	5672	-	3	1.331462	I:	D:
5924	6694	+	2	1.306512	I:	D:
6812	7213	+	2	1.295589	I:	D:
7452	7961	-	3	1.309520	I:	D:
7972	9180	-	1	1.307337	I:	D:
9237	9842	-	3	1.324804	I:	D:
9947	12028	+	2	1.317690	I:	D:
>YB4_13938
1	162	+	1	1.355582	I:	D:
312	1382	-	3	1.306445	I:	D:
1522	3258	-	1	1.304340	I:	D:
3612	4262	-	3	1.321982	I:	D:
4458	4868	+	3	1.342313	I:	D:
5180	6175	-	2	1.319347	I:	D:
6190	6900	-	1	1.316845	I:	D:
7108	7374	+	1	1.264744	I:	D:
7424	8170	-	2	1.312453	I:	D:
8180	9016	-	2	1.338627	I:	D:
9023	9874	-	2	1.337719	I:	D:
9876	10790	-	3	1.299354	I:	D:
>YB4_14406
252	2141	-	3	1.292848	I:	D:
2289	3566	-	3	1.302524	I:	D:
3638	3895	-	2	1.260946	I:	D:
4005	4961	+	3	1.284893	I:	D:
5026	6849	-	1	1.334689	I:	D:
6877	8559	-	1	1.345596	I:	D:
8559	10217	-	3	1.318194	I:	D:
10404	11579	+	3	1.326293	I:	D:
11737	12150	+	1	1.316587	I:	D:
12181	12714	+	1	1.315990	I:	D:
12906	13238	+	3	1.280206	I:	D:
13282	14250	-	1	1.295387	I:	D:
14357	16180	+	2	1.312731	I:	D:
16248	17048	+	3	1.308491	I:	D:
17041	17967	+	1	1.297164	I:	D:
18192	18884	+	3	1.327397	I:	D:
18998	20065	-	2	1.311142	I:	D:
20016	20729	-	3	1.304807	I:	D:
20776	22668	-	1	1.296601	I:	D:
22676	24232	-	2	1.313936	I:	D:
24371	24844	-	2	1.305913	I:	D:
25028	25378	+	2	1.296753	I:	D:
25403	27403	+	2	1.319830	I:	D:
27445	27945	+	1	1.282885	I:	D:
27995	28156	+	2	1.279459	I:	D:
28174	29061	+	1	1.325496	I:	D:
29392	30279	-	1	1.279660	I:	D:
30436	31635	+	1	1.304623	I:	D:
31654	32025	+	1	1.306587	I:	D:
32146	32964	-	1	1.316247	I:	D:
33143	33523	+	2	1.282059	I:	D:
33516	34208	+	3	1.309490	I:	D:
34315	34614	-	1	1.317593	I:	D:
34668	35993	-	3	1.316379	I:	D:
36116	36913	+	2	1.307602	I:	D:
36906	38141	+	3	1.315964	I:	D:
38138	39433	+	2	1.307706	I:	D:
39452	40882	+	2	1.326832	I:	D:
40991	43579	+	2	1.311953	I:	D:
43828	45690	+	1	1.325769	I:	D:
45746	46438	-	2	1.301236	I:	D:
46518	47534	-	3	1.309100	I:	D:
47567	48409	-	2	1.301666	I:	D:
48464	48676	+	2	1.408782	I:	D:
48881	50221	+	2	1.303126	I:	D:
50355	50954	-	3	1.351573	I:	D:
51016	52251	-	1	1.316599	I:	D:
52391	53353	+	2	1.317514	I:	D:
53396	54352	+	2	1.314648	I:	D:
54368	55267	+	2	1.323346	I:	D:
55283	56155	+	2	1.313582	I:	D:
56155	57039	+	1	1.316391	I:	D:
57082	60552	+	1	1.315095	I:	D:
60666	61631	+	3	1.321344	I:	D:
61875	63065	+	3	1.306416	I:	D:
63114	64304	+	3	1.319156	I:	D:
64566	64769	-	3	1.385427	I:	D:
64859	65173	+	2	1.330391	I:	D:
65232	65864	+	3	1.327352	I:	D:
65883	66506	+	3	1.329087	I:	D:
66506	66802	+	2	1.318104	I:	D:
66856	67737	+	1	1.342497	I:	D:
67760	68032	+	2	1.328643	I:	D:
68050	68388	+	1	1.347693	I:	D:
68406	69092	+	3	1.315266	I:	D:
69092	69517	+	2	1.318568	I:	D:
69740	69994	+	2	1.342461	I:	D:
70059	70460	+	3	1.312856	I:	D:
70476	70781	+	3	1.335403	I:	D:
70801	71340	+	1	1.316439	I:	D:
71353	71538	+	1	1.383694	I:	D:
71577	71975	+	3	1.289219	I:	D:
71991	72530	+	3	1.311573	I:	D:
72549	72908	+	3	1.319536	I:	D:
72927	73427	+	3	1.295271	I:	D:
73441	73620	+	1	1.307357	I:	D:
73638	74081	+	3	1.324167	I:	D:
74081	75430	+	2	1.340759	I:	D:
75452	76084	+	2	1.300767	I:	D:
76086	76835	+	3	1.326174	I:	D:
76930	77148	+	1	1.340446	I:	D:
77315	77683	+	2	1.328394	I:	D:
77702	78097	+	2	1.322227	I:	D:
78121	78720	+	1	1.321805	I:	D:
78780	79736	+	3	1.298670	I:	D:
79751	80095	+	2	1.315466	I:	D:
80197	80691	-	1	1.310522	I:	D:
80784	81137	+	3	1.416683	I:	D:
81156	82172	-	3	1.302498	I:	D:
82303	83040	-	1	1.323245	I:	D:
83186	84424	+	2	1.310776	I:	D:
84549	85244	+	3	1.309537	I:	D:
85297	86811	+	1	1.308862	I:	D:
86815	87114	+	1	1.352277	I:	D:
86811	88355	+	3	1.325752	I:	D:
88461	89336	+	3	1.306695	I:	D:
89340	89984	+	3	1.293125	I:	D:
90093	91667	+	3	1.313115	I:	D:
91668	92942	+	3	1.301905	I:	D:
93079	93645	+	1	1.262612	I:	D:
93764	95290	+	2	1.309043	I:	D:
>YB4_15323
147	998	-	3	1.346555	I:	D:
1008	1934	-	3	1.319923	I:	D:
1996	2436	+	1	1.277045	I:	D:
2436	3383	+	3	1.350730	I:	D:
3477	5240	+	3	1.308680	I:	D:
5251	5931	+	1	1.303403	I:	D:
5936	7258	+	2	1.306250	I:	D:
7337	8266	+	2	1.311889	I:	D:
>YB4_15570
3	182	+	3	1.359674	I:	D:
458	1204	+	2	1.312110	I:	D:
1206	2117	+	3	1.277663	I:	D:
2134	4098	+	1	1.308853	I:	D:
4120	4383	+	1	1.267150	I:	D:
4396	6063	+	1	1.306635	I:	D:
6159	7505	-	3	1.324941	I:	D:
7643	8881	-	2	1.322814	I:	D:
8887	9663	-	1	1.319905	I:	D:
9666	10331	-	3	1.328566	I:	D:
10500	10703	+	3	1.374105	I:	D:
11202	12854	-	3	1.285381	I:	D:
12860	14515	-	2	1.299433	I:	D:
14518	15102	-	1	1.310629	I:	D:
15092	16882	-	2	1.321450	I:	D:
16928	18283	-	2	1.353467	I:	D:
18328	18486	-	1	1.335551	I:	D:
18562	18978	-	1	1.371553	I:	D:
19134	21152	-	3	1.346862	I:	D:
21185	21730	-	2	1.329853	I:	D:
21730	22575	-	1	1.342308	I:	D:
22578	23558	-	3	1.350253	I:	D:
23767	24306	+	1	1.355972	I:	D:
24313	26229	+	1	1.299289	I:	D:
26400	28073	-	3	1.355628	I:	D:
28201	28440	-	1	1.308522	I:	D:
28919	29122	-	2	1.381510	I:	D:
29393	29725	+	2	1.303275	I:	D:
29762	30448	+	2	1.355581	I:	D:
30445	30801	+	1	1.314187	I:	D:
31243	31431	+	1	1.336209	I:	D:
31451	31936	+	2	1.308908	I:	D:
31953	33032	+	3	1.323354	I:	D:
33078	33533	+	3	1.319346	I:	D:
33530	34585	+	2	1.299023	I:	D:
34642	36144	+	1	1.303786	I:	D:
36305	36607	-	2	1.244673	I:	D:
36600	37535	-	3	1.252904	I:	D:
37537	39681	-	1	1.261171	I:	D:
39684	41231	-	3	1.263493	I:	D:
41243	42673	-	2	1.260519	I:	D:
42969	44261	-	3	1.311754	I:	D:
44576	44908	-	2	1.345094	I:	D:
45240	46901	-	3	1.351965	I:	D:
46969	47184	-	1	1.295556	I:	D:
47711	48061	-	2	1.374223	I:	D:
48520	51492	+	1	1.249281	I:	D:
51659	52777	+	2	1.229422	I:	D:
52793	53542	-	2	1.262410	I:	D:
53520	54269	-	3	1.277306	I:	D:
54273	55130	-	3	1.253477	I:	D:
55264	56229	-	1	1.289772	I:	D:
56296	56922	-	1	1.320423	I:	D:
57089	57769	-	2	1.343955	I:	D:
57799	58242	-	1	1.328361	I:	D:
58877	59362	-	2	1.316354	I:	D:
59724	60230	+	3	1.303890	I:	D:
60257	60487	+	2	1.290951	I:	D:
60578	63322	-	2	1.316032	I:	D:
63638	64480	+	2	1.313530	I:	D:
64480	65538	+	1	1.311655	I:	D:
65535	66260	+	3	1.332271	I:	D:
66257	67177	+	2	1.276330	I:	D:
67186	67971	+	1	1.331215	I:	D:
67980	68732	+	3	1.284521	I:	D:
68732	69877	+	2	1.315854	I:	D:
70064	70468	-	2	1.241952	I:	D:
70465	71238	-	1	1.232212	I:	D:
71244	71948	-	3	1.248096	I:	D:
72323	73285	-	2	1.255889	I:	D:
73272	74276	-	3	1.323201	I:	D:
74349	75128	+	3	1.320952	I:	D:
75256	75498	+	1	1.368978	I:	D:
75625	75855	-	1	1.294686	I:	D:
76210	79935	-	1	1.355364	I:	D:
80307	81134	-	3	1.324310	I:	D:
81361	81621	+	1	1.337652	I:	D:
81667	82638	+	1	1.400354	I:	D:
82896	83084	+	3	1.378588	I:	D:
>YB4_15711
2	148	+	2	1.381373	I:	D:
179	2359	-	2	1.308534	I:	D:
2481	2852	+	3	1.270386	I:	D:
2909	3904	-	2	1.312472	I:	D:
3926	4351	-	2	1.288456	I:	D:
4392	5087	-	3	1.279120	I:	D:
5255	6055	-	2	1.305991	I:	D:
6073	6810	-	1	1.321123	I:	D:
6878	7930	-	2	1.301294	I:	D:
8064	9257	-	3	1.329433	I:	D:
9362	11470	-	2	1.310169	I:	D:
11483	11953	-	2	1.333771	I:	D:
12084	12524	-	3	1.326083	I:	D:
12704	16477	-	2	1.315673	I:	D:
16525	20298	-	1	1.313862	I:	D:
20621	22360	+	2	1.308179	I:	D:
22338	22814	+	3	1.303464	I:	D:
22867	23592	+	1	1.305835	I:	D:
23617	25572	+	1	1.313242	I:	D:
25591	26355	+	1	1.307276	I:	D:
26440	27021	-	1	1.258960	I:	D:
27330	28733	+	3	1.321209	I:	D:
28780	31125	-	1	1.300164	I:	D:
31118	32611	-	2	1.310200	I:	D:
32627	33739	-	2	1.323572	I:	D:
33759	34598	-	3	1.304985	I:	D:
34598	35443	-	2	1.306938	I:	D:
35504	36907	-	2	1.284768	I:	D:
37052	39478	+	2	1.322350	I:	D:
39565	41925	-	1	1.295666	I:	D:
41943	42998	-	3	1.308789	I:	D:
43390	43632	+	1	1.306771	I:	D:
43652	43951	+	2	1.293105	I:	D:
44119	45486	+	1	1.325833	I:	D:
45561	45953	-	3	1.296537	I:	D:
46123	46425	-	1	1.297544	I:	D:
46428	47135	-	3	1.297406	I:	D:
47582	50104	-	2	1.310480	I:	D:
50231	51142	-	2	1.270970	I:	D:
51142	52227	-	1	1.302618	I:	D:
52282	53172	-	1	1.314292	I:	D:
53307	54398	+	3	1.312052	I:	D:
54418	55428	+	1	1.304242	I:	D:
55461	56375	+	3	1.331243	I:	D:
56368	57168	+	1	1.328640	I:	D:
57236	57772	+	2	1.287243	I:	D:
57818	58723	+	2	1.297300	I:	D:
58815	59924	+	3	1.311258	I:	D:
60060	60209	-	3	1.269636	I:	D:
60224	60856	-	2	1.298059	I:	D:
61528	63861	-	1	1.300265	I:	D:
63889	64530	-	1	1.276791	I:	D:
64543	65208	-	1	1.278136	I:	D:
65208	66395	-	3	1.286209	I:	D:
66409	67143	-	1	1.307520	I:	D:
67140	67883	-	3	1.308602	I:	D:
67952	68821	-	2	1.307505	I:	D:
68822	69673	-	2	1.286493	I:	D:
69673	70548	-	1	1.323718	I:	D:
70561	71913	-	1	1.321812	I:	D:
71946	72980	-	3	1.331102	I:	D:
72995	73600	-	2	1.350114	I:	D:
73612	74112	-	1	1.339512	I:	D:
74295	74852	-	3	1.354467	I:	D:
74852	75241	-	2	1.282543	I:	D:
75297	75779	-	3	1.302785	I:	D:
75791	77050	-	2	1.323650	I:	D:
77108	77617	-	2	1.279474	I:	D:
77632	79296	-	1	1.305284	I:	D:
79471	80565	+	1	1.306696	I:	D:
80728	81321	+	1	1.305511	I:	D:
81335	81601	+	2	1.360551	I:	D:
81661	81813	-	1	1.362627	I:	D:
>YB4_16494
163	519	-	1	1.344337	I:	D:
700	1026	+	1	1.285673	I:	D:
1087	1593	+	1	1.279653	I:	D:
1800	3524	+	3	1.330487	I:	D:
3543	3887	+	3	1.277139	I:	D:
4052	4651	+	2	1.351205	I:	D:
4662	5132	+	3	1.316462	I:	D:
5171	5737	+	2	1.299792	I:	D:
6202	7836	-	1	1.329804	I:	D:
7895	8758	-	2	1.295684	I:	D:
8761	11112	-	1	1.283088	I:	D:
11117	12298	-	2	1.273156	I:	D:
12285	12890	-	3	1.260740	I:	D:
13008	13607	-	3	1.280722	I:	D:
13724	14134	-	2	1.288926	I:	D:
14164	14331	-	1	1.244394	I:	D:
14336	15529	-	2	1.295010	I:	D:
15526	16248	-	1	1.254259	I:	D:
16651	16890	-	1	1.268686	I:	D:
16897	17508	-	1	1.258211	I:	D:
17513	18103	-	2	1.221948	I:	D:
18238	18615	-	1	1.279190	I:	D:
18669	18935	-	3	1.359974	I:	D:
18950	19117	+	2	1.209993	I:	D:
19393	20181	+	1	1.309976	I:	D:
20272	20706	+	1	1.301935	I:	D:
21006	22151	+	3	1.311838	I:	D:
22263	23618	-	3	1.320573	I:	D:
23837	25231	-	2	1.307596	I:	D:
25423	26949	-	1	1.316916	I:	D:
26950	28275	-	1	1.347807	I:	D:
28295	29077	-	2	1.292909	I:	D:
29162	30235	-	2	1.298465	I:	D:
30267	31175	+	3	1.281988	I:	D:
31185	32156	+	3	1.300067	I:	D:
32143	32646	+	1	1.299298	I:	D:
32646	33539	+	3	1.296242	I:	D:
33714	34448	+	3	1.306404	I:	D:
34462	36834	+	1	1.320052	I:	D:
36846	39065	+	3	1.303538	I:	D:
39102	40139	+	3	1.321760	I:	D:
40136	40603	+	2	1.281198	I:	D:
40623	41477	+	3	1.301765	I:	D:
41450	42916	+	2	1.303377	I:	D:
42913	43596	+	1	1.352351	I:	D:
43612	43926	+	1	1.268313	I:	D:
43936	44112	+	1	1.235873	I:	D:
44151	44582	-	3	1.292222	I:	D:
44528	44893	-	2	1.262438	I:	D:
45019	45408	+	1	1.285360	I:	D:
45497	47029	+	2	1.328529	I:	D:
47047	48159	+	1	1.285763	I:	D:
48439	48633	+	1	1.410703	I:	D:
48794	48934	+	2	1.332612	I:	D:
49125	49520	+	3	1.325384	I:	D:
49492	49920	+	1	1.276897	I:	D:
50092	50940	+	1	1.261649	I:	D:
51054	51713	+	3	1.322998	I:	D:
51728	52483	+	2	1.295906	I:	D:
52607	53845	+	2	1.323920	I:	D:
54004	55443	+	1	1.285253	I:	D:
55526	56224	-	2	1.337710	I:	D:
56336	57568	-	2	1.329976	I:	D:
57749	58465	+	2	1.296586	I:	D:
58576	58746	+	1	1.361888	I:	D:
58973	59293	-	2	1.272299	I:	D:
59456	59614	+	2	1.366989	I:	D:
60019	60477	-	1	1.323370	I:	D:
60490	60702	+	1	1.276050	I:	D:
60905	61483	+	2	1.320447	I:	D:
61557	62795	+	3	1.300576	I:	D:
62904	64433	+	3	1.306369	I:	D:
64435	65541	+	1	1.331342	I:	D:
65543	66532	+	2	1.328475	I:	D:
66905	69607	+	2	1.313799	I:	D:
69608	70696	+	2	1.279598	I:	D:
70776	71117	+	3	1.301060	I:	D:
71095	71541	+	1	1.340422	I:	D:
71535	72188	+	3	1.315830	I:	D:
72359	73825	+	2	1.302758	I:	D:
73875	74849	-	3	1.315983	I:	D:
75214	75348	+	1	1.345292	I:	D:
75440	75700	-	2	1.394163	I:	D:
