>YB3_310
101	688	-	2	1.304060	I:	D:
988	1644	+	1	1.271302	I:	D:
1631	2305	+	2	1.297319	I:	D:
2298	3134	+	3	1.253618	I:	D:
3144	4115	+	3	1.265630	I:	D:
4370	5392	+	2	1.269078	I:	D:
5432	6310	+	2	1.278498	I:	D:
6440	7501	+	2	1.255359	I:	D:
7507	8166	+	1	1.276974	I:	D:
8229	9407	+	3	1.293558	I:	D:
9637	9816	-	1	1.354629	I:	D:
9936	10409	+	3	1.299745	I:	D:
10549	10806	+	1	1.291114	I:	D:
10990	11961	+	1	1.283261	I:	D:
11981	12169	+	2	1.373774	I:	D:
12436	12873	-	1	1.292047	I:	D:
13172	13906	+	2	1.296572	I:	D:
13931	15055	+	2	1.269705	I:	D:
15058	16530	+	1	1.299396	I:	D:
16619	18535	-	2	1.290679	I:	D:
18707	19696	+	2	1.307495	I:	D:
19760	20257	+	2	1.267859	I:	D:
20286	21410	+	3	1.271788	I:	D:
21416	21895	+	2	1.323725	I:	D:
22172	24247	+	2	1.299935	I:	D:
24264	25361	+	3	1.320965	I:	D:
25555	26550	+	1	1.294735	I:	D:
26604	27299	+	3	1.278506	I:	D:
27303	28466	+	3	1.290132	I:	D:
28582	29523	+	1	1.279892	I:	D:
29556	30971	+	3	1.274912	I:	D:
31129	32391	-	1	1.271246	I:	D:
32492	33526	-	2	1.248952	I:	D:
33545	35059	-	2	1.275891	I:	D:
35322	36956	+	3	1.338741	I:	D:
36953	37180	+	2	1.279628	I:	D:
37301	41035	-	2	1.256468	I:	D:
41144	41896	-	2	1.247927	I:	D:
42033	43295	-	3	1.282001	I:	D:
43322	44503	+	2	1.312789	I:	D:
44636	45661	-	2	1.259246	I:	D:
45663	45968	+	3	1.361437	I:	D:
46123	47163	+	1	1.285212	I:	D:
47401	47706	-	1	1.349848	I:	D:
47602	47892	+	1	1.388891	I:	D:
>YB3_4775
78	308	-	3	1.363849	I:	D:
428	721	-	2	1.239255	I:	D:
975	2174	-	3	1.298236	I:	D:
2273	2896	-	2	1.320876	I:	D:
2895	3653	+	3	1.316497	I:	D:
3751	3933	+	1	1.299669	I:	D:
4110	4799	+	3	1.318248	I:	D:
4895	5161	-	2	1.268356	I:	D:
5158	8778	-	1	1.272203	I:	D:
8787	10178	-	3	1.293707	I:	D:
10442	10822	-	2	1.247850	I:	D:
10936	11457	-	1	1.251602	I:	D:
11865	13253	+	3	1.237036	I:	D:
13412	14305	-	2	1.286338	I:	D:
14687	15466	-	2	1.259013	I:	D:
15508	16503	-	1	1.271108	I:	D:
16503	17456	-	3	1.243886	I:	D:
17635	18765	-	1	1.257059	I:	D:
19087	19791	-	1	1.254697	I:	D:
19863	21248	-	3	1.276761	I:	D:
21281	21430	-	2	1.353525	I:	D:
21435	22142	-	3	1.229973	I:	D:
22203	23411	-	3	1.267528	I:	D:
23537	24670	-	2	1.267130	I:	D:
24847	26187	-	1	1.265659	I:	D:
26180	27658	-	2	1.232143	I:	D:
27807	28496	-	3	1.287824	I:	D:
28538	29365	-	2	1.252740	I:	D:
29453	30469	-	2	1.243567	I:	D:
30550	32088	-	1	1.289127	I:	D:
32251	33036	-	1	1.256817	I:	D:
>YB3_7225
3	1481	-	3	1.268665	I:	D:
1743	3050	+	3	1.262022	I:	D:
3204	4517	+	3	1.288962	I:	D:
4514	5095	+	2	1.279511	I:	D:
5092	5838	+	1	1.301012	I:	D:
5878	6951	+	1	1.286427	I:	D:
7081	7275	-	1	1.384291	I:	D:
7660	8313	+	1	1.370344	I:	D:
8417	10462	+	2	1.304506	I:	D:
10465	10950	+	1	1.333492	I:	D:
11056	12042	+	1	1.258751	I:	D:
12118	12969	+	1	1.238270	I:	D:
13015	13158	+	1	1.352439	I:	D:
13155	13904	+	3	1.280163	I:	D:
13955	14509	+	2	1.249416	I:	D:
14558	15547	+	2	1.308040	I:	D:
15565	16746	+	1	1.326206	I:	D:
16866	17636	+	3	1.298482	I:	D:
17705	18112	+	2	1.324912	I:	D:
18109	19665	+	1	1.304405	I:	D:
19711	21804	+	1	1.297551	I:	D:
21822	22703	+	3	1.291226	I:	D:
22747	23781	+	1	1.304404	I:	D:
23816	24481	+	2	1.278094	I:	D:
24514	24777	+	1	1.258004	I:	D:
24823	25674	+	1	1.292920	I:	D:
25688	26290	+	2	1.316040	I:	D:
26296	27267	+	1	1.329403	I:	D:
27267	27599	+	3	1.303574	I:	D:
27606	28433	+	3	1.322954	I:	D:
28473	30623	+	3	1.278129	I:	D:
30732	31394	+	3	1.318702	I:	D:
31510	32265	+	1	1.264972	I:	D:
32272	32853	+	1	1.309536	I:	D:
32898	33515	+	3	1.334102	I:	D:
33527	34600	+	2	1.320915	I:	D:
34657	35058	+	1	1.261450	I:	D:
35133	35756	+	3	1.309114	I:	D:
35807	37000	+	2	1.289813	I:	D:
37002	37925	+	3	1.279553	I:	D:
37925	39310	+	2	1.333316	I:	D:
39258	40886	+	3	1.274705	I:	D:
41206	42144	-	1	1.294315	I:	D:
42255	43028	+	3	1.294418	I:	D:
43025	45154	+	2	1.297880	I:	D:
45258	45671	-	3	1.330798	I:	D:
46049	47479	+	2	1.306354	I:	D:
47626	49536	+	1	1.316189	I:	D:
49550	49867	+	2	1.361448	I:	D:
49888	52488	+	1	1.319221	I:	D:
52584	52931	+	3	1.305636	I:	D:
53043	53765	+	3	1.304449	I:	D:
54118	54486	-	1	1.339143	I:	D:
54592	55215	-	1	1.342262	I:	D:
55314	55763	-	3	1.328754	I:	D:
55837	56028	-	1	1.286426	I:	D:
56135	56398	-	2	1.317842	I:	D:
56407	56580	-	1	1.309692	I:	D:
56648	57010	-	2	1.336909	I:	D:
57621	58412	+	3	1.339530	I:	D:
58508	59392	-	2	1.264186	I:	D:
59592	60383	+	3	1.322048	I:	D:
60550	61698	-	1	1.294803	I:	D:
61752	62885	-	3	1.314165	I:	D:
63278	65386	+	2	1.254700	I:	D:
65479	66582	+	1	1.247006	I:	D:
66671	66931	-	2	1.325979	I:	D:
67015	67899	-	1	1.319215	I:	D:
67917	68138	-	3	1.286604	I:	D:
68243	69778	-	2	1.311414	I:	D:
69947	70873	-	2	1.326142	I:	D:
70894	71151	-	1	1.252429	I:	D:
71267	72061	-	2	1.309775	I:	D:
72190	73395	-	1	1.247368	I:	D:
73525	74475	-	1	1.273114	I:	D:
74625	75557	-	3	1.317499	I:	D:
75557	76501	-	2	1.316049	I:	D:
76568	78877	-	2	1.311674	I:	D:
78874	81861	-	1	1.298742	I:	D:
81941	83143	-	2	1.355663	I:	D:
83147	86605	-	2	1.294226	I:	D:
86605	87387	-	1	1.260952	I:	D:
87390	88886	-	3	1.277269	I:	D:
89588	89743	+	2	1.357788	I:	D:
89791	90168	-	1	1.325566	I:	D:
90192	90797	-	3	1.290337	I:	D:
91025	92626	+	2	1.277100	I:	D:
92659	92841	-	1	1.353377	I:	D:
92938	93942	+	1	1.288058	I:	D:
94067	95485	-	2	1.319864	I:	D:
95478	96251	-	3	1.305932	I:	D:
96397	97320	-	1	1.264784	I:	D:
97571	98455	-	2	1.293893	I:	D:
98560	99276	-	1	1.264124	I:	D:
99502	99684	+	1	1.359247	I:	D:
99742	100770	-	1	1.290686	I:	D:
100867	101319	-	1	1.311578	I:	D:
101464	102594	+	1	1.256947	I:	D:
102708	103475	-	3	1.294942	I:	D:
103527	104573	-	3	1.268076	I:	D:
104632	105096	-	1	1.312610	I:	D:
105537	106226	+	3	1.325496	I:	D:
106388	107338	-	2	1.280768	I:	D:
107658	108398	-	3	1.312698	I:	D:
108685	109728	-	1	1.285303	I:	D:
109777	110307	-	1	1.291440	I:	D:
110318	111127	-	2	1.275860	I:	D:
111202	111834	-	1	1.293266	I:	D:
111836	112813	-	2	1.298823	I:	D:
112847	114598	-	2	1.319058	I:	D:
114595	115386	-	1	1.322771	I:	D:
115561	118533	-	1	1.249666	I:	D:
118628	119494	-	2	1.315836	I:	D:
119515	120465	-	1	1.268362	I:	D:
120707	121555	-	2	1.289366	I:	D:
121428	122420	-	3	1.335652	I:	D:
122445	124121	-	3	1.284714	I:	D:
124125	124379	-	3	1.385648	I:	D:
124438	124842	-	1	1.253374	I:	D:
125333	126595	-	2	1.312802	I:	D:
126682	127110	+	1	1.394034	I:	D:
127183	128313	-	1	1.348009	I:	D:
128416	129147	-	1	1.291720	I:	D:
129256	129663	-	1	1.245583	I:	D:
129666	131048	-	3	1.263256	I:	D:
131347	131784	+	1	1.321283	I:	D:
132052	132642	-	1	1.304275	I:	D:
132794	133987	-	2	1.255105	I:	D:
134060	135280	+	2	1.267628	I:	D:
135436	136968	+	1	1.287840	I:	D:
137108	138919	-	2	1.283484	I:	D:
139034	139645	-	2	1.307648	I:	D:
139722	140183	+	3	1.294040	I:	D:
140520	141233	-	3	1.256258	I:	D:
141315	143090	+	3	1.287626	I:	D:
143183	143818	+	2	1.287767	I:	D:
144044	144814	-	2	1.331586	I:	D:
144826	145128	-	1	1.297933	I:	D:
145419	146072	-	3	1.299875	I:	D:
146123	146323	+	2	1.375577	I:	D:
146358	147479	+	3	1.286624	I:	D:
147514	147999	+	1	1.337838	I:	D:
148073	148636	-	2	1.345171	I:	D:
148664	149002	-	2	1.403775	I:	D:
149117	151756	+	2	1.281954	I:	D:
151867	152076	+	1	1.351074	I:	D:
152086	153009	+	1	1.266650	I:	D:
153126	153821	-	3	1.239480	I:	D:
153850	154800	-	1	1.259406	I:	D:
154802	155620	-	2	1.278609	I:	D:
155696	156658	-	2	1.271088	I:	D:
156658	158076	-	1	1.285386	I:	D:
158080	158505	-	1	1.257969	I:	D:
158505	159518	-	3	1.273385	I:	D:
159728	162832	-	2	1.293036	I:	D:
162916	163173	-	1	1.311293	I:	D:
163274	164491	-	2	1.257951	I:	D:
164488	166044	-	1	1.267761	I:	D:
166126	167379	-	1	1.260616	I:	D:
167551	168720	+	1	1.274948	I:	D:
168763	169605	+	1	1.288482	I:	D:
169629	170030	+	3	1.299121	I:	D:
170166	170486	-	3	1.297392	I:	D:
170571	171410	-	3	1.290909	I:	D:
171440	173746	-	2	1.241401	I:	D:
173908	174465	-	1	1.276754	I:	D:
174557	175612	-	2	1.289041	I:	D:
175724	176575	-	2	1.275577	I:	D:
176681	177937	-	2	1.263124	I:	D:
178151	178612	-	2	1.283300	I:	D:
178811	180358	-	2	1.264802	I:	D:
180360	185057	-	3	1.249350	I:	D:
185231	186664	+	2	1.291500	I:	D:
186710	187834	+	2	1.304227	I:	D:
187831	189330	+	1	1.304884	I:	D:
189347	190144	+	2	1.279819	I:	D:
190298	191503	-	2	1.307280	I:	D:
191503	193383	-	1	1.262463	I:	D:
193540	193800	+	1	1.272840	I:	D:
193898	194647	-	2	1.316102	I:	D:
194838	195965	-	3	1.260561	I:	D:
196328	196501	+	2	1.378561	I:	D:
196527	196865	-	3	1.279425	I:	D:
197026	197394	-	1	1.317256	I:	D:
197391	197834	-	3	1.327411	I:	D:
198360	198956	-	3	1.228900	I:	D:
199242	200237	+	3	1.318314	I:	D:
200278	200469	+	1	1.388262	I:	D:
>YB3_7535
3	473	-	3	1.310340	I:	D:
433	1170	+	1	1.304760	I:	D:
1305	1679	+	3	1.288077	I:	D:
1802	5260	-	2	1.301932	I:	D:
5313	6515	-	3	1.392086	I:	D:
6512	7483	-	2	1.345227	I:	D:
7570	8763	-	1	1.387658	I:	D:
8756	10234	-	2	1.294855	I:	D:
10345	10671	-	1	1.361790	I:	D:
10610	11005	-	2	1.341543	I:	D:
11074	11979	+	1	1.323822	I:	D:
12020	12319	-	2	1.346156	I:	D:
12548	12955	-	2	1.313966	I:	D:
13026	14198	+	3	1.310491	I:	D:
14319	14795	-	3	1.324414	I:	D:
14842	15006	+	1	1.282039	I:	D:
15236	15373	-	2	1.369948	I:	D:
15456	16553	-	3	1.371903	I:	D:
16624	17295	-	1	1.393846	I:	D:
17385	20042	-	3	1.389760	I:	D:
20065	20814	-	1	1.414906	I:	D:
20816	21733	-	2	1.410379	I:	D:
21726	22595	-	3	1.398762	I:	D:
22778	22906	-	2	1.352752	I:	D:
23240	24004	-	2	1.347467	I:	D:
24120	24887	+	3	1.326040	I:	D:
25032	26393	-	3	1.238707	I:	D:
26446	27741	-	1	1.299153	I:	D:
27734	28366	-	2	1.369032	I:	D:
28566	29447	-	3	1.303211	I:	D:
29567	31942	-	2	1.271864	I:	D:
32133	32327	-	3	1.294888	I:	D:
32374	34071	-	1	1.292683	I:	D:
34149	35417	-	3	1.295066	I:	D:
35430	36230	+	3	1.299325	I:	D:
36427	37272	+	1	1.260801	I:	D:
37360	38178	+	1	1.261267	I:	D:
38180	38860	+	2	1.257974	I:	D:
39023	39232	+	2	1.361089	I:	D:
39363	39773	+	3	1.318908	I:	D:
39922	40242	-	1	1.377174	I:	D:
40288	40854	-	1	1.305071	I:	D:
40939	41280	-	1	1.391169	I:	D:
41743	41907	-	1	1.364123	I:	D:
41910	42215	+	3	1.348376	I:	D:
42472	45147	+	1	1.283628	I:	D:
45297	46676	-	3	1.334799	I:	D:
47019	47558	+	3	1.251581	I:	D:
47678	49999	-	2	1.289855	I:	D:
50153	50629	-	2	1.297686	I:	D:
50629	50940	-	1	1.298091	I:	D:
51072	52127	+	3	1.329969	I:	D:
52130	53356	-	2	1.310419	I:	D:
53442	56129	+	3	1.295486	I:	D:
56262	60875	-	3	1.329958	I:	D:
60905	61120	-	2	1.336556	I:	D:
61122	61673	-	3	1.287677	I:	D:
61776	63299	+	3	1.337661	I:	D:
63122	64513	+	2	1.354616	I:	D:
64696	67005	-	1	1.284720	I:	D:
67091	68467	-	2	1.271867	I:	D:
68629	69285	-	1	1.323863	I:	D:
69396	70586	+	3	1.319117	I:	D:
70728	72938	+	3	1.314786	I:	D:
73033	73737	-	1	1.293553	I:	D:
73759	74361	+	1	1.319477	I:	D:
74511	75563	-	3	1.291479	I:	D:
75823	78705	-	1	1.256439	I:	D:
78912	79571	-	3	1.283046	I:	D:
79588	80079	-	1	1.400687	I:	D:
80185	80865	-	1	1.348338	I:	D:
80869	82053	-	1	1.282841	I:	D:
82309	82572	-	1	1.321208	I:	D:
82630	83142	-	1	1.301511	I:	D:
83203	83769	-	1	1.337669	I:	D:
83777	84457	-	2	1.273674	I:	D:
84525	87356	-	3	1.294765	I:	D:
87521	88567	-	2	1.281055	I:	D:
88551	90005	-	3	1.282893	I:	D:
90111	90827	-	3	1.379048	I:	D:
90865	91860	-	1	1.314022	I:	D:
92078	92911	-	2	1.282818	I:	D:
93067	93891	-	1	1.280994	I:	D:
93064	95358	+	1	1.329209	I:	D:
95395	96096	+	1	1.286726	I:	D:
96148	98259	+	1	1.312051	I:	D:
98304	98966	-	3	1.301030	I:	D:
98963	100324	-	2	1.312678	I:	D:
100546	101544	+	1	1.306709	I:	D:
101574	102833	+	3	1.302875	I:	D:
102820	104106	+	1	1.312106	I:	D:
104159	105217	-	2	1.321167	I:	D:
105365	106012	+	2	1.283047	I:	D:
106055	107434	+	2	1.318672	I:	D:
107523	110225	-	3	1.273664	I:	D:
110295	112835	-	3	1.308614	I:	D:
112918	113505	-	1	1.307844	I:	D:
113502	114767	-	3	1.303146	I:	D:
114767	115513	-	2	1.299304	I:	D:
115540	116370	-	1	1.287417	I:	D:
116488	117348	-	1	1.305650	I:	D:
117429	119438	-	3	1.280165	I:	D:
119459	120424	-	2	1.316235	I:	D:
120442	121368	-	1	1.290460	I:	D:
121668	123320	-	3	1.267215	I:	D:
123547	125196	-	1	1.293331	I:	D:
125333	126259	-	2	1.326615	I:	D:
126438	126695	+	3	1.308510	I:	D:
126700	127740	-	1	1.306088	I:	D:
127734	128714	-	3	1.311548	I:	D:
128782	129348	-	1	1.337617	I:	D:
129554	131485	-	2	1.263008	I:	D:
131703	133061	-	3	1.290755	I:	D:
133152	133949	-	3	1.320073	I:	D:
134115	134954	-	3	1.292881	I:	D:
135042	135995	-	3	1.333629	I:	D:
136148	136531	-	2	1.273644	I:	D:
136584	136778	-	3	1.289572	I:	D:
136797	137762	-	3	1.320382	I:	D:
137803	138552	+	1	1.336815	I:	D:
138759	139814	+	3	1.267846	I:	D:
139929	140435	+	3	1.294368	I:	D:
140456	141469	-	2	1.312257	I:	D:
141571	142581	+	1	1.279501	I:	D:
142923	143171	-	3	1.348036	I:	D:
143168	143749	-	2	1.290090	I:	D:
143869	145422	+	1	1.312212	I:	D:
145484	146482	+	2	1.303094	I:	D:
146493	146630	-	3	1.356544	I:	D:
146637	148244	-	3	1.277897	I:	D:
148391	149992	+	2	1.286733	I:	D:
149994	150515	+	3	1.299204	I:	D:
150619	152328	-	1	1.289141	I:	D:
152333	153505	-	2	1.314216	I:	D:
153507	154598	-	3	1.325425	I:	D:
154768	156381	-	1	1.290342	I:	D:
156730	157932	+	1	1.303764	I:	D:
157960	158859	+	1	1.258872	I:	D:
158995	160320	+	1	1.317074	I:	D:
160621	160962	-	1	1.396918	I:	D:
161237	162493	+	2	1.277090	I:	D:
162588	163430	-	3	1.309996	I:	D:
163679	165244	-	2	1.289983	I:	D:
165366	166610	-	3	1.291443	I:	D:
166672	167760	-	1	1.315247	I:	D:
167894	169336	-	2	1.294132	I:	D:
169421	170518	-	2	1.301894	I:	D:
170600	172165	-	2	1.303597	I:	D:
172181	173059	-	2	1.309804	I:	D:
173093	174838	-	2	1.294726	I:	D:
174892	175347	-	1	1.321079	I:	D:
175350	176381	-	3	1.325177	I:	D:
176381	176896	-	2	1.315621	I:	D:
177161	179440	+	2	1.289358	I:	D:
179451	180650	+	3	1.294244	I:	D:
180836	181312	-	2	1.318740	I:	D:
181338	181655	-	3	1.328081	I:	D:
181805	182521	+	2	1.289503	I:	D:
182638	183573	-	1	1.321794	I:	D:
183887	184849	-	2	1.273158	I:	D:
185047	186537	-	1	1.281135	I:	D:
186669	187280	+	3	1.324873	I:	D:
187277	191377	+	2	1.310376	I:	D:
191487	192563	-	3	1.324770	I:	D:
192570	193664	-	3	1.318742	I:	D:
193742	194458	-	2	1.332550	I:	D:
194465	194776	-	2	1.411360	I:	D:
195182	195829	+	2	1.328464	I:	D:
195822	197000	+	3	1.332261	I:	D:
197179	197829	+	1	1.322067	I:	D:
197920	198261	-	1	1.297837	I:	D:
>YB3_9401
126	2792	-	3	1.239457	I:	D:
3021	3290	-	3	1.277206	I:	D:
3422	4096	-	2	1.264864	I:	D:
4394	6211	-	2	1.265254	I:	D:
6374	6832	-	2	1.336427	I:	D:
7153	16485	-	1	1.246214	I:	D:
16570	18234	-	1	1.243702	I:	D:
18234	20144	-	3	1.264721	I:	D:
20373	20966	+	3	1.203324	I:	D:
21000	21899	-	3	1.298255	I:	D:
21980	24079	-	2	1.288958	I:	D:
24165	24944	+	3	1.309801	I:	D:
>YB3_10705
3	578	-	3	1.345024	I:	D:
911	2257	-	2	1.256103	I:	D:
2433	3770	+	3	1.284989	I:	D:
3959	5491	+	2	1.276507	I:	D:
5506	5907	+	1	1.301172	I:	D:
5923	6588	+	1	1.359910	I:	D:
6726	7574	-	3	1.274333	I:	D:
7653	8036	-	3	1.238473	I:	D:
7970	8848	-	2	1.279971	I:	D:
9031	9171	+	1	1.234203	I:	D:
9193	9957	+	1	1.218924	I:	D:
10036	10932	+	1	1.286979	I:	D:
11165	11425	-	2	1.370013	I:	D:
11497	12696	-	1	1.246580	I:	D:
12725	14497	-	2	1.254314	I:	D:
14722	16014	-	1	1.268212	I:	D:
16310	18766	-	2	1.258586	I:	D:
18951	20084	-	3	1.247062	I:	D:
20089	22266	-	1	1.347075	I:	D:
22528	23745	+	1	1.307087	I:	D:
23798	23950	+	2	1.322320	I:	D:
23978	24301	+	2	1.356262	I:	D:
24401	24826	+	2	1.275933	I:	D:
24977	25900	+	2	1.330615	I:	D:
26059	27735	+	1	1.274767	I:	D:
27851	28066	-	2	1.362506	I:	D:
28165	29088	+	1	1.300738	I:	D:
29095	29646	-	1	1.305301	I:	D:
29643	31157	-	3	1.283595	I:	D:
31256	32134	-	2	1.265766	I:	D:
32198	32836	-	2	1.282227	I:	D:
32836	34938	-	1	1.253664	I:	D:
34935	35498	-	3	1.283253	I:	D:
35485	36579	-	1	1.323257	I:	D:
36584	38029	-	2	1.286754	I:	D:
38109	39332	-	3	1.284452	I:	D:
39332	40870	-	2	1.292048	I:	D:
40925	41848	+	2	1.280910	I:	D:
42055	43281	-	1	1.243364	I:	D:
43392	45629	-	3	1.296674	I:	D:
45622	46287	-	1	1.286119	I:	D:
46377	47039	-	3	1.276149	I:	D:
47191	48942	-	1	1.305008	I:	D:
49002	50546	-	3	1.319880	I:	D:
50548	51966	-	1	1.297170	I:	D:
51963	53843	-	3	1.312962	I:	D:
53840	54754	-	2	1.306185	I:	D:
54751	56907	-	1	1.303607	I:	D:
57665	58558	-	2	1.296646	I:	D:
58734	59744	+	3	1.242229	I:	D:
60239	60736	-	2	1.272530	I:	D:
60741	61406	-	3	1.290455	I:	D:
61464	62375	-	3	1.297464	I:	D:
62503	62916	+	1	1.261397	I:	D:
62999	64033	-	2	1.266139	I:	D:
64196	64951	-	2	1.324922	I:	D:
65074	66015	-	1	1.309417	I:	D:
66198	67340	+	3	1.286938	I:	D:
67362	67616	+	3	1.286816	I:	D:
67739	68938	-	2	1.281639	I:	D:
69114	69794	+	3	1.211042	I:	D:
70037	71917	+	2	1.292840	I:	D:
72105	72845	-	3	1.243726	I:	D:
72998	74107	-	2	1.318066	I:	D:
74495	75295	-	2	1.318593	I:	D:
75402	76796	-	3	1.292827	I:	D:
77066	78115	+	2	1.354184	I:	D:
78309	79985	-	3	1.238673	I:	D:
80322	81509	+	3	1.277198	I:	D:
81667	83814	+	1	1.313582	I:	D:
83893	84540	+	1	1.336162	I:	D:
84754	85329	-	1	1.313854	I:	D:
85332	87254	-	3	1.341943	I:	D:
87368	88984	+	2	1.320641	I:	D:
88981	89667	+	1	1.269360	I:	D:
89877	90011	+	3	1.398314	I:	D:
90148	90708	-	1	1.319144	I:	D:
90745	92196	-	1	1.278747	I:	D:
92312	93313	-	2	1.338775	I:	D:
93367	94419	-	1	1.308962	I:	D:
95224	97179	-	1	1.247995	I:	D:
96646	97752	+	1	1.269174	I:	D:
97807	98673	-	1	1.298313	I:	D:
98701	100776	-	1	1.261502	I:	D:
101099	102775	+	2	1.234852	I:	D:
103046	103852	+	2	1.284176	I:	D:
103855	105210	+	1	1.324991	I:	D:
105292	106527	+	1	1.288527	I:	D:
106696	107394	+	1	1.217569	I:	D:
107922	108551	-	3	1.270054	I:	D:
108649	110097	+	1	1.296886	I:	D:
110308	111534	-	1	1.260450	I:	D:
111580	112647	-	1	1.284981	I:	D:
112631	113134	-	2	1.244451	I:	D:
113243	116095	-	2	1.262693	I:	D:
116309	117361	-	2	1.260314	I:	D:
117439	118323	+	1	1.338938	I:	D:
118660	119178	-	1	1.317072	I:	D:
119320	120315	-	1	1.301380	I:	D:
120343	120825	-	1	1.252116	I:	D:
120914	121912	-	2	1.268200	I:	D:
121993	122391	-	1	1.299221	I:	D:
122476	122853	-	1	1.279161	I:	D:
123127	123345	-	1	1.290939	I:	D:
123533	124093	-	2	1.240240	I:	D:
124202	125539	-	2	1.273266	I:	D:
125782	126228	-	1	1.250058	I:	D:
126231	126395	-	3	1.268022	I:	D:
>YB3_10933
3	299	+	3	1.236813	I:	D:
432	602	+	3	1.278695	I:	D:
670	1602	+	1	1.317534	I:	D:
1686	2117	+	3	1.341821	I:	D:
2136	3128	+	3	1.300744	I:	D:
3344	3736	+	2	1.341569	I:	D:
3811	4317	+	1	1.269870	I:	D:
4614	5501	-	3	1.353267	I:	D:
5498	6754	-	2	1.290712	I:	D:
6961	8055	-	1	1.227130	I:	D:
8073	8873	-	3	1.255678	I:	D:
8948	10291	-	2	1.287472	I:	D:
10469	12439	+	2	1.333506	I:	D:
>YB3_11457
1	2325	-	1	1.329267	I:	D:
2503	3846	+	1	1.282803	I:	D:
3891	4691	+	3	1.256766	I:	D:
4709	5803	+	2	1.225869	I:	D:
5936	7192	+	2	1.269922	I:	D:
7588	7716	+	1	1.216210	I:	D:
7899	9158	-	3	1.277756	I:	D:
9315	10016	-	3	1.286187	I:	D:
10390	10644	-	1	1.256312	I:	D:
>YB3_11473
2	1060	-	2	1.288470	I:	D:
1164	1730	-	3	1.295309	I:	D:
1844	2218	-	2	1.392267	I:	D:
2458	2916	+	1	1.408382	I:	D:
3599	4147	+	2	1.387275	I:	D:
4890	5231	+	3	1.386078	I:	D:
5313	5528	-	3	1.366673	I:	D:
5541	5969	+	3	1.381628	I:	D:
6630	6779	-	3	1.366886	I:	D:
7051	7530	+	1	1.392713	I:	D:
8040	10934	-	3	1.259883	I:	D:
10729	11355	+	1	1.385512	I:	D:
11366	13399	+	2	1.286271	I:	D:
13587	14570	+	3	1.259941	I:	D:
15137	16570	+	2	1.292923	I:	D:
16644	17573	+	3	1.269438	I:	D:
17570	18478	+	2	1.268895	I:	D:
18522	19145	+	3	1.253027	I:	D:
19382	20845	-	2	1.264801	I:	D:
20877	21539	+	3	1.302401	I:	D:
21578	23665	+	2	1.271621	I:	D:
23662	25377	+	1	1.281281	I:	D:
25419	27443	+	3	1.295888	I:	D:
27644	27901	+	2	1.345800	I:	D:
28216	28851	-	1	1.296330	I:	D:
29193	29534	+	3	1.323377	I:	D:
29770	30759	+	1	1.312399	I:	D:
30914	32269	-	2	1.309467	I:	D:
32272	33252	-	1	1.304039	I:	D:
33494	34297	-	2	1.295677	I:	D:
34464	34991	-	3	1.240290	I:	D:
35134	36168	-	1	1.297576	I:	D:
36500	36862	-	2	1.320437	I:	D:
36880	37014	-	1	1.291456	I:	D:
37150	38808	+	1	1.286385	I:	D:
39370	40494	+	1	1.253450	I:	D:
40633	41892	+	1	1.295108	I:	D:
41892	42377	+	3	1.305633	I:	D:
42652	44769	+	1	1.246484	I:	D:
44823	47537	+	3	1.242281	I:	D:
47613	48149	+	3	1.264525	I:	D:
48746	50092	-	2	1.238650	I:	D:
50334	50837	+	3	1.276632	I:	D:
51178	51396	+	1	1.376318	I:	D:
51611	52387	+	2	1.333443	I:	D:
52707	53690	+	3	1.293158	I:	D:
53809	55131	-	1	1.267380	I:	D:
55281	55976	-	3	1.265711	I:	D:
56062	56202	+	1	1.386289	I:	D:
56259	59015	-	3	1.258695	I:	D:
59194	61116	+	1	1.295604	I:	D:
61428	63056	+	3	1.269931	I:	D:
63176	64276	-	2	1.251229	I:	D:
64403	64783	+	2	1.286813	I:	D:
64895	65332	-	2	1.297032	I:	D:
65675	68122	+	2	1.239775	I:	D:
68592	69713	+	3	1.319651	I:	D:
69729	69941	+	3	1.281333	I:	D:
70047	70523	+	3	1.276246	I:	D:
70520	71068	+	2	1.309304	I:	D:
71364	73316	+	3	1.371446	I:	D:
73496	73789	-	2	1.310460	I:	D:
73910	74704	+	2	1.319831	I:	D:
75083	76498	+	2	1.296003	I:	D:
76707	77201	-	3	1.243780	I:	D:
77318	78121	+	2	1.267595	I:	D:
78125	79216	+	2	1.290483	I:	D:
79447	80094	+	1	1.244538	I:	D:
80294	82381	-	2	1.259008	I:	D:
82378	83322	-	1	1.276408	I:	D:
83319	84785	-	3	1.250307	I:	D:
84782	86305	-	2	1.281789	I:	D:
86302	87873	-	1	1.259712	I:	D:
87912	88427	-	3	1.299769	I:	D:
88455	89162	-	3	1.251549	I:	D:
89371	91773	+	1	1.262848	I:	D:
92063	93340	-	2	1.305843	I:	D:
93330	93989	-	3	1.324059	I:	D:
93994	94158	-	1	1.345318	I:	D:
94299	95369	+	3	1.286802	I:	D:
95466	96449	+	3	1.269244	I:	D:
96672	96863	-	3	1.279338	I:	D:
97282	97464	-	1	1.358294	I:	D:
97553	98920	-	2	1.277855	I:	D:
99195	101159	+	3	1.265295	I:	D:
101527	103956	+	1	1.289432	I:	D:
104156	105166	-	2	1.297781	I:	D:
105448	106896	+	1	1.247762	I:	D:
107295	107444	+	3	1.316075	I:	D:
>YB3_11791
3	161	+	3	1.342065	I:	D:
167	946	-	2	1.291197	I:	D:
1164	1544	-	3	1.261749	I:	D:
1674	2378	+	3	1.289916	I:	D:
2714	4063	+	2	1.282494	I:	D:
4466	6226	+	2	1.279094	I:	D:
6400	7458	-	1	1.291170	I:	D:
7638	8648	-	3	1.267422	I:	D:
8991	9845	+	3	1.269083	I:	D:
9842	10684	+	2	1.282001	I:	D:
10817	11455	-	2	1.290880	I:	D:
11885	12487	-	2	1.355845	I:	D:
12625	12771	-	1	1.253253	I:	D:
12869	15145	-	2	1.263238	I:	D:
15327	17063	+	3	1.305490	I:	D:
17068	17952	+	1	1.278096	I:	D:
18338	19177	+	2	1.275135	I:	D:
19316	20344	+	2	1.290803	I:	D:
20385	20612	-	3	1.359223	I:	D:
21005	21247	-	2	1.331366	I:	D:
21256	22191	+	1	1.294739	I:	D:
22308	23234	+	3	1.290172	I:	D:
23467	24144	+	1	1.248526	I:	D:
24532	25329	+	1	1.255839	I:	D:
25393	25539	+	1	1.338843	I:	D:
25685	27556	+	2	1.241317	I:	D:
27559	28200	+	1	1.246358	I:	D:
28268	29299	+	2	1.261171	I:	D:
29305	29970	+	1	1.287398	I:	D:
30234	30521	+	3	1.318919	I:	D:
30848	31540	+	2	1.271634	I:	D:
31899	32585	-	3	1.257922	I:	D:
32909	33070	+	2	1.357961	I:	D:
33139	33468	+	1	1.289261	I:	D:
33788	34852	+	2	1.271047	I:	D:
34911	35288	-	3	1.323127	I:	D:
35272	35847	-	1	1.323479	I:	D:
36086	37948	+	2	1.257226	I:	D:
38249	40417	+	2	1.288833	I:	D:
40440	40601	+	3	1.322530	I:	D:
40598	41302	+	2	1.302847	I:	D:
41440	44502	-	1	1.272003	I:	D:
44863	46422	+	1	1.254746	I:	D:
46786	47910	-	1	1.290450	I:	D:
48205	49512	+	1	1.267952	I:	D:
49744	50718	+	1	1.286402	I:	D:
50772	51674	+	3	1.271186	I:	D:
51780	52712	+	3	1.295915	I:	D:
52717	54855	+	1	1.306479	I:	D:
54926	55738	+	2	1.280155	I:	D:
56029	57366	+	1	1.301148	I:	D:
57460	58476	-	1	1.302255	I:	D:
58609	61065	-	1	1.307782	I:	D:
61177	62487	-	1	1.296154	I:	D:
62737	64989	+	1	1.294792	I:	D:
65314	66498	+	1	1.300918	I:	D:
66697	67518	-	1	1.292673	I:	D:
67630	67818	-	1	1.323729	I:	D:
68336	69433	-	2	1.274023	I:	D:
69833	71695	+	2	1.275975	I:	D:
71726	73513	+	2	1.282970	I:	D:
73708	74430	+	1	1.286710	I:	D:
74594	75472	+	2	1.324153	I:	D:
75390	77033	+	3	1.288720	I:	D:
77119	78351	-	1	1.284500	I:	D:
78595	80016	+	1	1.299425	I:	D:
80110	82470	+	1	1.276226	I:	D:
82592	83548	+	2	1.296447	I:	D:
83781	85958	+	3	1.291968	I:	D:
86160	87044	+	3	1.280405	I:	D:
87155	87946	+	2	1.308846	I:	D:
88065	89249	-	3	1.261217	I:	D:
89246	90571	-	2	1.282713	I:	D:
90787	93255	+	1	1.321706	I:	D:
93304	93657	+	1	1.377940	I:	D:
93755	94405	-	2	1.406950	I:	D:
94624	94827	+	1	1.392586	I:	D:
95092	95331	+	1	1.408051	I:	D:
95427	95720	+	3	1.357642	I:	D:
95757	95972	+	3	1.354827	I:	D:
96054	96395	-	3	1.393322	I:	D:
96459	96680	+	3	1.393213	I:	D:
96785	96985	+	2	1.412567	I:	D:
97138	97686	-	1	1.398010	I:	D:
98317	98499	-	1	1.368458	I:	D:
98560	98712	+	1	1.375762	I:	D:
99067	99423	+	1	1.385810	I:	D:
99522	99797	+	3	1.341336	I:	D:
99941	100222	-	2	1.337811	I:	D:
100302	101051	+	3	1.292967	I:	D:
101285	101488	-	2	1.390831	I:	D:
101702	102271	+	2	1.345230	I:	D:
102403	104103	-	1	1.330127	I:	D:
104243	104416	-	2	1.319279	I:	D:
104788	105729	-	1	1.281267	I:	D:
106035	107420	+	3	1.339179	I:	D:
107651	109465	+	2	1.316834	I:	D:
109487	109702	-	2	1.351110	I:	D:
109721	109858	+	2	1.345990	I:	D:
110312	111304	+	2	1.342924	I:	D:
111348	113036	+	3	1.364260	I:	D:
113078	114751	+	2	1.343485	I:	D:
114814	115881	+	1	1.354267	I:	D:
115959	117830	+	3	1.338590	I:	D:
117921	119069	+	3	1.366026	I:	D:
119088	119831	+	3	1.366885	I:	D:
119847	120914	+	3	1.385077	I:	D:
120983	121819	+	2	1.352178	I:	D:
121819	123078	+	1	1.333164	I:	D:
123147	124910	+	3	1.337524	I:	D:
124999	126297	+	1	1.389348	I:	D:
126368	127282	-	2	1.323856	I:	D:
127469	129499	+	2	1.356731	I:	D:
129613	130791	+	1	1.257627	I:	D:
>YB3_12138
1	153	+	1	1.219650	I:	D:
335	898	+	2	1.238609	I:	D:
921	1364	+	3	1.301336	I:	D:
1452	2669	+	3	1.277952	I:	D:
2662	6042	+	1	1.251262	I:	D:
6045	6986	+	3	1.304616	I:	D:
7059	7646	+	3	1.307792	I:	D:
7794	9653	-	3	1.252271	I:	D:
9866	10150	+	2	1.262708	I:	D:
10327	11559	+	1	1.296740	I:	D:
11556	13787	+	3	1.310118	I:	D:
13866	14576	+	3	1.270472	I:	D:
14673	15635	+	3	1.277619	I:	D:
15773	16447	-	2	1.292400	I:	D:
16533	18125	+	3	1.271631	I:	D:
18169	19752	+	1	1.303553	I:	D:
19885	20715	+	1	1.300437	I:	D:
20801	20992	+	2	1.284481	I:	D:
20992	22458	+	1	1.306693	I:	D:
22600	23400	-	1	1.298720	I:	D:
23397	23756	-	3	1.292918	I:	D:
23903	24184	-	2	1.242602	I:	D:
24338	26773	-	2	1.310538	I:	D:
26916	28358	-	3	1.265328	I:	D:
28475	29956	-	2	1.300214	I:	D:
29953	30276	-	1	1.353723	I:	D:
30431	30997	-	2	1.283729	I:	D:
30994	32013	-	1	1.304184	I:	D:
32010	33077	-	3	1.298997	I:	D:
33078	33605	-	3	1.310527	I:	D:
33602	34555	-	2	1.311257	I:	D:
34552	35619	-	1	1.291207	I:	D:
35638	36348	-	1	1.310400	I:	D:
36517	37203	+	1	1.304752	I:	D:
37480	39096	+	1	1.220326	I:	D:
39227	39733	-	2	1.337831	I:	D:
39624	40499	+	3	1.299733	I:	D:
40503	41234	+	3	1.297598	I:	D:
41246	43075	+	2	1.302979	I:	D:
43234	43623	+	1	1.287558	I:	D:
43627	44808	+	1	1.291927	I:	D:
44884	45900	-	1	1.297946	I:	D:
46042	48627	+	1	1.247158	I:	D:
48729	50054	-	3	1.293150	I:	D:
50238	51776	+	3	1.318765	I:	D:
51886	53298	+	1	1.274527	I:	D:
53448	54206	+	3	1.279955	I:	D:
54380	55816	-	2	1.245356	I:	D:
55933	57324	+	1	1.281975	I:	D:
57372	59171	+	3	1.256299	I:	D:
59330	60883	+	2	1.281465	I:	D:
60880	61644	+	1	1.262077	I:	D:
61821	61955	+	3	1.333773	I:	D:
62096	62893	+	2	1.266666	I:	D:
62933	63772	+	2	1.287282	I:	D:
63772	64449	+	1	1.261129	I:	D:
64456	65598	+	1	1.285803	I:	D:
65954	66487	-	2	1.344603	I:	D:
66568	66708	-	1	1.369392	I:	D:
66751	69333	-	1	1.271330	I:	D:
69393	70787	+	3	1.297054	I:	D:
70869	72449	+	3	1.278982	I:	D:
72549	74207	+	3	1.280531	I:	D:
74312	74932	+	2	1.249212	I:	D:
74935	75636	+	1	1.258527	I:	D:
75752	77095	+	2	1.300875	I:	D:
77811	79181	+	3	1.296751	I:	D:
79310	79981	-	2	1.307032	I:	D:
79986	80915	-	3	1.287537	I:	D:
80974	82896	-	1	1.271255	I:	D:
82983	84353	-	3	1.330658	I:	D:
84350	85879	-	2	1.316961	I:	D:
85879	86331	-	1	1.291943	I:	D:
86504	87466	-	2	1.288609	I:	D:
87709	89022	+	1	1.230281	I:	D:
89289	89840	+	3	1.244170	I:	D:
89954	91570	+	2	1.293394	I:	D:
91570	92388	+	1	1.298140	I:	D:
92397	93416	+	3	1.295760	I:	D:
93549	94340	+	3	1.301716	I:	D:
>YB3_12186
120	1577	+	3	1.273167	I:	D:
1615	3315	-	1	1.316498	I:	D:
3377	4048	-	2	1.334721	I:	D:
4251	5795	+	3	1.311041	I:	D:
5849	6085	+	2	1.344356	I:	D:
6169	7332	+	1	1.307535	I:	D:
7452	8006	-	3	1.279722	I:	D:
8162	8743	+	2	1.291358	I:	D:
>YB3_12231
242	2404	-	2	1.271589	I:	D:
2474	3181	-	2	1.299491	I:	D:
3236	3874	-	2	1.296970	I:	D:
3940	4926	-	1	1.264258	I:	D:
5006	6370	-	2	1.294246	I:	D:
6438	7742	-	3	1.314316	I:	D:
8177	8407	+	2	1.394125	I:	D:
8619	8789	-	3	1.351494	I:	D:
>YB3_13723
2	1255	-	2	1.278380	I:	D:
1287	1454	+	3	1.371759	I:	D:
1458	1706	-	3	1.236827	I:	D:
1864	2622	-	1	1.245841	I:	D:
2688	4160	-	3	1.278975	I:	D:
4162	5736	-	1	1.278384	I:	D:
6030	7856	-	3	1.307817	I:	D:
8050	8388	-	1	1.246884	I:	D:
8390	10099	-	2	1.294894	I:	D:
10178	11440	-	2	1.255388	I:	D:
11499	12365	+	3	1.285289	I:	D:
12671	13702	+	2	1.283036	I:	D:
14057	15802	-	2	1.294601	I:	D:
16157	16429	-	2	1.318178	I:	D:
16679	18292	+	2	1.272474	I:	D:
19179	19415	+	3	1.291008	I:	D:
19576	20847	-	1	1.280984	I:	D:
20771	21157	+	2	1.386489	I:	D:
21220	23967	+	1	1.256824	I:	D:
23964	26156	+	3	1.259260	I:	D:
26153	26806	+	2	1.300712	I:	D:
26943	27500	-	3	1.270938	I:	D:
27557	28378	-	2	1.276161	I:	D:
28381	29640	-	1	1.267529	I:	D:
29727	31082	-	3	1.282873	I:	D:
31099	32370	-	1	1.297212	I:	D:
32483	32656	-	2	1.387004	I:	D:
32716	33378	-	1	1.262775	I:	D:
33468	35231	-	3	1.263224	I:	D:
35268	35402	-	3	1.359786	I:	D:
35624	37171	-	2	1.292155	I:	D:
36891	38105	+	3	1.307166	I:	D:
38191	40023	-	1	1.262305	I:	D:
40025	41992	-	2	1.254304	I:	D:
42298	42792	-	1	1.287223	I:	D:
42909	43961	-	3	1.311136	I:	D:
44517	44711	+	3	1.215217	I:	D:
44839	45552	+	1	1.281693	I:	D:
45641	46555	+	2	1.257567	I:	D:
46682	48196	-	2	1.278760	I:	D:
48198	48560	+	3	1.356411	I:	D:
48576	49301	-	3	1.378393	I:	D:
49797	50351	-	3	1.285973	I:	D:
50385	50633	+	3	1.396961	I:	D:
50659	52212	-	1	1.249262	I:	D:
52358	55927	-	2	1.302090	I:	D:
56234	57244	-	2	1.305904	I:	D:
57241	57732	-	1	1.299961	I:	D:
58028	59494	+	2	1.292275	I:	D:
59615	62617	-	2	1.280018	I:	D:
62834	64303	+	2	1.247919	I:	D:
64319	64585	+	2	1.315801	I:	D:
64616	65650	-	2	1.283771	I:	D:
65879	66166	-	2	1.232351	I:	D:
66524	68341	-	2	1.299321	I:	D:
68483	69523	-	2	1.262271	I:	D:
69879	70979	-	3	1.261251	I:	D:
71239	72435	-	1	1.259504	I:	D:
>YB3_13829
112	924	-	1	1.244923	I:	D:
969	1847	-	3	1.277294	I:	D:
1933	3219	-	1	1.267314	I:	D:
3559	5460	+	1	1.288708	I:	D:
5831	6457	-	2	1.274566	I:	D:
>YB3_14060
3	365	+	3	1.289953	I:	D:
567	773	+	3	1.356415	I:	D:
797	1096	+	2	1.328676	I:	D:
1118	4960	+	2	1.306293	I:	D:
5189	5833	+	2	1.269964	I:	D:
5927	8296	+	2	1.305846	I:	D:
8368	8673	+	1	1.243278	I:	D:
8799	9566	-	3	1.267336	I:	D:
9551	9736	+	2	1.383144	I:	D:
9786	10799	+	3	1.258791	I:	D:
11042	11809	+	2	1.259710	I:	D:
11954	13129	+	2	1.289273	I:	D:
13207	14016	-	1	1.279880	I:	D:
14119	15780	-	1	1.285725	I:	D:
15919	18105	-	1	1.316743	I:	D:
18214	21537	+	1	1.292528	I:	D:
21609	24338	+	3	1.308409	I:	D:
24384	25553	+	3	1.291450	I:	D:
25834	26445	+	1	1.280986	I:	D:
26540	28045	+	2	1.304226	I:	D:
28047	28889	+	3	1.302870	I:	D:
29023	30390	-	1	1.268934	I:	D:
30542	31144	+	2	1.270820	I:	D:
31251	32732	+	3	1.300514	I:	D:
32837	33619	+	2	1.257504	I:	D:
33700	33873	-	1	1.377068	I:	D:
33968	35404	+	2	1.250881	I:	D:
35537	36079	-	2	1.286760	I:	D:
36364	36657	-	1	1.359689	I:	D:
36635	37507	+	2	1.316908	I:	D:
37573	38640	+	1	1.247290	I:	D:
38648	41257	+	2	1.262853	I:	D:
41282	42010	+	2	1.318151	I:	D:
42156	43250	+	3	1.309419	I:	D:
43247	44419	+	2	1.298746	I:	D:
44430	45386	+	3	1.278460	I:	D:
45376	46671	+	1	1.277382	I:	D:
46721	47689	+	2	1.252425	I:	D:
47689	48204	+	1	1.260163	I:	D:
48300	49538	+	3	1.257389	I:	D:
49649	51136	+	2	1.253603	I:	D:
51169	51678	+	1	1.354188	I:	D:
51691	52494	+	1	1.323470	I:	D:
52593	54437	-	3	1.315609	I:	D:
54608	55915	+	2	1.267860	I:	D:
56000	57643	+	2	1.270605	I:	D:
57658	58683	+	1	1.289205	I:	D:
58694	59476	+	2	1.317893	I:	D:
59903	60262	-	2	1.348823	I:	D:
60451	60978	+	1	1.414096	I:	D:
62083	62508	+	1	1.317311	I:	D:
62879	63559	-	2	1.256658	I:	D:
63620	65083	-	2	1.286549	I:	D:
65166	66290	+	3	1.319433	I:	D:
66299	68005	+	2	1.287218	I:	D:
68038	68697	+	1	1.285716	I:	D:
68793	69461	-	3	1.282774	I:	D:
>YB3_15391
1	1665	+	1	1.259849	I:	D:
1863	3533	+	3	1.275054	I:	D:
3622	4851	+	1	1.248064	I:	D:
5130	6965	+	3	1.328716	I:	D:
7076	8467	-	2	1.273977	I:	D:
8525	9106	-	2	1.264293	I:	D:
9237	11954	+	3	1.310194	I:	D:
12074	12472	+	2	1.248323	I:	D:
12479	13693	+	2	1.279391	I:	D:
13693	14529	+	1	1.307735	I:	D:
14808	15434	+	3	1.266924	I:	D:
15562	15927	-	1	1.322944	I:	D:
15972	16655	+	3	1.316696	I:	D:
16751	17134	+	2	1.280450	I:	D:
17134	17370	+	1	1.296469	I:	D:
17460	20138	+	3	1.258500	I:	D:
20149	20622	+	1	1.354415	I:	D:
20619	21803	+	3	1.301560	I:	D:
21806	22303	-	2	1.332659	I:	D:
22324	23517	+	1	1.297130	I:	D:
23525	25153	+	2	1.298423	I:	D:
25174	25623	+	1	1.285590	I:	D:
26030	31288	+	2	1.272196	I:	D:
31421	33082	+	2	1.267207	I:	D:
33235	34911	+	1	1.331986	I:	D:
35092	36588	+	1	1.288040	I:	D:
36594	37817	+	3	1.295459	I:	D:
37836	38615	+	3	1.255415	I:	D:
38612	39886	+	2	1.276673	I:	D:
39892	40443	+	1	1.295963	I:	D:
40587	41174	+	3	1.297656	I:	D:
41376	42620	-	3	1.279996	I:	D:
42768	43670	-	3	1.293492	I:	D:
43855	44706	+	1	1.301059	I:	D:
44791	45126	+	1	1.273983	I:	D:
45166	46305	+	1	1.302069	I:	D:
46302	46847	+	3	1.300428	I:	D:
46897	48318	+	1	1.285883	I:	D:
48311	49309	+	2	1.284738	I:	D:
49404	51440	-	3	1.288120	I:	D:
51677	52822	+	2	1.265463	I:	D:
52826	53131	+	2	1.237683	I:	D:
53132	54577	+	2	1.244293	I:	D:
54823	56190	+	1	1.354271	I:	D:
56260	56475	-	1	1.362674	I:	D:
56845	58128	-	1	1.358627	I:	D:
58203	58859	-	3	1.328085	I:	D:
58837	59046	-	1	1.361460	I:	D:
59358	59591	+	3	1.353917	I:	D:
59678	59821	+	2	1.300618	I:	D:
>YB3_16462
1	354	+	1	1.245260	I:	D:
367	495	+	1	1.341073	I:	D:
554	742	+	2	1.208671	I:	D:
1025	1297	+	2	1.244880	I:	D:
1364	2728	+	2	1.254698	I:	D:
3092	3757	-	2	1.268984	I:	D:
3774	4721	+	3	1.318058	I:	D:
4773	5420	+	3	1.324856	I:	D:
5515	9144	+	1	1.251295	I:	D:
9236	13249	+	2	1.247061	I:	D:
13456	14121	+	1	1.324428	I:	D:
14310	15062	-	3	1.282324	I:	D:
15254	17716	-	2	1.307726	I:	D:
17713	18897	-	1	1.305740	I:	D:
19023	20360	-	3	1.280409	I:	D:
20421	26507	-	3	1.295448	I:	D:
26562	28121	-	3	1.315882	I:	D:
28171	28482	-	1	1.410823	I:	D:
28403	32548	+	2	1.287330	I:	D:
32545	36678	+	1	1.287253	I:	D:
36827	38203	+	2	1.302670	I:	D:
38290	39042	+	1	1.250712	I:	D:
39172	39465	-	1	1.303204	I:	D:
39600	42560	+	3	1.308287	I:	D:
43012	43971	+	1	1.279493	I:	D:
44136	46247	+	3	1.279908	I:	D:
46443	49052	+	3	1.260196	I:	D:
49459	50841	+	1	1.267181	I:	D:
50905	51561	+	1	1.233710	I:	D:
52018	53595	+	1	1.303755	I:	D:
>YB3_16675
1	186	+	1	1.343833	I:	D:
183	1694	+	3	1.300600	I:	D:
1691	3298	+	2	1.322111	I:	D:
3351	4379	+	3	1.340795	I:	D:
4464	5429	-	3	1.345423	I:	D:
5542	5787	-	1	1.360988	I:	D:
5934	6761	+	3	1.360651	I:	D:
7213	7869	+	1	1.369651	I:	D:
8148	9425	+	3	1.361970	I:	D:
9422	9694	+	2	1.357687	I:	D:
9710	9967	+	2	1.353310	I:	D:
10400	10531	+	2	1.388621	I:	D:
10843	11388	-	1	1.391073	I:	D:
11393	12346	-	2	1.385414	I:	D:
12466	12675	+	1	1.330991	I:	D:
12732	13196	+	3	1.341499	I:	D:
13217	13504	+	2	1.318498	I:	D:
13507	14325	+	1	1.326916	I:	D:
14371	14682	+	1	1.348240	I:	D:
15319	15492	+	1	1.368112	I:	D:
15536	16270	+	2	1.362760	I:	D:
16558	16914	+	1	1.348242	I:	D:
16877	17512	+	2	1.338239	I:	D:
17547	17933	+	3	1.308876	I:	D:
18513	18800	-	3	1.332640	I:	D:
18809	19222	+	2	1.366013	I:	D:
19262	20266	-	2	1.375436	I:	D:
20869	21099	+	1	1.351491	I:	D:
21229	21591	-	1	1.264327	I:	D:
21879	22313	-	3	1.331671	I:	D:
22410	23426	-	3	1.323236	I:	D:
23641	25086	+	1	1.295678	I:	D:
25264	26151	+	1	1.305834	I:	D:
26148	26969	+	3	1.305761	I:	D:
26982	29681	+	3	1.301145	I:	D:
29808	31463	+	3	1.340680	I:	D:
31553	31927	+	2	1.347141	I:	D:
32211	32711	+	3	1.280399	I:	D:
32884	33882	-	1	1.297864	I:	D:
34129	34494	-	1	1.263229	I:	D:
34601	35305	+	2	1.311151	I:	D:
35437	36285	+	1	1.289974	I:	D:
36418	37506	+	1	1.284106	I:	D:
37562	37966	+	2	1.254365	I:	D:
38076	39311	+	3	1.291018	I:	D:
39385	41910	+	1	1.298961	I:	D:
42043	43083	+	1	1.261394	I:	D:
43256	43999	+	2	1.312776	I:	D:
44110	45141	+	1	1.317595	I:	D:
45313	46038	+	1	1.284330	I:	D:
46140	48443	+	3	1.298717	I:	D:
48518	49774	+	2	1.288438	I:	D:
49898	51046	-	2	1.276743	I:	D:
51219	52040	+	3	1.296036	I:	D:
52046	52831	+	2	1.272364	I:	D:
>YB3_17270
127	540	-	1	1.382569	I:	D:
540	1541	-	3	1.377616	I:	D:
2724	3839	-	3	1.383722	I:	D:
3823	4953	-	1	1.343125	I:	D:
5063	5386	+	2	1.395453	I:	D:
5413	6180	+	1	1.329268	I:	D:
6259	7368	+	1	1.409952	I:	D:
7447	8517	+	1	1.344445	I:	D:
8514	9617	+	3	1.332370	I:	D:
9652	10677	+	1	1.396954	I:	D:
10830	11834	+	3	1.384115	I:	D:
11827	13266	+	1	1.387423	I:	D:
13363	14394	+	1	1.316207	I:	D:
14527	15024	-	1	1.324543	I:	D:
15106	16566	-	1	1.324260	I:	D:
16747	17100	+	1	1.331239	I:	D:
17138	17272	-	2	1.343581	I:	D:
17309	18646	-	2	1.327141	I:	D:
19047	20636	-	3	1.350525	I:	D:
20713	22185	-	1	1.319491	I:	D:
22330	22779	+	1	1.303007	I:	D:
22776	24137	+	3	1.309677	I:	D:
24204	24824	-	3	1.340190	I:	D:
25028	26044	-	2	1.367672	I:	D:
25950	26312	+	3	1.379113	I:	D:
26347	26670	+	1	1.265122	I:	D:
26689	28230	-	1	1.318882	I:	D:
28421	29110	+	2	1.365991	I:	D:
29156	29728	+	2	1.284417	I:	D:
29739	30545	-	3	1.296031	I:	D:
30586	31440	-	1	1.277873	I:	D:
31687	33018	+	1	1.327271	I:	D:
33268	34344	-	1	1.294985	I:	D:
34496	36586	-	2	1.260535	I:	D:
36832	37845	-	1	1.260505	I:	D:
37903	38838	-	1	1.262838	I:	D:
39125	39907	-	2	1.257301	I:	D:
39904	40803	-	1	1.347001	I:	D:
40992	41735	-	3	1.278274	I:	D:
41849	42724	-	2	1.233843	I:	D:
43088	47341	-	2	1.303039	I:	D:
47357	47530	-	2	1.342215	I:	D:
47922	49745	+	3	1.280402	I:	D:
50063	51580	-	2	1.252285	I:	D:
51725	52423	-	2	1.287282	I:	D:
52461	54098	-	3	1.254506	I:	D:
54356	55474	-	2	1.294775	I:	D:
55551	57023	-	3	1.288847	I:	D:
57020	58024	-	2	1.273513	I:	D:
58222	59721	-	1	1.274234	I:	D:
59742	61301	-	3	1.268356	I:	D:
61307	63097	-	2	1.255755	I:	D:
63129	64721	-	3	1.298706	I:	D:
64836	65225	-	3	1.235600	I:	D:
65251	65451	+	1	1.390927	I:	D:
65705	66343	+	2	1.298770	I:	D:
66440	67408	-	2	1.260692	I:	D:
67512	68510	-	3	1.289771	I:	D:
68510	69736	-	2	1.292254	I:	D:
69794	70774	+	2	1.306070	I:	D:
70835	71539	-	2	1.275837	I:	D:
71720	71998	-	2	1.282240	I:	D:
71998	73479	-	1	1.265261	I:	D:
73488	74408	-	3	1.286185	I:	D:
74412	76040	-	3	1.270101	I:	D:
76112	76939	-	2	1.277477	I:	D:
76969	77490	-	1	1.239950	I:	D:
77547	77774	-	3	1.218426	I:	D:
77831	78640	-	2	1.287679	I:	D:
79112	80146	-	2	1.296106	I:	D:
80705	82111	+	2	1.288436	I:	D:
82337	83431	-	2	1.299611	I:	D:
83604	85448	-	3	1.266222	I:	D:
85631	86725	-	2	1.301461	I:	D:
86836	89124	+	1	1.261297	I:	D:
89269	89763	+	1	1.253764	I:	D:
89813	90265	+	2	1.395489	I:	D:
90322	90888	+	1	1.266870	I:	D:
91044	91802	-	3	1.279510	I:	D:
91977	92738	+	3	1.280949	I:	D:
92875	93540	+	1	1.326620	I:	D:
93583	95145	+	1	1.269449	I:	D:
95274	98060	+	3	1.255447	I:	D:
98233	100362	-	1	1.306116	I:	D:
100461	100874	-	3	1.256937	I:	D:
100899	101375	-	3	1.284022	I:	D:
101827	103959	-	1	1.263232	I:	D:
103964	104158	-	2	1.384996	I:	D:
104286	105875	-	3	1.277110	I:	D:
106135	106446	-	1	1.292647	I:	D:
106446	107549	-	3	1.283160	I:	D:
107860	109356	-	1	1.249865	I:	D:
109382	110911	-	2	1.258057	I:	D:
110913	111419	-	3	1.322909	I:	D:
112096	113052	+	1	1.368033	I:	D:
113487	114446	-	3	1.304953	I:	D:
114498	115148	-	3	1.279189	I:	D:
115212	116546	-	3	1.266742	I:	D:
116719	117603	+	1	1.301706	I:	D:
117758	120556	-	2	1.252576	I:	D:
120695	121555	-	2	1.274546	I:	D:
121647	122471	-	3	1.256678	I:	D:
122706	123170	-	3	1.350741	I:	D:
123321	124454	+	3	1.296838	I:	D:
124527	125471	-	3	1.316956	I:	D:
125679	126407	-	3	1.266504	I:	D:
126450	126662	+	3	1.380601	I:	D:
127266	127712	-	3	1.259170	I:	D:
127732	127980	-	1	1.276392	I:	D:
128041	128700	-	1	1.280803	I:	D:
128757	129044	-	3	1.248511	I:	D:
129309	130322	+	3	1.261312	I:	D:
130500	131477	-	3	1.262947	I:	D:
131598	132554	-	3	1.241360	I:	D:
132825	133883	-	3	1.308223	I:	D:
134086	134559	+	1	1.260324	I:	D:
134960	135250	+	2	1.261385	I:	D:
135265	135573	+	1	1.359452	I:	D:
136143	137198	-	3	1.308774	I:	D:
137365	138732	+	1	1.304086	I:	D:
138974	141580	+	2	1.356055	I:	D:
141642	142820	-	3	1.260923	I:	D:
142934	144964	-	2	1.356696	I:	D:
145151	146065	+	2	1.327541	I:	D:
146136	147434	-	3	1.392942	I:	D:
147523	149286	-	1	1.336274	I:	D:
149355	150614	-	3	1.332108	I:	D:
150614	151450	-	2	1.354735	I:	D:
151519	152586	-	1	1.388362	I:	D:
152602	153345	-	1	1.360983	I:	D:
153364	154512	-	1	1.362364	I:	D:
154603	155367	-	1	1.346269	I:	D:
>YB3_17301
98	370	+	2	1.408718	I:	D:
414	1871	+	3	1.276687	I:	D:
1909	2229	-	1	1.333169	I:	D:
2268	2405	+	3	1.275762	I:	D:
2548	2706	+	1	1.394811	I:	D:
2824	3063	+	1	1.296404	I:	D:
3122	3946	+	2	1.305170	I:	D:
4157	5665	-	2	1.281259	I:	D:
5278	6573	-	1	1.307242	I:	D:
6601	6762	+	1	1.369169	I:	D:
6772	7689	+	1	1.284631	I:	D:
7701	8297	+	3	1.305375	I:	D:
8335	8925	+	1	1.244264	I:	D:
9046	9882	+	1	1.291251	I:	D:
9955	10701	+	1	1.302384	I:	D:
10918	11730	+	1	1.300971	I:	D:
11895	13184	+	3	1.233257	I:	D:
13535	14245	+	2	1.287298	I:	D:
14352	16424	+	3	1.277747	I:	D:
16565	17353	-	2	1.276445	I:	D:
17350	18186	-	1	1.324449	I:	D:
18312	18551	-	3	1.354250	I:	D:
18603	20006	+	3	1.307599	I:	D:
20031	22577	+	3	1.310353	I:	D:
22664	24127	+	2	1.265389	I:	D:
24262	25059	-	1	1.329485	I:	D:
25417	26604	+	1	1.323838	I:	D:
26731	28302	+	1	1.298829	I:	D:
28299	29255	+	3	1.295505	I:	D:
29286	30077	+	3	1.284936	I:	D:
30562	31032	+	1	1.265976	I:	D:
31144	31995	-	1	1.355431	I:	D:
32248	33045	+	1	1.308435	I:	D:
33042	33377	+	3	1.271254	I:	D:
33577	35985	+	1	1.266233	I:	D:
35985	36212	+	3	1.346565	I:	D:
36353	37678	-	2	1.325462	I:	D:
37727	40993	+	2	1.287944	I:	D:
41099	41611	+	2	1.327836	I:	D:
41699	42298	+	2	1.287439	I:	D:
42288	45836	+	3	1.294444	I:	D:
46142	46486	+	2	1.317950	I:	D:
46541	46873	-	2	1.373292	I:	D:
47152	47367	+	1	1.260159	I:	D:
47446	48009	+	1	1.325797	I:	D:
48018	48584	+	3	1.285350	I:	D:
48612	49607	+	3	1.284743	I:	D:
49831	50406	+	1	1.299121	I:	D:
50440	51900	+	1	1.320511	I:	D:
51952	52359	+	1	1.263506	I:	D:
52402	52881	+	1	1.258035	I:	D:
53008	53949	-	1	1.305331	I:	D:
53617	55515	+	1	1.286309	I:	D:
55618	55971	-	1	1.290455	I:	D:
56002	57768	-	1	1.338957	I:	D:
57861	59291	-	3	1.303140	I:	D:
58988	59242	+	2	1.340886	I:	D:
59364	60818	-	3	1.311234	I:	D:
61058	61357	+	2	1.333776	I:	D:
61391	64492	+	2	1.322706	I:	D:
64489	66021	+	1	1.313814	I:	D:
66022	66462	-	1	1.332586	I:	D:
66496	67335	+	1	1.323011	I:	D:
67383	68105	+	3	1.353987	I:	D:
68119	69195	-	1	1.288934	I:	D:
69215	69943	-	2	1.276908	I:	D:
69959	72214	-	2	1.281587	I:	D:
72352	72948	+	1	1.280917	I:	D:
72957	73454	+	3	1.311549	I:	D:
73491	74327	-	3	1.300248	I:	D:
74330	75223	-	2	1.297873	I:	D:
75420	76508	-	3	1.313425	I:	D:
76649	77524	+	2	1.279846	I:	D:
77693	79168	+	2	1.264513	I:	D:
79278	79931	+	3	1.323585	I:	D:
79915	82026	+	1	1.287040	I:	D:
82065	83048	+	3	1.285356	I:	D:
83065	84663	+	1	1.276541	I:	D:
84998	85258	+	2	1.371138	I:	D:
85455	85682	-	3	1.400129	I:	D:
85819	87072	-	1	1.342388	I:	D:
87194	88213	-	2	1.324835	I:	D:
88393	89157	+	1	1.264846	I:	D:
89147	91999	+	2	1.311282	I:	D:
92061	92969	+	3	1.294537	I:	D:
92976	93635	+	3	1.298723	I:	D:
93697	95841	+	1	1.286766	I:	D:
95958	97127	-	3	1.318701	I:	D:
97292	97759	+	2	1.382903	I:	D:
97782	97928	+	3	1.350918	I:	D:
98204	98359	+	2	1.432199	I:	D:
98459	98674	+	2	1.394181	I:	D:
98817	98948	+	3	1.334439	I:	D:
99097	100023	-	1	1.367724	I:	D:
100081	100299	-	1	1.334138	I:	D:
100315	100554	+	1	1.305408	I:	D:
100755	101009	-	3	1.313812	I:	D:
101014	101226	+	1	1.297392	I:	D:
101228	101458	+	2	1.294831	I:	D:
101523	101810	+	3	1.305277	I:	D:
101860	103563	-	1	1.325575	I:	D:
103612	105939	-	1	1.335952	I:	D:
106228	107394	+	1	1.401958	I:	D:
107730	107867	+	3	1.369709	I:	D:
107906	109246	+	2	1.304139	I:	D:
109492	110325	-	1	1.260321	I:	D:
>YB3_17525
2	712	+	2	1.302572	I:	D:
782	2944	+	2	1.275500	I:	D:
3275	3724	+	2	1.271246	I:	D:
3745	4236	+	1	1.260031	I:	D:
4325	6772	-	2	1.301224	I:	D:
7085	7486	+	2	1.263699	I:	D:
7647	7976	-	3	1.270336	I:	D:
>YB3_17527
170	1297	-	2	1.302120	I:	D:
1408	1731	-	1	1.326541	I:	D:
1752	1958	+	3	1.290362	I:	D:
2117	2398	+	2	1.303133	I:	D:
2477	2827	+	2	1.257905	I:	D:
2985	3422	+	3	1.292135	I:	D:
3617	3895	-	2	1.292218	I:	D:
3910	5013	-	1	1.301168	I:	D:
5099	5488	-	2	1.308389	I:	D:
5539	5835	-	1	1.281467	I:	D:
5938	6330	-	1	1.312069	I:	D:
6355	6678	-	1	1.301431	I:	D:
6675	7283	-	3	1.293021	I:	D:
7285	8118	-	1	1.275053	I:	D:
8278	8841	-	1	1.322206	I:	D:
8854	12027	-	1	1.300962	I:	D:
12033	12851	-	3	1.327272	I:	D:
12876	16145	-	3	1.283229	I:	D:
16157	16354	-	2	1.278924	I:	D:
16474	16893	-	1	1.285840	I:	D:
17007	17600	-	3	1.292604	I:	D:
17674	18093	-	1	1.332853	I:	D:
18090	18368	-	3	1.283965	I:	D:
18373	18768	-	1	1.327133	I:	D:
18765	19280	-	3	1.305721	I:	D:
19295	20518	-	2	1.262829	I:	D:
20534	21280	-	2	1.268407	I:	D:
21277	22683	-	1	1.306315	I:	D:
22709	24322	-	2	1.300895	I:	D:
24337	24963	-	1	1.315217	I:	D:
24972	25553	-	3	1.352869	I:	D:
25621	26202	-	1	1.327918	I:	D:
26314	26610	-	1	1.347874	I:	D:
26791	27051	+	1	1.372141	I:	D:
27129	27851	-	3	1.312906	I:	D:
28018	28176	-	1	1.299088	I:	D:
28190	28675	-	2	1.319454	I:	D:
28803	29111	-	3	1.370284	I:	D:
29127	31532	-	3	1.303357	I:	D:
31626	31841	+	3	1.378007	I:	D:
31862	32977	-	2	1.260730	I:	D:
32635	33558	-	1	1.286407	I:	D:
33736	34071	-	1	1.277938	I:	D:
34075	34428	-	1	1.268390	I:	D:
34439	34915	-	2	1.338475	I:	D:
34912	35499	-	1	1.264476	I:	D:
35672	35890	-	2	1.353282	I:	D:
35887	36198	-	1	1.301683	I:	D:
36352	36570	+	1	1.365808	I:	D:
36639	36866	-	3	1.298358	I:	D:
37257	37481	-	3	1.275931	I:	D:
37504	37752	-	1	1.276177	I:	D:
37867	38244	+	1	1.334847	I:	D:
38207	38659	+	2	1.337920	I:	D:
38696	38986	+	2	1.309631	I:	D:
39046	39837	-	1	1.298777	I:	D:
40164	40661	+	3	1.275503	I:	D:
40717	41790	-	1	1.297695	I:	D:
41910	42839	+	3	1.306162	I:	D:
42592	44361	+	1	1.338358	I:	D:
44485	45936	-	1	1.283958	I:	D:
45933	46658	-	3	1.259121	I:	D:
46785	47432	-	3	1.272105	I:	D:
47529	48311	-	3	1.272073	I:	D:
48311	48910	-	2	1.250612	I:	D:
48970	50145	-	1	1.250871	I:	D:
50142	51542	-	3	1.247116	I:	D:
51649	55239	-	1	1.289367	I:	D:
55274	56212	-	2	1.303240	I:	D:
56209	56757	-	1	1.293027	I:	D:
56779	58542	-	1	1.271511	I:	D:
58546	58827	-	1	1.331371	I:	D:
58921	59400	-	1	1.283567	I:	D:
59431	60675	-	1	1.260485	I:	D:
60853	62082	-	1	1.295505	I:	D:
62112	63587	-	3	1.264009	I:	D:
63669	64280	-	3	1.272540	I:	D:
64293	64529	-	3	1.300930	I:	D:
64578	64823	+	3	1.397221	I:	D:
65026	65766	-	1	1.322953	I:	D:
65774	66307	-	2	1.247652	I:	D:
66174	66959	+	3	1.299239	I:	D:
66820	67668	+	1	1.289398	I:	D:
67712	70660	+	2	1.308299	I:	D:
70850	71719	+	2	1.276206	I:	D:
71849	72601	+	2	1.273672	I:	D:
72670	73512	+	1	1.271340	I:	D:
73580	73945	+	2	1.243554	I:	D:
74046	75089	+	3	1.287941	I:	D:
75290	76702	+	2	1.264577	I:	D:
76849	78405	+	1	1.262736	I:	D:
78634	79554	+	1	1.299900	I:	D:
79842	80942	+	3	1.289385	I:	D:
81132	82409	+	3	1.322301	I:	D:
82471	83262	-	1	1.294333	I:	D:
83268	83996	-	3	1.314243	I:	D:
84087	85799	-	3	1.309739	I:	D:
85893	87089	-	3	1.280719	I:	D:
87177	88355	-	3	1.292563	I:	D:
88447	90012	-	1	1.308474	I:	D:
90519	90935	-	3	1.253777	I:	D:
91031	91933	-	2	1.313184	I:	D:
91991	93568	+	2	1.281956	I:	D:
93591	95099	-	3	1.313325	I:	D:
95043	96764	+	3	1.299752	I:	D:
96825	97049	+	3	1.216694	I:	D:
97178	98104	-	2	1.303812	I:	D:
98197	98862	+	1	1.301317	I:	D:
98979	99878	-	3	1.260797	I:	D:
99977	100753	+	2	1.294830	I:	D:
100836	101000	+	3	1.245556	I:	D:
101145	102794	+	3	1.287358	I:	D:
102925	103863	-	1	1.286645	I:	D:
104028	104876	+	3	1.272763	I:	D:
104890	105906	+	1	1.297490	I:	D:
106107	107333	+	3	1.281656	I:	D:
107470	108138	+	1	1.349334	I:	D:
108470	108601	-	2	1.352888	I:	D:
108395	108754	+	2	1.395329	I:	D:
108782	108928	-	2	1.351964	I:	D:
108967	109350	+	1	1.383657	I:	D:
109682	109999	+	2	1.387480	I:	D:
110105	110941	+	2	1.409984	I:	D:
111203	111475	+	2	1.375227	I:	D:
111801	111977	-	3	1.375420	I:	D:
111903	112445	+	3	1.400779	I:	D:
112853	113122	+	2	1.385832	I:	D:
113683	114180	+	1	1.385545	I:	D:
114343	114894	+	1	1.401102	I:	D:
114898	115128	+	1	1.374465	I:	D:
115128	115556	+	3	1.395175	I:	D:
115708	115923	-	1	1.388897	I:	D:
115960	116997	-	1	1.369763	I:	D:
117007	117699	-	1	1.361414	I:	D:
117713	118462	-	2	1.360406	I:	D:
118481	119596	-	2	1.326819	I:	D:
119650	120297	-	1	1.375285	I:	D:
120334	121986	-	1	1.346104	I:	D:
122205	125111	-	3	1.373739	I:	D:
125903	129214	-	2	1.262008	I:	D:
129259	129453	+	1	1.393354	I:	D:
129640	131088	-	1	1.245274	I:	D:
131406	132416	-	3	1.284681	I:	D:
132535	132741	+	1	1.339177	I:	D:
132793	134850	-	1	1.260717	I:	D:
134864	136813	-	2	1.269651	I:	D:
136716	137438	-	3	1.322580	I:	D:
137592	139838	-	3	1.245850	I:	D:
140095	140673	+	1	1.295865	I:	D:
141266	141682	-	2	1.337287	I:	D:
141879	143195	-	3	1.288466	I:	D:
143370	146042	-	3	1.295273	I:	D:
146233	147531	-	1	1.258292	I:	D:
147866	148912	+	2	1.295643	I:	D:
149226	149357	-	3	1.363258	I:	D:
149751	150104	-	3	1.346356	I:	D:
150129	151628	-	3	1.280952	I:	D:
151873	154215	-	1	1.259153	I:	D:
154385	155020	-	2	1.327119	I:	D:
155068	156267	-	1	1.318046	I:	D:
156490	158136	-	1	1.305717	I:	D:
158199	159428	-	3	1.262913	I:	D:
159843	161081	+	3	1.390999	I:	D:
161094	164105	+	3	1.427257	I:	D:
164107	165294	+	1	1.358658	I:	D:
167679	167969	+	3	1.383897	I:	D:
>YB3_17856
3	3812	-	3	1.283118	I:	D:
3793	4650	-	1	1.274069	I:	D:
4899	5612	-	3	1.312956	I:	D:
5747	8146	-	2	1.271113	I:	D:
8471	9751	+	2	1.281871	I:	D:
9754	10038	+	1	1.260158	I:	D:
10310	11314	-	2	1.316647	I:	D:
11352	11564	-	3	1.349562	I:	D:
11736	11924	-	3	1.351723	I:	D:
11950	12117	-	1	1.358373	I:	D:
12224	12355	+	2	1.379682	I:	D:
12367	13797	-	1	1.341297	I:	D:
13594	14181	+	1	1.352576	I:	D:
14174	14473	+	2	1.344406	I:	D:
14637	15053	-	3	1.393577	I:	D:
15174	15908	+	3	1.307268	I:	D:
15915	16898	-	3	1.303697	I:	D:
17034	18356	-	3	1.304509	I:	D:
18373	18846	-	1	1.321633	I:	D:
18858	18998	+	3	1.351674	I:	D:
19028	20044	+	2	1.309557	I:	D:
20159	22219	+	2	1.345291	I:	D:
22431	22823	+	3	1.338299	I:	D:
22911	24029	-	3	1.336418	I:	D:
24040	24438	-	1	1.329239	I:	D:
24543	26525	+	3	1.325380	I:	D:
26479	26712	+	1	1.367374	I:	D:
26726	26935	+	2	1.361148	I:	D:
26986	27447	+	1	1.260270	I:	D:
27611	28042	-	2	1.307553	I:	D:
28062	28295	+	3	1.350952	I:	D:
28376	29683	+	2	1.297047	I:	D:
29755	29910	+	1	1.356968	I:	D:
