>Y8.M020_1
2	916	+	2	1.253587	I:	D:
934	1617	+	1	1.219992	I:	D:
1614	2321	+	3	1.219006	I:	D:
2540	3448	-	2	1.267842	I:	D:
3462	4247	-	3	1.233430	I:	D:
4426	5550	+	1	1.255452	I:	D:
5656	6060	+	1	1.261375	I:	D:
6144	6884	+	3	1.234236	I:	D:
6886	7635	+	1	1.255308	I:	D:
7637	8866	+	2	1.225221	I:	D:
9192	10943	+	3	1.328492	I:	D:
11195	12523	+	2	1.263382	I:	D:
12516	14312	+	3	1.292264	I:	D:
14325	15155	+	3	1.290604	I:	D:
15211	16668	+	1	1.249728	I:	D:
16671	17678	+	3	1.263830	I:	D:
17675	18241	+	2	1.252418	I:	D:
18251	22489	+	2	1.255832	I:	D:
22486	23241	+	1	1.283760	I:	D:
23246	23548	+	2	1.228254	I:	D:
23596	24960	+	1	1.265717	I:	D:
25020	25391	+	3	1.252670	I:	D:
25401	26600	+	3	1.261905	I:	D:
27214	28161	+	1	1.275709	I:	D:
28309	29817	+	1	1.293819	I:	D:
29880	30242	+	3	1.259353	I:	D:
30320	30790	-	2	1.264979	I:	D:
30962	32959	+	2	1.238452	I:	D:
32972	35167	+	2	1.222464	I:	D:
36476	36757	+	2	1.231268	I:	D:
36847	38127	+	1	1.280616	I:	D:
38164	38748	+	1	1.297688	I:	D:
38761	40050	+	1	1.249548	I:	D:
40155	41282	+	3	1.239395	I:	D:
41329	41820	+	1	1.220188	I:	D:
41810	42082	+	2	1.238327	I:	D:
42251	43633	+	2	1.287798	I:	D:
43638	44798	+	3	1.273233	I:	D:
45070	45738	+	1	1.255259	I:	D:
45743	46228	+	2	1.250479	I:	D:
46240	46884	+	1	1.239501	I:	D:
47394	47741	-	3	1.310176	I:	D:
47828	48541	+	2	1.214166	I:	D:
48654	48929	+	3	1.263226	I:	D:
49075	49314	+	1	1.236811	I:	D:
49363	49635	+	1	1.255096	I:	D:
50134	50574	+	1	1.210853	I:	D:
50739	51581	+	3	1.239731	I:	D:
51596	52807	+	2	1.271115	I:	D:
52809	53174	+	3	1.207390	I:	D:
53324	55285	+	2	1.220982	I:	D:
55442	55711	+	2	1.296746	I:	D:
55941	58049	+	3	1.281759	I:	D:
58537	60066	+	1	1.274662	I:	D:
60095	61096	+	2	1.288729	I:	D:
61116	61985	+	3	1.311918	I:	D:
62087	62683	+	2	1.250564	I:	D:
62686	63096	+	1	1.174523	I:	D:
63108	64181	+	3	1.255287	I:	D:
64272	65423	+	3	1.257946	I:	D:
65833	66147	+	1	1.238226	I:	D:
66147	66557	+	3	1.236772	I:	D:
66569	67429	+	2	1.285265	I:	D:
67672	67881	+	1	1.240380	I:	D:
67881	68690	+	3	1.290484	I:	D:
68705	69952	+	2	1.245163	I:	D:
69972	70859	+	3	1.258613	I:	D:
70864	71274	+	1	1.230653	I:	D:
71290	72354	+	1	1.265790	I:	D:
72485	72952	+	2	1.250386	I:	D:
73419	74342	+	3	1.282568	I:	D:
74419	75153	+	1	1.240008	I:	D:
75168	75884	+	3	1.295284	I:	D:
75897	76496	+	3	1.258260	I:	D:
76518	77660	+	3	1.260725	I:	D:
77808	79151	+	3	1.265640	I:	D:
79170	80321	+	3	1.250125	I:	D:
80416	81315	+	1	1.286532	I:	D:
81334	81939	+	1	1.256203	I:	D:
82088	83461	+	2	1.231685	I:	D:
83465	84091	+	2	1.205532	I:	D:
84060	87470	+	3	1.219911	I:	D:
87679	88698	+	1	1.206858	I:	D:
88817	91153	-	2	1.256230	I:	D:
91153	91656	-	1	1.307694	I:	D:
91867	92568	+	1	1.193423	I:	D:
92575	93858	+	1	1.220967	I:	D:
93908	94480	+	2	1.262132	I:	D:
94783	95532	+	1	1.250638	I:	D:
95532	95996	+	3	1.290029	I:	D:
95993	98281	+	2	1.264420	I:	D:
98323	98559	-	1	1.256581	I:	D:
98562	99698	-	3	1.247591	I:	D:
99703	100305	-	1	1.264063	I:	D:
100298	101341	-	2	1.232783	I:	D:
101442	102398	+	3	1.233648	I:	D:
102400	102849	+	1	1.259825	I:	D:
102934	103068	-	1	1.245043	I:	D:
103306	104232	+	1	1.217803	I:	D:
104234	105028	+	2	1.258561	I:	D:
105015	106031	+	3	1.228234	I:	D:
106038	106502	+	3	1.236705	I:	D:
106499	107161	+	2	1.231746	I:	D:
107203	107721	+	1	1.248167	I:	D:
107792	109213	+	2	1.278131	I:	D:
109329	110132	+	3	1.235075	I:	D:
110132	110833	+	2	1.306203	I:	D:
110830	111849	+	1	1.264110	I:	D:
111896	112366	-	2	1.269445	I:	D:
112385	112537	-	2	1.216691	I:	D:
112784	114064	-	2	1.258744	I:	D:
114269	114832	+	2	1.266507	I:	D:
115046	116095	+	2	1.357745	I:	D:
116197	117066	+	1	1.353168	I:	D:
117286	117669	+	1	1.194347	I:	D:
117677	118564	+	2	1.277357	I:	D:
118591	119931	+	1	1.270151	I:	D:
120109	120324	-	1	1.372885	I:	D:
120540	120899	+	3	1.259054	I:	D:
120912	122543	+	3	1.249310	I:	D:
>Y8.M020_2
101	1081	+	2	1.255035	I:	D:
1072	1587	+	1	1.229664	I:	D:
1598	1792	+	2	1.321650	I:	D:
1796	2179	+	2	1.238284	I:	D:
2196	3290	+	3	1.196036	I:	D:
3465	3965	+	3	1.179809	I:	D:
3971	4654	+	2	1.215477	I:	D:
4815	6746	+	3	1.237434	I:	D:
7046	7564	-	2	1.198193	I:	D:
7602	8153	-	3	1.259876	I:	D:
8337	8813	+	3	1.205583	I:	D:
8916	9704	+	3	1.252205	I:	D:
9760	10290	-	1	1.321648	I:	D:
10358	11512	-	2	1.243409	I:	D:
11537	12847	-	2	1.234774	I:	D:
13163	14563	-	2	1.238156	I:	D:
14575	15729	-	1	1.256534	I:	D:
15750	16142	-	3	1.252328	I:	D:
16156	16521	-	1	1.224557	I:	D:
16535	17914	-	2	1.255552	I:	D:
18074	18979	+	2	1.266182	I:	D:
18989	19657	+	2	1.229172	I:	D:
19727	20644	-	2	1.285043	I:	D:
20644	21366	-	1	1.237375	I:	D:
21431	22705	-	2	1.263822	I:	D:
22723	23799	-	1	1.280074	I:	D:
24072	26165	+	3	1.246755	I:	D:
26228	27511	-	2	1.297567	I:	D:
27505	28446	-	1	1.249951	I:	D:
28609	29712	+	1	1.238770	I:	D:
29713	30567	+	1	1.220109	I:	D:
30577	31092	+	1	1.280563	I:	D:
31104	33614	+	3	1.252511	I:	D:
33757	34554	+	1	1.247724	I:	D:
34560	34808	+	3	1.163426	I:	D:
34832	35959	+	2	1.281983	I:	D:
35967	36371	+	3	1.265592	I:	D:
36707	37603	-	2	1.226880	I:	D:
37737	38141	-	3	1.254688	I:	D:
38256	38528	+	3	1.199884	I:	D:
38600	39763	+	2	1.213265	I:	D:
39750	40709	+	3	1.246586	I:	D:
40710	41162	+	3	1.211735	I:	D:
41164	41550	+	1	1.235452	I:	D:
41564	42136	+	2	1.264115	I:	D:
42120	43025	+	3	1.211333	I:	D:
43246	43974	+	1	1.212625	I:	D:
44230	45324	+	1	1.242907	I:	D:
45309	45932	+	3	1.187055	I:	D:
45942	47150	+	3	1.212662	I:	D:
47153	47614	+	2	1.251088	I:	D:
47659	49311	-	1	1.257570	I:	D:
49331	50122	-	2	1.254852	I:	D:
50113	50802	-	1	1.236546	I:	D:
50858	51937	-	2	1.256652	I:	D:
51969	53717	-	3	1.251296	I:	D:
53796	54794	-	3	1.257100	I:	D:
54939	55514	-	3	1.269233	I:	D:
55595	55948	-	2	1.251791	I:	D:
55959	56966	-	3	1.236278	I:	D:
56977	57420	-	1	1.238777	I:	D:
57431	57862	-	2	1.304361	I:	D:
57849	58487	-	3	1.195661	I:	D:
58550	59263	-	2	1.253228	I:	D:
59274	59684	-	3	1.286423	I:	D:
59665	60033	-	1	1.249044	I:	D:
60186	60806	+	3	1.248467	I:	D:
60806	61456	+	2	1.252638	I:	D:
61479	62363	-	3	1.270511	I:	D:
62620	64200	+	1	1.268214	I:	D:
64317	65660	-	3	1.239265	I:	D:
65660	67048	-	2	1.257110	I:	D:
67188	68612	-	3	1.244775	I:	D:
68596	69291	-	1	1.223676	I:	D:
69425	69946	-	2	1.274898	I:	D:
69966	70661	-	3	1.285086	I:	D:
70671	71468	-	3	1.237879	I:	D:
71565	72038	+	3	1.186782	I:	D:
72077	72625	-	2	1.245881	I:	D:
73011	73523	+	3	1.205107	I:	D:
73901	74830	-	2	1.289910	I:	D:
75006	75719	-	3	1.295970	I:	D:
76499	77458	-	2	1.239273	I:	D:
77465	79153	-	2	1.223114	I:	D:
79161	79616	-	3	1.213112	I:	D:
79632	80492	-	3	1.281453	I:	D:
80498	81292	-	2	1.266919	I:	D:
81295	83163	-	1	1.255866	I:	D:
83180	83623	-	2	1.269060	I:	D:
83632	84507	-	1	1.245303	I:	D:
84510	84746	-	3	1.235930	I:	D:
84724	85944	-	1	1.281610	I:	D:
85944	86357	-	3	1.254462	I:	D:
86359	86727	-	1	1.252710	I:	D:
86852	87712	-	2	1.251516	I:	D:
87732	88439	-	3	1.236005	I:	D:
88494	88847	-	3	1.272228	I:	D:
88872	90752	-	3	1.284660	I:	D:
90949	91287	-	1	1.191798	I:	D:
91298	91723	-	2	1.295519	I:	D:
91736	92041	-	2	1.259078	I:	D:
92150	93451	-	2	1.277166	I:	D:
93622	93981	+	1	1.232481	I:	D:
94090	95391	+	1	1.261900	I:	D:
95403	96464	+	3	1.273657	I:	D:
96656	96802	-	2	1.248024	I:	D:
96931	97308	-	1	1.267745	I:	D:
97359	97508	-	3	1.253335	I:	D:
97827	98177	-	3	1.274573	I:	D:
98206	98364	-	1	1.248651	I:	D:
98430	98675	-	3	1.330280	I:	D:
98942	101521	-	2	1.322818	I:	D:
101659	102438	-	1	1.203780	I:	D:
102594	104315	+	3	1.299856	I:	D:
104230	104934	+	1	1.312473	I:	D:
104955	106157	+	3	1.317311	I:	D:
106244	107263	+	2	1.297016	I:	D:
>Y8.M020_3
122	1714	-	2	1.256057	I:	D:
1913	3286	-	2	1.211865	I:	D:
3283	3957	-	1	1.219431	I:	D:
3950	5782	-	2	1.271633	I:	D:
5980	6246	-	1	1.235093	I:	D:
6374	6763	-	2	1.246781	I:	D:
6814	8247	-	1	1.247191	I:	D:
8305	9498	-	1	1.243186	I:	D:
9540	10877	-	3	1.250639	I:	D:
10967	11698	+	2	1.234337	I:	D:
11773	12027	+	1	1.224706	I:	D:
12031	12624	+	1	1.244688	I:	D:
12674	13381	-	2	1.230588	I:	D:
13395	14153	-	3	1.222901	I:	D:
14153	15100	-	2	1.229069	I:	D:
15113	15988	-	2	1.242412	I:	D:
16080	17210	-	3	1.249062	I:	D:
17232	19172	-	3	1.267397	I:	D:
19173	19865	-	3	1.228522	I:	D:
19868	20233	-	2	1.213681	I:	D:
20247	21467	-	3	1.246524	I:	D:
21479	22384	-	2	1.260600	I:	D:
22644	23429	+	3	1.268490	I:	D:
23565	25970	-	3	1.248152	I:	D:
25986	27011	-	3	1.269194	I:	D:
27384	29231	+	3	1.270015	I:	D:
29263	29898	-	1	1.242958	I:	D:
29977	30213	+	1	1.232007	I:	D:
30357	31397	+	3	1.268192	I:	D:
31427	32971	-	2	1.272398	I:	D:
33028	34191	-	1	1.227541	I:	D:
34181	34468	-	2	1.296584	I:	D:
34478	35281	-	2	1.257670	I:	D:
35295	36170	-	3	1.249050	I:	D:
36158	36853	-	2	1.221120	I:	D:
36850	38082	-	1	1.233841	I:	D:
38145	38393	-	3	1.196079	I:	D:
38398	40095	-	1	1.247649	I:	D:
40085	40357	-	2	1.243951	I:	D:
40392	41294	-	3	1.230269	I:	D:
41330	42763	-	2	1.253168	I:	D:
42763	44226	-	1	1.247950	I:	D:
44239	44577	-	1	1.205519	I:	D:
44972	45664	-	2	1.218622	I:	D:
45667	46497	-	1	1.267791	I:	D:
46669	47622	-	1	1.263862	I:	D:
47678	49120	-	2	1.267082	I:	D:
49206	50411	-	3	1.224189	I:	D:
50432	51337	-	2	1.219743	I:	D:
51350	51937	-	2	1.255812	I:	D:
52006	53994	-	1	1.261232	I:	D:
54254	54898	+	2	1.213549	I:	D:
55223	56230	-	2	1.302548	I:	D:
56369	56542	-	2	1.197344	I:	D:
56596	60342	-	1	1.257582	I:	D:
60399	61580	-	3	1.282485	I:	D:
61668	62807	+	3	1.265697	I:	D:
62826	63566	+	3	1.269771	I:	D:
63624	64073	-	3	1.224049	I:	D:
64206	65270	-	3	1.243038	I:	D:
65267	66055	-	2	1.261559	I:	D:
66055	66894	-	1	1.252058	I:	D:
66895	68466	-	1	1.254220	I:	D:
68721	69893	+	3	1.265551	I:	D:
69992	70750	+	2	1.254695	I:	D:
70747	71211	+	1	1.303222	I:	D:
71231	72757	-	2	1.200032	I:	D:
72759	76340	-	3	1.236469	I:	D:
76492	78051	-	1	1.246080	I:	D:
78271	79998	-	1	1.229985	I:	D:
80028	82085	-	3	1.243885	I:	D:
82228	82383	-	1	1.378401	I:	D:
82515	83309	+	3	1.248216	I:	D:
83369	84028	+	2	1.271608	I:	D:
84044	84787	+	2	1.215910	I:	D:
84923	85615	-	2	1.277369	I:	D:
85667	86590	-	2	1.248353	I:	D:
86597	87082	-	2	1.242957	I:	D:
87093	89321	-	3	1.267998	I:	D:
89379	89756	-	3	1.225303	I:	D:
89762	90367	-	2	1.219473	I:	D:
90364	90645	-	1	1.243724	I:	D:
90655	91536	-	1	1.271179	I:	D:
91734	93494	+	3	1.254259	I:	D:
93497	94867	+	2	1.263101	I:	D:
94936	95574	-	1	1.287984	I:	D:
95666	95980	-	2	1.231673	I:	D:
96125	96970	+	2	1.260489	I:	D:
97017	97598	-	3	1.267165	I:	D:
97626	98513	-	3	1.272077	I:	D:
98551	99363	-	1	1.256144	I:	D:
99425	100828	-	2	1.232558	I:	D:
101335	104832	+	1	1.345004	I:	D:
105325	105486	+	1	1.331268	I:	D:
105576	106979	-	3	1.248513	I:	D:
107002	107448	-	1	1.233984	I:	D:
107450	109159	-	2	1.263025	I:	D:
109570	110403	-	1	1.248677	I:	D:
110538	111212	+	3	1.255375	I:	D:
111202	113565	+	1	1.263456	I:	D:
113672	119476	-	2	1.254933	I:	D:
119684	120175	-	2	1.239169	I:	D:
120201	121040	-	3	1.249035	I:	D:
121094	122317	-	2	1.254928	I:	D:
122467	124035	-	1	1.239041	I:	D:
124060	124830	-	1	1.282181	I:	D:
124909	126174	+	1	1.295824	I:	D:
126219	128618	-	3	1.264534	I:	D:
128615	129040	-	2	1.268128	I:	D:
129060	129761	-	3	1.262151	I:	D:
129758	130180	-	2	1.247493	I:	D:
130294	134727	-	1	1.256305	I:	D:
134773	135831	-	1	1.254969	I:	D:
135844	136908	-	1	1.253574	I:	D:
136941	138083	-	3	1.260927	I:	D:
138093	138881	-	3	1.277050	I:	D:
138884	139594	-	2	1.271239	I:	D:
139676	140230	-	2	1.233189	I:	D:
140254	140955	-	1	1.284886	I:	D:
141132	141839	+	3	1.263899	I:	D:
142062	142232	+	3	1.337637	I:	D:
142329	142853	-	3	1.247165	I:	D:
142843	143748	-	1	1.236777	I:	D:
143738	144064	-	2	1.249990	I:	D:
144210	144959	-	3	1.239490	I:	D:
144983	147610	-	2	1.260222	I:	D:
147915	148277	-	3	1.217155	I:	D:
148277	148612	-	2	1.279071	I:	D:
148624	149385	-	1	1.274864	I:	D:
149388	150110	-	3	1.221788	I:	D:
150112	150708	-	1	1.260524	I:	D:
150705	151295	-	3	1.268385	I:	D:
151314	152603	-	3	1.251370	I:	D:
152600	153244	-	2	1.233671	I:	D:
153244	154488	-	1	1.255359	I:	D:
154737	156341	-	3	1.295363	I:	D:
156415	158883	-	1	1.223238	I:	D:
159054	159332	+	3	1.248285	I:	D:
159631	160230	-	1	1.226973	I:	D:
160336	160560	-	1	1.221265	I:	D:
160715	162286	-	2	1.271017	I:	D:
162405	162785	-	3	1.243646	I:	D:
162886	163587	-	1	1.281474	I:	D:
163681	164208	-	1	1.250729	I:	D:
164315	166942	-	2	1.269227	I:	D:
167126	168508	-	2	1.292644	I:	D:
168531	168722	-	3	1.214174	I:	D:
168734	169474	-	2	1.260494	I:	D:
169485	169952	-	3	1.223605	I:	D:
170022	172112	-	3	1.272154	I:	D:
172124	173230	-	2	1.269080	I:	D:
173242	174771	-	1	1.284508	I:	D:
174845	176986	-	2	1.254987	I:	D:
177184	177429	-	1	1.220906	I:	D:
177502	178194	-	1	1.272055	I:	D:
178220	180583	-	2	1.253717	I:	D:
180912	181604	-	3	1.303154	I:	D:
181604	181969	-	2	1.355508	I:	D:
182240	184477	-	2	1.262198	I:	D:
184464	184817	-	3	1.319995	I:	D:
184898	185101	-	2	1.274443	I:	D:
185161	185808	-	1	1.291870	I:	D:
185884	189831	-	1	1.241317	I:	D:
189839	191638	-	2	1.257047	I:	D:
191628	193367	-	3	1.259261	I:	D:
193657	194406	+	1	1.223594	I:	D:
194434	195906	+	1	1.267362	I:	D:
196081	196698	-	1	1.243735	I:	D:
196763	197926	-	2	1.249567	I:	D:
197919	198338	-	3	1.174104	I:	D:
198352	198864	-	1	1.287212	I:	D:
199028	199465	+	2	1.280870	I:	D:
199784	200647	-	2	1.224564	I:	D:
200768	201130	-	2	1.323580	I:	D:
201269	202177	-	2	1.270199	I:	D:
202179	202643	-	3	1.262349	I:	D:
202653	203729	-	3	1.229140	I:	D:
203740	204210	-	1	1.229707	I:	D:
204231	205013	-	3	1.267069	I:	D:
205013	205312	-	2	1.267550	I:	D:
205324	205938	-	1	1.287714	I:	D:
205962	206654	-	3	1.257561	I:	D:
206666	208549	-	2	1.237413	I:	D:
208640	208810	-	2	1.223807	I:	D:
208614	209573	+	3	1.321702	I:	D:
209630	210226	-	2	1.242350	I:	D:
210241	210732	-	1	1.270994	I:	D:
210735	211298	-	3	1.296777	I:	D:
211377	213428	-	3	1.267689	I:	D:
213545	213868	-	2	1.251542	I:	D:
213861	214565	-	3	1.252593	I:	D:
214565	215200	-	2	1.266026	I:	D:
215385	216407	+	3	1.290155	I:	D:
216493	216876	+	1	1.226098	I:	D:
216918	218084	-	3	1.268328	I:	D:
218100	219146	-	3	1.237437	I:	D:
219269	220006	-	2	1.246392	I:	D:
220016	221008	-	2	1.235781	I:	D:
221005	221790	-	1	1.280325	I:	D:
221756	222055	-	2	1.251122	I:	D:
222493	223098	-	1	1.278433	I:	D:
223361	224665	-	2	1.249913	I:	D:
224670	225422	-	3	1.244884	I:	D:
225561	228779	-	3	1.278688	I:	D:
228772	229860	-	1	1.313132	I:	D:
229863	230789	-	3	1.294559	I:	D:
230789	232090	-	2	1.278439	I:	D:
232102	233058	-	1	1.272349	I:	D:
233556	234038	+	3	1.252362	I:	D:
234158	234679	+	2	1.245945	I:	D:
234684	235598	+	3	1.249178	I:	D:
235705	236349	+	1	1.245989	I:	D:
236446	237387	-	1	1.262251	I:	D:
237398	238303	-	2	1.255923	I:	D:
238293	239243	-	3	1.273513	I:	D:
239253	239603	-	3	1.244215	I:	D:
239603	241876	-	2	1.277788	I:	D:
241922	242173	-	2	1.207040	I:	D:
242217	242489	-	3	1.343350	I:	D:
242507	243634	-	2	1.261083	I:	D:
243654	244118	-	3	1.270035	I:	D:
244394	244552	+	2	1.259616	I:	D:
244586	245767	-	2	1.283137	I:	D:
245836	246795	-	1	1.257907	I:	D:
246879	247988	-	3	1.268418	I:	D:
248147	248866	-	2	1.288165	I:	D:
248986	249375	-	1	1.205139	I:	D:
249359	249745	-	2	1.225337	I:	D:
249772	249972	-	1	1.229906	I:	D:
250166	250438	-	2	1.254061	I:	D:
250732	252267	-	1	1.202336	I:	D:
252291	254036	-	3	1.266753	I:	D:
254297	254827	-	2	1.251242	I:	D:
254836	256494	-	1	1.265594	I:	D:
256687	257340	-	1	1.202968	I:	D:
257465	258007	-	2	1.305379	I:	D:
258020	259597	-	2	1.306438	I:	D:
259942	260823	-	1	1.193899	I:	D:
260847	262460	-	3	1.263664	I:	D:
262702	263127	-	1	1.235326	I:	D:
263275	263913	-	1	1.241782	I:	D:
264021	264227	-	3	1.224203	I:	D:
264738	264914	-	3	1.304098	I:	D:
265211	265468	-	2	1.295769	I:	D:
265611	265820	-	3	1.194667	I:	D:
>Y8.M020_4
3	203	-	3	1.218822	I:	D:
589	1023	-	1	1.275520	I:	D:
1175	1735	-	2	1.216042	I:	D:
1756	3966	-	1	1.253531	I:	D:
4136	4762	-	2	1.259876	I:	D:
5188	5601	-	1	1.229753	I:	D:
5648	6391	-	2	1.236173	I:	D:
6449	6796	-	2	1.229291	I:	D:
6985	7959	-	1	1.211009	I:	D:
7974	8930	-	3	1.228944	I:	D:
9023	9415	-	2	1.223543	I:	D:
9421	9825	-	1	1.232323	I:	D:
10097	10555	+	2	1.266700	I:	D:
10836	11810	+	3	1.272016	I:	D:
11851	14217	-	1	1.258620	I:	D:
14284	15084	-	1	1.225611	I:	D:
15467	16294	-	2	1.220853	I:	D:
16519	17823	-	1	1.243887	I:	D:
17887	18186	-	1	1.230669	I:	D:
18211	18648	-	1	1.330193	I:	D:
18810	19784	-	3	1.246812	I:	D:
19771	20832	-	1	1.243372	I:	D:
20906	22213	-	2	1.276182	I:	D:
22233	22943	-	3	1.272053	I:	D:
22954	24087	-	1	1.252017	I:	D:
24126	24695	-	3	1.244496	I:	D:
24699	25448	-	3	1.237089	I:	D:
25460	26035	-	2	1.266351	I:	D:
26045	28021	-	2	1.254160	I:	D:
28031	30616	-	2	1.257973	I:	D:
30627	31025	-	3	1.242784	I:	D:
31028	32449	-	2	1.259576	I:	D:
32597	32791	-	2	1.265089	I:	D:
32824	34086	-	1	1.276476	I:	D:
34090	35052	-	1	1.270993	I:	D:
35021	36463	-	2	1.264466	I:	D:
36453	37328	-	3	1.287206	I:	D:
37306	37899	-	1	1.247707	I:	D:
37899	39008	-	3	1.268996	I:	D:
39013	39699	-	1	1.242153	I:	D:
39696	40445	-	3	1.271375	I:	D:
40442	41221	-	2	1.248866	I:	D:
41209	42129	-	1	1.281988	I:	D:
42199	42483	-	1	1.214408	I:	D:
42483	43232	-	3	1.280386	I:	D:
43555	43770	-	1	1.231650	I:	D:
43786	44922	-	1	1.267203	I:	D:
44996	45652	-	2	1.275580	I:	D:
45740	46876	-	2	1.275661	I:	D:
46877	49981	-	2	1.278959	I:	D:
49981	51468	-	1	1.278342	I:	D:
51885	53222	+	3	1.299966	I:	D:
53332	55857	-	1	1.272198	I:	D:
55860	56171	-	3	1.325549	I:	D:
56281	57318	-	1	1.273185	I:	D:
57323	58690	-	2	1.273515	I:	D:
58806	59900	+	3	1.286852	I:	D:
59915	61249	+	2	1.311281	I:	D:
61538	61903	-	2	1.329574	I:	D:
61908	62345	-	3	1.318636	I:	D:
62544	63575	-	3	1.291427	I:	D:
63588	64589	-	3	1.297331	I:	D:
64599	65540	-	3	1.281095	I:	D:
65670	68045	-	3	1.322152	I:	D:
68054	68734	-	2	1.316647	I:	D:
69120	70367	-	3	1.295514	I:	D:
70364	70924	-	2	1.305628	I:	D:
71028	72749	+	3	1.297478	I:	D:
72856	73092	-	1	1.240390	I:	D:
73095	74297	-	3	1.269061	I:	D:
74302	74703	-	1	1.251490	I:	D:
74928	75380	+	3	1.226996	I:	D:
75723	76313	+	3	1.218815	I:	D:
76855	77034	+	1	1.257475	I:	D:
77045	77599	+	2	1.257145	I:	D:
77717	79657	-	2	1.315892	I:	D:
79684	79926	-	1	1.348840	I:	D:
79901	80608	-	2	1.301305	I:	D:
80747	82117	-	2	1.305950	I:	D:
82410	83654	-	3	1.311012	I:	D:
83659	84309	-	1	1.291777	I:	D:
84322	85707	-	1	1.292244	I:	D:
85697	86434	-	2	1.312977	I:	D:
86436	87239	-	3	1.324248	I:	D:
87244	88992	-	1	1.314308	I:	D:
89403	90104	-	3	1.299244	I:	D:
90097	90846	-	1	1.283076	I:	D:
91315	92646	-	1	1.281445	I:	D:
92865	94403	-	3	1.293135	I:	D:
94416	95171	-	3	1.308689	I:	D:
95398	96615	-	1	1.296648	I:	D:
97044	98714	-	3	1.290487	I:	D:
98917	99717	+	1	1.288523	I:	D:
99836	100798	-	2	1.257695	I:	D:
100939	101634	+	1	1.280978	I:	D:
101622	102014	+	3	1.340169	I:	D:
102030	102941	+	3	1.304014	I:	D:
102976	103635	-	1	1.326344	I:	D:
104126	105340	-	2	1.263510	I:	D:
105704	106141	-	2	1.309073	I:	D:
106270	107802	-	1	1.293615	I:	D:
107956	108879	-	1	1.274347	I:	D:
108938	109093	+	2	1.376376	I:	D:
109148	111283	-	2	1.270912	I:	D:
111295	111783	-	1	1.301346	I:	D:
111780	112397	-	3	1.269738	I:	D:
112733	114007	+	2	1.288075	I:	D:
114168	114305	-	3	1.264876	I:	D:
114640	115410	+	1	1.297914	I:	D:
115452	116210	-	3	1.283876	I:	D:
116541	117995	-	3	1.284834	I:	D:
118103	119221	-	2	1.263957	I:	D:
119236	120597	-	1	1.270044	I:	D:
120824	121966	+	2	1.313648	I:	D:
122089	123570	-	1	1.277651	I:	D:
123699	124856	-	3	1.283830	I:	D:
125285	128446	-	2	1.225394	I:	D:
128446	129603	-	1	1.283343	I:	D:
129711	130049	-	3	1.327186	I:	D:
130134	130892	-	3	1.295032	I:	D:
130882	131868	-	1	1.287721	I:	D:
131870	133009	-	2	1.285351	I:	D:
133026	134111	-	3	1.265395	I:	D:
134169	138584	-	3	1.247484	I:	D:
139009	139830	-	1	1.259766	I:	D:
140073	141818	+	3	1.267713	I:	D:
141811	143466	+	1	1.272987	I:	D:
143776	144153	+	1	1.309017	I:	D:
144170	145045	-	2	1.257497	I:	D:
145184	145879	+	2	1.291559	I:	D:
145870	147228	+	1	1.233093	I:	D:
147218	147967	+	2	1.267967	I:	D:
148016	149470	-	2	1.279784	I:	D:
149905	150486	+	1	1.254095	I:	D:
150609	151859	+	3	1.266206	I:	D:
152011	153405	-	1	1.235223	I:	D:
153656	155344	-	2	1.289556	I:	D:
155346	156245	-	3	1.283252	I:	D:
156563	158263	-	2	1.258611	I:	D:
158280	159338	-	3	1.262308	I:	D:
159339	160154	-	3	1.287074	I:	D:
160156	160989	-	1	1.282834	I:	D:
161000	162034	-	2	1.266922	I:	D:
162549	163433	-	3	1.248630	I:	D:
163580	164359	-	2	1.303901	I:	D:
164523	165566	-	3	1.274536	I:	D:
165642	167216	-	3	1.312425	I:	D:
167337	168983	-	3	1.302917	I:	D:
169303	169470	-	1	1.289481	I:	D:
169575	169733	-	3	1.279056	I:	D:
>Y8.M020_5
1	495	-	1	1.284455	I:	D:
688	1413	-	1	1.269829	I:	D:
1406	2551	-	2	1.251790	I:	D:
2590	3075	-	1	1.279978	I:	D:
3162	3302	-	3	1.176166	I:	D:
3377	4849	+	2	1.276088	I:	D:
4876	5421	+	1	1.291139	I:	D:
5468	8221	-	2	1.273192	I:	D:
8233	8661	-	1	1.309287	I:	D:
8662	9615	-	1	1.317027	I:	D:
9981	11138	+	3	1.327226	I:	D:
11142	12839	+	3	1.273579	I:	D:
12964	13926	+	1	1.313207	I:	D:
14080	15063	-	1	1.260467	I:	D:
15207	15611	-	3	1.255865	I:	D:
15757	19335	+	1	1.245726	I:	D:
19503	20627	+	3	1.257215	I:	D:
20643	21140	+	3	1.238574	I:	D:
21169	22608	+	1	1.286063	I:	D:
22773	23957	-	3	1.247581	I:	D:
24099	24887	+	3	1.247351	I:	D:
24952	25464	-	1	1.272182	I:	D:
25473	25964	-	3	1.264730	I:	D:
25980	28145	-	3	1.279899	I:	D:
28539	29036	-	3	1.272285	I:	D:
29045	29725	-	2	1.282850	I:	D:
29730	30299	-	3	1.268079	I:	D:
30303	30965	-	3	1.259509	I:	D:
30971	31393	-	2	1.258753	I:	D:
31574	32620	-	2	1.254517	I:	D:
32592	33350	-	3	1.258816	I:	D:
33450	33974	+	3	1.277515	I:	D:
33994	35190	-	1	1.285381	I:	D:
35272	35478	+	1	1.345373	I:	D:
35508	36041	-	3	1.270558	I:	D:
36274	37605	-	1	1.301370	I:	D:
37926	39197	-	3	1.293374	I:	D:
39213	40643	-	3	1.270306	I:	D:
40657	42060	-	1	1.292811	I:	D:
42075	42791	-	3	1.264872	I:	D:
42963	43766	-	3	1.273572	I:	D:
43910	44332	+	2	1.253604	I:	D:
44396	47800	-	2	1.261234	I:	D:
48040	48459	+	1	1.264868	I:	D:
48501	49130	-	3	1.243714	I:	D:
49195	49416	+	1	1.317180	I:	D:
49449	50501	+	3	1.267538	I:	D:
50511	50804	+	3	1.283112	I:	D:
50847	51476	-	3	1.266279	I:	D:
51593	52453	+	2	1.319141	I:	D:
52578	53744	+	3	1.274526	I:	D:
54249	54788	-	3	1.220411	I:	D:
55022	55366	-	2	1.259646	I:	D:
55685	56362	-	2	1.268799	I:	D:
56376	57341	-	3	1.282829	I:	D:
57411	58274	-	3	1.246069	I:	D:
58274	60919	-	2	1.276226	I:	D:
61239	62435	-	3	1.244531	I:	D:
62483	66733	-	2	1.284508	I:	D:
67045	68028	-	1	1.255496	I:	D:
68174	69736	-	2	1.251658	I:	D:
69838	70200	+	1	1.298768	I:	D:
70307	71170	+	2	1.279793	I:	D:
71188	71916	+	1	1.324915	I:	D:
71926	72723	+	1	1.279102	I:	D:
72730	73452	+	1	1.276953	I:	D:
73560	75443	+	3	1.297405	I:	D:
75436	75774	+	1	1.225875	I:	D:
75971	76600	-	2	1.278260	I:	D:
76664	77914	-	2	1.286480	I:	D:
77930	79021	-	2	1.290491	I:	D:
79167	80573	+	3	1.302653	I:	D:
80599	81249	+	1	1.244904	I:	D:
81253	82026	+	1	1.255391	I:	D:
82029	82490	+	3	1.320394	I:	D:
82491	83504	+	3	1.264759	I:	D:
83756	84307	+	2	1.255126	I:	D:
84548	85852	-	2	1.268087	I:	D:
85867	86337	-	1	1.289736	I:	D:
86337	87353	-	3	1.279027	I:	D:
87376	87840	-	1	1.241536	I:	D:
87943	88857	-	1	1.262152	I:	D:
88869	89555	-	3	1.273939	I:	D:
89884	90537	+	1	1.282074	I:	D:
90580	91518	-	1	1.217283	I:	D:
91511	91996	-	2	1.274465	I:	D:
92000	92656	-	2	1.222782	I:	D:
92750	95824	-	2	1.269684	I:	D:
95828	97192	-	2	1.267223	I:	D:
97460	99958	-	2	1.269424	I:	D:
100077	100664	+	3	1.245804	I:	D:
100712	101287	-	2	1.258772	I:	D:
101329	102234	-	1	1.293619	I:	D:
102407	103759	+	2	1.258735	I:	D:
103774	104805	+	1	1.260591	I:	D:
104891	105121	-	2	1.223553	I:	D:
105279	106754	+	3	1.262120	I:	D:
107032	107859	-	1	1.233614	I:	D:
107878	108543	-	1	1.270798	I:	D:
108533	109543	-	2	1.272417	I:	D:
109839	112661	-	3	1.264341	I:	D:
112675	114666	-	1	1.287396	I:	D:
114839	115621	+	2	1.307294	I:	D:
115674	116477	-	3	1.250409	I:	D:
117023	117628	+	2	1.303155	I:	D:
117687	120344	-	3	1.253311	I:	D:
120652	120801	-	1	1.160100	I:	D:
120956	121216	+	2	1.233957	I:	D:
121280	121444	+	2	1.258809	I:	D:
121679	122032	+	2	1.246404	I:	D:
122055	122270	-	3	1.329420	I:	D:
122418	123197	-	3	1.226445	I:	D:
123797	123943	+	2	1.263647	I:	D:
125245	125421	+	1	1.291424	I:	D:
133309	133587	-	1	1.227780	I:	D:
133592	134584	-	2	1.249695	I:	D:
134596	135087	-	1	1.232820	I:	D:
135100	137256	-	1	1.243797	I:	D:
137268	138344	-	3	1.245154	I:	D:
138375	139268	-	3	1.217204	I:	D:
139272	140714	-	3	1.216497	I:	D:
140734	141480	-	1	1.226828	I:	D:
141527	141679	+	2	1.215951	I:	D:
142380	144677	-	3	1.272724	I:	D:
144754	146643	-	1	1.262204	I:	D:
146840	147538	-	2	1.200907	I:	D:
147737	149314	-	2	1.242021	I:	D:
149316	150548	-	3	1.281481	I:	D:
150548	152008	-	2	1.275027	I:	D:
152035	153708	-	1	1.279725	I:	D:
153721	153963	-	1	1.324237	I:	D:
154299	154490	-	3	1.311616	I:	D:
154502	155164	-	2	1.243074	I:	D:
155271	156812	+	3	1.272471	I:	D:
156887	158236	-	2	1.273364	I:	D:
158439	158576	+	3	1.289019	I:	D:
158597	159466	-	2	1.282018	I:	D:
159742	160629	-	1	1.278155	I:	D:
160642	161787	-	1	1.276125	I:	D:
161849	162601	-	2	1.308302	I:	D:
162732	163424	+	3	1.281280	I:	D:
163402	165597	+	1	1.253917	I:	D:
165783	166829	-	3	1.262756	I:	D:
167282	167773	-	2	1.265599	I:	D:
168321	168803	-	3	1.215690	I:	D:
169119	169361	-	3	1.204549	I:	D:
169954	171087	-	1	1.313135	I:	D:
171258	173090	-	3	1.275691	I:	D:
173152	173730	-	1	1.250553	I:	D:
173708	174775	-	2	1.271590	I:	D:
175113	175268	-	3	1.291346	I:	D:
175324	175956	-	1	1.260846	I:	D:
175962	176627	-	3	1.236911	I:	D:
176634	177503	-	3	1.295532	I:	D:
177611	179764	-	2	1.258953	I:	D:
179778	180506	-	3	1.257046	I:	D:
180509	181549	-	2	1.294304	I:	D:
181551	182885	-	3	1.238735	I:	D:
183079	183810	+	1	1.278009	I:	D:
183852	184532	-	3	1.256725	I:	D:
184783	186144	+	1	1.296663	I:	D:
186158	186391	+	2	1.247885	I:	D:
186408	188129	+	3	1.290880	I:	D:
188228	188974	-	2	1.252174	I:	D:
189142	189381	-	1	1.277753	I:	D:
189395	189613	-	2	1.215596	I:	D:
189632	191680	-	2	1.301830	I:	D:
192072	192485	-	3	1.303976	I:	D:
192516	193061	-	3	1.271997	I:	D:
193231	193515	-	1	1.300882	I:	D:
193831	197205	-	1	1.270640	I:	D:
197509	198645	+	1	1.242661	I:	D:
198729	199022	+	3	1.271046	I:	D:
199074	200495	+	3	1.289410	I:	D:
200507	201706	+	2	1.276005	I:	D:
201785	203023	-	2	1.264915	I:	D:
203038	204285	-	1	1.286550	I:	D:
204479	205669	+	2	1.255768	I:	D:
205808	206368	-	2	1.255518	I:	D:
206370	207299	-	3	1.268160	I:	D:
207386	208777	+	2	1.279943	I:	D:
209177	210451	+	2	1.272696	I:	D:
210620	211030	-	2	1.279854	I:	D:
211072	211338	-	1	1.306668	I:	D:
211500	213800	-	3	1.281366	I:	D:
213961	214887	+	1	1.274919	I:	D:
214997	215722	-	2	1.274463	I:	D:
215765	216049	+	2	1.310317	I:	D:
216138	218093	-	3	1.267098	I:	D:
218148	219029	-	3	1.258391	I:	D:
219049	220317	-	1	1.272347	I:	D:
220479	221012	+	3	1.254624	I:	D:
221076	221267	-	3	1.335945	I:	D:
221410	221865	-	1	1.263924	I:	D:
222010	222456	+	1	1.332800	I:	D:
222514	223110	-	1	1.296953	I:	D:
223304	224239	-	2	1.272341	I:	D:
224251	224670	-	1	1.268252	I:	D:
224675	225919	-	2	1.260110	I:	D:
225934	226665	-	1	1.246318	I:	D:
226659	227588	-	3	1.269969	I:	D:
227601	228536	-	3	1.262599	I:	D:
228575	229546	-	2	1.289638	I:	D:
229548	230000	-	3	1.274575	I:	D:
230340	230597	+	3	1.229522	I:	D:
230633	231739	-	2	1.293504	I:	D:
232029	232709	+	3	1.272358	I:	D:
232699	233562	+	1	1.305858	I:	D:
233652	234422	-	3	1.267243	I:	D:
234429	235610	-	3	1.280897	I:	D:
235623	236234	-	3	1.220607	I:	D:
236218	236994	-	1	1.248109	I:	D:
236996	237562	-	2	1.312045	I:	D:
237562	238959	-	1	1.255030	I:	D:
239327	240550	-	2	1.262825	I:	D:
240563	241801	-	2	1.262431	I:	D:
241807	242358	-	1	1.314054	I:	D:
242460	243374	-	3	1.269615	I:	D:
243386	244159	-	2	1.281373	I:	D:
244975	246921	+	1	1.295679	I:	D:
246992	247867	+	2	1.299208	I:	D:
248145	249371	+	3	1.314991	I:	D:
249438	250538	-	3	1.274030	I:	D:
250733	251713	-	2	1.217840	I:	D:
251716	252408	-	1	1.233947	I:	D:
252399	253622	-	3	1.225288	I:	D:
253893	255068	-	3	1.284856	I:	D:
255079	256215	-	1	1.269040	I:	D:
256218	256946	-	3	1.269616	I:	D:
256951	257925	-	1	1.262109	I:	D:
258046	258405	+	1	1.324765	I:	D:
258396	258767	+	3	1.272383	I:	D:
258866	260218	+	2	1.297703	I:	D:
260237	262081	+	2	1.286297	I:	D:
262093	262791	+	1	1.278387	I:	D:
263963	267439	-	2	1.268191	I:	D:
267516	268097	-	3	1.272645	I:	D:
268296	268607	+	3	1.219299	I:	D:
268668	269360	-	3	1.267265	I:	D:
269542	271281	-	1	1.283497	I:	D:
271765	273039	+	1	1.291617	I:	D:
273052	274254	+	1	1.321800	I:	D:
274675	275211	-	1	1.264918	I:	D:
275256	275774	-	3	1.266711	I:	D:
275776	277935	-	1	1.286814	I:	D:
278185	280275	+	1	1.301554	I:	D:
280712	280894	-	2	1.376282	I:	D:
280898	281389	-	2	1.332872	I:	D:
281505	282701	-	3	1.315201	I:	D:
282804	283799	-	3	1.285056	I:	D:
284011	285177	+	1	1.269299	I:	D:
285179	285487	+	2	1.246646	I:	D:
285548	286936	-	2	1.262804	I:	D:
287465	288634	+	2	1.285910	I:	D:
288674	289111	+	2	1.315756	I:	D:
289118	290182	+	2	1.305665	I:	D:
290223	290603	+	3	1.260819	I:	D:
290693	292051	+	2	1.292874	I:	D:
292146	292496	-	3	1.299089	I:	D:
292662	293819	-	3	1.270342	I:	D:
293832	294437	-	3	1.293436	I:	D:
294520	294969	-	1	1.230453	I:	D:
295161	295829	+	3	1.308791	I:	D:
295981	296799	-	1	1.285272	I:	D:
296981	298231	-	2	1.272854	I:	D:
298329	298973	+	3	1.224720	I:	D:
299146	299841	-	1	1.246262	I:	D:
299942	301243	+	2	1.262336	I:	D:
301256	302413	+	2	1.283499	I:	D:
302519	303475	-	2	1.281126	I:	D:
303551	303943	-	2	1.260990	I:	D:
303948	304793	-	3	1.263630	I:	D:
305119	306324	-	1	1.253577	I:	D:
306467	307285	-	2	1.309272	I:	D:
>Y8.M020_6
219	1241	+	3	1.270136	I:	D:
1244	3478	+	2	1.260962	I:	D:
3567	4478	+	3	1.299954	I:	D:
4552	5409	+	1	1.292538	I:	D:
5416	6321	+	1	1.261825	I:	D:
6333	7811	+	3	1.265993	I:	D:
7875	8396	-	3	1.275330	I:	D:
8420	8932	-	2	1.250189	I:	D:
9040	9501	-	1	1.257035	I:	D:
9553	10251	-	1	1.216456	I:	D:
10252	10794	-	1	1.213638	I:	D:
11061	12230	+	3	1.232136	I:	D:
12240	13244	+	3	1.236221	I:	D:
13364	13624	+	2	1.229887	I:	D:
13790	14446	+	2	1.265833	I:	D:
14504	15124	+	2	1.287534	I:	D:
15137	15556	+	2	1.249537	I:	D:
15707	16513	-	2	1.254048	I:	D:
16540	17571	-	1	1.275487	I:	D:
17586	18434	-	3	1.260951	I:	D:
18434	19915	-	2	1.307460	I:	D:
20089	20844	+	1	1.267295	I:	D:
21055	22095	+	1	1.254814	I:	D:
22095	22958	+	3	1.270354	I:	D:
22969	24369	+	1	1.274338	I:	D:
24369	25850	+	3	1.225564	I:	D:
26003	26140	+	2	1.233462	I:	D:
26237	27757	+	2	1.284814	I:	D:
27860	29668	+	2	1.312357	I:	D:
29685	30539	+	3	1.260469	I:	D:
30811	32346	+	1	1.276248	I:	D:
32444	32752	-	2	1.249224	I:	D:
32797	33207	-	1	1.287623	I:	D:
33226	33378	+	1	1.258079	I:	D:
33380	34138	+	2	1.279196	I:	D:
34162	34794	+	1	1.275497	I:	D:
34844	35782	+	2	1.301114	I:	D:
35785	36657	+	1	1.279744	I:	D:
36654	37394	+	3	1.277021	I:	D:
37404	38234	+	3	1.248232	I:	D:
38243	40168	+	2	1.251960	I:	D:
40257	41012	+	3	1.270038	I:	D:
41025	42782	+	3	1.256869	I:	D:
42830	43543	+	2	1.261783	I:	D:
43823	44272	+	2	1.307092	I:	D:
44269	45234	+	1	1.271126	I:	D:
45265	46245	+	1	1.235498	I:	D:
46350	46775	-	3	1.266735	I:	D:
47006	47986	+	2	1.268305	I:	D:
48025	49230	-	1	1.263540	I:	D:
49462	49992	+	1	1.280205	I:	D:
49996	51054	+	1	1.223171	I:	D:
51090	51890	+	3	1.262939	I:	D:
51900	53492	+	3	1.276626	I:	D:
53554	53901	+	1	1.272059	I:	D:
53911	54507	+	1	1.314656	I:	D:
54562	55218	+	1	1.236670	I:	D:
55261	55470	+	1	1.294589	I:	D:
55498	57150	-	1	1.292929	I:	D:
57551	58144	-	2	1.319951	I:	D:
58259	59623	+	2	1.290569	I:	D:
59651	61585	+	2	1.295754	I:	D:
61783	63030	+	1	1.282031	I:	D:
63048	63410	+	3	1.223521	I:	D:
63505	64038	+	1	1.243910	I:	D:
64141	66027	-	1	1.243810	I:	D:
66199	66825	+	1	1.247954	I:	D:
66831	68669	+	3	1.260625	I:	D:
68782	70701	+	1	1.284177	I:	D:
70701	71303	+	3	1.278940	I:	D:
71281	72105	+	1	1.243814	I:	D:
72209	72538	+	2	1.289045	I:	D:
72549	73886	+	3	1.279830	I:	D:
73938	74189	+	3	1.284130	I:	D:
74208	74435	+	3	1.278046	I:	D:
74507	75016	+	2	1.249510	I:	D:
75013	75747	+	1	1.273771	I:	D:
75753	76208	+	3	1.262855	I:	D:
76271	76714	+	2	1.256290	I:	D:
76857	78854	+	3	1.244806	I:	D:
78967	79185	+	1	1.273847	I:	D:
79377	80684	-	3	1.303088	I:	D:
81007	82182	+	1	1.260169	I:	D:
82189	82779	+	1	1.229019	I:	D:
82789	83823	+	1	1.269841	I:	D:
83816	84088	+	2	1.208973	I:	D:
84241	85476	+	1	1.270182	I:	D:
85583	86611	+	2	1.224635	I:	D:
86676	88556	-	3	1.289815	I:	D:
88653	89720	+	3	1.260276	I:	D:
89760	91754	+	3	1.249579	I:	D:
91807	92070	+	1	1.272423	I:	D:
92079	93158	+	3	1.251154	I:	D:
93145	93702	+	1	1.271775	I:	D:
94088	94471	-	2	1.270080	I:	D:
94661	95287	-	2	1.284798	I:	D:
95476	95847	-	1	1.297755	I:	D:
95982	96494	-	3	1.261293	I:	D:
96499	97680	-	1	1.278097	I:	D:
97863	101255	+	3	1.258806	I:	D:
101364	103034	+	3	1.264174	I:	D:
103050	104024	+	3	1.241526	I:	D:
104036	104887	+	2	1.260932	I:	D:
105011	105742	-	2	1.272325	I:	D:
105767	106303	-	2	1.258527	I:	D:
106566	106748	+	3	1.223987	I:	D:
107002	108096	+	1	1.251756	I:	D:
108110	108493	+	2	1.256787	I:	D:
108542	109156	+	2	1.214317	I:	D:
109158	109376	+	3	1.256801	I:	D:
109381	109920	+	1	1.256906	I:	D:
109930	110091	+	1	1.247309	I:	D:
110141	111313	-	2	1.274373	I:	D:
111736	112152	+	1	1.350589	I:	D:
112308	112778	+	3	1.302849	I:	D:
112808	114925	+	2	1.321036	I:	D:
115082	116269	+	2	1.328743	I:	D:
117046	117540	-	1	1.319967	I:	D:
117542	118840	-	2	1.288772	I:	D:
120048	121463	+	3	1.278919	I:	D:
121731	121967	+	3	1.232059	I:	D:
122076	123092	+	3	1.289897	I:	D:
123089	123610	+	2	1.302526	I:	D:
124252	125667	+	1	1.278865	I:	D:
125922	127040	+	3	1.244161	I:	D:
127057	127581	+	1	1.234614	I:	D:
128277	129677	+	3	1.279830	I:	D:
129940	130794	+	1	1.260746	I:	D:
130784	132097	+	2	1.272732	I:	D:
132134	132469	-	2	1.271446	I:	D:
132643	133263	+	1	1.243601	I:	D:
133270	134043	+	1	1.243976	I:	D:
134015	134854	+	2	1.270649	I:	D:
134899	135702	-	1	1.277117	I:	D:
135714	136781	-	3	1.277466	I:	D:
136860	138875	-	3	1.269145	I:	D:
139055	140359	+	2	1.275764	I:	D:
140359	141471	+	1	1.273078	I:	D:
141499	141726	+	1	1.285926	I:	D:
141867	143204	-	3	1.292706	I:	D:
143224	143970	+	1	1.277255	I:	D:
144002	144328	+	2	1.257151	I:	D:
144449	145084	-	2	1.281720	I:	D:
145117	145275	-	1	1.222312	I:	D:
145459	146190	+	1	1.273196	I:	D:
146203	146955	+	1	1.266350	I:	D:
146967	147839	+	3	1.237771	I:	D:
147970	148365	-	1	1.240787	I:	D:
148505	149659	-	2	1.302540	I:	D:
149675	150445	-	2	1.239435	I:	D:
150459	151262	-	3	1.271639	I:	D:
151264	151461	-	1	1.238180	I:	D:
151687	152676	+	1	1.264667	I:	D:
152698	153543	+	1	1.277293	I:	D:
153576	154070	+	3	1.234647	I:	D:
154084	155490	+	1	1.279813	I:	D:
155502	156605	+	3	1.239401	I:	D:
156940	157200	+	1	1.217202	I:	D:
157284	157796	-	3	1.313706	I:	D:
157918	158331	+	1	1.270701	I:	D:
158452	158700	+	1	1.301635	I:	D:
158755	161166	-	1	1.309055	I:	D:
161311	161952	-	1	1.250725	I:	D:
162021	162704	-	3	1.263254	I:	D:
162807	163910	-	3	1.243071	I:	D:
163912	164502	-	1	1.227839	I:	D:
164574	165464	+	3	1.267541	I:	D:
165461	166162	+	2	1.290152	I:	D:
166340	166624	+	2	1.252501	I:	D:
166645	168273	+	1	1.257771	I:	D:
168424	169041	+	1	1.276229	I:	D:
169047	170033	+	3	1.242906	I:	D:
170093	170479	+	2	1.216686	I:	D:
170481	172226	+	3	1.239869	I:	D:
172271	173068	-	2	1.308924	I:	D:
173379	174095	+	3	1.272651	I:	D:
174099	174866	+	3	1.255211	I:	D:
174885	175601	+	3	1.249751	I:	D:
175694	176503	+	2	1.257264	I:	D:
176552	177643	+	2	1.275535	I:	D:
177732	178943	+	3	1.259433	I:	D:
178954	179415	+	1	1.272347	I:	D:
179519	180541	+	2	1.256357	I:	D:
180630	181976	+	3	1.280103	I:	D:
182021	182194	-	2	1.231794	I:	D:
182573	183679	+	2	1.306278	I:	D:
183758	184648	+	2	1.263187	I:	D:
184683	185441	+	3	1.253363	I:	D:
185616	186899	+	3	1.253841	I:	D:
186966	188021	-	3	1.291041	I:	D:
188074	188526	-	1	1.214345	I:	D:
188701	190104	-	1	1.312654	I:	D:
190151	191629	-	2	1.290406	I:	D:
191652	193196	-	3	1.314554	I:	D:
193438	195045	-	1	1.269833	I:	D:
195253	195945	+	1	1.254171	I:	D:
195893	197359	+	2	1.280725	I:	D:
197370	198311	+	3	1.223244	I:	D:
198320	200566	+	2	1.248883	I:	D:
200550	201530	+	3	1.283415	I:	D:
201613	202593	-	1	1.218599	I:	D:
202603	203208	-	1	1.269203	I:	D:
203268	204716	+	3	1.242619	I:	D:
204720	206843	+	3	1.275245	I:	D:
207352	208416	+	1	1.254324	I:	D:
208541	208879	-	2	1.280658	I:	D:
209212	210078	+	1	1.194562	I:	D:
210081	210239	+	3	1.292147	I:	D:
210290	211123	+	2	1.286978	I:	D:
211155	211286	+	3	1.151665	I:	D:
211320	211526	+	3	1.259626	I:	D:
211747	212016	+	1	1.260057	I:	D:
212032	213390	+	1	1.272442	I:	D:
213482	214903	+	2	1.252810	I:	D:
214915	216039	+	1	1.277952	I:	D:
216339	217826	-	3	1.270199	I:	D:
217949	218722	+	2	1.302626	I:	D:
218722	219627	+	1	1.249344	I:	D:
219652	220533	+	1	1.224079	I:	D:
220574	222088	-	2	1.316817	I:	D:
222166	224016	+	1	1.273092	I:	D:
224091	225128	+	3	1.290963	I:	D:
225150	226100	+	3	1.248270	I:	D:
226103	227005	+	2	1.235411	I:	D:
227022	227891	+	3	1.304399	I:	D:
227992	228909	+	1	1.274110	I:	D:
228902	229144	+	2	1.229626	I:	D:
229409	232063	+	2	1.277337	I:	D:
232264	232407	+	1	1.257259	I:	D:
232687	234312	+	1	1.321008	I:	D:
234577	235197	-	1	1.291280	I:	D:
235384	236325	+	1	1.243271	I:	D:
236327	237703	+	2	1.263589	I:	D:
237810	238733	+	3	1.292258	I:	D:
238764	239534	+	3	1.318362	I:	D:
239539	239943	+	1	1.285969	I:	D:
>Y8.M020_7
1	333	+	1	1.272361	I:	D:
430	840	-	1	1.247180	I:	D:
1083	2306	+	3	1.311852	I:	D:
2458	2922	+	1	1.264410	I:	D:
3021	4094	+	3	1.279621	I:	D:
4148	4651	-	2	1.265971	I:	D:
4662	5258	-	3	1.171830	I:	D:
5347	6423	-	1	1.261565	I:	D:
6482	6931	+	2	1.249447	I:	D:
6959	8125	-	2	1.256593	I:	D:
8150	9355	-	2	1.283309	I:	D:
9587	10099	+	2	1.250055	I:	D:
10247	11308	+	2	1.276792	I:	D:
11377	13539	+	1	1.274521	I:	D:
13536	14693	+	3	1.257643	I:	D:
14733	14921	+	3	1.340098	I:	D:
14957	15220	-	2	1.265558	I:	D:
15311	16003	-	2	1.273230	I:	D:
15990	16763	-	3	1.251000	I:	D:
16766	17836	-	2	1.268784	I:	D:
17851	18753	-	1	1.294229	I:	D:
18848	20092	-	2	1.282323	I:	D:
20369	21166	-	2	1.266537	I:	D:
21167	21778	-	2	1.265589	I:	D:
21796	22482	-	1	1.291568	I:	D:
22493	22972	-	2	1.283907	I:	D:
22984	24702	-	1	1.275658	I:	D:
24705	25067	-	3	1.274255	I:	D:
25081	25383	-	1	1.286958	I:	D:
25504	25833	-	1	1.359084	I:	D:
25958	26968	+	2	1.297706	I:	D:
27161	27310	-	2	1.242830	I:	D:
27713	28426	+	2	1.291363	I:	D:
28858	29403	-	1	1.372942	I:	D:
29620	30609	-	1	1.247719	I:	D:
31147	32754	+	1	1.265958	I:	D:
33827	34798	-	2	1.221941	I:	D:
35363	38956	-	2	1.197608	I:	D:
39101	39358	-	2	1.296283	I:	D:
39409	39981	-	1	1.277855	I:	D:
40029	41969	-	3	1.284622	I:	D:
42270	43694	+	3	1.314831	I:	D:
43738	44463	-	1	1.284894	I:	D:
44450	44620	-	2	1.200962	I:	D:
44811	45194	+	3	1.277626	I:	D:
45172	45708	+	1	1.316996	I:	D:
45876	48677	+	3	1.278671	I:	D:
48837	49844	+	3	1.244514	I:	D:
50101	50613	-	1	1.235648	I:	D:
50726	51826	-	2	1.254613	I:	D:
51984	52781	-	3	1.240718	I:	D:
52937	54298	+	2	1.293378	I:	D:
54314	55366	+	2	1.314925	I:	D:
55393	58947	-	1	1.249229	I:	D:
59145	67889	-	3	1.246360	I:	D:
67886	68623	-	2	1.278661	I:	D:
68828	68968	-	2	1.270623	I:	D:
68998	71910	-	1	1.284576	I:	D:
72702	73067	-	3	1.290275	I:	D:
73086	73523	-	3	1.288814	I:	D:
73548	74084	-	3	1.256154	I:	D:
74144	74275	-	2	1.167999	I:	D:
74320	74766	+	1	1.257786	I:	D:
74759	76057	+	2	1.287717	I:	D:
76359	78113	-	3	1.280215	I:	D:
78141	78833	-	3	1.248139	I:	D:
79016	80194	+	2	1.289986	I:	D:
80198	80953	+	2	1.293244	I:	D:
80971	81426	+	1	1.311981	I:	D:
81905	82786	-	2	1.286651	I:	D:
82805	83884	-	2	1.279940	I:	D:
83901	85142	-	3	1.295481	I:	D:
85316	86050	+	2	1.282788	I:	D:
86133	86669	-	3	1.303937	I:	D:
86905	87837	+	1	1.292376	I:	D:
87904	88269	-	1	1.247853	I:	D:
88540	88842	+	1	1.295531	I:	D:
88853	91387	+	2	1.274193	I:	D:
91426	91800	-	1	1.299949	I:	D:
91916	92794	+	2	1.310581	I:	D:
92907	93458	+	3	1.285196	I:	D:
93455	94138	+	2	1.294611	I:	D:
94151	95350	+	2	1.289397	I:	D:
95622	96794	+	3	1.296100	I:	D:
96800	97408	+	2	1.306114	I:	D:
97420	98409	+	1	1.280600	I:	D:
98644	101007	-	1	1.303330	I:	D:
101192	101716	-	2	1.329287	I:	D:
101806	102453	-	1	1.263882	I:	D:
102593	103513	-	2	1.269454	I:	D:
103516	103956	-	1	1.262125	I:	D:
104058	104810	-	3	1.247050	I:	D:
104807	105961	-	2	1.258855	I:	D:
105964	107415	-	1	1.273308	I:	D:
107496	108032	-	3	1.302999	I:	D:
108082	109242	-	1	1.267633	I:	D:
109254	109793	-	3	1.266213	I:	D:
109824	111029	-	3	1.264293	I:	D:
111046	112113	-	1	1.245987	I:	D:
112131	112661	-	3	1.269015	I:	D:
112690	113796	-	1	1.246198	I:	D:
113807	114673	-	2	1.252729	I:	D:
114682	115176	-	1	1.228606	I:	D:
115173	115631	-	3	1.235667	I:	D:
115636	116883	-	1	1.273919	I:	D:
116947	117486	-	1	1.269605	I:	D:
117547	118239	-	1	1.241746	I:	D:
118313	119107	-	2	1.264260	I:	D:
119864	120901	-	2	1.247668	I:	D:
121073	122482	+	2	1.254514	I:	D:
122650	123198	-	1	1.271406	I:	D:
123302	123955	-	2	1.252484	I:	D:
124308	124769	-	3	1.269432	I:	D:
124818	125552	-	3	1.227625	I:	D:
125639	126604	-	2	1.270214	I:	D:
126665	127639	-	2	1.279945	I:	D:
127869	130442	-	3	1.296653	I:	D:
130694	130828	-	2	1.229217	I:	D:
130891	131439	-	1	1.284135	I:	D:
131859	133511	-	3	1.268882	I:	D:
133599	134777	-	3	1.267438	I:	D:
134778	135950	-	3	1.302236	I:	D:
135962	137296	-	2	1.277365	I:	D:
137323	137724	-	1	1.227282	I:	D:
137900	140008	-	2	1.276171	I:	D:
140094	140924	-	3	1.227681	I:	D:
140945	142285	-	2	1.321169	I:	D:
142338	143384	-	3	1.290942	I:	D:
143406	143654	-	3	1.267529	I:	D:
143784	144533	-	3	1.241872	I:	D:
144538	145062	-	1	1.239453	I:	D:
145256	146134	+	2	1.279076	I:	D:
146146	147165	+	1	1.314486	I:	D:
147177	147779	+	3	1.291911	I:	D:
147913	148497	-	1	1.199185	I:	D:
148629	149156	-	3	1.261837	I:	D:
149270	150661	+	2	1.291762	I:	D:
150707	150835	-	2	1.214840	I:	D:
150907	151116	-	1	1.191432	I:	D:
>Y8.M020_8
1	396	-	1	1.276493	I:	D:
398	1585	-	2	1.321086	I:	D:
1589	1741	-	2	1.232478	I:	D:
1745	2704	-	2	1.291897	I:	D:
2705	3535	-	2	1.331893	I:	D:
3548	4075	-	2	1.309809	I:	D:
4079	5149	-	2	1.316523	I:	D:
5142	5552	-	3	1.288435	I:	D:
5553	5819	-	3	1.239126	I:	D:
5812	7758	-	1	1.341012	I:	D:
7770	8531	-	3	1.304779	I:	D:
8588	9490	-	2	1.273829	I:	D:
9552	11972	-	3	1.283142	I:	D:
12161	12577	-	2	1.285175	I:	D:
12592	13059	-	1	1.316540	I:	D:
13074	14378	-	3	1.306720	I:	D:
14556	14984	-	3	1.320911	I:	D:
14981	15514	-	2	1.322251	I:	D:
15511	15882	-	1	1.334847	I:	D:
15884	16258	-	2	1.326805	I:	D:
16263	17318	-	3	1.317120	I:	D:
17333	17914	-	2	1.265870	I:	D:
18679	20400	-	1	1.280775	I:	D:
20387	21856	-	2	1.316536	I:	D:
21869	23104	-	2	1.330599	I:	D:
23116	23541	-	1	1.261186	I:	D:
23538	23936	-	3	1.268276	I:	D:
24098	24499	-	2	1.254979	I:	D:
24685	25137	-	1	1.292109	I:	D:
25297	26214	-	1	1.265853	I:	D:
26286	26726	-	3	1.330033	I:	D:
26726	27454	-	2	1.295517	I:	D:
27460	28176	-	1	1.276355	I:	D:
28178	30061	-	2	1.252578	I:	D:
30303	30665	-	3	1.300909	I:	D:
30752	30946	-	2	1.282139	I:	D:
30963	31442	-	3	1.291024	I:	D:
31480	31671	-	1	1.334534	I:	D:
31979	32206	+	2	1.268188	I:	D:
32232	32552	+	3	1.313598	I:	D:
32697	33200	+	3	1.272628	I:	D:
33357	34484	+	3	1.246397	I:	D:
34522	35289	+	1	1.265455	I:	D:
35426	35962	+	2	1.293811	I:	D:
35968	37032	+	1	1.244924	I:	D:
37116	38660	-	3	1.290370	I:	D:
38669	39223	-	2	1.268653	I:	D:
39234	39638	-	3	1.247787	I:	D:
39635	40609	-	2	1.200771	I:	D:
40624	40947	-	1	1.258710	I:	D:
40944	42485	-	3	1.266484	I:	D:
42495	43505	-	3	1.252580	I:	D:
43506	44153	-	3	1.282951	I:	D:
44157	45476	-	3	1.265035	I:	D:
45672	46469	-	3	1.258654	I:	D:
46480	46818	-	1	1.251603	I:	D:
46815	47576	-	3	1.240196	I:	D:
47701	48789	+	1	1.280771	I:	D:
48776	49255	+	2	1.307466	I:	D:
49288	49890	-	1	1.238796	I:	D:
50399	50932	+	2	1.264727	I:	D:
51018	52799	-	3	1.270847	I:	D:
52801	53619	-	1	1.275002	I:	D:
53728	54270	-	1	1.289234	I:	D:
54473	55594	+	2	1.277762	I:	D:
55611	56276	+	3	1.231293	I:	D:
56564	58258	-	2	1.291517	I:	D:
58262	60136	-	2	1.301104	I:	D:
60126	60614	-	3	1.257224	I:	D:
60833	61762	-	2	1.247757	I:	D:
62117	63247	-	2	1.245859	I:	D:
63835	64752	-	1	1.222689	I:	D:
64816	66891	-	1	1.268839	I:	D:
66969	67301	-	3	1.229713	I:	D:
67435	67902	-	1	1.296009	I:	D:
68116	70506	-	1	1.273098	I:	D:
70589	70810	-	2	1.234447	I:	D:
70831	71040	-	1	1.286855	I:	D:
71260	71655	-	1	1.265809	I:	D:
71768	72115	-	2	1.240600	I:	D:
72251	74593	-	2	1.257577	I:	D:
74676	75287	-	3	1.256039	I:	D:
75458	76825	+	2	1.258748	I:	D:
77236	78240	+	1	1.268578	I:	D:
78302	79102	-	2	1.230995	I:	D:
79111	79641	-	1	1.245373	I:	D:
79656	80222	-	3	1.218412	I:	D:
80355	80657	-	3	1.212052	I:	D:
80650	81906	-	1	1.275307	I:	D:
82051	83841	-	1	1.289386	I:	D:
83844	84080	-	3	1.311141	I:	D:
84142	84711	-	1	1.255819	I:	D:
84864	86069	+	3	1.286716	I:	D:
86115	87272	+	3	1.295689	I:	D:
87286	88251	+	1	1.279860	I:	D:
88305	89561	+	3	1.305321	I:	D:
89576	90601	+	2	1.257517	I:	D:
91427	92182	+	2	1.258114	I:	D:
92292	93275	+	3	1.254745	I:	D:
93287	93964	+	2	1.289583	I:	D:
93969	94478	+	3	1.312045	I:	D:
94634	96175	-	2	1.257874	I:	D:
96492	97907	+	3	1.277339	I:	D:
97951	99870	-	1	1.241781	I:	D:
100081	100617	-	1	1.311808	I:	D:
100632	101585	-	3	1.294987	I:	D:
101648	102238	-	2	1.333640	I:	D:
102281	102679	-	2	1.292803	I:	D:
102715	103086	-	1	1.310996	I:	D:
103562	103780	-	2	1.303618	I:	D:
103801	104067	-	1	1.280983	I:	D:
104080	104832	-	1	1.288535	I:	D:
104835	105470	-	3	1.278597	I:	D:
105531	106724	-	3	1.298202	I:	D:
106779	107219	-	3	1.331333	I:	D:
107239	107412	-	1	1.308688	I:	D:
107426	107932	-	2	1.303469	I:	D:
107948	108316	-	2	1.267979	I:	D:
108335	108874	-	2	1.290114	I:	D:
108893	109294	-	2	1.312320	I:	D:
109315	109500	-	1	1.356950	I:	D:
109517	110056	-	2	1.283528	I:	D:
110079	110381	-	3	1.302224	I:	D:
110400	110768	-	3	1.306650	I:	D:
110794	111048	-	1	1.292076	I:	D:
111275	111715	-	2	1.325609	I:	D:
111715	112374	-	1	1.298158	I:	D:
112386	112778	-	3	1.299277	I:	D:
112809	113093	-	3	1.335804	I:	D:
113108	113938	-	2	1.318025	I:	D:
113998	114297	-	1	1.315288	I:	D:
114297	114917	-	3	1.323314	I:	D:
114944	115576	-	2	1.304348	I:	D:
115699	116010	-	1	1.317210	I:	D:
116396	116884	-	2	1.248997	I:	D:
116886	117941	-	3	1.297266	I:	D:
118218	118508	-	3	1.194816	I:	D:
118702	118914	-	1	1.308556	I:	D:
119141	119560	-	2	1.272759	I:	D:
119561	119707	-	2	1.285102	I:	D:
119786	120067	-	2	1.252561	I:	D:
120442	121971	-	1	1.279371	I:	D:
121983	122459	-	3	1.236397	I:	D:
122538	123521	-	3	1.278387	I:	D:
123518	123853	-	2	1.266999	I:	D:
123862	124824	-	1	1.267553	I:	D:
124920	125288	+	3	1.235424	I:	D:
125293	126768	+	1	1.265377	I:	D:
126821	127177	-	2	1.287572	I:	D:
127256	129712	-	2	1.261857	I:	D:
129755	130834	-	2	1.285981	I:	D:
130867	131703	-	1	1.265411	I:	D:
131690	132649	-	2	1.273326	I:	D:
132662	133504	-	2	1.256036	I:	D:
133648	133806	-	1	1.224206	I:	D:
133875	134354	-	3	1.238022	I:	D:
134467	134664	+	1	1.284628	I:	D:
134666	134932	+	2	1.310583	I:	D:
134945	135142	+	2	1.334532	I:	D:
135200	137338	-	2	1.258107	I:	D:
137480	138547	+	2	1.316454	I:	D:
138619	139371	-	1	1.267548	I:	D:
>Y8.M020_9
1	396	-	1	1.241186	I:	D:
397	552	-	1	1.203049	I:	D:
567	2495	-	3	1.266171	I:	D:
2838	4292	-	3	1.288212	I:	D:
4300	4839	-	1	1.277025	I:	D:
4949	6430	-	2	1.281578	I:	D:
6444	7646	-	3	1.263631	I:	D:
7763	8587	-	2	1.273612	I:	D:
8602	9393	-	1	1.297231	I:	D:
9408	9767	-	3	1.295846	I:	D:
9781	10107	-	1	1.268591	I:	D:
10263	11447	-	3	1.278993	I:	D:
11521	11943	-	1	1.254336	I:	D:
11958	12182	-	3	1.246174	I:	D:
12260	13303	-	2	1.252920	I:	D:
13340	14347	-	2	1.269758	I:	D:
14365	15270	-	1	1.278692	I:	D:
15803	18538	-	2	1.236956	I:	D:
18773	19489	-	2	1.232626	I:	D:
20068	20325	+	1	1.472480	I:	D:
>Y8.M020_10
280	1455	-	1	1.238068	I:	D:
1551	1925	-	3	1.313650	I:	D:
1994	2404	+	2	1.287041	I:	D:
2445	3035	-	3	1.321441	I:	D:
>Y8.M020_11
105	944	+	3	1.312292	I:	D:
1019	2593	+	2	1.304675	I:	D:
2643	4745	-	3	1.287904	I:	D:
4745	5686	-	2	1.292453	I:	D:
5765	6268	-	2	1.276996	I:	D:
6406	7065	-	1	1.278289	I:	D:
7185	7943	-	3	1.253705	I:	D:
8060	8524	-	2	1.263367	I:	D:
8677	9534	+	1	1.280067	I:	D:
9524	9715	+	2	1.283480	I:	D:
9721	10344	+	1	1.245969	I:	D:
10358	10843	+	2	1.282622	I:	D:
10882	11847	-	1	1.318692	I:	D:
12071	12334	+	2	1.314519	I:	D:
12533	12718	+	2	1.314981	I:	D:
13042	17139	+	1	1.277525	I:	D:
17244	17936	+	3	1.266814	I:	D:
17938	18684	+	1	1.255188	I:	D:
18831	22163	-	3	1.283749	I:	D:
22880	23389	+	2	1.299239	I:	D:
23449	24465	+	1	1.294523	I:	D:
24616	26205	+	1	1.289182	I:	D:
26219	27478	+	2	1.284082	I:	D:
27493	27999	+	1	1.269237	I:	D:
28064	29134	+	2	1.276118	I:	D:
29232	31061	+	3	1.268327	I:	D:
31086	32744	+	3	1.276708	I:	D:
32765	34450	+	2	1.272977	I:	D:
34521	34964	+	3	1.271616	I:	D:
35098	35493	+	1	1.237242	I:	D:
35528	36193	+	2	1.294802	I:	D:
36310	36540	-	1	1.333431	I:	D:
36570	37037	-	3	1.315443	I:	D:
37058	37345	-	2	1.281583	I:	D:
37521	37802	+	3	1.316152	I:	D:
38155	38364	+	1	1.294326	I:	D:
38405	39280	-	2	1.239342	I:	D:
39283	39756	-	1	1.261789	I:	D:
39886	40785	-	1	1.276670	I:	D:
41044	41817	-	1	1.282569	I:	D:
41814	42680	-	3	1.297717	I:	D:
42710	43711	-	2	1.280344	I:	D:
43811	44629	-	2	1.309987	I:	D:
45079	45420	+	1	1.303902	I:	D:
45661	46701	+	1	1.301361	I:	D:
46703	47614	+	2	1.268962	I:	D:
47693	49075	+	2	1.257773	I:	D:
49107	50981	+	3	1.281883	I:	D:
50989	51693	+	1	1.260873	I:	D:
51704	52126	+	2	1.289059	I:	D:
52202	56113	+	2	1.285843	I:	D:
56151	57527	+	3	1.288759	I:	D:
57540	58169	+	3	1.266258	I:	D:
58173	59987	+	3	1.244211	I:	D:
59990	61168	+	2	1.271496	I:	D:
61213	62205	+	1	1.277542	I:	D:
62236	62616	+	1	1.229252	I:	D:
63448	64251	-	1	1.224643	I:	D:
64248	65135	-	3	1.270971	I:	D:
65237	66979	-	2	1.275988	I:	D:
67081	69357	+	1	1.302629	I:	D:
69511	69687	+	1	1.353248	I:	D:
69714	70166	+	3	1.271227	I:	D:
70311	70937	+	3	1.250831	I:	D:
71089	72717	+	1	1.264334	I:	D:
73637	74176	-	2	1.314033	I:	D:
74276	75535	+	2	1.286249	I:	D:
75576	75998	+	3	1.304901	I:	D:
75998	76801	+	2	1.275297	I:	D:
76811	77617	+	2	1.282803	I:	D:
77647	77934	+	1	1.292939	I:	D:
77939	79048	+	2	1.257802	I:	D:
79112	79882	-	2	1.251090	I:	D:
79884	80975	-	3	1.283171	I:	D:
80978	81979	-	2	1.292738	I:	D:
81976	83601	-	1	1.288778	I:	D:
83608	84369	-	1	1.277501	I:	D:
84514	85395	-	1	1.280371	I:	D:
85740	87026	+	3	1.273478	I:	D:
87047	87511	+	2	1.274625	I:	D:
87705	89048	+	3	1.290845	I:	D:
89138	90058	+	2	1.240349	I:	D:
90207	91019	+	3	1.256609	I:	D:
91279	91845	-	1	1.231920	I:	D:
92034	92771	+	3	1.231136	I:	D:
93233	94522	-	2	1.315000	I:	D:
94738	95085	-	1	1.314151	I:	D:
95101	95634	-	1	1.256358	I:	D:
95789	95983	+	2	1.252992	I:	D:
95995	96258	+	1	1.275635	I:	D:
96267	97928	+	3	1.308375	I:	D:
98266	98397	+	1	1.285831	I:	D:
98608	98814	+	1	1.247378	I:	D:
98975	99163	-	2	1.234491	I:	D:
99693	100133	+	3	1.305893	I:	D:
100199	100729	+	2	1.281521	I:	D:
101431	101934	+	1	1.274861	I:	D:
102087	103211	-	3	1.268116	I:	D:
103515	104237	-	3	1.261594	I:	D:
104282	104842	-	2	1.299801	I:	D:
104949	105743	-	3	1.297979	I:	D:
105736	106656	-	1	1.287395	I:	D:
106759	107796	-	1	1.265480	I:	D:
108001	108792	-	1	1.304249	I:	D:
108989	109729	-	2	1.280357	I:	D:
109719	110450	-	3	1.311406	I:	D:
110539	111363	-	1	1.270796	I:	D:
112152	114383	-	3	1.300412	I:	D:
114654	116486	+	3	1.291442	I:	D:
116513	118126	+	2	1.296154	I:	D:
118349	120100	+	2	1.298588	I:	D:
120124	121842	+	1	1.320511	I:	D:
121887	122642	-	3	1.310984	I:	D:
122938	123375	+	1	1.292699	I:	D:
123393	123785	+	3	1.335774	I:	D:
124169	124396	+	2	1.234871	I:	D:
124422	125030	+	3	1.215291	I:	D:
125114	125902	-	2	1.269402	I:	D:
125905	126909	-	1	1.231820	I:	D:
127343	128260	+	2	1.312579	I:	D:
128314	128589	+	1	1.260646	I:	D:
128616	129839	-	3	1.258992	I:	D:
129973	130590	+	1	1.259414	I:	D:
130638	131408	+	3	1.263101	I:	D:
131730	132695	-	3	1.279392	I:	D:
132670	133899	-	1	1.269994	I:	D:
134023	134928	+	1	1.267224	I:	D:
134925	135710	+	3	1.277466	I:	D:
135911	136705	+	2	1.274221	I:	D:
136710	138032	+	3	1.287629	I:	D:
139042	140247	+	1	1.245729	I:	D:
140300	140776	+	2	1.235792	I:	D:
140979	141494	+	3	1.294519	I:	D:
141519	141716	+	3	1.288383	I:	D:
141735	142088	+	3	1.312973	I:	D:
142593	142727	+	3	1.273461	I:	D:
>Y8.M020_12
3	137	+	3	1.373706	I:	D:
514	897	-	1	1.259239	I:	D:
903	1124	-	3	1.275055	I:	D:
1352	1606	+	2	1.215749	I:	D:
1783	2370	+	1	1.266410	I:	D:
2588	2989	+	2	1.243859	I:	D:
2995	3339	+	1	1.227493	I:	D:
3362	4087	+	2	1.279884	I:	D:
4191	5105	-	3	1.305111	I:	D:
5123	5560	-	2	1.273066	I:	D:
5633	7246	+	2	1.259300	I:	D:
7312	7692	-	1	1.284766	I:	D:
7708	8289	-	1	1.266643	I:	D:
8294	8602	-	2	1.279335	I:	D:
8651	9646	-	2	1.289896	I:	D:
9797	10882	-	2	1.294665	I:	D:
11088	12053	-	3	1.286876	I:	D:
12703	17433	+	1	1.289130	I:	D:
17426	18886	+	2	1.314801	I:	D:
19458	20132	+	3	1.301814	I:	D:
20175	20393	+	3	1.249914	I:	D:
20414	20899	+	2	1.229248	I:	D:
20896	21399	+	1	1.243181	I:	D:
21405	22907	+	3	1.278892	I:	D:
22914	23798	+	3	1.281098	I:	D:
23843	25240	+	2	1.292456	I:	D:
25261	25662	+	1	1.292057	I:	D:
25958	26377	+	2	1.222507	I:	D:
26431	26889	+	1	1.264110	I:	D:
27015	28085	-	3	1.283112	I:	D:
28259	30253	+	2	1.271019	I:	D:
30269	30403	+	2	1.352121	I:	D:
30521	31672	-	2	1.278191	I:	D:
32300	32725	+	2	1.297250	I:	D:
32738	33676	+	2	1.299227	I:	D:
33703	34353	+	1	1.301368	I:	D:
34359	36737	+	3	1.283844	I:	D:
36913	37338	+	1	1.237973	I:	D:
37335	38717	+	3	1.290754	I:	D:
38807	41404	-	2	1.279248	I:	D:
41416	42060	-	1	1.307464	I:	D:
42237	44051	+	3	1.267535	I:	D:
43867	45138	+	1	1.276510	I:	D:
45226	45960	+	1	1.257459	I:	D:
46067	47986	+	2	1.293274	I:	D:
48068	49525	+	2	1.271752	I:	D:
49527	50876	+	3	1.268322	I:	D:
50878	51849	+	1	1.270329	I:	D:
51865	53229	+	1	1.277180	I:	D:
53230	54390	+	1	1.298662	I:	D:
54572	55069	+	2	1.301594	I:	D:
55145	55522	+	2	1.218480	I:	D:
56111	56311	-	2	1.264727	I:	D:
56518	57405	-	1	1.289711	I:	D:
57417	58379	-	3	1.293717	I:	D:
58520	60286	-	2	1.297276	I:	D:
60426	60758	-	3	1.292082	I:	D:
60745	61437	-	1	1.304521	I:	D:
61450	64920	-	1	1.298945	I:	D:
65079	66383	+	3	1.240778	I:	D:
66431	66718	-	2	1.272024	I:	D:
66743	68020	-	2	1.280009	I:	D:
68127	68414	-	3	1.323443	I:	D:
68427	68726	-	3	1.252953	I:	D:
68728	69039	-	1	1.279410	I:	D:
69181	69597	-	1	1.254045	I:	D:
69673	70995	-	1	1.274815	I:	D:
71241	72131	+	3	1.286434	I:	D:
72131	73513	+	2	1.254002	I:	D:
73529	73798	+	2	1.265076	I:	D:
73844	74779	-	2	1.290949	I:	D:
74915	75253	-	2	1.298434	I:	D:
75277	76203	-	1	1.306208	I:	D:
76206	76703	-	3	1.293618	I:	D:
76718	77986	-	2	1.283173	I:	D:
77991	78815	-	3	1.285401	I:	D:
78827	79324	-	2	1.244108	I:	D:
79556	79735	+	2	1.294308	I:	D:
79749	82160	+	3	1.267538	I:	D:
82214	83314	-	2	1.278471	I:	D:
83317	84030	-	1	1.265655	I:	D:
84185	84598	+	2	1.258033	I:	D:
84604	85965	+	1	1.309289	I:	D:
86014	86541	+	1	1.317900	I:	D:
86562	87620	+	3	1.267805	I:	D:
87633	88061	+	3	1.287390	I:	D:
88074	88700	+	3	1.272009	I:	D:
88745	89767	+	2	1.282881	I:	D:
>Y8.M020_13
1	198	-	1	1.355941	I:	D:
266	2398	-	2	1.271416	I:	D:
2507	2857	-	2	1.211466	I:	D:
3014	4915	-	2	1.277953	I:	D:
5048	5593	-	2	1.242874	I:	D:
5593	6945	-	1	1.273999	I:	D:
7011	9434	-	3	1.299019	I:	D:
9463	10371	-	1	1.272382	I:	D:
10391	11065	-	2	1.264274	I:	D:
11082	11837	-	3	1.272963	I:	D:
11848	12696	-	1	1.298504	I:	D:
12686	13681	-	2	1.269109	I:	D:
13700	14563	-	2	1.267297	I:	D:
14795	16507	-	2	1.285237	I:	D:
16512	17186	-	3	1.263093	I:	D:
17294	17860	-	2	1.286518	I:	D:
17860	18438	-	1	1.261607	I:	D:
18490	20217	-	1	1.283950	I:	D:
20300	22087	-	2	1.287178	I:	D:
22260	23732	+	3	1.285707	I:	D:
23870	24295	+	2	1.318690	I:	D:
24395	24565	-	2	1.183858	I:	D:
24671	26743	-	2	1.276763	I:	D:
26731	27678	-	1	1.278812	I:	D:
27681	28250	-	3	1.275581	I:	D:
28247	28609	-	2	1.276676	I:	D:
28603	29370	-	1	1.261110	I:	D:
29373	29888	-	3	1.256098	I:	D:
29888	30919	-	2	1.252752	I:	D:
31241	33439	-	2	1.253068	I:	D:
33641	34960	-	2	1.296693	I:	D:
35051	36253	-	2	1.277919	I:	D:
36222	36929	-	3	1.292504	I:	D:
36962	38053	-	2	1.276688	I:	D:
38287	39348	+	1	1.248606	I:	D:
39358	41709	+	1	1.309925	I:	D:
41711	43114	+	2	1.332896	I:	D:
43111	44607	+	1	1.290137	I:	D:
44700	45641	-	3	1.277377	I:	D:
45664	47763	-	1	1.291113	I:	D:
47943	49310	-	3	1.287917	I:	D:
49793	50032	+	2	1.191578	I:	D:
50183	51001	-	2	1.286617	I:	D:
51002	51751	-	2	1.303836	I:	D:
51913	52248	-	1	1.250398	I:	D:
52376	53092	+	2	1.275296	I:	D:
53533	53937	-	1	1.242170	I:	D:
53952	54743	-	3	1.277587	I:	D:
54821	55216	-	2	1.262019	I:	D:
55241	55636	-	2	1.228189	I:	D:
55736	55999	-	2	1.242558	I:	D:
56006	56488	-	2	1.255522	I:	D:
56490	57725	-	3	1.280239	I:	D:
57940	59100	-	1	1.274610	I:	D:
59261	60340	-	2	1.302757	I:	D:
60510	61685	-	3	1.267166	I:	D:
61719	62579	-	3	1.265568	I:	D:
62891	64105	-	2	1.254654	I:	D:
64124	65185	-	2	1.291692	I:	D:
65446	66663	+	1	1.314396	I:	D:
66700	67332	+	1	1.249315	I:	D:
67329	68717	+	3	1.278457	I:	D:
68938	69276	+	1	1.260237	I:	D:
69413	70846	-	2	1.294099	I:	D:
71037	71966	-	3	1.287153	I:	D:
71977	72936	-	1	1.295982	I:	D:
73081	73512	+	1	1.234992	I:	D:
73735	75438	-	1	1.284048	I:	D:
75550	76032	-	1	1.289468	I:	D:
76115	79831	-	2	1.304481	I:	D:
79851	82712	-	3	1.303426	I:	D:
82905	84017	-	3	1.273333	I:	D:
84042	84551	-	3	1.260759	I:	D:
84655	84810	-	1	1.207801	I:	D:
84963	85244	+	3	1.239100	I:	D:
85398	85598	-	3	1.285727	I:	D:
85917	88547	+	3	1.287552	I:	D:
88549	89145	+	1	1.273443	I:	D:
89138	89701	+	2	1.288389	I:	D:
89655	91256	+	3	1.290090	I:	D:
91277	92197	+	2	1.324881	I:	D:
92222	93160	+	2	1.295968	I:	D:
94058	95755	+	2	1.304382	I:	D:
95793	95930	-	3	1.325050	I:	D:
96310	99279	+	1	1.300850	I:	D:
99307	99456	+	1	1.255064	I:	D:
99558	101147	-	3	1.295157	I:	D:
101149	102027	-	1	1.281023	I:	D:
102144	103118	+	3	1.260068	I:	D:
103436	103582	-	2	1.297534	I:	D:
103592	103849	-	2	1.328405	I:	D:
103962	105074	-	3	1.277165	I:	D:
105479	106027	-	2	1.287637	I:	D:
106130	107149	-	2	1.273042	I:	D:
107866	108279	-	1	1.266611	I:	D:
108282	110123	-	3	1.274583	I:	D:
110362	110850	-	1	1.269253	I:	D:
110912	111661	-	2	1.315993	I:	D:
111709	112992	-	1	1.286055	I:	D:
113362	114189	-	1	1.270731	I:	D:
114198	115529	-	3	1.265712	I:	D:
115555	116013	-	1	1.284921	I:	D:
116324	117658	-	2	1.297167	I:	D:
117663	118382	-	3	1.218260	I:	D:
118379	119125	-	2	1.263549	I:	D:
119128	121074	-	1	1.306258	I:	D:
121067	121789	-	2	1.294310	I:	D:
121800	122501	-	3	1.288746	I:	D:
122559	123533	-	3	1.265412	I:	D:
123538	124209	-	1	1.303244	I:	D:
124275	125411	-	3	1.284702	I:	D:
125526	126461	+	3	1.285772	I:	D:
126777	127316	-	3	1.301422	I:	D:
127405	128235	-	1	1.290592	I:	D:
128329	128502	-	1	1.206293	I:	D:
128518	129048	-	1	1.312526	I:	D:
129191	130213	+	2	1.287273	I:	D:
130215	130787	-	3	1.283253	I:	D:
130860	133379	+	3	1.302113	I:	D:
133493	134395	+	2	1.303694	I:	D:
134445	136928	-	3	1.279588	I:	D:
136994	137686	-	2	1.216219	I:	D:
138037	138732	-	1	1.296937	I:	D:
138807	139232	-	3	1.288615	I:	D:
139309	139851	-	1	1.299176	I:	D:
139873	140127	-	1	1.279048	I:	D:
140587	141150	-	1	1.287977	I:	D:
141530	142897	-	2	1.277162	I:	D:
142914	143591	-	3	1.265228	I:	D:
144031	145935	+	1	1.321518	I:	D:
146062	147030	+	1	1.243425	I:	D:
147411	147695	+	3	1.309425	I:	D:
147700	148920	+	1	1.291060	I:	D:
148948	149313	+	1	1.327754	I:	D:
149323	149844	+	1	1.282998	I:	D:
149870	151564	+	2	1.278743	I:	D:
151762	152382	+	1	1.295149	I:	D:
>Y8.M020_14
464	3028	-	2	1.285313	I:	D:
3396	3866	-	3	1.303522	I:	D:
3897	4739	-	3	1.290282	I:	D:
4952	6016	+	2	1.269536	I:	D:
6032	6493	+	2	1.269572	I:	D:
6620	6991	+	2	1.314481	I:	D:
6988	7887	+	1	1.285193	I:	D:
7862	9835	+	2	1.277422	I:	D:
10119	11291	-	3	1.249099	I:	D:
11325	11789	-	3	1.297293	I:	D:
11782	12645	-	1	1.287260	I:	D:
12769	13194	+	1	1.331980	I:	D:
13230	13790	-	3	1.264419	I:	D:
13845	14636	+	3	1.297797	I:	D:
14717	16474	+	2	1.270861	I:	D:
16593	17117	-	3	1.238280	I:	D:
17117	18001	-	2	1.257211	I:	D:
17994	18512	-	3	1.279223	I:	D:
18792	20204	+	3	1.300684	I:	D:
20212	21483	+	1	1.280706	I:	D:
21584	21859	-	2	1.236823	I:	D:
22035	22412	-	3	1.298906	I:	D:
22969	25662	-	1	1.305089	I:	D:
25765	26382	+	1	1.308147	I:	D:
26544	26981	+	3	1.261560	I:	D:
27109	28017	+	1	1.305871	I:	D:
28042	28602	+	1	1.322909	I:	D:
28589	29077	+	2	1.277310	I:	D:
29078	30115	+	2	1.274702	I:	D:
30331	30534	-	1	1.348106	I:	D:
30633	31940	-	3	1.278547	I:	D:
31954	34221	-	1	1.246887	I:	D:
34450	35409	-	1	1.307192	I:	D:
35497	35979	-	1	1.257353	I:	D:
36079	36207	-	1	1.282410	I:	D:
36228	37199	-	3	1.263285	I:	D:
37226	37978	-	2	1.251016	I:	D:
38167	43086	-	1	1.271818	I:	D:
43169	45574	-	2	1.291906	I:	D:
46015	46938	+	1	1.293745	I:	D:
47022	48632	-	3	1.294016	I:	D:
48854	50215	-	2	1.283646	I:	D:
50270	50821	-	2	1.269531	I:	D:
50822	52165	-	2	1.291720	I:	D:
52307	53689	-	2	1.282354	I:	D:
53686	54390	-	1	1.276718	I:	D:
54444	54965	-	3	1.272135	I:	D:
54979	56412	-	1	1.294452	I:	D:
56443	56643	+	1	1.389647	I:	D:
56885	58267	-	2	1.283059	I:	D:
58257	59150	-	3	1.299732	I:	D:
59331	59909	+	3	1.307350	I:	D:
59906	60436	+	2	1.349072	I:	D:
60472	60891	-	1	1.301253	I:	D:
61104	63596	-	3	1.308177	I:	D:
63785	63913	-	2	1.287493	I:	D:
64231	72366	-	1	1.284832	I:	D:
72749	76351	-	2	1.283233	I:	D:
77060	83449	-	2	1.295104	I:	D:
83934	84401	-	3	1.302540	I:	D:
84414	85715	-	3	1.296168	I:	D:
85719	85871	-	3	1.225217	I:	D:
85883	86281	-	2	1.240523	I:	D:
86278	86694	-	1	1.294821	I:	D:
86694	87089	-	3	1.309294	I:	D:
87065	87442	-	2	1.289273	I:	D:
87443	88489	-	2	1.292888	I:	D:
88511	89293	-	2	1.298551	I:	D:
89304	90080	-	3	1.243617	I:	D:
90089	90730	-	2	1.278107	I:	D:
90879	91286	-	3	1.304032	I:	D:
91290	91796	-	3	1.283865	I:	D:
91800	92858	-	3	1.328232	I:	D:
92869	93252	-	1	1.301017	I:	D:
93255	93563	-	3	1.292994	I:	D:
93556	94386	-	1	1.306844	I:	D:
94466	95944	-	2	1.311219	I:	D:
96409	97044	-	1	1.284496	I:	D:
97061	97783	-	2	1.283133	I:	D:
97795	99384	-	1	1.276684	I:	D:
99540	101084	-	3	1.272323	I:	D:
102659	103738	-	2	1.280634	I:	D:
103934	104584	+	2	1.271293	I:	D:
104881	107001	+	1	1.301973	I:	D:
107056	107553	+	1	1.258492	I:	D:
107696	110209	-	2	1.280643	I:	D:
110232	112145	-	3	1.288818	I:	D:
112328	113407	-	2	1.275348	I:	D:
113488	113697	-	1	1.230073	I:	D:
113803	114906	-	1	1.241851	I:	D:
115407	116819	-	3	1.264771	I:	D:
116939	117085	-	2	1.222880	I:	D:
117547	121479	+	1	1.290133	I:	D:
121497	125096	+	3	1.309140	I:	D:
126695	127468	+	2	1.270048	I:	D:
127468	128349	+	1	1.242277	I:	D:
128379	129182	+	3	1.259869	I:	D:
129562	130833	+	1	1.281470	I:	D:
130943	131308	+	2	1.185410	I:	D:
131309	132463	+	2	1.294561	I:	D:
132504	134387	-	3	1.257343	I:	D:
134404	136308	-	1	1.262123	I:	D:
136502	137365	-	2	1.266492	I:	D:
137593	138018	-	1	1.308031	I:	D:
138386	138535	-	2	1.231114	I:	D:
138548	139369	-	2	1.271245	I:	D:
139800	140003	-	3	1.256751	I:	D:
140021	140662	-	2	1.298085	I:	D:
140804	141727	+	2	1.284170	I:	D:
141754	143022	+	1	1.263408	I:	D:
143069	143566	+	2	1.293821	I:	D:
143566	143826	+	1	1.299564	I:	D:
143844	144152	+	3	1.218325	I:	D:
144196	144786	-	1	1.270936	I:	D:
145031	146197	-	2	1.297558	I:	D:
146232	147158	-	3	1.297567	I:	D:
147178	147867	-	1	1.310480	I:	D:
148034	148219	+	2	1.336796	I:	D:
>Y8.M020_15
290	2026	-	2	1.271007	I:	D:
2155	3075	-	1	1.266646	I:	D:
3087	4508	-	3	1.260348	I:	D:
4546	5901	-	1	1.293024	I:	D:
6002	6190	-	2	1.351770	I:	D:
6271	6894	-	1	1.261351	I:	D:
6891	7412	-	3	1.281098	I:	D:
7416	8312	-	3	1.292351	I:	D:
8312	8713	-	2	1.251704	I:	D:
8722	10125	-	1	1.287062	I:	D:
10112	10822	-	2	1.286867	I:	D:
10956	11108	-	3	1.338056	I:	D:
11134	11610	-	1	1.239340	I:	D:
11613	12221	-	3	1.283850	I:	D:
12272	13831	-	2	1.260599	I:	D:
13898	14746	-	2	1.281609	I:	D:
14832	15410	-	3	1.221479	I:	D:
15414	15608	-	3	1.206222	I:	D:
15732	16934	-	3	1.316785	I:	D:
17094	17744	+	3	1.290919	I:	D:
17909	18436	+	2	1.316549	I:	D:
18485	19132	-	2	1.291359	I:	D:
19343	20347	+	2	1.240077	I:	D:
20494	20979	+	1	1.287135	I:	D:
21153	22118	+	3	1.235358	I:	D:
22227	22904	+	3	1.303751	I:	D:
22945	25611	-	1	1.279394	I:	D:
25836	26399	+	3	1.297871	I:	D:
26441	27955	-	2	1.277738	I:	D:
28163	29620	-	2	1.298265	I:	D:
29635	30810	-	1	1.296389	I:	D:
30814	32523	-	1	1.281321	I:	D:
32562	32804	-	3	1.227321	I:	D:
32922	33383	-	3	1.291200	I:	D:
33582	35051	+	3	1.284087	I:	D:
35137	36270	-	1	1.250362	I:	D:
36290	38755	-	2	1.279321	I:	D:
38784	41834	-	3	1.277549	I:	D:
41845	43041	-	1	1.261072	I:	D:
43057	44310	-	1	1.260388	I:	D:
44325	45719	-	3	1.286357	I:	D:
45963	46754	-	3	1.248282	I:	D:
46774	47820	-	1	1.272682	I:	D:
48120	48269	-	3	1.194359	I:	D:
48295	51474	-	1	1.277060	I:	D:
51728	52402	-	2	1.268486	I:	D:
52538	54136	-	2	1.267850	I:	D:
54133	55212	-	1	1.289126	I:	D:
55284	56591	-	3	1.273922	I:	D:
56606	57082	-	2	1.278524	I:	D:
57082	58101	-	1	1.260123	I:	D:
58352	59230	-	2	1.295580	I:	D:
59234	60451	-	2	1.261049	I:	D:
60444	61613	-	3	1.269492	I:	D:
61640	62413	-	2	1.285968	I:	D:
62599	63030	+	1	1.305117	I:	D:
63042	63647	+	3	1.280966	I:	D:
63649	65004	+	1	1.300902	I:	D:
65127	69638	+	3	1.295574	I:	D:
69680	70087	-	2	1.269161	I:	D:
70104	70478	-	3	1.278196	I:	D:
70480	71052	-	1	1.291431	I:	D:
71195	72028	-	2	1.268716	I:	D:
72177	74117	+	3	1.291383	I:	D:
74215	75003	+	1	1.280145	I:	D:
75260	76318	+	2	1.294837	I:	D:
76535	77569	-	2	1.241670	I:	D:
77681	78412	-	2	1.253375	I:	D:
78431	78883	-	2	1.280221	I:	D:
78927	80048	-	3	1.277280	I:	D:
80068	81453	-	1	1.292453	I:	D:
81459	82004	-	3	1.328779	I:	D:
82523	83662	-	2	1.299326	I:	D:
83675	84922	-	2	1.294073	I:	D:
84919	86175	-	1	1.280132	I:	D:
86201	87703	-	2	1.283281	I:	D:
87723	90581	-	3	1.282337	I:	D:
90738	91136	-	3	1.268291	I:	D:
91148	92539	-	2	1.301005	I:	D:
92605	93459	-	1	1.297921	I:	D:
93472	94977	-	1	1.272446	I:	D:
94995	95543	-	3	1.234509	I:	D:
95531	96052	-	2	1.282209	I:	D:
96118	96384	-	1	1.263853	I:	D:
96405	97157	-	3	1.286162	I:	D:
97212	97580	-	3	1.301287	I:	D:
97592	97876	-	2	1.267064	I:	D:
98399	101518	-	2	1.300550	I:	D:
101985	102479	-	3	1.285580	I:	D:
102530	103903	-	2	1.309227	I:	D:
104073	105398	+	3	1.265129	I:	D:
105547	105759	-	1	1.410564	I:	D:
105886	107805	-	1	1.267679	I:	D:
108367	108510	-	1	1.242286	I:	D:
108523	111345	-	1	1.264414	I:	D:
111713	112957	-	2	1.312761	I:	D:
112950	113348	-	3	1.270630	I:	D:
113686	114045	-	1	1.282560	I:	D:
114272	115216	-	2	1.309020	I:	D:
115213	116493	-	1	1.290558	I:	D:
116691	117311	+	3	1.309424	I:	D:
117436	118302	+	1	1.274039	I:	D:
118314	120821	+	3	1.311353	I:	D:
120835	121383	+	1	1.287414	I:	D:
121780	123111	+	1	1.334099	I:	D:
123233	125119	-	2	1.277139	I:	D:
125168	126367	-	2	1.284645	I:	D:
126502	127767	-	1	1.255488	I:	D:
127768	128388	-	1	1.290711	I:	D:
128403	129428	-	3	1.270451	I:	D:
129519	132266	-	3	1.265011	I:	D:
132440	133777	-	2	1.288088	I:	D:
133791	133919	-	3	1.176138	I:	D:
133933	135738	-	1	1.290300	I:	D:
135778	137034	-	1	1.282655	I:	D:
137025	138449	-	3	1.284874	I:	D:
138491	139117	-	2	1.288147	I:	D:
139137	139586	-	3	1.257511	I:	D:
139586	141937	-	2	1.295265	I:	D:
142048	142527	-	1	1.274250	I:	D:
142903	144246	+	1	1.316949	I:	D:
144261	145274	+	3	1.289158	I:	D:
145276	145887	+	1	1.263213	I:	D:
145887	146480	+	3	1.314607	I:	D:
146495	147067	+	2	1.285287	I:	D:
147083	147877	+	2	1.317925	I:	D:
>Y8.M020_16
1	603	+	1	1.161507	I:	D:
1078	1710	+	1	1.169585	I:	D:
1763	2740	+	2	1.222694	I:	D:
2937	3890	+	3	1.280494	I:	D:
3894	4727	+	3	1.240966	I:	D:
>Y8.M020_17
176	1399	-	2	1.329008	I:	D:
1656	2126	-	3	1.274326	I:	D:
2144	3943	-	2	1.267497	I:	D:
3959	4291	-	2	1.251749	I:	D:
4464	4874	-	3	1.295968	I:	D:
4897	7830	-	1	1.278945	I:	D:
7848	9188	-	3	1.284920	I:	D:
9277	9612	-	1	1.270212	I:	D:
10029	10628	-	3	1.258987	I:	D:
10731	11828	-	3	1.277113	I:	D:
11887	12435	-	1	1.280066	I:	D:
12504	12755	-	3	1.282655	I:	D:
13098	13670	-	3	1.238211	I:	D:
13892	20305	-	2	1.256043	I:	D:
20316	28199	-	3	1.254939	I:	D:
28448	29719	-	2	1.269525	I:	D:
29816	31675	-	2	1.263877	I:	D:
31826	31960	+	2	1.253465	I:	D:
32099	32560	-	2	1.232397	I:	D:
33020	34366	-	2	1.321248	I:	D:
34377	35495	-	3	1.273808	I:	D:
35554	36036	-	1	1.240036	I:	D:
36329	36769	+	2	1.285446	I:	D:
36769	38058	+	1	1.289150	I:	D:
38254	38682	-	1	1.283843	I:	D:
38929	39393	-	1	1.253368	I:	D:
39647	40849	-	2	1.271892	I:	D:
40868	41572	-	2	1.272185	I:	D:
41578	42666	-	1	1.278627	I:	D:
43103	44203	-	2	1.266937	I:	D:
44556	45641	-	3	1.259919	I:	D:
45656	46609	-	2	1.245888	I:	D:
46923	48353	-	3	1.296577	I:	D:
48370	50229	-	1	1.259599	I:	D:
50536	51252	-	1	1.303342	I:	D:
51408	51890	-	3	1.308261	I:	D:
52238	53206	+	2	1.302225	I:	D:
53244	54461	+	3	1.290211	I:	D:
54482	54730	+	2	1.224007	I:	D:
55059	56438	+	3	1.291429	I:	D:
56609	58237	-	2	1.304212	I:	D:
58470	59252	-	3	1.328979	I:	D:
59479	60150	+	1	1.265377	I:	D:
60273	61610	-	3	1.260634	I:	D:
61639	62388	-	1	1.284891	I:	D:
62388	64199	-	3	1.284075	I:	D:
64281	65126	-	3	1.310858	I:	D:
65128	66051	-	1	1.284851	I:	D:
66151	67458	-	1	1.274440	I:	D:
67900	68247	+	1	1.280922	I:	D:
68320	70575	-	1	1.241334	I:	D:
70822	71688	+	1	1.265364	I:	D:
71939	72913	-	2	1.294289	I:	D:
73178	74878	-	2	1.265628	I:	D:
75781	77952	-	1	1.272915	I:	D:
78071	78631	-	2	1.286707	I:	D:
78823	79515	-	1	1.297417	I:	D:
79496	79867	-	2	1.296403	I:	D:
80101	83949	-	1	1.289174	I:	D:
84296	84646	-	2	1.273862	I:	D:
85782	86768	-	3	1.267787	I:	D:
87185	89362	-	2	1.290268	I:	D:
89359	91896	-	1	1.283684	I:	D:
92038	93006	-	1	1.220912	I:	D:
93290	93703	-	2	1.314642	I:	D:
93734	95125	-	2	1.282687	I:	D:
95142	96026	-	3	1.264268	I:	D:
96048	97556	-	3	1.268267	I:	D:
97562	98080	-	2	1.283323	I:	D:
98058	98510	-	3	1.243364	I:	D:
98537	98767	-	2	1.242138	I:	D:
98815	99501	-	1	1.308868	I:	D:
99772	100776	+	1	1.307953	I:	D:
100954	102837	-	1	1.286265	I:	D:
102899	104419	-	2	1.283835	I:	D:
104436	107471	-	3	1.295541	I:	D:
107572	108414	-	1	1.268591	I:	D:
108407	109321	-	2	1.284153	I:	D:
109506	110801	-	3	1.264739	I:	D:
111006	113384	-	3	1.278909	I:	D:
113805	117887	-	3	1.268796	I:	D:
118191	119510	-	3	1.309054	I:	D:
119516	120247	-	2	1.259706	I:	D:
120304	120777	-	1	1.258762	I:	D:
120923	122254	-	2	1.283256	I:	D:
122433	123320	-	3	1.263542	I:	D:
123440	124201	+	2	1.257673	I:	D:
124188	125528	+	3	1.319113	I:	D:
125634	126314	+	3	1.326148	I:	D:
126602	127978	-	2	1.304763	I:	D:
128167	128997	+	1	1.268956	I:	D:
129067	129627	-	1	1.265749	I:	D:
129918	130694	+	3	1.288496	I:	D:
131111	133831	-	2	1.272015	I:	D:
134025	134189	-	3	1.248586	I:	D:
134183	134344	-	2	1.217462	I:	D:
134372	135856	-	2	1.265968	I:	D:
135967	136980	-	1	1.270604	I:	D:
137760	140621	-	3	1.295537	I:	D:
140685	143174	-	3	1.278960	I:	D:
143405	144607	-	2	1.321017	I:	D:
144628	145839	-	1	1.285128	I:	D:
145998	146909	-	3	1.233738	I:	D:
146909	148135	-	2	1.273949	I:	D:
148159	148785	-	1	1.289090	I:	D:
148945	149430	-	1	1.303525	I:	D:
149594	149989	-	2	1.289220	I:	D:
150190	150456	-	1	1.336196	I:	D:
150604	151668	-	1	1.285080	I:	D:
151789	153084	-	1	1.260805	I:	D:
153134	153595	-	2	1.254907	I:	D:
154052	154261	-	2	1.332570	I:	D:
154336	155562	-	1	1.302649	I:	D:
155749	156393	-	1	1.241292	I:	D:
156676	157521	+	1	1.289295	I:	D:
157692	158669	+	3	1.277223	I:	D:
158775	159158	-	3	1.299235	I:	D:
159210	162584	-	3	1.287638	I:	D:
162809	162979	-	2	1.212272	I:	D:
163238	164503	-	2	1.283737	I:	D:
164567	169972	-	2	1.277448	I:	D:
169969	170919	-	1	1.305783	I:	D:
171178	171372	-	1	1.257735	I:	D:
>Y8.M020_18
222	986	-	3	1.315882	I:	D:
1097	2440	+	2	1.302907	I:	D:
2542	3327	+	1	1.276325	I:	D:
3349	4455	+	1	1.303296	I:	D:
4415	5788	+	2	1.312652	I:	D:
6135	7187	+	3	1.282791	I:	D:
7276	7734	+	1	1.305710	I:	D:
7835	8401	+	2	1.298376	I:	D:
8493	9152	+	3	1.224841	I:	D:
9292	9951	+	1	1.224841	I:	D:
10008	10424	+	3	1.298600	I:	D:
10437	11135	+	3	1.260251	I:	D:
11351	12199	+	2	1.261941	I:	D:
12189	12926	+	3	1.285369	I:	D:
13188	13649	+	3	1.328523	I:	D:
13800	14099	+	3	1.324917	I:	D:
14129	14578	+	2	1.287336	I:	D:
14998	15630	+	1	1.250566	I:	D:
15654	15881	+	3	1.255179	I:	D:
>Y8.M020_19
1	558	+	1	1.408874	I:	D:
618	971	-	3	1.338575	I:	D:
1299	1694	+	3	1.302610	I:	D:
2024	2761	-	2	1.294880	I:	D:
2758	3468	-	1	1.265911	I:	D:
3778	4773	+	1	1.277461	I:	D:
4783	5634	+	1	1.263315	I:	D:
5651	6931	+	2	1.252880	I:	D:
7003	7896	+	1	1.283623	I:	D:
7889	8698	+	2	1.302368	I:	D:
8730	10763	+	3	1.288726	I:	D:
10790	11644	+	2	1.254851	I:	D:
11668	11859	+	1	1.313020	I:	D:
12187	12387	+	1	1.415708	I:	D:
12540	12797	+	3	1.340027	I:	D:
12812	13189	+	2	1.363423	I:	D:
13335	13565	+	3	1.268727	I:	D:
13549	13977	+	1	1.296145	I:	D:
13993	14145	-	1	1.261684	I:	D:
14195	14443	+	2	1.317011	I:	D:
14447	14746	+	2	1.279612	I:	D:
15040	16863	+	1	1.261560	I:	D:
16893	17261	+	3	1.335384	I:	D:
17830	18057	+	1	1.365989	I:	D:
18199	18498	+	1	1.332410	I:	D:
>Y8.M020_20
147	665	-	3	1.273756	I:	D:
790	1113	+	1	1.277436	I:	D:
1171	1401	-	1	1.241802	I:	D:
1412	2017	-	2	1.272695	I:	D:
2020	2874	-	1	1.228646	I:	D:
2879	3253	-	2	1.259925	I:	D:
3376	3852	-	1	1.347401	I:	D:
>Y8.M020_21
205	1269	-	1	1.293117	I:	D:
1273	2139	-	1	1.283240	I:	D:
2382	2762	+	3	1.330028	I:	D:
