>YB2_47
105	782	-	3	1.282037	I:	D:
801	2261	+	3	1.298857	I:	D:
2323	2739	-	1	1.343336	I:	D:
2739	3842	-	3	1.284738	I:	D:
>YB2_362
2	388	+	2	1.274647	I:	D:
431	1429	-	2	1.305838	I:	D:
1426	2397	-	1	1.300686	I:	D:
2407	3342	-	1	1.310919	I:	D:
3352	4008	-	1	1.320482	I:	D:
>YB2_383
1	1698	+	1	1.298305	I:	D:
1703	3013	+	2	1.290577	I:	D:
3104	4003	+	2	1.293578	I:	D:
>YB2_402
1	1113	+	1	1.303319	I:	D:
1185	1604	+	3	1.286651	I:	D:
1586	2725	+	2	1.296069	I:	D:
2781	3980	+	3	1.294885	I:	D:
>YB2_573
3	515	+	3	1.248561	I:	D:
519	923	+	3	1.299249	I:	D:
926	1369	+	2	1.275444	I:	D:
1425	2333	-	3	1.271138	I:	D:
2394	3110	-	3	1.306310	I:	D:
3103	3936	-	1	1.313181	I:	D:
>YB2_624
1	780	+	1	1.289740	I:	D:
846	1736	+	3	1.278428	I:	D:
1729	3045	+	1	1.293307	I:	D:
3087	3914	-	3	1.310626	I:	D:
>YB2_776
56	1183	+	2	1.282977	I:	D:
1183	1944	+	1	1.303216	I:	D:
2112	3098	+	3	1.273950	I:	D:
3208	3861	+	1	1.272987	I:	D:
>YB2_875
1	198	+	1	1.327999	I:	D:
208	1014	+	1	1.316320	I:	D:
1087	2568	+	1	1.285290	I:	D:
2636	3334	+	2	1.278052	I:	D:
3363	3830	+	3	1.286131	I:	D:
>YB2_1031
95	316	+	2	1.363073	I:	D:
364	1746	+	1	1.282163	I:	D:
1743	3470	+	3	1.283222	I:	D:
3517	3681	+	1	1.250705	I:	D:
>YB2_1104
1	396	+	1	1.268570	I:	D:
415	1521	+	1	1.278126	I:	D:
1531	2802	+	1	1.279400	I:	D:
2821	3435	+	1	1.242934	I:	D:
3486	3764	+	3	1.301879	I:	D:
>YB2_1159
2	256	+	2	1.321180	I:	D:
266	1267	+	2	1.298529	I:	D:
1260	2243	+	3	1.304722	I:	D:
2291	3469	-	2	1.322024	I:	D:
3469	3747	-	1	1.282434	I:	D:
>YB2_1269
108	1973	-	3	1.297730	I:	D:
1973	2278	-	2	1.283055	I:	D:
2527	3714	+	1	1.283382	I:	D:
>YB2_1376
119	595	-	2	1.287728	I:	D:
696	3014	+	3	1.276345	I:	D:
3117	3497	+	3	1.287142	I:	D:
>YB2_1381
254	1393	-	2	1.278996	I:	D:
1484	3007	-	2	1.272145	I:	D:
3284	3682	-	2	1.277718	I:	D:
>YB2_1496
1	327	+	1	1.256427	I:	D:
346	1356	+	1	1.304969	I:	D:
1433	2089	+	2	1.256964	I:	D:
2319	2660	-	3	1.293380	I:	D:
2706	3647	-	3	1.277535	I:	D:
>YB2_1542
2	193	-	2	1.265455	I:	D:
392	1315	-	2	1.259765	I:	D:
1452	2225	-	3	1.281581	I:	D:
2650	3630	+	1	1.296115	I:	D:
>YB2_1587
3	371	+	3	1.268979	I:	D:
597	935	-	3	1.412493	I:	D:
1176	1463	-	3	1.391390	I:	D:
1899	3026	-	3	1.304381	I:	D:
3028	3621	-	1	1.287810	I:	D:
>YB2_1599
3	1544	-	3	1.269019	I:	D:
1705	2817	+	1	1.278917	I:	D:
2890	3519	-	1	1.279199	I:	D:
>YB2_1636
160	990	-	1	1.238442	I:	D:
1030	1632	-	1	1.294480	I:	D:
1712	2749	-	2	1.281450	I:	D:
2912	3478	+	2	1.263486	I:	D:
>YB2_1666
121	1212	+	1	1.265358	I:	D:
1270	2130	+	1	1.303304	I:	D:
2155	2616	-	1	1.283576	I:	D:
2676	3437	+	3	1.302160	I:	D:
>YB2_1779
3	167	+	3	1.311828	I:	D:
210	866	-	3	1.284321	I:	D:
1022	2239	+	2	1.286690	I:	D:
2239	2961	+	1	1.319303	I:	D:
3105	3563	+	3	1.297534	I:	D:
>YB2_1896
2	805	-	2	1.285857	I:	D:
851	2203	-	2	1.287040	I:	D:
2200	2892	-	1	1.302902	I:	D:
2902	3318	-	1	1.297993	I:	D:
>YB2_1900
1	837	-	1	1.286245	I:	D:
963	2330	-	3	1.279582	I:	D:
2480	3532	+	2	1.282103	I:	D:
>YB2_1924
2	961	+	2	1.295181	I:	D:
1060	1617	-	1	1.282769	I:	D:
1641	2246	-	3	1.275074	I:	D:
2243	2698	-	2	1.310009	I:	D:
2751	3527	-	3	1.270578	I:	D:
>YB2_2011
3	3503	-	3	1.279613	I:	D:
>YB2_2124
3	263	+	3	1.278730	I:	D:
502	789	+	1	1.285328	I:	D:
869	1276	+	2	1.330555	I:	D:
1407	1808	+	3	1.311565	I:	D:
1868	2218	+	2	1.261861	I:	D:
2330	2758	+	2	1.301306	I:	D:
2839	3342	+	1	1.293349	I:	D:
3347	3475	-	2	1.349500	I:	D:
>YB2_2177
88	483	-	1	1.344111	I:	D:
800	934	+	2	1.305009	I:	D:
980	1315	+	2	1.296810	I:	D:
1533	3161	+	3	1.280749	I:	D:
3205	3459	+	1	1.304430	I:	D:
>YB2_2185
3	179	-	3	1.287875	I:	D:
324	1622	-	3	1.242639	I:	D:
1836	2276	-	3	1.256758	I:	D:
2454	3287	+	3	1.302593	I:	D:
>YB2_2216
3	605	-	3	1.273221	I:	D:
664	1905	-	1	1.275274	I:	D:
2179	2628	+	1	1.269410	I:	D:
2706	3257	-	3	1.286104	I:	D:
>YB2_2324
2	256	-	2	1.289467	I:	D:
256	1071	-	1	1.287285	I:	D:
1101	2051	+	3	1.278702	I:	D:
2135	3424	-	2	1.280863	I:	D:
>YB2_2691
186	653	-	3	1.303476	I:	D:
906	2636	-	3	1.281169	I:	D:
2636	3337	-	2	1.279759	I:	D:
>YB2_2901
109	1572	-	1	1.286065	I:	D:
1700	2620	+	2	1.273733	I:	D:
2664	3287	-	3	1.273697	I:	D:
>YB2_2923
136	1350	-	1	1.312039	I:	D:
1513	2889	-	1	1.263819	I:	D:
>YB2_3083
112	795	-	1	1.300037	I:	D:
795	1466	-	3	1.299641	I:	D:
1470	2189	-	3	1.226208	I:	D:
2201	2938	-	2	1.270448	I:	D:
3088	3246	-	1	1.255792	I:	D:
>YB2_3170
2	3001	+	2	1.300372	I:	D:
3017	3226	+	2	1.283209	I:	D:
>YB2_3185
2	481	+	2	1.278117	I:	D:
475	1491	+	1	1.262575	I:	D:
1529	2920	-	2	1.264977	I:	D:
2984	3118	+	2	1.243559	I:	D:
>YB2_3190
2	1633	-	2	1.278383	I:	D:
1738	2829	+	1	1.289426	I:	D:
2835	3221	+	3	1.280515	I:	D:
>YB2_3227
3	1841	-	3	1.307210	I:	D:
1877	2479	-	2	1.288460	I:	D:
2472	3212	-	3	1.284835	I:	D:
>YB2_3270
2	475	-	2	1.255501	I:	D:
469	993	-	1	1.268631	I:	D:
1037	1600	+	2	1.296223	I:	D:
1646	2446	-	2	1.275022	I:	D:
2647	3165	+	1	1.302633	I:	D:
>YB2_3344
90	2030	-	3	1.289348	I:	D:
2049	3185	-	3	1.270858	I:	D:
>YB2_3419
1	171	+	1	1.343452	I:	D:
171	1154	+	3	1.333736	I:	D:
1154	1921	+	2	1.301725	I:	D:
2131	3165	+	1	1.293716	I:	D:
>YB2_3429
312	1283	-	3	1.304888	I:	D:
1318	1488	-	1	1.289948	I:	D:
1527	2504	+	3	1.315994	I:	D:
2467	3162	+	1	1.309550	I:	D:
>YB2_3451
1	1011	+	1	1.318022	I:	D:
1125	1343	+	3	1.392126	I:	D:
1449	2135	+	3	1.319820	I:	D:
2142	2897	+	3	1.286697	I:	D:
2990	3160	-	2	1.270262	I:	D:
>YB2_3485
1	2607	-	1	1.297032	I:	D:
2611	3153	-	1	1.298114	I:	D:
>YB2_3493
2	385	-	2	1.323779	I:	D:
404	547	+	2	1.350141	I:	D:
589	816	-	1	1.343804	I:	D:
1022	1807	-	2	1.319133	I:	D:
1947	3152	+	3	1.279186	I:	D:
>YB2_3511
2	475	-	2	1.255350	I:	D:
595	1905	-	1	1.309853	I:	D:
2039	3148	-	2	1.297669	I:	D:
>YB2_3587
1	459	-	1	1.220830	I:	D:
558	1142	+	3	1.274921	I:	D:
1152	1628	+	3	1.283373	I:	D:
1956	3131	+	3	1.384586	I:	D:
>YB2_3673
2	556	-	2	1.308809	I:	D:
567	1028	-	3	1.318500	I:	D:
1025	1195	-	2	1.284757	I:	D:
1192	1473	-	1	1.305661	I:	D:
1470	1634	-	3	1.255164	I:	D:
1627	1836	-	1	1.313632	I:	D:
2025	2642	-	3	1.276327	I:	D:
2643	2834	-	3	1.293037	I:	D:
2843	3115	-	2	1.269977	I:	D:
>YB2_3851
2	358	+	2	1.316821	I:	D:
370	666	+	1	1.245979	I:	D:
723	896	+	3	1.283657	I:	D:
811	1098	+	1	1.283059	I:	D:
1103	1276	+	2	1.314153	I:	D:
1351	2973	+	1	1.277991	I:	D:
>YB2_3919
1	528	+	1	1.303567	I:	D:
571	1860	+	1	1.301859	I:	D:
1943	3061	+	2	1.294376	I:	D:
>YB2_3961
128	2533	+	2	1.284977	I:	D:
2632	3051	+	1	1.269330	I:	D:
>YB2_3993
136	603	+	1	1.276571	I:	D:
779	1231	+	2	1.266390	I:	D:
1234	1710	+	1	1.256830	I:	D:
1707	2507	+	3	1.300650	I:	D:
2559	2858	-	3	1.269200	I:	D:
>YB2_4009
1	162	-	1	1.300228	I:	D:
284	1063	+	2	1.286060	I:	D:
1088	2899	+	2	1.243741	I:	D:
>YB2_4026
2	1147	-	2	1.272640	I:	D:
1356	2072	-	3	1.288745	I:	D:
2162	2944	-	2	1.265724	I:	D:
>YB2_4035
137	910	-	2	1.269903	I:	D:
920	1723	-	2	1.276743	I:	D:
1956	3038	+	3	1.315846	I:	D:
>YB2_4172
3	350	-	3	1.313825	I:	D:
484	1143	+	1	1.305692	I:	D:
1159	2412	+	1	1.288819	I:	D:
2479	3009	-	1	1.276502	I:	D:
>YB2_4298
1	327	-	1	1.361148	I:	D:
314	853	-	2	1.268746	I:	D:
1102	1620	-	1	1.353168	I:	D:
2177	2326	+	2	1.277634	I:	D:
2613	2984	-	3	1.256126	I:	D:
>YB2_4311
189	2441	+	3	1.310509	I:	D:
2449	2982	+	1	1.304532	I:	D:
>YB2_4399
3	914	+	3	1.303928	I:	D:
952	2355	-	1	1.296312	I:	D:
2355	2963	-	3	1.289583	I:	D:
>YB2_4449
1	456	-	1	1.312396	I:	D:
449	1015	-	2	1.274887	I:	D:
1027	2955	+	1	1.272445	I:	D:
>YB2_4618
80	1144	+	2	1.272334	I:	D:
1379	2728	+	2	1.283933	I:	D:
>YB2_4850
2	457	-	2	1.240700	I:	D:
729	2627	+	3	1.246426	I:	D:
2704	2883	+	1	1.236260	I:	D:
>YB2_4954
1	420	+	1	1.294530	I:	D:
432	2534	+	3	1.280002	I:	D:
>YB2_5189
3	581	-	3	1.309650	I:	D:
801	1100	-	3	1.286001	I:	D:
1221	1544	-	3	1.323069	I:	D:
1572	1790	-	3	1.267396	I:	D:
1909	2097	+	1	1.278923	I:	D:
2233	2823	-	1	1.279156	I:	D:
>YB2_5358
1	855	-	1	1.271030	I:	D:
912	1994	-	3	1.283221	I:	D:
2018	2794	-	2	1.291106	I:	D:
>YB2_5495
1	897	+	1	1.256503	I:	D:
927	1166	-	3	1.323642	I:	D:
1283	1894	+	2	1.258013	I:	D:
1905	2774	+	3	1.321957	I:	D:
>YB2_5498
116	682	-	2	1.300051	I:	D:
768	1445	-	3	1.326574	I:	D:
1442	2665	-	2	1.282651	I:	D:
>YB2_5507
1	324	+	1	1.287879	I:	D:
328	1530	+	1	1.303539	I:	D:
1595	2338	-	2	1.292853	I:	D:
2387	2770	-	2	1.297199	I:	D:
>YB2_5767
3	260	+	3	1.340394	I:	D:
344	637	-	2	1.361751	I:	D:
881	1123	+	2	1.279215	I:	D:
1160	1408	-	2	1.186455	I:	D:
1646	1834	+	2	1.193221	I:	D:
2220	2459	+	3	1.305145	I:	D:
>YB2_5788
3	443	-	3	1.275773	I:	D:
461	1807	-	2	1.256288	I:	D:
1811	2494	-	2	1.253429	I:	D:
2508	2729	-	3	1.233659	I:	D:
>YB2_5823
1	708	+	1	1.307430	I:	D:
757	1152	-	1	1.267953	I:	D:
1217	1765	+	2	1.295069	I:	D:
1875	2723	+	3	1.315709	I:	D:
>YB2_5845
2	1219	+	2	1.300497	I:	D:
1321	1899	+	1	1.304695	I:	D:
1970	2563	+	2	1.298196	I:	D:
>YB2_5855
3	611	-	3	1.269106	I:	D:
601	1521	-	1	1.259413	I:	D:
1599	1886	-	3	1.268718	I:	D:
1921	2376	-	1	1.295023	I:	D:
>YB2_5877
1	270	+	1	1.285082	I:	D:
406	1728	+	1	1.287955	I:	D:
1712	2455	+	2	1.301153	I:	D:
>YB2_5919
177	818	-	3	1.277715	I:	D:
828	1544	-	3	1.282204	I:	D:
1607	2707	-	2	1.320772	I:	D:
>YB2_5981
3	1268	+	3	1.301606	I:	D:
1222	2457	+	1	1.340668	I:	D:
>YB2_6038
95	1897	+	2	1.277990	I:	D:
2066	2599	+	2	1.277166	I:	D:
>YB2_6049
3	800	+	3	1.316861	I:	D:
797	1231	+	2	1.269672	I:	D:
1420	2688	+	1	1.293046	I:	D:
>YB2_6141
2	259	+	2	1.328152	I:	D:
308	1549	+	2	1.307360	I:	D:
1579	1758	+	1	1.310283	I:	D:
2066	2674	-	2	1.311026	I:	D:
>YB2_6162
412	1341	+	1	1.268427	I:	D:
1343	1672	+	2	1.305140	I:	D:
1768	2670	-	1	1.276135	I:	D:
>YB2_6240
2	1549	-	2	1.312364	I:	D:
1650	2657	-	3	1.255002	I:	D:
>YB2_6305
2	367	-	2	1.289457	I:	D:
421	1200	-	1	1.265641	I:	D:
1233	2360	-	3	1.294617	I:	D:
>YB2_6347
3	521	+	3	1.321660	I:	D:
301	966	+	1	1.292417	I:	D:
1131	1361	+	3	1.208201	I:	D:
1364	1969	+	2	1.262340	I:	D:
1979	2638	+	2	1.304981	I:	D:
>YB2_6445
3	332	-	3	1.279435	I:	D:
658	876	+	1	1.271950	I:	D:
1066	1443	+	1	1.295084	I:	D:
1430	1756	+	2	1.319846	I:	D:
1768	1998	+	1	1.315751	I:	D:
2013	2462	+	3	1.256281	I:	D:
>YB2_6511
451	1005	-	1	1.289493	I:	D:
1023	1331	-	3	1.325327	I:	D:
1582	1950	-	1	1.259899	I:	D:
2253	2579	+	3	1.340536	I:	D:
>YB2_6595
2	1336	+	2	1.279964	I:	D:
1427	2599	+	2	1.296288	I:	D:
>YB2_6602
2	2065	+	2	1.266374	I:	D:
2135	2599	+	2	1.274507	I:	D:
>YB2_6621
3	413	-	3	1.313660	I:	D:
432	1811	-	3	1.294676	I:	D:
1905	2597	-	3	1.275528	I:	D:
>YB2_6634
2	184	+	2	1.264475	I:	D:
237	1481	-	3	1.309879	I:	D:
1487	1708	-	2	1.254778	I:	D:
1721	2593	+	2	1.333000	I:	D:
>YB2_6647
1	468	+	1	1.250245	I:	D:
699	845	+	3	1.374897	I:	D:
1134	1808	+	3	1.191922	I:	D:
1895	2593	+	2	1.356779	I:	D:
>YB2_6743
3	392	-	3	1.305271	I:	D:
416	1276	-	2	1.263245	I:	D:
1335	1475	-	3	1.285458	I:	D:
1745	2251	-	2	1.318171	I:	D:
2397	2552	+	3	1.430808	I:	D:
>YB2_6862
96	437	-	3	1.333697	I:	D:
536	949	-	2	1.305749	I:	D:
1036	1719	+	1	1.276190	I:	D:
1719	2222	+	3	1.286768	I:	D:
2224	2559	+	1	1.328648	I:	D:
>YB2_6919
3	227	-	3	1.331492	I:	D:
248	982	-	2	1.299004	I:	D:
993	2423	-	3	1.284412	I:	D:
>YB2_7019
2	1291	-	2	1.298234	I:	D:
1288	1929	-	1	1.257909	I:	D:
2066	2539	-	2	1.297370	I:	D:
>YB2_7059
1	531	+	1	1.301689	I:	D:
528	1457	+	3	1.312418	I:	D:
1444	2181	+	1	1.284712	I:	D:
2230	2532	+	1	1.301500	I:	D:
>YB2_7219
2	757	-	2	1.231157	I:	D:
836	1093	-	2	1.267231	I:	D:
1256	2293	-	2	1.304565	I:	D:
2370	2510	+	3	1.199160	I:	D:
>YB2_7241
1	1176	-	1	1.303470	I:	D:
1203	1838	-	3	1.307699	I:	D:
1835	2506	-	2	1.301881	I:	D:
>YB2_7319
3	668	-	3	1.305760	I:	D:
787	1074	-	1	1.283202	I:	D:
1152	1697	-	3	1.299674	I:	D:
1697	2497	-	2	1.302502	I:	D:
>YB2_7444
124	633	+	1	1.225625	I:	D:
693	1649	+	3	1.281947	I:	D:
1649	2479	+	2	1.297641	I:	D:
>YB2_7499
231	2138	-	3	1.266289	I:	D:
2222	2470	-	2	1.285240	I:	D:
>YB2_7629
1	807	-	1	1.294681	I:	D:
811	1941	-	1	1.312514	I:	D:
1943	2392	-	2	1.294779	I:	D:
>YB2_7700
3	305	-	3	1.286574	I:	D:
532	861	-	1	1.294099	I:	D:
886	2013	-	1	1.282235	I:	D:
>YB2_7730
3	452	-	3	1.285071	I:	D:
768	1544	+	3	1.309099	I:	D:
1943	2104	-	2	1.170036	I:	D:
2133	2411	-	3	1.308688	I:	D:
>YB2_7783
2	349	+	2	1.305941	I:	D:
386	781	+	2	1.234756	I:	D:
843	1529	+	3	1.238873	I:	D:
1883	2437	+	2	1.235454	I:	D:
>YB2_8005
1	585	-	1	1.268735	I:	D:
658	1710	-	1	1.273389	I:	D:
1719	2405	-	3	1.290999	I:	D:
>YB2_8080
1	1860	-	1	1.317838	I:	D:
1921	2394	-	1	1.275951	I:	D:
>YB2_8132
116	409	-	2	1.313215	I:	D:
635	1345	-	2	1.306991	I:	D:
1476	1724	-	3	1.306494	I:	D:
1781	2389	-	2	1.296308	I:	D:
>YB2_8150
2	1126	-	2	1.246694	I:	D:
1126	1569	-	1	1.265616	I:	D:
1575	2132	-	3	1.240331	I:	D:
2221	2385	-	1	1.369526	I:	D:
>YB2_8302
3	443	+	3	1.259431	I:	D:
458	625	+	2	1.297122	I:	D:
715	1164	+	1	1.285430	I:	D:
1723	2367	+	1	1.306611	I:	D:
>YB2_8501
3	728	-	3	1.286557	I:	D:
831	1097	-	3	1.277476	I:	D:
1166	1717	-	2	1.155635	I:	D:
2012	2344	-	2	1.180133	I:	D:
>YB2_8562
1	171	+	1	1.266758	I:	D:
283	2337	+	1	1.264980	I:	D:
>YB2_8583
2	346	-	2	1.293882	I:	D:
869	2335	+	2	1.277549	I:	D:
>YB2_8694
1	171	+	1	1.270817	I:	D:
253	1473	-	1	1.318003	I:	D:
1510	2091	-	1	1.290587	I:	D:
2091	2321	-	3	1.305574	I:	D:
>YB2_8979
1	348	+	1	1.259425	I:	D:
433	1014	+	1	1.252859	I:	D:
1116	1490	+	3	1.315244	I:	D:
1487	2290	+	2	1.299764	I:	D:
>YB2_9088
106	543	+	1	1.268221	I:	D:
821	1759	+	2	1.298656	I:	D:
1805	2137	+	2	1.309767	I:	D:
2137	2277	+	1	1.289648	I:	D:
>YB2_9316
3	731	+	3	1.249775	I:	D:
695	1693	+	2	1.271232	I:	D:
1694	2254	+	2	1.211264	I:	D:
>YB2_9323
3	854	+	3	1.311481	I:	D:
924	1295	+	3	1.299883	I:	D:
1414	1959	+	1	1.264999	I:	D:
2011	2253	-	1	1.256012	I:	D:
>YB2_9924
1	588	-	1	1.308333	I:	D:
672	998	-	3	1.276846	I:	D:
995	1300	-	2	1.245921	I:	D:
1325	1633	-	2	1.291038	I:	D:
1709	2188	-	2	1.228299	I:	D:
>YB2_10069
135	1304	-	3	1.287263	I:	D:
1437	2006	-	3	1.281710	I:	D:
>YB2_10195
45	1961	+	3	1.290478	I:	D:
1972	3213	+	1	1.331042	I:	D:
3217	3492	+	1	1.307656	I:	D:
3591	5207	-	3	1.271282	I:	D:
5423	6289	+	2	1.283571	I:	D:
6323	7189	-	2	1.273491	I:	D:
7421	8545	-	2	1.265427	I:	D:
8709	9662	-	3	1.299976	I:	D:
9659	10564	-	2	1.316602	I:	D:
10593	11177	-	3	1.276978	I:	D:
11195	12238	-	2	1.297115	I:	D:
12337	13260	-	1	1.289763	I:	D:
13313	13816	-	2	1.320355	I:	D:
13927	14601	+	1	1.280028	I:	D:
14667	16130	-	3	1.267186	I:	D:
16064	16450	-	2	1.302034	I:	D:
16480	17697	-	1	1.311482	I:	D:
17721	17921	-	3	1.279499	I:	D:
17926	18501	-	1	1.294000	I:	D:
18553	19293	-	1	1.302500	I:	D:
19293	20315	-	3	1.268786	I:	D:
20522	20950	+	2	1.230001	I:	D:
21013	21723	+	1	1.271123	I:	D:
21735	22406	+	3	1.293391	I:	D:
22485	23819	-	3	1.276581	I:	D:
23829	24359	-	3	1.276972	I:	D:
24580	25287	+	1	1.269578	I:	D:
25407	27017	+	3	1.280996	I:	D:
27087	27647	+	3	1.292354	I:	D:
27726	27884	+	3	1.289686	I:	D:
>YB2_10269
176	715	-	2	1.292165	I:	D:
806	2152	-	2	1.282405	I:	D:
>YB2_10312
1	312	-	1	1.273354	I:	D:
383	1168	+	2	1.291461	I:	D:
1296	1820	+	3	1.254855	I:	D:
1854	2147	+	3	1.258323	I:	D:
>YB2_10418
3	539	+	3	1.295366	I:	D:
598	1491	-	1	1.331144	I:	D:
1494	2135	-	3	1.329252	I:	D:
>YB2_10533
1	270	-	1	1.301393	I:	D:
286	1362	-	1	1.284295	I:	D:
1406	2125	-	2	1.315624	I:	D:
>YB2_10706
1	750	-	1	1.265648	I:	D:
878	2107	+	2	1.278110	I:	D:
>YB2_10966
2	142	+	2	1.327347	I:	D:
341	1699	+	2	1.304920	I:	D:
1754	2083	-	2	1.255954	I:	D:
>YB2_11056
1	264	-	1	1.287535	I:	D:
264	1214	-	3	1.265652	I:	D:
1242	2075	-	3	1.283316	I:	D:
>YB2_11153
192	662	+	3	1.278926	I:	D:
674	820	+	2	1.293802	I:	D:
913	1128	-	1	1.313912	I:	D:
1058	2056	+	2	1.260322	I:	D:
>YB2_11233
3	857	-	3	1.287179	I:	D:
854	1243	-	2	1.307409	I:	D:
1244	1696	-	2	1.302989	I:	D:
1863	2060	+	3	1.301369	I:	D:
>YB2_11496
485	1558	+	2	1.270845	I:	D:
1661	2035	+	2	1.228798	I:	D:
>YB2_11591
65	469	+	2	1.217835	I:	D:
541	1377	+	1	1.269459	I:	D:
1377	2027	+	3	1.276821	I:	D:
>YB2_11638
2	1729	-	2	1.304706	I:	D:
1805	2020	-	2	1.240690	I:	D:
>YB2_11715
3	749	-	3	1.288724	I:	D:
828	1418	-	3	1.282186	I:	D:
1495	2016	+	1	1.262613	I:	D:
>YB2_11868
2	388	+	2	1.238214	I:	D:
424	1998	-	1	1.283218	I:	D:
>YB2_11945
2	412	+	2	1.304507	I:	D:
492	812	+	3	1.275547	I:	D:
942	1145	+	3	1.284031	I:	D:
1187	2515	-	2	1.273296	I:	D:
2586	3284	+	3	1.309304	I:	D:
3319	4002	-	1	1.287734	I:	D:
4199	6964	+	2	1.283798	I:	D:
6966	7625	+	3	1.306277	I:	D:
7684	8067	-	1	1.284781	I:	D:
8108	9097	-	2	1.278715	I:	D:
9129	9749	-	3	1.266334	I:	D:
9779	10168	-	2	1.302085	I:	D:
10185	10541	-	3	1.286614	I:	D:
10825	12150	-	1	1.287878	I:	D:
12158	12592	-	2	1.251231	I:	D:
12597	12776	-	3	1.309450	I:	D:
12783	13283	-	3	1.266708	I:	D:
13298	13651	-	2	1.285888	I:	D:
13665	14198	-	3	1.276983	I:	D:
14214	14606	-	3	1.265192	I:	D:
14643	14948	-	3	1.286881	I:	D:
14960	15499	-	2	1.288812	I:	D:
15517	15828	-	1	1.239280	I:	D:
15842	16213	-	2	1.298675	I:	D:
16452	16709	-	3	1.290554	I:	D:
16709	16900	-	2	1.279671	I:	D:
16900	17310	-	1	1.280816	I:	D:
17324	18031	-	2	1.280073	I:	D:
18049	18381	-	1	1.253410	I:	D:
18393	18668	-	3	1.324710	I:	D:
18693	19514	-	3	1.298980	I:	D:
19532	19831	-	2	1.258451	I:	D:
19828	20430	-	1	1.255971	I:	D:
20446	21072	-	1	1.258692	I:	D:
21089	21451	-	2	1.294902	I:	D:
21591	21719	+	3	1.274874	I:	D:
21732	22664	-	3	1.291033	I:	D:
22674	23330	-	3	1.298133	I:	D:
23345	24490	-	2	1.271590	I:	D:
>YB2_12073
172	480	-	1	1.271296	I:	D:
516	968	-	3	1.310543	I:	D:
1070	1411	-	2	1.281476	I:	D:
1459	2064	-	1	1.262081	I:	D:
2074	2340	-	1	1.221435	I:	D:
2407	2973	+	1	1.278547	I:	D:
3055	3195	+	1	1.258672	I:	D:
3223	3903	+	1	1.294870	I:	D:
3957	5405	-	3	1.285122	I:	D:
5517	5975	+	3	1.291773	I:	D:
6055	7284	+	1	1.295511	I:	D:
7320	10799	+	3	1.299911	I:	D:
10878	11417	+	3	1.272892	I:	D:
11495	12427	+	2	1.249375	I:	D:
12491	13540	+	2	1.285398	I:	D:
13540	14172	+	1	1.262823	I:	D:
14169	15149	+	3	1.306988	I:	D:
15157	15939	+	1	1.274660	I:	D:
15966	16490	+	3	1.298803	I:	D:
16603	17913	+	1	1.279224	I:	D:
17995	18525	+	1	1.277412	I:	D:
18546	20120	+	3	1.276225	I:	D:
20124	21065	+	3	1.278685	I:	D:
21070	22587	+	1	1.286989	I:	D:
>YB2_12230
1	594	+	1	1.316903	I:	D:
591	1148	+	3	1.316625	I:	D:
1195	3537	+	1	1.290420	I:	D:
3622	4509	-	1	1.300978	I:	D:
4509	4943	-	3	1.264572	I:	D:
5143	5934	+	1	1.260658	I:	D:
5992	7059	-	1	1.279772	I:	D:
7240	8346	+	1	1.290783	I:	D:
8321	8683	+	2	1.316054	I:	D:
8693	8971	+	2	1.273436	I:	D:
9092	9313	-	2	1.285779	I:	D:
9465	10028	-	3	1.276272	I:	D:
10365	11540	-	3	1.295975	I:	D:
11569	13329	+	1	1.300248	I:	D:
13329	14294	+	3	1.311807	I:	D:
14284	14886	+	1	1.307496	I:	D:
14905	15171	+	1	1.257464	I:	D:
15175	16230	+	1	1.317378	I:	D:
16230	17033	+	3	1.281690	I:	D:
17091	18953	-	3	1.273865	I:	D:
19069	19623	+	1	1.271741	I:	D:
19852	20664	-	1	1.303080	I:	D:
>YB2_12663
2	715	-	2	1.305016	I:	D:
746	1120	-	2	1.260150	I:	D:
1261	1872	-	1	1.267874	I:	D:
1932	2288	-	3	1.307146	I:	D:
2456	3307	+	2	1.272623	I:	D:
3375	5063	-	3	1.284662	I:	D:
5635	6072	-	1	1.260936	I:	D:
6124	6342	-	1	1.207771	I:	D:
6439	7497	+	1	1.258566	I:	D:
7556	10138	-	2	1.269807	I:	D:
10223	10939	-	2	1.281858	I:	D:
11081	12442	+	2	1.282728	I:	D:
12482	14500	+	2	1.269060	I:	D:
14639	15754	+	2	1.266471	I:	D:
15816	16244	+	3	1.283851	I:	D:
16241	16690	+	2	1.272967	I:	D:
>YB2_12732
2	1024	-	2	1.289833	I:	D:
1044	1292	-	3	1.300404	I:	D:
1323	1853	-	3	1.333492	I:	D:
1969	2424	+	1	1.277144	I:	D:
2424	3059	+	3	1.284280	I:	D:
3101	3250	-	2	1.306717	I:	D:
4347	5279	+	3	1.272429	I:	D:
5288	6127	+	2	1.294120	I:	D:
6418	8019	+	1	1.288119	I:	D:
8116	8847	+	1	1.292392	I:	D:
8849	10261	+	2	1.285863	I:	D:
10267	10965	+	1	1.282655	I:	D:
11063	12181	+	2	1.302996	I:	D:
12185	13093	+	2	1.293154	I:	D:
13155	14813	-	3	1.271388	I:	D:
15203	16033	-	2	1.319713	I:	D:
>YB2_12811
3	275	+	3	1.265733	I:	D:
373	1563	-	1	1.265761	I:	D:
1702	2241	-	1	1.298837	I:	D:
2634	2780	-	3	1.337859	I:	D:
2839	3333	-	1	1.296793	I:	D:
3495	4613	+	3	1.282830	I:	D:
4629	6104	+	3	1.266345	I:	D:
6448	6636	+	1	1.314713	I:	D:
7115	7648	+	2	1.256470	I:	D:
7891	8022	-	1	1.258724	I:	D:
8076	8819	-	3	1.250146	I:	D:
9019	9489	-	1	1.279362	I:	D:
9502	9666	+	1	1.292655	I:	D:
9752	9904	+	2	1.286173	I:	D:
9942	10127	+	3	1.335089	I:	D:
10142	10702	+	2	1.291235	I:	D:
10753	11580	+	1	1.284591	I:	D:
11610	12023	-	3	1.272430	I:	D:
12167	12493	-	2	1.284112	I:	D:
12591	15197	+	3	1.294737	I:	D:
15199	15717	+	1	1.271952	I:	D:
>YB2_12961
1	582	-	1	1.311791	I:	D:
663	2288	-	3	1.288097	I:	D:
2379	2567	-	3	1.308392	I:	D:
2582	3535	+	2	1.251645	I:	D:
3736	4482	+	1	1.270021	I:	D:
4563	4952	+	3	1.260695	I:	D:
5265	5756	+	3	1.247205	I:	D:
5811	6182	+	3	1.204148	I:	D:
6479	10507	+	2	1.273190	I:	D:
10688	14821	+	2	1.278199	I:	D:
>YB2_12963
3	260	-	3	1.301532	I:	D:
253	1860	-	1	1.271744	I:	D:
1870	2865	-	1	1.238077	I:	D:
3046	4146	-	1	1.301602	I:	D:
4269	5315	+	3	1.297542	I:	D:
5370	6524	+	3	1.294111	I:	D:
6518	7552	+	2	1.304718	I:	D:
7618	8139	+	1	1.286151	I:	D:
8311	9207	+	1	1.267504	I:	D:
9281	10813	+	2	1.290243	I:	D:
10886	11680	+	2	1.295879	I:	D:
11677	12462	+	1	1.302027	I:	D:
12475	12981	+	1	1.270500	I:	D:
13003	13650	+	1	1.259038	I:	D:
13655	13990	+	2	1.303202	I:	D:
14004	14261	+	3	1.262951	I:	D:
14270	14812	+	2	1.277755	I:	D:
>YB2_12968
3	470	+	3	1.294830	I:	D:
520	825	-	1	1.268490	I:	D:
986	3784	+	2	1.292725	I:	D:
3796	4110	+	1	1.288908	I:	D:
4129	5433	+	1	1.310094	I:	D:
5598	6641	+	3	1.311850	I:	D:
6651	6872	+	3	1.287197	I:	D:
6940	7407	-	1	1.275523	I:	D:
7636	7905	+	1	1.279980	I:	D:
7987	9789	+	1	1.258686	I:	D:
9854	10795	+	2	1.294140	I:	D:
10872	12722	+	3	1.279064	I:	D:
12818	14212	+	2	1.283512	I:	D:
14269	14412	+	1	1.263418	I:	D:
14463	14786	-	3	1.230876	I:	D:
>YB2_12998
2	643	+	2	1.329672	I:	D:
693	1535	-	3	1.250321	I:	D:
1684	1995	-	1	1.276853	I:	D:
2015	3040	-	2	1.292145	I:	D:
3050	4753	-	2	1.300049	I:	D:
4888	6102	-	1	1.312251	I:	D:
6245	6403	-	2	1.243838	I:	D:
6433	6693	-	1	1.359446	I:	D:
6769	7482	+	1	1.304879	I:	D:
7581	8741	+	3	1.267424	I:	D:
8838	9917	+	3	1.278829	I:	D:
10001	11245	+	2	1.298746	I:	D:
11245	12273	+	1	1.306964	I:	D:
12255	12536	+	3	1.393563	I:	D:
13082	14623	+	2	1.289194	I:	D:
>YB2_13004
3	761	-	3	1.267082	I:	D:
751	2442	-	1	1.307989	I:	D:
2734	4176	+	1	1.305113	I:	D:
4265	5356	+	2	1.278218	I:	D:
5482	7245	-	1	1.282222	I:	D:
7267	7935	-	1	1.295080	I:	D:
8086	12063	-	1	1.298114	I:	D:
12074	12952	+	2	1.303790	I:	D:
13000	13674	-	1	1.295457	I:	D:
13687	14358	-	1	1.260577	I:	D:
>YB2_13104
3	659	+	3	1.276422	I:	D:
773	1492	+	2	1.307556	I:	D:
1514	2329	-	2	1.296034	I:	D:
2401	2571	-	1	1.228914	I:	D:
2583	2819	-	3	1.308941	I:	D:
3038	3703	-	2	1.284597	I:	D:
3904	5106	+	1	1.289152	I:	D:
5180	5635	+	2	1.266769	I:	D:
5639	6292	+	2	1.292841	I:	D:
6314	6532	+	2	1.244209	I:	D:
6549	7217	+	3	1.279921	I:	D:
7726	9192	-	1	1.300594	I:	D:
9263	10099	+	2	1.290167	I:	D:
10111	11049	+	1	1.279020	I:	D:
11042	11908	+	2	1.273577	I:	D:
11918	12796	+	2	1.259043	I:	D:
12889	13692	+	1	1.270248	I:	D:
13772	14053	-	2	1.298555	I:	D:
>YB2_13373
3	263	-	3	1.303746	I:	D:
399	1316	-	3	1.266555	I:	D:
1475	2200	-	2	1.293265	I:	D:
2265	2912	+	3	1.271662	I:	D:
2960	3145	-	2	1.250603	I:	D:
3274	3897	+	1	1.287830	I:	D:
4136	6034	+	2	1.292085	I:	D:
6051	7244	+	3	1.306120	I:	D:
7256	9511	+	2	1.290026	I:	D:
9548	10762	+	2	1.284380	I:	D:
10814	12706	-	2	1.268585	I:	D:
>YB2_13399
2	631	-	2	1.303404	I:	D:
691	1200	-	1	1.259428	I:	D:
1312	2691	+	1	1.277593	I:	D:
2717	2902	-	2	1.238366	I:	D:
3027	3248	+	3	1.344758	I:	D:
3309	3500	-	3	1.285490	I:	D:
3574	4161	+	1	1.296774	I:	D:
4173	4340	+	3	1.314126	I:	D:
4374	4934	-	3	1.255455	I:	D:
5045	5371	+	2	1.261149	I:	D:
5440	6597	-	1	1.285616	I:	D:
6606	6833	-	3	1.206244	I:	D:
6858	7562	-	3	1.231633	I:	D:
7596	8243	-	3	1.258072	I:	D:
8365	9282	-	1	1.274583	I:	D:
9324	10631	-	3	1.271830	I:	D:
10718	11992	-	2	1.265692	I:	D:
12020	12586	-	2	1.270850	I:	D:
>YB2_13406
1	882	-	1	1.328075	I:	D:
1002	3488	-	3	1.291964	I:	D:
3540	3803	-	3	1.218762	I:	D:
3790	4332	-	1	1.330261	I:	D:
4555	4896	-	1	1.248217	I:	D:
4946	5692	-	2	1.273813	I:	D:
5806	7995	+	1	1.310879	I:	D:
8089	8955	+	1	1.257210	I:	D:
9114	9692	+	3	1.291250	I:	D:
9723	10919	+	3	1.269239	I:	D:
10933	12543	+	1	1.302962	I:	D:
>YB2_13425
417	1016	-	3	1.265308	I:	D:
1071	1412	+	3	1.295105	I:	D:
1811	3154	+	2	1.290493	I:	D:
3157	4392	+	1	1.296476	I:	D:
4385	5176	+	2	1.236713	I:	D:
5176	5805	+	1	1.287636	I:	D:
5809	6405	+	1	1.293404	I:	D:
6416	7651	+	2	1.270763	I:	D:
7796	8836	+	2	1.249917	I:	D:
8839	9099	+	1	1.249403	I:	D:
9125	10354	+	2	1.284711	I:	D:
10401	10751	-	3	1.269054	I:	D:
10788	11507	-	3	1.316554	I:	D:
11566	12093	-	1	1.259044	I:	D:
12138	12383	-	3	1.292755	I:	D:
>YB2_13480
3	398	+	3	1.324071	I:	D:
472	2250	-	1	1.283642	I:	D:
2530	3840	+	1	1.268223	I:	D:
3923	4342	+	2	1.301177	I:	D:
4351	5058	+	1	1.303174	I:	D:
5063	5692	+	2	1.323187	I:	D:
5695	6876	+	1	1.302294	I:	D:
6925	8070	+	1	1.278321	I:	D:
8228	8917	-	2	1.248416	I:	D:
8922	9350	-	3	1.259391	I:	D:
9523	10080	-	1	1.253834	I:	D:
10082	10498	-	2	1.271818	I:	D:
10620	11858	-	3	1.266033	I:	D:
11868	12290	-	3	1.286198	I:	D:
>YB2_13514
55	687	-	1	1.285422	I:	D:
699	1304	-	3	1.312674	I:	D:
1383	1688	-	3	1.237698	I:	D:
1636	2295	-	1	1.301460	I:	D:
2292	2975	-	3	1.293339	I:	D:
2977	4026	-	1	1.286769	I:	D:
4036	4740	-	1	1.274791	I:	D:
4759	5850	-	1	1.288213	I:	D:
5991	6374	-	3	1.277853	I:	D:
6640	7299	+	1	1.295817	I:	D:
7824	8675	-	3	1.290776	I:	D:
8686	9495	-	1	1.300920	I:	D:
9973	10143	-	1	1.330763	I:	D:
10186	10317	-	1	1.253480	I:	D:
10652	11245	-	2	1.298075	I:	D:
11621	11761	-	2	1.220345	I:	D:
11785	12180	+	1	1.307470	I:	D:
>YB2_13528
3	2003	-	3	1.278619	I:	D:
2006	2485	-	2	1.275396	I:	D:
2568	3947	-	3	1.309070	I:	D:
3974	4996	-	2	1.273165	I:	D:
5134	5814	+	1	1.257571	I:	D:
5850	7112	+	3	1.313292	I:	D:
7127	7795	+	2	1.282538	I:	D:
7857	9095	+	3	1.284496	I:	D:
9160	9783	+	1	1.283163	I:	D:
9783	10706	+	3	1.298961	I:	D:
10708	11664	+	1	1.293865	I:	D:
11837	12127	+	2	1.314859	I:	D:
>YB2_13533
32	2254	-	2	1.276250	I:	D:
2480	3187	+	2	1.307812	I:	D:
3202	3450	+	1	1.347778	I:	D:
3410	4519	+	2	1.313648	I:	D:
4589	5974	-	2	1.284060	I:	D:
6138	6638	-	3	1.245725	I:	D:
6684	7595	-	3	1.286406	I:	D:
7657	8394	+	1	1.316798	I:	D:
8431	9477	-	1	1.310039	I:	D:
9572	9922	+	2	1.248702	I:	D:
9943	10242	+	1	1.286562	I:	D:
10268	10564	+	2	1.251658	I:	D:
10625	11626	-	2	1.276716	I:	D:
11729	12106	-	2	1.252256	I:	D:
>YB2_13546
3	1904	+	3	1.282428	I:	D:
1992	2495	+	3	1.277090	I:	D:
2495	3532	+	2	1.300732	I:	D:
3563	5242	-	2	1.294270	I:	D:
5265	5669	-	3	1.253033	I:	D:
5757	8453	-	3	1.273954	I:	D:
8528	8845	-	2	1.289686	I:	D:
8918	9238	+	2	1.293680	I:	D:
9240	10094	-	3	1.293174	I:	D:
10108	11196	-	1	1.283905	I:	D:
11339	11746	-	2	1.262496	I:	D:
11769	11930	+	3	1.296608	I:	D:
>YB2_13596
3	335	-	3	1.257838	I:	D:
353	1093	-	2	1.277335	I:	D:
1143	1601	-	3	1.321789	I:	D:
1709	3001	-	2	1.286718	I:	D:
3065	3205	+	2	1.229959	I:	D:
3270	5036	-	3	1.271113	I:	D:
5221	5946	+	1	1.311664	I:	D:
6015	8684	-	3	1.288327	I:	D:
8837	9259	+	2	1.257032	I:	D:
9334	10023	+	1	1.286192	I:	D:
10373	11725	+	2	1.296959	I:	D:
>YB2_13599
1	921	+	1	1.313720	I:	D:
1015	1506	-	1	1.274076	I:	D:
1506	3230	-	3	1.284422	I:	D:
3597	4022	-	3	1.295185	I:	D:
4099	4251	-	1	1.342119	I:	D:
4282	4800	-	1	1.289939	I:	D:
4983	6992	+	3	1.293999	I:	D:
7026	7700	-	3	1.268777	I:	D:
7702	8418	-	1	1.300204	I:	D:
8431	8880	+	1	1.264807	I:	D:
8970	9380	+	3	1.253279	I:	D:
9437	10273	-	2	1.290972	I:	D:
10671	11354	-	3	1.278616	I:	D:
11436	11852	-	3	1.312112	I:	D:
>YB2_13667
2	463	+	2	1.286927	I:	D:
472	2016	+	1	1.305815	I:	D:
2039	2404	-	2	1.320883	I:	D:
2516	3115	+	2	1.296209	I:	D:
3115	3594	+	1	1.338461	I:	D:
3809	4354	+	2	1.294661	I:	D:
4364	5545	+	2	1.310580	I:	D:
5607	5744	-	3	1.358270	I:	D:
5868	6116	+	3	1.329962	I:	D:
6241	6474	+	1	1.324234	I:	D:
6626	7546	-	2	1.258468	I:	D:
7770	8030	-	3	1.307335	I:	D:
8532	8816	-	3	1.314153	I:	D:
8840	9046	-	2	1.261350	I:	D:
9981	10925	-	3	1.241172	I:	D:
11129	11596	-	2	1.234813	I:	D:
>YB2_13725
2	397	-	2	1.327442	I:	D:
624	1451	-	3	1.305431	I:	D:
1498	2868	+	1	1.263295	I:	D:
2985	3476	+	3	1.261183	I:	D:
3473	4417	+	2	1.284791	I:	D:
4466	4837	-	2	1.233222	I:	D:
4945	5568	+	1	1.257318	I:	D:
5607	5924	+	3	1.273038	I:	D:
6070	6426	+	1	1.254748	I:	D:
6641	7495	+	2	1.290410	I:	D:
7545	9863	+	3	1.284665	I:	D:
9994	10734	+	1	1.306415	I:	D:
10787	11290	+	2	1.276394	I:	D:
>YB2_13784
2	403	-	2	1.291978	I:	D:
470	3082	-	2	1.276299	I:	D:
3182	4030	+	2	1.301926	I:	D:
4017	4529	+	3	1.284587	I:	D:
4526	5068	+	2	1.299388	I:	D:
5068	5451	+	1	1.329899	I:	D:
5453	6244	+	2	1.282286	I:	D:
6379	6825	+	1	1.269979	I:	D:
6806	7534	+	2	1.360880	I:	D:
7650	8234	+	3	1.273236	I:	D:
8282	9811	-	2	1.309244	I:	D:
9941	10570	-	2	1.284183	I:	D:
10669	11241	+	1	1.290669	I:	D:
>YB2_13856
153	362	+	3	1.250747	I:	D:
593	2311	+	2	1.279561	I:	D:
2357	2719	+	2	1.409593	I:	D:
3107	4069	-	2	1.290214	I:	D:
4239	4814	-	3	1.312244	I:	D:
4843	5043	-	1	1.302515	I:	D:
5045	7021	-	2	1.302983	I:	D:
7021	7974	-	1	1.312597	I:	D:
8272	8634	-	1	1.301908	I:	D:
8656	9870	-	1	1.268253	I:	D:
10150	10704	+	1	1.260624	I:	D:
10816	10962	-	1	1.219013	I:	D:
>YB2_13868
3	386	-	3	1.308348	I:	D:
480	1241	-	3	1.249819	I:	D:
1376	2146	+	2	1.291556	I:	D:
2202	2885	-	3	1.277847	I:	D:
3073	4305	+	1	1.280811	I:	D:
4452	5147	+	3	1.293567	I:	D:
5197	5826	-	1	1.268574	I:	D:
6007	8511	-	1	1.301456	I:	D:
8648	9580	+	2	1.283897	I:	D:
9590	10351	+	2	1.312986	I:	D:
10361	10915	+	2	1.261310	I:	D:
>YB2_13883
2	511	+	2	1.337435	I:	D:
751	1422	+	1	1.317888	I:	D:
1429	1863	+	1	1.314567	I:	D:
1860	2939	+	3	1.320398	I:	D:
2914	4770	+	1	1.294018	I:	D:
4788	5246	+	3	1.296195	I:	D:
5281	6114	-	1	1.325059	I:	D:
6107	6958	-	2	1.302907	I:	D:
6962	7858	-	2	1.294783	I:	D:
7858	8739	-	1	1.279050	I:	D:
8893	9786	-	1	1.307356	I:	D:
9774	10043	-	3	1.295678	I:	D:
10071	10886	+	3	1.285669	I:	D:
>YB2_13911
3	380	-	3	1.326098	I:	D:
402	1400	+	3	1.288884	I:	D:
1472	1903	+	2	1.316352	I:	D:
1924	2685	+	1	1.277507	I:	D:
2760	3248	+	3	1.289159	I:	D:
3316	3717	+	1	1.317146	I:	D:
4008	4367	-	3	1.259733	I:	D:
4364	4744	-	2	1.284319	I:	D:
4744	5409	-	1	1.304881	I:	D:
5469	6191	-	3	1.225826	I:	D:
6286	6507	+	1	1.247000	I:	D:
6603	7148	+	3	1.270316	I:	D:
7197	7715	+	3	1.274340	I:	D:
7712	8581	+	2	1.314917	I:	D:
8578	9429	+	1	1.299103	I:	D:
9449	10540	+	2	1.285417	I:	D:
10611	10799	-	3	1.296029	I:	D:
>YB2_13939
3	263	+	3	1.314704	I:	D:
256	1215	+	1	1.304367	I:	D:
1206	1967	+	3	1.286289	I:	D:
1982	2890	+	2	1.244372	I:	D:
3951	5306	-	3	1.299421	I:	D:
5316	5600	-	3	1.280137	I:	D:
5687	6667	-	2	1.282751	I:	D:
6744	6917	-	3	1.315272	I:	D:
7095	9908	+	3	1.280080	I:	D:
10223	10735	-	2	1.274421	I:	D:
>YB2_13964
2	1735	-	2	1.289334	I:	D:
1752	2294	-	3	1.269173	I:	D:
2408	3367	-	2	1.297462	I:	D:
3377	4144	-	2	1.293222	I:	D:
4155	5027	-	3	1.302374	I:	D:
5092	6165	-	1	1.285485	I:	D:
6181	9522	-	1	1.282640	I:	D:
9536	10654	-	2	1.295544	I:	D:
>YB2_13969
322	1116	-	1	1.300686	I:	D:
1337	1927	-	2	1.269827	I:	D:
1910	2092	+	2	1.284348	I:	D:
2226	2693	-	3	1.282287	I:	D:
2856	5687	+	3	1.300635	I:	D:
5744	7270	-	2	1.333402	I:	D:
7279	8448	-	1	1.294180	I:	D:
8584	9459	-	1	1.332637	I:	D:
9591	10049	+	3	1.304315	I:	D:
10112	10651	-	2	1.326302	I:	D:
>YB2_14032
2	196	+	2	1.222814	I:	D:
219	1865	+	3	1.245169	I:	D:
1947	2525	+	3	1.256739	I:	D:
2538	3830	+	3	1.275783	I:	D:
3856	4359	+	1	1.286083	I:	D:
4546	7170	+	1	1.279058	I:	D:
7249	7440	+	1	1.307118	I:	D:
7667	8554	+	2	1.268474	I:	D:
8686	9003	+	1	1.279324	I:	D:
9006	9392	-	3	1.318311	I:	D:
9473	9682	+	2	1.250061	I:	D:
9669	10466	+	3	1.311524	I:	D:
>YB2_14044
3	1340	-	3	1.318244	I:	D:
1690	2322	+	1	1.265110	I:	D:
2325	3302	+	3	1.302441	I:	D:
3344	4006	-	2	1.278425	I:	D:
4055	4798	-	2	1.279263	I:	D:
4798	5754	-	1	1.293609	I:	D:
5751	7274	-	3	1.292558	I:	D:
7410	9170	-	3	1.298818	I:	D:
9236	10399	-	2	1.274639	I:	D:
>YB2_14066
338	1075	+	2	1.316250	I:	D:
1009	2739	+	1	1.324574	I:	D:
2790	4538	+	3	1.277060	I:	D:
4592	5572	+	2	1.283755	I:	D:
5590	5769	+	1	1.323385	I:	D:
5773	6537	+	1	1.277350	I:	D:
6547	8373	+	1	1.288700	I:	D:
8442	9161	+	3	1.277538	I:	D:
9199	10251	-	1	1.291909	I:	D:
>YB2_14075
3	1739	-	3	1.298005	I:	D:
1822	2862	-	1	1.292228	I:	D:
3029	3877	+	2	1.303386	I:	D:
3978	4928	+	3	1.267038	I:	D:
5111	5884	+	2	1.252986	I:	D:
5868	6584	+	3	1.321426	I:	D:
6594	7364	+	3	1.280013	I:	D:
7437	8180	-	3	1.317038	I:	D:
8552	10063	+	2	1.300179	I:	D:
>YB2_14117
1	633	-	1	1.295160	I:	D:
655	1281	-	1	1.312249	I:	D:
1331	1648	+	2	1.321949	I:	D:
1752	2477	-	3	1.270974	I:	D:
2609	3514	+	2	1.289893	I:	D:
3540	4163	+	3	1.288533	I:	D:
4231	5049	-	1	1.248612	I:	D:
5300	5578	+	2	1.254257	I:	D:
5578	6261	+	1	1.308234	I:	D:
6258	6734	+	3	1.270226	I:	D:
6796	7179	-	1	1.253435	I:	D:
7258	8634	-	1	1.273520	I:	D:
8631	9446	-	3	1.301053	I:	D:
9447	10235	-	3	1.293026	I:	D:
>YB2_14172
2	853	+	2	1.256248	I:	D:
913	1413	+	1	1.239227	I:	D:
1485	2684	+	3	1.280774	I:	D:
2807	5833	+	2	1.305698	I:	D:
5890	6153	-	1	1.242331	I:	D:
6284	7183	+	2	1.281981	I:	D:
7221	7835	-	3	1.266171	I:	D:
7934	9328	-	2	1.285570	I:	D:
9567	9998	+	3	1.297918	I:	D:
>YB2_14178
249	860	-	3	1.286332	I:	D:
907	2304	+	1	1.301281	I:	D:
2352	3827	-	3	1.280716	I:	D:
3945	5459	+	3	1.293431	I:	D:
5459	6424	+	2	1.285335	I:	D:
6481	7569	-	1	1.299007	I:	D:
7566	8456	-	3	1.267792	I:	D:
8489	8629	+	2	1.312939	I:	D:
8939	9970	+	2	1.286300	I:	D:
>YB2_14288
1	288	+	1	1.312691	I:	D:
371	2833	+	2	1.278608	I:	D:
2939	3412	+	2	1.249366	I:	D:
3418	3855	+	1	1.272822	I:	D:
3913	4893	+	1	1.299545	I:	D:
4893	5387	+	3	1.304917	I:	D:
5381	6007	+	2	1.275686	I:	D:
6024	6836	+	3	1.278246	I:	D:
7186	7872	+	1	1.272054	I:	D:
8015	8386	+	2	1.230992	I:	D:
8402	9130	+	2	1.281507	I:	D:
9120	9845	+	3	1.272387	I:	D:
>YB2_14318
1	129	+	1	1.289051	I:	D:
322	1611	+	1	1.300270	I:	D:
1636	2859	+	1	1.292244	I:	D:
2923	3468	+	1	1.293595	I:	D:
3566	4135	+	2	1.290475	I:	D:
4140	5516	+	3	1.288586	I:	D:
5874	7583	+	3	1.270544	I:	D:
7687	7962	+	1	1.286993	I:	D:
8037	8342	-	3	1.328783	I:	D:
8381	8569	-	2	1.348135	I:	D:
8792	9754	-	2	1.294039	I:	D:
>YB2_14411
3	128	+	3	1.293999	I:	D:
158	2728	-	2	1.265196	I:	D:
2864	3532	-	2	1.325631	I:	D:
3752	4543	-	2	1.271459	I:	D:
4653	5627	+	3	1.296012	I:	D:
5629	6366	+	1	1.317543	I:	D:
6415	6834	-	1	1.279993	I:	D:
6834	7394	-	3	1.289742	I:	D:
7394	8185	-	2	1.283894	I:	D:
8187	8972	-	3	1.287910	I:	D:
9049	9528	+	1	1.295489	I:	D:
>YB2_14570
2	1165	+	2	1.269528	I:	D:
1234	2061	-	1	1.298634	I:	D:
2274	4730	-	3	1.282590	I:	D:
4949	5575	+	2	1.265760	I:	D:
5664	6521	+	3	1.281734	I:	D:
6573	7325	-	3	1.292443	I:	D:
7479	8411	-	3	1.320907	I:	D:
8411	9190	-	2	1.281112	I:	D:
>YB2_14604
3	212	+	3	1.285551	I:	D:
283	915	-	1	1.319774	I:	D:
982	2658	-	1	1.282717	I:	D:
2762	4168	-	2	1.323701	I:	D:
4147	4656	-	1	1.292185	I:	D:
4792	5688	-	1	1.279255	I:	D:
5806	6387	-	1	1.281213	I:	D:
6409	6984	-	1	1.308791	I:	D:
7101	7358	-	3	1.264113	I:	D:
7402	7662	+	1	1.305979	I:	D:
7727	9133	-	2	1.276166	I:	D:
>YB2_14644
1	1416	-	1	1.246949	I:	D:
1445	2092	-	2	1.243891	I:	D:
2263	3516	+	1	1.310124	I:	D:
3500	6157	+	2	1.277771	I:	D:
6237	6782	-	3	1.290288	I:	D:
6782	7717	-	2	1.306574	I:	D:
8305	9060	-	1	1.291767	I:	D:
>YB2_14669
2	628	+	2	1.285264	I:	D:
630	968	+	3	1.251364	I:	D:
968	2008	+	2	1.284162	I:	D:
2089	3063	-	1	1.295712	I:	D:
3074	4924	-	2	1.287710	I:	D:
4948	5238	-	1	1.258134	I:	D:
5341	5568	-	1	1.277027	I:	D:
5572	6126	-	1	1.280963	I:	D:
6149	7297	-	2	1.293625	I:	D:
7409	8500	-	2	1.280069	I:	D:
8690	8986	-	2	1.276129	I:	D:
>YB2_14671
365	1429	-	2	1.287863	I:	D:
1551	2834	+	3	1.275349	I:	D:
2880	5465	-	3	1.290427	I:	D:
5527	5736	-	1	1.332429	I:	D:
5761	6564	-	1	1.279396	I:	D:
6690	7037	+	3	1.288853	I:	D:
7039	7392	+	1	1.293415	I:	D:
7417	8982	+	1	1.292676	I:	D:
>YB2_14724
69	1256	+	3	1.260923	I:	D:
1365	1643	+	3	1.250896	I:	D:
1645	2286	+	1	1.283711	I:	D:
2349	3311	+	3	1.307003	I:	D:
3382	5406	-	1	1.267944	I:	D:
5504	6148	-	2	1.243040	I:	D:
6256	7521	-	1	1.314391	I:	D:
7601	8635	-	2	1.274051	I:	D:
>YB2_14766
155	1714	-	2	1.284958	I:	D:
1840	2553	+	1	1.283979	I:	D:
2678	3235	+	2	1.239295	I:	D:
3325	4524	+	1	1.284940	I:	D:
4565	5284	+	2	1.278215	I:	D:
5296	6162	+	1	1.292735	I:	D:
6171	7502	+	3	1.286158	I:	D:
7529	8800	+	2	1.255039	I:	D:
>YB2_14793
161	748	-	2	1.317580	I:	D:
773	1570	-	2	1.301103	I:	D:
1580	2587	-	2	1.299928	I:	D:
2641	3150	-	1	1.266264	I:	D:
3160	3606	-	1	1.248613	I:	D:
3856	4905	+	1	1.270724	I:	D:
5061	6362	+	3	1.285308	I:	D:
6487	7122	+	1	1.261857	I:	D:
7175	8698	-	2	1.325502	I:	D:
>YB2_14868
2	472	-	2	1.296851	I:	D:
485	703	-	2	1.275002	I:	D:
705	2360	-	3	1.307765	I:	D:
2396	2527	+	2	1.291574	I:	D:
2546	3184	-	2	1.253460	I:	D:
3344	4858	+	2	1.291782	I:	D:
5017	6990	-	1	1.278424	I:	D:
7196	8224	+	2	1.286043	I:	D:
8434	8613	+	1	1.374585	I:	D:
>YB2_14923
94	570	+	1	1.271724	I:	D:
629	1105	-	2	1.295620	I:	D:
1110	1601	-	3	1.254769	I:	D:
1622	2566	-	2	1.289195	I:	D:
2635	3312	+	1	1.287179	I:	D:
3398	5395	+	2	1.278322	I:	D:
5512	5727	-	1	1.369747	I:	D:
5746	5895	+	1	1.348138	I:	D:
5913	7286	+	3	1.311967	I:	D:
7528	7851	+	1	1.275541	I:	D:
7916	8476	-	2	1.280866	I:	D:
>YB2_14925
167	508	+	2	1.313412	I:	D:
695	1501	+	2	1.300120	I:	D:
1511	2623	+	2	1.304462	I:	D:
2628	3641	+	3	1.293563	I:	D:
3710	4048	-	2	1.239254	I:	D:
4147	6786	-	1	1.297382	I:	D:
6959	7969	-	2	1.290873	I:	D:
>YB2_15006
3	278	-	3	1.285705	I:	D:
282	1007	-	3	1.292671	I:	D:
1011	1529	-	3	1.242329	I:	D:
1510	2157	-	1	1.278697	I:	D:
2200	2736	-	1	1.244319	I:	D:
2795	4180	+	2	1.293882	I:	D:
4383	4922	+	3	1.278464	I:	D:
5093	5413	+	2	1.284213	I:	D:
6006	6152	-	3	1.364558	I:	D:
6222	6383	-	3	1.330533	I:	D:
6397	7254	-	1	1.318736	I:	D:
7401	7892	-	3	1.297841	I:	D:
7945	8178	-	1	1.338362	I:	D:
>YB2_15019
1	324	+	1	1.171753	I:	D:
378	1871	+	3	1.272536	I:	D:
1948	2508	+	1	1.324221	I:	D:
2573	3202	+	2	1.266540	I:	D:
3368	4603	-	2	1.276981	I:	D:
4743	5996	+	3	1.279004	I:	D:
5980	6840	+	1	1.298936	I:	D:
6840	7610	+	3	1.309545	I:	D:
7697	8317	+	2	1.269613	I:	D:
>YB2_15119
46	855	+	1	1.263358	I:	D:
858	1550	-	3	1.298581	I:	D:
1649	3130	-	2	1.272462	I:	D:
3287	4174	+	2	1.311154	I:	D:
4207	5094	+	1	1.303525	I:	D:
5084	5401	+	2	1.297366	I:	D:
5457	6494	-	3	1.315344	I:	D:
6634	8148	+	1	1.307711	I:	D:
>YB2_15298
3	2315	-	3	1.286056	I:	D:
2476	2739	-	1	1.245708	I:	D:
3006	4580	+	3	1.319959	I:	D:
4630	5556	+	1	1.307172	I:	D:
5589	7859	+	3	1.290518	I:	D:
>YB2_15347
1	228	+	1	1.307517	I:	D:
274	1578	+	1	1.289741	I:	D:
1620	2108	-	3	1.327503	I:	D:
2108	3172	-	2	1.300069	I:	D:
3259	4314	-	1	1.273639	I:	D:
4486	6276	-	1	1.307973	I:	D:
6442	7776	+	1	1.301040	I:	D:
>YB2_15402
3	521	-	3	1.278558	I:	D:
585	998	-	3	1.278653	I:	D:
1061	2077	-	2	1.272754	I:	D:
2217	2435	+	3	1.314676	I:	D:
2437	4179	+	1	1.290660	I:	D:
4471	5361	+	1	1.292622	I:	D:
5728	7170	+	1	1.277660	I:	D:
7382	7702	-	2	1.262355	I:	D:
>YB2_15418
3	1436	+	3	1.305306	I:	D:
1761	1964	-	3	1.353627	I:	D:
1974	2654	-	3	1.307443	I:	D:
2656	3765	-	1	1.281685	I:	D:
3851	4006	+	2	1.354372	I:	D:
4072	4803	+	1	1.291560	I:	D:
4874	5860	-	2	1.294325	I:	D:
5864	7351	-	2	1.329898	I:	D:
7487	7684	+	2	1.316419	I:	D:
>YB2_15433
1	555	-	1	1.324952	I:	D:
644	1084	-	2	1.319954	I:	D:
1181	1579	-	2	1.305579	I:	D:
1845	2243	+	3	1.317164	I:	D:
2312	3424	-	2	1.256404	I:	D:
3648	4505	-	3	1.242941	I:	D:
4489	5253	-	1	1.283202	I:	D:
5272	5940	-	1	1.298474	I:	D:
5930	6589	-	2	1.312995	I:	D:
6765	7661	-	3	1.260857	I:	D:
>YB2_15436
1	159	+	1	1.262214	I:	D:
207	947	+	3	1.264226	I:	D:
985	1608	-	1	1.241744	I:	D:
1613	1825	-	2	1.256441	I:	D:
1943	2287	-	2	1.314949	I:	D:
2299	2709	-	1	1.294053	I:	D:
2720	3490	-	2	1.294847	I:	D:
3483	4637	-	3	1.274177	I:	D:
4681	5280	-	1	1.327968	I:	D:
5560	6543	+	1	1.291822	I:	D:
6776	7657	+	2	1.292868	I:	D:
>YB2_15515
452	1237	+	2	1.306517	I:	D:
1401	1868	+	3	1.297272	I:	D:
1958	3379	-	2	1.291558	I:	D:
3613	3960	-	1	1.264267	I:	D:
4077	6020	-	3	1.307200	I:	D:
6025	6627	-	1	1.316105	I:	D:
6689	7018	-	2	1.242533	I:	D:
7154	7471	+	2	1.317678	I:	D:
>YB2_15701
1	219	+	1	1.349960	I:	D:
246	455	+	3	1.336314	I:	D:
455	1333	+	2	1.309454	I:	D:
1386	1604	-	3	1.231284	I:	D:
1843	3132	+	1	1.266093	I:	D:
3289	4233	+	1	1.320594	I:	D:
4313	5026	-	2	1.271224	I:	D:
5219	6739	+	2	1.285268	I:	D:
6726	7346	+	3	1.249514	I:	D:
>YB2_15738
3	632	-	3	1.263724	I:	D:
656	1120	-	2	1.270179	I:	D:
1120	1665	-	1	1.269642	I:	D:
1717	3666	-	1	1.313617	I:	D:
3666	4196	-	3	1.256337	I:	D:
4193	4396	-	2	1.295449	I:	D:
4426	5166	-	1	1.303003	I:	D:
5235	5462	-	3	1.303586	I:	D:
5575	5751	-	1	1.323604	I:	D:
5919	6467	-	3	1.293442	I:	D:
6753	7304	+	3	1.285372	I:	D:
>YB2_15838
1	738	+	1	1.267646	I:	D:
795	1010	+	3	1.318986	I:	D:
964	1311	+	1	1.324190	I:	D:
1362	1880	+	3	1.258660	I:	D:
2035	2379	+	1	1.256191	I:	D:
2406	2891	+	3	1.298539	I:	D:
2996	3391	+	2	1.288458	I:	D:
3569	5524	+	2	1.301993	I:	D:
5643	6776	+	3	1.290129	I:	D:
6778	7161	+	1	1.276894	I:	D:
>YB2_15848
3	128	+	3	1.286237	I:	D:
241	510	-	1	1.269811	I:	D:
641	2119	-	2	1.271602	I:	D:
2168	3103	+	2	1.301655	I:	D:
3240	4103	+	3	1.294220	I:	D:
4189	4977	+	1	1.286592	I:	D:
5044	7023	+	1	1.270233	I:	D:
>YB2_15861
1	237	+	1	1.280205	I:	D:
478	2721	+	1	1.304155	I:	D:
2904	3242	+	3	1.301583	I:	D:
3363	4016	+	3	1.269740	I:	D:
4109	5356	+	2	1.305382	I:	D:
5429	6124	+	2	1.285876	I:	D:
6181	6483	-	1	1.300340	I:	D:
6488	7132	-	2	1.265758	I:	D:
>YB2_15895
122	580	-	2	1.314604	I:	D:
889	3555	+	1	1.272795	I:	D:
3645	5528	+	3	1.266801	I:	D:
5548	7044	+	1	1.265305	I:	D:
>YB2_15912
2	850	-	2	1.264759	I:	D:
1014	2309	+	3	1.286305	I:	D:
2362	2574	-	1	1.289734	I:	D:
2571	2810	-	3	1.280423	I:	D:
2967	3959	+	3	1.269782	I:	D:
4023	5114	-	3	1.281517	I:	D:
5186	6463	-	2	1.305856	I:	D:
6473	7075	-	2	1.283501	I:	D:
>YB2_15921
3	1079	-	3	1.260123	I:	D:
1289	1576	+	2	1.260412	I:	D:
1729	2766	+	1	1.284743	I:	D:
2835	3473	+	3	1.285655	I:	D:
3585	4340	+	3	1.294508	I:	D:
4395	4895	+	3	1.263146	I:	D:
4895	5365	+	2	1.323834	I:	D:
5374	5673	+	1	1.264808	I:	D:
6162	7058	-	3	1.309627	I:	D:
>YB2_15967
1	435	-	1	1.280742	I:	D:
523	1245	+	1	1.309073	I:	D:
1247	2611	+	2	1.307046	I:	D:
2682	3164	+	3	1.282713	I:	D:
3309	3668	+	3	1.288475	I:	D:
3800	4777	+	2	1.286302	I:	D:
4799	5596	+	2	1.323685	I:	D:
5596	6288	+	1	1.289314	I:	D:
6281	7012	+	2	1.324677	I:	D:
>YB2_16011
2	994	+	2	1.271288	I:	D:
1238	1591	-	2	1.285356	I:	D:
1658	1855	-	2	1.261232	I:	D:
2053	2517	-	1	1.259934	I:	D:
2754	2906	-	3	1.283204	I:	D:
2947	3573	-	1	1.275894	I:	D:
3784	5352	-	1	1.288410	I:	D:
5384	5620	-	2	1.266479	I:	D:
5881	6462	+	1	1.263306	I:	D:
6665	6964	+	2	1.325235	I:	D:
>YB2_16025
1	1395	-	1	1.287210	I:	D:
1573	2367	+	1	1.317775	I:	D:
2377	3162	+	1	1.313009	I:	D:
3250	4197	+	1	1.270817	I:	D:
4313	5179	+	2	1.288874	I:	D:
5179	6471	+	1	1.302768	I:	D:
6488	6937	-	2	1.281736	I:	D:
>YB2_16039
2	439	+	2	1.303640	I:	D:
451	1896	+	1	1.308470	I:	D:
1912	4092	+	1	1.306445	I:	D:
4112	5842	+	2	1.296708	I:	D:
5855	6502	+	2	1.309349	I:	D:
6499	6930	+	1	1.313211	I:	D:
>YB2_16058
126	605	+	3	1.276435	I:	D:
611	934	+	2	1.269907	I:	D:
1035	1649	+	3	1.203313	I:	D:
1706	2572	-	2	1.295598	I:	D:
2598	3038	-	3	1.251550	I:	D:
3047	3820	-	2	1.299500	I:	D:
3820	4869	-	1	1.311744	I:	D:
4885	6000	-	1	1.271456	I:	D:
6100	6903	-	1	1.255835	I:	D:
>YB2_16063
1	603	+	1	1.300108	I:	D:
797	2434	+	2	1.289363	I:	D:
2528	2824	-	2	1.256553	I:	D:
2861	3481	-	2	1.273458	I:	D:
3724	4581	+	1	1.277782	I:	D:
4618	6183	+	1	1.271642	I:	D:
6409	6897	+	1	1.258599	I:	D:
>YB2_16269
411	896	+	3	1.311294	I:	D:
950	1378	+	2	1.241316	I:	D:
1375	2016	+	1	1.243541	I:	D:
2066	4801	+	2	1.309345	I:	D:
4798	5004	+	1	1.281561	I:	D:
5279	6652	+	2	1.268262	I:	D:
>YB2_16338
3	164	-	3	1.333793	I:	D:
291	434	+	3	1.315221	I:	D:
626	904	+	2	1.274140	I:	D:
971	2401	+	2	1.287202	I:	D:
2472	6572	+	3	1.265867	I:	D:
>YB2_16370
104	1111	+	2	1.296506	I:	D:
1130	2431	+	2	1.283974	I:	D:
2442	2861	+	3	1.271730	I:	D:
2910	3641	-	3	1.286166	I:	D:
3634	4569	-	1	1.326951	I:	D:
4615	5400	-	1	1.312730	I:	D:
5474	6541	-	2	1.301560	I:	D:
>YB2_16429
2	418	+	2	1.279795	I:	D:
466	912	-	1	1.270783	I:	D:
912	1550	-	3	1.264521	I:	D:
1781	2173	-	2	1.299350	I:	D:
2190	2618	-	3	1.275103	I:	D:
2948	3838	+	2	1.283947	I:	D:
3882	4367	-	3	1.271286	I:	D:
4415	4714	-	2	1.245145	I:	D:
4728	6485	-	3	1.259801	I:	D:
>YB2_16508
3	677	-	3	1.266726	I:	D:
658	1542	-	1	1.301966	I:	D:
1561	2052	-	1	1.293641	I:	D:
2156	2599	-	2	1.278947	I:	D:
2821	4026	+	1	1.281155	I:	D:
4091	5542	+	2	1.263876	I:	D:
5630	6424	-	2	1.302044	I:	D:
>YB2_16516
171	641	+	3	1.217331	I:	D:
654	1187	+	3	1.262588	I:	D:
1200	2741	+	3	1.279288	I:	D:
2760	3629	+	3	1.282347	I:	D:
3646	5019	+	1	1.281663	I:	D:
5050	5478	+	1	1.258318	I:	D:
5537	6418	-	2	1.256093	I:	D:
>YB2_16547
1	537	-	1	1.288413	I:	D:
681	842	-	3	1.296369	I:	D:
1048	2580	+	1	1.282403	I:	D:
2653	3318	+	1	1.296788	I:	D:
3318	3995	+	3	1.346089	I:	D:
3992	4957	+	2	1.302574	I:	D:
5105	6391	+	2	1.335865	I:	D:
>YB2_16565
39	1187	+	3	1.308281	I:	D:
1190	2230	+	2	1.318361	I:	D:
2133	3449	+	3	1.302106	I:	D:
3449	5158	+	2	1.303294	I:	D:
5158	5637	+	1	1.299055	I:	D:
5780	6289	+	2	1.320116	I:	D:
>YB2_16608
16	1461	+	1	1.292439	I:	D:
1500	2087	+	3	1.292481	I:	D:
2109	3254	+	3	1.309960	I:	D:
3292	3621	+	1	1.322316	I:	D:
3754	5418	+	1	1.259506	I:	D:
5528	6325	+	2	1.287865	I:	D:
>YB2_16640
146	736	+	2	1.300850	I:	D:
819	1634	+	3	1.289402	I:	D:
1682	2440	-	2	1.303155	I:	D:
2490	3989	-	3	1.285008	I:	D:
4113	4790	+	3	1.292758	I:	D:
4780	5253	+	1	1.300202	I:	D:
5253	6077	+	3	1.313484	I:	D:
6074	6316	+	2	1.242911	I:	D:
>YB2_16647
3	1208	-	3	1.311114	I:	D:
1364	2590	-	2	1.310513	I:	D:
2753	3475	+	2	1.273901	I:	D:
3465	4382	+	3	1.301640	I:	D:
4548	5654	+	3	1.289094	I:	D:
6024	6308	+	3	1.268121	I:	D:
>YB2_16687
1	1572	+	1	1.291191	I:	D:
1700	2482	-	2	1.266080	I:	D:
2604	3860	+	3	1.296679	I:	D:
3927	4700	+	3	1.287783	I:	D:
4870	5592	+	1	1.273290	I:	D:
5726	6277	+	2	1.242263	I:	D:
>YB2_16772
3	1007	+	3	1.277886	I:	D:
1007	1885	+	2	1.290512	I:	D:
1885	2688	+	1	1.277659	I:	D:
2701	3555	+	1	1.274139	I:	D:
3616	4569	+	1	1.289291	I:	D:
4569	5750	+	3	1.278035	I:	D:
5754	6188	+	3	1.278028	I:	D:
>YB2_16781
1	369	-	1	1.306229	I:	D:
451	777	+	1	1.237527	I:	D:
781	1992	+	1	1.287241	I:	D:
1992	3311	+	3	1.298107	I:	D:
3472	4095	+	1	1.276133	I:	D:
4103	4645	+	2	1.296551	I:	D:
5063	6178	+	2	1.282660	I:	D:
>YB2_16869
1	480	+	1	1.292443	I:	D:
593	1075	+	2	1.278006	I:	D:
1235	1501	+	2	1.281268	I:	D:
1511	1648	+	2	1.302883	I:	D:
1698	1826	-	3	1.203986	I:	D:
1827	2870	-	3	1.270631	I:	D:
2898	3815	-	3	1.298886	I:	D:
4002	4259	-	3	1.277156	I:	D:
4280	4591	-	2	1.276935	I:	D:
4818	5813	+	3	1.276756	I:	D:
5815	6102	+	1	1.260229	I:	D:
>YB2_16877
3	386	-	3	1.239258	I:	D:
404	823	-	2	1.271585	I:	D:
901	1587	-	1	1.265219	I:	D:
1608	2036	-	3	1.296910	I:	D:
2108	2395	-	2	1.307594	I:	D:
2508	3647	-	3	1.289377	I:	D:
3662	5227	-	2	1.268161	I:	D:
5686	5997	+	1	1.261645	I:	D:
>YB2_16891
1	279	-	1	1.274267	I:	D:
386	1174	-	2	1.314314	I:	D:
1207	1497	-	1	1.287008	I:	D:
1553	2557	-	2	1.288258	I:	D:
2650	3321	+	1	1.281673	I:	D:
3338	4705	+	2	1.279784	I:	D:
4808	5221	-	2	1.309104	I:	D:
5283	6086	-	3	1.308433	I:	D:
>YB2_16911
1	408	+	1	1.324000	I:	D:
395	1450	+	2	1.302456	I:	D:
1600	2928	+	1	1.286930	I:	D:
3031	4167	-	1	1.281042	I:	D:
4421	5689	-	2	1.278038	I:	D:
5764	6072	-	1	1.270157	I:	D:
>YB2_16927
3	380	-	3	1.278040	I:	D:
614	1033	+	2	1.291091	I:	D:
1030	2001	+	1	1.285628	I:	D:
2209	3252	-	1	1.263112	I:	D:
3570	6059	-	3	1.282379	I:	D:
>YB2_16946
1	888	+	1	1.302269	I:	D:
888	1382	+	3	1.255272	I:	D:
1487	1987	+	2	1.282151	I:	D:
2141	2317	+	2	1.292839	I:	D:
2389	3315	-	1	1.265299	I:	D:
3362	3826	-	2	1.246892	I:	D:
3850	4149	-	1	1.261385	I:	D:
4154	4723	-	2	1.275861	I:	D:
4812	6047	+	3	1.253789	I:	D:
>YB2_17045
105	428	+	3	1.284834	I:	D:
530	1585	+	2	1.294155	I:	D:
1659	2003	-	3	1.252084	I:	D:
2107	2997	+	1	1.312795	I:	D:
3075	4919	+	3	1.295367	I:	D:
5053	5577	+	1	1.289033	I:	D:
5600	5770	+	2	1.298225	I:	D:
5792	5971	+	2	1.323483	I:	D:
>YB2_17062
2	1084	+	2	1.268995	I:	D:
1151	1597	+	2	1.294330	I:	D:
1605	2309	+	3	1.303374	I:	D:
2346	3656	+	3	1.298364	I:	D:
3722	5953	+	2	1.298077	I:	D:
>YB2_17098
1	588	-	1	1.286605	I:	D:
597	1493	-	3	1.298104	I:	D:
1506	2510	-	3	1.305523	I:	D:
2619	4796	-	3	1.281582	I:	D:
4943	5935	+	2	1.297210	I:	D:
>YB2_17127
2	814	+	2	1.287057	I:	D:
833	1783	+	2	1.281172	I:	D:
1876	2814	+	1	1.261400	I:	D:
2828	3154	+	2	1.211633	I:	D:
3120	3551	+	3	1.267526	I:	D:
3770	4000	+	2	1.190920	I:	D:
4281	5909	+	3	1.282155	I:	D:
>YB2_17128
3	881	-	3	1.352031	I:	D:
881	1771	-	2	1.277889	I:	D:
1863	2729	-	3	1.322694	I:	D:
2843	3904	+	2	1.277761	I:	D:
3914	4390	+	2	1.279851	I:	D:
4465	4605	-	1	1.290331	I:	D:
4755	5759	+	3	1.281779	I:	D:
>YB2_17190
2	1579	-	2	1.289149	I:	D:
1590	2381	-	3	1.279713	I:	D:
2392	4659	-	1	1.259002	I:	D:
4685	5875	-	2	1.301649	I:	D:
>YB2_17289
2	229	+	2	1.297909	I:	D:
242	1186	+	2	1.300261	I:	D:
1264	2538	+	1	1.274098	I:	D:
2685	3395	+	3	1.296612	I:	D:
3512	4762	+	2	1.280367	I:	D:
4762	5649	+	1	1.273177	I:	D:
>YB2_17335
1	450	-	1	1.330521	I:	D:
492	1298	-	3	1.283645	I:	D:
1298	1681	-	2	1.256151	I:	D:
1735	2493	-	1	1.279412	I:	D:
2506	3264	-	1	1.274644	I:	D:
3288	4724	-	3	1.285567	I:	D:
4766	5770	-	2	1.278997	I:	D:
>YB2_17339
2	790	+	2	1.266010	I:	D:
793	1662	+	1	1.290142	I:	D:
1785	2408	+	3	1.303380	I:	D:
2448	3458	+	3	1.286854	I:	D:
3471	4442	+	3	1.292803	I:	D:
4498	5562	-	1	1.305002	I:	D:
>YB2_17389
3	167	-	3	1.263272	I:	D:
300	2189	-	3	1.259599	I:	D:
2259	4043	-	3	1.286752	I:	D:
4180	4395	-	1	1.273152	I:	D:
4614	5642	+	3	1.287262	I:	D:
>YB2_17390
1	1182	+	1	1.279522	I:	D:
1278	2270	+	3	1.310000	I:	D:
2467	2688	+	1	1.276932	I:	D:
2709	4217	+	3	1.258279	I:	D:
4355	5500	-	2	1.268198	I:	D:
>YB2_17436
2	289	-	2	1.267955	I:	D:
338	4030	-	2	1.295463	I:	D:
4207	4542	-	1	1.290048	I:	D:
4544	4738	+	2	1.323275	I:	D:
4794	5696	-	3	1.298111	I:	D:
>YB2_17441
172	948	+	1	1.267725	I:	D:
941	1531	+	2	1.275656	I:	D:
1642	2607	+	1	1.270824	I:	D:
2681	3229	-	2	1.271057	I:	D:
3323	4432	+	2	1.285094	I:	D:
4545	4925	+	3	1.290050	I:	D:
4961	5593	-	2	1.250841	I:	D:
>YB2_17471
1	429	-	1	1.298574	I:	D:
443	655	-	2	1.301896	I:	D:
652	1128	-	1	1.306732	I:	D:
1125	2420	-	3	1.300814	I:	D:
2482	3240	+	1	1.302666	I:	D:
3304	4800	-	1	1.281488	I:	D:
4871	5668	-	2	1.281123	I:	D:
>YB2_17493
2	373	-	2	1.304300	I:	D:
373	1218	-	1	1.296992	I:	D:
1215	1415	-	3	1.248398	I:	D:
1730	2353	-	2	1.274651	I:	D:
2459	2953	-	2	1.251728	I:	D:
3032	3742	-	2	1.290579	I:	D:
3746	4636	-	2	1.279987	I:	D:
4695	5648	-	3	1.276499	I:	D:
>YB2_17587
2	304	+	2	1.289832	I:	D:
734	1240	-	2	1.297851	I:	D:
1315	2670	-	1	1.291046	I:	D:
2762	3952	-	2	1.305657	I:	D:
4087	4695	+	1	1.277479	I:	D:
4786	5343	+	1	1.288591	I:	D:
5374	5574	-	1	1.347006	I:	D:
>YB2_17590
1	546	-	1	1.254052	I:	D:
559	3597	-	1	1.284070	I:	D:
3634	5214	-	1	1.284886	I:	D:
>YB2_17610
2	601	+	2	1.287057	I:	D:
612	1169	+	3	1.307831	I:	D:
1237	3114	+	1	1.246799	I:	D:
3215	3565	+	2	1.250881	I:	D:
3565	3912	+	1	1.278359	I:	D:
3916	4959	+	1	1.283124	I:	D:
4956	5555	+	3	1.279119	I:	D:
>YB2_17612
1	204	-	1	1.433453	I:	D:
517	687	+	1	1.389637	I:	D:
734	2656	+	2	1.295530	I:	D:
2659	3369	+	1	1.272496	I:	D:
3390	3932	+	3	1.286605	I:	D:
3978	5555	+	3	1.287376	I:	D:
>YB2_17663
2	637	-	2	1.291476	I:	D:
886	2304	+	1	1.277138	I:	D:
2431	3237	+	1	1.274170	I:	D:
3258	3956	+	3	1.254837	I:	D:
4005	4955	+	3	1.250464	I:	D:
4985	5143	+	2	1.252030	I:	D:
5389	5523	+	1	1.303564	I:	D:
>YB2_17682
2	859	+	2	1.295958	I:	D:
1036	3462	+	1	1.281435	I:	D:
3627	5507	+	3	1.273577	I:	D:
>YB2_17696
3	371	+	3	1.296332	I:	D:
400	888	+	1	1.285507	I:	D:
1035	1370	+	3	1.333458	I:	D:
1576	2427	+	1	1.289397	I:	D:
2427	3767	+	3	1.285713	I:	D:
3754	4887	+	1	1.287927	I:	D:
4889	5494	+	2	1.302352	I:	D:
>YB2_17729
3	2228	+	3	1.284292	I:	D:
2294	3463	+	2	1.287180	I:	D:
3477	4967	+	3	1.304716	I:	D:
5021	5230	-	2	1.291351	I:	D:
5305	5469	-	1	1.244363	I:	D:
>YB2_17800
3	938	-	3	1.282645	I:	D:
1207	1659	-	1	1.282760	I:	D:
1660	1905	-	1	1.264074	I:	D:
1907	2467	-	2	1.290301	I:	D:
2478	3491	-	3	1.294562	I:	D:
3779	4723	+	2	1.290233	I:	D:
4759	5418	-	1	1.250218	I:	D:
>YB2_17856
3	272	+	3	1.279888	I:	D:
178	867	+	1	1.276263	I:	D:
1005	1859	+	3	1.282129	I:	D:
2295	4151	+	3	1.300882	I:	D:
4176	5228	+	3	1.267317	I:	D:
5246	5383	+	2	1.299119	I:	D:
>YB2_17973
1	849	-	1	1.288621	I:	D:
903	2018	-	3	1.306844	I:	D:
2018	3994	-	2	1.296478	I:	D:
4010	4477	-	2	1.301108	I:	D:
4517	4825	-	2	1.260796	I:	D:
4978	5298	-	1	1.318535	I:	D:
>YB2_17998
3	287	+	3	1.253497	I:	D:
412	1683	-	1	1.303072	I:	D:
1713	2390	-	3	1.287628	I:	D:
2401	3210	-	1	1.280187	I:	D:
3203	3997	-	2	1.299277	I:	D:
4013	4660	-	2	1.303246	I:	D:
4670	5284	-	2	1.278394	I:	D:
>YB2_18035
1	1680	-	1	1.288695	I:	D:
1846	3630	-	1	1.283374	I:	D:
3777	4115	+	3	1.234722	I:	D:
4116	4832	-	3	1.300449	I:	D:
4843	5262	+	1	1.313955	I:	D:
>YB2_18079
26	379	-	2	1.234270	I:	D:
558	935	+	3	1.273819	I:	D:
907	1641	+	1	1.289287	I:	D:
1706	2815	+	2	1.267629	I:	D:
2824	3321	+	1	1.287089	I:	D:
3359	4144	-	2	1.283500	I:	D:
4163	4627	-	2	1.267511	I:	D:
4629	5237	-	3	1.279287	I:	D:
>YB2_18098
1	183	-	1	1.288557	I:	D:
187	1164	-	1	1.281838	I:	D:
1161	1907	-	3	1.261465	I:	D:
1977	2825	+	3	1.271340	I:	D:
2892	4340	+	3	1.284958	I:	D:
4447	4587	-	1	1.303854	I:	D:
4648	5226	+	1	1.282008	I:	D:
>YB2_18188
291	1226	+	3	1.290736	I:	D:
1267	2925	-	1	1.291162	I:	D:
2918	4663	-	2	1.291553	I:	D:
4735	5169	-	1	1.251124	I:	D:
>YB2_18194
2	1006	-	2	1.286403	I:	D:
1009	1905	-	1	1.269221	I:	D:
1946	3892	-	2	1.287368	I:	D:
4159	5169	+	1	1.294432	I:	D:
>YB2_18205
2	439	+	2	1.308738	I:	D:
525	1268	+	3	1.222150	I:	D:
1380	2459	+	3	1.289699	I:	D:
2537	4210	+	2	1.300290	I:	D:
4268	5161	+	2	1.280558	I:	D:
>YB2_18274
2	202	-	2	1.268032	I:	D:
202	495	-	1	1.254729	I:	D:
589	873	-	1	1.241705	I:	D:
1025	2674	-	2	1.242758	I:	D:
2771	3448	-	2	1.278501	I:	D:
3459	4148	-	3	1.262688	I:	D:
4148	4864	-	2	1.288830	I:	D:
4868	5116	-	2	1.242443	I:	D:
>YB2_18346
2	511	+	2	1.274499	I:	D:
525	1244	+	3	1.314950	I:	D:
1263	2471	+	3	1.260992	I:	D:
2464	4041	+	1	1.258025	I:	D:
4062	4766	+	3	1.243912	I:	D:
4782	5069	+	3	1.228879	I:	D:
>YB2_18380
3	137	-	3	1.289987	I:	D:
300	917	-	3	1.308104	I:	D:
956	3082	-	2	1.288424	I:	D:
3348	3935	-	3	1.251281	I:	D:
4054	4944	+	1	1.283678	I:	D:
>YB2_18445
3	341	-	3	1.295192	I:	D:
553	1227	+	1	1.282520	I:	D:
1293	3248	-	3	1.292034	I:	D:
3365	4660	-	2	1.269664	I:	D:
4840	5007	+	1	1.326064	I:	D:
>YB2_18494
3	209	-	3	1.306698	I:	D:
257	1963	-	2	1.300295	I:	D:
1969	3249	-	1	1.293309	I:	D:
3395	4618	+	2	1.290662	I:	D:
4665	4889	+	3	1.385463	I:	D:
>YB2_18537
3	827	-	3	1.282288	I:	D:
842	2662	-	2	1.275723	I:	D:
2677	2832	-	1	1.227445	I:	D:
2980	3948	-	1	1.281573	I:	D:
4033	4491	-	1	1.268906	I:	D:
4700	4963	-	2	1.295030	I:	D:
>YB2_18562
3	764	-	3	1.278262	I:	D:
1032	1808	-	3	1.245992	I:	D:
2656	4092	+	1	1.258144	I:	D:
4239	4949	+	3	1.283114	I:	D:
>YB2_18573
3	668	+	3	1.314927	I:	D:
650	1417	+	2	1.310050	I:	D:
1411	1851	+	1	1.317337	I:	D:
1954	3273	-	1	1.296051	I:	D:
3379	4947	-	1	1.281973	I:	D:
>YB2_18777
3	509	+	3	1.273641	I:	D:
564	1898	-	3	1.251886	I:	D:
1950	2780	-	3	1.299526	I:	D:
2852	3721	-	2	1.265044	I:	D:
3934	4845	+	1	1.284112	I:	D:
>YB2_18906
1	216	+	1	1.225100	I:	D:
226	675	+	1	1.267662	I:	D:
668	1468	+	2	1.272350	I:	D:
1544	1870	+	2	1.247602	I:	D:
2144	3142	+	2	1.277485	I:	D:
3148	4752	+	1	1.303815	I:	D:
>YB2_18943
22	3381	-	1	1.289018	I:	D:
3419	3685	-	2	1.300016	I:	D:
3699	4379	-	3	1.293675	I:	D:
4382	4768	-	2	1.292186	I:	D:
>YB2_18948
3	1289	-	3	1.295883	I:	D:
1293	2246	-	3	1.290519	I:	D:
2248	4092	-	1	1.295535	I:	D:
4101	4766	-	3	1.214769	I:	D:
>YB2_18989
3	596	-	3	1.306125	I:	D:
607	2628	-	1	1.311352	I:	D:
2666	3268	-	2	1.336585	I:	D:
3437	3583	+	2	1.275336	I:	D:
3872	4072	+	2	1.322025	I:	D:
4165	4740	+	1	1.328996	I:	D:
>YB2_19088
3	1190	+	3	1.283221	I:	D:
1324	1536	-	1	1.314382	I:	D:
1730	2848	+	2	1.305816	I:	D:
2841	3113	+	3	1.231538	I:	D:
3123	4202	+	3	1.298084	I:	D:
>YB2_19183
2	442	-	2	1.269343	I:	D:
538	1326	-	1	1.276124	I:	D:
1350	1799	-	3	1.264718	I:	D:
1896	2921	-	3	1.289049	I:	D:
2934	3542	-	3	1.200605	I:	D:
3646	4647	-	1	1.285274	I:	D:
>YB2_19436
3	365	-	3	1.265944	I:	D:
375	698	-	3	1.266216	I:	D:
708	1181	-	3	1.298963	I:	D:
1266	1649	-	3	1.258203	I:	D:
1704	2918	-	3	1.263400	I:	D:
2982	3437	-	3	1.275408	I:	D:
3497	4216	-	2	1.299226	I:	D:
>YB2_19581
1	276	-	1	1.271737	I:	D:
503	1345	+	2	1.273611	I:	D:
1482	2537	+	3	1.249431	I:	D:
2606	3058	+	2	1.252786	I:	D:
3429	4247	-	3	1.262171	I:	D:
>YB2_19706
1	1092	+	1	1.280684	I:	D:
1140	1997	-	3	1.297938	I:	D:
2755	4395	+	1	1.320440	I:	D:
>YB2_19768
2	1003	+	2	1.278816	I:	D:
1011	2114	+	3	1.291849	I:	D:
2120	3106	+	2	1.306141	I:	D:
3265	4368	-	1	1.279974	I:	D:
>YB2_19778
56	598	+	2	1.328688	I:	D:
644	817	+	2	1.335025	I:	D:
1147	2097	+	1	1.280183	I:	D:
2098	3402	+	1	1.292836	I:	D:
3395	4366	+	2	1.301379	I:	D:
>YB2_19780
3	269	-	3	1.278604	I:	D:
447	2216	+	3	1.295005	I:	D:
2333	2731	+	2	1.292751	I:	D:
2907	4364	+	3	1.282720	I:	D:
>YB2_19865
71	1384	-	2	1.281377	I:	D:
1447	2529	-	1	1.294127	I:	D:
2523	3893	-	3	1.262797	I:	D:
3901	4194	-	1	1.226913	I:	D:
>YB2_19900
230	1993	+	2	1.289737	I:	D:
2060	2500	+	2	1.315123	I:	D:
2630	2797	+	2	1.283626	I:	D:
2922	3854	-	3	1.335034	I:	D:
3897	4307	-	3	1.364258	I:	D:
>YB2_19907
1	222	+	1	1.350347	I:	D:
333	1565	-	3	1.273154	I:	D:
1585	2244	-	1	1.256930	I:	D:
2354	3502	-	2	1.301613	I:	D:
3552	4304	-	3	1.277002	I:	D:
>YB2_20035
3	137	-	3	1.324698	I:	D:
169	1059	+	1	1.320033	I:	D:
1081	1509	+	1	1.294019	I:	D:
1787	2146	+	2	1.281877	I:	D:
2198	4087	-	2	1.302428	I:	D:
4111	4254	-	1	1.309762	I:	D:
>YB2_20103
3	2501	-	3	1.254662	I:	D:
2513	4000	-	2	1.243627	I:	D:
4016	4231	-	2	1.242519	I:	D:
>YB2_20106
1	324	+	1	1.280592	I:	D:
370	1008	+	1	1.283857	I:	D:
1018	2283	+	1	1.291666	I:	D:
2289	2654	+	3	1.291838	I:	D:
2748	3488	+	3	1.294458	I:	D:
3553	4227	-	1	1.316758	I:	D:
>YB2_20199
3	293	+	3	1.291215	I:	D:
408	1337	+	3	1.311843	I:	D:
1347	2072	+	3	1.303268	I:	D:
2069	2398	+	2	1.311066	I:	D:
2520	2741	+	3	1.271843	I:	D:
2787	3719	-	3	1.302961	I:	D:
>YB2_20239
3	734	-	3	1.300867	I:	D:
883	1770	-	1	1.280733	I:	D:
1783	2388	-	1	1.310241	I:	D:
2413	2658	-	1	1.293546	I:	D:
2675	4099	-	2	1.308030	I:	D:
>YB2_20269
1	495	+	1	1.287444	I:	D:
599	1225	+	2	1.250112	I:	D:
1355	3193	+	2	1.293479	I:	D:
3278	4159	+	2	1.284335	I:	D:
