>Y8.M034_1
114	1679	-	3	1.269919	I:	D:
1682	4360	-	2	1.282842	I:	D:
4515	5684	-	3	1.220585	I:	D:
5751	7142	-	3	1.269356	I:	D:
7254	7550	+	3	1.199032	I:	D:
7661	8479	-	2	1.229781	I:	D:
8583	8879	-	3	1.303802	I:	D:
9170	10090	+	2	1.243368	I:	D:
10209	11480	+	3	1.239109	I:	D:
11537	13180	+	2	1.233315	I:	D:
13285	13974	+	1	1.186248	I:	D:
14507	15259	-	2	1.202881	I:	D:
15340	16464	+	1	1.254441	I:	D:
16917	19220	+	3	1.290182	I:	D:
19283	21559	+	2	1.278490	I:	D:
21719	22804	+	2	1.302143	I:	D:
23098	24183	+	1	1.272189	I:	D:
24276	25841	+	3	1.327875	I:	D:
25838	26965	+	2	1.319515	I:	D:
26962	28236	+	1	1.277014	I:	D:
28242	28733	+	3	1.288530	I:	D:
28672	30006	+	1	1.290257	I:	D:
30040	31038	+	1	1.350790	I:	D:
31133	31840	+	2	1.272359	I:	D:
31861	32514	+	1	1.230419	I:	D:
32518	34191	+	1	1.209858	I:	D:
34274	35095	+	2	1.245874	I:	D:
35092	35463	+	1	1.177382	I:	D:
35579	36001	-	2	1.227424	I:	D:
36092	37435	-	2	1.247726	I:	D:
36844	37923	-	1	1.269927	I:	D:
37920	38957	-	3	1.237134	I:	D:
39014	40018	-	2	1.224591	I:	D:
40247	42328	-	2	1.208153	I:	D:
42350	43105	-	2	1.299241	I:	D:
43210	44220	+	1	1.237452	I:	D:
44223	45122	+	3	1.268305	I:	D:
46393	47148	-	1	1.279590	I:	D:
47841	49040	-	3	1.200513	I:	D:
49136	50614	-	2	1.179482	I:	D:
50418	51080	+	3	1.326768	I:	D:
51249	52580	+	3	1.224663	I:	D:
52753	55008	+	1	1.240521	I:	D:
55163	56845	+	2	1.219438	I:	D:
57010	58410	-	1	1.336746	I:	D:
58572	59390	+	3	1.339166	I:	D:
59449	59610	+	1	1.353362	I:	D:
59684	60784	-	2	1.274898	I:	D:
60918	61907	+	3	1.199028	I:	D:
62981	63487	-	2	1.349563	I:	D:
66378	67397	+	3	1.214699	I:	D:
67782	68219	+	3	1.264726	I:	D:
68216	68986	+	2	1.284190	I:	D:
68979	69887	+	3	1.283452	I:	D:
69884	71272	+	2	1.251359	I:	D:
71269	72606	+	1	1.243187	I:	D:
72750	74117	+	3	1.294619	I:	D:
74272	74706	+	1	1.377927	I:	D:
74808	76229	+	3	1.289895	I:	D:
76346	79858	+	2	1.269320	I:	D:
80086	83556	+	1	1.273187	I:	D:
83561	84346	+	2	1.298031	I:	D:
85180	85875	-	1	1.279342	I:	D:
86308	87597	+	1	1.248507	I:	D:
87678	88502	+	3	1.243513	I:	D:
88629	89456	+	3	1.249577	I:	D:
89525	89815	+	2	1.325402	I:	D:
89955	90503	-	3	1.310284	I:	D:
90601	91872	+	1	1.305687	I:	D:
91976	92839	+	2	1.251308	I:	D:
92757	93431	+	3	1.247897	I:	D:
93450	97067	+	3	1.219315	I:	D:
97128	97739	+	3	1.326509	I:	D:
97857	99197	+	3	1.214000	I:	D:
99307	100080	+	1	1.325528	I:	D:
100077	100586	+	3	1.253683	I:	D:
100647	101624	+	3	1.219156	I:	D:
101890	102864	+	1	1.235216	I:	D:
102910	103308	+	1	1.178095	I:	D:
103380	104006	-	3	1.277096	I:	D:
104221	105618	+	1	1.249343	I:	D:
105719	106306	-	2	1.241370	I:	D:
106317	107000	-	3	1.280687	I:	D:
107175	107936	+	3	1.252331	I:	D:
108021	108953	-	3	1.261760	I:	D:
108996	109226	-	3	1.322981	I:	D:
109285	110691	-	1	1.246872	I:	D:
110748	111815	+	3	1.219860	I:	D:
111904	113235	+	1	1.262726	I:	D:
113431	114741	+	1	1.284066	I:	D:
114818	115918	+	2	1.194116	I:	D:
116203	116886	-	1	1.378190	I:	D:
116887	117447	-	1	1.377371	I:	D:
117585	119255	+	3	1.368955	I:	D:
119581	120360	-	1	1.314100	I:	D:
120399	120887	+	3	1.295680	I:	D:
121497	121796	+	3	1.316743	I:	D:
121973	122260	+	2	1.282197	I:	D:
122409	122591	+	3	1.305753	I:	D:
123341	124255	-	2	1.353736	I:	D:
124294	124881	+	1	1.349830	I:	D:
124952	128395	+	2	1.235918	I:	D:
128493	128813	+	3	1.213298	I:	D:
129041	129745	+	2	1.247962	I:	D:
129806	130453	-	2	1.328032	I:	D:
130467	131015	-	3	1.314421	I:	D:
131012	131425	-	2	1.361036	I:	D:
131431	131607	-	1	1.309718	I:	D:
131640	132083	-	3	1.211111	I:	D:
132662	133201	+	2	1.389552	I:	D:
133501	133764	+	1	1.393216	I:	D:
135048	137225	+	3	1.308663	I:	D:
137249	138277	+	2	1.259166	I:	D:
138453	138926	+	3	1.333379	I:	D:
139158	139442	+	3	1.243026	I:	D:
139570	142497	+	1	1.266299	I:	D:
142770	143648	+	3	1.427226	I:	D:
143638	144597	+	1	1.377824	I:	D:
144997	145731	-	1	1.266765	I:	D:
146015	147070	+	2	1.283922	I:	D:
147215	148204	+	2	1.260536	I:	D:
148330	149817	+	1	1.229571	I:	D:
149911	150438	-	1	1.297955	I:	D:
150426	150854	-	3	1.335921	I:	D:
150885	151703	-	3	1.267838	I:	D:
151812	152909	+	3	1.284558	I:	D:
152934	155153	-	3	1.319346	I:	D:
155436	156026	+	3	1.377299	I:	D:
156172	156636	+	1	1.400128	I:	D:
156729	157412	-	3	1.387590	I:	D:
157705	159231	+	1	1.278513	I:	D:
159256	160221	-	1	1.284563	I:	D:
160218	160796	-	3	1.245465	I:	D:
160844	161698	-	2	1.295477	I:	D:
161926	163845	+	1	1.210045	I:	D:
163872	164147	-	3	1.318300	I:	D:
164251	164592	+	1	1.257999	I:	D:
164612	165757	+	2	1.249202	I:	D:
165823	166779	-	1	1.216330	I:	D:
166824	167531	-	3	1.270946	I:	D:
167752	168786	+	1	1.295735	I:	D:
168884	169561	+	2	1.251997	I:	D:
169585	170913	+	1	1.257571	I:	D:
170947	172101	+	1	1.242049	I:	D:
172166	172720	+	2	1.210292	I:	D:
172782	173777	+	3	1.202792	I:	D:
173875	175755	-	1	1.301451	I:	D:
175752	177071	-	3	1.276294	I:	D:
177064	177435	-	1	1.317723	I:	D:
177531	178211	-	3	1.222718	I:	D:
177786	178994	+	3	1.251759	I:	D:
178994	180091	+	2	1.231150	I:	D:
180129	181076	+	3	1.196145	I:	D:
181362	183017	-	3	1.280979	I:	D:
183054	184202	-	3	1.279926	I:	D:
184153	185412	+	1	1.236950	I:	D:
185655	186494	+	3	1.250509	I:	D:
186605	187879	+	2	1.315515	I:	D:
187872	188798	+	3	1.296927	I:	D:
188992	189756	+	1	1.244258	I:	D:
189836	190723	+	2	1.249008	I:	D:
190723	191898	+	1	1.288096	I:	D:
192033	193040	+	3	1.227922	I:	D:
193045	194019	+	1	1.281702	I:	D:
194048	194779	-	2	1.356589	I:	D:
194971	195267	+	1	1.329281	I:	D:
195360	198422	+	3	1.308933	I:	D:
198419	199957	+	2	1.296178	I:	D:
200021	200326	-	2	1.266015	I:	D:
200402	200965	+	2	1.286696	I:	D:
200969	201802	-	2	1.287528	I:	D:
201821	202816	+	2	1.300067	I:	D:
202897	204228	-	1	1.260403	I:	D:
204237	205418	-	3	1.249391	I:	D:
205411	206559	-	1	1.306395	I:	D:
206556	207188	-	3	1.271035	I:	D:
207192	208424	-	3	1.298443	I:	D:
208568	209251	+	2	1.264721	I:	D:
209388	210851	+	3	1.212065	I:	D:
210848	212494	+	2	1.282625	I:	D:
212500	213243	+	1	1.297252	I:	D:
213417	214064	+	3	1.278765	I:	D:
214138	217101	+	1	1.237706	I:	D:
217170	217307	-	3	1.207135	I:	D:
217308	217541	+	3	1.310367	I:	D:
217658	218548	-	2	1.353340	I:	D:
218681	219247	+	2	1.277960	I:	D:
219651	220244	+	3	1.295201	I:	D:
220364	221425	+	2	1.248629	I:	D:
221428	221898	+	1	1.222845	I:	D:
221996	225070	-	2	1.231293	I:	D:
225067	226335	-	1	1.233965	I:	D:
226392	227102	+	3	1.214282	I:	D:
227124	227594	-	3	1.296307	I:	D:
227751	228836	-	3	1.200490	I:	D:
228836	230188	-	2	1.224192	I:	D:
230185	230712	-	1	1.236523	I:	D:
231004	231543	+	1	1.239999	I:	D:
231642	231839	+	3	1.239067	I:	D:
232327	233484	-	1	1.413300	I:	D:
233825	234709	+	2	1.261652	I:	D:
234795	235790	-	3	1.364755	I:	D:
235797	236981	-	3	1.298311	I:	D:
237043	237753	-	1	1.300984	I:	D:
237917	238519	-	2	1.251827	I:	D:
238581	242489	-	3	1.218703	I:	D:
242755	244080	+	1	1.240164	I:	D:
244077	245111	+	3	1.248796	I:	D:
245184	246413	+	3	1.316307	I:	D:
246410	247243	+	2	1.254612	I:	D:
247365	247754	+	3	1.296057	I:	D:
247815	249233	-	3	1.242202	I:	D:
249645	250100	+	3	1.237811	I:	D:
250211	252106	-	2	1.233119	I:	D:
251640	253319	+	3	1.183676	I:	D:
253324	254715	+	1	1.203200	I:	D:
255036	257444	+	3	1.240717	I:	D:
257670	262118	+	3	1.242109	I:	D:
262333	262644	+	1	1.322273	I:	D:
262850	263764	-	2	1.316241	I:	D:
263751	264632	-	3	1.401944	I:	D:
265291	266256	-	1	1.245861	I:	D:
266328	267371	-	3	1.270816	I:	D:
267539	268828	+	2	1.249711	I:	D:
269066	273271	+	2	1.261000	I:	D:
275550	277223	+	3	1.271496	I:	D:
277325	277627	+	2	1.309685	I:	D:
279965	280528	-	2	1.363330	I:	D:
280584	282482	-	3	1.369400	I:	D:
282479	284530	-	2	1.315627	I:	D:
284572	286749	-	1	1.344291	I:	D:
286802	286978	+	2	1.404718	I:	D:
287898	288701	-	3	1.299130	I:	D:
289122	291491	+	3	1.208063	I:	D:
291664	293061	-	1	1.210616	I:	D:
293388	293516	+	3	1.232198	I:	D:
293829	294218	+	3	1.287372	I:	D:
294268	296910	-	1	1.222425	I:	D:
297142	298194	+	1	1.193838	I:	D:
298191	298640	+	3	1.190068	I:	D:
298637	299995	+	2	1.222251	I:	D:
299997	301244	+	3	1.194518	I:	D:
301246	303711	+	1	1.255288	I:	D:
304330	305004	-	1	1.217610	I:	D:
305006	306610	-	2	1.214910	I:	D:
306612	307442	-	3	1.243964	I:	D:
307721	308275	-	2	1.287764	I:	D:
308423	310084	-	2	1.224864	I:	D:
310342	312054	+	1	1.228023	I:	D:
312117	312701	-	3	1.290640	I:	D:
313971	314510	-	3	1.284318	I:	D:
314752	315489	+	1	1.256613	I:	D:
315486	316310	+	3	1.261330	I:	D:
316939	317337	-	1	1.269078	I:	D:
317363	318277	-	2	1.239499	I:	D:
318270	319055	-	3	1.281462	I:	D:
319112	320161	-	2	1.236893	I:	D:
320226	321242	-	3	1.333993	I:	D:
321407	322618	+	2	1.244706	I:	D:
322800	324419	+	3	1.245185	I:	D:
324419	325318	+	2	1.226595	I:	D:
326060	326449	+	2	1.244175	I:	D:
326446	327339	+	1	1.286800	I:	D:
327339	328055	+	3	1.313039	I:	D:
328480	328620	-	1	1.331114	I:	D:
328722	330110	+	3	1.214779	I:	D:
330151	331428	+	1	1.232764	I:	D:
331440	332264	+	3	1.243118	I:	D:
332331	334391	-	3	1.229384	I:	D:
334797	336140	+	3	1.239994	I:	D:
336187	338157	+	1	1.250899	I:	D:
338164	338643	+	1	1.274375	I:	D:
338752	339249	-	1	1.244280	I:	D:
339340	339582	+	1	1.309915	I:	D:
339585	339845	+	3	1.329798	I:	D:
339976	340743	+	1	1.223546	I:	D:
>Y8.M034_2
466	2004	-	1	1.267807	I:	D:
2016	2510	-	3	1.302577	I:	D:
2513	3142	-	2	1.273026	I:	D:
3146	4243	-	2	1.251866	I:	D:
4520	4744	-	2	1.267570	I:	D:
4748	5158	-	2	1.254981	I:	D:
5233	5931	-	1	1.297409	I:	D:
5948	8713	-	2	1.262016	I:	D:
8866	9765	-	1	1.250702	I:	D:
9887	11683	-	2	1.235443	I:	D:
11736	12632	-	3	1.226815	I:	D:
12735	13244	-	3	1.241931	I:	D:
13265	14080	-	2	1.218288	I:	D:
14084	15388	-	2	1.244729	I:	D:
15522	17867	-	3	1.204803	I:	D:
18053	18322	-	2	1.194393	I:	D:
18557	19546	-	2	1.264265	I:	D:
19559	20590	-	2	1.276830	I:	D:
20597	21049	-	2	1.233595	I:	D:
21149	24058	-	2	1.238157	I:	D:
24527	25555	-	2	1.249149	I:	D:
25562	26032	-	2	1.270312	I:	D:
26126	27115	+	2	1.335752	I:	D:
27206	28255	-	2	1.236793	I:	D:
28408	30660	-	1	1.267373	I:	D:
30837	32051	-	3	1.339204	I:	D:
32205	33230	-	3	1.208853	I:	D:
33233	33745	-	2	1.247192	I:	D:
33745	35508	-	1	1.249926	I:	D:
35828	37438	+	2	1.286473	I:	D:
>Y8.M034_3
161	1423	-	2	1.256377	I:	D:
1496	2923	-	2	1.248559	I:	D:
2967	4325	-	3	1.304249	I:	D:
4423	5643	-	1	1.247534	I:	D:
5707	6174	-	1	1.276537	I:	D:
6303	6791	-	3	1.291447	I:	D:
6892	9540	-	1	1.227045	I:	D:
9542	10627	-	2	1.258709	I:	D:
10797	11657	+	3	1.244056	I:	D:
11686	12570	+	1	1.239532	I:	D:
12735	13484	+	3	1.229072	I:	D:
13680	13943	+	3	1.369839	I:	D:
13979	14791	+	2	1.269983	I:	D:
14871	16208	+	3	1.277416	I:	D:
16212	16955	-	3	1.169178	I:	D:
16952	17863	-	2	1.287506	I:	D:
17913	18602	+	3	1.268104	I:	D:
18599	19666	+	2	1.249881	I:	D:
19663	21156	+	1	1.269006	I:	D:
21235	22602	+	1	1.222704	I:	D:
22793	25450	+	2	1.364401	I:	D:
25760	25912	+	2	1.351590	I:	D:
26194	29376	+	1	1.352491	I:	D:
32108	32239	+	2	1.331153	I:	D:
32406	32825	+	3	1.308992	I:	D:
32887	33084	+	1	1.292511	I:	D:
>Y8.M034_4
713	1873	-	2	1.237881	I:	D:
2301	3578	+	3	1.184693	I:	D:
3575	4492	+	2	1.245969	I:	D:
4632	5798	-	3	1.259272	I:	D:
5926	6525	+	1	1.282589	I:	D:
6527	6757	-	2	1.356852	I:	D:
6774	7016	-	3	1.343794	I:	D:
7272	8870	+	3	1.230777	I:	D:
8943	9824	+	3	1.231261	I:	D:
10114	10761	+	1	1.231818	I:	D:
10758	12248	+	3	1.269841	I:	D:
12935	15496	-	2	1.227815	I:	D:
15582	15827	-	3	1.199459	I:	D:
15843	16187	-	3	1.225773	I:	D:
16261	17742	+	1	1.274926	I:	D:
17739	18404	+	3	1.240556	I:	D:
18487	18810	-	1	1.395164	I:	D:
19099	20556	-	1	1.189153	I:	D:
20858	21214	+	2	1.366587	I:	D:
21217	22872	+	1	1.314717	I:	D:
22899	23255	-	3	1.286186	I:	D:
23351	24415	+	2	1.234246	I:	D:
24477	25259	-	3	1.258756	I:	D:
25554	26465	+	3	1.240961	I:	D:
26599	27096	-	1	1.311368	I:	D:
27303	27725	-	3	1.334892	I:	D:
27916	28329	-	1	1.365200	I:	D:
28469	28870	-	2	1.288341	I:	D:
29032	29442	-	1	1.323575	I:	D:
29590	29991	-	1	1.326886	I:	D:
30015	30533	+	3	1.348745	I:	D:
30709	31677	-	1	1.307927	I:	D:
31679	33778	-	2	1.276136	I:	D:
33951	34181	-	3	1.355731	I:	D:
34304	34465	+	2	1.303748	I:	D:
34624	35307	-	1	1.231769	I:	D:
35488	36393	-	1	1.284561	I:	D:
36390	38177	-	3	1.254948	I:	D:
38233	39162	-	1	1.303729	I:	D:
39180	40016	+	3	1.246910	I:	D:
40031	40891	-	2	1.234662	I:	D:
40945	42084	+	1	1.281839	I:	D:
42086	43198	+	2	1.282802	I:	D:
43195	44622	+	1	1.280372	I:	D:
44982	45257	+	3	1.250227	I:	D:
45296	45592	+	2	1.227622	I:	D:
45589	45975	+	1	1.302218	I:	D:
46718	49666	-	2	1.260574	I:	D:
49656	50144	-	3	1.294201	I:	D:
50141	50674	-	2	1.290757	I:	D:
50955	51131	-	3	1.276514	I:	D:
50881	52020	+	1	1.282612	I:	D:
52132	52368	+	1	1.325172	I:	D:
52423	52944	+	1	1.242165	I:	D:
53485	55350	+	1	1.243238	I:	D:
55352	56161	+	2	1.258139	I:	D:
56279	57529	+	2	1.282638	I:	D:
57707	58855	-	2	1.208627	I:	D:
59108	59713	+	2	1.311040	I:	D:
59819	61066	-	2	1.274768	I:	D:
61350	62567	-	3	1.242113	I:	D:
62708	64240	-	2	1.251865	I:	D:
64233	65531	-	3	1.213407	I:	D:
65528	66868	-	2	1.233085	I:	D:
67330	69006	-	1	1.226678	I:	D:
69256	70596	+	1	1.239433	I:	D:
72304	73779	-	1	1.265495	I:	D:
73986	74402	+	3	1.292953	I:	D:
74413	75291	+	1	1.236055	I:	D:
75288	76478	+	3	1.212767	I:	D:
76500	77705	+	3	1.238566	I:	D:
77707	78390	+	1	1.255306	I:	D:
78988	86433	+	1	1.297839	I:	D:
86863	92697	+	1	1.268241	I:	D:
92981	96235	+	2	1.259978	I:	D:
96237	96830	+	3	1.207582	I:	D:
97027	97734	+	1	1.284069	I:	D:
97749	99359	+	3	1.267697	I:	D:
99631	100947	+	1	1.197868	I:	D:
101093	102139	+	2	1.197839	I:	D:
102217	102540	+	1	1.342117	I:	D:
103062	103304	+	3	1.362832	I:	D:
103320	103739	+	3	1.233569	I:	D:
103903	104541	+	1	1.228036	I:	D:
104636	105004	+	2	1.238617	I:	D:
105354	106007	-	3	1.259630	I:	D:
106174	107256	+	1	1.268776	I:	D:
107253	108194	+	3	1.266621	I:	D:
108191	109522	+	2	1.251250	I:	D:
109599	110522	-	3	1.322889	I:	D:
110691	111374	+	3	1.289460	I:	D:
111728	112141	+	2	1.231589	I:	D:
112188	112769	+	3	1.277155	I:	D:
112771	114345	+	1	1.238064	I:	D:
114449	116959	-	2	1.238318	I:	D:
116931	118703	+	3	1.238095	I:	D:
118804	119964	+	1	1.193458	I:	D:
120215	120493	-	2	1.328618	I:	D:
120578	120709	+	2	1.336592	I:	D:
120792	121229	-	3	1.186961	I:	D:
121226	121696	-	2	1.271316	I:	D:
121801	123213	-	1	1.253309	I:	D:
123654	126605	+	3	1.336452	I:	D:
126602	128272	+	2	1.366539	I:	D:
128269	128919	+	1	1.360485	I:	D:
128968	130092	+	1	1.312067	I:	D:
130089	130817	+	3	1.337575	I:	D:
130817	131566	+	2	1.384620	I:	D:
131563	132525	+	1	1.336693	I:	D:
140106	144497	+	3	1.282728	I:	D:
144638	145042	+	2	1.269871	I:	D:
145075	145911	+	1	1.224408	I:	D:
145969	147213	-	1	1.219874	I:	D:
147353	149458	-	2	1.293478	I:	D:
149629	150258	+	1	1.195033	I:	D:
150407	151759	+	2	1.276810	I:	D:
151830	152393	-	3	1.288350	I:	D:
152583	153116	-	3	1.282911	I:	D:
153298	153831	-	1	1.321833	I:	D:
154018	154437	-	1	1.289015	I:	D:
154646	155098	-	2	1.265512	I:	D:
155279	155707	-	2	1.293256	I:	D:
155707	156771	-	1	1.276204	I:	D:
156775	157407	-	1	1.247054	I:	D:
157779	159617	+	3	1.234886	I:	D:
159784	160773	+	1	1.266745	I:	D:
160815	161708	+	3	1.312003	I:	D:
161698	162186	+	1	1.286320	I:	D:
162183	163202	+	3	1.317071	I:	D:
163204	164235	+	1	1.308992	I:	D:
164393	165181	+	2	1.331013	I:	D:
165358	166608	+	1	1.245593	I:	D:
166631	167632	+	2	1.237126	I:	D:
167697	167978	+	3	1.249620	I:	D:
167975	168682	+	2	1.226067	I:	D:
168754	171111	+	1	1.202230	I:	D:
171793	172563	+	1	1.252128	I:	D:
173104	174012	-	1	1.272410	I:	D:
174112	174480	+	1	1.261363	I:	D:
174527	174805	-	2	1.205388	I:	D:
174945	176297	+	3	1.313958	I:	D:
176438	177757	-	2	1.241839	I:	D:
177777	178655	-	3	1.244543	I:	D:
178802	179626	+	2	1.307572	I:	D:
180018	180626	+	3	1.279048	I:	D:
180623	181360	+	2	1.369153	I:	D:
181360	184080	+	1	1.280048	I:	D:
184089	184511	+	3	1.229145	I:	D:
184611	185285	-	3	1.346787	I:	D:
185282	185896	-	2	1.343800	I:	D:
185979	186674	-	3	1.373133	I:	D:
186671	187288	-	2	1.314686	I:	D:
187372	188088	-	1	1.356837	I:	D:
188085	188681	-	3	1.339263	I:	D:
188768	190363	+	2	1.247945	I:	D:
190400	190921	+	2	1.233789	I:	D:
191031	191462	+	3	1.211196	I:	D:
191692	192996	-	1	1.244362	I:	D:
193038	193877	+	3	1.214793	I:	D:
194245	194556	+	1	1.320411	I:	D:
195020	195475	-	2	1.200865	I:	D:
195629	196786	-	2	1.236545	I:	D:
196865	199309	-	2	1.250726	I:	D:
199781	200491	+	2	1.196690	I:	D:
>Y8.M034_5
1	984	-	1	1.190265	I:	D:
1011	5165	+	3	1.219195	I:	D:
5217	5819	+	3	1.230260	I:	D:
5865	6047	-	3	1.354059	I:	D:
5928	6836	+	3	1.365271	I:	D:
7074	7670	+	3	1.391987	I:	D:
>Y8.M034_6
2	289	+	2	1.251672	I:	D:
546	1838	+	3	1.260546	I:	D:
1835	2410	+	2	1.217385	I:	D:
2414	3322	+	2	1.266415	I:	D:
3458	3727	+	2	1.331071	I:	D:
>Y8.M034_7
255	1499	-	3	1.218472	I:	D:
1639	3711	-	1	1.306755	I:	D:
3723	5456	-	3	1.301079	I:	D:
>Y8.M034_8
3	257	-	3	1.139997	I:	D:
254	1039	-	2	1.190276	I:	D:
1048	2232	-	1	1.207413	I:	D:
2238	3515	-	3	1.209566	I:	D:
3525	3842	-	3	1.223551	I:	D:
>Y8.M034_9
1	2046	+	1	1.218943	I:	D:
>Y8.M034_10
1	210	-	1	1.334267	I:	D:
478	807	+	1	1.405573	I:	D:
912	1109	-	3	1.344027	I:	D:
1838	2053	-	2	1.267619	I:	D:
2310	4430	+	3	1.229828	I:	D:
4536	5555	+	3	1.296130	I:	D:
5573	6595	+	2	1.289550	I:	D:
6815	8281	+	2	1.255436	I:	D:
8274	9224	+	3	1.252550	I:	D:
9364	11838	-	1	1.233408	I:	D:
12014	12442	+	2	1.261321	I:	D:
12450	13583	+	3	1.253661	I:	D:
13620	14882	-	3	1.296827	I:	D:
15047	15349	+	2	1.288739	I:	D:
15359	15991	+	2	1.245123	I:	D:
15993	16373	+	3	1.248692	I:	D:
16718	16879	-	2	1.313599	I:	D:
16990	17688	-	1	1.260298	I:	D:
17691	18356	-	3	1.299410	I:	D:
18340	20520	+	1	1.300743	I:	D:
21314	21769	-	2	1.345368	I:	D:
21863	23605	-	2	1.268430	I:	D:
23701	25701	-	1	1.285919	I:	D:
25835	27736	+	2	1.277133	I:	D:
27831	29075	-	3	1.272507	I:	D:
29076	29630	-	3	1.331722	I:	D:
29745	31856	-	3	1.287164	I:	D:
34251	35777	+	3	1.291854	I:	D:
35869	37623	-	1	1.285727	I:	D:
37898	38233	+	2	1.253896	I:	D:
38284	39561	+	1	1.277262	I:	D:
39688	40713	+	1	1.255759	I:	D:
40785	42818	+	3	1.222253	I:	D:
42824	43399	+	2	1.276928	I:	D:
43399	44025	+	1	1.256580	I:	D:
44085	44948	+	3	1.311624	I:	D:
44945	46126	+	2	1.308879	I:	D:
46123	46746	+	1	1.373654	I:	D:
46709	48046	+	2	1.336539	I:	D:
48315	48776	-	3	1.334693	I:	D:
49203	51062	+	3	1.356048	I:	D:
51196	51999	+	1	1.337663	I:	D:
51996	52523	+	3	1.278217	I:	D:
52530	53225	-	3	1.290932	I:	D:
53222	54457	-	2	1.293162	I:	D:
54629	55852	+	2	1.253316	I:	D:
55889	56677	+	2	1.290667	I:	D:
56691	57167	+	3	1.325603	I:	D:
57223	57384	-	1	1.333174	I:	D:
57400	58176	+	1	1.218064	I:	D:
58187	59587	+	2	1.285403	I:	D:
59584	62517	+	1	1.243889	I:	D:
62790	63185	+	3	1.222762	I:	D:
63446	64699	+	2	1.371287	I:	D:
69115	69327	-	1	1.314568	I:	D:
65629	70230	+	1	1.393715	I:	D:
70257	70508	-	3	1.301855	I:	D:
70541	71023	+	2	1.253228	I:	D:
71172	71933	+	3	1.230460	I:	D:
71936	72838	+	2	1.206106	I:	D:
72832	73425	+	1	1.256646	I:	D:
73425	74054	+	3	1.257245	I:	D:
74112	74717	+	3	1.223277	I:	D:
74710	75750	+	1	1.247919	I:	D:
75889	76335	+	1	1.237613	I:	D:
76386	78329	+	3	1.252396	I:	D:
78331	79419	+	1	1.268717	I:	D:
79416	79955	+	3	1.232148	I:	D:
80035	82335	+	1	1.277222	I:	D:
82503	83834	+	3	1.231281	I:	D:
83599	84555	+	1	1.328961	I:	D:
84589	85938	+	1	1.232014	I:	D:
85939	87591	+	1	1.291866	I:	D:
87588	89189	+	3	1.275152	I:	D:
89410	91614	+	1	1.223346	I:	D:
91624	93273	-	1	1.285206	I:	D:
92578	94908	+	1	1.218424	I:	D:
94969	95601	+	1	1.284751	I:	D:
95605	96777	+	1	1.408174	I:	D:
96873	97901	+	3	1.306345	I:	D:
97936	98934	+	1	1.328441	I:	D:
99030	99971	+	3	1.350312	I:	D:
99976	100770	+	1	1.362973	I:	D:
101063	102139	+	2	1.419933	I:	D:
102282	103667	+	3	1.323311	I:	D:
103678	105021	+	1	1.371847	I:	D:
105147	105770	+	3	1.242611	I:	D:
105890	108598	+	2	1.279183	I:	D:
108685	109083	+	1	1.278694	I:	D:
109271	109483	-	2	1.316605	I:	D:
109636	111486	+	1	1.313381	I:	D:
111468	112355	+	3	1.321619	I:	D:
112352	113044	+	2	1.306008	I:	D:
113112	114677	+	3	1.279517	I:	D:
114766	115614	+	1	1.266148	I:	D:
115614	116909	+	3	1.241731	I:	D:
116911	117720	+	1	1.248975	I:	D:
117717	118673	+	3	1.290026	I:	D:
118866	120242	+	3	1.243442	I:	D:
120488	120703	+	2	1.266652	I:	D:
120977	121567	+	2	1.256427	I:	D:
121640	122116	-	2	1.262169	I:	D:
122172	124844	+	3	1.256279	I:	D:
125014	126450	+	1	1.218599	I:	D:
126550	126762	+	1	1.263322	I:	D:
126906	128255	-	3	1.268844	I:	D:
128431	129027	+	1	1.278472	I:	D:
129121	131205	+	1	1.220400	I:	D:
131485	132483	+	1	1.244737	I:	D:
132524	133522	+	2	1.299990	I:	D:
133512	135899	+	3	1.255912	I:	D:
135964	136245	-	1	1.272928	I:	D:
136303	139167	+	1	1.252536	I:	D:
139179	139673	+	3	1.256960	I:	D:
139768	141693	-	1	1.250229	I:	D:
141738	143603	-	3	1.241436	I:	D:
143720	145144	-	2	1.242466	I:	D:
144503	147346	+	2	1.283111	I:	D:
147343	148563	+	1	1.260435	I:	D:
148607	149602	+	2	1.262575	I:	D:
149785	150606	+	1	1.260259	I:	D:
150500	151636	+	2	1.305154	I:	D:
151843	152850	+	1	1.230841	I:	D:
152958	154148	+	3	1.217335	I:	D:
154152	154928	+	3	1.245100	I:	D:
155091	155336	+	3	1.195168	I:	D:
155547	156290	-	3	1.290690	I:	D:
156292	157233	-	1	1.254562	I:	D:
157230	158756	-	3	1.248252	I:	D:
158922	160970	-	3	1.231561	I:	D:
161138	162088	+	2	1.303771	I:	D:
162103	162966	+	1	1.258917	I:	D:
162950	163825	+	2	1.265286	I:	D:
163818	164378	+	3	1.293182	I:	D:
164375	165124	+	2	1.231008	I:	D:
165121	166308	+	1	1.286614	I:	D:
166336	167064	+	1	1.244727	I:	D:
167213	167737	-	2	1.324305	I:	D:
168855	169658	-	3	1.302621	I:	D:
169705	170217	-	1	1.246195	I:	D:
170260	170898	-	1	1.295064	I:	D:
171026	172579	-	2	1.217455	I:	D:
172659	174239	-	3	1.228891	I:	D:
174312	176894	+	3	1.277418	I:	D:
176891	177745	+	2	1.305871	I:	D:
177742	178074	+	1	1.298085	I:	D:
178076	178909	+	2	1.303798	I:	D:
179018	179452	+	2	1.281494	I:	D:
179454	180221	+	3	1.319570	I:	D:
180347	180898	+	2	1.321394	I:	D:
181013	182548	-	2	1.256649	I:	D:
182561	183715	-	2	1.399388	I:	D:
183829	184614	-	1	1.288462	I:	D:
184634	186247	-	2	1.301627	I:	D:
186266	189031	-	2	1.260988	I:	D:
189028	189963	-	1	1.278335	I:	D:
189956	190885	-	2	1.283109	I:	D:
190941	191978	-	3	1.261287	I:	D:
191990	192808	-	2	1.304763	I:	D:
193051	193713	-	1	1.264703	I:	D:
193724	195196	-	2	1.276401	I:	D:
195193	196137	-	1	1.258918	I:	D:
196172	198151	-	2	1.289502	I:	D:
198197	198835	-	2	1.255813	I:	D:
198832	199887	-	1	1.232677	I:	D:
200016	201251	-	3	1.291534	I:	D:
201253	201519	-	1	1.285468	I:	D:
201556	202113	-	1	1.348912	I:	D:
202141	202452	-	1	1.338297	I:	D:
202554	203420	-	3	1.347039	I:	D:
203417	206725	-	2	1.249710	I:	D:
>Y8.M034_11
308	832	+	2	1.321580	I:	D:
1007	2776	-	2	1.292722	I:	D:
2925	4067	+	3	1.246245	I:	D:
4067	4783	+	2	1.235719	I:	D:
4780	5748	+	1	1.246493	I:	D:
5745	6605	+	3	1.243751	I:	D:
6936	7574	+	3	1.243059	I:	D:
7610	9967	+	2	1.291298	I:	D:
10196	11113	+	2	1.208586	I:	D:
11306	11863	-	2	1.228102	I:	D:
11907	13832	+	3	1.228871	I:	D:
13954	15420	+	1	1.244619	I:	D:
15630	17657	+	3	1.220752	I:	D:
18025	19047	-	1	1.261389	I:	D:
19328	19594	+	2	1.234424	I:	D:
19599	21281	+	3	1.231063	I:	D:
21378	22007	-	3	1.294265	I:	D:
22022	23677	-	2	1.294520	I:	D:
23905	25095	+	1	1.227937	I:	D:
25092	25742	+	3	1.224536	I:	D:
25876	27366	+	1	1.239966	I:	D:
27504	30431	+	3	1.232897	I:	D:
31225	32382	+	1	1.209592	I:	D:
32410	33330	+	1	1.232405	I:	D:
33404	34963	+	2	1.298614	I:	D:
35076	36917	+	3	1.217063	I:	D:
37064	37648	+	2	1.250762	I:	D:
37801	39357	+	1	1.218295	I:	D:
39461	39730	-	2	1.275204	I:	D:
39879	40091	+	3	1.358148	I:	D:
40250	41119	+	2	1.331808	I:	D:
42944	43099	+	2	1.294286	I:	D:
43141	43719	-	1	1.393706	I:	D:
43888	45096	-	1	1.394569	I:	D:
45290	45460	-	2	1.253657	I:	D:
45713	46558	-	2	1.323497	I:	D:
46779	47627	-	3	1.270605	I:	D:
47877	48470	+	3	1.269884	I:	D:
48467	48922	+	2	1.272876	I:	D:
48977	49438	+	2	1.318727	I:	D:
49566	50225	+	3	1.322712	I:	D:
50360	50626	-	2	1.331690	I:	D:
50627	50842	-	2	1.295125	I:	D:
51090	51635	+	3	1.309700	I:	D:
51876	52454	+	3	1.284806	I:	D:
52467	52694	-	3	1.248508	I:	D:
52889	54046	+	2	1.267730	I:	D:
54142	54378	+	1	1.309910	I:	D:
54535	54735	+	1	1.362819	I:	D:
54781	55515	-	1	1.266727	I:	D:
55529	56452	-	2	1.253772	I:	D:
56647	58866	+	1	1.253245	I:	D:
58951	59970	-	1	1.260481	I:	D:
60309	60908	+	3	1.250526	I:	D:
61017	61457	+	3	1.272429	I:	D:
61492	62325	-	1	1.279511	I:	D:
62465	63514	+	2	1.227822	I:	D:
63622	63879	+	1	1.333685	I:	D:
64214	64936	+	2	1.242664	I:	D:
65198	65461	-	2	1.290233	I:	D:
65646	66992	+	3	1.259793	I:	D:
66994	67434	-	1	1.289041	I:	D:
67562	68155	-	2	1.328836	I:	D:
68376	70337	+	3	1.254582	I:	D:
70416	70988	-	3	1.236251	I:	D:
71207	74632	+	2	1.248271	I:	D:
74745	75329	+	3	1.216319	I:	D:
75369	76283	+	3	1.259656	I:	D:
76519	77688	+	1	1.260070	I:	D:
77855	79198	+	2	1.261168	I:	D:
79029	79397	+	3	1.321276	I:	D:
79701	80270	+	3	1.378485	I:	D:
80335	81318	+	1	1.229447	I:	D:
81342	82319	+	3	1.245577	I:	D:
82319	84253	+	2	1.204270	I:	D:
84345	84866	+	3	1.320804	I:	D:
84872	85513	+	2	1.286739	I:	D:
85949	86224	+	2	1.244654	I:	D:
86299	86910	-	1	1.252050	I:	D:
87157	88206	+	1	1.246858	I:	D:
88231	89202	+	1	1.256143	I:	D:
89369	89965	+	2	1.221925	I:	D:
90045	91163	+	3	1.248502	I:	D:
91327	92505	+	1	1.274269	I:	D:
92581	93441	-	1	1.347744	I:	D:
93438	94406	-	3	1.301163	I:	D:
94592	95368	-	2	1.277171	I:	D:
95505	96653	+	3	1.238958	I:	D:
96703	97428	+	1	1.264242	I:	D:
97622	97786	+	2	1.290157	I:	D:
98058	98756	-	3	1.232993	I:	D:
98931	100061	-	3	1.207144	I:	D:
100107	100664	-	3	1.228802	I:	D:
100657	101961	-	1	1.250198	I:	D:
102066	102875	+	3	1.280862	I:	D:
102915	104423	-	3	1.198351	I:	D:
104547	105506	-	3	1.207183	I:	D:
105561	107021	-	3	1.225636	I:	D:
107261	108109	+	2	1.269032	I:	D:
108106	108735	+	1	1.281199	I:	D:
108936	109499	+	3	1.333715	I:	D:
110178	112544	+	3	1.221799	I:	D:
112715	113077	+	2	1.240846	I:	D:
113096	113824	+	2	1.245545	I:	D:
113824	114636	+	1	1.269490	I:	D:
114723	115712	+	3	1.221454	I:	D:
115750	116850	+	1	1.249246	I:	D:
117113	117877	+	2	1.331092	I:	D:
118564	120213	+	1	1.252681	I:	D:
120833	122668	-	2	1.215432	I:	D:
122761	123549	+	1	1.292736	I:	D:
123632	124039	-	2	1.237627	I:	D:
123938	127123	+	2	1.262450	I:	D:
127143	130568	+	3	1.264143	I:	D:
132305	133072	-	2	1.325506	I:	D:
133424	134650	-	2	1.223355	I:	D:
134643	135995	-	3	1.213309	I:	D:
135992	136891	-	2	1.260025	I:	D:
136923	137780	-	3	1.258748	I:	D:
137837	138811	-	2	1.222307	I:	D:
138808	140643	-	1	1.250438	I:	D:
140820	142019	-	3	1.268689	I:	D:
142119	143402	+	3	1.230559	I:	D:
143487	144674	-	3	1.243226	I:	D:
144673	145977	+	1	1.222510	I:	D:
146073	147212	+	3	1.226070	I:	D:
147503	149575	+	2	1.241984	I:	D:
152399	153826	-	2	1.261626	I:	D:
153982	154896	+	1	1.206225	I:	D:
154897	155652	+	1	1.240931	I:	D:
155649	156110	+	3	1.265459	I:	D:
156270	157490	-	3	1.260597	I:	D:
157633	158847	+	1	1.256182	I:	D:
158889	159710	+	3	1.256154	I:	D:
159707	160603	+	2	1.251208	I:	D:
160633	160803	+	1	1.310559	I:	D:
160856	161173	+	2	1.237037	I:	D:
161170	161568	+	1	1.249283	I:	D:
161561	161986	+	2	1.325146	I:	D:
162071	163432	+	2	1.217996	I:	D:
>Y8.M034_12
1	2103	-	1	1.189572	I:	D:
1453	2808	+	1	1.227108	I:	D:
2980	4512	+	1	1.254837	I:	D:
4557	5462	+	3	1.231529	I:	D:
5462	6319	+	2	1.246685	I:	D:
6316	7872	+	1	1.239466	I:	D:
7869	8975	+	3	1.288111	I:	D:
9064	10428	-	1	1.225189	I:	D:
10507	11283	-	1	1.262870	I:	D:
11476	13476	-	1	1.211881	I:	D:
13746	14486	+	3	1.316791	I:	D:
14618	16156	+	2	1.293986	I:	D:
16415	17335	+	2	1.228436	I:	D:
17390	19138	+	2	1.256038	I:	D:
19140	21071	+	3	1.252315	I:	D:
21227	21493	-	2	1.239418	I:	D:
21767	22435	-	2	1.284009	I:	D:
22684	23610	+	1	1.291530	I:	D:
23726	25582	+	2	1.253797	I:	D:
25579	26421	+	1	1.257161	I:	D:
26431	27741	+	1	1.324171	I:	D:
28180	28728	+	1	1.368252	I:	D:
28544	29581	+	2	1.370661	I:	D:
29602	30504	+	1	1.330502	I:	D:
30631	31674	+	1	1.296045	I:	D:
31736	32854	+	2	1.274709	I:	D:
33646	34548	-	1	1.273526	I:	D:
34673	36004	+	2	1.222460	I:	D:
36185	36979	+	2	1.280679	I:	D:
37048	37653	+	1	1.300365	I:	D:
37650	38288	+	3	1.294446	I:	D:
38325	39287	-	3	1.306458	I:	D:
39341	39592	-	2	1.242507	I:	D:
39716	41821	-	2	1.223461	I:	D:
42097	43404	+	1	1.230828	I:	D:
43406	44356	+	2	1.268340	I:	D:
44578	46287	+	1	1.225926	I:	D:
46540	47571	+	1	1.307611	I:	D:
47701	49320	+	1	1.356724	I:	D:
49474	51120	+	1	1.329198	I:	D:
51334	51555	+	1	1.253309	I:	D:
51654	52748	+	3	1.239584	I:	D:
52745	53626	+	2	1.251704	I:	D:
53661	54326	+	3	1.259494	I:	D:
54323	55423	+	2	1.294848	I:	D:
55420	55713	+	1	1.326694	I:	D:
55795	56688	+	1	1.233913	I:	D:
56730	56939	+	3	1.221644	I:	D:
56945	57505	+	2	1.227817	I:	D:
57502	58320	+	1	1.293924	I:	D:
58369	60006	+	1	1.232786	I:	D:
60010	60939	+	1	1.289097	I:	D:
60965	62413	+	2	1.228018	I:	D:
62413	62685	+	1	1.347353	I:	D:
62687	63115	+	2	1.299406	I:	D:
63138	63830	+	3	1.327662	I:	D:
63830	64927	+	2	1.345442	I:	D:
64955	66154	+	2	1.302356	I:	D:
66205	66447	+	1	1.342930	I:	D:
66599	68119	+	2	1.286053	I:	D:
68119	69120	+	1	1.273197	I:	D:
69219	70124	+	3	1.263929	I:	D:
71178	73373	-	3	1.240376	I:	D:
73541	75583	-	2	1.256863	I:	D:
75765	76022	-	3	1.264494	I:	D:
76053	77153	-	3	1.211240	I:	D:
77201	79489	-	2	1.254124	I:	D:
79764	80531	+	3	1.178441	I:	D:
80533	81510	+	1	1.217829	I:	D:
81507	82712	+	3	1.243928	I:	D:
82713	83804	+	3	1.256191	I:	D:
84111	84584	+	3	1.291208	I:	D:
84668	85792	+	2	1.291655	I:	D:
85886	86686	+	2	1.217172	I:	D:
86671	88368	+	1	1.272346	I:	D:
88636	89469	+	1	1.360176	I:	D:
90661	91344	+	1	1.282699	I:	D:
91472	91918	-	2	1.242641	I:	D:
92043	94973	+	3	1.216596	I:	D:
94980	96017	+	3	1.251061	I:	D:
96076	96615	-	1	1.315577	I:	D:
96653	97297	-	2	1.225985	I:	D:
97389	98336	-	3	1.242254	I:	D:
98358	99014	-	3	1.315944	I:	D:
99193	99363	+	1	1.269981	I:	D:
99491	100762	+	2	1.247361	I:	D:
100985	101710	-	2	1.321307	I:	D:
101751	101960	-	3	1.333970	I:	D:
102850	103857	+	1	1.274116	I:	D:
103941	106262	+	3	1.209294	I:	D:
>Y8.M034_13
87	518	+	3	1.241153	I:	D:
692	1978	-	2	1.257077	I:	D:
2067	2711	+	3	1.251945	I:	D:
2944	3768	+	1	1.320089	I:	D:
3784	4047	+	1	1.374335	I:	D:
4233	13466	-	3	1.210962	I:	D:
13505	15061	-	2	1.243435	I:	D:
15058	16776	-	1	1.249829	I:	D:
16838	17722	-	2	1.292996	I:	D:
18041	19723	+	2	1.288162	I:	D:
19997	20281	+	2	1.349669	I:	D:
20323	22473	+	1	1.286022	I:	D:
22571	22999	-	2	1.291808	I:	D:
23035	23265	-	1	1.228526	I:	D:
23358	24623	-	3	1.273409	I:	D:
24640	25518	-	1	1.324906	I:	D:
25797	26804	+	3	1.297783	I:	D:
26867	28105	+	2	1.305874	I:	D:
28448	29458	+	2	1.231972	I:	D:
29468	29986	-	2	1.281668	I:	D:
30335	31477	+	2	1.237126	I:	D:
31494	32432	+	3	1.305283	I:	D:
32608	34194	+	1	1.262009	I:	D:
34191	34352	+	3	1.242073	I:	D:
34363	35109	+	1	1.239369	I:	D:
35196	36065	-	3	1.265758	I:	D:
36074	37138	-	2	1.230928	I:	D:
37157	37975	-	2	1.293079	I:	D:
38079	38699	-	3	1.275606	I:	D:
38740	40131	+	1	1.290481	I:	D:
40194	41090	+	3	1.284050	I:	D:
40987	41529	+	1	1.251570	I:	D:
41550	42563	+	3	1.283340	I:	D:
42683	43078	+	2	1.227261	I:	D:
43075	44130	+	1	1.252950	I:	D:
44145	45935	-	3	1.297728	I:	D:
45937	46752	+	1	1.249285	I:	D:
46954	48171	+	1	1.226327	I:	D:
48221	49621	+	2	1.267055	I:	D:
49752	51716	-	3	1.278694	I:	D:
51800	52153	+	2	1.249060	I:	D:
52172	53275	-	2	1.276044	I:	D:
53421	54911	+	3	1.260347	I:	D:
55011	55433	+	3	1.327202	I:	D:
55473	56720	+	3	1.245958	I:	D:
56821	58404	+	1	1.244376	I:	D:
58408	59514	+	1	1.269425	I:	D:
59766	60197	+	3	1.218607	I:	D:
60200	60439	+	2	1.287201	I:	D:
60529	61041	+	1	1.269807	I:	D:
61043	62416	+	2	1.278104	I:	D:
62571	62927	+	3	1.231993	I:	D:
63039	63785	+	3	1.342781	I:	D:
63809	64453	+	2	1.282878	I:	D:
64473	64808	+	3	1.318561	I:	D:
64983	65387	-	3	1.320672	I:	D:
65387	66934	+	2	1.315802	I:	D:
66924	68093	+	3	1.347914	I:	D:
68098	69009	+	1	1.324668	I:	D:
69195	69713	-	3	1.358014	I:	D:
70135	70965	+	1	1.206414	I:	D:
70992	71819	+	3	1.195596	I:	D:
71950	72660	+	1	1.277770	I:	D:
72699	73256	+	3	1.255488	I:	D:
73256	74167	+	2	1.298838	I:	D:
74221	75444	+	1	1.313304	I:	D:
75441	76061	+	3	1.299562	I:	D:
76061	76609	+	2	1.254422	I:	D:
76609	77880	+	1	1.284352	I:	D:
77883	79124	+	3	1.284708	I:	D:
79260	80426	+	3	1.245456	I:	D:
80444	80947	+	2	1.239102	I:	D:
81057	81473	+	3	1.277329	I:	D:
81551	83359	+	2	1.230504	I:	D:
83361	83852	+	3	1.251099	I:	D:
84106	84531	+	1	1.271477	I:	D:
84576	84902	-	3	1.273977	I:	D:
85044	86456	+	3	1.226157	I:	D:
86536	87165	-	1	1.327927	I:	D:
87224	88963	-	2	1.318767	I:	D:
89374	92121	-	1	1.215710	I:	D:
92446	92847	+	1	1.250132	I:	D:
93056	93586	+	2	1.315737	I:	D:
93369	94661	+	3	1.339735	I:	D:
94925	95143	-	2	1.314224	I:	D:
95200	95616	-	1	1.348649	I:	D:
95420	96082	+	2	1.358794	I:	D:
>Y8.M034_14
2	478	+	2	1.201799	I:	D:
641	2242	+	2	1.258210	I:	D:
2239	4002	+	1	1.216656	I:	D:
4084	5301	+	1	1.246877	I:	D:
5518	6210	-	1	1.235564	I:	D:
6244	6729	-	1	1.311469	I:	D:
7215	7934	-	3	1.340495	I:	D:
8272	8853	+	1	1.328989	I:	D:
8846	10147	+	2	1.354249	I:	D:
10203	11396	-	3	1.257848	I:	D:
11719	13566	+	1	1.208781	I:	D:
13563	14639	+	3	1.226934	I:	D:
14794	16422	+	1	1.348678	I:	D:
16434	17693	+	3	1.380861	I:	D:
17772	18392	-	3	1.232653	I:	D:
18440	19138	-	2	1.208349	I:	D:
19259	19648	+	2	1.241840	I:	D:
19668	20177	+	3	1.217885	I:	D:
20347	21828	+	1	1.228145	I:	D:
21888	22796	+	3	1.215863	I:	D:
22793	23614	+	2	1.202651	I:	D:
23611	24507	+	1	1.203173	I:	D:
24500	25258	+	2	1.224541	I:	D:
25459	26154	+	1	1.252965	I:	D:
26208	26636	+	3	1.334585	I:	D:
26758	29511	-	1	1.218309	I:	D:
29764	31248	+	1	1.215738	I:	D:
31451	32218	+	2	1.242686	I:	D:
32283	33767	+	3	1.223285	I:	D:
33764	34561	+	2	1.229507	I:	D:
34651	35937	-	1	1.250300	I:	D:
35967	37472	+	3	1.228406	I:	D:
38270	42346	+	2	1.268865	I:	D:
42430	43380	-	1	1.303002	I:	D:
43340	44740	+	2	1.222231	I:	D:
44815	45447	+	1	1.244178	I:	D:
45518	46843	+	2	1.223302	I:	D:
46848	47816	+	3	1.246460	I:	D:
47929	48705	+	1	1.262465	I:	D:
49004	50023	+	2	1.236023	I:	D:
50074	51210	+	1	1.243411	I:	D:
51302	52219	+	2	1.264131	I:	D:
52308	52448	+	3	1.378580	I:	D:
52467	53525	+	3	1.248033	I:	D:
56040	56177	+	3	1.369887	I:	D:
57436	57822	+	1	1.319988	I:	D:
58040	59359	+	2	1.209899	I:	D:
59550	60161	+	3	1.229356	I:	D:
60161	60805	+	2	1.237371	I:	D:
61103	62362	+	2	1.262773	I:	D:
62411	62767	+	2	1.231676	I:	D:
62921	63946	+	2	1.277290	I:	D:
64008	67043	-	3	1.272201	I:	D:
67231	68673	+	1	1.236759	I:	D:
68973	69440	+	3	1.258920	I:	D:
69464	70519	+	2	1.252194	I:	D:
70516	71223	+	1	1.257390	I:	D:
71213	72421	+	2	1.229962	I:	D:
72527	74410	-	2	1.232041	I:	D:
74654	75004	-	2	1.335999	I:	D:
75001	75297	-	1	1.294394	I:	D:
75317	75670	-	2	1.317511	I:	D:
80086	81582	-	1	1.220837	I:	D:
>Y8.M034_15
128	3691	-	2	1.260294	I:	D:
3969	4613	-	3	1.289605	I:	D:
4750	5961	-	1	1.299081	I:	D:
6189	7319	-	3	1.293213	I:	D:
7517	8677	-	2	1.332659	I:	D:
8879	10030	-	2	1.315760	I:	D:
10228	11334	-	1	1.345805	I:	D:
11444	11797	-	2	1.349376	I:	D:
12000	13508	-	3	1.405223	I:	D:
13244	13480	-	2	1.307960	I:	D:
13682	13873	-	2	1.265053	I:	D:
13955	14977	-	2	1.287531	I:	D:
15000	15848	-	3	1.300034	I:	D:
15852	16232	-	3	1.230224	I:	D:
16260	16454	-	3	1.214924	I:	D:
16491	17078	-	3	1.215986	I:	D:
17445	18212	-	3	1.242777	I:	D:
18212	18934	-	2	1.244635	I:	D:
18931	19578	-	1	1.267477	I:	D:
19672	19902	+	1	1.264861	I:	D:
19954	23496	-	1	1.261083	I:	D:
23617	24534	-	1	1.291659	I:	D:
24531	25034	-	3	1.320190	I:	D:
25105	25677	-	1	1.249993	I:	D:
25850	26161	-	2	1.336504	I:	D:
26170	26643	-	1	1.259986	I:	D:
26820	27572	-	3	1.336838	I:	D:
27578	28831	-	2	1.251665	I:	D:
28959	29954	-	3	1.306026	I:	D:
30068	31459	-	2	1.270584	I:	D:
31452	32576	-	3	1.226415	I:	D:
32611	33867	-	1	1.288008	I:	D:
33854	35218	-	2	1.250321	I:	D:
35296	36381	-	1	1.245004	I:	D:
36378	37775	-	3	1.273596	I:	D:
37794	39533	-	3	1.288029	I:	D:
39545	39937	-	2	1.265905	I:	D:
39934	40959	-	1	1.289797	I:	D:
41074	41505	-	1	1.337535	I:	D:
42045	42659	-	3	1.297729	I:	D:
42532	43869	-	1	1.294027	I:	D:
43918	44739	+	1	1.291061	I:	D:
44837	45913	-	2	1.253477	I:	D:
46095	48368	+	3	1.249879	I:	D:
48429	49634	+	3	1.211914	I:	D:
49722	51674	+	3	1.271006	I:	D:
51728	52285	-	2	1.286314	I:	D:
52341	52805	-	3	1.334014	I:	D:
52955	53671	+	2	1.282666	I:	D:
53737	54726	-	1	1.229478	I:	D:
54828	56768	-	3	1.251742	I:	D:
56765	58297	-	2	1.224390	I:	D:
58385	58999	+	2	1.255202	I:	D:
59062	59985	-	1	1.261065	I:	D:
60033	61685	-	3	1.240520	I:	D:
60711	61529	+	3	1.265084	I:	D:
61522	62082	+	1	1.221082	I:	D:
>Y8.M034_16
554	3610	-	2	1.237710	I:	D:
3798	4355	+	3	1.248973	I:	D:
4450	5646	-	1	1.262411	I:	D:
5758	7236	+	1	1.243482	I:	D:
7332	8210	+	3	1.264244	I:	D:
8212	10245	-	1	1.238760	I:	D:
10272	11207	-	3	1.252741	I:	D:
11244	12011	+	3	1.248401	I:	D:
12008	12622	+	2	1.226666	I:	D:
13053	13385	-	3	1.260159	I:	D:
13472	14386	+	2	1.248772	I:	D:
14439	15239	-	3	1.285450	I:	D:
15236	16066	-	2	1.232086	I:	D:
16084	16656	-	1	1.270364	I:	D:
16661	16948	-	2	1.285007	I:	D:
17066	18373	+	2	1.205560	I:	D:
18479	20161	-	2	1.229095	I:	D:
20218	20559	-	1	1.277037	I:	D:
20680	21453	-	1	1.240113	I:	D:
21529	22209	-	1	1.266198	I:	D:
22206	23138	-	3	1.267725	I:	D:
23135	24592	-	2	1.225162	I:	D:
24589	25737	-	1	1.272861	I:	D:
25987	27780	+	1	1.256470	I:	D:
27862	28821	+	1	1.268311	I:	D:
28818	29717	+	3	1.254801	I:	D:
29726	31795	+	2	1.259401	I:	D:
31952	32233	-	2	1.232723	I:	D:
32644	33819	-	1	1.247688	I:	D:
33816	35363	-	3	1.275956	I:	D:
35427	36656	-	3	1.258000	I:	D:
37081	37719	-	1	1.338246	I:	D:
38000	39940	+	2	1.229020	I:	D:
40143	40544	-	3	1.255434	I:	D:
41165	46516	-	2	1.316004	I:	D:
46891	50733	-	1	1.257216	I:	D:
51118	54255	-	1	1.303017	I:	D:
54567	57875	-	3	1.295321	I:	D:
58173	58346	-	3	1.316615	I:	D:
>Y8.M034_17
926	1261	+	2	1.406102	I:	D:
1318	2427	-	1	1.387496	I:	D:
2424	3188	-	3	1.370092	I:	D:
3178	3489	-	1	1.324648	I:	D:
3553	5286	-	1	1.383238	I:	D:
5775	6947	+	3	1.370163	I:	D:
7272	8657	+	3	1.267964	I:	D:
8734	9528	-	1	1.291537	I:	D:
9774	11279	+	3	1.238640	I:	D:
11445	12098	+	3	1.296635	I:	D:
12368	12718	+	2	1.283987	I:	D:
12893	14989	+	2	1.334905	I:	D:
15163	15615	-	1	1.381867	I:	D:
16387	16626	-	1	1.369103	I:	D:
17802	19373	+	3	1.287315	I:	D:
20839	23886	+	1	1.286934	I:	D:
23969	24703	+	2	1.378957	I:	D:
24646	25218	+	1	1.367019	I:	D:
25339	26247	-	1	1.257223	I:	D:
25861	26817	+	1	1.244522	I:	D:
26876	28285	-	2	1.206729	I:	D:
28363	29727	-	1	1.244598	I:	D:
29780	30313	-	2	1.242728	I:	D:
30310	31113	-	1	1.245040	I:	D:
31115	31540	-	2	1.259745	I:	D:
31626	32108	-	3	1.273553	I:	D:
32207	33667	+	2	1.253862	I:	D:
33746	33997	-	2	1.263919	I:	D:
34148	37177	-	2	1.303907	I:	D:
37367	39691	+	2	1.223934	I:	D:
39711	40976	-	3	1.285059	I:	D:
40995	41291	+	3	1.273375	I:	D:
41291	42796	+	2	1.207019	I:	D:
42796	44292	+	1	1.216256	I:	D:
44532	45959	+	3	1.211220	I:	D:
>Y8.M034_18
188	1339	+	2	1.229640	I:	D:
1531	2220	+	1	1.230815	I:	D:
2226	3140	+	3	1.238319	I:	D:
3146	4420	+	2	1.244901	I:	D:
4508	5035	+	2	1.249857	I:	D:
5054	7861	+	2	1.277814	I:	D:
7858	10062	+	1	1.258273	I:	D:
12851	15973	-	2	1.300658	I:	D:
16084	16305	+	1	1.379714	I:	D:
16376	16774	-	2	1.344013	I:	D:
16848	17252	-	3	1.301951	I:	D:
17658	18143	+	3	1.302660	I:	D:
18388	18861	+	1	1.277544	I:	D:
19597	19941	+	1	1.363669	I:	D:
20257	21651	+	1	1.313356	I:	D:
21754	22128	+	1	1.270687	I:	D:
22362	22592	+	3	1.298360	I:	D:
23339	23965	-	2	1.382755	I:	D:
24078	24863	-	3	1.297707	I:	D:
25446	25652	+	3	1.354760	I:	D:
25764	26084	+	3	1.262759	I:	D:
26439	33068	+	3	1.263181	I:	D:
33657	35882	+	3	1.299758	I:	D:
36231	39125	+	3	1.277624	I:	D:
>Y8.M034_19
2306	5920	-	2	1.243948	I:	D:
5941	6411	-	1	1.228606	I:	D:
6439	7179	-	1	1.244451	I:	D:
7176	7817	-	3	1.211900	I:	D:
7849	8841	-	1	1.206653	I:	D:
8959	10632	-	1	1.228503	I:	D:
10748	11305	+	2	1.250634	I:	D:
11371	11799	+	1	1.289670	I:	D:
11848	12576	+	1	1.362220	I:	D:
12630	13346	+	3	1.317772	I:	D:
13282	13857	+	1	1.260149	I:	D:
14012	17290	-	2	1.226219	I:	D:
17674	18693	+	1	1.294126	I:	D:
18690	19571	+	3	1.334579	I:	D:
19649	21154	+	2	1.239826	I:	D:
21194	22714	+	2	1.241447	I:	D:
22867	24075	+	1	1.286557	I:	D:
24072	25343	+	3	1.284287	I:	D:
25340	26140	+	2	1.287218	I:	D:
26182	26868	-	1	1.346244	I:	D:
27091	27846	-	1	1.263896	I:	D:
27910	29193	-	1	1.253890	I:	D:
29190	30440	-	3	1.217504	I:	D:
30437	32023	-	2	1.250623	I:	D:
32289	34328	+	3	1.234747	I:	D:
34444	37008	+	1	1.219671	I:	D:
37024	37212	+	1	1.345557	I:	D:
37222	38106	-	1	1.262695	I:	D:
>Y8.M034_20
101	853	+	2	1.234431	I:	D:
859	2136	+	1	1.262508	I:	D:
2176	2652	+	1	1.274435	I:	D:
2663	3097	+	2	1.221770	I:	D:
3283	6555	+	1	1.322490	I:	D:
6645	7328	+	3	1.333160	I:	D:
7336	9021	-	1	1.249449	I:	D:
9074	9970	-	2	1.296362	I:	D:
9986	11146	-	2	1.277692	I:	D:
11308	11997	-	1	1.296698	I:	D:
12139	13752	+	1	1.237051	I:	D:
13884	14681	-	3	1.244542	I:	D:
14678	15637	-	2	1.255093	I:	D:
15645	16592	-	3	1.247467	I:	D:
16692	17594	-	3	1.282623	I:	D:
17772	18467	-	3	1.287915	I:	D:
18573	19904	+	3	1.333858	I:	D:
19974	21713	-	3	1.252750	I:	D:
21757	23277	-	1	1.240562	I:	D:
23343	23834	+	3	1.312189	I:	D:
23933	24394	-	2	1.268711	I:	D:
24399	24926	-	3	1.270827	I:	D:
25061	25552	+	2	1.347253	I:	D:
25562	27169	+	2	1.301338	I:	D:
27208	30336	+	1	1.279817	I:	D:
30549	30743	+	3	1.239234	I:	D:
31107	31310	+	3	1.289924	I:	D:
31506	34796	+	3	1.308912	I:	D:
34803	35459	-	3	1.325489	I:	D:
35547	36035	+	3	1.343303	I:	D:
>Y8.M034_21
412	1308	-	1	1.271810	I:	D:
1305	3521	-	3	1.251591	I:	D:
3594	4526	-	3	1.286764	I:	D:
4776	5903	+	3	1.247104	I:	D:
5992	7020	+	1	1.247454	I:	D:
7017	7817	+	3	1.233713	I:	D:
8019	8228	+	3	1.386122	I:	D:
8558	8776	+	2	1.220477	I:	D:
9007	10488	+	1	1.266001	I:	D:
10576	11961	-	1	1.196218	I:	D:
12011	13042	-	2	1.204743	I:	D:
13039	13845	-	1	1.279709	I:	D:
13842	14876	-	3	1.204655	I:	D:
14873	16339	-	2	1.209778	I:	D:
16336	17433	-	1	1.263525	I:	D:
17768	18997	+	2	1.245103	I:	D:
18994	19944	+	1	1.269711	I:	D:
20548	21903	-	1	1.247358	I:	D:
22245	23618	+	3	1.251556	I:	D:
23935	24237	+	1	1.269331	I:	D:
24270	24836	+	3	1.225591	I:	D:
24931	25173	+	1	1.219568	I:	D:
25195	25653	+	1	1.189804	I:	D:
25884	26591	+	3	1.348493	I:	D:
26655	28211	-	3	1.349186	I:	D:
28535	30637	+	2	1.408732	I:	D:
>Y8.M034_22
106	297	-	1	1.309265	I:	D:
502	2112	+	1	1.271740	I:	D:
2109	4247	+	3	1.274392	I:	D:
4271	4906	+	2	1.244261	I:	D:
4903	5373	+	1	1.327432	I:	D:
5403	6113	+	3	1.221336	I:	D:
6106	6675	+	1	1.267339	I:	D:
6675	7400	+	3	1.266395	I:	D:
7476	8090	+	3	1.238804	I:	D:
8304	9947	-	3	1.240682	I:	D:
9944	11698	-	2	1.273466	I:	D:
11695	13452	-	1	1.243439	I:	D:
13483	14604	-	1	1.229601	I:	D:
14621	16168	-	2	1.248923	I:	D:
16585	19362	+	1	1.256389	I:	D:
19582	19902	+	1	1.234079	I:	D:
19937	20194	+	2	1.263620	I:	D:
20270	21793	+	2	1.244744	I:	D:
21790	22917	+	1	1.238939	I:	D:
22955	24235	+	2	1.239652	I:	D:
24379	24942	+	1	1.253138	I:	D:
24956	25381	+	2	1.229260	I:	D:
25378	26112	+	1	1.263540	I:	D:
26965	28851	+	1	1.339878	I:	D:
29080	30081	+	1	1.351423	I:	D:
>Y8.M034_23
349	2694	-	1	1.221690	I:	D:
2380	3390	+	1	1.268143	I:	D:
3462	7154	-	3	1.246870	I:	D:
7314	8246	-	3	1.271673	I:	D:
8243	9238	-	2	1.292213	I:	D:
9260	10657	-	2	1.247064	I:	D:
10822	13674	-	1	1.258346	I:	D:
13761	14858	+	3	1.252371	I:	D:
15054	15992	+	3	1.265416	I:	D:
16273	17469	+	1	1.354725	I:	D:
17588	18490	-	2	1.248568	I:	D:
18496	19971	-	1	1.256743	I:	D:
20234	22471	+	2	1.273656	I:	D:
22622	24055	-	2	1.241000	I:	D:
>Y8.M034_24
89	1276	-	2	1.259330	I:	D:
1273	2592	-	1	1.237422	I:	D:
2585	3571	-	2	1.298912	I:	D:
3575	4138	-	2	1.309282	I:	D:
4271	5308	+	2	1.393523	I:	D:
6445	6984	+	1	1.345834	I:	D:
7049	7606	-	2	1.256083	I:	D:
7690	8217	-	1	1.223719	I:	D:
8278	8802	-	1	1.320231	I:	D:
8799	9881	-	3	1.240356	I:	D:
9893	10156	+	2	1.303349	I:	D:
10384	11595	-	1	1.249697	I:	D:
11656	12588	-	1	1.278695	I:	D:
12702	14015	-	3	1.253588	I:	D:
14089	14265	-	1	1.239067	I:	D:
14292	15812	-	3	1.247255	I:	D:
15809	17353	-	2	1.240819	I:	D:
17346	18395	-	3	1.271830	I:	D:
17589	19328	+	3	1.297786	I:	D:
19334	20266	+	2	1.307700	I:	D:
20351	20629	-	2	1.220948	I:	D:
20663	21760	-	2	1.251830	I:	D:
21832	22347	-	1	1.241381	I:	D:
22344	23027	-	3	1.287341	I:	D:
>Y8.M034_25
1	666	-	1	1.298261	I:	D:
439	2223	+	1	1.258369	I:	D:
2223	2411	+	3	1.268246	I:	D:
2408	3235	+	2	1.284553	I:	D:
3232	4062	+	1	1.290993	I:	D:
4059	5735	+	3	1.255893	I:	D:
5882	6877	+	2	1.302675	I:	D:
6919	7755	+	1	1.238889	I:	D:
7892	9559	+	2	1.326156	I:	D:
9568	10212	+	1	1.310578	I:	D:
10368	11063	+	3	1.312199	I:	D:
11096	12541	+	2	1.264477	I:	D:
12571	13668	+	1	1.222963	I:	D:
>Y8.M034_26
1	975	-	1	1.207245	I:	D:
1194	1766	+	3	1.218126	I:	D:
1781	2821	-	2	1.213495	I:	D:
>Y8.M034_27
196	750	-	1	1.248209	I:	D:
773	1132	-	2	1.244867	I:	D:
1161	2417	-	3	1.252930	I:	D:
2803	3510	-	1	1.218277	I:	D:
3706	4845	+	1	1.257206	I:	D:
6742	7074	-	1	1.370366	I:	D:
7377	7847	-	3	1.412377	I:	D:
8198	8539	-	2	1.329208	I:	D:
8863	9090	+	1	1.317701	I:	D:
9090	9365	+	3	1.303389	I:	D:
9543	10100	+	3	1.402891	I:	D:
10562	10798	+	2	1.162935	I:	D:
11083	12687	-	1	1.222898	I:	D:
12814	14556	-	1	1.226202	I:	D:
14566	15624	-	1	1.242861	I:	D:
15982	16962	+	1	1.202778	I:	D:
17030	18763	-	2	1.261720	I:	D:
19381	20823	-	1	1.235193	I:	D:
21030	22352	+	3	1.266908	I:	D:
22455	23348	+	3	1.219512	I:	D:
23447	24904	-	2	1.212249	I:	D:
25042	25947	+	1	1.248070	I:	D:
26015	26383	+	2	1.255758	I:	D:
27302	27970	-	2	1.265494	I:	D:
28218	28436	-	3	1.319511	I:	D:
28658	30139	+	2	1.267993	I:	D:
30220	30897	+	1	1.242467	I:	D:
31016	32563	-	2	1.384642	I:	D:
32560	34071	-	1	1.379570	I:	D:
34077	34463	-	3	1.338671	I:	D:
34623	36056	-	3	1.303487	I:	D:
36056	37507	-	2	1.284327	I:	D:
37511	38872	-	2	1.289034	I:	D:
39071	39376	+	2	1.296345	I:	D:
39399	39683	+	3	1.347505	I:	D:
39789	40976	-	3	1.281979	I:	D:
40991	42412	-	2	1.260671	I:	D:
42552	46592	+	3	1.254915	I:	D:
46658	47218	+	2	1.239068	I:	D:
47271	47762	+	3	1.298343	I:	D:
47796	49265	+	3	1.311406	I:	D:
49268	50461	+	2	1.351374	I:	D:
50468	51700	+	2	1.354394	I:	D:
51705	52940	+	3	1.355247	I:	D:
53141	54646	-	2	1.284935	I:	D:
54643	57153	-	1	1.254807	I:	D:
57198	58430	-	3	1.292745	I:	D:
58437	64478	-	3	1.273482	I:	D:
64797	66182	+	3	1.257170	I:	D:
66360	67289	+	3	1.217813	I:	D:
67392	68132	-	3	1.304362	I:	D:
68779	69252	-	1	1.230723	I:	D:
69253	71610	-	1	1.254709	I:	D:
71624	72469	-	2	1.258927	I:	D:
72471	73040	-	3	1.215538	I:	D:
73037	75073	-	2	1.211120	I:	D:
75101	75655	-	2	1.247087	I:	D:
75911	77011	-	2	1.252862	I:	D:
77001	77843	-	3	1.246849	I:	D:
77848	79158	-	1	1.294953	I:	D:
79296	79805	+	3	1.259165	I:	D:
79936	80622	-	1	1.354438	I:	D:
81562	82269	-	1	1.345777	I:	D:
82298	83020	-	2	1.320832	I:	D:
83281	84699	-	1	1.257382	I:	D:
85170	86495	+	3	1.198037	I:	D:
86589	87746	+	3	1.243004	I:	D:
87831	88976	+	3	1.243675	I:	D:
89141	90979	-	2	1.262167	I:	D:
91815	95138	+	3	1.242776	I:	D:
96179	97153	-	2	1.382073	I:	D:
97659	99944	-	3	1.331847	I:	D:
99949	100512	-	1	1.192559	I:	D:
100509	101324	-	3	1.206683	I:	D:
101335	102519	-	1	1.225069	I:	D:
102525	103748	-	3	1.236812	I:	D:
103813	105132	-	1	1.256525	I:	D:
105270	105896	-	3	1.222466	I:	D:
105953	107575	-	2	1.252516	I:	D:
107904	108698	+	3	1.276064	I:	D:
109474	110034	-	1	1.332893	I:	D:
110227	110439	-	1	1.298896	I:	D:
110541	113258	-	3	1.187287	I:	D:
113873	115285	-	2	1.233298	I:	D:
115327	116199	-	1	1.351839	I:	D:
116341	117876	-	1	1.262883	I:	D:
117873	120554	-	3	1.253833	I:	D:
120551	121777	-	2	1.234150	I:	D:
121798	122763	-	1	1.219690	I:	D:
122816	128716	-	2	1.268026	I:	D:
128903	131371	-	2	1.233632	I:	D:
132223	132786	-	1	1.269902	I:	D:
132786	133955	-	3	1.229133	I:	D:
133948	134616	-	1	1.229650	I:	D:
134871	135833	-	3	1.250044	I:	D:
135613	136041	+	1	1.333739	I:	D:
136724	138004	-	2	1.201396	I:	D:
138102	138596	-	3	1.237114	I:	D:
138760	139365	+	1	1.316287	I:	D:
139362	139973	+	3	1.324398	I:	D:
140086	141063	-	1	1.205028	I:	D:
141390	141938	-	3	1.268650	I:	D:
143249	144247	-	2	1.334868	I:	D:
145250	145414	-	2	1.238915	I:	D:
145482	145640	-	3	1.254575	I:	D:
145679	147136	-	2	1.214007	I:	D:
147276	148733	-	3	1.201920	I:	D:
149333	149836	+	2	1.191436	I:	D:
149906	151834	+	2	1.348348	I:	D:
151924	153954	+	1	1.314704	I:	D:
154023	155558	+	3	1.331327	I:	D:
155577	155909	+	3	1.313061	I:	D:
156351	157700	-	3	1.226691	I:	D:
157938	158504	-	3	1.242688	I:	D:
158638	159156	-	1	1.234927	I:	D:
159521	160258	-	2	1.225729	I:	D:
160514	161740	+	2	1.237943	I:	D:
161786	162274	+	2	1.256949	I:	D:
162334	162663	-	1	1.323901	I:	D:
162892	163353	+	1	1.244468	I:	D:
163344	164576	+	3	1.231180	I:	D:
164922	166124	-	3	1.230537	I:	D:
166430	167473	-	2	1.249724	I:	D:
167798	168268	-	2	1.203414	I:	D:
170070	170354	+	3	1.289339	I:	D:
>Y8.M034_28
903	1910	-	3	1.228825	I:	D:
1979	4282	-	2	1.259132	I:	D:
4286	4951	-	2	1.296039	I:	D:
5026	8454	+	1	1.269512	I:	D:
8757	10127	-	3	1.349568	I:	D:
10324	10722	-	1	1.322281	I:	D:
10948	11562	-	1	1.310282	I:	D:
11848	15699	-	1	1.291762	I:	D:
15846	16049	+	3	1.346751	I:	D:
16067	19891	-	2	1.237906	I:	D:
20122	23949	-	1	1.271838	I:	D:
24169	27573	-	1	1.254850	I:	D:
28107	31625	-	3	1.280242	I:	D:
31838	35662	-	2	1.277170	I:	D:
35878	37698	-	1	1.260456	I:	D:
38334	38546	-	3	1.310352	I:	D:
39034	40755	-	1	1.255644	I:	D:
40987	41382	+	1	1.299166	I:	D:
41385	41720	+	3	1.279397	I:	D:
41710	42516	+	1	1.285488	I:	D:
42574	43086	+	1	1.272741	I:	D:
43165	44112	-	1	1.272584	I:	D:
44109	45611	-	3	1.251123	I:	D:
45616	46248	-	1	1.247968	I:	D:
46245	48794	-	3	1.235544	I:	D:
48787	49383	-	1	1.253038	I:	D:
49544	51181	-	2	1.263187	I:	D:
51211	51756	+	1	1.286313	I:	D:
52760	52915	+	2	1.283659	I:	D:
53234	53713	-	2	1.232551	I:	D:
53858	54439	-	2	1.229345	I:	D:
54059	54496	+	2	1.236693	I:	D:
54522	54977	-	3	1.193115	I:	D:
55283	57244	-	2	1.230510	I:	D:
57341	58162	-	2	1.248728	I:	D:
58262	58804	-	2	1.212611	I:	D:
58957	60561	+	1	1.241649	I:	D:
60952	61107	+	1	1.210190	I:	D:
63061	64833	+	1	1.372463	I:	D:
64959	65384	-	3	1.229447	I:	D:
65509	66555	-	1	1.250612	I:	D:
66565	67566	-	1	1.224207	I:	D:
67566	69092	-	3	1.241016	I:	D:
69275	70315	-	2	1.256621	I:	D:
70317	70904	+	3	1.376492	I:	D:
71085	71549	-	3	1.301782	I:	D:
72475	73113	+	1	1.366042	I:	D:
73131	74987	+	3	1.409481	I:	D:
74984	77563	+	2	1.372132	I:	D:
77825	78499	+	2	1.277542	I:	D:
79426	79560	-	1	1.328302	I:	D:
81077	81403	-	2	1.376218	I:	D:
81576	81956	+	3	1.414557	I:	D:
82256	82402	-	2	1.336808	I:	D:
82990	83919	-	1	1.367482	I:	D:
84688	85365	-	1	1.335566	I:	D:
85562	85921	-	2	1.329581	I:	D:
85929	86222	-	3	1.367457	I:	D:
86720	87604	+	2	1.361068	I:	D:
87591	88559	+	3	1.345145	I:	D:
89007	89168	-	3	1.315345	I:	D:
89903	90817	-	2	1.218734	I:	D:
90814	91533	-	1	1.230590	I:	D:
91530	92909	-	3	1.266870	I:	D:
92728	92868	+	1	1.294003	I:	D:
92906	94594	-	2	1.237621	I:	D:
94370	94582	+	2	1.289052	I:	D:
94591	96777	-	1	1.242143	I:	D:
97699	98217	-	1	1.365107	I:	D:
98227	98412	-	1	1.350503	I:	D:
98468	98986	-	2	1.383640	I:	D:
99198	99716	-	3	1.374173	I:	D:
99899	100417	-	2	1.372218	I:	D:
100427	100864	-	2	1.324119	I:	D:
100766	102289	+	2	1.269925	I:	D:
102313	103350	+	1	1.288203	I:	D:
103997	104626	-	2	1.317232	I:	D:
104772	106049	-	3	1.310674	I:	D:
106224	107102	-	3	1.292997	I:	D:
107382	108026	-	3	1.260933	I:	D:
108058	108561	-	1	1.192356	I:	D:
108642	109985	-	3	1.244979	I:	D:
110058	110423	-	3	1.317990	I:	D:
110447	110977	+	2	1.310570	I:	D:
111352	112809	+	1	1.266239	I:	D:
113219	114355	+	2	1.220035	I:	D:
114357	115553	+	3	1.237941	I:	D:
115546	116361	+	1	1.280277	I:	D:
116856	117758	+	3	1.297028	I:	D:
118057	120081	+	1	1.213524	I:	D:
120157	122799	+	1	1.209550	I:	D:
122925	123317	+	3	1.242388	I:	D:
124722	125006	+	3	1.347496	I:	D:
125163	125297	+	3	1.369736	I:	D:
125830	132645	+	1	1.237948	I:	D:
132715	133188	+	1	1.323412	I:	D:
133329	133970	-	3	1.298336	I:	D:
133991	134419	-	2	1.269569	I:	D:
134416	135450	-	1	1.213649	I:	D:
135468	138563	-	3	1.254374	I:	D:
138560	140995	-	2	1.278770	I:	D:
141033	141503	-	3	1.261694	I:	D:
141636	143240	+	3	1.215121	I:	D:
143417	144883	+	2	1.203537	I:	D:
145029	147524	+	3	1.263266	I:	D:
147952	149172	+	1	1.355558	I:	D:
149397	149549	+	3	1.346374	I:	D:
149682	150848	+	3	1.336111	I:	D:
151005	152549	+	3	1.389743	I:	D:
152621	154246	-	2	1.366449	I:	D:
154286	155755	-	2	1.358990	I:	D:
155748	157583	-	3	1.401001	I:	D:
158019	160328	+	3	1.328078	I:	D:
160347	162695	-	3	1.315923	I:	D:
162722	164512	-	2	1.322686	I:	D:
>Y8.M034_29
3	638	+	3	1.220503	I:	D:
638	1984	+	2	1.204776	I:	D:
1981	2724	+	1	1.207578	I:	D:
2721	4025	+	3	1.243852	I:	D:
4022	6583	+	2	1.212384	I:	D:
6580	7908	+	1	1.231847	I:	D:
7901	8551	+	2	1.251098	I:	D:
8551	9528	+	1	1.200798	I:	D:
9525	9824	+	3	1.215411	I:	D:
9840	11816	+	3	1.205479	I:	D:
11680	13383	+	1	1.220809	I:	D:
13380	14948	+	3	1.220560	I:	D:
15026	15958	+	2	1.198176	I:	D:
16536	18047	+	3	1.207755	I:	D:
18078	19082	+	3	1.304094	I:	D:
19270	19773	-	1	1.273649	I:	D:
20280	20450	+	3	1.303422	I:	D:
20556	21599	+	3	1.300545	I:	D:
21649	22308	-	1	1.264046	I:	D:
22483	24030	+	1	1.248129	I:	D:
24185	25102	+	2	1.242764	I:	D:
25106	27160	+	2	1.221621	I:	D:
27157	28017	+	1	1.232042	I:	D:
28020	28937	+	3	1.203954	I:	D:
28990	29964	+	1	1.245992	I:	D:
29973	30647	+	3	1.205738	I:	D:
30741	31988	+	3	1.246506	I:	D:
32108	33097	+	2	1.281688	I:	D:
33298	34386	+	1	1.236624	I:	D:
34410	35060	+	3	1.345178	I:	D:
35381	35776	-	2	1.295791	I:	D:
35773	36243	-	1	1.273532	I:	D:
37834	38805	-	1	1.201272	I:	D:
38920	39546	-	1	1.243219	I:	D:
39729	41006	-	3	1.202829	I:	D:
41223	41519	+	3	1.405580	I:	D:
41596	42393	+	1	1.216393	I:	D:
42555	42986	+	3	1.225284	I:	D:
43056	43763	+	3	1.201514	I:	D:
43961	44560	+	2	1.314594	I:	D:
44553	45329	+	3	1.287557	I:	D:
45473	46783	+	2	1.298024	I:	D:
46780	48600	+	1	1.279985	I:	D:
48603	50366	+	3	1.238891	I:	D:
50766	51287	+	3	1.202488	I:	D:
51380	51760	+	2	1.216529	I:	D:
51844	52617	+	1	1.317538	I:	D:
53558	54634	+	2	1.284739	I:	D:
54863	55666	+	2	1.280518	I:	D:
55763	56113	+	2	1.368938	I:	D:
56356	57825	+	1	1.261814	I:	D:
57822	58832	+	3	1.215143	I:	D:
58926	59978	+	3	1.212188	I:	D:
60252	61931	+	3	1.235835	I:	D:
62101	63510	+	1	1.241110	I:	D:
63485	64480	+	2	1.246967	I:	D:
64494	64925	+	3	1.235450	I:	D:
65259	66008	+	3	1.262954	I:	D:
66019	67359	+	1	1.200662	I:	D:
67376	68743	+	2	1.216986	I:	D:
68774	71227	+	2	1.223174	I:	D:
71400	72707	+	3	1.217741	I:	D:
72735	73757	+	3	1.211943	I:	D:
73864	75465	+	1	1.216951	I:	D:
75553	76623	+	1	1.304203	I:	D:
>Y8.M034_30
2	751	+	2	1.164351	I:	D:
890	1177	-	2	1.290623	I:	D:
1392	2354	-	3	1.265951	I:	D:
2530	3996	-	1	1.278278	I:	D:
3998	4702	-	2	1.218015	I:	D:
4853	5353	+	2	1.277158	I:	D:
5350	6909	+	1	1.241320	I:	D:
6929	7822	+	2	1.217601	I:	D:
7938	8882	+	3	1.217470	I:	D:
8879	9313	+	2	1.213676	I:	D:
9443	9619	-	2	1.341264	I:	D:
9669	11288	+	3	1.209030	I:	D:
11404	12825	-	1	1.280180	I:	D:
12719	13441	+	2	1.212783	I:	D:
13597	15120	+	1	1.218096	I:	D:
15199	17487	-	1	1.315020	I:	D:
17579	18202	+	2	1.279018	I:	D:
18218	18823	+	2	1.284324	I:	D:
18931	19647	-	1	1.188900	I:	D:
19873	21939	-	1	1.274848	I:	D:
22137	22514	+	3	1.316725	I:	D:
22507	23370	+	1	1.270927	I:	D:
23491	24942	+	1	1.236125	I:	D:
25071	26375	+	3	1.302091	I:	D:
26407	27534	-	1	1.250166	I:	D:
27709	28386	+	1	1.219872	I:	D:
28867	29556	+	1	1.222182	I:	D:
29689	30621	+	1	1.243200	I:	D:
30865	31782	+	1	1.254449	I:	D:
31808	36079	+	2	1.228505	I:	D:
36120	36296	+	3	1.148119	I:	D:
36789	37181	-	3	1.189775	I:	D:
37453	38097	-	1	1.306279	I:	D:
38137	39060	+	1	1.249289	I:	D:
39066	40292	+	3	1.223312	I:	D:
40289	40987	+	2	1.304006	I:	D:
41409	42359	+	3	1.299545	I:	D:
43350	44066	+	3	1.350373	I:	D:
44085	44552	+	3	1.211202	I:	D:
>Y8.M034_31
2	832	+	2	1.190179	I:	D:
829	1494	+	1	1.232352	I:	D:
1537	2586	+	1	1.264877	I:	D:
2590	3138	+	1	1.307417	I:	D:
4055	5365	+	2	1.246198	I:	D:
5362	6102	+	1	1.209567	I:	D:
6216	6881	+	3	1.342355	I:	D:
7070	7765	+	2	1.311241	I:	D:
7859	9325	+	2	1.305200	I:	D:
9670	10332	+	1	1.335396	I:	D:
10468	13080	+	1	1.301581	I:	D:
13156	13950	+	1	1.279779	I:	D:
13959	14363	-	3	1.341863	I:	D:
14460	14690	-	3	1.332627	I:	D:
14831	15646	-	2	1.249841	I:	D:
15794	18814	+	2	1.272160	I:	D:
18901	19689	+	1	1.242490	I:	D:
19768	20337	-	1	1.202120	I:	D:
20362	21183	-	1	1.246124	I:	D:
21113	21925	+	2	1.262948	I:	D:
22207	25149	+	1	1.248184	I:	D:
25330	26322	+	1	1.180266	I:	D:
26652	27074	-	3	1.373469	I:	D:
27527	28993	-	2	1.198674	I:	D:
29245	30015	+	1	1.318852	I:	D:
30118	31323	+	1	1.232788	I:	D:
31409	32152	-	2	1.238069	I:	D:
32189	33451	-	2	1.244192	I:	D:
33611	34741	-	2	1.221825	I:	D:
35012	37261	+	2	1.303491	I:	D:
37322	38257	+	2	1.290870	I:	D:
38646	39347	-	3	1.313246	I:	D:
39482	40033	+	2	1.321764	I:	D:
40308	40586	+	3	1.194578	I:	D:
>Y8.M034_32
1586	2269	-	2	1.194549	I:	D:
2444	3412	-	2	1.241043	I:	D:
3518	5179	+	2	1.215764	I:	D:
5358	6752	+	3	1.251072	I:	D:
6749	9202	+	2	1.271452	I:	D:
9288	11819	+	3	1.224011	I:	D:
11974	12240	-	1	1.287331	I:	D:
12243	12506	-	3	1.258958	I:	D:
13090	14796	-	1	1.330457	I:	D:
>Y8.M034_33
165	1079	-	3	1.235980	I:	D:
1176	1640	+	3	1.299028	I:	D:
1637	2008	+	2	1.238638	I:	D:
2160	3182	+	3	1.252939	I:	D:
3317	3925	+	2	1.203275	I:	D:
4016	4837	+	2	1.233359	I:	D:
4966	5520	-	1	1.260418	I:	D:
5750	6388	-	2	1.253610	I:	D:
6571	7947	+	1	1.259396	I:	D:
7934	8440	+	2	1.233542	I:	D:
8600	9073	-	2	1.260694	I:	D:
9193	10482	-	1	1.215170	I:	D:
10838	11878	-	2	1.227176	I:	D:
12048	13112	+	3	1.285271	I:	D:
13337	14080	+	2	1.210178	I:	D:
>Y8.M034_34
1	207	-	1	1.414148	I:	D:
288	1289	-	3	1.264300	I:	D:
1539	2573	-	3	1.270853	I:	D:
2972	5788	+	2	1.218154	I:	D:
5788	6783	+	1	1.208019	I:	D:
6909	7973	+	3	1.206356	I:	D:
8009	9622	+	2	1.234068	I:	D:
>Y8.M034_35
2	985	+	2	1.227241	I:	D:
995	2656	+	2	1.213104	I:	D:
2779	4254	+	1	1.208203	I:	D:
4557	5843	-	3	1.252916	I:	D:
5842	6549	+	1	1.181586	I:	D:
6800	7885	+	2	1.377435	I:	D:
8039	9499	-	2	1.288419	I:	D:
>Y8.M034_36
2	2041	+	2	1.308646	I:	D:
2045	3997	+	2	1.353233	I:	D:
4012	6921	+	1	1.336318	I:	D:
7061	8305	+	2	1.223624	I:	D:
>Y8.M034_37
13	504	-	1	1.183628	I:	D:
543	1049	-	3	1.275716	I:	D:
1190	1984	-	2	1.278031	I:	D:
2092	2841	-	1	1.255975	I:	D:
2926	3510	-	1	1.232614	I:	D:
>Y8.M034_38
903	1151	+	3	1.209074	I:	D:
1185	3152	-	3	1.158912	I:	D:
3086	3454	-	2	1.200414	I:	D:
3543	4202	-	3	1.210930	I:	D:
3853	4665	+	1	1.253238	I:	D:
4906	6372	+	1	1.268530	I:	D:
6380	8482	+	2	1.257272	I:	D:
8479	8949	+	1	1.284945	I:	D:
9897	10163	-	3	1.307041	I:	D:
10160	10684	-	2	1.283491	I:	D:
10677	10952	-	3	1.307976	I:	D:
11213	11902	-	2	1.238639	I:	D:
11976	12725	-	3	1.204192	I:	D:
12749	13684	+	2	1.263057	I:	D:
13757	14152	+	2	1.206627	I:	D:
14364	14588	+	3	1.308518	I:	D:
14756	15064	-	2	1.297751	I:	D:
15222	16004	-	3	1.190011	I:	D:
16004	16876	-	2	1.244682	I:	D:
16889	17752	-	2	1.218320	I:	D:
17986	18138	-	1	1.233748	I:	D:
18326	19618	-	2	1.246249	I:	D:
19702	21168	-	1	1.211357	I:	D:
21279	21482	-	3	1.208509	I:	D:
21724	22509	+	1	1.241099	I:	D:
22506	23873	+	3	1.220626	I:	D:
24803	25666	+	2	1.195743	I:	D:
25836	26333	+	3	1.363583	I:	D:
26456	26821	+	2	1.343534	I:	D:
27387	27845	+	3	1.365123	I:	D:
27868	28428	+	1	1.391272	I:	D:
28513	28938	+	1	1.374199	I:	D:
28979	29359	+	2	1.411544	I:	D:
29626	30471	-	1	1.238481	I:	D:
30374	30895	+	2	1.206691	I:	D:
31003	31881	+	1	1.261275	I:	D:
31993	32754	+	1	1.263528	I:	D:
32852	33115	-	2	1.303053	I:	D:
33238	33945	+	1	1.331829	I:	D:
33938	34699	+	2	1.261664	I:	D:
34710	34871	+	3	1.199767	I:	D:
35114	35800	+	2	1.237164	I:	D:
36521	36703	+	2	1.340498	I:	D:
36710	38728	-	2	1.240678	I:	D:
38701	41277	-	1	1.290979	I:	D:
41274	42725	-	3	1.260093	I:	D:
42729	44108	-	3	1.227383	I:	D:
44108	45394	-	2	1.260044	I:	D:
45396	45896	-	3	1.275730	I:	D:
45901	46602	-	1	1.253785	I:	D:
47096	47341	-	2	1.372372	I:	D:
47450	48412	-	2	1.224419	I:	D:
48757	49116	+	1	1.246696	I:	D:
49175	50560	+	2	1.240861	I:	D:
50600	51679	+	2	1.287017	I:	D:
51827	52387	-	2	1.253549	I:	D:
52393	53703	-	1	1.236595	I:	D:
53825	54154	-	2	1.185643	I:	D:
54151	54939	-	1	1.281984	I:	D:
55187	56083	+	2	1.194178	I:	D:
56172	56831	+	3	1.218129	I:	D:
56857	57489	+	1	1.227514	I:	D:
57477	58244	+	3	1.195792	I:	D:
59122	60252	-	1	1.270307	I:	D:
60384	61724	+	3	1.345443	I:	D:
62858	63949	+	2	1.371777	I:	D:
64137	66752	-	3	1.219465	I:	D:
66595	67185	+	1	1.240154	I:	D:
67214	68146	+	2	1.258561	I:	D:
68692	68937	+	1	1.208225	I:	D:
69239	69655	+	2	1.344202	I:	D:
69796	71781	+	1	1.239935	I:	D:
72038	72442	+	2	1.298426	I:	D:
72612	73253	+	3	1.334240	I:	D:
73363	73818	+	1	1.316036	I:	D:
73942	75699	+	1	1.219094	I:	D:
75709	75846	+	1	1.280626	I:	D:
75850	76068	+	1	1.297643	I:	D:
76224	76421	-	3	1.290741	I:	D:
76763	77770	-	2	1.335980	I:	D:
78846	79628	+	3	1.235919	I:	D:
79662	82196	+	3	1.253227	I:	D:
82272	85319	-	3	1.254407	I:	D:
85602	87362	-	3	1.236313	I:	D:
87881	90838	+	2	1.277069	I:	D:
90919	92529	+	1	1.192099	I:	D:
92653	93747	+	1	1.203879	I:	D:
93940	94836	+	1	1.196371	I:	D:
94932	95444	+	3	1.193891	I:	D:
96015	96794	+	3	1.295986	I:	D:
97086	98423	-	3	1.225300	I:	D:
98621	99274	-	2	1.264221	I:	D:
99271	99804	-	1	1.228189	I:	D:
99886	100407	-	1	1.269786	I:	D:
100404	105674	-	3	1.210025	I:	D:
105775	106824	-	1	1.242994	I:	D:
106891	107403	+	1	1.409102	I:	D:
107557	108681	-	1	1.259022	I:	D:
108708	109004	-	3	1.238929	I:	D:
109344	110066	+	3	1.223614	I:	D:
110165	111280	-	2	1.227252	I:	D:
111496	112194	+	1	1.308452	I:	D:
112297	113703	+	1	1.249066	I:	D:
113808	114581	+	3	1.285160	I:	D:
114794	115654	+	2	1.262573	I:	D:
115738	115929	-	1	1.326472	I:	D:
115981	116622	-	1	1.195193	I:	D:
116790	117893	-	3	1.261319	I:	D:
117903	118691	-	3	1.248391	I:	D:
118731	118883	+	3	1.239456	I:	D:
118894	119616	-	1	1.194420	I:	D:
120297	120488	+	3	1.272247	I:	D:
120776	122689	-	2	1.204232	I:	D:
122686	123657	-	1	1.225511	I:	D:
123650	124576	-	2	1.225913	I:	D:
124889	126478	-	2	1.213734	I:	D:
126740	127657	-	2	1.252440	I:	D:
127654	128349	-	1	1.254027	I:	D:
128346	128984	-	3	1.226458	I:	D:
128981	129847	-	2	1.216850	I:	D:
129844	130311	-	1	1.270622	I:	D:
130379	131164	+	2	1.284420	I:	D:
131300	131683	+	2	1.269878	I:	D:
131889	133526	-	3	1.266880	I:	D:
133421	133900	+	2	1.284692	I:	D:
134136	134288	-	3	1.270627	I:	D:
134428	134991	-	1	1.221132	I:	D:
>Y8.M034_39
547	936	+	1	1.384479	I:	D:
1718	2617	+	2	1.209862	I:	D:
2966	4711	+	2	1.267026	I:	D:
4766	6028	+	2	1.235010	I:	D:
6025	6618	+	1	1.217980	I:	D:
6628	7323	+	1	1.258279	I:	D:
7320	7769	+	3	1.274372	I:	D:
8001	8714	+	3	1.250556	I:	D:
8731	10710	+	1	1.235577	I:	D:
10707	11450	+	3	1.259160	I:	D:
11603	11842	+	2	1.347414	I:	D:
11982	12977	+	3	1.231932	I:	D:
>Y8.M034_40
2	1300	+	2	1.220264	I:	D:
1415	1999	+	2	1.167588	I:	D:
2049	2402	+	3	1.205726	I:	D:
>Y8.M034_41
1	357	-	1	1.204602	I:	D:
397	981	-	1	1.159801	I:	D:
1095	2393	-	3	1.216805	I:	D:
>Y8.M034_42
79	474	-	1	1.253407	I:	D:
668	2002	+	2	1.201633	I:	D:
>Y8.M034_43
43	1263	+	1	1.259126	I:	D:
1687	2835	-	1	1.333321	I:	D:
2961	4388	+	3	1.240848	I:	D:
4459	5721	+	1	1.244208	I:	D:
>Y8.M034_44
3	734	-	3	1.226617	I:	D:
762	1622	-	3	1.240098	I:	D:
1791	2876	+	3	1.259034	I:	D:
>Y8.M034_45
1	138	-	1	1.245793	I:	D:
211	1236	-	1	1.257043	I:	D:
1332	2609	-	3	1.284146	I:	D:
3224	4006	+	2	1.292349	I:	D:
4093	4821	+	1	1.299895	I:	D:
4843	6609	+	1	1.319299	I:	D:
6862	8844	-	1	1.299984	I:	D:
9468	11102	-	3	1.276406	I:	D:
11445	11627	+	3	1.356307	I:	D:
>Y8.M034_46
464	2473	+	2	1.225604	I:	D:
2728	4338	+	1	1.299058	I:	D:
4500	9074	-	3	1.218310	I:	D:
9488	9844	+	2	1.403196	I:	D:
9919	10470	+	1	1.362552	I:	D:
10779	12800	-	3	1.245333	I:	D:
12810	13610	-	3	1.221757	I:	D:
13952	14464	+	2	1.228519	I:	D:
14674	14898	-	1	1.258673	I:	D:
15069	15599	-	3	1.224216	I:	D:
15885	17201	-	3	1.339927	I:	D:
17395	19014	-	1	1.276570	I:	D:
19174	21144	-	1	1.319172	I:	D:
21223	21837	-	1	1.288712	I:	D:
21861	22685	-	3	1.291850	I:	D:
22689	23108	-	3	1.342347	I:	D:
23209	24201	-	1	1.260596	I:	D:
24492	25268	-	3	1.249464	I:	D:
25274	25909	-	2	1.199547	I:	D:
25960	27510	-	1	1.242360	I:	D:
27510	31280	-	3	1.228103	I:	D:
31350	31997	-	3	1.227245	I:	D:
>Y8.M034_47
1	249	+	1	1.186812	I:	D:
251	742	+	2	1.219943	I:	D:
913	1416	+	1	1.282210	I:	D:
1461	1610	-	3	1.184715	I:	D:
1569	1787	+	3	1.250655	I:	D:
1923	3335	+	3	1.235214	I:	D:
3407	3976	-	2	1.261506	I:	D:
4127	5614	-	2	1.208171	I:	D:
>Y8.M034_48
1	1467	+	1	1.267401	I:	D:
1702	1917	+	1	1.259400	I:	D:
>Y8.M034_49
134	2110	+	2	1.171933	I:	D:
>Y8.M034_50
529	1983	+	1	1.259859	I:	D:
2074	2889	-	1	1.282662	I:	D:
2929	3105	-	1	1.359429	I:	D:
>Y8.M034_51
2	175	+	2	1.313401	I:	D:
529	3675	+	1	1.308245	I:	D:
4050	6965	+	3	1.274979	I:	D:
>Y8.M034_52
106	483	+	1	1.356504	I:	D:
802	1419	+	1	1.352793	I:	D:
1727	2008	-	2	1.329091	I:	D:
2074	2388	+	1	1.373244	I:	D:
2691	2834	+	3	1.270614	I:	D:
>Y8.M034_53
284	1183	-	2	1.327244	I:	D:
1284	2072	-	3	1.258734	I:	D:
2065	3273	-	1	1.194111	I:	D:
>Y8.M034_54
19	1485	+	1	1.252703	I:	D:
1547	2746	-	2	1.385450	I:	D:
2725	2859	-	1	1.352244	I:	D:
2893	3048	-	1	1.183809	I:	D:
>Y8.M034_55
3	1169	-	3	1.365555	I:	D:
1166	2677	-	2	1.269381	I:	D:
>Y8.M034_56
1	774	-	1	1.227077	I:	D:
1165	1905	+	1	1.299324	I:	D:
1929	2075	-	3	1.311706	I:	D:
>Y8.M034_57
35	1252	+	2	1.311344	I:	D:
1384	1770	+	1	1.274092	I:	D:
1776	2222	+	3	1.250658	I:	D:
>Y8.M034_58
2	916	+	2	1.207327	I:	D:
973	1737	+	1	1.244923	I:	D:
1751	2614	+	2	1.239331	I:	D:
>Y8.M034_59
2	451	+	2	1.222296	I:	D:
461	1468	+	2	1.354945	I:	D:
1640	2302	+	2	1.359726	I:	D:
