>YB2_86
1	1035	+	1	1.327071	I:	D:
1040	2059	+	2	1.319301	I:	D:
2049	2879	+	3	1.314220	I:	D:
2943	4253	+	3	1.328936	I:	D:
4271	4741	+	2	1.302250	I:	D:
4728	5465	+	3	1.299720	I:	D:
5509	6912	+	1	1.301091	I:	D:
6938	7507	+	2	1.312871	I:	D:
7521	7934	+	3	1.309462	I:	D:
8018	9424	+	2	1.319300	I:	D:
9578	9796	+	2	1.301879	I:	D:
9808	10599	+	1	1.304306	I:	D:
10599	11447	+	3	1.313722	I:	D:
11460	11978	+	3	1.309200	I:	D:
12006	12986	+	3	1.326006	I:	D:
12993	14129	+	3	1.316522	I:	D:
14148	14510	+	3	1.291421	I:	D:
14512	14910	+	1	1.291151	I:	D:
14919	15755	+	3	1.334422	I:	D:
15779	16048	+	2	1.354562	I:	D:
16055	16825	+	2	1.331202	I:	D:
16827	17960	+	3	1.318025	I:	D:
18005	20047	+	2	1.328535	I:	D:
20037	21329	+	3	1.316447	I:	D:
21329	22210	+	2	1.327505	I:	D:
22256	22969	+	2	1.320803	I:	D:
22953	24035	+	3	1.328861	I:	D:
24026	26113	+	2	1.309844	I:	D:
26129	26584	+	2	1.305649	I:	D:
26600	27223	+	2	1.332569	I:	D:
27216	27701	+	3	1.325199	I:	D:
27718	27984	+	1	1.300426	I:	D:
28010	28774	+	2	1.321718	I:	D:
28779	30389	+	3	1.315014	I:	D:
30417	30722	+	3	1.303498	I:	D:
30739	31461	+	1	1.302762	I:	D:
31461	32006	+	3	1.323192	I:	D:
32209	32949	+	1	1.315266	I:	D:
32977	33915	+	1	1.308081	I:	D:
33979	34644	+	1	1.306864	I:	D:
34766	36526	+	2	1.323894	I:	D:
36526	38370	+	1	1.333964	I:	D:
38442	40007	+	3	1.322556	I:	D:
40050	41636	+	3	1.335513	I:	D:
41751	42224	+	3	1.318390	I:	D:
42310	43404	+	1	1.307388	I:	D:
43410	43667	+	3	1.352685	I:	D:
43668	43976	+	3	1.311345	I:	D:
43999	46410	+	1	1.311867	I:	D:
46413	46793	+	3	1.335818	I:	D:
46780	47724	+	1	1.327117	I:	D:
47721	48626	+	3	1.330938	I:	D:
48637	49521	+	1	1.330653	I:	D:
49615	50280	+	1	1.320855	I:	D:
50334	50813	-	3	1.343433	I:	D:
50914	51624	+	1	1.364088	I:	D:
51640	53589	+	1	1.324530	I:	D:
53638	54561	+	1	1.336895	I:	D:
55244	55420	+	2	1.339714	I:	D:
>YB2_233
33	1259	-	3	1.289173	I:	D:
1263	2858	-	3	1.312593	I:	D:
3061	3714	+	1	1.355491	I:	D:
3695	4057	+	2	1.381228	I:	D:
>YB2_361
246	1154	+	3	1.328633	I:	D:
1367	1861	+	2	1.284709	I:	D:
1845	2018	+	3	1.355786	I:	D:
2100	3683	+	3	1.317364	I:	D:
3786	5405	+	3	1.336491	I:	D:
5442	7583	+	3	1.328663	I:	D:
7627	8043	+	1	1.309196	I:	D:
8146	8475	-	1	1.312704	I:	D:
8671	10095	+	1	1.326151	I:	D:
10369	10803	+	1	1.282823	I:	D:
10911	12308	-	3	1.341817	I:	D:
12594	14108	+	3	1.346692	I:	D:
14105	14509	+	2	1.320668	I:	D:
14625	15158	+	3	1.338977	I:	D:
15175	15855	+	1	1.336646	I:	D:
15866	17137	+	2	1.348374	I:	D:
17199	18596	+	3	1.336440	I:	D:
18621	20069	+	3	1.335923	I:	D:
20363	22153	+	2	1.325706	I:	D:
22175	24103	+	2	1.342797	I:	D:
24696	25109	+	3	1.393748	I:	D:
26053	26826	+	1	1.330883	I:	D:
26886	29183	+	3	1.323431	I:	D:
29207	32275	+	2	1.331813	I:	D:
32302	34074	+	1	1.307805	I:	D:
34210	35826	+	1	1.327540	I:	D:
36284	36811	+	2	1.336276	I:	D:
36843	37049	+	3	1.306823	I:	D:
37214	37543	+	2	1.316478	I:	D:
37813	38928	+	1	1.334889	I:	D:
38972	40888	-	2	1.319637	I:	D:
41122	41877	+	1	1.319695	I:	D:
41996	42706	+	2	1.317939	I:	D:
42732	44168	+	3	1.344042	I:	D:
44234	45619	+	2	1.346588	I:	D:
45697	46689	+	1	1.337070	I:	D:
46749	48122	+	3	1.334629	I:	D:
48140	49873	+	2	1.319940	I:	D:
49954	52653	+	1	1.326811	I:	D:
52694	53950	+	2	1.323205	I:	D:
53971	54159	+	1	1.300149	I:	D:
>YB2_653
138	2279	-	3	1.321207	I:	D:
2293	3234	-	1	1.345873	I:	D:
3224	4120	-	2	1.351982	I:	D:
4154	5335	-	2	1.333440	I:	D:
5413	6558	-	1	1.343404	I:	D:
6607	7353	-	1	1.310826	I:	D:
7437	7598	-	3	1.326397	I:	D:
7620	8684	-	3	1.324462	I:	D:
8749	9492	-	1	1.313599	I:	D:
9698	11425	-	2	1.346669	I:	D:
11452	12456	-	1	1.313977	I:	D:
12467	13633	-	2	1.336298	I:	D:
13693	15537	-	1	1.311842	I:	D:
15597	16250	-	3	1.299506	I:	D:
16240	17292	-	1	1.311412	I:	D:
17486	19147	-	2	1.311959	I:	D:
19239	20300	-	3	1.328634	I:	D:
20309	21148	-	2	1.347607	I:	D:
21151	21867	-	1	1.331180	I:	D:
21897	22859	-	3	1.314558	I:	D:
22904	24025	-	2	1.307872	I:	D:
24103	24954	-	1	1.322259	I:	D:
25054	27261	-	1	1.327774	I:	D:
27280	28512	-	1	1.318381	I:	D:
28559	29125	-	2	1.308612	I:	D:
29325	30416	-	3	1.335242	I:	D:
30439	31602	-	1	1.313470	I:	D:
31619	32701	-	2	1.324047	I:	D:
32716	34422	-	1	1.313303	I:	D:
34502	36166	-	2	1.336543	I:	D:
36537	37619	-	3	1.319155	I:	D:
37658	38353	-	2	1.346528	I:	D:
38377	38868	-	1	1.309990	I:	D:
38881	40149	-	1	1.317703	I:	D:
40343	41362	+	2	1.337508	I:	D:
41402	41542	-	2	1.366201	I:	D:
41578	43272	-	1	1.303405	I:	D:
43286	43570	-	2	1.307097	I:	D:
43755	44489	-	3	1.354420	I:	D:
44556	45197	-	3	1.344933	I:	D:
45234	46103	-	3	1.332364	I:	D:
46141	47808	-	1	1.318445	I:	D:
47870	49780	-	2	1.322565	I:	D:
49869	51689	-	3	1.349444	I:	D:
52004	52453	-	2	1.330311	I:	D:
>YB2_1631
2	223	-	2	1.308731	I:	D:
489	1205	-	3	1.344632	I:	D:
1230	2714	-	3	1.332850	I:	D:
3018	4373	-	3	1.318270	I:	D:
4424	4981	-	2	1.336093	I:	D:
4995	5441	-	3	1.306966	I:	D:
5599	6843	-	1	1.341089	I:	D:
7007	7420	-	2	1.332836	I:	D:
7429	8235	-	1	1.310525	I:	D:
8235	8444	-	3	1.304980	I:	D:
8694	9014	-	3	1.318650	I:	D:
9024	9269	-	3	1.281001	I:	D:
9262	10122	-	1	1.346644	I:	D:
10162	11382	-	1	1.328231	I:	D:
11395	13020	-	1	1.333012	I:	D:
13022	13921	-	2	1.336713	I:	D:
13944	14258	-	3	1.337058	I:	D:
14242	15960	-	1	1.337361	I:	D:
15990	17051	-	3	1.325228	I:	D:
17057	17926	-	2	1.357088	I:	D:
18023	18859	-	2	1.344482	I:	D:
18879	19880	-	3	1.332102	I:	D:
19893	20819	-	3	1.326471	I:	D:
21001	23337	-	1	1.327778	I:	D:
23346	24386	-	3	1.336790	I:	D:
24390	25325	-	3	1.325484	I:	D:
25356	26528	-	3	1.307873	I:	D:
26563	26829	-	1	1.274297	I:	D:
26855	27541	-	2	1.317869	I:	D:
27563	28441	-	2	1.353341	I:	D:
28465	32865	-	1	1.320887	I:	D:
32858	33571	-	2	1.322684	I:	D:
33571	35145	-	1	1.315575	I:	D:
35324	36202	-	2	1.320176	I:	D:
36263	36763	-	2	1.333606	I:	D:
37030	39336	+	1	1.313721	I:	D:
39359	39538	-	2	1.342712	I:	D:
39626	40285	-	2	1.320218	I:	D:
40287	40670	-	3	1.328320	I:	D:
40743	41786	-	3	1.334042	I:	D:
41894	44518	-	2	1.324725	I:	D:
44525	45328	-	2	1.328958	I:	D:
45592	46839	-	1	1.334449	I:	D:
46850	47521	-	2	1.327609	I:	D:
47753	47920	+	2	1.330234	I:	D:
47994	48293	-	3	1.295940	I:	D:
48426	48599	-	3	1.378227	I:	D:
>YB2_1873
1	756	+	1	1.331412	I:	D:
838	1377	+	1	1.324658	I:	D:
1370	4000	+	2	1.319488	I:	D:
4022	4660	+	2	1.318655	I:	D:
4679	6787	+	2	1.318645	I:	D:
6790	8487	+	1	1.325094	I:	D:
8622	9626	+	3	1.311921	I:	D:
9651	10841	+	3	1.327375	I:	D:
10943	11122	+	2	1.370785	I:	D:
11279	12301	+	2	1.318205	I:	D:
12303	13004	+	3	1.337955	I:	D:
13013	14626	+	2	1.315745	I:	D:
14700	16571	+	3	1.311799	I:	D:
16585	17778	+	1	1.306801	I:	D:
17825	19069	+	2	1.320258	I:	D:
19071	20258	+	3	1.326793	I:	D:
20278	22014	+	1	1.333382	I:	D:
22018	22815	+	1	1.333760	I:	D:
22847	23119	+	2	1.287237	I:	D:
23138	24502	+	2	1.324482	I:	D:
24527	26398	+	2	1.352969	I:	D:
26382	27077	+	3	1.348917	I:	D:
27116	28294	+	2	1.334290	I:	D:
28446	28751	+	3	1.323913	I:	D:
28760	29086	+	2	1.333992	I:	D:
29092	29382	+	1	1.335779	I:	D:
29473	30765	+	1	1.321441	I:	D:
30792	31082	+	3	1.342435	I:	D:
31084	31737	+	1	1.354250	I:	D:
31734	32312	+	3	1.334650	I:	D:
32324	32671	+	2	1.326173	I:	D:
32673	33863	+	3	1.321462	I:	D:
33884	34213	+	2	1.347986	I:	D:
34325	34951	-	2	1.311724	I:	D:
35145	36353	+	3	1.313183	I:	D:
36363	37001	+	3	1.320664	I:	D:
37046	38338	+	2	1.317090	I:	D:
38354	38947	+	2	1.314742	I:	D:
38952	39341	+	3	1.325170	I:	D:
39356	39490	+	2	1.304583	I:	D:
39492	42131	+	3	1.314257	I:	D:
42166	42765	+	1	1.328223	I:	D:
42848	43102	+	2	1.360498	I:	D:
43223	43447	+	2	1.349000	I:	D:
43440	44657	+	3	1.329942	I:	D:
44666	45664	+	2	1.316712	I:	D:
45737	46249	+	2	1.309058	I:	D:
46236	47315	+	3	1.315140	I:	D:
47359	47715	+	1	1.304675	I:	D:
>YB2_1925
508	1347	-	1	1.345420	I:	D:
1387	2910	-	1	1.328707	I:	D:
2907	3527	-	3	1.326879	I:	D:
>YB2_2067
3	176	-	3	1.358232	I:	D:
330	683	-	3	1.327047	I:	D:
685	3489	-	1	1.320397	I:	D:
>YB2_2245
2	5575	+	2	1.329161	I:	D:
5663	5866	+	2	1.328782	I:	D:
6079	7365	+	1	1.302589	I:	D:
7401	8693	+	3	1.308754	I:	D:
9267	9785	-	3	1.322050	I:	D:
10021	11490	+	1	1.332526	I:	D:
11645	11848	+	2	1.348993	I:	D:
11924	12871	+	2	1.331795	I:	D:
12880	13752	+	1	1.351636	I:	D:
13814	14467	+	2	1.327315	I:	D:
14621	14887	+	2	1.317371	I:	D:
15138	15359	+	3	1.317306	I:	D:
15476	16372	+	2	1.331001	I:	D:
16478	17563	+	2	1.301646	I:	D:
17651	19390	+	2	1.292205	I:	D:
19500	20291	+	3	1.307922	I:	D:
20445	20690	+	3	1.297713	I:	D:
20703	21275	+	3	1.294613	I:	D:
21531	21968	+	3	1.324406	I:	D:
22036	22836	+	1	1.384970	I:	D:
22867	24801	+	1	1.328068	I:	D:
24832	25707	-	1	1.331070	I:	D:
25797	27215	-	3	1.343696	I:	D:
27416	28252	+	2	1.322027	I:	D:
28384	29160	+	1	1.322496	I:	D:
29201	29821	+	2	1.360410	I:	D:
29837	31165	+	2	1.339948	I:	D:
31181	32671	+	2	1.336201	I:	D:
32731	33564	+	1	1.324535	I:	D:
33592	35958	+	1	1.344051	I:	D:
35995	37452	+	1	1.345921	I:	D:
37471	38517	+	1	1.326594	I:	D:
38626	39522	+	1	1.346930	I:	D:
39607	39810	+	1	1.312490	I:	D:
40025	40618	+	2	1.313914	I:	D:
40647	41036	+	3	1.316421	I:	D:
41047	42372	+	1	1.349787	I:	D:
42378	43799	+	3	1.306578	I:	D:
43799	44503	+	2	1.303038	I:	D:
44496	45737	+	3	1.321372	I:	D:
45757	46428	+	1	1.314431	I:	D:
>YB2_3351
1	249	+	1	1.329310	I:	D:
267	1097	+	3	1.308567	I:	D:
1104	1832	+	3	1.303016	I:	D:
1919	2791	+	2	1.348350	I:	D:
2819	5194	-	2	1.327113	I:	D:
5348	6292	+	2	1.333081	I:	D:
6289	7410	+	1	1.347387	I:	D:
7400	8617	+	2	1.359399	I:	D:
8738	10177	+	2	1.334476	I:	D:
10252	10446	-	1	1.288229	I:	D:
10482	11861	-	3	1.317011	I:	D:
12428	12715	+	2	1.339428	I:	D:
12624	12878	+	3	1.337769	I:	D:
12899	13063	+	2	1.311200	I:	D:
13091	13681	+	2	1.338339	I:	D:
13685	14149	+	2	1.305901	I:	D:
14306	16294	+	2	1.313519	I:	D:
16405	16590	+	1	1.361035	I:	D:
16931	18715	+	2	1.333265	I:	D:
18890	19768	+	2	1.322760	I:	D:
19786	20403	+	1	1.326125	I:	D:
20421	20654	+	3	1.330055	I:	D:
20742	22241	+	3	1.323003	I:	D:
22198	23379	+	1	1.345765	I:	D:
23417	24226	+	2	1.327622	I:	D:
24256	24747	+	1	1.323091	I:	D:
24791	25765	+	2	1.326542	I:	D:
25779	27089	+	3	1.332935	I:	D:
27091	28137	+	1	1.351056	I:	D:
28127	28849	+	2	1.327774	I:	D:
28891	29496	+	1	1.336322	I:	D:
29524	31104	+	1	1.323280	I:	D:
31122	32660	+	3	1.316347	I:	D:
32670	33356	+	3	1.332663	I:	D:
33357	34907	+	3	1.321356	I:	D:
35101	35559	+	1	1.312535	I:	D:
36075	36884	+	3	1.318208	I:	D:
36900	39257	+	3	1.326483	I:	D:
39316	40476	+	1	1.307761	I:	D:
40498	41202	+	1	1.315026	I:	D:
41266	41811	+	1	1.309637	I:	D:
41815	42384	+	1	1.334150	I:	D:
>YB2_3537
2	550	+	2	1.340317	I:	D:
569	1888	+	2	1.326065	I:	D:
1940	2869	+	2	1.328588	I:	D:
3250	4014	+	1	1.340269	I:	D:
4014	4916	+	3	1.316401	I:	D:
4923	5246	+	3	1.339142	I:	D:
5274	7370	+	3	1.326067	I:	D:
7464	8303	+	3	1.326696	I:	D:
8329	9519	+	1	1.330829	I:	D:
9571	11046	+	1	1.330997	I:	D:
11068	14712	+	1	1.359877	I:	D:
14754	15242	+	3	1.321513	I:	D:
15371	16054	+	2	1.295208	I:	D:
16059	18338	+	3	1.325789	I:	D:
18412	18666	+	1	1.308192	I:	D:
18953	26026	+	2	1.328448	I:	D:
26094	27434	+	3	1.347140	I:	D:
27431	28417	+	2	1.360823	I:	D:
28535	28906	+	2	1.374786	I:	D:
29073	29294	+	3	1.407184	I:	D:
29434	29769	-	1	1.348261	I:	D:
29766	30560	-	3	1.366850	I:	D:
30557	31546	-	2	1.355021	I:	D:
31521	32702	-	3	1.320085	I:	D:
32762	33556	+	2	1.339395	I:	D:
33559	34032	+	1	1.378937	I:	D:
34036	36096	+	1	1.336992	I:	D:
36130	36333	+	1	1.387868	I:	D:
36359	37759	+	2	1.321152	I:	D:
37888	38157	+	1	1.322219	I:	D:
38231	39472	+	2	1.299373	I:	D:
40717	41664	+	1	1.331686	I:	D:
>YB2_3645
10	777	-	1	1.333026	I:	D:
677	2107	-	2	1.339269	I:	D:
2107	4485	-	1	1.354290	I:	D:
4478	4882	-	2	1.293901	I:	D:
4901	5899	-	2	1.321259	I:	D:
5915	6511	-	2	1.317544	I:	D:
6575	7168	-	2	1.282911	I:	D:
7297	8364	+	1	1.318110	I:	D:
8391	10085	-	3	1.317875	I:	D:
10102	13236	-	1	1.317898	I:	D:
13236	14447	-	3	1.323694	I:	D:
14505	14657	-	3	1.332506	I:	D:
14849	15448	-	2	1.325894	I:	D:
15451	16323	-	1	1.309134	I:	D:
16669	17844	-	1	1.324290	I:	D:
18052	19707	-	1	1.327054	I:	D:
19709	20389	-	2	1.315418	I:	D:
20391	20840	-	3	1.281099	I:	D:
21033	21782	-	3	1.315052	I:	D:
21805	22713	-	1	1.330650	I:	D:
22716	23567	-	3	1.329423	I:	D:
23611	24474	-	1	1.311342	I:	D:
24888	25868	-	3	1.315233	I:	D:
26134	28296	-	1	1.326871	I:	D:
28262	29176	-	2	1.330738	I:	D:
29178	30860	-	3	1.313528	I:	D:
31058	31750	-	2	1.321570	I:	D:
31918	32379	+	1	1.310680	I:	D:
32837	33154	-	2	1.309265	I:	D:
33182	33652	-	2	1.314625	I:	D:
33615	35342	-	3	1.317494	I:	D:
35595	35783	-	3	1.259265	I:	D:
35839	36072	-	1	1.312067	I:	D:
36189	37484	-	3	1.326178	I:	D:
37626	38285	-	3	1.340974	I:	D:
38338	38922	-	1	1.325227	I:	D:
39020	39154	-	2	1.381252	I:	D:
39269	39661	-	2	1.319024	I:	D:
39729	41270	-	3	1.323587	I:	D:
41379	41594	-	3	1.297974	I:	D:
>YB2_3787
2	832	-	2	1.360420	I:	D:
930	1709	-	3	1.366869	I:	D:
1759	3588	-	1	1.331526	I:	D:
3786	4433	+	3	1.327160	I:	D:
4594	5238	-	1	1.321655	I:	D:
5324	6157	-	2	1.342175	I:	D:
6220	6756	-	1	1.322280	I:	D:
6823	7779	-	1	1.306797	I:	D:
7840	8433	-	1	1.355406	I:	D:
8454	8852	-	3	1.357130	I:	D:
8868	9236	-	3	1.338256	I:	D:
9544	9714	-	1	1.323933	I:	D:
9741	9959	-	3	1.314885	I:	D:
9990	10757	-	3	1.346206	I:	D:
10778	11419	-	2	1.324230	I:	D:
11537	12850	-	2	1.335838	I:	D:
12852	13292	-	3	1.328400	I:	D:
13316	13498	-	2	1.301480	I:	D:
13513	14022	-	1	1.307224	I:	D:
14041	14409	-	1	1.313678	I:	D:
14427	14966	-	3	1.323419	I:	D:
15011	15412	-	2	1.316400	I:	D:
15444	15629	-	3	1.391219	I:	D:
15643	16182	-	1	1.310377	I:	D:
16206	16523	-	3	1.296772	I:	D:
16536	16904	-	3	1.324362	I:	D:
16920	17174	-	3	1.350115	I:	D:
17199	17402	-	3	1.340650	I:	D:
17392	17832	-	1	1.321409	I:	D:
17832	18497	-	3	1.322877	I:	D:
18508	18894	-	1	1.359368	I:	D:
18915	19196	-	3	1.341229	I:	D:
19208	20050	-	2	1.344996	I:	D:
20112	20411	-	3	1.316585	I:	D:
20411	21031	-	2	1.331980	I:	D:
21061	21744	-	1	1.323097	I:	D:
21849	22160	-	3	1.342326	I:	D:
22546	23421	-	1	1.313993	I:	D:
23447	24658	-	2	1.327018	I:	D:
24808	27000	-	1	1.311405	I:	D:
27006	29096	-	3	1.325048	I:	D:
29267	29839	-	2	1.322093	I:	D:
29862	31544	-	3	1.334704	I:	D:
31586	32449	-	2	1.342984	I:	D:
32622	33980	-	3	1.343589	I:	D:
33997	36408	-	1	1.326042	I:	D:
36500	37090	-	2	1.320295	I:	D:
37096	39054	-	1	1.322718	I:	D:
39206	39694	+	2	1.387170	I:	D:
40102	40875	-	1	1.322405	I:	D:
40976	41272	-	2	1.325594	I:	D:
>YB2_3926
28	1590	-	1	1.307990	I:	D:
1720	2043	-	1	1.320666	I:	D:
2183	3226	-	2	1.315749	I:	D:
3515	4261	+	2	1.348557	I:	D:
4265	6685	-	2	1.336418	I:	D:
7152	7610	-	3	1.306179	I:	D:
7863	9014	-	3	1.362202	I:	D:
9045	13226	-	3	1.375952	I:	D:
13259	14209	-	2	1.296377	I:	D:
14301	14714	-	3	1.361277	I:	D:
14732	15124	-	2	1.339820	I:	D:
15153	15809	-	3	1.350299	I:	D:
15842	16438	-	2	1.280941	I:	D:
16449	17099	-	3	1.317186	I:	D:
17251	20421	-	1	1.310596	I:	D:
20444	20590	-	2	1.288131	I:	D:
20698	22779	-	1	1.319400	I:	D:
22815	24107	-	3	1.278789	I:	D:
24131	26677	-	2	1.311621	I:	D:
26847	28337	-	3	1.300845	I:	D:
28689	29444	-	3	1.256401	I:	D:
29466	33182	-	3	1.289407	I:	D:
33208	36798	-	1	1.313311	I:	D:
36811	37398	-	1	1.326165	I:	D:
37401	38000	-	3	1.311111	I:	D:
38115	38387	-	3	1.254228	I:	D:
38571	38984	-	3	1.371758	I:	D:
39297	39818	-	3	1.378267	I:	D:
39901	40488	-	1	1.371427	I:	D:
40547	40891	-	2	1.390208	I:	D:
>YB2_4162
2	982	+	2	1.335498	I:	D:
1238	1516	+	2	1.387422	I:	D:
1575	1787	+	3	1.389171	I:	D:
2244	3692	+	3	1.333189	I:	D:
3826	4026	-	1	1.322538	I:	D:
4238	5152	+	2	1.342012	I:	D:
5177	5917	+	2	1.318492	I:	D:
5928	6485	+	3	1.333857	I:	D:
6517	10053	+	1	1.337234	I:	D:
10043	11128	+	2	1.322509	I:	D:
11145	11273	+	3	1.329863	I:	D:
11304	11681	+	3	1.343569	I:	D:
11674	12375	+	1	1.334270	I:	D:
12369	13175	+	3	1.336254	I:	D:
13329	14690	+	3	1.339169	I:	D:
14718	15164	-	3	1.312172	I:	D:
15161	15691	-	2	1.330862	I:	D:
15713	17839	-	2	1.322935	I:	D:
18200	19351	+	2	1.310594	I:	D:
19352	19726	-	2	1.382540	I:	D:
19757	21475	+	2	1.350915	I:	D:
21558	22322	+	3	1.340366	I:	D:
22319	24355	+	2	1.340144	I:	D:
24389	25384	+	2	1.325867	I:	D:
25400	27313	+	2	1.321966	I:	D:
27315	28586	-	3	1.332156	I:	D:
28729	30111	+	1	1.318508	I:	D:
30148	31050	+	1	1.314803	I:	D:
31050	31235	+	3	1.302848	I:	D:
31263	33656	+	3	1.329078	I:	D:
33730	33984	-	1	1.306220	I:	D:
34001	34522	-	2	1.351754	I:	D:
34673	34915	-	2	1.384624	I:	D:
35042	35956	+	2	1.332594	I:	D:
35975	36481	+	2	1.331447	I:	D:
36833	37264	+	2	1.332323	I:	D:
37677	37901	-	3	1.357721	I:	D:
37917	38936	+	3	1.329114	I:	D:
38952	40067	+	3	1.323687	I:	D:
>YB2_5100
111	530	-	3	1.318426	I:	D:
570	827	+	3	1.335601	I:	D:
1140	2825	+	3	1.306499	I:	D:
2915	3436	-	2	1.316390	I:	D:
3627	4229	+	3	1.330547	I:	D:
4249	5613	+	1	1.327038	I:	D:
5714	5857	+	2	1.375382	I:	D:
6063	6650	+	3	1.328701	I:	D:
6661	6807	+	1	1.375988	I:	D:
7213	9018	+	1	1.332645	I:	D:
9069	9551	+	3	1.320395	I:	D:
9934	11682	+	1	1.334544	I:	D:
12005	12292	+	2	1.304423	I:	D:
12307	13800	+	1	1.323577	I:	D:
13800	15236	+	3	1.319008	I:	D:
15898	17079	+	1	1.334581	I:	D:
17223	18308	+	3	1.327110	I:	D:
18329	19771	+	2	1.336138	I:	D:
19839	21062	-	3	1.312873	I:	D:
21269	22372	+	2	1.312062	I:	D:
22672	27228	+	1	1.329654	I:	D:
27249	28811	+	3	1.345352	I:	D:
29038	29178	+	1	1.362046	I:	D:
29433	30668	-	3	1.326813	I:	D:
31094	32227	+	2	1.324099	I:	D:
32483	32632	+	2	1.275954	I:	D:
32652	34817	+	3	1.326184	I:	D:
34833	35927	+	3	1.314305	I:	D:
36249	37952	+	3	1.323033	I:	D:
>YB2_5118
1	144	-	1	1.366026	I:	D:
158	1735	-	2	1.314127	I:	D:
1927	2832	-	1	1.329994	I:	D:
>YB2_6063
3	1259	-	3	1.325052	I:	D:
1392	2684	-	3	1.306041	I:	D:
>YB2_6343
75	1097	-	3	1.344440	I:	D:
1263	1814	+	3	1.294538	I:	D:
1897	2694	-	1	1.321844	I:	D:
2727	3434	-	3	1.313771	I:	D:
3431	3769	-	2	1.315110	I:	D:
3794	5191	-	2	1.310179	I:	D:
5344	5709	+	1	1.294789	I:	D:
5769	6116	-	3	1.289084	I:	D:
6210	7112	-	3	1.368856	I:	D:
7214	8002	+	2	1.349867	I:	D:
8153	9229	+	2	1.329118	I:	D:
9230	10561	+	2	1.340826	I:	D:
10545	11024	+	3	1.381548	I:	D:
11376	12248	+	3	1.314391	I:	D:
12329	13099	+	2	1.314395	I:	D:
13112	13861	+	2	1.346826	I:	D:
13916	14548	+	2	1.338070	I:	D:
14583	15800	+	3	1.318010	I:	D:
15818	16966	+	2	1.329555	I:	D:
17227	18048	+	1	1.324226	I:	D:
18122	18946	+	2	1.309249	I:	D:
19290	20825	+	3	1.329219	I:	D:
20829	22952	+	3	1.322062	I:	D:
22982	24460	+	2	1.329822	I:	D:
24705	27284	+	3	1.317171	I:	D:
27532	28878	+	1	1.344432	I:	D:
28942	29874	+	1	1.337068	I:	D:
30086	30574	+	2	1.320320	I:	D:
30637	31005	+	1	1.298674	I:	D:
31235	35056	+	2	1.323845	I:	D:
>YB2_6900
1	276	+	1	1.364789	I:	D:
281	1468	+	2	1.342976	I:	D:
1538	3070	+	2	1.347222	I:	D:
3082	3807	+	1	1.356263	I:	D:
3823	4416	+	1	1.316933	I:	D:
4403	5311	+	2	1.342569	I:	D:
5388	5834	-	3	1.371753	I:	D:
5834	6886	-	2	1.323069	I:	D:
6885	7040	+	3	1.347080	I:	D:
7199	8050	-	2	1.324236	I:	D:
8066	9652	-	2	1.356654	I:	D:
9633	11285	-	3	1.370660	I:	D:
11366	11803	-	2	1.316459	I:	D:
11834	12304	-	2	1.359057	I:	D:
12337	12801	-	1	1.352769	I:	D:
13000	13155	-	1	1.318088	I:	D:
13170	14483	-	3	1.350791	I:	D:
14486	15202	-	2	1.353660	I:	D:
15482	15940	-	2	1.283469	I:	D:
16061	16579	-	2	1.265164	I:	D:
16644	17147	-	3	1.272595	I:	D:
17344	17796	-	1	1.277238	I:	D:
17810	19522	-	2	1.329741	I:	D:
19540	19812	-	1	1.311783	I:	D:
19825	20304	-	1	1.341205	I:	D:
20338	20652	-	1	1.282647	I:	D:
20679	24863	-	3	1.324053	I:	D:
24865	25953	-	1	1.317685	I:	D:
25998	26228	-	3	1.307176	I:	D:
26197	26616	-	1	1.319380	I:	D:
26702	27004	-	2	1.317763	I:	D:
27024	29561	-	3	1.313101	I:	D:
29951	30100	-	2	1.327960	I:	D:
30144	30401	-	3	1.280387	I:	D:
30455	30928	-	2	1.286044	I:	D:
31147	31275	+	1	1.270481	I:	D:
31736	32026	-	2	1.248290	I:	D:
32041	33801	-	1	1.332416	I:	D:
>YB2_7413
2	556	+	2	1.316816	I:	D:
559	1500	+	1	1.318920	I:	D:
1548	2489	+	3	1.322963	I:	D:
2583	3518	+	3	1.313763	I:	D:
3589	4533	+	1	1.322309	I:	D:
4549	5292	+	1	1.304411	I:	D:
5303	6541	+	2	1.325510	I:	D:
6565	6993	+	1	1.320837	I:	D:
7055	7882	+	2	1.339865	I:	D:
7954	9273	+	1	1.323753	I:	D:
9488	10003	+	2	1.324809	I:	D:
10062	11801	+	3	1.334460	I:	D:
11858	12745	+	2	1.339786	I:	D:
12774	13937	+	3	1.337278	I:	D:
14042	15856	+	2	1.322955	I:	D:
15866	17065	+	2	1.338784	I:	D:
17171	21397	-	2	1.330275	I:	D:
21535	21903	+	1	1.331888	I:	D:
22048	22965	+	1	1.342904	I:	D:
22978	24381	+	1	1.312964	I:	D:
24384	24698	+	3	1.347766	I:	D:
24737	25831	+	2	1.345348	I:	D:
25861	26268	+	1	1.295094	I:	D:
26499	27485	+	3	1.323145	I:	D:
27487	28152	+	1	1.345743	I:	D:
28207	28773	+	1	1.329006	I:	D:
28914	30458	+	3	1.346576	I:	D:
30448	31590	+	1	1.341589	I:	D:
31835	32770	+	2	1.317475	I:	D:
>YB2_7445
2	997	+	2	1.341269	I:	D:
1169	2215	-	2	1.320772	I:	D:
2234	3055	-	2	1.349668	I:	D:
3096	4703	-	3	1.277328	I:	D:
4696	4995	-	1	1.279616	I:	D:
5016	5300	-	3	1.326563	I:	D:
5314	5712	-	1	1.307186	I:	D:
5799	6098	-	3	1.284528	I:	D:
6117	6407	-	3	1.292759	I:	D:
6534	7040	-	3	1.288205	I:	D:
7256	8203	+	2	1.358410	I:	D:
8296	10050	+	1	1.264847	I:	D:
10070	10216	+	2	1.281203	I:	D:
11472	11762	-	3	1.319658	I:	D:
11823	12290	-	3	1.353495	I:	D:
12300	13004	-	3	1.352807	I:	D:
13005	13181	-	3	1.328594	I:	D:
13261	14601	-	1	1.345775	I:	D:
14634	14786	+	3	1.321935	I:	D:
14939	15679	+	2	1.345527	I:	D:
15688	17001	+	1	1.349724	I:	D:
17251	18318	+	1	1.300520	I:	D:
18384	19406	-	3	1.329426	I:	D:
19419	20159	-	3	1.343074	I:	D:
20265	21086	-	3	1.375646	I:	D:
21091	21393	-	1	1.333430	I:	D:
21430	21888	-	1	1.355491	I:	D:
22203	22871	-	3	1.351441	I:	D:
23086	23952	-	1	1.365418	I:	D:
24108	25658	-	3	1.375169	I:	D:
25769	26281	-	2	1.398233	I:	D:
26384	27298	+	2	1.343947	I:	D:
27507	28268	-	3	1.332806	I:	D:
28472	29317	+	2	1.326358	I:	D:
29319	29825	-	3	1.381181	I:	D:
29818	30609	-	1	1.332890	I:	D:
30691	31593	-	1	1.339835	I:	D:
31730	32260	-	2	1.334959	I:	D:
32382	32765	-	3	1.330166	I:	D:
>YB2_8296
305	1075	-	2	1.344228	I:	D:
1098	2417	-	3	1.306640	I:	D:
2472	3695	-	3	1.311398	I:	D:
4117	4383	-	1	1.362712	I:	D:
4467	5594	-	3	1.307610	I:	D:
5666	6760	-	2	1.324587	I:	D:
6912	8582	-	3	1.325426	I:	D:
9014	9790	+	2	1.335237	I:	D:
9865	10485	+	1	1.327751	I:	D:
10579	11187	-	1	1.335381	I:	D:
11221	11487	-	1	1.339160	I:	D:
11606	11893	+	2	1.353610	I:	D:
12108	13133	+	3	1.341387	I:	D:
13488	14354	-	3	1.340212	I:	D:
14351	15043	-	2	1.351411	I:	D:
15335	16471	-	2	1.336096	I:	D:
16566	17273	-	3	1.347848	I:	D:
17288	18913	-	2	1.333292	I:	D:
19191	19835	+	3	1.338989	I:	D:
19637	20362	+	2	1.322623	I:	D:
20399	21358	+	2	1.343775	I:	D:
21455	23065	+	2	1.327843	I:	D:
23133	23771	+	3	1.346033	I:	D:
23827	24855	-	1	1.328967	I:	D:
24859	25881	-	1	1.337704	I:	D:
26012	26392	-	2	1.299401	I:	D:
26502	27341	-	3	1.327993	I:	D:
27384	27734	-	3	1.326811	I:	D:
28653	29378	-	3	1.348787	I:	D:
29380	30435	-	1	1.311845	I:	D:
30454	30699	-	1	1.275327	I:	D:
30849	31520	-	3	1.325077	I:	D:
>YB2_8570
855	1574	-	3	1.316682	I:	D:
1574	2593	-	2	1.324318	I:	D:
2621	3229	-	2	1.315146	I:	D:
3236	4147	-	2	1.340196	I:	D:
4149	4664	-	3	1.318769	I:	D:
4668	5384	-	3	1.330913	I:	D:
5381	5824	-	2	1.316691	I:	D:
5808	6347	-	3	1.335393	I:	D:
6368	6850	-	2	1.332807	I:	D:
6949	8160	-	1	1.310830	I:	D:
8157	8642	-	3	1.315544	I:	D:
8672	9673	-	2	1.307036	I:	D:
9719	10030	+	2	1.394635	I:	D:
10051	12624	-	1	1.309303	I:	D:
12819	13346	-	3	1.316761	I:	D:
13568	14878	-	2	1.341482	I:	D:
14985	15251	-	3	1.336324	I:	D:
15331	16506	-	1	1.341319	I:	D:
16667	16897	-	2	1.285411	I:	D:
17065	17778	+	1	1.325131	I:	D:
17814	18656	-	3	1.342467	I:	D:
18758	19039	-	2	1.366140	I:	D:
19150	20424	+	1	1.326314	I:	D:
20470	20664	+	1	1.371756	I:	D:
20719	20886	+	1	1.382769	I:	D:
21154	22962	-	1	1.314504	I:	D:
23071	24333	-	1	1.314289	I:	D:
24370	25980	-	1	1.334922	I:	D:
25982	26614	-	2	1.341371	I:	D:
26596	26796	-	1	1.348758	I:	D:
26840	27082	-	2	1.366791	I:	D:
27100	29376	-	1	1.321096	I:	D:
29382	29951	-	3	1.312428	I:	D:
29935	30711	-	1	1.317968	I:	D:
30710	30853	+	2	1.381372	I:	D:
>YB2_9300
129	896	+	3	1.349643	I:	D:
932	1387	+	2	1.354984	I:	D:
1499	2062	+	2	1.291203	I:	D:
2063	3388	+	2	1.307432	I:	D:
3563	4060	+	2	1.358476	I:	D:
4156	5535	+	1	1.348465	I:	D:
5630	6295	+	2	1.344111	I:	D:
6425	6982	+	2	1.345109	I:	D:
7030	7923	+	1	1.326536	I:	D:
7962	8975	+	3	1.351522	I:	D:
9299	10288	+	2	1.350423	I:	D:
10540	10977	+	1	1.343441	I:	D:
11051	11935	+	2	1.320527	I:	D:
11988	12824	-	3	1.344798	I:	D:
12926	13834	-	2	1.340467	I:	D:
13872	14666	-	3	1.324468	I:	D:
14796	16892	+	3	1.342850	I:	D:
16972	17157	+	1	1.369172	I:	D:
17229	18212	+	3	1.340117	I:	D:
18290	19867	+	2	1.334006	I:	D:
19878	20789	+	3	1.361940	I:	D:
21094	21693	+	1	1.304762	I:	D:
21690	21842	+	3	1.318387	I:	D:
21867	22262	+	3	1.285748	I:	D:
22303	22488	-	1	1.303502	I:	D:
22490	23737	-	2	1.307760	I:	D:
23965	24252	+	1	1.307976	I:	D:
24239	24523	+	2	1.332698	I:	D:
24673	25155	+	1	1.326664	I:	D:
25293	26030	-	3	1.340331	I:	D:
26192	27517	+	2	1.361833	I:	D:
27654	27866	+	3	1.309393	I:	D:
27889	28140	+	1	1.333156	I:	D:
28232	28594	+	2	1.354500	I:	D:
28708	29130	+	1	1.315943	I:	D:
29243	29440	+	2	1.295152	I:	D:
>YB2_9779
3	833	-	3	1.321470	I:	D:
1067	1537	-	2	1.341602	I:	D:
1601	3097	-	2	1.345608	I:	D:
3253	4650	-	1	1.330395	I:	D:
4820	5557	-	2	1.351678	I:	D:
5572	7089	-	1	1.308454	I:	D:
7079	7891	-	2	1.322381	I:	D:
7891	8688	-	1	1.340506	I:	D:
8706	10154	-	3	1.319633	I:	D:
10323	11810	-	3	1.328810	I:	D:
11812	12720	-	1	1.319770	I:	D:
12744	14729	-	3	1.318691	I:	D:
14736	15671	-	3	1.332224	I:	D:
15682	16119	-	1	1.347805	I:	D:
16170	16409	-	3	1.307427	I:	D:
16445	16909	-	2	1.342982	I:	D:
16924	18510	-	1	1.334156	I:	D:
18507	19619	-	3	1.339761	I:	D:
19643	20935	-	2	1.332529	I:	D:
21106	21540	-	1	1.342086	I:	D:
21674	22612	-	2	1.317403	I:	D:
22764	23585	-	3	1.356628	I:	D:
23640	27428	-	3	1.324325	I:	D:
27467	28402	-	2	1.338438	I:	D:
28395	28625	-	3	1.315563	I:	D:
>YB2_9823
1	1656	-	1	1.325812	I:	D:
1683	5609	-	3	1.318514	I:	D:
5745	6134	-	3	1.238445	I:	D:
6191	6682	-	2	1.290482	I:	D:
6941	9325	-	2	1.309851	I:	D:
9402	10019	-	3	1.329091	I:	D:
10356	11048	-	3	1.305906	I:	D:
11151	11576	-	3	1.322280	I:	D:
11598	12185	-	3	1.321619	I:	D:
12198	12407	-	3	1.319344	I:	D:
12777	14036	+	3	1.331518	I:	D:
14043	14846	-	3	1.320446	I:	D:
14905	15552	-	1	1.316175	I:	D:
15674	17068	-	2	1.350678	I:	D:
17084	17671	-	2	1.313128	I:	D:
17747	18058	-	2	1.320862	I:	D:
18180	19217	-	3	1.328561	I:	D:
19275	19964	-	3	1.328189	I:	D:
20070	21350	-	3	1.330588	I:	D:
21577	22536	-	1	1.324478	I:	D:
22643	23311	-	2	1.336539	I:	D:
23343	23621	-	3	1.335757	I:	D:
23634	25916	-	3	1.329564	I:	D:
26337	26972	-	3	1.314376	I:	D:
26915	27808	-	2	1.329410	I:	D:
27857	28342	-	2	1.349645	I:	D:
28429	28581	-	1	1.321903	I:	D:
>YB2_10129
2	766	+	2	1.329471	I:	D:
825	1301	+	3	1.318830	I:	D:
1308	2126	+	3	1.315571	I:	D:
2391	3119	-	3	1.309135	I:	D:
3116	3985	-	2	1.361882	I:	D:
4125	5774	+	3	1.341192	I:	D:
5864	8455	+	2	1.325558	I:	D:
8580	9884	+	3	1.329094	I:	D:
9902	10912	+	2	1.310611	I:	D:
10934	11860	+	2	1.319149	I:	D:
11896	13131	+	1	1.316157	I:	D:
13133	14512	+	2	1.338902	I:	D:
14509	15264	+	1	1.337854	I:	D:
15305	15874	+	2	1.317110	I:	D:
15892	16938	+	1	1.338037	I:	D:
17018	17554	+	2	1.339435	I:	D:
17558	19519	+	2	1.326782	I:	D:
19610	20137	+	2	1.328979	I:	D:
20100	20762	+	3	1.310637	I:	D:
20943	21236	+	3	1.302284	I:	D:
21407	22861	+	2	1.328682	I:	D:
22867	25503	+	1	1.321449	I:	D:
25546	27672	+	1	1.320139	I:	D:
27718	28005	+	1	1.285577	I:	D:
>YB2_10131
129	1037	+	3	1.321722	I:	D:
1276	2163	+	1	1.320380	I:	D:
>YB2_11032
1	321	-	1	1.313779	I:	D:
362	1561	-	2	1.328115	I:	D:
1570	2358	-	1	1.326992	I:	D:
2371	3051	-	1	1.323447	I:	D:
3070	3456	-	1	1.320069	I:	D:
3458	4144	-	2	1.343094	I:	D:
4167	10862	-	3	1.324921	I:	D:
10985	11290	-	2	1.364315	I:	D:
11280	12029	-	3	1.338162	I:	D:
12026	13420	-	2	1.337148	I:	D:
13616	15067	+	2	1.334491	I:	D:
15083	16507	+	2	1.344119	I:	D:
16526	18034	+	2	1.337259	I:	D:
18165	18446	-	3	1.338730	I:	D:
18551	20209	-	2	1.337230	I:	D:
20354	21454	+	2	1.324799	I:	D:
21479	22906	+	2	1.344281	I:	D:
22971	24041	+	3	1.323349	I:	D:
24196	25083	-	1	1.340921	I:	D:
25256	25804	-	2	1.352037	I:	D:
25872	26426	-	3	1.316117	I:	D:
>YB2_11328
1	201	-	1	1.349876	I:	D:
286	942	-	1	1.312861	I:	D:
994	2049	-	1	1.322987	I:	D:
>YB2_11535
3	1295	-	3	1.311051	I:	D:
1296	1520	+	3	1.380279	I:	D:
1561	1710	+	1	1.287067	I:	D:
1776	1928	+	3	1.276837	I:	D:
2092	2811	+	1	1.312272	I:	D:
3148	3819	+	1	1.304335	I:	D:
4236	4625	+	3	1.319364	I:	D:
4628	5485	+	2	1.295883	I:	D:
5487	5660	+	3	1.263729	I:	D:
5695	5964	+	1	1.353482	I:	D:
5979	7910	+	3	1.312370	I:	D:
7957	8787	-	1	1.336419	I:	D:
8952	9161	-	3	1.303111	I:	D:
9202	9390	+	1	1.345248	I:	D:
9513	10847	+	3	1.363033	I:	D:
11023	11784	+	1	1.358501	I:	D:
11856	13637	+	3	1.330342	I:	D:
13778	15589	+	2	1.363081	I:	D:
15586	16176	+	1	1.349261	I:	D:
16237	17478	+	1	1.335928	I:	D:
17599	17901	+	1	1.272623	I:	D:
18018	18323	+	3	1.314538	I:	D:
18551	19090	+	2	1.337751	I:	D:
19129	19929	-	1	1.361251	I:	D:
20520	22271	+	3	1.337254	I:	D:
22418	23227	+	2	1.327853	I:	D:
23231	24466	+	2	1.361212	I:	D:
24485	24898	+	2	1.305944	I:	D:
25111	25605	+	1	1.265975	I:	D:
25589	25822	+	2	1.365635	I:	D:
>YB2_11942
1	396	+	1	1.340780	I:	D:
530	1927	+	2	1.333707	I:	D:
2062	2583	+	1	1.350008	I:	D:
2603	3469	+	2	1.330422	I:	D:
3585	4784	-	3	1.334151	I:	D:
4910	6616	+	2	1.312406	I:	D:
6789	7214	+	3	1.294683	I:	D:
7452	8828	+	3	1.337944	I:	D:
8906	9262	+	2	1.325302	I:	D:
9263	9820	+	2	1.346262	I:	D:
9916	11232	+	1	1.335919	I:	D:
11246	12931	+	2	1.322392	I:	D:
12933	13682	+	3	1.338378	I:	D:
13686	14258	+	3	1.319122	I:	D:
14272	15057	+	1	1.368171	I:	D:
15076	15951	+	1	1.328572	I:	D:
15991	16257	+	1	1.345558	I:	D:
16262	16717	+	2	1.339785	I:	D:
16738	17352	+	1	1.322447	I:	D:
17411	18343	-	2	1.345906	I:	D:
18362	19477	-	2	1.356791	I:	D:
19493	20119	-	2	1.333681	I:	D:
20287	22257	+	1	1.308867	I:	D:
22258	22530	-	1	1.327675	I:	D:
22667	23800	+	2	1.345405	I:	D:
23820	24233	+	3	1.297545	I:	D:
24403	24531	+	1	1.292649	I:	D:
>YB2_12027
2	433	+	2	1.315835	I:	D:
829	972	-	1	1.332388	I:	D:
1065	1844	-	3	1.349077	I:	D:
1861	3594	-	1	1.332968	I:	D:
3591	5381	-	3	1.333481	I:	D:
5472	6074	-	3	1.342436	I:	D:
6181	6987	-	1	1.344362	I:	D:
6984	8858	-	3	1.332017	I:	D:
8873	10138	-	2	1.331725	I:	D:
10140	11288	-	3	1.344249	I:	D:
11267	12109	-	2	1.322385	I:	D:
12275	12841	+	2	1.319462	I:	D:
12912	13538	-	3	1.308953	I:	D:
13560	14288	-	3	1.306575	I:	D:
14367	15323	-	3	1.324057	I:	D:
15326	17020	-	2	1.316908	I:	D:
17054	18547	-	2	1.337855	I:	D:
18721	19716	-	1	1.313870	I:	D:
19725	20054	-	3	1.288453	I:	D:
20067	20954	-	3	1.337119	I:	D:
21038	21253	-	2	1.344240	I:	D:
21454	22545	+	1	1.309525	I:	D:
22992	23156	+	3	1.373871	I:	D:
>YB2_12046
1	195	+	1	1.350114	I:	D:
232	705	+	1	1.318744	I:	D:
783	1220	+	3	1.340819	I:	D:
1226	2239	-	2	1.331094	I:	D:
2471	3757	+	2	1.324676	I:	D:
3843	5333	+	3	1.339047	I:	D:
5354	5482	+	2	1.281949	I:	D:
5929	8076	+	1	1.330717	I:	D:
8200	8679	+	1	1.313287	I:	D:
8748	10199	+	3	1.323946	I:	D:
10440	11285	+	3	1.359548	I:	D:
11289	12116	+	3	1.317946	I:	D:
12216	13205	+	3	1.341749	I:	D:
13233	13622	+	3	1.335360	I:	D:
13819	15012	+	1	1.327074	I:	D:
15280	15408	-	1	1.362713	I:	D:
15412	15801	-	1	1.431287	I:	D:
15959	16210	+	2	1.360570	I:	D:
16272	17654	+	3	1.353753	I:	D:
18108	18470	+	3	1.324803	I:	D:
18571	18702	+	1	1.308350	I:	D:
18684	19097	+	3	1.301053	I:	D:
19140	19508	+	3	1.296819	I:	D:
19551	19985	+	3	1.311074	I:	D:
19990	20118	+	1	1.319086	I:	D:
20129	20749	+	2	1.302121	I:	D:
20789	21127	+	2	1.322884	I:	D:
21349	22371	+	1	1.297432	I:	D:
22438	22986	+	1	1.316131	I:	D:
>YB2_12088
3	2807	-	3	1.345817	I:	D:
3054	3917	+	3	1.347862	I:	D:
3925	4617	-	1	1.330161	I:	D:
4638	5681	-	3	1.325986	I:	D:
5674	6648	-	1	1.320193	I:	D:
6635	8533	-	2	1.332299	I:	D:
8555	10159	-	2	1.339659	I:	D:
10557	12209	-	3	1.319452	I:	D:
12228	13736	-	3	1.326015	I:	D:
13829	15094	-	2	1.317238	I:	D:
15402	16355	-	3	1.335737	I:	D:
16431	17987	-	3	1.325213	I:	D:
18307	18696	-	1	1.325433	I:	D:
18854	19621	-	2	1.330176	I:	D:
19636	20592	-	1	1.329902	I:	D:
20746	21786	-	1	1.337601	I:	D:
21820	21999	-	1	1.316059	I:	D:
22064	22426	-	2	1.342579	I:	D:
>YB2_12094
3	605	-	3	1.324734	I:	D:
668	1159	-	2	1.341277	I:	D:
1223	3646	-	2	1.315499	I:	D:
3656	4486	-	2	1.338288	I:	D:
4510	6174	-	1	1.329573	I:	D:
6198	7001	-	3	1.347631	I:	D:
7026	8198	-	3	1.338211	I:	D:
8386	10224	+	1	1.346315	I:	D:
10358	14647	-	2	1.338455	I:	D:
14869	15444	-	1	1.336055	I:	D:
15464	16246	-	2	1.344898	I:	D:
16313	17473	-	2	1.345972	I:	D:
17602	18696	+	1	1.317007	I:	D:
18737	19312	-	2	1.313681	I:	D:
19349	20101	-	2	1.292147	I:	D:
20123	21583	-	2	1.318285	I:	D:
21724	22386	-	1	1.317682	I:	D:
>YB2_12107
1	279	+	1	1.314544	I:	D:
326	463	+	2	1.316120	I:	D:
489	887	+	3	1.296310	I:	D:
999	1427	+	3	1.301486	I:	D:
1540	1908	-	1	1.300230	I:	D:
1963	3237	+	1	1.306780	I:	D:
3271	3462	+	1	1.357019	I:	D:
3565	4161	+	1	1.303989	I:	D:
4158	6461	+	3	1.368164	I:	D:
6474	6623	+	3	1.285725	I:	D:
6635	8089	+	2	1.329038	I:	D:
8093	9022	+	2	1.306844	I:	D:
9073	9213	+	1	1.266353	I:	D:
9270	10034	+	3	1.352503	I:	D:
10065	10292	+	3	1.339528	I:	D:
10456	11493	+	1	1.330740	I:	D:
11494	11691	+	1	1.330079	I:	D:
11811	12230	+	3	1.348820	I:	D:
12242	14374	+	2	1.343026	I:	D:
14466	14834	+	3	1.330976	I:	D:
14932	15237	+	1	1.305511	I:	D:
15267	15416	+	3	1.308504	I:	D:
15564	18176	+	3	1.336408	I:	D:
18211	20640	-	1	1.320466	I:	D:
20838	21728	+	3	1.314052	I:	D:
21768	22130	+	3	1.307531	I:	D:
>YB2_12121
2	667	+	2	1.332453	I:	D:
698	1342	+	2	1.324085	I:	D:
1335	1991	+	3	1.313270	I:	D:
2000	2728	+	2	1.343839	I:	D:
2725	3579	+	1	1.320232	I:	D:
3605	4111	+	2	1.321150	I:	D:
4115	6955	+	2	1.323688	I:	D:
6973	7455	+	1	1.336272	I:	D:
7471	8280	+	1	1.338727	I:	D:
8249	9367	+	2	1.333110	I:	D:
9402	9800	+	3	1.319419	I:	D:
9807	10796	+	3	1.329778	I:	D:
10809	11228	+	3	1.304086	I:	D:
11252	12631	+	2	1.323058	I:	D:
12655	13347	+	1	1.301466	I:	D:
13365	13982	+	3	1.321025	I:	D:
14004	15200	+	3	1.296622	I:	D:
15237	16340	+	3	1.323314	I:	D:
16330	16848	+	1	1.320444	I:	D:
16860	17777	+	3	1.354610	I:	D:
17861	19615	+	2	1.331748	I:	D:
19765	20052	+	1	1.347296	I:	D:
20366	21100	+	2	1.349453	I:	D:
21108	22148	+	3	1.301484	I:	D:
>YB2_12211
2	1789	+	2	1.327600	I:	D:
1816	2865	+	1	1.318980	I:	D:
2940	4796	+	3	1.326305	I:	D:
4859	6139	-	2	1.335943	I:	D:
6418	7446	+	1	1.349225	I:	D:
7701	8981	+	3	1.329378	I:	D:
9120	9473	-	3	1.262353	I:	D:
9661	9873	+	1	1.283732	I:	D:
9857	11677	+	2	1.339603	I:	D:
11848	13941	+	1	1.316854	I:	D:
14042	15931	+	2	1.345713	I:	D:
15985	16497	+	1	1.320135	I:	D:
16577	16855	-	2	1.320080	I:	D:
17043	20942	-	3	1.325835	I:	D:
>YB2_12215
3	293	+	3	1.327109	I:	D:
370	810	-	1	1.331943	I:	D:
824	1903	-	2	1.337987	I:	D:
2082	3146	+	3	1.319362	I:	D:
3216	4403	-	3	1.323759	I:	D:
4477	5766	-	1	1.305426	I:	D:
5820	7166	-	3	1.325913	I:	D:
7171	7617	-	1	1.291091	I:	D:
7638	9686	-	3	1.320016	I:	D:
9729	12407	-	3	1.327512	I:	D:
12491	13777	-	2	1.316319	I:	D:
13777	14610	-	1	1.309515	I:	D:
14610	15863	-	3	1.326772	I:	D:
15928	19494	-	1	1.321128	I:	D:
19689	20744	+	3	1.336796	I:	D:
>YB2_12235
1	393	+	1	1.383815	I:	D:
458	1360	+	2	1.333142	I:	D:
1443	2477	-	3	1.337693	I:	D:
2696	3262	+	2	1.328118	I:	D:
3299	4309	+	2	1.321540	I:	D:
4435	5280	+	1	1.308559	I:	D:
5294	6682	+	2	1.328130	I:	D:
6685	7206	+	1	1.335178	I:	D:
7634	8347	+	2	1.338141	I:	D:
8503	9576	+	1	1.325551	I:	D:
9576	12776	+	3	1.328919	I:	D:
12839	13303	+	2	1.360099	I:	D:
13380	13529	+	3	1.345733	I:	D:
13553	13906	-	2	1.355039	I:	D:
14018	14848	+	2	1.319698	I:	D:
14871	15374	+	3	1.325250	I:	D:
15520	16617	+	1	1.325571	I:	D:
16648	19164	+	1	1.296384	I:	D:
19214	20596	+	2	1.286960	I:	D:
>YB2_12243
3	179	+	3	1.327634	I:	D:
303	635	+	3	1.352340	I:	D:
642	1127	+	3	1.324314	I:	D:
1143	1910	+	3	1.329236	I:	D:
1941	2945	+	3	1.329592	I:	D:
2946	4052	-	3	1.338686	I:	D:
4305	4931	+	3	1.353508	I:	D:
4966	6525	+	1	1.343051	I:	D:
6533	7813	-	2	1.329598	I:	D:
7958	9424	+	2	1.338748	I:	D:
9457	9600	+	1	1.352049	I:	D:
9914	10348	+	2	1.331462	I:	D:
10444	11115	+	1	1.315793	I:	D:
11398	12327	+	1	1.334234	I:	D:
12483	12629	-	3	1.327704	I:	D:
12722	13420	+	2	1.331739	I:	D:
13422	15659	+	3	1.336144	I:	D:
15691	16284	+	1	1.338730	I:	D:
16400	17119	+	2	1.333918	I:	D:
17184	17705	+	3	1.336189	I:	D:
17702	18481	+	2	1.359966	I:	D:
18465	19349	+	3	1.343643	I:	D:
19342	20490	+	1	1.337454	I:	D:
>YB2_12443
1	156	-	1	1.322703	I:	D:
158	1033	-	2	1.310116	I:	D:
1254	1898	-	3	1.323482	I:	D:
2000	3397	-	2	1.327283	I:	D:
3876	4370	-	3	1.320130	I:	D:
4496	4756	-	2	1.346278	I:	D:
4758	5771	+	3	1.338903	I:	D:
5869	6555	-	1	1.326091	I:	D:
6706	7842	-	1	1.333278	I:	D:
7864	9747	-	1	1.322439	I:	D:
9740	11527	-	2	1.323570	I:	D:
11541	11720	-	3	1.356070	I:	D:
11864	12469	-	2	1.331409	I:	D:
12661	13878	-	1	1.313202	I:	D:
13969	14136	-	1	1.383254	I:	D:
14213	14704	-	2	1.351104	I:	D:
14722	16014	-	1	1.328506	I:	D:
16080	16826	-	3	1.322575	I:	D:
16819	18573	-	1	1.357452	I:	D:
>YB2_12481
366	1700	+	3	1.330931	I:	D:
1913	3127	+	2	1.341563	I:	D:
3220	6615	+	1	1.343751	I:	D:
6617	7576	+	2	1.342930	I:	D:
7603	8433	+	1	1.338228	I:	D:
8471	9274	+	2	1.338349	I:	D:
9407	10366	+	2	1.335178	I:	D:
10377	11072	+	3	1.331875	I:	D:
11126	11905	+	2	1.330591	I:	D:
11992	12279	+	1	1.304694	I:	D:
12565	13374	+	1	1.333769	I:	D:
13379	14740	+	2	1.350425	I:	D:
14869	15711	+	1	1.306463	I:	D:
15812	17941	+	2	1.323522	I:	D:
>YB2_12494
71	598	+	2	1.338536	I:	D:
600	1370	+	3	1.331994	I:	D:
1388	3592	+	2	1.319540	I:	D:
3598	4437	+	1	1.316523	I:	D:
4446	9275	+	3	1.319068	I:	D:
9408	10139	+	3	1.345360	I:	D:
10145	10798	+	2	1.325937	I:	D:
10997	11359	+	2	1.298358	I:	D:
11362	12564	+	1	1.323778	I:	D:
12629	13024	+	2	1.345639	I:	D:
13368	14771	+	3	1.326075	I:	D:
14796	17006	+	3	1.314542	I:	D:
17070	18020	+	3	1.339276	I:	D:
>YB2_12522
1	333	-	1	1.327282	I:	D:
381	986	-	3	1.336002	I:	D:
1180	2538	+	1	1.325653	I:	D:
2578	4482	-	1	1.320999	I:	D:
4496	5098	-	2	1.313017	I:	D:
5178	6785	-	3	1.329842	I:	D:
6837	7955	-	3	1.340781	I:	D:
7939	8967	-	1	1.343861	I:	D:
9028	10107	-	1	1.323844	I:	D:
10239	11159	-	3	1.319480	I:	D:
11187	12236	-	3	1.298955	I:	D:
12279	12521	+	3	1.374712	I:	D:
12703	15768	-	1	1.329298	I:	D:
16067	17803	-	2	1.303655	I:	D:
>YB2_12544
3	131	-	3	1.301801	I:	D:
142	810	-	1	1.298810	I:	D:
819	1319	-	3	1.303902	I:	D:
1332	2300	-	3	1.313524	I:	D:
2368	3384	-	1	1.278321	I:	D:
3857	4933	-	2	1.304056	I:	D:
4944	6446	-	3	1.301191	I:	D:
6564	7106	-	3	1.330336	I:	D:
7120	8568	-	1	1.353343	I:	D:
8798	10066	-	2	1.347252	I:	D:
10178	10597	+	2	1.343478	I:	D:
10676	10822	+	2	1.279040	I:	D:
10888	11796	-	1	1.339428	I:	D:
11919	12683	+	3	1.329484	I:	D:
12667	14025	+	1	1.349125	I:	D:
14062	15363	+	1	1.348017	I:	D:
15379	15855	-	1	1.363911	I:	D:
16029	16346	-	3	1.325832	I:	D:
16400	17407	-	2	1.317894	I:	D:
17407	17613	-	1	1.340152	I:	D:
>YB2_12565
108	521	-	3	1.344726	I:	D:
543	1946	-	3	1.326561	I:	D:
1943	2893	-	2	1.323146	I:	D:
2894	4942	-	2	1.326985	I:	D:
4939	5424	-	1	1.283695	I:	D:
5449	5673	-	1	1.287266	I:	D:
5694	6392	-	3	1.308523	I:	D:
6518	7192	-	2	1.325456	I:	D:
7204	7776	-	1	1.344807	I:	D:
8026	8718	-	1	1.345366	I:	D:
8715	9092	-	3	1.330771	I:	D:
9303	9788	-	3	1.315582	I:	D:
9851	11113	-	2	1.316911	I:	D:
11132	12622	-	2	1.338723	I:	D:
12978	14489	-	3	1.298688	I:	D:
14745	15455	-	3	1.316011	I:	D:
15559	15894	-	1	1.362493	I:	D:
15940	16950	-	1	1.326000	I:	D:
16970	17455	-	2	1.319019	I:	D:
>YB2_12575
3	980	-	3	1.336956	I:	D:
1012	2826	-	1	1.302848	I:	D:
2855	3991	-	2	1.326805	I:	D:
4119	4637	+	3	1.313535	I:	D:
4708	5469	-	1	1.312055	I:	D:
5480	7774	-	2	1.321810	I:	D:
7801	11265	-	1	1.347976	I:	D:
11386	13206	-	1	1.348200	I:	D:
13279	14805	-	1	1.342437	I:	D:
14835	15635	-	3	1.324968	I:	D:
15913	17169	+	1	1.318692	I:	D:
>YB2_12984
3	488	-	3	1.348677	I:	D:
510	1487	-	3	1.333816	I:	D:
1527	2174	-	3	1.353600	I:	D:
2216	2890	-	2	1.349060	I:	D:
2969	4297	-	2	1.315472	I:	D:
4570	6459	-	1	1.323681	I:	D:
6632	7369	+	2	1.313849	I:	D:
7476	7658	+	3	1.403805	I:	D:
7836	8162	+	3	1.373190	I:	D:
8301	9272	-	3	1.340137	I:	D:
9482	9943	-	2	1.309048	I:	D:
10106	11389	-	2	1.335798	I:	D:
11391	11603	-	3	1.336521	I:	D:
11728	12270	-	1	1.320857	I:	D:
12404	12781	+	2	1.303216	I:	D:
12787	14580	+	1	1.355874	I:	D:
>YB2_13062
208	885	-	1	1.364775	I:	D:
984	1157	-	3	1.381885	I:	D:
1382	2209	-	2	1.328925	I:	D:
2193	2903	-	3	1.331336	I:	D:
2927	3787	-	2	1.323204	I:	D:
4008	5366	+	3	1.338333	I:	D:
5521	6087	-	1	1.327220	I:	D:
6117	7004	-	3	1.340754	I:	D:
7078	7635	-	1	1.359121	I:	D:
7813	8160	-	1	1.348742	I:	D:
8337	8798	-	3	1.349167	I:	D:
8925	10073	+	3	1.349623	I:	D:
10157	10438	+	2	1.353797	I:	D:
10529	10987	-	2	1.262223	I:	D:
10930	11259	-	1	1.286017	I:	D:
11489	11644	-	2	1.349664	I:	D:
11736	12842	-	3	1.350199	I:	D:
13077	13463	-	3	1.309015	I:	D:
13499	14257	-	2	1.333238	I:	D:
>YB2_13082
47	208	+	2	1.335893	I:	D:
306	1448	-	3	1.348667	I:	D:
1616	2476	-	2	1.295963	I:	D:
2473	3951	-	1	1.325722	I:	D:
3954	4607	-	3	1.331279	I:	D:
4779	5345	-	3	1.331764	I:	D:
5351	6367	-	2	1.320755	I:	D:
6523	7896	-	1	1.330019	I:	D:
8058	8504	-	3	1.319329	I:	D:
8504	9244	-	2	1.323367	I:	D:
9589	12048	-	1	1.322072	I:	D:
12101	12349	-	2	1.292263	I:	D:
12425	13060	-	2	1.345060	I:	D:
13064	13810	-	2	1.351348	I:	D:
>YB2_13161
3	1646	+	3	1.321765	I:	D:
1756	3153	-	1	1.324759	I:	D:
3340	5742	-	1	1.330546	I:	D:
5767	7854	-	1	1.330374	I:	D:
8258	8743	-	2	1.301928	I:	D:
8895	9941	-	3	1.334209	I:	D:
10109	11794	-	2	1.326588	I:	D:
11778	12566	-	3	1.314044	I:	D:
12580	13767	-	1	1.324092	I:	D:
>YB2_13168
3	1379	+	3	1.294920	I:	D:
1489	2490	+	1	1.323928	I:	D:
2509	4536	+	1	1.334806	I:	D:
4634	5836	+	2	1.321897	I:	D:
5880	6671	+	3	1.319296	I:	D:
6706	7578	+	1	1.308281	I:	D:
7656	8822	+	3	1.324842	I:	D:
8836	9615	+	1	1.316884	I:	D:
9741	10679	+	3	1.316536	I:	D:
10826	11536	+	2	1.350041	I:	D:
11864	12565	+	2	1.307984	I:	D:
12650	13129	+	2	1.345044	I:	D:
13246	13464	+	1	1.333309	I:	D:
>YB2_13227
2	331	-	2	1.338953	I:	D:
345	1016	-	3	1.339231	I:	D:
1019	2341	-	2	1.321207	I:	D:
2334	3674	-	3	1.325835	I:	D:
3715	4425	-	1	1.362267	I:	D:
4435	4656	-	1	1.357838	I:	D:
4697	5074	-	2	1.344938	I:	D:
5091	5396	-	3	1.313560	I:	D:
5479	7170	-	1	1.322613	I:	D:
7167	7934	-	3	1.324279	I:	D:
7996	8757	-	1	1.308554	I:	D:
8769	9626	-	3	1.324212	I:	D:
9627	10232	-	3	1.339108	I:	D:
10324	10683	-	1	1.327289	I:	D:
10794	11579	-	3	1.319961	I:	D:
11582	13486	-	2	1.322281	I:	D:
>YB2_13349
1	810	-	1	1.338796	I:	D:
886	1824	-	1	1.344761	I:	D:
1983	3218	+	3	1.342919	I:	D:
3481	3792	-	1	1.378306	I:	D:
3880	4116	-	1	1.358514	I:	D:
4213	4989	-	1	1.296704	I:	D:
5003	5500	-	2	1.337796	I:	D:
5497	6051	-	1	1.326175	I:	D:
6113	7660	-	2	1.322332	I:	D:
7693	8172	-	1	1.332284	I:	D:
8268	10322	-	3	1.327723	I:	D:
10379	12046	-	2	1.308408	I:	D:
12073	12432	-	1	1.298530	I:	D:
12625	12819	-	1	1.390461	I:	D:
>YB2_13355
1	477	-	1	1.354511	I:	D:
524	1708	+	2	1.361906	I:	D:
2053	2241	+	1	1.366602	I:	D:
2256	2417	+	3	1.354866	I:	D:
2780	3802	+	2	1.323754	I:	D:
3901	5115	+	1	1.327521	I:	D:
5139	5885	+	3	1.320959	I:	D:
5977	8190	+	1	1.311578	I:	D:
8482	9144	+	1	1.323751	I:	D:
9182	10567	+	2	1.342528	I:	D:
10867	12498	+	1	1.314727	I:	D:
12604	12777	+	1	1.350449	I:	D:
>YB2_13398
3	1241	-	3	1.341644	I:	D:
1250	1525	-	2	1.292836	I:	D:
1537	1998	-	1	1.325640	I:	D:
2008	6507	-	1	1.337385	I:	D:
6523	6774	-	1	1.323354	I:	D:
6804	7826	-	3	1.322146	I:	D:
7839	8723	-	3	1.322138	I:	D:
8735	10393	-	2	1.349059	I:	D:
10390	11010	-	1	1.293316	I:	D:
11032	11520	-	1	1.299765	I:	D:
11520	12188	-	3	1.327487	I:	D:
12418	12591	+	1	1.297952	I:	D:
>YB2_13532
1	996	-	1	1.355426	I:	D:
1165	1545	-	1	1.344841	I:	D:
1654	3063	-	1	1.343860	I:	D:
3105	3545	-	3	1.342361	I:	D:
3680	4672	-	2	1.314073	I:	D:
4815	5138	-	3	1.366886	I:	D:
5135	5926	-	2	1.352373	I:	D:
5950	6432	-	1	1.334787	I:	D:
6441	7319	-	3	1.324957	I:	D:
7323	7916	-	3	1.329169	I:	D:
7909	8244	-	1	1.326452	I:	D:
8371	9129	-	1	1.329417	I:	D:
9150	10832	-	3	1.318065	I:	D:
11112	11510	-	3	1.344150	I:	D:
11528	11962	-	2	1.322611	I:	D:
>YB2_13658
3	3173	+	3	1.310940	I:	D:
3556	3939	+	1	1.352633	I:	D:
3967	4317	+	1	1.322927	I:	D:
4400	5224	+	2	1.322837	I:	D:
5224	5487	+	1	1.358449	I:	D:
5621	7897	+	2	1.336264	I:	D:
8003	8851	+	2	1.333500	I:	D:
9103	10149	+	1	1.345626	I:	D:
10173	10808	+	3	1.334047	I:	D:
10927	11640	+	1	1.313170	I:	D:
>YB2_13787
141	1238	+	3	1.313609	I:	D:
1300	2232	+	1	1.323341	I:	D:
2419	2859	+	1	1.314632	I:	D:
2871	3812	+	3	1.340302	I:	D:
3831	4346	+	3	1.333414	I:	D:
4405	6495	+	1	1.326067	I:	D:
6568	8337	+	1	1.336895	I:	D:
8379	9329	+	3	1.330038	I:	D:
9363	10736	+	3	1.325348	I:	D:
10782	11228	+	3	1.333554	I:	D:
>YB2_13859
202	858	+	1	1.333858	I:	D:
848	1267	+	2	1.318813	I:	D:
1292	1744	+	2	1.336417	I:	D:
1772	2830	+	2	1.331490	I:	D:
2847	3206	+	3	1.325713	I:	D:
3288	6191	-	3	1.333233	I:	D:
6417	7499	+	3	1.319571	I:	D:
7524	8492	+	3	1.309617	I:	D:
8518	9210	-	1	1.329467	I:	D:
9195	9926	-	3	1.338961	I:	D:
9940	10581	-	1	1.330998	I:	D:
10706	11443	-	2	1.326882	I:	D:
11444	11887	-	2	1.312798	I:	D:
11880	12230	-	3	1.319255	I:	D:
12327	13466	-	3	1.332117	I:	D:
13468	13653	-	1	1.340692	I:	D:
13650	14969	-	3	1.328967	I:	D:
15002	15496	-	2	1.344493	I:	D:
15507	19208	-	3	1.320282	I:	D:
19178	19984	-	2	1.327705	I:	D:
19977	22433	-	3	1.339028	I:	D:
22486	23469	-	1	1.332800	I:	D:
23607	24938	-	3	1.339385	I:	D:
25065	25298	+	3	1.287797	I:	D:
25359	25784	-	3	1.323880	I:	D:
25817	26578	-	2	1.317778	I:	D:
26599	27228	-	1	1.334193	I:	D:
27249	28751	-	3	1.279787	I:	D:
28887	29435	-	3	1.354495	I:	D:
29477	30295	-	2	1.322248	I:	D:
30422	31342	-	2	1.337131	I:	D:
31346	31852	-	2	1.344881	I:	D:
31913	32422	-	2	1.352513	I:	D:
32552	34237	-	2	1.316923	I:	D:
34228	34677	-	1	1.331065	I:	D:
34679	35515	-	2	1.339283	I:	D:
35508	36347	-	3	1.318375	I:	D:
36369	38246	-	3	1.333182	I:	D:
38285	39172	-	2	1.310276	I:	D:
39162	39359	-	3	1.279020	I:	D:
39366	40706	-	3	1.339055	I:	D:
40703	41149	-	2	1.301614	I:	D:
41161	41523	-	1	1.289226	I:	D:
41656	42291	-	1	1.311533	I:	D:
42302	42697	-	2	1.328699	I:	D:
42702	43172	-	3	1.315527	I:	D:
43175	44500	-	2	1.335542	I:	D:
44517	44903	-	3	1.336401	I:	D:
44915	45115	-	2	1.300430	I:	D:
45129	45668	-	3	1.338514	I:	D:
45665	46645	-	2	1.371918	I:	D:
46652	46801	+	2	1.310001	I:	D:
46803	47360	-	3	1.332935	I:	D:
47808	49172	+	3	1.329089	I:	D:
49317	50516	-	3	1.343222	I:	D:
50536	50841	-	1	1.292486	I:	D:
50938	51159	-	1	1.350710	I:	D:
51531	54251	-	3	1.317239	I:	D:
54331	54588	-	1	1.299234	I:	D:
54578	55432	-	2	1.335135	I:	D:
55435	56310	-	1	1.330456	I:	D:
56307	57185	-	3	1.330747	I:	D:
57329	58270	-	2	1.316962	I:	D:
58297	59247	-	1	1.333285	I:	D:
59316	59591	-	3	1.319976	I:	D:
59627	60751	-	2	1.324753	I:	D:
60753	62021	-	3	1.328235	I:	D:
62159	62524	-	2	1.322789	I:	D:
62542	63480	-	1	1.310696	I:	D:
63521	63955	-	2	1.338861	I:	D:
64135	66084	-	1	1.321853	I:	D:
66109	71001	-	1	1.320542	I:	D:
71166	71951	+	3	1.319574	I:	D:
72010	74556	-	1	1.332620	I:	D:
75032	75943	-	2	1.328380	I:	D:
75965	77395	-	2	1.330884	I:	D:
77517	78971	-	3	1.312339	I:	D:
79046	80335	-	2	1.327515	I:	D:
80456	81910	-	2	1.321660	I:	D:
81962	83398	-	2	1.341310	I:	D:
83611	83955	+	1	1.310056	I:	D:
84022	85425	-	1	1.332447	I:	D:
85435	86793	-	1	1.320463	I:	D:
86915	87982	-	2	1.314174	I:	D:
88002	88667	-	3	1.327965	I:	D:
88716	89294	-	3	1.316716	I:	D:
89296	89964	-	1	1.338331	I:	D:
89966	90385	-	2	1.316542	I:	D:
90413	90553	+	2	1.360267	I:	D:
90617	92104	-	2	1.322803	I:	D:
92117	92977	-	2	1.323091	I:	D:
93187	93441	+	1	1.392660	I:	D:
93569	93970	-	2	1.373221	I:	D:
94005	94940	-	3	1.321806	I:	D:
94952	95716	-	2	1.324533	I:	D:
95728	96048	-	1	1.293288	I:	D:
96062	96817	-	2	1.307007	I:	D:
96848	97738	-	2	1.339030	I:	D:
98043	98672	-	3	1.341867	I:	D:
98793	99578	-	3	1.334437	I:	D:
99575	103135	-	2	1.326873	I:	D:
103144	103761	-	1	1.342102	I:	D:
103795	104862	-	1	1.337199	I:	D:
104864	105142	-	2	1.289666	I:	D:
105261	107186	+	3	1.314614	I:	D:
107188	109467	-	1	1.323360	I:	D:
109479	111773	-	3	1.326075	I:	D:
112102	112254	+	1	1.426687	I:	D:
>YB2_13916
148	921	-	1	1.306821	I:	D:
943	1359	-	1	1.321209	I:	D:
1344	2783	-	3	1.318658	I:	D:
2833	4599	-	1	1.336900	I:	D:
4592	6328	-	2	1.320047	I:	D:
6456	6770	+	3	1.295199	I:	D:
6777	7475	-	3	1.319092	I:	D:
7623	9299	-	3	1.337584	I:	D:
9292	9798	-	1	1.335306	I:	D:
9879	10124	-	3	1.329739	I:	D:
10152	10781	-	3	1.316667	I:	D:
>YB2_13952
3	1187	-	3	1.323840	I:	D:
1404	1961	+	3	1.341181	I:	D:
1958	2290	+	2	1.312302	I:	D:
2306	2683	-	2	1.374785	I:	D:
2706	3071	+	3	1.431937	I:	D:
3187	6435	-	1	1.319984	I:	D:
6422	7618	-	2	1.316768	I:	D:
7623	7934	-	3	1.359477	I:	D:
8097	9266	+	3	1.322911	I:	D:
9342	10694	-	3	1.328767	I:	D:
>YB2_14167
3	527	-	3	1.331414	I:	D:
662	820	-	2	1.258203	I:	D:
847	1974	-	1	1.330552	I:	D:
2024	2392	-	2	1.300578	I:	D:
2417	3385	-	2	1.305444	I:	D:
3403	4827	-	1	1.317834	I:	D:
5029	5568	-	1	1.312621	I:	D:
5552	6907	-	2	1.324148	I:	D:
6915	7760	-	3	1.328301	I:	D:
7849	9519	-	1	1.317251	I:	D:
9543	10103	-	3	1.308809	I:	D:
>YB2_14262
90	380	+	3	1.377650	I:	D:
639	845	-	3	1.352182	I:	D:
852	1553	-	3	1.338162	I:	D:
1525	2256	-	1	1.342042	I:	D:
2246	2875	-	2	1.348145	I:	D:
3165	5648	+	3	1.331444	I:	D:
5795	6028	-	2	1.279666	I:	D:
6159	7838	-	3	1.333841	I:	D:
8188	8589	+	1	1.372022	I:	D:
8773	9567	-	1	1.321970	I:	D:
9591	9890	-	3	1.313140	I:	D:
>YB2_14276
2	1624	+	2	1.339143	I:	D:
1720	1848	+	1	1.375161	I:	D:
2300	4063	+	2	1.336044	I:	D:
4067	5500	+	2	1.343332	I:	D:
6037	7341	+	1	1.348938	I:	D:
7338	8069	+	3	1.348275	I:	D:
8239	8994	+	1	1.333533	I:	D:
9129	9866	+	3	1.295793	I:	D:
>YB2_14371
3	224	-	3	1.287061	I:	D:
446	1807	-	2	1.339945	I:	D:
1952	2485	-	2	1.328928	I:	D:
2613	3434	-	3	1.345399	I:	D:
3621	5069	-	3	1.325378	I:	D:
5089	6786	-	1	1.311984	I:	D:
6911	7963	-	2	1.307722	I:	D:
7960	8613	-	1	1.334242	I:	D:
8674	9303	-	1	1.338414	I:	D:
9468	9620	-	3	1.403404	I:	D:
>YB2_14700
3	1076	+	3	1.336125	I:	D:
1113	1814	+	3	1.318322	I:	D:
1906	3129	+	1	1.312638	I:	D:
3205	5772	+	1	1.328900	I:	D:
5971	7053	-	1	1.346360	I:	D:
7219	8727	+	1	1.329893	I:	D:
>YB2_14948
1	486	-	1	1.325046	I:	D:
486	1214	-	3	1.318940	I:	D:
1381	1803	-	1	1.317298	I:	D:
1897	3099	-	1	1.335020	I:	D:
3257	4105	-	2	1.333823	I:	D:
4152	6653	-	3	1.327623	I:	D:
6655	7356	-	1	1.336281	I:	D:
7543	8256	-	1	1.321929	I:	D:
8117	8443	+	2	1.362373	I:	D:
>YB2_15214
74	1054	+	2	1.346818	I:	D:
1363	2229	+	1	1.337096	I:	D:
2216	4279	+	2	1.337459	I:	D:
4532	6889	+	2	1.328690	I:	D:
6905	7813	+	2	1.315615	I:	D:
7890	9125	+	3	1.320261	I:	D:
9331	11226	+	1	1.337466	I:	D:
11677	11826	+	1	1.350447	I:	D:
11833	13158	-	1	1.340150	I:	D:
13160	13924	-	2	1.344975	I:	D:
13925	14632	-	2	1.363134	I:	D:
14736	14897	+	3	1.367079	I:	D:
14917	15375	+	1	1.353491	I:	D:
15443	16336	+	2	1.309030	I:	D:
16366	16944	+	1	1.335797	I:	D:
16928	17725	+	2	1.328631	I:	D:
17722	18375	+	1	1.328194	I:	D:
18372	19205	+	3	1.347060	I:	D:
19264	20718	-	1	1.335987	I:	D:
20885	22417	+	2	1.296846	I:	D:
22424	23323	+	2	1.332437	I:	D:
23511	23816	+	3	1.354377	I:	D:
23746	24009	+	1	1.364748	I:	D:
24121	24255	+	1	1.350767	I:	D:
24443	25273	+	2	1.331811	I:	D:
25403	26503	+	2	1.319236	I:	D:
26521	27393	+	1	1.318026	I:	D:
27496	28848	+	1	1.317323	I:	D:
28945	30150	+	1	1.321252	I:	D:
30152	31060	+	2	1.339661	I:	D:
31057	31980	+	1	1.339291	I:	D:
31991	33781	+	2	1.337823	I:	D:
33844	35097	-	1	1.324798	I:	D:
35295	36377	+	3	1.341623	I:	D:
36614	37837	+	2	1.320883	I:	D:
37849	38754	+	1	1.305734	I:	D:
38828	39268	+	2	1.331616	I:	D:
39345	40058	+	3	1.327877	I:	D:
40069	40755	+	1	1.322739	I:	D:
40780	41751	-	1	1.345853	I:	D:
41880	43406	+	3	1.326855	I:	D:
43403	44281	+	2	1.326777	I:	D:
44299	46713	+	1	1.359038	I:	D:
46880	47929	+	2	1.299317	I:	D:
47996	48928	-	2	1.348731	I:	D:
48943	50124	-	1	1.322425	I:	D:
50126	50434	-	2	1.363460	I:	D:
50435	51046	-	2	1.318285	I:	D:
51190	51972	+	1	1.304685	I:	D:
51984	53459	+	3	1.316551	I:	D:
53486	55768	+	2	1.331720	I:	D:
55843	56493	+	1	1.301034	I:	D:
56514	57803	-	3	1.329863	I:	D:
58035	59348	+	3	1.321203	I:	D:
59468	60406	+	2	1.333720	I:	D:
60433	61011	+	1	1.349214	I:	D:
61079	61264	+	2	1.373526	I:	D:
61420	62061	+	1	1.306574	I:	D:
62154	63047	+	3	1.317500	I:	D:
63180	64097	-	3	1.327739	I:	D:
64183	64335	+	1	1.347267	I:	D:
64340	65446	+	2	1.323379	I:	D:
65782	67185	+	1	1.334387	I:	D:
67376	68359	+	2	1.316959	I:	D:
68375	69256	+	2	1.318954	I:	D:
69409	70548	+	1	1.320019	I:	D:
70694	71701	+	2	1.344254	I:	D:
71747	73558	+	2	1.332222	I:	D:
73579	74781	+	1	1.310614	I:	D:
74774	75532	+	2	1.336098	I:	D:
75549	76322	+	3	1.307598	I:	D:
76347	78032	+	3	1.326590	I:	D:
78466	79011	+	1	1.330685	I:	D:
79032	79772	+	3	1.346367	I:	D:
79759	80604	+	1	1.320033	I:	D:
80684	81379	+	2	1.309754	I:	D:
81376	81807	+	1	1.314314	I:	D:
82165	82626	-	1	1.379229	I:	D:
82680	84995	-	3	1.325425	I:	D:
85225	86250	+	1	1.306656	I:	D:
86244	86837	+	3	1.313251	I:	D:
86865	88136	+	3	1.314450	I:	D:
88155	88556	+	3	1.310378	I:	D:
88553	90988	+	2	1.314845	I:	D:
91116	91529	+	3	1.292523	I:	D:
91614	92972	+	3	1.332042	I:	D:
>YB2_15540
1	972	-	1	1.318573	I:	D:
1078	1986	-	1	1.341060	I:	D:
1996	3294	-	1	1.339905	I:	D:
3305	3556	-	2	1.289793	I:	D:
3607	5931	-	1	1.341017	I:	D:
6220	6540	-	1	1.319881	I:	D:
6633	7619	-	3	1.350353	I:	D:
7649	8791	-	2	1.347531	I:	D:
9079	10881	-	1	1.318933	I:	D:
10901	15265	-	2	1.328009	I:	D:
15294	16679	-	3	1.312685	I:	D:
16709	17920	-	2	1.316793	I:	D:
17980	18900	-	1	1.316061	I:	D:
18942	19766	-	3	1.319683	I:	D:
19839	21290	-	3	1.308751	I:	D:
21322	21996	-	1	1.312481	I:	D:
22060	22689	-	1	1.303690	I:	D:
22689	23198	-	3	1.294579	I:	D:
23272	24096	-	1	1.312085	I:	D:
24114	24626	-	3	1.304452	I:	D:
24681	24908	-	3	1.274058	I:	D:
24936	25181	-	3	1.324574	I:	D:
25244	26590	-	2	1.298882	I:	D:
26626	27009	-	1	1.311517	I:	D:
27145	28395	+	1	1.354037	I:	D:
28489	29133	+	1	1.342840	I:	D:
29217	29678	+	3	1.331124	I:	D:
29683	30378	-	1	1.326377	I:	D:
30468	32510	-	3	1.333917	I:	D:
32523	33689	-	3	1.333366	I:	D:
33796	34488	-	1	1.334754	I:	D:
34828	37038	-	1	1.323295	I:	D:
37194	38369	-	3	1.329552	I:	D:
38369	39592	-	2	1.322956	I:	D:
39949	41115	-	1	1.331937	I:	D:
41108	42691	-	2	1.327842	I:	D:
42998	45583	-	2	1.354687	I:	D:
45679	46035	-	1	1.348008	I:	D:
46056	46253	-	3	1.333996	I:	D:
46310	46825	-	2	1.297755	I:	D:
47039	48151	-	2	1.332439	I:	D:
48537	52745	-	3	1.321592	I:	D:
52906	58083	-	1	1.307245	I:	D:
58100	59005	-	2	1.320369	I:	D:
59019	59603	-	3	1.298971	I:	D:
59615	62749	-	2	1.301194	I:	D:
62750	64453	-	2	1.312687	I:	D:
64470	65627	-	3	1.296689	I:	D:
65643	67268	-	3	1.298844	I:	D:
67327	68070	-	1	1.360114	I:	D:
68154	68765	-	3	1.316930	I:	D:
68848	70050	-	1	1.298827	I:	D:
70188	71240	-	3	1.330266	I:	D:
71273	73000	-	2	1.315428	I:	D:
73151	73954	-	2	1.337223	I:	D:
74535	75794	-	3	1.329349	I:	D:
75868	76536	-	1	1.336365	I:	D:
76539	76994	-	3	1.298486	I:	D:
76999	77334	-	1	1.332979	I:	D:
77336	78997	-	2	1.331328	I:	D:
79004	79264	-	2	1.255418	I:	D:
79257	79691	-	3	1.350062	I:	D:
79737	79994	-	3	1.332987	I:	D:
80072	84646	-	2	1.324183	I:	D:
84651	85739	-	3	1.324985	I:	D:
85764	86816	-	3	1.310817	I:	D:
86844	87989	-	3	1.322345	I:	D:
87986	88807	-	2	1.310971	I:	D:
88811	89500	-	2	1.326272	I:	D:
89581	90030	-	1	1.281697	I:	D:
>YB2_15881
1	603	-	1	1.313571	I:	D:
593	1831	-	2	1.312296	I:	D:
1833	2750	-	3	1.294927	I:	D:
2738	4051	-	2	1.301709	I:	D:
4070	4903	-	2	1.333560	I:	D:
4906	5493	-	1	1.313243	I:	D:
5890	6858	-	1	1.338372	I:	D:
7158	8471	+	3	1.353844	I:	D:
8489	9544	-	2	1.331058	I:	D:
9573	10235	-	3	1.327350	I:	D:
10295	10819	-	2	1.310914	I:	D:
11012	12073	+	2	1.328679	I:	D:
12089	13261	+	2	1.348414	I:	D:
13304	14932	-	2	1.339336	I:	D:
15052	16152	+	1	1.331854	I:	D:
16205	17143	-	2	1.346240	I:	D:
17143	18198	-	1	1.361074	I:	D:
18266	20560	-	2	1.318610	I:	D:
20587	21894	-	1	1.316329	I:	D:
21908	23104	-	2	1.316265	I:	D:
23106	24293	-	3	1.307959	I:	D:
24311	25453	-	2	1.299459	I:	D:
25517	26614	-	2	1.293968	I:	D:
26619	27785	-	3	1.312570	I:	D:
27776	28843	-	2	1.299866	I:	D:
28854	30137	-	3	1.329143	I:	D:
30365	31096	-	2	1.354092	I:	D:
31107	32447	-	3	1.338125	I:	D:
32487	37820	-	3	1.340772	I:	D:
37842	39854	-	3	1.320669	I:	D:
39881	41716	-	2	1.309694	I:	D:
41744	42016	-	2	1.307059	I:	D:
42087	42941	-	3	1.330053	I:	D:
43135	43617	-	1	1.325254	I:	D:
43628	44020	-	2	1.320425	I:	D:
44042	45958	-	2	1.325564	I:	D:
45990	46454	-	3	1.344094	I:	D:
46565	46780	-	2	1.310051	I:	D:
46782	47246	-	3	1.300039	I:	D:
47259	48788	-	3	1.319694	I:	D:
48813	50681	-	3	1.331529	I:	D:
50724	52541	-	3	1.349070	I:	D:
52563	53090	-	3	1.331470	I:	D:
53104	53484	-	1	1.345338	I:	D:
53596	53991	-	1	1.343119	I:	D:
54039	54752	-	3	1.369773	I:	D:
54736	57084	-	1	1.327393	I:	D:
57105	57509	-	3	1.325265	I:	D:
57529	58359	-	1	1.337635	I:	D:
58386	59168	-	3	1.335944	I:	D:
59183	60172	-	2	1.338071	I:	D:
60207	62081	-	3	1.317296	I:	D:
62120	63034	-	2	1.350640	I:	D:
63282	63998	+	3	1.308524	I:	D:
64095	66083	-	3	1.336569	I:	D:
66110	67414	-	2	1.313518	I:	D:
67503	67916	-	3	1.314418	I:	D:
67948	68910	-	1	1.323657	I:	D:
68907	69395	-	3	1.359145	I:	D:
69408	70343	-	3	1.328783	I:	D:
70363	71637	-	1	1.327144	I:	D:
71860	72396	-	1	1.351894	I:	D:
72374	72790	-	2	1.330117	I:	D:
72863	73342	-	2	1.344487	I:	D:
73399	74829	-	1	1.325753	I:	D:
74939	78220	-	2	1.347219	I:	D:
78260	78481	-	2	1.363855	I:	D:
78520	81141	-	1	1.349088	I:	D:
81170	82216	-	2	1.334947	I:	D:
82462	82803	-	1	1.332634	I:	D:
83097	83855	+	3	1.356176	I:	D:
83885	84457	-	2	1.343433	I:	D:
84501	84686	-	3	1.322783	I:	D:
84800	85525	-	2	1.307869	I:	D:
>YB2_15926
3	140	-	3	1.343287	I:	D:
321	1184	-	3	1.308824	I:	D:
1241	1690	-	2	1.333047	I:	D:
1917	2690	+	3	1.324111	I:	D:
2705	4150	+	2	1.344795	I:	D:
4481	5449	+	2	1.360607	I:	D:
5563	5718	-	1	1.323249	I:	D:
6052	6342	+	1	1.319239	I:	D:
6800	7057	-	2	1.325238	I:	D:
>YB2_16379
215	1123	-	2	1.311677	I:	D:
1154	2068	-	2	1.390078	I:	D:
2061	2261	-	3	1.334159	I:	D:
2303	2983	+	2	1.350088	I:	D:
2980	4137	+	1	1.353361	I:	D:
4374	5456	+	3	1.337491	I:	D:
5473	6162	+	1	1.319180	I:	D:
6208	7299	+	1	1.349729	I:	D:
7430	8509	+	2	1.326385	I:	D:
8528	10042	+	2	1.324096	I:	D:
10113	10661	+	3	1.321813	I:	D:
10712	12244	+	2	1.339047	I:	D:
12277	13929	+	1	1.335280	I:	D:
13952	15586	+	2	1.351378	I:	D:
15610	17334	+	1	1.340950	I:	D:
17336	17911	+	2	1.322735	I:	D:
18010	18339	+	1	1.325610	I:	D:
18376	19431	+	1	1.353210	I:	D:
19433	20011	+	2	1.351897	I:	D:
19983	21803	+	3	1.327978	I:	D:
21841	23610	+	1	1.318307	I:	D:
23645	24205	+	2	1.323260	I:	D:
24291	24605	-	3	1.321622	I:	D:
24678	25415	-	3	1.324161	I:	D:
25459	25947	-	1	1.320191	I:	D:
26007	27362	-	3	1.338626	I:	D:
27541	29658	+	1	1.330727	I:	D:
29782	30069	+	1	1.316160	I:	D:
30074	30289	+	2	1.358595	I:	D:
30341	30652	+	2	1.333771	I:	D:
30649	31479	+	1	1.343656	I:	D:
31470	31817	+	3	1.315314	I:	D:
31985	32533	+	2	1.336264	I:	D:
32707	32979	+	1	1.307213	I:	D:
33079	33318	+	1	1.297842	I:	D:
33392	33655	+	2	1.332259	I:	D:
33686	34030	+	2	1.343831	I:	D:
34050	34373	+	3	1.326792	I:	D:
34437	36554	+	3	1.345983	I:	D:
36624	38042	+	3	1.335643	I:	D:
38026	38547	+	1	1.324300	I:	D:
38578	40473	+	1	1.317790	I:	D:
40831	42936	+	1	1.331436	I:	D:
43086	43214	+	3	1.357249	I:	D:
43263	43616	+	3	1.334802	I:	D:
43632	43976	+	3	1.324013	I:	D:
44146	46137	+	1	1.330912	I:	D:
46175	46516	+	2	1.308274	I:	D:
46544	49378	+	2	1.337260	I:	D:
49800	50789	+	3	1.325654	I:	D:
50841	52265	-	3	1.337533	I:	D:
52464	53279	+	3	1.330566	I:	D:
53441	54082	-	2	1.288873	I:	D:
54224	54394	-	2	1.303400	I:	D:
54426	54680	+	3	1.329810	I:	D:
54754	55545	+	1	1.335210	I:	D:
55698	56096	+	3	1.330258	I:	D:
56093	57160	+	2	1.333214	I:	D:
57163	58848	+	1	1.311172	I:	D:
59104	60525	+	1	1.342983	I:	D:
60518	61180	+	2	1.343281	I:	D:
61206	62129	+	3	1.337781	I:	D:
62151	63005	+	3	1.351918	I:	D:
63124	63822	+	1	1.321685	I:	D:
63827	66175	+	2	1.335656	I:	D:
66242	68014	+	2	1.330096	I:	D:
68278	69225	+	1	1.333123	I:	D:
69227	70501	+	2	1.324975	I:	D:
70539	71267	-	3	1.335968	I:	D:
71480	72034	+	2	1.314697	I:	D:
72110	72940	+	2	1.331258	I:	D:
72982	73113	+	1	1.311491	I:	D:
73129	74163	+	1	1.324604	I:	D:
74395	75483	+	1	1.318983	I:	D:
75511	76200	+	1	1.327705	I:	D:
76190	77098	+	2	1.314556	I:	D:
77110	78315	+	1	1.329250	I:	D:
78365	79618	+	2	1.308114	I:	D:
79710	81251	+	3	1.331456	I:	D:
>YB2_16674
102	1106	+	3	1.338165	I:	D:
1254	2777	+	3	1.329666	I:	D:
2764	3792	+	1	1.339270	I:	D:
3808	5442	+	1	1.324612	I:	D:
5439	6287	+	3	1.333950	I:	D:
>YB2_16872
156	518	-	3	1.322256	I:	D:
1054	1374	+	1	1.334042	I:	D:
2066	2785	+	2	1.313424	I:	D:
2837	3790	+	2	1.312617	I:	D:
3783	4628	+	3	1.316998	I:	D:
4632	5540	+	3	1.307554	I:	D:
5705	5869	+	2	1.294811	I:	D:
5934	8012	-	3	1.354184	I:	D:
8268	10373	+	3	1.328699	I:	D:
10456	10935	+	1	1.317608	I:	D:
11155	11553	+	1	1.347914	I:	D:
11578	12561	+	1	1.330734	I:	D:
12586	12936	+	1	1.322541	I:	D:
13221	13418	+	3	1.279444	I:	D:
13396	14043	+	1	1.302312	I:	D:
14069	14839	+	2	1.308920	I:	D:
14982	16538	+	3	1.302306	I:	D:
16560	16850	+	3	1.339317	I:	D:
16864	17208	+	1	1.335845	I:	D:
17354	17677	+	2	1.302992	I:	D:
17766	18224	+	3	1.310607	I:	D:
18320	19651	-	2	1.346145	I:	D:
19739	20038	+	2	1.375461	I:	D:
20317	21012	+	1	1.352149	I:	D:
21016	22410	+	1	1.338283	I:	D:
22503	23351	-	3	1.336708	I:	D:
23435	24850	+	2	1.352677	I:	D:
24866	26188	-	2	1.356011	I:	D:
26420	27037	+	2	1.336626	I:	D:
27080	28537	-	2	1.332981	I:	D:
28821	31172	+	3	1.326527	I:	D:
31321	32466	+	1	1.326686	I:	D:
32678	33130	+	2	1.327180	I:	D:
33164	33385	+	2	1.327668	I:	D:
33419	35041	+	2	1.349697	I:	D:
35106	35828	+	3	1.361999	I:	D:
35898	36893	+	3	1.337708	I:	D:
37213	39048	+	1	1.329372	I:	D:
39045	39587	+	3	1.363385	I:	D:
39659	39973	+	2	1.287886	I:	D:
39957	42032	+	3	1.345646	I:	D:
42044	42520	+	2	1.341763	I:	D:
42675	43265	+	3	1.336140	I:	D:
43394	44332	+	2	1.343915	I:	D:
44332	45498	+	1	1.342752	I:	D:
45485	46663	+	2	1.341322	I:	D:
46723	48435	+	1	1.367797	I:	D:
48445	49209	+	1	1.352750	I:	D:
49223	49798	+	2	1.327697	I:	D:
50017	50418	+	1	1.339604	I:	D:
50408	51049	+	2	1.311391	I:	D:
51303	51689	+	3	1.280839	I:	D:
51792	52403	+	3	1.322280	I:	D:
52453	52908	+	1	1.335685	I:	D:
52951	53097	-	1	1.296772	I:	D:
52984	53472	+	1	1.323244	I:	D:
53525	53836	+	2	1.303955	I:	D:
53958	54371	+	3	1.324724	I:	D:
54388	55146	+	1	1.347526	I:	D:
55225	56136	+	1	1.354710	I:	D:
56323	56820	+	1	1.305632	I:	D:
56852	58183	+	2	1.343619	I:	D:
58561	59463	-	1	1.336663	I:	D:
59604	61667	+	3	1.332669	I:	D:
61688	62116	+	2	1.358300	I:	D:
62236	64725	+	1	1.358199	I:	D:
64808	65074	+	2	1.360802	I:	D:
65094	65597	-	3	1.438344	I:	D:
65776	67026	-	1	1.335791	I:	D:
67223	68719	+	2	1.327601	I:	D:
68729	69577	+	2	1.333443	I:	D:
69633	70241	+	3	1.308147	I:	D:
70396	71784	+	1	1.345895	I:	D:
71893	72270	-	1	1.337265	I:	D:
72515	72727	+	2	1.306779	I:	D:
72760	72981	+	1	1.310651	I:	D:
73024	75528	+	1	1.311269	I:	D:
75937	76098	+	1	1.358483	I:	D:
76230	76514	-	3	1.359329	I:	D:
76536	77696	+	3	1.339907	I:	D:
>YB2_17205
1	468	-	1	1.332559	I:	D:
465	1160	-	3	1.313018	I:	D:
1225	2136	-	1	1.336791	I:	D:
2221	2778	-	1	1.342639	I:	D:
2824	3609	-	1	1.337313	I:	D:
3869	4327	+	2	1.344197	I:	D:
4349	5680	+	2	1.340661	I:	D:
5770	6405	-	1	1.356228	I:	D:
6543	7316	-	3	1.335421	I:	D:
7321	9108	-	1	1.333758	I:	D:
9112	9921	-	1	1.332146	I:	D:
9970	10431	-	1	1.324964	I:	D:
10787	11989	-	2	1.334095	I:	D:
12065	12721	-	2	1.335156	I:	D:
12703	13818	-	1	1.342201	I:	D:
13396	14082	+	1	1.361637	I:	D:
14124	14903	-	3	1.332292	I:	D:
14907	16148	-	3	1.326289	I:	D:
16135	17007	-	1	1.328964	I:	D:
17035	18177	-	1	1.341662	I:	D:
18174	18956	-	3	1.326912	I:	D:
19063	19821	-	1	1.359568	I:	D:
19824	21089	-	3	1.321349	I:	D:
21070	22221	-	1	1.339268	I:	D:
22223	22972	-	2	1.309172	I:	D:
22991	23767	-	2	1.341489	I:	D:
23786	24853	-	2	1.328334	I:	D:
24865	25581	-	1	1.325148	I:	D:
25593	26951	-	3	1.334381	I:	D:
27057	28646	-	3	1.346831	I:	D:
28669	31767	-	1	1.327344	I:	D:
32044	32445	-	1	1.326404	I:	D:
32459	35275	-	2	1.329440	I:	D:
35324	35950	-	2	1.345568	I:	D:
35937	36713	-	3	1.358569	I:	D:
36716	37732	-	2	1.328885	I:	D:
37767	38012	-	3	1.340659	I:	D:
38084	38452	-	2	1.338504	I:	D:
38470	40338	-	1	1.329786	I:	D:
40410	40673	-	3	1.287961	I:	D:
40710	42632	-	3	1.332814	I:	D:
42665	43303	+	2	1.334571	I:	D:
43388	46240	-	2	1.326935	I:	D:
46370	48751	-	2	1.339422	I:	D:
49156	50478	-	1	1.347534	I:	D:
50533	50979	-	1	1.337904	I:	D:
51243	51596	-	3	1.368169	I:	D:
51837	52325	+	3	1.334900	I:	D:
52335	52967	-	3	1.295030	I:	D:
52984	53847	-	1	1.343690	I:	D:
53848	54615	-	1	1.353668	I:	D:
54631	55722	-	1	1.308914	I:	D:
55785	56192	-	3	1.353502	I:	D:
56209	56373	-	1	1.326028	I:	D:
56566	57171	+	1	1.356787	I:	D:
57168	57908	+	3	1.329651	I:	D:
57920	59233	+	2	1.344956	I:	D:
59966	60445	-	2	1.314345	I:	D:
60465	61610	-	3	1.322870	I:	D:
61801	63177	-	1	1.331122	I:	D:
63415	63624	+	1	1.372415	I:	D:
63706	64083	-	1	1.307465	I:	D:
64128	64586	-	3	1.340592	I:	D:
64605	65024	-	3	1.335718	I:	D:
65026	65367	-	1	1.312283	I:	D:
65370	65897	-	3	1.312854	I:	D:
65928	67244	-	3	1.297041	I:	D:
67493	68422	+	2	1.336632	I:	D:
68566	72090	-	1	1.326455	I:	D:
72225	72701	-	3	1.306855	I:	D:
72698	73117	-	2	1.306386	I:	D:
73130	73777	-	2	1.307392	I:	D:
73857	74921	-	3	1.304238	I:	D:
>YB2_17376
2	613	-	2	1.356727	I:	D:
603	830	-	3	1.365634	I:	D:
1166	1831	-	2	1.318785	I:	D:
1964	3337	+	2	1.341203	I:	D:
3375	4499	+	3	1.322902	I:	D:
4531	6222	+	1	1.313705	I:	D:
6395	6523	+	2	1.303760	I:	D:
7490	8275	+	2	1.323088	I:	D:
8302	9222	+	1	1.293838	I:	D:
9244	9810	+	1	1.310490	I:	D:
9905	11182	+	2	1.312336	I:	D:
11215	12090	+	1	1.329643	I:	D:
12114	13079	+	3	1.297510	I:	D:
13212	14624	+	3	1.316350	I:	D:
14657	15283	+	2	1.311707	I:	D:
15286	16239	+	1	1.330118	I:	D:
16257	16979	-	3	1.298304	I:	D:
16991	18949	-	2	1.315983	I:	D:
19271	19465	+	2	1.314744	I:	D:
19691	21064	+	2	1.306950	I:	D:
21505	22134	-	1	1.303356	I:	D:
22150	23427	-	1	1.318365	I:	D:
23468	23680	-	2	1.349486	I:	D:
23677	24039	-	1	1.333033	I:	D:
24393	24566	+	3	1.315665	I:	D:
24630	26009	+	3	1.313762	I:	D:
26277	27392	+	3	1.302315	I:	D:
27395	27619	+	2	1.262670	I:	D:
27644	28735	+	2	1.318812	I:	D:
28728	30650	+	3	1.314707	I:	D:
30665	33220	+	2	1.318432	I:	D:
33243	33446	+	3	1.280074	I:	D:
33508	34350	+	1	1.326743	I:	D:
34434	36110	+	3	1.327917	I:	D:
36144	36752	+	3	1.335506	I:	D:
36782	38146	+	2	1.294061	I:	D:
38207	39940	+	2	1.323492	I:	D:
40607	40756	+	2	1.296333	I:	D:
40757	41461	+	2	1.337387	I:	D:
41471	42295	+	2	1.341185	I:	D:
42336	42893	+	3	1.295176	I:	D:
43016	43402	+	2	1.360943	I:	D:
43476	44585	+	3	1.365468	I:	D:
44582	45814	+	2	1.335037	I:	D:
45815	46486	+	2	1.339249	I:	D:
46649	47050	+	2	1.369695	I:	D:
47097	47942	+	3	1.356239	I:	D:
48256	48909	+	1	1.347981	I:	D:
48935	49600	+	2	1.344157	I:	D:
49948	51696	+	1	1.346178	I:	D:
51698	53035	+	2	1.360193	I:	D:
53073	53801	+	3	1.331779	I:	D:
53785	55062	+	1	1.335605	I:	D:
55174	55758	+	1	1.355401	I:	D:
56215	58029	+	1	1.342098	I:	D:
58132	59469	+	1	1.354539	I:	D:
59518	59664	+	1	1.284948	I:	D:
59731	60732	+	1	1.316017	I:	D:
60848	61915	+	2	1.318662	I:	D:
61943	64435	+	2	1.327172	I:	D:
64453	65235	+	1	1.340813	I:	D:
65301	66116	+	3	1.377465	I:	D:
66231	67253	-	3	1.324257	I:	D:
67554	70733	+	3	1.345265	I:	D:
71098	73539	+	1	1.328538	I:	D:
73770	73931	+	3	1.318953	I:	D:
>YB2_17429
1	165	+	1	1.283996	I:	D:
167	736	+	2	1.330286	I:	D:
873	4091	+	3	1.328670	I:	D:
4298	6484	+	2	1.353781	I:	D:
6830	7690	+	2	1.326937	I:	D:
7849	8418	+	1	1.357051	I:	D:
8402	9226	+	2	1.304805	I:	D:
9338	10747	+	2	1.319974	I:	D:
10771	11250	+	1	1.350602	I:	D:
11243	11884	+	2	1.360637	I:	D:
11974	13686	+	1	1.333119	I:	D:
13994	15448	+	2	1.331629	I:	D:
15475	15774	+	1	1.328826	I:	D:
15819	16019	-	3	1.341814	I:	D:
16217	17623	+	2	1.342093	I:	D:
17628	17906	+	3	1.315443	I:	D:
17906	18961	+	2	1.376330	I:	D:
19081	20022	+	1	1.342482	I:	D:
20067	20333	+	3	1.354494	I:	D:
20370	21341	+	3	1.343739	I:	D:
21778	23142	+	1	1.353719	I:	D:
23139	23573	+	3	1.344662	I:	D:
23570	24487	+	2	1.369253	I:	D:
24611	25519	+	2	1.338827	I:	D:
25752	26501	+	3	1.333840	I:	D:
26498	27424	+	2	1.327013	I:	D:
27442	29376	+	1	1.328767	I:	D:
29418	29627	-	3	1.369727	I:	D:
29743	30000	+	1	1.343246	I:	D:
30004	31668	+	1	1.317359	I:	D:
31704	31832	-	3	1.342026	I:	D:
31911	32720	+	3	1.354872	I:	D:
32845	34776	+	1	1.341563	I:	D:
34780	35559	-	1	1.325492	I:	D:
35921	36511	-	2	1.346160	I:	D:
36658	37296	+	1	1.371756	I:	D:
37311	38234	+	3	1.352871	I:	D:
38251	38973	+	1	1.349053	I:	D:
38960	40522	+	2	1.346206	I:	D:
40529	40753	+	2	1.318900	I:	D:
40781	42343	+	2	1.336569	I:	D:
42641	44233	+	2	1.336744	I:	D:
44250	44819	+	3	1.355340	I:	D:
44833	45846	+	1	1.334323	I:	D:
45859	46659	+	1	1.356228	I:	D:
46728	47375	+	3	1.359270	I:	D:
47709	48893	+	3	1.341827	I:	D:
48886	49662	+	1	1.340847	I:	D:
50344	50910	+	1	1.327753	I:	D:
50895	51242	+	3	1.329628	I:	D:
51274	51810	+	1	1.338580	I:	D:
51985	52596	-	1	1.285635	I:	D:
53116	53325	+	1	1.295924	I:	D:
53821	54144	+	1	1.289930	I:	D:
54141	54314	+	3	1.288807	I:	D:
54605	58315	+	2	1.286159	I:	D:
58382	58621	+	2	1.310392	I:	D:
58741	59064	+	1	1.300964	I:	D:
59070	59654	+	3	1.317084	I:	D:
59786	60379	+	2	1.299869	I:	D:
60406	61428	+	1	1.291164	I:	D:
61851	62447	+	3	1.309722	I:	D:
62501	62983	+	2	1.293520	I:	D:
63045	63428	+	3	1.308708	I:	D:
63502	64170	+	1	1.323376	I:	D:
64167	64817	+	3	1.314759	I:	D:
64821	66329	+	3	1.325667	I:	D:
66486	67043	+	3	1.314866	I:	D:
67046	67402	+	2	1.269396	I:	D:
67686	68261	+	3	1.313950	I:	D:
68265	69599	+	3	1.302605	I:	D:
69734	71263	+	2	1.308054	I:	D:
71283	72905	+	3	1.297068	I:	D:
73138	73764	+	1	1.291439	I:	D:
>YB2_17448
3	3848	-	3	1.336503	I:	D:
4006	5526	-	1	1.327416	I:	D:
>YB2_17720
2	928	-	2	1.348463	I:	D:
956	1552	-	2	1.327950	I:	D:
1618	2364	-	1	1.345548	I:	D:
2368	3087	-	1	1.336060	I:	D:
3105	3818	-	3	1.337027	I:	D:
3853	5031	-	1	1.340857	I:	D:
5046	6236	-	3	1.346642	I:	D:
6249	7466	-	3	1.336068	I:	D:
7504	8445	-	1	1.342138	I:	D:
8530	9924	-	1	1.340682	I:	D:
9943	11466	-	1	1.344757	I:	D:
11508	11939	-	3	1.311873	I:	D:
11990	12577	-	2	1.337368	I:	D:
12679	13503	-	1	1.355963	I:	D:
13478	14908	-	2	1.343575	I:	D:
14926	15579	-	1	1.343343	I:	D:
15576	16499	-	3	1.344812	I:	D:
16525	17217	-	1	1.336035	I:	D:
17229	20036	-	3	1.349606	I:	D:
20040	22349	-	3	1.335077	I:	D:
22346	23359	-	2	1.328599	I:	D:
23503	23775	-	1	1.365009	I:	D:
23801	24256	-	2	1.311976	I:	D:
24275	24565	-	2	1.297305	I:	D:
24824	26095	+	2	1.320010	I:	D:
26163	27125	-	3	1.332221	I:	D:
27137	29110	-	2	1.324151	I:	D:
29205	29930	-	3	1.318910	I:	D:
30052	30738	-	1	1.341330	I:	D:
30820	31848	-	1	1.322932	I:	D:
31889	33418	-	2	1.345184	I:	D:
33443	34654	-	2	1.340683	I:	D:
34698	35939	-	3	1.331239	I:	D:
36051	36764	-	3	1.326437	I:	D:
36764	38137	-	2	1.356223	I:	D:
38627	39547	-	2	1.332229	I:	D:
39619	40908	-	1	1.335852	I:	D:
40934	41902	-	2	1.349687	I:	D:
42044	43546	-	2	1.360921	I:	D:
43769	44344	-	2	1.344782	I:	D:
44599	45009	+	1	1.355650	I:	D:
45035	45832	-	2	1.317301	I:	D:
45835	46377	-	1	1.285714	I:	D:
46536	46682	-	3	1.386935	I:	D:
46752	47060	-	3	1.397219	I:	D:
47149	47370	-	1	1.275423	I:	D:
47407	48153	-	1	1.348574	I:	D:
48189	48476	-	3	1.358053	I:	D:
48482	48883	-	2	1.379165	I:	D:
49347	50105	-	3	1.330686	I:	D:
50295	50603	-	3	1.300155	I:	D:
50669	51508	-	2	1.320262	I:	D:
51521	52888	-	2	1.310086	I:	D:
52885	53301	-	1	1.291724	I:	D:
53355	54335	-	3	1.324160	I:	D:
54332	55162	-	2	1.302992	I:	D:
55143	55685	-	3	1.297077	I:	D:
55689	56732	-	3	1.327578	I:	D:
56805	57023	-	3	1.261832	I:	D:
57114	57347	-	3	1.314996	I:	D:
57400	58884	-	1	1.288915	I:	D:
58886	59434	-	2	1.298984	I:	D:
59443	60729	-	1	1.319538	I:	D:
60733	62016	-	1	1.303572	I:	D:
62039	62407	-	2	1.281821	I:	D:
62415	63242	-	3	1.314129	I:	D:
63337	63750	-	1	1.294820	I:	D:
63778	65385	-	1	1.324925	I:	D:
65404	65946	-	1	1.291792	I:	D:
66031	66882	-	1	1.285868	I:	D:
66937	67626	-	1	1.306603	I:	D:
67693	68838	-	1	1.312569	I:	D:
68826	69533	+	3	1.331504	I:	D:
69559	69702	-	1	1.365786	I:	D:
69811	70221	-	1	1.334916	I:	D:
70300	70581	-	1	1.376825	I:	D:
70701	70874	-	3	1.358344	I:	D:
>YB2_18218
38	691	-	2	1.305641	I:	D:
725	1993	-	2	1.324508	I:	D:
1993	2649	-	1	1.322472	I:	D:
2655	4043	-	3	1.344368	I:	D:
4184	5152	-	2	1.334280	I:	D:
>YB2_18395
3	158	-	3	1.301148	I:	D:
313	1308	-	1	1.350803	I:	D:
1412	2212	-	2	1.324157	I:	D:
2214	2561	-	3	1.310027	I:	D:
2663	4225	+	2	1.322652	I:	D:
4354	4665	+	1	1.364117	I:	D:
4792	5034	+	1	1.367122	I:	D:
>YB2_18404
1	315	+	1	1.384595	I:	D:
361	1335	-	1	1.341852	I:	D:
1443	1616	-	3	1.381584	I:	D:
1657	3345	-	1	1.327298	I:	D:
3832	5028	-	1	1.343510	I:	D:
>YB2_18521
3	344	-	3	1.337053	I:	D:
366	539	-	3	1.312884	I:	D:
785	2032	+	2	1.339093	I:	D:
2139	3029	-	3	1.361460	I:	D:
3145	3960	-	1	1.319951	I:	D:
4127	4969	-	2	1.332967	I:	D:
>YB2_18628
1	405	+	1	1.352248	I:	D:
402	863	+	3	1.346699	I:	D:
937	2265	-	1	1.348223	I:	D:
2649	3689	+	3	1.337711	I:	D:
3981	4610	+	3	1.347906	I:	D:
4708	4911	+	1	1.293545	I:	D:
>YB2_18778
1	663	-	1	1.341575	I:	D:
667	1629	-	1	1.309153	I:	D:
1613	3121	-	2	1.320071	I:	D:
3176	4135	-	2	1.326736	I:	D:
4308	5180	-	3	1.335196	I:	D:
5213	6613	-	2	1.345966	I:	D:
6650	7546	-	2	1.331924	I:	D:
7575	9167	-	3	1.324133	I:	D:
9258	11804	-	3	1.326774	I:	D:
11807	12160	-	2	1.314969	I:	D:
12276	13358	-	3	1.316363	I:	D:
13389	13988	-	3	1.338312	I:	D:
13988	14338	-	2	1.275724	I:	D:
14433	16082	-	3	1.323970	I:	D:
16098	17102	-	3	1.320874	I:	D:
17378	18697	-	2	1.326141	I:	D:
18675	19013	-	3	1.333410	I:	D:
19041	19760	-	3	1.355847	I:	D:
19912	21378	-	1	1.315848	I:	D:
21401	21574	-	2	1.324676	I:	D:
21598	22953	-	1	1.337560	I:	D:
22957	23685	-	1	1.343780	I:	D:
23666	24919	-	2	1.345811	I:	D:
24924	25742	-	3	1.349416	I:	D:
25786	26208	-	1	1.338253	I:	D:
26598	27773	-	3	1.337095	I:	D:
27779	28270	-	2	1.335130	I:	D:
28264	29442	-	1	1.345204	I:	D:
29439	29921	-	3	1.310562	I:	D:
30135	30758	+	3	1.341170	I:	D:
30762	32069	-	3	1.314817	I:	D:
32074	33312	-	1	1.327845	I:	D:
33355	35340	-	1	1.339581	I:	D:
35402	36238	-	2	1.313086	I:	D:
36239	36997	-	2	1.343936	I:	D:
36987	37931	-	3	1.313698	I:	D:
37928	38929	-	2	1.311069	I:	D:
38958	39404	-	3	1.295906	I:	D:
39438	40067	-	3	1.321167	I:	D:
40211	40429	+	2	1.305874	I:	D:
40490	41344	+	2	1.308675	I:	D:
41381	43372	+	2	1.321551	I:	D:
43494	44324	-	3	1.321378	I:	D:
44710	44919	+	1	1.371031	I:	D:
45047	45859	-	2	1.350707	I:	D:
45843	46223	-	3	1.337836	I:	D:
46231	46932	-	1	1.336503	I:	D:
46943	48361	-	2	1.321008	I:	D:
48575	49147	+	2	1.307968	I:	D:
49163	49663	+	2	1.339434	I:	D:
49681	49962	-	1	1.295679	I:	D:
49955	50836	-	2	1.323230	I:	D:
51069	52451	+	3	1.322206	I:	D:
52720	53865	+	1	1.322006	I:	D:
53862	54881	+	3	1.330317	I:	D:
54889	56109	+	1	1.328792	I:	D:
56203	56970	-	1	1.323177	I:	D:
57095	58924	-	2	1.355398	I:	D:
58985	61969	-	2	1.337871	I:	D:
62116	62499	-	1	1.315900	I:	D:
62574	63632	-	3	1.334659	I:	D:
>YB2_19031
335	1480	+	2	1.319780	I:	D:
1692	2288	+	3	1.339627	I:	D:
2290	3174	-	1	1.340426	I:	D:
3373	4245	+	1	1.348511	I:	D:
4294	4722	+	1	1.343235	I:	D:
>YB2_19739
3	470	-	3	1.325767	I:	D:
1251	1949	+	3	1.326005	I:	D:
1960	4266	+	1	1.330839	I:	D:
>YB2_19808
2	160	+	2	1.382551	I:	D:
330	527	-	3	1.320310	I:	D:
609	1547	-	3	1.347072	I:	D:
1679	2527	-	2	1.331654	I:	D:
2543	3322	-	2	1.320150	I:	D:
3538	4131	+	1	1.289218	I:	D:
>YB2_19966
250	879	-	1	1.333572	I:	D:
897	1676	-	3	1.344848	I:	D:
1687	2748	-	1	1.323728	I:	D:
2755	3402	-	1	1.312153	I:	D:
3460	4881	-	1	1.339747	I:	D:
5037	6407	-	3	1.325807	I:	D:
6397	7128	-	1	1.336423	I:	D:
7206	7958	-	3	1.343185	I:	D:
8060	8680	-	2	1.337446	I:	D:
8765	9898	-	2	1.341241	I:	D:
9883	11082	-	1	1.331183	I:	D:
11322	11861	-	3	1.323196	I:	D:
11987	12955	-	2	1.345613	I:	D:
13021	13770	+	1	1.348991	I:	D:
13767	15101	+	3	1.342749	I:	D:
15106	16035	+	1	1.343539	I:	D:
16036	16884	-	1	1.322826	I:	D:
16889	17623	-	2	1.346011	I:	D:
17691	18632	-	3	1.344538	I:	D:
18719	19477	-	2	1.348236	I:	D:
19495	20289	-	1	1.312669	I:	D:
20295	21230	-	3	1.329689	I:	D:
21352	22320	-	1	1.325031	I:	D:
22500	23021	+	3	1.329319	I:	D:
23008	23682	+	1	1.322818	I:	D:
23803	24603	+	1	1.338301	I:	D:
24805	24954	-	1	1.405726	I:	D:
24992	26644	-	2	1.337702	I:	D:
26725	27339	-	1	1.344844	I:	D:
27351	28247	-	3	1.326476	I:	D:
28464	29555	+	3	1.324600	I:	D:
29662	32364	-	1	1.317813	I:	D:
32396	33112	-	2	1.338857	I:	D:
33204	33833	-	3	1.301073	I:	D:
33956	34561	-	2	1.335323	I:	D:
34578	35528	-	3	1.312946	I:	D:
35573	35803	-	2	1.355279	I:	D:
35882	38191	-	2	1.341836	I:	D:
38550	38876	+	3	1.305632	I:	D:
38954	39685	+	2	1.320841	I:	D:
39711	42146	+	3	1.326588	I:	D:
42188	42913	+	2	1.313681	I:	D:
42915	44351	+	3	1.319925	I:	D:
44409	45161	+	3	1.325887	I:	D:
45179	46075	+	2	1.327000	I:	D:
46462	47394	-	1	1.341743	I:	D:
47959	48360	-	1	1.304493	I:	D:
48381	49775	-	3	1.334572	I:	D:
49790	50653	-	2	1.321997	I:	D:
50681	52183	-	2	1.332154	I:	D:
52204	52743	-	1	1.307386	I:	D:
52728	53285	-	3	1.305262	I:	D:
53310	53567	-	3	1.324745	I:	D:
53605	54348	-	1	1.343405	I:	D:
54366	54785	-	3	1.300781	I:	D:
54811	55044	-	1	1.329269	I:	D:
55201	56340	+	1	1.332368	I:	D:
56638	57066	+	1	1.339508	I:	D:
