>Y8.M021_1
136	1401	+	1	1.239250	I:	D:
1749	2522	+	3	1.232436	I:	D:
2534	3295	+	2	1.217263	I:	D:
3319	4404	+	1	1.261058	I:	D:
4523	4756	+	2	1.262010	I:	D:
4941	5804	+	3	1.231046	I:	D:
5840	6100	+	2	1.249119	I:	D:
6393	8114	+	3	1.201083	I:	D:
8140	8415	+	1	1.223745	I:	D:
8436	9176	+	3	1.240722	I:	D:
9187	11295	+	1	1.222289	I:	D:
11298	11729	+	3	1.201713	I:	D:
11751	12470	+	3	1.195016	I:	D:
12505	13254	+	1	1.218233	I:	D:
13311	13607	+	3	1.272667	I:	D:
13622	14908	+	2	1.215847	I:	D:
15148	15588	+	1	1.243823	I:	D:
15819	17540	+	3	1.235647	I:	D:
17623	18960	+	1	1.209226	I:	D:
19033	19326	-	1	1.264838	I:	D:
19439	20080	-	2	1.255239	I:	D:
20167	20826	-	1	1.244310	I:	D:
20921	22318	-	2	1.249469	I:	D:
22494	24770	+	3	1.212090	I:	D:
25092	25922	+	3	1.233016	I:	D:
25963	26592	-	1	1.248531	I:	D:
26705	27262	-	2	1.220795	I:	D:
27542	27865	-	2	1.219843	I:	D:
27862	28572	-	1	1.211079	I:	D:
28661	29053	-	2	1.196634	I:	D:
29057	29713	-	2	1.221960	I:	D:
29833	31089	+	1	1.207974	I:	D:
31163	31321	+	2	1.253553	I:	D:
31456	32289	+	1	1.226512	I:	D:
32310	33569	+	3	1.213555	I:	D:
33668	36133	+	2	1.221996	I:	D:
36108	36752	+	3	1.230899	I:	D:
36875	37099	-	2	1.200433	I:	D:
37185	37646	+	3	1.301651	I:	D:
37708	39102	-	1	1.207256	I:	D:
39502	40530	+	1	1.262293	I:	D:
40532	41539	+	2	1.307883	I:	D:
41605	42747	+	1	1.276156	I:	D:
42744	43778	+	3	1.251581	I:	D:
43775	44983	+	2	1.234595	I:	D:
44988	46007	+	3	1.246088	I:	D:
46004	46969	+	2	1.261272	I:	D:
46998	48314	+	3	1.237334	I:	D:
48415	49986	+	1	1.261259	I:	D:
50005	50910	+	1	1.228188	I:	D:
50910	51749	+	3	1.229033	I:	D:
51792	52268	+	3	1.230386	I:	D:
52286	52735	+	2	1.242671	I:	D:
52749	54044	+	3	1.241066	I:	D:
54130	55041	+	1	1.233591	I:	D:
55701	55940	-	3	1.277331	I:	D:
56173	56346	+	1	1.330424	I:	D:
56460	57059	+	3	1.233098	I:	D:
57056	57724	+	2	1.216543	I:	D:
57790	58671	+	1	1.197047	I:	D:
58880	60508	+	2	1.209047	I:	D:
60981	61901	+	3	1.205357	I:	D:
61954	62820	+	1	1.203231	I:	D:
62824	63564	+	1	1.223134	I:	D:
63811	64467	-	1	1.220719	I:	D:
64630	66141	-	1	1.203130	I:	D:
66311	66781	+	2	1.253285	I:	D:
66824	68236	-	2	1.203561	I:	D:
68274	69746	-	3	1.197309	I:	D:
69786	70574	+	3	1.259617	I:	D:
70622	71410	+	2	1.230163	I:	D:
71430	72218	+	3	1.259389	I:	D:
72422	72925	-	2	1.330846	I:	D:
72960	74345	-	3	1.325737	I:	D:
74338	75309	-	1	1.343849	I:	D:
75476	75757	-	2	1.309744	I:	D:
75937	77433	-	1	1.335183	I:	D:
77411	79267	-	2	1.337337	I:	D:
79386	80561	-	3	1.328666	I:	D:
80575	81417	-	1	1.327287	I:	D:
81446	82417	-	2	1.332263	I:	D:
82738	84033	+	1	1.315223	I:	D:
84134	85060	+	2	1.322924	I:	D:
85066	85893	+	1	1.362715	I:	D:
86087	88378	+	2	1.333461	I:	D:
88754	88912	+	2	1.337490	I:	D:
89130	90584	+	3	1.237374	I:	D:
90612	94529	+	3	1.232578	I:	D:
94588	96297	-	1	1.240312	I:	D:
96308	98056	-	2	1.253224	I:	D:
98058	99608	-	3	1.249634	I:	D:
99593	99988	-	2	1.232480	I:	D:
99989	101260	-	2	1.214564	I:	D:
101253	102974	-	3	1.238451	I:	D:
103144	103731	+	1	1.220556	I:	D:
103817	104227	+	2	1.285976	I:	D:
104224	104610	+	1	1.216025	I:	D:
104792	106168	+	2	1.244738	I:	D:
106288	107454	+	1	1.278688	I:	D:
107532	107726	+	3	1.241483	I:	D:
108050	109579	-	2	1.231517	I:	D:
109829	111541	+	2	1.215178	I:	D:
111592	111963	+	1	1.258784	I:	D:
112152	115808	+	3	1.304195	I:	D:
115925	117463	+	2	1.238608	I:	D:
117497	118159	+	2	1.314618	I:	D:
118266	119510	+	3	1.248484	I:	D:
119648	120217	-	2	1.226335	I:	D:
120650	122497	+	2	1.235367	I:	D:
122690	124129	+	2	1.223186	I:	D:
124126	125403	+	1	1.238634	I:	D:
125400	125744	+	3	1.264919	I:	D:
125757	127250	+	3	1.236183	I:	D:
127864	129585	-	1	1.336227	I:	D:
129582	130559	-	3	1.349925	I:	D:
130641	131657	+	3	1.345463	I:	D:
131973	132863	-	3	1.341793	I:	D:
133144	134256	+	1	1.357300	I:	D:
134272	135561	+	1	1.347081	I:	D:
135626	137227	+	2	1.290217	I:	D:
137316	138248	+	3	1.353209	I:	D:
138269	139156	+	2	1.317862	I:	D:
139187	140572	+	2	1.330760	I:	D:
140593	141777	+	1	1.338062	I:	D:
141802	142650	+	1	1.340360	I:	D:
142884	144515	-	3	1.231585	I:	D:
144538	146139	-	1	1.213484	I:	D:
146296	148260	-	1	1.252097	I:	D:
148205	149986	+	2	1.256617	I:	D:
150145	150834	+	1	1.217879	I:	D:
150831	151925	+	3	1.226853	I:	D:
151990	152811	+	1	1.230748	I:	D:
152869	153570	-	1	1.276482	I:	D:
153768	154064	+	3	1.253854	I:	D:
154081	155469	+	1	1.254090	I:	D:
155466	157181	+	3	1.230091	I:	D:
157195	159153	+	1	1.235622	I:	D:
159150	159560	+	3	1.229574	I:	D:
159618	161933	+	3	1.241401	I:	D:
161956	162825	+	1	1.254792	I:	D:
162848	164158	+	2	1.223946	I:	D:
164171	165481	+	2	1.223087	I:	D:
165539	166630	-	2	1.241295	I:	D:
166627	168855	-	1	1.226958	I:	D:
169111	170535	+	1	1.234096	I:	D:
170727	171416	-	3	1.218576	I:	D:
171547	172965	-	1	1.236862	I:	D:
173044	173523	-	1	1.336075	I:	D:
173561	173986	-	2	1.311988	I:	D:
174026	174160	-	2	1.258805	I:	D:
174356	174619	-	2	1.312490	I:	D:
174746	176968	-	2	1.236574	I:	D:
176980	179130	-	1	1.214649	I:	D:
179142	179624	-	3	1.252490	I:	D:
179692	180117	+	1	1.294505	I:	D:
180114	180656	+	3	1.282763	I:	D:
181036	182445	+	1	1.256682	I:	D:
182517	183176	-	3	1.259597	I:	D:
183186	183602	-	3	1.267935	I:	D:
183648	184535	-	3	1.262545	I:	D:
184563	184691	-	3	1.326860	I:	D:
>Y8.M021_2
177	1883	+	3	1.203400	I:	D:
1887	2432	+	3	1.215979	I:	D:
2562	3737	+	3	1.211244	I:	D:
3734	4372	+	2	1.255848	I:	D:
4561	4812	-	1	1.255796	I:	D:
4906	5124	-	1	1.295911	I:	D:
5320	5604	-	1	1.266774	I:	D:
5734	6063	+	1	1.140025	I:	D:
6091	7104	+	1	1.216572	I:	D:
7175	7921	+	2	1.205164	I:	D:
>Y8.M021_3
3	368	+	3	1.192580	I:	D:
365	1162	+	2	1.196202	I:	D:
1330	4314	+	1	1.232418	I:	D:
4359	5543	-	3	1.227482	I:	D:
6177	6395	-	3	1.240590	I:	D:
6456	6764	-	3	1.160729	I:	D:
6801	7175	-	3	1.187976	I:	D:
>Y8.M021_4
45	701	+	3	1.247794	I:	D:
877	2151	+	1	1.199817	I:	D:
2156	3067	+	2	1.200929	I:	D:
3280	3999	-	1	1.348294	I:	D:
3962	5695	+	2	1.162393	I:	D:
5711	6196	+	2	1.140520	I:	D:
>Y8.M021_5
2	640	+	2	1.173825	I:	D:
658	1203	+	1	1.208934	I:	D:
1395	2057	+	3	1.253787	I:	D:
2250	3614	+	3	1.211189	I:	D:
3633	4184	+	3	1.236673	I:	D:
4293	5081	-	3	1.203867	I:	D:
4988	5665	-	2	1.215701	I:	D:
>Y8.M021_6
3	197	-	3	1.219404	I:	D:
311	1342	+	2	1.209477	I:	D:
1367	2263	+	2	1.175669	I:	D:
2293	2550	-	1	1.366493	I:	D:
2593	3858	-	1	1.320438	I:	D:
4094	4786	-	2	1.181343	I:	D:
4803	5111	-	3	1.222170	I:	D:
>Y8.M021_7
3	497	-	3	1.245926	I:	D:
818	1678	+	2	1.205085	I:	D:
1755	2549	+	3	1.207667	I:	D:
>Y8.M021_8
1	249	-	1	1.369742	I:	D:
724	1038	-	1	1.309672	I:	D:
1355	2467	-	2	1.288593	I:	D:
2574	3518	-	3	1.292683	I:	D:
3538	3771	-	1	1.280402	I:	D:
4331	5245	+	2	1.310047	I:	D:
5843	8725	+	2	1.203160	I:	D:
8747	10024	+	2	1.212366	I:	D:
10125	10889	-	3	1.221169	I:	D:
10894	11385	-	1	1.231112	I:	D:
11382	13136	-	3	1.229310	I:	D:
13133	14875	-	2	1.236045	I:	D:
15224	15538	-	2	1.278219	I:	D:
15573	16517	-	3	1.234970	I:	D:
16528	17403	-	1	1.240825	I:	D:
17400	18257	-	3	1.244317	I:	D:
18449	18622	+	2	1.314109	I:	D:
19454	19780	-	2	1.269658	I:	D:
19911	20342	+	3	1.331485	I:	D:
20473	21651	-	1	1.318600	I:	D:
>Y8.M021_9
1	186	+	1	1.271522	I:	D:
215	2146	+	2	1.265495	I:	D:
2143	2787	+	1	1.278400	I:	D:
3476	4192	+	2	1.222713	I:	D:
4300	4692	+	1	1.259292	I:	D:
4682	6199	+	2	1.293637	I:	D:
6301	7110	+	1	1.248756	I:	D:
>Y8.M021_10
1	621	-	1	1.251096	I:	D:
763	2448	-	1	1.222304	I:	D:
>Y8.M021_11
129	1241	-	3	1.240037	I:	D:
1285	2115	-	1	1.241464	I:	D:
2112	3038	-	3	1.239105	I:	D:
3183	4607	-	3	1.263778	I:	D:
4791	5681	-	3	1.286688	I:	D:
6054	6992	+	3	1.227531	I:	D:
7056	7526	+	3	1.267442	I:	D:
7554	8255	+	3	1.240796	I:	D:
8257	9186	+	1	1.228852	I:	D:
9427	10524	+	1	1.271483	I:	D:
10688	11890	-	2	1.330966	I:	D:
12034	13641	+	1	1.299100	I:	D:
13641	14249	+	3	1.302058	I:	D:
14246	15301	+	2	1.286525	I:	D:
15322	16455	+	1	1.270563	I:	D:
17392	17721	+	1	1.297239	I:	D:
17737	17913	+	1	1.354121	I:	D:
17983	18657	+	1	1.348594	I:	D:
18654	19511	+	3	1.292774	I:	D:
19535	19726	+	2	1.369846	I:	D:
20217	21146	-	3	1.236402	I:	D:
21332	22165	+	2	1.278185	I:	D:
22315	22860	+	1	1.230408	I:	D:
22877	23158	+	2	1.259607	I:	D:
23244	24560	+	3	1.249546	I:	D:
24966	25832	+	3	1.331687	I:	D:
25952	27157	+	2	1.335011	I:	D:
27286	28215	-	1	1.417200	I:	D:
28565	31243	-	2	1.216759	I:	D:
31619	32647	+	2	1.263682	I:	D:
32931	34979	+	3	1.256773	I:	D:
35074	36297	+	1	1.260791	I:	D:
36291	37415	+	3	1.259008	I:	D:
37566	39179	+	3	1.259664	I:	D:
39296	39643	-	2	1.327229	I:	D:
39687	40307	-	3	1.263192	I:	D:
40350	40829	-	3	1.285780	I:	D:
40960	41235	-	1	1.268485	I:	D:
41435	44371	-	2	1.233081	I:	D:
44368	46428	-	1	1.244679	I:	D:
46885	48273	+	1	1.234266	I:	D:
48331	48738	+	1	1.221144	I:	D:
48853	51468	+	1	1.230204	I:	D:
51561	53753	+	3	1.249411	I:	D:
53860	54687	+	1	1.253260	I:	D:
54732	55967	+	3	1.222720	I:	D:
56253	56711	+	3	1.211939	I:	D:
56779	57516	+	1	1.273939	I:	D:
57577	58581	+	1	1.265978	I:	D:
58736	61510	+	2	1.246827	I:	D:
61759	62262	+	1	1.216082	I:	D:
62249	63175	+	2	1.280479	I:	D:
63172	63999	+	1	1.252093	I:	D:
64021	64494	+	1	1.221100	I:	D:
64669	65436	+	1	1.288389	I:	D:
65684	66718	+	2	1.246953	I:	D:
66895	67824	+	1	1.222400	I:	D:
67817	68611	+	2	1.208055	I:	D:
68967	69617	+	3	1.272558	I:	D:
69644	71305	+	2	1.250266	I:	D:
71341	72090	+	1	1.242771	I:	D:
72187	74088	+	1	1.226198	I:	D:
74280	75050	+	3	1.279670	I:	D:
75057	75944	+	3	1.266612	I:	D:
75988	77832	+	1	1.268795	I:	D:
77829	78866	+	3	1.279127	I:	D:
78863	79717	+	2	1.257258	I:	D:
79714	81657	+	1	1.267811	I:	D:
81679	83184	+	1	1.263211	I:	D:
83207	84226	+	2	1.257488	I:	D:
84378	85310	+	3	1.249271	I:	D:
85359	86111	+	3	1.260018	I:	D:
86108	87064	+	2	1.227609	I:	D:
87113	88018	+	2	1.257375	I:	D:
88080	88943	+	3	1.253038	I:	D:
88986	89924	+	3	1.266901	I:	D:
89928	93452	+	3	1.258762	I:	D:
93561	94535	+	3	1.251527	I:	D:
94569	94757	+	3	1.356506	I:	D:
94763	95962	-	2	1.267165	I:	D:
95459	96274	+	2	1.400377	I:	D:
96433	96822	+	1	1.277648	I:	D:
96840	99056	+	3	1.236795	I:	D:
99134	99514	+	2	1.235898	I:	D:
99663	100535	+	3	1.278372	I:	D:
100528	101007	+	1	1.247732	I:	D:
101079	102095	-	3	1.262040	I:	D:
102477	102875	+	3	1.235296	I:	D:
102865	104199	+	1	1.212190	I:	D:
104308	104547	+	1	1.243892	I:	D:
104566	104799	+	1	1.219652	I:	D:
104881	105411	+	1	1.233810	I:	D:
105415	106662	+	1	1.255318	I:	D:
106910	107173	+	2	1.250687	I:	D:
107273	109117	+	2	1.252387	I:	D:
109214	109762	+	2	1.277268	I:	D:
109759	110232	+	1	1.218732	I:	D:
110485	110901	+	1	1.243206	I:	D:
110947	111870	+	1	1.244429	I:	D:
111913	112389	+	1	1.218989	I:	D:
112523	115006	+	2	1.246446	I:	D:
115065	116423	+	3	1.246544	I:	D:
116458	117471	+	1	1.239539	I:	D:
117592	118821	+	1	1.252872	I:	D:
118866	119981	+	3	1.239136	I:	D:
120017	120148	+	2	1.342640	I:	D:
120174	121601	+	3	1.263644	I:	D:
121744	122877	-	1	1.253951	I:	D:
123308	123904	+	2	1.256385	I:	D:
124301	125458	+	2	1.225987	I:	D:
125660	126871	-	2	1.253937	I:	D:
127314	128630	-	3	1.263441	I:	D:
128800	129975	+	1	1.249107	I:	D:
129992	130156	+	2	1.336148	I:	D:
130236	131570	+	3	1.249514	I:	D:
131626	132036	+	1	1.226428	I:	D:
132273	132833	+	3	1.293204	I:	D:
132820	133425	+	1	1.232240	I:	D:
133422	134198	+	3	1.245020	I:	D:
134363	134788	+	2	1.282681	I:	D:
134873	135583	-	2	1.288326	I:	D:
135653	137086	-	2	1.235582	I:	D:
137167	140847	-	1	1.216926	I:	D:
140851	142146	-	1	1.227096	I:	D:
142275	143456	-	3	1.224340	I:	D:
143462	144193	-	2	1.246685	I:	D:
144199	144792	-	1	1.232744	I:	D:
144789	145829	-	3	1.230766	I:	D:
145872	147341	-	3	1.239781	I:	D:
147383	148096	-	2	1.218422	I:	D:
148224	148730	-	3	1.208171	I:	D:
149252	149791	+	2	1.264932	I:	D:
149821	150897	+	1	1.266756	I:	D:
151308	151883	-	3	1.252574	I:	D:
151953	153446	-	3	1.227213	I:	D:
153457	155289	-	1	1.260090	I:	D:
155659	156879	+	1	1.261477	I:	D:
156916	158796	+	1	1.251889	I:	D:
158836	159261	+	1	1.233649	I:	D:
159515	161155	-	2	1.291476	I:	D:
161179	162354	-	1	1.315282	I:	D:
162351	162884	-	3	1.305273	I:	D:
163018	163755	-	1	1.218428	I:	D:
164115	166583	-	3	1.292393	I:	D:
166621	167736	-	1	1.257392	I:	D:
168008	168997	+	2	1.303036	I:	D:
169085	170440	+	2	1.263733	I:	D:
170637	171137	+	3	1.367060	I:	D:
171162	171350	+	3	1.350310	I:	D:
171453	172775	+	3	1.246325	I:	D:
172779	174110	+	3	1.240715	I:	D:
174132	174788	+	3	1.239249	I:	D:
174903	176348	-	3	1.272924	I:	D:
176527	176763	-	1	1.218349	I:	D:
176814	179282	+	3	1.287053	I:	D:
179469	180572	-	3	1.281464	I:	D:
180699	181499	+	3	1.249060	I:	D:
182006	183028	+	2	1.243604	I:	D:
183043	185457	+	1	1.237962	I:	D:
185553	185879	-	3	1.245177	I:	D:
186266	187690	+	2	1.261715	I:	D:
>Y8.M021_12
2	574	-	2	1.310436	I:	D:
728	1240	+	2	1.285961	I:	D:
1500	2639	+	3	1.249801	I:	D:
2744	3877	-	2	1.286802	I:	D:
3936	4217	-	3	1.330177	I:	D:
4526	5416	+	2	1.292273	I:	D:
5522	6739	+	2	1.276185	I:	D:
6827	9106	-	2	1.265737	I:	D:
9342	11081	+	3	1.254058	I:	D:
11078	12841	+	2	1.256578	I:	D:
12947	13957	+	2	1.247798	I:	D:
14062	15117	-	1	1.300421	I:	D:
15135	16379	-	3	1.270921	I:	D:
16417	16902	-	1	1.275164	I:	D:
16912	17700	-	1	1.287526	I:	D:
17833	19224	-	1	1.263677	I:	D:
19379	21262	-	2	1.259696	I:	D:
21311	23185	-	2	1.272058	I:	D:
23124	24161	-	3	1.288411	I:	D:
24811	25062	-	1	1.249062	I:	D:
25047	25262	-	3	1.263052	I:	D:
25288	26763	-	1	1.255694	I:	D:
26778	28319	-	3	1.259324	I:	D:
28613	29602	-	2	1.282173	I:	D:
29328	30191	-	3	1.266532	I:	D:
30188	32095	-	2	1.264618	I:	D:
32088	32837	-	3	1.275480	I:	D:
32834	33889	-	2	1.278418	I:	D:
33932	35239	-	2	1.292497	I:	D:
35236	36156	-	1	1.251555	I:	D:
36184	36699	-	1	1.266621	I:	D:
36758	37036	-	2	1.303861	I:	D:
37070	39310	-	2	1.262074	I:	D:
39368	39964	-	2	1.286974	I:	D:
39998	40261	-	2	1.261936	I:	D:
40304	41182	-	2	1.242314	I:	D:
41677	42243	+	1	1.271001	I:	D:
42337	43065	-	1	1.303793	I:	D:
43165	44139	+	1	1.279805	I:	D:
44180	44560	+	2	1.281170	I:	D:
44769	45836	-	3	1.236836	I:	D:
45912	47963	-	3	1.240606	I:	D:
48007	48561	-	1	1.250130	I:	D:
48566	49960	-	2	1.281542	I:	D:
49941	51341	-	3	1.247044	I:	D:
51387	51833	-	3	1.225932	I:	D:
51846	53834	-	3	1.243348	I:	D:
53895	55844	-	3	1.258400	I:	D:
55831	56079	+	1	1.358918	I:	D:
56273	56734	+	2	1.253590	I:	D:
56779	57840	+	1	1.275650	I:	D:
57989	58543	-	2	1.321797	I:	D:
58550	59629	-	2	1.255103	I:	D:
59636	59983	-	2	1.266026	I:	D:
60001	60453	-	1	1.252150	I:	D:
60469	61329	-	1	1.243179	I:	D:
61329	63221	-	3	1.262694	I:	D:
63650	63994	+	2	1.303912	I:	D:
63995	64651	+	2	1.242649	I:	D:
64648	66951	+	1	1.296476	I:	D:
66914	67132	+	2	1.277219	I:	D:
67122	68219	+	3	1.290133	I:	D:
68249	69247	+	2	1.238972	I:	D:
69387	70361	-	3	1.277854	I:	D:
70395	71717	-	3	1.241805	I:	D:
71871	72863	-	3	1.234881	I:	D:
72860	73972	-	2	1.244162	I:	D:
73969	75600	-	1	1.255237	I:	D:
75800	75943	+	2	1.351687	I:	D:
75948	77369	+	3	1.241865	I:	D:
77457	78116	-	3	1.265793	I:	D:
78255	79526	+	3	1.249274	I:	D:
79547	80257	+	2	1.241815	I:	D:
80331	80843	-	3	1.255244	I:	D:
81029	82264	+	2	1.236442	I:	D:
82555	82743	-	1	1.300002	I:	D:
82757	83098	-	2	1.332270	I:	D:
83091	83756	-	3	1.307534	I:	D:
83753	84124	-	2	1.322985	I:	D:
84414	84989	-	3	1.277649	I:	D:
84986	85714	-	2	1.259324	I:	D:
85755	86804	-	3	1.256295	I:	D:
86997	87710	+	3	1.266576	I:	D:
87707	88678	+	2	1.245191	I:	D:
88681	89259	+	1	1.275546	I:	D:
89589	90869	-	3	1.268366	I:	D:
91045	92232	-	1	1.275344	I:	D:
92368	93579	+	1	1.238591	I:	D:
93744	94346	+	3	1.305768	I:	D:
94460	94831	-	2	1.271621	I:	D:
94905	96026	-	3	1.290107	I:	D:
96026	96373	-	2	1.278388	I:	D:
96904	98091	+	1	1.273397	I:	D:
98088	98951	+	3	1.234846	I:	D:
98974	100437	+	1	1.256992	I:	D:
100472	101446	+	2	1.264782	I:	D:
101637	103160	-	3	1.266710	I:	D:
103441	105858	-	1	1.264559	I:	D:
105886	106986	-	1	1.268039	I:	D:
107122	107700	-	1	1.262394	I:	D:
107730	109013	-	3	1.269154	I:	D:
109051	110382	-	1	1.246894	I:	D:
110416	111249	-	1	1.275653	I:	D:
111292	111966	-	1	1.269556	I:	D:
111959	112741	-	2	1.252001	I:	D:
112823	115462	-	2	1.247323	I:	D:
115690	116139	-	1	1.310264	I:	D:
116189	117217	-	2	1.239696	I:	D:
117192	117986	-	3	1.308385	I:	D:
117986	120214	-	2	1.263174	I:	D:
120419	120910	+	2	1.265351	I:	D:
121108	121638	-	1	1.254696	I:	D:
121908	123512	+	3	1.239299	I:	D:
123835	125355	+	1	1.266915	I:	D:
125536	126906	-	1	1.285834	I:	D:
126909	127301	-	3	1.260044	I:	D:
127521	127763	-	3	1.290395	I:	D:
127878	128780	+	3	1.261971	I:	D:
128845	129864	-	1	1.248090	I:	D:
129902	130555	-	2	1.278443	I:	D:
131007	131426	-	3	1.309860	I:	D:
131665	133113	-	1	1.260184	I:	D:
133238	134551	-	2	1.267429	I:	D:
134672	136714	-	2	1.261807	I:	D:
136867	138564	-	1	1.221667	I:	D:
138615	138968	-	3	1.273045	I:	D:
139472	139939	+	2	1.295888	I:	D:
140240	140632	-	2	1.272889	I:	D:
140708	141223	-	2	1.256918	I:	D:
141429	142121	-	3	1.252265	I:	D:
142192	142617	-	1	1.236949	I:	D:
142783	143322	-	1	1.239640	I:	D:
143342	143647	-	2	1.240427	I:	D:
143667	143816	-	3	1.347307	I:	D:
144070	147549	-	1	1.252640	I:	D:
147542	150946	-	2	1.258356	I:	D:
151080	151706	-	3	1.248552	I:	D:
151799	152695	-	2	1.259184	I:	D:
152721	153818	-	3	1.249371	I:	D:
153902	154390	-	2	1.242856	I:	D:
154615	154884	+	1	1.245911	I:	D:
154902	156269	+	3	1.221347	I:	D:
156343	156576	+	1	1.208221	I:	D:
156733	157218	-	1	1.244144	I:	D:
157221	158468	-	3	1.252424	I:	D:
158499	159254	-	3	1.227186	I:	D:
159257	160192	-	2	1.242514	I:	D:
160212	161156	-	3	1.227631	I:	D:
161153	162109	-	2	1.244516	I:	D:
162133	163041	-	1	1.243727	I:	D:
163059	163943	-	3	1.282613	I:	D:
164014	164244	-	1	1.228522	I:	D:
164752	165204	-	1	1.372842	I:	D:
>Y8.M021_13
592	1305	-	1	1.323876	I:	D:
1364	1819	-	2	1.278548	I:	D:
1835	2218	-	2	1.297514	I:	D:
2329	3621	-	1	1.253548	I:	D:
3618	4250	-	3	1.248688	I:	D:
4446	7151	-	3	1.235080	I:	D:
7563	8183	-	3	1.275231	I:	D:
8261	8899	-	2	1.282124	I:	D:
8903	9817	-	2	1.234068	I:	D:
9814	10194	-	1	1.244413	I:	D:
10435	11562	-	1	1.261294	I:	D:
11575	12150	-	1	1.236328	I:	D:
11966	12979	-	2	1.339811	I:	D:
13151	14227	-	2	1.226241	I:	D:
14224	14373	-	1	1.308897	I:	D:
15217	15852	+	1	1.351200	I:	D:
16325	16576	-	2	1.284695	I:	D:
16612	17079	-	1	1.292113	I:	D:
17095	17379	-	1	1.246785	I:	D:
17501	17632	-	2	1.316529	I:	D:
17709	19391	-	3	1.234318	I:	D:
19618	21138	+	1	1.250652	I:	D:
21269	21634	-	2	1.303761	I:	D:
21848	22198	-	2	1.290989	I:	D:
22237	24642	-	1	1.279211	I:	D:
24721	25518	-	1	1.270412	I:	D:
25781	27010	-	2	1.241602	I:	D:
27062	27952	-	2	1.251142	I:	D:
27977	29194	-	2	1.230000	I:	D:
29229	29657	-	3	1.273293	I:	D:
30039	32369	-	3	1.262271	I:	D:
32368	32646	+	1	1.384579	I:	D:
32796	33110	+	3	1.257276	I:	D:
33145	34068	-	1	1.272932	I:	D:
34139	34882	-	2	1.255981	I:	D:
35002	35304	+	1	1.379088	I:	D:
35366	35782	-	2	1.250863	I:	D:
35873	36115	-	2	1.207634	I:	D:
36221	37120	-	2	1.249256	I:	D:
37331	38542	-	2	1.231741	I:	D:
38723	39901	-	2	1.232521	I:	D:
39990	41201	-	3	1.252567	I:	D:
41232	42137	-	3	1.250578	I:	D:
42156	42896	-	3	1.252627	I:	D:
43315	44400	-	1	1.245473	I:	D:
44787	45401	-	3	1.256833	I:	D:
45428	47428	-	2	1.239693	I:	D:
47865	49721	-	3	1.239188	I:	D:
50017	50925	-	1	1.272031	I:	D:
51218	51742	-	2	1.311558	I:	D:
51739	52176	-	1	1.282169	I:	D:
52288	52926	-	1	1.258764	I:	D:
53182	54081	+	1	1.247104	I:	D:
54085	55053	+	1	1.243086	I:	D:
55141	57669	-	1	1.253061	I:	D:
57831	58952	-	3	1.236061	I:	D:
59404	60429	+	1	1.278750	I:	D:
60551	61477	+	2	1.213433	I:	D:
61679	63274	+	2	1.239397	I:	D:
63517	65367	+	1	1.279038	I:	D:
65475	67247	+	3	1.234691	I:	D:
67596	68936	+	3	1.248722	I:	D:
69075	69926	+	3	1.234232	I:	D:
69926	70771	+	2	1.257489	I:	D:
70817	71830	+	2	1.264443	I:	D:
71918	73396	+	2	1.275340	I:	D:
73473	73967	-	3	1.289236	I:	D:
74022	75647	-	3	1.253093	I:	D:
75777	75986	+	3	1.342852	I:	D:
76341	77081	+	3	1.222744	I:	D:
77081	77998	+	2	1.212764	I:	D:
78066	79280	-	3	1.255394	I:	D:
79414	80574	-	1	1.246367	I:	D:
80794	81096	-	1	1.319445	I:	D:
81324	81761	+	3	1.264128	I:	D:
81910	84150	-	1	1.235803	I:	D:
84172	85164	-	1	1.221301	I:	D:
85505	86986	+	2	1.242268	I:	D:
87130	87396	-	1	1.279036	I:	D:
87623	88780	+	2	1.257909	I:	D:
88937	91723	+	2	1.253360	I:	D:
91838	93223	+	2	1.231056	I:	D:
93223	94284	+	1	1.255894	I:	D:
94404	95258	-	3	1.245071	I:	D:
95239	96450	-	1	1.247413	I:	D:
96538	97806	-	1	1.264144	I:	D:
97803	99080	-	3	1.240288	I:	D:
99217	100251	-	1	1.252271	I:	D:
100513	100929	+	1	1.262655	I:	D:
101016	102413	+	3	1.245218	I:	D:
102506	102649	-	2	1.227312	I:	D:
102846	103547	+	3	1.331655	I:	D:
103680	103985	-	3	1.263624	I:	D:
104068	104928	-	1	1.306243	I:	D:
104907	106271	-	3	1.310518	I:	D:
106828	107451	-	1	1.307266	I:	D:
107696	107974	+	2	1.305547	I:	D:
108256	109035	+	1	1.273745	I:	D:
109385	110860	+	2	1.241245	I:	D:
111080	111805	+	2	1.228803	I:	D:
111836	112966	+	2	1.242349	I:	D:
113127	113378	+	3	1.305741	I:	D:
113614	113781	+	1	1.272805	I:	D:
113885	115147	-	2	1.249967	I:	D:
115186	115896	-	1	1.291246	I:	D:
115974	117371	-	3	1.249313	I:	D:
117561	118730	-	3	1.264777	I:	D:
119113	119382	-	1	1.283021	I:	D:
119604	119945	-	3	1.234775	I:	D:
120060	121019	-	3	1.249655	I:	D:
121160	121762	-	2	1.287007	I:	D:
121783	122184	-	1	1.282564	I:	D:
122197	122568	-	1	1.275659	I:	D:
122806	123042	-	1	1.256774	I:	D:
123071	123322	-	2	1.289725	I:	D:
123310	124083	-	1	1.271972	I:	D:
124090	124722	-	1	1.246855	I:	D:
124751	126043	-	2	1.251648	I:	D:
126045	126482	-	3	1.236485	I:	D:
126500	126685	-	2	1.249811	I:	D:
126699	127205	-	3	1.250025	I:	D:
127223	127582	-	2	1.258796	I:	D:
127601	128149	-	2	1.274597	I:	D:
128168	128566	-	2	1.274046	I:	D:
128630	128815	-	2	1.273472	I:	D:
128833	129372	-	1	1.226659	I:	D:
129389	129703	-	2	1.270695	I:	D:
129719	130087	-	2	1.252538	I:	D:
130123	130377	-	1	1.248153	I:	D:
130393	130590	-	1	1.254764	I:	D:
130587	130979	-	3	1.213984	I:	D:
131027	131725	-	2	1.237729	I:	D:
131738	132073	-	2	1.309790	I:	D:
132092	132367	-	2	1.300608	I:	D:
132383	133213	-	2	1.253242	I:	D:
133308	133601	-	3	1.233782	I:	D:
133601	134224	-	2	1.256394	I:	D:
134239	134871	-	1	1.233720	I:	D:
135043	135354	-	1	1.244640	I:	D:
136013	137113	-	2	1.282568	I:	D:
137162	139162	-	2	1.282989	I:	D:
139336	140931	-	1	1.259057	I:	D:
140928	141650	-	3	1.249444	I:	D:
142093	143859	-	1	1.246216	I:	D:
143928	144674	-	3	1.235394	I:	D:
144671	145357	-	2	1.261439	I:	D:
145332	145541	-	3	1.260551	I:	D:
145574	147883	-	2	1.249576	I:	D:
148143	148424	+	3	1.325565	I:	D:
148622	150109	-	2	1.267057	I:	D:
150219	150494	-	3	1.283971	I:	D:
150632	151174	-	2	1.233342	I:	D:
151372	151512	-	1	1.230279	I:	D:
151532	152986	-	2	1.252472	I:	D:
153062	154615	-	2	1.267692	I:	D:
154977	156182	+	3	1.207505	I:	D:
156236	156610	+	2	1.234501	I:	D:
156692	157894	-	2	1.232235	I:	D:
158405	160069	+	2	1.226210	I:	D:
160084	160668	+	1	1.240631	I:	D:
160757	161776	+	2	1.224274	I:	D:
161904	163562	+	3	1.226791	I:	D:
163745	164617	-	2	1.271060	I:	D:
165135	166574	+	3	1.248500	I:	D:
166742	167224	-	2	1.259645	I:	D:
167264	169177	-	2	1.366788	I:	D:
169200	169811	-	3	1.309342	I:	D:
169871	171193	-	2	1.280286	I:	D:
171256	172869	-	1	1.258356	I:	D:
172951	175587	-	1	1.240086	I:	D:
175864	176274	-	1	1.225148	I:	D:
176576	177196	+	2	1.221039	I:	D:
177289	177831	-	1	1.210767	I:	D:
177992	178765	-	2	1.227918	I:	D:
178993	179850	-	1	1.226229	I:	D:
180432	182810	+	3	1.237626	I:	D:
182842	183021	+	1	1.268978	I:	D:
183456	185843	-	3	1.335050	I:	D:
186423	187298	+	3	1.273485	I:	D:
187326	188435	+	3	1.257751	I:	D:
188432	189412	+	2	1.257860	I:	D:
189460	190710	+	1	1.245781	I:	D:
190737	192026	+	3	1.247664	I:	D:
192013	193023	+	1	1.263176	I:	D:
193080	194099	+	3	1.276135	I:	D:
194104	195084	+	1	1.241577	I:	D:
195108	196328	+	3	1.244426	I:	D:
196325	197383	+	2	1.270028	I:	D:
197732	199027	+	2	1.216831	I:	D:
199415	200290	+	2	1.238378	I:	D:
200301	201590	+	3	1.235525	I:	D:
201593	202579	+	2	1.273298	I:	D:
202627	202899	+	1	1.296125	I:	D:
203012	203755	+	2	1.268118	I:	D:
203800	205371	+	1	1.232660	I:	D:
205414	205938	+	1	1.230258	I:	D:
205950	208607	+	3	1.267360	I:	D:
208632	209765	+	3	1.276615	I:	D:
209835	210554	+	3	1.251468	I:	D:
210558	210917	+	3	1.251444	I:	D:
210945	211310	+	3	1.268727	I:	D:
211413	212642	-	3	1.263802	I:	D:
212816	213256	-	2	1.250656	I:	D:
213327	213884	-	3	1.239779	I:	D:
214036	214890	-	1	1.254820	I:	D:
214883	215392	-	2	1.248833	I:	D:
215541	215717	-	3	1.242079	I:	D:
215938	218481	-	1	1.237414	I:	D:
218597	218980	-	2	1.252824	I:	D:
219065	221113	-	2	1.251258	I:	D:
221182	221757	-	1	1.291862	I:	D:
221887	222486	-	1	1.276088	I:	D:
222483	222782	-	3	1.230634	I:	D:
222885	223523	-	3	1.230916	I:	D:
223520	224476	-	2	1.208421	I:	D:
224520	228077	-	3	1.208051	I:	D:
228119	228802	-	2	1.227412	I:	D:
228799	229836	-	1	1.234016	I:	D:
229857	231176	-	3	1.251629	I:	D:
231203	233281	-	2	1.230154	I:	D:
233391	234494	-	3	1.245495	I:	D:
234514	235290	-	1	1.235076	I:	D:
235390	235746	-	1	1.260596	I:	D:
235798	236004	-	1	1.258299	I:	D:
236030	236470	-	2	1.245603	I:	D:
236917	238038	+	1	1.239581	I:	D:
238042	238875	+	1	1.213974	I:	D:
238895	239344	+	2	1.241449	I:	D:
239394	241154	+	3	1.211016	I:	D:
242693	243211	-	2	1.401720	I:	D:
243660	244385	+	3	1.259668	I:	D:
244472	246451	+	2	1.230133	I:	D:
246479	247441	+	2	1.253676	I:	D:
247450	248241	+	1	1.241272	I:	D:
248276	250015	+	2	1.288851	I:	D:
250109	250342	+	2	1.280371	I:	D:
250488	251465	+	3	1.279910	I:	D:
251499	252164	+	3	1.261116	I:	D:
252149	253549	+	2	1.234512	I:	D:
253620	254987	-	3	1.268476	I:	D:
255112	255594	-	1	1.250992	I:	D:
255775	257007	+	1	1.250357	I:	D:
257208	259298	+	3	1.243243	I:	D:
259468	260778	+	1	1.260984	I:	D:
260828	261403	+	2	1.208574	I:	D:
261584	263233	+	2	1.239344	I:	D:
263587	264279	+	1	1.253491	I:	D:
264514	265725	+	1	1.225066	I:	D:
265816	266220	+	1	1.266346	I:	D:
266309	267346	-	2	1.264090	I:	D:
267711	269081	+	3	1.238539	I:	D:
269083	269412	+	1	1.230437	I:	D:
269412	270626	+	3	1.240879	I:	D:
270708	271934	+	3	1.241132	I:	D:
271950	272390	+	3	1.270212	I:	D:
272591	273868	+	2	1.244643	I:	D:
273873	274496	+	3	1.291262	I:	D:
274622	275959	-	2	1.273549	I:	D:
275992	277266	-	1	1.284014	I:	D:
277442	278293	-	2	1.273283	I:	D:
283376	284224	+	2	1.345402	I:	D:
284226	284663	+	3	1.285401	I:	D:
284717	285271	+	2	1.331146	I:	D:
285442	286653	+	1	1.342240	I:	D:
286773	287603	+	3	1.344496	I:	D:
287936	289513	+	2	1.277012	I:	D:
289578	290231	-	3	1.271373	I:	D:
290494	291030	+	1	1.300156	I:	D:
291027	291416	+	3	1.233617	I:	D:
291715	292473	+	1	1.296389	I:	D:
292573	294066	-	1	1.257855	I:	D:
294060	295844	-	3	1.253463	I:	D:
295979	297448	-	2	1.254548	I:	D:
297454	298206	-	1	1.224759	I:	D:
298218	298994	-	3	1.234658	I:	D:
298973	299752	-	2	1.231422	I:	D:
299749	300552	-	1	1.240873	I:	D:
300637	301725	-	1	1.244364	I:	D:
302000	302557	-	2	1.278128	I:	D:
302538	302894	-	3	1.280012	I:	D:
303113	303673	+	2	1.244495	I:	D:
303831	304271	+	3	1.259024	I:	D:
304273	304713	+	1	1.247595	I:	D:
304920	305063	+	3	1.318589	I:	D:
>Y8.M021_14
142	348	-	1	1.301333	I:	D:
353	565	-	2	1.280607	I:	D:
960	1835	-	3	1.294612	I:	D:
1859	2167	-	2	1.377763	I:	D:
2377	3519	+	1	1.269050	I:	D:
3516	4247	+	3	1.289819	I:	D:
4310	5668	+	2	1.292546	I:	D:
5980	6570	+	1	1.288146	I:	D:
6588	8144	+	3	1.267087	I:	D:
8141	9307	+	2	1.262233	I:	D:
9324	11375	+	3	1.243795	I:	D:
11411	11608	-	2	1.317933	I:	D:
11670	11852	+	3	1.324679	I:	D:
12089	13516	-	2	1.269104	I:	D:
14191	14817	+	1	1.247054	I:	D:
14821	15582	-	1	1.273865	I:	D:
15389	15781	+	2	1.362971	I:	D:
16047	16664	+	3	1.231820	I:	D:
16754	17539	-	2	1.255344	I:	D:
17610	19148	+	3	1.266949	I:	D:
19408	20331	+	1	1.244700	I:	D:
20403	21419	+	3	1.241341	I:	D:
21477	22430	+	3	1.227607	I:	D:
22512	23369	-	3	1.265979	I:	D:
23991	24824	+	3	1.255805	I:	D:
24817	25656	+	1	1.246250	I:	D:
25712	27205	+	2	1.271135	I:	D:
27202	28569	+	1	1.255717	I:	D:
28601	29074	+	2	1.236161	I:	D:
29117	29554	+	2	1.244833	I:	D:
29630	31156	+	2	1.253540	I:	D:
31228	31989	-	1	1.290733	I:	D:
32402	33289	-	2	1.283080	I:	D:
33314	34330	-	2	1.262260	I:	D:
34299	35615	-	3	1.251603	I:	D:
35640	36584	-	3	1.245050	I:	D:
36642	37730	-	3	1.241533	I:	D:
37862	38131	+	2	1.380509	I:	D:
38411	40321	+	2	1.281444	I:	D:
40318	41073	+	1	1.283213	I:	D:
41271	41567	+	3	1.371148	I:	D:
41600	42562	+	2	1.265537	I:	D:
42576	42908	+	3	1.293995	I:	D:
42914	43114	+	2	1.331371	I:	D:
43327	43797	+	1	1.231204	I:	D:
43853	44230	-	2	1.387460	I:	D:
44249	45505	+	2	1.235407	I:	D:
45592	46266	-	1	1.251731	I:	D:
46470	47132	+	3	1.236503	I:	D:
47150	47809	+	2	1.258447	I:	D:
47869	48444	-	1	1.260609	I:	D:
48464	49312	-	2	1.258241	I:	D:
49305	49550	+	3	1.363920	I:	D:
49598	50170	-	2	1.240334	I:	D:
50170	52599	-	1	1.249971	I:	D:
52730	54547	-	2	1.231362	I:	D:
53336	54697	+	2	1.364953	I:	D:
54848	56140	-	2	1.267020	I:	D:
56137	56847	-	1	1.258709	I:	D:
57354	58199	-	3	1.259472	I:	D:
58215	58859	-	3	1.218043	I:	D:
58856	59539	-	2	1.243692	I:	D:
59540	60127	-	2	1.245267	I:	D:
60127	61119	-	1	1.228707	I:	D:
61123	62463	-	1	1.257935	I:	D:
62608	63000	-	1	1.319130	I:	D:
63558	64655	+	3	1.249887	I:	D:
64698	65858	+	3	1.225181	I:	D:
65923	66306	-	1	1.320519	I:	D:
66544	67410	+	1	1.252464	I:	D:
67553	68050	+	2	1.292922	I:	D:
68059	68961	+	1	1.239800	I:	D:
69195	69800	+	3	1.216766	I:	D:
69845	70507	+	2	1.271153	I:	D:
70567	71493	+	1	1.256535	I:	D:
71644	71997	+	1	1.282936	I:	D:
72169	75045	+	1	1.224021	I:	D:
75154	75855	+	1	1.257606	I:	D:
75852	76178	+	3	1.240829	I:	D:
76204	76620	+	1	1.242762	I:	D:
76662	77636	+	3	1.248849	I:	D:
77720	78250	-	2	1.213775	I:	D:
78531	79454	-	3	1.245160	I:	D:
79549	80574	-	1	1.213432	I:	D:
80571	80963	-	3	1.375014	I:	D:
81027	82652	-	3	1.246462	I:	D:
82717	83907	-	1	1.245143	I:	D:
84204	85130	+	3	1.240280	I:	D:
85321	86481	-	1	1.246669	I:	D:
86707	88548	-	1	1.225197	I:	D:
88641	89315	-	3	1.225919	I:	D:
89312	90337	-	2	1.234834	I:	D:
90698	91243	-	2	1.232406	I:	D:
91423	91902	+	1	1.275479	I:	D:
92002	93330	-	1	1.252896	I:	D:
93454	94617	-	1	1.250609	I:	D:
94822	98424	-	1	1.256254	I:	D:
98500	99807	-	1	1.237690	I:	D:
99826	101019	-	1	1.239686	I:	D:
101056	102213	-	1	1.234380	I:	D:
102443	103456	-	2	1.239361	I:	D:
103560	103931	-	3	1.297704	I:	D:
103752	104552	+	3	1.243669	I:	D:
104583	105353	+	3	1.222784	I:	D:
105424	106716	+	1	1.228997	I:	D:
106833	108881	-	3	1.265043	I:	D:
109104	110363	-	3	1.278386	I:	D:
110362	112086	+	1	1.267730	I:	D:
112344	112973	+	3	1.220372	I:	D:
113135	113686	+	2	1.226125	I:	D:
113792	114772	-	2	1.257025	I:	D:
114863	115639	-	2	1.262569	I:	D:
115824	116969	-	3	1.225292	I:	D:
117104	120568	-	2	1.246232	I:	D:
120607	121200	-	1	1.257834	I:	D:
121244	121612	-	2	1.266977	I:	D:
121674	122411	-	3	1.228780	I:	D:
122702	125449	+	2	1.245742	I:	D:
125759	126643	+	2	1.305718	I:	D:
126656	127018	+	2	1.252056	I:	D:
127217	127498	+	2	1.296578	I:	D:
127503	128888	+	3	1.282071	I:	D:
128917	129138	+	1	1.272020	I:	D:
129245	129754	-	2	1.400237	I:	D:
129775	132927	-	1	1.312289	I:	D:
132940	133530	-	1	1.404054	I:	D:
133532	135505	-	2	1.362268	I:	D:
136558	137166	-	1	1.306440	I:	D:
137186	140809	-	2	1.315982	I:	D:
141198	142142	-	3	1.336675	I:	D:
142164	142583	-	3	1.326148	I:	D:
142588	143130	-	1	1.320321	I:	D:
143127	143795	-	3	1.286527	I:	D:
>Y8.M021_15
109	4479	+	1	1.324632	I:	D:
4707	6098	+	3	1.247423	I:	D:
6095	7237	+	2	1.274395	I:	D:
7227	9260	+	3	1.242777	I:	D:
9357	11930	-	3	1.239463	I:	D:
12185	13045	-	2	1.248424	I:	D:
13258	13989	+	1	1.305048	I:	D:
14148	15056	-	3	1.310466	I:	D:
15159	16226	-	3	1.207916	I:	D:
16266	17180	-	3	1.217929	I:	D:
17759	18247	+	2	1.266056	I:	D:
18340	19527	+	1	1.228930	I:	D:
19560	20345	+	3	1.232728	I:	D:
20447	21319	+	2	1.218649	I:	D:
21390	22559	+	3	1.223296	I:	D:
22576	23361	+	1	1.230564	I:	D:
23379	24485	+	3	1.227690	I:	D:
24657	24806	+	3	1.352916	I:	D:
24812	25510	-	2	1.228191	I:	D:
25524	26147	-	3	1.270752	I:	D:
26491	27057	+	1	1.249738	I:	D:
27109	27909	+	1	1.252100	I:	D:
27922	28695	+	1	1.242229	I:	D:
28851	30728	+	3	1.244057	I:	D:
30768	31586	+	3	1.250012	I:	D:
31583	33445	+	2	1.248570	I:	D:
33465	33635	+	3	1.360472	I:	D:
33644	34729	-	2	1.243877	I:	D:
34946	35680	-	2	1.254651	I:	D:
35730	35951	-	3	1.304301	I:	D:
36135	37799	-	3	1.243506	I:	D:
37801	39207	-	1	1.230937	I:	D:
39442	40158	-	1	1.256469	I:	D:
40356	41243	-	3	1.245046	I:	D:
41538	42521	+	3	1.222419	I:	D:
42527	44173	+	2	1.250559	I:	D:
44228	46222	+	2	1.234485	I:	D:
46227	46856	+	3	1.250603	I:	D:
46890	48959	+	3	1.232300	I:	D:
48956	49609	+	2	1.242628	I:	D:
49822	50310	+	1	1.246140	I:	D:
50307	50882	+	3	1.237584	I:	D:
50879	51610	+	2	1.228345	I:	D:
51676	52152	+	1	1.247091	I:	D:
52238	53239	-	2	1.251784	I:	D:
53246	53731	-	2	1.296694	I:	D:
53757	54185	-	3	1.269658	I:	D:
54565	55086	-	1	1.251977	I:	D:
55237	56022	+	1	1.242479	I:	D:
56238	56513	+	3	1.263432	I:	D:
56580	58349	+	3	1.235636	I:	D:
58369	58503	+	1	1.318567	I:	D:
58629	59948	+	3	1.226159	I:	D:
59851	61230	+	1	1.232243	I:	D:
61360	62157	+	1	1.266298	I:	D:
62242	64107	-	1	1.212037	I:	D:
64150	64365	-	1	1.227078	I:	D:
64402	64800	-	1	1.259932	I:	D:
64937	65473	+	2	1.352464	I:	D:
65556	66665	+	3	1.273118	I:	D:
67096	67527	+	1	1.270829	I:	D:
67734	68489	+	3	1.238422	I:	D:
68503	69267	+	1	1.243227	I:	D:
69264	70595	+	3	1.257210	I:	D:
70647	72272	+	3	1.241988	I:	D:
72470	73420	+	2	1.219902	I:	D:
73417	74241	+	1	1.235639	I:	D:
74253	75188	+	3	1.247008	I:	D:
75191	75799	+	2	1.233247	I:	D:
75801	75998	+	3	1.329355	I:	D:
76459	76905	+	1	1.306490	I:	D:
77303	77911	-	2	1.361807	I:	D:
77805	79850	-	3	1.290682	I:	D:
80074	80466	-	1	1.281174	I:	D:
80555	81616	-	2	1.295884	I:	D:
81823	82623	+	1	1.340851	I:	D:
>Y8.M021_16
119	1372	-	2	1.336301	I:	D:
1369	1680	-	1	1.365330	I:	D:
1931	2707	-	2	1.313778	I:	D:
2758	3222	-	1	1.292047	I:	D:
3245	3451	+	2	1.384737	I:	D:
3624	4538	+	3	1.281040	I:	D:
4705	6846	+	1	1.256578	I:	D:
6890	7276	-	2	1.361118	I:	D:
7064	7753	+	2	1.292895	I:	D:
7746	8942	+	3	1.285806	I:	D:
9070	10182	+	1	1.296052	I:	D:
10179	10916	+	3	1.308072	I:	D:
10913	13027	+	2	1.315377	I:	D:
13084	13899	-	1	1.303109	I:	D:
13913	14821	-	2	1.340082	I:	D:
14818	15198	-	1	1.251710	I:	D:
15195	15962	-	3	1.306880	I:	D:
16261	16530	+	1	1.364950	I:	D:
16580	17224	-	2	1.279904	I:	D:
17199	19103	-	3	1.274401	I:	D:
19134	21251	-	3	1.250411	I:	D:
21258	21416	-	3	1.351298	I:	D:
21433	21681	-	1	1.260249	I:	D:
21805	24048	-	1	1.246441	I:	D:
24063	26039	-	3	1.270429	I:	D:
26281	27252	-	1	1.279843	I:	D:
27435	28502	-	3	1.263913	I:	D:
28503	29405	-	3	1.274921	I:	D:
29467	30351	-	1	1.260761	I:	D:
30739	31098	+	1	1.356725	I:	D:
31181	32080	+	2	1.307687	I:	D:
32115	33026	+	3	1.316630	I:	D:
33095	35236	-	2	1.250614	I:	D:
35467	35724	-	1	1.243581	I:	D:
35917	37542	-	1	1.307552	I:	D:
37624	38544	-	1	1.317711	I:	D:
38551	39435	-	1	1.286519	I:	D:
39538	40527	-	1	1.263581	I:	D:
40616	41047	-	2	1.283428	I:	D:
41122	43614	-	1	1.245131	I:	D:
43604	43936	-	2	1.282208	I:	D:
43929	44255	-	3	1.271352	I:	D:
44301	45371	-	3	1.246174	I:	D:
45468	45962	-	3	1.265225	I:	D:
46385	46564	+	2	1.306380	I:	D:
46642	47445	+	1	1.299546	I:	D:
47527	48858	-	1	1.254773	I:	D:
48901	51819	-	1	1.264768	I:	D:
52084	52371	+	1	1.379407	I:	D:
52612	53232	+	1	1.304658	I:	D:
53376	53963	+	3	1.301252	I:	D:
54752	56203	+	2	1.276641	I:	D:
56208	57074	+	3	1.279287	I:	D:
57151	58410	+	1	1.252645	I:	D:
58416	59555	+	3	1.272846	I:	D:
59557	60666	+	1	1.262857	I:	D:
60688	61566	+	1	1.264215	I:	D:
>Y8.M021_17
237	1766	-	3	1.242713	I:	D:
1785	1952	-	3	1.272787	I:	D:
2191	4077	-	1	1.223850	I:	D:
4306	4968	-	1	1.258724	I:	D:
5023	6024	-	1	1.347770	I:	D:
5284	6468	+	1	1.216962	I:	D:
6573	7505	+	3	1.213157	I:	D:
7587	8135	-	3	1.236010	I:	D:
8313	9485	+	3	1.238204	I:	D:
9714	10232	+	3	1.236241	I:	D:
10253	12472	+	2	1.210284	I:	D:
12472	14307	+	1	1.220434	I:	D:
14588	15316	+	2	1.244857	I:	D:
15392	16207	-	2	1.226920	I:	D:
16295	17851	-	2	1.263058	I:	D:
17943	18110	+	3	1.362956	I:	D:
18323	18736	+	2	1.234583	I:	D:
18889	19320	-	1	1.258361	I:	D:
19352	20461	-	2	1.247302	I:	D:
20633	21460	-	2	1.241075	I:	D:
21460	22116	-	1	1.269038	I:	D:
22192	22950	-	1	1.235332	I:	D:
22969	23682	-	1	1.216365	I:	D:
23696	24313	-	2	1.240666	I:	D:
24340	25416	-	1	1.232067	I:	D:
25448	26032	-	2	1.253480	I:	D:
26055	26303	-	3	1.235489	I:	D:
26305	27588	-	1	1.207827	I:	D:
27585	29168	-	3	1.239208	I:	D:
29304	29744	-	3	1.255737	I:	D:
30044	31123	-	2	1.229641	I:	D:
31104	31376	+	3	1.347719	I:	D:
31570	33996	+	1	1.262784	I:	D:
34036	36459	+	1	1.305179	I:	D:
36546	37256	-	3	1.314308	I:	D:
37545	39767	+	3	1.237571	I:	D:
40090	45330	-	1	1.402947	I:	D:
45330	46358	-	3	1.414321	I:	D:
46361	48478	-	2	1.416821	I:	D:
48495	49610	-	3	1.438543	I:	D:
50113	50634	-	1	1.359436	I:	D:
50667	51338	-	3	1.358680	I:	D:
51435	54488	-	3	1.345683	I:	D:
57284	59092	-	2	1.313160	I:	D:
59089	60393	-	1	1.399595	I:	D:
60968	62245	+	2	1.446764	I:	D:
62383	64104	+	1	1.443042	I:	D:
65740	66420	+	1	1.393104	I:	D:
69099	70187	+	3	1.283980	I:	D:
70300	70812	-	1	1.245082	I:	D:
70837	71499	-	1	1.255677	I:	D:
71496	72746	-	3	1.251488	I:	D:
72795	73775	-	3	1.270071	I:	D:
73827	74750	-	3	1.251197	I:	D:
74771	75658	-	2	1.228599	I:	D:
75697	76446	-	1	1.253875	I:	D:
76471	77256	-	1	1.240443	I:	D:
77556	78518	+	3	1.221631	I:	D:
78582	79607	+	3	1.236380	I:	D:
79803	80348	+	3	1.242720	I:	D:
80498	81556	+	2	1.269526	I:	D:
81579	82055	+	3	1.226972	I:	D:
82112	82831	+	2	1.237352	I:	D:
83012	83806	-	2	1.281284	I:	D:
84086	87406	-	2	1.273817	I:	D:
87616	88278	-	1	1.226003	I:	D:
88063	88623	+	1	1.344538	I:	D:
88926	89540	+	3	1.223008	I:	D:
89659	90972	+	1	1.266481	I:	D:
91062	91547	-	3	1.250764	I:	D:
91547	93223	-	2	1.245513	I:	D:
93297	94256	-	3	1.251299	I:	D:
94256	95287	-	2	1.234687	I:	D:
95303	96364	-	2	1.231283	I:	D:
96217	96465	-	1	1.280030	I:	D:
96488	97408	-	2	1.234224	I:	D:
97980	99587	-	3	1.224829	I:	D:
99736	100119	-	1	1.276574	I:	D:
100172	101347	-	2	1.271977	I:	D:
101352	102155	-	3	1.251947	I:	D:
102136	103566	-	1	1.233386	I:	D:
103563	104222	-	3	1.238701	I:	D:
104378	106054	-	2	1.207518	I:	D:
106404	107354	-	3	1.242268	I:	D:
107354	108214	-	2	1.262452	I:	D:
108382	109842	-	1	1.235940	I:	D:
109929	110078	-	3	1.310760	I:	D:
110195	110683	-	2	1.216574	I:	D:
110676	111410	-	3	1.268027	I:	D:
111437	112375	-	2	1.285814	I:	D:
112398	112571	-	3	1.234459	I:	D:
112738	114591	-	1	1.266455	I:	D:
114604	114972	-	1	1.254793	I:	D:
114969	116684	-	3	1.247145	I:	D:
116699	117019	-	2	1.243161	I:	D:
117075	117401	-	3	1.229488	I:	D:
117485	117934	-	2	1.236890	I:	D:
117977	118378	-	2	1.247799	I:	D:
118395	118775	-	3	1.211566	I:	D:
118772	119155	-	2	1.234991	I:	D:
119169	120107	-	3	1.228073	I:	D:
120135	120629	-	3	1.237812	I:	D:
120727	122127	-	1	1.241671	I:	D:
122172	123932	-	3	1.264817	I:	D:
123506	123805	-	2	1.263254	I:	D:
124193	124912	-	2	1.289056	I:	D:
124911	125255	+	3	1.267568	I:	D:
125316	125894	+	3	1.239198	I:	D:
126190	126459	+	1	1.251146	I:	D:
126546	128513	-	3	1.257695	I:	D:
128567	129604	-	2	1.223758	I:	D:
129622	130491	-	1	1.241418	I:	D:
130504	131610	-	1	1.229223	I:	D:
131669	132583	-	2	1.222846	I:	D:
133181	134413	+	2	1.258269	I:	D:
134868	136202	+	3	1.224003	I:	D:
136277	137407	+	2	1.251842	I:	D:
137442	137783	+	3	1.232049	I:	D:
138071	139417	+	2	1.208362	I:	D:
139631	140305	-	2	1.205890	I:	D:
140327	141010	-	2	1.231176	I:	D:
141072	142034	-	3	1.224987	I:	D:
142027	142932	-	1	1.257614	I:	D:
143087	144022	-	2	1.235801	I:	D:
144251	144406	-	2	1.366186	I:	D:
144536	145909	+	2	1.204658	I:	D:
146012	146761	-	2	1.253050	I:	D:
147097	148068	+	1	1.241917	I:	D:
148143	148946	-	3	1.229610	I:	D:
148104	150191	+	3	1.271841	I:	D:
150272	151639	+	2	1.239102	I:	D:
152084	153196	-	2	1.235576	I:	D:
153303	154115	+	3	1.238383	I:	D:
154219	154506	-	1	1.257829	I:	D:
154503	155546	-	3	1.244819	I:	D:
155547	156698	-	3	1.243298	I:	D:
156715	158262	-	1	1.230363	I:	D:
158281	159267	-	1	1.240217	I:	D:
159644	161929	-	2	1.252337	I:	D:
162197	162757	-	2	1.274945	I:	D:
162757	164460	-	1	1.232529	I:	D:
164530	165330	-	1	1.208919	I:	D:
165323	166303	-	2	1.293694	I:	D:
166459	168579	+	1	1.243004	I:	D:
168712	169842	-	1	1.238861	I:	D:
170015	170641	-	2	1.234872	I:	D:
170684	171421	-	2	1.233632	I:	D:
171418	171909	-	1	1.259990	I:	D:
171918	172787	-	3	1.248797	I:	D:
173023	174024	-	1	1.220419	I:	D:
174175	175332	-	1	1.249917	I:	D:
175609	176982	-	1	1.223135	I:	D:
177014	177856	-	2	1.231335	I:	D:
178065	178727	-	3	1.235387	I:	D:
178742	180451	-	2	1.231217	I:	D:
180623	181318	+	2	1.248206	I:	D:
181390	181608	+	1	1.182823	I:	D:
181623	182111	+	3	1.199590	I:	D:
182108	184147	+	2	1.217799	I:	D:
184135	185061	+	1	1.239304	I:	D:
185109	186506	+	3	1.211821	I:	D:
186506	186913	+	2	1.206403	I:	D:
187363	188706	+	1	1.211256	I:	D:
188877	190442	+	3	1.232548	I:	D:
190523	191434	-	2	1.251454	I:	D:
191454	192185	-	3	1.252598	I:	D:
192182	194419	-	2	1.237661	I:	D:
194416	195090	-	1	1.217648	I:	D:
195534	197804	-	3	1.243811	I:	D:
197830	198306	-	1	1.254458	I:	D:
198296	199096	-	2	1.228006	I:	D:
199293	200384	+	3	1.217777	I:	D:
200347	201345	+	1	1.238664	I:	D:
201342	202166	+	3	1.251971	I:	D:
202154	202495	+	2	1.237036	I:	D:
202542	203564	+	3	1.265204	I:	D:
203741	204019	+	2	1.246961	I:	D:
204073	204444	+	1	1.221891	I:	D:
204630	205553	+	3	1.238039	I:	D:
205658	208702	-	2	1.222709	I:	D:
208755	209372	-	3	1.240394	I:	D:
209437	209715	-	1	1.371630	I:	D:
209937	210608	+	3	1.223204	I:	D:
210605	211690	+	2	1.228924	I:	D:
211687	212214	+	1	1.248517	I:	D:
212309	215734	-	2	1.267453	I:	D:
215792	216838	-	2	1.222669	I:	D:
216862	217581	-	1	1.247108	I:	D:
217587	218438	-	3	1.228000	I:	D:
218459	219868	-	2	1.261726	I:	D:
219874	220713	-	1	1.228064	I:	D:
220730	221656	-	2	1.234524	I:	D:
221762	223090	-	2	1.239051	I:	D:
223663	224655	-	1	1.254007	I:	D:
224953	226332	+	1	1.219588	I:	D:
226348	227529	+	1	1.228275	I:	D:
227637	228779	-	3	1.222302	I:	D:
229362	230687	+	3	1.266473	I:	D:
230811	232184	+	3	1.271481	I:	D:
232449	233120	+	3	1.253311	I:	D:
233117	234274	+	2	1.251196	I:	D:
234332	235012	+	2	1.245948	I:	D:
235018	237249	+	1	1.261383	I:	D:
>Y8.M021_18
459	1046	-	3	1.310073	I:	D:
1178	2383	-	2	1.267814	I:	D:
2478	4601	-	3	1.260900	I:	D:
4636	5106	-	1	1.274582	I:	D:
5222	5647	-	2	1.294542	I:	D:
5849	7663	-	2	1.226797	I:	D:
7734	8207	-	3	1.262485	I:	D:
8353	11925	-	1	1.204887	I:	D:
11976	15761	-	3	1.213425	I:	D:
16395	17489	-	3	1.208994	I:	D:
17577	19355	-	3	1.260899	I:	D:
19422	20423	-	3	1.246951	I:	D:
20734	21354	-	1	1.241042	I:	D:
21436	21639	-	1	1.292741	I:	D:
21824	22240	-	2	1.265129	I:	D:
22237	22440	-	1	1.237456	I:	D:
22650	23360	+	3	1.253582	I:	D:
23727	24128	-	3	1.240075	I:	D:
24150	25541	-	3	1.214278	I:	D:
25572	26423	-	3	1.240188	I:	D:
26448	27962	-	3	1.226078	I:	D:
28044	28583	-	3	1.229665	I:	D:
28580	29086	-	2	1.228746	I:	D:
29129	29368	-	2	1.262250	I:	D:
29450	30328	-	2	1.240418	I:	D:
30325	30732	-	1	1.250276	I:	D:
30763	31032	-	1	1.233205	I:	D:
31229	32584	-	2	1.251375	I:	D:
32616	33143	-	3	1.256918	I:	D:
33218	33691	-	2	1.299281	I:	D:
34070	34633	+	2	1.278228	I:	D:
34731	35897	-	3	1.256857	I:	D:
36051	36515	+	3	1.258737	I:	D:
36551	37258	+	2	1.285444	I:	D:
37255	37713	+	1	1.256871	I:	D:
37821	38450	+	3	1.214708	I:	D:
38725	38853	-	1	1.336407	I:	D:
39018	40235	+	3	1.256312	I:	D:
40425	40898	-	3	1.319583	I:	D:
41169	43148	-	3	1.269770	I:	D:
43184	44074	-	2	1.250207	I:	D:
44182	45972	-	1	1.335293	I:	D:
45995	47659	-	2	1.239148	I:	D:
47829	49733	+	3	1.236043	I:	D:
49873	51714	-	1	1.235743	I:	D:
51707	53443	-	2	1.246134	I:	D:
53454	53951	-	3	1.274964	I:	D:
53996	55513	-	2	1.246516	I:	D:
55701	56534	+	3	1.220078	I:	D:
56747	57574	+	2	1.231978	I:	D:
57615	58073	+	3	1.230848	I:	D:
58282	62832	+	1	1.225515	I:	D:
62870	64330	+	2	1.226943	I:	D:
64480	65808	-	1	1.268062	I:	D:
65880	66410	+	3	1.304413	I:	D:
66501	67229	-	3	1.259630	I:	D:
67226	67717	-	2	1.254764	I:	D:
67955	68974	+	2	1.234738	I:	D:
69056	69955	-	2	1.292786	I:	D:
70145	71494	-	2	1.279390	I:	D:
71487	72869	-	3	1.226576	I:	D:
73000	74007	-	1	1.256330	I:	D:
74142	74702	-	3	1.233153	I:	D:
74699	75268	-	2	1.252028	I:	D:
75271	75576	-	1	1.285344	I:	D:
75621	76466	-	3	1.220034	I:	D:
76463	77638	-	2	1.206976	I:	D:
77664	78902	-	3	1.243152	I:	D:
79079	80440	-	2	1.238832	I:	D:
80479	80700	-	1	1.251115	I:	D:
81027	82205	+	3	1.225213	I:	D:
82471	82761	+	1	1.277779	I:	D:
82742	83431	+	2	1.254126	I:	D:
83591	84436	-	2	1.240136	I:	D:
84715	89064	-	1	1.235615	I:	D:
89065	89778	-	1	1.244838	I:	D:
90058	90621	+	1	1.271607	I:	D:
90781	91824	-	1	1.254645	I:	D:
91861	92244	-	1	1.276928	I:	D:
92246	95023	-	2	1.241359	I:	D:
95045	95794	-	2	1.256351	I:	D:
95951	96658	+	2	1.246589	I:	D:
96734	98653	-	2	1.251116	I:	D:
98867	99502	-	2	1.295937	I:	D:
99155	100369	+	2	1.276286	I:	D:
100618	102666	-	1	1.253833	I:	D:
102868	103239	+	1	1.260689	I:	D:
103242	104108	+	3	1.258627	I:	D:
104105	104881	+	2	1.280755	I:	D:
105566	106582	+	2	1.247755	I:	D:
106722	108122	-	3	1.258428	I:	D:
>Y8.M021_19
178	750	-	1	1.266720	I:	D:
777	1643	-	3	1.245048	I:	D:
1796	2644	-	2	1.283794	I:	D:
2902	3585	+	1	1.240539	I:	D:
3608	5146	+	2	1.239878	I:	D:
5281	6243	+	1	1.256349	I:	D:
6338	6814	-	2	1.211201	I:	D:
6910	7980	-	1	1.255707	I:	D:
8161	9528	-	1	1.221452	I:	D:
9675	10616	-	3	1.251745	I:	D:
10640	11332	-	2	1.258457	I:	D:
11336	11905	-	2	1.225658	I:	D:
11902	12432	-	1	1.292255	I:	D:
12683	13438	-	2	1.244144	I:	D:
13457	14836	-	2	1.236682	I:	D:
15011	16243	-	2	1.222647	I:	D:
16302	17051	-	3	1.242718	I:	D:
17053	19239	-	1	1.212274	I:	D:
19367	19984	-	2	1.280078	I:	D:
19978	24072	-	1	1.211784	I:	D:
24487	25476	-	1	1.204776	I:	D:
25478	26584	-	2	1.200478	I:	D:
26581	28128	-	1	1.210828	I:	D:
28250	29563	-	2	1.216345	I:	D:
30115	30687	-	1	1.245613	I:	D:
30755	31315	-	2	1.222423	I:	D:
31564	31698	+	1	1.352183	I:	D:
31858	32700	-	1	1.226188	I:	D:
32877	33593	-	3	1.251708	I:	D:
33703	34578	+	1	1.206272	I:	D:
>Y8.M021_20
89	679	-	2	1.349639	I:	D:
1746	5285	-	3	1.239010	I:	D:
5967	8219	+	3	1.212311	I:	D:
8353	9111	+	1	1.233924	I:	D:
9312	9851	+	3	1.240625	I:	D:
9848	10837	+	2	1.242512	I:	D:
11143	11844	+	1	1.245392	I:	D:
12115	12411	+	1	1.249448	I:	D:
12557	13453	-	2	1.243883	I:	D:
13453	14289	-	1	1.239507	I:	D:
14312	14497	-	2	1.345247	I:	D:
14852	16162	+	2	1.222011	I:	D:
16587	17693	+	3	1.246789	I:	D:
17712	17966	+	3	1.214415	I:	D:
17966	19150	+	2	1.242907	I:	D:
19153	19410	+	1	1.241812	I:	D:
19825	21786	+	1	1.210655	I:	D:
21852	24428	+	3	1.200432	I:	D:
24892	25536	+	1	1.234153	I:	D:
26000	26527	-	2	1.356234	I:	D:
26677	27138	-	1	1.338987	I:	D:
27250	28518	-	1	1.245853	I:	D:
28696	29070	-	1	1.283820	I:	D:
29321	30082	-	2	1.231549	I:	D:
30182	31588	-	2	1.208295	I:	D:
31782	32618	-	3	1.265200	I:	D:
34296	34721	-	3	1.228852	I:	D:
35074	36381	-	1	1.225279	I:	D:
36449	37342	-	2	1.212916	I:	D:
37385	38152	-	2	1.250857	I:	D:
39160	40389	+	1	1.272779	I:	D:
40757	41680	-	2	1.208103	I:	D:
42088	42792	-	1	1.225164	I:	D:
42789	44702	-	3	1.227643	I:	D:
44958	45422	-	3	1.281692	I:	D:
45454	46851	-	1	1.221844	I:	D:
47118	47507	-	3	1.260912	I:	D:
47923	48672	+	1	1.216563	I:	D:
48703	50460	+	1	1.243209	I:	D:
50579	51697	-	2	1.212860	I:	D:
51699	52811	-	3	1.230149	I:	D:
52911	53183	-	3	1.270295	I:	D:
53180	53527	-	2	1.208775	I:	D:
53780	53914	-	2	1.262924	I:	D:
54183	54839	-	3	1.174573	I:	D:
54839	56869	-	2	1.230328	I:	D:
57374	58228	-	2	1.265495	I:	D:
58276	60168	-	1	1.228492	I:	D:
60554	61936	-	2	1.226500	I:	D:
62196	63359	-	3	1.225994	I:	D:
63538	64776	-	1	1.236052	I:	D:
64826	66292	-	2	1.224698	I:	D:
66326	66982	-	2	1.206929	I:	D:
67397	68371	+	2	1.219316	I:	D:
68381	70276	+	2	1.327922	I:	D:
70358	70930	-	2	1.233508	I:	D:
70949	72868	-	2	1.230205	I:	D:
72886	74505	-	1	1.436818	I:	D:
74528	75283	-	2	1.248184	I:	D:
75292	76326	-	1	1.234594	I:	D:
76360	77157	-	1	1.248542	I:	D:
77319	79100	-	3	1.219623	I:	D:
79128	79997	-	3	1.263584	I:	D:
80004	81545	-	3	1.240889	I:	D:
81759	82769	-	3	1.259578	I:	D:
82806	83744	-	3	1.251482	I:	D:
83741	84862	-	2	1.240195	I:	D:
84902	85825	-	2	1.242061	I:	D:
85818	86936	-	3	1.225859	I:	D:
86996	88003	-	2	1.245543	I:	D:
88060	89328	-	1	1.245493	I:	D:
89702	91624	+	2	1.242850	I:	D:
91835	92053	-	2	1.358541	I:	D:
92148	95123	+	3	1.224935	I:	D:
95275	96870	+	1	1.225355	I:	D:
97161	97616	+	3	1.273958	I:	D:
97712	99469	+	2	1.216595	I:	D:
99459	101369	+	3	1.202530	I:	D:
101531	102820	-	2	1.232334	I:	D:
102817	103521	-	1	1.233447	I:	D:
103714	106287	-	1	1.213802	I:	D:
106284	106973	-	3	1.196528	I:	D:
107214	108212	-	3	1.210925	I:	D:
108216	108884	-	3	1.185064	I:	D:
109122	109529	+	3	1.217382	I:	D:
109619	110170	-	2	1.189241	I:	D:
110382	110861	+	3	1.254173	I:	D:
110858	112207	+	2	1.240794	I:	D:
112274	114781	-	2	1.224072	I:	D:
114964	116424	-	1	1.207404	I:	D:
116427	117119	-	3	1.214217	I:	D:
117350	118480	+	2	1.200777	I:	D:
118494	119177	+	3	1.215235	I:	D:
119239	120162	+	1	1.189430	I:	D:
120275	120718	-	2	1.206696	I:	D:
120820	121605	-	1	1.194548	I:	D:
121941	123650	-	3	1.229371	I:	D:
123684	125000	-	3	1.205484	I:	D:
125244	126410	+	3	1.219434	I:	D:
126478	127245	+	1	1.221269	I:	D:
127248	128132	+	3	1.214410	I:	D:
128245	129588	-	1	1.209885	I:	D:
130173	130652	-	3	1.244560	I:	D:
131184	134582	+	3	1.227742	I:	D:
134795	135292	+	2	1.227352	I:	D:
135311	135547	+	2	1.268056	I:	D:
135586	136188	+	1	1.222987	I:	D:
136207	137274	+	1	1.213972	I:	D:
137327	138193	+	2	1.225217	I:	D:
138228	139064	+	3	1.213742	I:	D:
139141	140028	+	1	1.226380	I:	D:
140018	140833	+	2	1.203938	I:	D:
140856	141632	+	3	1.238536	I:	D:
141681	143012	+	3	1.196935	I:	D:
143046	143726	+	3	1.203457	I:	D:
143900	146155	+	2	1.200002	I:	D:
146181	147245	+	3	1.223659	I:	D:
147266	148198	+	2	1.256671	I:	D:
148333	149358	+	1	1.227879	I:	D:
149507	150661	-	2	1.198757	I:	D:
150910	151761	+	1	1.230917	I:	D:
151799	153163	+	2	1.207091	I:	D:
153150	154610	+	3	1.210351	I:	D:
154874	155239	-	2	1.221496	I:	D:
155468	155791	+	2	1.238556	I:	D:
156152	156319	-	2	1.358560	I:	D:
156511	157371	-	1	1.229998	I:	D:
157396	158307	-	1	1.217506	I:	D:
158307	158630	-	3	1.209510	I:	D:
158733	160181	-	3	1.222650	I:	D:
160014	160751	+	3	1.263589	I:	D:
160871	161941	-	2	1.241886	I:	D:
161972	162490	-	2	1.232140	I:	D:
162813	163727	-	3	1.210206	I:	D:
163734	164939	-	3	1.201503	I:	D:
164976	165830	-	3	1.197593	I:	D:
165901	167136	-	1	1.200791	I:	D:
167187	168119	-	3	1.210834	I:	D:
168413	169795	-	2	1.216891	I:	D:
169894	171132	-	1	1.223274	I:	D:
172391	173392	+	2	1.234006	I:	D:
173489	174052	+	2	1.231593	I:	D:
174049	175398	+	1	1.218421	I:	D:
175505	176197	-	2	1.221093	I:	D:
176203	176985	-	1	1.208076	I:	D:
177154	177438	-	1	1.229799	I:	D:
177438	180053	-	3	1.211433	I:	D:
180083	181027	-	2	1.227856	I:	D:
181024	182355	-	1	1.212030	I:	D:
182715	183092	+	3	1.251134	I:	D:
183107	183766	+	2	1.250233	I:	D:
183859	185262	-	1	1.211875	I:	D:
185299	186732	-	1	1.225956	I:	D:
187052	187909	+	2	1.226372	I:	D:
188159	190591	+	2	1.225904	I:	D:
190732	191202	+	1	1.238770	I:	D:
191234	192064	+	2	1.221619	I:	D:
192084	192965	+	3	1.222949	I:	D:
193303	194691	+	1	1.210707	I:	D:
194718	196118	+	3	1.238667	I:	D:
196135	196791	+	1	1.266602	I:	D:
196881	198296	-	3	1.237925	I:	D:
198568	199242	+	1	1.236378	I:	D:
199373	200815	+	2	1.215524	I:	D:
200873	202216	-	2	1.228889	I:	D:
202220	204064	-	2	1.210340	I:	D:
204078	204791	-	3	1.238382	I:	D:
205192	206547	+	1	1.232336	I:	D:
206729	207184	+	2	1.223528	I:	D:
207168	208592	+	3	1.204911	I:	D:
208690	209376	-	1	1.207455	I:	D:
209396	209983	+	2	1.231253	I:	D:
210065	210907	-	2	1.226688	I:	D:
211235	212104	+	2	1.220058	I:	D:
>Y8.M021_21
184	672	-	1	1.305541	I:	D:
916	1836	+	1	1.318810	I:	D:
1882	3243	+	1	1.306411	I:	D:
3304	4806	+	1	1.256653	I:	D:
4812	6404	+	3	1.288669	I:	D:
6526	7980	-	1	1.234131	I:	D:
8002	8562	-	1	1.241751	I:	D:
8609	11425	-	2	1.193149	I:	D:
11413	12561	-	1	1.219503	I:	D:
12620	13117	-	2	1.237462	I:	D:
13176	13520	-	3	1.252792	I:	D:
13578	14477	-	3	1.211315	I:	D:
14716	16005	+	1	1.251134	I:	D:
16104	16979	-	3	1.275526	I:	D:
17262	18872	+	3	1.208168	I:	D:
18921	20021	+	3	1.237155	I:	D:
20119	21318	+	1	1.247205	I:	D:
21654	23051	+	3	1.263184	I:	D:
23370	23582	+	3	1.248930	I:	D:
23597	23818	+	2	1.209924	I:	D:
23848	26031	+	1	1.210510	I:	D:
26119	26277	+	1	1.370074	I:	D:
26819	27139	-	2	1.239186	I:	D:
27241	28110	+	1	1.210327	I:	D:
28115	29803	-	2	1.242799	I:	D:
29682	30365	+	3	1.247346	I:	D:
30526	31899	+	1	1.275885	I:	D:
32068	33234	+	1	1.243564	I:	D:
33240	34013	-	3	1.234651	I:	D:
34376	34969	+	2	1.275850	I:	D:
35139	35651	+	3	1.236545	I:	D:
35900	36316	+	2	1.230289	I:	D:
36332	36913	+	2	1.222077	I:	D:
36974	38290	-	2	1.230887	I:	D:
38339	39160	-	2	1.235918	I:	D:
39387	40145	+	3	1.257959	I:	D:
40142	40312	+	2	1.318451	I:	D:
40475	41599	+	2	1.228844	I:	D:
41596	42627	+	1	1.219650	I:	D:
42671	43783	+	2	1.230079	I:	D:
43835	45088	+	2	1.242560	I:	D:
45132	46421	+	3	1.222071	I:	D:
46411	47292	+	1	1.227937	I:	D:
47326	48321	+	1	1.218858	I:	D:
48347	50437	+	2	1.244231	I:	D:
50545	51957	+	1	1.228146	I:	D:
52001	53176	+	2	1.252637	I:	D:
53173	54231	+	1	1.237192	I:	D:
54247	55188	+	1	1.220349	I:	D:
55306	56427	+	1	1.222901	I:	D:
56446	57525	+	1	1.217965	I:	D:
57556	58206	+	1	1.205415	I:	D:
58222	59241	+	1	1.262937	I:	D:
59324	60145	+	2	1.194717	I:	D:
60156	60773	+	3	1.223416	I:	D:
60802	62094	+	1	1.246099	I:	D:
62130	62690	+	3	1.257945	I:	D:
63010	64272	-	1	1.230139	I:	D:
64304	65479	-	2	1.245333	I:	D:
65619	67094	-	3	1.222864	I:	D:
67107	68498	-	3	1.212822	I:	D:
68643	69185	-	3	1.215334	I:	D:
69422	70996	-	2	1.227282	I:	D:
70989	71534	-	3	1.263101	I:	D:
71684	72703	-	2	1.201871	I:	D:
72800	73357	-	2	1.242967	I:	D:
73454	73903	-	2	1.205748	I:	D:
73924	74160	-	1	1.198828	I:	D:
74201	76330	-	2	1.247004	I:	D:
76330	76695	-	1	1.220708	I:	D:
77046	79451	+	3	1.211378	I:	D:
79709	81613	+	2	1.245376	I:	D:
82139	82582	+	2	1.212828	I:	D:
82644	83549	+	3	1.205427	I:	D:
83828	85036	+	2	1.230667	I:	D:
85209	85979	+	3	1.220845	I:	D:
86070	87596	+	3	1.224659	I:	D:
87730	89163	-	1	1.233828	I:	D:
89423	90541	+	2	1.245574	I:	D:
90623	91792	+	2	1.229366	I:	D:
91866	92120	-	3	1.319526	I:	D:
93885	95258	+	3	1.262827	I:	D:
95271	96035	+	3	1.213411	I:	D:
96032	96685	+	2	1.268819	I:	D:
96781	99267	-	1	1.300853	I:	D:
99448	100380	+	1	1.243716	I:	D:
100384	101175	+	1	1.223380	I:	D:
101172	101972	+	3	1.218938	I:	D:
101992	103110	+	1	1.271503	I:	D:
103107	104021	+	3	1.219196	I:	D:
104058	105761	+	3	1.255818	I:	D:
105748	106980	+	1	1.244417	I:	D:
107017	107682	+	1	1.209120	I:	D:
107567	108340	+	2	1.240222	I:	D:
108428	110362	+	2	1.286907	I:	D:
110488	110940	+	1	1.218357	I:	D:
111127	111783	+	1	1.235841	I:	D:
111964	113424	-	1	1.236074	I:	D:
113583	114821	-	3	1.197230	I:	D:
114936	115763	-	3	1.225178	I:	D:
116056	116823	+	1	1.241391	I:	D:
117001	117960	+	1	1.232359	I:	D:
118132	119538	+	1	1.221881	I:	D:
119563	119850	+	1	1.236115	I:	D:
119944	120807	-	1	1.218580	I:	D:
120970	121890	-	1	1.272283	I:	D:
122503	123324	+	1	1.216582	I:	D:
123369	127127	+	3	1.227894	I:	D:
127186	127599	+	1	1.270465	I:	D:
127644	128510	+	3	1.206871	I:	D:
128535	129230	+	3	1.259118	I:	D:
129418	129621	+	1	1.350378	I:	D:
129640	130401	+	1	1.230078	I:	D:
130432	131559	+	1	1.262151	I:	D:
131577	132239	+	3	1.219819	I:	D:
132245	133000	+	2	1.235071	I:	D:
132997	134001	+	1	1.268934	I:	D:
133994	134728	+	2	1.271042	I:	D:
134725	135492	+	1	1.242846	I:	D:
135489	136685	+	3	1.261351	I:	D:
136682	138043	+	2	1.246461	I:	D:
138045	139121	+	3	1.253284	I:	D:
139118	139651	+	2	1.217135	I:	D:
139657	140430	+	1	1.241270	I:	D:
140444	140788	+	2	1.234483	I:	D:
140782	141390	+	1	1.241681	I:	D:
141387	142355	+	3	1.234826	I:	D:
142392	143471	+	3	1.265770	I:	D:
143471	144961	+	2	1.222342	I:	D:
145014	145466	+	3	1.218654	I:	D:
145508	146134	+	2	1.235938	I:	D:
146218	147540	-	1	1.236343	I:	D:
147723	149213	-	3	1.228283	I:	D:
149435	150328	+	2	1.246431	I:	D:
150413	152332	-	2	1.221739	I:	D:
152364	154370	-	3	1.232709	I:	D:
154363	155127	-	1	1.234744	I:	D:
155334	156329	-	3	1.243113	I:	D:
156326	157000	-	2	1.238127	I:	D:
157247	158491	+	2	1.254743	I:	D:
158526	159506	+	3	1.247492	I:	D:
159729	160628	+	3	1.276674	I:	D:
160646	161620	+	2	1.297692	I:	D:
161674	162969	-	1	1.388274	I:	D:
162986	164530	-	2	1.428816	I:	D:
164568	165617	-	3	1.430838	I:	D:
167534	168829	-	2	1.345793	I:	D:
168846	169727	-	3	1.301232	I:	D:
169741	171744	-	1	1.320811	I:	D:
171750	172787	-	3	1.307235	I:	D:
172824	173792	-	3	1.297224	I:	D:
173811	174557	-	3	1.233287	I:	D:
174570	175370	-	3	1.262766	I:	D:
175621	178221	+	1	1.231111	I:	D:
178288	179625	-	1	1.211476	I:	D:
179859	180281	+	3	1.261100	I:	D:
180382	182205	-	1	1.232944	I:	D:
182207	183913	-	2	1.242420	I:	D:
183960	184382	-	3	1.248502	I:	D:
184726	185292	+	1	1.261341	I:	D:
185499	186164	+	3	1.243857	I:	D:
186161	187579	+	2	1.263241	I:	D:
187676	189034	+	2	1.256937	I:	D:
189065	190531	+	2	1.229639	I:	D:
190518	191420	+	3	1.260916	I:	D:
191417	192799	+	2	1.279010	I:	D:
193095	194066	+	3	1.277283	I:	D:
194162	195511	-	2	1.203760	I:	D:
195508	196086	-	1	1.264254	I:	D:
196129	197658	-	1	1.229758	I:	D:
197701	199017	-	1	1.249944	I:	D:
199074	200012	-	3	1.240909	I:	D:
200048	201535	-	2	1.244986	I:	D:
201783	202271	+	3	1.218140	I:	D:
202313	204295	+	2	1.227985	I:	D:
>Y8.M021_22
159	890	-	3	1.237051	I:	D:
883	1758	-	1	1.245978	I:	D:
1816	3501	-	1	1.267781	I:	D:
3536	10117	-	2	1.255615	I:	D:
10479	10658	+	3	1.329129	I:	D:
10671	11423	-	3	1.240000	I:	D:
11550	12422	-	3	1.266323	I:	D:
12654	12836	+	3	1.318377	I:	D:
12841	13155	+	1	1.366069	I:	D:
13307	14188	-	2	1.256692	I:	D:
14434	15267	-	1	1.259422	I:	D:
15293	15463	-	2	1.271454	I:	D:
15429	16760	-	3	1.291261	I:	D:
16794	17732	-	3	1.282715	I:	D:
18042	18875	+	3	1.276099	I:	D:
18890	19759	+	2	1.271049	I:	D:
20179	21453	+	1	1.232693	I:	D:
21598	22230	+	1	1.243725	I:	D:
22244	23116	+	2	1.238353	I:	D:
23348	24046	+	2	1.250788	I:	D:
24195	24419	-	3	1.279154	I:	D:
24425	25354	-	2	1.249791	I:	D:
25368	25691	-	3	1.252347	I:	D:
25908	26282	+	3	1.239310	I:	D:
26313	26852	+	3	1.217368	I:	D:
26999	27925	+	2	1.251898	I:	D:
28080	28268	+	3	1.398300	I:	D:
28272	28991	+	3	1.215056	I:	D:
29074	29676	+	1	1.208250	I:	D:
29725	30432	-	1	1.250173	I:	D:
30690	31520	+	3	1.196168	I:	D:
31527	33230	+	3	1.237873	I:	D:
33227	34054	+	2	1.200764	I:	D:
34071	34895	+	3	1.234802	I:	D:
34929	35753	+	3	1.215566	I:	D:
35825	37021	-	2	1.203564	I:	D:
37268	37846	-	2	1.266183	I:	D:
37868	38092	+	2	1.328032	I:	D:
38152	38754	-	1	1.260379	I:	D:
38751	43454	-	3	1.221457	I:	D:
43477	45921	-	1	1.229320	I:	D:
45914	46237	-	2	1.273679	I:	D:
46559	47176	+	2	1.217276	I:	D:
47303	47668	-	2	1.236642	I:	D:
47943	48593	+	3	1.392391	I:	D:
49052	50146	-	2	1.238528	I:	D:
50159	50770	-	2	1.240166	I:	D:
50917	53553	-	1	1.250043	I:	D:
53910	56513	-	3	1.262438	I:	D:
56834	60556	+	2	1.250971	I:	D:
60604	61305	+	1	1.225028	I:	D:
61401	62138	+	3	1.245305	I:	D:
62244	63671	-	3	1.234624	I:	D:
63692	65563	-	2	1.224145	I:	D:
65666	66523	-	2	1.242567	I:	D:
66936	68408	-	3	1.242958	I:	D:
68525	70228	-	2	1.209156	I:	D:
70296	71210	-	3	1.212479	I:	D:
71224	72177	-	1	1.225961	I:	D:
72462	73457	+	3	1.231551	I:	D:
73477	74268	+	1	1.224086	I:	D:
74286	75236	+	3	1.225452	I:	D:
75444	77117	-	3	1.249989	I:	D:
77316	79007	+	3	1.253596	I:	D:
79327	80655	+	1	1.229888	I:	D:
80741	80974	+	2	1.227390	I:	D:
80974	81834	+	1	1.226362	I:	D:
81917	83407	+	2	1.241489	I:	D:
83423	84061	+	2	1.200489	I:	D:
84173	85372	-	2	1.259185	I:	D:
85548	86723	+	3	1.234099	I:	D:
86879	87700	-	2	1.225134	I:	D:
87716	88006	-	2	1.337852	I:	D:
88053	89504	-	3	1.248452	I:	D:
89548	90387	-	1	1.238411	I:	D:
90409	91314	-	1	1.241801	I:	D:
91668	93557	+	3	1.263500	I:	D:
93574	94776	+	1	1.245939	I:	D:
94991	96193	-	2	1.250513	I:	D:
96183	96488	-	3	1.303607	I:	D:
96506	96865	-	2	1.268860	I:	D:
96816	97685	-	3	1.310933	I:	D:
97684	98202	+	1	1.405572	I:	D:
>Y8.M021_23
26	859	-	2	1.335059	I:	D:
999	2285	-	3	1.245687	I:	D:
2510	3130	+	2	1.264748	I:	D:
3278	4732	+	2	1.211760	I:	D:
5317	7656	+	1	1.228322	I:	D:
7917	9995	+	3	1.216087	I:	D:
10443	11441	-	3	1.232751	I:	D:
11462	12163	-	2	1.234908	I:	D:
12388	14058	-	1	1.232614	I:	D:
14226	15389	-	3	1.256168	I:	D:
15556	16782	+	1	1.173679	I:	D:
16857	17186	-	3	1.250387	I:	D:
17479	19314	+	1	1.231234	I:	D:
19308	21065	+	3	1.222678	I:	D:
21402	22616	+	3	1.225760	I:	D:
22442	23242	+	2	1.236860	I:	D:
23279	24286	+	2	1.247405	I:	D:
24401	25054	+	2	1.245151	I:	D:
25199	26734	-	2	1.225987	I:	D:
26739	27233	+	3	1.211443	I:	D:
27258	27815	+	3	1.227913	I:	D:
27821	28537	+	2	1.209474	I:	D:
>Y8.M021_24
96	1181	-	3	1.227186	I:	D:
1191	1814	-	3	1.211596	I:	D:
2174	3457	+	2	1.241874	I:	D:
3476	6907	+	2	1.209457	I:	D:
6943	10098	+	1	1.247018	I:	D:
10126	10797	+	1	1.234090	I:	D:
10824	11558	+	3	1.226124	I:	D:
12053	13435	+	2	1.242729	I:	D:
13914	14432	+	3	1.224387	I:	D:
14457	15278	+	3	1.243724	I:	D:
15265	15912	+	1	1.239264	I:	D:
16208	17014	+	2	1.222999	I:	D:
17050	18360	+	1	1.219213	I:	D:
18535	20421	+	1	1.235102	I:	D:
20645	22174	+	2	1.228633	I:	D:
>Y8.M021_25
155	1018	-	2	1.233201	I:	D:
1558	2553	+	1	1.242220	I:	D:
2637	3587	+	3	1.215288	I:	D:
3795	4652	-	3	1.269879	I:	D:
4951	6333	-	1	1.231773	I:	D:
6571	7464	+	1	1.225358	I:	D:
>Y8.M021_26
2	328	+	2	1.273378	I:	D:
696	1421	+	3	1.257348	I:	D:
1524	1778	-	3	1.283020	I:	D:
2316	3074	+	3	1.260101	I:	D:
3283	4344	+	1	1.273205	I:	D:
4355	5536	+	2	1.260838	I:	D:
5599	6399	+	1	1.247337	I:	D:
6421	7482	+	1	1.245606	I:	D:
7508	8785	+	2	1.244747	I:	D:
8782	9666	+	1	1.274424	I:	D:
9900	10592	+	3	1.239420	I:	D:
10689	11123	+	3	1.237461	I:	D:
11192	12076	+	2	1.227944	I:	D:
12094	13089	+	1	1.232677	I:	D:
13082	13849	+	2	1.261686	I:	D:
13853	14563	+	2	1.239828	I:	D:
14736	14963	-	3	1.352956	I:	D:
15047	15775	-	2	1.276687	I:	D:
16512	17381	+	3	1.400006	I:	D:
17311	18483	+	1	1.342981	I:	D:
18480	18797	+	3	1.268344	I:	D:
18890	19291	+	2	1.343419	I:	D:
19297	20253	+	1	1.356921	I:	D:
20452	21207	+	1	1.297337	I:	D:
21213	22175	+	3	1.289543	I:	D:
22169	22447	+	2	1.368364	I:	D:
22474	23208	+	1	1.332541	I:	D:
23205	24461	+	3	1.291912	I:	D:
24713	24961	+	2	1.418979	I:	D:
25044	30323	+	3	1.311211	I:	D:
30347	31387	+	2	1.368232	I:	D:
31430	31705	+	2	1.341433	I:	D:
31784	32644	+	2	1.386793	I:	D:
32740	35382	+	1	1.299106	I:	D:
35382	36695	+	3	1.309887	I:	D:
37018	37413	+	1	1.311269	I:	D:
37524	38837	+	3	1.340276	I:	D:
39038	39739	+	2	1.293970	I:	D:
39825	48062	+	3	1.353092	I:	D:
48076	49944	+	1	1.305409	I:	D:
50007	50978	+	3	1.385520	I:	D:
51014	51859	+	2	1.260897	I:	D:
52103	52375	+	2	1.350052	I:	D:
52431	52634	+	3	1.277289	I:	D:
52686	53636	-	3	1.354744	I:	D:
54580	55260	-	1	1.268832	I:	D:
55529	55696	+	2	1.338144	I:	D:
55715	57121	+	2	1.225733	I:	D:
57205	57726	-	1	1.265322	I:	D:
57898	59697	+	1	1.263692	I:	D:
59797	60846	-	1	1.246995	I:	D:
60920	61327	-	2	1.255508	I:	D:
61570	62814	+	1	1.234915	I:	D:
62811	64316	+	3	1.206774	I:	D:
64426	64950	+	1	1.214046	I:	D:
65103	65957	+	3	1.216509	I:	D:
66016	66462	-	1	1.228503	I:	D:
66459	67232	-	3	1.209987	I:	D:
67223	68497	-	2	1.255127	I:	D:
68494	69258	-	1	1.220841	I:	D:
69255	70202	-	3	1.252595	I:	D:
70227	71213	-	3	1.243277	I:	D:
71246	72058	-	2	1.253633	I:	D:
72083	73282	-	2	1.247046	I:	D:
73360	74355	-	1	1.232624	I:	D:
74381	75430	-	2	1.230018	I:	D:
75480	76751	-	3	1.240848	I:	D:
77073	77849	-	3	1.255877	I:	D:
77891	78172	+	2	1.366433	I:	D:
78221	78550	-	2	1.236308	I:	D:
78650	79552	+	2	1.262462	I:	D:
79719	80870	-	3	1.241666	I:	D:
81085	82281	-	1	1.223839	I:	D:
82312	82740	-	1	1.252125	I:	D:
83017	83625	+	1	1.226978	I:	D:
83889	86057	+	3	1.302851	I:	D:
86231	86377	+	2	1.355802	I:	D:
86717	87169	-	2	1.272546	I:	D:
87174	87527	-	3	1.289662	I:	D:
88097	88330	+	2	1.297581	I:	D:
88451	88894	+	2	1.233429	I:	D:
88967	90178	-	2	1.222490	I:	D:
90310	91926	-	1	1.211522	I:	D:
92535	92756	+	3	1.290681	I:	D:
92884	95817	-	1	1.253449	I:	D:
96090	96467	+	3	1.234601	I:	D:
96502	96639	-	1	1.346873	I:	D:
97010	97708	-	2	1.223479	I:	D:
97705	98709	-	1	1.216458	I:	D:
98786	99781	-	2	1.216250	I:	D:
100348	100767	+	1	1.257781	I:	D:
100860	101327	-	3	1.268978	I:	D:
101582	102199	+	2	1.227394	I:	D:
102333	103277	+	3	1.221517	I:	D:
103409	104182	+	2	1.219269	I:	D:
104340	105638	+	3	1.241249	I:	D:
105707	106405	+	2	1.235839	I:	D:
106425	107927	+	3	1.234507	I:	D:
107958	108905	+	3	1.251974	I:	D:
108899	109777	+	2	1.254368	I:	D:
109923	111095	+	3	1.200060	I:	D:
111095	111739	+	2	1.223723	I:	D:
111786	113126	+	3	1.233404	I:	D:
113130	113705	+	3	1.199625	I:	D:
113787	115181	+	3	1.235459	I:	D:
115448	118441	+	2	1.241700	I:	D:
118730	120142	-	2	1.246013	I:	D:
120185	120748	-	2	1.264494	I:	D:
121208	121621	-	2	1.256306	I:	D:
121733	122602	-	2	1.244276	I:	D:
122855	124645	-	2	1.224092	I:	D:
124973	125560	+	2	1.228495	I:	D:
125635	126888	+	1	1.218769	I:	D:
126989	127477	+	2	1.240395	I:	D:
127846	129087	+	1	1.256042	I:	D:
129189	130193	-	3	1.231381	I:	D:
130323	130574	+	3	1.287583	I:	D:
130697	130858	+	2	1.318955	I:	D:
130991	132811	+	2	1.229569	I:	D:
132850	133554	+	1	1.231235	I:	D:
133541	134896	+	2	1.243149	I:	D:
135040	136074	+	1	1.258313	I:	D:
136257	137558	+	3	1.248098	I:	D:
137689	138930	+	1	1.242194	I:	D:
138964	139260	+	1	1.285100	I:	D:
139388	140032	-	2	1.231623	I:	D:
140599	141288	+	1	1.254281	I:	D:
141359	141610	-	2	1.234847	I:	D:
141972	142856	+	3	1.248912	I:	D:
142858	144912	+	1	1.286832	I:	D:
144995	146173	-	2	1.258568	I:	D:
146208	147647	-	3	1.227652	I:	D:
147750	147986	-	3	1.248112	I:	D:
148254	149105	+	3	1.257983	I:	D:
149142	150551	+	3	1.254060	I:	D:
150562	151617	+	1	1.232277	I:	D:
151717	152907	+	1	1.225965	I:	D:
152948	153349	+	2	1.261677	I:	D:
153418	153579	+	1	1.248596	I:	D:
153772	154251	+	1	1.244297	I:	D:
154248	154958	+	3	1.250870	I:	D:
155071	156015	+	1	1.247599	I:	D:
156185	156592	-	2	1.237219	I:	D:
156688	157428	-	1	1.258243	I:	D:
157653	159443	-	3	1.241026	I:	D:
159537	160286	-	3	1.232586	I:	D:
160479	161297	+	3	1.269176	I:	D:
161284	161796	+	1	1.269540	I:	D:
161983	162612	+	1	1.241880	I:	D:
162660	163841	+	3	1.209760	I:	D:
163842	164471	+	3	1.230176	I:	D:
164480	165403	+	2	1.264323	I:	D:
165443	165895	+	2	1.272445	I:	D:
166156	167535	+	1	1.234183	I:	D:
167712	168215	+	3	1.266647	I:	D:
168431	168919	+	2	1.254937	I:	D:
168933	169148	+	3	1.245005	I:	D:
169218	170849	+	3	1.243395	I:	D:
171039	171485	+	3	1.284530	I:	D:
171539	172285	+	2	1.239862	I:	D:
172365	173246	-	3	1.267322	I:	D:
173459	175759	+	2	1.224604	I:	D:
175926	177845	+	3	1.253135	I:	D:
177960	179744	+	3	1.234614	I:	D:
179875	180933	-	1	1.229226	I:	D:
181133	181513	-	2	1.248922	I:	D:
181741	182283	+	1	1.252325	I:	D:
182459	183268	+	2	1.253872	I:	D:
183345	184034	-	3	1.255883	I:	D:
184039	186672	-	1	1.245704	I:	D:
186900	187559	+	3	1.227757	I:	D:
187562	188467	+	2	1.237087	I:	D:
188578	189726	-	1	1.226893	I:	D:
189973	191736	+	1	1.280088	I:	D:
191807	192052	-	2	1.340430	I:	D:
192170	192673	+	2	1.337039	I:	D:
192761	194569	-	2	1.224440	I:	D:
194570	195748	-	2	1.217094	I:	D:
195811	196554	-	1	1.255826	I:	D:
196877	197263	-	2	1.254045	I:	D:
197558	197920	-	2	1.307234	I:	D:
198041	199804	-	2	1.232784	I:	D:
199900	200166	+	1	1.362493	I:	D:
200254	200403	-	1	1.379475	I:	D:
200585	202141	+	2	1.208425	I:	D:
202292	203476	+	2	1.246170	I:	D:
203577	203933	-	3	1.204739	I:	D:
203937	204968	-	3	1.259845	I:	D:
205155	205595	-	3	1.244722	I:	D:
205649	206215	-	2	1.258284	I:	D:
206362	207276	+	1	1.228188	I:	D:
207355	208086	+	1	1.237360	I:	D:
208346	208570	+	2	1.246438	I:	D:
208697	209950	+	2	1.241226	I:	D:
209993	212011	+	2	1.246310	I:	D:
212141	212950	+	2	1.260681	I:	D:
212947	213534	+	1	1.250314	I:	D:
213633	214979	+	3	1.253195	I:	D:
215040	215201	+	3	1.288826	I:	D:
215473	216705	+	1	1.230996	I:	D:
216831	217994	+	3	1.251465	I:	D:
218129	220027	+	2	1.255306	I:	D:
220121	220564	-	2	1.240004	I:	D:
220717	220938	-	1	1.263141	I:	D:
221034	221696	-	3	1.247525	I:	D:
221844	222698	-	3	1.237535	I:	D:
222846	223625	-	3	1.286918	I:	D:
223969	225267	+	1	1.248335	I:	D:
225364	226854	+	1	1.267669	I:	D:
226867	227196	+	1	1.219739	I:	D:
227211	227513	+	3	1.243223	I:	D:
227655	227849	+	3	1.280962	I:	D:
228017	229456	+	2	1.247825	I:	D:
229521	230315	+	3	1.233399	I:	D:
230400	230885	-	3	1.266940	I:	D:
230892	232262	-	3	1.228131	I:	D:
232259	232933	-	2	1.249542	I:	D:
233330	234526	+	2	1.242115	I:	D:
234574	235434	+	1	1.231514	I:	D:
235463	236185	+	2	1.228638	I:	D:
236182	237090	+	1	1.206473	I:	D:
237209	237805	+	2	1.249060	I:	D:
237867	238988	+	3	1.226249	I:	D:
238990	242223	+	1	1.232620	I:	D:
242462	242737	+	2	1.266281	I:	D:
242818	244779	+	1	1.257130	I:	D:
244776	245420	+	3	1.262564	I:	D:
245477	246481	+	2	1.223718	I:	D:
246521	247306	+	2	1.252984	I:	D:
247343	248317	+	2	1.246951	I:	D:
248406	249116	-	3	1.257986	I:	D:
249130	249642	-	1	1.296080	I:	D:
249838	250725	-	1	1.211475	I:	D:
250902	251630	-	3	1.257886	I:	D:
251634	252383	-	3	1.262698	I:	D:
252380	253291	-	2	1.247851	I:	D:
253445	254131	+	2	1.284101	I:	D:
254128	255336	+	1	1.275820	I:	D:
255452	255961	+	2	1.322656	I:	D:
255984	256985	+	3	1.264732	I:	D:
256990	257340	+	1	1.272666	I:	D:
257616	258290	+	3	1.284800	I:	D:
258293	258781	-	2	1.262803	I:	D:
258778	259467	-	1	1.328374	I:	D:
259464	259982	-	3	1.288695	I:	D:
259982	260437	-	2	1.273469	I:	D:
260434	260838	-	1	1.256451	I:	D:
260898	261614	-	3	1.271433	I:	D:
261627	261941	-	3	1.285422	I:	D:
261938	262348	-	2	1.251926	I:	D:
262553	263410	-	2	1.281230	I:	D:
263494	263940	-	1	1.314322	I:	D:
264010	264273	-	1	1.270847	I:	D:
264296	264514	-	2	1.303047	I:	D:
264683	265651	+	2	1.326056	I:	D:
266291	267091	+	2	1.404255	I:	D:
267088	267897	+	1	1.419094	I:	D:
269078	269227	+	2	1.353692	I:	D:
269357	270496	-	2	1.271343	I:	D:
270344	270760	+	2	1.385803	I:	D:
270876	271274	-	3	1.296247	I:	D:
>Y8.M021_27
110	775	+	2	1.251578	I:	D:
772	2178	+	1	1.246002	I:	D:
2175	4445	+	3	1.254208	I:	D:
4612	6060	-	1	1.241868	I:	D:
6288	6662	+	3	1.230067	I:	D:
6685	8070	+	1	1.233511	I:	D:
8214	9422	+	3	1.243215	I:	D:
9504	10199	+	3	1.261681	I:	D:
10310	10900	-	2	1.238146	I:	D:
11133	12401	+	3	1.234257	I:	D:
12873	13160	-	3	1.350101	I:	D:
13213	13488	-	1	1.230453	I:	D:
14257	14439	-	1	1.333766	I:	D:
14709	14843	-	3	1.299519	I:	D:
15089	15958	-	2	1.329802	I:	D:
16620	16859	-	3	1.326449	I:	D:
17095	17463	-	1	1.388271	I:	D:
17471	17719	-	2	1.300562	I:	D:
17999	18712	-	2	1.310325	I:	D:
18709	18939	-	1	1.299070	I:	D:
18936	19607	-	3	1.339912	I:	D:
19614	19778	-	3	1.322289	I:	D:
19946	20371	+	2	1.388356	I:	D:
20536	21609	+	1	1.262186	I:	D:
23759	24568	-	2	1.226607	I:	D:
24905	25564	+	2	1.249534	I:	D:
25561	26988	+	1	1.238182	I:	D:
26976	27701	+	3	1.252173	I:	D:
27881	29158	+	2	1.258191	I:	D:
29177	30505	+	2	1.254876	I:	D:
30585	31265	-	3	1.207206	I:	D:
31306	32613	-	1	1.244802	I:	D:
32859	33230	-	3	1.254541	I:	D:
33221	33742	-	2	1.247501	I:	D:
34094	35701	-	2	1.248205	I:	D:
35698	36567	-	1	1.244193	I:	D:
36581	37471	-	2	1.252448	I:	D:
37494	38612	-	3	1.253208	I:	D:
38895	39848	+	3	1.262416	I:	D:
39891	42551	+	3	1.258870	I:	D:
42582	44330	+	3	1.223720	I:	D:
44352	44762	+	3	1.282951	I:	D:
44759	45205	+	2	1.229561	I:	D:
45221	46798	+	2	1.226039	I:	D:
46838	50023	+	2	1.241787	I:	D:
50044	50220	+	1	1.279844	I:	D:
50294	50788	+	2	1.268194	I:	D:
50814	51905	+	3	1.262182	I:	D:
52119	53942	-	3	1.249697	I:	D:
53943	56138	-	3	1.250309	I:	D:
56288	57112	-	2	1.229944	I:	D:
57128	58012	-	2	1.235489	I:	D:
58012	59289	-	1	1.237132	I:	D:
59589	60491	+	3	1.258635	I:	D:
60599	60940	-	2	1.241356	I:	D:
61384	61689	+	1	1.394712	I:	D:
61817	62878	+	2	1.389735	I:	D:
62907	71258	+	3	1.321926	I:	D:
71301	73022	+	3	1.305531	I:	D:
73026	73904	+	3	1.321622	I:	D:
73897	74643	+	1	1.368503	I:	D:
75287	75538	+	2	1.280401	I:	D:
75638	76318	+	2	1.292384	I:	D:
76382	76864	-	2	1.391199	I:	D:
77162	77974	+	2	1.301330	I:	D:
>Y8.M021_28
3	476	-	3	1.373587	I:	D:
485	1174	-	2	1.285851	I:	D:
1185	1841	-	3	1.275024	I:	D:
1852	3306	-	1	1.281250	I:	D:
3303	4829	-	3	1.298896	I:	D:
4855	5925	-	1	1.271193	I:	D:
5941	7638	-	1	1.261929	I:	D:
7672	7890	-	1	1.265376	I:	D:
7949	9466	-	2	1.280988	I:	D:
9495	10880	-	3	1.280892	I:	D:
10951	12006	-	1	1.279063	I:	D:
12062	13372	-	2	1.302899	I:	D:
13431	14447	-	3	1.289968	I:	D:
14463	16049	-	3	1.279185	I:	D:
>Y8.M021_29
3	443	-	3	1.266553	I:	D:
505	831	-	1	1.337514	I:	D:
835	1332	-	1	1.339360	I:	D:
1004	1174	+	2	1.339294	I:	D:
1259	1555	+	2	1.265132	I:	D:
1629	2714	-	3	1.270907	I:	D:
2754	3362	-	3	1.265383	I:	D:
3407	4102	+	2	1.390767	I:	D:
>Y8.M021_30
637	2538	-	1	1.289580	I:	D:
2519	4363	-	2	1.289248	I:	D:
4449	5111	-	3	1.265739	I:	D:
5117	5815	-	2	1.261040	I:	D:
5953	6612	-	1	1.264985	I:	D:
6629	6970	+	2	1.395910	I:	D:
7044	8456	-	3	1.264607	I:	D:
8443	9891	-	1	1.253329	I:	D:
9891	10754	-	3	1.275563	I:	D:
10757	11728	-	2	1.264828	I:	D:
11972	12643	+	2	1.260401	I:	D:
12724	13695	+	1	1.296893	I:	D:
13783	14340	+	1	1.302983	I:	D:
14417	14863	+	2	1.280408	I:	D:
14864	15538	+	2	1.301848	I:	D:
>Y8.M021_31
123	398	-	3	1.310480	I:	D:
504	752	-	3	1.265558	I:	D:
809	955	-	2	1.264299	I:	D:
1150	2157	+	1	1.280261	I:	D:
2222	2650	-	2	1.276059	I:	D:
2673	3638	-	3	1.256034	I:	D:
3965	4939	+	2	1.239873	I:	D:
5047	5586	-	1	1.241903	I:	D:
5603	6952	-	2	1.250740	I:	D:
6965	7285	-	2	1.283102	I:	D:
7353	8240	-	3	1.253549	I:	D:
8258	9139	-	2	1.227485	I:	D:
9165	10343	-	3	1.242805	I:	D:
10455	11951	-	3	1.249743	I:	D:
11967	12431	-	3	1.249206	I:	D:
12531	13592	-	3	1.249273	I:	D:
13854	15191	-	3	1.243915	I:	D:
15681	17198	+	3	1.228799	I:	D:
17401	18633	-	1	1.231412	I:	D:
18649	19596	-	1	1.248375	I:	D:
19758	20663	-	3	1.269588	I:	D:
20929	21816	+	1	1.233458	I:	D:
21908	23860	+	2	1.244163	I:	D:
23991	25499	-	3	1.277926	I:	D:
25515	26333	-	3	1.277911	I:	D:
26340	27245	-	3	1.235435	I:	D:
27254	28012	-	2	1.277611	I:	D:
28291	29316	+	1	1.271410	I:	D:
29422	30279	-	1	1.283327	I:	D:
30361	32670	+	1	1.243828	I:	D:
>Y8.M021_32
1	252	-	1	1.283070	I:	D:
468	1577	+	3	1.338421	I:	D:
1647	2483	-	3	1.279521	I:	D:
2495	3955	-	2	1.292847	I:	D:
3959	5368	-	2	1.294107	I:	D:
5372	6355	-	2	1.342805	I:	D:
6502	7338	+	1	1.343330	I:	D:
7442	9157	-	2	1.294387	I:	D:
9231	9968	-	3	1.363258	I:	D:
10063	12468	-	1	1.285435	I:	D:
12398	12745	-	2	1.329205	I:	D:
12851	13669	-	2	1.294542	I:	D:
13716	14078	-	3	1.282153	I:	D:
14096	15769	-	2	1.300259	I:	D:
15952	16257	-	1	1.280321	I:	D:
16363	17316	-	1	1.292962	I:	D:
17322	18149	-	3	1.292036	I:	D:
18167	18439	-	2	1.328194	I:	D:
18436	19776	-	1	1.321562	I:	D:
19777	20085	-	1	1.311508	I:	D:
20226	20564	-	3	1.295110	I:	D:
20677	21498	-	1	1.284884	I:	D:
21507	22127	-	3	1.360594	I:	D:
22124	22741	-	2	1.360589	I:	D:
22738	23091	-	1	1.278393	I:	D:
23091	23846	-	3	1.300588	I:	D:
23858	24835	-	2	1.320667	I:	D:
24849	26000	-	3	1.272052	I:	D:
26015	26704	-	2	1.314204	I:	D:
26709	26951	-	3	1.341888	I:	D:
26980	32925	-	1	1.296142	I:	D:
33010	33528	-	1	1.349803	I:	D:
33532	34446	-	1	1.333470	I:	D:
34481	35638	-	2	1.343749	I:	D:
35763	36239	-	3	1.262149	I:	D:
36375	36521	-	3	1.299130	I:	D:
36644	37564	-	2	1.313889	I:	D:
37875	38018	+	3	1.404634	I:	D:
>Y8.M021_33
2	205	-	2	1.333278	I:	D:
260	1018	-	2	1.317173	I:	D:
1076	1798	-	2	1.314920	I:	D:
2126	2596	+	2	1.339661	I:	D:
2620	3798	+	1	1.337218	I:	D:
4091	4294	+	2	1.339687	I:	D:
4415	7990	-	2	1.315100	I:	D:
9227	10381	+	2	1.360945	I:	D:
11143	13779	+	1	1.267251	I:	D:
13946	14392	-	2	1.289516	I:	D:
14513	16177	-	2	1.256441	I:	D:
16193	17701	-	2	1.268593	I:	D:
17863	19173	-	1	1.255698	I:	D:
19355	20332	-	2	1.242304	I:	D:
20319	22037	-	3	1.265112	I:	D:
22034	23317	-	2	1.253928	I:	D:
23450	24829	-	2	1.392479	I:	D:
23786	25192	+	2	1.236330	I:	D:
25235	25636	+	2	1.284722	I:	D:
25651	25902	+	1	1.257299	I:	D:
26095	27375	+	1	1.239832	I:	D:
27393	27806	+	3	1.242758	I:	D:
27853	28245	+	1	1.327386	I:	D:
>Y8.M021_34
3	881	-	3	1.294858	I:	D:
955	1926	-	1	1.307821	I:	D:
1913	2428	-	2	1.331011	I:	D:
2446	3147	-	1	1.306521	I:	D:
3149	3490	-	2	1.289589	I:	D:
3786	5297	-	3	1.307280	I:	D:
5446	5652	+	1	1.360946	I:	D:
6036	7481	+	3	1.304605	I:	D:
7583	9511	-	2	1.309872	I:	D:
9705	9914	+	3	1.314399	I:	D:
9911	10366	+	2	1.336436	I:	D:
10359	11393	+	3	1.308108	I:	D:
11499	12149	-	3	1.281823	I:	D:
11733	12593	+	3	1.357627	I:	D:
12823	13554	+	1	1.268585	I:	D:
13608	14525	+	3	1.266483	I:	D:
14731	14871	+	1	1.354210	I:	D:
16813	17340	+	1	1.363173	I:	D:
17333	17557	+	2	1.322131	I:	D:
17762	18121	+	2	1.327295	I:	D:
18169	18507	-	1	1.396501	I:	D:
18591	18887	+	3	1.357502	I:	D:
19604	21367	+	2	1.346953	I:	D:
21542	22078	+	2	1.357806	I:	D:
22276	22470	-	1	1.368035	I:	D:
22677	23975	+	3	1.340110	I:	D:
24144	24923	-	3	1.296106	I:	D:
25051	25581	+	1	1.307638	I:	D:
25649	26359	-	2	1.289064	I:	D:
26417	27286	-	2	1.327309	I:	D:
27635	28654	-	2	1.289633	I:	D:
28788	31319	-	3	1.283789	I:	D:
31511	32491	+	2	1.291878	I:	D:
32510	33286	-	2	1.295117	I:	D:
33244	35733	+	1	1.308588	I:	D:
35730	37904	+	3	1.282390	I:	D:
38282	38503	+	2	1.296346	I:	D:
38712	39296	+	3	1.312275	I:	D:
39428	41089	-	2	1.284384	I:	D:
41324	42121	-	2	1.305049	I:	D:
42164	43777	-	2	1.307442	I:	D:
44232	45104	+	3	1.317507	I:	D:
45215	45826	-	2	1.303014	I:	D:
46032	46817	-	3	1.305034	I:	D:
46894	47640	+	1	1.308893	I:	D:
47826	48002	+	3	1.322606	I:	D:
47887	51009	+	1	1.285923	I:	D:
51030	52040	+	3	1.312581	I:	D:
52082	52954	+	2	1.294333	I:	D:
52976	53638	+	2	1.321363	I:	D:
53625	56024	+	3	1.295079	I:	D:
56190	57989	+	3	1.305482	I:	D:
58021	58389	+	1	1.271125	I:	D:
58404	59003	+	3	1.312292	I:	D:
59095	59577	+	1	1.311435	I:	D:
60706	60882	-	1	1.349259	I:	D:
60881	61090	+	2	1.381077	I:	D:
61094	61459	+	2	1.333294	I:	D:
61477	63273	+	1	1.292415	I:	D:
63277	64173	+	1	1.307143	I:	D:
64300	64524	+	1	1.286269	I:	D:
64536	64823	+	3	1.400008	I:	D:
64846	65367	+	1	1.309353	I:	D:
65367	66884	+	3	1.292783	I:	D:
66932	67210	-	2	1.318369	I:	D:
67203	67550	-	3	1.263896	I:	D:
67405	67833	+	1	1.339552	I:	D:
67858	68436	+	1	1.286406	I:	D:
68527	68757	+	1	1.278239	I:	D:
68776	71517	+	1	1.361015	I:	D:
71648	73264	+	2	1.299466	I:	D:
>Y8.M021_35
246	578	+	3	1.295941	I:	D:
784	1665	+	1	1.300490	I:	D:
1758	2609	+	3	1.297966	I:	D:
2650	2904	+	1	1.269963	I:	D:
2954	4732	+	2	1.266817	I:	D:
4756	5850	+	1	1.306607	I:	D:
5993	7471	+	2	1.305083	I:	D:
7629	8516	+	3	1.315788	I:	D:
8513	8986	+	2	1.313526	I:	D:
9013	9207	+	1	1.278536	I:	D:
9227	9607	+	2	1.295093	I:	D:
9604	10638	+	1	1.314047	I:	D:
10642	11073	+	1	1.317688	I:	D:
11070	11603	+	3	1.299595	I:	D:
11655	12320	+	3	1.278102	I:	D:
12399	12845	+	3	1.284923	I:	D:
12864	13313	+	3	1.287927	I:	D:
13307	14254	+	2	1.318002	I:	D:
14233	15450	+	1	1.330899	I:	D:
15447	15683	+	3	1.279026	I:	D:
15673	16560	+	1	1.289281	I:	D:
16582	17049	+	1	1.275513	I:	D:
17112	18980	+	3	1.300898	I:	D:
18983	19804	+	2	1.305270	I:	D:
19854	20699	+	3	1.325225	I:	D:
20708	21169	+	2	1.286744	I:	D:
21204	22871	+	3	1.280630	I:	D:
23163	24479	+	3	1.257501	I:	D:
24627	26030	+	3	1.295300	I:	D:
26091	26933	+	3	1.282292	I:	D:
26938	27867	+	1	1.301511	I:	D:
28573	29634	+	1	1.339701	I:	D:
29759	30049	+	2	1.336167	I:	D:
30267	30710	-	3	1.335503	I:	D:
30786	31124	-	3	1.284438	I:	D:
31244	32377	-	2	1.287796	I:	D:
32402	33802	-	2	1.275064	I:	D:
33857	34486	-	2	1.306197	I:	D:
34449	35084	-	3	1.326638	I:	D:
35081	36100	-	2	1.303418	I:	D:
36133	37212	-	1	1.291508	I:	D:
37240	37425	-	1	1.275716	I:	D:
37565	38473	+	2	1.302229	I:	D:
38537	39112	+	2	1.281135	I:	D:
39208	39924	-	1	1.245493	I:	D:
39927	40688	-	3	1.275504	I:	D:
40689	41747	-	3	1.268091	I:	D:
41782	42663	-	1	1.263914	I:	D:
42919	44118	-	1	1.277917	I:	D:
44463	45038	+	3	1.279330	I:	D:
45150	46811	+	3	1.273855	I:	D:
>Y8.M021_36
106	1443	-	1	1.264349	I:	D:
1461	2051	-	3	1.272912	I:	D:
2160	3530	-	3	1.261641	I:	D:
3564	4283	-	3	1.294133	I:	D:
4313	4471	+	2	1.311132	I:	D:
4658	6106	-	2	1.284757	I:	D:
6150	6503	-	3	1.314620	I:	D:
6500	7129	-	2	1.285139	I:	D:
7110	8027	-	3	1.274064	I:	D:
8105	8638	-	2	1.281939	I:	D:
8736	9077	-	3	1.265135	I:	D:
9232	10503	-	1	1.274247	I:	D:
10600	12582	-	1	1.284356	I:	D:
12692	13339	-	2	1.311409	I:	D:
13520	14302	-	2	1.275890	I:	D:
14316	15011	-	3	1.259580	I:	D:
15098	15958	-	2	1.252634	I:	D:
16242	17072	-	3	1.268862	I:	D:
17087	18256	-	2	1.288922	I:	D:
18385	18846	-	1	1.305156	I:	D:
18919	19200	-	1	1.286427	I:	D:
19265	19744	-	2	1.344208	I:	D:
19752	20051	-	3	1.296919	I:	D:
20155	20400	-	1	1.270195	I:	D:
20540	20812	-	2	1.246829	I:	D:
20899	21609	-	1	1.283494	I:	D:
21623	22078	-	2	1.269508	I:	D:
22266	23201	-	3	1.288846	I:	D:
23155	24645	-	1	1.313545	I:	D:
24649	25248	-	1	1.301203	I:	D:
25283	25738	-	2	1.311531	I:	D:
25768	27486	-	1	1.294870	I:	D:
27502	29670	-	1	1.269017	I:	D:
29692	31749	-	1	1.280724	I:	D:
31801	33000	-	1	1.309997	I:	D:
33049	34650	-	1	1.305364	I:	D:
34693	35994	-	1	1.298534	I:	D:
35978	36916	-	2	1.278578	I:	D:
36989	38125	-	2	1.297830	I:	D:
38348	39109	-	2	1.286288	I:	D:
39359	40594	-	2	1.313941	I:	D:
40777	40908	+	1	1.349142	I:	D:
41077	41721	+	1	1.327779	I:	D:
42008	42472	+	2	1.330507	I:	D:
42571	43566	+	1	1.308839	I:	D:
>Y8.M021_37
3	191	-	3	1.377720	I:	D:
281	1249	-	2	1.293712	I:	D:
1355	2095	-	2	1.303032	I:	D:
2099	2587	-	2	1.303261	I:	D:
2597	3529	-	2	1.317340	I:	D:
3680	4561	-	2	1.320902	I:	D:
4902	5930	-	3	1.281716	I:	D:
6174	7451	+	3	1.299004	I:	D:
7522	8409	+	1	1.269999	I:	D:
8508	9275	+	3	1.276098	I:	D:
9266	10474	+	2	1.314376	I:	D:
10483	10959	+	1	1.276631	I:	D:
11061	12482	-	3	1.290148	I:	D:
12829	13416	+	1	1.307264	I:	D:
13496	14431	-	2	1.325548	I:	D:
14453	16828	-	2	1.287180	I:	D:
16833	17744	-	3	1.338812	I:	D:
17821	18738	-	1	1.276946	I:	D:
18719	19015	-	2	1.310979	I:	D:
19209	19709	-	3	1.281622	I:	D:
19738	20733	-	1	1.278882	I:	D:
20833	22014	-	1	1.316759	I:	D:
22130	22297	+	2	1.315177	I:	D:
22400	23467	+	2	1.356160	I:	D:
23515	23733	+	1	1.371380	I:	D:
23761	24615	+	1	1.292402	I:	D:
24958	25986	-	1	1.281988	I:	D:
26284	26649	-	1	1.302477	I:	D:
26706	27653	-	3	1.289101	I:	D:
27678	28436	-	3	1.302265	I:	D:
28481	29185	-	2	1.323804	I:	D:
29205	29390	-	3	1.360595	I:	D:
29405	30733	+	2	1.299399	I:	D:
31295	31675	+	2	1.327476	I:	D:
31798	33078	+	1	1.323003	I:	D:
33171	33935	+	3	1.330331	I:	D:
34118	35083	+	2	1.276418	I:	D:
35217	36410	-	3	1.274589	I:	D:
36557	37720	-	2	1.288910	I:	D:
37878	38291	-	3	1.316969	I:	D:
38291	39010	-	2	1.299970	I:	D:
39152	40075	+	2	1.317556	I:	D:
40170	41603	+	3	1.310360	I:	D:
>Y8.M021_38
335	856	+	2	1.383990	I:	D:
1131	3008	-	3	1.318246	I:	D:
3025	3771	-	1	1.280953	I:	D:
3784	4539	-	1	1.295242	I:	D:
4536	5327	-	3	1.299773	I:	D:
5038	5298	+	1	1.390769	I:	D:
5324	6247	-	2	1.299036	I:	D:
6321	7400	-	3	1.284188	I:	D:
7665	8681	+	3	1.322175	I:	D:
8806	9243	+	1	1.325437	I:	D:
9285	10619	+	3	1.316879	I:	D:
10758	10904	+	3	1.352364	I:	D:
11280	11684	-	3	1.314951	I:	D:
11763	12581	-	3	1.314316	I:	D:
12706	13353	+	1	1.313731	I:	D:
13438	14124	-	1	1.293140	I:	D:
14279	15307	+	2	1.322348	I:	D:
15389	17836	+	2	1.283102	I:	D:
17873	18466	+	2	1.298255	I:	D:
18470	19231	+	2	1.301919	I:	D:
19228	20172	+	1	1.295704	I:	D:
20214	20981	+	3	1.305936	I:	D:
21602	23104	+	2	1.288402	I:	D:
23200	23976	-	1	1.296835	I:	D:
24114	24326	-	3	1.284759	I:	D:
24356	25162	-	2	1.349155	I:	D:
25156	25854	-	1	1.303448	I:	D:
25868	26242	-	2	1.305673	I:	D:
26477	28018	-	2	1.290337	I:	D:
28058	29428	-	2	1.318017	I:	D:
29465	30421	-	2	1.322528	I:	D:
30531	31910	+	3	1.310040	I:	D:
>Y8.M021_39
204	752	-	3	1.328525	I:	D:
929	1468	-	2	1.255969	I:	D:
1612	2151	-	1	1.324580	I:	D:
2418	3011	+	3	1.272931	I:	D:
3180	4577	+	3	1.268558	I:	D:
4594	5787	+	1	1.281514	I:	D:
5987	6949	-	2	1.302099	I:	D:
6913	7917	-	1	1.315850	I:	D:
7904	9352	-	2	1.284321	I:	D:
9445	10095	+	1	1.284631	I:	D:
10496	10969	-	2	1.277487	I:	D:
11000	13327	-	2	1.261870	I:	D:
13375	14658	-	1	1.267896	I:	D:
14971	15732	-	1	1.282123	I:	D:
15725	16741	-	2	1.281714	I:	D:
16707	17684	-	3	1.254746	I:	D:
17681	19120	-	2	1.305862	I:	D:
19121	19729	-	2	1.294953	I:	D:
19989	20783	-	3	1.309832	I:	D:
20776	21273	-	1	1.307635	I:	D:
21224	21472	-	2	1.332942	I:	D:
21704	23575	-	2	1.293455	I:	D:
23808	24815	-	3	1.288948	I:	D:
24957	26408	-	3	1.277989	I:	D:
26809	27822	+	1	1.270361	I:	D:
>Y8.M021_40
470	754	+	2	1.250549	I:	D:
791	2422	+	2	1.240518	I:	D:
2617	3657	+	1	1.311235	I:	D:
3679	4167	+	1	1.319877	I:	D:
4298	5905	+	2	1.304196	I:	D:
6210	8888	+	3	1.256688	I:	D:
8948	9289	+	2	1.296489	I:	D:
9337	9876	+	1	1.271997	I:	D:
9878	11986	+	2	1.309910	I:	D:
11973	13004	+	3	1.282883	I:	D:
13001	13615	+	2	1.323083	I:	D:
13704	14645	-	3	1.300463	I:	D:
14642	16765	-	2	1.325046	I:	D:
>Y8.M021_41
83	328	-	2	1.318656	I:	D:
388	1113	-	1	1.299424	I:	D:
238	1089	+	1	1.320753	I:	D:
1113	7205	-	3	1.282106	I:	D:
7292	7768	-	2	1.335964	I:	D:
7814	8728	-	2	1.336857	I:	D:
8763	8957	-	3	1.322160	I:	D:
9087	9695	-	3	1.285476	I:	D:
9692	9967	-	2	1.297092	I:	D:
10074	10946	-	3	1.315625	I:	D:
10948	11334	-	1	1.330778	I:	D:
11617	11778	-	1	1.389589	I:	D:
>Y8.M021_42
54	629	-	3	1.318999	I:	D:
643	957	+	1	1.374027	I:	D:
977	1522	+	2	1.336558	I:	D:
1594	2058	-	1	1.309254	I:	D:
2063	3808	-	2	1.279921	I:	D:
4400	5596	+	2	1.281253	I:	D:
5597	6433	+	2	1.315837	I:	D:
6496	7257	+	1	1.304631	I:	D:
7285	8778	+	1	1.303933	I:	D:
8859	10052	-	3	1.284848	I:	D:
10113	10286	-	3	1.320708	I:	D:
>Y8.M021_43
330	1733	-	3	1.279556	I:	D:
1788	2168	-	3	1.294872	I:	D:
2208	3530	-	3	1.264698	I:	D:
3695	4483	-	2	1.290285	I:	D:
4569	4970	-	3	1.253526	I:	D:
5040	5798	-	3	1.324402	I:	D:
5795	6382	-	2	1.279240	I:	D:
6375	7106	-	3	1.282723	I:	D:
7150	7932	-	1	1.318620	I:	D:
7996	8220	+	1	1.378373	I:	D:
>Y8.M021_44
3	167	+	3	1.369280	I:	D:
394	1893	-	1	1.323647	I:	D:
1909	3684	-	1	1.300428	I:	D:
3696	4370	-	3	1.297914	I:	D:
4375	6933	-	1	1.263380	I:	D:
6979	7152	-	1	1.343722	I:	D:
7164	7757	-	3	1.276359	I:	D:
7754	8122	-	2	1.264409	I:	D:
8137	8676	-	1	1.281149	I:	D:
8680	9111	-	1	1.301945	I:	D:
9125	9517	-	2	1.313032	I:	D:
9520	9876	-	1	1.322889	I:	D:
9873	10262	-	3	1.296822	I:	D:
10281	10466	-	3	1.259187	I:	D:
10481	11512	-	2	1.260814	I:	D:
11537	12109	-	2	1.242910	I:	D:
12321	12611	-	3	1.347370	I:	D:
12677	14428	-	2	1.295832	I:	D:
14432	15841	-	2	1.288976	I:	D:
16052	17335	-	2	1.287131	I:	D:
17265	17588	-	3	1.295057	I:	D:
17722	17886	+	1	1.352291	I:	D:
18056	18559	-	2	1.325097	I:	D:
18560	19126	-	2	1.292643	I:	D:
19144	19479	-	1	1.266759	I:	D:
19481	19849	-	2	1.301405	I:	D:
19970	20308	-	2	1.322079	I:	D:
20298	20831	-	3	1.298874	I:	D:
20848	21348	-	1	1.259259	I:	D:
21460	21705	-	1	1.290093	I:	D:
21705	22106	-	3	1.376191	I:	D:
22430	23677	+	2	1.305328	I:	D:
23917	24123	-	1	1.318774	I:	D:
24110	24562	-	2	1.327881	I:	D:
24598	24837	-	1	1.325491	I:	D:
24853	25809	-	1	1.280539	I:	D:
25802	27655	-	2	1.298484	I:	D:
27843	28061	-	3	1.337237	I:	D:
28072	28314	-	1	1.320718	I:	D:
28311	28619	-	3	1.362239	I:	D:
>Y8.M021_45
181	1026	-	1	1.314544	I:	D:
1047	2444	-	3	1.289337	I:	D:
2435	4237	-	2	1.300680	I:	D:
4479	5420	+	3	1.302478	I:	D:
5437	6318	+	1	1.322472	I:	D:
6359	7972	+	2	1.280706	I:	D:
8078	9724	+	2	1.308945	I:	D:
9721	10956	+	1	1.295539	I:	D:
10978	11127	+	1	1.348000	I:	D:
11297	12595	+	2	1.347100	I:	D:
12764	14266	+	2	1.332648	I:	D:
14336	15142	+	2	1.365060	I:	D:
15100	15519	+	1	1.355326	I:	D:
15483	15710	+	3	1.355439	I:	D:
16137	17411	+	3	1.332544	I:	D:
17493	18005	-	3	1.292539	I:	D:
18065	18220	+	2	1.358626	I:	D:
18497	18922	+	2	1.354515	I:	D:
18957	19253	+	3	1.340145	I:	D:
19381	20418	+	1	1.310033	I:	D:
20434	21156	+	1	1.319213	I:	D:
21140	21982	+	2	1.348080	I:	D:
22079	22456	+	2	1.356908	I:	D:
>Y8.M021_46
275	1066	+	2	1.313874	I:	D:
1143	1787	+	3	1.285536	I:	D:
2087	2344	-	2	1.369108	I:	D:
2622	2753	-	3	1.264078	I:	D:
2951	3403	-	2	1.345543	I:	D:
3496	4638	-	1	1.314613	I:	D:
4856	5170	-	2	1.310384	I:	D:
5486	6685	-	2	1.293972	I:	D:
6711	7793	-	3	1.279942	I:	D:
8389	10602	+	1	1.285073	I:	D:
10739	11389	+	2	1.292929	I:	D:
11383	13203	+	1	1.277988	I:	D:
13205	14200	+	2	1.244302	I:	D:
14142	14855	+	3	1.322911	I:	D:
14852	15871	+	2	1.286855	I:	D:
15876	16166	+	3	1.283173	I:	D:
>Y8.M021_47
449	976	-	2	1.297866	I:	D:
995	5290	-	2	1.251409	I:	D:
5466	5708	-	3	1.240635	I:	D:
5742	6800	-	3	1.243121	I:	D:
6820	7908	-	1	1.249606	I:	D:
7965	9128	-	3	1.248872	I:	D:
9163	10026	-	1	1.254685	I:	D:
10064	10228	-	2	1.356559	I:	D:
10289	10843	-	2	1.239435	I:	D:
10903	11625	-	1	1.237373	I:	D:
11785	11940	+	1	1.350830	I:	D:
11958	12800	-	3	1.262496	I:	D:
12842	13600	-	2	1.298274	I:	D:
13649	13942	-	2	1.316376	I:	D:
14336	15310	-	2	1.260435	I:	D:
15307	16131	-	1	1.256926	I:	D:
16313	17011	+	2	1.287165	I:	D:
17129	19777	+	2	1.225283	I:	D:
19934	20884	-	2	1.259009	I:	D:
20928	22340	-	3	1.264318	I:	D:
22629	23468	+	3	1.274091	I:	D:
23514	23765	+	3	1.344390	I:	D:
23865	25043	-	3	1.291298	I:	D:
25040	25684	-	2	1.295320	I:	D:
25810	27183	-	1	1.250569	I:	D:
27361	27597	+	1	1.310819	I:	D:
27731	28105	+	2	1.253979	I:	D:
28297	29100	+	1	1.288269	I:	D:
29198	30142	-	2	1.273726	I:	D:
30161	35401	-	2	1.251906	I:	D:
36001	38991	-	1	1.253969	I:	D:
39590	40117	+	2	1.297489	I:	D:
>Y8.M021_48
1	147	-	1	1.229328	I:	D:
390	2846	-	3	1.244582	I:	D:
3359	4990	+	2	1.267931	I:	D:
5061	6080	+	3	1.276011	I:	D:
6073	6963	+	1	1.266564	I:	D:
6982	7974	+	1	1.255986	I:	D:
7978	8925	+	1	1.272834	I:	D:
9351	9578	+	3	1.416127	I:	D:
>Y8.M021_49
2	268	+	2	1.408130	I:	D:
478	1536	+	1	1.310479	I:	D:
1634	2725	+	2	1.295666	I:	D:
2947	4122	+	1	1.310930	I:	D:
4184	5533	-	2	1.316999	I:	D:
5560	7026	-	1	1.295814	I:	D:
7164	8153	+	3	1.324872	I:	D:
8225	8425	-	2	1.282590	I:	D:
8450	8731	+	2	1.361552	I:	D:
9775	10077	+	1	1.425276	I:	D:
10266	11555	+	3	1.275256	I:	D:
11571	12539	-	3	1.270917	I:	D:
12637	12993	-	1	1.243521	I:	D:
12990	14267	-	3	1.250319	I:	D:
14260	15717	-	1	1.252920	I:	D:
16006	16626	+	1	1.258686	I:	D:
16659	18146	+	3	1.254237	I:	D:
18318	19577	-	3	1.231983	I:	D:
19603	20802	-	1	1.249864	I:	D:
>Y8.M021_50
155	1048	+	2	1.254965	I:	D:
1267	2130	+	1	1.291964	I:	D:
2233	2688	+	1	1.265818	I:	D:
2797	3075	+	1	1.221035	I:	D:
3157	4419	-	1	1.279402	I:	D:
4876	5478	+	1	1.248538	I:	D:
5672	7081	+	2	1.226634	I:	D:
7185	8000	-	3	1.278477	I:	D:
8166	9650	-	3	1.243134	I:	D:
9986	10819	-	2	1.290536	I:	D:
10800	11900	-	3	1.273684	I:	D:
13223	14836	+	2	1.229018	I:	D:
14993	16696	-	2	1.227013	I:	D:
16732	16896	+	1	1.317177	I:	D:
16680	17285	+	3	1.381293	I:	D:
17735	18181	+	2	1.275450	I:	D:
18199	18597	+	1	1.258718	I:	D:
>Y8.M021_51
724	1503	+	1	1.232923	I:	D:
1858	5088	-	1	1.274837	I:	D:
5120	6001	-	2	1.259293	I:	D:
6010	7470	-	1	1.236655	I:	D:
7615	8955	-	1	1.244387	I:	D:
9193	10200	-	1	1.291923	I:	D:
10384	12420	-	1	1.281143	I:	D:
13257	14069	-	3	1.311538	I:	D:
14105	14956	-	2	1.284149	I:	D:
14960	16090	-	2	1.269551	I:	D:
>Y8.M021_52
131	385	+	2	1.371416	I:	D:
555	2456	-	3	1.239993	I:	D:
2633	3166	+	2	1.277970	I:	D:
3182	3985	+	2	1.265919	I:	D:
4084	5073	+	1	1.255986	I:	D:
5070	5756	+	3	1.259972	I:	D:
5884	6645	-	1	1.259215	I:	D:
6638	7507	-	2	1.294947	I:	D:
7545	8015	-	3	1.303108	I:	D:
8330	8923	+	2	1.270587	I:	D:
9011	10336	+	2	1.274923	I:	D:
10317	11642	+	3	1.265618	I:	D:
11787	12308	+	3	1.314856	I:	D:
12347	12799	+	2	1.271526	I:	D:
12920	13147	+	2	1.370716	I:	D:
13190	14182	+	2	1.253228	I:	D:
14243	14383	+	2	1.330824	I:	D:
14699	15769	-	2	1.226420	I:	D:
15783	16271	-	3	1.252327	I:	D:
16274	17533	-	2	1.244472	I:	D:
17567	19327	-	2	1.252054	I:	D:
19832	20173	-	2	1.336263	I:	D:
20426	20953	-	2	1.356273	I:	D:
21168	21638	-	3	1.262971	I:	D:
21660	23045	-	3	1.266469	I:	D:
23069	24541	-	2	1.262425	I:	D:
24658	25020	-	1	1.249148	I:	D:
25053	25781	-	3	1.266735	I:	D:
25843	27072	-	1	1.262266	I:	D:
27088	28227	-	1	1.244851	I:	D:
28264	29433	-	1	1.248249	I:	D:
29438	30487	-	2	1.228922	I:	D:
30692	31909	+	2	1.234424	I:	D:
32034	33716	-	3	1.220945	I:	D:
33731	34150	-	2	1.242486	I:	D:
34147	34593	-	1	1.280407	I:	D:
34764	35711	+	3	1.269813	I:	D:
35759	37048	+	2	1.248978	I:	D:
>Y8.M021_53
3	239	+	3	1.313756	I:	D:
774	1550	-	3	1.361125	I:	D:
1713	1946	+	3	1.361708	I:	D:
2012	2200	-	2	1.317188	I:	D:
2245	2493	+	1	1.306669	I:	D:
2508	2744	+	3	1.349936	I:	D:
2875	3105	+	1	1.378146	I:	D:
3930	4550	+	3	1.304152	I:	D:
4547	4714	+	2	1.319455	I:	D:
4786	6774	+	1	1.299108	I:	D:
6752	7717	+	2	1.293059	I:	D:
7743	7982	+	3	1.289624	I:	D:
7975	8166	+	1	1.293996	I:	D:
8234	8668	+	2	1.296217	I:	D:
8658	8999	+	3	1.339899	I:	D:
8986	9192	+	1	1.311325	I:	D:
9230	9667	-	2	1.284015	I:	D:
10070	10390	+	2	1.309030	I:	D:
10366	10653	+	1	1.296172	I:	D:
10738	11382	+	1	1.283870	I:	D:
11399	11932	+	2	1.291576	I:	D:
11922	12260	+	3	1.319164	I:	D:
12382	12741	+	1	1.322548	I:	D:
12743	13078	+	2	1.303292	I:	D:
13092	13649	+	3	1.298157	I:	D:
13651	14154	+	1	1.312262	I:	D:
14176	14313	+	1	1.356531	I:	D:
14598	15035	+	3	1.340297	I:	D:
15064	16248	+	1	1.296061	I:	D:
16248	16487	+	3	1.303932	I:	D:
16453	17895	+	1	1.274059	I:	D:
17896	19596	+	1	1.283103	I:	D:
19602	19844	+	3	1.322517	I:	D:
20049	20621	+	3	1.237434	I:	D:
20646	21677	+	3	1.252845	I:	D:
21692	21877	+	2	1.270685	I:	D:
21896	22282	+	2	1.282009	I:	D:
22279	22635	+	1	1.276171	I:	D:
22637	23047	+	2	1.319996	I:	D:
23040	23471	+	3	1.294966	I:	D:
23476	23973	+	1	1.270503	I:	D:
24109	24495	+	1	1.330931	I:	D:
24492	25130	+	3	1.277516	I:	D:
25134	28091	+	3	1.266796	I:	D:
28092	28946	+	3	1.316797	I:	D:
28939	30042	+	1	1.313995	I:	D:
30045	30692	+	3	1.309305	I:	D:
30705	31316	+	3	1.328151	I:	D:
31319	32350	+	2	1.301299	I:	D:
32362	32766	+	1	1.347532	I:	D:
32770	33111	+	1	1.344429	I:	D:
>Y8.M021_54
312	665	-	3	1.360338	I:	D:
781	1719	-	1	1.232736	I:	D:
1716	2567	-	3	1.261114	I:	D:
2569	3228	-	1	1.220789	I:	D:
3253	4743	-	1	1.258194	I:	D:
4757	5404	-	2	1.274082	I:	D:
5427	6911	-	3	1.261583	I:	D:
6989	7696	-	2	1.265500	I:	D:
7693	9171	-	1	1.240895	I:	D:
9185	10768	-	2	1.229234	I:	D:
10866	11711	+	3	1.372112	I:	D:
12077	12457	-	2	1.363518	I:	D:
12701	13150	-	2	1.401294	I:	D:
13947	14792	+	3	1.273012	I:	D:
14768	15559	+	2	1.235474	I:	D:
15622	16692	+	1	1.234264	I:	D:
16918	18438	+	1	1.265180	I:	D:
18435	19106	+	3	1.240803	I:	D:
19158	19979	+	3	1.232289	I:	D:
19995	21143	+	3	1.218587	I:	D:
21198	21341	+	3	1.217099	I:	D:
>Y8.M021_55
74	397	-	2	1.317568	I:	D:
400	1311	-	1	1.304991	I:	D:
1657	2709	+	1	1.239858	I:	D:
2785	3408	+	1	1.246670	I:	D:
