>Y5.M012_1
138	1016	-	3	1.366044	I:	D:
1077	1580	-	3	1.393839	I:	D:
1582	1851	-	1	1.382876	I:	D:
1864	2799	-	1	1.357944	I:	D:
2756	3577	-	2	1.381930	I:	D:
3654	3872	+	3	1.375845	I:	D:
4055	4456	-	2	1.352776	I:	D:
4476	4904	-	3	1.332226	I:	D:
5213	5635	+	2	1.344867	I:	D:
5910	6434	-	3	1.272298	I:	D:
6416	6652	-	2	1.278610	I:	D:
6777	7112	-	3	1.423735	I:	D:
7260	8225	-	3	1.313594	I:	D:
8266	9744	-	1	1.324715	I:	D:
9980	10795	+	2	1.331036	I:	D:
10911	11309	-	3	1.358496	I:	D:
11313	11666	-	3	1.326945	I:	D:
11803	13083	-	1	1.310836	I:	D:
13108	13956	-	1	1.316518	I:	D:
13958	14725	-	2	1.344820	I:	D:
15014	15937	-	2	1.341132	I:	D:
15996	16709	-	3	1.320902	I:	D:
16709	18583	-	2	1.326346	I:	D:
18592	19959	-	1	1.315841	I:	D:
20002	20811	-	1	1.316898	I:	D:
20816	21823	-	2	1.329749	I:	D:
21833	22072	-	2	1.369268	I:	D:
22077	22418	-	3	1.334564	I:	D:
23027	24385	+	2	1.333644	I:	D:
24465	25721	+	3	1.321496	I:	D:
25711	25923	+	1	1.303099	I:	D:
25944	27041	+	3	1.334613	I:	D:
27119	27313	+	2	1.336056	I:	D:
27340	28071	+	1	1.335477	I:	D:
28227	28478	+	3	1.291904	I:	D:
28484	30583	+	2	1.312083	I:	D:
30625	31056	+	1	1.330116	I:	D:
31206	31343	+	3	1.294319	I:	D:
31456	34035	+	1	1.326585	I:	D:
34105	34860	+	1	1.302925	I:	D:
34939	37617	-	1	1.336031	I:	D:
37620	37793	-	3	1.362394	I:	D:
37885	39627	+	1	1.328488	I:	D:
39734	41809	-	2	1.340084	I:	D:
41922	42566	+	3	1.302547	I:	D:
42563	44626	+	2	1.338792	I:	D:
44796	45236	+	3	1.328473	I:	D:
45347	46357	+	2	1.337902	I:	D:
46432	47253	+	1	1.318896	I:	D:
47250	47753	+	3	1.332449	I:	D:
47777	49798	+	2	1.339577	I:	D:
50083	50823	+	1	1.350185	I:	D:
50896	51291	+	1	1.342185	I:	D:
51408	52700	+	3	1.346109	I:	D:
52736	54547	+	2	1.326105	I:	D:
54563	55348	+	2	1.355126	I:	D:
55567	56826	+	1	1.347329	I:	D:
56904	58028	+	3	1.339420	I:	D:
58025	58843	+	2	1.321026	I:	D:
58932	59981	+	3	1.348843	I:	D:
59998	61425	+	1	1.341221	I:	D:
61422	62612	+	3	1.340763	I:	D:
63067	63312	+	1	1.328663	I:	D:
63326	64972	-	2	1.328291	I:	D:
65065	65271	+	1	1.343852	I:	D:
65434	66501	+	1	1.334055	I:	D:
66514	67866	+	1	1.321297	I:	D:
68098	69696	+	1	1.338498	I:	D:
69693	70265	+	3	1.343944	I:	D:
70287	71297	+	3	1.331841	I:	D:
71308	72090	+	1	1.325956	I:	D:
72205	73389	+	1	1.352028	I:	D:
73382	74152	+	2	1.327519	I:	D:
74149	74874	+	1	1.346579	I:	D:
75081	75341	+	3	1.301619	I:	D:
75494	75649	+	2	1.301365	I:	D:
75709	76017	+	1	1.339594	I:	D:
76020	77051	+	3	1.359031	I:	D:
77093	78664	-	2	1.325001	I:	D:
78651	79334	-	3	1.323240	I:	D:
79425	79586	+	3	1.288527	I:	D:
79617	80510	+	3	1.333260	I:	D:
80523	81074	+	3	1.328485	I:	D:
81194	81430	-	2	1.366643	I:	D:
81467	82123	-	2	1.325207	I:	D:
82483	82716	+	1	1.359357	I:	D:
82907	83509	+	2	1.311257	I:	D:
83755	84030	-	1	1.330413	I:	D:
84171	85274	+	3	1.366535	I:	D:
85304	85861	+	2	1.297968	I:	D:
85933	87789	+	1	1.318671	I:	D:
87912	89054	+	3	1.356484	I:	D:
89257	90192	+	1	1.327594	I:	D:
90323	91306	-	2	1.324724	I:	D:
91384	92208	-	1	1.341232	I:	D:
92256	93098	-	3	1.335849	I:	D:
93312	94055	-	3	1.320111	I:	D:
94152	94571	+	3	1.335598	I:	D:
94614	95342	+	3	1.322466	I:	D:
95342	96088	+	2	1.357591	I:	D:
96089	96850	+	2	1.358641	I:	D:
96919	97647	-	1	1.321068	I:	D:
97828	98757	-	1	1.318676	I:	D:
98757	99938	-	3	1.320788	I:	D:
99945	100367	-	3	1.317781	I:	D:
100616	101536	-	2	1.325504	I:	D:
101520	102746	-	3	1.312415	I:	D:
102759	103796	-	3	1.327719	I:	D:
104042	104209	+	2	1.354534	I:	D:
104253	105629	-	3	1.328188	I:	D:
105654	105836	+	3	1.349485	I:	D:
106088	107311	-	2	1.309144	I:	D:
107762	108127	+	2	1.339235	I:	D:
108178	108687	+	1	1.319738	I:	D:
108850	112920	-	1	1.337060	I:	D:
113054	113209	-	2	1.333841	I:	D:
113210	114424	-	2	1.338454	I:	D:
114424	115071	-	1	1.329970	I:	D:
115242	117896	-	3	1.318993	I:	D:
117901	118593	-	1	1.334443	I:	D:
119066	119980	-	2	1.360991	I:	D:
119977	120915	-	1	1.339633	I:	D:
121492	123855	-	1	1.322909	I:	D:
123842	124174	-	2	1.310917	I:	D:
124190	124498	-	2	1.312006	I:	D:
124523	125695	-	2	1.306782	I:	D:
125768	126376	-	2	1.323373	I:	D:
126469	126702	+	1	1.272295	I:	D:
126970	127200	+	1	1.338082	I:	D:
127206	127526	+	3	1.330944	I:	D:
127529	127762	+	2	1.317110	I:	D:
127909	128103	-	1	1.353036	I:	D:
128256	128453	+	3	1.295355	I:	D:
128687	129271	+	2	1.314998	I:	D:
129268	129462	+	1	1.331217	I:	D:
129676	130368	+	1	1.331624	I:	D:
130390	131394	+	1	1.328998	I:	D:
131680	132378	-	1	1.326725	I:	D:
132523	133176	+	1	1.323049	I:	D:
133464	136367	+	3	1.337824	I:	D:
136385	137710	+	2	1.327795	I:	D:
137854	138651	+	1	1.346810	I:	D:
138773	138979	+	2	1.335815	I:	D:
139115	140854	-	2	1.348368	I:	D:
140872	141000	-	1	1.330633	I:	D:
141260	142126	+	2	1.332999	I:	D:
142209	142838	-	3	1.329595	I:	D:
143052	143669	-	3	1.309899	I:	D:
143707	144255	+	1	1.330848	I:	D:
144233	144643	+	2	1.359357	I:	D:
145014	146711	+	3	1.350150	I:	D:
146880	148277	+	3	1.341529	I:	D:
148346	151213	+	2	1.318496	I:	D:
151820	156322	+	2	1.325719	I:	D:
156511	157929	+	1	1.310291	I:	D:
158329	159384	+	1	1.335864	I:	D:
159377	160165	+	2	1.344899	I:	D:
160404	161315	+	3	1.310147	I:	D:
161339	162253	+	2	1.318150	I:	D:
162277	163185	+	1	1.320878	I:	D:
163692	164333	-	3	1.326612	I:	D:
164477	164644	-	2	1.368848	I:	D:
164754	166124	+	3	1.324211	I:	D:
166136	166270	+	2	1.281045	I:	D:
166601	167461	+	2	1.331137	I:	D:
167458	168102	+	1	1.351068	I:	D:
168092	170494	+	2	1.345478	I:	D:
170595	171020	+	3	1.355019	I:	D:
171281	171472	-	2	1.353341	I:	D:
171659	175219	+	2	1.339701	I:	D:
175307	175612	-	2	1.352901	I:	D:
175837	177024	-	1	1.346296	I:	D:
177189	177725	+	3	1.356860	I:	D:
177843	178334	+	3	1.338045	I:	D:
178547	180838	+	2	1.341588	I:	D:
180838	181593	+	1	1.348254	I:	D:
182139	182357	+	3	1.260683	I:	D:
182635	183669	-	1	1.339539	I:	D:
183713	184864	-	2	1.327111	I:	D:
184880	186064	-	2	1.317087	I:	D:
186079	187842	-	1	1.339432	I:	D:
187858	188697	-	1	1.319054	I:	D:
188699	189778	-	2	1.335453	I:	D:
189778	190692	-	1	1.351714	I:	D:
190716	192260	-	3	1.345259	I:	D:
192283	193107	-	1	1.334366	I:	D:
193126	194397	-	1	1.353284	I:	D:
194410	195297	-	1	1.310642	I:	D:
195327	196460	-	3	1.334030	I:	D:
196474	197463	-	1	1.332673	I:	D:
197493	198065	-	3	1.317312	I:	D:
198089	199009	-	2	1.322850	I:	D:
199041	200057	-	3	1.346228	I:	D:
200084	200863	-	2	1.323914	I:	D:
200876	201544	-	2	1.341340	I:	D:
201604	202317	-	1	1.329936	I:	D:
202340	203062	-	2	1.317189	I:	D:
203040	203216	+	3	1.296812	I:	D:
203853	204443	+	3	1.305106	I:	D:
204449	205174	+	2	1.327624	I:	D:
205174	206004	+	1	1.333976	I:	D:
206338	207111	-	1	1.325009	I:	D:
207432	209378	-	3	1.323978	I:	D:
209574	210929	-	3	1.351739	I:	D:
211037	211183	+	2	1.255904	I:	D:
211243	213438	+	1	1.332862	I:	D:
213466	213600	+	1	1.336719	I:	D:
213435	214511	+	3	1.326512	I:	D:
214613	215014	+	2	1.342001	I:	D:
215172	215708	+	3	1.351108	I:	D:
215718	216710	+	3	1.345060	I:	D:
216769	218025	+	1	1.338774	I:	D:
218441	218629	-	2	1.271682	I:	D:
218733	219080	+	3	1.309791	I:	D:
219208	219756	-	1	1.370283	I:	D:
219899	220909	-	2	1.346971	I:	D:
220984	222681	-	1	1.325859	I:	D:
223101	224288	+	3	1.324214	I:	D:
224285	225634	+	2	1.320809	I:	D:
225781	227343	+	1	1.330412	I:	D:
227369	229060	+	2	1.347685	I:	D:
229165	229971	+	1	1.349899	I:	D:
230049	231518	-	3	1.325443	I:	D:
232040	233377	+	2	1.312027	I:	D:
233614	235113	+	1	1.330289	I:	D:
235110	235973	+	3	1.335844	I:	D:
236045	237700	+	2	1.326091	I:	D:
238241	239785	+	2	1.303148	I:	D:
240402	240935	+	3	1.343819	I:	D:
241021	241563	+	1	1.328770	I:	D:
241595	243694	+	2	1.320716	I:	D:
243810	245012	+	3	1.334716	I:	D:
245360	245620	+	2	1.324977	I:	D:
245732	246496	+	2	1.316692	I:	D:
246564	247019	-	3	1.323221	I:	D:
247085	248296	+	2	1.332874	I:	D:
248338	249519	+	1	1.345398	I:	D:
249545	251494	+	2	1.332164	I:	D:
251506	251919	+	1	1.331182	I:	D:
252042	252194	+	3	1.335718	I:	D:
252285	253478	+	3	1.321654	I:	D:
253489	253710	+	1	1.296699	I:	D:
253833	253997	+	3	1.312720	I:	D:
254201	255169	+	2	1.338492	I:	D:
255290	255709	+	2	1.300666	I:	D:
255968	257362	+	2	1.342135	I:	D:
257402	258559	+	2	1.340675	I:	D:
258790	259305	-	1	1.333939	I:	D:
259553	259708	+	2	1.375881	I:	D:
259736	260128	+	2	1.347678	I:	D:
260202	260834	+	3	1.341750	I:	D:
260851	261474	+	1	1.341181	I:	D:
261471	261764	+	3	1.287402	I:	D:
261867	262700	+	3	1.344148	I:	D:
262720	262992	+	1	1.342440	I:	D:
263013	263354	+	3	1.353005	I:	D:
263369	264040	+	2	1.332260	I:	D:
264040	264459	+	1	1.337143	I:	D:
264459	264662	+	3	1.290602	I:	D:
264680	264937	+	2	1.316252	I:	D:
264977	265345	+	2	1.327014	I:	D:
265360	265677	+	1	1.333587	I:	D:
265692	266231	+	3	1.327532	I:	D:
266244	266429	+	3	1.383020	I:	D:
266449	266847	+	1	1.317664	I:	D:
266863	267405	+	1	1.318583	I:	D:
267424	267783	+	1	1.336406	I:	D:
267801	268298	+	3	1.314838	I:	D:
268316	268486	+	2	1.333283	I:	D:
268505	268948	+	2	1.303110	I:	D:
268949	270259	+	2	1.340081	I:	D:
270283	270915	+	1	1.327415	I:	D:
270919	271671	+	1	1.363707	I:	D:
271682	271927	+	2	1.330275	I:	D:
271932	272150	+	3	1.326641	I:	D:
272360	272728	+	2	1.323215	I:	D:
272744	273145	+	2	1.340845	I:	D:
273172	273774	+	1	1.342086	I:	D:
273849	274802	+	3	1.313843	I:	D:
274875	275216	+	3	1.307124	I:	D:
275380	275553	+	1	1.335819	I:	D:
275570	276517	-	2	1.309154	I:	D:
276756	278753	+	3	1.331796	I:	D:
278961	280403	+	3	1.326272	I:	D:
280405	280914	+	1	1.302234	I:	D:
281027	281686	-	2	1.364641	I:	D:
281670	282116	-	3	1.365060	I:	D:
282113	282451	-	2	1.356623	I:	D:
282516	283826	-	3	1.325675	I:	D:
283827	284495	-	3	1.326331	I:	D:
284648	285388	-	2	1.352227	I:	D:
285465	285635	-	3	1.366000	I:	D:
285780	286646	-	3	1.334994	I:	D:
286634	287497	-	2	1.353610	I:	D:
287560	288030	-	1	1.349432	I:	D:
288088	288324	+	1	1.291497	I:	D:
288326	288679	+	2	1.331122	I:	D:
288694	288978	+	1	1.346030	I:	D:
288979	290223	-	1	1.332696	I:	D:
290237	291052	-	2	1.306149	I:	D:
291174	292106	-	3	1.358947	I:	D:
292155	293594	-	3	1.332772	I:	D:
293868	294095	-	3	1.276026	I:	D:
294341	295186	+	2	1.318183	I:	D:
295205	295741	+	2	1.312977	I:	D:
295852	296868	+	1	1.324170	I:	D:
296958	297788	+	3	1.323288	I:	D:
297807	298856	+	3	1.319471	I:	D:
298896	300194	+	3	1.367430	I:	D:
300175	301245	+	1	1.334569	I:	D:
301253	302395	+	2	1.346148	I:	D:
302509	302865	-	1	1.324090	I:	D:
303056	304528	+	2	1.306313	I:	D:
304924	306468	-	1	1.331500	I:	D:
306490	306648	+	1	1.288983	I:	D:
306688	307242	+	1	1.352153	I:	D:
307339	307515	-	1	1.283543	I:	D:
307630	307968	+	1	1.309276	I:	D:
308096	308473	-	2	1.364307	I:	D:
308637	311375	+	3	1.338682	I:	D:
311583	311768	+	3	1.322070	I:	D:
312032	313132	+	2	1.349675	I:	D:
313166	313867	+	2	1.331471	I:	D:
313910	315298	+	2	1.347679	I:	D:
315543	316613	+	3	1.337283	I:	D:
316659	317498	+	3	1.320232	I:	D:
317500	318471	+	1	1.319308	I:	D:
318563	319555	+	2	1.325711	I:	D:
319697	320449	+	2	1.315669	I:	D:
320649	320840	+	3	1.346662	I:	D:
320853	322223	+	3	1.329222	I:	D:
322501	323625	-	1	1.329467	I:	D:
323799	325583	+	3	1.317104	I:	D:
325811	326602	+	2	1.320708	I:	D:
326589	327344	+	3	1.329791	I:	D:
327331	328023	+	1	1.318470	I:	D:
328033	328656	+	1	1.292894	I:	D:
328646	329641	+	2	1.292203	I:	D:
329784	329939	+	3	1.298056	I:	D:
330224	331411	+	2	1.276821	I:	D:
331448	332911	+	2	1.300577	I:	D:
332937	333641	+	3	1.306804	I:	D:
333937	334113	+	1	1.343873	I:	D:
334116	334466	+	3	1.349374	I:	D:
334592	335347	+	2	1.289811	I:	D:
335487	336509	+	3	1.305942	I:	D:
336513	337190	+	3	1.280183	I:	D:
337183	338559	+	1	1.335821	I:	D:
338562	339290	+	3	1.296396	I:	D:
339554	340948	-	2	1.334669	I:	D:
341107	341346	-	1	1.241962	I:	D:
341708	342319	+	2	1.314377	I:	D:
342306	342926	+	3	1.261625	I:	D:
342969	345056	+	3	1.279566	I:	D:
345069	345251	+	3	1.345869	I:	D:
345041	346132	+	2	1.291865	I:	D:
346268	346618	+	2	1.283156	I:	D:
346653	347801	+	3	1.316849	I:	D:
347843	348067	-	2	1.305124	I:	D:
348245	348460	-	2	1.318369	I:	D:
348553	348723	-	1	1.295456	I:	D:
348737	348916	+	2	1.292708	I:	D:
349215	349841	-	3	1.315721	I:	D:
349997	350212	-	2	1.271950	I:	D:
350332	350721	-	1	1.298149	I:	D:
350881	354033	+	1	1.309692	I:	D:
354157	354345	+	1	1.423083	I:	D:
354387	354722	-	3	1.365532	I:	D:
354976	355290	+	1	1.314062	I:	D:
355352	355747	+	2	1.361715	I:	D:
355719	357086	+	3	1.367991	I:	D:
357083	357925	+	2	1.338998	I:	D:
357928	358122	+	1	1.300628	I:	D:
358197	358403	+	3	1.324288	I:	D:
358421	358633	+	2	1.299065	I:	D:
358639	359808	+	1	1.371660	I:	D:
360096	361076	-	3	1.278770	I:	D:
361314	363299	-	3	1.279237	I:	D:
363460	363732	-	1	1.290173	I:	D:
363838	364941	+	1	1.283223	I:	D:
364964	365818	+	2	1.296005	I:	D:
365932	366417	-	1	1.313830	I:	D:
366923	367588	-	2	1.265517	I:	D:
367756	368085	+	1	1.296063	I:	D:
368196	369173	+	3	1.300314	I:	D:
369157	370431	+	1	1.297326	I:	D:
370436	370618	+	2	1.309563	I:	D:
370647	371960	+	3	1.297053	I:	D:
372256	372486	-	1	1.314959	I:	D:
372573	373358	+	3	1.292088	I:	D:
373632	374756	+	3	1.290412	I:	D:
374855	375022	-	2	1.349967	I:	D:
375233	376675	+	2	1.322990	I:	D:
377040	377366	-	3	1.280456	I:	D:
377542	379716	+	1	1.333012	I:	D:
379865	380671	+	2	1.362261	I:	D:
380681	381355	+	2	1.319032	I:	D:
381342	382232	+	3	1.329469	I:	D:
382274	382432	-	2	1.337896	I:	D:
382229	383017	+	2	1.307799	I:	D:
383031	383570	+	3	1.324302	I:	D:
383561	384163	+	2	1.356772	I:	D:
384170	385525	+	2	1.332383	I:	D:
385515	386744	+	3	1.346287	I:	D:
386940	387080	+	3	1.343316	I:	D:
387306	389939	+	3	1.331646	I:	D:
390142	391221	+	1	1.315828	I:	D:
391417	392373	+	1	1.322158	I:	D:
392915	393817	+	2	1.342347	I:	D:
393875	394813	+	2	1.344413	I:	D:
394803	395453	+	3	1.341216	I:	D:
395536	396963	+	1	1.335526	I:	D:
397020	397616	+	3	1.295622	I:	D:
397654	399447	+	1	1.336423	I:	D:
399694	401838	+	1	1.339715	I:	D:
401953	402867	+	1	1.323683	I:	D:
402882	404063	+	3	1.344857	I:	D:
404234	405982	-	2	1.334941	I:	D:
405979	407718	-	1	1.337464	I:	D:
407913	409442	-	3	1.330921	I:	D:
409551	410318	-	3	1.309574	I:	D:
410412	411695	-	3	1.325147	I:	D:
411807	412325	-	3	1.330836	I:	D:
412484	412666	+	2	1.320504	I:	D:
412719	413102	-	3	1.324479	I:	D:
413117	413437	-	2	1.272276	I:	D:
413418	413783	-	3	1.298943	I:	D:
413938	414123	+	1	1.280923	I:	D:
414184	415731	-	1	1.341722	I:	D:
415902	416357	-	3	1.332066	I:	D:
416373	417281	-	3	1.343568	I:	D:
417528	417866	+	3	1.338975	I:	D:
417963	419450	+	3	1.358150	I:	D:
419538	419711	-	3	1.267542	I:	D:
419725	420498	+	1	1.299974	I:	D:
420842	421186	-	2	1.298302	I:	D:
421337	421906	+	2	1.310789	I:	D:
422086	422871	-	1	1.350173	I:	D:
422966	424372	-	2	1.337097	I:	D:
424376	425029	-	2	1.350708	I:	D:
425067	425651	-	3	1.324681	I:	D:
425698	427038	-	1	1.331676	I:	D:
427041	427646	-	3	1.328206	I:	D:
427646	428851	-	2	1.310573	I:	D:
428925	429680	-	3	1.304781	I:	D:
429767	430750	-	2	1.335579	I:	D:
430792	432231	-	1	1.334974	I:	D:
432314	433021	-	2	1.324385	I:	D:
433044	434381	-	3	1.322472	I:	D:
434414	435082	-	2	1.303792	I:	D:
435201	435959	-	3	1.331968	I:	D:
435956	436621	-	2	1.354149	I:	D:
436621	436815	-	1	1.318197	I:	D:
436936	438546	-	1	1.358024	I:	D:
438705	439295	+	3	1.330658	I:	D:
439401	439679	+	3	1.320254	I:	D:
439921	440412	+	1	1.312607	I:	D:
440446	441213	-	1	1.319331	I:	D:
441218	441703	-	2	1.324004	I:	D:
441722	442186	-	2	1.318347	I:	D:
442212	442748	-	3	1.291968	I:	D:
442767	443381	-	3	1.288339	I:	D:
443489	443959	+	2	1.300177	I:	D:
444171	444620	+	3	1.369834	I:	D:
444642	445145	+	3	1.342714	I:	D:
445148	446137	+	2	1.332254	I:	D:
446184	448649	+	3	1.328671	I:	D:
448784	449278	+	2	1.272008	I:	D:
449447	450883	+	2	1.305644	I:	D:
450948	451181	-	3	1.295204	I:	D:
451205	451450	-	2	1.330595	I:	D:
451536	452945	-	3	1.312799	I:	D:
452956	453393	-	1	1.300764	I:	D:
453690	454724	+	3	1.330853	I:	D:
454786	455301	+	1	1.321182	I:	D:
455326	455820	+	1	1.320293	I:	D:
455870	456787	+	2	1.316119	I:	D:
456820	456999	+	1	1.361467	I:	D:
457015	457761	+	1	1.360721	I:	D:
457919	460282	+	2	1.342229	I:	D:
460321	460836	+	1	1.313595	I:	D:
460826	461518	+	2	1.334862	I:	D:
461538	461672	+	3	1.302783	I:	D:
461693	462055	+	2	1.304312	I:	D:
462151	463995	+	1	1.333984	I:	D:
464133	464690	+	3	1.328835	I:	D:
464687	465172	+	2	1.328627	I:	D:
465230	465691	+	2	1.311514	I:	D:
465893	466102	+	2	1.285278	I:	D:
466137	466556	+	3	1.339455	I:	D:
466567	467490	+	1	1.346482	I:	D:
467721	468311	+	3	1.316881	I:	D:
468445	470715	+	1	1.336026	I:	D:
470751	471776	+	3	1.332188	I:	D:
471827	473083	+	2	1.341690	I:	D:
473146	474267	+	1	1.328396	I:	D:
474330	475583	+	3	1.361957	I:	D:
475659	477050	+	3	1.324577	I:	D:
477207	478313	+	3	1.313916	I:	D:
478480	479436	+	1	1.305139	I:	D:
479476	480645	+	1	1.331391	I:	D:
480663	480851	+	3	1.306258	I:	D:
480898	481872	-	1	1.353111	I:	D:
481803	481949	+	3	1.320039	I:	D:
481957	482103	+	1	1.298202	I:	D:
482165	483379	+	2	1.349021	I:	D:
483615	483956	+	3	1.297807	I:	D:
484100	484381	-	2	1.299797	I:	D:
484578	485171	+	3	1.301148	I:	D:
485589	486287	-	3	1.289372	I:	D:
486439	486846	+	1	1.307400	I:	D:
486950	487132	-	2	1.242166	I:	D:
487217	487402	-	2	1.269938	I:	D:
487498	489006	+	1	1.329174	I:	D:
489006	489845	+	3	1.310657	I:	D:
489985	490836	-	1	1.327536	I:	D:
490926	491930	-	3	1.314901	I:	D:
492013	492816	-	1	1.342692	I:	D:
492806	494242	-	2	1.325116	I:	D:
494260	494913	-	1	1.321703	I:	D:
495102	496034	+	3	1.305922	I:	D:
496296	496679	+	3	1.317794	I:	D:
496657	497232	+	1	1.335401	I:	D:
497258	497884	+	2	1.331211	I:	D:
497912	499060	+	2	1.314366	I:	D:
499208	499435	-	2	1.361701	I:	D:
499438	499566	+	1	1.376981	I:	D:
499613	500230	-	2	1.294911	I:	D:
500369	501934	-	2	1.332135	I:	D:
502205	503383	+	2	1.322149	I:	D:
503494	505944	+	1	1.316144	I:	D:
505928	506365	+	2	1.318701	I:	D:
506355	506789	+	3	1.344827	I:	D:
506843	507877	+	2	1.338971	I:	D:
507964	508482	+	1	1.337999	I:	D:
508504	509517	+	1	1.328002	I:	D:
509672	512776	+	2	1.314410	I:	D:
513034	513918	+	1	1.300471	I:	D:
514101	515168	+	3	1.321560	I:	D:
515189	515362	-	2	1.293333	I:	D:
515410	517065	+	1	1.313051	I:	D:
517211	517399	-	2	1.373699	I:	D:
517599	518297	+	3	1.346473	I:	D:
518342	519115	+	2	1.322152	I:	D:
519115	519729	+	1	1.332008	I:	D:
519749	520369	+	2	1.297984	I:	D:
520394	520819	+	2	1.313128	I:	D:
520871	521995	+	2	1.340634	I:	D:
522039	522788	+	3	1.347150	I:	D:
522982	524331	+	1	1.322328	I:	D:
524370	524735	+	3	1.336406	I:	D:
524766	526169	+	3	1.339439	I:	D:
526364	527377	+	2	1.292756	I:	D:
527574	529676	+	3	1.325626	I:	D:
530067	531107	-	3	1.332242	I:	D:
531168	531659	-	3	1.343206	I:	D:
531672	533294	-	3	1.336240	I:	D:
533491	534732	-	1	1.285144	I:	D:
534931	537255	-	1	1.330818	I:	D:
537268	537585	-	1	1.311794	I:	D:
537788	538504	-	2	1.303490	I:	D:
538558	538770	-	1	1.260929	I:	D:
539186	540478	+	2	1.336296	I:	D:
540592	541389	+	1	1.343721	I:	D:
541411	541896	+	1	1.314933	I:	D:
541911	543650	+	3	1.339384	I:	D:
543959	544837	-	2	1.351728	I:	D:
544928	545206	-	2	1.339596	I:	D:
545630	549331	+	2	1.349114	I:	D:
549332	549550	-	2	1.335817	I:	D:
549616	550689	-	1	1.336697	I:	D:
550729	551643	-	1	1.334010	I:	D:
551913	552413	+	3	1.309209	I:	D:
552573	553415	+	3	1.318208	I:	D:
553399	554721	+	1	1.334209	I:	D:
554738	554944	+	2	1.368679	I:	D:
555181	556362	-	1	1.323337	I:	D:
556523	557110	-	2	1.311567	I:	D:
557202	559769	+	3	1.342334	I:	D:
559809	561170	+	3	1.336680	I:	D:
561213	562001	+	3	1.341069	I:	D:
561995	563074	+	2	1.358873	I:	D:
563124	563999	+	3	1.346361	I:	D:
564009	564734	+	3	1.320439	I:	D:
564823	565659	+	1	1.348302	I:	D:
565679	566491	+	2	1.348751	I:	D:
566784	568211	-	3	1.350169	I:	D:
568240	569214	-	1	1.332640	I:	D:
569342	570553	-	2	1.316888	I:	D:
570626	572548	-	2	1.336216	I:	D:
572811	573842	-	3	1.328593	I:	D:
574350	575954	+	3	1.307681	I:	D:
576587	577837	+	2	1.347446	I:	D:
577853	578239	+	2	1.305806	I:	D:
578316	578759	-	3	1.321460	I:	D:
578795	580456	-	2	1.337405	I:	D:
580542	581768	-	3	1.328141	I:	D:
581921	582883	+	2	1.330765	I:	D:
583050	584261	+	3	1.324958	I:	D:
584431	585126	+	1	1.316621	I:	D:
585140	586423	+	2	1.321614	I:	D:
586510	587076	-	1	1.288827	I:	D:
587224	587586	-	1	1.343436	I:	D:
587670	588920	-	3	1.350051	I:	D:
589018	589896	-	1	1.351116	I:	D:
589837	590004	+	1	1.329873	I:	D:
590017	591468	-	1	1.349208	I:	D:
591912	592304	+	3	1.320591	I:	D:
592368	593342	+	3	1.317202	I:	D:
593429	593974	-	2	1.314382	I:	D:
594508	595548	+	1	1.308029	I:	D:
595633	596481	+	1	1.329656	I:	D:
596483	597304	+	2	1.340837	I:	D:
597304	598362	+	1	1.318739	I:	D:
598460	599212	-	2	1.345695	I:	D:
599535	600674	+	3	1.325803	I:	D:
600674	601282	+	2	1.315130	I:	D:
601279	602139	+	1	1.324763	I:	D:
602132	603616	+	2	1.337254	I:	D:
603621	604592	+	3	1.319306	I:	D:
604605	605867	+	3	1.332259	I:	D:
605930	606391	-	2	1.325255	I:	D:
606675	607922	+	3	1.335158	I:	D:
607928	608788	+	2	1.341232	I:	D:
609027	609350	+	3	1.322045	I:	D:
609356	609562	+	2	1.288583	I:	D:
609562	610374	+	1	1.347020	I:	D:
610371	610781	+	3	1.352691	I:	D:
610794	611705	+	3	1.318227	I:	D:
611726	613408	+	2	1.337417	I:	D:
613748	614647	+	2	1.341387	I:	D:
614647	616335	+	1	1.337411	I:	D:
616505	616705	+	2	1.304077	I:	D:
616723	617106	+	1	1.321736	I:	D:
617389	618387	+	1	1.327306	I:	D:
618421	619212	+	1	1.340113	I:	D:
619213	620223	+	1	1.333787	I:	D:
620870	622147	-	2	1.320899	I:	D:
622151	622858	-	2	1.312004	I:	D:
622987	623160	-	1	1.287284	I:	D:
623494	630825	-	1	1.323893	I:	D:
630844	632604	-	1	1.336414	I:	D:
632614	632922	-	1	1.328967	I:	D:
633090	633488	-	3	1.283830	I:	D:
633548	633718	-	2	1.282663	I:	D:
633731	634555	-	2	1.293896	I:	D:
634564	634890	-	1	1.324609	I:	D:
634863	635051	+	3	1.291332	I:	D:
635144	635899	+	2	1.346780	I:	D:
635889	636194	+	3	1.353165	I:	D:
636263	637429	+	2	1.302262	I:	D:
637416	640565	+	3	1.303060	I:	D:
640672	641454	+	1	1.353823	I:	D:
641573	641854	+	2	1.272329	I:	D:
641854	643980	+	1	1.336155	I:	D:
644060	644728	-	2	1.319472	I:	D:
644740	644994	-	1	1.290784	I:	D:
645092	645232	-	2	1.258409	I:	D:
645329	646627	+	2	1.325100	I:	D:
647153	648517	+	2	1.351616	I:	D:
648570	649136	+	3	1.285844	I:	D:
649199	650302	-	2	1.357107	I:	D:
650605	653319	-	1	1.328721	I:	D:
653500	654042	-	1	1.326154	I:	D:
654154	655380	+	1	1.320661	I:	D:
655545	656036	+	3	1.308627	I:	D:
656071	658680	+	1	1.342624	I:	D:
658735	659070	-	1	1.279213	I:	D:
659196	659759	+	3	1.314866	I:	D:
659797	660306	+	1	1.290058	I:	D:
660382	660636	-	1	1.312908	I:	D:
660842	661378	-	2	1.322807	I:	D:
661398	661952	-	3	1.314053	I:	D:
662233	662643	-	1	1.323910	I:	D:
662747	662938	+	2	1.301754	I:	D:
663005	663544	-	2	1.357491	I:	D:
663605	664156	-	2	1.313530	I:	D:
664352	665191	-	2	1.345075	I:	D:
665241	665477	-	3	1.307421	I:	D:
665839	666543	-	1	1.344449	I:	D:
666546	667001	-	3	1.351528	I:	D:
666998	667732	-	2	1.319523	I:	D:
667748	669946	-	2	1.337067	I:	D:
669948	670190	-	3	1.284710	I:	D:
670231	670917	-	1	1.326553	I:	D:
671160	672221	+	3	1.342762	I:	D:
672391	673413	+	1	1.339799	I:	D:
673450	674766	-	1	1.354983	I:	D:
674763	675485	-	3	1.346487	I:	D:
675672	677702	+	3	1.333572	I:	D:
677721	678266	+	3	1.359418	I:	D:
679214	679876	-	2	1.326762	I:	D:
679898	681271	-	2	1.327737	I:	D:
681271	683037	-	1	1.346833	I:	D:
683049	683381	-	3	1.315221	I:	D:
683365	684339	-	1	1.325489	I:	D:
684348	684929	-	3	1.307792	I:	D:
684971	685444	-	2	1.352488	I:	D:
685441	687429	-	1	1.336746	I:	D:
687464	687775	-	2	1.309568	I:	D:
688006	689022	-	1	1.296264	I:	D:
689364	689909	+	3	1.323228	I:	D:
689982	694019	-	3	1.320117	I:	D:
694142	694792	-	2	1.325218	I:	D:
694901	695371	-	2	1.333305	I:	D:
695530	696084	-	1	1.298592	I:	D:
696775	697974	+	1	1.315754	I:	D:
697996	698664	+	1	1.311196	I:	D:
698661	699632	+	3	1.303872	I:	D:
699638	700729	+	2	1.303180	I:	D:
700746	701888	+	3	1.292935	I:	D:
701905	702990	+	1	1.296234	I:	D:
702996	703895	+	3	1.312170	I:	D:
703902	705014	+	3	1.297216	I:	D:
705020	705550	+	2	1.284672	I:	D:
705555	706856	+	3	1.301127	I:	D:
706860	707828	+	3	1.289987	I:	D:
707830	708921	+	1	1.317837	I:	D:
708924	709478	+	3	1.301927	I:	D:
709484	710497	+	2	1.308001	I:	D:
710585	711217	+	2	1.309571	I:	D:
711251	712264	+	2	1.290718	I:	D:
712275	713405	+	3	1.309768	I:	D:
713564	715075	+	2	1.305522	I:	D:
715083	716189	+	3	1.300610	I:	D:
716194	717183	+	1	1.283866	I:	D:
717189	718145	+	3	1.309564	I:	D:
718138	718482	+	1	1.311981	I:	D:
718475	718819	+	2	1.330322	I:	D:
719028	719798	+	3	1.295777	I:	D:
719816	721357	+	2	1.311168	I:	D:
721354	722094	+	1	1.317732	I:	D:
722107	722877	+	1	1.296973	I:	D:
722879	723847	+	2	1.306585	I:	D:
723844	724308	+	1	1.292619	I:	D:
724474	725403	+	1	1.304893	I:	D:
725413	725553	+	1	1.291192	I:	D:
725688	726497	+	3	1.316180	I:	D:
726653	727354	+	2	1.314747	I:	D:
727396	728286	+	1	1.319105	I:	D:
728302	729324	+	1	1.326972	I:	D:
729337	730245	+	1	1.310817	I:	D:
730268	730867	+	2	1.306148	I:	D:
730977	732008	+	3	1.301782	I:	D:
732239	732847	-	2	1.330949	I:	D:
732798	734009	-	3	1.331969	I:	D:
734190	735002	+	3	1.307994	I:	D:
735145	735795	+	1	1.334718	I:	D:
735808	736605	+	1	1.336954	I:	D:
736776	737165	+	3	1.319166	I:	D:
737283	738575	-	3	1.333213	I:	D:
738784	739347	+	1	1.312413	I:	D:
739340	740269	+	2	1.331165	I:	D:
740283	740471	+	3	1.292654	I:	D:
740615	741337	+	2	1.307580	I:	D:
741364	741909	+	1	1.310048	I:	D:
742043	742390	+	2	1.313035	I:	D:
742452	743786	-	3	1.342144	I:	D:
743908	744852	+	1	1.326986	I:	D:
744969	745466	-	3	1.358839	I:	D:
745571	746404	-	2	1.333088	I:	D:
746781	747674	+	3	1.312510	I:	D:
747667	749940	+	1	1.321802	I:	D:
750071	750532	+	2	1.291822	I:	D:
750768	751226	-	3	1.305571	I:	D:
751407	751655	+	3	1.265244	I:	D:
751746	751967	+	3	1.263687	I:	D:
752056	754548	+	1	1.325492	I:	D:
754583	754756	+	2	1.326045	I:	D:
754900	755598	+	1	1.327851	I:	D:
755609	757852	+	2	1.322133	I:	D:
757881	758252	+	3	1.343249	I:	D:
758281	759237	+	1	1.356491	I:	D:
759657	760211	+	3	1.362290	I:	D:
760257	760679	+	3	1.334607	I:	D:
760925	762118	+	2	1.315864	I:	D:
762156	762527	+	3	1.292576	I:	D:
762809	763990	-	2	1.322740	I:	D:
764298	764786	+	3	1.319902	I:	D:
764817	765149	+	3	1.329721	I:	D:
765223	765453	+	1	1.340735	I:	D:
765503	765955	-	2	1.319406	I:	D:
766215	766454	+	3	1.270846	I:	D:
766465	766719	+	1	1.311614	I:	D:
766866	767753	+	3	1.330956	I:	D:
767764	768315	+	1	1.323416	I:	D:
768346	768948	+	1	1.344831	I:	D:
769078	769584	+	1	1.334696	I:	D:
769667	771022	-	2	1.346283	I:	D:
771276	771860	+	3	1.313647	I:	D:
771925	773220	-	1	1.324336	I:	D:
773381	774010	-	2	1.301551	I:	D:
774185	774415	+	2	1.313078	I:	D:
774464	774874	+	2	1.327564	I:	D:
774874	775179	+	1	1.395434	I:	D:
775155	776876	+	3	1.337429	I:	D:
776596	777564	+	1	1.365551	I:	D:
777653	778246	+	2	1.321920	I:	D:
778247	779110	+	2	1.292281	I:	D:
779208	779555	+	3	1.315621	I:	D:
>Y5.M012_2
90	539	-	3	1.310177	I:	D:
778	2214	-	1	1.377449	I:	D:
2313	3566	-	3	1.351342	I:	D:
3581	3811	-	2	1.340982	I:	D:
4083	4574	-	3	1.333713	I:	D:
4655	5218	-	2	1.345024	I:	D:
5240	5491	+	2	1.378782	I:	D:
5564	5815	-	2	1.394480	I:	D:
5818	6081	-	1	1.352298	I:	D:
6084	6416	-	3	1.321833	I:	D:
6427	7662	-	1	1.359347	I:	D:
7857	8273	+	3	1.328894	I:	D:
8341	8865	+	1	1.343266	I:	D:
9145	9474	+	1	1.358913	I:	D:
9471	9677	+	3	1.305677	I:	D:
9689	9991	+	2	1.337059	I:	D:
10062	10913	+	3	1.344546	I:	D:
11040	11966	-	3	1.357088	I:	D:
11929	13704	-	1	1.339154	I:	D:
13737	16922	-	3	1.325245	I:	D:
16952	18202	-	2	1.345887	I:	D:
18199	20781	-	1	1.319116	I:	D:
20864	21073	-	2	1.313048	I:	D:
21250	22449	+	1	1.342362	I:	D:
22839	23090	+	3	1.353584	I:	D:
23123	23401	+	2	1.308117	I:	D:
23438	25159	-	2	1.351324	I:	D:
25229	25570	-	2	1.413502	I:	D:
25588	26436	-	1	1.345226	I:	D:
26469	28802	-	3	1.362340	I:	D:
28795	29160	-	1	1.346221	I:	D:
29141	29344	-	2	1.361141	I:	D:
29355	30191	-	3	1.369179	I:	D:
30265	30621	-	1	1.360045	I:	D:
30627	32444	-	3	1.373431	I:	D:
32431	32637	-	1	1.335850	I:	D:
32648	33535	-	2	1.379144	I:	D:
33542	34339	-	2	1.345795	I:	D:
34323	35711	-	3	1.374494	I:	D:
35843	36046	+	2	1.364260	I:	D:
36201	36953	-	3	1.375125	I:	D:
36950	37912	-	2	1.371515	I:	D:
37917	38351	-	3	1.374942	I:	D:
38355	46556	-	3	1.353834	I:	D:
46571	47509	-	2	1.352135	I:	D:
47509	48093	-	1	1.361214	I:	D:
48068	48319	-	2	1.327504	I:	D:
48334	48927	-	1	1.330140	I:	D:
48942	49253	-	3	1.363617	I:	D:
49409	53683	-	2	1.351915	I:	D:
53760	54464	-	3	1.361717	I:	D:
54719	55723	-	2	1.365380	I:	D:
55620	56444	-	3	1.364335	I:	D:
56796	56930	-	3	1.294926	I:	D:
57149	59086	-	2	1.317551	I:	D:
59169	59651	-	3	1.303107	I:	D:
59770	60597	-	1	1.367136	I:	D:
60685	62001	-	1	1.338645	I:	D:
62034	62930	-	3	1.307106	I:	D:
62969	63733	-	2	1.315335	I:	D:
63833	64918	-	2	1.329264	I:	D:
65312	65443	+	2	1.305417	I:	D:
65519	66625	-	2	1.316827	I:	D:
66786	67505	-	3	1.327966	I:	D:
67507	67977	-	1	1.320749	I:	D:
68062	68727	-	1	1.313486	I:	D:
68717	69106	-	2	1.314530	I:	D:
69272	70366	+	2	1.314926	I:	D:
70490	70621	+	2	1.299932	I:	D:
70795	71703	-	1	1.314524	I:	D:
71745	72593	-	3	1.322924	I:	D:
72831	73598	+	3	1.311428	I:	D:
73723	74340	+	1	1.330787	I:	D:
74417	75385	+	2	1.327945	I:	D:
75501	75653	-	3	1.269778	I:	D:
75656	75919	-	2	1.289526	I:	D:
76098	79865	-	3	1.331248	I:	D:
80069	80785	-	2	1.307167	I:	D:
80892	81839	+	3	1.324763	I:	D:
81970	82113	+	1	1.318151	I:	D:
82264	82746	-	1	1.320911	I:	D:
82748	82891	+	2	1.304758	I:	D:
82970	83701	+	2	1.323372	I:	D:
83704	85017	+	1	1.333793	I:	D:
85135	86409	-	1	1.343696	I:	D:
86650	87012	-	1	1.299867	I:	D:
86976	87218	+	3	1.396122	I:	D:
87416	88858	-	2	1.320308	I:	D:
88915	89535	-	1	1.329176	I:	D:
89540	89899	-	2	1.325909	I:	D:
90138	91181	-	3	1.344793	I:	D:
91186	92259	-	1	1.317275	I:	D:
92267	92446	-	2	1.302088	I:	D:
92560	93207	-	1	1.348117	I:	D:
93270	94178	-	3	1.298420	I:	D:
94193	95992	-	2	1.332900	I:	D:
96125	98419	-	2	1.321995	I:	D:
98746	99306	+	1	1.314730	I:	D:
99511	100812	+	1	1.321779	I:	D:
100886	101866	-	2	1.321045	I:	D:
101912	102376	-	2	1.312574	I:	D:
102376	103665	-	1	1.327861	I:	D:
104113	106449	-	1	1.356287	I:	D:
106674	107099	+	3	1.315483	I:	D:
107277	107516	+	3	1.297361	I:	D:
107722	111318	-	1	1.328171	I:	D:
111331	115056	-	1	1.327109	I:	D:
115823	116281	-	2	1.320617	I:	D:
116294	117442	-	2	1.330041	I:	D:
117453	119096	-	3	1.320266	I:	D:
119360	120952	-	2	1.347445	I:	D:
121450	122199	-	1	1.326044	I:	D:
123059	125680	-	2	1.329371	I:	D:
125757	126536	-	3	1.335136	I:	D:
126816	127982	-	3	1.338943	I:	D:
128157	129365	+	3	1.339121	I:	D:
129403	129531	+	1	1.285128	I:	D:
129561	129785	-	3	1.355731	I:	D:
129852	130253	-	3	1.327767	I:	D:
130334	131320	+	2	1.329195	I:	D:
131823	132050	+	3	1.375602	I:	D:
132164	133885	-	2	1.337551	I:	D:
134057	134281	+	2	1.278089	I:	D:
134383	135255	-	1	1.359034	I:	D:
135313	136494	-	1	1.320464	I:	D:
136700	140158	-	2	1.342346	I:	D:
140173	140766	-	1	1.316311	I:	D:
140812	142092	-	1	1.342381	I:	D:
142211	143170	-	2	1.334830	I:	D:
143233	143982	-	1	1.342689	I:	D:
144314	146941	+	2	1.332139	I:	D:
147373	148515	-	1	1.322223	I:	D:
148520	149212	-	2	1.301627	I:	D:
149212	149787	-	1	1.316336	I:	D:
150028	150507	-	1	1.307774	I:	D:
150507	151565	-	3	1.344332	I:	D:
151552	151881	-	1	1.328734	I:	D:
151883	152251	-	2	1.333803	I:	D:
152187	153143	-	3	1.347906	I:	D:
153137	153652	-	2	1.339579	I:	D:
153795	154160	-	3	1.327374	I:	D:
154161	154598	-	3	1.332629	I:	D:
154935	155288	-	3	1.315797	I:	D:
155301	156308	-	3	1.330224	I:	D:
156327	156662	-	3	1.336442	I:	D:
156677	157672	-	2	1.330452	I:	D:
157662	158816	-	3	1.353643	I:	D:
158813	160084	-	2	1.376989	I:	D:
160062	160532	-	3	1.344487	I:	D:
160792	161100	-	1	1.306642	I:	D:
161154	161453	+	3	1.393132	I:	D:
162026	162400	+	2	1.373797	I:	D:
162621	163088	+	3	1.334096	I:	D:
163156	163311	-	1	1.255801	I:	D:
163355	163507	-	2	1.324246	I:	D:
163758	163958	+	3	1.338629	I:	D:
164110	166524	-	1	1.339101	I:	D:
166563	168263	-	3	1.343832	I:	D:
168489	169754	-	3	1.334372	I:	D:
170486	172213	-	2	1.326637	I:	D:
172545	173420	+	3	1.356074	I:	D:
173514	174614	+	3	1.339962	I:	D:
174815	176260	-	2	1.332929	I:	D:
176271	177626	-	3	1.333187	I:	D:
178493	179887	-	2	1.340722	I:	D:
179890	180732	-	1	1.320921	I:	D:
181147	182100	+	1	1.338395	I:	D:
182271	182834	-	3	1.323347	I:	D:
182901	183608	-	3	1.339524	I:	D:
183911	184966	+	2	1.317115	I:	D:
184987	185196	+	1	1.331287	I:	D:
185567	186256	-	2	1.317604	I:	D:
186283	186462	+	1	1.321219	I:	D:
186528	187361	+	3	1.341758	I:	D:
187406	187552	+	2	1.322986	I:	D:
187628	188887	-	2	1.316054	I:	D:
188905	190149	-	1	1.340886	I:	D:
190377	190532	+	3	1.366988	I:	D:
190650	191717	+	3	1.332328	I:	D:
191880	193505	-	3	1.333118	I:	D:
193887	194534	-	3	1.332864	I:	D:
194550	197219	-	3	1.336646	I:	D:
197441	198202	-	2	1.313060	I:	D:
198330	198911	-	3	1.361496	I:	D:
199355	200056	-	2	1.325729	I:	D:
200090	201388	-	2	1.340613	I:	D:
201744	202928	+	3	1.339004	I:	D:
202944	203942	+	3	1.331887	I:	D:
203964	205166	+	3	1.334602	I:	D:
205244	206668	-	2	1.322969	I:	D:
206740	208533	-	1	1.319415	I:	D:
208643	208819	-	2	1.313483	I:	D:
208894	209631	-	1	1.314752	I:	D:
209681	211045	+	2	1.333880	I:	D:
211172	212326	-	2	1.320813	I:	D:
212414	213499	-	2	1.326852	I:	D:
213652	214635	-	1	1.310613	I:	D:
214680	214817	+	3	1.274386	I:	D:
214836	215816	-	3	1.329280	I:	D:
216004	217269	-	1	1.335263	I:	D:
217295	219274	-	2	1.315659	I:	D:
219491	219703	-	2	1.316459	I:	D:
219815	221644	-	2	1.341536	I:	D:
221663	223540	-	2	1.327198	I:	D:
223781	224626	+	2	1.338194	I:	D:
224793	224972	-	3	1.352146	I:	D:
225254	226087	-	2	1.339169	I:	D:
226117	226977	-	1	1.334843	I:	D:
227013	227765	-	3	1.354048	I:	D:
227954	229177	-	2	1.344308	I:	D:
229745	230800	-	2	1.314711	I:	D:
230900	232213	-	2	1.290956	I:	D:
232298	232819	-	2	1.312123	I:	D:
232825	233364	-	1	1.336466	I:	D:
233392	233796	-	1	1.281774	I:	D:
233992	234327	+	1	1.315775	I:	D:
234439	235143	-	1	1.329005	I:	D:
235272	235700	+	3	1.320027	I:	D:
235717	236217	+	1	1.307016	I:	D:
236245	236835	+	1	1.311641	I:	D:
236913	238673	-	3	1.282435	I:	D:
238807	239835	-	1	1.323554	I:	D:
239837	241021	-	2	1.322393	I:	D:
241106	241267	+	2	1.321162	I:	D:
241688	243208	-	2	1.338521	I:	D:
243497	243769	+	2	1.337609	I:	D:
243892	245157	+	1	1.332545	I:	D:
245867	246766	-	2	1.351893	I:	D:
246877	247737	-	1	1.350719	I:	D:
248051	249052	-	2	1.315762	I:	D:
249657	250595	-	3	1.338714	I:	D:
250893	251333	+	3	1.289383	I:	D:
251352	251570	-	3	1.349613	I:	D:
251995	253359	-	1	1.331234	I:	D:
253660	255915	-	1	1.337370	I:	D:
256175	256987	-	2	1.305417	I:	D:
257213	257956	-	2	1.341902	I:	D:
258167	259390	-	2	1.339198	I:	D:
259409	263824	-	2	1.325087	I:	D:
263855	265609	-	2	1.328152	I:	D:
265638	266669	-	3	1.313324	I:	D:
266679	269225	-	3	1.297981	I:	D:
269322	270857	-	3	1.318431	I:	D:
270919	271047	+	1	1.333265	I:	D:
271170	271913	-	3	1.314625	I:	D:
271951	272745	-	1	1.321722	I:	D:
272973	273479	-	3	1.321649	I:	D:
273541	274344	-	1	1.307338	I:	D:
274390	275208	-	1	1.338690	I:	D:
275334	275504	+	3	1.274157	I:	D:
275751	276344	-	3	1.302767	I:	D:
276320	276544	+	2	1.316666	I:	D:
276583	277992	+	1	1.330723	I:	D:
278038	278853	+	1	1.320708	I:	D:
278979	279113	-	3	1.330404	I:	D:
279373	286338	-	1	1.293767	I:	D:
286341	286826	-	3	1.335642	I:	D:
286838	287371	-	2	1.312993	I:	D:
287371	289071	-	1	1.305405	I:	D:
289088	289861	-	2	1.321753	I:	D:
289925	291544	-	2	1.307870	I:	D:
291550	292863	-	1	1.290010	I:	D:
292877	293548	-	2	1.328534	I:	D:
293559	294893	-	3	1.286994	I:	D:
294911	295546	-	2	1.292614	I:	D:
295562	299296	-	2	1.302467	I:	D:
299312	299977	-	2	1.288727	I:	D:
300079	300300	-	1	1.253352	I:	D:
300365	301240	-	2	1.299241	I:	D:
301253	302125	-	2	1.284305	I:	D:
302127	303365	-	3	1.320121	I:	D:
303380	304444	-	2	1.311973	I:	D:
304661	305413	+	2	1.290283	I:	D:
305427	306749	+	3	1.307228	I:	D:
306928	307128	-	1	1.331969	I:	D:
307121	307399	-	2	1.320024	I:	D:
307511	308443	-	2	1.326445	I:	D:
308464	309009	-	1	1.333573	I:	D:
309061	309954	+	1	1.368888	I:	D:
310023	312383	-	3	1.320163	I:	D:
312518	313072	-	2	1.332483	I:	D:
313505	315316	+	2	1.334789	I:	D:
315327	315716	+	3	1.295578	I:	D:
315815	316648	-	2	1.331974	I:	D:
316662	317288	-	3	1.346473	I:	D:
317435	318169	+	2	1.310056	I:	D:
318294	318731	+	3	1.307911	I:	D:
318952	319179	+	1	1.327135	I:	D:
319284	320072	-	3	1.294782	I:	D:
320136	321152	-	3	1.286555	I:	D:
321352	321699	+	1	1.286547	I:	D:
321809	322735	-	2	1.289895	I:	D:
>Y5.M012_3
2	1249	-	2	1.330091	I:	D:
1435	2919	-	1	1.332268	I:	D:
2933	7474	-	2	1.329091	I:	D:
7607	7744	-	2	1.349450	I:	D:
7843	8004	+	1	1.285148	I:	D:
8094	10187	+	3	1.326437	I:	D:
10321	12021	+	1	1.322222	I:	D:
12173	12769	+	2	1.317405	I:	D:
12766	13584	+	1	1.298404	I:	D:
13731	14327	+	3	1.330492	I:	D:
14366	15448	+	2	1.329812	I:	D:
15519	19571	+	3	1.324436	I:	D:
19574	21196	+	2	1.331393	I:	D:
21240	22430	+	3	1.326239	I:	D:
22737	24113	-	3	1.327017	I:	D:
24341	26236	+	2	1.318293	I:	D:
26263	26469	+	1	1.337283	I:	D:
26472	27095	+	3	1.362318	I:	D:
27106	27765	+	1	1.325731	I:	D:
27770	28399	+	2	1.351226	I:	D:
28483	28650	-	1	1.251121	I:	D:
28694	29305	-	2	1.298709	I:	D:
29519	31219	-	2	1.318054	I:	D:
31255	31632	-	1	1.319383	I:	D:
31665	33590	-	3	1.326936	I:	D:
33606	34511	-	3	1.293787	I:	D:
34235	34390	-	2	1.349590	I:	D:
34489	35256	-	1	1.335611	I:	D:
35649	36290	-	3	1.322316	I:	D:
36561	38732	+	3	1.330158	I:	D:
38729	39268	+	2	1.340745	I:	D:
39407	40087	+	2	1.344864	I:	D:
40215	41420	-	3	1.305551	I:	D:
41445	42680	-	3	1.317300	I:	D:
42726	45176	-	3	1.332921	I:	D:
45300	45482	+	3	1.284670	I:	D:
45501	45830	+	3	1.336393	I:	D:
46041	46991	+	3	1.325253	I:	D:
46979	47881	+	2	1.332373	I:	D:
47904	48647	+	3	1.314307	I:	D:
48665	49894	+	2	1.315928	I:	D:
49909	50382	+	1	1.304945	I:	D:
50395	50814	+	1	1.342774	I:	D:
50884	52242	+	1	1.333111	I:	D:
52248	53111	+	3	1.347364	I:	D:
53114	53896	+	2	1.330305	I:	D:
54000	54710	-	3	1.288220	I:	D:
54858	55283	-	3	1.323549	I:	D:
55294	55983	-	1	1.298307	I:	D:
56327	57877	+	2	1.346743	I:	D:
57894	58670	+	3	1.363715	I:	D:
58947	59156	-	3	1.315486	I:	D:
59619	59939	+	3	1.266321	I:	D:
60426	62162	-	3	1.321573	I:	D:
62164	62628	-	1	1.302791	I:	D:
62640	63539	-	3	1.336074	I:	D:
63597	64385	+	3	1.306194	I:	D:
64596	64745	+	3	1.368499	I:	D:
64758	65015	+	3	1.304857	I:	D:
65060	65587	+	2	1.300181	I:	D:
65701	66126	+	1	1.329583	I:	D:
66183	66878	+	3	1.325535	I:	D:
67001	67636	+	2	1.314662	I:	D:
67690	68067	+	1	1.271596	I:	D:
68287	69978	+	1	1.325402	I:	D:
70093	70521	-	1	1.328160	I:	D:
70648	71430	+	1	1.333240	I:	D:
71549	71962	+	2	1.296543	I:	D:
71970	72494	+	3	1.306283	I:	D:
72567	73151	-	3	1.317905	I:	D:
73255	73830	+	1	1.320242	I:	D:
74012	74713	+	2	1.330722	I:	D:
74737	78156	+	1	1.321755	I:	D:
78292	80040	+	1	1.323865	I:	D:
80130	80408	+	3	1.312887	I:	D:
80421	81875	+	3	1.323092	I:	D:
81872	83284	+	2	1.315037	I:	D:
83314	83736	+	1	1.332344	I:	D:
84069	85442	-	3	1.341936	I:	D:
85725	86642	+	3	1.322933	I:	D:
86639	87508	+	2	1.346970	I:	D:
87501	88427	+	3	1.348488	I:	D:
88451	89200	+	2	1.326417	I:	D:
89200	89847	+	1	1.303938	I:	D:
90022	90693	+	1	1.324893	I:	D:
90695	92350	+	2	1.320482	I:	D:
92599	94395	+	1	1.325620	I:	D:
94512	95159	-	3	1.356014	I:	D:
95403	96116	+	3	1.304035	I:	D:
96109	97713	+	1	1.330648	I:	D:
97879	98451	+	1	1.344419	I:	D:
98523	100196	+	3	1.331064	I:	D:
100347	101495	-	3	1.320064	I:	D:
101775	102326	+	3	1.329986	I:	D:
102339	102797	+	3	1.312248	I:	D:
102831	103295	+	3	1.315619	I:	D:
103429	104109	+	1	1.317303	I:	D:
104106	105824	+	3	1.303100	I:	D:
105907	106116	-	1	1.334959	I:	D:
106401	107594	+	3	1.295168	I:	D:
107745	108290	-	3	1.349785	I:	D:
108326	110506	-	2	1.335482	I:	D:
110484	111380	-	3	1.321026	I:	D:
111373	111750	-	1	1.327266	I:	D:
111963	112745	+	3	1.326124	I:	D:
112950	113252	+	3	1.292574	I:	D:
113252	114028	+	2	1.315552	I:	D:
114034	114924	+	1	1.311960	I:	D:
115520	115684	-	2	1.344082	I:	D:
116006	116272	-	2	1.395110	I:	D:
116405	117241	-	2	1.331008	I:	D:
117569	118474	+	2	1.317294	I:	D:
118461	119105	+	3	1.303487	I:	D:
119098	119760	+	1	1.314697	I:	D:
119787	120605	+	3	1.317307	I:	D:
120602	121798	+	2	1.334002	I:	D:
121854	123266	-	3	1.312549	I:	D:
123541	124083	+	1	1.327759	I:	D:
124142	126514	-	2	1.282092	I:	D:
126561	127061	-	3	1.334542	I:	D:
127158	127751	+	3	1.309057	I:	D:
127966	128286	+	1	1.367087	I:	D:
128304	129641	+	3	1.369780	I:	D:
129657	130304	+	3	1.333037	I:	D:
130320	130574	+	3	1.341778	I:	D:
130638	132614	+	3	1.368622	I:	D:
132607	133308	+	1	1.369787	I:	D:
133949	134857	-	2	1.339445	I:	D:
134845	135534	-	1	1.347893	I:	D:
135531	135968	-	3	1.343943	I:	D:
136182	136430	+	3	1.329421	I:	D:
136787	137080	+	2	1.302917	I:	D:
137184	137984	+	3	1.332984	I:	D:
138115	139200	-	1	1.333434	I:	D:
139314	140171	+	3	1.318847	I:	D:
140281	141156	+	1	1.343285	I:	D:
141153	141725	+	3	1.344723	I:	D:
141769	141978	-	1	1.353886	I:	D:
142328	142630	-	2	1.354826	I:	D:
142723	143898	+	1	1.306838	I:	D:
144243	144773	+	3	1.318532	I:	D:
144838	146109	+	1	1.326698	I:	D:
146167	146865	+	1	1.313707	I:	D:
146885	147358	+	2	1.333536	I:	D:
147422	148588	+	2	1.324734	I:	D:
148770	150107	+	3	1.325851	I:	D:
150143	150559	+	2	1.303030	I:	D:
150680	151408	+	2	1.327733	I:	D:
151700	152332	-	2	1.320859	I:	D:
>Y5.M012_4
2	649	+	2	1.324155	I:	D:
872	1228	-	2	1.311749	I:	D:
1373	1582	-	2	1.369310	I:	D:
1796	2884	-	2	1.333768	I:	D:
2948	3556	+	2	1.340271	I:	D:
3553	4278	+	1	1.372210	I:	D:
4275	5747	+	3	1.358453	I:	D:
5752	7521	+	1	1.349069	I:	D:
7508	9217	+	2	1.340197	I:	D:
9230	9598	+	2	1.336658	I:	D:
9710	9871	-	2	1.310584	I:	D:
10089	10502	+	3	1.321107	I:	D:
10766	10984	-	2	1.393498	I:	D:
11039	11269	+	2	1.321536	I:	D:
11396	12571	+	2	1.356812	I:	D:
12720	13931	+	3	1.357184	I:	D:
14277	15329	-	3	1.339220	I:	D:
15372	15980	-	3	1.316534	I:	D:
16149	16385	+	3	1.316980	I:	D:
16401	17489	+	3	1.358804	I:	D:
17690	18844	+	2	1.351893	I:	D:
18869	19246	+	2	1.334698	I:	D:
19357	22347	+	1	1.305236	I:	D:
22359	23981	+	3	1.314764	I:	D:
23984	25564	+	2	1.302893	I:	D:
25566	26402	+	3	1.295796	I:	D:
26794	27252	-	1	1.324547	I:	D:
27252	28226	-	3	1.331178	I:	D:
28420	28752	+	1	1.331142	I:	D:
28832	31570	+	2	1.335248	I:	D:
31917	32831	+	3	1.293781	I:	D:
33001	33354	-	1	1.364382	I:	D:
33602	34558	+	2	1.324207	I:	D:
34558	35262	+	1	1.317100	I:	D:
35276	36883	+	2	1.323051	I:	D:
36883	38421	+	1	1.325692	I:	D:
38604	39344	+	3	1.320585	I:	D:
39492	39635	+	3	1.295622	I:	D:
39650	40276	-	2	1.330263	I:	D:
40470	41954	+	3	1.328132	I:	D:
42251	43918	-	2	1.335920	I:	D:
44079	44774	-	3	1.345340	I:	D:
45116	45850	-	2	1.343866	I:	D:
45990	46535	+	3	1.325083	I:	D:
46662	48164	+	3	1.321944	I:	D:
48169	50535	+	1	1.334447	I:	D:
50972	51451	-	2	1.326314	I:	D:
51471	52736	-	3	1.333969	I:	D:
52845	53498	+	3	1.344043	I:	D:
53587	54516	+	1	1.336653	I:	D:
54531	55379	+	3	1.333167	I:	D:
55445	56281	-	2	1.335555	I:	D:
56419	57231	+	1	1.348377	I:	D:
57389	58231	+	2	1.288360	I:	D:
58636	59784	+	1	1.322244	I:	D:
60083	60640	+	2	1.305134	I:	D:
60731	61888	-	2	1.350698	I:	D:
62282	62470	-	2	1.381652	I:	D:
>Y5.M012_5
67	336	-	1	1.267610	I:	D:
470	754	-	2	1.263955	I:	D:
729	1154	+	3	1.243590	I:	D:
1186	1410	+	1	1.246639	I:	D:
1438	2118	+	1	1.323855	I:	D:
2108	2350	+	2	1.320499	I:	D:
2411	2581	-	2	1.399043	I:	D:
2725	2928	+	1	1.265744	I:	D:
3006	4196	+	3	1.331476	I:	D:
4533	4700	+	3	1.307102	I:	D:
4690	5151	+	1	1.337895	I:	D:
5302	6150	-	1	1.316883	I:	D:
6160	7173	-	1	1.335114	I:	D:
7396	8361	+	1	1.356618	I:	D:
8382	9599	+	3	1.322651	I:	D:
9657	9962	-	3	1.313324	I:	D:
9966	11219	-	3	1.324178	I:	D:
11223	11603	-	3	1.316553	I:	D:
11900	12613	-	2	1.354632	I:	D:
12615	13310	-	3	1.311976	I:	D:
13352	13549	+	2	1.359794	I:	D:
13711	14226	+	1	1.333800	I:	D:
14254	14442	+	1	1.362627	I:	D:
14584	15906	+	1	1.339351	I:	D:
15911	17233	+	2	1.342240	I:	D:
17233	17958	+	1	1.334739	I:	D:
18072	18413	+	3	1.326831	I:	D:
18429	18965	+	3	1.322477	I:	D:
19188	19331	-	3	1.247939	I:	D:
19333	20484	+	1	1.288800	I:	D:
20517	21044	+	3	1.297230	I:	D:
21057	23297	+	3	1.342872	I:	D:
23299	24342	+	1	1.328154	I:	D:
24342	24920	+	3	1.311394	I:	D:
24988	25380	+	1	1.408460	I:	D:
25427	26707	-	2	1.322894	I:	D:
26898	27788	+	3	1.320589	I:	D:
27933	28892	+	3	1.342402	I:	D:
28905	31670	+	3	1.332799	I:	D:
31702	33615	+	1	1.356164	I:	D:
33746	34507	+	2	1.341794	I:	D:
34581	35807	+	3	1.329794	I:	D:
35841	36278	+	3	1.327116	I:	D:
36418	36852	-	1	1.353933	I:	D:
36963	38795	-	3	1.361162	I:	D:
38809	39879	-	1	1.338145	I:	D:
39953	40225	+	2	1.357342	I:	D:
40235	41413	+	2	1.326776	I:	D:
41495	42268	+	2	1.349554	I:	D:
42490	44136	+	1	1.322579	I:	D:
44211	46256	+	3	1.355710	I:	D:
46284	47636	+	3	1.342442	I:	D:
47736	48194	+	3	1.334169	I:	D:
48563	49069	+	2	1.301220	I:	D:
49090	49524	+	1	1.354420	I:	D:
49544	50017	+	2	1.318471	I:	D:
50160	51188	-	3	1.338742	I:	D:
51786	53141	+	3	1.260903	I:	D:
53146	53847	+	1	1.269012	I:	D:
53934	54278	+	3	1.300664	I:	D:
54414	54875	+	3	1.332319	I:	D:
54996	55688	+	3	1.269871	I:	D:
55692	56531	+	3	1.298742	I:	D:
56521	57222	+	1	1.312710	I:	D:
57219	58055	+	3	1.318520	I:	D:
58070	58726	+	2	1.297870	I:	D:
58710	59288	+	3	1.258355	I:	D:
59403	59678	-	3	1.346686	I:	D:
60140	60361	-	2	1.363711	I:	D:
60699	60830	+	3	1.330467	I:	D:
60944	62299	-	2	1.343853	I:	D:
62800	63237	+	1	1.316156	I:	D:
63412	64755	+	1	1.297318	I:	D:
64772	65440	+	2	1.320511	I:	D:
65442	66647	+	3	1.307527	I:	D:
66946	69030	-	1	1.345405	I:	D:
69247	71001	-	1	1.311760	I:	D:
71112	71603	+	3	1.339389	I:	D:
71765	72772	-	2	1.348059	I:	D:
72757	72945	-	1	1.292033	I:	D:
72967	73332	+	1	1.356699	I:	D:
73444	73983	+	1	1.336407	I:	D:
73986	74588	+	3	1.349124	I:	D:
74592	75680	+	3	1.359010	I:	D:
75714	77147	+	3	1.340195	I:	D:
77147	78010	+	2	1.380204	I:	D:
78014	78859	+	2	1.352498	I:	D:
78856	79725	+	1	1.331791	I:	D:
79719	80531	+	3	1.348482	I:	D:
80501	81301	+	2	1.371960	I:	D:
81301	82596	+	1	1.352122	I:	D:
82602	83276	+	3	1.311534	I:	D:
83277	83918	+	3	1.335031	I:	D:
84021	86360	+	3	1.343430	I:	D:
86519	86668	+	2	1.347098	I:	D:
86713	87591	-	1	1.339703	I:	D:
87591	88469	-	3	1.341180	I:	D:
88556	89920	-	2	1.317128	I:	D:
90239	91108	+	2	1.333993	I:	D:
91799	92191	+	2	1.339901	I:	D:
92331	92594	+	3	1.371243	I:	D:
92821	95040	+	1	1.341999	I:	D:
95239	95460	-	1	1.262561	I:	D:
95476	95736	-	1	1.264446	I:	D:
95957	97123	+	2	1.329655	I:	D:
97327	97476	+	1	1.269939	I:	D:
97730	98218	+	2	1.317017	I:	D:
98370	100418	+	3	1.331881	I:	D:
100426	101661	+	1	1.335482	I:	D:
102117	102587	-	3	1.317816	I:	D:
102587	103258	-	2	1.306829	I:	D:
103393	104235	+	1	1.351371	I:	D:
104240	105514	+	2	1.336783	I:	D:
105714	106256	-	3	1.351412	I:	D:
106539	107201	+	3	1.340989	I:	D:
107445	108767	+	3	1.331182	I:	D:
108764	109618	+	2	1.338220	I:	D:
109621	109902	+	1	1.292072	I:	D:
110108	112705	+	2	1.330360	I:	D:
112826	113047	+	2	1.287825	I:	D:
113110	113316	+	1	1.366689	I:	D:
113510	114058	+	2	1.312084	I:	D:
114185	114424	-	2	1.327031	I:	D:
114511	115356	+	1	1.346534	I:	D:
115405	116370	-	1	1.306652	I:	D:
116921	118444	+	2	1.359350	I:	D:
118458	119936	+	3	1.343430	I:	D:
120108	120530	+	3	1.304162	I:	D:
120562	121800	+	1	1.339555	I:	D:
122056	122787	+	1	1.337232	I:	D:
122797	123519	+	1	1.324395	I:	D:
123745	125025	+	1	1.340812	I:	D:
125053	125223	+	1	1.274449	I:	D:
125276	126697	+	2	1.317117	I:	D:
126690	127715	+	3	1.337023	I:	D:
127834	128820	+	1	1.318017	I:	D:
128820	129566	+	3	1.355760	I:	D:
129559	130395	+	1	1.366842	I:	D:
130399	130779	-	1	1.282685	I:	D:
130784	131500	-	2	1.324256	I:	D:
131534	132988	+	2	1.366711	I:	D:
132988	134055	+	1	1.342751	I:	D:
134048	134638	+	2	1.283107	I:	D:
134813	135781	+	2	1.346376	I:	D:
135850	136755	+	1	1.336920	I:	D:
136775	137638	+	2	1.345922	I:	D:
137648	138583	+	2	1.345445	I:	D:
138573	138797	+	3	1.303060	I:	D:
138790	139665	+	1	1.337340	I:	D:
139705	141576	+	1	1.343850	I:	D:
141578	142384	+	2	1.319042	I:	D:
142397	143254	+	2	1.322580	I:	D:
143254	143700	+	1	1.344063	I:	D:
143715	145382	+	3	1.308283	I:	D:
145419	147461	+	3	1.347227	I:	D:
147461	149659	+	2	1.331432	I:	D:
149675	150130	+	2	1.321545	I:	D:
150127	150753	+	1	1.335732	I:	D:
150755	152194	+	2	1.341153	I:	D:
152341	152736	+	1	1.297709	I:	D:
152761	154617	+	1	1.334951	I:	D:
154687	155496	+	1	1.313266	I:	D:
155513	155788	+	2	1.297390	I:	D:
155863	156105	+	1	1.309203	I:	D:
156238	156399	-	1	1.326833	I:	D:
156484	156630	+	1	1.264733	I:	D:
156687	156959	+	3	1.336543	I:	D:
156968	157528	+	2	1.326876	I:	D:
157434	157808	+	3	1.261265	I:	D:
157845	158336	+	3	1.344142	I:	D:
158363	158899	+	2	1.308800	I:	D:
158996	160111	+	2	1.330518	I:	D:
160181	161158	+	2	1.304533	I:	D:
161242	161820	+	1	1.316949	I:	D:
161882	163867	+	2	1.324035	I:	D:
163909	164418	+	1	1.261314	I:	D:
164533	165483	+	1	1.365854	I:	D:
165473	165967	+	2	1.320499	I:	D:
165976	166170	+	1	1.354838	I:	D:
166172	166561	+	2	1.367477	I:	D:
166571	167689	+	2	1.372288	I:	D:
167686	168159	+	1	1.331640	I:	D:
168163	168612	+	1	1.290966	I:	D:
168627	169169	+	3	1.321697	I:	D:
169345	169782	+	1	1.320704	I:	D:
169782	171089	+	3	1.335531	I:	D:
171203	171682	+	2	1.315703	I:	D:
171684	172634	+	3	1.340484	I:	D:
172615	173829	+	1	1.333903	I:	D:
173831	177355	+	2	1.338930	I:	D:
177529	178533	+	1	1.333731	I:	D:
178610	179575	+	2	1.335544	I:	D:
179578	180381	+	1	1.340280	I:	D:
180408	180614	+	3	1.349679	I:	D:
181008	188195	+	3	1.294096	I:	D:
188213	188359	+	2	1.242015	I:	D:
188419	189285	+	1	1.301492	I:	D:
189340	190053	+	1	1.321699	I:	D:
190101	191126	-	3	1.329866	I:	D:
191160	191294	-	3	1.272785	I:	D:
191395	192507	+	1	1.319106	I:	D:
192799	193026	-	1	1.384025	I:	D:
193221	194987	+	3	1.315711	I:	D:
195035	195358	+	2	1.281791	I:	D:
195440	195763	+	2	1.350631	I:	D:
195875	196537	-	2	1.312884	I:	D:
196566	197945	-	3	1.324427	I:	D:
197964	199718	-	3	1.326966	I:	D:
199761	200357	-	3	1.269023	I:	D:
200397	200705	-	3	1.317172	I:	D:
200742	201167	-	3	1.326169	I:	D:
201189	203123	-	3	1.324953	I:	D:
203160	204194	-	3	1.343293	I:	D:
204233	204544	-	2	1.261663	I:	D:
204565	205926	-	1	1.335970	I:	D:
205960	206229	-	1	1.306382	I:	D:
206388	207209	+	3	1.327658	I:	D:
207348	208220	-	3	1.304712	I:	D:
208292	209335	-	2	1.330444	I:	D:
209526	210650	+	3	1.309600	I:	D:
210684	211895	+	3	1.323521	I:	D:
212099	212371	-	2	1.329567	I:	D:
212626	213678	+	1	1.307864	I:	D:
213692	214678	+	2	1.348925	I:	D:
215073	215537	+	3	1.295309	I:	D:
215609	217858	+	2	1.325327	I:	D:
217860	219080	+	3	1.329027	I:	D:
219177	220037	+	3	1.362522	I:	D:
220081	221445	-	1	1.316352	I:	D:
221598	222989	+	3	1.304231	I:	D:
222998	224026	+	2	1.316622	I:	D:
224019	225068	+	3	1.316227	I:	D:
225069	225842	+	3	1.344039	I:	D:
225848	227107	+	2	1.330376	I:	D:
227324	228172	-	2	1.312811	I:	D:
228225	228686	-	3	1.333302	I:	D:
228679	229734	-	1	1.312491	I:	D:
229976	230116	+	2	1.365211	I:	D:
230165	230680	+	2	1.316231	I:	D:
230698	231375	+	1	1.304220	I:	D:
231659	232381	+	2	1.310324	I:	D:
232462	233928	+	1	1.335142	I:	D:
233946	235382	+	3	1.325639	I:	D:
235467	236744	+	3	1.326210	I:	D:
236812	238365	+	1	1.346827	I:	D:
238637	239074	+	2	1.266152	I:	D:
239156	239356	+	2	1.185418	I:	D:
239413	239880	+	1	1.316139	I:	D:
239946	240134	+	3	1.276034	I:	D:
240166	240513	+	1	1.329669	I:	D:
240518	241861	+	2	1.287767	I:	D:
241872	242048	+	3	1.322942	I:	D:
242090	242869	+	2	1.248339	I:	D:
242875	243081	+	1	1.291546	I:	D:
243074	244297	+	2	1.289740	I:	D:
244316	244468	-	2	1.312517	I:	D:
245190	246131	+	3	1.339814	I:	D:
246174	246953	+	3	1.335939	I:	D:
247536	248558	-	3	1.308666	I:	D:
248778	250253	+	3	1.310460	I:	D:
250255	251535	+	1	1.299476	I:	D:
251570	252562	+	2	1.300104	I:	D:
252573	254084	+	3	1.313006	I:	D:
254101	255168	+	1	1.321216	I:	D:
255451	255612	-	1	1.220633	I:	D:
256027	256377	+	1	1.296380	I:	D:
256442	256684	+	2	1.289151	I:	D:
256885	257481	+	1	1.241765	I:	D:
257680	258393	+	1	1.289939	I:	D:
258690	259547	+	3	1.293950	I:	D:
259677	260054	+	3	1.293804	I:	D:
260134	260391	+	1	1.283835	I:	D:
260524	261045	+	1	1.335295	I:	D:
261056	261322	+	2	1.308219	I:	D:
261747	263039	+	3	1.308701	I:	D:
263173	263469	+	1	1.284944	I:	D:
263488	263790	+	1	1.299812	I:	D:
263787	264053	+	3	1.264326	I:	D:
264107	264319	+	2	1.311310	I:	D:
264379	266106	+	1	1.315045	I:	D:
266110	267768	+	1	1.325556	I:	D:
267768	268118	+	3	1.350127	I:	D:
268252	269100	+	1	1.387666	I:	D:
269528	273532	+	2	1.303646	I:	D:
273536	274507	+	2	1.355082	I:	D:
274521	275414	+	3	1.329234	I:	D:
275442	276431	+	3	1.365402	I:	D:
276424	277200	+	1	1.333457	I:	D:
277215	277589	+	3	1.326480	I:	D:
277606	277986	+	1	1.331364	I:	D:
278276	278998	+	2	1.294553	I:	D:
279039	279272	+	3	1.326360	I:	D:
279521	280462	+	2	1.320850	I:	D:
280437	281294	+	3	1.307918	I:	D:
281304	282857	+	3	1.326388	I:	D:
282860	283432	+	2	1.268640	I:	D:
283442	283582	-	2	1.319063	I:	D:
283642	285030	+	1	1.328534	I:	D:
285045	285725	+	3	1.279711	I:	D:
286172	287467	+	2	1.345908	I:	D:
287550	287807	+	3	1.328464	I:	D:
287925	288641	+	3	1.247686	I:	D:
288634	289980	+	1	1.265594	I:	D:
290015	291337	+	2	1.292214	I:	D:
291714	292877	+	3	1.330217	I:	D:
293222	293668	+	2	1.288791	I:	D:
293691	294953	+	3	1.301936	I:	D:
294959	297250	+	2	1.315036	I:	D:
297238	298116	+	1	1.297488	I:	D:
298281	298757	+	3	1.338215	I:	D:
298768	298995	+	1	1.320230	I:	D:
299334	300422	+	3	1.329298	I:	D:
301021	302313	-	1	1.307417	I:	D:
302316	303023	-	3	1.291549	I:	D:
303382	303642	+	1	1.256870	I:	D:
303864	305627	+	3	1.293793	I:	D:
305647	306465	+	1	1.306764	I:	D:
306501	307097	+	3	1.307497	I:	D:
307210	307410	+	1	1.285900	I:	D:
307438	307587	+	1	1.308631	I:	D:
307749	309110	+	3	1.277187	I:	D:
309138	309266	+	3	1.232114	I:	D:
309424	310794	+	1	1.272391	I:	D:
310815	312158	+	3	1.271699	I:	D:
312169	313536	+	1	1.290802	I:	D:
313546	314409	+	1	1.319442	I:	D:
314420	315259	+	2	1.323783	I:	D:
315273	315695	+	3	1.298491	I:	D:
315692	316840	+	2	1.297278	I:	D:
316888	318150	-	1	1.309167	I:	D:
318652	321081	+	1	1.313230	I:	D:
321082	321951	+	1	1.295801	I:	D:
322268	323071	+	2	1.292241	I:	D:
323276	323944	+	2	1.285234	I:	D:
324127	324504	+	1	1.288926	I:	D:
324584	324841	+	2	1.283835	I:	D:
325041	325517	+	3	1.349011	I:	D:
325528	326433	+	1	1.312504	I:	D:
326513	328024	+	2	1.327467	I:	D:
328254	328751	+	3	1.312234	I:	D:
328748	330202	+	2	1.334213	I:	D:
330216	331253	+	3	1.305805	I:	D:
331253	331879	+	2	1.350683	I:	D:
331892	332608	+	2	1.332082	I:	D:
332626	333813	+	1	1.332418	I:	D:
333827	335092	+	2	1.312413	I:	D:
335129	335899	-	2	1.324865	I:	D:
336048	337079	-	3	1.300782	I:	D:
337246	339633	+	1	1.322078	I:	D:
339611	340957	+	2	1.312017	I:	D:
341010	341750	-	3	1.304710	I:	D:
341740	343266	-	1	1.313596	I:	D:
343314	344486	-	3	1.314385	I:	D:
344826	345035	+	3	1.378818	I:	D:
345166	347793	+	1	1.332113	I:	D:
347880	348062	+	3	1.321323	I:	D:
348231	349133	-	3	1.299520	I:	D:
349197	350792	-	3	1.327365	I:	D:
350789	352021	-	2	1.316372	I:	D:
352073	352549	-	2	1.322224	I:	D:
352746	353216	+	3	1.349113	I:	D:
353221	354630	+	1	1.329200	I:	D:
354673	355062	+	1	1.295846	I:	D:
355145	355645	+	2	1.342494	I:	D:
355658	357514	+	2	1.342152	I:	D:
357489	358148	+	3	1.331958	I:	D:
358157	358840	+	2	1.304004	I:	D:
359056	359958	+	1	1.319455	I:	D:
359971	360750	-	1	1.294730	I:	D:
360785	361036	-	2	1.333234	I:	D:
361224	361937	+	3	1.327655	I:	D:
361991	362545	+	2	1.321177	I:	D:
362547	363293	+	3	1.335223	I:	D:
363310	364140	+	1	1.359065	I:	D:
364147	365292	+	1	1.309544	I:	D:
365360	366745	+	2	1.310737	I:	D:
366764	367807	+	2	1.327468	I:	D:
367858	372216	+	1	1.326740	I:	D:
372229	373548	+	1	1.323573	I:	D:
373646	374812	+	2	1.331787	I:	D:
374837	375466	+	2	1.294610	I:	D:
375463	376755	+	1	1.314465	I:	D:
376772	377824	+	2	1.302458	I:	D:
377829	378407	+	3	1.338014	I:	D:
378407	379126	+	2	1.289991	I:	D:
379134	379448	+	3	1.315121	I:	D:
379462	379794	+	1	1.288737	I:	D:
379862	380122	-	2	1.247561	I:	D:
380220	381512	+	3	1.342138	I:	D:
382441	382824	+	1	1.338153	I:	D:
383025	383900	+	3	1.320245	I:	D:
383943	384158	+	3	1.319423	I:	D:
384801	386009	+	3	1.291885	I:	D:
386039	387247	+	2	1.318205	I:	D:
387380	388834	+	2	1.304742	I:	D:
389036	389506	+	2	1.355221	I:	D:
389507	389905	+	2	1.343688	I:	D:
390090	390992	+	3	1.325113	I:	D:
390999	391610	+	3	1.360056	I:	D:
391831	392163	-	1	1.370354	I:	D:
392156	392998	+	2	1.292689	I:	D:
393388	393684	+	1	1.279193	I:	D:
394028	394693	+	2	1.295485	I:	D:
394866	395018	+	3	1.354212	I:	D:
395299	395643	+	1	1.348258	I:	D:
395703	396275	+	3	1.299680	I:	D:
396293	396712	+	2	1.276328	I:	D:
396789	396941	+	3	1.327949	I:	D:
396992	398938	+	2	1.319846	I:	D:
399030	399308	-	3	1.323242	I:	D:
399301	399573	-	1	1.224134	I:	D:
399598	399822	-	1	1.281988	I:	D:
399826	399990	+	1	1.354078	I:	D:
400155	401876	-	3	1.315242	I:	D:
401912	404320	-	2	1.299046	I:	D:
404552	404944	-	2	1.343244	I:	D:
405009	405449	-	3	1.289773	I:	D:
405515	406645	-	2	1.343171	I:	D:
406663	407688	-	1	1.323953	I:	D:
407943	409028	+	3	1.331820	I:	D:
409048	409950	+	1	1.354841	I:	D:
409999	410763	+	1	1.308154	I:	D:
410893	411120	+	1	1.344202	I:	D:
411117	412283	+	3	1.342768	I:	D:
412359	413249	+	3	1.308348	I:	D:
413246	414505	+	2	1.325432	I:	D:
414560	415729	-	2	1.341106	I:	D:
415873	417540	+	1	1.317651	I:	D:
417509	417964	+	2	1.315931	I:	D:
417961	418671	+	1	1.327000	I:	D:
418668	419117	+	3	1.307180	I:	D:
419512	419760	+	1	1.328693	I:	D:
419896	420339	+	1	1.306311	I:	D:
420348	420977	+	3	1.293535	I:	D:
421022	422878	+	2	1.315017	I:	D:
422878	424611	+	1	1.313079	I:	D:
424715	426142	+	2	1.313876	I:	D:
426523	426738	-	1	1.389293	I:	D:
427043	427495	+	2	1.345064	I:	D:
427510	428232	+	1	1.322641	I:	D:
428406	429383	+	3	1.318120	I:	D:
429443	430543	-	2	1.307823	I:	D:
430750	432378	+	1	1.320746	I:	D:
432402	433805	+	3	1.316838	I:	D:
434032	435474	+	1	1.326847	I:	D:
436026	436235	-	3	1.326046	I:	D:
436341	438254	-	3	1.343952	I:	D:
438270	438506	-	3	1.311012	I:	D:
438850	440862	+	1	1.315970	I:	D:
440889	441818	+	3	1.327822	I:	D:
441821	442711	+	2	1.344437	I:	D:
442684	445344	+	1	1.336397	I:	D:
445540	446949	+	1	1.325293	I:	D:
447032	447904	-	2	1.296771	I:	D:
447933	448073	-	3	1.289176	I:	D:
448096	448806	+	1	1.295693	I:	D:
448825	450192	+	1	1.346112	I:	D:
450881	451864	-	2	1.296435	I:	D:
452152	453483	-	1	1.320432	I:	D:
453824	454105	+	2	1.306775	I:	D:
454169	454861	-	2	1.344889	I:	D:
454955	456253	-	2	1.302693	I:	D:
456259	456861	-	1	1.297443	I:	D:
456876	459287	-	3	1.307313	I:	D:
459352	460692	-	1	1.307755	I:	D:
460708	461289	-	1	1.316055	I:	D:
461344	462624	-	1	1.283384	I:	D:
462715	463404	-	1	1.307797	I:	D:
463404	464912	-	3	1.309714	I:	D:
464955	465893	-	3	1.326174	I:	D:
465906	466268	-	3	1.231697	I:	D:
466265	466870	-	2	1.310905	I:	D:
466873	467745	-	1	1.303242	I:	D:
467773	468348	-	1	1.289194	I:	D:
468453	469139	-	3	1.311416	I:	D:
469200	469547	-	3	1.321795	I:	D:
469752	470672	-	3	1.310115	I:	D:
470665	471165	-	1	1.325637	I:	D:
471210	473975	-	3	1.331287	I:	D:
474013	474687	-	1	1.279444	I:	D:
474701	475363	-	2	1.313546	I:	D:
475434	475901	-	3	1.287919	I:	D:
475920	476633	-	3	1.296094	I:	D:
476611	477894	-	1	1.307258	I:	D:
477887	478837	-	2	1.304233	I:	D:
478842	480959	-	3	1.299430	I:	D:
480978	483575	-	3	1.317226	I:	D:
483612	484019	-	3	1.308203	I:	D:
484035	485438	-	3	1.322552	I:	D:
485527	486180	-	1	1.336472	I:	D:
486228	486716	-	3	1.287257	I:	D:
486737	487294	-	2	1.310228	I:	D:
487399	488490	-	1	1.309327	I:	D:
488490	488939	-	3	1.304122	I:	D:
488994	489170	-	3	1.308829	I:	D:
489301	491712	-	1	1.320263	I:	D:
491730	492083	-	3	1.306269	I:	D:
492080	492667	-	2	1.299976	I:	D:
492673	493275	-	1	1.323138	I:	D:
493278	493580	-	3	1.286705	I:	D:
493599	494195	-	3	1.300970	I:	D:
494201	495115	-	2	1.287828	I:	D:
495135	498710	-	3	1.295294	I:	D:
498721	499566	-	1	1.288168	I:	D:
499709	500386	-	2	1.300724	I:	D:
500421	501410	-	3	1.305182	I:	D:
501412	502719	-	1	1.326808	I:	D:
502720	504810	-	1	1.313703	I:	D:
504892	506151	-	1	1.322068	I:	D:
506148	506930	-	3	1.326753	I:	D:
507003	507353	-	3	1.314689	I:	D:
507396	507593	-	3	1.307188	I:	D:
507617	508186	-	2	1.293524	I:	D:
508493	509404	-	2	1.304377	I:	D:
509461	510183	-	1	1.307608	I:	D:
510402	511439	-	3	1.348865	I:	D:
511694	512014	-	2	1.365837	I:	D:
512111	512983	+	2	1.322982	I:	D:
513012	513182	+	3	1.343483	I:	D:
513250	514053	+	1	1.334918	I:	D:
514064	514765	+	2	1.323716	I:	D:
514847	515179	-	2	1.264838	I:	D:
515268	516056	-	3	1.320879	I:	D:
516059	517693	-	2	1.305109	I:	D:
517793	518767	-	2	1.328209	I:	D:
519104	520057	+	2	1.334721	I:	D:
520188	521633	+	3	1.310446	I:	D:
521826	524675	+	3	1.337272	I:	D:
524896	526617	+	1	1.315971	I:	D:
528279	528851	+	3	1.304029	I:	D:
529007	530890	-	2	1.316270	I:	D:
530914	531993	-	1	1.318687	I:	D:
531983	532723	-	2	1.321723	I:	D:
533115	534203	+	3	1.337079	I:	D:
534214	534804	+	1	1.309913	I:	D:
534848	538408	-	2	1.323698	I:	D:
538408	541746	-	1	1.317832	I:	D:
541850	542452	-	2	1.313294	I:	D:
542526	543395	-	3	1.343412	I:	D:
543399	544577	-	3	1.334646	I:	D:
544574	545056	-	2	1.318209	I:	D:
545247	545747	-	3	1.336338	I:	D:
545773	547683	-	1	1.340862	I:	D:
547768	549270	-	1	1.346768	I:	D:
549295	549975	-	1	1.327382	I:	D:
550362	550751	+	3	1.250758	I:	D:
551054	552016	+	2	1.342877	I:	D:
552034	553716	+	1	1.336960	I:	D:
553738	554604	-	1	1.341676	I:	D:
554710	555930	-	1	1.307794	I:	D:
555914	556414	-	2	1.337638	I:	D:
556401	556664	-	3	1.277569	I:	D:
556819	558447	-	1	1.307360	I:	D:
558476	558760	-	2	1.305238	I:	D:
559027	560730	-	1	1.336090	I:	D:
560775	560945	-	3	1.357838	I:	D:
560971	561621	-	1	1.353684	I:	D:
561603	562490	-	3	1.345876	I:	D:
562501	564615	-	1	1.329204	I:	D:
564625	565350	-	1	1.327675	I:	D:
565352	566395	-	2	1.328182	I:	D:
566392	567732	-	1	1.347727	I:	D:
567751	568455	-	1	1.342241	I:	D:
568498	569415	-	1	1.343208	I:	D:
569431	569907	-	1	1.324716	I:	D:
569924	572371	-	2	1.348389	I:	D:
572361	572567	-	3	1.267241	I:	D:
572613	573194	-	3	1.337447	I:	D:
573184	573441	-	1	1.336487	I:	D:
573451	574335	-	1	1.323467	I:	D:
574566	575300	+	3	1.306133	I:	D:
575426	576013	-	2	1.335735	I:	D:
576139	577464	-	1	1.333942	I:	D:
577536	579506	-	3	1.329988	I:	D:
579487	580122	-	1	1.336712	I:	D:
580122	580790	-	3	1.335267	I:	D:
580832	582073	-	2	1.351755	I:	D:
582060	582995	-	3	1.316772	I:	D:
583121	583789	+	2	1.316392	I:	D:
583792	584547	+	1	1.334710	I:	D:
584631	586835	-	3	1.328222	I:	D:
587076	587894	-	3	1.302722	I:	D:
587891	588088	-	2	1.315657	I:	D:
588106	589812	-	1	1.336351	I:	D:
590048	591112	+	2	1.363918	I:	D:
591164	592057	-	2	1.330210	I:	D:
592062	592463	-	3	1.322607	I:	D:
592486	593757	-	1	1.325084	I:	D:
593892	594176	-	3	1.322146	I:	D:
594181	594498	-	1	1.322012	I:	D:
594501	594809	-	3	1.324186	I:	D:
594945	595796	-	3	1.347465	I:	D:
595750	596604	-	1	1.354699	I:	D:
596607	597884	-	3	1.306558	I:	D:
597899	599164	-	2	1.312997	I:	D:
599570	603679	-	2	1.357979	I:	D:
603705	605438	-	3	1.325014	I:	D:
605435	606037	-	2	1.339807	I:	D:
606137	607279	-	2	1.354643	I:	D:
607276	607953	-	1	1.349704	I:	D:
608070	608246	+	3	1.359408	I:	D:
608239	609225	+	1	1.372441	I:	D:
609231	610196	+	3	1.305816	I:	D:
610526	611338	-	2	1.299311	I:	D:
611427	611573	+	3	1.252770	I:	D:
611617	611970	+	1	1.311757	I:	D:
611960	612337	+	2	1.314944	I:	D:
612419	613606	-	2	1.293126	I:	D:
613655	614317	-	2	1.277517	I:	D:
614322	614744	-	3	1.275814	I:	D:
614754	615278	-	3	1.296527	I:	D:
615288	615473	-	3	1.235449	I:	D:
615474	615989	-	3	1.279533	I:	D:
615989	616552	-	2	1.272072	I:	D:
616731	617156	-	3	1.283471	I:	D:
617146	618363	-	1	1.340979	I:	D:
618344	619429	-	2	1.312658	I:	D:
619440	620846	-	3	1.331646	I:	D:
620860	621621	-	1	1.304950	I:	D:
621775	622212	+	1	1.316785	I:	D:
622344	622940	+	3	1.291076	I:	D:
623009	623239	-	2	1.364237	I:	D:
623340	623591	-	3	1.310586	I:	D:
623717	625960	-	2	1.325267	I:	D:
625977	627962	-	3	1.329445	I:	D:
627978	629945	-	3	1.332678	I:	D:
630098	630805	-	2	1.336885	I:	D:
630892	631569	-	1	1.314529	I:	D:
631772	632602	-	2	1.286451	I:	D:
632859	633161	-	3	1.320148	I:	D:
632892	634166	+	3	1.339378	I:	D:
634230	634463	+	3	1.363378	I:	D:
634476	635348	+	3	1.344274	I:	D:
635408	635914	-	2	1.327026	I:	D:
635930	636580	-	2	1.319224	I:	D:
636577	637527	-	1	1.312149	I:	D:
637542	638264	-	3	1.346048	I:	D:
638282	639082	-	2	1.324374	I:	D:
639110	641521	-	2	1.354779	I:	D:
641558	642115	-	2	1.324126	I:	D:
642117	642722	-	3	1.370971	I:	D:
642715	643578	-	1	1.328006	I:	D:
643804	644370	+	1	1.308830	I:	D:
644659	644814	+	1	1.386545	I:	D:
645089	645724	-	2	1.308104	I:	D:
645829	646002	+	1	1.283693	I:	D:
646301	646585	+	2	1.362489	I:	D:
646820	647794	-	2	1.326911	I:	D:
647807	649441	-	2	1.340444	I:	D:
649443	649673	-	3	1.279044	I:	D:
649675	650853	-	1	1.317289	I:	D:
650850	652370	-	3	1.344381	I:	D:
652540	653874	-	1	1.307367	I:	D:
653871	654578	-	3	1.334711	I:	D:
654892	655374	+	1	1.305126	I:	D:
655447	655665	-	1	1.241022	I:	D:
655668	656585	-	3	1.313109	I:	D:
656679	658577	-	3	1.327397	I:	D:
658580	660328	-	2	1.317950	I:	D:
660346	660828	-	1	1.289889	I:	D:
661052	661792	-	2	1.306910	I:	D:
661832	662794	-	2	1.352013	I:	D:
662825	663592	-	2	1.319817	I:	D:
663592	664236	-	1	1.322039	I:	D:
664284	664931	-	3	1.335666	I:	D:
665108	665587	-	2	1.274298	I:	D:
665657	666184	-	2	1.294650	I:	D:
666232	666669	-	1	1.275733	I:	D:
666674	668044	-	2	1.339612	I:	D:
668328	669728	+	3	1.340139	I:	D:
669850	670971	-	1	1.297018	I:	D:
671161	673119	+	1	1.323307	I:	D:
673120	673836	+	1	1.273542	I:	D:
673949	675652	-	2	1.336846	I:	D:
675924	676400	-	3	1.275522	I:	D:
676428	677321	-	3	1.346576	I:	D:
677330	679177	-	2	1.336239	I:	D:
679458	681389	+	3	1.338903	I:	D:
681391	682599	+	1	1.337560	I:	D:
682628	683260	+	2	1.330535	I:	D:
683400	686579	-	3	1.335513	I:	D:
686647	689514	-	1	1.340821	I:	D:
689865	691121	-	3	1.337263	I:	D:
691300	691605	+	1	1.358958	I:	D:
691660	692031	-	1	1.323108	I:	D:
692041	693150	-	1	1.330258	I:	D:
693166	694932	-	1	1.344118	I:	D:
695076	695705	-	3	1.318279	I:	D:
695808	696011	-	3	1.306917	I:	D:
696101	696895	-	2	1.353183	I:	D:
696923	698875	-	2	1.332531	I:	D:
699195	700508	-	3	1.321879	I:	D:
700744	701358	+	1	1.334621	I:	D:
701659	701865	-	1	1.261653	I:	D:
702042	702170	-	3	1.253119	I:	D:
702186	703625	+	3	1.334661	I:	D:
703663	703845	-	1	1.281298	I:	D:
704061	704840	-	3	1.377603	I:	D:
704833	705069	-	1	1.298386	I:	D:
705074	705340	-	2	1.288121	I:	D:
705448	708267	-	1	1.342150	I:	D:
708380	710404	-	2	1.328715	I:	D:
710482	711018	-	1	1.303618	I:	D:
711021	712349	-	3	1.341571	I:	D:
712342	713715	-	1	1.352123	I:	D:
713731	714177	-	1	1.295748	I:	D:
714194	716149	-	2	1.350343	I:	D:
716202	718106	-	3	1.337807	I:	D:
718285	718440	+	1	1.317559	I:	D:
718633	719070	+	1	1.343804	I:	D:
719100	720287	+	3	1.341166	I:	D:
720357	720788	+	3	1.337795	I:	D:
720878	721228	+	2	1.319777	I:	D:
721481	722203	-	2	1.322439	I:	D:
722216	723286	-	2	1.339717	I:	D:
723388	724026	-	1	1.356774	I:	D:
724209	724892	+	3	1.332407	I:	D:
725005	725361	-	1	1.352694	I:	D:
725456	725977	-	2	1.349964	I:	D:
726076	727470	-	1	1.302588	I:	D:
727560	727739	+	3	1.357875	I:	D:
727857	728432	-	3	1.285047	I:	D:
728647	729519	-	1	1.359763	I:	D:
729524	730066	-	2	1.311229	I:	D:
730082	730216	+	2	1.255635	I:	D:
730463	731515	+	2	1.353194	I:	D:
731531	733900	+	2	1.331442	I:	D:
734103	734348	+	3	1.293203	I:	D:
734365	734670	+	1	1.305319	I:	D:
734859	734990	-	3	1.270691	I:	D:
735050	735226	-	2	1.339359	I:	D:
735309	735581	-	3	1.294809	I:	D:
735768	738263	-	3	1.321514	I:	D:
738272	738577	-	2	1.341581	I:	D:
738785	739054	+	2	1.263405	I:	D:
739122	739325	+	3	1.300553	I:	D:
739411	739650	-	1	1.347555	I:	D:
739696	740196	-	1	1.343322	I:	D:
740236	740532	-	1	1.291244	I:	D:
740643	741257	-	3	1.314843	I:	D:
741373	742314	-	1	1.320820	I:	D:
742342	743643	-	1	1.322431	I:	D:
744101	744544	-	2	1.345980	I:	D:
744684	746078	-	3	1.325473	I:	D:
746296	746991	+	1	1.318402	I:	D:
747014	747223	-	2	1.334938	I:	D:
748041	748616	-	3	1.307036	I:	D:
748904	749542	+	2	1.315308	I:	D:
749630	749992	-	2	1.289191	I:	D:
750119	750268	-	2	1.301242	I:	D:
750269	750496	+	2	1.413281	I:	D:
>Y5.M012_6
1	411	-	1	1.338837	I:	D:
389	787	-	2	1.340605	I:	D:
902	1408	-	2	1.312216	I:	D:
1424	1921	-	2	1.350712	I:	D:
2235	2507	-	3	1.225893	I:	D:
2525	3055	-	2	1.259637	I:	D:
3098	3319	-	2	1.286483	I:	D:
3461	4663	-	2	1.336002	I:	D:
4847	6241	-	2	1.353419	I:	D:
6338	6751	-	2	1.314170	I:	D:
6852	7235	-	3	1.340988	I:	D:
7251	7577	-	3	1.287721	I:	D:
7816	10938	-	1	1.311819	I:	D:
11441	12367	+	2	1.347785	I:	D:
12370	13332	+	1	1.352097	I:	D:
13329	15473	+	3	1.337250	I:	D:
15558	15740	-	3	1.284636	I:	D:
15829	16347	-	1	1.283895	I:	D:
16485	16958	+	3	1.317514	I:	D:
16968	17414	+	3	1.326713	I:	D:
17530	18441	+	1	1.317867	I:	D:
18479	19375	+	2	1.346830	I:	D:
19431	20543	-	3	1.309884	I:	D:
20644	21540	-	1	1.335203	I:	D:
21572	22093	-	2	1.315594	I:	D:
22106	22645	-	2	1.324421	I:	D:
22707	23696	-	3	1.345306	I:	D:
23772	24338	+	3	1.343305	I:	D:
24815	28552	+	2	1.286804	I:	D:
29747	29950	-	2	1.370754	I:	D:
30222	31148	-	3	1.299831	I:	D:
31161	31619	-	3	1.326154	I:	D:
31698	32300	-	3	1.360922	I:	D:
32303	32653	-	2	1.309166	I:	D:
32673	34427	-	3	1.350176	I:	D:
35033	36415	-	2	1.330692	I:	D:
36487	36699	+	1	1.345545	I:	D:
36741	37415	-	3	1.338477	I:	D:
37467	37688	-	3	1.331209	I:	D:
37693	38298	-	1	1.342460	I:	D:
38367	39617	-	3	1.343525	I:	D:
39635	40234	-	2	1.326897	I:	D:
40491	40685	+	3	1.315974	I:	D:
40924	42249	+	1	1.343323	I:	D:
42252	42974	+	3	1.309595	I:	D:
42981	45194	+	3	1.346557	I:	D:
45178	45840	+	1	1.380483	I:	D:
45857	46873	+	2	1.338285	I:	D:
47084	47653	-	2	1.286878	I:	D:
47828	51013	-	2	1.346720	I:	D:
51338	51595	-	2	1.356475	I:	D:
51571	52995	+	1	1.342314	I:	D:
52999	53790	+	1	1.342759	I:	D:
53790	54596	+	3	1.350174	I:	D:
54629	55717	+	2	1.327823	I:	D:
56094	56915	+	3	1.343678	I:	D:
56928	57674	+	3	1.315558	I:	D:
57746	58840	+	2	1.346173	I:	D:
58840	60717	+	1	1.351445	I:	D:
61811	62044	+	2	1.310883	I:	D:
62058	63146	+	3	1.292775	I:	D:
63420	65078	-	3	1.323181	I:	D:
65126	65290	-	2	1.262779	I:	D:
65308	66774	-	1	1.313907	I:	D:
66774	67196	-	3	1.335647	I:	D:
67309	68523	-	1	1.330706	I:	D:
68553	69701	+	3	1.290503	I:	D:
69712	70521	+	1	1.315810	I:	D:
70656	71099	+	3	1.323042	I:	D:
71111	71554	+	2	1.296538	I:	D:
71566	72075	+	1	1.285996	I:	D:
72078	72221	+	3	1.294236	I:	D:
72218	72838	+	2	1.300142	I:	D:
72879	73526	+	3	1.279419	I:	D:
73620	74111	+	3	1.309690	I:	D:
74101	74868	+	1	1.338362	I:	D:
74903	75340	+	2	1.296842	I:	D:
75345	76157	+	3	1.308847	I:	D:
76184	76957	+	2	1.309104	I:	D:
77110	79290	+	1	1.287659	I:	D:
79680	80486	-	3	1.368834	I:	D:
80585	81082	+	2	1.309525	I:	D:
81152	81358	-	2	1.310366	I:	D:
81361	81612	-	1	1.289173	I:	D:
81613	81864	-	1	1.334885	I:	D:
81886	84210	-	1	1.324533	I:	D:
84194	85381	-	2	1.308105	I:	D:
85398	85799	-	3	1.337628	I:	D:
85813	88734	-	1	1.326389	I:	D:
88860	89576	-	3	1.292307	I:	D:
89676	89933	-	3	1.325845	I:	D:
89981	90298	-	2	1.292348	I:	D:
90321	90764	-	3	1.341669	I:	D:
90769	91161	-	1	1.346682	I:	D:
91158	91544	-	3	1.355951	I:	D:
91544	91945	-	2	1.365455	I:	D:
91953	92282	-	3	1.309129	I:	D:
92287	92517	-	1	1.241557	I:	D:
92534	93427	-	2	1.310152	I:	D:
93446	94039	-	2	1.322950	I:	D:
94171	94377	-	1	1.304444	I:	D:
94475	94636	-	2	1.258356	I:	D:
94638	96332	-	3	1.320502	I:	D:
96325	97899	-	1	1.349507	I:	D:
97886	99250	-	2	1.352818	I:	D:
99243	99638	-	3	1.377169	I:	D:
99786	100151	-	3	1.391665	I:	D:
100148	100648	-	2	1.284028	I:	D:
100743	101159	-	3	1.281000	I:	D:
101667	101837	-	3	1.275998	I:	D:
101856	102014	-	3	1.292473	I:	D:
102015	102230	-	3	1.323672	I:	D:
102359	102577	-	2	1.345008	I:	D:
102574	102975	-	1	1.350665	I:	D:
102956	103204	-	2	1.294960	I:	D:
103502	105721	-	2	1.335531	I:	D:
105708	107318	-	3	1.339575	I:	D:
107318	107869	-	2	1.354852	I:	D:
107890	108987	-	1	1.348286	I:	D:
108987	109256	-	3	1.313896	I:	D:
109259	110590	-	2	1.324325	I:	D:
110653	110937	-	1	1.298476	I:	D:
110941	111180	-	1	1.314962	I:	D:
111193	111357	-	1	1.324775	I:	D:
111359	111703	-	2	1.307319	I:	D:
111935	112315	+	2	1.329590	I:	D:
112437	112997	+	3	1.323267	I:	D:
113180	113422	-	2	1.265647	I:	D:
113653	114345	+	1	1.265235	I:	D:
114605	114829	+	2	1.369654	I:	D:
115119	116156	+	3	1.348703	I:	D:
116186	116341	+	2	1.344576	I:	D:
116981	118642	-	2	1.317511	I:	D:
119212	119895	-	1	1.328111	I:	D:
120168	121772	+	3	1.344604	I:	D:
121776	122666	-	3	1.326569	I:	D:
122798	123190	+	2	1.346512	I:	D:
123216	123755	+	3	1.339123	I:	D:
123854	124012	+	2	1.356231	I:	D:
124077	124835	+	3	1.312906	I:	D:
125255	126370	-	2	1.338518	I:	D:
126500	128305	-	2	1.337085	I:	D:
128323	128697	-	1	1.332339	I:	D:
128857	129165	-	1	1.312784	I:	D:
129414	129698	-	3	1.277308	I:	D:
129742	129930	-	1	1.371107	I:	D:
129955	133938	-	1	1.300394	I:	D:
134719	134880	+	1	1.259021	I:	D:
135105	135329	+	3	1.283068	I:	D:
135719	136585	-	2	1.299210	I:	D:
136640	137524	-	2	1.303490	I:	D:
137609	138154	-	2	1.311730	I:	D:
138203	138364	-	2	1.307910	I:	D:
138912	139100	-	3	1.347864	I:	D:
139120	139266	-	1	1.416862	I:	D:
>Y5.M012_7
3	176	+	3	1.400393	I:	D:
426	1136	+	3	1.284827	I:	D:
1296	1721	+	3	1.289244	I:	D:
1946	2932	+	2	1.311728	I:	D:
3022	3666	+	1	1.330354	I:	D:
3720	5126	-	3	1.329558	I:	D:
5259	5750	-	3	1.302855	I:	D:
5768	7750	-	2	1.344721	I:	D:
7791	7976	-	3	1.342532	I:	D:
8006	9886	-	2	1.321023	I:	D:
10132	12222	+	1	1.338898	I:	D:
12367	13644	+	1	1.301766	I:	D:
13793	15055	+	2	1.321308	I:	D:
15169	15930	+	1	1.338800	I:	D:
15923	16834	+	2	1.334257	I:	D:
16890	17594	+	3	1.326969	I:	D:
17722	19704	+	1	1.332882	I:	D:
19860	20702	-	3	1.326892	I:	D:
20867	22369	-	2	1.338182	I:	D:
22827	23174	+	3	1.335671	I:	D:
23322	23681	+	3	1.262407	I:	D:
23774	24196	+	2	1.304906	I:	D:
24268	26151	+	1	1.324935	I:	D:
26278	26463	+	1	1.380808	I:	D:
26979	27113	+	3	1.358636	I:	D:
27761	28393	-	2	1.270367	I:	D:
>Y5.M012_8
1	132	+	1	1.277795	I:	D:
292	765	+	1	1.271293	I:	D:
1194	1706	-	3	1.377127	I:	D:
1723	2355	-	1	1.347001	I:	D:
2468	2704	+	2	1.330006	I:	D:
2774	3262	+	2	1.347184	I:	D:
3264	3860	+	3	1.337504	I:	D:
3939	4352	-	3	1.284273	I:	D:
4377	4592	-	3	1.318777	I:	D:
4655	4927	-	2	1.280745	I:	D:
5238	5804	+	3	1.315643	I:	D:
6064	8157	+	1	1.324162	I:	D:
8157	10586	+	3	1.319368	I:	D:
10852	11049	+	1	1.302925	I:	D:
11186	12586	-	2	1.302574	I:	D:
12712	14388	-	1	1.328050	I:	D:
14687	14944	-	2	1.315822	I:	D:
