>YB2_24
1	336	+	1	1.236750	I:	D:
544	1470	+	1	1.254202	I:	D:
1482	2339	+	3	1.258962	I:	D:
2631	3440	-	3	1.263103	I:	D:
3571	4134	+	1	1.252875	I:	D:
>YB2_50
1	570	+	1	1.225605	I:	D:
591	1088	+	3	1.293475	I:	D:
1093	2352	+	1	1.222693	I:	D:
2613	2939	+	3	1.252993	I:	D:
2940	3377	+	3	1.281855	I:	D:
3400	4074	+	1	1.314880	I:	D:
>YB2_220
1	450	+	1	1.228857	I:	D:
453	2807	+	3	1.228296	I:	D:
2809	3273	+	1	1.244836	I:	D:
3277	3882	+	1	1.231467	I:	D:
3899	4060	+	2	1.244561	I:	D:
>YB2_249
1	1434	-	1	1.245623	I:	D:
1599	2273	+	3	1.182389	I:	D:
2347	3186	-	1	1.277499	I:	D:
3186	4052	-	3	1.274327	I:	D:
>YB2_410
1	888	+	1	1.209310	I:	D:
997	1584	-	1	1.223345	I:	D:
1677	2234	-	3	1.255128	I:	D:
2573	3436	-	2	1.239605	I:	D:
3433	3936	-	1	1.217276	I:	D:
>YB2_418
253	1194	+	1	1.243865	I:	D:
1278	1523	-	3	1.268055	I:	D:
1633	2082	+	1	1.285633	I:	D:
2217	2567	+	3	1.260458	I:	D:
2631	3026	-	3	1.246162	I:	D:
3176	3733	-	2	1.241378	I:	D:
3763	3984	-	1	1.256411	I:	D:
>YB2_595
1	1110	-	1	1.262592	I:	D:
1222	1629	-	1	1.225289	I:	D:
1694	3085	-	2	1.257448	I:	D:
3192	3572	-	3	1.264502	I:	D:
3622	3924	-	1	1.240967	I:	D:
>YB2_690
635	1408	+	2	1.268107	I:	D:
1746	3113	+	3	1.263396	I:	D:
3162	3890	-	3	1.258306	I:	D:
>YB2_786
1	2004	+	1	1.189558	I:	D:
2373	3275	+	3	1.180304	I:	D:
3287	3859	+	2	1.196749	I:	D:
>YB2_864
133	705	-	1	1.215481	I:	D:
709	972	-	1	1.263272	I:	D:
994	1881	-	1	1.221409	I:	D:
2054	2302	+	2	1.321820	I:	D:
2641	3831	-	1	1.243809	I:	D:
>YB2_1184
1	462	+	1	1.208673	I:	D:
500	1267	+	2	1.227019	I:	D:
1454	2530	+	2	1.214628	I:	D:
2581	3501	-	1	1.228683	I:	D:
>YB2_1188
1	366	+	1	1.280464	I:	D:
363	851	+	3	1.229073	I:	D:
1113	2063	+	3	1.230574	I:	D:
2136	3521	+	3	1.209894	I:	D:
>YB2_1242
1	471	+	1	1.211911	I:	D:
645	1760	-	3	1.253382	I:	D:
1843	2142	-	1	1.360727	I:	D:
2329	2643	-	1	1.304372	I:	D:
2733	3722	-	3	1.226929	I:	D:
>YB2_1305
1	1443	-	1	1.233122	I:	D:
1462	1947	-	1	1.234578	I:	D:
2266	3705	-	1	1.226493	I:	D:
>YB2_1527
1	135	+	1	1.203880	I:	D:
301	1308	+	1	1.205639	I:	D:
1333	2007	+	1	1.211473	I:	D:
2009	3637	+	2	1.206211	I:	D:
>YB2_1562
1	420	+	1	1.186843	I:	D:
503	1096	+	2	1.261444	I:	D:
1150	1629	+	1	1.217017	I:	D:
1900	3039	+	1	1.242705	I:	D:
3036	3626	+	3	1.186348	I:	D:
>YB2_1702
3	164	-	3	1.192778	I:	D:
209	490	-	2	1.265307	I:	D:
544	1287	-	1	1.243079	I:	D:
1291	1791	-	1	1.255542	I:	D:
1812	2135	-	3	1.280618	I:	D:
2558	3583	-	2	1.256938	I:	D:
>YB2_1956
367	789	-	1	1.286960	I:	D:
904	3348	-	1	1.278231	I:	D:
>YB2_1959
1	162	+	1	1.193880	I:	D:
415	2901	+	1	1.240144	I:	D:
3258	3515	-	3	1.378640	I:	D:
>YB2_2187
237	683	-	3	1.267109	I:	D:
834	3251	-	3	1.247062	I:	D:
2702	2833	-	2	1.334933	I:	D:
2952	3455	+	3	1.228895	I:	D:
>YB2_2202
1	357	+	1	1.291054	I:	D:
383	1879	+	2	1.278271	I:	D:
1939	2241	-	1	1.297719	I:	D:
2565	3044	-	3	1.259353	I:	D:
>YB2_2253
3	347	-	3	1.322499	I:	D:
567	1358	-	3	1.263752	I:	D:
1361	1993	-	2	1.250933	I:	D:
2148	3434	-	3	1.264764	I:	D:
>YB2_2453
3	332	-	3	1.250743	I:	D:
348	1766	-	3	1.243933	I:	D:
1873	2367	-	1	1.224473	I:	D:
2402	3079	-	2	1.261619	I:	D:
3079	3387	-	1	1.230282	I:	D:
>YB2_2520
172	1557	+	1	1.259845	I:	D:
1922	2965	+	2	1.265794	I:	D:
3048	3371	+	3	1.281746	I:	D:
>YB2_2537
3	1058	-	3	1.223129	I:	D:
1048	1539	-	1	1.210966	I:	D:
1557	1781	-	3	1.222988	I:	D:
2012	2695	-	2	1.267869	I:	D:
3200	3367	-	2	1.326275	I:	D:
>YB2_2732
1	2712	+	1	1.246282	I:	D:
3041	3328	+	2	1.343761	I:	D:
>YB2_2949
2	190	-	2	1.262611	I:	D:
231	1037	-	3	1.257557	I:	D:
1543	1695	-	1	1.330551	I:	D:
1882	2745	+	1	1.261809	I:	D:
2840	3277	-	2	1.346571	I:	D:
>YB2_2976
49	1179	-	1	1.227575	I:	D:
1487	2902	-	2	1.245028	I:	D:
2907	3269	-	3	1.249570	I:	D:
>YB2_3027
3	206	+	3	1.358909	I:	D:
507	1817	-	3	1.243756	I:	D:
1846	2676	-	1	1.237058	I:	D:
2831	3259	-	2	1.250369	I:	D:
>YB2_3066
3	1001	-	3	1.220495	I:	D:
1035	1940	-	3	1.212976	I:	D:
1937	2698	-	2	1.236427	I:	D:
2991	3248	-	3	1.242114	I:	D:
>YB2_3329
3	614	-	3	1.273323	I:	D:
633	1124	-	3	1.266551	I:	D:
1204	2166	-	1	1.254224	I:	D:
2666	3805	-	2	1.281878	I:	D:
3873	4109	+	3	1.317447	I:	D:
4122	5267	+	3	1.291101	I:	D:
5333	6217	-	2	1.244257	I:	D:
6219	6971	-	3	1.248019	I:	D:
6976	7590	-	1	1.234740	I:	D:
7768	10218	-	1	1.224316	I:	D:
10337	10876	-	2	1.253447	I:	D:
10902	12797	-	3	1.216570	I:	D:
12849	13589	-	3	1.229555	I:	D:
13706	13936	-	2	1.282993	I:	D:
13993	15744	-	1	1.256678	I:	D:
15794	16606	-	2	1.294224	I:	D:
16633	16968	-	1	1.270150	I:	D:
17037	17345	-	3	1.247560	I:	D:
17774	17923	-	2	1.332659	I:	D:
18065	19792	+	2	1.239424	I:	D:
19879	20424	-	1	1.279415	I:	D:
20554	21453	-	1	1.245019	I:	D:
21526	22248	-	1	1.239052	I:	D:
22449	24395	-	3	1.238032	I:	D:
24534	24827	-	3	1.229327	I:	D:
24959	25570	+	2	1.214706	I:	D:
25680	25838	-	3	1.350512	I:	D:
25912	26334	-	1	1.231146	I:	D:
26512	27267	-	1	1.241214	I:	D:
27361	28755	-	1	1.203889	I:	D:
29862	30686	+	3	1.357374	I:	D:
31290	32822	-	3	1.236415	I:	D:
32996	33622	-	2	1.362223	I:	D:
34544	35056	-	2	1.219258	I:	D:
35194	36072	-	1	1.248290	I:	D:
36083	37984	-	2	1.234944	I:	D:
37977	38726	-	3	1.234518	I:	D:
38740	39780	-	1	1.250980	I:	D:
39796	41124	-	1	1.240801	I:	D:
41121	42041	-	3	1.237500	I:	D:
42041	42514	-	2	1.213329	I:	D:
>YB2_3438
1	405	+	1	1.233735	I:	D:
493	1329	+	1	1.287865	I:	D:
1368	2867	+	3	1.246361	I:	D:
3010	3159	-	1	1.345629	I:	D:
>YB2_3573
301	1851	+	1	1.231795	I:	D:
1923	2246	-	3	1.205555	I:	D:
2224	2880	-	1	1.269920	I:	D:
2896	3135	-	1	1.234593	I:	D:
>YB2_3770
1	147	+	1	1.236622	I:	D:
144	1337	+	3	1.211779	I:	D:
1339	2691	+	1	1.275172	I:	D:
2684	3094	+	2	1.178597	I:	D:
>YB2_3901
2	643	+	2	1.253556	I:	D:
909	1682	+	3	1.266121	I:	D:
1956	2765	+	3	1.243528	I:	D:
2910	3065	+	3	1.237317	I:	D:
>YB2_4024
1	1266	+	1	1.246737	I:	D:
1574	3040	+	2	1.252942	I:	D:
>YB2_4130
3	1046	-	3	1.246792	I:	D:
1223	1903	+	2	1.259775	I:	D:
1931	2170	+	2	1.217114	I:	D:
2302	3018	+	1	1.228686	I:	D:
>YB2_4613
2	214	-	2	1.263313	I:	D:
500	985	+	2	1.292741	I:	D:
1376	2926	+	2	1.256690	I:	D:
>YB2_4686
240	524	+	3	1.206042	I:	D:
600	2711	+	3	1.230275	I:	D:
2776	4254	-	1	1.233050	I:	D:
4269	5765	-	3	1.264383	I:	D:
5825	6952	-	2	1.227153	I:	D:
6980	8263	-	2	1.230951	I:	D:
8292	9272	-	3	1.212195	I:	D:
9294	10667	-	3	1.227406	I:	D:
10679	13234	-	2	1.235005	I:	D:
13253	13744	-	2	1.264151	I:	D:
13787	14755	-	2	1.256675	I:	D:
14996	15457	-	2	1.225921	I:	D:
15457	16029	-	1	1.267436	I:	D:
16197	16817	+	3	1.244417	I:	D:
16999	19386	+	1	1.237335	I:	D:
19522	19917	+	1	1.263557	I:	D:
19921	20757	+	1	1.251671	I:	D:
20876	21631	+	2	1.236174	I:	D:
21686	22624	-	2	1.257037	I:	D:
22804	23964	-	1	1.229711	I:	D:
23992	25038	-	1	1.239794	I:	D:
25398	25820	+	3	1.230817	I:	D:
26164	27318	+	1	1.234153	I:	D:
27484	28044	-	1	1.352504	I:	D:
28429	28959	-	1	1.353123	I:	D:
29192	31075	-	2	1.215068	I:	D:
31081	33141	-	1	1.233166	I:	D:
33920	36172	+	2	1.232469	I:	D:
36138	36911	+	3	1.260620	I:	D:
36983	37336	-	2	1.321765	I:	D:
37480	37806	+	1	1.312954	I:	D:
37864	38577	-	1	1.235188	I:	D:
38581	38946	-	1	1.203829	I:	D:
>YB2_4688
733	1668	+	1	1.248674	I:	D:
1665	2876	+	3	1.271511	I:	D:
>YB2_4725
3	719	-	3	1.240372	I:	D:
901	2112	-	1	1.258622	I:	D:
2566	2904	+	1	1.240170	I:	D:
>YB2_4735
3	905	+	3	1.226813	I:	D:
1066	2370	+	1	1.220029	I:	D:
2433	2594	+	3	1.358686	I:	D:
>YB2_4842
3	848	-	3	1.257363	I:	D:
845	2158	-	2	1.232461	I:	D:
2370	2882	+	3	1.272314	I:	D:
>YB2_4869
3	2519	-	3	1.246605	I:	D:
>YB2_4901
3	1757	-	3	1.229173	I:	D:
1754	2869	-	2	1.246849	I:	D:
>YB2_5087
1	351	-	1	1.220323	I:	D:
520	1200	+	1	1.217137	I:	D:
1247	2227	+	2	1.229431	I:	D:
2224	2811	+	1	1.262175	I:	D:
>YB2_5105
128	1081	+	2	1.264974	I:	D:
1205	2833	-	2	1.230300	I:	D:
>YB2_5434
7	585	-	1	1.245563	I:	D:
785	1537	-	2	1.249217	I:	D:
1946	2782	+	2	1.246149	I:	D:
>YB2_6085
1	663	+	1	1.247945	I:	D:
907	1995	+	1	1.259141	I:	D:
2096	2617	+	2	1.258780	I:	D:
>YB2_6123
1	159	-	1	1.292642	I:	D:
332	1876	-	2	1.263833	I:	D:
1984	2187	+	1	1.269341	I:	D:
2306	2674	-	2	1.209694	I:	D:
>YB2_6473
409	1695	+	1	1.234769	I:	D:
1692	2618	+	3	1.246214	I:	D:
>YB2_6574
3	713	-	3	1.239673	I:	D:
720	1820	-	3	1.249279	I:	D:
2041	2601	-	1	1.212908	I:	D:
>YB2_7331
1	636	+	1	1.306550	I:	D:
863	1876	+	2	1.236888	I:	D:
1936	2076	+	1	1.381489	I:	D:
2119	2493	-	1	1.287252	I:	D:
>YB2_7860
3	371	-	3	1.269688	I:	D:
464	1045	-	2	1.228472	I:	D:
1067	2392	-	2	1.241867	I:	D:
>YB2_7938
1	774	+	1	1.223556	I:	D:
835	1734	-	1	1.238483	I:	D:
1768	2412	-	1	1.226530	I:	D:
>YB2_8023
1	1050	+	1	1.197943	I:	D:
1063	1737	+	1	1.209949	I:	D:
1851	2402	+	3	1.177633	I:	D:
>YB2_8104
3	386	-	3	1.225376	I:	D:
370	1095	-	1	1.281201	I:	D:
1092	1643	-	3	1.229262	I:	D:
2113	2391	+	1	1.294506	I:	D:
>YB2_8311
155	1471	+	2	1.242085	I:	D:
1791	2366	+	3	1.253271	I:	D:
>YB2_8638
1	1005	-	1	1.257290	I:	D:
1167	1766	-	3	1.268309	I:	D:
1954	2325	+	1	1.255678	I:	D:
>YB2_8786
11	523	-	2	1.237873	I:	D:
524	1711	-	2	1.213861	I:	D:
1842	2309	-	3	1.235566	I:	D:
>YB2_9490
1	258	+	1	1.213879	I:	D:
328	2232	+	1	1.244341	I:	D:
>YB2_9550
2	3697	+	2	1.224125	I:	D:
3739	5184	+	1	1.216865	I:	D:
5256	5960	+	3	1.248463	I:	D:
6224	7309	+	2	1.225445	I:	D:
7435	8127	+	1	1.239101	I:	D:
8124	9029	+	3	1.235997	I:	D:
9042	10340	+	3	1.246659	I:	D:
10513	11895	+	1	1.224604	I:	D:
12140	12991	+	2	1.210000	I:	D:
13126	13458	+	1	1.368440	I:	D:
13650	13880	+	3	1.353014	I:	D:
13884	14156	+	3	1.367035	I:	D:
14605	15579	-	1	1.245221	I:	D:
15596	17203	-	2	1.254276	I:	D:
17318	18712	-	2	1.226580	I:	D:
19291	20037	+	1	1.252524	I:	D:
20142	21761	-	3	1.235026	I:	D:
21848	22423	-	2	1.235238	I:	D:
22455	23774	-	3	1.239479	I:	D:
23936	26023	-	2	1.227814	I:	D:
26273	27502	-	2	1.237319	I:	D:
27897	28385	+	3	1.233673	I:	D:
28510	29001	+	1	1.228613	I:	D:
>YB2_9775
3	137	-	3	1.234607	I:	D:
162	2201	-	3	1.219252	I:	D:
>YB2_9998
124	264	+	1	1.317918	I:	D:
440	1201	+	2	1.207347	I:	D:
1239	2324	-	3	1.227773	I:	D:
2727	3326	+	3	1.252742	I:	D:
3376	4794	-	1	1.237539	I:	D:
4939	5886	+	1	1.217591	I:	D:
6156	6881	+	3	1.255651	I:	D:
7015	7917	+	1	1.238527	I:	D:
7966	8706	+	1	1.239815	I:	D:
8708	9481	+	2	1.221492	I:	D:
9831	10685	-	3	1.253497	I:	D:
10706	11248	-	2	1.235346	I:	D:
11313	11900	-	3	1.282420	I:	D:
12356	12922	+	2	1.309555	I:	D:
13152	13388	+	3	1.276242	I:	D:
13436	13888	-	2	1.258770	I:	D:
13905	15659	-	3	1.228664	I:	D:
15978	17156	+	3	1.221198	I:	D:
17211	18962	-	3	1.237905	I:	D:
18993	19349	-	3	1.254774	I:	D:
19356	21281	-	3	1.237196	I:	D:
21886	22797	+	1	1.254233	I:	D:
22990	24882	+	1	1.263295	I:	D:
24907	25626	+	1	1.241700	I:	D:
25943	26209	-	2	1.306279	I:	D:
26361	27293	+	3	1.288383	I:	D:
27506	28231	+	2	1.262311	I:	D:
>YB2_10008
3	410	+	3	1.248755	I:	D:
439	1122	+	1	1.259316	I:	D:
1339	2178	+	1	1.254063	I:	D:
>YB2_10101
1	1710	+	1	1.237316	I:	D:
1782	2168	+	3	1.261734	I:	D:
>YB2_10764
3	146	+	3	1.356109	I:	D:
172	1797	+	1	1.213605	I:	D:
2052	3062	+	3	1.258275	I:	D:
3122	4132	-	2	1.255324	I:	D:
4296	5078	+	3	1.243866	I:	D:
5335	6306	+	1	1.266399	I:	D:
6778	7986	+	1	1.259662	I:	D:
8072	8842	+	2	1.231143	I:	D:
8944	10470	+	1	1.235720	I:	D:
10546	11043	-	1	1.240484	I:	D:
11275	12828	-	1	1.243873	I:	D:
13074	14369	-	3	1.232093	I:	D:
14562	15818	+	3	1.241338	I:	D:
16039	17370	+	1	1.230167	I:	D:
17434	17838	+	1	1.221817	I:	D:
17986	18486	+	1	1.348997	I:	D:
18513	18692	+	3	1.340264	I:	D:
19054	20391	+	1	1.226596	I:	D:
20424	21767	+	3	1.208085	I:	D:
21786	22448	+	3	1.202375	I:	D:
22515	23105	-	3	1.222151	I:	D:
23307	23675	-	3	1.230262	I:	D:
24010	26700	+	1	1.238842	I:	D:
26734	27000	-	1	1.363538	I:	D:
>YB2_10933
1	303	+	1	1.236725	I:	D:
416	1561	+	2	1.250759	I:	D:
1634	1942	+	2	1.257474	I:	D:
>YB2_11184
2	2062	-	2	1.216113	I:	D:
>YB2_11612
1	342	+	1	1.388350	I:	D:
516	971	+	3	1.327929	I:	D:
1018	2304	+	1	1.306828	I:	D:
2485	2742	-	1	1.356816	I:	D:
3072	3836	-	3	1.261579	I:	D:
3836	6019	-	2	1.262192	I:	D:
6196	7329	-	1	1.242409	I:	D:
7398	8144	-	3	1.245120	I:	D:
8156	9766	-	2	1.227071	I:	D:
9977	10228	-	2	1.256431	I:	D:
10378	12297	-	1	1.224868	I:	D:
12408	13406	-	3	1.252698	I:	D:
13424	14125	-	2	1.248044	I:	D:
14348	15688	-	2	1.257663	I:	D:
15838	17055	+	1	1.207241	I:	D:
17133	18422	-	3	1.233879	I:	D:
18733	19545	-	1	1.239736	I:	D:
19856	20950	-	2	1.247611	I:	D:
20974	23115	-	1	1.234768	I:	D:
23146	23694	-	1	1.230962	I:	D:
23691	25157	-	3	1.254460	I:	D:
25157	25759	-	2	1.226062	I:	D:
>YB2_11963
3	545	-	3	1.255806	I:	D:
663	893	-	3	1.238620	I:	D:
954	2774	-	3	1.250598	I:	D:
2804	3076	-	2	1.306695	I:	D:
3132	3395	-	3	1.250912	I:	D:
3689	4924	-	2	1.267249	I:	D:
4928	5464	-	2	1.237201	I:	D:
5705	5938	-	2	1.243904	I:	D:
5955	6197	-	3	1.273907	I:	D:
6284	7639	-	2	1.213319	I:	D:
7667	8050	-	2	1.231392	I:	D:
8269	9177	+	1	1.240930	I:	D:
9199	10527	+	1	1.220907	I:	D:
10608	11672	-	3	1.258558	I:	D:
12046	12963	-	1	1.248462	I:	D:
12980	13867	-	2	1.230165	I:	D:
14177	14968	-	2	1.260218	I:	D:
14983	17409	-	1	1.236871	I:	D:
17558	18775	-	2	1.271526	I:	D:
18820	19611	+	1	1.255757	I:	D:
19611	20072	+	3	1.226641	I:	D:
20155	20511	-	1	1.319582	I:	D:
20816	21391	+	2	1.232827	I:	D:
21797	22642	+	2	1.219789	I:	D:
22753	23517	+	1	1.215794	I:	D:
23507	24232	+	2	1.217099	I:	D:
>YB2_11973
591	1685	-	3	1.260059	I:	D:
1707	2501	-	3	1.272956	I:	D:
2519	3688	-	2	1.263958	I:	D:
3809	4681	-	2	1.271997	I:	D:
4774	5574	-	1	1.246083	I:	D:
5680	6897	-	1	1.268724	I:	D:
6986	7543	-	2	1.304385	I:	D:
8006	9352	+	2	1.252295	I:	D:
9401	10675	+	2	1.244532	I:	D:
10769	12208	-	2	1.304281	I:	D:
12349	12936	-	1	1.266907	I:	D:
13228	14034	+	1	1.231614	I:	D:
14038	14817	+	1	1.245457	I:	D:
14819	16081	+	2	1.241133	I:	D:
16522	16959	+	1	1.248271	I:	D:
17189	19204	-	2	1.255159	I:	D:
19476	20174	-	3	1.278947	I:	D:
20260	22014	+	1	1.271405	I:	D:
22175	22378	-	2	1.259693	I:	D:
22430	23698	-	2	1.234373	I:	D:
23825	24094	-	2	1.353264	I:	D:
>YB2_11975
1	288	+	1	1.389639	I:	D:
329	1300	+	2	1.302884	I:	D:
1341	1952	+	3	1.315534	I:	D:
2033	2170	+	2	1.346524	I:	D:
2314	3234	+	1	1.377328	I:	D:
3405	4274	+	3	1.396227	I:	D:
5137	5835	+	1	1.324777	I:	D:
5850	7055	-	3	1.246705	I:	D:
7326	7574	+	3	1.380847	I:	D:
7787	9451	+	2	1.242096	I:	D:
9467	10030	+	2	1.273279	I:	D:
10125	11144	+	3	1.254858	I:	D:
11349	13007	+	3	1.245154	I:	D:
13146	13697	-	3	1.338786	I:	D:
13971	15170	-	3	1.265763	I:	D:
15313	16491	-	1	1.232546	I:	D:
16808	18133	+	2	1.268740	I:	D:
18239	18664	+	2	1.266195	I:	D:
18661	19407	+	1	1.265413	I:	D:
19404	19850	+	3	1.251513	I:	D:
19896	20522	+	3	1.224009	I:	D:
20583	21776	-	3	1.251938	I:	D:
22158	23081	+	3	1.290647	I:	D:
23102	24007	+	2	1.272912	I:	D:
>YB2_11988
3	659	-	3	1.234528	I:	D:
809	2449	-	2	1.227792	I:	D:
2542	2805	-	1	1.209008	I:	D:
3047	3781	-	2	1.238478	I:	D:
3899	6163	-	2	1.319885	I:	D:
6365	6523	-	2	1.234031	I:	D:
6535	7485	-	1	1.264156	I:	D:
7551	9839	-	3	1.248987	I:	D:
9973	10251	-	1	1.346998	I:	D:
10235	10507	-	2	1.344451	I:	D:
10543	12012	-	1	1.239768	I:	D:
12329	12580	+	2	1.251329	I:	D:
12599	13531	+	2	1.253412	I:	D:
13641	14159	-	3	1.371051	I:	D:
14387	15874	-	2	1.246281	I:	D:
16014	16562	-	3	1.255204	I:	D:
16544	17467	-	2	1.245407	I:	D:
17464	17997	-	1	1.229694	I:	D:
18247	19527	-	1	1.250482	I:	D:
19524	20018	-	3	1.202632	I:	D:
20153	20572	+	2	1.240856	I:	D:
21300	21932	+	3	1.240815	I:	D:
22015	23373	+	1	1.258923	I:	D:
>YB2_12057
77	799	+	2	1.230363	I:	D:
913	2403	+	1	1.224576	I:	D:
2483	3796	-	2	1.243995	I:	D:
3811	6738	-	1	1.234290	I:	D:
7096	7881	-	1	1.274372	I:	D:
7915	8640	-	1	1.264956	I:	D:
8637	8948	-	3	1.328928	I:	D:
9375	12614	+	3	1.233244	I:	D:
13015	14022	+	1	1.255145	I:	D:
14090	15427	+	2	1.242726	I:	D:
15514	16365	+	1	1.212234	I:	D:
16365	17207	+	3	1.251298	I:	D:
17226	18701	+	3	1.237438	I:	D:
19028	19507	+	2	1.267044	I:	D:
19547	19876	+	2	1.319860	I:	D:
19949	21241	-	2	1.252136	I:	D:
21443	22306	+	2	1.251033	I:	D:
22321	22803	+	1	1.247737	I:	D:
>YB2_12086
1	1302	-	1	1.236175	I:	D:
1324	2322	-	1	1.240574	I:	D:
2709	3437	-	3	1.258373	I:	D:
3459	5870	-	3	1.234952	I:	D:
5889	6911	-	3	1.229153	I:	D:
7389	7664	+	3	1.336537	I:	D:
7657	7878	+	1	1.266391	I:	D:
7880	8161	+	2	1.328524	I:	D:
8659	9864	+	1	1.223103	I:	D:
10225	11406	-	1	1.236750	I:	D:
11707	13062	-	1	1.211918	I:	D:
13063	14547	-	1	1.245957	I:	D:
14563	15624	-	1	1.253520	I:	D:
15765	16562	+	3	1.235063	I:	D:
16654	17172	+	1	1.265574	I:	D:
17474	17989	-	2	1.271046	I:	D:
18221	18646	-	2	1.229840	I:	D:
18749	19528	-	2	1.253294	I:	D:
19766	21694	+	2	1.235477	I:	D:
22132	22443	+	1	1.227955	I:	D:
>YB2_12144
165	2003	+	3	1.392427	I:	D:
2000	2749	+	2	1.380037	I:	D:
2753	3289	-	2	1.383123	I:	D:
3291	3500	-	3	1.388668	I:	D:
3582	4835	+	3	1.266600	I:	D:
4979	7735	+	2	1.250075	I:	D:
7964	8248	+	2	1.248448	I:	D:
8245	9693	+	1	1.265863	I:	D:
9772	11544	+	1	1.262650	I:	D:
11541	12482	+	3	1.260500	I:	D:
12577	13596	+	1	1.227636	I:	D:
13744	13959	+	1	1.233534	I:	D:
14043	14426	+	3	1.252864	I:	D:
14439	16322	+	3	1.270735	I:	D:
16325	16513	+	2	1.295827	I:	D:
16527	17837	+	3	1.249293	I:	D:
17859	18071	+	3	1.399329	I:	D:
18404	18943	-	2	1.302220	I:	D:
18965	19531	-	2	1.268685	I:	D:
19700	21622	+	2	1.271549	I:	D:
21666	21827	+	3	1.302930	I:	D:
>YB2_12176
3	842	-	3	1.216860	I:	D:
842	2818	-	2	1.212240	I:	D:
2876	4663	-	2	1.229403	I:	D:
5066	5530	+	2	1.236440	I:	D:
5527	6045	+	1	1.214146	I:	D:
6245	6649	-	2	1.228368	I:	D:
6808	8982	-	1	1.224843	I:	D:
9010	9543	-	1	1.220734	I:	D:
9556	10443	-	1	1.230152	I:	D:
10516	11538	-	1	1.214533	I:	D:
11732	12286	-	2	1.268089	I:	D:
12289	12735	-	1	1.214323	I:	D:
12754	14820	-	1	1.240373	I:	D:
14852	15262	-	2	1.264133	I:	D:
15654	18050	+	3	1.240827	I:	D:
18256	20112	+	1	1.251008	I:	D:
20233	20691	+	1	1.218740	I:	D:
20710	21375	+	1	1.221367	I:	D:
>YB2_12229
1	1248	+	1	1.316521	I:	D:
1587	3281	-	3	1.225099	I:	D:
3333	3683	-	3	1.245952	I:	D:
4196	4669	+	2	1.286224	I:	D:
4754	6496	-	2	1.244932	I:	D:
7320	9098	+	3	1.241651	I:	D:
9157	9525	-	1	1.225780	I:	D:
9983	12277	+	2	1.238370	I:	D:
12441	12881	+	3	1.270754	I:	D:
12918	14153	+	3	1.229516	I:	D:
14177	15082	+	2	1.230239	I:	D:
15167	16366	+	2	1.235072	I:	D:
16536	17342	+	3	1.241688	I:	D:
17363	18646	+	2	1.234489	I:	D:
18639	19952	+	3	1.239819	I:	D:
19949	20674	+	2	1.228562	I:	D:
>YB2_12237
3	707	-	3	1.245067	I:	D:
927	2180	+	3	1.244721	I:	D:
2345	3511	+	2	1.246032	I:	D:
3531	4445	+	3	1.235135	I:	D:
4468	5538	+	1	1.244776	I:	D:
5898	6992	+	3	1.283282	I:	D:
7123	9099	+	1	1.267006	I:	D:
9306	11117	-	3	1.227301	I:	D:
11134	12330	-	1	1.249628	I:	D:
12311	13102	-	2	1.264563	I:	D:
13099	13668	-	1	1.224880	I:	D:
13965	14393	+	3	1.260230	I:	D:
14411	14809	+	2	1.260307	I:	D:
14829	14963	-	3	1.345767	I:	D:
15429	15650	-	3	1.418414	I:	D:
15806	16051	+	2	1.306799	I:	D:
16125	16376	-	3	1.208231	I:	D:
16422	18014	-	3	1.238866	I:	D:
18529	19680	+	1	1.269034	I:	D:
19966	20550	+	1	1.283925	I:	D:
>YB2_12262
1	741	+	1	1.226033	I:	D:
735	1259	+	3	1.217521	I:	D:
1256	2008	+	2	1.211207	I:	D:
2009	2335	+	2	1.248894	I:	D:
2329	2934	+	1	1.229582	I:	D:
2931	3887	+	3	1.225154	I:	D:
3914	4936	+	2	1.257071	I:	D:
4933	6420	+	1	1.221093	I:	D:
6421	6933	+	1	1.302933	I:	D:
7002	7601	+	3	1.225808	I:	D:
7598	8353	+	2	1.311561	I:	D:
8407	9132	-	1	1.264178	I:	D:
9359	11110	-	2	1.235092	I:	D:
11202	12149	-	3	1.208452	I:	D:
12402	13802	+	3	1.204259	I:	D:
14023	15171	+	1	1.238955	I:	D:
15428	16408	+	2	1.204023	I:	D:
16444	17760	-	1	1.229093	I:	D:
18135	18683	+	3	1.288087	I:	D:
18897	19154	+	3	1.293757	I:	D:
19201	20175	+	1	1.255490	I:	D:
>YB2_12314
3	1871	-	3	1.275204	I:	D:
2008	3801	-	1	1.242945	I:	D:
3884	4150	+	2	1.277494	I:	D:
4147	4479	+	1	1.333307	I:	D:
4328	5260	+	2	1.309798	I:	D:
5276	6541	+	2	1.218172	I:	D:
6602	6997	-	2	1.231492	I:	D:
7098	7274	-	3	1.316607	I:	D:
7312	9504	-	1	1.253520	I:	D:
9530	9751	-	2	1.206407	I:	D:
9832	10047	-	1	1.271546	I:	D:
10531	11109	-	1	1.284774	I:	D:
11383	11958	+	1	1.315545	I:	D:
12637	13854	+	1	1.250813	I:	D:
13906	14448	-	1	1.251126	I:	D:
14548	15069	-	1	1.247785	I:	D:
15088	16446	-	1	1.265264	I:	D:
16630	18594	+	1	1.267050	I:	D:
18754	19731	+	1	1.274411	I:	D:
>YB2_12335
3	389	-	3	1.242664	I:	D:
610	1347	+	1	1.240701	I:	D:
1539	1718	-	3	1.357865	I:	D:
1769	4429	+	2	1.244589	I:	D:
4687	5019	+	1	1.257644	I:	D:
5049	5588	+	3	1.235304	I:	D:
5595	7709	+	3	1.287785	I:	D:
7774	8802	+	1	1.252941	I:	D:
8799	9416	+	3	1.276536	I:	D:
9574	10944	+	1	1.234630	I:	D:
10999	11403	-	1	1.280483	I:	D:
11400	11972	-	3	1.240439	I:	D:
12194	13744	+	2	1.239989	I:	D:
14028	14585	+	3	1.310944	I:	D:
14851	15516	+	1	1.296891	I:	D:
15722	16375	+	2	1.293320	I:	D:
16382	16894	+	2	1.289851	I:	D:
16946	18340	-	2	1.232050	I:	D:
18342	19187	-	3	1.237038	I:	D:
19412	19579	-	2	1.331970	I:	D:
>YB2_12359
1	933	+	1	1.245613	I:	D:
1059	2684	+	3	1.262083	I:	D:
2737	4254	-	1	1.226597	I:	D:
4482	5033	-	3	1.223155	I:	D:
5047	7470	-	1	1.243455	I:	D:
7576	10524	-	1	1.254048	I:	D:
10870	12153	-	1	1.233645	I:	D:
12150	12860	-	3	1.234054	I:	D:
12999	15140	-	3	1.252033	I:	D:
15151	16353	-	1	1.232900	I:	D:
16350	17108	-	3	1.265523	I:	D:
17105	18751	-	2	1.241349	I:	D:
>YB2_12375
1	612	+	1	1.271635	I:	D:
806	955	+	2	1.320282	I:	D:
1403	3058	-	2	1.264620	I:	D:
3045	4133	-	3	1.269858	I:	D:
4158	5246	-	3	1.275894	I:	D:
5384	6160	-	2	1.315579	I:	D:
6164	7954	-	2	1.305806	I:	D:
8040	8885	-	3	1.279943	I:	D:
9126	9311	+	3	1.359269	I:	D:
9378	10727	+	3	1.266854	I:	D:
10836	11762	+	3	1.275228	I:	D:
11778	12746	+	3	1.256241	I:	D:
12761	13690	+	2	1.243739	I:	D:
13791	14249	+	3	1.279085	I:	D:
14249	14959	+	2	1.255655	I:	D:
14975	15904	+	2	1.265065	I:	D:
15919	16557	+	1	1.277826	I:	D:
16725	17435	+	3	1.267330	I:	D:
17432	18724	+	2	1.278880	I:	D:
>YB2_12411
210	2654	+	3	1.237581	I:	D:
2641	6399	+	1	1.220691	I:	D:
6907	7740	-	1	1.224786	I:	D:
8065	8658	+	1	1.203167	I:	D:
8712	10604	-	3	1.236037	I:	D:
10697	11812	+	2	1.208324	I:	D:
11909	13255	+	2	1.284306	I:	D:
13329	14516	+	3	1.233921	I:	D:
14568	15104	+	3	1.265430	I:	D:
15150	15725	-	3	1.244140	I:	D:
15727	15948	-	1	1.238177	I:	D:
16050	16496	-	3	1.271412	I:	D:
17094	17360	-	3	1.328461	I:	D:
17818	18882	-	1	1.207108	I:	D:
>YB2_12426
3	887	-	3	1.243693	I:	D:
941	1879	-	2	1.269989	I:	D:
1989	3263	-	3	1.237737	I:	D:
3376	4032	-	1	1.217447	I:	D:
4029	5042	-	3	1.226726	I:	D:
5067	5990	-	3	1.274194	I:	D:
6020	6325	+	2	1.368917	I:	D:
6514	8658	-	1	1.228559	I:	D:
8878	9132	-	1	1.267310	I:	D:
9360	10910	+	3	1.270747	I:	D:
11091	12017	-	3	1.247333	I:	D:
12027	12911	-	3	1.244016	I:	D:
12911	13894	-	2	1.239026	I:	D:
13927	14313	-	1	1.232647	I:	D:
14469	16904	-	3	1.226343	I:	D:
16901	17278	-	2	1.250191	I:	D:
17262	17567	-	3	1.248932	I:	D:
17601	18728	-	3	1.212853	I:	D:
>YB2_12442
117	620	+	3	1.260842	I:	D:
666	1286	+	3	1.282919	I:	D:
1411	1782	+	1	1.266925	I:	D:
1863	2297	+	3	1.261203	I:	D:
2294	3235	+	2	1.291671	I:	D:
3223	4446	+	1	1.292436	I:	D:
4454	4645	+	2	1.267850	I:	D:
4675	5565	+	1	1.260599	I:	D:
5687	6160	+	2	1.266646	I:	D:
6206	8089	+	2	1.300903	I:	D:
8086	8889	+	1	1.260548	I:	D:
8922	9773	+	3	1.284446	I:	D:
9795	10283	+	3	1.306689	I:	D:
10300	11967	+	1	1.269015	I:	D:
12033	12209	+	3	1.401127	I:	D:
12333	13553	+	3	1.219808	I:	D:
13679	14146	-	2	1.256409	I:	D:
14190	15476	-	3	1.298336	I:	D:
15532	16290	-	1	1.263775	I:	D:
16366	17259	-	1	1.249201	I:	D:
17307	18389	-	3	1.263589	I:	D:
>YB2_12472
3	614	-	3	1.274374	I:	D:
687	2132	+	3	1.282758	I:	D:
2133	2975	+	3	1.296375	I:	D:
3746	3880	-	2	1.293300	I:	D:
3943	5292	-	1	1.269226	I:	D:
5289	5978	-	3	1.247638	I:	D:
5975	7771	-	2	1.245433	I:	D:
8122	9075	+	1	1.242724	I:	D:
9101	10039	+	2	1.279620	I:	D:
10058	10921	+	2	1.287753	I:	D:
10937	11878	+	2	1.277227	I:	D:
11875	15387	+	1	1.281948	I:	D:
15565	16539	+	1	1.234260	I:	D:
16691	18268	+	2	1.278680	I:	D:
>YB2_12475
420	2069	-	3	1.259882	I:	D:
2280	3038	+	3	1.281182	I:	D:
3308	3895	+	2	1.331021	I:	D:
4065	5021	-	3	1.238960	I:	D:
5350	5487	+	1	1.364025	I:	D:
5648	6580	-	2	1.268009	I:	D:
6581	7678	-	2	1.251800	I:	D:
7692	8795	-	3	1.240076	I:	D:
8797	9732	-	1	1.252221	I:	D:
9860	11563	-	2	1.261631	I:	D:
12001	12252	-	1	1.286705	I:	D:
12325	13896	-	1	1.224379	I:	D:
14229	15989	-	3	1.246467	I:	D:
16137	16727	+	3	1.239623	I:	D:
16729	17295	+	1	1.264950	I:	D:
17334	18167	-	3	1.272331	I:	D:
>YB2_12479
3	2513	-	3	1.248467	I:	D:
2500	4557	-	1	1.247328	I:	D:
4636	5370	-	1	1.261868	I:	D:
5650	6654	+	1	1.265936	I:	D:
6710	7504	+	2	1.290547	I:	D:
7771	8166	-	1	1.259821	I:	D:
8215	9513	-	1	1.250785	I:	D:
9572	11470	-	2	1.238041	I:	D:
11593	13173	-	1	1.244331	I:	D:
13375	14205	+	1	1.233449	I:	D:
14499	15851	+	3	1.241004	I:	D:
15980	17581	+	2	1.250533	I:	D:
17687	18187	-	2	1.292887	I:	D:
>YB2_12519
132	782	-	3	1.235886	I:	D:
1026	2543	-	3	1.244926	I:	D:
2543	3241	-	2	1.236575	I:	D:
3469	4008	-	1	1.369506	I:	D:
4026	4433	-	3	1.373818	I:	D:
4533	5963	-	3	1.408908	I:	D:
5993	6382	-	2	1.358424	I:	D:
6408	6662	-	3	1.346326	I:	D:
6686	6886	-	2	1.372194	I:	D:
6888	7109	-	3	1.394416	I:	D:
7463	7699	+	2	1.281824	I:	D:
7824	9020	-	3	1.249663	I:	D:
9111	10439	-	3	1.237178	I:	D:
10477	10851	-	1	1.252411	I:	D:
11134	11778	+	1	1.239379	I:	D:
11859	12992	+	3	1.231299	I:	D:
13075	13758	+	1	1.233724	I:	D:
13802	14242	-	2	1.248254	I:	D:
14296	15168	-	1	1.261781	I:	D:
15290	16867	-	2	1.257187	I:	D:
17017	17814	+	1	1.242531	I:	D:
>YB2_12546
3	299	-	3	1.266279	I:	D:
312	1241	-	3	1.242578	I:	D:
1257	2252	-	3	1.244578	I:	D:
2411	2788	+	2	1.241058	I:	D:
2894	3439	-	2	1.288518	I:	D:
3414	4307	+	3	1.280436	I:	D:
4466	4849	+	2	1.282959	I:	D:
5300	5533	+	2	1.236499	I:	D:
5536	6411	+	1	1.236715	I:	D:
6408	7373	+	3	1.242626	I:	D:
7370	8389	+	2	1.249543	I:	D:
8522	9457	+	2	1.243314	I:	D:
9451	10518	+	1	1.260755	I:	D:
10515	11453	+	3	1.247194	I:	D:
11450	12199	+	2	1.223117	I:	D:
12215	13453	+	2	1.221989	I:	D:
13457	13915	+	2	1.242478	I:	D:
14209	15777	-	1	1.250284	I:	D:
16113	17513	+	3	1.220117	I:	D:
>YB2_12568
33	335	+	3	1.283301	I:	D:
794	3514	+	2	1.285928	I:	D:
3495	5141	+	3	1.320288	I:	D:
5155	5775	+	1	1.288921	I:	D:
5778	6836	+	3	1.268536	I:	D:
6836	7498	+	2	1.274899	I:	D:
7514	8146	+	2	1.290908	I:	D:
8148	8390	+	3	1.286261	I:	D:
8984	10561	+	2	1.263356	I:	D:
10705	12216	-	1	1.281723	I:	D:
12242	12880	-	2	1.301175	I:	D:
13254	14018	+	3	1.295090	I:	D:
14209	15264	+	1	1.282570	I:	D:
15309	15818	+	3	1.277545	I:	D:
15815	17107	+	2	1.260607	I:	D:
>YB2_12569
6	3257	-	3	1.238617	I:	D:
3259	4368	-	1	1.238361	I:	D:
4401	4994	-	3	1.245922	I:	D:
5138	6055	-	2	1.205357	I:	D:
6055	6825	-	1	1.246080	I:	D:
6806	7672	-	2	1.237752	I:	D:
7722	8912	-	3	1.245300	I:	D:
9400	10074	+	1	1.202828	I:	D:
10206	11018	-	3	1.300872	I:	D:
11082	11510	-	3	1.228068	I:	D:
11507	12895	-	2	1.223573	I:	D:
12974	13456	-	2	1.220734	I:	D:
13467	14219	-	3	1.248361	I:	D:
14239	15615	-	1	1.236084	I:	D:
16090	17364	-	1	1.240251	I:	D:
>YB2_12598
83	589	+	2	1.348432	I:	D:
604	1173	+	1	1.326561	I:	D:
1639	2478	+	1	1.229877	I:	D:
2512	3165	+	1	1.216335	I:	D:
3181	3963	+	1	1.240162	I:	D:
3972	5978	+	3	1.290097	I:	D:
6257	7612	+	2	1.222134	I:	D:
8573	10093	+	2	1.282751	I:	D:
10198	12414	+	1	1.242438	I:	D:
12528	13553	+	3	1.216059	I:	D:
13706	14071	+	2	1.261060	I:	D:
14087	15295	+	2	1.238216	I:	D:
15446	17185	+	2	1.247009	I:	D:
>YB2_12626
1	3177	+	1	1.281676	I:	D:
3933	4100	+	3	1.340639	I:	D:
4143	5717	+	3	1.223498	I:	D:
5988	6482	-	3	1.345869	I:	D:
6658	7779	-	1	1.267971	I:	D:
7279	8238	+	1	1.255532	I:	D:
8266	9555	+	1	1.247331	I:	D:
9605	10564	-	2	1.229169	I:	D:
10572	11213	-	3	1.275217	I:	D:
11788	12555	-	1	1.236510	I:	D:
12552	13043	-	3	1.253877	I:	D:
13067	13918	-	2	1.244242	I:	D:
13939	14619	-	1	1.278564	I:	D:
15214	16155	-	1	1.257232	I:	D:
16510	17001	+	1	1.280432	I:	D:
>YB2_12741
3	1382	+	3	1.249708	I:	D:
1432	2283	+	1	1.248694	I:	D:
2489	2938	+	2	1.236153	I:	D:
3118	3807	+	1	1.243996	I:	D:
3876	4145	+	3	1.230585	I:	D:
4354	4641	+	1	1.195088	I:	D:
4700	4984	+	2	1.253032	I:	D:
5023	5442	+	1	1.274711	I:	D:
5492	5800	+	2	1.255083	I:	D:
5864	6400	+	2	1.241159	I:	D:
6499	7716	+	1	1.218595	I:	D:
7894	8763	+	1	1.236370	I:	D:
8760	9317	+	3	1.226119	I:	D:
9697	11544	+	1	1.228807	I:	D:
11848	13323	-	1	1.235766	I:	D:
13358	14470	-	2	1.225565	I:	D:
14472	14927	-	3	1.257466	I:	D:
15422	15787	-	2	1.396784	I:	D:
>YB2_12745
211	870	-	1	1.270859	I:	D:
1139	2683	-	2	1.281889	I:	D:
2996	3916	-	2	1.245704	I:	D:
4047	4256	+	3	1.245385	I:	D:
4291	5193	+	1	1.240787	I:	D:
5203	5742	+	1	1.256713	I:	D:
5790	7139	-	3	1.240418	I:	D:
7344	7487	-	3	1.206762	I:	D:
7574	10897	-	2	1.228006	I:	D:
10894	11502	-	1	1.247327	I:	D:
11486	12919	-	2	1.222988	I:	D:
13356	13682	-	3	1.230155	I:	D:
13689	15344	-	3	1.228486	I:	D:
15626	16087	+	2	1.235594	I:	D:
>YB2_12756
88	720	-	1	1.269658	I:	D:
863	1780	+	2	1.244475	I:	D:
1968	2930	+	3	1.240799	I:	D:
3000	4025	+	3	1.254617	I:	D:
4045	4893	+	1	1.274917	I:	D:
4976	5776	+	2	1.243622	I:	D:
5834	6244	-	2	1.268131	I:	D:
6443	6892	-	2	1.229857	I:	D:
7063	7386	+	1	1.245347	I:	D:
8117	8554	+	2	1.256899	I:	D:
8697	9914	+	3	1.249311	I:	D:
9916	10365	+	1	1.272428	I:	D:
10499	11293	+	2	1.239997	I:	D:
11290	11880	+	1	1.261173	I:	D:
11953	13269	+	1	1.256452	I:	D:
13518	14084	+	3	1.256283	I:	D:
14091	14900	+	3	1.252601	I:	D:
14917	15660	+	1	1.243987	I:	D:
15667	16023	+	1	1.257898	I:	D:
>YB2_12769
2	223	+	2	1.234565	I:	D:
294	1235	-	3	1.387520	I:	D:
1479	2600	-	3	1.235021	I:	D:
3034	3996	+	1	1.279834	I:	D:
4038	4913	+	3	1.245893	I:	D:
4969	5199	-	1	1.340846	I:	D:
5361	5618	-	3	1.322795	I:	D:
5669	6151	-	2	1.273455	I:	D:
6182	6466	-	2	1.272205	I:	D:
6869	8032	+	2	1.229475	I:	D:
8105	9865	-	2	1.245256	I:	D:
10134	11972	-	3	1.263166	I:	D:
12106	12588	-	1	1.267187	I:	D:
12601	14721	-	1	1.236869	I:	D:
14853	15101	-	3	1.231553	I:	D:
15207	15953	-	3	1.280563	I:	D:
>YB2_12780
503	2674	+	2	1.251004	I:	D:
2786	3340	+	2	1.265307	I:	D:
3404	4981	-	2	1.242347	I:	D:
5202	6230	+	3	1.234457	I:	D:
6486	7781	+	3	1.218773	I:	D:
7839	10139	-	3	1.234631	I:	D:
10164	10859	-	3	1.234115	I:	D:
10875	12107	-	3	1.248004	I:	D:
12184	13161	-	1	1.261090	I:	D:
13246	14061	-	1	1.250512	I:	D:
14055	14975	-	3	1.266004	I:	D:
14990	15829	-	2	1.234429	I:	D:
>YB2_12790
3	1004	+	3	1.293669	I:	D:
1022	1198	+	2	1.315109	I:	D:
1297	1554	-	1	1.318286	I:	D:
2087	3457	+	2	1.242332	I:	D:
3956	4270	-	2	1.241060	I:	D:
4591	5589	-	1	1.267341	I:	D:
5608	7149	-	1	1.247220	I:	D:
7319	8386	-	2	1.285799	I:	D:
8881	10797	+	1	1.275663	I:	D:
10807	11154	+	1	1.282119	I:	D:
11229	12368	-	3	1.259200	I:	D:
12599	13753	-	2	1.238663	I:	D:
14062	14727	-	1	1.250077	I:	D:
14770	14907	-	1	1.260856	I:	D:
14966	15583	-	2	1.244559	I:	D:
15671	15826	-	2	1.222652	I:	D:
>YB2_12994
644	1561	-	2	1.240880	I:	D:
1558	2763	-	1	1.233943	I:	D:
3012	3866	-	3	1.228194	I:	D:
3881	5110	-	2	1.239505	I:	D:
5264	6205	-	2	1.246139	I:	D:
6202	7602	-	1	1.230239	I:	D:
7916	9151	-	2	1.251364	I:	D:
9487	9771	-	1	1.248270	I:	D:
9758	10585	-	2	1.248536	I:	D:
10709	11362	-	2	1.260127	I:	D:
11542	12918	-	1	1.244041	I:	D:
13104	13856	-	3	1.288902	I:	D:
13879	14646	-	1	1.253669	I:	D:
>YB2_13083
159	2186	+	3	1.348177	I:	D:
2256	2693	-	3	1.245295	I:	D:
2695	3636	-	1	1.249924	I:	D:
3656	4411	-	2	1.260824	I:	D:
4589	5131	+	2	1.258243	I:	D:
5331	7307	+	3	1.312894	I:	D:
7750	7884	-	1	1.326201	I:	D:
7916	9283	-	2	1.244357	I:	D:
9476	10708	-	2	1.240788	I:	D:
10965	12356	-	3	1.261229	I:	D:
12561	13580	+	3	1.241315	I:	D:
13739	14119	-	2	1.221238	I:	D:
>YB2_13086
199	1176	+	1	1.222083	I:	D:
1184	2488	+	2	1.267595	I:	D:
2686	4722	+	1	1.234317	I:	D:
4912	5853	+	1	1.245617	I:	D:
5853	6884	+	3	1.224125	I:	D:
6897	7949	+	3	1.248895	I:	D:
7951	8883	+	1	1.244330	I:	D:
9033	10760	+	3	1.252067	I:	D:
10785	11921	+	3	1.249177	I:	D:
11983	12549	-	1	1.246668	I:	D:
12687	13127	-	3	1.260377	I:	D:
13647	14111	-	3	1.247161	I:	D:
>YB2_13298
210	830	-	3	1.275711	I:	D:
1009	3162	-	1	1.252357	I:	D:
3271	3963	+	1	1.243028	I:	D:
4036	4650	+	1	1.334065	I:	D:
4625	4858	+	2	1.339106	I:	D:
5106	6674	-	3	1.261360	I:	D:
6677	7579	-	2	1.238952	I:	D:
7576	7875	-	1	1.259451	I:	D:
8280	9155	-	3	1.268189	I:	D:
9182	10582	-	2	1.255793	I:	D:
10614	11804	-	3	1.256518	I:	D:
11910	12836	-	3	1.282035	I:	D:
>YB2_13303
100	1467	-	1	1.246614	I:	D:
1652	3463	-	2	1.233417	I:	D:
3762	4910	-	3	1.243407	I:	D:
4916	6001	-	2	1.249168	I:	D:
6370	6498	+	1	1.255166	I:	D:
6536	6931	-	2	1.224820	I:	D:
7207	7341	-	1	1.288027	I:	D:
7719	9041	+	3	1.245751	I:	D:
9440	10546	+	2	1.250999	I:	D:
10560	10775	+	3	1.211547	I:	D:
10804	10986	-	1	1.298145	I:	D:
10775	11896	+	2	1.265866	I:	D:
11901	12155	+	3	1.271798	I:	D:
12226	13074	+	1	1.225759	I:	D:
>YB2_13332
1	312	+	1	1.213288	I:	D:
316	1461	+	1	1.238752	I:	D:
1529	2635	-	2	1.270721	I:	D:
2714	3994	-	2	1.237584	I:	D:
3994	4497	-	1	1.265046	I:	D:
4589	5641	-	2	1.267355	I:	D:
5895	7193	-	3	1.273214	I:	D:
7190	7861	-	2	1.226667	I:	D:
7858	9192	-	1	1.253170	I:	D:
9189	10160	-	3	1.250985	I:	D:
10320	11306	+	3	1.260435	I:	D:
11460	12464	+	3	1.239751	I:	D:
12765	12908	-	3	1.269179	I:	D:
>YB2_13378
3	1220	-	3	1.232188	I:	D:
1283	4624	-	2	1.225129	I:	D:
5131	5562	+	1	1.252503	I:	D:
5824	6315	+	1	1.269807	I:	D:
6433	7152	-	1	1.232705	I:	D:
7436	7756	+	2	1.210193	I:	D:
7812	7985	-	3	1.357009	I:	D:
8039	8371	-	2	1.215678	I:	D:
8564	9445	-	2	1.216302	I:	D:
9459	10592	-	3	1.231534	I:	D:
10631	11110	-	2	1.224328	I:	D:
11356	11625	+	1	1.245230	I:	D:
11638	12660	+	1	1.201779	I:	D:
>YB2_13437
3	2054	-	3	1.310367	I:	D:
2753	3100	+	2	1.266334	I:	D:
3141	5717	+	3	1.229835	I:	D:
5969	7303	-	2	1.230782	I:	D:
7379	8200	-	2	1.287666	I:	D:
8181	10190	+	3	1.265800	I:	D:
10231	10743	-	1	1.269564	I:	D:
11358	12440	-	3	1.302454	I:	D:
>YB2_13577
1	432	+	1	1.271324	I:	D:
580	1041	+	1	1.211739	I:	D:
1105	2313	+	1	1.262748	I:	D:
2376	3341	-	3	1.258055	I:	D:
3360	4220	-	3	1.242803	I:	D:
4210	5487	-	1	1.266668	I:	D:
5489	6505	-	2	1.247548	I:	D:
6578	7042	-	2	1.225165	I:	D:
7023	8285	-	3	1.238272	I:	D:
8285	9427	-	2	1.232109	I:	D:
9432	10475	-	3	1.218097	I:	D:
10472	11542	-	2	1.236488	I:	D:
11735	11890	-	2	1.329311	I:	D:
>YB2_13618
3	335	-	3	1.272120	I:	D:
380	856	-	2	1.263455	I:	D:
1073	2272	+	2	1.287022	I:	D:
2303	3268	+	2	1.268961	I:	D:
3402	4253	+	3	1.257452	I:	D:
4420	4707	-	1	1.238308	I:	D:
4711	5154	-	1	1.253865	I:	D:
5191	6369	-	1	1.258464	I:	D:
6681	7820	+	3	1.257722	I:	D:
7852	9141	+	1	1.242644	I:	D:
9193	9450	+	1	1.218101	I:	D:
9505	9777	-	1	1.257130	I:	D:
9793	10521	-	1	1.244343	I:	D:
10801	11529	-	1	1.279796	I:	D:
11636	11770	-	2	1.202415	I:	D:
>YB2_13622
1	354	-	1	1.266760	I:	D:
380	1180	-	2	1.233727	I:	D:
1336	1932	-	1	1.260575	I:	D:
1926	2972	-	3	1.235068	I:	D:
2975	4453	-	2	1.241932	I:	D:
4453	4953	-	1	1.231055	I:	D:
4037	5182	+	2	1.379954	I:	D:
5522	6004	-	2	1.248536	I:	D:
6296	7309	+	2	1.243163	I:	D:
7837	8256	+	1	1.228581	I:	D:
8253	9353	+	3	1.255153	I:	D:
9447	10223	-	3	1.303589	I:	D:
10489	11490	-	1	1.235776	I:	D:
>YB2_13643
3	539	+	3	1.230133	I:	D:
745	1077	+	1	1.284851	I:	D:
1170	1496	+	3	1.371572	I:	D:
1635	2816	-	3	1.256055	I:	D:
3004	4836	-	1	1.246302	I:	D:
4929	5555	-	3	1.224990	I:	D:
5552	6625	-	2	1.222569	I:	D:
6816	7358	-	3	1.237655	I:	D:
7508	8755	+	2	1.222202	I:	D:
8803	10320	-	1	1.229857	I:	D:
10712	11008	-	2	1.237549	I:	D:
11090	11683	+	2	1.265303	I:	D:
>YB2_13652
3	500	-	3	1.315468	I:	D:
525	995	-	3	1.265108	I:	D:
1159	1587	-	1	1.343984	I:	D:
1992	5567	-	3	1.243126	I:	D:
5701	9528	-	1	1.247817	I:	D:
9918	10997	-	3	1.232493	I:	D:
11034	11648	-	3	1.267185	I:	D:
>YB2_13785
3	176	-	3	1.277668	I:	D:
903	2324	-	3	1.257994	I:	D:
2605	3243	-	1	1.290137	I:	D:
3465	3680	-	3	1.369305	I:	D:
5545	6030	-	1	1.252663	I:	D:
6662	8911	-	2	1.241667	I:	D:
8924	10915	-	2	1.264616	I:	D:
>YB2_13809
3	560	-	3	1.305688	I:	D:
623	1231	-	2	1.312324	I:	D:
1228	1893	-	1	1.234112	I:	D:
1917	3206	-	3	1.265914	I:	D:
3335	4120	-	2	1.268649	I:	D:
4267	4497	-	1	1.359633	I:	D:
4501	4824	-	1	1.341704	I:	D:
4937	5644	-	2	1.238408	I:	D:
5755	6837	+	1	1.269508	I:	D:
6841	7530	-	1	1.270511	I:	D:
7549	8148	-	1	1.266228	I:	D:
8145	8918	-	3	1.245559	I:	D:
9079	10359	+	1	1.225876	I:	D:
10406	11146	-	2	1.246120	I:	D:
>YB2_13840
3	557	-	3	1.265146	I:	D:
740	1414	-	2	1.259275	I:	D:
1695	2396	+	3	1.253730	I:	D:
2523	3146	+	3	1.260157	I:	D:
3310	3867	+	1	1.323924	I:	D:
4115	4750	+	2	1.237587	I:	D:
4899	5222	+	3	1.280710	I:	D:
5219	5548	+	2	1.235060	I:	D:
5590	6960	-	1	1.260135	I:	D:
7033	7857	-	1	1.256603	I:	D:
7864	8499	-	1	1.238077	I:	D:
8894	9217	-	2	1.223970	I:	D:
9350	11020	-	2	1.244230	I:	D:
>YB2_14100
460	1344	+	1	1.249326	I:	D:
1571	2098	+	2	1.233635	I:	D:
2190	2390	+	3	1.254048	I:	D:
2394	3194	+	3	1.246404	I:	D:
3322	5562	-	1	1.292074	I:	D:
5860	6810	+	1	1.219531	I:	D:
6873	8657	-	3	1.233304	I:	D:
8700	9419	-	3	1.234278	I:	D:
9425	9985	-	2	1.241801	I:	D:
10001	10282	-	2	1.267881	I:	D:
>YB2_14161
3	407	-	3	1.282628	I:	D:
411	2537	-	3	1.268622	I:	D:
2741	4684	+	2	1.290465	I:	D:
4690	7626	+	1	1.262217	I:	D:
7742	10123	-	2	1.281642	I:	D:
>YB2_14315
3	239	-	3	1.254795	I:	D:
256	639	-	1	1.304382	I:	D:
686	2005	-	2	1.236649	I:	D:
2152	2988	-	1	1.217837	I:	D:
3109	3495	-	1	1.196052	I:	D:
3605	4327	-	2	1.224549	I:	D:
4324	4857	-	1	1.194186	I:	D:
4854	5504	-	3	1.235051	I:	D:
5585	6259	-	2	1.230807	I:	D:
6454	6642	+	1	1.375085	I:	D:
6719	6895	+	2	1.253446	I:	D:
6912	7670	+	3	1.232053	I:	D:
7689	8522	+	3	1.233570	I:	D:
8570	9775	-	2	1.220384	I:	D:
>YB2_14338
1	282	+	1	1.301106	I:	D:
279	815	+	3	1.278146	I:	D:
886	1434	+	1	1.253211	I:	D:
1503	1700	-	3	1.315646	I:	D:
1956	3278	+	3	1.266256	I:	D:
3278	4231	+	2	1.226031	I:	D:
4270	4776	+	1	1.221783	I:	D:
4793	5455	+	2	1.240444	I:	D:
5460	6092	+	3	1.247016	I:	D:
6108	7028	+	3	1.288112	I:	D:
7344	8474	+	3	1.220061	I:	D:
8692	9324	-	1	1.282633	I:	D:
>YB2_14353
1	318	+	1	1.194051	I:	D:
331	810	+	1	1.216799	I:	D:
823	1062	+	1	1.233649	I:	D:
1154	2299	+	2	1.260182	I:	D:
2349	3728	-	3	1.228741	I:	D:
4079	5518	-	2	1.242451	I:	D:
5648	5881	-	2	1.229735	I:	D:
6182	7021	+	2	1.239857	I:	D:
7131	8318	+	3	1.230906	I:	D:
8379	9260	-	3	1.241655	I:	D:
9458	9655	-	2	1.284149	I:	D:
>YB2_14413
1	1608	-	1	1.266339	I:	D:
1876	3630	-	1	1.231930	I:	D:
3646	4422	-	1	1.236222	I:	D:
4419	5084	-	3	1.240509	I:	D:
5085	5339	-	3	1.254826	I:	D:
6269	6556	-	2	1.329633	I:	D:
6856	8052	-	1	1.246549	I:	D:
8280	9479	+	3	1.266769	I:	D:
>YB2_14416
1	1110	+	1	1.219654	I:	D:
1163	2749	-	2	1.237434	I:	D:
2965	3357	+	1	1.382610	I:	D:
3383	5113	+	2	1.224649	I:	D:
5295	6458	+	3	1.222917	I:	D:
6476	7375	+	2	1.216307	I:	D:
7372	8664	+	1	1.248854	I:	D:
8669	9517	+	2	1.214184	I:	D:
>YB2_14424
492	1511	-	3	1.218845	I:	D:
1525	1986	-	1	1.216851	I:	D:
2033	3271	-	2	1.249697	I:	D:
3692	4609	-	2	1.230069	I:	D:
4637	6793	-	2	1.237158	I:	D:
6809	7453	-	2	1.261085	I:	D:
7476	8393	-	3	1.260010	I:	D:
8531	9295	-	2	1.262951	I:	D:
>YB2_14441
253	729	+	1	1.286136	I:	D:
787	1632	-	1	1.263101	I:	D:
1964	3349	+	2	1.251019	I:	D:
3475	4908	-	1	1.252813	I:	D:
5230	6744	+	1	1.260693	I:	D:
6984	8474	+	3	1.241779	I:	D:
8649	8810	+	3	1.272472	I:	D:
8816	9457	+	2	1.255963	I:	D:
>YB2_14448
1	1053	+	1	1.249297	I:	D:
1194	1673	-	3	1.273041	I:	D:
1773	3452	-	3	1.234889	I:	D:
3846	4232	-	3	1.228554	I:	D:
4410	5162	+	3	1.285995	I:	D:
5393	5731	+	2	1.249412	I:	D:
5807	6028	+	2	1.266144	I:	D:
6264	8147	+	3	1.227210	I:	D:
8263	9000	+	1	1.224221	I:	D:
8997	9326	+	3	1.228988	I:	D:
>YB2_14531
1	156	+	1	1.251668	I:	D:
298	897	+	1	1.237523	I:	D:
1216	1905	+	1	1.260002	I:	D:
1946	4333	+	2	1.205628	I:	D:
4378	5445	-	1	1.214046	I:	D:
5442	6113	-	3	1.225723	I:	D:
6353	7243	-	2	1.237387	I:	D:
7318	8250	-	1	1.215090	I:	D:
8257	9234	-	1	1.233233	I:	D:
>YB2_14668
1	393	+	1	1.219367	I:	D:
430	2046	-	1	1.254627	I:	D:
2043	2669	-	3	1.248331	I:	D:
2800	3429	+	1	1.236459	I:	D:
3489	3890	-	3	1.217343	I:	D:
3894	5288	-	3	1.217682	I:	D:
5464	6312	-	1	1.231251	I:	D:
6332	7852	-	2	1.230285	I:	D:
8037	8576	-	3	1.230304	I:	D:
8573	8989	-	2	1.179678	I:	D:
>YB2_14672
247	3732	+	1	1.223166	I:	D:
3753	4862	+	3	1.214558	I:	D:
6090	7862	-	3	1.239194	I:	D:
7878	8981	-	3	1.231590	I:	D:
>YB2_14873
1	465	+	1	1.247844	I:	D:
552	1106	+	3	1.224948	I:	D:
1196	1909	+	2	1.246990	I:	D:
2050	2910	+	1	1.235362	I:	D:
2934	4085	+	3	1.243113	I:	D:
4099	5211	+	1	1.234796	I:	D:
5225	6271	+	2	1.247740	I:	D:
6274	6768	-	1	1.301338	I:	D:
6268	6876	+	1	1.314015	I:	D:
6987	8603	+	3	1.248914	I:	D:
>YB2_15032
3	503	+	3	1.302041	I:	D:
661	1170	+	1	1.274297	I:	D:
1183	2283	+	1	1.220380	I:	D:
2567	3817	+	2	1.235920	I:	D:
3862	4530	-	1	1.274696	I:	D:
4812	6071	+	3	1.250730	I:	D:
6097	6621	+	1	1.243830	I:	D:
6734	8074	+	2	1.258899	I:	D:
>YB2_15076
2	667	+	2	1.326652	I:	D:
734	1846	+	2	1.257368	I:	D:
1998	2768	+	3	1.261911	I:	D:
2816	3838	-	2	1.251502	I:	D:
3979	5577	-	1	1.263523	I:	D:
5603	6424	-	2	1.256503	I:	D:
6538	7671	-	1	1.278167	I:	D:
>YB2_15094
575	1960	+	2	1.240188	I:	D:
2019	3170	-	3	1.262107	I:	D:
3667	4686	+	1	1.243007	I:	D:
4687	5280	-	1	1.252418	I:	D:
5451	7856	+	3	1.248752	I:	D:
7995	8189	+	3	1.323085	I:	D:
>YB2_15111
1	429	+	1	1.237281	I:	D:
671	1162	+	2	1.232829	I:	D:
1149	2222	+	3	1.246061	I:	D:
2557	4104	-	1	1.222175	I:	D:
4121	5470	-	2	1.258365	I:	D:
5547	6629	-	3	1.249476	I:	D:
6696	7076	-	3	1.207913	I:	D:
7131	8156	-	3	1.227984	I:	D:
>YB2_15114
1	309	+	1	1.230036	I:	D:
797	2101	-	2	1.236797	I:	D:
2150	2401	+	2	1.360722	I:	D:
2515	2736	-	1	1.256767	I:	D:
2880	3923	-	3	1.260376	I:	D:
4010	4183	+	2	1.340358	I:	D:
4258	5646	-	1	1.235117	I:	D:
5994	7121	-	3	1.248882	I:	D:
7177	7956	-	1	1.217053	I:	D:
>YB2_15197
2	862	+	2	1.202194	I:	D:
884	1585	+	2	1.218369	I:	D:
1903	3312	+	1	1.213610	I:	D:
3564	4361	+	3	1.260063	I:	D:
4402	6420	-	1	1.244771	I:	D:
6556	8022	+	1	1.266580	I:	D:
>YB2_15272
43	1215	-	1	1.227132	I:	D:
1462	2601	+	1	1.234494	I:	D:
2660	3097	-	2	1.272251	I:	D:
3367	4299	+	1	1.217112	I:	D:
4555	7167	+	1	1.229747	I:	D:
7345	7884	+	1	1.258005	I:	D:
>YB2_15273
1	369	+	1	1.297759	I:	D:
713	1174	-	2	1.266608	I:	D:
1221	3554	-	3	1.244510	I:	D:
3711	4991	-	3	1.273839	I:	D:
5218	6549	-	1	1.240802	I:	D:
6590	7189	-	2	1.250133	I:	D:
7341	7883	-	3	1.245860	I:	D:
>YB2_15285
1	321	+	1	1.232106	I:	D:
578	733	+	2	1.359911	I:	D:
783	2807	+	3	1.266443	I:	D:
3232	5259	+	1	1.278739	I:	D:
5287	6237	+	1	1.249073	I:	D:
6237	7178	+	3	1.254864	I:	D:
7203	7877	+	3	1.234862	I:	D:
>YB2_15429
3	914	-	3	1.248554	I:	D:
1274	3361	-	2	1.223923	I:	D:
3522	4562	-	3	1.256868	I:	D:
4679	5458	-	2	1.232426	I:	D:
5539	5889	-	1	1.261219	I:	D:
5944	6147	-	1	1.281808	I:	D:
6166	6795	-	1	1.269027	I:	D:
7181	7666	-	2	1.246298	I:	D:
>YB2_15452
3	542	-	3	1.252723	I:	D:
536	1486	-	2	1.233539	I:	D:
1548	2969	-	3	1.227214	I:	D:
3208	3909	-	1	1.230083	I:	D:
4162	5478	-	1	1.242252	I:	D:
5624	5965	-	2	1.280960	I:	D:
5991	6989	-	3	1.267775	I:	D:
7061	7636	-	2	1.275956	I:	D:
>YB2_15519
3	344	-	3	1.240646	I:	D:
338	940	-	2	1.253063	I:	D:
1032	1412	-	3	1.260834	I:	D:
1561	2559	+	1	1.251279	I:	D:
2621	3538	-	2	1.229449	I:	D:
3643	3984	-	1	1.239800	I:	D:
4117	4302	+	1	1.278195	I:	D:
4409	6994	+	2	1.219906	I:	D:
6999	7559	+	3	1.217487	I:	D:
>YB2_15521
2	382	+	2	1.239665	I:	D:
607	2145	+	1	1.234906	I:	D:
2146	3312	+	1	1.242327	I:	D:
3314	4231	+	2	1.223056	I:	D:
4431	5750	+	3	1.217707	I:	D:
5935	7293	+	1	1.235977	I:	D:
7309	7557	+	1	1.224679	I:	D:
>YB2_15568
19	1506	-	1	1.262827	I:	D:
1849	2907	+	1	1.229811	I:	D:
3044	3223	+	2	1.306833	I:	D:
3229	3594	+	1	1.348862	I:	D:
3824	4339	-	2	1.281438	I:	D:
4407	4997	-	3	1.266741	I:	D:
5528	5710	+	2	1.295235	I:	D:
5884	6372	+	1	1.243537	I:	D:
6464	6787	+	2	1.254159	I:	D:
6876	7427	+	3	1.220071	I:	D:
>YB2_15645
203	1069	+	2	1.243091	I:	D:
1072	2205	+	1	1.237958	I:	D:
2219	3238	+	2	1.211452	I:	D:
3235	5172	+	1	1.234060	I:	D:
5217	5858	+	3	1.207825	I:	D:
5862	6629	+	3	1.229801	I:	D:
6626	7411	+	2	1.221689	I:	D:
>YB2_15663
1	387	+	1	1.285727	I:	D:
388	1206	+	1	1.299559	I:	D:
1313	2725	+	2	1.282799	I:	D:
2744	3937	+	2	1.306686	I:	D:
3988	4626	+	1	1.359491	I:	D:
4984	5817	-	1	1.322349	I:	D:
5822	7381	-	2	1.261354	I:	D:
>YB2_15802
176	442	-	2	1.308310	I:	D:
541	1185	-	1	1.238931	I:	D:
1182	2105	-	3	1.221711	I:	D:
2102	2644	-	2	1.267701	I:	D:
2777	3133	-	2	1.271696	I:	D:
3323	3937	-	2	1.254480	I:	D:
3942	5804	-	3	1.252935	I:	D:
5853	6302	-	3	1.284799	I:	D:
6299	6805	-	2	1.272571	I:	D:
6921	7220	-	3	1.288336	I:	D:
>YB2_15806
1	819	+	1	1.265245	I:	D:
1291	1578	+	1	1.372044	I:	D:
1649	3433	+	2	1.262582	I:	D:
3439	3582	+	1	1.308201	I:	D:
3633	4175	-	3	1.367061	I:	D:
4266	5345	-	3	1.259371	I:	D:
5893	6546	-	1	1.298802	I:	D:
7008	7211	+	3	1.254010	I:	D:
>YB2_15944
1	1233	-	1	1.256816	I:	D:
1713	2315	-	3	1.243011	I:	D:
2394	3035	-	3	1.234415	I:	D:
3298	3984	+	1	1.236197	I:	D:
4117	7014	+	1	1.233096	I:	D:
>YB2_15995
48	1088	-	3	1.232949	I:	D:
1695	3233	-	3	1.257296	I:	D:
3308	4159	-	2	1.243297	I:	D:
4285	4851	+	1	1.278511	I:	D:
4952	6979	-	2	1.294500	I:	D:
>YB2_16117
3	623	-	3	1.223869	I:	D:
645	1559	-	3	1.248793	I:	D:
1556	1936	-	2	1.271419	I:	D:
2317	2577	-	1	1.242139	I:	D:
2676	3533	-	3	1.251744	I:	D:
3608	5137	-	2	1.238548	I:	D:
5482	5619	+	1	1.245800	I:	D:
5695	6435	+	1	1.339530	I:	D:
6519	6848	+	3	1.397387	I:	D:
>YB2_16174
1	375	-	1	1.357963	I:	D:
863	1372	-	2	1.311835	I:	D:
1510	2364	+	1	1.297861	I:	D:
2459	3502	-	2	1.257747	I:	D:
3495	4862	-	3	1.247391	I:	D:
4875	5729	-	3	1.239570	I:	D:
6258	6782	+	3	1.261247	I:	D:
>YB2_16420
3	386	-	3	1.212320	I:	D:
406	1971	-	1	1.224578	I:	D:
2074	5076	-	1	1.254316	I:	D:
5131	6492	-	1	1.273464	I:	D:
>YB2_16430
1	1770	+	1	1.238094	I:	D:
1899	2648	-	3	1.303523	I:	D:
2882	3511	-	2	1.262093	I:	D:
3813	5648	-	3	1.238868	I:	D:
>YB2_16492
1	831	+	1	1.222709	I:	D:
964	1896	-	1	1.251035	I:	D:
1924	3240	-	1	1.235519	I:	D:
3244	4443	-	1	1.248218	I:	D:
4453	5604	-	1	1.226176	I:	D:
5749	6036	-	1	1.266025	I:	D:
6205	6432	+	1	1.275874	I:	D:
>YB2_16563
3	380	-	3	1.273185	I:	D:
710	1312	-	2	1.249496	I:	D:
1413	2504	-	3	1.242907	I:	D:
2052	2966	+	3	1.185796	I:	D:
3045	3788	+	3	1.223632	I:	D:
3838	5448	-	1	1.215845	I:	D:
5445	6368	-	3	1.261821	I:	D:
>YB2_16703
1	912	+	1	1.245191	I:	D:
919	2238	+	1	1.255062	I:	D:
2350	2820	+	1	1.253888	I:	D:
2804	3625	+	2	1.270868	I:	D:
3644	4408	+	2	1.227628	I:	D:
4525	6255	+	1	1.258488	I:	D:
>YB2_16774
3	245	-	3	1.270255	I:	D:
420	1316	+	3	1.291932	I:	D:
1574	2794	+	2	1.250641	I:	D:
2819	3781	+	2	1.237217	I:	D:
3809	4282	+	2	1.248348	I:	D:
4335	5039	-	3	1.262262	I:	D:
5046	5903	-	3	1.250722	I:	D:
>YB2_16823
294	1388	+	3	1.273745	I:	D:
1640	2665	+	2	1.248164	I:	D:
2874	5213	+	3	1.242015	I:	D:
5342	5779	+	2	1.260574	I:	D:
5776	6138	+	1	1.227475	I:	D:
>YB2_16978
16	903	+	1	1.231348	I:	D:
1121	1999	+	2	1.273641	I:	D:
1996	2493	+	1	1.259696	I:	D:
2587	3213	+	1	1.241666	I:	D:
3244	4395	+	1	1.241529	I:	D:
4397	5155	+	2	1.269217	I:	D:
5152	6021	+	1	1.261335	I:	D:
>YB2_17106
1	516	+	1	1.258425	I:	D:
572	1810	-	2	1.249574	I:	D:
1925	4762	-	2	1.244750	I:	D:
4950	5471	-	3	1.313742	I:	D:
>YB2_17218
1	561	+	1	1.267740	I:	D:
635	2050	-	2	1.240922	I:	D:
2075	2209	-	2	1.336910	I:	D:
2356	3213	+	1	1.255991	I:	D:
3364	4968	+	1	1.217776	I:	D:
5109	5858	+	3	1.246237	I:	D:
>YB2_17254
2	688	-	2	1.262229	I:	D:
688	1386	-	1	1.302405	I:	D:
1383	3683	-	3	1.259923	I:	D:
3680	4153	-	2	1.291806	I:	D:
4164	4946	-	3	1.237175	I:	D:
5074	5700	+	1	1.268961	I:	D:
>YB2_17433
349	819	+	1	1.248947	I:	D:
1113	2855	+	3	1.250029	I:	D:
2839	4485	+	1	1.247990	I:	D:
4499	5401	+	2	1.299605	I:	D:
5530	5658	-	1	1.268675	I:	D:
>YB2_17435
1	363	+	1	1.219678	I:	D:
524	2434	-	2	1.250774	I:	D:
2694	3278	-	3	1.243283	I:	D:
3659	5695	-	2	1.203501	I:	D:
>YB2_17446
3	323	-	3	1.236501	I:	D:
784	1026	+	1	1.305835	I:	D:
1010	1417	+	2	1.310199	I:	D:
1578	1796	+	3	1.284705	I:	D:
1919	2425	-	2	1.297369	I:	D:
2736	4454	-	3	1.274937	I:	D:
4558	5688	+	1	1.249954	I:	D:
>YB2_17475
2	1039	-	2	1.237284	I:	D:
1400	2320	-	2	1.263502	I:	D:
2454	4460	+	3	1.252151	I:	D:
4713	5666	+	3	1.235683	I:	D:
>YB2_17487
1	999	+	1	1.255230	I:	D:
996	1784	+	3	1.227796	I:	D:
1781	2452	+	2	1.268528	I:	D:
2479	3294	+	1	1.239411	I:	D:
3379	4452	+	1	1.258148	I:	D:
4465	5655	+	1	1.226387	I:	D:
>YB2_17494
1	138	+	1	1.295574	I:	D:
135	446	+	3	1.241337	I:	D:
459	1304	+	3	1.275174	I:	D:
1347	2162	-	3	1.262661	I:	D:
2152	3204	-	1	1.293850	I:	D:
3224	3454	-	2	1.297301	I:	D:
3456	4595	-	3	1.291628	I:	D:
4592	5194	-	2	1.239117	I:	D:
5219	5647	-	2	1.289244	I:	D:
>YB2_17644
222	383	+	3	1.284929	I:	D:
519	656	-	3	1.383901	I:	D:
937	2997	+	1	1.246492	I:	D:
3035	3727	-	2	1.274325	I:	D:
3999	5354	+	3	1.258761	I:	D:
>YB2_17760
63	827	-	3	1.258418	I:	D:
849	1574	-	3	1.232140	I:	D:
1760	2635	+	2	1.234523	I:	D:
2669	4039	+	2	1.243044	I:	D:
4097	4705	+	2	1.209011	I:	D:
4835	5452	+	2	1.242721	I:	D:
>YB2_17951
231	611	-	3	1.286137	I:	D:
1826	2668	+	2	1.266323	I:	D:
2693	3394	+	2	1.244641	I:	D:
3476	4243	+	2	1.210133	I:	D:
4278	4529	-	3	1.238609	I:	D:
4826	5311	+	2	1.233411	I:	D:
>YB2_18189
3	422	+	3	1.261249	I:	D:
434	3052	+	2	1.233080	I:	D:
3055	3954	+	1	1.244734	I:	D:
4031	4756	+	2	1.259141	I:	D:
4809	5168	-	3	1.266779	I:	D:
>YB2_18243
25	825	+	1	1.247447	I:	D:
1519	2847	-	1	1.264111	I:	D:
3003	3869	-	3	1.243076	I:	D:
3886	4737	-	1	1.269161	I:	D:
4928	5134	-	2	1.357508	I:	D:
>YB2_18333
1	519	+	1	1.241092	I:	D:
633	2003	+	3	1.243085	I:	D:
2053	2616	-	1	1.242435	I:	D:
2604	3563	-	3	1.274046	I:	D:
3965	4282	-	2	1.316850	I:	D:
4308	5078	-	3	1.284737	I:	D:
>YB2_18354
1	1761	+	1	1.268795	I:	D:
1892	2773	+	2	1.304038	I:	D:
2770	3222	+	1	1.296849	I:	D:
3244	3438	+	1	1.196753	I:	D:
3435	3815	+	3	1.294428	I:	D:
3812	4900	+	2	1.291990	I:	D:
>YB2_18385
344	991	+	2	1.340643	I:	D:
1148	1972	-	2	1.221727	I:	D:
1974	2906	-	3	1.236264	I:	D:
2928	4025	-	3	1.243186	I:	D:
4478	5041	-	2	1.252866	I:	D:
>YB2_18472
1	1515	-	1	1.257132	I:	D:
1862	2071	-	2	1.356150	I:	D:
2135	2935	+	2	1.226097	I:	D:
2951	3847	+	2	1.257133	I:	D:
4006	4332	+	1	1.398400	I:	D:
4516	4941	+	1	1.300164	I:	D:
>YB2_18508
1	360	+	1	1.287306	I:	D:
421	1380	-	1	1.264304	I:	D:
1642	2181	-	1	1.267518	I:	D:
2379	4979	-	3	1.244213	I:	D:
>YB2_18673
1	561	+	1	1.233788	I:	D:
561	2489	+	3	1.226580	I:	D:
2873	3478	-	2	1.256688	I:	D:
3648	4661	-	3	1.277152	I:	D:
4679	4888	-	2	1.264352	I:	D:
>YB2_18854
38	589	-	2	1.256763	I:	D:
799	2160	-	1	1.233673	I:	D:
2519	3643	+	2	1.277637	I:	D:
3665	4528	+	2	1.269076	I:	D:
>YB2_18936
1	489	+	1	1.221891	I:	D:
553	1377	-	1	1.230953	I:	D:
1577	2872	-	2	1.222452	I:	D:
3039	3722	+	3	1.244198	I:	D:
3726	4601	+	3	1.234339	I:	D:
>YB2_18958
3	281	-	3	1.258718	I:	D:
268	1089	-	1	1.246017	I:	D:
1105	1620	-	1	1.237633	I:	D:
2288	3586	+	2	1.239656	I:	D:
3602	4687	+	2	1.269721	I:	D:
>YB2_18965
3	1154	-	3	1.226941	I:	D:
1167	2459	-	3	1.234565	I:	D:
2509	3618	-	1	1.231029	I:	D:
3643	4254	-	1	1.164523	I:	D:
4247	4750	-	2	1.191238	I:	D:
>YB2_19038
194	1189	-	2	1.270590	I:	D:
1186	4515	-	1	1.250924	I:	D:
>YB2_19215
3	305	+	3	1.363208	I:	D:
211	948	+	1	1.241993	I:	D:
941	1648	+	2	1.205529	I:	D:
2142	3539	-	3	1.246894	I:	D:
3752	4492	+	2	1.309492	I:	D:
>YB2_19234
1	1140	+	1	1.242145	I:	D:
1214	1690	+	2	1.199373	I:	D:
1694	2626	+	2	1.259224	I:	D:
2623	3456	+	1	1.231086	I:	D:
3535	3870	+	1	1.299546	I:	D:
3904	4623	+	1	1.267652	I:	D:
>YB2_19252
3	236	-	3	1.237811	I:	D:
408	986	-	3	1.268581	I:	D:
1131	2021	-	3	1.232182	I:	D:
2099	2536	+	2	1.199311	I:	D:
2650	3675	+	1	1.252173	I:	D:
3672	4028	+	3	1.213377	I:	D:
4137	4400	+	3	1.304422	I:	D:
>YB2_19311
3	308	+	3	1.421310	I:	D:
336	2060	-	3	1.216553	I:	D:
2108	3847	-	2	1.217753	I:	D:
4025	4579	+	2	1.247492	I:	D:
>YB2_19433
1	1446	+	1	1.241043	I:	D:
1585	3057	+	1	1.239209	I:	D:
3138	3383	+	3	1.236198	I:	D:
3387	4517	+	3	1.265577	I:	D:
>YB2_19547
3	815	-	3	1.220852	I:	D:
1118	1804	+	2	1.215588	I:	D:
1823	3349	+	2	1.230244	I:	D:
3393	4025	-	3	1.301815	I:	D:
4018	4461	-	1	1.266974	I:	D:
>YB2_19631
3	230	-	3	1.257558	I:	D:
259	510	-	1	1.241430	I:	D:
528	677	-	3	1.314916	I:	D:
982	2082	+	1	1.220430	I:	D:
2075	2899	+	2	1.249359	I:	D:
2915	3379	+	2	1.216703	I:	D:
3452	4426	+	2	1.216560	I:	D:
>YB2_19703
366	2018	+	3	1.249743	I:	D:
2058	3317	+	3	1.238696	I:	D:
3335	3823	+	2	1.235939	I:	D:
>YB2_19719
3	656	-	3	1.244474	I:	D:
836	1387	+	2	1.250082	I:	D:
2054	3418	+	2	1.231357	I:	D:
3519	4109	+	3	1.246713	I:	D:
4096	4389	+	1	1.222650	I:	D:
>YB2_19834
1	471	-	1	1.230700	I:	D:
670	1560	+	1	1.273836	I:	D:
1618	2565	-	1	1.242355	I:	D:
2567	3418	-	2	1.255630	I:	D:
3628	4338	+	1	1.271797	I:	D:
>YB2_20068
189	1190	+	3	1.254893	I:	D:
1222	2070	+	1	1.268420	I:	D:
2111	2881	+	2	1.228277	I:	D:
3032	3889	-	2	1.234022	I:	D:
4017	4244	+	3	1.292234	I:	D:
>YB2_20268
282	695	+	3	1.218395	I:	D:
726	1391	+	3	1.214584	I:	D:
1816	3195	+	1	1.237874	I:	D:
3218	3874	+	2	1.259947	I:	D:
