>YB2_75
1	834	-	1	1.318870	I:	D:
897	1370	+	3	1.345295	I:	D:
1400	2872	-	2	1.322214	I:	D:
3023	3331	-	2	1.388893	I:	D:
3386	5635	+	2	1.325517	I:	D:
5700	8261	+	3	1.337453	I:	D:
8343	9548	-	3	1.308610	I:	D:
9748	10716	+	1	1.320513	I:	D:
10762	11043	+	1	1.342882	I:	D:
11051	13252	+	2	1.331525	I:	D:
13249	13914	+	1	1.338648	I:	D:
13970	14167	+	2	1.343007	I:	D:
14180	15577	+	2	1.332701	I:	D:
15590	16006	+	2	1.309819	I:	D:
16040	18631	+	2	1.314286	I:	D:
18721	20697	+	1	1.328494	I:	D:
20736	21728	+	3	1.335892	I:	D:
21988	22233	+	1	1.342223	I:	D:
22233	23453	+	3	1.316614	I:	D:
23431	24150	+	1	1.351145	I:	D:
24167	24619	+	2	1.353623	I:	D:
24619	25374	+	1	1.355623	I:	D:
25446	26342	+	3	1.301135	I:	D:
26400	29225	+	3	1.327969	I:	D:
29297	29866	+	2	1.330495	I:	D:
29853	30749	+	3	1.340023	I:	D:
30752	31558	+	2	1.323063	I:	D:
31582	32466	+	1	1.335365	I:	D:
32492	33427	+	2	1.312631	I:	D:
33561	35309	+	3	1.336967	I:	D:
35287	35838	+	1	1.342814	I:	D:
35977	36984	+	1	1.314372	I:	D:
37173	37439	+	3	1.341667	I:	D:
37601	39727	+	2	1.321671	I:	D:
39851	40231	+	2	1.364395	I:	D:
40394	41677	+	2	1.316740	I:	D:
41677	42447	+	1	1.334743	I:	D:
42497	42757	+	2	1.320428	I:	D:
42939	43370	+	3	1.348406	I:	D:
43367	44323	+	2	1.336279	I:	D:
44347	45258	+	1	1.318327	I:	D:
45416	46312	+	2	1.311645	I:	D:
46386	47033	+	3	1.307688	I:	D:
47047	47841	+	1	1.327046	I:	D:
48167	50257	+	2	1.327908	I:	D:
50829	52004	-	3	1.348102	I:	D:
52225	52506	-	1	1.343257	I:	D:
52524	54224	-	3	1.351144	I:	D:
54664	54876	-	1	1.373952	I:	D:
55119	55484	+	3	1.335251	I:	D:
>YB2_141
308	1348	-	2	1.333159	I:	D:
1349	2278	-	2	1.326677	I:	D:
2603	4936	+	2	1.307797	I:	D:
5009	5191	+	2	1.346491	I:	D:
5227	5730	+	1	1.311433	I:	D:
5800	7461	+	1	1.316433	I:	D:
7501	9360	+	1	1.304625	I:	D:
9383	9976	+	2	1.310022	I:	D:
10091	10342	+	2	1.336435	I:	D:
10358	10729	+	2	1.326602	I:	D:
10761	11372	+	3	1.367217	I:	D:
11439	11981	-	3	1.319782	I:	D:
12022	13533	-	1	1.340701	I:	D:
13601	14002	-	2	1.391464	I:	D:
14605	14784	-	1	1.338205	I:	D:
15281	17653	-	2	1.331703	I:	D:
17824	17979	+	1	1.308290	I:	D:
18170	20842	-	2	1.326669	I:	D:
20839	21222	-	1	1.326241	I:	D:
21222	23525	-	3	1.323897	I:	D:
23662	25059	-	1	1.323767	I:	D:
25084	25362	-	1	1.314391	I:	D:
25364	26587	-	2	1.314027	I:	D:
26746	28698	-	1	1.335105	I:	D:
28939	29802	+	1	1.318127	I:	D:
30183	31070	-	3	1.318075	I:	D:
31063	31911	-	1	1.330442	I:	D:
31917	34751	-	3	1.315257	I:	D:
34808	36001	-	2	1.319232	I:	D:
36276	37250	+	3	1.334269	I:	D:
37406	38260	+	2	1.333389	I:	D:
38386	38700	+	1	1.309540	I:	D:
38852	40711	+	2	1.296266	I:	D:
40830	41942	+	3	1.354468	I:	D:
41994	43928	-	3	1.311983	I:	D:
43943	45724	-	2	1.323980	I:	D:
46079	46258	+	2	1.329901	I:	D:
46395	46988	+	3	1.322344	I:	D:
47062	47421	-	1	1.342794	I:	D:
47418	47603	-	3	1.306113	I:	D:
47625	48419	-	3	1.312579	I:	D:
48429	49379	-	3	1.317195	I:	D:
49647	50231	-	3	1.338934	I:	D:
50256	50441	-	3	1.311323	I:	D:
50507	51463	-	2	1.311853	I:	D:
51772	52476	-	1	1.345873	I:	D:
52454	53410	-	2	1.321820	I:	D:
53423	55036	-	2	1.305229	I:	D:
>YB2_277
187	1065	-	1	1.348060	I:	D:
1103	1843	-	2	1.320085	I:	D:
1999	2250	+	1	1.381018	I:	D:
2435	2575	+	2	1.348574	I:	D:
2640	10031	-	3	1.335007	I:	D:
10228	10419	+	1	1.388927	I:	D:
10607	10819	+	2	1.371867	I:	D:
10840	11460	-	1	1.340575	I:	D:
11501	12193	-	2	1.346985	I:	D:
12415	13419	+	1	1.369812	I:	D:
13439	13831	+	2	1.360959	I:	D:
14179	14430	-	1	1.352868	I:	D:
14490	15485	-	3	1.345157	I:	D:
15496	15720	-	1	1.327567	I:	D:
15745	16353	-	1	1.348093	I:	D:
16624	17292	+	1	1.333941	I:	D:
17406	18860	-	3	1.341915	I:	D:
18884	19351	-	2	1.355409	I:	D:
19353	22364	-	3	1.336303	I:	D:
22399	23130	-	1	1.328484	I:	D:
23402	23611	+	2	1.361718	I:	D:
23672	25102	-	2	1.326814	I:	D:
25129	25809	-	1	1.327762	I:	D:
25978	26379	+	1	1.374762	I:	D:
26558	27607	-	2	1.338974	I:	D:
27948	28964	+	3	1.325044	I:	D:
29085	30617	+	3	1.347954	I:	D:
30604	31710	+	1	1.341052	I:	D:
31712	32749	+	2	1.345828	I:	D:
32806	34272	+	1	1.333269	I:	D:
34277	35851	+	2	1.329296	I:	D:
35865	36557	+	3	1.341111	I:	D:
36641	38983	-	2	1.325204	I:	D:
39130	41424	-	1	1.340447	I:	D:
41586	42131	-	3	1.319775	I:	D:
42520	43242	-	1	1.352019	I:	D:
43345	43554	+	1	1.355962	I:	D:
43821	44249	+	3	1.334080	I:	D:
44264	44662	+	2	1.358276	I:	D:
44781	45926	-	3	1.344016	I:	D:
46222	46512	-	1	1.324874	I:	D:
46534	46827	-	1	1.321658	I:	D:
47224	47547	+	1	1.332554	I:	D:
47634	47795	-	3	1.347293	I:	D:
47896	48048	+	1	1.355898	I:	D:
48089	49855	+	2	1.330377	I:	D:
49915	50469	+	1	1.346903	I:	D:
50459	51115	+	2	1.354530	I:	D:
51462	51794	-	3	1.337024	I:	D:
51977	52489	+	2	1.382625	I:	D:
52798	52968	+	1	1.298884	I:	D:
53216	53431	-	2	1.351455	I:	D:
54055	54270	+	1	1.338524	I:	D:
>YB2_2058
541	1302	+	1	1.333747	I:	D:
1416	2243	+	3	1.319926	I:	D:
2246	3295	+	2	1.311579	I:	D:
3426	3644	-	3	1.314310	I:	D:
3720	5606	-	3	1.311206	I:	D:
5699	8095	-	2	1.314904	I:	D:
8543	10465	-	2	1.330332	I:	D:
10743	11198	-	3	1.305567	I:	D:
11220	13379	-	3	1.322669	I:	D:
13595	13810	-	2	1.324988	I:	D:
14115	16760	+	3	1.310223	I:	D:
16890	17249	+	3	1.348885	I:	D:
17317	17658	+	1	1.295374	I:	D:
17665	18732	+	1	1.304643	I:	D:
18729	19331	+	3	1.303880	I:	D:
19345	20775	+	1	1.318318	I:	D:
20790	22007	+	3	1.315930	I:	D:
22177	23469	-	1	1.323101	I:	D:
23807	25045	+	2	1.326045	I:	D:
25058	25588	+	2	1.322789	I:	D:
25684	26283	-	1	1.320914	I:	D:
26460	27107	-	3	1.323547	I:	D:
27144	27761	-	3	1.316832	I:	D:
27782	29155	-	2	1.323397	I:	D:
29166	31445	-	3	1.303561	I:	D:
31608	32795	+	3	1.334960	I:	D:
32792	33340	+	2	1.340596	I:	D:
33377	34039	+	2	1.313918	I:	D:
34091	36418	+	2	1.324035	I:	D:
36423	38012	+	3	1.324979	I:	D:
38048	38188	+	2	1.359142	I:	D:
38259	39671	-	3	1.310153	I:	D:
39831	40421	+	3	1.354291	I:	D:
40418	42178	+	2	1.334397	I:	D:
42289	42498	-	1	1.333573	I:	D:
42878	43360	+	2	1.332852	I:	D:
43357	46716	+	1	1.337253	I:	D:
>YB2_3307
243	5426	-	3	1.348413	I:	D:
5648	7321	+	2	1.354156	I:	D:
7621	9162	-	1	1.325113	I:	D:
9178	10356	-	1	1.336063	I:	D:
10369	11103	-	1	1.316474	I:	D:
11117	11863	-	2	1.341227	I:	D:
11865	12368	-	3	1.329564	I:	D:
12365	12988	-	2	1.326084	I:	D:
13001	13465	-	2	1.326162	I:	D:
13543	14577	-	1	1.311268	I:	D:
14650	16074	-	1	1.349951	I:	D:
16081	17505	-	1	1.340470	I:	D:
17614	18336	-	1	1.304015	I:	D:
18393	18896	-	3	1.332520	I:	D:
19228	19917	-	1	1.348492	I:	D:
19914	20384	-	3	1.330745	I:	D:
20477	21751	-	2	1.335741	I:	D:
21974	24829	+	2	1.343419	I:	D:
24912	25430	+	3	1.331753	I:	D:
25766	27856	+	2	1.339169	I:	D:
27856	28506	+	1	1.343301	I:	D:
28558	29721	-	1	1.323540	I:	D:
29747	30667	-	2	1.310060	I:	D:
30682	31479	-	1	1.313049	I:	D:
31493	32887	-	2	1.324189	I:	D:
32889	33566	-	3	1.338807	I:	D:
33921	34235	-	3	1.350467	I:	D:
34238	34546	-	2	1.275588	I:	D:
34568	34804	-	2	1.315095	I:	D:
34965	35471	+	3	1.341676	I:	D:
35446	36174	+	1	1.334297	I:	D:
36183	36746	+	3	1.327117	I:	D:
36778	38115	-	1	1.342550	I:	D:
38298	39437	+	3	1.332410	I:	D:
39494	40357	+	2	1.351007	I:	D:
40403	41170	-	2	1.339687	I:	D:
41167	41907	-	1	1.326349	I:	D:
41840	42325	-	2	1.324772	I:	D:
>YB2_4459
78	1277	-	3	1.336729	I:	D:
1653	2171	-	3	1.323222	I:	D:
2168	3019	-	2	1.316135	I:	D:
3033	3968	-	3	1.316055	I:	D:
4036	4878	-	1	1.333306	I:	D:
5152	6156	+	1	1.325166	I:	D:
6181	6924	+	1	1.322470	I:	D:
7077	8363	+	3	1.325105	I:	D:
8384	8878	+	2	1.334107	I:	D:
8889	9335	+	3	1.316620	I:	D:
9353	10702	+	2	1.333828	I:	D:
10708	11595	+	1	1.331501	I:	D:
11592	12395	+	3	1.315138	I:	D:
12518	12745	+	2	1.279923	I:	D:
12985	14916	+	1	1.327606	I:	D:
15082	16299	+	1	1.322616	I:	D:
16340	17017	+	2	1.323837	I:	D:
17067	17474	+	3	1.316529	I:	D:
17467	19161	+	1	1.329103	I:	D:
19199	19429	+	2	1.390077	I:	D:
19689	23759	-	3	1.315630	I:	D:
23763	26423	-	3	1.314524	I:	D:
26725	29112	+	1	1.314688	I:	D:
29336	30748	-	2	1.320596	I:	D:
30759	30962	-	3	1.353883	I:	D:
30963	32168	-	3	1.327451	I:	D:
32314	33261	-	1	1.340564	I:	D:
33552	35069	+	3	1.327435	I:	D:
35176	36702	+	1	1.322498	I:	D:
36894	37679	-	3	1.352725	I:	D:
38092	38604	+	1	1.362498	I:	D:
38617	39489	+	1	1.342771	I:	D:
39492	41081	-	3	1.334707	I:	D:
41113	41871	-	1	1.379326	I:	D:
41993	42130	+	2	1.316619	I:	D:
42172	42645	-	1	1.371464	I:	D:
42874	43095	+	1	1.329438	I:	D:
43681	43902	+	1	1.329816	I:	D:
43965	44180	+	3	1.328698	I:	D:
44416	44658	+	1	1.358942	I:	D:
44664	44972	+	3	1.335020	I:	D:
44986	45207	+	1	1.343797	I:	D:
45265	45480	+	1	1.306063	I:	D:
45512	45922	+	2	1.333526	I:	D:
46190	46840	+	2	1.320171	I:	D:
46896	47039	+	3	1.384646	I:	D:
47239	48036	+	1	1.375340	I:	D:
48168	48512	+	3	1.344465	I:	D:
48525	50660	+	3	1.382690	I:	D:
50664	52361	+	3	1.317466	I:	D:
52613	53368	+	2	1.380220	I:	D:
53370	53645	+	3	1.367358	I:	D:
53746	54315	+	1	1.378366	I:	D:
54312	54656	+	3	1.373130	I:	D:
54709	55122	+	1	1.363541	I:	D:
55327	56118	+	1	1.363551	I:	D:
56099	57025	+	2	1.382939	I:	D:
57051	57284	+	3	1.371453	I:	D:
57326	57994	+	2	1.335491	I:	D:
57975	58400	+	3	1.344316	I:	D:
58413	59144	+	3	1.363402	I:	D:
59145	59504	+	3	1.333884	I:	D:
59540	59818	+	2	1.354394	I:	D:
59840	60244	+	2	1.351077	I:	D:
60367	60777	+	1	1.342243	I:	D:
60770	62023	+	2	1.337316	I:	D:
62016	63644	+	3	1.368496	I:	D:
63843	64787	+	3	1.356756	I:	D:
64864	65328	+	1	1.342940	I:	D:
65654	65893	+	2	1.337175	I:	D:
66099	67088	+	3	1.323809	I:	D:
67536	67823	+	3	1.382018	I:	D:
68043	69932	+	3	1.343495	I:	D:
69938	70195	+	2	1.319024	I:	D:
70398	70601	-	3	1.333902	I:	D:
70805	70936	-	2	1.268706	I:	D:
71188	72723	+	1	1.348283	I:	D:
72707	73978	+	2	1.325270	I:	D:
73978	74373	+	1	1.288067	I:	D:
74387	75463	+	2	1.336293	I:	D:
75476	75853	+	2	1.307410	I:	D:
75886	76101	-	1	1.369434	I:	D:
76214	76828	+	2	1.335832	I:	D:
76831	77358	+	1	1.345928	I:	D:
77321	77683	+	2	1.328413	I:	D:
77687	79117	+	2	1.328678	I:	D:
79135	79665	+	1	1.319060	I:	D:
79735	80130	+	1	1.326240	I:	D:
80279	83932	+	2	1.306685	I:	D:
83929	84141	+	1	1.349431	I:	D:
84138	85751	+	3	1.348075	I:	D:
85753	86148	+	1	1.340062	I:	D:
86145	86540	+	3	1.326182	I:	D:
86553	86876	+	3	1.302010	I:	D:
86860	88014	+	1	1.348497	I:	D:
88007	88690	+	2	1.329580	I:	D:
88674	90068	+	3	1.370254	I:	D:
90080	90499	+	2	1.332897	I:	D:
90496	90933	+	1	1.348899	I:	D:
90933	91724	+	3	1.346817	I:	D:
91775	92002	-	2	1.368193	I:	D:
92094	92351	-	3	1.354248	I:	D:
92487	92684	-	3	1.338845	I:	D:
92855	93127	+	2	1.386485	I:	D:
93146	93727	+	2	1.337315	I:	D:
93745	94431	+	1	1.364462	I:	D:
94428	94883	+	3	1.350407	I:	D:
94914	96074	-	3	1.337878	I:	D:
96071	96748	-	2	1.333753	I:	D:
97018	97938	+	1	1.358761	I:	D:
97935	98828	+	3	1.312929	I:	D:
99091	99534	-	1	1.307394	I:	D:
99551	100132	-	2	1.345296	I:	D:
100356	101630	-	3	1.338157	I:	D:
101878	102738	-	1	1.340834	I:	D:
103288	103494	+	1	1.376319	I:	D:
103497	105047	+	3	1.352998	I:	D:
105117	105491	+	3	1.337074	I:	D:
105644	108649	+	2	1.329511	I:	D:
108725	109033	+	2	1.339426	I:	D:
109328	111157	+	2	1.326421	I:	D:
111253	111912	-	1	1.350131	I:	D:
111980	112144	+	2	1.295864	I:	D:
112218	113693	-	3	1.327278	I:	D:
113707	114828	-	1	1.315870	I:	D:
114851	115915	-	2	1.318712	I:	D:
115940	117115	-	2	1.331652	I:	D:
117132	117641	-	3	1.335219	I:	D:
117643	118839	-	1	1.326431	I:	D:
118862	119953	-	2	1.327072	I:	D:
120093	120221	+	3	1.382988	I:	D:
120465	121106	+	3	1.326051	I:	D:
121119	122504	+	3	1.339795	I:	D:
122581	124071	+	1	1.357521	I:	D:
124110	126845	+	3	1.308443	I:	D:
126902	127510	+	2	1.312131	I:	D:
127548	128795	+	3	1.339712	I:	D:
128868	131045	+	3	1.320146	I:	D:
131067	132236	+	3	1.303578	I:	D:
132372	133016	-	3	1.327341	I:	D:
133149	134618	+	3	1.334598	I:	D:
134849	135880	-	2	1.334566	I:	D:
136103	138397	+	2	1.336342	I:	D:
138414	138761	+	3	1.286818	I:	D:
138819	140804	+	3	1.346145	I:	D:
140814	141410	+	3	1.337178	I:	D:
141717	143117	+	3	1.325116	I:	D:
143537	144832	+	2	1.303224	I:	D:
144888	145514	-	3	1.322392	I:	D:
145511	146032	-	2	1.346525	I:	D:
146032	147537	-	1	1.324869	I:	D:
147530	148567	-	2	1.324738	I:	D:
148223	148507	+	2	1.368639	I:	D:
148564	149532	-	1	1.348441	I:	D:
149529	150197	-	3	1.359360	I:	D:
150472	151257	-	1	1.369551	I:	D:
151257	151781	-	3	1.372231	I:	D:
151778	152806	-	2	1.364752	I:	D:
152796	154145	-	3	1.373144	I:	D:
154133	155338	-	2	1.381211	I:	D:
155335	156084	-	1	1.367352	I:	D:
156077	156805	-	2	1.340522	I:	D:
156802	157830	-	1	1.345088	I:	D:
157827	158588	-	3	1.342316	I:	D:
158581	159717	-	1	1.330468	I:	D:
159746	160060	+	2	1.380958	I:	D:
160321	160473	+	1	1.372416	I:	D:
160625	161704	+	2	1.312583	I:	D:
161992	162894	+	1	1.334732	I:	D:
162891	164021	+	3	1.318766	I:	D:
164038	165063	+	1	1.326982	I:	D:
165077	166177	+	2	1.335075	I:	D:
166327	166587	+	1	1.305719	I:	D:
166590	168680	+	3	1.336014	I:	D:
168770	169042	-	2	1.393661	I:	D:
169138	169755	-	1	1.345444	I:	D:
169987	173388	-	1	1.328562	I:	D:
173388	173936	-	3	1.372439	I:	D:
174012	175535	-	3	1.315626	I:	D:
175873	177702	-	1	1.317150	I:	D:
177844	177984	-	1	1.345136	I:	D:
178069	178635	+	1	1.359769	I:	D:
178673	179998	+	2	1.319691	I:	D:
180402	182558	+	3	1.313975	I:	D:
182573	183613	+	2	1.329975	I:	D:
183630	183758	-	3	1.337153	I:	D:
183822	184343	+	3	1.398744	I:	D:
185147	186418	+	2	1.334599	I:	D:
186418	187689	+	1	1.319110	I:	D:
187693	188853	+	1	1.329835	I:	D:
188855	189697	+	2	1.339722	I:	D:
189730	189867	+	1	1.308588	I:	D:
189924	190091	-	3	1.382718	I:	D:
190195	190542	-	1	1.334645	I:	D:
190743	192164	+	3	1.334263	I:	D:
192202	192897	+	1	1.329601	I:	D:
193027	193992	+	1	1.342261	I:	D:
193982	194518	+	2	1.337473	I:	D:
194587	195762	+	1	1.326644	I:	D:
195949	196305	-	1	1.356579	I:	D:
>YB2_4782
247	4197	+	1	1.320421	I:	D:
4241	4975	+	2	1.333278	I:	D:
5107	5274	+	1	1.354036	I:	D:
5280	6650	-	3	1.325733	I:	D:
6853	8250	-	1	1.320107	I:	D:
8557	8772	+	1	1.354452	I:	D:
8872	9198	-	1	1.345304	I:	D:
9191	9934	-	2	1.322703	I:	D:
10152	11714	+	3	1.315027	I:	D:
11775	13370	-	3	1.353314	I:	D:
13367	13723	-	2	1.322413	I:	D:
13660	14949	-	1	1.337646	I:	D:
14946	15401	-	3	1.313451	I:	D:
15785	16312	+	2	1.310348	I:	D:
16556	18949	+	2	1.330817	I:	D:
19011	20165	-	3	1.353823	I:	D:
20243	20926	-	2	1.310126	I:	D:
21013	22770	-	1	1.339165	I:	D:
23055	25007	+	3	1.311178	I:	D:
25339	29055	-	1	1.320803	I:	D:
29349	30941	+	3	1.315446	I:	D:
31352	32326	+	2	1.316484	I:	D:
32611	32763	+	1	1.366026	I:	D:
32870	33526	-	2	1.334866	I:	D:
33536	34378	-	2	1.355426	I:	D:
34375	35523	-	1	1.331078	I:	D:
35527	35817	+	1	1.377642	I:	D:
36417	36980	+	3	1.367470	I:	D:
37426	38400	-	1	1.320382	I:	D:
>YB2_5013
181	738	+	1	1.321998	I:	D:
738	1859	+	3	1.316851	I:	D:
2169	4823	+	3	1.324963	I:	D:
4938	5294	+	3	1.320323	I:	D:
5297	6004	+	2	1.344903	I:	D:
6058	6972	-	1	1.317199	I:	D:
6956	7381	-	2	1.346080	I:	D:
7508	7735	+	2	1.383949	I:	D:
7833	8288	-	3	1.344491	I:	D:
8375	9517	-	2	1.339043	I:	D:
9940	10383	+	1	1.313398	I:	D:
10387	11841	+	1	1.349201	I:	D:
11901	12842	-	3	1.354204	I:	D:
12931	13074	+	1	1.359098	I:	D:
13084	13434	-	1	1.384652	I:	D:
13518	15071	-	3	1.344156	I:	D:
15167	15637	-	2	1.339727	I:	D:
15743	16285	+	2	1.343444	I:	D:
16350	16523	+	3	1.382579	I:	D:
16687	17130	-	1	1.342171	I:	D:
17244	18500	-	3	1.336803	I:	D:
18514	19653	-	1	1.334230	I:	D:
19653	22073	-	3	1.327480	I:	D:
22147	22911	-	1	1.326853	I:	D:
22915	24588	-	1	1.330639	I:	D:
24625	25485	-	1	1.339128	I:	D:
25498	26436	-	1	1.333064	I:	D:
26502	29501	-	3	1.333496	I:	D:
29547	30476	-	3	1.332098	I:	D:
30469	31188	-	1	1.355062	I:	D:
31657	32322	-	1	1.349698	I:	D:
32412	35495	-	3	1.334832	I:	D:
35743	36588	-	1	1.328877	I:	D:
36650	37477	-	2	1.347092	I:	D:
>YB2_5547
17	214	+	2	1.401183	I:	D:
455	1633	-	2	1.383040	I:	D:
1919	3751	+	2	1.361194	I:	D:
3992	4318	+	2	1.363378	I:	D:
4374	5771	+	3	1.354510	I:	D:
6160	6861	-	1	1.359698	I:	D:
6894	8756	-	3	1.350114	I:	D:
8769	9872	-	3	1.340933	I:	D:
9775	10425	+	1	1.345082	I:	D:
10503	11105	-	3	1.362470	I:	D:
11098	12369	-	1	1.332260	I:	D:
12371	14017	-	2	1.344886	I:	D:
14097	14876	-	3	1.321826	I:	D:
15118	16062	-	1	1.327397	I:	D:
16055	16798	-	2	1.331650	I:	D:
16956	17753	-	3	1.339671	I:	D:
17836	18135	-	1	1.370538	I:	D:
18478	18762	+	1	1.352777	I:	D:
18792	18947	+	3	1.355027	I:	D:
18988	19416	+	1	1.334136	I:	D:
19468	20382	+	1	1.329570	I:	D:
20379	21470	+	3	1.336202	I:	D:
21761	22243	+	2	1.323872	I:	D:
22237	24111	+	1	1.321397	I:	D:
24113	25789	+	2	1.346281	I:	D:
26359	26613	+	1	1.355153	I:	D:
26796	28313	-	3	1.363577	I:	D:
28408	30159	-	1	1.357197	I:	D:
30191	32287	-	2	1.338938	I:	D:
32299	33813	-	1	1.365287	I:	D:
34049	36175	+	2	1.359729	I:	D:
36250	36534	+	1	1.345113	I:	D:
>YB2_6266
1	744	-	1	1.341080	I:	D:
770	1264	-	2	1.343181	I:	D:
1264	1659	-	1	1.319919	I:	D:
2011	3237	+	1	1.327635	I:	D:
3320	4711	+	2	1.330831	I:	D:
4704	5639	+	3	1.346977	I:	D:
5650	6885	+	1	1.323483	I:	D:
6898	7752	+	1	1.316047	I:	D:
7762	8928	+	1	1.328360	I:	D:
8947	9861	+	1	1.325671	I:	D:
10018	10452	-	1	1.358703	I:	D:
10522	10908	-	1	1.362473	I:	D:
10958	12202	-	2	1.337759	I:	D:
12204	13355	-	3	1.348124	I:	D:
13455	14729	-	3	1.333109	I:	D:
14878	15960	-	1	1.323011	I:	D:
15979	16416	-	1	1.350672	I:	D:
16437	16919	-	3	1.325632	I:	D:
16933	18198	-	1	1.336876	I:	D:
18509	18832	+	2	1.350297	I:	D:
18947	19996	+	2	1.339233	I:	D:
20006	21232	+	2	1.343802	I:	D:
21216	22304	+	3	1.339689	I:	D:
22348	22905	+	1	1.338051	I:	D:
22907	23119	+	2	1.335061	I:	D:
23164	24471	-	1	1.351946	I:	D:
24540	24782	-	3	1.355457	I:	D:
24950	25168	-	2	1.340078	I:	D:
25525	25836	+	1	1.329834	I:	D:
25867	26307	+	1	1.344867	I:	D:
26310	26612	+	3	1.300577	I:	D:
26673	27704	+	3	1.339876	I:	D:
27795	28442	+	3	1.327169	I:	D:
28805	28978	-	2	1.328623	I:	D:
29035	29424	+	1	1.339069	I:	D:
29445	29837	+	3	1.344537	I:	D:
29950	30663	+	1	1.352160	I:	D:
30723	31541	-	3	1.354737	I:	D:
31649	32758	+	2	1.333053	I:	D:
32771	34177	+	2	1.351759	I:	D:
34293	35270	-	3	1.356462	I:	D:
>YB2_6375
1	195	+	1	1.338458	I:	D:
259	456	+	1	1.360026	I:	D:
538	681	+	1	1.344661	I:	D:
706	2073	+	1	1.335803	I:	D:
2070	2771	+	3	1.358503	I:	D:
2788	3411	+	1	1.328620	I:	D:
3551	4972	-	2	1.326391	I:	D:
4938	5858	-	3	1.324450	I:	D:
6006	7163	-	3	1.301473	I:	D:
7272	7943	-	3	1.345591	I:	D:
8004	8987	+	3	1.327117	I:	D:
9194	10204	-	2	1.320059	I:	D:
10201	10689	-	1	1.329504	I:	D:
10725	11636	-	3	1.333629	I:	D:
11840	12895	-	2	1.309454	I:	D:
12940	13485	-	1	1.327680	I:	D:
13874	14872	-	2	1.330064	I:	D:
15091	15405	+	1	1.324514	I:	D:
15440	17950	+	2	1.318183	I:	D:
18095	19357	-	2	1.329927	I:	D:
19419	20060	-	3	1.303889	I:	D:
20057	20542	-	2	1.350409	I:	D:
20539	20856	-	1	1.318527	I:	D:
21324	21563	-	3	1.313650	I:	D:
21730	22317	-	1	1.310785	I:	D:
22617	24008	+	3	1.336143	I:	D:
24156	25475	+	3	1.325052	I:	D:
25611	25844	+	3	1.391693	I:	D:
26047	26322	-	1	1.375019	I:	D:
26430	26987	-	3	1.332648	I:	D:
27157	27711	-	1	1.347488	I:	D:
27781	29391	-	1	1.298375	I:	D:
29725	29970	+	1	1.336802	I:	D:
30065	31432	+	2	1.327032	I:	D:
31766	32077	+	2	1.349281	I:	D:
32199	32486	-	3	1.330568	I:	D:
32848	33048	-	1	1.357672	I:	D:
33082	33924	+	1	1.344019	I:	D:
33945	34181	-	3	1.364299	I:	D:
34279	34932	+	1	1.305384	I:	D:
>YB2_6966
1	2190	+	1	1.307950	I:	D:
2190	3962	+	3	1.336038	I:	D:
3959	5683	+	2	1.347940	I:	D:
5698	6123	+	1	1.337286	I:	D:
6110	6802	+	2	1.353617	I:	D:
6970	7164	+	1	1.373179	I:	D:
7244	7450	-	2	1.316058	I:	D:
7474	8745	+	1	1.352451	I:	D:
8819	10051	-	2	1.331484	I:	D:
10248	10988	-	3	1.352683	I:	D:
11079	11270	+	3	1.345003	I:	D:
11563	12030	+	1	1.345658	I:	D:
12027	12893	+	3	1.330367	I:	D:
13035	14798	+	3	1.338769	I:	D:
15102	16058	+	3	1.331596	I:	D:
16071	17246	+	3	1.323550	I:	D:
17283	17702	-	3	1.335309	I:	D:
17757	19346	-	3	1.320032	I:	D:
19347	20699	-	3	1.339135	I:	D:
20696	21607	-	2	1.337851	I:	D:
21651	22019	+	3	1.340603	I:	D:
22039	24768	+	1	1.324320	I:	D:
24770	25183	+	2	1.349630	I:	D:
25180	25635	+	1	1.341760	I:	D:
25632	26279	+	3	1.329542	I:	D:
26562	27572	+	3	1.352938	I:	D:
27569	29083	+	2	1.322516	I:	D:
29100	31466	+	3	1.305800	I:	D:
31789	33093	+	1	1.324920	I:	D:
33289	34839	+	1	1.319070	I:	D:
34839	35714	+	3	1.327321	I:	D:
35728	36756	+	1	1.332909	I:	D:
36756	38417	+	3	1.333741	I:	D:
38432	40318	+	2	1.325654	I:	D:
40328	40804	+	2	1.330457	I:	D:
40854	41531	-	3	1.351697	I:	D:
41726	41959	-	2	1.319097	I:	D:
42085	43389	-	1	1.319360	I:	D:
43577	44356	+	2	1.372195	I:	D:
44808	45947	+	3	1.326062	I:	D:
46081	46683	+	1	1.339614	I:	D:
46687	47355	+	1	1.343744	I:	D:
47388	47957	+	3	1.322409	I:	D:
47974	48315	+	1	1.349963	I:	D:
48685	49884	+	1	1.319146	I:	D:
49918	51075	+	1	1.332381	I:	D:
51125	52315	+	2	1.325555	I:	D:
52296	55427	+	3	1.321171	I:	D:
55610	56953	+	2	1.315647	I:	D:
57051	57365	+	3	1.390173	I:	D:
57497	57865	+	2	1.336242	I:	D:
57879	58109	+	3	1.353790	I:	D:
58118	58309	+	2	1.373895	I:	D:
58323	59213	+	3	1.329998	I:	D:
59210	59902	+	2	1.341518	I:	D:
59899	60573	+	1	1.324915	I:	D:
60993	62000	+	3	1.336140	I:	D:
62155	62589	-	1	1.346165	I:	D:
62628	62975	-	3	1.339813	I:	D:
62965	64224	-	1	1.341546	I:	D:
64547	64711	+	2	1.329735	I:	D:
64735	65994	+	1	1.317274	I:	D:
66198	67127	+	3	1.319053	I:	D:
67140	68222	+	3	1.325204	I:	D:
68215	68985	+	1	1.314076	I:	D:
68999	69709	+	2	1.328017	I:	D:
69722	70339	+	2	1.319233	I:	D:
70394	70963	-	2	1.341456	I:	D:
70963	71535	-	1	1.312819	I:	D:
71690	72520	+	2	1.333379	I:	D:
72577	73176	+	1	1.335131	I:	D:
73336	74082	-	1	1.355434	I:	D:
74202	74456	-	3	1.363701	I:	D:
74708	76930	+	2	1.334120	I:	D:
76927	78132	+	1	1.321995	I:	D:
78150	79274	+	3	1.341279	I:	D:
79736	80908	-	2	1.319076	I:	D:
81266	82177	-	2	1.327902	I:	D:
82191	82742	-	3	1.312458	I:	D:
82754	84976	-	2	1.335786	I:	D:
85009	86331	-	1	1.323647	I:	D:
86629	86913	+	1	1.340516	I:	D:
86938	88569	+	1	1.305474	I:	D:
88750	89103	+	1	1.402455	I:	D:
89527	89730	+	1	1.353144	I:	D:
89806	90972	+	1	1.327283	I:	D:
91051	91791	+	1	1.335721	I:	D:
91984	93594	+	1	1.324045	I:	D:
93867	96098	+	3	1.316314	I:	D:
96645	98990	+	3	1.339725	I:	D:
99004	99996	+	1	1.340934	I:	D:
100158	100553	-	3	1.306502	I:	D:
100658	101845	-	2	1.314606	I:	D:
101875	102468	-	1	1.315027	I:	D:
102468	103103	-	3	1.353275	I:	D:
103096	104286	-	1	1.339061	I:	D:
104283	104936	-	3	1.303246	I:	D:
105337	106809	+	1	1.311663	I:	D:
106977	108890	+	3	1.325004	I:	D:
108915	109571	+	3	1.327652	I:	D:
109552	110130	+	1	1.315131	I:	D:
110134	112665	+	1	1.317806	I:	D:
112745	112909	-	2	1.295864	I:	D:
112652	113071	+	2	1.359410	I:	D:
113135	113902	-	2	1.346366	I:	D:
113919	114515	-	3	1.335991	I:	D:
114879	115256	-	3	1.325212	I:	D:
115266	116279	-	3	1.324438	I:	D:
116289	116738	-	3	1.303789	I:	D:
116914	117183	+	1	1.373403	I:	D:
117433	118917	-	1	1.326976	I:	D:
118979	119749	+	2	1.310135	I:	D:
120009	120746	+	3	1.308558	I:	D:
120827	121537	+	2	1.319737	I:	D:
121883	125743	+	2	1.319574	I:	D:
125849	129409	+	2	1.320061	I:	D:
129593	130018	+	2	1.366664	I:	D:
130147	130635	+	1	1.338600	I:	D:
130699	132786	+	1	1.333339	I:	D:
132936	134138	+	3	1.331293	I:	D:
134216	134425	-	2	1.376079	I:	D:
134557	135273	+	1	1.373314	I:	D:
135319	136467	-	1	1.334708	I:	D:
136528	137544	-	1	1.309668	I:	D:
137778	138158	+	3	1.320977	I:	D:
138155	139240	+	2	1.332484	I:	D:
139657	140619	+	1	1.323033	I:	D:
140675	141679	+	2	1.308120	I:	D:
141676	143592	+	1	1.317592	I:	D:
143606	146059	+	2	1.317547	I:	D:
146073	147419	+	3	1.321670	I:	D:
147444	148154	+	3	1.328599	I:	D:
148147	148983	+	1	1.320226	I:	D:
149016	149195	+	3	1.327038	I:	D:
149180	150445	+	2	1.335149	I:	D:
150702	152459	-	3	1.330798	I:	D:
152621	153397	-	2	1.304393	I:	D:
153530	153793	-	2	1.328644	I:	D:
153826	153987	+	1	1.369166	I:	D:
154298	155920	+	2	1.332043	I:	D:
156070	157017	+	1	1.328776	I:	D:
157010	158236	+	2	1.331084	I:	D:
158434	159108	+	1	1.326517	I:	D:
159141	159611	-	3	1.361495	I:	D:
159703	161646	+	1	1.347882	I:	D:
161818	163062	+	1	1.341714	I:	D:
163219	163368	+	1	1.325961	I:	D:
163734	164387	-	3	1.335850	I:	D:
164452	164937	-	1	1.298619	I:	D:
165009	165143	-	3	1.291705	I:	D:
165162	165755	-	3	1.329681	I:	D:
166025	166819	+	2	1.361043	I:	D:
167428	168957	+	1	1.325237	I:	D:
169266	170099	+	3	1.328749	I:	D:
170226	170903	+	3	1.336176	I:	D:
171207	171380	+	3	1.363318	I:	D:
172074	173336	-	3	1.365323	I:	D:
173397	173675	-	3	1.379981	I:	D:
174479	174814	+	2	1.361156	I:	D:
175117	175293	+	1	1.373627	I:	D:
175351	175596	+	1	1.362579	I:	D:
175635	175943	-	3	1.320412	I:	D:
176210	177505	+	2	1.352979	I:	D:
177582	177911	+	3	1.319672	I:	D:
177923	178804	+	2	1.341735	I:	D:
179026	179178	+	1	1.383074	I:	D:
179280	179945	-	3	1.356312	I:	D:
180054	181226	-	3	1.405144	I:	D:
181380	181631	-	3	1.383927	I:	D:
182006	182320	+	2	1.339101	I:	D:
182335	182940	+	1	1.359084	I:	D:
183087	183281	+	3	1.359108	I:	D:
183327	183494	+	3	1.367029	I:	D:
>YB2_7182
162	1562	+	3	1.383591	I:	D:
1780	1962	+	1	1.356826	I:	D:
2224	2637	+	1	1.323446	I:	D:
2656	3882	+	1	1.310157	I:	D:
3894	4430	+	3	1.322105	I:	D:
4427	5530	+	2	1.323428	I:	D:
5530	6432	+	1	1.321518	I:	D:
6449	7216	+	2	1.334722	I:	D:
7514	9175	+	2	1.325696	I:	D:
9248	10972	-	2	1.316165	I:	D:
11483	12028	+	2	1.314615	I:	D:
12066	13277	+	3	1.307517	I:	D:
13287	13556	+	3	1.365535	I:	D:
13603	13854	+	1	1.329960	I:	D:
13872	16904	+	3	1.306114	I:	D:
16962	17381	+	3	1.377536	I:	D:
17368	18330	+	1	1.317359	I:	D:
18327	19211	+	3	1.308065	I:	D:
19230	20150	+	3	1.320716	I:	D:
20229	21677	+	3	1.306706	I:	D:
21843	22811	+	3	1.313288	I:	D:
22808	23533	+	2	1.298818	I:	D:
23550	25265	+	3	1.317909	I:	D:
25266	26882	+	3	1.312078	I:	D:
26952	27251	+	3	1.343760	I:	D:
27342	27611	-	3	1.319305	I:	D:
27944	28645	+	2	1.338909	I:	D:
28806	29423	+	3	1.328346	I:	D:
29420	29971	+	2	1.310387	I:	D:
29977	30576	+	1	1.319811	I:	D:
30600	31544	+	3	1.328711	I:	D:
31528	32580	+	1	1.317267	I:	D:
32626	33987	+	1	1.323585	I:	D:
33998	34357	+	2	1.316642	I:	D:
34361	34999	+	2	1.351181	I:	D:
35027	35890	+	2	1.325566	I:	D:
35899	37659	+	1	1.320214	I:	D:
37679	38491	+	2	1.318236	I:	D:
38512	39258	+	1	1.355271	I:	D:
39302	40432	+	2	1.309268	I:	D:
40448	41482	+	2	1.315786	I:	D:
41525	43930	+	2	1.312322	I:	D:
43935	44642	+	3	1.336751	I:	D:
44819	45388	+	2	1.323273	I:	D:
45415	46689	+	1	1.308732	I:	D:
46823	47914	+	2	1.326761	I:	D:
47965	49062	+	1	1.319786	I:	D:
49296	49637	+	3	1.368463	I:	D:
49718	50407	+	2	1.324756	I:	D:
50398	51252	+	1	1.321307	I:	D:
51269	51904	+	2	1.323401	I:	D:
51897	52289	+	3	1.322857	I:	D:
52321	53811	+	1	1.316650	I:	D:
53834	54526	+	2	1.318551	I:	D:
54578	55861	+	2	1.315288	I:	D:
55966	56568	+	1	1.334530	I:	D:
56639	57934	+	2	1.307667	I:	D:
57954	58301	+	3	1.343480	I:	D:
58308	59090	+	3	1.328219	I:	D:
59292	61034	+	3	1.328568	I:	D:
61038	64535	+	3	1.322377	I:	D:
64565	65992	+	2	1.337080	I:	D:
66010	67059	+	1	1.315721	I:	D:
67078	67398	+	1	1.308102	I:	D:
67400	67849	+	2	1.319054	I:	D:
67897	68310	+	1	1.281395	I:	D:
68282	68797	+	2	1.335549	I:	D:
68825	69877	+	2	1.334179	I:	D:
70110	71987	+	3	1.345606	I:	D:
72080	73513	-	2	1.355235	I:	D:
73526	74884	-	2	1.330430	I:	D:
75193	76362	+	1	1.318256	I:	D:
76417	79239	-	1	1.328946	I:	D:
79267	81231	-	1	1.316838	I:	D:
81253	81948	-	1	1.337315	I:	D:
82111	82698	-	1	1.315159	I:	D:
82695	83567	-	3	1.312580	I:	D:
83895	85277	+	3	1.331946	I:	D:
85270	85662	+	1	1.348200	I:	D:
85888	86937	+	1	1.328351	I:	D:
86996	87391	+	2	1.319237	I:	D:
87388	87729	+	1	1.324077	I:	D:
87743	87877	+	2	1.324182	I:	D:
87900	88262	+	3	1.331943	I:	D:
88274	89761	+	2	1.325386	I:	D:
89761	91080	+	1	1.351929	I:	D:
91127	91300	-	2	1.354732	I:	D:
91341	92201	-	3	1.329270	I:	D:
92276	92737	-	2	1.310927	I:	D:
92734	93216	-	1	1.255564	I:	D:
93213	94223	-	3	1.321302	I:	D:
94293	95081	-	3	1.324823	I:	D:
95187	95648	+	3	1.356657	I:	D:
95645	96760	+	2	1.306420	I:	D:
96813	98174	+	3	1.311018	I:	D:
98369	99268	-	2	1.328412	I:	D:
99487	99657	+	1	1.333504	I:	D:
99659	100519	+	2	1.336506	I:	D:
100533	101906	+	3	1.321749	I:	D:
101887	102819	+	1	1.320701	I:	D:
102834	103949	+	3	1.328697	I:	D:
103979	105286	+	2	1.311117	I:	D:
105309	107681	+	3	1.314634	I:	D:
107743	108252	-	1	1.294201	I:	D:
108269	109816	-	2	1.309479	I:	D:
110010	111671	-	3	1.318546	I:	D:
111883	113421	-	1	1.309692	I:	D:
113609	115045	-	2	1.317793	I:	D:
115042	115542	-	1	1.321000	I:	D:
115668	117170	+	3	1.318088	I:	D:
117163	118107	+	1	1.305582	I:	D:
118104	119021	+	3	1.305729	I:	D:
119239	120312	+	1	1.328445	I:	D:
120302	120823	+	2	1.292924	I:	D:
120875	122701	+	2	1.315140	I:	D:
122799	123977	+	3	1.300974	I:	D:
124189	125277	+	1	1.334570	I:	D:
125294	125725	+	2	1.327912	I:	D:
125741	127540	+	2	1.292250	I:	D:
127610	130291	+	2	1.317988	I:	D:
130303	130851	+	1	1.319706	I:	D:
130869	131108	+	3	1.365971	I:	D:
131197	132570	+	1	1.315086	I:	D:
132580	133731	+	1	1.314672	I:	D:
133733	133993	+	2	1.306339	I:	D:
134013	134618	+	3	1.313459	I:	D:
134615	137029	+	2	1.324085	I:	D:
137049	137525	+	3	1.336212	I:	D:
137538	137999	+	3	1.296673	I:	D:
137996	138928	+	2	1.313721	I:	D:
138988	139719	+	1	1.329593	I:	D:
139741	141060	+	1	1.317296	I:	D:
141088	142164	+	1	1.334241	I:	D:
142161	142901	+	3	1.322827	I:	D:
143061	145313	+	3	1.305898	I:	D:
145576	146268	+	1	1.318651	I:	D:
146273	146881	+	2	1.329244	I:	D:
146928	148820	-	3	1.329310	I:	D:
148865	149491	-	2	1.302814	I:	D:
149567	150307	-	2	1.343368	I:	D:
150477	151568	-	3	1.312262	I:	D:
151638	151913	-	3	1.374189	I:	D:
152021	153103	+	2	1.322317	I:	D:
153126	154019	+	3	1.314402	I:	D:
154096	154854	+	1	1.312457	I:	D:
154857	155303	+	3	1.300889	I:	D:
155300	156226	+	2	1.320561	I:	D:
156388	156738	+	1	1.343986	I:	D:
156753	157169	+	3	1.328242	I:	D:
157156	158394	+	1	1.333268	I:	D:
158412	158591	+	3	1.311418	I:	D:
158607	159503	+	3	1.307341	I:	D:
159526	160020	+	1	1.308617	I:	D:
160078	161874	+	1	1.319714	I:	D:
161864	162577	+	2	1.312678	I:	D:
162603	163460	+	3	1.324512	I:	D:
163471	164154	+	1	1.346337	I:	D:
164165	164611	+	2	1.326685	I:	D:
164624	166285	+	2	1.305948	I:	D:
166285	166713	+	1	1.334943	I:	D:
166775	168160	+	2	1.319364	I:	D:
168320	168541	+	2	1.340110	I:	D:
168673	169704	+	1	1.320394	I:	D:
169742	170812	-	2	1.299071	I:	D:
170862	171953	-	3	1.322569	I:	D:
171950	173701	-	2	1.317589	I:	D:
173706	174734	-	3	1.311688	I:	D:
174883	175503	-	1	1.310539	I:	D:
175587	175790	-	3	1.369379	I:	D:
175963	177678	-	1	1.310868	I:	D:
178025	178603	+	2	1.349013	I:	D:
178618	179025	+	1	1.303503	I:	D:
179224	181764	+	1	1.330210	I:	D:
181800	182468	-	3	1.343010	I:	D:
182599	183267	-	1	1.329341	I:	D:
>YB2_9255
331	645	-	1	1.339608	I:	D:
939	1088	+	3	1.355411	I:	D:
1155	2750	+	3	1.355252	I:	D:
2925	3140	-	3	1.344017	I:	D:
3147	3938	-	3	1.341302	I:	D:
3996	4601	-	3	1.337638	I:	D:
4614	4931	-	3	1.339376	I:	D:
4921	5094	-	1	1.357435	I:	D:
5248	6936	+	1	1.337068	I:	D:
7021	7815	+	1	1.322129	I:	D:
7854	8129	+	3	1.344938	I:	D:
8209	8448	+	1	1.316888	I:	D:
8509	8775	+	1	1.355135	I:	D:
8781	9353	+	3	1.349920	I:	D:
9355	9654	+	1	1.297562	I:	D:
9780	11327	+	3	1.327158	I:	D:
11362	12039	-	1	1.341261	I:	D:
12090	13913	-	3	1.325492	I:	D:
14303	15313	-	2	1.333571	I:	D:
15261	17228	-	3	1.339375	I:	D:
17244	20207	-	3	1.326862	I:	D:
20233	21105	-	1	1.342195	I:	D:
21149	22060	-	2	1.342657	I:	D:
21486	22307	+	3	1.381847	I:	D:
22479	24026	+	3	1.331778	I:	D:
24039	25514	+	3	1.325423	I:	D:
25571	25759	-	2	1.300395	I:	D:
25917	26324	-	3	1.360984	I:	D:
26419	27687	-	1	1.330709	I:	D:
27684	28733	-	3	1.357605	I:	D:
28733	29614	-	2	1.324513	I:	D:
>YB2_11948
242	490	-	2	1.356241	I:	D:
879	1490	+	3	1.336213	I:	D:
1477	1995	+	1	1.330653	I:	D:
2062	3672	+	1	1.340423	I:	D:
3926	4816	-	2	1.344785	I:	D:
5176	7197	+	1	1.333224	I:	D:
7297	8607	-	1	1.348720	I:	D:
8948	10630	+	2	1.329685	I:	D:
10898	11620	+	2	1.329467	I:	D:
11661	11915	-	3	1.366979	I:	D:
11922	13073	+	3	1.346844	I:	D:
13371	14831	+	3	1.352644	I:	D:
14879	16444	-	2	1.323927	I:	D:
16437	16871	-	3	1.314181	I:	D:
16864	18438	-	1	1.347806	I:	D:
18481	18798	-	1	1.323054	I:	D:
18805	20754	-	1	1.346644	I:	D:
20804	20941	-	2	1.340409	I:	D:
20953	21516	-	1	1.327114	I:	D:
21518	22645	-	2	1.334076	I:	D:
22635	22976	-	3	1.326371	I:	D:
22973	23167	-	2	1.337652	I:	D:
23322	24191	-	3	1.335330	I:	D:
24181	24444	-	1	1.343190	I:	D:
>YB2_12105
1	870	+	1	1.314093	I:	D:
890	5248	+	2	1.328938	I:	D:
5394	6590	+	3	1.334419	I:	D:
6593	7225	+	2	1.323181	I:	D:
7225	8520	+	1	1.320030	I:	D:
8523	9116	+	3	1.327844	I:	D:
9116	9550	+	2	1.340797	I:	D:
9547	10146	+	1	1.335877	I:	D:
10206	10928	+	3	1.335810	I:	D:
10939	11709	+	1	1.332738	I:	D:
11711	12460	+	2	1.344517	I:	D:
12551	12982	+	2	1.348021	I:	D:
12990	13304	+	3	1.346826	I:	D:
13378	13704	+	1	1.311713	I:	D:
13706	14467	+	2	1.326328	I:	D:
14590	17046	+	1	1.327606	I:	D:
17056	17928	+	1	1.329297	I:	D:
17969	18748	-	2	1.307699	I:	D:
18822	19547	-	3	1.320352	I:	D:
19564	20400	-	1	1.363641	I:	D:
20535	22139	-	3	1.318784	I:	D:
>YB2_12148
1	231	+	1	1.404855	I:	D:
299	550	-	2	1.394956	I:	D:
552	1247	+	3	1.351195	I:	D:
1266	2231	+	3	1.335374	I:	D:
2225	3004	+	2	1.343572	I:	D:
3019	4116	+	1	1.328886	I:	D:
4314	4712	-	3	1.329405	I:	D:
4726	5463	-	1	1.338605	I:	D:
5827	6585	+	1	1.298967	I:	D:
6759	6962	+	3	1.282843	I:	D:
7087	9270	+	1	1.311866	I:	D:
9487	12030	-	1	1.323684	I:	D:
12032	12754	-	2	1.328504	I:	D:
12911	13120	+	2	1.284863	I:	D:
13180	13500	+	1	1.331229	I:	D:
13570	14907	+	1	1.324563	I:	D:
15034	16362	-	1	1.325408	I:	D:
16421	17125	-	2	1.328604	I:	D:
17333	19006	+	2	1.332120	I:	D:
19434	20108	-	3	1.318668	I:	D:
20092	20313	-	1	1.336565	I:	D:
20386	21705	+	1	1.350219	I:	D:
>YB2_12163
2	247	+	2	1.359814	I:	D:
544	993	-	1	1.345529	I:	D:
1089	1565	-	3	1.350854	I:	D:
1671	3332	-	3	1.311953	I:	D:
3555	3746	+	3	1.353113	I:	D:
3899	4078	+	2	1.361818	I:	D:
4113	4253	-	3	1.335629	I:	D:
4263	4736	-	3	1.321304	I:	D:
4738	5889	-	1	1.351489	I:	D:
5886	6710	-	3	1.326695	I:	D:
6725	7447	-	2	1.374742	I:	D:
7610	8443	-	2	1.341954	I:	D:
8136	8363	+	3	1.363432	I:	D:
8440	9213	-	1	1.339615	I:	D:
9318	11351	-	3	1.307729	I:	D:
11420	12181	-	2	1.330925	I:	D:
12352	13080	-	1	1.327028	I:	D:
13375	15123	+	1	1.319867	I:	D:
15126	16259	+	3	1.314264	I:	D:
16261	16938	+	1	1.329918	I:	D:
16941	17636	+	3	1.302743	I:	D:
17633	18742	+	2	1.314755	I:	D:
18757	19386	+	1	1.311750	I:	D:
19433	20014	+	2	1.336885	I:	D:
20080	21336	+	1	1.312827	I:	D:
21338	21961	+	2	1.309253	I:	D:
21958	22788	+	1	1.320279	I:	D:
22862	23419	+	2	1.336498	I:	D:
23431	23640	-	1	1.318064	I:	D:
23416	24114	+	1	1.334628	I:	D:
24181	24627	-	1	1.397837	I:	D:
24788	25123	+	2	1.320185	I:	D:
25250	28819	-	2	1.331590	I:	D:
29071	29550	-	1	1.334731	I:	D:
29550	30167	-	3	1.305662	I:	D:
30225	30950	-	3	1.307765	I:	D:
30961	31656	-	1	1.316320	I:	D:
31692	32483	-	3	1.341754	I:	D:
32523	32654	-	3	1.360810	I:	D:
32740	34839	-	1	1.319121	I:	D:
34904	35968	-	2	1.323835	I:	D:
35987	36766	-	2	1.331902	I:	D:
36776	37048	-	2	1.320180	I:	D:
37079	38014	-	2	1.308711	I:	D:
38030	38368	-	2	1.305483	I:	D:
38534	38896	-	2	1.328447	I:	D:
38936	40150	-	2	1.322354	I:	D:
40164	41153	-	3	1.332239	I:	D:
41207	42181	-	2	1.320547	I:	D:
42356	43129	-	2	1.296256	I:	D:
43185	43409	-	3	1.337794	I:	D:
43476	45452	-	3	1.321114	I:	D:
45540	45944	-	3	1.309933	I:	D:
45977	46975	-	2	1.322998	I:	D:
46993	48588	-	1	1.306367	I:	D:
48650	49108	-	2	1.299413	I:	D:
49122	50441	-	3	1.322360	I:	D:
50461	51417	-	1	1.328724	I:	D:
51467	52489	-	2	1.319579	I:	D:
52512	54194	-	3	1.322994	I:	D:
54249	54578	-	3	1.293810	I:	D:
54599	55057	-	2	1.287734	I:	D:
55070	55435	-	2	1.323702	I:	D:
55787	58162	-	2	1.340784	I:	D:
58137	59018	-	3	1.314446	I:	D:
59039	59566	-	2	1.369747	I:	D:
59767	61785	+	1	1.322391	I:	D:
61825	62505	-	1	1.340287	I:	D:
62584	65058	-	1	1.322601	I:	D:
65061	65381	+	3	1.368171	I:	D:
65545	66243	+	1	1.330591	I:	D:
66292	66537	+	1	1.298315	I:	D:
66539	68872	+	2	1.313588	I:	D:
69003	69737	+	3	1.322715	I:	D:
69734	70183	+	2	1.327443	I:	D:
70176	70811	+	3	1.341082	I:	D:
70821	71528	+	3	1.326210	I:	D:
71608	71922	-	1	1.312927	I:	D:
72057	73478	-	3	1.333643	I:	D:
73480	74244	-	1	1.347740	I:	D:
74237	76411	-	2	1.346520	I:	D:
76433	77125	-	2	1.329435	I:	D:
77275	77448	+	1	1.392558	I:	D:
77622	78467	-	3	1.330539	I:	D:
78457	79365	-	1	1.326450	I:	D:
79878	80123	+	3	1.396753	I:	D:
80142	80750	+	3	1.386384	I:	D:
80786	81226	+	2	1.370393	I:	D:
81284	82282	-	2	1.311634	I:	D:
82414	82566	-	1	1.336232	I:	D:
82715	84169	-	2	1.314336	I:	D:
84326	85513	+	2	1.321412	I:	D:
85545	86861	+	3	1.314827	I:	D:
86877	87227	+	3	1.340630	I:	D:
87227	88504	+	2	1.307778	I:	D:
88862	90259	+	2	1.329054	I:	D:
90451	91575	+	1	1.327097	I:	D:
91568	92941	+	2	1.332464	I:	D:
92989	93462	-	1	1.313686	I:	D:
93628	94590	+	1	1.324396	I:	D:
94802	95449	+	2	1.315113	I:	D:
95486	96280	+	2	1.316330	I:	D:
96335	97471	+	2	1.329387	I:	D:
97557	98171	+	3	1.322298	I:	D:
98400	99269	-	3	1.342456	I:	D:
99269	99757	-	2	1.351086	I:	D:
99780	100187	-	3	1.311867	I:	D:
100490	102745	+	2	1.352565	I:	D:
103180	103776	-	1	1.379969	I:	D:
103958	104581	-	2	1.322032	I:	D:
104571	105371	-	3	1.356312	I:	D:
105386	105928	-	2	1.325313	I:	D:
106138	106278	+	1	1.361602	I:	D:
106283	107596	-	2	1.314186	I:	D:
107598	108392	-	3	1.322879	I:	D:
108601	109338	-	1	1.336968	I:	D:
109370	110464	-	2	1.314565	I:	D:
110732	112783	+	2	1.327261	I:	D:
112846	113823	-	1	1.322786	I:	D:
113902	114264	-	1	1.301971	I:	D:
114352	115107	-	1	1.329074	I:	D:
115118	117139	-	2	1.318177	I:	D:
117140	118783	-	2	1.300575	I:	D:
118810	119166	-	1	1.302382	I:	D:
119163	119930	-	3	1.308742	I:	D:
120041	121216	-	2	1.341968	I:	D:
121213	121704	-	1	1.332132	I:	D:
121791	122618	-	3	1.337775	I:	D:
122841	123110	+	3	1.325057	I:	D:
123129	124484	+	3	1.323332	I:	D:
124656	126563	-	3	1.323996	I:	D:
126592	126810	-	1	1.346956	I:	D:
126834	127460	-	3	1.323539	I:	D:
127472	127864	-	2	1.358390	I:	D:
128005	129171	+	1	1.310022	I:	D:
129299	129622	-	2	1.384365	I:	D:
129933	131300	+	3	1.331096	I:	D:
131537	132553	+	2	1.306725	I:	D:
132687	133058	+	3	1.295326	I:	D:
133071	134654	+	3	1.289045	I:	D:
134843	134974	+	2	1.377237	I:	D:
134997	135800	-	3	1.308240	I:	D:
135800	136843	-	2	1.311027	I:	D:
136944	138047	-	3	1.337852	I:	D:
138291	139349	-	3	1.329104	I:	D:
139366	139845	-	1	1.339464	I:	D:
139847	140914	-	2	1.342032	I:	D:
140907	142724	-	3	1.307767	I:	D:
142752	143495	-	3	1.323130	I:	D:
143732	144631	+	2	1.316157	I:	D:
144635	146326	+	2	1.303150	I:	D:
146524	148086	+	1	1.322034	I:	D:
148271	149548	-	2	1.332729	I:	D:
149814	151067	+	3	1.308773	I:	D:
151077	152249	+	3	1.328128	I:	D:
152400	152858	+	3	1.299342	I:	D:
152936	153073	-	2	1.356462	I:	D:
153115	153447	-	1	1.380194	I:	D:
>YB2_12165
1	774	-	1	1.316165	I:	D:
795	1049	-	3	1.303986	I:	D:
1074	2237	-	3	1.307994	I:	D:
2261	3175	-	2	1.339362	I:	D:
3330	4208	+	3	1.358529	I:	D:
4416	5159	+	3	1.330032	I:	D:
5176	6177	+	1	1.334288	I:	D:
6607	6819	+	1	1.380999	I:	D:
6897	8870	+	3	1.324417	I:	D:
8931	10997	+	3	1.324500	I:	D:
11015	11461	+	2	1.308353	I:	D:
11463	12827	+	3	1.320184	I:	D:
12837	13850	+	3	1.340595	I:	D:
14066	16090	+	2	1.321819	I:	D:
16158	16580	+	3	1.323470	I:	D:
16775	17314	+	2	1.336213	I:	D:
17314	17973	+	1	1.311235	I:	D:
18047	18268	+	2	1.357350	I:	D:
18283	19338	+	1	1.332604	I:	D:
19340	20080	+	2	1.341005	I:	D:
20077	20607	+	1	1.313923	I:	D:
20656	21417	+	1	1.348802	I:	D:
>YB2_12236
2	430	-	2	1.334974	I:	D:
427	1476	-	1	1.336676	I:	D:
1488	2633	-	3	1.331233	I:	D:
2730	3566	-	3	1.349429	I:	D:
3588	4292	-	3	1.339738	I:	D:
4292	4846	-	2	1.332427	I:	D:
4868	5596	-	2	1.331119	I:	D:
5643	6884	-	3	1.330350	I:	D:
7148	8143	-	2	1.329594	I:	D:
8156	9133	-	2	1.349958	I:	D:
9261	10790	-	3	1.335659	I:	D:
10969	11328	-	1	1.347621	I:	D:
11569	12198	+	1	1.334438	I:	D:
12233	15688	-	2	1.331326	I:	D:
15699	16328	-	3	1.326905	I:	D:
16418	17758	-	2	1.329242	I:	D:
17869	18057	+	1	1.357633	I:	D:
18115	18573	-	1	1.311679	I:	D:
18615	18818	+	3	1.356905	I:	D:
18856	19146	+	1	1.399673	I:	D:
19280	20293	-	2	1.336764	I:	D:
20405	20563	+	2	1.328876	I:	D:
>YB2_13430
7	162	+	1	1.390666	I:	D:
221	796	-	2	1.335140	I:	D:
945	1343	-	3	1.389691	I:	D:
1428	1844	-	3	1.367775	I:	D:
2053	3402	-	1	1.339908	I:	D:
3383	3664	-	2	1.356422	I:	D:
3805	6048	-	1	1.349636	I:	D:
6045	6497	-	3	1.358219	I:	D:
6487	7296	-	1	1.351353	I:	D:
7372	7857	-	1	1.330414	I:	D:
8598	9542	+	3	1.355347	I:	D:
9558	12320	+	3	1.381122	I:	D:
12486	13520	+	3	1.378395	I:	D:
13505	14437	+	2	1.360771	I:	D:
14481	16448	+	3	1.353311	I:	D:
16480	17652	+	1	1.380111	I:	D:
17779	18777	+	1	1.355469	I:	D:
19028	19873	-	2	1.354366	I:	D:
19971	20507	-	3	1.337231	I:	D:
20567	24427	-	2	1.343097	I:	D:
24592	24735	+	1	1.367411	I:	D:
24830	25774	-	2	1.334514	I:	D:
25933	26325	-	1	1.318528	I:	D:
26503	26679	-	1	1.338576	I:	D:
26713	28623	-	1	1.325456	I:	D:
28759	29307	+	1	1.324028	I:	D:
29429	31708	+	2	1.333555	I:	D:
31871	32734	+	2	1.336549	I:	D:
32751	34220	+	3	1.332900	I:	D:
34256	34753	-	2	1.323447	I:	D:
34760	35248	-	2	1.330237	I:	D:
35272	37392	-	1	1.325452	I:	D:
37509	37676	+	3	1.371496	I:	D:
37735	38367	-	1	1.317148	I:	D:
38369	38803	-	2	1.314594	I:	D:
38955	39779	-	3	1.340033	I:	D:
40137	40769	-	3	1.313445	I:	D:
40935	42920	+	3	1.318036	I:	D:
42944	45178	+	2	1.319616	I:	D:
45360	47030	+	3	1.315058	I:	D:
47030	47683	+	2	1.314241	I:	D:
47706	48398	+	3	1.335283	I:	D:
48500	49075	+	2	1.298371	I:	D:
49153	50814	-	1	1.320480	I:	D:
51062	51565	+	2	1.314531	I:	D:
51587	52468	+	2	1.326022	I:	D:
52579	53031	+	1	1.300554	I:	D:
53083	53637	-	1	1.297273	I:	D:
53657	54169	-	2	1.318916	I:	D:
54174	54641	-	3	1.358671	I:	D:
54653	55780	-	2	1.330164	I:	D:
55810	56196	-	1	1.339446	I:	D:
56209	56406	-	1	1.285058	I:	D:
56421	56909	-	3	1.355720	I:	D:
57038	57850	+	2	1.361925	I:	D:
57954	58520	-	3	1.337148	I:	D:
58579	60330	-	1	1.326690	I:	D:
60493	61884	-	1	1.326147	I:	D:
61969	63810	-	1	1.335850	I:	D:
63883	65607	-	1	1.324438	I:	D:
65644	66684	-	1	1.328330	I:	D:
66975	67112	+	3	1.382937	I:	D:
67186	67332	-	1	1.408158	I:	D:
67390	67620	+	1	1.303560	I:	D:
67755	70883	-	3	1.320164	I:	D:
70880	71368	-	2	1.309801	I:	D:
71635	73458	+	1	1.338430	I:	D:
73844	74227	-	2	1.305776	I:	D:
74202	74474	+	3	1.362259	I:	D:
74476	75318	-	1	1.343303	I:	D:
75486	78194	-	3	1.342039	I:	D:
78210	79118	-	3	1.324170	I:	D:
79145	80146	-	2	1.341582	I:	D:
80398	81546	-	1	1.301636	I:	D:
81691	82740	-	1	1.348940	I:	D:
82756	84039	-	1	1.358263	I:	D:
84100	85236	-	1	1.319652	I:	D:
85250	86506	-	2	1.332933	I:	D:
86519	87565	-	2	1.322439	I:	D:
87584	88927	-	2	1.314991	I:	D:
88939	90399	-	1	1.345151	I:	D:
90413	92815	-	2	1.320895	I:	D:
93001	93513	-	1	1.315186	I:	D:
93577	94518	-	1	1.348024	I:	D:
94518	95117	-	3	1.363099	I:	D:
95421	96146	-	3	1.343362	I:	D:
96203	97354	-	2	1.321623	I:	D:
97417	97866	-	1	1.356973	I:	D:
97960	99162	-	1	1.321482	I:	D:
99238	99573	-	1	1.321114	I:	D:
99586	100446	-	1	1.342037	I:	D:
100827	102296	-	3	1.333783	I:	D:
102307	103164	-	1	1.335148	I:	D:
103443	103820	-	3	1.319783	I:	D:
103821	104498	-	3	1.335230	I:	D:
104200	104559	+	1	1.340782	I:	D:
104647	105648	+	1	1.363045	I:	D:
105866	106414	+	2	1.314111	I:	D:
106556	107833	+	2	1.331960	I:	D:
107911	109344	-	1	1.328823	I:	D:
109357	110808	-	1	1.321053	I:	D:
110822	111106	-	2	1.303651	I:	D:
111489	111680	+	3	1.336836	I:	D:
111692	112783	+	2	1.331077	I:	D:
112816	114321	+	1	1.338311	I:	D:
114356	114790	+	2	1.368999	I:	D:
114801	116033	+	3	1.331155	I:	D:
116030	116752	+	2	1.329606	I:	D:
116786	117361	+	2	1.322028	I:	D:
117437	117727	+	2	1.407201	I:	D:
117802	119082	-	1	1.336075	I:	D:
119107	119238	+	1	1.341044	I:	D:
119516	119698	+	2	1.387457	I:	D:
120300	120584	+	3	1.330270	I:	D:
>YB2_14082
201	890	-	3	1.350471	I:	D:
1342	1677	-	1	1.337926	I:	D:
1680	1967	-	3	1.392499	I:	D:
2231	2986	-	2	1.316470	I:	D:
3519	5330	-	3	1.327818	I:	D:
5540	5704	+	2	1.384645	I:	D:
5739	8165	+	3	1.325315	I:	D:
8167	9051	+	1	1.321953	I:	D:
9278	11185	-	2	1.357379	I:	D:
11420	13054	-	2	1.321225	I:	D:
13197	13463	-	3	1.311478	I:	D:
13546	15474	-	1	1.319955	I:	D:
15539	16441	-	2	1.332915	I:	D:
16443	17273	-	3	1.350405	I:	D:
17517	18011	-	3	1.320515	I:	D:
18016	19530	-	1	1.338530	I:	D:
19634	20515	-	2	1.350048	I:	D:
20519	21451	-	2	1.338698	I:	D:
21593	23032	-	2	1.320246	I:	D:
23425	24684	-	1	1.327081	I:	D:
24785	25315	+	2	1.341555	I:	D:
25361	26653	-	2	1.329833	I:	D:
26776	28086	+	1	1.317786	I:	D:
28107	29429	+	3	1.327804	I:	D:
29453	30733	+	2	1.327568	I:	D:
30735	31949	-	3	1.340971	I:	D:
31988	33352	+	2	1.340202	I:	D:
33360	33878	+	3	1.346822	I:	D:
33933	34076	+	3	1.341402	I:	D:
34127	35521	-	2	1.323946	I:	D:
35518	36987	-	1	1.329798	I:	D:
37012	37647	-	1	1.330052	I:	D:
37670	39880	-	2	1.329265	I:	D:
39938	41956	-	2	1.332485	I:	D:
41985	43427	-	3	1.320902	I:	D:
43493	43624	-	2	1.332762	I:	D:
43817	44131	+	2	1.358458	I:	D:
44132	45172	+	2	1.356031	I:	D:
45185	46228	+	2	1.328786	I:	D:
46253	47155	+	2	1.322322	I:	D:
47248	47400	+	1	1.366161	I:	D:
47509	48054	-	1	1.347163	I:	D:
48087	48731	-	3	1.344033	I:	D:
49010	49672	-	2	1.331069	I:	D:
49757	50041	+	2	1.277388	I:	D:
50038	51270	+	1	1.343467	I:	D:
51340	51858	-	1	1.309602	I:	D:
51864	52415	-	3	1.338525	I:	D:
52412	52990	-	2	1.341373	I:	D:
53017	54870	-	1	1.318418	I:	D:
55029	55346	+	3	1.332674	I:	D:
55511	58228	-	2	1.335616	I:	D:
58466	58996	-	2	1.347890	I:	D:
59018	59830	-	2	1.328508	I:	D:
59956	60660	+	1	1.346635	I:	D:
60777	61790	+	3	1.328788	I:	D:
61813	62325	+	1	1.328996	I:	D:
62353	63417	+	1	1.332568	I:	D:
63588	63989	+	3	1.333665	I:	D:
64041	64226	+	3	1.382377	I:	D:
64539	64886	+	3	1.308947	I:	D:
64932	66308	+	3	1.304674	I:	D:
66368	66658	+	2	1.354334	I:	D:
66738	66971	+	3	1.328385	I:	D:
67024	67188	+	1	1.367564	I:	D:
67198	67395	+	1	1.349864	I:	D:
67510	69567	+	1	1.345976	I:	D:
69582	69791	+	3	1.406914	I:	D:
70011	70568	-	3	1.330590	I:	D:
70809	71408	+	3	1.333179	I:	D:
71453	71935	-	2	1.323945	I:	D:
72005	72403	-	2	1.333820	I:	D:
72510	75140	-	3	1.323700	I:	D:
75339	76079	-	3	1.330751	I:	D:
76128	79280	-	3	1.327623	I:	D:
79630	80952	+	1	1.329579	I:	D:
81031	81480	+	1	1.367019	I:	D:
81490	81933	+	1	1.320086	I:	D:
81989	82378	+	2	1.337964	I:	D:
82406	82843	+	2	1.339346	I:	D:
82872	84119	+	3	1.333584	I:	D:
84175	85155	-	1	1.342791	I:	D:
85152	87302	-	3	1.344519	I:	D:
87352	88470	-	1	1.323189	I:	D:
88742	89386	+	2	1.338548	I:	D:
89617	90957	+	1	1.321783	I:	D:
91041	91445	+	3	1.310071	I:	D:
91705	91887	+	1	1.400377	I:	D:
92074	93390	+	1	1.314457	I:	D:
93390	93956	+	3	1.320622	I:	D:
93993	94655	+	3	1.324717	I:	D:
94674	95675	+	3	1.328423	I:	D:
95718	96635	+	3	1.320468	I:	D:
96678	98693	+	3	1.329865	I:	D:
98736	99776	-	3	1.319151	I:	D:
99798	101336	-	3	1.318929	I:	D:
101470	101793	-	1	1.342251	I:	D:
101790	102143	-	3	1.368887	I:	D:
102154	102288	-	1	1.346743	I:	D:
102577	103377	+	1	1.338508	I:	D:
103370	104071	+	2	1.316874	I:	D:
104155	104556	-	1	1.311543	I:	D:
104570	105964	-	2	1.316791	I:	D:
106160	106996	-	2	1.310233	I:	D:
107048	107176	-	2	1.309092	I:	D:
107195	108703	-	2	1.318730	I:	D:
108750	109298	-	3	1.305020	I:	D:
109324	109857	-	1	1.294438	I:	D:
109893	110198	-	3	1.301570	I:	D:
110245	110958	-	1	1.304275	I:	D:
110997	111419	-	3	1.329863	I:	D:
111428	111730	-	2	1.332969	I:	D:
111732	112499	-	3	1.339150	I:	D:
112539	113603	-	3	1.312060	I:	D:
113640	114788	-	3	1.337300	I:	D:
115066	115539	-	1	1.310550	I:	D:
115552	116673	-	1	1.325189	I:	D:
116889	117794	-	3	1.332640	I:	D:
117806	118336	-	2	1.340762	I:	D:
118336	120969	-	1	1.329986	I:	D:
121014	122771	-	3	1.333433	I:	D:
122884	123660	-	1	1.345369	I:	D:
123645	124334	-	3	1.346380	I:	D:
124334	124552	-	2	1.320116	I:	D:
124920	125687	+	3	1.366389	I:	D:
126080	126718	+	2	1.319421	I:	D:
126715	127395	+	1	1.343138	I:	D:
127481	128017	-	2	1.309802	I:	D:
128228	128758	+	2	1.330284	I:	D:
128824	129546	+	1	1.355320	I:	D:
129644	131119	+	2	1.337071	I:	D:
131176	131373	+	1	1.367545	I:	D:
131736	134696	-	3	1.321420	I:	D:
134723	135223	-	2	1.350554	I:	D:
135403	135753	+	1	1.353610	I:	D:
136015	136281	-	1	1.363340	I:	D:
136286	136759	-	2	1.334445	I:	D:
136879	138573	-	1	1.347473	I:	D:
138588	139490	-	3	1.378706	I:	D:
140963	141229	+	2	1.404618	I:	D:
143677	143889	+	1	1.361760	I:	D:
144103	144321	-	1	1.385733	I:	D:
144472	144612	-	1	1.350870	I:	D:
144884	145195	+	2	1.360619	I:	D:
145915	146910	+	1	1.337508	I:	D:
146923	149712	+	1	1.348438	I:	D:
150001	151842	+	1	1.340801	I:	D:
151924	153003	-	1	1.321227	I:	D:
153027	153206	+	3	1.386296	I:	D:
153696	154115	+	3	1.353469	I:	D:
154251	156347	+	3	1.322087	I:	D:
156580	157284	+	1	1.363420	I:	D:
157363	157692	-	1	1.364560	I:	D:
157845	158444	+	3	1.333170	I:	D:
158576	159949	-	2	1.328918	I:	D:
160081	161484	-	1	1.325619	I:	D:
161511	161762	+	3	1.375725	I:	D:
161881	162345	-	1	1.350230	I:	D:
162435	163499	-	3	1.315589	I:	D:
163733	163963	-	2	1.325889	I:	D:
163990	164223	-	1	1.310862	I:	D:
164353	165729	+	1	1.339494	I:	D:
165744	166055	+	3	1.321665	I:	D:
166182	169877	+	3	1.322998	I:	D:
170152	171411	+	1	1.327583	I:	D:
171546	172496	+	3	1.339312	I:	D:
172493	173671	+	2	1.335010	I:	D:
173799	176783	-	3	1.340947	I:	D:
177026	177874	-	2	1.333670	I:	D:
177879	178250	-	3	1.348472	I:	D:
178457	179386	-	2	1.351817	I:	D:
179404	183021	-	1	1.329684	I:	D:
183035	183736	-	2	1.329381	I:	D:
183859	185139	-	1	1.336786	I:	D:
185185	186033	-	1	1.320366	I:	D:
186023	186985	-	2	1.365928	I:	D:
187002	187829	-	3	1.361407	I:	D:
187945	188652	-	1	1.367129	I:	D:
188645	190546	-	2	1.359186	I:	D:
190671	193316	-	3	1.332093	I:	D:
193329	194006	-	3	1.349595	I:	D:
194052	196040	-	3	1.321866	I:	D:
196458	196703	+	3	1.344426	I:	D:
196817	197317	+	2	1.334841	I:	D:
197451	197696	-	3	1.379695	I:	D:
197703	198836	-	3	1.341019	I:	D:
198843	199094	-	3	1.283546	I:	D:
199130	199270	-	2	1.356092	I:	D:
199342	200439	-	1	1.344177	I:	D:
200810	202189	-	2	1.320660	I:	D:
202403	202663	-	2	1.369800	I:	D:
203318	203905	-	2	1.317121	I:	D:
203927	204766	-	2	1.355052	I:	D:
204883	205614	-	1	1.356185	I:	D:
205767	206090	+	3	1.346167	I:	D:
206090	207037	+	2	1.347584	I:	D:
207052	208386	+	1	1.350772	I:	D:
208653	208922	-	3	1.298422	I:	D:
209303	209473	+	2	1.385751	I:	D:
209804	210301	-	2	1.324591	I:	D:
210325	212265	-	1	1.332140	I:	D:
212706	213737	-	3	1.327422	I:	D:
213754	214578	-	1	1.322613	I:	D:
214584	215084	-	3	1.318550	I:	D:
215098	217344	-	1	1.314011	I:	D:
217501	219504	+	1	1.322166	I:	D:
219517	219825	+	1	1.320899	I:	D:
219911	220096	-	2	1.337333	I:	D:
220160	221518	-	2	1.337016	I:	D:
221720	223015	-	2	1.361164	I:	D:
223036	225099	-	1	1.331418	I:	D:
225113	225826	-	2	1.349174	I:	D:
225828	226916	-	3	1.341005	I:	D:
226934	227683	-	2	1.356581	I:	D:
227696	228448	-	2	1.372971	I:	D:
228445	229575	-	1	1.361984	I:	D:
229656	230759	-	3	1.329753	I:	D:
230771	232225	-	2	1.331983	I:	D:
232353	233846	-	3	1.332061	I:	D:
234187	235509	+	1	1.313844	I:	D:
235512	236372	+	3	1.355734	I:	D:
236416	237612	+	1	1.319766	I:	D:
237639	238466	+	3	1.333283	I:	D:
238488	239009	+	3	1.323009	I:	D:
239072	241282	+	2	1.324924	I:	D:
241307	242242	+	2	1.337988	I:	D:
242384	242626	-	2	1.392515	I:	D:
242807	243118	+	2	1.353807	I:	D:
243240	243872	+	3	1.332037	I:	D:
243891	244514	+	3	1.361126	I:	D:
244514	244810	+	2	1.324094	I:	D:
244828	245661	+	1	1.353618	I:	D:
245843	246121	+	2	1.377083	I:	D:
246134	246469	+	2	1.365998	I:	D:
246484	247242	+	1	1.347383	I:	D:
247401	247664	+	3	1.360265	I:	D:
247673	247888	-	2	1.345337	I:	D:
247887	248141	+	3	1.356760	I:	D:
248165	248533	+	2	1.335446	I:	D:
248559	248924	-	3	1.347090	I:	D:
248956	249495	+	1	1.325601	I:	D:
249516	249701	+	3	1.380853	I:	D:
249870	250268	+	3	1.338201	I:	D:
250283	250828	+	2	1.342300	I:	D:
250856	251215	+	2	1.324437	I:	D:
251233	251733	+	1	1.328666	I:	D:
251756	251932	+	2	1.345245	I:	D:
252018	252461	+	3	1.320503	I:	D:
252461	253801	+	2	1.326039	I:	D:
253880	254512	+	2	1.336088	I:	D:
254538	255293	+	3	1.343944	I:	D:
255298	255555	+	1	1.332162	I:	D:
255557	255775	+	2	1.309226	I:	D:
255963	256331	+	3	1.338356	I:	D:
256353	256754	+	3	1.363050	I:	D:
256851	257447	+	3	1.345848	I:	D:
257666	258625	+	2	1.323297	I:	D:
258680	259021	+	2	1.323456	I:	D:
259184	259324	-	2	1.342024	I:	D:
259529	261901	-	2	1.321060	I:	D:
262042	262665	-	1	1.338852	I:	D:
262715	263158	+	2	1.334914	I:	D:
263255	264211	-	2	1.295852	I:	D:
264250	264642	-	1	1.356974	I:	D:
264635	265042	-	2	1.347566	I:	D:
265138	266658	-	1	1.318788	I:	D:
266663	267151	-	2	1.314810	I:	D:
267195	268394	-	3	1.321045	I:	D:
268417	269319	-	1	1.326346	I:	D:
269306	269998	-	2	1.313491	I:	D:
270180	271265	-	3	1.327755	I:	D:
271602	273545	+	3	1.331945	I:	D:
273590	274240	+	2	1.324782	I:	D:
274240	274998	+	1	1.345804	I:	D:
274995	275453	+	3	1.367697	I:	D:
275470	276468	+	1	1.318510	I:	D:
276468	277145	+	3	1.370017	I:	D:
277594	279540	+	1	1.311577	I:	D:
279757	280635	-	1	1.343246	I:	D:
280619	281215	-	2	1.325272	I:	D:
281227	283158	-	1	1.329805	I:	D:
283229	284827	-	2	1.302753	I:	D:
285443	286099	+	2	1.303683	I:	D:
286139	286843	+	2	1.338881	I:	D:
286887	287615	+	3	1.316652	I:	D:
287819	288136	+	2	1.374458	I:	D:
288145	288609	-	1	1.338287	I:	D:
288652	288957	-	1	1.307439	I:	D:
289111	291489	-	1	1.318343	I:	D:
291913	293106	+	1	1.319938	I:	D:
293139	294770	+	3	1.326438	I:	D:
294770	295732	+	2	1.316335	I:	D:
295859	298153	+	2	1.368903	I:	D:
298171	299229	+	1	1.354218	I:	D:
299242	300066	+	1	1.368010	I:	D:
300119	301177	-	2	1.328904	I:	D:
301361	303067	+	2	1.334570	I:	D:
303210	304295	+	3	1.337081	I:	D:
304306	304929	+	1	1.335242	I:	D:
305200	305832	+	1	1.351383	I:	D:
305999	306727	+	2	1.352479	I:	D:
306930	307199	+	3	1.318882	I:	D:
307204	307683	+	1	1.341527	I:	D:
307695	309299	+	3	1.327167	I:	D:
309311	310831	+	2	1.334268	I:	D:
310848	311582	+	3	1.358722	I:	D:
311621	312049	+	2	1.335678	I:	D:
312052	312285	+	1	1.338176	I:	D:
312287	314701	+	2	1.331098	I:	D:
314728	315138	+	1	1.320244	I:	D:
315157	315642	+	1	1.305455	I:	D:
315845	317059	+	2	1.328045	I:	D:
317074	318171	+	1	1.342158	I:	D:
318180	318974	+	3	1.331691	I:	D:
319039	319929	+	1	1.345296	I:	D:
320021	320785	+	2	1.329097	I:	D:
320797	321765	+	1	1.356081	I:	D:
321815	322873	+	2	1.320930	I:	D:
322873	323508	+	1	1.320866	I:	D:
>YB2_14341
174	686	-	3	1.322801	I:	D:
772	1620	+	1	1.334872	I:	D:
1624	3207	-	1	1.334759	I:	D:
3416	4525	+	2	1.333694	I:	D:
4617	6443	+	3	1.346443	I:	D:
6475	7620	+	1	1.366815	I:	D:
7690	10698	+	1	1.345816	I:	D:
10698	14171	+	3	1.340501	I:	D:
14280	15779	+	3	1.327687	I:	D:
15856	17802	-	1	1.342573	I:	D:
17959	19851	-	1	1.331047	I:	D:
20199	20588	-	3	1.303714	I:	D:
20662	21171	-	1	1.321386	I:	D:
21396	22004	-	3	1.317063	I:	D:
22052	24472	-	2	1.314019	I:	D:
24642	25427	-	3	1.343439	I:	D:
25583	26578	+	2	1.333385	I:	D:
26559	27767	+	3	1.308757	I:	D:
27769	28647	+	1	1.317458	I:	D:
28989	29372	+	3	1.338720	I:	D:
29380	30369	-	1	1.323979	I:	D:
30526	31254	+	1	1.339137	I:	D:
31211	33262	+	2	1.343797	I:	D:
33315	34832	+	3	1.311869	I:	D:
34837	35361	+	1	1.334290	I:	D:
35611	36666	+	1	1.333166	I:	D:
36776	37639	+	2	1.332338	I:	D:
37632	38189	+	3	1.321972	I:	D:
38203	39999	+	1	1.327642	I:	D:
40010	41122	+	2	1.335097	I:	D:
41285	41971	+	2	1.315936	I:	D:
41971	43482	+	1	1.322510	I:	D:
43811	44371	+	2	1.341791	I:	D:
44368	44916	+	1	1.339792	I:	D:
45197	46333	-	2	1.340288	I:	D:
46525	47412	+	1	1.317306	I:	D:
47426	48043	+	2	1.340385	I:	D:
48081	49046	+	3	1.317709	I:	D:
49066	50031	+	1	1.345424	I:	D:
50069	51724	+	2	1.330708	I:	D:
51792	52364	+	3	1.341831	I:	D:
52454	53143	+	2	1.313563	I:	D:
53354	54094	+	2	1.356484	I:	D:
54075	57299	+	3	1.332701	I:	D:
57312	58706	+	3	1.336656	I:	D:
58957	60174	+	1	1.330868	I:	D:
60325	61686	+	1	1.333235	I:	D:
61853	62158	+	2	1.313154	I:	D:
62139	62468	+	3	1.343610	I:	D:
62499	62780	+	3	1.354796	I:	D:
62903	64177	+	2	1.325054	I:	D:
64214	64909	+	2	1.327520	I:	D:
64914	65315	+	3	1.345114	I:	D:
65334	66224	+	3	1.326976	I:	D:
66245	66997	+	2	1.320802	I:	D:
67129	68916	-	1	1.336813	I:	D:
68917	70638	-	1	1.319721	I:	D:
70770	71642	+	3	1.347623	I:	D:
71695	71886	+	1	1.369758	I:	D:
72192	73481	-	3	1.321680	I:	D:
73739	75970	+	2	1.339754	I:	D:
75972	76805	+	3	1.338201	I:	D:
76811	77683	+	2	1.328382	I:	D:
77717	78682	-	2	1.339501	I:	D:
78826	79434	+	1	1.338695	I:	D:
79610	80221	+	2	1.327292	I:	D:
80344	80523	+	1	1.325001	I:	D:
80656	82404	-	1	1.349875	I:	D:
82607	85825	+	2	1.321626	I:	D:
86001	86609	+	3	1.335937	I:	D:
86739	87515	-	3	1.311353	I:	D:
87642	90311	-	3	1.335424	I:	D:
90545	91546	-	2	1.353187	I:	D:
91653	92123	-	3	1.326301	I:	D:
92127	93815	-	3	1.326717	I:	D:
93989	94474	-	2	1.347330	I:	D:
94494	96380	-	3	1.345493	I:	D:
96751	98490	+	1	1.338577	I:	D:
98503	100299	+	1	1.342999	I:	D:
100400	101263	-	2	1.321374	I:	D:
101384	101581	+	2	1.357191	I:	D:
101587	101742	+	1	1.284026	I:	D:
101890	102306	+	1	1.336012	I:	D:
102476	102637	+	2	1.302881	I:	D:
>YB2_14632
281	1189	-	2	1.352003	I:	D:
1251	1508	-	3	1.356606	I:	D:
1521	1781	-	3	1.342750	I:	D:
1940	2071	+	2	1.382629	I:	D:
2618	3175	+	2	1.357252	I:	D:
3260	4045	-	2	1.327901	I:	D:
4129	5076	-	1	1.332327	I:	D:
5298	8075	-	3	1.311376	I:	D:
8149	8811	-	1	1.336670	I:	D:
9069	9350	+	3	1.359813	I:	D:
9618	9830	+	3	1.325055	I:	D:
9932	10150	+	2	1.332314	I:	D:
10269	12791	+	3	1.316095	I:	D:
12857	13078	+	2	1.346617	I:	D:
13093	13470	+	1	1.331747	I:	D:
13463	13837	+	2	1.320451	I:	D:
13906	14574	-	1	1.338788	I:	D:
14654	16417	-	2	1.319669	I:	D:
16446	18344	-	3	1.320846	I:	D:
18578	19756	-	2	1.325116	I:	D:
20125	20604	+	1	1.335182	I:	D:
20594	21937	+	2	1.333725	I:	D:
22420	23928	+	1	1.340237	I:	D:
24186	25157	-	3	1.323045	I:	D:
25330	25812	+	1	1.354132	I:	D:
26045	26230	-	2	1.350671	I:	D:
26247	26663	-	3	1.331359	I:	D:
26676	27953	-	3	1.306091	I:	D:
28346	29236	+	2	1.319722	I:	D:
29246	30364	+	2	1.338040	I:	D:
30352	30846	+	1	1.319267	I:	D:
30926	33997	-	2	1.311012	I:	D:
34080	36026	-	3	1.318426	I:	D:
36313	36990	+	1	1.330965	I:	D:
37000	37191	+	1	1.337732	I:	D:
37446	38924	+	3	1.317556	I:	D:
39126	40766	+	3	1.309365	I:	D:
40780	41271	+	1	1.318739	I:	D:
41332	42429	+	1	1.316819	I:	D:
42615	42857	+	3	1.394346	I:	D:
42924	43928	-	3	1.329537	I:	D:
44280	45419	+	3	1.325483	I:	D:
45478	46731	+	1	1.316036	I:	D:
46906	48138	-	1	1.302690	I:	D:
48260	49822	+	2	1.315832	I:	D:
49819	50658	+	1	1.316900	I:	D:
50772	51698	-	3	1.325986	I:	D:
51742	52581	-	1	1.323972	I:	D:
52650	52940	-	3	1.341035	I:	D:
52983	54125	-	3	1.325588	I:	D:
54150	55256	-	3	1.340682	I:	D:
55486	57792	+	1	1.323094	I:	D:
58051	58503	-	1	1.325457	I:	D:
58512	59390	-	3	1.335676	I:	D:
59523	60806	+	3	1.322173	I:	D:
61036	61644	-	1	1.309021	I:	D:
61862	62860	-	2	1.304109	I:	D:
63099	64871	-	3	1.326803	I:	D:
65176	65919	+	1	1.323993	I:	D:
66179	67846	-	2	1.328385	I:	D:
68086	68454	+	1	1.395958	I:	D:
68527	69720	+	1	1.313770	I:	D:
69739	70110	+	1	1.310306	I:	D:
70277	70849	+	2	1.312071	I:	D:
70915	71412	+	1	1.327305	I:	D:
71502	72344	-	3	1.350506	I:	D:
72349	72987	-	1	1.327428	I:	D:
73365	74726	-	3	1.320041	I:	D:
74723	76060	-	2	1.329505	I:	D:
76071	77024	-	3	1.333983	I:	D:
77174	78337	-	2	1.324174	I:	D:
78531	79733	+	3	1.328257	I:	D:
79802	80428	+	2	1.330363	I:	D:
80430	81125	+	3	1.336385	I:	D:
81295	81558	+	1	1.395506	I:	D:
81572	83737	-	2	1.326998	I:	D:
83880	84743	-	3	1.329175	I:	D:
84799	85056	-	1	1.330564	I:	D:
85181	85327	-	2	1.349004	I:	D:
85487	85777	-	2	1.350021	I:	D:
85798	86091	-	1	1.335983	I:	D:
87352	87711	+	1	1.343081	I:	D:
87708	89339	+	3	1.337635	I:	D:
89430	91241	-	3	1.318248	I:	D:
91234	93072	-	1	1.319575	I:	D:
93059	93925	-	2	1.335018	I:	D:
94085	94252	+	2	1.367844	I:	D:
94315	95112	-	1	1.322549	I:	D:
95369	96898	-	2	1.333683	I:	D:
96957	97277	-	3	1.344669	I:	D:
97452	97742	-	3	1.324562	I:	D:
97763	98056	-	2	1.325233	I:	D:
98426	98596	+	2	1.358941	I:	D:
>YB2_14805
388	879	+	1	1.339890	I:	D:
976	1233	-	1	1.311989	I:	D:
1245	3365	-	3	1.328203	I:	D:
3459	6107	-	3	1.337509	I:	D:
6121	7899	-	1	1.324728	I:	D:
8302	9138	+	1	1.333757	I:	D:
9234	10205	+	3	1.314774	I:	D:
10410	11369	+	3	1.319987	I:	D:
11379	11582	+	3	1.277526	I:	D:
11637	12584	+	3	1.316505	I:	D:
12615	13472	+	3	1.317148	I:	D:
13581	14924	-	3	1.331423	I:	D:
15107	16531	-	2	1.326805	I:	D:
16693	18912	-	1	1.316684	I:	D:
18971	19438	-	2	1.314425	I:	D:
19458	21278	-	3	1.319221	I:	D:
21355	21798	-	1	1.367427	I:	D:
21814	23340	-	1	1.310204	I:	D:
23351	23854	-	2	1.327748	I:	D:
24086	28378	+	2	1.314873	I:	D:
28396	29619	+	1	1.325675	I:	D:
29665	30624	+	1	1.338894	I:	D:
30639	31565	+	3	1.304994	I:	D:
31656	34004	+	3	1.315624	I:	D:
34026	35063	+	3	1.350282	I:	D:
35216	36901	-	2	1.327058	I:	D:
36911	37582	-	2	1.304033	I:	D:
37612	38250	-	1	1.289943	I:	D:
38267	39013	-	2	1.316637	I:	D:
39020	39955	-	2	1.321765	I:	D:
39955	40803	-	1	1.340502	I:	D:
41029	42015	-	1	1.318461	I:	D:
42280	43182	-	1	1.329121	I:	D:
43650	45008	+	3	1.332136	I:	D:
45062	45553	+	2	1.295385	I:	D:
45678	46709	+	3	1.329648	I:	D:
47012	47509	+	2	1.357244	I:	D:
47628	48833	+	3	1.295783	I:	D:
49148	50050	+	2	1.419128	I:	D:
50043	50705	+	3	1.367785	I:	D:
50830	51471	-	1	1.342458	I:	D:
51742	52782	+	1	1.319587	I:	D:
52804	54165	+	1	1.315169	I:	D:
54188	54883	+	2	1.320886	I:	D:
54937	56331	+	1	1.322861	I:	D:
56321	57391	+	2	1.311028	I:	D:
57388	58263	+	1	1.316579	I:	D:
58279	59475	+	1	1.303922	I:	D:
59479	60162	+	1	1.302037	I:	D:
60178	61554	+	1	1.319879	I:	D:
61551	62126	+	3	1.303732	I:	D:
62506	64641	+	1	1.320080	I:	D:
65402	66481	+	2	1.319958	I:	D:
66506	67669	+	2	1.318806	I:	D:
67780	69732	+	1	1.326238	I:	D:
69829	70446	+	1	1.345724	I:	D:
70500	70697	+	3	1.329471	I:	D:
70747	71100	+	1	1.361299	I:	D:
71167	71937	+	1	1.334382	I:	D:
72095	74209	+	2	1.322878	I:	D:
74199	75521	+	3	1.325861	I:	D:
75523	76536	+	1	1.319551	I:	D:
76538	77227	+	2	1.300192	I:	D:
77214	78203	+	3	1.330688	I:	D:
78220	81789	+	1	1.309170	I:	D:
81849	83174	+	3	1.298749	I:	D:
83241	83888	+	3	1.323360	I:	D:
83888	84184	+	2	1.285191	I:	D:
84177	84773	+	3	1.322811	I:	D:
84780	84956	+	3	1.334728	I:	D:
84953	85135	+	2	1.292250	I:	D:
85138	85683	-	1	1.362499	I:	D:
85749	86105	+	3	1.296744	I:	D:
86301	86474	+	3	1.349398	I:	D:
86571	87071	+	3	1.297810	I:	D:
87080	87271	-	2	1.348690	I:	D:
87071	87913	+	2	1.317400	I:	D:
87923	88981	+	2	1.317576	I:	D:
88995	89441	+	3	1.313665	I:	D:
89434	90504	+	1	1.328368	I:	D:
90673	91233	+	1	1.328113	I:	D:
91324	91737	+	1	1.296956	I:	D:
91809	92861	+	3	1.331839	I:	D:
92933	93787	+	2	1.341967	I:	D:
93997	94767	-	1	1.316535	I:	D:
94760	95944	-	2	1.316558	I:	D:
95964	96569	-	3	1.328298	I:	D:
96566	97351	-	2	1.321666	I:	D:
97348	97533	-	1	1.275510	I:	D:
>YB2_15340
2	1165	+	2	1.412740	I:	D:
1879	2433	-	1	1.380155	I:	D:
2436	2783	-	3	1.355260	I:	D:
2801	3640	-	2	1.365313	I:	D:
4411	5127	-	1	1.392403	I:	D:
5195	7447	-	2	1.368180	I:	D:
7728	8582	-	3	1.393519	I:	D:
8663	9259	-	2	1.388640	I:	D:
9394	10326	-	1	1.403394	I:	D:
10515	11783	-	3	1.367037	I:	D:
11790	11942	+	3	1.344426	I:	D:
12162	12788	-	3	1.338038	I:	D:
12979	14754	-	1	1.321185	I:	D:
14922	15479	-	3	1.316920	I:	D:
15568	18333	-	1	1.328171	I:	D:
18409	19215	-	1	1.357629	I:	D:
19496	21724	+	2	1.323242	I:	D:
21983	22249	-	2	1.310766	I:	D:
22285	23130	-	1	1.344952	I:	D:
23257	23733	+	1	1.378513	I:	D:
23857	24297	+	1	1.333703	I:	D:
24389	26548	+	2	1.324910	I:	D:
26707	27597	-	1	1.335719	I:	D:
27590	28558	-	2	1.351190	I:	D:
28659	30113	-	3	1.333700	I:	D:
30492	30713	+	3	1.369255	I:	D:
30722	32125	-	2	1.330571	I:	D:
32144	32506	-	2	1.331879	I:	D:
32531	33856	-	2	1.320429	I:	D:
34084	34833	-	1	1.335665	I:	D:
34893	36020	-	3	1.336877	I:	D:
36078	36482	-	3	1.301958	I:	D:
36515	37291	-	2	1.322876	I:	D:
37341	37907	-	3	1.324106	I:	D:
37904	38638	-	2	1.343018	I:	D:
38642	39340	-	2	1.340841	I:	D:
39499	39852	-	1	1.321107	I:	D:
39972	40616	-	3	1.324469	I:	D:
40867	41769	-	1	1.331500	I:	D:
41922	43484	+	3	1.322621	I:	D:
43753	44184	-	1	1.409487	I:	D:
44448	44579	+	3	1.356300	I:	D:
44794	46179	-	1	1.336524	I:	D:
46694	46936	+	2	1.326438	I:	D:
47007	48131	-	3	1.337728	I:	D:
48696	50318	+	3	1.335937	I:	D:
50661	51485	-	3	1.338202	I:	D:
51478	52203	-	1	1.333655	I:	D:
52219	53169	-	1	1.330411	I:	D:
53166	53606	-	3	1.349204	I:	D:
53663	54925	+	2	1.340607	I:	D:
55103	55552	+	2	1.350993	I:	D:
55923	57296	+	3	1.324737	I:	D:
57347	58141	-	2	1.339804	I:	D:
58197	60281	-	3	1.336634	I:	D:
60383	60511	+	2	1.367842	I:	D:
60589	61512	-	1	1.331252	I:	D:
61525	62199	-	1	1.333352	I:	D:
62269	63534	-	1	1.323488	I:	D:
63601	63927	-	1	1.320598	I:	D:
63948	64757	-	3	1.355429	I:	D:
64925	65728	+	2	1.351272	I:	D:
65729	67531	-	2	1.332413	I:	D:
67628	67861	-	2	1.341300	I:	D:
68354	68731	-	2	1.346594	I:	D:
68847	69134	-	3	1.318891	I:	D:
69145	69942	-	1	1.327493	I:	D:
69942	71366	-	3	1.336270	I:	D:
71794	72525	+	1	1.310163	I:	D:
72572	72883	-	2	1.357910	I:	D:
73087	73302	+	1	1.370052	I:	D:
73325	73681	-	2	1.332762	I:	D:
73803	74456	+	3	1.322801	I:	D:
74569	74700	+	1	1.369561	I:	D:
74992	75678	-	1	1.342625	I:	D:
76004	77449	+	2	1.318969	I:	D:
77781	78920	+	3	1.337839	I:	D:
79001	79735	+	2	1.313552	I:	D:
79957	80121	+	1	1.375943	I:	D:
80295	81101	+	3	1.327800	I:	D:
81440	82693	+	2	1.324733	I:	D:
82697	82948	+	2	1.343733	I:	D:
82948	83916	+	1	1.335652	I:	D:
84050	85516	-	2	1.326798	I:	D:
85530	86996	-	3	1.344994	I:	D:
87192	87767	+	3	1.351409	I:	D:
87796	91164	+	1	1.330655	I:	D:
>YB2_17652
319	681	+	1	1.336453	I:	D:
694	1482	+	1	1.332475	I:	D:
1679	2407	+	2	1.309704	I:	D:
2420	5392	+	2	1.320563	I:	D:
>YB2_18033
3	188	+	3	1.372511	I:	D:
192	1484	-	3	1.334358	I:	D:
1481	2299	-	2	1.324675	I:	D:
2397	2687	-	3	1.336186	I:	D:
2981	3790	-	2	1.322045	I:	D:
3777	4865	-	3	1.301164	I:	D:
5016	5246	-	3	1.363765	I:	D:
>YB2_18581
144	1304	-	3	1.318340	I:	D:
1406	2296	-	2	1.351597	I:	D:
2528	3724	+	2	1.342702	I:	D:
3963	6779	-	3	1.326124	I:	D:
6779	7258	-	2	1.325762	I:	D:
7489	8259	+	1	1.313994	I:	D:
8302	8478	-	1	1.295382	I:	D:
8497	9690	-	1	1.328344	I:	D:
9704	10696	-	2	1.337802	I:	D:
11162	11467	+	2	1.349937	I:	D:
11484	11951	+	3	1.341473	I:	D:
12242	13126	+	2	1.329930	I:	D:
13161	13613	-	3	1.347460	I:	D:
14118	14414	+	3	1.330426	I:	D:
14659	14856	-	1	1.349514	I:	D:
14944	15540	-	1	1.323635	I:	D:
15615	17162	-	3	1.340642	I:	D:
17481	17927	-	3	1.329054	I:	D:
17942	20263	-	2	1.317868	I:	D:
20274	22727	-	3	1.339860	I:	D:
22744	23958	-	1	1.328030	I:	D:
23973	24695	-	3	1.341727	I:	D:
24616	25722	-	1	1.332789	I:	D:
25749	26093	+	3	1.321859	I:	D:
26125	26895	-	1	1.345753	I:	D:
26885	27499	-	2	1.343639	I:	D:
27502	28764	-	1	1.308723	I:	D:
28754	30493	-	2	1.317819	I:	D:
30523	33261	-	1	1.317293	I:	D:
33290	34024	-	2	1.346492	I:	D:
34049	35866	-	2	1.329120	I:	D:
35853	36995	-	3	1.324102	I:	D:
37023	39125	-	3	1.341583	I:	D:
39157	42144	-	1	1.338898	I:	D:
42141	42548	-	3	1.310651	I:	D:
42565	43314	-	1	1.338839	I:	D:
43328	44386	-	2	1.352188	I:	D:
44409	45110	-	3	1.328067	I:	D:
45126	48446	-	3	1.350299	I:	D:
48464	48886	-	2	1.351745	I:	D:
48898	49047	-	1	1.332013	I:	D:
49086	49487	-	3	1.337725	I:	D:
49544	50032	-	2	1.338985	I:	D:
50059	51828	-	1	1.345849	I:	D:
51972	53981	-	3	1.337469	I:	D:
54106	54492	-	1	1.340588	I:	D:
54492	54866	-	3	1.332045	I:	D:
54796	55938	-	1	1.350407	I:	D:
56281	56850	+	1	1.349363	I:	D:
57161	57343	-	2	1.313401	I:	D:
57361	58713	-	1	1.327020	I:	D:
59307	59705	+	3	1.338242	I:	D:
59717	60148	+	2	1.346553	I:	D:
60364	60522	-	1	1.289442	I:	D:
60819	62024	-	3	1.323320	I:	D:
62189	63274	-	2	1.303817	I:	D:
63372	64355	-	3	1.331774	I:	D:
64367	65371	-	2	1.313187	I:	D:
>YB2_19124
370	1743	-	1	1.340564	I:	D:
1984	2124	+	1	1.345164	I:	D:
2040	3569	+	3	1.345323	I:	D:
3831	5051	+	3	1.348302	I:	D:
5053	5961	+	1	1.338373	I:	D:
6075	7298	+	3	1.360969	I:	D:
7383	7544	+	3	1.370076	I:	D:
7631	7978	-	2	1.394927	I:	D:
7999	8373	+	1	1.360705	I:	D:
8411	9634	-	2	1.330606	I:	D:
9649	9960	+	1	1.390559	I:	D:
10083	10274	+	3	1.362815	I:	D:
10494	10790	+	3	1.392669	I:	D:
10843	12783	+	1	1.334735	I:	D:
12842	13141	-	2	1.402433	I:	D:
13265	13528	+	2	1.395774	I:	D:
13605	14408	-	3	1.352792	I:	D:
14778	15017	-	3	1.359244	I:	D:
14953	15201	+	1	1.318696	I:	D:
15306	15959	+	3	1.357141	I:	D:
16142	16318	+	2	1.362547	I:	D:
16385	16762	+	2	1.308934	I:	D:
17045	20164	-	2	1.333805	I:	D:
20198	20329	+	2	1.324818	I:	D:
20629	20904	+	1	1.370253	I:	D:
20972	21247	+	2	1.344851	I:	D:
21287	21820	+	2	1.354222	I:	D:
21929	22429	-	2	1.341298	I:	D:
22438	22815	-	1	1.349129	I:	D:
22885	23706	-	1	1.364468	I:	D:
23719	24318	-	1	1.346043	I:	D:
24322	25017	-	1	1.333706	I:	D:
25019	26224	-	2	1.323624	I:	D:
26221	27144	-	1	1.340966	I:	D:
27141	28457	-	3	1.342106	I:	D:
28633	29694	-	1	1.326105	I:	D:
29785	30846	-	1	1.325804	I:	D:
31252	31383	+	1	1.299370	I:	D:
31417	32328	-	1	1.360035	I:	D:
32525	34480	+	2	1.344693	I:	D:
34679	34882	+	2	1.329207	I:	D:
35085	37562	-	3	1.342616	I:	D:
37641	37850	-	3	1.352983	I:	D:
37972	38682	+	1	1.341890	I:	D:
38869	40242	+	1	1.350778	I:	D:
40292	40432	-	2	1.339099	I:	D:
40473	40811	-	3	1.344708	I:	D:
40872	41318	-	3	1.321966	I:	D:
40938	41606	+	3	1.369497	I:	D:
41873	42763	-	2	1.325930	I:	D:
42763	43494	-	1	1.342039	I:	D:
43654	44205	+	1	1.339908	I:	D:
44210	45265	-	2	1.339242	I:	D:
45448	45648	+	1	1.388331	I:	D:
45689	46759	+	2	1.313219	I:	D:
46768	47778	+	1	1.339392	I:	D:
47775	48368	+	3	1.341317	I:	D:
48365	48949	+	2	1.347071	I:	D:
48955	50361	+	1	1.315157	I:	D:
50554	51243	+	1	1.342859	I:	D:
51292	53268	+	1	1.324438	I:	D:
53327	53458	-	2	1.350246	I:	D:
53558	54622	-	2	1.333301	I:	D:
54711	54848	+	3	1.358298	I:	D:
54896	56473	+	2	1.344656	I:	D:
56486	59761	+	2	1.332665	I:	D:
59795	61726	+	2	1.344232	I:	D:
61816	61953	+	1	1.366210	I:	D:
>YB2_19517
110	592	-	2	1.349842	I:	D:
597	1541	-	3	1.351716	I:	D:
1584	1727	+	3	1.348095	I:	D:
1899	2402	+	3	1.321617	I:	D:
2395	4140	+	1	1.327992	I:	D:
4133	5986	+	2	1.341315	I:	D:
6023	6703	-	2	1.358824	I:	D:
6713	9286	-	2	1.333886	I:	D:
9344	9724	-	2	1.355453	I:	D:
9772	10296	-	1	1.312189	I:	D:
10538	11350	+	2	1.333662	I:	D:
11365	12609	+	1	1.333560	I:	D:
12620	13489	+	2	1.325248	I:	D:
13630	14652	+	1	1.337927	I:	D:
14683	17070	+	1	1.333588	I:	D:
17083	18471	+	1	1.331446	I:	D:
18546	20450	+	3	1.317778	I:	D:
20447	20800	+	2	1.300954	I:	D:
20790	21335	+	3	1.336780	I:	D:
21408	23447	-	3	1.333031	I:	D:
23775	24596	-	3	1.326193	I:	D:
24759	25322	+	3	1.347317	I:	D:
25327	25725	-	1	1.391960	I:	D:
25726	26418	+	1	1.331194	I:	D:
26456	28129	-	2	1.329854	I:	D:
28129	29376	-	1	1.340702	I:	D:
29587	29727	+	1	1.376935	I:	D:
29744	30700	+	2	1.343910	I:	D:
30746	30982	-	2	1.294107	I:	D:
30984	31709	-	3	1.322493	I:	D:
31903	33354	+	1	1.335905	I:	D:
33354	33833	+	3	1.342574	I:	D:
33844	34719	+	1	1.335100	I:	D:
34792	35685	-	1	1.330563	I:	D:
35772	36824	-	3	1.346532	I:	D:
37041	40889	-	3	1.339687	I:	D:
40901	44545	-	2	1.339654	I:	D:
44542	46155	-	1	1.349199	I:	D:
46171	47130	-	1	1.329034	I:	D:
47312	48670	-	2	1.359228	I:	D:
48710	48919	+	2	1.336756	I:	D:
48916	49410	+	1	1.348486	I:	D:
49506	50318	+	3	1.366856	I:	D:
50332	52623	+	1	1.349687	I:	D:
52639	55329	+	1	1.354731	I:	D:
55457	56398	+	2	1.344350	I:	D:
57084	58508	+	3	1.344971	I:	D:
58556	59593	-	2	1.348410	I:	D:
>YB2_19978
70	753	+	1	1.351518	I:	D:
1017	2105	+	3	1.341349	I:	D:
2129	4330	+	2	1.330165	I:	D:
4344	4709	+	3	1.319826	I:	D:
4981	6198	+	1	1.304752	I:	D:
6264	7346	+	3	1.326300	I:	D:
7547	9127	+	2	1.324209	I:	D:
9642	10313	+	3	1.320374	I:	D:
10310	11284	+	2	1.354599	I:	D:
11448	12242	+	3	1.335015	I:	D:
12239	14248	+	2	1.327738	I:	D:
14381	15064	+	2	1.328655	I:	D:
15385	16863	-	1	1.334563	I:	D:
17214	18644	+	3	1.319207	I:	D:
18656	20125	+	2	1.323667	I:	D:
20172	20690	+	3	1.312873	I:	D:
20933	21643	-	2	1.328451	I:	D:
21717	22556	+	3	1.317630	I:	D:
22570	22971	+	1	1.327755	I:	D:
22984	23472	+	1	1.292165	I:	D:
23479	25254	+	1	1.324249	I:	D:
25266	26189	+	3	1.340337	I:	D:
26177	27571	+	2	1.329588	I:	D:
27582	27995	+	3	1.332973	I:	D:
28096	28233	+	1	1.378630	I:	D:
28444	29325	-	1	1.364109	I:	D:
29546	30712	-	2	1.340771	I:	D:
30723	32087	-	3	1.329082	I:	D:
32158	33123	-	1	1.325993	I:	D:
33195	33851	-	3	1.314764	I:	D:
33868	34902	-	1	1.334210	I:	D:
34969	35145	+	1	1.371707	I:	D:
35461	36651	-	1	1.350606	I:	D:
36661	36960	-	1	1.341007	I:	D:
37209	39098	+	3	1.324697	I:	D:
39383	41485	-	2	1.328024	I:	D:
41520	42140	-	3	1.336469	I:	D:
42195	43061	-	3	1.329923	I:	D:
43108	44127	-	1	1.305151	I:	D:
44457	45980	+	3	1.305289	I:	D:
46061	46588	-	2	1.318342	I:	D:
45977	48025	+	2	1.340851	I:	D:
48130	49044	+	1	1.329292	I:	D:
49245	49433	+	3	1.385306	I:	D:
49464	50861	+	3	1.327380	I:	D:
50875	51456	+	1	1.327032	I:	D:
51531	52646	+	3	1.322107	I:	D:
52830	54359	+	3	1.324834	I:	D:
54356	55429	+	2	1.320844	I:	D:
55431	56375	+	3	1.314506	I:	D:
56434	57507	-	1	1.357471	I:	D:
57386	57838	+	2	1.360750	I:	D:
58090	58452	-	1	1.390684	I:	D:
58461	59675	-	3	1.340171	I:	D:
59756	60241	-	2	1.334351	I:	D:
60635	62035	+	2	1.338777	I:	D:
62100	62285	+	3	1.391381	I:	D:
62508	62702	-	3	1.344807	I:	D:
62765	62905	+	2	1.361841	I:	D:
62996	63634	-	2	1.336613	I:	D:
63635	64432	-	2	1.342413	I:	D:
64459	64995	-	1	1.353014	I:	D:
64997	65818	-	2	1.311614	I:	D:
65985	68339	-	3	1.331836	I:	D:
68346	69947	-	3	1.330441	I:	D:
69962	70402	-	2	1.347234	I:	D:
70404	71171	-	3	1.339096	I:	D:
70965	71162	+	3	1.349560	I:	D:
71168	71407	-	2	1.288137	I:	D:
71424	73016	-	3	1.332295	I:	D:
73215	73643	-	3	1.318430	I:	D:
73856	74770	-	2	1.335479	I:	D:
74763	75539	-	3	1.345835	I:	D:
75541	76170	-	1	1.318940	I:	D:
76289	79480	-	2	1.321357	I:	D:
79471	80604	-	1	1.326719	I:	D:
80801	81736	-	2	1.321242	I:	D:
81969	83246	-	3	1.342823	I:	D:
83284	83949	-	1	1.363982	I:	D:
84165	84776	+	3	1.339567	I:	D:
84781	85494	+	1	1.342467	I:	D:
85504	86607	+	1	1.327479	I:	D:
86600	87388	+	2	1.339471	I:	D:
87759	88349	+	3	1.329634	I:	D:
88720	89562	+	1	1.330707	I:	D:
89564	90952	+	2	1.337888	I:	D:
91163	92362	-	2	1.306290	I:	D:
92496	93188	-	3	1.334156	I:	D:
93264	93689	-	3	1.343511	I:	D:
93738	94262	-	3	1.329883	I:	D:
94282	94599	-	1	1.333489	I:	D:
94615	94773	-	1	1.358978	I:	D:
95045	95512	+	2	1.324427	I:	D:
95548	97602	-	1	1.333055	I:	D:
97775	98671	-	2	1.357570	I:	D:
98850	99779	-	3	1.321017	I:	D:
99987	100559	+	3	1.329210	I:	D:
100768	101658	+	1	1.324819	I:	D:
101718	101870	+	3	1.379486	I:	D:
101945	102190	-	2	1.339990	I:	D:
102329	103054	-	2	1.323093	I:	D:
103038	105215	-	3	1.310966	I:	D:
105406	105633	+	1	1.411742	I:	D:
105741	106427	-	3	1.355364	I:	D:
106499	107281	-	2	1.332194	I:	D:
107591	108550	+	2	1.348976	I:	D:
108564	108746	-	3	1.366993	I:	D:
108940	112170	+	1	1.337108	I:	D:
112244	112525	+	2	1.391086	I:	D:
112614	113654	-	3	1.334163	I:	D:
113866	114840	-	1	1.333023	I:	D:
114946	115968	-	1	1.363856	I:	D:
116020	116160	-	1	1.342933	I:	D:
116288	117205	-	2	1.344209	I:	D:
117383	118261	-	2	1.326070	I:	D:
118298	119554	-	2	1.316938	I:	D:
120074	120751	+	2	1.334641	I:	D:
120799	122805	-	1	1.319633	I:	D:
123049	123378	-	1	1.328183	I:	D:
123375	124109	-	3	1.332193	I:	D:
124269	124949	+	3	1.338153	I:	D:
124953	125231	+	3	1.331428	I:	D:
125504	126502	+	2	1.334151	I:	D:
126544	126957	-	1	1.348025	I:	D:
126977	128299	-	2	1.317724	I:	D:
128286	129497	-	3	1.331572	I:	D:
129516	131000	-	3	1.360220	I:	D:
131027	132388	-	2	1.326781	I:	D:
132421	132615	+	1	1.354337	I:	D:
132654	133844	-	3	1.316966	I:	D:
133897	134697	-	1	1.349056	I:	D:
134709	135560	-	3	1.345519	I:	D:
135573	136358	-	3	1.333049	I:	D:
136530	136679	-	3	1.351195	I:	D:
136877	138139	-	2	1.332884	I:	D:
138231	138365	+	3	1.367809	I:	D:
138503	139636	-	2	1.323928	I:	D:
139672	139944	+	1	1.373783	I:	D:
140052	141428	+	3	1.361215	I:	D:
141477	141668	-	3	1.338103	I:	D:
141643	141936	+	1	1.351535	I:	D:
141979	142869	-	1	1.341705	I:	D:
142937	144211	-	2	1.345958	I:	D:
144308	145423	-	2	1.311437	I:	D:
145442	146830	-	2	1.334210	I:	D:
146840	148330	-	2	1.340461	I:	D:
148786	149757	-	1	1.330509	I:	D:
149760	151043	-	3	1.348897	I:	D:
151220	152668	-	2	1.341690	I:	D:
152880	153191	+	3	1.381157	I:	D:
153246	153908	-	3	1.341873	I:	D:
154013	154810	-	2	1.309957	I:	D:
154814	154981	+	2	1.322614	I:	D:
154990	155532	-	1	1.372949	I:	D:
155543	157330	-	2	1.382907	I:	D:
157382	158230	-	2	1.398099	I:	D:
158260	159411	-	1	1.390826	I:	D:
159408	160823	-	3	1.377062	I:	D:
160852	161628	-	1	1.382554	I:	D:
161867	163000	-	2	1.387844	I:	D:
163221	174554	-	3	1.314436	I:	D:
174558	176609	-	3	1.308117	I:	D:
176698	177387	-	1	1.336906	I:	D:
177384	177896	-	3	1.302950	I:	D:
177889	178194	-	1	1.336867	I:	D:
178187	180208	-	2	1.336817	I:	D:
180205	180723	-	1	1.323276	I:	D:
180741	181592	-	3	1.344788	I:	D:
181598	182737	-	2	1.350517	I:	D:
182730	183623	-	3	1.333335	I:	D:
183620	184816	-	2	1.343404	I:	D:
184901	185173	-	2	1.311659	I:	D:
185192	186085	-	2	1.300151	I:	D:
186066	186377	-	3	1.333564	I:	D:
186388	189198	-	1	1.331331	I:	D:
189220	191664	-	1	1.330397	I:	D:
191732	192106	-	2	1.359379	I:	D:
192127	193068	-	1	1.338555	I:	D:
193068	193637	-	3	1.362099	I:	D:
193771	194193	-	1	1.332357	I:	D:
194282	196351	-	2	1.327279	I:	D:
196455	196868	-	3	1.335051	I:	D:
196931	197209	-	2	1.260042	I:	D:
197202	197648	-	3	1.350185	I:	D:
197673	199067	-	3	1.344527	I:	D:
199080	199508	-	3	1.353980	I:	D:
199517	199711	+	2	1.346616	I:	D:
199943	200440	+	2	1.364330	I:	D:
200466	200768	+	3	1.338096	I:	D:
200820	201098	+	3	1.357965	I:	D:
201185	201688	-	2	1.339220	I:	D:
201737	202495	-	2	1.337728	I:	D:
202525	203454	-	1	1.339382	I:	D:
203716	204621	+	1	1.350738	I:	D:
204734	205849	+	2	1.334602	I:	D:
206189	206506	+	2	1.368530	I:	D:
206953	207549	+	1	1.339579	I:	D:
207546	208394	+	3	1.321340	I:	D:
208409	209611	+	2	1.343316	I:	D:
209629	210342	+	1	1.341430	I:	D:
210359	211144	-	2	1.360069	I:	D:
211293	213854	+	3	1.330670	I:	D:
213867	215615	+	3	1.326600	I:	D:
215616	216365	+	3	1.365373	I:	D:
216535	217269	-	1	1.367178	I:	D:
217517	218101	+	2	1.344818	I:	D:
218231	219007	-	2	1.349506	I:	D:
219299	219739	+	2	1.350156	I:	D:
219776	220624	+	2	1.378240	I:	D:
220857	221021	+	3	1.368092	I:	D:
221030	221218	+	2	1.358586	I:	D:
221243	221533	+	2	1.369084	I:	D:
221566	221787	+	1	1.326753	I:	D:
222075	222506	-	3	1.328682	I:	D:
222969	224405	-	3	1.352549	I:	D:
224463	226244	-	3	1.357528	I:	D:
226222	229662	-	1	1.344554	I:	D:
230337	230819	-	3	1.361943	I:	D:
230832	231551	-	3	1.357577	I:	D:
231686	232744	-	2	1.342982	I:	D:
232809	233516	-	3	1.353149	I:	D:
233519	233746	-	2	1.329370	I:	D:
233884	234201	-	1	1.368510	I:	D:
235239	238808	-	3	1.354033	I:	D:
239170	240939	-	1	1.327973	I:	D:
241234	241395	+	1	1.354834	I:	D:
