>YB1_657
1	204	-	1	1.311592	I:	D:
482	844	-	2	1.330694	I:	D:
868	2091	-	1	1.339359	I:	D:
2211	2819	+	3	1.378056	I:	D:
2812	4914	+	1	1.362721	I:	D:
5410	5715	+	1	1.366881	I:	D:
5795	7528	+	2	1.400730	I:	D:
8382	9110	-	3	1.342996	I:	D:
9124	9477	-	1	1.371986	I:	D:
9470	10393	-	2	1.348179	I:	D:
10765	11799	+	1	1.329971	I:	D:
12312	13427	+	3	1.341286	I:	D:
13501	14274	-	1	1.325108	I:	D:
14288	15889	-	2	1.301531	I:	D:
16136	16294	+	2	1.384317	I:	D:
16376	17278	-	2	1.336320	I:	D:
17271	17831	-	3	1.293097	I:	D:
17886	18698	-	3	1.299054	I:	D:
18750	19400	-	3	1.307267	I:	D:
19410	20108	-	3	1.287130	I:	D:
20134	20829	-	1	1.328111	I:	D:
20832	21941	-	3	1.311060	I:	D:
21954	22721	-	3	1.283359	I:	D:
22718	23344	-	2	1.302345	I:	D:
23371	23508	+	1	1.384359	I:	D:
23555	24145	-	2	1.325150	I:	D:
24164	24325	+	2	1.339403	I:	D:
24806	25072	-	2	1.331661	I:	D:
25217	25612	+	2	1.317440	I:	D:
25928	27832	-	2	1.299681	I:	D:
27835	29625	-	1	1.283345	I:	D:
29651	30658	+	2	1.310538	I:	D:
30719	33190	+	2	1.295060	I:	D:
33194	33601	+	2	1.328198	I:	D:
33698	34321	-	2	1.344502	I:	D:
34198	35445	-	1	1.339133	I:	D:
36067	37065	+	1	1.344762	I:	D:
37160	37948	+	2	1.294222	I:	D:
37973	38503	+	2	1.310826	I:	D:
38585	39067	+	2	1.336380	I:	D:
39209	42142	+	2	1.316856	I:	D:
42300	42614	-	3	1.370103	I:	D:
42658	43857	-	1	1.313562	I:	D:
43860	45038	-	3	1.299869	I:	D:
45056	46045	-	2	1.284415	I:	D:
46060	47508	-	1	1.290087	I:	D:
47621	48703	-	2	1.342003	I:	D:
48700	49872	-	1	1.321665	I:	D:
49918	50343	-	1	1.380396	I:	D:
50479	53601	-	1	1.306339	I:	D:
53598	54659	-	3	1.317209	I:	D:
54731	55024	-	2	1.398866	I:	D:
55052	56419	+	2	1.315112	I:	D:
56640	58100	-	3	1.334457	I:	D:
57706	59061	-	1	1.380192	I:	D:
59358	59918	+	3	1.305012	I:	D:
60064	62277	+	1	1.299691	I:	D:
62720	63028	+	2	1.294395	I:	D:
63078	63995	-	3	1.300629	I:	D:
64089	65192	+	3	1.330107	I:	D:
65360	65938	-	2	1.290972	I:	D:
66139	66849	+	1	1.345207	I:	D:
66862	67599	+	1	1.346678	I:	D:
67834	69507	+	1	1.288570	I:	D:
69509	70852	+	2	1.292823	I:	D:
71125	72717	+	1	1.327651	I:	D:
72876	73250	+	3	1.299847	I:	D:
73304	74323	+	2	1.337909	I:	D:
74687	75631	+	2	1.304183	I:	D:
75638	76372	+	2	1.332963	I:	D:
76602	76820	-	3	1.279834	I:	D:
77168	81031	+	2	1.299777	I:	D:
81060	81374	+	3	1.285365	I:	D:
81595	83655	+	1	1.286102	I:	D:
83832	84239	-	3	1.324282	I:	D:
84244	84999	-	1	1.336100	I:	D:
85007	85660	-	2	1.309667	I:	D:
85662	87512	-	3	1.307860	I:	D:
87516	88289	-	3	1.290521	I:	D:
88295	89419	-	2	1.288120	I:	D:
89636	90511	-	2	1.295654	I:	D:
90650	92038	+	2	1.296730	I:	D:
92043	92468	+	3	1.321753	I:	D:
92478	93842	+	3	1.289354	I:	D:
94328	96172	+	2	1.293921	I:	D:
96440	97396	-	2	1.312894	I:	D:
97573	98259	-	1	1.313107	I:	D:
98266	99546	-	1	1.292209	I:	D:
99639	99770	+	3	1.344249	I:	D:
99809	100555	+	2	1.284204	I:	D:
100633	102816	+	1	1.329154	I:	D:
102835	103806	+	1	1.311931	I:	D:
103918	104397	-	1	1.324735	I:	D:
104609	105664	-	2	1.319934	I:	D:
105676	106248	-	1	1.342924	I:	D:
106296	107057	+	3	1.336392	I:	D:
107101	107622	+	1	1.310627	I:	D:
107632	108864	+	1	1.338016	I:	D:
108870	110579	+	3	1.316568	I:	D:
110873	111046	-	2	1.282240	I:	D:
111240	113600	+	3	1.312914	I:	D:
114389	116176	-	2	1.306993	I:	D:
116181	116873	-	3	1.310652	I:	D:
116873	117247	-	2	1.317759	I:	D:
117631	117897	+	1	1.348541	I:	D:
118842	122030	-	3	1.323000	I:	D:
122207	123088	+	2	1.313285	I:	D:
123175	124353	+	1	1.354751	I:	D:
124500	126458	+	3	1.287641	I:	D:
126864	127484	+	3	1.315269	I:	D:
127678	128883	-	1	1.337253	I:	D:
128880	131546	-	3	1.292526	I:	D:
131521	131709	-	1	1.362946	I:	D:
131791	132711	-	1	1.354081	I:	D:
132830	133405	-	2	1.336750	I:	D:
133653	135155	-	3	1.300356	I:	D:
135139	135783	+	1	1.297571	I:	D:
135755	136375	+	2	1.320612	I:	D:
136504	136899	+	1	1.313060	I:	D:
137355	137570	+	3	1.395770	I:	D:
138071	139555	-	2	1.345300	I:	D:
139689	140852	+	3	1.364074	I:	D:
140900	141577	-	2	1.360225	I:	D:
141588	143576	-	3	1.346315	I:	D:
144008	145171	-	2	1.366671	I:	D:
145369	146763	+	1	1.295109	I:	D:
147058	147834	-	1	1.314011	I:	D:
147938	148978	-	2	1.331279	I:	D:
149107	150345	-	1	1.297603	I:	D:
150345	151829	-	3	1.297718	I:	D:
151984	154005	-	1	1.292710	I:	D:
154024	155724	-	1	1.282702	I:	D:
155967	157970	-	3	1.324137	I:	D:
158127	158384	-	3	1.250254	I:	D:
158397	158657	-	3	1.309456	I:	D:
158944	161253	+	1	1.307988	I:	D:
161286	162689	+	3	1.300443	I:	D:
162844	166932	+	1	1.294551	I:	D:
166942	167682	+	1	1.316377	I:	D:
167698	168300	+	1	1.271043	I:	D:
168297	168629	+	3	1.271270	I:	D:
168646	169512	+	1	1.297583	I:	D:
169604	170896	-	2	1.295148	I:	D:
170914	172044	-	1	1.308951	I:	D:
172230	173420	-	3	1.294983	I:	D:
173802	174830	-	3	1.326644	I:	D:
175020	175943	-	3	1.321406	I:	D:
175976	176425	-	2	1.289395	I:	D:
176460	177932	-	3	1.324464	I:	D:
178509	180368	+	3	1.295245	I:	D:
180727	181200	+	1	1.305512	I:	D:
181242	181928	-	3	1.330001	I:	D:
181953	182105	-	3	1.323404	I:	D:
182336	183913	-	2	1.328784	I:	D:
183958	184545	-	1	1.306267	I:	D:
184450	184689	+	1	1.352902	I:	D:
184821	185219	+	3	1.320050	I:	D:
185216	186787	+	2	1.330602	I:	D:
186936	188198	-	3	1.304259	I:	D:
188220	188828	-	3	1.297737	I:	D:
188840	189493	-	2	1.291640	I:	D:
189486	190418	-	3	1.308222	I:	D:
190426	191532	-	1	1.300819	I:	D:
191535	192884	-	3	1.302525	I:	D:
193073	193657	+	2	1.308871	I:	D:
193654	194376	+	1	1.295019	I:	D:
194682	195977	+	3	1.326713	I:	D:
196065	196562	-	3	1.379243	I:	D:
196709	197209	-	2	1.326444	I:	D:
197385	198917	-	3	1.293309	I:	D:
198926	201547	-	2	1.281637	I:	D:
199946	202720	+	2	1.305483	I:	D:
202722	203669	+	3	1.303215	I:	D:
203685	204224	+	3	1.320331	I:	D:
204315	204500	+	3	1.343410	I:	D:
204559	207405	-	1	1.315648	I:	D:
207416	208153	-	2	1.303516	I:	D:
208403	211564	+	2	1.296091	I:	D:
211758	213470	+	3	1.301496	I:	D:
213463	214380	+	1	1.332926	I:	D:
214393	214803	+	1	1.339017	I:	D:
215176	216339	-	1	1.366671	I:	D:
216462	217079	+	3	1.380419	I:	D:
217300	218184	-	1	1.283763	I:	D:
218243	219094	-	2	1.298448	I:	D:
219274	219660	-	1	1.296308	I:	D:
219666	220121	-	3	1.315906	I:	D:
220399	220929	-	1	1.314120	I:	D:
221609	222802	-	2	1.291175	I:	D:
222808	223272	-	1	1.299519	I:	D:
223276	223596	-	1	1.342003	I:	D:
223608	225170	-	3	1.288724	I:	D:
225192	225602	-	3	1.293478	I:	D:
225802	227163	-	1	1.326417	I:	D:
227371	228075	-	1	1.318975	I:	D:
228148	228618	+	1	1.346227	I:	D:
228645	229760	+	3	1.294897	I:	D:
229943	230209	-	2	1.332436	I:	D:
230279	231313	+	2	1.331285	I:	D:
231494	232189	-	2	1.303957	I:	D:
232369	232920	-	1	1.364258	I:	D:
232925	233122	-	2	1.293942	I:	D:
233132	234100	-	2	1.282220	I:	D:
234330	236354	-	3	1.323160	I:	D:
236475	237962	-	3	1.327612	I:	D:
238278	239690	-	3	1.305151	I:	D:
240036	240797	+	3	1.304600	I:	D:
240808	242034	+	1	1.309641	I:	D:
241971	242846	+	3	1.327292	I:	D:
242882	245398	+	2	1.301201	I:	D:
245632	246264	+	1	1.314507	I:	D:
246656	247156	+	2	1.395371	I:	D:
247664	248218	+	2	1.319133	I:	D:
248384	249460	-	2	1.324384	I:	D:
249467	249742	-	2	1.323469	I:	D:
249893	250093	+	2	1.304867	I:	D:
250195	251484	+	1	1.294958	I:	D:
251595	252218	-	3	1.330852	I:	D:
252375	253136	-	3	1.318286	I:	D:
253590	254753	-	3	1.366671	I:	D:
254876	255850	+	2	1.379490	I:	D:
255934	256707	-	1	1.312081	I:	D:
256700	257545	-	2	1.295982	I:	D:
257842	259005	+	1	1.364074	I:	D:
259036	259893	-	1	1.366230	I:	D:
260405	262780	-	2	1.395132	I:	D:
262767	264281	-	3	1.379800	I:	D:
264305	267238	-	2	1.362342	I:	D:
267259	268320	-	1	1.387052	I:	D:
268322	269308	-	2	1.367911	I:	D:
269411	270853	-	2	1.388199	I:	D:
270865	271971	-	1	1.388626	I:	D:
271968	273488	-	3	1.365074	I:	D:
273493	275019	-	1	1.354974	I:	D:
275410	276225	-	1	1.349838	I:	D:
>YB1_1098
182	1102	-	2	1.386377	I:	D:
1209	1859	-	3	1.380613	I:	D:
2022	2729	-	3	1.347022	I:	D:
3058	4416	-	1	1.339021	I:	D:
4418	7531	-	2	1.299630	I:	D:
7528	8652	-	1	1.313502	I:	D:
8659	9264	-	1	1.372333	I:	D:
10152	15983	-	3	1.312258	I:	D:
15973	16425	-	1	1.279191	I:	D:
16665	18755	-	3	1.308941	I:	D:
18818	20386	-	2	1.290784	I:	D:
20406	20756	-	3	1.298342	I:	D:
20759	21223	-	2	1.351073	I:	D:
21317	21616	+	2	1.342111	I:	D:
21648	21953	+	3	1.287808	I:	D:
22031	22393	-	2	1.302442	I:	D:
22406	23641	-	2	1.313291	I:	D:
23994	24671	+	3	1.296065	I:	D:
24775	25359	+	1	1.276518	I:	D:
25398	26261	+	3	1.303303	I:	D:
26356	26832	+	1	1.300475	I:	D:
26825	28501	+	2	1.282184	I:	D:
28508	29674	+	2	1.293793	I:	D:
29674	30558	+	1	1.335483	I:	D:
30583	31446	+	1	1.297846	I:	D:
31600	31971	+	1	1.312411	I:	D:
31928	32188	+	2	1.372744	I:	D:
32366	33688	+	2	1.311622	I:	D:
33747	34937	+	3	1.280973	I:	D:
34947	35687	+	3	1.280053	I:	D:
35733	36953	+	3	1.279292	I:	D:
37039	38121	+	1	1.321093	I:	D:
38118	38861	+	3	1.298518	I:	D:
38931	40724	-	3	1.303868	I:	D:
40777	41430	-	1	1.303902	I:	D:
41462	42712	-	2	1.285132	I:	D:
42805	43485	-	1	1.295006	I:	D:
43642	44676	+	1	1.319116	I:	D:
44711	45130	+	2	1.298597	I:	D:
45209	45946	-	2	1.356332	I:	D:
45943	46320	-	1	1.294141	I:	D:
46681	47094	-	1	1.286905	I:	D:
47275	47583	-	1	1.362955	I:	D:
47592	49067	+	3	1.312722	I:	D:
49077	49253	+	3	1.309796	I:	D:
49255	50400	+	1	1.294884	I:	D:
50403	50915	+	3	1.304205	I:	D:
50902	51684	+	1	1.316059	I:	D:
51697	53733	+	1	1.299476	I:	D:
53733	54554	+	3	1.309299	I:	D:
54562	54906	+	1	1.288929	I:	D:
54928	56136	+	1	1.293444	I:	D:
56138	56992	+	2	1.319514	I:	D:
56925	58067	+	3	1.316252	I:	D:
58202	59098	-	2	1.300696	I:	D:
59293	60297	+	1	1.295368	I:	D:
60299	61036	+	2	1.318532	I:	D:
61179	61328	+	3	1.305455	I:	D:
61380	61571	+	3	1.333714	I:	D:
61768	63033	+	1	1.282780	I:	D:
63098	64804	-	2	1.296125	I:	D:
64819	65889	-	1	1.285935	I:	D:
65902	66888	-	1	1.275039	I:	D:
66976	68055	-	1	1.279182	I:	D:
68055	69173	-	3	1.311139	I:	D:
69187	70317	-	1	1.282208	I:	D:
70355	70501	-	2	1.331568	I:	D:
70691	72106	+	2	1.377209	I:	D:
72118	72870	+	1	1.348071	I:	D:
73291	74694	+	1	1.356542	I:	D:
74691	75413	+	3	1.351708	I:	D:
75582	76535	-	3	1.283182	I:	D:
76632	77516	-	3	1.318195	I:	D:
77827	78231	+	1	1.301166	I:	D:
78271	79350	+	1	1.316490	I:	D:
79347	81722	+	3	1.300381	I:	D:
81235	82791	+	1	1.291055	I:	D:
82910	83899	+	2	1.272138	I:	D:
83902	84405	+	1	1.304132	I:	D:
84463	85692	+	1	1.278955	I:	D:
85695	86168	+	3	1.279830	I:	D:
86376	86951	+	3	1.286863	I:	D:
86970	87533	+	3	1.279472	I:	D:
87739	88272	-	1	1.307602	I:	D:
88297	89295	-	1	1.347648	I:	D:
89597	90676	+	2	1.301795	I:	D:
90758	91381	+	2	1.294977	I:	D:
91400	92008	+	2	1.292979	I:	D:
92296	93057	-	1	1.281027	I:	D:
92923	93156	+	1	1.348488	I:	D:
93353	93625	-	2	1.354797	I:	D:
93564	94538	+	3	1.321418	I:	D:
94701	95627	+	3	1.305662	I:	D:
95701	97035	+	1	1.305709	I:	D:
97026	97589	+	3	1.271860	I:	D:
97665	98288	+	3	1.286068	I:	D:
98562	99584	+	3	1.279664	I:	D:
99816	100721	+	3	1.313532	I:	D:
100836	101507	+	3	1.292947	I:	D:
101516	103285	+	2	1.288364	I:	D:
103503	105545	+	3	1.285286	I:	D:
105594	106607	+	3	1.311616	I:	D:
106867	108759	-	1	1.316861	I:	D:
108777	109568	+	3	1.389808	I:	D:
109683	109820	+	3	1.353621	I:	D:
109879	110325	-	1	1.291180	I:	D:
110332	111525	-	1	1.278862	I:	D:
111528	113423	-	3	1.298082	I:	D:
113490	114515	-	3	1.295089	I:	D:
114589	116886	+	1	1.297384	I:	D:
117085	117690	-	1	1.371360	I:	D:
118014	118235	-	3	1.300328	I:	D:
118443	119810	-	3	1.284718	I:	D:
119988	122459	-	3	1.287872	I:	D:
122564	123307	-	2	1.290707	I:	D:
123484	125697	-	1	1.286184	I:	D:
125743	125928	+	1	1.377798	I:	D:
125977	126915	-	1	1.297368	I:	D:
126957	127154	-	3	1.383928	I:	D:
127316	128368	-	2	1.289839	I:	D:
128671	130455	+	1	1.282316	I:	D:
130504	131439	+	1	1.284522	I:	D:
131474	132805	+	2	1.282527	I:	D:
133115	133309	+	2	1.375713	I:	D:
133423	135453	-	1	1.279360	I:	D:
135548	136807	-	2	1.264435	I:	D:
136894	137220	+	1	1.354782	I:	D:
137267	138454	+	2	1.261967	I:	D:
138484	138966	+	1	1.300959	I:	D:
139023	139553	+	3	1.306533	I:	D:
139560	142439	+	3	1.277373	I:	D:
142699	144039	-	1	1.293865	I:	D:
144023	144700	-	2	1.279184	I:	D:
144922	147153	+	1	1.291760	I:	D:
147318	148697	+	3	1.306094	I:	D:
149192	149662	-	2	1.311967	I:	D:
149664	150275	-	3	1.303888	I:	D:
150286	150705	-	1	1.287004	I:	D:
150736	151527	-	1	1.284052	I:	D:
151840	152868	-	1	1.275921	I:	D:
152865	153728	-	3	1.283538	I:	D:
153747	154208	-	3	1.373649	I:	D:
154244	155356	-	2	1.296380	I:	D:
155557	155685	+	1	1.368320	I:	D:
155691	156386	-	3	1.360969	I:	D:
156386	159517	-	2	1.318345	I:	D:
159523	161352	-	1	1.376608	I:	D:
161349	161978	-	3	1.360629	I:	D:
161984	162247	-	2	1.320843	I:	D:
162259	164691	-	1	1.322529	I:	D:
164698	164886	-	1	1.327236	I:	D:
164957	165637	-	2	1.334091	I:	D:
165656	166726	-	2	1.331648	I:	D:
166716	167072	-	3	1.360601	I:	D:
167146	168132	-	1	1.362359	I:	D:
168180	168464	-	3	1.291624	I:	D:
168721	169128	-	1	1.361711	I:	D:
169262	170929	-	2	1.336640	I:	D:
171052	172353	-	1	1.299422	I:	D:
172600	172752	+	1	1.358202	I:	D:
173013	173381	+	3	1.311916	I:	D:
173572	174741	+	1	1.299108	I:	D:
174745	176697	-	1	1.292577	I:	D:
177023	177517	-	2	1.298518	I:	D:
177524	179293	-	2	1.287934	I:	D:
179317	181107	-	1	1.285694	I:	D:
181219	181593	-	1	1.276027	I:	D:
181689	182153	-	3	1.374029	I:	D:
182204	182467	+	2	1.391919	I:	D:
183433	184131	+	1	1.394483	I:	D:
184121	184468	+	2	1.341711	I:	D:
184553	185587	-	2	1.266727	I:	D:
185587	186573	-	1	1.266345	I:	D:
186595	187416	-	1	1.272095	I:	D:
187430	188581	-	2	1.281750	I:	D:
188578	189462	-	1	1.279569	I:	D:
189477	190475	-	3	1.254459	I:	D:
190619	193204	+	2	1.287831	I:	D:
193245	193901	+	3	1.308333	I:	D:
193904	195439	+	2	1.318018	I:	D:
195535	196563	+	1	1.303333	I:	D:
196570	197457	+	1	1.276213	I:	D:
197686	198240	+	1	1.317555	I:	D:
198325	199278	-	1	1.287109	I:	D:
199411	200907	-	1	1.299845	I:	D:
201198	201626	+	3	1.328205	I:	D:
202119	204113	-	3	1.275551	I:	D:
204110	204721	-	2	1.295011	I:	D:
204741	205856	-	3	1.308398	I:	D:
205871	206506	-	2	1.298954	I:	D:
207202	207528	-	1	1.290668	I:	D:
207530	208666	-	2	1.273782	I:	D:
208677	209357	-	3	1.275939	I:	D:
209362	210093	-	1	1.279159	I:	D:
210111	210779	-	3	1.278396	I:	D:
210839	212074	+	2	1.279536	I:	D:
212115	213524	+	3	1.277711	I:	D:
213604	214308	+	1	1.273901	I:	D:
214327	214866	+	1	1.320091	I:	D:
214895	215605	+	2	1.307363	I:	D:
215593	216045	+	1	1.279547	I:	D:
216158	218284	+	2	1.305505	I:	D:
218293	219255	+	1	1.330933	I:	D:
219277	220257	+	1	1.277205	I:	D:
220370	222694	+	2	1.292988	I:	D:
222678	223388	+	3	1.305623	I:	D:
223645	223929	+	1	1.297767	I:	D:
223919	224539	+	2	1.260291	I:	D:
224722	226284	+	1	1.272846	I:	D:
226418	227959	+	2	1.291338	I:	D:
227978	228235	+	2	1.302674	I:	D:
228232	229341	+	1	1.278052	I:	D:
229435	230904	+	1	1.299315	I:	D:
231008	232105	+	2	1.307007	I:	D:
232200	233699	+	3	1.297558	I:	D:
233727	235058	+	3	1.270180	I:	D:
235070	236359	+	2	1.280280	I:	D:
236352	236918	+	3	1.334612	I:	D:
237128	237307	+	2	1.368085	I:	D:
237310	238695	+	1	1.306885	I:	D:
238954	240153	-	1	1.285098	I:	D:
240171	242468	-	3	1.288185	I:	D:
242538	244103	-	3	1.300621	I:	D:
244123	244953	-	1	1.300517	I:	D:
245191	246240	-	1	1.262626	I:	D:
246347	247069	-	2	1.272126	I:	D:
247077	247889	-	3	1.271893	I:	D:
247969	248217	-	1	1.242486	I:	D:
248231	249112	-	2	1.265868	I:	D:
249084	251564	-	3	1.287007	I:	D:
251744	252733	+	2	1.286147	I:	D:
252782	252916	+	2	1.352385	I:	D:
253219	255420	-	1	1.280126	I:	D:
255518	256234	+	2	1.292695	I:	D:
256369	256803	+	1	1.304323	I:	D:
256837	257655	-	1	1.282672	I:	D:
257670	257864	-	3	1.264393	I:	D:
257888	258700	-	2	1.287972	I:	D:
258920	259666	+	2	1.308489	I:	D:
259675	262062	+	1	1.314099	I:	D:
262300	262812	-	1	1.275720	I:	D:
262842	263351	-	3	1.289441	I:	D:
263424	266003	-	3	1.285470	I:	D:
266086	266817	-	1	1.300163	I:	D:
266882	267763	-	2	1.305991	I:	D:
267889	268605	+	1	1.295379	I:	D:
268752	270170	+	3	1.294276	I:	D:
270371	271318	-	2	1.294586	I:	D:
271404	272357	+	3	1.295099	I:	D:
272795	273373	-	2	1.274423	I:	D:
273434	273817	-	2	1.261086	I:	D:
273831	274190	+	3	1.351500	I:	D:
274317	275048	+	3	1.273739	I:	D:
275181	276104	-	3	1.295665	I:	D:
276094	277080	-	1	1.319195	I:	D:
277229	278200	-	2	1.291653	I:	D:
278237	278380	+	2	1.370034	I:	D:
278632	279102	-	1	1.270610	I:	D:
279282	281237	-	3	1.267034	I:	D:
281312	281446	-	2	1.326485	I:	D:
281543	282637	-	2	1.293158	I:	D:
282872	284086	+	2	1.327354	I:	D:
284509	285258	-	1	1.308896	I:	D:
285255	286184	-	3	1.309949	I:	D:
286658	287578	-	2	1.271119	I:	D:
287602	288603	-	1	1.297585	I:	D:
288608	289462	-	2	1.275728	I:	D:
289462	291189	-	1	1.293650	I:	D:
291143	291358	+	2	1.312983	I:	D:
291613	292770	-	1	1.299518	I:	D:
292872	293432	-	3	1.276264	I:	D:
293546	294079	+	2	1.312111	I:	D:
294154	296982	-	1	1.270638	I:	D:
297038	298723	-	2	1.295380	I:	D:
298781	300232	+	2	1.298188	I:	D:
300477	301418	+	3	1.291553	I:	D:
301559	303358	+	2	1.274281	I:	D:
303628	304290	-	1	1.303546	I:	D:
304393	305277	+	1	1.328465	I:	D:
305289	305816	+	3	1.292919	I:	D:
306040	306228	-	1	1.240650	I:	D:
306242	307567	-	2	1.287682	I:	D:
307653	307895	-	3	1.362246	I:	D:
307948	308850	-	1	1.296519	I:	D:
308873	309418	-	2	1.292192	I:	D:
309466	309771	-	1	1.319800	I:	D:
309784	310869	-	1	1.262290	I:	D:
310895	311695	+	2	1.340984	I:	D:
311707	312075	+	1	1.295610	I:	D:
312151	314907	-	1	1.285335	I:	D:
314943	315371	+	3	1.387081	I:	D:
315753	316157	+	3	1.339921	I:	D:
316197	316673	+	3	1.320847	I:	D:
316690	318801	+	1	1.292769	I:	D:
318811	319116	+	1	1.305512	I:	D:
319277	319891	+	2	1.319085	I:	D:
319893	320519	+	3	1.307365	I:	D:
320535	320825	+	3	1.312727	I:	D:
320831	321655	+	2	1.333780	I:	D:
321672	321941	+	3	1.335214	I:	D:
321982	322359	+	1	1.312878	I:	D:
322364	323155	+	2	1.293727	I:	D:
323215	323610	+	1	1.325809	I:	D:
323620	323814	+	1	1.330104	I:	D:
323823	324077	+	3	1.331269	I:	D:
324080	324445	+	2	1.343042	I:	D:
324468	324791	+	3	1.300508	I:	D:
324791	325357	+	2	1.279453	I:	D:
325361	325657	+	2	1.298909	I:	D:
325716	325955	+	3	1.406406	I:	D:
326435	326833	+	2	1.305055	I:	D:
326855	327442	+	2	1.320815	I:	D:
327499	327822	+	1	1.286449	I:	D:
327829	328347	+	1	1.291848	I:	D:
328362	328544	+	3	1.306068	I:	D:
328572	329018	+	3	1.304856	I:	D:
329040	330428	+	3	1.285365	I:	D:
330455	331231	+	2	1.326371	I:	D:
331238	331456	+	2	1.332348	I:	D:
331629	332009	+	3	1.300508	I:	D:
332023	332412	+	1	1.322834	I:	D:
332470	333078	+	1	1.318143	I:	D:
333103	334095	+	1	1.310489	I:	D:
334101	334715	+	3	1.283839	I:	D:
335805	336098	+	3	1.317727	I:	D:
336098	336391	+	2	1.320397	I:	D:
336440	336796	-	2	1.341961	I:	D:
336923	337234	-	2	1.318445	I:	D:
337471	337647	+	1	1.380558	I:	D:
337653	338210	-	3	1.321951	I:	D:
338395	338694	-	1	1.318261	I:	D:
338702	339943	-	2	1.306656	I:	D:
340123	341502	-	1	1.312822	I:	D:
341505	342812	-	3	1.312455	I:	D:
342830	343822	-	2	1.367505	I:	D:
344110	345273	-	1	1.375444	I:	D:
345507	346907	-	3	1.394988	I:	D:
347573	349804	-	2	1.298735	I:	D:
350699	351985	-	2	1.387458	I:	D:
351996	353183	-	3	1.359523	I:	D:
353209	354102	-	1	1.334083	I:	D:
354074	356239	-	2	1.344693	I:	D:
356914	359511	+	1	1.317325	I:	D:
359654	360793	-	2	1.337182	I:	D:
360800	361987	-	2	1.309964	I:	D:
361987	363129	-	1	1.325242	I:	D:
363133	363300	-	1	1.292730	I:	D:
363305	364960	-	2	1.294619	I:	D:
364962	365516	-	3	1.295599	I:	D:
365523	368333	-	3	1.319544	I:	D:
368360	371173	-	2	1.331209	I:	D:
371238	372257	-	3	1.303365	I:	D:
372283	372792	-	1	1.312523	I:	D:
372802	374070	-	1	1.301324	I:	D:
374092	374244	+	1	1.374500	I:	D:
374427	375815	+	3	1.383473	I:	D:
375826	375957	+	1	1.361207	I:	D:
376022	376255	+	2	1.324803	I:	D:
377119	378126	-	1	1.417678	I:	D:
378381	378776	-	3	1.330807	I:	D:
379608	380120	+	3	1.407722	I:	D:
380199	380771	-	3	1.309546	I:	D:
380807	381838	-	2	1.303847	I:	D:
381877	382215	+	1	1.380349	I:	D:
382309	383154	+	1	1.329767	I:	D:
383479	383616	+	1	1.368141	I:	D:
383871	384338	-	3	1.314972	I:	D:
384381	385172	-	3	1.308721	I:	D:
385455	385649	+	3	1.388321	I:	D:
385646	386506	+	2	1.388316	I:	D:
386756	386896	-	2	1.340649	I:	D:
386912	387130	-	2	1.272157	I:	D:
387624	388796	-	3	1.332596	I:	D:
388811	390427	-	2	1.325506	I:	D:
390592	393228	-	1	1.319647	I:	D:
393770	394327	+	2	1.371739	I:	D:
394609	395424	+	1	1.322661	I:	D:
395500	398319	+	1	1.274768	I:	D:
398394	398870	-	3	1.358410	I:	D:
399302	399763	+	2	1.335255	I:	D:
400197	400685	-	3	1.335387	I:	D:
400845	401390	-	3	1.314446	I:	D:
401429	401842	-	2	1.307551	I:	D:
401964	403520	-	3	1.282347	I:	D:
403687	405027	+	1	1.331331	I:	D:
405052	406146	+	1	1.352480	I:	D:
406206	406880	-	3	1.328972	I:	D:
407016	408263	-	3	1.301522	I:	D:
408306	408542	-	3	1.297857	I:	D:
408708	409409	+	3	1.284594	I:	D:
409462	409926	+	1	1.316972	I:	D:
409974	410480	+	3	1.313116	I:	D:
410910	412145	+	3	1.287617	I:	D:
412322	413605	-	2	1.307432	I:	D:
414105	414977	-	3	1.335048	I:	D:
415296	416528	+	3	1.368936	I:	D:
416930	417223	-	2	1.321620	I:	D:
417242	417514	-	2	1.372808	I:	D:
418286	419449	+	2	1.372838	I:	D:
421284	422318	+	3	1.407416	I:	D:
422346	423719	+	3	1.380102	I:	D:
423930	425318	+	3	1.383473	I:	D:
425329	425460	+	1	1.361207	I:	D:
425499	426158	+	3	1.382717	I:	D:
426287	426742	-	2	1.331764	I:	D:
426761	427267	-	2	1.336902	I:	D:
427376	427540	-	2	1.333738	I:	D:
427577	427855	+	2	1.325605	I:	D:
428213	428830	-	2	1.374183	I:	D:
428892	429182	-	3	1.349951	I:	D:
429217	429456	-	1	1.342214	I:	D:
429465	429923	-	3	1.323004	I:	D:
429939	430301	-	3	1.299250	I:	D:
430379	431002	-	2	1.324505	I:	D:
431017	431844	-	1	1.336557	I:	D:
432030	432767	+	3	1.341835	I:	D:
432779	433213	+	2	1.294602	I:	D:
433222	434481	+	1	1.297342	I:	D:
434483	434773	+	2	1.341646	I:	D:
434810	436945	-	2	1.285017	I:	D:
437094	437798	-	3	1.325372	I:	D:
437809	438126	-	1	1.331317	I:	D:
438149	438382	-	2	1.359018	I:	D:
438387	438680	-	3	1.312810	I:	D:
438725	439084	-	2	1.354480	I:	D:
439078	440145	-	1	1.355948	I:	D:
439725	440159	-	3	1.361462	I:	D:
440468	441466	+	2	1.350074	I:	D:
442685	443644	-	2	1.392540	I:	D:
443661	444911	-	3	1.405232	I:	D:
445277	445639	-	2	1.306732	I:	D:
445642	445947	-	1	1.322310	I:	D:
446064	447389	-	3	1.347802	I:	D:
447565	448926	-	1	1.296304	I:	D:
449272	450384	-	1	1.302683	I:	D:
450398	452122	-	2	1.283793	I:	D:
452304	452513	+	3	1.352794	I:	D:
452529	454835	+	3	1.319732	I:	D:
454880	455221	+	2	1.385576	I:	D:
455241	456437	+	3	1.315890	I:	D:
456547	457224	-	1	1.314017	I:	D:
457232	458734	-	2	1.294796	I:	D:
458744	460309	-	2	1.293561	I:	D:
460309	461070	-	1	1.282046	I:	D:
461149	461898	-	1	1.293877	I:	D:
461958	463223	+	3	1.300266	I:	D:
463240	463956	+	1	1.318623	I:	D:
463966	464451	+	1	1.338464	I:	D:
464476	465228	+	1	1.347657	I:	D:
465322	465546	+	1	1.318352	I:	D:
465650	466972	-	2	1.299661	I:	D:
467402	468964	+	2	1.367638	I:	D:
468985	469308	+	1	1.343733	I:	D:
469380	469943	+	3	1.401231	I:	D:
470038	470334	-	1	1.290641	I:	D:
470385	471314	-	3	1.333242	I:	D:
471683	472291	-	2	1.287500	I:	D:
472492	474507	+	1	1.346617	I:	D:
475606	475737	+	1	1.396401	I:	D:
476347	476697	+	1	1.413533	I:	D:
477412	477591	+	1	1.409292	I:	D:
479385	479606	-	3	1.398977	I:	D:
480100	480417	+	1	1.384140	I:	D:
481215	481358	-	3	1.387431	I:	D:
481427	482398	-	2	1.321537	I:	D:
482552	484495	+	2	1.310619	I:	D:
484512	484934	+	3	1.317241	I:	D:
485045	485626	-	2	1.316098	I:	D:
485677	486651	+	1	1.307614	I:	D:
486657	487265	+	3	1.325484	I:	D:
487352	488236	-	2	1.310237	I:	D:
488753	489385	+	2	1.368950	I:	D:
489541	489825	+	1	1.373955	I:	D:
489961	490812	+	1	1.319250	I:	D:
490952	491137	+	2	1.358145	I:	D:
491153	491422	+	2	1.395772	I:	D:
491466	491942	+	3	1.359931	I:	D:
492286	492687	+	1	1.416578	I:	D:
492726	493148	+	3	1.417087	I:	D:
493487	494167	+	2	1.299856	I:	D:
494172	494678	+	3	1.338850	I:	D:
494711	494884	+	2	1.322017	I:	D:
495224	495352	+	2	1.377011	I:	D:
495609	495794	+	3	1.350885	I:	D:
495904	497067	+	1	1.372838	I:	D:
497153	500122	+	2	1.373901	I:	D:
500103	500909	+	3	1.392058	I:	D:
501050	501241	-	2	1.368569	I:	D:
501326	503278	-	2	1.297256	I:	D:
503312	504475	-	2	1.375444	I:	D:
504662	505591	+	2	1.294425	I:	D:
505606	506976	+	1	1.308722	I:	D:
506986	507144	+	1	1.371860	I:	D:
507178	507714	-	1	1.298475	I:	D:
507834	508532	+	3	1.292742	I:	D:
508565	510511	+	2	1.276122	I:	D:
510550	511293	+	1	1.288407	I:	D:
511309	511485	+	1	1.345582	I:	D:
511566	511850	-	3	1.301999	I:	D:
511835	512455	-	2	1.351906	I:	D:
512674	512901	-	1	1.349056	I:	D:
513403	514203	-	1	1.275724	I:	D:
513718	514413	+	1	1.335326	I:	D:
514424	514561	+	2	1.348949	I:	D:
514964	516256	+	2	1.310735	I:	D:
516277	516717	+	1	1.309738	I:	D:
516747	517055	+	3	1.300671	I:	D:
517088	517315	+	2	1.341915	I:	D:
517526	518803	+	2	1.300863	I:	D:
518966	520057	+	2	1.286568	I:	D:
520050	523232	+	3	1.279468	I:	D:
523509	524252	+	3	1.310341	I:	D:
524246	525178	+	2	1.284600	I:	D:
525205	525912	+	1	1.277452	I:	D:
526169	526432	+	2	1.303332	I:	D:
526490	527122	+	2	1.289254	I:	D:
527129	528214	+	2	1.289272	I:	D:
528305	528511	+	2	1.374449	I:	D:
528563	529030	+	2	1.279107	I:	D:
529035	530135	+	3	1.290171	I:	D:
530152	533862	+	1	1.279610	I:	D:
533885	534601	+	2	1.263696	I:	D:
534608	536041	+	2	1.310008	I:	D:
536153	537178	+	2	1.273338	I:	D:
537183	537749	+	3	1.292364	I:	D:
538048	539577	+	1	1.296818	I:	D:
539673	540935	+	3	1.308515	I:	D:
540999	541850	+	3	1.289652	I:	D:
542114	543115	-	2	1.278222	I:	D:
543251	544033	-	2	1.288328	I:	D:
544136	545275	-	2	1.275029	I:	D:
545302	546045	-	1	1.266899	I:	D:
546058	546462	-	1	1.289964	I:	D:
546470	547129	-	2	1.253916	I:	D:
547202	547993	-	2	1.262856	I:	D:
548055	549635	-	3	1.270556	I:	D:
549660	551057	-	3	1.291551	I:	D:
551211	552218	-	3	1.299365	I:	D:
552251	553513	-	2	1.299243	I:	D:
553735	554775	-	1	1.284131	I:	D:
554821	555642	-	1	1.278254	I:	D:
555831	556226	-	3	1.270057	I:	D:
556281	556934	-	3	1.273902	I:	D:
557178	558554	-	3	1.296878	I:	D:
558551	560479	-	2	1.301914	I:	D:
560481	561428	-	3	1.272441	I:	D:
561768	562556	-	3	1.296178	I:	D:
562563	562991	-	3	1.321681	I:	D:
563001	564731	-	3	1.293536	I:	D:
564855	566216	-	3	1.278240	I:	D:
566347	566505	+	1	1.352441	I:	D:
566571	569030	-	3	1.300692	I:	D:
569055	569186	+	3	1.342517	I:	D:
569204	569704	-	2	1.295998	I:	D:
569881	570519	-	1	1.385879	I:	D:
570645	571925	-	3	1.271307	I:	D:
571936	572085	-	1	1.309025	I:	D:
572406	572720	+	3	1.324076	I:	D:
572940	573161	-	3	1.310934	I:	D:
573180	574937	-	3	1.267491	I:	D:
575230	575676	+	1	1.323509	I:	D:
575845	576813	+	1	1.289182	I:	D:
576870	577130	-	3	1.354270	I:	D:
577140	578069	-	3	1.314935	I:	D:
578157	579797	+	3	1.300443	I:	D:
579928	580143	+	1	1.376638	I:	D:
580258	583458	-	1	1.288985	I:	D:
583541	583957	-	2	1.389113	I:	D:
583969	585816	-	1	1.313946	I:	D:
586335	587699	-	3	1.320359	I:	D:
587899	589554	+	1	1.287473	I:	D:
589715	591148	+	2	1.281435	I:	D:
591162	591809	+	3	1.304437	I:	D:
592339	593295	+	1	1.274107	I:	D:
593368	594204	-	1	1.373241	I:	D:
594258	594680	+	3	1.357358	I:	D:
594677	595093	+	2	1.383766	I:	D:
595155	596567	+	3	1.352529	I:	D:
596894	598894	+	2	1.297315	I:	D:
599080	599880	-	1	1.357373	I:	D:
600282	600452	-	3	1.350609	I:	D:
600500	601771	-	2	1.280347	I:	D:
601946	603760	+	2	1.313983	I:	D:
603953	604855	+	2	1.313904	I:	D:
604911	605204	+	3	1.317603	I:	D:
605211	605771	-	3	1.282833	I:	D:
605768	606238	-	2	1.281883	I:	D:
606307	607068	-	1	1.291139	I:	D:
607119	609296	+	3	1.298999	I:	D:
609305	611422	+	2	1.293923	I:	D:
611660	613243	-	2	1.265723	I:	D:
613282	614847	-	1	1.283390	I:	D:
615120	616337	+	3	1.302645	I:	D:
616411	617655	-	1	1.301832	I:	D:
617927	618277	-	2	1.292851	I:	D:
618373	618684	-	1	1.338418	I:	D:
618835	619233	-	1	1.289694	I:	D:
619247	619468	-	2	1.378165	I:	D:
619458	620768	-	3	1.273418	I:	D:
620773	622125	-	1	1.283607	I:	D:
622130	623374	-	2	1.275011	I:	D:
623383	624843	-	1	1.286518	I:	D:
624848	627100	-	2	1.288497	I:	D:
627109	627627	-	1	1.288111	I:	D:
627643	628557	-	1	1.287168	I:	D:
628597	628728	+	1	1.343259	I:	D:
628790	629623	+	2	1.319272	I:	D:
629654	630646	+	2	1.307722	I:	D:
630775	632787	+	1	1.386248	I:	D:
632846	633391	-	2	1.306310	I:	D:
633364	634146	-	1	1.308934	I:	D:
634143	635513	-	3	1.293573	I:	D:
635537	636421	-	2	1.301075	I:	D:
636685	638487	-	1	1.328382	I:	D:
638536	639546	-	1	1.323612	I:	D:
639670	641799	-	1	1.338508	I:	D:
642151	645045	-	1	1.303904	I:	D:
645170	646315	+	2	1.304646	I:	D:
646338	647339	+	3	1.293236	I:	D:
647362	649863	+	1	1.277917	I:	D:
649892	652264	+	2	1.296751	I:	D:
652338	653072	+	3	1.297650	I:	D:
653138	653758	+	2	1.290924	I:	D:
653885	655048	+	2	1.308036	I:	D:
655282	655671	+	1	1.289701	I:	D:
655671	657560	+	3	1.293089	I:	D:
657654	658256	+	3	1.282789	I:	D:
658260	659417	+	3	1.331832	I:	D:
659426	659875	+	2	1.330394	I:	D:
659980	661164	-	1	1.297167	I:	D:
661493	664525	+	2	1.323796	I:	D:
664569	666104	+	3	1.337321	I:	D:
666188	666331	+	2	1.366553	I:	D:
666570	668153	-	3	1.319972	I:	D:
668232	668768	-	3	1.320918	I:	D:
668841	670181	-	3	1.288014	I:	D:
670188	671468	-	3	1.281041	I:	D:
671794	672165	+	1	1.301832	I:	D:
672221	672826	-	2	1.310480	I:	D:
672877	673953	-	1	1.311728	I:	D:
674391	675554	+	3	1.372838	I:	D:
675600	677519	+	3	1.322618	I:	D:
677618	679231	-	2	1.328408	I:	D:
679322	679615	-	2	1.282004	I:	D:
679723	679854	-	1	1.340633	I:	D:
679865	681253	-	2	1.382580	I:	D:
681563	681700	-	2	1.338198	I:	D:
681831	683810	+	3	1.309865	I:	D:
683894	684310	+	2	1.298119	I:	D:
684314	685648	+	2	1.347087	I:	D:
685773	686048	+	3	1.314571	I:	D:
686117	686419	-	2	1.329827	I:	D:
686412	686657	-	3	1.277844	I:	D:
686756	687610	-	2	1.305518	I:	D:
687618	688940	-	3	1.301429	I:	D:
688964	689587	-	2	1.301942	I:	D:
689606	690613	-	2	1.305960	I:	D:
690622	691251	-	1	1.287207	I:	D:
691254	691664	-	3	1.291668	I:	D:
691661	692029	-	2	1.320318	I:	D:
692260	694083	-	1	1.353026	I:	D:
694282	694476	+	1	1.402471	I:	D:
694631	694969	-	2	1.309447	I:	D:
695072	696898	-	2	1.349413	I:	D:
697196	697393	-	2	1.380370	I:	D:
697424	698815	-	2	1.311807	I:	D:
698799	700475	-	3	1.369349	I:	D:
701087	701917	-	2	1.310193	I:	D:
701921	702385	-	2	1.344469	I:	D:
702295	704112	-	1	1.371995	I:	D:
704723	705022	-	2	1.307658	I:	D:
705134	705541	-	2	1.275607	I:	D:
705529	705954	-	1	1.381752	I:	D:
705968	706378	-	2	1.302577	I:	D:
706382	707140	-	2	1.286824	I:	D:
707333	707644	+	2	1.393566	I:	D:
707648	708049	+	2	1.305056	I:	D:
708142	709338	+	1	1.310714	I:	D:
709537	710142	+	1	1.315903	I:	D:
710284	711201	+	1	1.309047	I:	D:
>YB1_4994
234	1367	+	3	1.339528	I:	D:
1775	1981	+	2	1.380487	I:	D:
2045	3166	-	2	1.335301	I:	D:
3175	3591	-	1	1.367942	I:	D:
3581	5047	-	2	1.367975	I:	D:
5071	6453	-	1	1.359499	I:	D:
6468	8525	-	3	1.319639	I:	D:
8536	8736	-	1	1.318069	I:	D:
9463	9813	+	1	1.402059	I:	D:
9928	11199	+	1	1.281033	I:	D:
11292	13889	-	3	1.280723	I:	D:
14057	14713	+	2	1.289749	I:	D:
15018	16817	+	3	1.305806	I:	D:
16849	18144	+	1	1.279246	I:	D:
18146	18499	+	2	1.290020	I:	D:
18572	18955	-	2	1.349554	I:	D:
19071	19841	-	3	1.318409	I:	D:
19843	21201	+	1	1.308543	I:	D:
21314	22924	+	2	1.290919	I:	D:
23108	23818	+	2	1.325337	I:	D:
23894	24772	-	2	1.313142	I:	D:
24926	25306	-	2	1.387282	I:	D:
25321	27048	-	1	1.293676	I:	D:
27238	29451	-	1	1.280763	I:	D:
29490	29801	+	3	1.323956	I:	D:
30009	31019	+	3	1.305124	I:	D:
31035	31970	+	3	1.305887	I:	D:
31952	32845	+	2	1.296778	I:	D:
33052	34317	-	1	1.310900	I:	D:
34332	35639	-	3	1.292186	I:	D:
35970	37943	-	3	1.322044	I:	D:
38179	42426	-	1	1.306558	I:	D:
42453	43643	-	3	1.306997	I:	D:
43840	44265	-	1	1.319645	I:	D:
44548	44922	+	1	1.292460	I:	D:
45029	45337	+	2	1.400042	I:	D:
45464	48010	+	2	1.300866	I:	D:
48181	49476	+	1	1.285681	I:	D:
49524	49706	+	3	1.357922	I:	D:
49743	50198	-	3	1.326644	I:	D:
50341	52047	-	1	1.303223	I:	D:
52125	53201	-	3	1.334283	I:	D:
53268	54728	-	3	1.304348	I:	D:
54770	54904	+	2	1.361038	I:	D:
54923	55918	+	2	1.302051	I:	D:
55933	56676	+	1	1.289692	I:	D:
56735	57859	-	2	1.319801	I:	D:
58212	59120	-	3	1.329683	I:	D:
59218	59733	-	1	1.347778	I:	D:
59981	60865	+	2	1.348526	I:	D:
61151	61393	+	2	1.384076	I:	D:
61977	62138	-	3	1.349340	I:	D:
62572	63030	-	1	1.368074	I:	D:
63036	64967	-	3	1.354434	I:	D:
65381	65695	-	2	1.308178	I:	D:
65656	66045	-	1	1.364054	I:	D:
66456	67577	-	3	1.322870	I:	D:
67638	68126	-	3	1.339996	I:	D:
68323	68541	+	1	1.386587	I:	D:
68712	69551	+	3	1.343519	I:	D:
69717	70250	+	3	1.332229	I:	D:
70314	71516	-	3	1.351789	I:	D:
>YB1_5028
1	816	-	1	1.359231	I:	D:
982	2031	-	1	1.380870	I:	D:
2044	3507	-	1	1.374898	I:	D:
3497	3829	-	2	1.375930	I:	D:
4069	4701	-	1	1.373647	I:	D:
4709	6067	-	2	1.375144	I:	D:
6266	6487	-	2	1.288626	I:	D:
6704	6961	+	2	1.364746	I:	D:
6969	7520	-	3	1.314629	I:	D:
7529	8155	+	2	1.355413	I:	D:
8173	9462	-	1	1.297877	I:	D:
9541	9678	+	1	1.362035	I:	D:
9891	10052	+	3	1.343654	I:	D:
10059	10997	+	3	1.297302	I:	D:
10994	11407	+	2	1.350621	I:	D:
11907	12230	+	3	1.274904	I:	D:
12282	12464	-	3	1.371678	I:	D:
12499	12909	+	1	1.349684	I:	D:
12910	13149	+	1	1.323877	I:	D:
13052	13378	+	2	1.341747	I:	D:
13469	14800	+	2	1.290208	I:	D:
14971	15345	-	1	1.282142	I:	D:
15640	16419	+	1	1.370276	I:	D:
16847	18577	+	2	1.308451	I:	D:
18638	18865	+	2	1.384129	I:	D:
18878	20209	+	2	1.267507	I:	D:
20410	20841	+	1	1.395139	I:	D:
20915	21796	+	2	1.296723	I:	D:
21818	23833	+	2	1.290195	I:	D:
23859	25259	+	3	1.295581	I:	D:
25432	26568	-	1	1.311291	I:	D:
26762	28747	-	2	1.302835	I:	D:
28854	29378	-	3	1.284522	I:	D:
29512	30237	-	1	1.315465	I:	D:
29284	30444	+	1	1.348904	I:	D:
30882	31601	+	3	1.320004	I:	D:
31654	31872	+	1	1.289224	I:	D:
31920	34757	+	3	1.305214	I:	D:
34843	35316	+	1	1.398818	I:	D:
35378	36373	-	2	1.308807	I:	D:
36403	39177	-	1	1.307057	I:	D:
39198	40235	-	3	1.303255	I:	D:
40244	41461	-	2	1.331407	I:	D:
41545	44625	-	1	1.319520	I:	D:
44918	45382	-	2	1.306103	I:	D:
45448	46416	-	1	1.301661	I:	D:
46424	46990	-	2	1.325459	I:	D:
47015	47638	-	2	1.297789	I:	D:
47640	48656	-	3	1.319680	I:	D:
48662	49114	-	2	1.397539	I:	D:
49136	50155	-	2	1.311408	I:	D:
50263	52305	-	1	1.330332	I:	D:
52292	53329	-	2	1.313675	I:	D:
53623	54891	+	1	1.316214	I:	D:
54954	56018	+	3	1.290965	I:	D:
56225	56998	+	2	1.308499	I:	D:
57062	58816	-	2	1.324376	I:	D:
58821	61808	-	3	1.308726	I:	D:
62379	62774	+	3	1.315763	I:	D:
63133	64332	-	1	1.332907	I:	D:
64677	65354	-	3	1.305325	I:	D:
65362	66579	-	1	1.305741	I:	D:
66584	67414	-	2	1.301547	I:	D:
67417	68169	-	1	1.286555	I:	D:
68252	69697	-	2	1.303476	I:	D:
69839	71905	+	2	1.307318	I:	D:
72800	73273	+	2	1.383324	I:	D:
73289	73834	+	2	1.305149	I:	D:
74024	75955	+	2	1.300635	I:	D:
75985	76878	+	1	1.290499	I:	D:
76878	77450	+	3	1.312431	I:	D:
77443	78303	+	1	1.312507	I:	D:
78366	79424	+	3	1.285233	I:	D:
79503	80813	+	3	1.301868	I:	D:
80947	81981	+	1	1.324526	I:	D:
81974	82285	+	2	1.386177	I:	D:
82393	82545	-	1	1.331337	I:	D:
82554	83780	+	3	1.384754	I:	D:
83773	84747	+	1	1.361655	I:	D:
84782	85621	+	2	1.373520	I:	D:
85823	87016	+	2	1.403895	I:	D:
87101	88237	+	2	1.362437	I:	D:
88249	89223	+	1	1.368940	I:	D:
89251	90165	+	1	1.339005	I:	D:
90167	91069	+	2	1.381561	I:	D:
91066	91278	+	1	1.356325	I:	D:
91283	92380	+	2	1.354083	I:	D:
92386	93426	+	1	1.385932	I:	D:
93432	94253	+	3	1.359006	I:	D:
94265	94873	+	2	1.362149	I:	D:
94880	96019	+	2	1.343625	I:	D:
96126	97256	+	3	1.328573	I:	D:
97540	99246	+	1	1.315507	I:	D:
99399	100934	-	3	1.308315	I:	D:
100935	101177	-	3	1.342696	I:	D:
101192	102664	-	2	1.284204	I:	D:
102677	102928	+	2	1.365832	I:	D:
103052	103954	+	2	1.370162	I:	D:
104013	104525	+	3	1.364916	I:	D:
104567	105343	+	2	1.367783	I:	D:
105409	106929	-	1	1.348022	I:	D:
107389	108204	-	1	1.297624	I:	D:
108283	108819	-	1	1.299272	I:	D:
108980	110026	+	2	1.297152	I:	D:
110056	111756	+	1	1.292393	I:	D:
111916	112377	-	1	1.342569	I:	D:
112453	113172	-	1	1.310088	I:	D:
113426	114418	-	2	1.331247	I:	D:
114418	115386	-	1	1.333859	I:	D:
115379	116776	-	2	1.313822	I:	D:
116777	117487	-	2	1.307946	I:	D:
117490	118983	-	1	1.309846	I:	D:
119027	119191	+	2	1.369253	I:	D:
119207	119593	+	2	1.310650	I:	D:
119618	120196	-	2	1.304115	I:	D:
120200	122446	-	2	1.309167	I:	D:
122851	123906	-	1	1.305575	I:	D:
123909	125441	-	3	1.296702	I:	D:
125448	125720	-	3	1.325881	I:	D:
125726	126457	-	2	1.302494	I:	D:
126592	127692	-	1	1.277574	I:	D:
127809	127988	+	3	1.370408	I:	D:
128059	128265	-	1	1.369198	I:	D:
128278	129279	-	1	1.315965	I:	D:
129286	130749	-	1	1.294143	I:	D:
130779	131762	-	3	1.283156	I:	D:
131766	132407	-	3	1.334503	I:	D:
132412	133590	-	1	1.296912	I:	D:
133648	133860	-	1	1.352205	I:	D:
134019	136076	+	3	1.290614	I:	D:
136461	137762	+	3	1.284169	I:	D:
137879	138325	+	2	1.338765	I:	D:
138411	139964	+	3	1.353461	I:	D:
140061	140240	+	3	1.380047	I:	D:
140286	140690	+	3	1.298433	I:	D:
140771	141628	-	2	1.317619	I:	D:
142009	142164	+	1	1.345041	I:	D:
142554	142913	-	3	1.350475	I:	D:
143214	143480	+	3	1.362784	I:	D:
143485	143694	+	1	1.372038	I:	D:
143770	143973	+	1	1.329060	I:	D:
143978	144265	+	2	1.322166	I:	D:
144275	144514	+	2	1.357560	I:	D:
144527	144793	+	2	1.334301	I:	D:
144805	145089	+	1	1.362235	I:	D:
145111	145332	+	1	1.385076	I:	D:
145359	146387	+	3	1.325802	I:	D:
146417	146860	+	2	1.317674	I:	D:
146871	147818	+	3	1.321201	I:	D:
147815	149587	+	2	1.314008	I:	D:
149589	150413	+	3	1.339736	I:	D:
150414	150659	+	3	1.373690	I:	D:
150693	151532	+	3	1.356970	I:	D:
151529	152407	+	2	1.340373	I:	D:
152432	152809	+	2	1.305943	I:	D:
152806	153210	+	1	1.355351	I:	D:
153224	153454	+	2	1.339842	I:	D:
153464	154081	+	2	1.346618	I:	D:
154083	154379	+	3	1.375263	I:	D:
154722	155321	+	3	1.324878	I:	D:
155318	157177	+	2	1.325456	I:	D:
157295	157507	+	2	1.316439	I:	D:
157504	158910	+	1	1.324986	I:	D:
158888	161047	+	2	1.305177	I:	D:
161126	161449	+	2	1.287514	I:	D:
161461	161820	+	1	1.336089	I:	D:
161824	162327	+	1	1.316026	I:	D:
162572	163777	+	2	1.317383	I:	D:
163780	164292	+	1	1.307409	I:	D:
164292	164603	+	3	1.297456	I:	D:
164624	164812	+	2	1.312166	I:	D:
164819	166834	+	2	1.324623	I:	D:
166847	167689	+	2	1.324779	I:	D:
167693	167872	-	2	1.324425	I:	D:
167893	168903	+	1	1.330539	I:	D:
168906	169427	+	3	1.332481	I:	D:
169432	169650	+	1	1.306589	I:	D:
169686	170003	+	3	1.319076	I:	D:
170003	171112	+	2	1.328413	I:	D:
171105	171716	+	3	1.323580	I:	D:
171729	172472	+	3	1.370969	I:	D:
172475	173548	+	2	1.327731	I:	D:
173799	174155	+	3	1.332480	I:	D:
174152	174673	+	2	1.310528	I:	D:
174676	175131	+	1	1.312030	I:	D:
175128	175748	+	3	1.324309	I:	D:
175936	176808	-	1	1.368236	I:	D:
176167	177669	+	1	1.292472	I:	D:
178147	179577	-	1	1.299389	I:	D:
179606	180982	-	2	1.310937	I:	D:
181072	182073	-	1	1.300339	I:	D:
182234	182893	+	2	1.315447	I:	D:
183451	185151	+	1	1.294764	I:	D:
185313	185474	-	3	1.328242	I:	D:
185545	186597	+	1	1.303285	I:	D:
186591	187334	+	3	1.318654	I:	D:
187363	187551	-	1	1.368871	I:	D:
187646	187996	-	2	1.321320	I:	D:
188265	188711	-	3	1.329037	I:	D:
188949	190280	+	3	1.318278	I:	D:
190510	190737	+	1	1.366706	I:	D:
191496	193892	-	3	1.333410	I:	D:
194915	195178	+	2	1.388635	I:	D:
195498	195710	+	3	1.350672	I:	D:
195781	196152	+	1	1.358679	I:	D:
196211	196396	+	2	1.339462	I:	D:
196412	196585	-	2	1.383380	I:	D:
196748	196903	+	2	1.354398	I:	D:
197064	197753	+	3	1.353550	I:	D:
197787	198044	+	3	1.372399	I:	D:
198293	199498	-	2	1.313385	I:	D:
199646	200665	-	2	1.305141	I:	D:
200676	203057	-	3	1.315087	I:	D:
203306	204274	+	2	1.314857	I:	D:
204344	205612	+	2	1.313050	I:	D:
205626	205802	+	3	1.374264	I:	D:
205876	206229	+	1	1.368928	I:	D:
206323	207204	+	1	1.286994	I:	D:
207363	208595	+	3	1.300870	I:	D:
208595	209113	+	2	1.333267	I:	D:
209308	210618	-	1	1.299765	I:	D:
210866	211438	+	2	1.328463	I:	D:
211550	212563	+	2	1.334192	I:	D:
212643	214430	+	3	1.349043	I:	D:
214757	215407	+	2	1.288166	I:	D:
215489	217420	+	2	1.280599	I:	D:
217452	218039	+	3	1.336880	I:	D:
218045	218896	+	2	1.297796	I:	D:
218922	219605	+	3	1.358913	I:	D:
219614	219898	-	2	1.370777	I:	D:
219931	220326	-	1	1.359852	I:	D:
220340	221104	-	2	1.323984	I:	D:
221302	221826	-	1	1.314511	I:	D:
222039	224015	-	3	1.317954	I:	D:
224051	224872	-	2	1.338195	I:	D:
225035	227077	+	2	1.299054	I:	D:
227185	228330	+	1	1.279225	I:	D:
228562	229053	-	1	1.328493	I:	D:
229050	230045	-	3	1.335591	I:	D:
230042	230947	-	2	1.319982	I:	D:
230961	232007	-	3	1.300822	I:	D:
232007	232600	-	2	1.301961	I:	D:
232610	233227	-	2	1.327422	I:	D:
233660	233953	-	2	1.377168	I:	D:
233980	234996	+	1	1.302655	I:	D:
235052	235897	+	2	1.367674	I:	D:
235930	236793	+	1	1.316079	I:	D:
236887	238173	+	1	1.290520	I:	D:
238653	239114	+	3	1.352047	I:	D:
239062	239907	+	1	1.362537	I:	D:
239840	240235	+	2	1.406066	I:	D:
240251	242053	+	2	1.294020	I:	D:
242057	242374	+	2	1.301637	I:	D:
242376	243284	+	3	1.326376	I:	D:
242576	243463	+	2	1.374678	I:	D:
243472	243705	+	1	1.361621	I:	D:
243943	245766	+	1	1.328364	I:	D:
246039	246491	+	3	1.281303	I:	D:
246519	247388	-	3	1.335104	I:	D:
247535	248494	+	2	1.321947	I:	D:
248502	249125	+	3	1.341501	I:	D:
249234	250865	+	3	1.316446	I:	D:
250868	251284	+	2	1.293052	I:	D:
251297	251617	+	2	1.292869	I:	D:
251621	252583	+	2	1.322744	I:	D:
252796	253740	+	1	1.306161	I:	D:
253953	257246	+	3	1.274369	I:	D:
257266	257700	+	1	1.285108	I:	D:
257769	257936	+	3	1.378759	I:	D:
258077	259378	-	2	1.325322	I:	D:
259622	261844	+	2	1.337703	I:	D:
262080	262808	+	3	1.296543	I:	D:
262879	263472	+	1	1.299603	I:	D:
263704	264411	-	1	1.342781	I:	D:
264517	264999	-	1	1.305977	I:	D:
265009	265815	-	1	1.295737	I:	D:
265799	266839	-	2	1.327602	I:	D:
267056	268369	+	2	1.299735	I:	D:
268366	268785	+	1	1.310219	I:	D:
268761	269459	+	3	1.327823	I:	D:
269443	269997	+	1	1.340872	I:	D:
270294	272267	-	3	1.289797	I:	D:
272447	272620	+	2	1.366591	I:	D:
272804	276103	-	2	1.332754	I:	D:
276297	277685	+	3	1.372183	I:	D:
277696	277827	+	1	1.343572	I:	D:
278073	278417	-	3	1.372768	I:	D:
278494	279063	-	1	1.304200	I:	D:
279251	280087	+	2	1.310579	I:	D:
280084	280443	+	1	1.254982	I:	D:
280561	281178	+	1	1.322545	I:	D:
281191	284103	+	1	1.283544	I:	D:
284310	285731	-	3	1.302191	I:	D:
285873	286247	-	3	1.327827	I:	D:
286252	287358	-	1	1.313946	I:	D:
287392	288057	-	1	1.320469	I:	D:
288077	288940	-	2	1.322910	I:	D:
288968	291064	-	2	1.288134	I:	D:
291071	291421	-	2	1.292481	I:	D:
291581	292474	-	2	1.302465	I:	D:
292597	293718	+	1	1.289110	I:	D:
293749	295560	+	1	1.292779	I:	D:
295619	295945	+	2	1.316812	I:	D:
296186	296479	-	2	1.298629	I:	D:
296476	297441	-	1	1.289304	I:	D:
297443	298201	-	2	1.305455	I:	D:
298206	298961	-	3	1.297003	I:	D:
299043	301481	-	3	1.289375	I:	D:
301494	301658	+	3	1.368317	I:	D:
301750	304377	+	1	1.295878	I:	D:
304445	304912	+	2	1.299581	I:	D:
305049	305561	-	3	1.331361	I:	D:
305635	307548	+	1	1.298217	I:	D:
307561	308115	+	1	1.316496	I:	D:
308236	308385	+	1	1.339533	I:	D:
308411	311809	+	2	1.299924	I:	D:
311910	312296	+	3	1.306170	I:	D:
312490	316272	-	1	1.334048	I:	D:
316277	316645	-	2	1.311123	I:	D:
316908	317099	-	3	1.290933	I:	D:
317137	318270	-	1	1.351004	I:	D:
318274	320121	-	1	1.309683	I:	D:
320244	322061	-	3	1.295360	I:	D:
322157	322420	+	2	1.328977	I:	D:
322481	322825	+	2	1.353402	I:	D:
322856	324706	+	2	1.289304	I:	D:
324719	326863	+	2	1.287811	I:	D:
327474	329510	-	3	1.312015	I:	D:
329667	330929	-	3	1.306265	I:	D:
330926	331654	-	2	1.340457	I:	D:
331675	333027	-	1	1.307599	I:	D:
333061	334410	-	1	1.319795	I:	D:
334391	335170	-	2	1.326074	I:	D:
335415	338747	-	3	1.294235	I:	D:
338759	338959	-	2	1.388398	I:	D:
338988	340538	-	3	1.293405	I:	D:
340516	340815	+	1	1.378951	I:	D:
340996	341268	-	1	1.303905	I:	D:
341356	341586	+	1	1.352733	I:	D:
341764	343314	+	1	1.296964	I:	D:
343318	343734	+	1	1.290298	I:	D:
344242	344700	+	1	1.283353	I:	D:
344907	345506	-	3	1.326704	I:	D:
345569	347707	+	2	1.303031	I:	D:
347902	348048	+	1	1.335821	I:	D:
348066	350450	+	3	1.307086	I:	D:
350652	352451	+	3	1.317022	I:	D:
352472	353254	+	2	1.311354	I:	D:
353286	355082	+	3	1.310391	I:	D:
355095	357185	+	3	1.301160	I:	D:
357191	358087	+	2	1.333690	I:	D:
358100	359062	+	2	1.314030	I:	D:
359059	360705	+	1	1.304649	I:	D:
360854	361528	-	2	1.324593	I:	D:
361571	363733	-	2	1.327293	I:	D:
363775	364461	-	1	1.333867	I:	D:
364653	365447	+	3	1.317890	I:	D:
365546	366832	+	2	1.309900	I:	D:
366829	367401	+	1	1.295662	I:	D:
367653	368729	+	3	1.297803	I:	D:
368792	370135	+	2	1.308550	I:	D:
370162	371130	+	1	1.296351	I:	D:
371346	373283	+	3	1.282548	I:	D:
373303	374520	+	1	1.293745	I:	D:
374698	376632	+	1	1.303873	I:	D:
376646	377254	+	2	1.317888	I:	D:
377456	378067	-	2	1.309759	I:	D:
378079	379500	-	1	1.302554	I:	D:
379639	381027	-	1	1.300435	I:	D:
381146	382465	+	2	1.315366	I:	D:
382509	383072	+	3	1.297419	I:	D:
383069	383680	+	2	1.297004	I:	D:
383818	386064	+	1	1.306223	I:	D:
386076	386615	+	3	1.304408	I:	D:
386662	386949	+	1	1.339917	I:	D:
387191	388270	+	2	1.339367	I:	D:
388499	389731	+	2	1.345982	I:	D:
389746	390789	+	1	1.324941	I:	D:
390802	391596	+	1	1.326917	I:	D:
391653	393521	+	3	1.306831	I:	D:
393523	393654	-	1	1.324320	I:	D:
393665	395053	-	2	1.371685	I:	D:
395273	396403	+	2	1.317560	I:	D:
396557	399046	+	2	1.311322	I:	D:
399265	401526	+	1	1.299263	I:	D:
402464	403621	-	2	1.315029	I:	D:
403911	404573	+	3	1.313786	I:	D:
404774	404989	+	2	1.347051	I:	D:
405097	405957	-	1	1.292101	I:	D:
406034	407521	-	2	1.308128	I:	D:
407975	409285	+	2	1.294268	I:	D:
409497	410033	-	3	1.353216	I:	D:
409960	412050	-	1	1.306334	I:	D:
412037	412516	+	2	1.381170	I:	D:
412923	414953	-	3	1.303681	I:	D:
414964	415197	+	1	1.407361	I:	D:
415210	416499	-	1	1.291234	I:	D:
416771	417436	-	2	1.276008	I:	D:
417448	417603	+	1	1.363744	I:	D:
417677	419002	-	2	1.270684	I:	D:
419291	420091	+	2	1.290719	I:	D:
420105	423740	+	3	1.286972	I:	D:
423740	424705	+	2	1.292259	I:	D:
424740	425762	-	3	1.317294	I:	D:
425846	428119	+	2	1.289560	I:	D:
428116	429246	+	1	1.307369	I:	D:
429376	429993	+	1	1.347598	I:	D:
430277	430726	-	2	1.303192	I:	D:
430771	432588	-	1	1.287290	I:	D:
432585	433193	-	3	1.301737	I:	D:
433214	434539	-	2	1.273310	I:	D:
434548	436305	-	1	1.295453	I:	D:
436314	437156	-	3	1.286818	I:	D:
437167	437781	-	1	1.268301	I:	D:
437790	438149	+	3	1.386443	I:	D:
438190	438828	-	1	1.376329	I:	D:
438913	440358	-	1	1.304697	I:	D:
440374	440736	-	1	1.397821	I:	D:
440771	441781	+	2	1.312930	I:	D:
441801	443147	+	3	1.290458	I:	D:
443151	444221	+	3	1.301109	I:	D:
444221	445027	+	2	1.318331	I:	D:
445243	445716	+	1	1.291340	I:	D:
445730	446767	+	2	1.282743	I:	D:
446780	447442	+	2	1.323998	I:	D:
447467	448516	+	2	1.285656	I:	D:
448575	448757	+	3	1.351237	I:	D:
449020	450252	+	1	1.332798	I:	D:
450425	451342	+	2	1.345403	I:	D:
451686	452330	+	3	1.295820	I:	D:
452403	454166	+	3	1.321000	I:	D:
454242	455174	-	3	1.321639	I:	D:
455640	456041	+	3	1.338837	I:	D:
456056	456301	+	2	1.318171	I:	D:
456722	457411	+	2	1.342633	I:	D:
457450	458064	+	1	1.319389	I:	D:
458562	458723	+	3	1.349250	I:	D:
458975	459124	+	2	1.324026	I:	D:
459191	459613	+	2	1.388133	I:	D:
459923	462073	+	2	1.302744	I:	D:
462248	463897	+	2	1.310668	I:	D:
464263	466002	+	1	1.311295	I:	D:
466010	466594	+	2	1.287978	I:	D:
466594	467910	+	1	1.290996	I:	D:
468150	469445	+	3	1.298431	I:	D:
469946	470623	+	2	1.289526	I:	D:
470620	471879	+	1	1.297302	I:	D:
472310	473572	+	2	1.293461	I:	D:
473612	474718	+	2	1.286176	I:	D:
474731	476086	+	2	1.304419	I:	D:
476272	478071	-	1	1.312659	I:	D:
478251	479048	-	3	1.313529	I:	D:
479074	479208	+	1	1.372760	I:	D:
479607	479879	-	3	1.340071	I:	D:
479897	481702	+	2	1.304516	I:	D:
481764	482285	-	3	1.305404	I:	D:
482269	483456	-	1	1.321266	I:	D:
483470	483601	-	2	1.364819	I:	D:
483743	486454	-	2	1.313076	I:	D:
486465	487874	-	3	1.282066	I:	D:
487874	488755	-	2	1.304455	I:	D:
489049	489987	-	1	1.309853	I:	D:
490120	490899	+	1	1.303755	I:	D:
490904	491797	+	2	1.286111	I:	D:
491798	493042	+	2	1.324125	I:	D:
493050	494444	+	3	1.314722	I:	D:
494455	495840	+	1	1.306361	I:	D:
496108	497019	+	1	1.352259	I:	D:
497104	498210	+	1	1.351524	I:	D:
498219	498581	+	3	1.394505	I:	D:
498763	499644	+	1	1.363226	I:	D:
499777	501090	-	1	1.360717	I:	D:
501433	501798	+	1	1.324475	I:	D:
501810	503186	+	3	1.349005	I:	D:
503265	504344	+	3	1.375220	I:	D:
504483	504791	+	3	1.360919	I:	D:
504781	505722	+	1	1.340126	I:	D:
505758	506156	+	3	1.343928	I:	D:
506232	506768	+	3	1.377513	I:	D:
507327	508448	+	3	1.368292	I:	D:
508518	509399	+	3	1.357717	I:	D:
509654	509905	-	2	1.348563	I:	D:
510123	510725	-	3	1.354982	I:	D:
510738	511742	-	3	1.336746	I:	D:
511735	513396	-	1	1.337025	I:	D:
513402	516632	-	3	1.331600	I:	D:
516634	516837	-	1	1.372825	I:	D:
516961	517635	+	1	1.359146	I:	D:
517881	518393	+	3	1.343948	I:	D:
518495	518770	-	2	1.372018	I:	D:
519436	520044	+	1	1.392285	I:	D:
520125	521282	-	3	1.359393	I:	D:
521392	522411	-	1	1.362186	I:	D:
522821	523327	+	2	1.407249	I:	D:
523342	524334	+	1	1.399103	I:	D:
524394	527012	-	3	1.338092	I:	D:
527027	527704	-	2	1.393786	I:	D:
528020	529447	-	2	1.324932	I:	D:
529697	530602	-	2	1.335986	I:	D:
530700	531746	-	3	1.309277	I:	D:
531749	532039	-	2	1.297735	I:	D:
532168	533052	-	1	1.339783	I:	D:
533148	534341	-	3	1.321621	I:	D:
534439	535845	+	1	1.401979	I:	D:
535918	536232	-	1	1.274543	I:	D:
536256	536561	-	3	1.294286	I:	D:
536626	540348	-	1	1.318119	I:	D:
540423	542678	-	3	1.322659	I:	D:
542687	544369	-	2	1.331159	I:	D:
544366	545259	-	1	1.292647	I:	D:
545347	546666	+	1	1.380319	I:	D:
546675	548027	-	3	1.307949	I:	D:
548018	549010	-	2	1.302632	I:	D:
549030	553067	-	3	1.297961	I:	D:
553198	553551	-	1	1.284625	I:	D:
553756	554529	+	1	1.360696	I:	D:
554596	555180	+	1	1.363077	I:	D:
555184	556041	+	1	1.330767	I:	D:
556053	556598	+	3	1.381182	I:	D:
556600	557691	+	1	1.403302	I:	D:
557763	558080	-	3	1.313698	I:	D:
558191	558646	-	2	1.302778	I:	D:
558655	559998	-	1	1.302746	I:	D:
560011	560307	-	1	1.310274	I:	D:
560388	561437	-	3	1.293848	I:	D:
561570	562826	-	3	1.293083	I:	D:
562869	563669	-	3	1.314767	I:	D:
563666	564247	-	2	1.328100	I:	D:
564250	564864	-	1	1.301225	I:	D:
564924	565625	-	3	1.322960	I:	D:
565831	566271	+	1	1.322561	I:	D:
566274	566651	+	3	1.323530	I:	D:
566658	568142	+	3	1.328056	I:	D:
568139	568579	+	2	1.352290	I:	D:
568587	568952	+	3	1.343540	I:	D:
569233	570195	-	1	1.386282	I:	D:
570212	571306	-	2	1.356436	I:	D:
572865	573641	+	3	1.322571	I:	D:
573716	573961	+	2	1.342546	I:	D:
573966	574193	+	3	1.332689	I:	D:
574285	574422	+	1	1.325046	I:	D:
574532	574771	+	2	1.335548	I:	D:
574772	575047	+	2	1.328639	I:	D:
575056	576321	+	1	1.332586	I:	D:
576408	576659	-	3	1.398558	I:	D:
576649	576903	+	1	1.390069	I:	D:
576937	577086	+	1	1.361821	I:	D:
577536	577763	+	3	1.386460	I:	D:
577769	578239	+	2	1.334559	I:	D:
578242	579285	+	1	1.303883	I:	D:
579475	579657	+	1	1.361337	I:	D:
579654	580067	+	3	1.345463	I:	D:
580094	580279	+	2	1.341014	I:	D:
580281	580937	+	3	1.339797	I:	D:
580949	581833	+	2	1.324495	I:	D:
581835	582119	+	3	1.379391	I:	D:
582107	582487	+	2	1.336714	I:	D:
582566	583876	+	2	1.349960	I:	D:
583994	584347	+	2	1.319618	I:	D:
584361	584945	+	3	1.333524	I:	D:
584957	585259	+	2	1.314255	I:	D:
585323	585535	+	2	1.317387	I:	D:
585540	586346	+	3	1.334486	I:	D:
586379	586972	+	2	1.335018	I:	D:
587107	587622	+	1	1.324161	I:	D:
587628	588101	+	3	1.311111	I:	D:
588082	588348	+	1	1.300950	I:	D:
588348	588830	+	3	1.341442	I:	D:
588827	589282	+	2	1.337587	I:	D:
589286	590089	+	2	1.341474	I:	D:
590103	590657	+	3	1.352699	I:	D:
590674	591333	-	1	1.372038	I:	D:
591419	591649	+	2	1.292406	I:	D:
591728	592162	+	2	1.326824	I:	D:
592175	592837	+	2	1.347369	I:	D:
593013	593531	+	3	1.352771	I:	D:
593573	593923	+	2	1.314929	I:	D:
593945	594151	+	2	1.363521	I:	D:
594424	595560	-	1	1.377091	I:	D:
595569	595973	-	3	1.358691	I:	D:
595955	597073	-	2	1.393743	I:	D:
597135	598556	-	3	1.348432	I:	D:
598562	598831	-	2	1.365259	I:	D:
599273	599857	+	2	1.378475	I:	D:
599873	600415	+	2	1.377073	I:	D:
600431	601198	+	2	1.360655	I:	D:
601551	601691	+	3	1.338785	I:	D:
601754	602254	+	2	1.340178	I:	D:
602539	602910	-	1	1.348448	I:	D:
602926	603192	-	1	1.336800	I:	D:
603189	603524	-	3	1.323267	I:	D:
603521	603874	-	2	1.289305	I:	D:
603849	604223	+	3	1.402499	I:	D:
604406	604609	+	2	1.313669	I:	D:
604716	604898	+	3	1.290939	I:	D:
605200	605394	-	1	1.303083	I:	D:
605684	605950	-	2	1.397618	I:	D:
606092	607348	+	2	1.308822	I:	D:
607480	610224	+	1	1.323960	I:	D:
610237	611961	+	1	1.336196	I:	D:
612006	612245	+	3	1.276364	I:	D:
612267	612689	+	3	1.297760	I:	D:
612699	613409	+	3	1.319750	I:	D:
613419	613745	+	3	1.317937	I:	D:
614367	615644	+	3	1.337323	I:	D:
616025	618694	+	2	1.328260	I:	D:
618726	619601	+	3	1.324730	I:	D:
619631	620962	+	2	1.330044	I:	D:
620949	622424	+	3	1.333588	I:	D:
622439	623518	+	2	1.307508	I:	D:
623547	625769	+	3	1.325806	I:	D:
625784	626914	+	2	1.320420	I:	D:
626921	627346	+	2	1.297716	I:	D:
627368	627991	+	2	1.334489	I:	D:
628143	628883	+	3	1.363045	I:	D:
628890	629822	+	3	1.371945	I:	D:
630383	631444	-	2	1.388898	I:	D:
>YB1_5043
2	1036	-	2	1.318492	I:	D:
1441	2829	-	1	1.291408	I:	D:
2826	5924	-	3	1.278096	I:	D:
5928	7163	-	3	1.273843	I:	D:
7333	7611	-	1	1.288017	I:	D:
7599	8267	-	3	1.329676	I:	D:
8520	10556	+	3	1.300215	I:	D:
11079	12584	-	3	1.285715	I:	D:
12696	13097	-	3	1.266982	I:	D:
13480	15591	+	1	1.269035	I:	D:
15852	16655	+	3	1.297976	I:	D:
16762	17691	+	1	1.259506	I:	D:
17813	18808	-	2	1.311727	I:	D:
18950	19963	+	2	1.279951	I:	D:
19976	21223	+	2	1.288171	I:	D:
21512	22201	-	2	1.296074	I:	D:
22663	23703	+	1	1.334770	I:	D:
>YB1_5417
96	2132	+	3	1.301180	I:	D:
2262	2918	+	3	1.295280	I:	D:
3070	4389	-	1	1.300406	I:	D:
4577	4993	-	2	1.360440	I:	D:
5072	5878	-	2	1.308106	I:	D:
5932	6336	-	1	1.296641	I:	D:
6343	7017	-	1	1.282111	I:	D:
7070	11680	-	2	1.296507	I:	D:
11785	12009	+	1	1.367648	I:	D:
12146	13198	+	2	1.300179	I:	D:
13439	14536	+	2	1.293733	I:	D:
15053	16735	+	2	1.285002	I:	D:
16776	16904	+	3	1.343210	I:	D:
16923	17333	-	3	1.310894	I:	D:
17523	18158	-	3	1.337576	I:	D:
18531	18782	-	3	1.369293	I:	D:
19292	19603	-	2	1.297363	I:	D:
19636	22113	-	1	1.307522	I:	D:
22199	22630	-	2	1.380558	I:	D:
22627	22896	-	1	1.282942	I:	D:
23014	24939	+	1	1.298191	I:	D:
24954	25565	+	3	1.298304	I:	D:
25562	26758	+	2	1.300009	I:	D:
26791	27285	+	1	1.334536	I:	D:
27426	29387	-	3	1.294289	I:	D:
29433	31061	-	3	1.297127	I:	D:
31441	33441	-	1	1.288556	I:	D:
33531	34184	+	3	1.298677	I:	D:
34293	34664	+	3	1.331698	I:	D:
34710	35915	+	3	1.283975	I:	D:
35946	36848	+	3	1.293023	I:	D:
36865	37932	+	1	1.276067	I:	D:
38033	39475	-	2	1.314339	I:	D:
39488	40966	-	2	1.285078	I:	D:
40779	41468	+	3	1.384463	I:	D:
41511	42542	+	3	1.288019	I:	D:
42655	42792	+	1	1.331813	I:	D:
42989	43261	-	2	1.297289	I:	D:
43274	43909	-	2	1.337290	I:	D:
43914	44459	-	3	1.303139	I:	D:
44515	44907	-	1	1.362356	I:	D:
44951	45346	-	2	1.370397	I:	D:
45503	46081	-	2	1.287987	I:	D:
46084	46668	-	1	1.298412	I:	D:
46661	47527	-	2	1.309024	I:	D:
47540	48508	-	2	1.295180	I:	D:
48526	49875	-	1	1.312922	I:	D:
49905	50852	-	3	1.343983	I:	D:
50824	51234	-	1	1.338890	I:	D:
51239	52822	-	2	1.306493	I:	D:
53053	53811	-	1	1.263727	I:	D:
53821	54621	-	1	1.319370	I:	D:
54904	55512	-	1	1.303766	I:	D:
55524	56882	-	3	1.317633	I:	D:
56888	57514	-	2	1.277700	I:	D:
57675	59138	-	3	1.309377	I:	D:
59161	60501	-	1	1.273357	I:	D:
60623	60901	+	2	1.319027	I:	D:
61003	61893	-	1	1.323067	I:	D:
61982	62890	-	2	1.331009	I:	D:
62892	63824	-	3	1.337494	I:	D:
63821	64198	-	2	1.325565	I:	D:
64351	64662	+	1	1.327570	I:	D:
64681	64941	+	1	1.330105	I:	D:
65194	65610	+	1	1.279042	I:	D:
65600	65800	+	2	1.250211	I:	D:
65873	69415	-	2	1.303836	I:	D:
69658	70896	+	1	1.297219	I:	D:
70893	72170	+	3	1.293427	I:	D:
72240	72512	-	3	1.334288	I:	D:
72646	73707	-	1	1.333218	I:	D:
73795	74025	-	1	1.316142	I:	D:
74054	74290	-	2	1.376983	I:	D:
74314	76506	-	1	1.287511	I:	D:
76590	77402	+	3	1.267787	I:	D:
77427	77711	+	3	1.370528	I:	D:
77774	79024	+	2	1.318911	I:	D:
79036	79884	+	1	1.296454	I:	D:
79863	80375	+	3	1.283308	I:	D:
80360	82090	+	2	1.314997	I:	D:
82246	82488	+	1	1.394644	I:	D:
83101	84876	+	1	1.327711	I:	D:
84992	85546	+	2	1.293095	I:	D:
85558	86049	+	1	1.301021	I:	D:
86145	87491	+	3	1.306427	I:	D:
88010	90190	-	2	1.304439	I:	D:
90203	91513	-	2	1.313308	I:	D:
91860	92525	-	3	1.332054	I:	D:
92692	92835	+	1	1.371780	I:	D:
92984	93271	+	2	1.361068	I:	D:
93375	94223	-	3	1.389243	I:	D:
94767	96227	-	3	1.313161	I:	D:
96231	96368	-	3	1.336782	I:	D:
96483	96773	-	3	1.337806	I:	D:
96910	97584	+	1	1.311778	I:	D:
97803	99755	+	3	1.305372	I:	D:
99760	100788	+	1	1.287830	I:	D:
100878	102374	-	3	1.300622	I:	D:
102441	103265	-	3	1.323376	I:	D:
103407	104798	+	3	1.284867	I:	D:
104805	105605	+	3	1.293621	I:	D:
105883	106074	+	1	1.360071	I:	D:
106089	106556	+	3	1.290017	I:	D:
106590	107822	+	3	1.267580	I:	D:
107856	110582	+	3	1.286018	I:	D:
110622	111941	+	3	1.283333	I:	D:
111972	112157	+	3	1.360830	I:	D:
112529	113167	-	2	1.353630	I:	D:
113382	114581	-	3	1.359380	I:	D:
114727	115044	-	1	1.372926	I:	D:
115636	115965	+	1	1.422016	I:	D:
117553	117732	-	1	1.400130	I:	D:
118051	118182	+	1	1.381318	I:	D:
118238	118468	+	2	1.390978	I:	D:
120152	120598	+	2	1.394755	I:	D:
121058	121705	+	2	1.333283	I:	D:
121920	122300	+	3	1.365748	I:	D:
122469	123191	-	3	1.330910	I:	D:
123207	123893	-	3	1.323817	I:	D:
124456	124650	+	1	1.298529	I:	D:
124753	125097	+	1	1.335239	I:	D:
125469	125870	-	3	1.356461	I:	D:
126456	127658	+	3	1.298155	I:	D:
127680	128432	+	3	1.307312	I:	D:
128560	129528	-	1	1.332170	I:	D:
129728	129895	+	2	1.360589	I:	D:
129921	130988	-	3	1.333676	I:	D:
131024	131173	-	2	1.319160	I:	D:
131407	131649	+	1	1.352273	I:	D:
131754	132056	-	3	1.351183	I:	D:
132176	132328	-	2	1.310549	I:	D:
132580	133191	+	1	1.372444	I:	D:
133233	133742	+	3	1.393056	I:	D:
133759	134235	+	1	1.291897	I:	D:
134320	134679	-	1	1.311447	I:	D:
134837	135364	+	2	1.316783	I:	D:
135641	136507	+	2	1.291539	I:	D:
136731	137636	+	3	1.327276	I:	D:
137678	138679	-	2	1.304664	I:	D:
138706	139686	-	1	1.288579	I:	D:
139852	140079	+	1	1.362796	I:	D:
140117	141364	-	2	1.306524	I:	D:
141375	142181	-	3	1.313880	I:	D:
142211	142552	-	2	1.311954	I:	D:
142670	142894	-	2	1.342865	I:	D:
143088	143624	-	3	1.332415	I:	D:
143849	144244	-	2	1.391603	I:	D:
144561	145037	-	3	1.346264	I:	D:
145255	147075	-	1	1.310738	I:	D:
147078	147413	-	3	1.296589	I:	D:
147416	148426	-	2	1.304055	I:	D:
148423	149511	-	1	1.298515	I:	D:
149515	150210	-	1	1.321924	I:	D:
150278	150760	-	2	1.311649	I:	D:
150763	151260	-	1	1.336177	I:	D:
151263	152162	-	3	1.309713	I:	D:
152170	152901	-	1	1.308212	I:	D:
152905	154047	-	1	1.308523	I:	D:
154082	154777	-	2	1.318486	I:	D:
154783	154929	+	1	1.344936	I:	D:
154971	156098	+	3	1.294494	I:	D:
156104	156943	-	2	1.319213	I:	D:
157100	158767	+	2	1.277453	I:	D:
158973	159203	+	3	1.303470	I:	D:
159270	160835	+	3	1.286411	I:	D:
160841	161977	+	2	1.303833	I:	D:
162053	162409	-	2	1.333073	I:	D:
162434	163432	-	2	1.344476	I:	D:
163761	164096	+	3	1.295348	I:	D:
164179	164481	+	1	1.365801	I:	D:
164937	165551	+	3	1.335411	I:	D:
165583	166755	+	1	1.334179	I:	D:
167410	168231	+	1	1.394111	I:	D:
168787	169149	+	1	1.378415	I:	D:
169204	169794	+	1	1.376130	I:	D:
169880	170230	+	2	1.355596	I:	D:
170220	170570	+	3	1.349414	I:	D:
171083	171637	+	2	1.388409	I:	D:
172179	172601	+	3	1.415896	I:	D:
172680	173843	-	3	1.370697	I:	D:
173966	174424	+	2	1.389174	I:	D:
174426	175295	+	3	1.333833	I:	D:
175327	176229	+	1	1.322558	I:	D:
176265	176693	+	3	1.340293	I:	D:
176824	178728	+	1	1.319313	I:	D:
178810	179088	+	1	1.390806	I:	D:
179134	179652	+	1	1.303798	I:	D:
179749	180324	-	1	1.311745	I:	D:
>YB1_5471
333	554	-	3	1.345691	I:	D:
645	836	+	3	1.320086	I:	D:
1017	1256	-	3	1.306251	I:	D:
1301	1939	-	2	1.287470	I:	D:
1944	2540	-	3	1.333931	I:	D:
2651	3490	+	2	1.308797	I:	D:
3568	4932	+	1	1.310089	I:	D:
4939	6168	+	1	1.258568	I:	D:
6535	6798	-	1	1.309141	I:	D:
6906	7406	-	3	1.315248	I:	D:
7716	9134	+	3	1.306796	I:	D:
10041	11405	-	3	1.330290	I:	D:
11501	11887	+	2	1.372449	I:	D:
11968	12471	-	1	1.316282	I:	D:
12640	15114	-	1	1.328744	I:	D:
15204	15674	-	3	1.315145	I:	D:
15749	15880	-	2	1.277390	I:	D:
15973	17088	-	1	1.317876	I:	D:
17146	18951	-	1	1.325194	I:	D:
19165	20229	+	1	1.364082	I:	D:
20235	20600	-	3	1.320891	I:	D:
20752	21594	-	1	1.309414	I:	D:
21602	22483	-	2	1.326534	I:	D:
22443	23099	-	3	1.313767	I:	D:
23238	26054	-	3	1.286499	I:	D:
26131	26619	-	1	1.390968	I:	D:
26987	27166	+	2	1.269639	I:	D:
27823	29043	-	1	1.345914	I:	D:
29056	30642	-	1	1.334060	I:	D:
30655	32712	+	1	1.338176	I:	D:
32831	33163	+	2	1.401424	I:	D:
33165	33875	-	3	1.344026	I:	D:
33923	36385	-	2	1.356033	I:	D:
36458	37066	-	2	1.309858	I:	D:
37276	37416	-	1	1.312850	I:	D:
>YB1_7259
2	205	+	2	1.374768	I:	D:
866	3706	-	2	1.350771	I:	D:
3779	4384	-	2	1.298524	I:	D:
4519	6300	+	1	1.316938	I:	D:
6308	7408	+	2	1.338549	I:	D:
7371	8180	+	3	1.310944	I:	D:
8185	9225	+	1	1.310036	I:	D:
9259	9414	+	1	1.328237	I:	D:
>YB1_10781
3	1730	+	3	1.320326	I:	D:
1720	3489	+	1	1.316129	I:	D:
>YB1_11003
3	341	-	3	1.329359	I:	D:
732	1019	-	3	1.251491	I:	D:
1064	1309	-	2	1.327937	I:	D:
1517	2722	+	2	1.353350	I:	D:
2815	3612	-	1	1.276569	I:	D:
3718	4044	-	1	1.316121	I:	D:
4035	4301	-	3	1.291980	I:	D:
>YB1_11018
276	986	+	3	1.403076	I:	D:
1100	1630	-	2	1.292385	I:	D:
1653	2333	-	3	1.259700	I:	D:
2740	3828	-	1	1.278671	I:	D:
3831	4088	+	3	1.335123	I:	D:
4230	4670	-	3	1.260879	I:	D:
4689	4967	-	3	1.308485	I:	D:
4971	5315	-	3	1.290163	I:	D:
5656	6234	-	1	1.291469	I:	D:
6370	7443	+	1	1.297281	I:	D:
7446	8216	-	3	1.313889	I:	D:
8366	8617	-	2	1.329968	I:	D:
8886	9065	+	3	1.354949	I:	D:
9981	10163	+	3	1.383790	I:	D:
10196	10465	+	2	1.273283	I:	D:
10497	12128	+	3	1.265435	I:	D:
12405	13724	-	3	1.302715	I:	D:
13737	14225	-	3	1.282204	I:	D:
14254	14382	-	1	1.340467	I:	D:
14597	14857	-	2	1.269772	I:	D:
15045	15737	-	3	1.289960	I:	D:
15761	17404	-	2	1.270870	I:	D:
17407	18603	-	1	1.281946	I:	D:
18614	18934	-	2	1.250087	I:	D:
18939	19754	-	3	1.304671	I:	D:
19932	20936	-	3	1.285651	I:	D:
20965	23370	-	1	1.286075	I:	D:
23702	26671	-	2	1.304132	I:	D:
26668	27066	-	1	1.263275	I:	D:
27641	28720	+	2	1.327271	I:	D:
28868	29752	+	2	1.285491	I:	D:
29856	31250	+	3	1.281355	I:	D:
31264	31830	+	1	1.302806	I:	D:
32013	33044	-	3	1.315672	I:	D:
33028	33633	-	1	1.282182	I:	D:
33774	34772	+	3	1.301820	I:	D:
34791	35477	+	3	1.273475	I:	D:
35502	37649	+	3	1.301711	I:	D:
37663	38133	+	1	1.301603	I:	D:
38187	38345	-	3	1.311497	I:	D:
38642	39208	-	2	1.263790	I:	D:
39282	39872	-	3	1.313194	I:	D:
39877	40827	-	1	1.329578	I:	D:
40841	42529	+	2	1.370217	I:	D:
42560	43024	+	2	1.357178	I:	D:
43171	44280	+	1	1.319220	I:	D:
44296	45714	+	1	1.305238	I:	D:
45908	46384	+	2	1.274129	I:	D:
46643	47998	-	2	1.326418	I:	D:
48657	48983	+	3	1.324916	I:	D:
49321	51630	+	1	1.298653	I:	D:
51745	51957	+	1	1.354183	I:	D:
52000	53283	+	1	1.315681	I:	D:
53576	54517	-	2	1.278234	I:	D:
54701	55078	-	2	1.284037	I:	D:
55177	55956	-	1	1.318754	I:	D:
55967	56794	-	2	1.292856	I:	D:
56984	59122	+	2	1.296497	I:	D:
59253	60509	+	3	1.295644	I:	D:
60558	60908	+	3	1.406842	I:	D:
60960	61487	+	3	1.407541	I:	D:
61690	61884	+	1	1.368070	I:	D:
62056	62253	-	1	1.331189	I:	D:
62751	63206	-	3	1.382711	I:	D:
>YB1_12583
3	584	+	3	1.291095	I:	D:
587	1162	+	2	1.320193	I:	D:
1170	2072	+	3	1.336338	I:	D:
2069	2572	+	2	1.312643	I:	D:
2584	3096	+	1	1.336849	I:	D:
3188	3538	-	2	1.385048	I:	D:
3584	3940	-	2	1.336308	I:	D:
3946	4272	-	1	1.334642	I:	D:
4441	4698	-	1	1.361524	I:	D:
4723	6054	-	1	1.344997	I:	D:
6051	6467	-	3	1.337644	I:	D:
6481	6702	-	1	1.354412	I:	D:
6714	6929	-	3	1.332281	I:	D:
7091	7501	-	2	1.371888	I:	D:
8126	8443	+	2	1.296148	I:	D:
8498	8632	+	2	1.323596	I:	D:
8664	9956	-	3	1.298925	I:	D:
10023	11633	-	3	1.323399	I:	D:
11653	12147	+	1	1.389171	I:	D:
12173	12631	+	2	1.360728	I:	D:
12756	12983	+	3	1.321580	I:	D:
13056	14693	-	3	1.292968	I:	D:
14740	15909	-	1	1.304932	I:	D:
16004	16849	+	2	1.325025	I:	D:
16954	17241	+	1	1.369305	I:	D:
17257	17721	+	1	1.338428	I:	D:
17837	19036	-	2	1.293712	I:	D:
19045	19731	-	1	1.302886	I:	D:
19712	20641	-	2	1.300137	I:	D:
20614	21141	-	1	1.289595	I:	D:
21174	21395	+	3	1.385127	I:	D:
21671	21991	-	2	1.368013	I:	D:
22040	25246	+	2	1.300122	I:	D:
25352	25510	+	2	1.377339	I:	D:
25736	26311	-	2	1.293292	I:	D:
26360	27670	-	2	1.283790	I:	D:
27691	27825	+	1	1.354166	I:	D:
28049	28312	+	2	1.367942	I:	D:
28465	28632	-	1	1.354346	I:	D:
28786	29349	-	1	1.279668	I:	D:
29386	31620	-	1	1.286843	I:	D:
31712	31906	+	2	1.302381	I:	D:
32264	34543	-	2	1.286633	I:	D:
34644	35429	-	3	1.311637	I:	D:
35443	35643	-	1	1.267526	I:	D:
35636	36160	-	2	1.306222	I:	D:
36174	37568	-	3	1.280762	I:	D:
37984	38478	+	1	1.297980	I:	D:
38505	40277	+	3	1.314995	I:	D:
40472	41416	+	2	1.322581	I:	D:
41627	42676	+	2	1.345864	I:	D:
42818	42976	-	2	1.245012	I:	D:
42963	43544	-	3	1.336979	I:	D:
43849	44007	+	1	1.330071	I:	D:
44359	44520	-	1	1.349241	I:	D:
44953	45444	-	1	1.386420	I:	D:
45460	48153	-	1	1.349001	I:	D:
48167	48583	-	2	1.388192	I:	D:
49010	49288	-	2	1.317279	I:	D:
49270	49671	-	1	1.338373	I:	D:
50094	50630	-	3	1.333600	I:	D:
50700	51233	-	3	1.347690	I:	D:
51249	51497	-	3	1.307233	I:	D:
51504	51779	-	3	1.335320	I:	D:
>YB1_14036
1	702	+	1	1.301785	I:	D:
713	1288	+	2	1.310864	I:	D:
1296	2129	+	3	1.347603	I:	D:
2194	2700	+	1	1.320937	I:	D:
2697	3224	+	3	1.361317	I:	D:
3288	4367	-	3	1.419405	I:	D:
4355	4519	+	2	1.392806	I:	D:
4752	5066	-	3	1.340904	I:	D:
5114	5362	-	2	1.342257	I:	D:
5609	5866	-	2	1.374961	I:	D:
5891	7174	-	2	1.352795	I:	D:
7171	7599	-	1	1.327878	I:	D:
7612	8007	-	1	1.346739	I:	D:
7845	8060	-	3	1.367730	I:	D:
8068	8403	-	1	1.365456	I:	D:
8852	9013	+	2	1.367848	I:	D:
9479	11002	+	2	1.331104	I:	D:
11225	11473	+	2	1.384123	I:	D:
11788	13002	-	1	1.317619	I:	D:
13694	14599	+	2	1.333511	I:	D:
14604	15419	+	3	1.298585	I:	D:
15416	15715	+	2	1.379666	I:	D:
15797	16738	-	2	1.278082	I:	D:
16816	17412	-	1	1.295706	I:	D:
18121	18519	+	1	1.284176	I:	D:
18655	19767	+	1	1.317943	I:	D:
19928	20653	+	2	1.323763	I:	D:
20646	21257	+	3	1.312965	I:	D:
21590	21946	+	2	1.369459	I:	D:
22053	22319	+	3	1.395227	I:	D:
22362	22700	+	3	1.360842	I:	D:
22742	22942	+	2	1.384466	I:	D:
23064	23600	-	3	1.377039	I:	D:
23797	25191	-	1	1.281256	I:	D:
25363	26229	+	1	1.322257	I:	D:
26271	27482	+	3	1.293462	I:	D:
27503	28021	+	2	1.287086	I:	D:
28025	28507	+	2	1.293843	I:	D:
28524	28898	+	3	1.283446	I:	D:
28908	29081	-	3	1.362972	I:	D:
29283	30041	-	3	1.348374	I:	D:
29881	30741	-	1	1.295435	I:	D:
31197	31475	+	3	1.332317	I:	D:
31526	31750	+	2	1.360626	I:	D:
31789	32868	+	1	1.307484	I:	D:
32875	33444	-	1	1.264034	I:	D:
33428	34705	-	2	1.313962	I:	D:
34708	35109	-	1	1.318726	I:	D:
35167	35358	+	1	1.376452	I:	D:
35757	36164	-	3	1.289033	I:	D:
36256	36486	+	1	1.401973	I:	D:
36512	37516	-	2	1.283228	I:	D:
37521	38657	-	3	1.294254	I:	D:
38709	40829	-	3	1.300398	I:	D:
40829	42988	-	2	1.308643	I:	D:
42997	44847	-	1	1.286989	I:	D:
44871	45962	-	3	1.282016	I:	D:
45967	48318	-	1	1.302088	I:	D:
48342	52529	-	3	1.305629	I:	D:
52551	53486	-	3	1.263548	I:	D:
53490	53684	-	3	1.382764	I:	D:
53816	54004	+	2	1.372129	I:	D:
54143	54508	-	2	1.296082	I:	D:
54505	55164	-	1	1.294974	I:	D:
55439	57931	-	2	1.314139	I:	D:
57947	58570	+	2	1.320395	I:	D:
58671	59300	-	3	1.280618	I:	D:
59603	60259	+	2	1.285090	I:	D:
60347	60841	-	2	1.319257	I:	D:
61062	63386	-	3	1.355117	I:	D:
63449	64153	-	2	1.350693	I:	D:
65094	66641	+	3	1.390028	I:	D:
67423	67578	+	1	1.385357	I:	D:
67751	67957	+	2	1.394349	I:	D:
67971	68558	-	3	1.275354	I:	D:
68655	69239	+	3	1.323391	I:	D:
69562	69708	+	1	1.378531	I:	D:
69724	70020	-	1	1.375419	I:	D:
70340	70942	+	2	1.311039	I:	D:
70950	72431	+	3	1.322581	I:	D:
72770	73012	+	2	1.307771	I:	D:
73331	75250	+	2	1.273403	I:	D:
75310	75486	+	1	1.373752	I:	D:
75670	78696	+	1	1.284304	I:	D:
78775	79182	+	1	1.322431	I:	D:
79179	79781	+	3	1.307469	I:	D:
79756	80577	+	1	1.300969	I:	D:
80574	81230	+	3	1.285142	I:	D:
81278	82051	+	2	1.297671	I:	D:
82054	82752	+	1	1.306596	I:	D:
82803	83696	+	3	1.294441	I:	D:
83700	84341	+	3	1.312764	I:	D:
84005	84670	+	2	1.333787	I:	D:
84839	86206	-	2	1.278397	I:	D:
86265	86891	-	3	1.301602	I:	D:
86941	87570	-	1	1.289285	I:	D:
87578	88900	-	2	1.281017	I:	D:
89010	90161	-	3	1.286958	I:	D:
90170	91039	-	2	1.283541	I:	D:
91025	92188	+	2	1.330457	I:	D:
92509	92898	-	1	1.313764	I:	D:
92904	95354	-	3	1.302552	I:	D:
95370	96167	-	3	1.305320	I:	D:
96299	97579	+	2	1.310760	I:	D:
97703	98626	+	2	1.311948	I:	D:
98659	99243	+	1	1.262952	I:	D:
99476	100204	+	2	1.306930	I:	D:
100211	102085	+	2	1.277111	I:	D:
102158	104914	+	2	1.280467	I:	D:
104925	105452	+	3	1.292098	I:	D:
105445	106212	+	1	1.285023	I:	D:
106331	109045	+	2	1.286247	I:	D:
109183	109509	+	1	1.321254	I:	D:
109525	109695	+	1	1.363959	I:	D:
109692	110291	+	3	1.291419	I:	D:
110751	113297	+	3	1.273919	I:	D:
113333	114664	+	2	1.294570	I:	D:
114951	116327	-	3	1.302031	I:	D:
116321	116491	+	2	1.365425	I:	D:
116612	117967	+	2	1.312027	I:	D:
118066	119334	-	1	1.318161	I:	D:
119512	120249	-	1	1.293782	I:	D:
120329	121330	-	2	1.294017	I:	D:
121518	123656	-	3	1.281437	I:	D:
123731	124300	+	2	1.326235	I:	D:
124421	124549	+	2	1.294733	I:	D:
124552	125196	+	1	1.327494	I:	D:
125364	126629	+	3	1.289416	I:	D:
126671	127549	+	2	1.272740	I:	D:
127568	128587	+	2	1.274518	I:	D:
128587	130320	+	1	1.272830	I:	D:
130517	131068	+	2	1.287969	I:	D:
131352	131978	-	3	1.316160	I:	D:
132145	132666	-	1	1.286180	I:	D:
132929	133294	-	2	1.307140	I:	D:
133816	134583	+	1	1.301641	I:	D:
134580	135080	+	3	1.288078	I:	D:
135092	135826	+	2	1.319225	I:	D:
135853	136380	+	1	1.349005	I:	D:
136440	137411	-	3	1.286966	I:	D:
137423	138970	-	2	1.296880	I:	D:
139349	140275	+	2	1.312736	I:	D:
140408	140962	+	2	1.299385	I:	D:
141047	141388	-	2	1.288745	I:	D:
141420	141611	-	3	1.302533	I:	D:
141704	142222	+	2	1.311181	I:	D:
142286	142540	+	2	1.379845	I:	D:
142609	145428	+	1	1.297397	I:	D:
145471	146022	+	1	1.323630	I:	D:
146142	146291	+	3	1.337778	I:	D:
146311	146886	+	1	1.330096	I:	D:
147025	147462	+	1	1.325922	I:	D:
147465	147725	+	3	1.389875	I:	D:
147826	148308	-	1	1.280452	I:	D:
148120	148590	+	1	1.392569	I:	D:
148609	149103	+	1	1.327947	I:	D:
149406	150857	+	3	1.290239	I:	D:
151515	152387	+	3	1.316920	I:	D:
152384	153169	+	2	1.332554	I:	D:
153316	153507	-	1	1.357657	I:	D:
153565	153846	-	1	1.247248	I:	D:
153964	154194	+	1	1.386985	I:	D:
154239	156020	-	3	1.276798	I:	D:
156322	157602	+	1	1.295941	I:	D:
157635	158657	+	3	1.277935	I:	D:
158919	159404	-	3	1.296033	I:	D:
159704	160498	-	2	1.314410	I:	D:
160616	161023	-	2	1.296844	I:	D:
161126	161554	-	2	1.316013	I:	D:
161581	162495	-	1	1.283576	I:	D:
162592	163806	+	1	1.277869	I:	D:
163813	164583	+	1	1.315057	I:	D:
164561	165334	+	2	1.323748	I:	D:
165381	165698	+	3	1.348365	I:	D:
165685	166350	+	1	1.333365	I:	D:
166353	166565	+	3	1.353641	I:	D:
166574	167575	+	2	1.302730	I:	D:
167739	168845	-	3	1.287492	I:	D:
168933	171563	-	3	1.319322	I:	D:
171934	172416	-	1	1.337353	I:	D:
173072	173458	-	2	1.293530	I:	D:
173648	174004	-	2	1.327052	I:	D:
174017	176242	-	2	1.293298	I:	D:
176478	177494	-	3	1.256312	I:	D:
177730	178047	-	1	1.385739	I:	D:
178087	179577	-	1	1.295679	I:	D:
179728	181473	+	1	1.292729	I:	D:
181595	182746	-	2	1.291795	I:	D:
182891	183040	+	2	1.372634	I:	D:
183105	183425	-	3	1.270514	I:	D:
183553	184200	-	1	1.304514	I:	D:
184235	185449	-	2	1.296828	I:	D:
185457	188252	-	3	1.281655	I:	D:
188308	188910	-	1	1.277205	I:	D:
188924	190282	-	2	1.298170	I:	D:
190295	191008	-	2	1.288445	I:	D:
191191	192618	+	1	1.285049	I:	D:
192635	193807	+	2	1.341068	I:	D:
194028	195404	-	3	1.278924	I:	D:
195420	197087	-	3	1.290927	I:	D:
197273	197467	+	2	1.371168	I:	D:
197508	198632	+	3	1.307571	I:	D:
198639	201770	+	3	1.281429	I:	D:
201767	203131	+	2	1.300518	I:	D:
203325	204698	+	3	1.336614	I:	D:
204700	205365	+	1	1.292279	I:	D:
205499	205660	-	2	1.277706	I:	D:
205806	206924	-	3	1.295877	I:	D:
206941	207513	-	1	1.294680	I:	D:
207494	208489	-	2	1.285109	I:	D:
208491	209432	-	3	1.308063	I:	D:
209434	209997	-	1	1.313890	I:	D:
210011	210898	-	2	1.289621	I:	D:
211095	212180	+	3	1.291832	I:	D:
212198	213268	+	2	1.280088	I:	D:
213311	214561	+	2	1.282794	I:	D:
214709	215242	-	2	1.312380	I:	D:
215612	215839	+	2	1.373439	I:	D:
215843	216940	+	2	1.294731	I:	D:
216945	217715	+	3	1.317336	I:	D:
217728	218273	+	3	1.311273	I:	D:
218383	218754	+	1	1.285748	I:	D:
218944	219546	+	1	1.299041	I:	D:
219798	220553	-	3	1.330329	I:	D:
221044	222102	-	1	1.307870	I:	D:
222169	223392	-	1	1.273652	I:	D:
223401	224879	-	3	1.293176	I:	D:
224863	225873	-	1	1.320619	I:	D:
226026	226157	+	3	1.375348	I:	D:
226229	228193	+	2	1.305311	I:	D:
228212	229987	+	2	1.309225	I:	D:
230132	231433	+	2	1.304058	I:	D:
231455	232009	-	2	1.361351	I:	D:
231809	232573	+	2	1.309954	I:	D:
232580	234025	+	2	1.323607	I:	D:
234025	235554	+	1	1.312247	I:	D:
235686	236153	+	3	1.301681	I:	D:
236161	237126	+	1	1.272248	I:	D:
237316	238107	-	1	1.329387	I:	D:
238623	240041	+	3	1.338162	I:	D:
240153	241355	+	3	1.329364	I:	D:
241502	242950	-	2	1.323709	I:	D:
243190	243837	-	1	1.326545	I:	D:
243852	243983	-	3	1.394478	I:	D:
244184	246970	+	2	1.289090	I:	D:
247052	248578	+	2	1.293924	I:	D:
248697	249287	-	3	1.305917	I:	D:
249290	250675	-	2	1.288235	I:	D:
250679	253870	-	2	1.294443	I:	D:
253874	255025	-	2	1.309583	I:	D:
255224	256066	+	2	1.356601	I:	D:
256583	257257	+	2	1.317169	I:	D:
257269	258540	+	1	1.329177	I:	D:
258837	259268	+	3	1.295469	I:	D:
259352	260722	+	2	1.316759	I:	D:
260789	261232	+	2	1.297063	I:	D:
261222	261713	+	3	1.352363	I:	D:
261866	262117	+	2	1.395976	I:	D:
262303	264213	-	1	1.287963	I:	D:
264229	265176	-	1	1.287346	I:	D:
265306	266730	-	1	1.296524	I:	D:
266738	268222	-	2	1.287710	I:	D:
268233	270125	-	3	1.289004	I:	D:
270146	270454	-	2	1.259021	I:	D:
270632	271141	-	2	1.263856	I:	D:
271146	271583	-	3	1.317248	I:	D:
271586	272662	-	2	1.287783	I:	D:
272691	274319	-	3	1.287245	I:	D:
274316	274945	-	2	1.283739	I:	D:
274966	275316	-	1	1.303285	I:	D:
275412	275774	-	3	1.342526	I:	D:
276106	277017	-	1	1.288031	I:	D:
277037	278842	+	2	1.336423	I:	D:
278946	279482	+	3	1.307540	I:	D:
279495	280772	+	3	1.321792	I:	D:
280792	281631	+	1	1.317457	I:	D:
281988	282803	-	3	1.322900	I:	D:
282811	283518	-	1	1.313328	I:	D:
283523	283912	-	2	1.307147	I:	D:
283909	284142	-	1	1.349570	I:	D:
284206	284529	-	1	1.315637	I:	D:
284636	285307	+	2	1.312514	I:	D:
285311	286534	+	2	1.300027	I:	D:
287078	288187	-	2	1.407337	I:	D:
288890	289135	-	2	1.318562	I:	D:
289165	289551	-	1	1.325616	I:	D:
290009	290170	-	2	1.333695	I:	D:
290277	291848	-	3	1.305271	I:	D:
