>YA3_92
3	716	+	3	1.230296	I:	D:
868	1152	+	1	1.246275	I:	D:
1539	1781	+	3	1.284473	I:	D:
1814	2716	+	2	1.280141	I:	D:
2738	3355	+	2	1.299591	I:	D:
>YA3_95
1	843	+	1	1.258604	I:	D:
899	1975	-	2	1.299865	I:	D:
1993	2808	-	1	1.305712	I:	D:
2818	3354	-	1	1.311817	I:	D:
>YA3_107
3	1307	-	3	1.288683	I:	D:
1326	1775	-	3	1.269780	I:	D:
1821	2507	-	3	1.271096	I:	D:
2528	2956	-	2	1.304213	I:	D:
3028	3348	-	1	1.295219	I:	D:
>YA3_204
20	937	+	2	1.259941	I:	D:
1322	2344	+	2	1.287194	I:	D:
2558	3256	-	2	1.302821	I:	D:
>YA3_254
3	710	-	3	1.261738	I:	D:
1036	1464	+	1	1.276853	I:	D:
1481	1873	+	2	1.303493	I:	D:
2038	2676	+	1	1.255903	I:	D:
2676	3122	+	3	1.270919	I:	D:
3169	3297	-	1	1.242114	I:	D:
>YA3_274
3	257	-	3	1.295253	I:	D:
376	663	-	1	1.269718	I:	D:
741	1286	-	3	1.311558	I:	D:
1338	2231	-	3	1.303589	I:	D:
2545	3144	-	1	1.273893	I:	D:
3199	3540	+	1	1.297583	I:	D:
3946	5094	+	1	1.306376	I:	D:
4959	5285	+	3	1.266965	I:	D:
5288	6523	+	2	1.299762	I:	D:
6516	7307	+	3	1.233389	I:	D:
7307	7936	+	2	1.289499	I:	D:
7940	8536	+	2	1.298196	I:	D:
8547	9782	+	3	1.275745	I:	D:
9950	10966	+	2	1.248105	I:	D:
10969	11229	+	1	1.247990	I:	D:
11255	12484	+	2	1.275132	I:	D:
12530	12880	-	2	1.271432	I:	D:
12917	13636	-	2	1.322159	I:	D:
13695	14222	-	3	1.256439	I:	D:
14267	14512	-	2	1.288578	I:	D:
14655	14795	+	3	1.304598	I:	D:
14823	15602	+	3	1.282813	I:	D:
15627	15863	+	3	1.286589	I:	D:
15844	16824	+	1	1.253052	I:	D:
16877	17434	+	2	1.247396	I:	D:
17828	18067	-	2	1.384031	I:	D:
18271	18936	+	1	1.339032	I:	D:
18937	19500	+	1	1.312912	I:	D:
19953	20183	+	3	1.215999	I:	D:
20186	20791	+	2	1.268752	I:	D:
20801	21595	+	2	1.297065	I:	D:
21610	22674	+	1	1.258093	I:	D:
22908	23336	+	3	1.292910	I:	D:
23336	24256	+	2	1.275159	I:	D:
>YA3_279
2	415	-	2	1.275697	I:	D:
794	1474	+	2	1.282148	I:	D:
1571	2752	+	2	1.235678	I:	D:
2837	3289	+	2	1.311138	I:	D:
>YA3_306
1	156	-	1	1.257134	I:	D:
1216	1563	-	1	1.301739	I:	D:
1773	2060	+	3	1.272231	I:	D:
2214	3251	+	3	1.287258	I:	D:
>YA3_582
109	945	+	1	1.270991	I:	D:
945	2243	+	3	1.290095	I:	D:
2325	3182	-	3	1.289241	I:	D:
>YA3_617
2	424	-	2	1.311986	I:	D:
515	1123	-	2	1.278658	I:	D:
1259	2449	+	2	1.298652	I:	D:
2541	3173	+	3	1.306779	I:	D:
>YA3_645
7	1173	-	1	1.274972	I:	D:
1490	1624	+	2	1.298910	I:	D:
1670	2005	+	2	1.303515	I:	D:
2223	3119	+	3	1.269452	I:	D:
>YA3_651
2	1201	-	2	1.320726	I:	D:
1201	1731	-	1	1.254781	I:	D:
1728	1931	-	3	1.291516	I:	D:
1961	2701	-	2	1.318985	I:	D:
2769	3164	-	3	1.300835	I:	D:
>YA3_654
3	2162	-	3	1.280534	I:	D:
2211	3065	-	3	1.294864	I:	D:
>YA3_689
2	1144	+	2	1.281736	I:	D:
1157	2101	+	2	1.298154	I:	D:
2179	2952	+	1	1.271903	I:	D:
2956	3156	+	1	1.300829	I:	D:
>YA3_742
1	354	-	1	1.276194	I:	D:
367	1125	-	1	1.288016	I:	D:
1149	2585	-	3	1.286781	I:	D:
2632	3135	-	1	1.274056	I:	D:
>YA3_762
152	778	+	2	1.303995	I:	D:
800	1117	+	2	1.308703	I:	D:
1141	1551	+	1	1.293329	I:	D:
1977	2453	-	3	1.281701	I:	D:
2463	3047	-	3	1.276787	I:	D:
3146	3694	+	2	1.261286	I:	D:
3787	4599	+	1	1.256948	I:	D:
4614	5270	+	3	1.293183	I:	D:
5280	6212	+	3	1.283819	I:	D:
6225	6353	-	3	1.283648	I:	D:
6493	6855	+	1	1.300347	I:	D:
6872	7498	+	2	1.252991	I:	D:
7514	8116	+	2	1.250053	I:	D:
8113	8412	+	1	1.257673	I:	D:
8430	9251	+	3	1.299471	I:	D:
9276	9551	+	3	1.325786	I:	D:
9563	9895	+	2	1.251368	I:	D:
9913	10620	+	1	1.281928	I:	D:
10634	11044	+	2	1.279871	I:	D:
11044	11235	+	1	1.281154	I:	D:
11235	11492	+	3	1.291358	I:	D:
11731	12102	+	1	1.302239	I:	D:
12116	12427	+	2	1.242887	I:	D:
12445	12984	+	1	1.291440	I:	D:
12996	13301	+	3	1.295010	I:	D:
13338	13730	+	3	1.264569	I:	D:
13746	14279	+	3	1.275155	I:	D:
14293	14646	+	1	1.285498	I:	D:
14661	15161	+	3	1.266468	I:	D:
15168	15347	+	3	1.309766	I:	D:
15351	15785	+	3	1.246960	I:	D:
15793	17118	+	1	1.283758	I:	D:
17402	17758	+	2	1.286293	I:	D:
17775	18164	+	3	1.301529	I:	D:
18194	18814	+	2	1.264736	I:	D:
18846	19835	+	3	1.277792	I:	D:
19876	20259	+	1	1.281859	I:	D:
20317	20976	-	1	1.317340	I:	D:
20978	23011	-	2	1.280599	I:	D:
>YA3_1240
158	1078	+	2	1.264034	I:	D:
1068	1781	+	3	1.261753	I:	D:
1814	1999	+	2	1.325443	I:	D:
2221	2676	+	1	1.296896	I:	D:
2711	2917	+	2	1.265653	I:	D:
>YA3_1277
214	771	+	1	1.235998	I:	D:
777	1220	+	3	1.271374	I:	D:
1220	2587	+	2	1.252029	I:	D:
2640	3890	-	3	1.287174	I:	D:
4139	4444	+	2	1.286098	I:	D:
4489	6525	+	1	1.313012	I:	D:
6640	6828	+	1	1.390654	I:	D:
6948	7166	+	3	1.379886	I:	D:
8694	9722	-	3	1.299244	I:	D:
9722	10966	-	2	1.302843	I:	D:
11050	12018	-	1	1.281448	I:	D:
12224	13384	-	2	1.269157	I:	D:
13483	14028	-	1	1.297232	I:	D:
14271	14531	+	3	1.360686	I:	D:
14561	14719	+	2	1.233167	I:	D:
14862	15167	+	3	1.320596	I:	D:
15233	15520	+	2	1.377680	I:	D:
15777	15911	+	3	1.310730	I:	D:
16207	16791	+	1	1.308351	I:	D:
16835	17905	+	2	1.295051	I:	D:
17915	18940	+	2	1.281983	I:	D:
18960	19271	+	3	1.269131	I:	D:
19417	20259	+	1	1.251466	I:	D:
20309	20908	-	2	1.331636	I:	D:
21006	21362	+	3	1.274093	I:	D:
21417	22112	-	3	1.322863	I:	D:
22114	22380	+	1	1.280658	I:	D:
>YA3_1401
2	1117	-	2	1.278294	I:	D:
1465	2097	+	1	1.277626	I:	D:
2101	2931	+	1	1.320564	I:	D:
>YA3_1409
1	528	-	1	1.265685	I:	D:
705	1919	+	3	1.303462	I:	D:
1961	2596	-	2	1.283210	I:	D:
2596	2931	-	1	1.284291	I:	D:
>YA3_1431
23	1111	-	2	1.302681	I:	D:
1104	1997	-	3	1.260898	I:	D:
2030	2170	+	2	1.305363	I:	D:
2480	2923	+	2	1.293285	I:	D:
>YA3_1576
93	629	+	3	1.323315	I:	D:
814	957	+	1	1.276410	I:	D:
954	1805	+	3	1.301320	I:	D:
1825	2088	+	1	1.329804	I:	D:
2118	2876	+	3	1.282444	I:	D:
>YA3_1603
170	1297	-	2	1.341985	I:	D:
1359	2867	-	3	1.308746	I:	D:
>YA3_1715
3	581	+	3	1.303523	I:	D:
633	1178	+	3	1.265257	I:	D:
1178	1642	+	2	1.257950	I:	D:
1642	1938	+	1	1.209125	I:	D:
2061	2543	+	3	1.254845	I:	D:
>YA3_1751
3	251	+	3	1.285716	I:	D:
305	898	-	2	1.275829	I:	D:
1042	2835	+	1	1.331414	I:	D:
>YA3_1768
2	1012	+	2	1.287793	I:	D:
1054	1617	+	1	1.282870	I:	D:
1687	2829	+	1	1.260320	I:	D:
>YA3_1783
3	2078	-	3	1.304908	I:	D:
2127	2603	-	3	1.307506	I:	D:
>YA3_1842
27	1064	-	3	1.304608	I:	D:
1140	1688	+	3	1.273672	I:	D:
1973	2443	+	2	1.281192	I:	D:
2455	2811	+	1	1.295083	I:	D:
>YA3_2123
2	436	-	2	1.289485	I:	D:
576	1361	+	3	1.327483	I:	D:
1410	2708	+	3	1.271290	I:	D:
>YA3_2207
2	673	-	2	1.293353	I:	D:
826	1758	-	1	1.320218	I:	D:
1758	2399	-	3	1.270913	I:	D:
2416	2571	-	1	1.336379	I:	D:
2722	3363	-	1	1.286106	I:	D:
3373	4089	-	1	1.290845	I:	D:
4153	4605	-	1	1.308049	I:	D:
4693	5394	-	1	1.333777	I:	D:
5412	5894	-	3	1.325816	I:	D:
6465	6599	-	3	1.262716	I:	D:
6652	6966	+	1	1.293565	I:	D:
6977	7504	+	2	1.309632	I:	D:
7552	8544	-	1	1.275952	I:	D:
8548	8886	-	1	1.299873	I:	D:
8986	9609	-	1	1.296170	I:	D:
9746	10444	-	2	1.300192	I:	D:
10606	11061	+	1	1.265639	I:	D:
11175	11453	+	3	1.252591	I:	D:
11578	12468	-	1	1.277937	I:	D:
12864	13607	-	3	1.255825	I:	D:
13645	14508	-	1	1.300014	I:	D:
14550	15581	-	3	1.300836	I:	D:
15574	16251	-	1	1.286863	I:	D:
16577	16795	+	2	1.283835	I:	D:
16987	17364	+	1	1.302635	I:	D:
17351	17677	+	2	1.333797	I:	D:
17689	17919	+	1	1.321627	I:	D:
17934	18383	+	3	1.258335	I:	D:
18483	18845	-	3	1.293352	I:	D:
18966	19313	-	3	1.293779	I:	D:
19553	20854	+	2	1.288633	I:	D:
>YA3_2377
3	1412	+	3	1.310080	I:	D:
1405	1845	+	1	1.277173	I:	D:
1859	2032	+	2	1.260439	I:	D:
2106	2669	+	3	1.302534	I:	D:
>YA3_2458
489	1910	-	3	1.298551	I:	D:
1913	2650	-	2	1.286631	I:	D:
>YA3_2464
365	1429	-	2	1.282467	I:	D:
1519	2646	+	1	1.274057	I:	D:
>YA3_2488
50	379	-	2	1.318388	I:	D:
381	1310	-	3	1.276194	I:	D:
1649	2149	-	2	1.233947	I:	D:
2170	2640	-	1	1.228843	I:	D:
>YA3_2702
3	377	+	3	1.312097	I:	D:
419	661	+	2	1.293549	I:	D:
844	1179	+	1	1.314405	I:	D:
1216	1842	-	1	1.277298	I:	D:
1778	2590	-	2	1.297079	I:	D:
>YA3_2910
41	1411	-	2	1.305662	I:	D:
1682	2545	-	2	1.291378	I:	D:
>YA3_2930
196	546	+	1	1.246855	I:	D:
546	893	+	3	1.278359	I:	D:
897	1940	+	3	1.282316	I:	D:
1937	2539	+	2	1.291028	I:	D:
>YA3_2953
2	2464	+	2	1.262452	I:	D:
>YA3_3034
3	626	-	3	1.300424	I:	D:
695	1522	-	2	1.252910	I:	D:
1535	1807	-	2	1.336214	I:	D:
1948	2514	-	1	1.252971	I:	D:
>YA3_3048
1	327	+	1	1.294343	I:	D:
418	1053	+	1	1.308935	I:	D:
1080	2453	+	3	1.307196	I:	D:
>YA3_3076
3	227	+	3	1.314513	I:	D:
541	699	+	1	1.318039	I:	D:
701	1138	+	2	1.305987	I:	D:
1138	2331	+	1	1.310956	I:	D:
2354	2503	-	2	1.282428	I:	D:
>YA3_3107
1	438	+	1	1.267314	I:	D:
483	650	-	3	1.275909	I:	D:
942	1085	+	3	1.358996	I:	D:
1222	1779	+	1	1.316768	I:	D:
1779	2495	+	3	1.270448	I:	D:
>YA3_3134
1	996	+	1	1.292091	I:	D:
1076	1468	+	2	1.312824	I:	D:
1483	1911	+	1	1.267030	I:	D:
2364	2489	+	3	1.463382	I:	D:
>YA3_3140
97	612	+	1	1.284432	I:	D:
706	1887	-	1	1.267911	I:	D:
2041	2487	-	1	1.247596	I:	D:
>YA3_3337
122	1147	+	2	1.283916	I:	D:
1206	1538	+	3	1.278260	I:	D:
1929	2195	-	3	1.238789	I:	D:
>YA3_3345
165	446	-	3	1.288218	I:	D:
1086	1439	+	3	1.307529	I:	D:
1445	1729	+	2	1.327691	I:	D:
>YA3_3423
3	413	-	3	1.281219	I:	D:
484	834	-	1	1.256977	I:	D:
898	1353	-	1	1.273791	I:	D:
1382	2125	-	2	1.287251	I:	D:
2288	2431	-	2	1.380080	I:	D:
>YA3_3482
2	349	-	2	1.269615	I:	D:
681	1541	+	3	1.260576	I:	D:
1614	2414	+	3	1.309826	I:	D:
>YA3_3485
2	358	-	2	1.262479	I:	D:
423	983	-	3	1.323607	I:	D:
1059	2552	-	3	1.266780	I:	D:
2607	4676	-	3	1.233615	I:	D:
4705	5352	-	1	1.251971	I:	D:
5520	5732	+	3	1.382141	I:	D:
5941	6744	+	1	1.307773	I:	D:
6728	8143	+	2	1.283327	I:	D:
8155	8289	+	1	1.320922	I:	D:
8261	9373	+	2	1.279832	I:	D:
9443	9958	-	2	1.292491	I:	D:
9988	10455	-	1	1.294692	I:	D:
10455	10922	-	3	1.305703	I:	D:
11508	12641	-	3	1.309976	I:	D:
12710	12913	-	2	1.260532	I:	D:
12854	13075	+	2	1.317034	I:	D:
13161	13463	-	3	1.401331	I:	D:
15616	15792	-	1	1.324538	I:	D:
15899	16477	+	2	1.299814	I:	D:
17216	17374	+	2	1.430333	I:	D:
17407	17649	+	1	1.423053	I:	D:
17943	18182	+	3	1.447253	I:	D:
18620	18763	+	2	1.344514	I:	D:
19131	19355	-	3	1.353094	I:	D:
>YA3_3516
1	1416	-	1	1.265675	I:	D:
1506	2072	-	3	1.291453	I:	D:
2146	2463	-	1	1.290067	I:	D:
2536	2856	+	1	1.295771	I:	D:
2858	3712	-	2	1.303372	I:	D:
3726	4814	-	3	1.282947	I:	D:
4824	5366	-	3	1.256213	I:	D:
5389	5550	+	1	1.292069	I:	D:
5673	7340	-	3	1.277591	I:	D:
7624	7854	-	1	1.188262	I:	D:
8072	8800	-	2	1.253583	I:	D:
8814	9752	-	3	1.269225	I:	D:
9781	10044	+	1	1.391181	I:	D:
10189	10785	-	1	1.293330	I:	D:
10801	11820	-	1	1.295223	I:	D:
11842	12012	-	1	1.299453	I:	D:
12035	12559	-	2	1.296824	I:	D:
12693	13244	-	3	1.317119	I:	D:
13316	13657	-	2	1.293234	I:	D:
13967	14515	-	2	1.308826	I:	D:
14592	14978	-	3	1.303306	I:	D:
14996	15481	-	2	1.340951	I:	D:
15585	15929	+	3	1.255091	I:	D:
16000	17055	-	1	1.300099	I:	D:
17157	17480	-	3	1.281619	I:	D:
17769	18158	+	3	1.307839	I:	D:
18317	18493	+	2	1.276594	I:	D:
18713	19309	-	2	1.283920	I:	D:
>YA3_3544
2	151	+	2	1.351935	I:	D:
211	621	-	1	1.249915	I:	D:
709	1158	-	1	1.261561	I:	D:
1171	1887	+	1	1.302651	I:	D:
1889	2404	+	2	1.268492	I:	D:
>YA3_3613
1	138	+	1	1.230081	I:	D:
148	624	+	1	1.269099	I:	D:
676	1221	-	1	1.267842	I:	D:
1326	2390	-	3	1.306419	I:	D:
>YA3_3639
1	948	-	1	1.291488	I:	D:
1005	1403	-	3	1.277227	I:	D:
1524	2384	-	3	1.242228	I:	D:
>YA3_3701
3	542	+	3	1.270833	I:	D:
611	1336	-	2	1.314939	I:	D:
1520	2371	+	2	1.270296	I:	D:
>YA3_3717
3	395	+	3	1.283802	I:	D:
430	2163	-	1	1.255640	I:	D:
>YA3_3785
32	235	-	2	1.263146	I:	D:
319	1794	-	1	1.284359	I:	D:
1912	2352	+	1	1.314887	I:	D:
>YA3_4094
2	142	+	2	1.395939	I:	D:
522	1235	-	3	1.275420	I:	D:
1361	1717	+	2	1.310001	I:	D:
1701	2918	+	3	1.273329	I:	D:
2992	3843	-	1	1.238647	I:	D:
3977	4699	-	2	1.271137	I:	D:
4869	5642	-	3	1.291388	I:	D:
5708	6964	-	2	1.291326	I:	D:
7086	7865	+	3	1.283249	I:	D:
7995	9374	-	3	1.291182	I:	D:
9438	11096	-	3	1.301445	I:	D:
11110	12306	-	1	1.270593	I:	D:
12337	12915	-	1	1.290764	I:	D:
13072	13947	-	1	1.265171	I:	D:
14041	16230	-	1	1.310382	I:	D:
16344	17090	+	3	1.275121	I:	D:
17140	17481	+	1	1.248224	I:	D:
17704	18246	+	1	1.333488	I:	D:
18560	18769	+	2	1.304208	I:	D:
>YA3_4219
3	599	-	3	1.306753	I:	D:
702	2267	+	3	1.272971	I:	D:
>YA3_4483
3	440	-	3	1.239519	I:	D:
457	774	+	1	1.334244	I:	D:
878	1603	-	2	1.266742	I:	D:
1735	2211	+	1	1.294705	I:	D:
>YA3_4630
3	314	+	3	1.334562	I:	D:
357	1019	-	3	1.275648	I:	D:
1068	1811	-	3	1.270618	I:	D:
1811	2188	-	2	1.289267	I:	D:
>YA3_4643
241	801	+	1	1.276947	I:	D:
832	2184	-	1	1.287774	I:	D:
>YA3_5075
3	296	-	3	1.307500	I:	D:
363	2039	-	3	1.284660	I:	D:
>YA3_5137
115	393	+	1	1.269107	I:	D:
674	1051	+	2	1.220442	I:	D:
1217	1423	-	2	1.280193	I:	D:
1685	2107	+	2	1.299566	I:	D:
>YA3_5152
1	786	-	1	1.294614	I:	D:
927	1919	+	3	1.244355	I:	D:
>YA3_5165
3	194	-	3	1.264287	I:	D:
445	813	-	1	1.264439	I:	D:
1116	1901	+	3	1.339749	I:	D:
>YA3_5215
2	199	-	2	1.261004	I:	D:
280	678	-	1	1.269150	I:	D:
859	1488	+	1	1.292960	I:	D:
1498	2094	+	1	1.293194	I:	D:
>YA3_5265
2	757	+	2	1.280674	I:	D:
822	2087	-	3	1.271309	I:	D:
>YA3_5350
2	928	-	2	1.290781	I:	D:
1032	1718	-	3	1.253743	I:	D:
1830	2069	+	3	1.231087	I:	D:
>YA3_5400
2	361	+	2	1.295344	I:	D:
424	1737	+	1	1.282376	I:	D:
1772	2023	-	2	1.420268	I:	D:
>YA3_5412
1	1068	-	1	1.289178	I:	D:
1116	2057	-	3	1.303917	I:	D:
>YA3_5431
2	466	+	2	1.243449	I:	D:
556	1755	+	1	1.282450	I:	D:
1796	2053	+	2	1.292923	I:	D:
>YA3_5438
3	164	+	3	1.284321	I:	D:
202	885	-	1	1.248062	I:	D:
1154	1498	-	2	1.304096	I:	D:
1510	1920	-	1	1.296602	I:	D:
>YA3_5451
3	743	+	3	1.214764	I:	D:
757	1440	+	1	1.265578	I:	D:
1444	2052	+	1	1.265291	I:	D:
>YA3_5475
2	304	-	2	1.271059	I:	D:
488	1030	-	2	1.271517	I:	D:
1033	2049	-	1	1.293172	I:	D:
>YA3_5494
1	765	+	1	1.285136	I:	D:
824	1000	+	2	1.261536	I:	D:
1463	2044	+	2	1.237576	I:	D:
>YA3_5597
43	900	-	1	1.303813	I:	D:
932	1450	-	2	1.276200	I:	D:
1454	2029	-	2	1.289465	I:	D:
>YA3_5617
1	1284	+	1	1.278268	I:	D:
1297	1881	+	1	1.289438	I:	D:
1891	2028	+	1	1.246719	I:	D:
>YA3_5898
52	984	-	1	1.320595	I:	D:
994	1626	-	1	1.287476	I:	D:
1638	2243	-	3	1.307503	I:	D:
2322	2867	-	3	1.251592	I:	D:
2897	3169	-	2	1.302136	I:	D:
3433	3621	+	1	1.349787	I:	D:
3631	3888	-	1	1.317443	I:	D:
3890	4939	-	2	1.278429	I:	D:
4952	6775	-	2	1.289049	I:	D:
6917	7300	-	2	1.274391	I:	D:
7566	7724	+	3	1.291907	I:	D:
8197	8736	-	1	1.312286	I:	D:
8746	9597	-	1	1.305591	I:	D:
9611	10417	-	2	1.309060	I:	D:
10426	11220	-	1	1.303522	I:	D:
11220	11813	-	3	1.310164	I:	D:
12298	12861	-	1	1.304281	I:	D:
13005	13448	+	3	1.320957	I:	D:
13455	13820	+	3	1.286089	I:	D:
13901	14383	+	2	1.336183	I:	D:
14434	14577	+	1	1.339061	I:	D:
14625	14828	+	3	1.278749	I:	D:
14871	16055	+	3	1.292381	I:	D:
>YA3_5902
2	244	+	2	1.268904	I:	D:
361	2316	+	1	1.291073	I:	D:
2389	3063	-	1	1.270248	I:	D:
3275	3850	+	2	1.285597	I:	D:
4489	5640	-	1	1.281192	I:	D:
5746	6840	+	1	1.294362	I:	D:
6846	7925	+	3	1.285599	I:	D:
8012	9013	-	2	1.289416	I:	D:
9376	9846	+	1	1.310551	I:	D:
9843	10370	+	3	1.324607	I:	D:
10766	11314	+	2	1.276370	I:	D:
11473	12663	+	1	1.301465	I:	D:
12794	14020	+	2	1.294029	I:	D:
14030	15292	+	2	1.281370	I:	D:
15482	16147	+	2	1.263194	I:	D:
>YA3_5922
3	173	+	3	1.274232	I:	D:
182	1021	+	2	1.290614	I:	D:
1312	2457	+	1	1.279170	I:	D:
2487	2912	+	3	1.308224	I:	D:
3009	3740	+	3	1.295594	I:	D:
3742	5154	+	1	1.286645	I:	D:
5160	5858	+	3	1.285265	I:	D:
5956	7074	+	1	1.297144	I:	D:
7078	7983	+	1	1.290076	I:	D:
8045	9703	-	2	1.266892	I:	D:
9888	11057	-	3	1.291008	I:	D:
11190	11759	-	3	1.263092	I:	D:
11868	12164	+	3	1.274693	I:	D:
12220	12600	+	1	1.306209	I:	D:
12564	12761	+	3	1.278791	I:	D:
12831	13976	+	3	1.298231	I:	D:
14016	14324	+	3	1.264357	I:	D:
14484	14939	+	3	1.263575	I:	D:
15000	15995	+	3	1.260394	I:	D:
>YA3_6045
2	439	+	2	1.247338	I:	D:
443	1585	+	2	1.293552	I:	D:
1681	1827	+	1	1.319839	I:	D:
1897	2292	+	1	1.299589	I:	D:
2579	3127	+	2	1.302156	I:	D:
3191	3343	+	2	1.342625	I:	D:
3385	3639	+	1	1.286206	I:	D:
3659	6013	+	2	1.271878	I:	D:
6064	6708	-	1	1.291199	I:	D:
6875	7279	-	2	1.267384	I:	D:
7447	9567	-	1	1.282390	I:	D:
9579	10772	-	3	1.303618	I:	D:
10789	11718	-	1	1.288134	I:	D:
11733	12686	-	3	1.300554	I:	D:
12851	13480	-	2	1.269164	I:	D:
13486	13911	-	1	1.264158	I:	D:
13904	14590	-	2	1.295281	I:	D:
14759	14902	+	2	1.256144	I:	D:
>YA3_6075
146	664	-	2	1.287951	I:	D:
725	1156	-	2	1.319188	I:	D:
1153	1665	-	1	1.281618	I:	D:
1652	2500	-	2	1.306568	I:	D:
2741	5221	+	2	1.264925	I:	D:
5314	6585	-	1	1.305402	I:	D:
6626	7039	-	2	1.310104	I:	D:
7080	7280	-	3	1.269896	I:	D:
7291	8100	-	1	1.279960	I:	D:
8093	8398	-	2	1.324479	I:	D:
8402	8884	-	2	1.310197	I:	D:
8900	9547	-	2	1.306974	I:	D:
9557	10501	-	2	1.282175	I:	D:
10527	10985	-	3	1.315899	I:	D:
11258	11983	-	2	1.289991	I:	D:
12303	12440	-	3	1.268235	I:	D:
12564	13409	+	3	1.279189	I:	D:
13445	13861	-	2	1.268702	I:	D:
13994	14728	-	2	1.258834	I:	D:
>YA3_6095
24	869	+	3	1.277862	I:	D:
973	2154	-	1	1.294039	I:	D:
2164	2709	-	1	1.285656	I:	D:
2924	3403	-	2	1.341285	I:	D:
3403	4002	-	1	1.290097	I:	D:
4114	4479	+	1	1.302516	I:	D:
4502	6046	-	2	1.299547	I:	D:
6055	8187	-	1	1.276731	I:	D:
8368	8508	-	1	1.335328	I:	D:
8690	9967	-	2	1.294852	I:	D:
9971	10723	-	2	1.282022	I:	D:
10455	11705	-	3	1.302069	I:	D:
11894	12328	-	2	1.268553	I:	D:
12325	13149	-	1	1.315982	I:	D:
13149	13622	-	3	1.304303	I:	D:
13612	14289	-	1	1.296265	I:	D:
14405	14572	-	2	1.265273	I:	D:
>YA3_6123
1	594	-	1	1.258254	I:	D:
682	1674	+	1	1.288966	I:	D:
1685	2182	+	2	1.280076	I:	D:
2259	2612	-	3	1.231758	I:	D:
2791	3873	+	1	1.277833	I:	D:
3938	5047	+	2	1.267095	I:	D:
5056	5553	+	1	1.292461	I:	D:
5591	6376	-	2	1.286642	I:	D:
6395	6859	-	2	1.277170	I:	D:
6861	7583	-	3	1.287496	I:	D:
7623	7949	-	3	1.267415	I:	D:
8048	10321	-	2	1.289282	I:	D:
10526	11524	+	2	1.252350	I:	D:
11542	13143	+	1	1.334849	I:	D:
13157	13660	+	2	1.308998	I:	D:
13758	13907	-	3	1.332951	I:	D:
13935	14213	+	3	1.350688	I:	D:
>YA3_6162
1	594	-	1	1.283763	I:	D:
736	2109	+	1	1.281160	I:	D:
2200	2625	-	1	1.308532	I:	D:
2630	3121	-	2	1.252207	I:	D:
3142	4086	-	1	1.290618	I:	D:
4156	4833	+	1	1.294881	I:	D:
4919	6916	+	2	1.279812	I:	D:
7267	7845	+	1	1.335971	I:	D:
7793	8644	+	2	1.306134	I:	D:
9047	9370	+	2	1.280080	I:	D:
9417	9560	-	3	1.265755	I:	D:
9616	11010	-	1	1.277851	I:	D:
11106	12944	-	3	1.279739	I:	D:
13027	14019	-	1	1.295548	I:	D:
>YA3_6286
2	253	-	2	1.267004	I:	D:
240	1688	-	3	1.276306	I:	D:
1776	1961	-	3	1.282791	I:	D:
1979	2239	-	2	1.286559	I:	D:
2347	2550	-	1	1.287776	I:	D:
2569	2868	+	1	1.272478	I:	D:
2901	3377	-	3	1.263228	I:	D:
3374	3517	-	2	1.292735	I:	D:
3530	4831	+	2	1.285658	I:	D:
4835	4963	+	2	1.317239	I:	D:
5088	6605	-	3	1.280924	I:	D:
6620	7111	-	2	1.293536	I:	D:
7215	7661	-	3	1.280407	I:	D:
7883	9088	+	2	1.286804	I:	D:
9153	10604	+	3	1.265382	I:	D:
10692	11189	-	3	1.281050	I:	D:
10973	11395	+	2	1.368706	I:	D:
11615	11818	-	2	1.295770	I:	D:
11888	12646	-	2	1.290208	I:	D:
12711	13283	-	3	1.313285	I:	D:
>YA3_6305
2	1369	+	2	1.286570	I:	D:
1838	2071	+	2	1.198118	I:	D:
2084	3109	+	2	1.288850	I:	D:
3178	3654	+	1	1.264196	I:	D:
3678	4466	+	3	1.279190	I:	D:
4562	5731	+	2	1.277043	I:	D:
5796	6326	+	3	1.290213	I:	D:
6362	8215	+	2	1.309846	I:	D:
8534	9175	+	2	1.255255	I:	D:
9172	12621	+	1	1.289396	I:	D:
12684	13178	-	3	1.279339	I:	D:
>YA3_6307
99	932	-	3	1.321703	I:	D:
925	1227	-	1	1.306575	I:	D:
1356	1769	-	3	1.299844	I:	D:
1773	2669	-	3	1.295067	I:	D:
2669	3550	-	2	1.266061	I:	D:
3705	4580	-	3	1.298738	I:	D:
4699	4854	-	1	1.276800	I:	D:
4882	6030	+	1	1.292524	I:	D:
6100	6642	+	1	1.273053	I:	D:
6717	7262	+	3	1.281284	I:	D:
7413	7709	+	3	1.254599	I:	D:
7728	8834	+	3	1.275574	I:	D:
8844	9059	+	3	1.310032	I:	D:
9025	9567	+	1	1.264372	I:	D:
9638	9997	+	2	1.309480	I:	D:
10185	10700	+	3	1.250843	I:	D:
10790	11233	+	2	1.299369	I:	D:
11435	11923	-	2	1.291086	I:	D:
12209	12850	+	2	1.284483	I:	D:
12857	13162	+	2	1.321308	I:	D:
>YA3_6327
2	265	+	2	1.219198	I:	D:
341	3223	+	2	1.293739	I:	D:
3281	4507	+	2	1.275265	I:	D:
4609	5787	-	1	1.305792	I:	D:
5933	7099	+	2	1.272559	I:	D:
7102	7971	+	1	1.291367	I:	D:
8094	8717	+	3	1.299914	I:	D:
8757	9767	+	3	1.288431	I:	D:
9780	10751	+	3	1.288632	I:	D:
10825	10953	+	1	1.327261	I:	D:
10961	11872	-	2	1.321088	I:	D:
11974	12462	-	1	1.272863	I:	D:
12437	12916	-	2	1.297744	I:	D:
>YA3_6329
3	224	-	3	1.297821	I:	D:
229	999	-	1	1.306735	I:	D:
1116	1886	-	3	1.278927	I:	D:
2148	2795	-	3	1.266863	I:	D:
2799	3227	-	3	1.316139	I:	D:
3307	3864	-	1	1.281259	I:	D:
4058	4306	-	2	1.308399	I:	D:
4411	4716	-	1	1.269104	I:	D:
4716	7676	-	3	1.263620	I:	D:
7697	8365	-	2	1.292801	I:	D:
8503	9129	+	1	1.275280	I:	D:
9204	9725	+	3	1.322915	I:	D:
10617	11234	+	3	1.267595	I:	D:
11274	11525	+	3	1.353687	I:	D:
11602	12204	+	1	1.307474	I:	D:
12345	12479	+	3	1.279253	I:	D:
12481	13080	+	1	1.282025	I:	D:
>YA3_6361
409	900	+	1	1.245378	I:	D:
955	1326	+	1	1.206511	I:	D:
1623	5651	+	3	1.271759	I:	D:
5832	7268	+	3	1.288994	I:	D:
7315	10026	+	1	1.271426	I:	D:
10220	11050	-	2	1.248519	I:	D:
11091	11783	-	3	1.296830	I:	D:
11773	12810	-	1	1.273246	I:	D:
>YA3_6374
3	308	+	3	1.244052	I:	D:
287	532	+	2	1.335499	I:	D:
537	836	+	3	1.265683	I:	D:
860	1324	+	2	1.251714	I:	D:
1409	1978	+	2	1.255520	I:	D:
2041	2181	+	1	1.303343	I:	D:
2370	3230	-	3	1.274178	I:	D:
3335	3628	-	2	1.272550	I:	D:
3880	4008	-	1	1.317893	I:	D:
4062	5369	-	3	1.265867	I:	D:
5531	6586	+	2	1.278332	I:	D:
6718	7347	-	1	1.289436	I:	D:
7401	8768	-	3	1.281271	I:	D:
8852	10783	-	2	1.292451	I:	D:
10802	10969	-	2	1.242892	I:	D:
10991	11731	-	2	1.280495	I:	D:
12361	12795	+	1	1.273157	I:	D:
>YA3_6443
251	1567	-	2	1.303203	I:	D:
1765	2295	+	1	1.276726	I:	D:
2540	3766	-	2	1.285329	I:	D:
3883	5631	-	1	1.289955	I:	D:
5837	6853	+	2	1.282883	I:	D:
6934	8208	+	1	1.310714	I:	D:
8307	8951	+	3	1.253934	I:	D:
9049	11073	+	1	1.264558	I:	D:
11094	11498	+	3	1.296448	I:	D:
11491	12162	+	1	1.304608	I:	D:
12175	12396	+	1	1.319352	I:	D:
>YA3_6486
43	291	+	1	1.257744	I:	D:
370	525	+	1	1.286217	I:	D:
793	1296	+	1	1.241704	I:	D:
1374	2885	-	3	1.303444	I:	D:
3258	4001	+	3	1.313464	I:	D:
4074	4844	-	3	1.281922	I:	D:
4854	5567	-	3	1.331764	I:	D:
5551	6324	-	1	1.253223	I:	D:
6507	7457	-	3	1.267088	I:	D:
7558	8406	-	1	1.310455	I:	D:
8573	9604	+	2	1.284621	I:	D:
9564	11690	+	3	1.290133	I:	D:
11793	12188	-	3	1.263490	I:	D:
>YA3_6624
3	1070	+	3	1.287565	I:	D:
1286	1540	+	2	1.286953	I:	D:
1799	2323	+	2	1.287330	I:	D:
2396	2884	+	2	1.285471	I:	D:
2952	3353	+	3	1.298594	I:	D:
3644	4003	-	2	1.257018	I:	D:
4000	4380	-	1	1.277732	I:	D:
4380	5045	-	3	1.306875	I:	D:
5105	5827	-	2	1.226567	I:	D:
5922	6143	+	3	1.229389	I:	D:
6214	7599	-	1	1.317324	I:	D:
7755	8882	-	3	1.305069	I:	D:
9144	9866	+	3	1.280846	I:	D:
9856	10227	+	1	1.289162	I:	D:
10215	10940	+	3	1.303792	I:	D:
11234	11533	+	2	1.313722	I:	D:
>YA3_6731
1	1005	-	1	1.280257	I:	D:
1005	1688	-	3	1.278135	I:	D:
1770	2411	-	3	1.293797	I:	D:
2424	3107	-	3	1.302699	I:	D:
3191	3838	-	2	1.302568	I:	D:
3848	4453	-	2	1.306218	I:	D:
4471	4836	-	1	1.294382	I:	D:
4994	6283	-	2	1.289138	I:	D:
6306	7022	-	3	1.284070	I:	D:
7154	7486	-	2	1.277892	I:	D:
7486	8433	-	1	1.293659	I:	D:
8690	9352	-	2	1.277343	I:	D:
9365	10135	-	2	1.285426	I:	D:
10168	10875	-	1	1.292757	I:	D:
10878	11057	-	3	1.327140	I:	D:
>YA3_6791
1	438	-	1	1.281528	I:	D:
428	2179	-	2	1.308816	I:	D:
2411	3853	+	2	1.314547	I:	D:
3947	4858	+	2	1.278246	I:	D:
4876	5961	+	1	1.272820	I:	D:
6141	7064	+	3	1.259791	I:	D:
7127	7417	+	2	1.250646	I:	D:
7429	7968	+	1	1.275208	I:	D:
7978	8109	+	1	1.301571	I:	D:
8182	8850	-	1	1.302291	I:	D:
9013	10839	-	1	1.301027	I:	D:
>YA3_6804
3	1130	+	3	1.286417	I:	D:
1212	1742	+	3	1.277532	I:	D:
1817	3337	+	2	1.272780	I:	D:
3341	4282	+	2	1.277852	I:	D:
4287	5915	+	3	1.286953	I:	D:
6040	6297	+	1	1.264875	I:	D:
6415	6990	+	1	1.304482	I:	D:
7012	7593	+	1	1.280980	I:	D:
7664	8608	+	2	1.276099	I:	D:
8744	9253	+	2	1.293536	I:	D:
9232	10641	+	1	1.316131	I:	D:
>YA3_6818
2	424	+	2	1.274910	I:	D:
489	1361	+	3	1.307533	I:	D:
1372	2139	+	1	1.295583	I:	D:
2149	3108	+	1	1.297786	I:	D:
3222	3764	+	3	1.261757	I:	D:
3781	5925	+	1	1.283748	I:	D:
5966	6814	+	2	1.285084	I:	D:
6880	7716	-	1	1.300532	I:	D:
7836	8132	-	3	1.241170	I:	D:
8148	8810	-	3	1.298755	I:	D:
8944	9321	+	1	1.317652	I:	D:
9639	9770	+	3	1.321453	I:	D:
9795	9989	-	3	1.241443	I:	D:
10228	10767	+	1	1.259545	I:	D:
>YA3_6830
114	770	-	3	1.281969	I:	D:
926	2143	+	2	1.283886	I:	D:
2143	2865	+	1	1.318283	I:	D:
3009	4310	+	3	1.304017	I:	D:
4351	4620	+	1	1.286314	I:	D:
5151	6530	-	3	1.283812	I:	D:
6541	8082	-	1	1.291074	I:	D:
8143	8283	+	1	1.311749	I:	D:
8390	8971	-	2	1.289913	I:	D:
8985	9833	-	3	1.306047	I:	D:
9914	10690	-	2	1.273495	I:	D:
>YA3_6856
24	1313	+	3	1.237903	I:	D:
1337	1669	+	2	1.291186	I:	D:
1781	2329	+	2	1.251134	I:	D:
2342	3634	+	2	1.277774	I:	D:
3738	4163	+	3	1.275932	I:	D:
4350	6974	+	3	1.281117	I:	D:
7053	7244	+	3	1.300343	I:	D:
7614	7874	-	3	1.365432	I:	D:
7896	8345	+	3	1.253535	I:	D:
8477	8794	+	2	1.269441	I:	D:
8797	9183	-	1	1.321202	I:	D:
9264	9473	+	3	1.251163	I:	D:
9460	10542	+	1	1.303276	I:	D:
>YA3_6890
158	1075	+	2	1.238516	I:	D:
1263	1931	+	3	1.240489	I:	D:
2941	4173	+	1	1.324238	I:	D:
4166	5764	+	2	1.293096	I:	D:
5906	6241	+	2	1.267107	I:	D:
6515	7111	+	2	1.252524	I:	D:
7452	9275	+	3	1.305724	I:	D:
9848	10060	+	2	1.359496	I:	D:
10088	10402	+	2	1.218357	I:	D:
>YA3_6899
3	932	-	3	1.267190	I:	D:
1147	2013	+	1	1.285935	I:	D:
2176	2904	-	1	1.300640	I:	D:
3135	4235	-	3	1.269929	I:	D:
4399	5352	-	1	1.290917	I:	D:
5349	6254	-	3	1.324263	I:	D:
6727	6864	-	1	1.221327	I:	D:
6882	7925	-	3	1.300672	I:	D:
8023	8946	-	1	1.296521	I:	D:
8999	9502	-	2	1.304792	I:	D:
9613	10287	+	1	1.282989	I:	D:
>YA3_6903
75	521	-	3	1.251610	I:	D:
771	1820	+	3	1.271116	I:	D:
1976	3277	+	2	1.284566	I:	D:
4030	5616	-	1	1.332112	I:	D:
5788	6666	-	1	1.268935	I:	D:
6902	9319	+	2	1.272444	I:	D:
9367	10371	+	1	1.294090	I:	D:
>YA3_6989
3	2252	-	3	1.294779	I:	D:
2296	2445	-	1	1.301100	I:	D:
2429	3226	+	2	1.300206	I:	D:
3274	3948	-	1	1.296091	I:	D:
3961	4632	-	1	1.269449	I:	D:
4796	6460	-	2	1.263324	I:	D:
6593	6922	-	2	1.313929	I:	D:
6960	8105	-	3	1.311156	I:	D:
8127	8714	-	3	1.291265	I:	D:
8753	10123	-	2	1.297082	I:	D:
>YA3_7031
1	705	-	1	1.331059	I:	D:
746	964	+	2	1.336979	I:	D:
975	1673	+	3	1.290061	I:	D:
1869	2150	+	3	1.311965	I:	D:
2241	3500	+	3	1.294723	I:	D:
3541	4029	-	1	1.315266	I:	D:
4029	5093	-	3	1.297448	I:	D:
5180	5923	-	2	1.264687	I:	D:
5839	6234	-	1	1.312182	I:	D:
6406	8196	-	1	1.311781	I:	D:
8362	10008	+	1	1.303830	I:	D:
>YA3_7079
2	2080	+	2	1.262619	I:	D:
2143	2529	+	1	1.260279	I:	D:
2595	2855	+	3	1.306757	I:	D:
2900	3397	+	2	1.314305	I:	D:
3530	3808	+	2	1.307114	I:	D:
3853	4098	+	1	1.300409	I:	D:
4107	4274	+	3	1.348211	I:	D:
4355	4648	+	2	1.257564	I:	D:
4692	5531	-	3	1.306131	I:	D:
5556	6341	-	3	1.317975	I:	D:
6344	6718	-	2	1.276964	I:	D:
6712	7338	-	1	1.300079	I:	D:
7355	7921	-	2	1.291125	I:	D:
7881	8237	-	3	1.284903	I:	D:
8497	8682	+	1	1.365963	I:	D:
8712	8909	+	3	1.276726	I:	D:
8919	9416	+	3	1.299900	I:	D:
9606	9863	+	3	1.330534	I:	D:
>YA3_7086
2	1705	-	2	1.275113	I:	D:
1964	2791	-	2	1.278811	I:	D:
2959	3720	-	1	1.295615	I:	D:
3720	4430	-	3	1.281994	I:	D:
4434	4841	-	3	1.302986	I:	D:
5034	5438	+	3	1.363989	I:	D:
5877	6089	-	3	1.267484	I:	D:
6215	6343	+	2	1.332912	I:	D:
6462	7940	-	3	1.288401	I:	D:
7855	8367	-	1	1.322502	I:	D:
8554	9060	-	1	1.308292	I:	D:
9134	9826	-	2	1.279667	I:	D:
>YA3_7103
253	1155	+	1	1.279892	I:	D:
1204	2271	-	1	1.280751	I:	D:
2453	3559	+	2	1.288494	I:	D:
3901	4131	+	1	1.300132	I:	D:
4227	4958	-	3	1.292899	I:	D:
5131	5691	-	1	1.266208	I:	D:
6030	7202	-	3	1.305259	I:	D:
7231	8991	+	1	1.302355	I:	D:
8991	9413	+	3	1.329613	I:	D:
9483	9779	+	3	1.305154	I:	D:
>YA3_7127
1	252	-	1	1.322274	I:	D:
252	566	-	3	1.300182	I:	D:
848	1363	-	2	1.331096	I:	D:
1486	1989	-	1	1.293960	I:	D:
1989	2672	-	3	1.266294	I:	D:
2757	3170	+	3	1.301253	I:	D:
3307	3648	+	1	1.308872	I:	D:
3835	4641	+	1	1.298249	I:	D:
4651	5481	+	1	1.303725	I:	D:
5777	6787	+	2	1.292433	I:	D:
6840	7178	-	3	1.243054	I:	D:
7277	9715	-	2	1.297148	I:	D:
>YA3_7138
138	449	-	3	1.277088	I:	D:
470	958	-	2	1.314661	I:	D:
1029	1469	-	3	1.250954	I:	D:
1478	1939	-	2	1.297890	I:	D:
2043	2216	-	3	1.357054	I:	D:
2250	3107	-	3	1.310376	I:	D:
3104	3295	-	2	1.330404	I:	D:
3311	4426	-	2	1.267757	I:	D:
4526	5665	-	2	1.261637	I:	D:
5744	6847	-	2	1.294861	I:	D:
6881	7684	-	2	1.276952	I:	D:
7707	8057	-	3	1.279029	I:	D:
8331	8582	-	3	1.282944	I:	D:
8575	9681	-	1	1.311923	I:	D:
>YA3_7141
41	1666	-	2	1.275269	I:	D:
1753	3027	-	1	1.261520	I:	D:
3056	3841	-	2	1.273343	I:	D:
3841	5784	-	1	1.254269	I:	D:
5852	6262	-	2	1.273250	I:	D:
6310	6744	-	1	1.286013	I:	D:
6822	7502	-	3	1.284717	I:	D:
7680	7835	-	3	1.308711	I:	D:
7836	8222	-	3	1.274171	I:	D:
8210	8728	-	2	1.301692	I:	D:
8928	9668	+	3	1.284119	I:	D:
>YA3_7160
1	987	+	1	1.231855	I:	D:
1066	1998	+	1	1.266358	I:	D:
2059	2691	+	1	1.290214	I:	D:
2702	2902	+	2	1.286215	I:	D:
3060	3335	+	3	1.272121	I:	D:
3393	3560	+	3	1.296453	I:	D:
3682	4554	+	1	1.294146	I:	D:
4843	5853	-	1	1.285958	I:	D:
5856	6278	-	3	1.266593	I:	D:
6363	6554	-	3	1.302444	I:	D:
6781	8373	-	1	1.285460	I:	D:
8375	8725	-	2	1.271600	I:	D:
9034	9627	+	1	1.284958	I:	D:
>YA3_7174
122	373	-	2	1.299279	I:	D:
559	2133	+	1	1.290021	I:	D:
2341	2799	+	1	1.266913	I:	D:
2883	3851	+	3	1.276455	I:	D:
3853	4173	+	1	1.248757	I:	D:
4188	6008	+	3	1.281675	I:	D:
6023	7492	+	2	1.275423	I:	D:
7501	8871	+	1	1.265199	I:	D:
8865	9584	+	3	1.280005	I:	D:
>YA3_7220
3	2612	-	3	1.263282	I:	D:
2778	3338	-	3	1.297651	I:	D:
3381	3653	-	3	1.239448	I:	D:
3655	4023	-	1	1.314300	I:	D:
4293	4433	+	3	1.292274	I:	D:
4440	5894	+	3	1.281254	I:	D:
5967	6632	+	3	1.290302	I:	D:
6632	7309	+	2	1.346336	I:	D:
7306	8271	+	1	1.303597	I:	D:
8419	9462	+	1	1.341297	I:	D:
>YA3_7225
136	378	+	1	1.263167	I:	D:
401	928	+	2	1.312070	I:	D:
958	1263	+	1	1.297114	I:	D:
1322	2215	-	2	1.335450	I:	D:
2218	3378	-	1	1.335602	I:	D:
3378	4193	-	3	1.285433	I:	D:
4205	5173	+	2	1.278352	I:	D:
5253	7103	-	3	1.280666	I:	D:
7353	8771	+	3	1.272681	I:	D:
9014	9451	+	2	1.295415	I:	D:
>YA3_7246
1	459	-	1	1.292761	I:	D:
479	922	-	2	1.264967	I:	D:
1195	1521	-	1	1.249483	I:	D:
1597	2397	-	1	1.269046	I:	D:
2390	2839	-	2	1.266481	I:	D:
2891	3430	-	2	1.232867	I:	D:
3533	4624	-	2	1.268971	I:	D:
5045	8101	+	2	1.302444	I:	D:
8177	9397	-	2	1.268553	I:	D:
>YA3_7258
40	591	+	1	1.334317	I:	D:
595	1413	+	1	1.298523	I:	D:
1410	1967	+	3	1.304119	I:	D:
2015	4357	+	2	1.287509	I:	D:
4442	5329	-	2	1.311008	I:	D:
5329	5763	-	1	1.271985	I:	D:
5963	6754	+	2	1.267165	I:	D:
6819	7577	-	3	1.295206	I:	D:
7639	8934	+	1	1.306266	I:	D:
8931	9380	+	3	1.293590	I:	D:
>YA3_7329
3	293	-	3	1.334351	I:	D:
495	1076	-	3	1.263282	I:	D:
1337	1963	+	2	1.283295	I:	D:
1977	3269	+	3	1.278357	I:	D:
3396	4214	+	3	1.280786	I:	D:
4438	4902	+	1	1.252515	I:	D:
5100	5297	+	3	1.258865	I:	D:
5364	5717	+	3	1.287400	I:	D:
5961	7814	-	3	1.280008	I:	D:
7884	8777	-	3	1.263833	I:	D:
8781	9023	-	3	1.212770	I:	D:
>YA3_7380
3	836	+	3	1.301600	I:	D:
880	2070	-	1	1.263827	I:	D:
2209	2526	-	1	1.316956	I:	D:
2570	3286	-	2	1.280968	I:	D:
3357	3851	-	3	1.286429	I:	D:
4013	4888	+	2	1.265898	I:	D:
4903	5124	+	1	1.340565	I:	D:
5139	6611	+	3	1.265480	I:	D:
6681	6863	+	3	1.294619	I:	D:
6915	7700	+	3	1.244610	I:	D:
7701	8528	+	3	1.284328	I:	D:
8557	8688	-	1	1.276606	I:	D:
8707	9102	-	1	1.274195	I:	D:
>YA3_7383
174	869	-	3	1.304570	I:	D:
1043	1933	-	2	1.261622	I:	D:
2141	2290	-	2	1.352323	I:	D:
2361	2729	-	3	1.266358	I:	D:
2722	3615	-	1	1.280066	I:	D:
3625	4386	-	1	1.312941	I:	D:
4396	5328	-	1	1.279675	I:	D:
5465	7969	+	2	1.298281	I:	D:
8151	8780	+	3	1.263183	I:	D:
8830	9093	-	1	1.297843	I:	D:
>YA3_7385
2	181	+	2	1.245408	I:	D:
546	728	+	3	1.324165	I:	D:
830	2206	-	2	1.284887	I:	D:
2175	2690	-	3	1.314800	I:	D:
2836	3834	+	1	1.293098	I:	D:
3837	4304	+	3	1.330065	I:	D:
4484	4843	+	2	1.331602	I:	D:
4840	5589	+	1	1.303413	I:	D:
5599	6444	+	1	1.287555	I:	D:
6534	7025	+	3	1.288571	I:	D:
7037	7564	+	2	1.297456	I:	D:
7554	8567	+	3	1.327728	I:	D:
8560	8823	+	1	1.310744	I:	D:
8880	9089	+	3	1.276785	I:	D:
>YA3_7593
1	987	-	1	1.285245	I:	D:
1182	2384	+	3	1.273434	I:	D:
2368	3066	+	1	1.310760	I:	D:
3301	3447	-	1	1.308082	I:	D:
3494	3973	+	2	1.297237	I:	D:
4108	5190	+	1	1.254917	I:	D:
5262	5636	-	3	1.274476	I:	D:
5714	5896	-	2	1.264658	I:	D:
6108	6596	-	3	1.286975	I:	D:
6650	7276	-	2	1.269070	I:	D:
7357	8595	-	1	1.283077	I:	D:
>YA3_7596
1	363	+	1	1.266310	I:	D:
421	1701	-	1	1.268017	I:	D:
1710	1967	-	3	1.250647	I:	D:
1981	2316	-	1	1.293871	I:	D:
2321	2968	-	2	1.259161	I:	D:
2990	3496	-	2	1.264459	I:	D:
3509	3988	-	2	1.306696	I:	D:
4060	4293	-	1	1.305601	I:	D:
4290	5084	-	3	1.291006	I:	D:
5157	6698	-	3	1.294414	I:	D:
6763	7659	-	1	1.267759	I:	D:
7831	8352	-	1	1.287342	I:	D:
8418	8591	-	3	1.332917	I:	D:
>YA3_7653
3	1337	-	3	1.279812	I:	D:
1456	2163	-	1	1.266535	I:	D:
2384	2914	+	2	1.272493	I:	D:
2924	4222	+	2	1.276241	I:	D:
4336	5004	-	1	1.287633	I:	D:
5016	5726	-	3	1.272958	I:	D:
5786	6214	-	2	1.236028	I:	D:
6421	7443	+	1	1.276761	I:	D:
7443	8183	+	3	1.307758	I:	D:
8235	8456	+	3	1.298739	I:	D:
>YA3_7668
3	452	-	3	1.276511	I:	D:
483	1505	+	3	1.288046	I:	D:
1580	2950	+	2	1.270354	I:	D:
3017	3463	+	2	1.295092	I:	D:
3471	4175	+	3	1.311883	I:	D:
4212	5522	+	3	1.297345	I:	D:
5588	5728	+	2	1.322762	I:	D:
5846	7702	+	2	1.301656	I:	D:
7876	8232	+	1	1.313895	I:	D:
>YA3_7669
71	289	+	2	1.289901	I:	D:
747	1154	-	3	1.216212	I:	D:
1238	2374	-	2	1.256433	I:	D:
2371	2679	-	1	1.289153	I:	D:
2680	3417	-	1	1.270267	I:	D:
3736	5151	-	1	1.256724	I:	D:
5217	5447	-	3	1.243299	I:	D:
5482	5739	-	1	1.303647	I:	D:
5825	6151	-	2	1.257900	I:	D:
6190	6744	-	1	1.265395	I:	D:
6905	7339	-	2	1.285091	I:	D:
7520	7705	+	2	1.225124	I:	D:
7799	8002	+	2	1.237542	I:	D:
7995	8255	+	3	1.288062	I:	D:
>YA3_7682
1	336	-	1	1.339744	I:	D:
531	881	-	3	1.338960	I:	D:
1264	1914	-	1	1.317424	I:	D:
1947	2633	-	3	1.317811	I:	D:
2974	4455	+	1	1.269007	I:	D:
4554	5246	+	3	1.295525	I:	D:
5249	6058	-	2	1.259488	I:	D:
6122	6805	-	2	1.279483	I:	D:
6992	8224	+	2	1.282411	I:	D:
>YA3_7717
1	510	+	1	1.289672	I:	D:
536	1159	+	2	1.280778	I:	D:
1227	2045	-	3	1.248804	I:	D:
2297	2452	+	2	1.298259	I:	D:
2574	3257	+	3	1.303641	I:	D:
3254	3730	+	2	1.263994	I:	D:
3891	4175	-	3	1.260377	I:	D:
4254	5630	-	3	1.277217	I:	D:
5627	6439	-	2	1.302929	I:	D:
6440	7777	-	2	1.298482	I:	D:
7777	8328	-	1	1.269043	I:	D:
>YA3_7779
2	451	-	2	1.281448	I:	D:
614	3445	+	2	1.300541	I:	D:
3560	4099	+	2	1.348017	I:	D:
4313	4939	+	2	1.294250	I:	D:
4996	6072	+	1	1.307986	I:	D:
6275	6700	-	2	1.324947	I:	D:
6732	7169	-	3	1.323605	I:	D:
7242	7439	-	3	1.385785	I:	D:
7627	8208	-	1	1.348768	I:	D:
>YA3_7858
2	835	+	2	1.379859	I:	D:
920	1609	+	2	1.310731	I:	D:
1660	2085	+	1	1.280110	I:	D:
2131	3402	+	1	1.270932	I:	D:
3456	4019	+	3	1.302451	I:	D:
4031	4429	+	2	1.267386	I:	D:
4447	4626	+	1	1.307838	I:	D:
4630	5394	+	1	1.276665	I:	D:
5404	7230	+	1	1.288794	I:	D:
7299	8018	+	3	1.273368	I:	D:
>YA3_7874
3	803	-	3	1.293016	I:	D:
803	1291	-	2	1.292834	I:	D:
1349	1504	-	2	1.248625	I:	D:
1568	1981	-	2	1.274752	I:	D:
2044	3060	-	1	1.271952	I:	D:
3198	3416	+	3	1.299177	I:	D:
3418	5160	+	1	1.293592	I:	D:
5351	6343	+	2	1.288991	I:	D:
6709	7242	+	1	1.278734	I:	D:
7255	8013	+	1	1.283056	I:	D:
>YA3_7903
2	1756	-	2	1.286401	I:	D:
1910	2206	-	2	1.285298	I:	D:
2203	3000	-	1	1.274423	I:	D:
3000	3704	-	3	1.289611	I:	D:
3851	4189	+	2	1.230904	I:	D:
4190	4906	-	2	1.304072	I:	D:
4917	5618	+	3	1.294603	I:	D:
5754	7076	+	3	1.288613	I:	D:
7060	7266	+	1	1.317044	I:	D:
7488	7793	+	3	1.289303	I:	D:
>YA3_7940
135	1136	-	3	1.276820	I:	D:
1239	2150	-	3	1.263481	I:	D:
2251	2718	+	1	1.281285	I:	D:
2892	3344	+	3	1.276726	I:	D:
3347	3823	+	2	1.259413	I:	D:
3820	4092	+	1	1.331291	I:	D:
4396	4599	+	1	1.324991	I:	D:
4651	4950	-	1	1.273530	I:	D:
4944	5924	-	3	1.294472	I:	D:
6073	6960	-	1	1.278472	I:	D:
6973	7848	-	1	1.314163	I:	D:
>YA3_7942
1	912	-	1	1.299561	I:	D:
922	1857	-	1	1.318498	I:	D:
1867	2787	-	1	1.309548	I:	D:
2868	4493	-	3	1.281335	I:	D:
4786	4938	+	1	1.265587	I:	D:
5073	5738	+	3	1.253806	I:	D:
5940	6686	+	3	1.270841	I:	D:
6767	7894	+	2	1.277602	I:	D:
>YA3_7987
3	368	+	3	1.291892	I:	D:
677	1237	+	2	1.317314	I:	D:
1502	2464	-	2	1.303486	I:	D:
2726	3448	-	2	1.277804	I:	D:
3515	4309	-	2	1.298346	I:	D:
4413	4700	-	3	1.280746	I:	D:
4928	5536	+	2	1.306747	I:	D:
5603	6214	-	2	1.279247	I:	D:
6260	7657	+	2	1.301795	I:	D:
>YA3_7990
3	2249	-	3	1.281026	I:	D:
2349	2684	-	3	1.335363	I:	D:
2747	3460	-	2	1.286770	I:	D:
3520	3774	-	1	1.341628	I:	D:
3849	4085	+	3	1.343964	I:	D:
4153	5133	-	1	1.298024	I:	D:
5138	5800	-	2	1.298072	I:	D:
5815	7140	-	1	1.306450	I:	D:
7165	7806	-	1	1.280076	I:	D:
>YA3_8005
2	208	+	2	1.251221	I:	D:
208	591	+	1	1.333741	I:	D:
593	1975	+	2	1.279599	I:	D:
1994	2683	+	2	1.357656	I:	D:
2799	3383	+	3	1.274647	I:	D:
3427	4956	-	1	1.312000	I:	D:
5086	5715	-	1	1.290187	I:	D:
5814	6683	+	3	1.287488	I:	D:
6723	7721	-	3	1.301863	I:	D:
>YA3_8047
100	1152	-	1	1.261912	I:	D:
1177	3234	-	1	1.302148	I:	D:
3389	3562	-	2	1.267905	I:	D:
3647	4336	-	2	1.292586	I:	D:
4474	5514	-	1	1.268637	I:	D:
5700	6341	+	3	1.289555	I:	D:
6350	6931	+	2	1.289355	I:	D:
7167	7715	+	3	1.286578	I:	D:
>YA3_8066
1	618	-	1	1.264379	I:	D:
677	829	-	2	1.315795	I:	D:
912	1115	-	3	1.332458	I:	D:
1599	2729	-	3	1.299829	I:	D:
2827	3141	-	1	1.298953	I:	D:
3159	3764	-	3	1.271171	I:	D:
3905	5428	-	2	1.292594	I:	D:
5754	5954	-	3	1.313766	I:	D:
6149	6283	-	2	1.358806	I:	D:
6368	6952	-	2	1.295744	I:	D:
7065	7325	-	3	1.292082	I:	D:
7329	7691	-	3	1.290857	I:	D:
>YA3_8213
2	286	+	2	1.303193	I:	D:
360	1145	+	3	1.325480	I:	D:
1149	2126	+	3	1.325700	I:	D:
2119	2850	+	1	1.283326	I:	D:
2953	3294	-	1	1.299877	I:	D:
3305	4606	-	2	1.285362	I:	D:
4625	5632	-	2	1.295039	I:	D:
5704	7107	-	1	1.276692	I:	D:
7262	7411	+	2	1.347410	I:	D:
>YA3_8277
3	605	+	3	1.259658	I:	D:
676	2061	+	1	1.292013	I:	D:
2070	2330	+	3	1.230368	I:	D:
2532	2690	-	3	1.356409	I:	D:
3047	3835	-	2	1.310693	I:	D:
3895	4404	-	1	1.262752	I:	D:
4458	5891	+	3	1.280492	I:	D:
6083	6256	-	2	1.261914	I:	D:
6370	6918	+	1	1.292837	I:	D:
6930	7097	+	3	1.316504	I:	D:
7130	7303	-	2	1.230983	I:	D:
>YA3_8289
2	196	-	2	1.331050	I:	D:
213	4124	-	3	1.298624	I:	D:
4121	4510	-	2	1.307299	I:	D:
4511	4963	-	2	1.314623	I:	D:
5127	6704	+	3	1.304323	I:	D:
6745	7029	+	1	1.223699	I:	D:
7065	7283	-	3	1.289906	I:	D:
>YA3_8297
1	210	+	1	1.229683	I:	D:
269	427	+	2	1.420482	I:	D:
524	3337	-	2	1.273463	I:	D:
3515	3688	+	2	1.312656	I:	D:
3765	4025	+	3	1.258276	I:	D:
4030	4683	+	1	1.324059	I:	D:
4829	5113	+	2	1.278860	I:	D:
5123	6478	+	2	1.303153	I:	D:
>YA3_8319
2	235	-	2	1.292105	I:	D:
238	624	-	1	1.279755	I:	D:
596	871	+	2	1.335015	I:	D:
1817	2302	-	2	1.306053	I:	D:
2767	3414	-	1	1.295146	I:	D:
3754	4089	-	1	1.299573	I:	D:
4064	4693	-	2	1.276398	I:	D:
4706	5041	-	2	1.281072	I:	D:
5364	5522	-	3	1.275140	I:	D:
5659	6000	-	1	1.278827	I:	D:
6004	6267	-	1	1.221066	I:	D:
6713	7012	-	2	1.337845	I:	D:
6997	7230	-	1	1.304743	I:	D:
>YA3_8380
70	1074	-	1	1.279470	I:	D:
1143	1838	+	3	1.287415	I:	D:
1855	3222	+	1	1.278981	I:	D:
3325	3738	-	1	1.312909	I:	D:
3800	4954	-	2	1.266019	I:	D:
5018	6313	+	2	1.287893	I:	D:
6365	6532	-	2	1.311276	I:	D:
6536	6805	-	2	1.276290	I:	D:
6890	7123	+	2	1.229224	I:	D:
>YA3_8391
3	173	+	3	1.268057	I:	D:
272	928	+	2	1.267132	I:	D:
948	2180	+	3	1.273894	I:	D:
2292	2801	-	3	1.321830	I:	D:
2942	3421	-	2	1.307943	I:	D:
3421	5130	-	1	1.303276	I:	D:
5130	6446	-	3	1.304706	I:	D:
6349	7104	-	1	1.298580	I:	D:
>YA3_8456
3	2030	+	3	1.289966	I:	D:
2422	4152	+	1	1.269760	I:	D:
4181	4702	+	2	1.283012	I:	D:
4818	4988	+	3	1.329006	I:	D:
5014	5685	+	1	1.314513	I:	D:
5875	6210	+	1	1.269155	I:	D:
6210	6434	+	3	1.296250	I:	D:
6504	7010	+	3	1.269020	I:	D:
>YA3_8533
1	1932	+	1	1.295157	I:	D:
1932	2186	+	3	1.298963	I:	D:
2425	2667	+	1	1.315410	I:	D:
2933	3793	+	2	1.281632	I:	D:
3812	4999	+	2	1.261398	I:	D:
5107	5385	+	1	1.243887	I:	D:
5387	5566	+	2	1.281547	I:	D:
5625	6014	+	3	1.284502	I:	D:
6077	6313	+	2	1.320133	I:	D:
6342	6917	+	3	1.290857	I:	D:
>YA3_8554
2	142	-	2	1.234096	I:	D:
258	1070	-	3	1.312409	I:	D:
1072	2421	-	1	1.294648	I:	D:
2452	2691	-	1	1.376100	I:	D:
2699	3040	-	2	1.316876	I:	D:
3040	3993	-	1	1.313345	I:	D:
4325	4555	-	2	1.334859	I:	D:
4626	4928	-	3	1.356825	I:	D:
4922	5098	-	2	1.267224	I:	D:
5145	5315	-	3	1.232402	I:	D:
5442	5885	-	3	1.294900	I:	D:
6165	6719	+	3	1.267037	I:	D:
>YA3_8584
3	689	-	3	1.321121	I:	D:
921	1088	-	3	1.380214	I:	D:
1060	1656	-	1	1.306502	I:	D:
1755	2039	-	3	1.242194	I:	D:
2073	2219	+	3	1.352707	I:	D:
2278	2412	-	1	1.342256	I:	D:
2876	3196	+	2	1.243290	I:	D:
3197	3913	+	2	1.283262	I:	D:
4236	4445	+	3	1.248284	I:	D:
4526	4975	-	2	1.228886	I:	D:
5078	6829	+	2	1.271281	I:	D:
>YA3_8663
1	969	-	1	1.266755	I:	D:
1224	1643	+	3	1.296114	I:	D:
1640	2578	+	2	1.282081	I:	D:
2852	3052	-	2	1.230227	I:	D:
3345	3905	-	3	1.259196	I:	D:
4097	5098	-	2	1.294031	I:	D:
5360	6748	+	2	1.287728	I:	D:
>YA3_8670
255	1472	-	3	1.302610	I:	D:
1526	2269	-	2	1.288095	I:	D:
2317	3522	-	1	1.292332	I:	D:
3602	4021	-	2	1.316263	I:	D:
4027	5367	-	1	1.289571	I:	D:
5453	6676	+	2	1.294017	I:	D:
>YA3_8701
2	412	-	2	1.278097	I:	D:
466	1647	-	1	1.296891	I:	D:
1772	2023	-	2	1.347993	I:	D:
2207	2533	-	2	1.299695	I:	D:
2605	2919	-	1	1.303543	I:	D:
3000	3482	-	3	1.243871	I:	D:
3613	4044	-	1	1.286828	I:	D:
4283	5677	+	2	1.278414	I:	D:
5777	6391	+	2	1.265256	I:	D:
6429	6701	-	3	1.251675	I:	D:
>YA3_8777
2	565	-	2	1.292825	I:	D:
569	1024	-	2	1.254624	I:	D:
1098	1364	-	3	1.245741	I:	D:
1388	2083	-	2	1.318240	I:	D:
2166	2300	-	3	1.315619	I:	D:
2503	2676	+	1	1.292248	I:	D:
2754	3167	+	3	1.279720	I:	D:
3386	3622	+	2	1.308819	I:	D:
3737	3883	+	2	1.263576	I:	D:
4028	4696	+	2	1.297147	I:	D:
4717	5436	-	1	1.307044	I:	D:
5551	6594	-	1	1.266177	I:	D:
>YA3_8802
3	257	-	3	1.366117	I:	D:
539	1504	-	2	1.283317	I:	D:
1629	2039	-	3	1.297302	I:	D:
2086	2838	-	1	1.304235	I:	D:
2986	3201	+	1	1.328533	I:	D:
3428	3592	+	2	1.312965	I:	D:
3632	3919	+	2	1.283193	I:	D:
3943	4320	+	1	1.297497	I:	D:
4666	6018	+	1	1.303609	I:	D:
6058	6573	+	1	1.290573	I:	D:
>YA3_8816
137	916	+	2	1.313886	I:	D:
1055	1606	+	2	1.265421	I:	D:
1603	2274	+	1	1.292488	I:	D:
2300	3583	-	2	1.306893	I:	D:
3685	4374	-	1	1.288341	I:	D:
4628	5503	-	2	1.264179	I:	D:
5591	6376	-	2	1.320431	I:	D:
6386	6553	-	2	1.355782	I:	D:
>YA3_8885
55	735	-	1	1.313928	I:	D:
737	1846	-	2	1.280715	I:	D:
2154	2885	+	3	1.289150	I:	D:
2956	3942	-	1	1.292886	I:	D:
3946	4719	-	1	1.336609	I:	D:
4739	4894	-	2	1.320958	I:	D:
4981	5397	-	1	1.311674	I:	D:
5584	5958	+	1	1.323051	I:	D:
6066	6374	+	3	1.267801	I:	D:
>YA3_8936
310	1278	+	1	1.306378	I:	D:
1344	1664	+	3	1.293640	I:	D:
1719	2015	-	3	1.251889	I:	D:
2018	2182	-	2	1.316174	I:	D:
2221	3513	-	1	1.298011	I:	D:
3815	4252	-	2	1.260679	I:	D:
4513	6147	+	1	1.322053	I:	D:
6159	6401	+	3	1.294172	I:	D:
>YA3_8962
1	768	+	1	1.307090	I:	D:
797	1408	+	2	1.325976	I:	D:
1498	2919	-	1	1.286810	I:	D:
3152	3499	-	2	1.268982	I:	D:
3616	5559	-	1	1.305789	I:	D:
5564	6166	-	2	1.320610	I:	D:
>YA3_8973
3	263	+	3	1.272667	I:	D:
285	683	-	3	1.318642	I:	D:
602	1216	-	2	1.306391	I:	D:
1397	2845	-	2	1.304427	I:	D:
2955	3959	-	3	1.279173	I:	D:
4036	4416	-	1	1.322135	I:	D:
4544	5227	+	2	1.295197	I:	D:
5273	5401	+	2	1.312927	I:	D:
5495	6355	-	2	1.279919	I:	D:
>YA3_8988
133	867	-	1	1.293486	I:	D:
970	1236	-	1	1.274302	I:	D:
1304	1795	-	2	1.165028	I:	D:
2100	2306	-	3	1.191567	I:	D:
2296	2664	-	1	1.136413	I:	D:
2795	2938	+	2	1.297913	I:	D:
3480	3962	-	3	1.269591	I:	D:
4032	5366	-	3	1.272422	I:	D:
5416	6264	-	1	1.278805	I:	D:
>YA3_9040
68	2041	+	2	1.284749	I:	D:
2200	3714	-	1	1.293618	I:	D:
3874	4512	+	1	1.250222	I:	D:
4531	4662	-	1	1.278055	I:	D:
4698	6353	+	3	1.311808	I:	D:
6355	6573	+	1	1.271858	I:	D:
6695	7306	+	2	1.271604	I:	D:
7417	7590	-	1	1.276850	I:	D:
7686	7853	+	3	1.378242	I:	D:
7893	9329	+	3	1.293510	I:	D:
9923	11137	+	2	1.261513	I:	D:
11187	11615	-	3	1.257148	I:	D:
11646	12593	-	3	1.284068	I:	D:
12647	13021	-	2	1.287506	I:	D:
13038	13907	-	3	1.282348	I:	D:
13926	15467	-	3	1.275341	I:	D:
15480	16013	-	3	1.255861	I:	D:
16026	16496	-	3	1.218149	I:	D:
16534	16788	-	1	1.249642	I:	D:
16845	17642	-	3	1.293404	I:	D:
17684	18052	-	2	1.266824	I:	D:
18193	18804	-	1	1.264567	I:	D:
18977	20224	-	2	1.279730	I:	D:
20282	20863	-	2	1.302848	I:	D:
21293	21730	-	2	1.271984	I:	D:
21739	21999	-	1	1.216880	I:	D:
22141	23154	+	1	1.263206	I:	D:
23214	25796	-	3	1.271172	I:	D:
25882	26598	-	1	1.287935	I:	D:
26740	27588	+	1	1.303743	I:	D:
27594	28100	+	3	1.273332	I:	D:
28140	30158	+	3	1.265991	I:	D:
30297	31391	+	3	1.275990	I:	D:
31469	31897	+	2	1.284559	I:	D:
31894	32829	+	1	1.289812	I:	D:
32999	34453	+	2	1.307599	I:	D:
34542	34844	-	3	1.296476	I:	D:
34888	35235	-	1	1.329098	I:	D:
35404	36780	+	1	1.258882	I:	D:
36944	38158	+	2	1.301221	I:	D:
38217	38894	-	3	1.298113	I:	D:
39899	40072	+	2	1.284804	I:	D:
40196	40402	+	2	1.298759	I:	D:
40402	41739	+	1	1.318271	I:	D:
41809	42411	+	1	1.291286	I:	D:
>YA3_9129
1	735	+	1	1.258594	I:	D:
1031	1168	+	2	1.299828	I:	D:
1325	2023	-	2	1.280578	I:	D:
2223	2807	+	3	1.243953	I:	D:
2957	3694	+	2	1.267790	I:	D:
3706	4425	+	1	1.229539	I:	D:
4429	5100	+	1	1.284521	I:	D:
5100	5783	+	3	1.306200	I:	D:
5839	6204	+	1	1.282848	I:	D:
>YA3_9205
2	205	-	2	1.282962	I:	D:
370	1713	-	1	1.279051	I:	D:
1695	2795	-	3	1.287698	I:	D:
2815	2946	+	1	1.292499	I:	D:
3295	3615	+	1	1.305258	I:	D:
3675	4277	+	3	1.289088	I:	D:
4668	5816	+	3	1.314565	I:	D:
5818	6126	+	1	1.344963	I:	D:
>YA3_9233
3	143	+	3	1.232850	I:	D:
442	609	+	1	1.353168	I:	D:
888	1109	+	3	1.320027	I:	D:
1651	1803	+	1	1.292386	I:	D:
2145	2336	+	3	1.336154	I:	D:
2419	2565	+	1	1.281008	I:	D:
2771	3601	-	2	1.256900	I:	D:
3639	4409	-	3	1.285152	I:	D:
4439	5674	-	2	1.324134	I:	D:
5698	5898	-	1	1.278839	I:	D:
5903	6097	-	2	1.265687	I:	D:
>YA3_9269
3	362	+	3	1.287032	I:	D:
407	814	+	2	1.267412	I:	D:
804	1262	+	3	1.287939	I:	D:
1441	1866	+	1	1.326753	I:	D:
1915	3600	+	1	1.294842	I:	D:
3684	5105	-	3	1.297539	I:	D:
5283	5549	-	3	1.271815	I:	D:
5622	6056	-	3	1.316997	I:	D:
>YA3_9313
2	388	+	2	1.284288	I:	D:
501	773	+	3	1.329829	I:	D:
836	1171	+	2	1.304104	I:	D:
1288	1641	+	1	1.294439	I:	D:
1707	2219	+	3	1.279598	I:	D:
2223	2450	+	3	1.264565	I:	D:
2553	2843	+	3	1.258205	I:	D:
2867	3091	+	2	1.324919	I:	D:
3226	4716	+	1	1.283127	I:	D:
4727	5698	+	2	1.294420	I:	D:
5780	6820	-	2	1.285148	I:	D:
6820	7158	-	1	1.259612	I:	D:
7160	7753	-	2	1.278604	I:	D:
7866	9110	-	3	1.264917	I:	D:
9113	10435	-	2	1.260812	I:	D:
10571	11239	-	2	1.314623	I:	D:
11459	12037	-	2	1.264996	I:	D:
12085	12249	-	1	1.278492	I:	D:
12359	13333	+	2	1.305254	I:	D:
13335	13832	+	3	1.328345	I:	D:
13844	14071	+	2	1.328929	I:	D:
14120	14539	-	2	1.270460	I:	D:
14539	15099	-	1	1.297702	I:	D:
15099	15374	-	3	1.255039	I:	D:
15523	15840	-	1	1.275858	I:	D:
15899	16189	-	2	1.276230	I:	D:
16415	16624	+	2	1.385387	I:	D:
16761	18278	+	3	1.286444	I:	D:
18298	18831	+	1	1.324376	I:	D:
18910	19185	-	1	1.300469	I:	D:
19399	20994	-	1	1.269732	I:	D:
21349	22014	-	1	1.276301	I:	D:
21993	22664	-	3	1.295845	I:	D:
22729	23298	-	1	1.288485	I:	D:
23362	24585	-	1	1.299435	I:	D:
24610	25899	-	1	1.300554	I:	D:
26079	27677	-	3	1.286592	I:	D:
27851	28249	-	2	1.286064	I:	D:
28366	30135	-	1	1.297723	I:	D:
30312	31025	+	3	1.282011	I:	D:
31138	31620	+	1	1.269731	I:	D:
31774	32040	+	1	1.278689	I:	D:
32050	32187	+	1	1.301261	I:	D:
32238	33410	-	3	1.268388	I:	D:
33438	35510	-	3	1.269084	I:	D:
35507	36073	-	2	1.223661	I:	D:
36094	36429	-	1	1.238470	I:	D:
36441	38447	-	3	1.254489	I:	D:
38620	38799	-	1	1.316053	I:	D:
38956	40590	-	1	1.230861	I:	D:
>YA3_9314
1	1290	-	1	1.272562	I:	D:
1388	2323	+	2	1.294082	I:	D:
2570	3328	+	2	1.285521	I:	D:
3414	4202	+	3	1.279356	I:	D:
4341	6017	+	3	1.265588	I:	D:
>YA3_9318
22	1113	+	1	1.264831	I:	D:
1234	1674	+	1	1.280699	I:	D:
1874	2134	+	2	1.317834	I:	D:
2212	2910	-	1	1.332762	I:	D:
2911	4476	-	1	1.324229	I:	D:
4780	5130	+	1	1.269381	I:	D:
5123	5353	+	2	1.228998	I:	D:
5487	5636	+	3	1.242968	I:	D:
5741	6013	+	2	1.323001	I:	D:
>YA3_9348
2	151	-	2	1.219330	I:	D:
241	2907	-	1	1.273952	I:	D:
3097	3672	+	1	1.305004	I:	D:
3759	4496	-	3	1.219750	I:	D:
4672	5256	-	1	1.256514	I:	D:
5527	5979	+	1	1.255818	I:	D:
>YA3_9371
739	2397	-	1	1.306048	I:	D:
2434	4503	-	1	1.316895	I:	D:
4664	5956	+	2	1.283195	I:	D:
>YA3_9393
39	881	+	3	1.282600	I:	D:
1190	2851	-	2	1.278043	I:	D:
3080	4222	-	2	1.278358	I:	D:
4317	4532	+	3	1.278251	I:	D:
4544	4882	+	2	1.257502	I:	D:
5002	5268	+	1	1.252227	I:	D:
5343	5933	+	3	1.290711	I:	D:
>YA3_9456
86	607	-	2	1.319061	I:	D:
618	986	-	3	1.279695	I:	D:
1068	1244	-	3	1.249627	I:	D:
1496	2314	-	2	1.309881	I:	D:
2329	4254	-	1	1.272744	I:	D:
4247	4840	-	2	1.288166	I:	D:
4911	5489	-	3	1.315698	I:	D:
5591	5878	-	2	1.251576	I:	D:
>YA3_9476
1	405	+	1	1.299986	I:	D:
408	851	+	3	1.287756	I:	D:
907	1815	-	1	1.273662	I:	D:
1876	2592	-	1	1.300647	I:	D:
2585	3499	-	2	1.321035	I:	D:
3549	3689	+	3	1.325381	I:	D:
4054	4293	-	1	1.396193	I:	D:
4303	5865	-	1	1.285365	I:	D:
>YA3_9518
197	397	-	2	1.253759	I:	D:
689	1006	-	2	1.270716	I:	D:
1045	1488	-	1	1.271790	I:	D:
1537	1665	-	1	1.253295	I:	D:
1773	2180	+	3	1.256856	I:	D:
2186	3130	-	2	1.276512	I:	D:
3127	3618	-	1	1.268537	I:	D:
3735	5105	-	3	1.263784	I:	D:
5365	7002	+	1	1.288401	I:	D:
7096	8049	-	1	1.290552	I:	D:
8308	9147	+	1	1.269683	I:	D:
9184	9858	+	1	1.273049	I:	D:
9791	10609	+	2	1.250704	I:	D:
10846	12624	-	1	1.280267	I:	D:
12895	14205	+	1	1.268470	I:	D:
14289	14708	+	3	1.302690	I:	D:
14717	15424	+	2	1.294163	I:	D:
15429	16058	+	3	1.325804	I:	D:
16061	17242	+	2	1.296161	I:	D:
17291	18436	+	2	1.280462	I:	D:
18592	19281	-	1	1.250505	I:	D:
19286	19714	-	2	1.262577	I:	D:
19886	20443	-	2	1.255343	I:	D:
20445	20861	-	3	1.269817	I:	D:
20983	21276	-	1	1.234284	I:	D:
21289	21435	+	1	1.343770	I:	D:
21674	21814	+	2	1.388501	I:	D:
21940	22482	-	1	1.352123	I:	D:
22492	23073	-	1	1.291263	I:	D:
23218	24516	-	1	1.241410	I:	D:
24730	25170	-	1	1.257783	I:	D:
25348	26181	+	1	1.308986	I:	D:
26286	29111	-	3	1.301198	I:	D:
29144	30070	-	2	1.313601	I:	D:
30121	31695	-	1	1.322458	I:	D:
31956	32225	+	3	1.250381	I:	D:
32386	34731	+	1	1.290402	I:	D:
34748	35488	+	2	1.294640	I:	D:
35555	36856	-	2	1.309600	I:	D:
37066	38250	+	1	1.295593	I:	D:
38305	38769	-	1	1.313409	I:	D:
38901	39176	+	3	1.321466	I:	D:
>YA3_9594
3	389	+	3	1.300024	I:	D:
427	759	+	1	1.344602	I:	D:
933	1259	+	3	1.327217	I:	D:
1277	1798	+	2	1.265689	I:	D:
1867	2076	+	1	1.240072	I:	D:
2305	2613	+	1	1.268236	I:	D:
2703	4571	+	3	1.266684	I:	D:
4635	4925	-	3	1.249699	I:	D:
5176	5655	-	1	1.267360	I:	D:
>YA3_9779
132	887	+	3	1.295958	I:	D:
889	1443	+	1	1.254710	I:	D:
1443	1913	+	3	1.321790	I:	D:
1925	2221	+	2	1.249079	I:	D:
2278	3075	+	1	1.318628	I:	D:
3021	4472	+	3	1.284524	I:	D:
4505	4813	+	2	1.297964	I:	D:
4791	5537	+	3	1.289144	I:	D:
>YA3_9830
198	1223	+	3	1.301644	I:	D:
1404	2399	+	3	1.236396	I:	D:
2636	3088	+	2	1.286787	I:	D:
3167	3976	+	2	1.263418	I:	D:
3995	4339	+	2	1.310581	I:	D:
4355	5002	+	2	1.302349	I:	D:
5068	5541	+	1	1.265335	I:	D:
>YA3_9877
49	414	-	1	1.274136	I:	D:
462	761	-	3	1.239827	I:	D:
775	1254	-	1	1.252077	I:	D:
1200	3164	-	3	1.262138	I:	D:
3347	4213	-	2	1.264960	I:	D:
4414	5277	+	1	1.268811	I:	D:
5348	5497	-	2	1.253160	I:	D:
>YA3_9898
2	295	+	2	1.260017	I:	D:
437	694	+	2	1.268162	I:	D:
800	1273	+	2	1.242847	I:	D:
1278	1688	+	3	1.268118	I:	D:
1859	2752	+	2	1.303481	I:	D:
2752	3246	+	1	1.303201	I:	D:
3240	3866	+	3	1.277032	I:	D:
3883	4518	+	1	1.273417	I:	D:
4687	4935	-	1	1.327794	I:	D:
5042	5482	+	2	1.253538	I:	D:
>YA3_9917
2	205	-	2	1.283836	I:	D:
320	1138	+	2	1.311368	I:	D:
1158	2222	+	3	1.287520	I:	D:
2234	2824	+	2	1.288895	I:	D:
2961	3233	+	3	1.235301	I:	D:
3360	4142	+	3	1.294431	I:	D:
4193	5467	+	2	1.289370	I:	D:
>YA3_9996
2	424	-	2	1.275824	I:	D:
434	1237	-	2	1.277278	I:	D:
1790	2479	+	2	1.333859	I:	D:
2753	3430	-	2	1.298906	I:	D:
3449	4909	+	2	1.302429	I:	D:
4971	5405	-	3	1.331313	I:	D:
>YA3_10140
2	835	-	2	1.292642	I:	D:
845	1456	-	2	1.296631	I:	D:
1624	2439	-	1	1.296811	I:	D:
2514	3266	-	3	1.256880	I:	D:
3326	3694	-	2	1.276415	I:	D:
3997	4575	-	1	1.286726	I:	D:
4665	5288	-	3	1.254487	I:	D:
>YA3_10162
1	231	+	1	1.267632	I:	D:
326	1042	+	2	1.318924	I:	D:
1029	2084	+	3	1.297252	I:	D:
2121	3266	+	3	1.287282	I:	D:
3260	3550	+	2	1.294581	I:	D:
3652	3804	-	1	1.218096	I:	D:
3904	4782	-	1	1.275024	I:	D:
4923	5264	-	3	1.274091	I:	D:
>YA3_10163
223	363	-	1	1.234958	I:	D:
577	1695	+	1	1.288369	I:	D:
1797	2231	+	3	1.316653	I:	D:
2305	3045	+	1	1.272342	I:	D:
3063	3497	+	3	1.246362	I:	D:
3548	4114	+	2	1.294457	I:	D:
4240	4566	+	1	1.280661	I:	D:
4604	4792	+	2	1.243174	I:	D:
4806	5264	+	3	1.274740	I:	D:
>YA3_10306
2	154	+	2	1.249186	I:	D:
384	725	-	3	1.291017	I:	D:
771	1670	-	3	1.274020	I:	D:
1760	2344	-	2	1.263116	I:	D:
2353	2526	+	1	1.361128	I:	D:
2683	2922	-	1	1.250900	I:	D:
2993	3364	-	2	1.288266	I:	D:
3439	3960	-	1	1.256988	I:	D:
3970	4338	-	1	1.280724	I:	D:
4344	4727	-	3	1.245337	I:	D:
4782	5159	-	3	1.301208	I:	D:
>YA3_10318
3	494	-	3	1.322451	I:	D:
591	899	-	3	1.277628	I:	D:
968	1999	-	2	1.297703	I:	D:
2021	2404	-	2	1.303832	I:	D:
2416	4143	+	1	1.275017	I:	D:
4128	4454	+	3	1.290546	I:	D:
4567	4836	-	1	1.267916	I:	D:
4969	5154	-	1	1.290324	I:	D:
>YA3_10359
3	1751	-	3	1.300314	I:	D:
1921	2994	-	1	1.287179	I:	D:
3144	4511	+	3	1.274354	I:	D:
4637	5125	+	2	1.274032	I:	D:
>YA3_10383
2	154	-	2	1.271335	I:	D:
263	955	-	2	1.293590	I:	D:
986	2410	-	2	1.284234	I:	D:
2495	2686	+	2	1.348227	I:	D:
2899	3615	+	1	1.292315	I:	D:
3685	4524	-	1	1.288515	I:	D:
4740	5108	+	3	1.358607	I:	D:
>YA3_10412
3	488	-	3	1.265142	I:	D:
1011	2114	+	3	1.310864	I:	D:
2178	2954	+	3	1.274883	I:	D:
2947	3537	+	1	1.265508	I:	D:
3648	4613	+	3	1.265680	I:	D:
4687	5091	-	1	1.275362	I:	D:
>YA3_10415
3	731	-	3	1.235084	I:	D:
731	1699	-	2	1.290707	I:	D:
1693	2235	-	1	1.274415	I:	D:
2429	3142	+	2	1.278987	I:	D:
3222	3815	-	3	1.307611	I:	D:
3842	4165	-	2	1.338818	I:	D:
4321	5088	-	1	1.300916	I:	D:
>YA3_10424
1	351	+	1	1.252203	I:	D:
386	2167	+	2	1.286580	I:	D:
2160	3818	+	3	1.289619	I:	D:
3858	4793	-	3	1.298107	I:	D:
>YA3_10504
1	132	-	1	1.237037	I:	D:
382	1173	-	1	1.261709	I:	D:
1285	2487	-	1	1.303017	I:	D:
2491	3546	-	1	1.267601	I:	D:
3548	4078	-	2	1.298447	I:	D:
4071	5027	-	3	1.328304	I:	D:
>YA3_10536
2	187	-	2	1.323793	I:	D:
207	1025	+	3	1.250846	I:	D:
1396	1848	-	1	1.253552	I:	D:
1918	2973	-	1	1.242413	I:	D:
3110	3952	-	2	1.274680	I:	D:
4183	4695	+	1	1.297401	I:	D:
>YA3_10580
216	485	+	3	1.360230	I:	D:
554	730	+	2	1.355439	I:	D:
817	1491	+	1	1.294324	I:	D:
1788	2549	+	3	1.259497	I:	D:
2641	3681	+	1	1.333396	I:	D:
3887	4525	+	2	1.310934	I:	D:
4648	4977	+	1	1.319456	I:	D:
>YA3_10628
99	449	-	3	1.305865	I:	D:
471	3026	-	3	1.285324	I:	D:
3030	3983	-	3	1.291843	I:	D:
3985	4935	-	1	1.291747	I:	D:
>YA3_10635
1	306	+	1	1.323991	I:	D:
385	705	+	1	1.253043	I:	D:
835	1038	+	1	1.281065	I:	D:
1080	2408	-	3	1.278395	I:	D:
2479	3177	+	1	1.319301	I:	D:
3212	3895	-	2	1.298949	I:	D:
4018	4926	+	1	1.282622	I:	D:
>YA3_10641
2	196	-	2	1.279423	I:	D:
221	619	-	2	1.294524	I:	D:
576	923	-	3	1.289519	I:	D:
1049	1852	+	2	1.286029	I:	D:
1914	2693	+	3	1.290798	I:	D:
2762	4495	+	2	1.292451	I:	D:
4539	4922	-	3	1.257550	I:	D:
>YA3_10750
2	886	-	2	1.307563	I:	D:
1007	1633	-	2	1.264541	I:	D:
1754	2092	-	2	1.296100	I:	D:
2275	4518	-	1	1.304603	I:	D:
>YA3_10791
3	740	-	3	1.307931	I:	D:
874	1836	-	1	1.303557	I:	D:
1847	3868	-	2	1.313888	I:	D:
3905	4312	-	2	1.321160	I:	D:
4426	4581	+	1	1.363332	I:	D:
>YA3_10831
3	1280	+	3	1.292397	I:	D:
1374	1808	-	3	1.265871	I:	D:
1840	2364	-	1	1.242310	I:	D:
2489	3274	-	2	1.280865	I:	D:
3345	3986	+	3	1.291134	I:	D:
3991	4800	+	1	1.300917	I:	D:
>YA3_10940
468	1439	-	3	1.284867	I:	D:
1715	2125	-	2	1.295611	I:	D:
2326	2691	-	1	1.282376	I:	D:
2774	3961	-	2	1.292696	I:	D:
4109	4723	-	2	1.300105	I:	D:
>YA3_11004
45	1091	+	3	1.307746	I:	D:
1275	2300	+	3	1.282738	I:	D:
2294	3235	+	2	1.306475	I:	D:
4236	4493	+	3	1.253240	I:	D:
>YA3_11017
91	1182	+	1	1.328929	I:	D:
1182	1943	+	3	1.282293	I:	D:
1927	2784	+	1	1.248942	I:	D:
3008	4120	+	2	1.256934	I:	D:
4189	4587	-	1	1.324041	I:	D:
>YA3_11019
1	132	-	1	1.261509	I:	D:
244	570	+	1	1.261796	I:	D:
639	1796	-	3	1.289460	I:	D:
1805	2812	-	2	1.234574	I:	D:
3130	3294	-	1	1.282351	I:	D:
3297	3437	-	3	1.317272	I:	D:
3877	4470	-	1	1.274471	I:	D:
4512	4679	-	3	1.280330	I:	D:
>YA3_11068
84	551	+	3	1.317003	I:	D:
711	1343	+	3	1.312096	I:	D:
1463	2320	+	2	1.275535	I:	D:
2380	3363	+	1	1.275997	I:	D:
3509	4642	+	2	1.293786	I:	D:
>YA3_11098
2	406	+	2	1.239358	I:	D:
421	801	+	1	1.268843	I:	D:
1028	1573	+	2	1.228757	I:	D:
1582	2697	+	1	1.295234	I:	D:
2844	4061	+	3	1.291435	I:	D:
4146	4622	+	3	1.224926	I:	D:
>YA3_11220
1	441	+	1	1.286577	I:	D:
509	1336	-	2	1.288352	I:	D:
1558	2874	-	1	1.309175	I:	D:
2889	3596	-	3	1.304934	I:	D:
3676	3873	+	1	1.290706	I:	D:
4314	4550	+	3	1.295338	I:	D:
>YA3_11422
2	658	+	2	1.262405	I:	D:
723	1427	-	3	1.284354	I:	D:
1515	2237	+	3	1.305814	I:	D:
2239	3648	+	1	1.307676	I:	D:
3675	4103	+	3	1.295321	I:	D:
>YA3_11446
2	1414	+	2	1.264498	I:	D:
1428	2156	+	3	1.308888	I:	D:
2166	3449	+	3	1.266081	I:	D:
3695	4420	+	2	1.254547	I:	D:
>YA3_11452
2	163	+	2	1.295540	I:	D:
304	1983	+	1	1.280308	I:	D:
2050	2349	+	1	1.322492	I:	D:
2360	2488	+	2	1.237327	I:	D:
2627	3046	+	2	1.303646	I:	D:
3140	4417	+	2	1.308044	I:	D:
>YA3_11459
85	1734	-	1	1.272621	I:	D:
1791	2873	-	3	1.274876	I:	D:
2897	4303	-	2	1.285713	I:	D:
>YA3_11466
1	552	-	1	1.287744	I:	D:
673	1581	-	1	1.242133	I:	D:
1596	2357	-	3	1.296520	I:	D:
2348	3307	-	2	1.324106	I:	D:
3300	4253	-	3	1.325563	I:	D:
>YA3_11553
109	975	+	1	1.270403	I:	D:
985	1863	+	1	1.258451	I:	D:
1952	2755	+	2	1.274548	I:	D:
2789	3937	+	2	1.284287	I:	D:
4095	4364	-	3	1.295938	I:	D:
>YA3_11554
2	712	+	2	1.272796	I:	D:
772	990	-	1	1.255418	I:	D:
1229	1411	-	2	1.318639	I:	D:
1457	2629	-	2	1.269280	I:	D:
2908	3231	+	1	1.260973	I:	D:
3326	3661	-	2	1.300371	I:	D:
3658	4410	-	1	1.303286	I:	D:
4567	5268	+	1	1.324850	I:	D:
5436	6788	+	3	1.289438	I:	D:
6918	8216	+	3	1.279882	I:	D:
8282	8563	+	2	1.299009	I:	D:
8706	8948	+	3	1.363197	I:	D:
9095	9967	+	2	1.321913	I:	D:
10015	10155	+	1	1.310981	I:	D:
10249	10740	-	1	1.267475	I:	D:
10740	12464	-	3	1.284777	I:	D:
12836	14056	-	2	1.278420	I:	D:
14239	14997	+	1	1.295077	I:	D:
15395	16237	+	2	1.313386	I:	D:
16294	17259	-	1	1.300891	I:	D:
17414	17644	-	2	1.348413	I:	D:
17806	18423	-	1	1.310104	I:	D:
18462	19889	-	3	1.298492	I:	D:
20090	20248	-	2	1.298300	I:	D:
20849	21436	-	2	1.249143	I:	D:
21555	22445	+	3	1.280626	I:	D:
22522	23154	+	1	1.296908	I:	D:
23262	24239	+	3	1.276467	I:	D:
24721	24852	+	1	1.297935	I:	D:
25004	25738	-	2	1.266028	I:	D:
25815	26387	+	3	1.305607	I:	D:
26595	27632	+	3	1.268089	I:	D:
27689	28201	+	2	1.321912	I:	D:
28255	28473	+	1	1.290349	I:	D:
28914	29291	+	3	1.263280	I:	D:
29293	29427	+	1	1.261818	I:	D:
29591	29806	+	2	1.285331	I:	D:
30340	30819	+	1	1.302760	I:	D:
>YA3_11564
111	2246	+	3	1.293533	I:	D:
2398	3468	+	1	1.286880	I:	D:
3546	3995	+	3	1.293338	I:	D:
3997	4359	+	1	1.317047	I:	D:
>YA3_11579
1	210	+	1	1.254893	I:	D:
262	1359	-	1	1.334747	I:	D:
1339	1500	+	1	1.308966	I:	D:
1520	2047	-	2	1.292950	I:	D:
2047	2844	-	1	1.313285	I:	D:
2866	3843	-	1	1.283009	I:	D:
3975	4352	-	3	1.294626	I:	D:
>YA3_11632
29	529	-	2	1.244926	I:	D:
575	1486	-	2	1.283415	I:	D:
1548	2285	+	3	1.309196	I:	D:
2322	3368	-	3	1.306704	I:	D:
3463	3813	+	1	1.257634	I:	D:
3834	4133	+	3	1.275566	I:	D:
4159	4317	+	1	1.254049	I:	D:
>YA3_11661
2	382	-	2	1.334762	I:	D:
402	2315	-	3	1.302734	I:	D:
2538	3086	-	3	1.278557	I:	D:
3151	3546	+	1	1.273000	I:	D:
3585	4142	-	3	1.286812	I:	D:
>YA3_11676
3	2081	-	3	1.268808	I:	D:
2310	2777	+	3	1.269631	I:	D:
2845	3066	-	1	1.248125	I:	D:
3063	4121	-	3	1.315429	I:	D:
>YA3_11859
62	280	+	2	1.268564	I:	D:
293	724	+	2	1.262212	I:	D:
721	963	+	1	1.303107	I:	D:
1473	2939	-	3	1.299755	I:	D:
3009	3845	+	3	1.289286	I:	D:
3857	4195	+	2	1.272809	I:	D:
>YA3_11914
1	1041	-	1	1.300063	I:	D:
1455	1817	-	3	1.323576	I:	D:
1911	2681	-	3	1.242935	I:	D:
2836	3708	-	1	1.281070	I:	D:
3836	4162	-	2	1.271412	I:	D:
>YA3_11925
473	1552	-	2	1.299186	I:	D:
1562	1834	-	2	1.245038	I:	D:
1827	2945	-	3	1.298517	I:	D:
3139	3351	+	1	1.307921	I:	D:
3491	4159	-	2	1.293230	I:	D:
>YA3_12039
109	1044	-	1	1.273241	I:	D:
1068	1556	-	3	1.248177	I:	D:
1614	2855	-	3	1.274328	I:	D:
3130	3579	+	1	1.269062	I:	D:
3658	4098	-	1	1.265948	I:	D:
>YA3_12047
91	1311	-	1	1.315675	I:	D:
1348	1929	-	1	1.289056	I:	D:
1929	2165	-	3	1.294239	I:	D:
2276	2455	-	2	1.280569	I:	D:
2708	3166	-	2	1.302181	I:	D:
3385	3600	+	1	1.276387	I:	D:
3636	3917	+	3	1.290400	I:	D:
>YA3_12102
1	1332	-	1	1.283658	I:	D:
1367	1522	+	2	1.423951	I:	D:
1820	2431	-	2	1.289179	I:	D:
2441	3418	-	2	1.231767	I:	D:
3436	4068	-	1	1.251923	I:	D:
>YA3_12142
58	1164	+	1	1.291864	I:	D:
1164	3245	+	3	1.294504	I:	D:
3278	4048	+	2	1.301240	I:	D:
>YA3_12144
19	159	-	1	1.287418	I:	D:
163	681	-	1	1.253326	I:	D:
662	1270	-	2	1.276703	I:	D:
1352	1888	-	2	1.245595	I:	D:
1947	3332	+	3	1.293014	I:	D:
3536	4042	+	2	1.290796	I:	D:
>YA3_12157
86	568	-	2	1.283420	I:	D:
656	1669	-	2	1.295605	I:	D:
2067	2426	+	3	1.327166	I:	D:
2479	2898	+	1	1.276153	I:	D:
2933	4033	-	2	1.256592	I:	D:
>YA3_12174
3	1016	-	3	1.267002	I:	D:
1029	1157	-	3	1.343146	I:	D:
1412	3193	-	2	1.292801	I:	D:
3194	4021	-	2	1.268219	I:	D:
>YA3_12204
1	1203	-	1	1.294095	I:	D:
1223	2761	-	2	1.303225	I:	D:
2766	3404	-	3	1.318291	I:	D:
3420	4004	-	3	1.332074	I:	D:
>YA3_12231
1	537	+	1	1.243836	I:	D:
564	1388	+	3	1.251098	I:	D:
1448	1948	+	2	1.235558	I:	D:
2022	2774	+	3	1.284791	I:	D:
2841	3221	+	3	1.258441	I:	D:
3343	3990	+	1	1.305093	I:	D:
>YA3_12321
2	310	+	2	1.303789	I:	D:
366	677	-	3	1.258941	I:	D:
1136	2701	+	2	1.269570	I:	D:
2716	3855	+	1	1.291277	I:	D:
>YA3_12613
1	591	+	1	1.299294	I:	D:
698	1948	+	2	1.280671	I:	D:
2077	2793	+	1	1.268068	I:	D:
2860	3336	-	1	1.281512	I:	D:
3437	3814	+	2	1.256437	I:	D:
>YA3_12619
2	1108	+	2	1.294579	I:	D:
1117	1734	+	1	1.294129	I:	D:
1754	2164	+	2	1.263423	I:	D:
2239	3666	+	1	1.278867	I:	D:
>YA3_12750
2	442	+	2	1.293372	I:	D:
497	1588	-	2	1.278201	I:	D:
1661	2938	-	2	1.304583	I:	D:
2948	3751	-	2	1.281116	I:	D:
>YA3_12770
3	881	+	3	1.291576	I:	D:
969	3242	-	3	1.277109	I:	D:
>YA3_12982
2	415	-	2	1.275470	I:	D:
691	1278	-	1	1.309474	I:	D:
1303	2100	-	1	1.307840	I:	D:
2110	3117	-	1	1.302740	I:	D:
3171	3650	-	3	1.281882	I:	D:
>YA3_13061
3	644	+	3	1.240478	I:	D:
679	1473	-	1	1.288712	I:	D:
1651	1794	+	1	1.337199	I:	D:
1833	3398	+	3	1.291543	I:	D:
3448	3624	+	1	1.342264	I:	D:
>YA3_13124
1	747	-	1	1.289481	I:	D:
1176	2510	+	3	1.280792	I:	D:
2557	3309	+	1	1.269909	I:	D:
3344	3592	-	2	1.361163	I:	D:
>YA3_13170
2	745	-	2	1.305582	I:	D:
694	2922	-	1	1.281689	I:	D:
2990	3574	-	2	1.278309	I:	D:
>YA3_13247
530	697	+	2	1.292839	I:	D:
700	1899	+	1	1.289023	I:	D:
1986	3062	+	3	1.290849	I:	D:
3140	3544	+	2	1.294154	I:	D:
>YA3_13328
1	288	-	1	1.260395	I:	D:
349	810	-	1	1.305298	I:	D:
1081	1647	-	1	1.313590	I:	D:
1668	2621	-	3	1.273010	I:	D:
2698	3177	+	1	1.260004	I:	D:
3236	3520	-	2	1.271768	I:	D:
>YA3_13397
2	169	-	2	1.227802	I:	D:
400	1287	-	1	1.277151	I:	D:
1287	2357	-	3	1.274804	I:	D:
2758	3048	-	1	1.294855	I:	D:
3080	3352	-	2	1.319325	I:	D:
>YA3_13399
67	1947	+	1	1.275532	I:	D:
1991	2311	+	2	1.271170	I:	D:
2378	3493	+	2	1.302938	I:	D:
>YA3_13476
1	978	+	1	1.269547	I:	D:
1065	2108	+	3	1.272516	I:	D:
2388	2891	-	3	1.249201	I:	D:
2941	3459	-	1	1.290095	I:	D:
>YA3_13608
3	890	+	3	1.301718	I:	D:
936	2306	-	3	1.298295	I:	D:
2325	3410	-	3	1.302965	I:	D:
>YA3_13644
3	1673	-	3	1.300866	I:	D:
1892	2518	+	2	1.265339	I:	D:
2607	3398	+	3	1.279624	I:	D:
>YA3_14273
219	800	-	3	1.281057	I:	D:
822	1397	-	3	1.310934	I:	D:
1514	1771	-	2	1.267664	I:	D:
1901	2821	-	2	1.299301	I:	D:
2839	3096	-	1	1.245453	I:	D:
3149	3529	-	2	1.307250	I:	D:
3534	3860	-	3	1.279509	I:	D:
3841	4005	-	1	1.311317	I:	D:
4018	4308	-	1	1.316225	I:	D:
4538	6058	-	2	1.274406	I:	D:
6133	6663	-	1	1.275063	I:	D:
6745	8055	-	1	1.284738	I:	D:
8173	8697	-	1	1.302756	I:	D:
8724	9506	-	3	1.282805	I:	D:
9514	10515	-	1	1.307832	I:	D:
10491	11123	-	3	1.274128	I:	D:
11123	12172	-	2	1.287921	I:	D:
12237	13169	-	3	1.247447	I:	D:
13247	13786	-	2	1.266082	I:	D:
13865	14824	-	2	1.297669	I:	D:
14865	16436	-	3	1.306620	I:	D:
16352	17344	-	2	1.305475	I:	D:
17454	17912	-	3	1.286616	I:	D:
18024	19394	+	3	1.279202	I:	D:
19962	20135	+	3	1.390740	I:	D:
21527	21736	+	2	1.301208	I:	D:
21887	22138	+	2	1.355513	I:	D:
22483	22728	+	1	1.330642	I:	D:
22957	23127	+	1	1.329117	I:	D:
24003	24140	+	3	1.323022	I:	D:
24850	25080	+	1	1.314601	I:	D:
25256	25456	+	2	1.313221	I:	D:
25806	26039	-	3	1.415172	I:	D:
26188	26487	-	1	1.375668	I:	D:
26473	26631	+	1	1.419401	I:	D:
26722	27132	-	1	1.325257	I:	D:
27142	27303	+	1	1.363821	I:	D:
27383	27916	-	2	1.297112	I:	D:
27977	28318	-	2	1.279217	I:	D:
28514	28795	-	2	1.252899	I:	D:
28966	29232	-	1	1.223367	I:	D:
29299	29865	+	1	1.276276	I:	D:
29947	30846	+	1	1.292435	I:	D:
30893	31030	+	2	1.377725	I:	D:
31084	31236	+	1	1.379004	I:	D:
31731	32282	-	3	1.282801	I:	D:
32437	32631	+	1	1.264842	I:	D:
32733	33251	+	3	1.266945	I:	D:
33299	33640	+	2	1.277682	I:	D:
33740	34831	+	2	1.302585	I:	D:
34977	35579	+	3	1.298099	I:	D:
35573	36013	+	2	1.316665	I:	D:
36121	37440	-	1	1.295645	I:	D:
37545	39707	-	3	1.267117	I:	D:
40355	40657	-	2	1.255164	I:	D:
>YA3_14415
2	268	+	2	1.429470	I:	D:
422	601	+	2	1.408567	I:	D:
694	831	+	1	1.374551	I:	D:
2312	2473	-	2	1.406352	I:	D:
2589	2879	-	3	1.380309	I:	D:
3593	3748	+	2	1.367786	I:	D:
4339	4530	+	1	1.395640	I:	D:
4772	4912	+	2	1.317258	I:	D:
4922	5101	+	2	1.407606	I:	D:
5152	5289	+	1	1.421598	I:	D:
5380	5667	-	1	1.426937	I:	D:
5666	6346	+	2	1.294482	I:	D:
6361	7098	+	1	1.309736	I:	D:
7346	7474	+	2	1.387609	I:	D:
7974	8105	+	3	1.324110	I:	D:
8876	9064	+	2	1.361566	I:	D:
9535	10188	+	1	1.266883	I:	D:
10486	10698	+	1	1.325849	I:	D:
10851	11489	+	3	1.268123	I:	D:
11577	11981	+	3	1.245472	I:	D:
12004	13422	+	1	1.300256	I:	D:
13696	14733	-	1	1.304583	I:	D:
14935	15168	-	1	1.326669	I:	D:
15376	15693	-	1	1.257656	I:	D:
15928	17802	-	1	1.292887	I:	D:
17818	18021	-	1	1.305619	I:	D:
18140	18427	-	2	1.276123	I:	D:
18629	18922	-	2	1.328869	I:	D:
19199	20128	-	2	1.305575	I:	D:
20442	21041	-	3	1.277573	I:	D:
21096	21437	+	3	1.299615	I:	D:
21843	22664	+	3	1.301868	I:	D:
22803	22967	-	3	1.356930	I:	D:
23015	23206	+	2	1.341054	I:	D:
23576	23746	+	2	1.267573	I:	D:
23810	24580	+	2	1.289851	I:	D:
24573	25094	+	3	1.245188	I:	D:
25366	25995	+	1	1.279300	I:	D:
26070	26579	+	3	1.325171	I:	D:
26590	27108	+	1	1.275816	I:	D:
27158	27637	+	2	1.299894	I:	D:
27686	27823	+	2	1.263767	I:	D:
27968	28159	+	2	1.261994	I:	D:
28177	28581	+	1	1.269785	I:	D:
28670	28843	+	2	1.296607	I:	D:
29206	29373	+	1	1.299368	I:	D:
29550	29903	-	3	1.419343	I:	D:
32163	32411	-	3	1.297813	I:	D:
32441	32716	-	2	1.336369	I:	D:
32775	33302	-	3	1.262975	I:	D:
33347	33592	-	2	1.291165	I:	D:
33744	33917	+	3	1.305449	I:	D:
33926	34075	+	2	1.351280	I:	D:
34492	34632	+	1	1.334549	I:	D:
34917	35045	+	3	1.315745	I:	D:
35429	35650	+	2	1.255576	I:	D:
35961	36164	+	3	1.374598	I:	D:
37056	37298	-	3	1.391547	I:	D:
38498	38629	+	2	1.301891	I:	D:
38642	38830	+	2	1.358535	I:	D:
38891	39022	+	2	1.292604	I:	D:
39884	40171	+	2	1.264990	I:	D:
40181	40975	+	2	1.294795	I:	D:
40990	42054	+	1	1.264512	I:	D:
42288	42476	+	3	1.292875	I:	D:
