>Y8.M015_1
202	1905	-	1	1.284439	I:	D:
1999	2133	+	1	1.340843	I:	D:
2265	2984	-	3	1.310874	I:	D:
2981	4198	-	2	1.304639	I:	D:
4195	5136	-	1	1.291849	I:	D:
5436	6374	+	3	1.283858	I:	D:
6576	7187	+	3	1.323101	I:	D:
7415	8530	-	2	1.317287	I:	D:
8835	9398	-	3	1.337787	I:	D:
9543	10715	-	3	1.303996	I:	D:
10803	11912	-	3	1.325463	I:	D:
11938	13107	-	1	1.279270	I:	D:
13104	14267	-	3	1.300984	I:	D:
14369	15157	-	2	1.314108	I:	D:
15154	15633	-	1	1.295151	I:	D:
15639	16841	-	3	1.303950	I:	D:
16845	18179	-	3	1.296652	I:	D:
18176	19735	-	2	1.292475	I:	D:
19798	19929	-	1	1.324282	I:	D:
19946	20737	-	2	1.304492	I:	D:
20900	22885	+	2	1.285604	I:	D:
22995	23174	+	3	1.318179	I:	D:
23195	23449	-	2	1.345794	I:	D:
23456	23755	-	2	1.325996	I:	D:
23816	25405	-	2	1.302455	I:	D:
25628	27208	-	2	1.304547	I:	D:
27408	28979	-	3	1.318447	I:	D:
29084	30676	-	2	1.307593	I:	D:
30913	32508	-	1	1.296238	I:	D:
32701	34083	-	1	1.286059	I:	D:
34174	35781	-	1	1.302548	I:	D:
35945	37540	-	2	1.286283	I:	D:
37696	38715	-	1	1.298872	I:	D:
38719	39687	-	1	1.306138	I:	D:
39702	40553	-	3	1.311466	I:	D:
40567	41532	-	1	1.317658	I:	D:
41835	42722	-	3	1.287760	I:	D:
42775	43416	+	1	1.288533	I:	D:
43475	43825	-	2	1.312413	I:	D:
43860	44474	+	3	1.370876	I:	D:
44522	45673	-	2	1.303530	I:	D:
45699	46985	+	3	1.298492	I:	D:
47230	48474	+	1	1.294764	I:	D:
48610	49188	-	1	1.301634	I:	D:
49460	50824	-	2	1.305384	I:	D:
50920	51564	-	1	1.309759	I:	D:
51575	53170	-	2	1.294763	I:	D:
53325	53516	+	3	1.394914	I:	D:
53722	54543	-	1	1.288466	I:	D:
54613	54819	+	1	1.329838	I:	D:
55092	55628	-	3	1.324455	I:	D:
55647	56840	-	3	1.303347	I:	D:
56827	58515	-	1	1.302535	I:	D:
58512	58760	-	3	1.296331	I:	D:
58779	60290	-	3	1.293246	I:	D:
60588	60761	-	3	1.336136	I:	D:
61120	62109	-	1	1.319987	I:	D:
62241	63860	-	3	1.293260	I:	D:
63958	64815	-	1	1.303090	I:	D:
64892	67798	-	2	1.290258	I:	D:
68255	69889	-	2	1.291575	I:	D:
69892	70458	-	1	1.282150	I:	D:
70607	71128	-	2	1.277663	I:	D:
71169	73106	-	3	1.302687	I:	D:
73236	73979	-	3	1.336518	I:	D:
74006	75847	-	2	1.283932	I:	D:
76083	77690	-	3	1.261442	I:	D:
77877	79373	-	3	1.298311	I:	D:
79549	81567	-	1	1.284599	I:	D:
81557	82324	-	2	1.294479	I:	D:
82680	83321	+	3	1.313477	I:	D:
83538	84692	-	3	1.275060	I:	D:
84689	85831	-	2	1.284063	I:	D:
85954	86406	-	1	1.311901	I:	D:
86418	87944	-	3	1.301448	I:	D:
88157	88675	-	2	1.309260	I:	D:
88783	89808	-	1	1.289306	I:	D:
89805	90473	-	3	1.293304	I:	D:
90871	94737	-	1	1.306534	I:	D:
94803	95375	-	3	1.327071	I:	D:
95372	95740	-	2	1.297714	I:	D:
95722	98925	-	1	1.293403	I:	D:
98892	101525	-	3	1.299546	I:	D:
101770	101976	+	1	1.365219	I:	D:
101984	102127	-	2	1.302444	I:	D:
102187	102456	+	1	1.360420	I:	D:
102595	103242	-	1	1.300964	I:	D:
103380	103763	+	3	1.286612	I:	D:
103747	105489	+	1	1.311075	I:	D:
105575	107263	-	2	1.290848	I:	D:
107378	108121	-	2	1.272218	I:	D:
107828	108052	+	2	1.296872	I:	D:
108114	109673	-	3	1.274734	I:	D:
110053	111045	-	1	1.277016	I:	D:
111137	111541	-	2	1.286546	I:	D:
111822	112403	-	3	1.298259	I:	D:
112604	113755	+	2	1.313557	I:	D:
113827	115224	+	1	1.314800	I:	D:
115624	115830	+	1	1.322666	I:	D:
116051	117535	-	2	1.266493	I:	D:
117661	119370	+	1	1.293266	I:	D:
119348	120121	+	2	1.314521	I:	D:
120355	120591	-	1	1.311921	I:	D:
120800	122212	-	2	1.321778	I:	D:
123323	124153	-	2	1.302179	I:	D:
124150	125457	-	1	1.298190	I:	D:
125498	125878	-	2	1.293797	I:	D:
125909	126769	-	2	1.319824	I:	D:
126756	127886	-	3	1.305515	I:	D:
128113	129474	+	1	1.293930	I:	D:
129682	130269	-	1	1.311757	I:	D:
130266	133772	-	3	1.300770	I:	D:
133741	134490	+	1	1.330283	I:	D:
134616	135995	-	3	1.278594	I:	D:
136181	137050	+	2	1.321395	I:	D:
137210	138445	-	2	1.352348	I:	D:
138877	139410	-	1	1.351185	I:	D:
139397	139933	-	2	1.369748	I:	D:
140132	140323	+	2	1.355085	I:	D:
140677	141990	-	1	1.290939	I:	D:
141987	143705	-	3	1.297758	I:	D:
143805	144863	-	3	1.285270	I:	D:
145033	146070	-	1	1.292726	I:	D:
146081	146863	-	2	1.283749	I:	D:
146863	147693	-	1	1.295428	I:	D:
148052	148759	-	2	1.319241	I:	D:
148854	149528	-	3	1.327195	I:	D:
149655	150293	-	3	1.326341	I:	D:
150422	151411	-	2	1.301094	I:	D:
151408	152415	-	1	1.303402	I:	D:
152429	153355	-	2	1.281670	I:	D:
153369	154292	-	3	1.298690	I:	D:
154506	156224	-	3	1.304800	I:	D:
156460	158106	-	1	1.295831	I:	D:
158588	158893	+	2	1.369099	I:	D:
159042	159428	-	3	1.340419	I:	D:
159587	163147	-	2	1.313477	I:	D:
163144	163488	-	1	1.292316	I:	D:
163507	164274	-	1	1.301403	I:	D:
164285	165166	-	2	1.299694	I:	D:
165154	166209	-	1	1.305376	I:	D:
166202	167002	-	2	1.289996	I:	D:
166999	167400	-	1	1.293911	I:	D:
167462	167641	-	2	1.321190	I:	D:
167925	168320	+	3	1.364459	I:	D:
168633	170267	+	3	1.308210	I:	D:
170467	171237	+	1	1.302620	I:	D:
171702	172367	-	3	1.332012	I:	D:
172925	173122	-	2	1.346894	I:	D:
173130	173960	-	3	1.313184	I:	D:
174215	174655	-	2	1.321172	I:	D:
174657	175244	-	3	1.331690	I:	D:
175574	175873	-	2	1.321873	I:	D:
175901	177109	-	2	1.297800	I:	D:
177786	178643	+	3	1.313238	I:	D:
178817	179251	-	2	1.267544	I:	D:
179266	180354	-	1	1.288960	I:	D:
180375	180857	-	3	1.281044	I:	D:
180870	181706	-	3	1.289346	I:	D:
181707	182477	-	3	1.277838	I:	D:
182611	183333	-	1	1.298051	I:	D:
183330	183842	-	3	1.279267	I:	D:
183866	184066	-	2	1.385168	I:	D:
184137	184295	+	3	1.346880	I:	D:
184436	185500	-	2	1.308855	I:	D:
185562	187220	-	3	1.288927	I:	D:
187566	188117	+	3	1.280539	I:	D:
188208	190082	+	3	1.305676	I:	D:
190347	190802	-	3	1.276229	I:	D:
190815	193067	-	3	1.293253	I:	D:
193145	193579	+	2	1.361992	I:	D:
193879	194505	-	1	1.308234	I:	D:
194505	195311	-	3	1.324393	I:	D:
195314	195769	-	2	1.326679	I:	D:
195766	196242	-	1	1.333719	I:	D:
196320	197603	-	3	1.321945	I:	D:
197624	197929	-	2	1.324932	I:	D:
198134	200158	+	2	1.340291	I:	D:
200549	200677	+	2	1.372162	I:	D:
200988	202286	-	3	1.280625	I:	D:
202358	202570	-	2	1.282220	I:	D:
202609	203352	-	1	1.278855	I:	D:
203357	204553	-	2	1.277795	I:	D:
204775	206211	-	1	1.292108	I:	D:
206224	207339	-	1	1.301596	I:	D:
207353	208501	-	2	1.292108	I:	D:
208896	209708	-	3	1.313058	I:	D:
209684	210913	-	2	1.294919	I:	D:
210915	211580	-	3	1.306208	I:	D:
211656	212885	-	3	1.299566	I:	D:
212899	214170	-	1	1.291513	I:	D:
214290	215399	-	3	1.307940	I:	D:
215492	216409	-	2	1.301004	I:	D:
216516	216962	+	3	1.308196	I:	D:
217089	219437	-	3	1.275427	I:	D:
219464	219817	-	2	1.308175	I:	D:
219956	220699	-	2	1.287779	I:	D:
220846	222975	-	1	1.302846	I:	D:
223135	225543	-	1	1.280649	I:	D:
225858	227831	-	3	1.303043	I:	D:
227864	228106	+	2	1.351259	I:	D:
228167	228670	-	2	1.300503	I:	D:
228685	229227	-	1	1.307044	I:	D:
229327	229536	-	1	1.313191	I:	D:
229608	229790	+	3	1.368789	I:	D:
230088	231704	-	3	1.302407	I:	D:
231718	232260	-	1	1.307635	I:	D:
232235	232483	-	2	1.348379	I:	D:
232729	233430	+	1	1.308989	I:	D:
233462	235156	-	2	1.280968	I:	D:
235255	235521	-	1	1.301450	I:	D:
235623	236099	-	3	1.299511	I:	D:
236096	237187	-	2	1.265132	I:	D:
237123	237941	-	3	1.315163	I:	D:
237935	239443	-	2	1.298811	I:	D:
239466	240797	-	3	1.284404	I:	D:
240804	241253	-	3	1.282168	I:	D:
241257	243209	-	3	1.283408	I:	D:
243215	244138	-	2	1.312655	I:	D:
244201	244431	-	1	1.295732	I:	D:
244449	244928	-	3	1.323168	I:	D:
244957	245247	-	1	1.276879	I:	D:
245502	246353	+	3	1.305602	I:	D:
246469	247632	-	1	1.296842	I:	D:
247629	248117	-	3	1.291101	I:	D:
248142	248318	-	3	1.319895	I:	D:
248503	249180	-	1	1.285390	I:	D:
249195	250769	-	3	1.289732	I:	D:
>Y8.M015_2
90	230	+	3	1.318527	I:	D:
506	844	+	2	1.328988	I:	D:
1231	2565	+	1	1.292286	I:	D:
2565	2972	+	3	1.284727	I:	D:
3256	3984	+	1	1.301259	I:	D:
3999	4637	+	3	1.323138	I:	D:
4739	4894	+	2	1.367175	I:	D:
4907	5092	+	2	1.304238	I:	D:
5096	5644	+	2	1.294200	I:	D:
6054	7955	+	3	1.290125	I:	D:
8068	8490	+	1	1.283489	I:	D:
8494	8964	+	1	1.279710	I:	D:
8974	9738	+	1	1.278736	I:	D:
9751	10581	+	1	1.279220	I:	D:
10581	11471	+	3	1.308397	I:	D:
11616	12209	-	3	1.299559	I:	D:
12384	14462	+	3	1.285306	I:	D:
14459	16621	+	2	1.279740	I:	D:
16955	18028	+	2	1.330793	I:	D:
18448	18948	+	1	1.304948	I:	D:
19041	19529	+	3	1.325132	I:	D:
19545	20228	+	3	1.293723	I:	D:
20405	20941	+	2	1.292972	I:	D:
20969	21340	+	2	1.276128	I:	D:
21414	22010	+	3	1.315430	I:	D:
22111	26259	+	1	1.286699	I:	D:
26274	30071	+	3	1.288135	I:	D:
30170	31510	+	2	1.289465	I:	D:
31622	32461	+	2	1.335398	I:	D:
32602	33048	+	1	1.332587	I:	D:
33260	34162	+	2	1.300316	I:	D:
34232	35482	-	2	1.320195	I:	D:
35479	36132	-	1	1.287259	I:	D:
36328	37290	+	1	1.290717	I:	D:
37312	38334	+	1	1.292855	I:	D:
38704	38916	-	1	1.364004	I:	D:
38937	39572	-	3	1.346785	I:	D:
39585	41483	-	3	1.295752	I:	D:
41665	41979	+	1	1.289641	I:	D:
42004	43359	+	1	1.299430	I:	D:
43383	43697	+	3	1.274336	I:	D:
43875	45383	+	3	1.302035	I:	D:
45358	45984	+	1	1.316268	I:	D:
45972	46658	+	3	1.304237	I:	D:
47096	47434	+	2	1.308824	I:	D:
47431	48105	+	1	1.321703	I:	D:
48110	48652	+	2	1.322810	I:	D:
48695	48961	+	2	1.332210	I:	D:
49075	49782	+	1	1.320349	I:	D:
49795	50328	+	1	1.335485	I:	D:
50371	50712	-	1	1.306129	I:	D:
50914	51387	+	1	1.317000	I:	D:
51384	51716	+	3	1.316122	I:	D:
52080	52946	-	3	1.300422	I:	D:
52949	53737	-	2	1.307206	I:	D:
53756	54247	-	2	1.278629	I:	D:
54267	54947	-	3	1.292542	I:	D:
54998	55939	-	2	1.287306	I:	D:
56098	56811	-	1	1.284216	I:	D:
56883	57230	-	3	1.304741	I:	D:
57688	58338	+	1	1.318290	I:	D:
58403	59755	+	2	1.298078	I:	D:
59839	60858	+	1	1.309166	I:	D:
61010	62113	-	2	1.308725	I:	D:
62166	62762	-	3	1.301048	I:	D:
62759	63217	-	2	1.326892	I:	D:
63652	65535	-	1	1.310018	I:	D:
65586	65714	+	3	1.358698	I:	D:
65872	66210	+	1	1.310598	I:	D:
66203	67432	+	2	1.288159	I:	D:
67429	67779	+	1	1.266036	I:	D:
67782	69206	+	3	1.296189	I:	D:
69329	70153	+	2	1.298741	I:	D:
70498	71307	-	1	1.314908	I:	D:
71386	72273	+	1	1.316354	I:	D:
72289	72522	-	1	1.334186	I:	D:
72587	72871	+	2	1.370971	I:	D:
73309	73821	+	1	1.324114	I:	D:
73856	74896	+	2	1.326261	I:	D:
74943	76709	-	3	1.295175	I:	D:
76755	77822	+	3	1.313925	I:	D:
78156	79028	+	3	1.301601	I:	D:
79047	80438	+	3	1.298185	I:	D:
80444	80953	+	2	1.308075	I:	D:
80955	82439	+	3	1.304198	I:	D:
82432	83265	+	1	1.320121	I:	D:
83506	84078	+	1	1.299579	I:	D:
84345	85088	+	3	1.303976	I:	D:
85183	85473	-	1	1.377411	I:	D:
85717	85920	+	1	1.355781	I:	D:
86186	86689	+	2	1.296315	I:	D:
86708	87520	+	2	1.275191	I:	D:
87513	88325	+	3	1.277504	I:	D:
88417	89187	+	1	1.312094	I:	D:
89180	89599	+	2	1.295875	I:	D:
89609	90838	+	2	1.303175	I:	D:
90910	92841	+	1	1.304330	I:	D:
92884	93375	+	1	1.334716	I:	D:
93562	93957	+	1	1.341915	I:	D:
94109	95170	+	2	1.348949	I:	D:
95361	98387	+	3	1.303513	I:	D:
98442	99764	+	3	1.306095	I:	D:
99816	101147	+	3	1.312663	I:	D:
101213	101662	+	2	1.305277	I:	D:
101774	102643	+	2	1.328265	I:	D:
102789	103178	+	3	1.330891	I:	D:
103433	104119	-	2	1.337633	I:	D:
104354	105832	-	2	1.313366	I:	D:
105829	106494	-	1	1.300721	I:	D:
106497	106970	-	3	1.302496	I:	D:
106964	107638	-	2	1.357924	I:	D:
107689	108246	+	1	1.306965	I:	D:
108339	109490	+	3	1.276816	I:	D:
109565	109765	+	2	1.330723	I:	D:
109911	110174	-	3	1.278368	I:	D:
110181	110894	-	3	1.274942	I:	D:
110891	112723	-	2	1.313841	I:	D:
112750	113787	+	1	1.309654	I:	D:
113852	115315	+	2	1.299934	I:	D:
115377	115505	+	3	1.352776	I:	D:
115648	116958	-	1	1.307527	I:	D:
117066	117314	+	3	1.372084	I:	D:
117517	118410	-	1	1.316897	I:	D:
118577	119005	-	2	1.289962	I:	D:
119002	119205	-	1	1.275300	I:	D:
119604	120086	+	3	1.285040	I:	D:
120083	120382	+	2	1.315328	I:	D:
120740	121234	+	2	1.301869	I:	D:
121238	122092	+	2	1.298419	I:	D:
122312	123277	+	2	1.330277	I:	D:
123335	123955	-	2	1.320208	I:	D:
124084	124983	+	1	1.300450	I:	D:
125056	125826	-	1	1.285191	I:	D:
126187	126672	+	1	1.319819	I:	D:
126676	127149	+	1	1.311066	I:	D:
127254	128117	+	3	1.303015	I:	D:
128258	128515	-	2	1.357475	I:	D:
128636	129472	+	2	1.313408	I:	D:
129469	130389	+	1	1.304966	I:	D:
130393	131217	+	1	1.295110	I:	D:
131214	132662	+	3	1.308215	I:	D:
132755	133852	+	2	1.312087	I:	D:
133849	134190	+	1	1.303088	I:	D:
134174	135265	+	2	1.280290	I:	D:
135271	136131	+	1	1.287405	I:	D:
136218	138176	+	3	1.300933	I:	D:
138206	138661	+	2	1.284083	I:	D:
138654	139517	+	3	1.334944	I:	D:
139681	139971	+	1	1.351347	I:	D:
139975	140844	-	1	1.296104	I:	D:
140978	141916	+	2	1.297636	I:	D:
142003	143802	-	1	1.299208	I:	D:
144006	144764	-	3	1.306056	I:	D:
145031	145165	+	2	1.375838	I:	D:
145188	145331	+	3	1.365831	I:	D:
145414	146103	-	1	1.328700	I:	D:
146340	148460	-	3	1.307181	I:	D:
148463	148735	-	2	1.295705	I:	D:
148936	149670	+	1	1.309043	I:	D:
149667	150431	+	3	1.329653	I:	D:
150731	152566	-	2	1.282969	I:	D:
152689	153393	+	1	1.312832	I:	D:
153374	154840	+	2	1.296576	I:	D:
155159	155620	+	2	1.297196	I:	D:
155665	156147	-	1	1.311149	I:	D:
156235	157020	-	1	1.287414	I:	D:
157167	158405	+	3	1.314480	I:	D:
158634	159416	+	3	1.331502	I:	D:
159683	161569	-	2	1.298790	I:	D:
161688	162080	+	3	1.342419	I:	D:
162077	163723	+	2	1.283804	I:	D:
163741	164100	+	1	1.295276	I:	D:
164233	164886	+	1	1.323367	I:	D:
165030	166514	-	3	1.285079	I:	D:
166708	166917	-	1	1.297830	I:	D:
167518	168336	-	1	1.299121	I:	D:
168366	169985	-	3	1.293193	I:	D:
170087	170218	-	2	1.341211	I:	D:
170322	170606	-	3	1.327522	I:	D:
171044	171910	+	2	1.276934	I:	D:
172026	172880	+	3	1.270902	I:	D:
172979	174376	-	2	1.312196	I:	D:
174580	174744	+	1	1.354921	I:	D:
174608	175207	+	2	1.308690	I:	D:
175275	176555	+	3	1.299730	I:	D:
176698	177948	+	1	1.330963	I:	D:
178039	179547	-	1	1.337605	I:	D:
179757	180269	+	3	1.331521	I:	D:
180285	181043	+	3	1.315735	I:	D:
181040	181867	+	2	1.321874	I:	D:
181884	182783	+	3	1.343385	I:	D:
182787	184265	+	3	1.330477	I:	D:
184522	185046	-	1	1.384353	I:	D:
185090	185371	-	2	1.362927	I:	D:
185464	186411	-	1	1.329419	I:	D:
186606	188525	-	3	1.290847	I:	D:
188585	190348	+	2	1.321509	I:	D:
190460	191905	+	2	1.297179	I:	D:
192010	192216	+	1	1.346372	I:	D:
192367	193158	+	1	1.314735	I:	D:
193203	194678	+	3	1.302718	I:	D:
194675	196537	+	2	1.292042	I:	D:
196659	197930	+	3	1.300190	I:	D:
197985	198836	+	3	1.300381	I:	D:
198833	199522	+	2	1.303195	I:	D:
199749	200813	+	3	1.295372	I:	D:
200831	200968	+	2	1.338925	I:	D:
201018	201554	+	3	1.280667	I:	D:
201676	201828	+	1	1.302101	I:	D:
201906	202196	+	3	1.315549	I:	D:
202273	203286	+	1	1.297820	I:	D:
203300	203632	+	2	1.304672	I:	D:
203700	204368	-	3	1.292178	I:	D:
204404	204898	-	2	1.297329	I:	D:
204891	206102	-	3	1.294553	I:	D:
206251	207627	-	1	1.279311	I:	D:
207641	208015	-	2	1.311083	I:	D:
208188	209639	+	3	1.292808	I:	D:
209652	209873	+	3	1.373423	I:	D:
210040	210246	+	1	1.346040	I:	D:
210353	210865	+	2	1.294599	I:	D:
210960	211568	+	3	1.290835	I:	D:
211561	212937	+	1	1.281872	I:	D:
212950	214029	+	1	1.283658	I:	D:
214022	214876	+	2	1.269592	I:	D:
214954	215334	+	1	1.324645	I:	D:
215829	216410	+	3	1.346978	I:	D:
216648	217643	+	3	1.301249	I:	D:
217883	218803	+	2	1.293933	I:	D:
218893	219579	+	1	1.297738	I:	D:
219566	220789	+	2	1.291422	I:	D:
220956	222497	+	3	1.293822	I:	D:
222511	223203	+	1	1.288452	I:	D:
223346	224170	+	2	1.281511	I:	D:
224620	225420	+	1	1.321349	I:	D:
225503	226291	-	2	1.281293	I:	D:
226361	227371	+	2	1.302637	I:	D:
227429	229294	+	2	1.285282	I:	D:
229313	230407	+	2	1.304174	I:	D:
230600	231448	+	2	1.291126	I:	D:
231482	232165	-	2	1.320747	I:	D:
232167	233372	-	3	1.314354	I:	D:
233608	234357	+	1	1.314130	I:	D:
234381	235064	+	3	1.303847	I:	D:
235071	235208	-	3	1.338567	I:	D:
235226	235390	-	2	1.364889	I:	D:
235394	235759	+	2	1.295256	I:	D:
235759	237813	+	1	1.305052	I:	D:
237986	238795	-	2	1.279716	I:	D:
239013	239951	+	3	1.320352	I:	D:
240298	240540	+	1	1.362059	I:	D:
>Y8.M015_3
182	1810	-	2	1.282747	I:	D:
1823	2182	-	2	1.314364	I:	D:
2239	3099	-	1	1.291308	I:	D:
3096	4004	-	3	1.302226	I:	D:
4008	5081	-	3	1.284990	I:	D:
5165	6244	-	2	1.283874	I:	D:
6303	6530	-	3	1.295220	I:	D:
6659	7984	+	2	1.282318	I:	D:
8166	8684	-	3	1.287147	I:	D:
8812	9321	-	1	1.305580	I:	D:
9337	9876	-	1	1.306402	I:	D:
9873	10532	-	3	1.303552	I:	D:
10572	11210	-	3	1.286696	I:	D:
11244	12743	-	3	1.296689	I:	D:
12886	13500	-	1	1.287380	I:	D:
13757	15748	-	2	1.325682	I:	D:
15911	17107	+	2	1.344191	I:	D:
17286	17519	+	3	1.335156	I:	D:
17530	18108	+	1	1.302345	I:	D:
18422	19432	-	2	1.274469	I:	D:
19436	20017	-	2	1.280836	I:	D:
20229	20693	-	3	1.325543	I:	D:
20796	22076	-	3	1.279317	I:	D:
22157	22441	-	2	1.335556	I:	D:
22445	22762	-	2	1.309713	I:	D:
22768	23079	-	1	1.292784	I:	D:
23476	24312	-	1	1.295814	I:	D:
24552	25736	-	3	1.292676	I:	D:
25753	27147	-	1	1.281835	I:	D:
27514	28134	-	1	1.307587	I:	D:
28318	30336	+	1	1.284825	I:	D:
30488	31720	-	2	1.312636	I:	D:
31922	33340	-	2	1.307549	I:	D:
33425	33958	-	2	1.321283	I:	D:
34043	34930	+	2	1.323895	I:	D:
35033	36031	+	2	1.305071	I:	D:
36139	36714	-	1	1.306204	I:	D:
36711	37418	-	3	1.324715	I:	D:
37378	38172	-	1	1.335377	I:	D:
38362	39870	-	1	1.335310	I:	D:
39951	40838	+	3	1.284547	I:	D:
41026	41829	+	1	1.288288	I:	D:
41926	43803	-	1	1.285967	I:	D:
43828	44469	-	1	1.289760	I:	D:
44549	45703	-	2	1.289915	I:	D:
45703	46377	-	1	1.265853	I:	D:
46492	46818	-	1	1.295702	I:	D:
46815	47507	-	3	1.274572	I:	D:
47268	47702	+	3	1.377490	I:	D:
47857	49113	-	1	1.279579	I:	D:
49121	49687	-	2	1.282657	I:	D:
49684	50709	-	1	1.267196	I:	D:
50706	54443	-	3	1.283352	I:	D:
54446	54943	-	2	1.291156	I:	D:
55133	55336	+	2	1.346632	I:	D:
55540	56037	-	1	1.288361	I:	D:
56085	57110	-	3	1.279400	I:	D:
57182	57697	-	2	1.269036	I:	D:
57930	58562	-	3	1.313672	I:	D:
58565	59284	-	2	1.334034	I:	D:
59429	60151	-	2	1.279918	I:	D:
60176	60925	-	2	1.297946	I:	D:
60937	61680	-	1	1.291759	I:	D:
61882	62445	-	1	1.292483	I:	D:
62583	64238	+	3	1.288680	I:	D:
64235	64534	+	2	1.268740	I:	D:
64751	66430	-	2	1.303534	I:	D:
66524	67423	-	2	1.296760	I:	D:
67668	68348	-	3	1.278212	I:	D:
68348	69082	-	2	1.278092	I:	D:
69150	69662	-	3	1.287761	I:	D:
69652	70227	-	1	1.289593	I:	D:
70224	71231	-	3	1.288207	I:	D:
71280	71417	-	3	1.314191	I:	D:
71500	71760	-	1	1.395040	I:	D:
71953	72918	-	1	1.341515	I:	D:
73354	74685	-	1	1.288789	I:	D:
74850	76772	-	3	1.293474	I:	D:
76911	78254	+	3	1.294410	I:	D:
78384	79157	+	3	1.276677	I:	D:
79411	80745	-	1	1.318008	I:	D:
80726	81622	-	2	1.296152	I:	D:
81609	82001	-	3	1.284979	I:	D:
82132	82935	+	1	1.297533	I:	D:
83103	84992	-	3	1.287367	I:	D:
85013	85696	+	2	1.311503	I:	D:
85748	88507	-	2	1.296650	I:	D:
88909	89610	-	1	1.283080	I:	D:
89592	91061	-	3	1.282958	I:	D:
91051	91722	-	1	1.276895	I:	D:
91751	94834	-	2	1.292102	I:	D:
95271	96122	+	3	1.278027	I:	D:
96256	96717	+	1	1.294766	I:	D:
96710	97117	+	2	1.311345	I:	D:
97124	97414	+	2	1.270495	I:	D:
97680	99158	+	3	1.279054	I:	D:
99204	99362	+	3	1.357382	I:	D:
99392	100744	+	2	1.274882	I:	D:
101118	101855	+	3	1.303673	I:	D:
101933	103318	-	2	1.293340	I:	D:
103379	103552	+	2	1.335221	I:	D:
103584	104030	+	3	1.324936	I:	D:
104040	104501	+	3	1.281684	I:	D:
104671	105873	-	1	1.286325	I:	D:
105895	107112	-	1	1.297260	I:	D:
107180	107992	-	2	1.280883	I:	D:
107985	108782	-	3	1.278842	I:	D:
108795	109295	-	3	1.244802	I:	D:
109374	109787	-	3	1.276384	I:	D:
109806	112622	-	3	1.304987	I:	D:
113044	114240	-	1	1.336301	I:	D:
114253	115068	-	1	1.310114	I:	D:
115061	115861	-	2	1.315374	I:	D:
115874	116374	-	2	1.291479	I:	D:
116431	116847	-	1	1.302763	I:	D:
116844	119594	-	3	1.344850	I:	D:
119900	120748	-	2	1.284418	I:	D:
120889	124116	-	1	1.278312	I:	D:
124167	125156	-	3	1.275895	I:	D:
125169	126473	-	3	1.281034	I:	D:
126466	127140	-	1	1.298770	I:	D:
127140	128195	-	3	1.274649	I:	D:
128511	129113	-	3	1.296859	I:	D:
129423	129980	-	3	1.273608	I:	D:
130030	130398	-	1	1.296284	I:	D:
130403	130915	-	2	1.290059	I:	D:
130734	131162	-	3	1.294911	I:	D:
131102	131350	-	2	1.315925	I:	D:
131340	131657	-	3	1.301933	I:	D:
131647	131940	-	1	1.287018	I:	D:
131961	133067	-	3	1.300897	I:	D:
132919	133893	-	1	1.299936	I:	D:
134106	134879	-	3	1.304120	I:	D:
135090	135698	-	3	1.320746	I:	D:
136042	138270	-	1	1.288957	I:	D:
138641	138778	-	2	1.302222	I:	D:
138852	139928	+	3	1.281602	I:	D:
140011	140889	+	1	1.308728	I:	D:
140972	141742	-	2	1.315711	I:	D:
141862	143019	-	1	1.307075	I:	D:
143337	143786	-	3	1.333868	I:	D:
143949	144836	-	3	1.283077	I:	D:
144829	146199	-	1	1.284879	I:	D:
146339	146482	+	2	1.352388	I:	D:
146512	147423	+	1	1.279199	I:	D:
147486	148700	-	3	1.317588	I:	D:
149075	149788	-	2	1.292298	I:	D:
149785	151422	-	1	1.308240	I:	D:
151425	152015	-	3	1.294335	I:	D:
152436	152663	-	3	1.295671	I:	D:
152712	153584	-	3	1.312773	I:	D:
153581	154159	-	2	1.274905	I:	D:
154156	154959	-	1	1.295268	I:	D:
155142	156368	-	3	1.283832	I:	D:
156644	157636	-	2	1.270112	I:	D:
157614	158309	-	3	1.260422	I:	D:
158302	158730	-	1	1.340612	I:	D:
158762	158944	+	2	1.343112	I:	D:
159030	160799	-	3	1.285216	I:	D:
161131	162438	-	1	1.290739	I:	D:
162452	163102	-	2	1.272126	I:	D:
163153	163914	-	1	1.288157	I:	D:
163963	164604	-	1	1.287316	I:	D:
164659	166854	-	1	1.277164	I:	D:
167030	167401	-	2	1.272505	I:	D:
167579	168196	-	2	1.291213	I:	D:
168613	171990	-	1	1.272457	I:	D:
171993	172697	-	3	1.271157	I:	D:
172694	173326	-	2	1.285130	I:	D:
173467	173631	+	1	1.366194	I:	D:
173771	175504	-	2	1.285570	I:	D:
175501	177219	-	1	1.297344	I:	D:
177326	178207	+	2	1.303223	I:	D:
178459	178755	+	1	1.335425	I:	D:
179191	180435	+	1	1.293036	I:	D:
180618	180947	-	3	1.318601	I:	D:
181123	181977	+	1	1.272458	I:	D:
182051	183163	-	2	1.306101	I:	D:
183141	183413	-	3	1.283285	I:	D:
183540	185345	-	3	1.283476	I:	D:
185848	186801	-	1	1.270378	I:	D:
186856	187110	+	1	1.289337	I:	D:
187140	187982	-	3	1.301482	I:	D:
188036	188905	-	2	1.296008	I:	D:
189087	189347	+	3	1.324321	I:	D:
189439	189996	-	1	1.296384	I:	D:
190028	190411	-	2	1.294772	I:	D:
190408	190932	-	1	1.286568	I:	D:
190929	192341	-	3	1.308533	I:	D:
192533	193813	-	2	1.301925	I:	D:
193807	195069	-	1	1.294783	I:	D:
195066	195869	-	3	1.292476	I:	D:
196040	196705	-	2	1.281182	I:	D:
196711	197904	-	1	1.272422	I:	D:
197915	199684	-	2	1.297332	I:	D:
199721	201097	-	2	1.289622	I:	D:
201163	201915	-	1	1.289192	I:	D:
201908	202804	-	2	1.261682	I:	D:
202801	203196	-	1	1.289693	I:	D:
203213	203560	-	2	1.271766	I:	D:
203561	204049	-	2	1.284023	I:	D:
204257	205948	+	2	1.270155	I:	D:
>Y8.M015_4
103	540	+	1	1.283831	I:	D:
695	1129	+	2	1.300085	I:	D:
1123	1593	+	1	1.309377	I:	D:
1608	2384	+	3	1.325767	I:	D:
2377	3198	+	1	1.312397	I:	D:
3313	4389	+	1	1.298091	I:	D:
4382	5782	+	2	1.301977	I:	D:
5998	6300	+	1	1.366481	I:	D:
6472	6738	-	1	1.375145	I:	D:
6933	7418	-	3	1.349385	I:	D:
8060	8956	+	2	1.309446	I:	D:
8990	9151	+	2	1.331118	I:	D:
9152	11218	+	2	1.293256	I:	D:
11469	11801	+	3	1.277610	I:	D:
11921	13084	+	2	1.306040	I:	D:
13135	13821	+	1	1.288195	I:	D:
13932	14360	-	3	1.301775	I:	D:
14480	14947	+	2	1.302179	I:	D:
15070	16371	-	1	1.294146	I:	D:
16198	16353	+	1	1.287555	I:	D:
16355	19321	-	2	1.297721	I:	D:
19737	21077	-	3	1.297610	I:	D:
21238	22845	+	1	1.301543	I:	D:
22848	23099	+	3	1.342907	I:	D:
23103	23603	+	3	1.320829	I:	D:
23705	25552	-	2	1.312216	I:	D:
25872	26009	+	3	1.364961	I:	D:
26117	26464	+	2	1.275570	I:	D:
26582	26710	-	2	1.324542	I:	D:
26735	27730	-	2	1.303313	I:	D:
27766	29562	-	1	1.291461	I:	D:
29961	30824	-	3	1.298076	I:	D:
31092	32462	-	3	1.305805	I:	D:
32801	33331	-	2	1.370715	I:	D:
33723	33881	+	3	1.359097	I:	D:
33910	34659	-	1	1.333083	I:	D:
34877	36094	+	2	1.293026	I:	D:
36173	37051	+	2	1.276817	I:	D:
37056	38018	+	3	1.285158	I:	D:
38015	38788	+	2	1.274702	I:	D:
38790	39494	+	3	1.294048	I:	D:
39499	40143	+	1	1.276367	I:	D:
40318	40869	+	1	1.309837	I:	D:
40918	41949	+	1	1.304572	I:	D:
42024	43355	+	3	1.300781	I:	D:
43392	43838	+	3	1.300993	I:	D:
44132	45106	-	2	1.285645	I:	D:
45269	45463	+	2	1.349128	I:	D:
45772	46230	+	1	1.313431	I:	D:
46246	48492	+	1	1.283971	I:	D:
48473	50344	+	2	1.293521	I:	D:
50399	50563	+	2	1.349952	I:	D:
51016	54063	+	1	1.317796	I:	D:
54119	54337	+	2	1.374579	I:	D:
54352	55644	+	1	1.317578	I:	D:
55641	56408	+	3	1.298976	I:	D:
56773	57843	+	1	1.327871	I:	D:
57977	58222	-	2	1.366840	I:	D:
58314	59192	+	3	1.296604	I:	D:
59189	59899	+	2	1.317651	I:	D:
59917	60594	+	1	1.284376	I:	D:
60606	62153	+	3	1.297464	I:	D:
62175	64355	+	3	1.304192	I:	D:
64366	65607	+	1	1.305666	I:	D:
65604	67034	+	3	1.297951	I:	D:
67031	68896	+	2	1.302996	I:	D:
68926	69240	-	1	1.354519	I:	D:
69245	69739	-	2	1.338390	I:	D:
70181	71512	+	2	1.280407	I:	D:
71643	72476	+	3	1.320975	I:	D:
72469	72714	+	1	1.300687	I:	D:
72718	73314	+	1	1.287513	I:	D:
73553	75013	+	2	1.287451	I:	D:
75042	78041	+	3	1.292734	I:	D:
78272	78655	+	2	1.297068	I:	D:
78783	79064	+	3	1.374413	I:	D:
79075	79374	+	1	1.312317	I:	D:
79439	80107	-	2	1.320362	I:	D:
80213	81955	-	2	1.288689	I:	D:
82345	82617	-	1	1.293848	I:	D:
82676	83455	+	2	1.321918	I:	D:
83770	84933	+	1	1.306658	I:	D:
84998	85444	+	2	1.259386	I:	D:
85780	88281	-	1	1.284119	I:	D:
88870	89988	+	1	1.301244	I:	D:
90007	90885	+	1	1.300884	I:	D:
90878	91669	+	2	1.306459	I:	D:
91902	92225	+	3	1.379818	I:	D:
92661	93422	+	3	1.301447	I:	D:
93635	94486	+	2	1.284545	I:	D:
94593	96503	+	3	1.289600	I:	D:
96503	97909	+	2	1.316027	I:	D:
97893	98087	+	3	1.350326	I:	D:
98644	100386	+	1	1.306001	I:	D:
100411	100959	+	1	1.381332	I:	D:
101737	102243	+	1	1.319005	I:	D:
102318	104900	-	3	1.293318	I:	D:
104988	106454	-	3	1.313817	I:	D:
106451	107905	-	2	1.304786	I:	D:
108062	108328	-	2	1.276154	I:	D:
108329	110890	-	2	1.276285	I:	D:
111124	111681	-	1	1.302978	I:	D:
112142	112891	-	2	1.297135	I:	D:
113071	113865	+	1	1.296222	I:	D:
113858	114670	+	2	1.272388	I:	D:
114786	116330	+	3	1.302537	I:	D:
116333	117700	+	2	1.307058	I:	D:
117849	118172	+	3	1.317143	I:	D:
118175	118642	+	2	1.322938	I:	D:
118658	118864	+	2	1.352579	I:	D:
118868	122218	-	2	1.295245	I:	D:
122520	124304	+	3	1.297690	I:	D:
124274	125131	+	2	1.287388	I:	D:
125282	126187	+	2	1.317459	I:	D:
126243	127988	+	3	1.301684	I:	D:
128554	129312	+	1	1.308995	I:	D:
129525	130397	-	3	1.294984	I:	D:
130544	132199	+	2	1.296008	I:	D:
132516	133862	+	3	1.296857	I:	D:
133965	135323	+	3	1.285757	I:	D:
135649	136500	+	1	1.290776	I:	D:
136834	138018	+	1	1.313710	I:	D:
138090	138797	-	3	1.287234	I:	D:
138797	139594	-	2	1.303645	I:	D:
139587	140357	-	3	1.312600	I:	D:
140504	141232	+	2	1.342216	I:	D:
141252	141722	+	3	1.322584	I:	D:
141926	142072	+	2	1.276662	I:	D:
142124	142708	+	2	1.300780	I:	D:
142902	143903	+	3	1.311332	I:	D:
143907	144716	+	3	1.333477	I:	D:
144707	145411	+	2	1.295600	I:	D:
145456	146160	+	1	1.304838	I:	D:
146396	146569	-	2	1.347648	I:	D:
147232	147870	+	1	1.330195	I:	D:
148218	149042	+	3	1.317173	I:	D:
149095	149817	+	1	1.308166	I:	D:
150038	151822	+	2	1.287167	I:	D:
152149	152400	+	1	1.346453	I:	D:
152577	154499	-	3	1.330643	I:	D:
154680	154868	+	3	1.373836	I:	D:
154849	155202	+	1	1.290936	I:	D:
155202	157937	+	3	1.297997	I:	D:
158244	160301	+	3	1.294509	I:	D:
160570	162189	+	1	1.312701	I:	D:
162286	162696	+	1	1.307996	I:	D:
162868	164637	-	1	1.283000	I:	D:
164690	166174	-	2	1.288836	I:	D:
166177	166863	-	1	1.287535	I:	D:
167062	167196	+	1	1.336000	I:	D:
167337	168542	-	3	1.317102	I:	D:
168864	169736	+	3	1.311552	I:	D:
>Y8.M015_5
3	221	+	3	1.361121	I:	D:
241	390	+	1	1.378032	I:	D:
522	1175	+	3	1.387408	I:	D:
1191	1871	+	3	1.347708	I:	D:
1890	2069	+	3	1.326673	I:	D:
2115	2492	-	3	1.343530	I:	D:
2568	3359	-	3	1.309305	I:	D:
3717	4556	-	3	1.273707	I:	D:
4596	6068	-	3	1.296154	I:	D:
6070	7923	-	1	1.283883	I:	D:
8146	10395	-	1	1.291329	I:	D:
10400	11104	-	2	1.281154	I:	D:
11181	12059	-	3	1.304278	I:	D:
12063	12821	-	3	1.288421	I:	D:
12745	13647	+	1	1.311449	I:	D:
13748	14389	-	2	1.288575	I:	D:
14453	14749	-	2	1.275299	I:	D:
14844	15977	-	3	1.282209	I:	D:
16058	17560	+	2	1.294866	I:	D:
17551	18021	+	1	1.317282	I:	D:
18136	20184	-	1	1.300824	I:	D:
20251	21156	-	1	1.280779	I:	D:
21314	21634	+	2	1.295876	I:	D:
21634	22551	+	1	1.292019	I:	D:
22563	22709	-	3	1.319285	I:	D:
22720	22953	+	1	1.312318	I:	D:
22968	23525	-	3	1.306202	I:	D:
23812	24318	+	1	1.369614	I:	D:
24995	25768	-	2	1.276322	I:	D:
25843	27450	-	1	1.288815	I:	D:
27441	28520	-	3	1.291017	I:	D:
28582	29646	-	1	1.292034	I:	D:
29650	30327	-	1	1.282501	I:	D:
30428	30571	-	2	1.335485	I:	D:
30586	31812	-	1	1.328487	I:	D:
32014	32898	-	1	1.277540	I:	D:
32959	34053	-	1	1.284267	I:	D:
34072	34383	-	1	1.273717	I:	D:
34527	34979	-	3	1.270968	I:	D:
35020	36987	-	1	1.281703	I:	D:
37266	38018	-	3	1.299602	I:	D:
38094	38882	+	3	1.298267	I:	D:
39050	40105	+	2	1.282054	I:	D:
40118	41269	+	2	1.291150	I:	D:
41363	42322	+	2	1.300931	I:	D:
42503	42724	-	2	1.374872	I:	D:
42888	44678	+	3	1.274829	I:	D:
45074	45469	-	2	1.302581	I:	D:
45707	47143	+	2	1.298648	I:	D:
47197	47613	-	1	1.306564	I:	D:
47140	48615	+	1	1.293450	I:	D:
48616	49230	+	1	1.304914	I:	D:
49367	49546	+	2	1.305382	I:	D:
49678	51045	+	1	1.285091	I:	D:
51212	51751	+	2	1.300226	I:	D:
51939	53288	-	3	1.318358	I:	D:
53285	53947	-	2	1.295027	I:	D:
54029	54199	+	2	1.297801	I:	D:
54222	54371	+	3	1.321204	I:	D:
54647	55333	+	2	1.314273	I:	D:
55651	56190	+	1	1.330486	I:	D:
56689	57432	+	1	1.326225	I:	D:
57537	57671	+	3	1.335666	I:	D:
57772	58275	+	1	1.297843	I:	D:
58285	58605	-	1	1.319577	I:	D:
58625	58873	+	2	1.362736	I:	D:
58937	59140	-	2	1.361089	I:	D:
59403	60626	-	3	1.308203	I:	D:
60644	61744	-	2	1.300266	I:	D:
61755	62723	-	3	1.285738	I:	D:
62730	63899	-	3	1.305746	I:	D:
63903	64814	-	3	1.297363	I:	D:
64872	65252	-	3	1.320895	I:	D:
65277	66590	-	3	1.311012	I:	D:
66626	67009	-	2	1.288860	I:	D:
67006	67395	-	1	1.319189	I:	D:
67659	68582	-	3	1.290734	I:	D:
68854	70419	-	1	1.309845	I:	D:
70510	72726	+	1	1.280260	I:	D:
72888	74048	-	3	1.312930	I:	D:
74091	75758	-	3	1.306010	I:	D:
75892	76818	-	1	1.309694	I:	D:
76818	77105	+	3	1.353719	I:	D:
77199	77486	-	3	1.377121	I:	D:
77586	79364	+	3	1.305477	I:	D:
79416	80579	+	3	1.287322	I:	D:
80576	81739	+	2	1.296814	I:	D:
82216	82533	+	1	1.307028	I:	D:
82526	83116	+	2	1.296828	I:	D:
83110	83328	+	1	1.287739	I:	D:
83349	84257	+	3	1.310144	I:	D:
84300	84497	+	3	1.370944	I:	D:
84700	86022	-	1	1.313431	I:	D:
86072	87985	+	2	1.284764	I:	D:
88249	89115	-	1	1.303187	I:	D:
89172	89654	-	3	1.280667	I:	D:
89654	90124	-	2	1.313248	I:	D:
90179	91885	-	2	1.276828	I:	D:
91897	92124	-	1	1.291193	I:	D:
92157	92489	-	3	1.309950	I:	D:
92514	92699	+	3	1.347356	I:	D:
92725	93375	+	1	1.320002	I:	D:
93547	94242	+	1	1.336127	I:	D:
94356	96566	+	3	1.296165	I:	D:
96811	97641	-	1	1.319464	I:	D:
97695	98138	-	3	1.325624	I:	D:
98290	98637	-	1	1.276906	I:	D:
98715	99254	-	3	1.290752	I:	D:
99603	101054	-	3	1.300190	I:	D:
101076	101444	-	3	1.267100	I:	D:
101530	102774	-	1	1.287468	I:	D:
102797	103126	-	2	1.281132	I:	D:
103321	105216	+	1	1.300724	I:	D:
105391	105537	-	1	1.314750	I:	D:
105560	106144	-	2	1.306636	I:	D:
106279	106782	-	1	1.289910	I:	D:
106848	107546	-	3	1.277482	I:	D:
107548	108288	-	1	1.314378	I:	D:
108546	109079	-	3	1.320567	I:	D:
109241	109777	-	2	1.281507	I:	D:
109914	110855	-	3	1.291038	I:	D:
110842	112386	-	1	1.307541	I:	D:
112714	113952	-	1	1.294294	I:	D:
113976	114875	-	3	1.286994	I:	D:
114922	115107	-	1	1.353187	I:	D:
115179	116552	-	3	1.290560	I:	D:
116946	118268	-	3	1.293804	I:	D:
118319	118453	-	2	1.343851	I:	D:
118452	118844	+	3	1.290060	I:	D:
119121	119933	-	3	1.321035	I:	D:
120106	120549	-	1	1.285667	I:	D:
120560	121408	-	2	1.293299	I:	D:
121410	122678	-	3	1.299449	I:	D:
122678	123694	-	2	1.285655	I:	D:
123886	125151	-	1	1.283306	I:	D:
125136	126260	-	3	1.301265	I:	D:
126370	127374	-	1	1.282608	I:	D:
127680	128408	-	3	1.328288	I:	D:
128523	129161	-	3	1.302597	I:	D:
129158	130009	-	2	1.311561	I:	D:
130097	130657	+	2	1.305368	I:	D:
130877	131722	+	2	1.320976	I:	D:
131996	132454	+	2	1.308161	I:	D:
132600	133181	-	3	1.291374	I:	D:
133174	137166	-	1	1.284708	I:	D:
137179	137463	-	1	1.345774	I:	D:
137662	137805	+	1	1.357366	I:	D:
137959	139443	-	1	1.277848	I:	D:
139630	141588	-	1	1.291715	I:	D:
141616	142572	-	1	1.320504	I:	D:
142710	144080	-	3	1.319730	I:	D:
144248	144397	+	2	1.304102	I:	D:
144517	145362	-	1	1.314771	I:	D:
145839	146717	+	3	1.299018	I:	D:
146810	147814	-	2	1.311759	I:	D:
148792	148944	+	1	1.376099	I:	D:
149094	150176	-	3	1.286371	I:	D:
150160	150963	-	1	1.300284	I:	D:
150960	151748	-	3	1.284299	I:	D:
151755	153323	-	3	1.275865	I:	D:
153349	153888	-	1	1.290432	I:	D:
154073	154384	+	2	1.377105	I:	D:
154422	154742	-	3	1.280765	I:	D:
154903	155631	-	1	1.282493	I:	D:
155717	156559	-	2	1.296250	I:	D:
156546	157352	-	3	1.277899	I:	D:
157345	158481	-	1	1.278920	I:	D:
158813	159949	-	2	1.281723	I:	D:
160000	160224	-	1	1.346501	I:	D:
160391	162412	-	2	1.318089	I:	D:
162565	163665	-	1	1.276272	I:	D:
163701	163898	+	3	1.359625	I:	D:
164056	164889	+	1	1.309632	I:	D:
165196	167058	-	1	1.340462	I:	D:
167297	167497	+	2	1.367691	I:	D:
>Y8.M015_6
539	1099	-	2	1.331399	I:	D:
1254	2990	-	3	1.300575	I:	D:
2983	4698	-	1	1.296532	I:	D:
4934	6499	-	2	1.284535	I:	D:
6685	7095	-	1	1.323893	I:	D:
7247	7510	-	2	1.276681	I:	D:
7761	8459	-	3	1.320936	I:	D:
8553	8690	+	3	1.333697	I:	D:
8706	9050	-	3	1.307159	I:	D:
9201	9740	-	3	1.312402	I:	D:
9737	10042	-	2	1.283691	I:	D:
10090	10353	-	1	1.276496	I:	D:
10398	10625	-	3	1.291144	I:	D:
10631	10957	-	2	1.332494	I:	D:
11217	11648	+	3	1.327734	I:	D:
11953	12477	-	1	1.322957	I:	D:
12530	15973	-	2	1.290343	I:	D:
15970	16533	-	1	1.294622	I:	D:
16940	17737	-	2	1.295662	I:	D:
17807	18001	-	2	1.294878	I:	D:
18281	19081	-	2	1.307041	I:	D:
19075	19788	-	1	1.294322	I:	D:
19769	20155	-	2	1.314421	I:	D:
20263	20460	-	1	1.298175	I:	D:
20834	22087	-	2	1.317852	I:	D:
22081	23301	-	1	1.310719	I:	D:
23531	24112	-	2	1.323854	I:	D:
24180	26456	-	3	1.317542	I:	D:
26449	26862	-	1	1.304581	I:	D:
26971	27597	-	1	1.294080	I:	D:
27613	28482	-	1	1.304708	I:	D:
28505	28843	-	2	1.290330	I:	D:
29534	31450	+	2	1.305089	I:	D:
31829	32623	-	2	1.313176	I:	D:
32696	33463	-	2	1.283540	I:	D:
33457	34290	-	1	1.312049	I:	D:
34482	34805	+	3	1.375321	I:	D:
34802	36178	+	2	1.295875	I:	D:
36325	37446	+	1	1.293156	I:	D:
37548	37751	+	3	1.276516	I:	D:
37748	38854	+	2	1.321668	I:	D:
38851	40785	+	1	1.293243	I:	D:
40798	43359	+	1	1.301856	I:	D:
43644	44621	+	3	1.331259	I:	D:
45003	46286	+	3	1.301530	I:	D:
46346	46759	+	2	1.326470	I:	D:
46945	47934	+	1	1.341009	I:	D:
48069	48368	+	3	1.345245	I:	D:
48668	49213	+	2	1.307684	I:	D:
49304	51145	+	2	1.307413	I:	D:
51149	51457	+	2	1.274750	I:	D:
51462	52055	+	3	1.299672	I:	D:
52072	53739	+	1	1.294182	I:	D:
54072	55022	+	3	1.297709	I:	D:
55029	56897	+	3	1.306489	I:	D:
56894	57523	+	2	1.299106	I:	D:
57581	58789	+	2	1.297904	I:	D:
59181	59429	-	3	1.355546	I:	D:
59447	61972	+	2	1.303638	I:	D:
61991	63172	+	2	1.312318	I:	D:
63305	63661	+	2	1.296715	I:	D:
63806	63952	+	2	1.338061	I:	D:
64007	64426	-	2	1.290525	I:	D:
64459	65664	-	1	1.301715	I:	D:
66099	66335	-	3	1.322216	I:	D:
66445	66684	+	1	1.340719	I:	D:
66687	66953	+	3	1.326905	I:	D:
67141	67584	+	1	1.327699	I:	D:
67607	68365	-	2	1.316719	I:	D:
68476	69648	+	1	1.306122	I:	D:
69659	71686	+	2	1.311824	I:	D:
71847	72662	-	3	1.331422	I:	D:
72793	72948	-	1	1.317747	I:	D:
73041	73451	+	3	1.309930	I:	D:
73581	74855	+	3	1.325856	I:	D:
75156	75446	+	3	1.347035	I:	D:
75459	76070	-	3	1.314264	I:	D:
76180	77070	-	1	1.320680	I:	D:
77257	77406	+	1	1.354801	I:	D:
77542	78243	+	1	1.311304	I:	D:
78256	79032	+	1	1.301619	I:	D:
79207	80001	+	1	1.298008	I:	D:
79988	80863	+	2	1.285225	I:	D:
81023	82579	-	2	1.310711	I:	D:
82619	82795	+	2	1.334881	I:	D:
82835	83902	+	2	1.310322	I:	D:
83899	85092	+	1	1.302440	I:	D:
85317	87044	+	3	1.288858	I:	D:
87617	88288	+	2	1.302857	I:	D:
88285	89271	+	1	1.307166	I:	D:
89375	91195	+	2	1.319041	I:	D:
91161	93017	+	3	1.303845	I:	D:
93209	94402	+	2	1.311390	I:	D:
94508	95587	+	2	1.299981	I:	D:
95993	96871	-	2	1.284701	I:	D:
97059	97904	-	3	1.306833	I:	D:
97931	98077	+	2	1.327161	I:	D:
98112	99566	+	3	1.312952	I:	D:
100001	100474	-	2	1.332647	I:	D:
100616	102040	-	2	1.332771	I:	D:
102226	102861	+	1	1.339396	I:	D:
102877	103536	+	1	1.345977	I:	D:
103529	104167	+	2	1.306901	I:	D:
104241	105059	+	3	1.316960	I:	D:
105130	106779	+	1	1.295957	I:	D:
106791	107042	+	3	1.378580	I:	D:
107140	108369	-	1	1.318253	I:	D:
108409	109308	+	1	1.325621	I:	D:
109503	110915	+	3	1.312528	I:	D:
111495	112838	+	3	1.289986	I:	D:
112849	113271	+	1	1.306532	I:	D:
113256	114044	+	3	1.310854	I:	D:
114090	114908	+	3	1.327286	I:	D:
115221	115619	+	3	1.309896	I:	D:
115616	116473	+	2	1.316740	I:	D:
116460	117701	+	3	1.311337	I:	D:
117772	117924	-	1	1.334874	I:	D:
117953	119029	+	2	1.311438	I:	D:
119111	120196	+	2	1.327670	I:	D:
120200	121855	+	2	1.320612	I:	D:
121895	123577	+	2	1.332915	I:	D:
123570	124328	+	3	1.332412	I:	D:
124538	125086	+	2	1.306389	I:	D:
125079	125954	+	3	1.302080	I:	D:
125926	126798	+	1	1.309232	I:	D:
126814	126957	+	1	1.336247	I:	D:
127384	128751	+	1	1.310442	I:	D:
128763	129719	+	3	1.298540	I:	D:
129918	130541	+	3	1.294156	I:	D:
130832	132352	+	2	1.319634	I:	D:
132367	132828	+	1	1.302666	I:	D:
132825	133142	+	3	1.293004	I:	D:
133167	134381	+	3	1.320883	I:	D:
134404	135279	+	1	1.297859	I:	D:
135276	135938	+	3	1.312757	I:	D:
135944	136987	+	2	1.329640	I:	D:
137557	140787	-	1	1.304314	I:	D:
140768	143437	-	2	1.308936	I:	D:
143551	145209	-	1	1.293146	I:	D:
145241	145543	+	2	1.340962	I:	D:
145696	146502	+	1	1.286093	I:	D:
146669	146827	+	2	1.371674	I:	D:
146888	147247	+	2	1.329309	I:	D:
147327	152057	+	3	1.298773	I:	D:
152070	152582	+	3	1.300592	I:	D:
152586	153302	+	3	1.292768	I:	D:
153316	154086	+	1	1.295280	I:	D:
154088	155047	+	2	1.303457	I:	D:
155222	155767	-	2	1.326190	I:	D:
155897	156586	+	2	1.338811	I:	D:
156894	158159	+	3	1.309384	I:	D:
158218	158370	-	1	1.342557	I:	D:
>Y8.M015_7
2	247	-	2	1.382908	I:	D:
405	854	+	3	1.312466	I:	D:
851	1462	+	2	1.299919	I:	D:
1459	1908	+	1	1.318593	I:	D:
1905	2927	+	3	1.296817	I:	D:
2982	3602	+	3	1.326799	I:	D:
3864	5246	+	3	1.288920	I:	D:
5372	6499	-	2	1.326158	I:	D:
6778	7590	+	1	1.313616	I:	D:
7606	8910	+	1	1.304832	I:	D:
9010	10872	+	1	1.298340	I:	D:
10941	11837	+	3	1.304100	I:	D:
11896	12135	-	1	1.303421	I:	D:
12122	13381	-	2	1.373049	I:	D:
13893	14168	+	3	1.319254	I:	D:
14215	14505	+	1	1.324869	I:	D:
14783	16282	+	2	1.293331	I:	D:
16510	17328	-	1	1.278575	I:	D:
17399	18475	-	2	1.273184	I:	D:
18487	19464	-	1	1.266198	I:	D:
19544	19741	+	2	1.342204	I:	D:
19982	21205	+	2	1.289859	I:	D:
21269	23068	+	2	1.291136	I:	D:
23070	24188	+	3	1.314716	I:	D:
24223	24870	+	1	1.299748	I:	D:
25363	27024	+	1	1.301138	I:	D:
27126	27713	-	3	1.314964	I:	D:
27838	28275	-	1	1.271681	I:	D:
28268	29161	-	2	1.311415	I:	D:
29154	30650	-	3	1.297832	I:	D:
30700	31917	+	1	1.305821	I:	D:
31914	33251	+	3	1.302395	I:	D:
33248	34252	+	2	1.289089	I:	D:
34528	34887	+	1	1.288153	I:	D:
34900	35712	+	1	1.287543	I:	D:
35888	36532	-	2	1.305329	I:	D:
36529	37518	-	1	1.295000	I:	D:
37585	37713	-	1	1.325303	I:	D:
37742	37954	+	2	1.288851	I:	D:
38072	39550	+	2	1.298529	I:	D:
39647	40369	+	2	1.290236	I:	D:
40427	41332	-	2	1.301055	I:	D:
41510	43234	+	2	1.293137	I:	D:
43436	44248	+	2	1.305660	I:	D:
44269	45249	+	1	1.307560	I:	D:
45367	45843	+	1	1.302841	I:	D:
46205	47476	+	2	1.282998	I:	D:
47886	48236	-	3	1.310740	I:	D:
48326	48568	+	2	1.357298	I:	D:
48888	50225	-	3	1.308141	I:	D:
50283	50573	+	3	1.332503	I:	D:
50570	52864	+	2	1.272257	I:	D:
52968	54572	+	3	1.280159	I:	D:
54631	55146	+	1	1.264134	I:	D:
55195	57393	+	1	1.284601	I:	D:
57409	58476	+	1	1.290406	I:	D:
58497	58742	+	3	1.354044	I:	D:
59019	59390	-	3	1.316148	I:	D:
59615	59926	+	2	1.278537	I:	D:
59965	61002	+	1	1.291733	I:	D:
61020	62852	+	3	1.272117	I:	D:
62868	63311	+	3	1.254028	I:	D:
63326	63634	+	2	1.275404	I:	D:
63645	64232	+	3	1.274838	I:	D:
64249	66012	+	1	1.276712	I:	D:
66026	67438	+	2	1.280585	I:	D:
67443	68069	+	3	1.275167	I:	D:
68169	68615	+	3	1.308920	I:	D:
68777	69313	-	2	1.310798	I:	D:
69407	70180	+	2	1.277274	I:	D:
70262	70528	+	2	1.286077	I:	D:
70688	71095	+	2	1.296233	I:	D:
71095	71847	+	1	1.318017	I:	D:
71862	72335	+	3	1.267556	I:	D:
72583	75312	+	1	1.288539	I:	D:
75372	75515	+	3	1.343814	I:	D:
75544	76071	+	1	1.304429	I:	D:
76064	77122	+	2	1.290840	I:	D:
77123	77416	+	2	1.280751	I:	D:
77413	78435	+	1	1.295445	I:	D:
78428	78766	+	2	1.264758	I:	D:
78763	79464	+	1	1.299919	I:	D:
79461	80153	+	3	1.297996	I:	D:
80150	80749	+	2	1.294307	I:	D:
80843	81052	+	2	1.350399	I:	D:
81077	81901	-	2	1.293119	I:	D:
81968	82546	-	2	1.294143	I:	D:
82628	83188	+	2	1.313113	I:	D:
83192	83743	+	2	1.308308	I:	D:
83730	84410	+	3	1.293261	I:	D:
84570	87287	-	3	1.264458	I:	D:
87386	90376	-	2	1.277923	I:	D:
90380	90982	-	2	1.298907	I:	D:
91140	91469	+	3	1.272991	I:	D:
91624	92142	+	1	1.391862	I:	D:
92192	93073	+	2	1.296868	I:	D:
93077	93670	+	2	1.281184	I:	D:
93657	94136	+	3	1.313006	I:	D:
94192	95223	+	1	1.272154	I:	D:
95460	97016	+	3	1.275827	I:	D:
97016	97786	+	2	1.305990	I:	D:
97836	98102	+	3	1.294088	I:	D:
98134	98307	+	1	1.359534	I:	D:
98405	99859	+	2	1.279059	I:	D:
100050	101843	+	3	1.277277	I:	D:
101902	104142	+	1	1.277135	I:	D:
104297	105379	+	2	1.283395	I:	D:
105626	106702	+	2	1.305646	I:	D:
106692	108029	+	3	1.307068	I:	D:
108233	109765	+	2	1.284354	I:	D:
109762	110853	+	1	1.270368	I:	D:
110850	111806	+	3	1.271289	I:	D:
111931	113895	+	1	1.304015	I:	D:
114474	115916	-	3	1.285480	I:	D:
115920	116519	-	3	1.293577	I:	D:
116650	116826	+	1	1.370780	I:	D:
116804	118075	+	2	1.295544	I:	D:
118059	119357	+	3	1.298647	I:	D:
119543	119899	+	2	1.296484	I:	D:
119977	120669	+	1	1.316716	I:	D:
120878	121783	+	2	1.284876	I:	D:
121920	123308	+	3	1.278964	I:	D:
123410	123682	+	2	1.336595	I:	D:
123686	123940	+	2	1.291016	I:	D:
123989	124495	+	2	1.285297	I:	D:
124492	125271	+	1	1.282005	I:	D:
125394	125741	+	3	1.295467	I:	D:
125807	126367	+	2	1.289479	I:	D:
126369	127214	+	3	1.279432	I:	D:
127211	127834	+	2	1.284664	I:	D:
128098	128880	+	1	1.316234	I:	D:
128956	130989	+	1	1.284085	I:	D:
130979	132289	+	2	1.292382	I:	D:
132319	133254	+	1	1.296371	I:	D:
133437	134378	+	3	1.263415	I:	D:
134381	135271	+	2	1.267570	I:	D:
135444	137054	+	3	1.292589	I:	D:
137417	138118	+	2	1.273816	I:	D:
138137	138685	+	2	1.277303	I:	D:
138733	139434	+	1	1.284858	I:	D:
139431	140195	+	3	1.283614	I:	D:
140197	141351	+	1	1.287011	I:	D:
141355	142401	+	1	1.272104	I:	D:
142457	143470	+	2	1.283036	I:	D:
143691	145718	+	3	1.294924	I:	D:
145768	146670	+	1	1.319837	I:	D:
147040	148305	+	1	1.307507	I:	D:
148313	148456	-	2	1.327602	I:	D:
148477	150354	-	1	1.284340	I:	D:
150540	151898	+	3	1.296151	I:	D:
151974	152978	+	3	1.279771	I:	D:
152994	156245	+	3	1.312708	I:	D:
>Y8.M015_8
134	1378	-	2	1.293492	I:	D:
1375	1890	-	1	1.315387	I:	D:
1982	3163	-	2	1.318889	I:	D:
3237	3665	-	3	1.309130	I:	D:
3855	4178	-	3	1.304415	I:	D:
4386	5396	+	3	1.306403	I:	D:
5516	7798	-	2	1.295454	I:	D:
7891	8028	+	1	1.323413	I:	D:
8040	9140	-	3	1.275744	I:	D:
9269	9472	-	2	1.309146	I:	D:
9476	10330	-	2	1.290627	I:	D:
10416	10865	-	3	1.309681	I:	D:
10964	11143	+	2	1.373882	I:	D:
11148	12410	+	3	1.296698	I:	D:
12526	12672	+	1	1.313690	I:	D:
12955	13992	+	1	1.303757	I:	D:
14083	14316	+	1	1.354323	I:	D:
14383	15198	-	1	1.299920	I:	D:
15301	16569	-	1	1.287048	I:	D:
16632	16973	-	3	1.328594	I:	D:
17214	17912	-	3	1.298173	I:	D:
17926	19374	-	1	1.301042	I:	D:
19800	20528	-	3	1.294496	I:	D:
20495	21448	-	2	1.290679	I:	D:
21445	23448	-	1	1.299926	I:	D:
23591	23944	-	2	1.308302	I:	D:
24064	26595	-	1	1.286774	I:	D:
26693	27226	+	2	1.291508	I:	D:
27446	29131	-	2	1.299096	I:	D:
29255	30139	+	2	1.328118	I:	D:
30609	30983	-	3	1.335568	I:	D:
31011	31232	-	3	1.366701	I:	D:
31939	32463	+	1	1.358623	I:	D:
32606	33115	-	2	1.351220	I:	D:
33990	34907	-	3	1.367081	I:	D:
35216	36457	-	2	1.359467	I:	D:
36599	38134	-	2	1.318099	I:	D:
38205	38630	+	3	1.303280	I:	D:
38627	39823	+	2	1.301448	I:	D:
39967	41739	-	1	1.328087	I:	D:
41894	42493	+	2	1.319050	I:	D:
42560	43027	+	2	1.334442	I:	D:
43164	43538	-	3	1.358169	I:	D:
43628	44179	+	2	1.306425	I:	D:
44348	44581	+	2	1.345113	I:	D:
44718	46082	+	3	1.307753	I:	D:
46197	47330	-	3	1.335410	I:	D:
47604	48302	-	3	1.318582	I:	D:
48379	49428	-	1	1.309058	I:	D:
49432	49755	-	1	1.312421	I:	D:
49907	50344	-	2	1.309807	I:	D:
50566	51114	-	1	1.335550	I:	D:
51111	51707	-	3	1.289896	I:	D:
51685	53097	-	1	1.307150	I:	D:
53312	54097	-	2	1.312202	I:	D:
54142	54276	-	1	1.297570	I:	D:
54285	55013	-	3	1.315616	I:	D:
55111	55656	+	1	1.313793	I:	D:
55748	56608	+	2	1.308428	I:	D:
56839	57918	-	1	1.290521	I:	D:
58188	59684	-	3	1.307915	I:	D:
59787	60227	-	3	1.280215	I:	D:
60431	62872	+	2	1.279965	I:	D:
62900	63046	+	2	1.362778	I:	D:
63311	64024	+	2	1.305340	I:	D:
64071	64979	+	3	1.320530	I:	D:
64976	65449	+	2	1.327671	I:	D:
65666	66244	-	2	1.292833	I:	D:
66481	66864	+	1	1.347714	I:	D:
67075	67749	+	1	1.305255	I:	D:
67742	68752	+	2	1.288568	I:	D:
68876	69643	+	2	1.314561	I:	D:
69640	71658	+	1	1.301214	I:	D:
72001	72765	-	1	1.314439	I:	D:
73186	75045	-	1	1.283790	I:	D:
75042	75476	-	3	1.300265	I:	D:
75589	76179	-	1	1.315888	I:	D:
76289	76867	-	2	1.301939	I:	D:
77024	78310	-	2	1.293334	I:	D:
78297	79016	-	3	1.283487	I:	D:
79013	80704	-	2	1.305243	I:	D:
80897	83218	+	2	1.307671	I:	D:
83230	83376	+	1	1.360918	I:	D:
83460	84497	-	3	1.306009	I:	D:
84793	86607	+	1	1.281777	I:	D:
86636	86833	+	2	1.392055	I:	D:
86837	87463	+	2	1.310315	I:	D:
87637	87774	+	1	1.396580	I:	D:
87808	89220	+	1	1.301057	I:	D:
89410	89985	-	1	1.304346	I:	D:
90062	90379	-	2	1.335713	I:	D:
90566	91006	+	2	1.343682	I:	D:
91148	93142	-	2	1.290690	I:	D:
93164	93364	+	2	1.385815	I:	D:
93460	94248	+	1	1.335514	I:	D:
94338	94745	+	3	1.285074	I:	D:
95344	96972	+	1	1.306994	I:	D:
97081	98043	-	1	1.280508	I:	D:
98185	98937	-	1	1.297890	I:	D:
98934	99902	-	3	1.303669	I:	D:
99899	100903	-	2	1.303754	I:	D:
101459	102652	-	2	1.293930	I:	D:
103083	103283	+	3	1.294087	I:	D:
103381	104001	-	1	1.334127	I:	D:
104135	104674	-	2	1.276041	I:	D:
104665	105090	-	1	1.312337	I:	D:
105294	105512	+	3	1.334106	I:	D:
105605	105805	+	2	1.318087	I:	D:
105917	106768	-	2	1.311124	I:	D:
106765	108108	-	1	1.296137	I:	D:
108101	109030	-	2	1.306709	I:	D:
109083	109718	-	3	1.295694	I:	D:
109893	111332	-	3	1.314768	I:	D:
111533	112060	-	2	1.292125	I:	D:
112425	112985	-	3	1.304233	I:	D:
112982	113806	-	2	1.293690	I:	D:
113845	114285	-	1	1.318021	I:	D:
114548	115495	+	2	1.303601	I:	D:
115502	116623	+	2	1.322150	I:	D:
116620	117795	+	1	1.312613	I:	D:
117835	118074	+	1	1.364100	I:	D:
118226	118561	-	2	1.320739	I:	D:
118564	120177	-	1	1.301711	I:	D:
120174	120632	-	3	1.301828	I:	D:
>Y8.M015_9
616	1098	+	1	1.331475	I:	D:
1221	2774	+	3	1.341423	I:	D:
3010	3162	+	1	1.354558	I:	D:
3357	3941	-	3	1.343541	I:	D:
3980	4510	-	2	1.360805	I:	D:
4718	5539	+	2	1.311250	I:	D:
5532	6461	+	3	1.294609	I:	D:
6625	7677	+	1	1.292763	I:	D:
7670	8590	+	2	1.285607	I:	D:
8603	9445	+	2	1.293920	I:	D:
9493	10830	+	1	1.285978	I:	D:
10902	11468	+	3	1.304864	I:	D:
11461	12732	+	1	1.305764	I:	D:
12973	13122	+	1	1.340015	I:	D:
13580	13780	+	2	1.299550	I:	D:
13894	14718	+	1	1.319979	I:	D:
14718	15464	+	3	1.312908	I:	D:
15574	15894	+	1	1.389059	I:	D:
15908	17608	-	2	1.288887	I:	D:
17755	17958	-	1	1.319777	I:	D:
17979	19991	+	3	1.299994	I:	D:
20111	21193	+	2	1.295077	I:	D:
21360	21743	+	3	1.290610	I:	D:
21747	23069	+	3	1.298338	I:	D:
23066	24496	+	2	1.291937	I:	D:
24501	25496	+	3	1.309727	I:	D:
25487	26836	+	2	1.292959	I:	D:
26984	28486	+	2	1.299967	I:	D:
28668	29975	+	3	1.298481	I:	D:
30064	31164	-	1	1.323468	I:	D:
31200	31799	-	3	1.318624	I:	D:
31994	32188	+	2	1.297376	I:	D:
32317	33348	+	1	1.332385	I:	D:
33437	33691	+	2	1.327667	I:	D:
34062	35207	+	3	1.329100	I:	D:
35361	35588	+	3	1.377870	I:	D:
35585	36493	+	2	1.367979	I:	D:
36490	37200	+	1	1.362997	I:	D:
37232	38026	+	2	1.350108	I:	D:
38016	39140	+	3	1.343710	I:	D:
39186	39449	-	3	1.283663	I:	D:
39446	39835	-	2	1.300670	I:	D:
40355	40687	+	2	1.368101	I:	D:
40854	41228	+	3	1.329763	I:	D:
41334	41741	+	3	1.313685	I:	D:
42109	42453	-	1	1.337459	I:	D:
42607	42840	-	1	1.402401	I:	D:
43117	44526	+	1	1.372185	I:	D:
44592	45830	+	3	1.320328	I:	D:
45887	47992	+	2	1.306076	I:	D:
48071	48214	+	2	1.346570	I:	D:
48309	49901	-	3	1.330116	I:	D:
50194	50781	-	1	1.339494	I:	D:
50893	51270	+	1	1.291546	I:	D:
51267	52598	+	3	1.300194	I:	D:
52595	52816	+	2	1.284311	I:	D:
52813	53655	+	1	1.294649	I:	D:
53680	55545	+	1	1.299018	I:	D:
55569	57239	+	3	1.289416	I:	D:
57472	58476	+	1	1.320257	I:	D:
58562	59473	+	2	1.323220	I:	D:
59624	60892	+	2	1.293915	I:	D:
60938	61558	+	2	1.302024	I:	D:
61593	62507	+	3	1.322193	I:	D:
62497	63678	+	1	1.301795	I:	D:
63792	64256	-	3	1.379765	I:	D:
64418	64765	-	2	1.345676	I:	D:
64786	65535	-	1	1.316697	I:	D:
65635	66312	-	1	1.317692	I:	D:
66564	66848	-	3	1.292832	I:	D:
66945	68621	-	3	1.293842	I:	D:
68618	69571	-	2	1.298909	I:	D:
69574	70770	-	1	1.291986	I:	D:
70783	71109	-	1	1.267441	I:	D:
71099	72070	-	2	1.268398	I:	D:
72067	75006	-	1	1.279303	I:	D:
75005	75604	+	2	1.330095	I:	D:
75601	76278	+	1	1.292818	I:	D:
76343	77758	-	2	1.309187	I:	D:
77933	80227	-	2	1.300860	I:	D:
80224	80436	-	1	1.323091	I:	D:
80464	80958	-	1	1.289172	I:	D:
80955	82259	-	3	1.288575	I:	D:
82337	83296	-	2	1.290447	I:	D:
83305	85242	-	1	1.306373	I:	D:
85233	85706	-	3	1.303675	I:	D:
85757	86227	-	2	1.275841	I:	D:
86255	86884	-	2	1.299181	I:	D:
86912	87994	-	2	1.280374	I:	D:
87975	88241	-	3	1.252889	I:	D:
88293	88712	-	3	1.274270	I:	D:
88712	88969	-	2	1.283841	I:	D:
89026	91725	-	1	1.274313	I:	D:
91884	92951	-	3	1.290692	I:	D:
92978	93133	-	2	1.257823	I:	D:
93185	95374	-	2	1.288120	I:	D:
95391	96089	-	3	1.293623	I:	D:
96086	97231	-	2	1.305874	I:	D:
97291	97737	-	1	1.302203	I:	D:
97809	97982	+	3	1.307201	I:	D:
98107	99216	+	1	1.287146	I:	D:
99247	99423	+	1	1.345481	I:	D:
99517	100377	-	1	1.295817	I:	D:
100458	102227	-	3	1.301925	I:	D:
102275	102703	-	2	1.324976	I:	D:
102727	102924	+	1	1.355194	I:	D:
103055	103537	-	2	1.291148	I:	D:
103589	103750	-	2	1.288877	I:	D:
103790	104455	-	2	1.304069	I:	D:
104517	104771	+	3	1.291477	I:	D:
104933	106078	-	2	1.287024	I:	D:
106078	108291	-	1	1.294866	I:	D:
108291	109379	-	3	1.289474	I:	D:
109379	111298	-	2	1.285680	I:	D:
111311	112735	-	2	1.310457	I:	D:
112988	113578	-	2	1.305846	I:	D:
113563	114072	-	1	1.305678	I:	D:
114069	114767	-	3	1.285995	I:	D:
114754	115344	-	1	1.303829	I:	D:
115329	116987	-	3	1.297778	I:	D:
117110	118090	-	2	1.285311	I:	D:
118090	119166	-	1	1.304027	I:	D:
119589	119972	+	3	1.316767	I:	D:
>Y8.M015_10
198	1643	+	3	1.293393	I:	D:
1670	2812	+	2	1.293327	I:	D:
2809	3522	+	1	1.305377	I:	D:
3582	6023	+	3	1.312896	I:	D:
6071	6274	+	2	1.345537	I:	D:
6369	6866	+	3	1.311509	I:	D:
6839	8206	+	2	1.286894	I:	D:
8457	9233	+	3	1.303959	I:	D:
9341	9970	+	2	1.305296	I:	D:
10059	12575	-	3	1.284095	I:	D:
12599	13105	-	2	1.309628	I:	D:
13455	15452	+	3	1.293235	I:	D:
15562	16206	+	1	1.315356	I:	D:
16537	16677	+	1	1.355799	I:	D:
17161	17913	-	1	1.319413	I:	D:
18113	18910	+	2	1.323546	I:	D:
19043	19732	-	2	1.318194	I:	D:
19720	20553	-	1	1.305759	I:	D:
20800	21633	-	1	1.323248	I:	D:
21660	21866	-	3	1.323708	I:	D:
22172	23446	+	2	1.289215	I:	D:
23666	24544	+	2	1.342674	I:	D:
24757	24963	+	1	1.369457	I:	D:
25093	25245	-	1	1.319922	I:	D:
25250	27028	-	2	1.288442	I:	D:
27152	28300	+	2	1.324679	I:	D:
28287	28946	+	3	1.317348	I:	D:
28962	29171	+	3	1.334378	I:	D:
29198	29395	+	2	1.254604	I:	D:
29483	31831	+	2	1.280387	I:	D:
31952	32935	+	2	1.290246	I:	D:
33158	34534	+	2	1.311278	I:	D:
34718	35683	+	2	1.312210	I:	D:
35686	37434	+	1	1.314073	I:	D:
38169	39074	-	3	1.302748	I:	D:
39241	41211	+	1	1.302195	I:	D:
41342	42043	+	2	1.330192	I:	D:
42040	43317	+	1	1.327703	I:	D:
43310	43867	+	2	1.341539	I:	D:
44305	44715	+	1	1.315446	I:	D:
44690	54073	+	2	1.314612	I:	D:
54085	54462	+	1	1.368405	I:	D:
54733	57600	+	1	1.337543	I:	D:
57774	58136	+	3	1.360623	I:	D:
58896	59606	-	3	1.326063	I:	D:
59804	59950	-	2	1.296490	I:	D:
60049	60357	-	1	1.345002	I:	D:
60480	61421	-	3	1.307093	I:	D:
61549	62940	+	1	1.286893	I:	D:
62986	64989	+	1	1.284886	I:	D:
65237	65728	+	2	1.279726	I:	D:
65744	66541	+	2	1.283013	I:	D:
66541	67356	+	1	1.288812	I:	D:
67453	68667	+	1	1.292616	I:	D:
68664	69839	+	3	1.285095	I:	D:
69856	70632	+	1	1.293529	I:	D:
70775	71038	-	2	1.286421	I:	D:
71477	72610	-	2	1.304829	I:	D:
72808	74508	+	1	1.305829	I:	D:
74508	75608	+	3	1.306130	I:	D:
75704	77008	-	2	1.302414	I:	D:
77406	77648	-	3	1.336494	I:	D:
77823	78353	+	3	1.300446	I:	D:
78394	79500	+	1	1.335442	I:	D:
79704	81458	-	3	1.283952	I:	D:
81462	81911	-	3	1.297391	I:	D:
81990	82859	+	3	1.278800	I:	D:
83188	83877	+	1	1.290707	I:	D:
83870	84775	+	2	1.298166	I:	D:
84772	86118	+	1	1.289760	I:	D:
86268	86441	-	3	1.357284	I:	D:
86490	87179	+	3	1.289291	I:	D:
87172	88077	+	1	1.298166	I:	D:
88074	89432	+	3	1.290136	I:	D:
89530	89736	+	1	1.361753	I:	D:
89747	89917	-	2	1.336199	I:	D:
90325	91428	+	1	1.278676	I:	D:
91432	92928	+	1	1.287768	I:	D:
92921	93886	+	2	1.303729	I:	D:
94012	94917	-	1	1.312981	I:	D:
95063	96694	+	2	1.283810	I:	D:
96684	98663	+	3	1.283447	I:	D:
98720	99781	+	2	1.301635	I:	D:
100010	101623	+	2	1.291068	I:	D:
101692	103284	+	1	1.285674	I:	D:
103299	103976	+	3	1.287216	I:	D:
104114	105436	+	2	1.286488	I:	D:
>Y8.M015_11
248	1402	+	2	1.311987	I:	D:
1496	1984	+	2	1.320084	I:	D:
2091	3023	+	3	1.317411	I:	D:
3037	4071	+	1	1.287255	I:	D:
4076	4384	+	2	1.314506	I:	D:
4381	4845	+	1	1.307862	I:	D:
4842	5258	+	3	1.312628	I:	D:
5255	5461	+	2	1.310608	I:	D:
5461	6534	+	1	1.302134	I:	D:
6600	6740	-	3	1.346219	I:	D:
6848	8038	+	2	1.305931	I:	D:
8044	8799	+	1	1.316289	I:	D:
8942	9718	+	2	1.315954	I:	D:
9715	10896	+	1	1.305939	I:	D:
11015	12298	+	2	1.309096	I:	D:
12295	13185	+	1	1.315868	I:	D:
13307	14113	+	2	1.312169	I:	D:
14353	16434	+	1	1.290290	I:	D:
16629	17807	+	3	1.289259	I:	D:
17907	18782	-	3	1.322239	I:	D:
18925	20913	+	1	1.300109	I:	D:
21179	22519	+	2	1.342441	I:	D:
22794	23804	-	3	1.285717	I:	D:
24340	24525	-	1	1.275868	I:	D:
24535	25338	-	1	1.281511	I:	D:
25702	26379	+	1	1.292328	I:	D:
26376	27179	+	3	1.298007	I:	D:
27176	28375	+	2	1.297988	I:	D:
28360	29757	+	1	1.281438	I:	D:
29993	30601	+	2	1.298849	I:	D:
31008	31706	+	3	1.303966	I:	D:
31709	33418	+	2	1.277707	I:	D:
33431	34648	+	2	1.291304	I:	D:
34721	35731	+	2	1.318188	I:	D:
35808	36341	+	3	1.300155	I:	D:
36558	37643	+	3	1.339528	I:	D:
37863	38627	-	3	1.315440	I:	D:
38214	38606	+	3	1.321167	I:	D:
38624	39856	-	2	1.305602	I:	D:
39853	41088	-	1	1.305481	I:	D:
41595	42452	+	3	1.335793	I:	D:
42504	44453	+	3	1.300098	I:	D:
44653	45861	-	1	1.329135	I:	D:
45885	46043	-	3	1.332805	I:	D:
46083	46211	+	3	1.323452	I:	D:
46230	46544	-	3	1.259385	I:	D:
46683	47054	+	3	1.319175	I:	D:
47099	47254	+	2	1.333807	I:	D:
47405	47542	-	2	1.332958	I:	D:
47798	50410	+	2	1.309067	I:	D:
50655	51050	-	3	1.293509	I:	D:
51072	51719	-	3	1.331656	I:	D:
51810	52481	+	3	1.328904	I:	D:
52602	53366	-	3	1.299977	I:	D:
53494	54024	+	1	1.326470	I:	D:
54042	54833	+	3	1.322297	I:	D:
55063	56235	-	1	1.276639	I:	D:
56558	57499	-	2	1.308166	I:	D:
57496	58812	-	1	1.310518	I:	D:
58378	58797	+	1	1.361752	I:	D:
58809	60710	-	3	1.291900	I:	D:
60951	61964	-	3	1.302729	I:	D:
62153	62473	-	2	1.376359	I:	D:
62609	64666	+	2	1.294619	I:	D:
64670	64909	+	2	1.286357	I:	D:
64924	65166	+	1	1.279637	I:	D:
65173	65922	+	1	1.320088	I:	D:
66094	66303	-	1	1.307165	I:	D:
66303	66803	-	3	1.320135	I:	D:
66873	67472	-	3	1.340387	I:	D:
67992	69839	-	3	1.278967	I:	D:
69971	70864	+	2	1.306593	I:	D:
71197	72735	+	1	1.303442	I:	D:
72749	73618	+	2	1.312140	I:	D:
73625	73753	+	2	1.338168	I:	D:
73838	74053	+	2	1.314248	I:	D:
74253	75599	+	3	1.306488	I:	D:
75744	76835	-	3	1.319630	I:	D:
76911	78068	+	3	1.291654	I:	D:
78202	78339	+	1	1.300824	I:	D:
78412	78774	+	1	1.350255	I:	D:
78771	79034	+	3	1.339845	I:	D:
79177	79374	+	1	1.351448	I:	D:
79665	81452	+	3	1.335100	I:	D:
81544	83115	+	1	1.314353	I:	D:
83099	84181	+	2	1.353732	I:	D:
84211	84738	+	1	1.364818	I:	D:
84769	86277	+	1	1.346925	I:	D:
86299	87042	+	1	1.365862	I:	D:
87047	90184	+	2	1.314957	I:	D:
90236	91057	+	2	1.334548	I:	D:
91047	93488	+	3	1.350810	I:	D:
93588	93824	-	3	1.384810	I:	D:
93974	94234	+	2	1.388559	I:	D:
94499	94822	+	2	1.306000	I:	D:
94926	96533	+	3	1.321142	I:	D:
96703	97683	+	1	1.314751	I:	D:
97713	98459	+	3	1.309734	I:	D:
98518	99057	+	1	1.326290	I:	D:
99176	99307	+	2	1.322156	I:	D:
99421	100047	+	1	1.303189	I:	D:
100107	100865	+	3	1.293582	I:	D:
>Y8.M015_12
159	335	+	3	1.323976	I:	D:
657	959	-	3	1.287602	I:	D:
1069	2208	+	1	1.316222	I:	D:
2210	3232	+	2	1.282736	I:	D:
3236	3937	+	2	1.328427	I:	D:
4142	4702	+	2	1.302532	I:	D:
4783	6558	-	1	1.280417	I:	D:
6798	8216	+	3	1.289526	I:	D:
8316	9236	+	3	1.322641	I:	D:
9248	9952	-	2	1.280405	I:	D:
10041	10736	-	3	1.293301	I:	D:
10766	10924	-	2	1.282070	I:	D:
11033	11902	-	2	1.298051	I:	D:
12083	12997	+	2	1.309198	I:	D:
13128	13604	+	3	1.373500	I:	D:
13700	14644	+	2	1.316435	I:	D:
14687	14950	-	2	1.341177	I:	D:
15418	15858	-	1	1.287109	I:	D:
15916	16413	-	1	1.316503	I:	D:
16417	18201	-	1	1.271501	I:	D:
18276	19829	-	3	1.281934	I:	D:
20088	20483	+	3	1.371894	I:	D:
20527	20832	-	1	1.261542	I:	D:
20847	21455	-	3	1.302556	I:	D:
21527	22324	-	2	1.288821	I:	D:
22436	23227	+	2	1.315238	I:	D:
23297	24034	+	2	1.313263	I:	D:
24153	25316	+	3	1.297184	I:	D:
25654	26490	-	1	1.315317	I:	D:
26730	27158	+	3	1.293051	I:	D:
27155	27640	+	2	1.300686	I:	D:
27759	28694	-	3	1.299496	I:	D:
28796	30046	-	2	1.318384	I:	D:
30358	30834	-	1	1.329470	I:	D:
30808	31020	+	1	1.353867	I:	D:
31228	33168	-	1	1.281342	I:	D:
33325	34245	+	1	1.299575	I:	D:
34441	34773	+	1	1.380532	I:	D:
34774	34953	+	1	1.347756	I:	D:
35616	36098	-	3	1.328871	I:	D:
36311	36943	+	2	1.287579	I:	D:
37120	38163	-	1	1.322695	I:	D:
38445	39644	-	3	1.300802	I:	D:
39695	40873	-	2	1.282327	I:	D:
40878	42341	-	3	1.278851	I:	D:
42338	42718	-	2	1.284731	I:	D:
42778	43311	-	1	1.275524	I:	D:
43311	44156	-	3	1.298272	I:	D:
44358	44861	+	3	1.284214	I:	D:
44865	45059	-	3	1.349650	I:	D:
45099	45620	-	3	1.309808	I:	D:
45641	46054	-	2	1.303819	I:	D:
46063	46647	-	1	1.319953	I:	D:
46666	46965	-	1	1.312510	I:	D:
46949	47851	-	2	1.318995	I:	D:
47991	48557	+	3	1.312292	I:	D:
48554	49111	+	2	1.286409	I:	D:
49230	49763	+	3	1.283471	I:	D:
50355	51101	+	3	1.293568	I:	D:
51198	51686	-	3	1.298767	I:	D:
51822	52016	+	3	1.342934	I:	D:
52208	54103	+	2	1.276886	I:	D:
54265	55620	+	1	1.312679	I:	D:
55623	55772	-	3	1.327790	I:	D:
55916	57088	-	2	1.299552	I:	D:
57144	57701	-	3	1.316770	I:	D:
57818	58804	+	2	1.303371	I:	D:
59079	59795	+	3	1.298266	I:	D:
59840	60073	-	2	1.336162	I:	D:
60194	61354	-	2	1.297532	I:	D:
61422	61691	-	3	1.315881	I:	D:
61688	62743	-	2	1.307846	I:	D:
62769	63935	-	3	1.313192	I:	D:
63975	64748	-	3	1.330467	I:	D:
64991	65734	+	2	1.309729	I:	D:
65847	66431	-	3	1.333311	I:	D:
66603	67949	-	3	1.291888	I:	D:
68499	68969	+	3	1.307775	I:	D:
68973	70733	+	3	1.302684	I:	D:
70720	72372	+	1	1.297933	I:	D:
72692	73753	-	2	1.340208	I:	D:
74055	74834	-	3	1.303630	I:	D:
74827	75822	-	1	1.307473	I:	D:
75819	76973	-	3	1.294315	I:	D:
77120	77878	-	2	1.320255	I:	D:
77886	80450	-	3	1.296308	I:	D:
80592	81482	+	3	1.307205	I:	D:
81479	81955	+	2	1.309198	I:	D:
82347	82625	+	3	1.336848	I:	D:
82743	83945	-	3	1.322871	I:	D:
84237	84368	+	3	1.311482	I:	D:
84472	85947	-	1	1.311015	I:	D:
85982	87421	-	2	1.308022	I:	D:
87442	87744	-	1	1.280533	I:	D:
87741	88046	-	3	1.268639	I:	D:
88118	89407	-	2	1.307429	I:	D:
89613	90407	+	3	1.302019	I:	D:
90404	91210	+	2	1.321444	I:	D:
91268	92722	-	2	1.305690	I:	D:
93313	95040	-	1	1.286323	I:	D:
95160	95864	-	3	1.278971	I:	D:
96047	96874	+	2	1.296960	I:	D:
97190	97735	-	2	1.316581	I:	D:
97797	98732	-	3	1.302170	I:	D:
98729	99526	-	2	1.288509	I:	D:
99553	99744	+	1	1.349267	I:	D:
99757	100224	-	1	1.342042	I:	D:
>Y8.M015_13
543	1574	-	3	1.282171	I:	D:
1667	2452	-	2	1.307285	I:	D:
2442	3041	-	3	1.282524	I:	D:
3109	4218	-	1	1.285863	I:	D:
4383	5150	-	3	1.298775	I:	D:
5316	8060	-	3	1.286900	I:	D:
8296	9072	-	1	1.278825	I:	D:
9060	9638	-	3	1.291113	I:	D:
9620	10168	-	2	1.321018	I:	D:
10165	11013	-	1	1.301438	I:	D:
11055	11822	-	3	1.284739	I:	D:
11723	12208	-	2	1.319515	I:	D:
12332	12541	-	2	1.227554	I:	D:
12528	13367	-	3	1.286177	I:	D:
13545	14690	-	3	1.282864	I:	D:
14694	15839	-	3	1.276653	I:	D:
16000	16953	-	1	1.280323	I:	D:
16985	17116	-	2	1.322678	I:	D:
17135	18448	-	2	1.285940	I:	D:
18522	18791	+	3	1.373215	I:	D:
19060	19191	+	1	1.306064	I:	D:
19277	20527	-	2	1.297910	I:	D:
20538	21326	-	3	1.295275	I:	D:
21567	22265	+	3	1.295164	I:	D:
22094	22618	+	2	1.309005	I:	D:
22634	23251	+	2	1.289667	I:	D:
23397	24998	-	3	1.309079	I:	D:
25279	25788	-	1	1.290280	I:	D:
25830	26906	-	3	1.308250	I:	D:
27269	28123	-	2	1.277777	I:	D:
28258	28434	+	1	1.351325	I:	D:
28466	29293	-	2	1.271571	I:	D:
29307	29978	-	3	1.280757	I:	D:
29963	31003	-	2	1.268007	I:	D:
31367	32173	-	2	1.320628	I:	D:
32300	33352	-	2	1.332606	I:	D:
33788	34507	-	2	1.306346	I:	D:
34504	36420	-	1	1.289274	I:	D:
36609	37397	+	3	1.298994	I:	D:
37480	37902	+	1	1.324057	I:	D:
37899	39005	+	3	1.299558	I:	D:
39002	39514	+	2	1.303403	I:	D:
39684	39824	-	3	1.333214	I:	D:
39884	40810	-	2	1.354215	I:	D:
40950	41315	-	3	1.310983	I:	D:
41312	41824	-	2	1.346514	I:	D:
41875	43503	-	1	1.280896	I:	D:
43647	46268	-	3	1.277095	I:	D:
46737	47477	-	3	1.314231	I:	D:
47419	47883	-	1	1.330808	I:	D:
47929	48525	-	1	1.314228	I:	D:
48661	49806	-	1	1.298703	I:	D:
49880	50290	-	2	1.266537	I:	D:
50301	50669	-	3	1.294406	I:	D:
50682	50966	-	3	1.291427	I:	D:
51061	51630	-	1	1.327353	I:	D:
51631	52713	-	1	1.258851	I:	D:
52729	53994	-	1	1.299578	I:	D:
54285	54479	+	3	1.362073	I:	D:
54729	56678	-	3	1.301097	I:	D:
56794	57291	-	1	1.307446	I:	D:
57288	57881	-	3	1.299656	I:	D:
58057	58263	-	1	1.309655	I:	D:
58270	58770	-	1	1.334754	I:	D:
58860	59477	-	3	1.271688	I:	D:
59471	60118	-	2	1.264918	I:	D:
60118	60981	-	1	1.298172	I:	D:
61015	62715	-	1	1.278974	I:	D:
62712	63461	-	3	1.278902	I:	D:
63458	64501	-	2	1.286364	I:	D:
64532	65770	-	2	1.280723	I:	D:
65873	68041	-	2	1.299416	I:	D:
68160	68798	-	3	1.302682	I:	D:
69035	69262	+	2	1.323289	I:	D:
69351	69905	-	3	1.283619	I:	D:
69898	71307	-	1	1.297567	I:	D:
71304	71753	-	3	1.282196	I:	D:
71771	73003	-	2	1.291068	I:	D:
72982	73821	-	1	1.282556	I:	D:
73814	74662	-	2	1.284979	I:	D:
74911	76008	+	1	1.281029	I:	D:
76008	76871	+	3	1.284520	I:	D:
77077	78183	+	1	1.330092	I:	D:
78197	78589	+	2	1.315114	I:	D:
>Y8.M015_14
45	1445	+	3	1.306551	I:	D:
1643	2476	-	2	1.321045	I:	D:
2627	3490	+	2	1.299180	I:	D:
3483	4307	+	3	1.296104	I:	D:
4314	5036	+	3	1.288024	I:	D:
5104	5823	+	1	1.291206	I:	D:
5852	7045	-	2	1.304553	I:	D:
7197	10022	+	3	1.293551	I:	D:
10150	10569	+	1	1.325153	I:	D:
10563	11036	+	3	1.292288	I:	D:
11053	11835	+	1	1.297713	I:	D:
11828	12649	+	2	1.316421	I:	D:
12695	13432	+	2	1.298587	I:	D:
13448	13765	+	2	1.297192	I:	D:
13864	15225	+	1	1.315152	I:	D:
15354	15689	+	3	1.334661	I:	D:
15791	15988	+	2	1.330308	I:	D:
16129	17358	+	1	1.289537	I:	D:
17485	18825	-	1	1.328601	I:	D:
18830	19546	-	2	1.297919	I:	D:
20406	20849	+	3	1.288816	I:	D:
20876	21703	+	2	1.287831	I:	D:
21857	22048	+	2	1.355733	I:	D:
22067	23455	+	2	1.284887	I:	D:
23581	25032	+	1	1.295120	I:	D:
25104	25973	-	3	1.302727	I:	D:
26074	27465	+	1	1.287131	I:	D:
27480	28928	+	3	1.309606	I:	D:
28983	30440	+	3	1.294123	I:	D:
30534	31592	+	3	1.305858	I:	D:
31612	32826	+	1	1.301417	I:	D:
32894	34351	+	2	1.296070	I:	D:
34355	35767	+	2	1.300019	I:	D:
35860	36792	+	1	1.313578	I:	D:
36806	38176	+	2	1.299003	I:	D:
38245	39036	+	1	1.309438	I:	D:
39376	39984	+	1	1.355127	I:	D:
40055	40990	+	2	1.333309	I:	D:
41442	43496	+	3	1.318344	I:	D:
43718	45187	+	2	1.296240	I:	D:
45207	46673	+	3	1.297475	I:	D:
46686	48128	+	3	1.310552	I:	D:
48142	49584	+	1	1.304959	I:	D:
49598	50854	+	2	1.297266	I:	D:
50972	52414	+	2	1.293774	I:	D:
52425	53867	+	3	1.294936	I:	D:
53946	55358	+	3	1.304333	I:	D:
55388	56800	+	2	1.302681	I:	D:
56825	58306	+	2	1.314262	I:	D:
59101	59706	+	1	1.309579	I:	D:
59748	60194	+	3	1.287745	I:	D:
60315	61928	-	3	1.304402	I:	D:
62115	62963	+	3	1.306153	I:	D:
63158	63511	+	2	1.283440	I:	D:
63504	64229	+	3	1.296468	I:	D:
64249	64479	+	1	1.253306	I:	D:
64521	65045	+	3	1.282280	I:	D:
65026	65568	+	1	1.273020	I:	D:
65573	67093	+	2	1.279923	I:	D:
67097	67939	+	2	1.290483	I:	D:
67954	69357	+	1	1.282984	I:	D:
69361	69753	+	1	1.277064	I:	D:
70022	71302	+	2	1.295641	I:	D:
71566	71808	+	1	1.321674	I:	D:
71895	72797	+	3	1.331385	I:	D:
72964	73122	+	1	1.351050	I:	D:
73484	74539	+	2	1.347703	I:	D:
74539	76041	+	1	1.349757	I:	D:
>Y8.M015_15
101	352	-	2	1.364446	I:	D:
634	1350	-	1	1.323978	I:	D:
1481	1798	+	2	1.308158	I:	D:
1795	2820	+	1	1.297645	I:	D:
2844	3674	+	3	1.316450	I:	D:
3757	4452	+	1	1.290114	I:	D:
4427	6361	+	2	1.286158	I:	D:
6446	6949	+	2	1.290562	I:	D:
7023	7517	-	3	1.305550	I:	D:
7656	8336	+	3	1.319991	I:	D:
8445	9593	+	3	1.329652	I:	D:
9679	10644	-	1	1.302520	I:	D:
11026	11694	+	1	1.310482	I:	D:
11706	13778	+	3	1.279811	I:	D:
13946	15091	-	2	1.289779	I:	D:
15435	16703	-	3	1.302113	I:	D:
16965	17387	-	3	1.296136	I:	D:
17381	18151	-	2	1.315564	I:	D:
18148	19740	-	1	1.289921	I:	D:
19860	20960	+	3	1.288893	I:	D:
21147	22034	+	3	1.311383	I:	D:
22475	23278	+	2	1.287213	I:	D:
23281	23913	+	1	1.298277	I:	D:
23925	24587	+	3	1.310800	I:	D:
24590	24784	+	2	1.333627	I:	D:
24882	25034	+	3	1.380699	I:	D:
25125	25352	-	3	1.250677	I:	D:
25362	27023	-	3	1.285801	I:	D:
27039	28577	-	3	1.288097	I:	D:
28574	30451	-	2	1.294136	I:	D:
30448	37728	-	1	1.304604	I:	D:
37889	39151	+	2	1.324405	I:	D:
39498	40676	+	3	1.325003	I:	D:
40657	41544	+	1	1.308514	I:	D:
41549	42037	+	2	1.276705	I:	D:
42157	43548	+	1	1.290227	I:	D:
43936	44811	+	1	1.291801	I:	D:
44812	46098	+	1	1.285284	I:	D:
46102	47187	+	1	1.290761	I:	D:
47189	50368	+	2	1.281823	I:	D:
50378	51133	+	2	1.304183	I:	D:
51118	52035	+	1	1.288039	I:	D:
52032	52739	+	3	1.273231	I:	D:
52742	53380	+	2	1.283194	I:	D:
53517	53747	+	3	1.325041	I:	D:
53840	55615	-	2	1.297700	I:	D:
55612	56271	-	1	1.299106	I:	D:
56325	56690	-	3	1.304886	I:	D:
56698	58533	-	1	1.310069	I:	D:
58617	58991	+	3	1.333019	I:	D:
59131	59313	+	1	1.313051	I:	D:
59515	59856	+	1	1.304948	I:	D:
59880	60047	+	3	1.363703	I:	D:
60082	60414	+	1	1.322749	I:	D:
60448	60627	+	1	1.349271	I:	D:
60688	61245	+	1	1.340003	I:	D:
61242	62195	+	3	1.325615	I:	D:
62221	62412	+	1	1.376749	I:	D:
62435	62839	+	2	1.340857	I:	D:
62842	63198	+	1	1.321055	I:	D:
63322	65025	-	1	1.323447	I:	D:
65105	65377	-	2	1.378482	I:	D:
65381	65734	-	2	1.339987	I:	D:
65746	66588	-	1	1.334730	I:	D:
66585	67319	-	3	1.358599	I:	D:
67344	67715	-	3	1.328083	I:	D:
67719	68741	-	3	1.319899	I:	D:
68866	70041	-	1	1.359455	I:	D:
70057	70266	-	1	1.303754	I:	D:
>Y8.M015_16
1	132	+	1	1.363711	I:	D:
197	379	-	2	1.298481	I:	D:
391	870	-	1	1.316791	I:	D:
872	1081	-	2	1.273455	I:	D:
1446	1706	-	3	1.295015	I:	D:
1726	3357	-	1	1.291104	I:	D:
3528	4283	+	3	1.297629	I:	D:
4276	4587	+	1	1.295256	I:	D:
4739	5401	-	2	1.294335	I:	D:
5563	6120	-	1	1.303780	I:	D:
6122	7000	-	2	1.308943	I:	D:
7015	7674	-	1	1.287272	I:	D:
7732	9093	-	1	1.306566	I:	D:
9260	10354	+	2	1.306588	I:	D:
10351	12573	+	1	1.301769	I:	D:
12793	13308	-	1	1.295408	I:	D:
13526	14515	-	2	1.331667	I:	D:
15018	15158	-	3	1.361857	I:	D:
15619	15960	-	1	1.342748	I:	D:
15963	17000	-	3	1.305289	I:	D:
17048	17242	+	2	1.307357	I:	D:
17441	17632	-	2	1.281017	I:	D:
17705	18553	-	2	1.315288	I:	D:
18532	19278	-	1	1.308494	I:	D:
19420	20130	-	1	1.293026	I:	D:
20045	20941	+	2	1.320176	I:	D:
20982	21113	+	3	1.345062	I:	D:
21224	22156	+	2	1.310817	I:	D:
22170	22328	-	3	1.299393	I:	D:
22445	23680	-	2	1.289598	I:	D:
23863	25128	+	1	1.316604	I:	D:
25315	25527	-	1	1.362772	I:	D:
25708	25848	+	1	1.359447	I:	D:
26002	26919	-	1	1.334482	I:	D:
26933	28540	-	2	1.309653	I:	D:
28542	29300	-	3	1.294332	I:	D:
29392	29817	+	1	1.310983	I:	D:
29832	30263	+	3	1.312295	I:	D:
30291	31205	+	3	1.287794	I:	D:
31602	32162	+	3	1.320132	I:	D:
32466	34571	-	3	1.321775	I:	D:
34893	36050	-	3	1.321550	I:	D:
36031	37452	-	1	1.294502	I:	D:
37453	38112	-	1	1.288486	I:	D:
38146	38871	-	1	1.309419	I:	D:
39081	40415	-	3	1.288846	I:	D:
40415	41803	-	2	1.291851	I:	D:
41826	43436	-	3	1.290825	I:	D:
43498	43638	+	1	1.328587	I:	D:
43701	44408	-	3	1.308659	I:	D:
44540	45712	+	2	1.286811	I:	D:
45796	47271	+	1	1.313726	I:	D:
47384	48319	-	2	1.294979	I:	D:
48450	49859	-	3	1.312397	I:	D:
49869	51305	-	3	1.329568	I:	D:
51321	52052	-	3	1.349301	I:	D:
52067	52789	-	2	1.337250	I:	D:
52786	53592	-	1	1.339053	I:	D:
53615	55483	-	2	1.312064	I:	D:
55522	56229	+	1	1.313967	I:	D:
56399	56899	+	2	1.303490	I:	D:
57053	57340	+	2	1.348691	I:	D:
57441	57581	+	3	1.361655	I:	D:
57747	58616	-	3	1.319244	I:	D:
58789	59286	-	1	1.313305	I:	D:
59415	60455	-	3	1.316622	I:	D:
60689	60937	-	2	1.350780	I:	D:
61069	62643	+	1	1.317861	I:	D:
62866	63774	-	1	1.292992	I:	D:
63789	64382	-	3	1.288477	I:	D:
64379	65017	-	2	1.303544	I:	D:
65014	66141	-	1	1.302199	I:	D:
>Y8.M015_17
69	242	+	3	1.351675	I:	D:
667	2070	-	1	1.299331	I:	D:
2109	4034	-	3	1.313355	I:	D:
4550	5299	-	2	1.336370	I:	D:
5313	5528	-	3	1.327369	I:	D:
5675	6469	-	2	1.318534	I:	D:
6632	8515	-	2	1.312127	I:	D:
8551	8817	-	1	1.309797	I:	D:
8814	9053	-	3	1.286365	I:	D:
9231	10508	-	3	1.303120	I:	D:
10547	10855	-	2	1.268840	I:	D:
10855	11187	-	1	1.274917	I:	D:
11334	13247	+	3	1.298714	I:	D:
13297	13911	+	1	1.332534	I:	D:
14128	16020	-	1	1.317051	I:	D:
16187	17011	-	2	1.313063	I:	D:
17342	17827	+	2	1.288835	I:	D:
17840	18604	+	2	1.295434	I:	D:
18604	19449	+	1	1.281210	I:	D:
19536	20153	+	3	1.301222	I:	D:
20166	20729	+	3	1.321604	I:	D:
20726	21133	+	2	1.292759	I:	D:
21228	21590	-	3	1.307974	I:	D:
21656	22828	-	2	1.314440	I:	D:
23226	23738	-	3	1.310676	I:	D:
23735	24250	-	2	1.308871	I:	D:
24372	24794	-	3	1.287895	I:	D:
24989	25891	-	2	1.295062	I:	D:
25953	26153	-	3	1.296535	I:	D:
26158	26802	-	1	1.297913	I:	D:
26960	27433	-	2	1.322011	I:	D:
27449	27964	-	2	1.306796	I:	D:
28255	29490	-	1	1.303214	I:	D:
29510	31780	-	2	1.319212	I:	D:
31874	32077	+	2	1.349546	I:	D:
32202	33053	-	3	1.327978	I:	D:
33138	33935	-	3	1.328712	I:	D:
33932	34537	-	2	1.322533	I:	D:
34598	35026	-	2	1.296408	I:	D:
35148	35480	+	3	1.321755	I:	D:
35631	37139	-	3	1.289104	I:	D:
37211	37999	-	2	1.304005	I:	D:
38186	39739	-	2	1.280288	I:	D:
39785	40096	+	2	1.371531	I:	D:
40109	41512	-	2	1.322196	I:	D:
41509	42393	-	1	1.307388	I:	D:
42397	42765	-	1	1.314038	I:	D:
42767	44395	-	2	1.334902	I:	D:
44396	45397	-	2	1.294701	I:	D:
45385	46272	-	1	1.286419	I:	D:
46548	46958	-	3	1.296258	I:	D:
46951	48066	-	1	1.332851	I:	D:
48063	48695	-	3	1.324466	I:	D:
48697	49515	-	1	1.301411	I:	D:
49516	50307	-	1	1.326721	I:	D:
50309	50815	-	2	1.327593	I:	D:
50945	52924	-	2	1.323900	I:	D:
53426	54151	+	2	1.349468	I:	D:
54160	55230	+	1	1.355090	I:	D:
55331	57292	-	2	1.285991	I:	D:
57446	58330	+	2	1.310401	I:	D:
58537	59019	-	1	1.296043	I:	D:
59016	59399	-	3	1.302483	I:	D:
59414	61333	-	2	1.288351	I:	D:
61385	61864	-	2	1.286117	I:	D:
61886	62974	-	2	1.285510	I:	D:
63157	64728	-	1	1.284300	I:	D:
64787	65245	-	2	1.290018	I:	D:
65272	65937	-	1	1.294368	I:	D:
65940	66158	-	3	1.395909	I:	D:
>Y8.M015_18
1	168	+	1	1.377864	I:	D:
331	768	+	1	1.330420	I:	D:
787	1635	+	1	1.325769	I:	D:
1740	3155	+	3	1.328167	I:	D:
3240	4655	+	3	1.327622	I:	D:
5017	5892	+	1	1.315250	I:	D:
6092	6730	-	2	1.308101	I:	D:
7025	7894	+	2	1.303639	I:	D:
8096	8764	-	2	1.288803	I:	D:
9004	11829	+	1	1.300392	I:	D:
11834	12805	+	2	1.289407	I:	D:
12812	14266	+	2	1.291857	I:	D:
14245	15162	+	1	1.279747	I:	D:
15269	15655	+	2	1.301343	I:	D:
15719	16663	+	2	1.310875	I:	D:
16845	18056	+	3	1.308180	I:	D:
18396	18872	+	3	1.297704	I:	D:
18891	19691	+	3	1.277452	I:	D:
19688	20509	+	2	1.271462	I:	D:
20669	22663	+	2	1.308460	I:	D:
22623	22871	+	3	1.331444	I:	D:
22916	23788	+	2	1.301979	I:	D:
23778	24749	+	3	1.283454	I:	D:
24752	25711	+	2	1.291346	I:	D:
25736	26293	+	2	1.322327	I:	D:
26391	26693	+	3	1.317273	I:	D:
26662	27576	+	1	1.309164	I:	D:
27573	28487	+	3	1.304918	I:	D:
28494	28625	+	3	1.389742	I:	D:
28655	28882	+	2	1.332173	I:	D:
28964	29092	+	2	1.363919	I:	D:
29164	29967	+	1	1.310907	I:	D:
30037	32259	+	1	1.294558	I:	D:
32456	33649	+	2	1.309971	I:	D:
33758	38416	-	2	1.296175	I:	D:
38780	39361	-	2	1.294899	I:	D:
39516	40526	+	3	1.309312	I:	D:
40696	42825	+	1	1.311295	I:	D:
42812	43078	+	2	1.289612	I:	D:
43418	43567	+	2	1.346263	I:	D:
43613	45349	+	2	1.298831	I:	D:
45346	48747	+	1	1.310700	I:	D:
48744	49694	+	3	1.304936	I:	D:
49691	50845	+	2	1.308956	I:	D:
50856	53099	+	3	1.315872	I:	D:
53409	54557	-	3	1.309491	I:	D:
54671	55789	-	2	1.303658	I:	D:
55850	56446	-	2	1.304334	I:	D:
56757	57461	+	3	1.294474	I:	D:
57560	58321	+	2	1.304607	I:	D:
58321	59172	+	1	1.280220	I:	D:
59230	59709	+	1	1.283163	I:	D:
59767	60666	+	1	1.296095	I:	D:
60793	61245	+	1	1.291284	I:	D:
61440	62168	+	3	1.300496	I:	D:
>Y8.M015_19
3	194	+	3	1.391618	I:	D:
689	997	-	2	1.307250	I:	D:
994	1179	-	1	1.348816	I:	D:
1183	1758	-	1	1.307818	I:	D:
1761	2411	-	3	1.309542	I:	D:
2424	3671	-	3	1.282685	I:	D:
3683	5062	-	2	1.293262	I:	D:
5077	6372	-	1	1.302460	I:	D:
6434	6580	+	2	1.317166	I:	D:
6558	7742	+	3	1.288211	I:	D:
7911	9776	+	3	1.293959	I:	D:
9985	11259	-	1	1.285093	I:	D:
11696	12151	+	2	1.309242	I:	D:
12163	12411	+	1	1.300607	I:	D:
12494	13171	-	2	1.288956	I:	D:
13149	13457	-	3	1.304253	I:	D:
13910	14260	-	2	1.331274	I:	D:
14267	14419	-	2	1.324346	I:	D:
14471	15010	-	2	1.302396	I:	D:
15012	15341	-	3	1.308736	I:	D:
15586	17679	+	1	1.298825	I:	D:
17788	18936	-	1	1.285228	I:	D:
19054	19458	+	1	1.299345	I:	D:
19545	21170	-	3	1.305143	I:	D:
21363	22202	-	3	1.303888	I:	D:
22192	22980	-	1	1.313950	I:	D:
23453	24421	-	2	1.287533	I:	D:
24462	25022	-	3	1.307981	I:	D:
25080	25244	+	3	1.351463	I:	D:
25543	25788	+	1	1.359978	I:	D:
25889	26368	+	2	1.294079	I:	D:
26458	27219	-	1	1.333548	I:	D:
27426	27908	-	3	1.296632	I:	D:
28221	29051	+	3	1.306356	I:	D:
29048	29590	+	2	1.280646	I:	D:
29587	30153	+	1	1.278446	I:	D:
30289	31911	-	1	1.321612	I:	D:
31892	32461	-	2	1.298056	I:	D:
32665	32823	-	1	1.365625	I:	D:
32926	34668	-	1	1.279851	I:	D:
34665	35957	-	3	1.287139	I:	D:
35998	36249	+	1	1.401040	I:	D:
36342	36836	-	3	1.326315	I:	D:
36995	37483	+	2	1.292396	I:	D:
37788	39986	-	3	1.311556	I:	D:
39983	40675	-	2	1.299465	I:	D:
40758	41270	-	3	1.287419	I:	D:
41272	41613	-	1	1.300074	I:	D:
41787	42398	+	3	1.303325	I:	D:
42580	43221	-	1	1.302433	I:	D:
43506	43964	-	3	1.296286	I:	D:
43985	44416	-	2	1.295402	I:	D:
44413	45372	-	1	1.320157	I:	D:
45527	47206	-	2	1.330112	I:	D:
47310	47579	-	3	1.307417	I:	D:
47576	48937	-	2	1.338623	I:	D:
48939	49340	-	3	1.328481	I:	D:
49452	49781	-	3	1.332809	I:	D:
49814	49975	-	2	1.313765	I:	D:
>Y8.M015_20
1008	2396	-	3	1.319386	I:	D:
2514	3869	-	3	1.286878	I:	D:
4102	4302	-	1	1.299173	I:	D:
4346	4477	-	2	1.300676	I:	D:
4574	5311	-	2	1.298940	I:	D:
5410	5592	-	1	1.304768	I:	D:
5729	6697	-	2	1.280493	I:	D:
6690	8675	-	3	1.280948	I:	D:
8672	9721	-	2	1.300695	I:	D:
9878	10903	-	2	1.288049	I:	D:
11154	14660	-	3	1.286858	I:	D:
14868	16271	-	3	1.276663	I:	D:
16506	17543	-	3	1.279425	I:	D:
17573	18082	-	2	1.278103	I:	D:
18101	19318	-	2	1.298054	I:	D:
19526	19972	+	2	1.330759	I:	D:
19985	20182	+	2	1.317448	I:	D:
20219	21547	-	2	1.278169	I:	D:
21549	22511	-	3	1.282537	I:	D:
22529	23968	-	2	1.294947	I:	D:
23919	25835	-	3	1.277259	I:	D:
25914	28097	-	3	1.279353	I:	D:
28103	28405	-	2	1.347275	I:	D:
28410	29348	-	3	1.292082	I:	D:
29345	29776	-	2	1.300987	I:	D:
30217	30720	-	1	1.309349	I:	D:
30865	31800	-	1	1.287372	I:	D:
31960	33072	+	1	1.299298	I:	D:
33754	34146	-	1	1.291645	I:	D:
34329	35096	+	3	1.292214	I:	D:
35202	35924	-	3	1.278190	I:	D:
36008	36877	-	2	1.285222	I:	D:
36990	38714	-	3	1.316528	I:	D:
38701	39108	-	1	1.299441	I:	D:
39183	40139	-	3	1.326356	I:	D:
40471	40650	+	1	1.342552	I:	D:
40988	43537	-	2	1.282963	I:	D:
43534	45456	-	1	1.281328	I:	D:
45652	46257	+	1	1.285151	I:	D:
>Y8.M015_21
61	288	+	1	1.363465	I:	D:
314	2233	+	2	1.307727	I:	D:
2265	2543	+	3	1.306814	I:	D:
2564	3823	+	2	1.268827	I:	D:
4092	8447	+	3	1.282844	I:	D:
8491	8910	+	1	1.303834	I:	D:
9048	9518	+	3	1.291930	I:	D:
9540	11237	+	3	1.250862	I:	D:
11262	11519	+	3	1.283321	I:	D:
11512	11811	+	1	1.320778	I:	D:
11822	13669	+	2	1.265050	I:	D:
13706	14050	+	2	1.295181	I:	D:
14181	14483	+	3	1.287499	I:	D:
14499	14792	+	3	1.301452	I:	D:
14796	16730	+	3	1.305392	I:	D:
16817	20623	+	2	1.308105	I:	D:
20860	21651	-	1	1.300520	I:	D:
21787	22662	+	1	1.300035	I:	D:
22674	23612	+	3	1.298915	I:	D:
23605	24936	+	1	1.303319	I:	D:
24951	26324	+	3	1.279519	I:	D:
26389	26862	+	1	1.285884	I:	D:
26940	27278	+	3	1.291173	I:	D:
27330	27734	+	3	1.297973	I:	D:
27734	28588	+	2	1.281354	I:	D:
28877	29419	+	2	1.307780	I:	D:
29442	29636	+	3	1.331503	I:	D:
29657	30016	+	2	1.326259	I:	D:
30018	30206	-	3	1.366880	I:	D:
30237	30461	-	3	1.318699	I:	D:
30812	31657	+	2	1.287174	I:	D:
31804	32049	-	1	1.325092	I:	D:
32126	32701	+	2	1.317412	I:	D:
32698	33600	+	1	1.289947	I:	D:
33575	35593	+	2	1.296194	I:	D:
35655	36329	+	3	1.290122	I:	D:
36388	36630	-	1	1.286641	I:	D:
36748	37779	+	1	1.290968	I:	D:
37793	37945	+	2	1.363467	I:	D:
37972	38451	+	1	1.302941	I:	D:
38448	38987	+	3	1.309720	I:	D:
39060	40487	-	3	1.284859	I:	D:
40595	40930	+	2	1.280294	I:	D:
40936	42102	+	1	1.255112	I:	D:
>Y8.M015_22
1	210	+	1	1.367205	I:	D:
519	1742	+	3	1.298992	I:	D:
1739	3142	+	2	1.288941	I:	D:
3452	3997	+	2	1.292335	I:	D:
4092	5045	+	3	1.290792	I:	D:
5254	7887	+	1	1.281838	I:	D:
8069	8899	+	2	1.294915	I:	D:
8997	9782	+	3	1.276907	I:	D:
9845	10357	+	2	1.312535	I:	D:
10386	11165	+	3	1.289203	I:	D:
11430	13235	+	3	1.286494	I:	D:
13232	14194	+	2	1.272242	I:	D:
14344	15780	+	1	1.287471	I:	D:
15819	16589	+	3	1.296408	I:	D:
16712	17467	+	2	1.292245	I:	D:
17511	18005	+	3	1.300587	I:	D:
18027	19913	+	3	1.275637	I:	D:
19930	21684	+	1	1.300963	I:	D:
21767	22858	+	2	1.324304	I:	D:
>Y8.M015_23
274	2292	+	1	1.284600	I:	D:
2335	3015	+	1	1.278367	I:	D:
3018	4037	+	3	1.287029	I:	D:
4061	4240	-	2	1.324656	I:	D:
4034	5302	+	2	1.284174	I:	D:
5474	6292	+	2	1.284292	I:	D:
6294	7670	+	3	1.285295	I:	D:
7938	9026	-	3	1.295013	I:	D:
9240	10295	+	3	1.296309	I:	D:
10295	11542	+	2	1.273432	I:	D:
11546	13531	+	2	1.286927	I:	D:
>Y8.M015_24
209	1381	+	2	1.268445	I:	D:
1369	2529	+	1	1.267746	I:	D:
2689	3213	-	1	1.278041	I:	D:
3321	4748	+	3	1.271956	I:	D:
4745	6073	+	2	1.300777	I:	D:
>Y8.M015_25
3	137	+	3	1.331985	I:	D:
223	489	+	1	1.361180	I:	D:
532	696	-	1	1.312445	I:	D:
833	2293	+	2	1.299808	I:	D:
2362	3648	+	1	1.302292	I:	D:
>Y8.M015_26
305	2023	+	2	1.289775	I:	D:
2020	2772	+	1	1.285039	I:	D:
2769	4544	+	3	1.292345	I:	D:
4660	4971	+	1	1.286955	I:	D:
4968	5675	+	3	1.306589	I:	D:
5672	6526	+	2	1.291191	I:	D:
6523	7539	+	1	1.305714	I:	D:
7922	8203	+	2	1.324992	I:	D:
8203	10197	+	1	1.291654	I:	D:
10330	10530	+	1	1.382302	I:	D:
10561	10959	+	1	1.304813	I:	D:
11261	12709	-	2	1.282569	I:	D:
12926	13948	+	2	1.306914	I:	D:
14387	14881	+	2	1.343714	I:	D:
14896	15366	+	1	1.286646	I:	D:
15406	17484	+	1	1.284688	I:	D:
17563	18747	+	1	1.295184	I:	D:
18850	20175	+	1	1.310517	I:	D:
20276	20767	+	2	1.280832	I:	D:
20797	20970	+	1	1.297039	I:	D:
20976	21752	+	3	1.280425	I:	D:
21913	22689	+	1	1.320158	I:	D:
22673	23338	+	2	1.288649	I:	D:
23606	23815	+	2	1.310130	I:	D:
23829	24050	+	3	1.276113	I:	D:
24117	26288	+	3	1.298348	I:	D:
26317	26613	+	1	1.341367	I:	D:
26698	26874	+	1	1.345021	I:	D:
26913	27272	-	3	1.285618	I:	D:
27349	28539	+	1	1.295935	I:	D:
28697	29398	-	2	1.283538	I:	D:
29723	29869	+	2	1.348909	I:	D:
29871	30200	+	3	1.310558	I:	D:
30220	30912	+	1	1.289556	I:	D:
30916	31545	+	1	1.284167	I:	D:
31545	31832	+	3	1.292073	I:	D:
31896	32729	+	3	1.303452	I:	D:
32750	33019	+	2	1.316228	I:	D:
33031	33363	+	1	1.309286	I:	D:
33375	34181	+	3	1.294131	I:	D:
34184	34600	+	2	1.328166	I:	D:
34604	34804	+	2	1.284401	I:	D:
34820	35080	+	2	1.318836	I:	D:
35102	35470	+	2	1.320393	I:	D:
35484	35804	+	3	1.296183	I:	D:
35804	36343	+	2	1.275792	I:	D:
36358	36543	+	1	1.365298	I:	D:
36567	36971	+	3	1.305777	I:	D:
36999	37544	+	3	1.290410	I:	D:
37566	37922	+	3	1.319470	I:	D:
37936	38448	+	1	1.295125	I:	D:
38470	38910	+	1	1.289419	I:	D:
38912	40201	+	2	1.305307	I:	D:
40215	40865	+	3	1.309340	I:	D:
40898	41653	+	2	1.331793	I:	D:
41631	41849	+	3	1.352173	I:	D:
42002	42367	+	2	1.306942	I:	D:
42386	42778	+	2	1.327631	I:	D:
42799	43764	+	1	1.305570	I:	D:
43789	44151	+	1	1.277434	I:	D:
>Y8.M015_27
2	250	+	2	1.351089	I:	D:
551	3319	+	2	1.307645	I:	D:
3573	3701	-	3	1.330263	I:	D:
3807	6638	+	3	1.308711	I:	D:
7026	7229	-	3	1.337338	I:	D:
7327	8340	-	1	1.309194	I:	D:
8651	9685	+	2	1.295897	I:	D:
9765	11273	+	3	1.300828	I:	D:
11288	12289	+	2	1.304425	I:	D:
12339	12863	-	3	1.308062	I:	D:
13030	13515	-	1	1.354142	I:	D:
13748	14962	+	2	1.328726	I:	D:
14966	15904	+	2	1.310354	I:	D:
16208	16717	+	2	1.312303	I:	D:
16760	17257	+	2	1.300773	I:	D:
17368	18216	+	1	1.303520	I:	D:
18291	19493	+	3	1.321018	I:	D:
20045	20977	-	2	1.309292	I:	D:
21062	21208	+	2	1.371898	I:	D:
21224	22537	+	2	1.304000	I:	D:
22661	24202	+	2	1.326759	I:	D:
24426	24590	+	3	1.336672	I:	D:
24648	24851	+	3	1.381530	I:	D:
25040	26428	+	2	1.346298	I:	D:
26606	26779	+	2	1.329939	I:	D:
27009	29615	+	3	1.336677	I:	D:
29840	30088	-	2	1.357996	I:	D:
30167	31327	+	2	1.283763	I:	D:
31524	32012	+	3	1.329539	I:	D:
32312	32479	+	2	1.307535	I:	D:
32504	32635	+	2	1.323795	I:	D:
32644	33102	-	1	1.319436	I:	D:
33107	33568	-	2	1.321690	I:	D:
33702	34181	-	3	1.304113	I:	D:
34327	35316	+	1	1.332707	I:	D:
35309	35635	+	2	1.305967	I:	D:
35786	36679	+	2	1.317099	I:	D:
36747	37580	+	3	1.343346	I:	D:
37731	37871	+	3	1.307364	I:	D:
37891	38316	+	1	1.315301	I:	D:
38340	40079	+	3	1.306970	I:	D:
40066	41958	+	1	1.303959	I:	D:
42249	43601	+	3	1.316812	I:	D:
43931	44863	-	2	1.332650	I:	D:
45151	47232	-	1	1.331929	I:	D:
47412	49043	+	3	1.318868	I:	D:
49873	50052	+	1	1.386085	I:	D:
>Y8.M015_28
2	157	+	2	1.355943	I:	D:
440	1366	+	2	1.312416	I:	D:
1681	1818	+	1	1.333204	I:	D:
2055	2987	+	3	1.294092	I:	D:
3062	4660	+	2	1.311261	I:	D:
4714	5292	+	1	1.298163	I:	D:
5456	6136	+	2	1.307494	I:	D:
6184	6330	+	1	1.350052	I:	D:
6404	8284	+	2	1.318080	I:	D:
8598	8927	+	3	1.298991	I:	D:
8931	9668	+	3	1.304818	I:	D:
9824	10522	+	2	1.293624	I:	D:
10519	12075	+	1	1.300294	I:	D:
12282	13403	-	3	1.311353	I:	D:
13474	13608	+	1	1.356577	I:	D:
13613	13873	+	2	1.299946	I:	D:
13878	14339	+	3	1.311928	I:	D:
14541	15344	+	3	1.316259	I:	D:
15341	16879	+	2	1.302556	I:	D:
16962	17408	+	3	1.316388	I:	D:
17641	18501	+	1	1.319440	I:	D:
18745	19332	+	1	1.289650	I:	D:
19423	19917	-	1	1.329802	I:	D:
20043	20777	+	3	1.313131	I:	D:
20841	21695	+	3	1.302371	I:	D:
21701	21847	+	2	1.350851	I:	D:
21979	23874	+	1	1.309635	I:	D:
24101	26089	+	2	1.294120	I:	D:
26164	27087	+	1	1.305370	I:	D:
27329	28171	+	2	1.290875	I:	D:
28422	29543	-	3	1.306154	I:	D:
29568	30242	-	3	1.319554	I:	D:
30220	31125	-	1	1.307354	I:	D:
31224	32042	+	3	1.300907	I:	D:
32368	34533	+	1	1.290212	I:	D:
34705	34872	+	1	1.346299	I:	D:
35039	37075	+	2	1.301834	I:	D:
37065	38144	+	3	1.285365	I:	D:
38343	38639	+	3	1.293331	I:	D:
38641	40065	+	1	1.295069	I:	D:
40065	41489	+	3	1.286974	I:	D:
41622	42320	+	3	1.296301	I:	D:
42402	43823	+	3	1.347368	I:	D:
43936	45870	+	1	1.372512	I:	D:
>Y8.M015_29
207	806	+	3	1.333600	I:	D:
1124	2626	-	2	1.331789	I:	D:
2784	3737	-	3	1.316438	I:	D:
3846	3980	+	3	1.366219	I:	D:
4069	4839	-	1	1.316542	I:	D:
4903	6039	-	1	1.310532	I:	D:
6105	6233	-	3	1.296043	I:	D:
6383	6781	+	2	1.292741	I:	D:
6796	7296	+	1	1.312385	I:	D:
7312	8052	+	1	1.309514	I:	D:
8055	8879	+	3	1.314986	I:	D:
9255	10253	+	3	1.326180	I:	D:
10481	11569	-	2	1.334536	I:	D:
11629	11880	+	1	1.353420	I:	D:
12171	13259	-	3	1.306699	I:	D:
13272	13976	-	3	1.297636	I:	D:
13977	14648	-	3	1.301375	I:	D:
14641	15363	-	1	1.306050	I:	D:
15389	16045	-	2	1.304758	I:	D:
16064	16210	-	2	1.323326	I:	D:
16212	16979	-	3	1.301286	I:	D:
17005	17502	-	1	1.288970	I:	D:
17566	17988	-	1	1.287823	I:	D:
17985	19091	-	3	1.299681	I:	D:
19345	19521	+	1	1.351993	I:	D:
19556	20401	-	2	1.302185	I:	D:
20466	20747	-	3	1.340396	I:	D:
21062	22984	-	2	1.287869	I:	D:
23006	23545	-	2	1.298863	I:	D:
23567	24874	-	2	1.332564	I:	D:
24941	26836	-	2	1.327583	I:	D:
26913	27488	-	3	1.314176	I:	D:
27806	29254	-	2	1.315582	I:	D:
29320	30195	+	1	1.323028	I:	D:
30368	31627	-	2	1.310324	I:	D:
31687	32676	-	1	1.307488	I:	D:
32813	33451	-	2	1.288888	I:	D:
33494	33694	-	2	1.288418	I:	D:
34029	34514	+	3	1.316806	I:	D:
34810	35406	+	1	1.344821	I:	D:
35584	35829	+	1	1.339117	I:	D:
36087	37568	-	3	1.322348	I:	D:
37579	37932	-	1	1.291515	I:	D:
38315	41611	-	2	1.316097	I:	D:
>Y8.M015_30
186	782	+	3	1.298296	I:	D:
935	1177	+	2	1.331087	I:	D:
1208	1780	-	2	1.317196	I:	D:
1955	2650	+	2	1.350832	I:	D:
2676	3389	+	3	1.367583	I:	D:
3418	4152	+	1	1.341214	I:	D:
4163	4612	+	2	1.328413	I:	D:
4960	5460	+	1	1.313823	I:	D:
5483	5941	+	2	1.301716	I:	D:
5945	6364	+	2	1.292717	I:	D:
6565	8922	+	1	1.305916	I:	D:
8915	9421	+	2	1.330344	I:	D:
9549	9911	+	3	1.305872	I:	D:
10346	11068	+	2	1.290338	I:	D:
11188	12300	+	1	1.301922	I:	D:
12487	13560	+	1	1.296320	I:	D:
13932	14342	+	3	1.298291	I:	D:
14364	14858	+	3	1.311540	I:	D:
14883	15623	+	3	1.302208	I:	D:
15638	16471	+	2	1.294710	I:	D:
16585	17607	+	1	1.311785	I:	D:
17609	18274	+	2	1.303348	I:	D:
18498	20153	-	3	1.306033	I:	D:
20471	22000	-	2	1.296469	I:	D:
22060	23364	-	1	1.297274	I:	D:
23394	23696	-	3	1.297927	I:	D:
23728	24039	-	1	1.258259	I:	D:
24197	26140	-	2	1.308431	I:	D:
26283	26462	+	3	1.341313	I:	D:
26470	26787	-	1	1.332861	I:	D:
27283	27495	+	1	1.364624	I:	D:
27506	28564	+	2	1.299952	I:	D:
28712	29725	+	2	1.302856	I:	D:
29930	30394	+	2	1.304378	I:	D:
30427	31764	+	1	1.301873	I:	D:
32059	32199	+	1	1.356016	I:	D:
32368	32964	+	1	1.322031	I:	D:
33301	33720	-	1	1.303676	I:	D:
33772	34467	-	1	1.309387	I:	D:
>Y8.M015_31
174	692	+	3	1.316187	I:	D:
775	1305	-	1	1.296912	I:	D:
1298	2248	-	2	1.293170	I:	D:
2235	3011	-	3	1.296315	I:	D:
3142	4512	+	1	1.283252	I:	D:
4731	6044	-	3	1.306994	I:	D:
6041	6256	-	2	1.289106	I:	D:
6261	6740	-	3	1.291683	I:	D:
6930	8108	-	3	1.302109	I:	D:
8217	8423	+	3	1.361014	I:	D:
8472	9308	-	3	1.305035	I:	D:
9358	10011	-	1	1.304147	I:	D:
10563	12965	+	3	1.290396	I:	D:
13068	13553	+	3	1.314856	I:	D:
13642	15639	-	1	1.318624	I:	D:
15837	16307	+	3	1.333358	I:	D:
16326	16817	+	3	1.294371	I:	D:
16837	17616	+	1	1.282258	I:	D:
17616	18434	+	3	1.282447	I:	D:
18609	19406	+	3	1.295683	I:	D:
19420	20265	+	1	1.295247	I:	D:
20294	21484	+	2	1.305824	I:	D:
21514	22902	+	1	1.304103	I:	D:
22895	23509	+	2	1.313650	I:	D:
23880	25877	+	3	1.295862	I:	D:
25882	27870	+	1	1.299092	I:	D:
27863	29854	+	2	1.294571	I:	D:
29929	31080	+	1	1.274056	I:	D:
31123	31626	+	1	1.334952	I:	D:
31623	32051	+	3	1.306455	I:	D:
32044	32769	+	1	1.282029	I:	D:
>Y8.M015_32
202	1041	+	1	1.299104	I:	D:
1146	2000	-	3	1.324254	I:	D:
2007	2567	-	3	1.321497	I:	D:
2613	4577	-	3	1.299232	I:	D:
4803	5372	-	3	1.288555	I:	D:
5359	5607	+	1	1.358978	I:	D:
5626	6819	+	1	1.302777	I:	D:
7080	7640	+	3	1.301742	I:	D:
7637	8140	+	2	1.279294	I:	D:
8434	9348	-	1	1.309295	I:	D:
9509	10537	+	2	1.299404	I:	D:
10530	11195	+	3	1.264483	I:	D:
11240	13048	+	2	1.278084	I:	D:
12921	14357	+	3	1.296343	I:	D:
14375	15505	+	2	1.295741	I:	D:
15617	18190	+	2	1.282346	I:	D:
18628	19842	+	1	1.334099	I:	D:
19839	21026	+	3	1.319035	I:	D:
21141	22013	+	3	1.308623	I:	D:
22044	22298	-	3	1.283520	I:	D:
22396	22998	-	1	1.313970	I:	D:
23298	23777	+	3	1.321810	I:	D:
23901	25631	+	3	1.278690	I:	D:
25621	26772	+	1	1.303167	I:	D:
26753	27949	+	2	1.290621	I:	D:
28058	28750	+	2	1.308990	I:	D:
28769	28903	-	2	1.386753	I:	D:
>Y8.M015_33
3	242	+	3	1.381532	I:	D:
324	1310	+	3	1.309006	I:	D:
1600	2256	+	1	1.313213	I:	D:
2253	2804	+	3	1.314586	I:	D:
2808	3728	+	3	1.312874	I:	D:
3909	5054	+	3	1.307471	I:	D:
5230	6378	+	1	1.300062	I:	D:
6382	7443	+	1	1.299625	I:	D:
7519	8004	+	1	1.301005	I:	D:
8001	8372	+	3	1.292373	I:	D:
8714	9079	+	2	1.286169	I:	D:
9079	9642	+	1	1.313452	I:	D:
9725	10924	+	2	1.303643	I:	D:
11002	11817	+	1	1.314296	I:	D:
11865	13025	+	3	1.308699	I:	D:
13152	13544	+	3	1.302740	I:	D:
13669	14244	-	1	1.318141	I:	D:
14428	14712	-	1	1.336953	I:	D:
14549	15094	+	2	1.268333	I:	D:
15096	16493	+	3	1.305585	I:	D:
16510	17649	+	1	1.304046	I:	D:
17670	17825	+	3	1.349841	I:	D:
17800	18603	+	1	1.305979	I:	D:
18619	19974	+	1	1.320237	I:	D:
20767	21258	+	1	1.294041	I:	D:
>Y8.M015_34
119	394	+	2	1.341238	I:	D:
595	1959	-	1	1.297622	I:	D:
2161	2634	-	1	1.288464	I:	D:
2631	4640	-	3	1.298651	I:	D:
4901	5728	+	2	1.314928	I:	D:
5732	6784	+	2	1.311670	I:	D:
6781	8604	+	1	1.316531	I:	D:
8800	9387	-	1	1.344551	I:	D:
9844	11190	-	1	1.296052	I:	D:
11355	12122	-	3	1.312352	I:	D:
12161	12634	-	2	1.305303	I:	D:
12766	15249	-	1	1.298584	I:	D:
15444	15590	-	3	1.370340	I:	D:
15845	18034	+	2	1.321026	I:	D:
18340	18501	-	1	1.355142	I:	D:
18615	18962	-	3	1.359437	I:	D:
>Y8.M015_35
1	381	-	1	1.323808	I:	D:
475	957	-	1	1.306733	I:	D:
971	2245	-	2	1.296917	I:	D:
2242	3165	-	1	1.288509	I:	D:
3165	3641	-	3	1.284932	I:	D:
3729	4013	-	3	1.309323	I:	D:
4162	4971	-	1	1.303495	I:	D:
4996	5628	-	1	1.288046	I:	D:
5628	6485	-	3	1.294163	I:	D:
6488	6862	-	2	1.279194	I:	D:
6986	7120	-	2	1.352920	I:	D:
7172	8512	-	2	1.280833	I:	D:
8643	9140	-	3	1.256059	I:	D:
9159	11006	-	3	1.277486	I:	D:
11003	12799	-	2	1.298910	I:	D:
12839	12991	-	2	1.250501	I:	D:
13040	13363	-	2	1.347131	I:	D:
13406	14077	-	2	1.272261	I:	D:
14092	15486	-	1	1.289045	I:	D:
15483	16370	-	3	1.311352	I:	D:
16519	17778	-	1	1.340051	I:	D:
17912	19582	+	2	1.277312	I:	D:
>Y8.M015_36
3	134	+	3	1.384562	I:	D:
152	967	-	2	1.271715	I:	D:
989	1873	-	2	1.305471	I:	D:
1909	2880	-	1	1.299318	I:	D:
2978	3262	+	2	1.305191	I:	D:
3264	4388	+	3	1.339495	I:	D:
4497	7070	-	3	1.305717	I:	D:
7067	7750	-	2	1.292077	I:	D:
7829	8824	-	2	1.301269	I:	D:
8828	9514	-	2	1.298488	I:	D:
9697	10149	+	1	1.315123	I:	D:
10142	10477	+	2	1.314758	I:	D:
10592	11095	+	2	1.301132	I:	D:
11266	12168	-	1	1.341521	I:	D:
12235	13455	-	1	1.288942	I:	D:
13452	14051	-	3	1.311730	I:	D:
14230	14688	+	1	1.316638	I:	D:
14679	17585	+	3	1.289009	I:	D:
17578	18870	+	1	1.299869	I:	D:
18925	19128	-	1	1.375505	I:	D:
>Y8.M015_37
240	1190	+	3	1.283705	I:	D:
1199	1786	+	2	1.287926	I:	D:
1797	3920	+	3	1.283412	I:	D:
3931	4101	+	1	1.375680	I:	D:
4232	5362	+	2	1.261583	I:	D:
5638	6528	-	1	1.315625	I:	D:
6644	7249	+	2	1.292679	I:	D:
7246	7809	+	1	1.283247	I:	D:
8009	9250	+	2	1.302010	I:	D:
9502	10881	-	1	1.309102	I:	D:
11103	11711	-	3	1.300905	I:	D:
11921	13294	+	2	1.273858	I:	D:
13423	14055	+	1	1.291957	I:	D:
14323	14748	+	1	1.301650	I:	D:
14881	15300	+	1	1.292567	I:	D:
15370	15786	+	1	1.286458	I:	D:
15926	16057	+	2	1.355193	I:	D:
16080	16652	+	3	1.299825	I:	D:
16664	17239	+	2	1.290959	I:	D:
17356	18627	+	1	1.302188	I:	D:
>Y8.M015_38
145	393	-	1	1.304545	I:	D:
522	1424	+	3	1.305564	I:	D:
1501	1980	-	1	1.275839	I:	D:
2093	2632	-	2	1.271972	I:	D:
2784	4376	-	3	1.291191	I:	D:
4369	5079	-	1	1.292949	I:	D:
5081	5728	-	2	1.299457	I:	D:
5730	6008	-	3	1.293592	I:	D:
6177	6428	+	3	1.289597	I:	D:
6468	7211	+	3	1.318702	I:	D:
7235	8341	-	2	1.301240	I:	D:
8398	8796	-	1	1.344308	I:	D:
8914	10596	-	1	1.292344	I:	D:
10607	11149	-	2	1.297789	I:	D:
11146	11463	-	1	1.309212	I:	D:
11482	12981	-	1	1.315836	I:	D:
13005	13559	-	3	1.268933	I:	D:
13556	14980	-	2	1.299307	I:	D:
14995	16182	-	1	1.302659	I:	D:
16524	16727	-	3	1.351248	I:	D:
16849	17136	-	1	1.289067	I:	D:
17190	18341	-	3	1.288107	I:	D:
18348	18539	-	3	1.373786	I:	D:
>Y8.M015_39
2	163	+	2	1.379760	I:	D:
172	510	-	1	1.321306	I:	D:
686	1318	-	2	1.296024	I:	D:
1500	3656	-	3	1.291025	I:	D:
3812	5797	+	2	1.311104	I:	D:
6011	6979	+	2	1.328184	I:	D:
7026	7703	+	3	1.345663	I:	D:
7780	8328	+	1	1.343520	I:	D:
8568	8948	+	3	1.307494	I:	D:
8945	11530	+	2	1.311862	I:	D:
11844	13148	+	3	1.295970	I:	D:
13349	14062	+	2	1.298244	I:	D:
14066	14830	+	2	1.285140	I:	D:
14908	16227	+	1	1.310492	I:	D:
16224	17699	+	3	1.287082	I:	D:
17719	17991	-	1	1.289959	I:	D:
17677	18345	+	1	1.284670	I:	D:
18355	18507	+	1	1.314511	I:	D:
>Y8.M015_40
83	427	-	2	1.324940	I:	D:
470	1348	+	2	1.323277	I:	D:
1693	2781	+	1	1.295183	I:	D:
2825	4348	+	2	1.306129	I:	D:
4332	5405	+	3	1.298305	I:	D:
5395	6303	+	1	1.318181	I:	D:
6314	8533	+	2	1.319283	I:	D:
8851	11880	+	1	1.326652	I:	D:
11893	12585	+	1	1.312274	I:	D:
12764	13441	+	2	1.320480	I:	D:
13646	14107	-	2	1.298681	I:	D:
14503	14784	+	1	1.352843	I:	D:
15072	16001	-	3	1.329020	I:	D:
16000	16185	+	1	1.363596	I:	D:
16328	16609	+	2	1.298574	I:	D:
16639	18261	+	1	1.284236	I:	D:
>Y8.M015_41
3	155	+	3	1.349574	I:	D:
296	859	-	2	1.326385	I:	D:
856	1638	-	1	1.323681	I:	D:
1642	2844	-	1	1.310659	I:	D:
2936	3697	-	2	1.311955	I:	D:
3852	4703	+	3	1.314301	I:	D:
5071	5757	-	1	1.310418	I:	D:
5909	6586	-	2	1.301575	I:	D:
6723	7265	+	3	1.301418	I:	D:
7330	7833	-	1	1.319886	I:	D:
8124	9239	-	3	1.314848	I:	D:
9273	9704	-	3	1.310512	I:	D:
9787	11313	+	1	1.306732	I:	D:
11542	12729	-	1	1.302522	I:	D:
12729	13538	-	3	1.313042	I:	D:
13535	14431	-	2	1.320671	I:	D:
14496	15314	-	3	1.300417	I:	D:
15314	16105	-	2	1.313008	I:	D:
>Y8.M015_42
48	1976	-	3	1.293279	I:	D:
2031	2447	-	3	1.313446	I:	D:
2613	3887	+	3	1.312662	I:	D:
3990	5129	+	3	1.320679	I:	D:
5407	6060	-	1	1.305519	I:	D:
5761	6483	+	1	1.349025	I:	D:
6533	6742	-	2	1.327469	I:	D:
7042	7680	-	1	1.330455	I:	D:
7903	8529	+	1	1.327623	I:	D:
8619	8945	+	3	1.302880	I:	D:
9399	10220	-	3	1.303211	I:	D:
10442	11212	+	2	1.311488	I:	D:
11219	11443	-	2	1.349033	I:	D:
11500	11913	-	1	1.346309	I:	D:
11939	12511	-	2	1.312655	I:	D:
12634	13296	-	1	1.306189	I:	D:
13380	14180	-	3	1.318587	I:	D:
14336	14941	-	2	1.317101	I:	D:
15068	15199	-	2	1.387260	I:	D:
>Y8.M015_43
232	1200	-	1	1.362783	I:	D:
1261	1914	+	1	1.367266	I:	D:
2173	2352	+	1	1.372203	I:	D:
2532	3539	+	3	1.300382	I:	D:
3666	3863	+	3	1.275204	I:	D:
3853	4803	+	1	1.298961	I:	D:
4821	5768	+	3	1.276019	I:	D:
5772	6443	+	3	1.279178	I:	D:
6459	7772	+	3	1.303378	I:	D:
8074	9021	+	1	1.284990	I:	D:
9098	10039	+	2	1.293147	I:	D:
10036	11274	+	1	1.295044	I:	D:
11287	12042	+	1	1.302326	I:	D:
12062	12703	+	2	1.269691	I:	D:
12901	13872	+	1	1.292666	I:	D:
>Y8.M015_44
2	718	+	2	1.330175	I:	D:
742	1185	+	1	1.336532	I:	D:
1249	1425	+	1	1.357756	I:	D:
1455	2540	+	3	1.323939	I:	D:
2630	3241	-	2	1.304613	I:	D:
3407	3619	+	2	1.301475	I:	D:
3676	4335	+	1	1.312988	I:	D:
4726	6678	+	1	1.297268	I:	D:
6765	6950	+	3	1.344907	I:	D:
7041	7208	-	3	1.345041	I:	D:
7238	9061	-	2	1.329873	I:	D:
9332	9583	+	2	1.359940	I:	D:
9610	10977	+	1	1.306037	I:	D:
11053	11787	+	1	1.306367	I:	D:
11800	12534	+	1	1.322342	I:	D:
12559	12687	-	1	1.333273	I:	D:
>Y8.M015_45
116	1411	-	2	1.299792	I:	D:
1425	2828	-	3	1.288531	I:	D:
2825	3547	-	2	1.280706	I:	D:
3897	5636	-	3	1.280269	I:	D:
5833	6708	-	1	1.296906	I:	D:
6898	7440	-	1	1.270321	I:	D:
7443	8168	-	3	1.302499	I:	D:
8224	9588	-	1	1.289334	I:	D:
9732	9902	+	3	1.286495	I:	D:
9935	10933	-	2	1.285790	I:	D:
10930	11370	-	1	1.298847	I:	D:
11522	11863	-	2	1.312665	I:	D:
>Y8.M015_46
59	208	-	2	1.316803	I:	D:
469	3171	+	1	1.277242	I:	D:
3173	4093	+	2	1.303328	I:	D:
4005	4619	+	3	1.281552	I:	D:
4585	5805	+	1	1.270986	I:	D:
5809	6729	+	1	1.303436	I:	D:
6787	7749	+	1	1.298262	I:	D:
7767	9188	+	3	1.280049	I:	D:
>Y8.M015_47
114	2168	+	3	1.299972	I:	D:
2256	3020	-	3	1.312629	I:	D:
3083	5350	-	2	1.327808	I:	D:
5552	6064	-	2	1.326523	I:	D:
6116	6937	-	2	1.321575	I:	D:
6980	7174	+	2	1.349425	I:	D:
>Y8.M015_48
388	1104	-	1	1.295997	I:	D:
1373	1906	-	2	1.277719	I:	D:
1915	2682	-	1	1.286028	I:	D:
2763	3947	-	3	1.292050	I:	D:
>Y8.M015_49
121	1485	-	1	1.336720	I:	D:
1469	1939	-	2	1.346803	I:	D:
1936	2343	-	1	1.345772	I:	D:
2501	3313	+	2	1.330626	I:	D:
3463	3645	-	1	1.352145	I:	D:
3649	5064	+	1	1.335233	I:	D:
5122	5886	+	1	1.343241	I:	D:
5988	6623	+	3	1.335414	I:	D:
6652	8751	+	1	1.342751	I:	D:
8967	9728	+	3	1.334397	I:	D:
9731	10222	+	2	1.331797	I:	D:
10244	11827	+	2	1.331351	I:	D:
11840	12601	+	2	1.338518	I:	D:
12592	13563	+	1	1.342031	I:	D:
13560	14360	+	3	1.323021	I:	D:
14353	14772	+	1	1.336922	I:	D:
14960	15730	-	2	1.327153	I:	D:
16052	18679	-	2	1.327218	I:	D:
18796	20835	+	1	1.341710	I:	D:
21069	21380	-	3	1.344754	I:	D:
21848	24460	+	2	1.324813	I:	D:
24721	25812	+	1	1.336196	I:	D:
25806	26969	+	3	1.331901	I:	D:
27396	28430	+	3	1.319100	I:	D:
28454	30847	+	2	1.323862	I:	D:
31083	31625	+	3	1.316945	I:	D:
31818	34004	-	3	1.331532	I:	D:
34315	44250	+	1	1.326594	I:	D:
44354	45028	+	2	1.312824	I:	D:
45073	46356	+	1	1.342526	I:	D:
46382	47206	+	2	1.304322	I:	D:
47289	47630	+	3	1.285932	I:	D:
47678	49198	+	2	1.317953	I:	D:
49195	50148	+	1	1.315365	I:	D:
50226	51722	+	3	1.328635	I:	D:
51783	52496	+	3	1.312009	I:	D:
52562	53503	+	2	1.343221	I:	D:
53784	55226	-	3	1.301845	I:	D:
55239	56624	-	3	1.333666	I:	D:
56642	58645	-	2	1.342360	I:	D:
>Y8.M015_50
1	549	-	1	1.359710	I:	D:
670	999	-	1	1.303502	I:	D:
1285	1971	-	1	1.310931	I:	D:
1968	2252	-	3	1.330238	I:	D:
2257	2970	-	1	1.310933	I:	D:
3087	3404	-	3	1.300358	I:	D:
3541	3711	-	1	1.296688	I:	D:
3836	4123	-	2	1.269606	I:	D:
4164	5216	-	3	1.330989	I:	D:
5213	5830	-	2	1.342075	I:	D:
5834	6355	-	2	1.354105	I:	D:
6355	6531	-	1	1.286238	I:	D:
6600	6767	-	3	1.325634	I:	D:
6772	7131	-	1	1.325891	I:	D:
7232	7708	+	2	1.316041	I:	D:
7736	8425	+	2	1.339208	I:	D:
8589	8819	-	3	1.333558	I:	D:
8983	9708	+	1	1.324614	I:	D:
9756	10235	+	3	1.325446	I:	D:
10365	11897	+	3	1.321471	I:	D:
12164	12853	-	2	1.330523	I:	D:
12883	14193	-	1	1.347866	I:	D:
14255	15049	+	2	1.337621	I:	D:
15190	15942	-	1	1.319829	I:	D:
16082	16453	+	2	1.396162	I:	D:
16600	17007	-	1	1.333143	I:	D:
17023	17460	-	1	1.327022	I:	D:
17716	18576	-	1	1.317795	I:	D:
18573	19163	-	3	1.334316	I:	D:
19156	19476	-	1	1.346249	I:	D:
19578	19955	+	3	1.312542	I:	D:
20079	20456	-	3	1.344572	I:	D:
20468	20845	-	2	1.409896	I:	D:
20876	21673	-	2	1.338381	I:	D:
21670	22527	-	1	1.307558	I:	D:
22503	23330	-	3	1.296624	I:	D:
23566	24126	-	1	1.280483	I:	D:
24178	24765	-	1	1.312264	I:	D:
24804	24968	-	3	1.385995	I:	D:
>Y8.M015_51
282	2891	-	3	1.277141	I:	D:
3292	3948	-	1	1.293303	I:	D:
4142	4924	-	2	1.282138	I:	D:
5000	5602	-	2	1.275623	I:	D:
5603	7921	-	2	1.267832	I:	D:
7982	9256	-	2	1.260386	I:	D:
9315	10052	-	3	1.281777	I:	D:
10166	10303	+	2	1.342615	I:	D:
10323	10451	+	3	1.334472	I:	D:
10951	11424	-	1	1.327742	I:	D:
11465	12457	-	2	1.294212	I:	D:
12648	13382	-	3	1.294933	I:	D:
13379	14401	-	2	1.282731	I:	D:
14452	14655	-	1	1.269368	I:	D:
14704	16467	-	1	1.278732	I:	D:
16464	18797	-	3	1.279035	I:	D:
18800	19477	-	2	1.267188	I:	D:
19566	20468	+	3	1.299543	I:	D:
20690	21007	-	2	1.306645	I:	D:
>Y8.M015_52
192	1124	-	3	1.337293	I:	D:
1146	1829	-	3	1.315975	I:	D:
1929	2528	-	3	1.326179	I:	D:
2670	3605	-	3	1.323900	I:	D:
3661	4632	-	1	1.318738	I:	D:
4740	5612	-	3	1.299855	I:	D:
5612	7042	-	2	1.308215	I:	D:
7039	8151	-	1	1.309684	I:	D:
8164	10299	-	1	1.312061	I:	D:
10315	11805	-	1	1.312161	I:	D:
11820	12497	-	3	1.300960	I:	D:
12523	13218	-	1	1.311530	I:	D:
13487	14569	-	2	1.314305	I:	D:
14672	15949	-	2	1.384333	I:	D:
16158	18005	-	3	1.357020	I:	D:
>Y8.M015_53
3	2180	+	3	1.301958	I:	D:
>Y8.M015_54
1	1008	+	1	1.331991	I:	D:
1035	1655	+	3	1.315241	I:	D:
1671	2276	-	3	1.348416	I:	D:
2371	2709	+	1	1.314675	I:	D:
>Y8.M015_55
314	991	-	2	1.274208	I:	D:
1158	2504	-	3	1.322012	I:	D:
