>Y5.M008_1
124	672	-	1	1.268705	I:	D:
960	2312	-	3	1.299612	I:	D:
2379	3422	-	3	1.299662	I:	D:
3687	5987	-	3	1.296354	I:	D:
6027	6992	-	3	1.343485	I:	D:
7588	8316	-	1	1.294201	I:	D:
8326	9216	-	1	1.309723	I:	D:
9239	10462	-	2	1.284108	I:	D:
10486	11451	-	1	1.298192	I:	D:
11460	12281	-	3	1.338153	I:	D:
12278	13294	-	2	1.300309	I:	D:
13291	13773	-	1	1.286234	I:	D:
14091	15695	+	3	1.322131	I:	D:
15870	16409	-	3	1.351952	I:	D:
16446	17237	-	3	1.364132	I:	D:
17361	18140	-	3	1.359962	I:	D:
18146	18325	-	2	1.345925	I:	D:
18338	19231	-	2	1.353137	I:	D:
19245	20144	-	3	1.347541	I:	D:
20250	21434	-	3	1.326762	I:	D:
21709	21858	-	1	1.337185	I:	D:
21961	23322	+	1	1.366106	I:	D:
23319	24077	+	3	1.366971	I:	D:
24557	24892	+	2	1.288761	I:	D:
>Y5.M008_2
219	2831	-	3	1.323847	I:	D:
3246	4415	-	3	1.344699	I:	D:
4493	5581	-	2	1.330447	I:	D:
5600	5830	-	2	1.338903	I:	D:
5831	6193	-	2	1.307940	I:	D:
6190	7161	-	1	1.310963	I:	D:
7275	10505	-	3	1.309521	I:	D:
10639	11013	-	1	1.306283	I:	D:
10964	11260	-	2	1.337001	I:	D:
11455	11661	-	1	1.349478	I:	D:
11745	12707	-	3	1.311887	I:	D:
12872	13150	-	2	1.367154	I:	D:
13190	13657	-	2	1.379683	I:	D:
14286	14795	-	3	1.303455	I:	D:
14996	15358	+	2	1.315203	I:	D:
15425	15706	-	2	1.316991	I:	D:
15935	16087	-	2	1.316087	I:	D:
16118	16333	-	2	1.333890	I:	D:
16417	16797	+	1	1.412909	I:	D:
16840	18519	-	1	1.314827	I:	D:
18596	19189	-	2	1.398596	I:	D:
19214	19756	-	2	1.297743	I:	D:
19965	20174	-	3	1.342044	I:	D:
20325	20834	-	3	1.273289	I:	D:
20887	21387	-	1	1.343141	I:	D:
21450	21701	-	3	1.310502	I:	D:
21755	22984	-	2	1.314729	I:	D:
22989	23726	-	3	1.330534	I:	D:
23812	24075	-	1	1.338310	I:	D:
24670	25569	-	1	1.340077	I:	D:
25848	28544	-	3	1.339378	I:	D:
28564	28797	-	1	1.298229	I:	D:
28918	29268	-	1	1.343205	I:	D:
29288	29590	-	2	1.353522	I:	D:
29618	30682	-	2	1.319119	I:	D:
30679	31518	-	1	1.319515	I:	D:
31536	32081	-	3	1.325848	I:	D:
32098	33156	-	1	1.347164	I:	D:
33156	35075	-	3	1.334623	I:	D:
35062	35631	-	1	1.300799	I:	D:
35576	35917	-	2	1.332255	I:	D:
35914	38061	-	1	1.338316	I:	D:
38077	40362	-	1	1.331545	I:	D:
40434	41063	-	3	1.348802	I:	D:
41158	41385	-	1	1.322757	I:	D:
41431	42435	-	1	1.340324	I:	D:
42446	48190	-	2	1.310450	I:	D:
48187	48726	-	1	1.350144	I:	D:
48736	49338	-	1	1.303173	I:	D:
49867	51201	-	1	1.317789	I:	D:
51422	51700	-	2	1.351337	I:	D:
51768	54407	-	3	1.320690	I:	D:
54477	55988	-	3	1.347644	I:	D:
56013	58484	-	3	1.320131	I:	D:
58481	59149	-	2	1.365766	I:	D:
59143	60012	-	1	1.343702	I:	D:
60019	61467	-	1	1.323079	I:	D:
61606	62397	-	1	1.321679	I:	D:
62657	63793	-	2	1.322207	I:	D:
63953	65629	-	2	1.320632	I:	D:
65639	66097	-	2	1.320003	I:	D:
66102	66935	-	3	1.337755	I:	D:
66978	67820	-	3	1.332945	I:	D:
67817	69676	-	2	1.336075	I:	D:
69706	70596	-	1	1.321826	I:	D:
70586	70801	-	2	1.299754	I:	D:
70789	71997	-	1	1.343665	I:	D:
72028	72426	-	1	1.320254	I:	D:
72526	72909	-	1	1.308426	I:	D:
72984	74573	-	3	1.331607	I:	D:
74662	75273	-	1	1.314201	I:	D:
75303	75761	-	3	1.332745	I:	D:
75796	76245	-	1	1.324167	I:	D:
76279	77505	-	1	1.349102	I:	D:
77526	77927	-	3	1.317600	I:	D:
77951	78145	-	2	1.329961	I:	D:
78155	78673	-	2	1.326385	I:	D:
78661	79677	-	1	1.357872	I:	D:
79723	80430	+	1	1.325495	I:	D:
80393	80692	+	2	1.303846	I:	D:
80727	82112	-	3	1.337719	I:	D:
82105	82557	-	1	1.309658	I:	D:
82813	83073	-	1	1.336320	I:	D:
83244	83519	-	3	1.324357	I:	D:
83576	83995	-	2	1.307675	I:	D:
84028	84390	-	1	1.270400	I:	D:
84466	84840	-	1	1.346398	I:	D:
85091	85333	-	2	1.343618	I:	D:
85348	88383	-	1	1.316329	I:	D:
88814	90901	-	2	1.330266	I:	D:
91033	91197	-	1	1.379828	I:	D:
91202	91468	-	2	1.360371	I:	D:
91603	92958	-	1	1.336295	I:	D:
92995	94641	-	1	1.322832	I:	D:
94729	95628	-	1	1.346745	I:	D:
95652	96599	-	3	1.353383	I:	D:
96593	97573	-	2	1.342351	I:	D:
97570	97944	-	1	1.309192	I:	D:
97944	100775	-	3	1.320284	I:	D:
100793	101116	-	2	1.305125	I:	D:
101103	101381	-	3	1.333731	I:	D:
101409	102605	-	3	1.297242	I:	D:
102627	103094	-	3	1.321338	I:	D:
103281	105527	-	3	1.318347	I:	D:
105582	107504	-	3	1.339686	I:	D:
107673	108875	-	3	1.347898	I:	D:
108985	109974	-	1	1.331658	I:	D:
110153	110416	+	2	1.282960	I:	D:
110420	110677	-	2	1.386350	I:	D:
110702	111721	-	2	1.324242	I:	D:
111841	112341	-	1	1.337242	I:	D:
112552	113568	-	1	1.337310	I:	D:
113653	114579	-	1	1.318595	I:	D:
114701	116590	-	2	1.326169	I:	D:
116724	117626	+	3	1.335088	I:	D:
117686	118012	-	2	1.314695	I:	D:
118054	119037	-	1	1.329004	I:	D:
119248	119862	+	1	1.308505	I:	D:
119938	120630	-	1	1.309007	I:	D:
120648	121556	-	3	1.311808	I:	D:
121591	122808	-	1	1.323264	I:	D:
122805	123809	-	3	1.343907	I:	D:
123816	124286	-	3	1.304211	I:	D:
124302	124769	-	3	1.318436	I:	D:
124805	125656	-	2	1.331154	I:	D:
125656	126528	-	1	1.335682	I:	D:
126572	127828	-	2	1.302199	I:	D:
127825	129087	-	1	1.308849	I:	D:
129134	130240	-	2	1.304138	I:	D:
130258	131046	-	1	1.331824	I:	D:
131067	132101	-	3	1.336057	I:	D:
132501	133424	+	3	1.319128	I:	D:
133514	133744	-	2	1.283326	I:	D:
133764	135296	-	3	1.322643	I:	D:
135512	136522	-	2	1.306120	I:	D:
136620	137312	-	3	1.317460	I:	D:
137412	138932	-	3	1.319338	I:	D:
138964	139461	-	1	1.338252	I:	D:
139464	140006	-	3	1.311340	I:	D:
140003	141331	-	2	1.322174	I:	D:
141339	141512	-	3	1.354476	I:	D:
141553	141858	-	1	1.291940	I:	D:
141865	142503	-	1	1.310823	I:	D:
142516	143394	-	1	1.321396	I:	D:
143625	145448	+	3	1.335085	I:	D:
145492	146325	-	1	1.308729	I:	D:
146349	147644	-	3	1.326622	I:	D:
147659	148789	-	2	1.324230	I:	D:
148962	149498	+	3	1.330682	I:	D:
149520	150440	+	3	1.331666	I:	D:
150468	150911	+	3	1.307783	I:	D:
151043	152485	-	2	1.313943	I:	D:
152783	153814	-	2	1.331125	I:	D:
153968	154183	+	2	1.394158	I:	D:
154331	154840	-	2	1.341206	I:	D:
154847	155557	-	2	1.337713	I:	D:
155554	156015	-	1	1.352960	I:	D:
156103	157392	-	1	1.335216	I:	D:
157441	158262	-	1	1.337886	I:	D:
158377	159894	-	1	1.317657	I:	D:
159908	160927	-	2	1.331876	I:	D:
160959	161591	-	3	1.342963	I:	D:
161598	162926	-	3	1.326018	I:	D:
162936	164255	-	3	1.327584	I:	D:
164476	165648	+	1	1.325825	I:	D:
165792	167006	-	3	1.318808	I:	D:
167009	167950	-	2	1.311011	I:	D:
167989	171549	-	1	1.320571	I:	D:
171563	172252	-	2	1.323114	I:	D:
172323	172553	-	3	1.263956	I:	D:
172575	173603	-	3	1.330083	I:	D:
173683	173976	+	1	1.383470	I:	D:
174007	174534	-	1	1.349824	I:	D:
174630	175820	-	3	1.330398	I:	D:
175893	176891	-	3	1.316328	I:	D:
177036	178370	-	3	1.319314	I:	D:
178467	179750	+	3	1.354893	I:	D:
179777	180640	-	2	1.311584	I:	D:
180658	182022	-	1	1.328543	I:	D:
182057	182329	-	2	1.316482	I:	D:
182391	183188	-	3	1.337043	I:	D:
183185	183766	-	2	1.341915	I:	D:
183786	186401	-	3	1.327942	I:	D:
186575	187198	+	2	1.329438	I:	D:
187202	188068	-	2	1.338408	I:	D:
188103	188309	+	3	1.364353	I:	D:
188379	189650	-	3	1.316998	I:	D:
189643	190413	-	1	1.332056	I:	D:
190594	192360	-	1	1.309546	I:	D:
192374	193735	-	2	1.329700	I:	D:
193935	194690	-	3	1.326922	I:	D:
195055	195795	-	1	1.309633	I:	D:
195815	196933	-	2	1.297852	I:	D:
197031	197297	+	3	1.340074	I:	D:
197345	197752	-	2	1.290471	I:	D:
197969	199507	-	2	1.318183	I:	D:
199549	199686	+	1	1.336941	I:	D:
199763	200512	-	2	1.314133	I:	D:
200581	201774	-	1	1.317274	I:	D:
201917	202930	-	2	1.332328	I:	D:
203119	203940	-	1	1.336980	I:	D:
203937	205007	-	3	1.336746	I:	D:
205007	205450	-	2	1.313054	I:	D:
205501	206682	-	1	1.333805	I:	D:
206660	207094	-	2	1.335930	I:	D:
207223	208569	+	1	1.361594	I:	D:
208644	209183	-	3	1.339847	I:	D:
209236	209775	-	1	1.319546	I:	D:
209864	211414	-	2	1.319619	I:	D:
211497	212111	-	3	1.314262	I:	D:
212113	213285	-	1	1.327090	I:	D:
213362	213544	-	2	1.365243	I:	D:
213582	214058	-	3	1.325898	I:	D:
214099	215676	-	1	1.329889	I:	D:
215673	216371	-	3	1.313349	I:	D:
216445	216633	-	1	1.318491	I:	D:
216643	218088	-	1	1.357441	I:	D:
218105	218338	-	2	1.364108	I:	D:
218340	218597	-	3	1.349743	I:	D:
218619	219389	-	3	1.353231	I:	D:
219446	219925	+	2	1.327081	I:	D:
219999	220535	-	3	1.343173	I:	D:
220532	222313	-	2	1.340685	I:	D:
222330	223325	-	3	1.311706	I:	D:
223806	225641	-	3	1.333173	I:	D:
225655	227118	-	1	1.327916	I:	D:
227272	228588	-	1	1.338212	I:	D:
228708	230141	-	3	1.320518	I:	D:
230187	230894	-	3	1.296577	I:	D:
231162	231920	-	3	1.324084	I:	D:
231933	232580	-	3	1.345022	I:	D:
232657	233541	-	1	1.302793	I:	D:
233690	234457	-	2	1.320243	I:	D:
234432	235715	-	3	1.346638	I:	D:
235742	239038	-	2	1.334232	I:	D:
239275	239625	-	1	1.294778	I:	D:
239826	241052	+	3	1.337140	I:	D:
241147	241632	+	1	1.306853	I:	D:
241684	242253	-	1	1.320349	I:	D:
242410	243348	+	1	1.317435	I:	D:
243532	244209	-	1	1.319324	I:	D:
244225	246330	-	1	1.335704	I:	D:
246358	247434	-	1	1.323166	I:	D:
247475	249601	-	2	1.333458	I:	D:
249621	250478	-	3	1.357071	I:	D:
250649	252289	+	2	1.309598	I:	D:
252358	253434	-	1	1.346996	I:	D:
253438	254727	-	1	1.331311	I:	D:
254751	255806	-	3	1.330072	I:	D:
255902	256075	-	2	1.365704	I:	D:
256094	257158	-	2	1.303469	I:	D:
257266	260619	-	1	1.323381	I:	D:
260658	261395	-	3	1.299026	I:	D:
261410	261844	+	2	1.326690	I:	D:
261978	262241	-	3	1.298707	I:	D:
262320	262982	-	3	1.348729	I:	D:
263131	263913	-	1	1.323875	I:	D:
264040	265566	-	1	1.341045	I:	D:
265529	265720	+	2	1.356306	I:	D:
265725	267341	-	3	1.342427	I:	D:
267461	268201	-	2	1.303140	I:	D:
268167	268997	-	3	1.342871	I:	D:
269167	270372	-	1	1.324572	I:	D:
270528	271814	-	3	1.348974	I:	D:
271951	273036	-	1	1.327386	I:	D:
273051	274412	-	3	1.328924	I:	D:
274416	275372	-	3	1.333474	I:	D:
275423	277168	-	2	1.340657	I:	D:
277268	279316	-	2	1.325939	I:	D:
279327	279899	-	3	1.339953	I:	D:
279950	280909	-	2	1.357213	I:	D:
280965	281402	-	3	1.303651	I:	D:
281716	281952	-	1	1.308977	I:	D:
281965	282804	-	1	1.343614	I:	D:
282890	284149	-	2	1.335124	I:	D:
284172	286088	-	3	1.322855	I:	D:
286285	286977	-	1	1.343342	I:	D:
287343	287969	-	3	1.317499	I:	D:
287973	288242	-	3	1.312581	I:	D:
288239	288817	-	2	1.389333	I:	D:
288824	289924	-	2	1.311038	I:	D:
290029	292140	-	1	1.336664	I:	D:
292226	293770	-	2	1.339908	I:	D:
293809	295275	-	1	1.330169	I:	D:
295319	296287	-	2	1.336216	I:	D:
296585	296899	-	2	1.318801	I:	D:
296896	297846	-	1	1.295301	I:	D:
298161	299426	-	3	1.328252	I:	D:
299679	301730	-	3	1.321443	I:	D:
301959	302990	-	3	1.300338	I:	D:
303204	304217	-	3	1.297435	I:	D:
304265	304933	-	2	1.313191	I:	D:
304938	305459	-	3	1.303012	I:	D:
305464	307275	-	1	1.315644	I:	D:
307300	308262	-	1	1.314048	I:	D:
308249	309172	-	2	1.312942	I:	D:
309186	310790	-	3	1.294300	I:	D:
310808	311857	-	2	1.327926	I:	D:
311861	312640	-	2	1.309049	I:	D:
312839	314338	-	2	1.331470	I:	D:
314372	316639	-	2	1.304163	I:	D:
316787	317671	+	2	1.340646	I:	D:
317856	318683	-	3	1.342620	I:	D:
318733	319458	-	1	1.325545	I:	D:
319658	320710	+	2	1.336853	I:	D:
320834	321004	+	2	1.265340	I:	D:
321116	322246	-	2	1.340802	I:	D:
322284	323537	-	3	1.330426	I:	D:
323782	324411	+	1	1.304312	I:	D:
324408	325955	+	3	1.347836	I:	D:
325983	326687	+	3	1.346577	I:	D:
326702	326938	+	2	1.311977	I:	D:
326931	327965	+	3	1.335511	I:	D:
328039	328251	+	1	1.323159	I:	D:
328297	328815	+	1	1.320631	I:	D:
328959	329771	-	3	1.353136	I:	D:
329861	330145	+	2	1.366536	I:	D:
330178	331185	+	1	1.342510	I:	D:
331296	331988	+	3	1.301462	I:	D:
332302	332964	+	1	1.312341	I:	D:
332964	333890	+	3	1.298015	I:	D:
333887	334567	+	2	1.341374	I:	D:
334573	335184	-	1	1.362664	I:	D:
335256	335792	-	3	1.316752	I:	D:
336018	337373	-	3	1.331484	I:	D:
337406	339811	-	2	1.345813	I:	D:
340122	340685	-	3	1.325220	I:	D:
340754	341596	-	2	1.330624	I:	D:
341632	342465	-	1	1.322792	I:	D:
342465	344180	-	3	1.314912	I:	D:
344196	345749	-	3	1.327584	I:	D:
345762	346622	-	3	1.341042	I:	D:
346867	347157	+	1	1.340621	I:	D:
347164	347700	-	1	1.327653	I:	D:
347758	348534	-	1	1.328817	I:	D:
348527	349717	-	2	1.334398	I:	D:
349714	350295	-	1	1.315929	I:	D:
350335	351138	-	1	1.314070	I:	D:
351157	352254	-	1	1.317946	I:	D:
352380	352511	-	3	1.369216	I:	D:
352644	354599	-	3	1.329736	I:	D:
354608	355375	-	2	1.332012	I:	D:
355411	356439	-	1	1.342952	I:	D:
356466	357302	-	3	1.345806	I:	D:
357328	358350	-	1	1.341620	I:	D:
358383	360047	-	3	1.327016	I:	D:
360028	360432	-	1	1.304302	I:	D:
360437	361144	-	2	1.324043	I:	D:
361147	361911	-	1	1.314105	I:	D:
361912	362787	-	1	1.338431	I:	D:
362800	363711	-	1	1.335589	I:	D:
363766	364947	-	1	1.305171	I:	D:
365250	366605	-	3	1.317530	I:	D:
366771	367601	+	3	1.312472	I:	D:
368101	368280	-	1	1.295244	I:	D:
368294	369157	-	2	1.315360	I:	D:
369272	370651	-	2	1.338522	I:	D:
370847	371092	-	2	1.267523	I:	D:
371178	373433	-	3	1.324751	I:	D:
373448	374323	-	2	1.330336	I:	D:
374412	375026	+	3	1.306273	I:	D:
375045	375341	-	3	1.312879	I:	D:
375455	376177	-	2	1.350990	I:	D:
376312	377196	+	1	1.335106	I:	D:
377263	377472	+	1	1.325083	I:	D:
377778	379172	+	3	1.313497	I:	D:
379345	379632	+	1	1.322593	I:	D:
379694	380842	-	2	1.351062	I:	D:
380921	381319	-	2	1.295766	I:	D:
381353	381541	-	2	1.314541	I:	D:
381624	381947	-	3	1.313076	I:	D:
381961	382254	-	1	1.322264	I:	D:
382371	382760	-	3	1.295567	I:	D:
382821	383474	-	3	1.341730	I:	D:
>Y5.M008_3
2	286	+	2	1.379690	I:	D:
431	616	-	2	1.331690	I:	D:
899	2602	-	2	1.305550	I:	D:
2698	4143	-	1	1.334570	I:	D:
4152	5516	-	3	1.320041	I:	D:
5857	7932	-	1	1.329528	I:	D:
8126	9256	+	2	1.317563	I:	D:
9307	10602	+	1	1.334234	I:	D:
10721	10855	+	2	1.358805	I:	D:
10959	11783	-	3	1.336254	I:	D:
11838	12662	-	3	1.333357	I:	D:
12659	13204	-	2	1.349236	I:	D:
13212	13766	-	3	1.335977	I:	D:
13744	15093	-	1	1.335122	I:	D:
15165	15530	-	3	1.367243	I:	D:
15604	16506	+	1	1.331632	I:	D:
16481	18559	+	2	1.337483	I:	D:
18680	20107	-	2	1.330375	I:	D:
20104	20586	-	1	1.336665	I:	D:
20591	21298	-	2	1.332548	I:	D:
21333	23603	-	3	1.327727	I:	D:
23472	23738	+	3	1.373161	I:	D:
23816	25396	-	2	1.323222	I:	D:
25493	26368	-	2	1.331236	I:	D:
26374	27468	-	1	1.341193	I:	D:
27494	29137	-	2	1.336993	I:	D:
29159	30985	-	2	1.346094	I:	D:
30982	31812	-	1	1.365480	I:	D:
31833	32762	-	3	1.349873	I:	D:
32759	34300	-	2	1.352329	I:	D:
34297	35226	-	1	1.348578	I:	D:
35202	36725	-	3	1.333403	I:	D:
36726	37772	-	3	1.348658	I:	D:
37867	38829	-	1	1.359283	I:	D:
38826	39416	-	3	1.366241	I:	D:
39436	40188	-	1	1.360884	I:	D:
40223	41332	-	2	1.329538	I:	D:
41329	42813	-	1	1.357846	I:	D:
42825	44066	-	3	1.351387	I:	D:
44059	44790	-	1	1.341214	I:	D:
44787	45656	-	3	1.354332	I:	D:
45653	46402	-	2	1.329669	I:	D:
46419	47561	-	3	1.341129	I:	D:
47593	48366	-	1	1.324447	I:	D:
48414	49271	-	3	1.337142	I:	D:
49259	50026	-	2	1.359624	I:	D:
50032	50346	-	1	1.293683	I:	D:
50352	51098	-	3	1.352723	I:	D:
51532	52281	-	1	1.351888	I:	D:
52290	53384	-	3	1.359335	I:	D:
53403	55532	-	3	1.352482	I:	D:
55522	56943	-	1	1.337910	I:	D:
56979	57686	-	3	1.335545	I:	D:
57915	58694	+	3	1.336950	I:	D:
58691	59455	+	2	1.361993	I:	D:
59452	60222	+	1	1.342941	I:	D:
60260	60538	+	2	1.333127	I:	D:
60620	61645	-	2	1.340045	I:	D:
61697	64117	-	2	1.318844	I:	D:
64186	65205	-	1	1.313105	I:	D:
65341	65469	+	1	1.360203	I:	D:
65612	66457	-	2	1.356536	I:	D:
66615	66893	-	3	1.381522	I:	D:
66937	67818	-	1	1.324155	I:	D:
68051	68833	+	2	1.327316	I:	D:
68972	70093	-	2	1.322596	I:	D:
70113	71492	-	3	1.331928	I:	D:
71595	72287	-	3	1.347281	I:	D:
72451	73218	+	1	1.346297	I:	D:
73211	74023	+	2	1.348987	I:	D:
74201	75262	-	2	1.319067	I:	D:
75266	77539	-	2	1.328590	I:	D:
77836	79668	+	1	1.351604	I:	D:
79662	81404	+	3	1.348131	I:	D:
81548	82309	-	2	1.331908	I:	D:
82411	82743	-	1	1.348281	I:	D:
82805	84172	+	2	1.342486	I:	D:
84274	85167	-	1	1.324526	I:	D:
85187	86044	-	2	1.352055	I:	D:
86035	86412	-	1	1.370384	I:	D:
86464	87255	-	1	1.340026	I:	D:
87295	87840	-	1	1.337739	I:	D:
87861	88709	-	3	1.327451	I:	D:
88726	89394	-	1	1.316459	I:	D:
89483	89830	-	2	1.326637	I:	D:
89987	90847	-	2	1.330484	I:	D:
90844	91347	-	1	1.294675	I:	D:
91426	91656	-	1	1.278255	I:	D:
91680	91925	-	3	1.312137	I:	D:
91977	93326	-	3	1.303186	I:	D:
93328	93684	-	1	1.313606	I:	D:
93803	95098	-	2	1.299231	I:	D:
95288	96199	-	2	1.353438	I:	D:
96349	96834	+	1	1.390666	I:	D:
96630	97472	+	3	1.321460	I:	D:
97540	97821	+	1	1.278009	I:	D:
98012	98596	-	2	1.334859	I:	D:
98644	99516	+	1	1.334923	I:	D:
99545	100588	+	2	1.317842	I:	D:
100640	101809	-	2	1.321482	I:	D:
101901	102698	-	3	1.335777	I:	D:
102831	104600	-	3	1.344839	I:	D:
104697	105212	-	3	1.290428	I:	D:
105226	106782	-	1	1.313855	I:	D:
106769	107515	-	2	1.328126	I:	D:
107570	108691	-	2	1.315190	I:	D:
108679	110082	-	1	1.331513	I:	D:
110075	111115	-	2	1.334857	I:	D:
111115	112173	-	1	1.341599	I:	D:
112166	113167	-	2	1.325103	I:	D:
113178	114041	-	3	1.327195	I:	D:
114140	115339	-	2	1.307737	I:	D:
115389	116522	-	3	1.328817	I:	D:
116560	118374	-	1	1.327796	I:	D:
118588	120096	-	1	1.329703	I:	D:
120108	121040	-	3	1.338856	I:	D:
121059	121994	-	3	1.336186	I:	D:
122025	122846	-	3	1.335217	I:	D:
122904	123995	-	3	1.343820	I:	D:
123992	124489	-	2	1.304464	I:	D:
124502	124951	-	2	1.334357	I:	D:
124954	126327	-	1	1.310046	I:	D:
126324	127553	-	3	1.335462	I:	D:
127557	128969	-	3	1.334761	I:	D:
128973	130427	-	3	1.340598	I:	D:
130424	131470	-	2	1.333066	I:	D:
131508	132629	-	3	1.341950	I:	D:
132645	134048	-	3	1.338444	I:	D:
134104	135177	-	1	1.337556	I:	D:
135195	136415	-	3	1.315599	I:	D:
136432	137133	-	1	1.338796	I:	D:
137123	138325	-	2	1.342638	I:	D:
138329	140401	-	2	1.325948	I:	D:
140408	142192	-	2	1.334687	I:	D:
142347	143447	-	3	1.310855	I:	D:
143599	144927	-	1	1.326665	I:	D:
145065	146891	-	3	1.324569	I:	D:
147022	148554	-	1	1.302660	I:	D:
148588	150177	-	1	1.348666	I:	D:
150243	151169	-	3	1.351638	I:	D:
151150	152550	-	1	1.346731	I:	D:
152558	153961	-	2	1.336251	I:	D:
154230	155210	+	3	1.345067	I:	D:
155229	157202	+	3	1.330852	I:	D:
157879	158721	-	1	1.317266	I:	D:
158833	161280	-	1	1.322186	I:	D:
161312	161911	-	2	1.315046	I:	D:
161928	162662	-	3	1.315360	I:	D:
162702	163478	-	3	1.340094	I:	D:
163496	164056	-	2	1.325701	I:	D:
164166	165143	-	3	1.322838	I:	D:
165170	166246	-	2	1.322322	I:	D:
166308	166721	-	3	1.313428	I:	D:
166737	167426	-	3	1.344107	I:	D:
167423	168598	-	2	1.350006	I:	D:
168628	169509	-	1	1.328671	I:	D:
169506	170774	-	3	1.332601	I:	D:
170938	172599	-	1	1.328424	I:	D:
172720	174258	-	1	1.334397	I:	D:
174255	175142	-	3	1.328931	I:	D:
175132	176877	-	1	1.324944	I:	D:
177014	178111	+	2	1.340111	I:	D:
178270	179097	+	1	1.344468	I:	D:
179171	180556	-	2	1.339763	I:	D:
180638	181735	-	2	1.324404	I:	D:
181755	183287	-	3	1.346742	I:	D:
183407	184249	-	2	1.305930	I:	D:
184340	185368	-	2	1.337968	I:	D:
185355	186893	-	3	1.341461	I:	D:
186944	187171	-	2	1.273871	I:	D:
187290	188552	-	3	1.334096	I:	D:
188569	190101	-	1	1.329740	I:	D:
190126	190401	-	1	1.309377	I:	D:
190444	191733	-	1	1.317978	I:	D:
191720	192595	-	2	1.329479	I:	D:
192626	193723	-	2	1.329542	I:	D:
193727	194122	-	2	1.309905	I:	D:
194181	194927	-	3	1.368551	I:	D:
194933	197143	-	2	1.333224	I:	D:
197202	198191	-	3	1.325982	I:	D:
198399	201245	-	3	1.337200	I:	D:
201255	203243	-	3	1.319236	I:	D:
203435	204481	-	2	1.299226	I:	D:
204728	204940	-	2	1.321940	I:	D:
204937	205329	-	1	1.320831	I:	D:
205449	206744	-	3	1.328422	I:	D:
206935	211464	-	1	1.323311	I:	D:
211859	212215	-	2	1.313944	I:	D:
212218	213708	-	1	1.312460	I:	D:
213723	214214	-	3	1.320052	I:	D:
214211	215488	-	2	1.340762	I:	D:
215625	216755	-	3	1.327174	I:	D:
216773	217387	-	2	1.333342	I:	D:
217417	219762	-	1	1.322107	I:	D:
219789	219929	-	3	1.375011	I:	D:
219948	221219	-	3	1.329751	I:	D:
221287	221868	-	1	1.317263	I:	D:
221911	223245	-	1	1.282091	I:	D:
223457	224017	-	2	1.335857	I:	D:
224209	224664	+	1	1.338655	I:	D:
224785	225168	+	1	1.340739	I:	D:
225280	226488	-	1	1.323167	I:	D:
226490	227695	-	2	1.328036	I:	D:
227710	228927	-	1	1.330159	I:	D:
229005	229940	-	3	1.322498	I:	D:
230178	232754	-	3	1.324035	I:	D:
232934	233716	-	2	1.361901	I:	D:
233855	234241	-	2	1.292635	I:	D:
234332	236284	-	2	1.324271	I:	D:
236319	237083	-	3	1.317269	I:	D:
237206	237835	-	2	1.335172	I:	D:
238095	239924	+	3	1.322442	I:	D:
239937	240548	+	3	1.313759	I:	D:
240634	241191	+	1	1.313417	I:	D:
241299	241952	-	3	1.338972	I:	D:
242198	244810	+	2	1.327873	I:	D:
244915	245862	-	1	1.304515	I:	D:
245902	247029	-	1	1.336157	I:	D:
247034	248887	-	2	1.325167	I:	D:
249001	251217	-	1	1.308007	I:	D:
251404	252882	+	1	1.336936	I:	D:
252956	254248	-	2	1.326814	I:	D:
254409	256433	+	3	1.331194	I:	D:
256508	257077	-	2	1.334290	I:	D:
257121	258131	-	3	1.326770	I:	D:
258112	258732	-	1	1.348007	I:	D:
258736	260652	-	1	1.333895	I:	D:
260754	262337	-	3	1.323585	I:	D:
262330	262734	-	1	1.291329	I:	D:
262806	263189	-	3	1.335177	I:	D:
263552	263791	-	2	1.340133	I:	D:
264035	264907	-	2	1.310906	I:	D:
264993	265226	-	3	1.319640	I:	D:
265325	266263	-	2	1.298175	I:	D:
266316	267416	-	3	1.298541	I:	D:
267438	269378	-	3	1.315271	I:	D:
269371	271278	-	1	1.306725	I:	D:
271311	275486	-	3	1.321784	I:	D:
275590	276534	-	1	1.329846	I:	D:
276518	278005	-	2	1.324630	I:	D:
278010	280016	-	3	1.319886	I:	D:
280033	281832	-	1	1.312983	I:	D:
281845	282654	-	1	1.325169	I:	D:
282647	284086	-	2	1.328192	I:	D:
284107	285504	-	1	1.348301	I:	D:
285521	286366	-	2	1.366529	I:	D:
286323	287546	-	3	1.345287	I:	D:
287812	287949	+	1	1.274791	I:	D:
287970	288218	+	3	1.315382	I:	D:
288319	288477	-	1	1.320789	I:	D:
288622	288960	+	1	1.337481	I:	D:
289010	289198	-	2	1.361496	I:	D:
289315	291861	-	1	1.333578	I:	D:
292038	292766	+	3	1.325431	I:	D:
292759	293496	+	1	1.365562	I:	D:
293530	294285	+	1	1.353088	I:	D:
294348	295022	+	3	1.318584	I:	D:
294998	296338	+	2	1.340993	I:	D:
296417	297667	-	2	1.337062	I:	D:
297884	298501	+	2	1.321807	I:	D:
299053	301164	-	1	1.326152	I:	D:
301151	301927	-	2	1.329710	I:	D:
302048	303094	-	2	1.334710	I:	D:
303174	303878	-	3	1.332627	I:	D:
303981	306644	-	3	1.325612	I:	D:
306757	308205	-	1	1.340138	I:	D:
308292	309677	-	3	1.323902	I:	D:
309679	311079	-	1	1.329523	I:	D:
311201	312019	-	2	1.362517	I:	D:
312209	313108	-	2	1.314230	I:	D:
313127	316060	-	2	1.319542	I:	D:
316218	316595	-	3	1.339601	I:	D:
316613	317887	-	2	1.329949	I:	D:
317884	319383	-	1	1.337512	I:	D:
319579	320043	-	1	1.322347	I:	D:
320133	321059	-	3	1.314366	I:	D:
321197	321610	+	2	1.313867	I:	D:
321639	322139	+	3	1.320813	I:	D:
322194	322328	+	3	1.349462	I:	D:
322569	323162	-	3	1.306948	I:	D:
323215	323709	-	1	1.305913	I:	D:
323702	324493	-	2	1.302573	I:	D:
324609	325412	-	3	1.342825	I:	D:
325459	325980	-	1	1.336962	I:	D:
325986	326414	-	3	1.346401	I:	D:
326426	326788	-	2	1.329353	I:	D:
327083	328537	-	2	1.319202	I:	D:
328579	328776	+	1	1.378022	I:	D:
328821	330446	-	3	1.300594	I:	D:
330516	330803	-	3	1.282963	I:	D:
330937	331263	-	1	1.313109	I:	D:
331404	332183	-	3	1.326766	I:	D:
332276	334351	-	2	1.332683	I:	D:
334400	335524	-	2	1.345990	I:	D:
335521	337113	-	1	1.351598	I:	D:
337343	338404	-	2	1.333630	I:	D:
338464	339168	-	1	1.335130	I:	D:
339186	340100	-	3	1.310505	I:	D:
340117	341052	-	1	1.339401	I:	D:
341076	342053	-	3	1.342257	I:	D:
342065	343084	-	2	1.332703	I:	D:
343081	344061	-	1	1.359921	I:	D:
344086	345102	-	1	1.342137	I:	D:
345366	345983	+	3	1.317114	I:	D:
345991	347463	-	1	1.339026	I:	D:
347454	347804	-	3	1.295974	I:	D:
347807	349723	-	2	1.323672	I:	D:
349836	351083	-	3	1.343323	I:	D:
351080	351772	-	2	1.344535	I:	D:
351775	353445	-	1	1.334646	I:	D:
353460	353720	-	3	1.281432	I:	D:
353776	354192	-	1	1.323975	I:	D:
354200	354463	-	2	1.301559	I:	D:
354549	355844	-	3	1.334106	I:	D:
355967	356200	+	2	1.297206	I:	D:
356353	357534	-	1	1.327858	I:	D:
357560	358717	-	2	1.338595	I:	D:
358777	359511	-	1	1.337892	I:	D:
359592	360557	-	3	1.304476	I:	D:
360606	361172	-	3	1.345448	I:	D:
361292	362623	-	2	1.358055	I:	D:
362672	363556	-	2	1.319954	I:	D:
363560	364036	-	2	1.333565	I:	D:
364023	364541	-	3	1.327185	I:	D:
364528	365496	-	1	1.308993	I:	D:
365830	366510	-	1	1.316006	I:	D:
366837	367424	+	3	1.299965	I:	D:
367550	367717	+	2	1.286519	I:	D:
>Y5.M008_4
240	929	-	3	1.309287	I:	D:
1082	1399	+	2	1.280485	I:	D:
1482	3035	+	3	1.319277	I:	D:
3135	4241	+	3	1.311521	I:	D:
4329	5183	+	3	1.303988	I:	D:
5198	5347	-	2	1.344482	I:	D:
5437	5868	-	1	1.312684	I:	D:
5956	6672	-	1	1.321740	I:	D:
6750	6965	+	3	1.319173	I:	D:
6940	8262	+	1	1.324589	I:	D:
8286	8819	+	3	1.333076	I:	D:
8868	11015	+	3	1.313613	I:	D:
11035	11913	+	1	1.325199	I:	D:
11996	12667	+	2	1.305365	I:	D:
12755	13246	+	2	1.319654	I:	D:
13405	14835	+	1	1.328319	I:	D:
15087	15260	+	3	1.313690	I:	D:
15280	16641	+	1	1.329669	I:	D:
16758	19424	+	3	1.325418	I:	D:
19462	21582	+	1	1.326886	I:	D:
21595	22551	+	1	1.323364	I:	D:
22777	24078	+	1	1.334220	I:	D:
24075	25427	+	3	1.347080	I:	D:
25406	27040	+	2	1.340815	I:	D:
27157	27846	+	1	1.352605	I:	D:
27945	28871	+	3	1.331642	I:	D:
28873	29739	+	1	1.320715	I:	D:
29750	30283	+	2	1.324925	I:	D:
30264	33140	+	3	1.328257	I:	D:
33156	33812	+	3	1.319935	I:	D:
33836	34627	+	2	1.345238	I:	D:
34645	34854	+	1	1.353211	I:	D:
34851	35996	+	3	1.324980	I:	D:
36010	36405	+	1	1.319428	I:	D:
36389	37369	+	2	1.329873	I:	D:
37464	37667	-	3	1.355973	I:	D:
37810	39204	+	1	1.319331	I:	D:
39219	39941	+	3	1.313380	I:	D:
40026	40574	+	3	1.313425	I:	D:
40587	41366	+	3	1.333710	I:	D:
41381	41917	+	2	1.299898	I:	D:
41934	42860	+	3	1.348963	I:	D:
42945	43586	+	3	1.312845	I:	D:
43720	44415	-	1	1.300397	I:	D:
44627	46282	+	2	1.318163	I:	D:
46344	46991	+	3	1.335079	I:	D:
47084	47818	-	2	1.333842	I:	D:
47979	49046	-	3	1.315909	I:	D:
49303	49716	-	1	1.330343	I:	D:
50016	50633	+	3	1.323944	I:	D:
50681	51616	-	2	1.321960	I:	D:
51613	52302	-	1	1.309255	I:	D:
52305	52934	-	3	1.354145	I:	D:
52944	53816	-	3	1.333432	I:	D:
53813	54727	-	2	1.341578	I:	D:
54809	56113	-	2	1.323615	I:	D:
56465	57322	+	2	1.324296	I:	D:
57440	57886	-	2	1.313888	I:	D:
57979	59733	-	1	1.340672	I:	D:
59738	61084	-	2	1.334226	I:	D:
61081	61539	-	1	1.298591	I:	D:
61552	61980	-	1	1.323523	I:	D:
61993	63231	-	1	1.342238	I:	D:
63245	63988	-	2	1.322152	I:	D:
63985	64905	-	1	1.334988	I:	D:
64898	65848	-	2	1.327035	I:	D:
65845	66069	-	1	1.278341	I:	D:
66128	67051	-	2	1.369056	I:	D:
67265	67657	-	2	1.293953	I:	D:
67659	68231	-	3	1.331921	I:	D:
68234	68845	-	2	1.332318	I:	D:
68854	69144	-	1	1.319442	I:	D:
69160	70443	-	1	1.311357	I:	D:
70516	70800	-	1	1.324499	I:	D:
70806	71138	-	3	1.321894	I:	D:
71145	71453	-	3	1.297992	I:	D:
71626	72042	-	1	1.324955	I:	D:
72061	73380	-	1	1.320819	I:	D:
73454	73933	-	2	1.330022	I:	D:
73926	75122	-	3	1.318359	I:	D:
74810	75085	-	2	1.387817	I:	D:
75104	75829	-	2	1.332507	I:	D:
75813	77678	-	3	1.340048	I:	D:
77995	78936	-	1	1.316967	I:	D:
78952	79272	-	1	1.290916	I:	D:
79313	79984	-	2	1.319384	I:	D:
80014	80154	-	1	1.314142	I:	D:
80221	80679	-	1	1.328692	I:	D:
80748	80879	-	3	1.384920	I:	D:
80921	81250	-	2	1.352555	I:	D:
81247	81639	-	1	1.328064	I:	D:
81707	83347	-	2	1.338386	I:	D:
83328	85091	-	3	1.330941	I:	D:
85388	85588	+	2	1.263244	I:	D:
85641	86552	-	3	1.338161	I:	D:
86692	86859	+	1	1.333721	I:	D:
86925	88121	-	3	1.314058	I:	D:
88123	88806	-	1	1.350976	I:	D:
88808	90214	-	2	1.332200	I:	D:
90101	90469	+	2	1.345908	I:	D:
90486	91649	-	3	1.306752	I:	D:
91651	92733	-	1	1.312076	I:	D:
92739	94421	-	3	1.328506	I:	D:
94434	96107	-	3	1.337255	I:	D:
96125	97219	-	2	1.338141	I:	D:
97629	97934	-	3	1.310326	I:	D:
98048	99175	-	2	1.341424	I:	D:
99228	100970	-	3	1.322895	I:	D:
101156	102271	+	2	1.341939	I:	D:
102362	103423	-	2	1.305420	I:	D:
103420	104223	-	1	1.339737	I:	D:
104217	105053	-	3	1.328858	I:	D:
105046	106119	-	1	1.316784	I:	D:
106131	106679	-	3	1.339035	I:	D:
106900	108570	-	1	1.344015	I:	D:
108686	109474	-	2	1.323748	I:	D:
109461	110216	-	3	1.339804	I:	D:
110232	111350	-	3	1.306883	I:	D:
111407	113197	-	2	1.333892	I:	D:
113292	114803	-	3	1.329214	I:	D:
114970	116076	-	1	1.326673	I:	D:
116088	118253	-	3	1.330077	I:	D:
118258	118983	+	1	1.335956	I:	D:
119489	120259	-	2	1.343804	I:	D:
120413	120628	-	2	1.308717	I:	D:
120799	121203	+	1	1.327408	I:	D:
121336	122706	-	1	1.336736	I:	D:
122842	123024	+	1	1.378577	I:	D:
123261	123617	-	3	1.318389	I:	D:
123647	123844	-	2	1.328824	I:	D:
123901	124395	-	1	1.303237	I:	D:
124467	124658	-	3	1.317348	I:	D:
124817	126151	+	2	1.335551	I:	D:
126266	127624	+	2	1.331138	I:	D:
127707	128570	-	3	1.324421	I:	D:
128733	130100	-	3	1.344827	I:	D:
130172	130702	-	2	1.311218	I:	D:
130757	131785	-	2	1.341967	I:	D:
131827	133116	-	1	1.332104	I:	D:
133232	136015	-	2	1.331638	I:	D:
136174	138231	-	1	1.342347	I:	D:
138320	139699	-	2	1.319999	I:	D:
139957	140187	-	1	1.310552	I:	D:
140184	141497	-	3	1.333960	I:	D:
141549	143072	-	3	1.349902	I:	D:
143197	144087	-	1	1.304369	I:	D:
144384	145373	-	3	1.333630	I:	D:
145419	148217	-	3	1.333844	I:	D:
148394	149623	+	2	1.329912	I:	D:
149726	151153	-	2	1.320683	I:	D:
151178	153451	-	2	1.327143	I:	D:
153546	156335	-	3	1.330843	I:	D:
156646	157233	-	1	1.327230	I:	D:
157299	158663	+	3	1.333209	I:	D:
158736	160058	-	3	1.316709	I:	D:
160143	162368	-	3	1.326413	I:	D:
162524	163729	-	2	1.319335	I:	D:
163813	166383	-	1	1.338804	I:	D:
166464	167978	-	3	1.329039	I:	D:
168101	170344	-	2	1.329400	I:	D:
170451	172256	-	3	1.346409	I:	D:
172463	172654	+	2	1.341961	I:	D:
172954	173874	-	1	1.344549	I:	D:
173877	175397	-	3	1.322537	I:	D:
175640	176071	-	2	1.369288	I:	D:
176140	178143	-	1	1.317686	I:	D:
178473	179207	-	3	1.339463	I:	D:
179220	179735	-	3	1.305278	I:	D:
179926	180186	+	1	1.336334	I:	D:
180200	180364	-	2	1.281899	I:	D:
180533	181882	-	2	1.332197	I:	D:
181986	183545	-	3	1.326193	I:	D:
183757	184140	+	1	1.276002	I:	D:
184255	185670	-	1	1.344517	I:	D:
185677	187443	-	1	1.334666	I:	D:
187461	188972	+	3	1.334653	I:	D:
189058	189822	-	1	1.345539	I:	D:
189868	191403	-	1	1.322004	I:	D:
191409	191972	-	3	1.339862	I:	D:
192132	192452	-	3	1.329018	I:	D:
192679	193125	+	1	1.316642	I:	D:
193346	193963	-	2	1.320417	I:	D:
193964	194746	-	2	1.331476	I:	D:
194763	195230	-	3	1.338533	I:	D:
195215	196621	-	2	1.308105	I:	D:
196669	197376	-	1	1.332032	I:	D:
197749	198984	-	1	1.308010	I:	D:
199043	199582	-	2	1.336814	I:	D:
199585	200163	-	1	1.296979	I:	D:
200264	201358	-	2	1.323324	I:	D:
201451	202527	-	1	1.326196	I:	D:
203268	207023	-	3	1.326368	I:	D:
207115	207864	-	1	1.329655	I:	D:
207954	208850	+	3	1.331270	I:	D:
208934	210370	-	2	1.333672	I:	D:
210473	211306	-	2	1.346060	I:	D:
211561	215838	+	1	1.333582	I:	D:
216022	216693	-	1	1.325999	I:	D:
216744	217247	-	3	1.307883	I:	D:
217253	219616	-	2	1.344248	I:	D:
219626	220522	-	2	1.330174	I:	D:
220540	221262	-	1	1.350483	I:	D:
221301	222248	-	3	1.300245	I:	D:
222252	222701	-	3	1.329968	I:	D:
222826	223614	-	1	1.345018	I:	D:
223592	225028	-	2	1.353718	I:	D:
225119	226048	-	2	1.315377	I:	D:
226169	227452	-	2	1.336142	I:	D:
227532	227972	-	3	1.334833	I:	D:
228124	228579	-	1	1.360041	I:	D:
228801	229013	+	3	1.298851	I:	D:
229154	229597	-	2	1.319659	I:	D:
229620	230951	-	3	1.336386	I:	D:
230978	231397	-	2	1.293793	I:	D:
231416	231985	-	2	1.307817	I:	D:
231987	233732	-	3	1.333186	I:	D:
233736	235046	-	3	1.335576	I:	D:
235200	236036	-	3	1.337931	I:	D:
236057	236851	-	2	1.334709	I:	D:
237132	238715	-	3	1.322851	I:	D:
238790	240283	-	2	1.330848	I:	D:
240340	241284	-	1	1.325696	I:	D:
241362	243950	-	3	1.337701	I:	D:
243957	245342	-	3	1.326578	I:	D:
245359	247791	-	1	1.330436	I:	D:
247816	249237	-	1	1.335083	I:	D:
249454	250539	+	1	1.309629	I:	D:
250585	251355	-	1	1.327660	I:	D:
251481	253661	-	3	1.327769	I:	D:
253666	254475	-	1	1.334365	I:	D:
254558	255763	-	2	1.322758	I:	D:
255885	256553	-	3	1.333232	I:	D:
256543	257694	-	1	1.336776	I:	D:
257779	259014	-	1	1.319444	I:	D:
259263	259811	+	3	1.348799	I:	D:
259816	264342	-	1	1.332441	I:	D:
264381	265436	-	3	1.320373	I:	D:
265637	266086	-	2	1.310212	I:	D:
266145	266654	-	3	1.323667	I:	D:
266698	267795	-	1	1.334727	I:	D:
267801	269015	-	3	1.332469	I:	D:
269042	269974	-	2	1.335149	I:	D:
270143	270835	-	2	1.339622	I:	D:
270816	271226	-	3	1.311554	I:	D:
271236	272306	-	3	1.325377	I:	D:
272357	273262	-	2	1.331737	I:	D:
273259	274269	-	1	1.319891	I:	D:
274331	274576	-	2	1.336946	I:	D:
274633	275982	-	1	1.325842	I:	D:
276201	277349	+	3	1.310462	I:	D:
277401	278351	+	3	1.343782	I:	D:
278833	280149	-	1	1.328698	I:	D:
280171	280893	-	1	1.351243	I:	D:
280959	281750	-	3	1.329240	I:	D:
281951	283333	+	2	1.336834	I:	D:
283348	283593	+	1	1.372232	I:	D:
283666	284124	+	1	1.432732	I:	D:
284331	285497	+	3	1.321886	I:	D:
285567	287075	+	3	1.332978	I:	D:
287230	289158	-	1	1.332126	I:	D:
289188	290483	-	3	1.335566	I:	D:
290735	291346	-	2	1.319860	I:	D:
291703	292458	+	1	1.322987	I:	D:
292513	293277	+	1	1.342693	I:	D:
293402	295990	-	2	1.326590	I:	D:
296032	296370	-	1	1.306994	I:	D:
296486	297331	-	2	1.328688	I:	D:
297427	299064	-	1	1.336138	I:	D:
299061	299363	-	3	1.375581	I:	D:
299483	300877	-	2	1.341646	I:	D:
301078	301980	-	1	1.347274	I:	D:
301989	303176	-	3	1.334795	I:	D:
303264	305135	-	3	1.311062	I:	D:
305220	305894	-	3	1.276700	I:	D:
305910	306980	-	3	1.301601	I:	D:
307195	307734	+	1	1.321112	I:	D:
307737	308291	+	3	1.331515	I:	D:
308320	308475	+	1	1.382073	I:	D:
308575	309777	-	1	1.345252	I:	D:
309882	310202	-	3	1.319106	I:	D:
310217	311695	-	2	1.334056	I:	D:
311710	312690	-	1	1.310796	I:	D:
312701	315001	-	2	1.355376	I:	D:
315011	315943	-	2	1.316198	I:	D:
315956	317338	-	2	1.334191	I:	D:
317385	318074	-	3	1.328702	I:	D:
318085	318843	-	1	1.339933	I:	D:
318945	319379	-	3	1.315705	I:	D:
319488	320669	-	3	1.327375	I:	D:
320659	321558	-	1	1.306354	I:	D:
321618	322841	-	3	1.323461	I:	D:
322858	323307	-	1	1.332077	I:	D:
323328	324368	-	3	1.323347	I:	D:
324526	325776	-	1	1.334532	I:	D:
325748	326674	-	2	1.321522	I:	D:
326816	329584	-	2	1.338566	I:	D:
329796	330443	+	3	1.325570	I:	D:
330512	331003	+	2	1.307203	I:	D:
331088	331474	-	2	1.336373	I:	D:
331477	331659	-	1	1.326047	I:	D:
331799	333019	+	2	1.310619	I:	D:
333130	333807	-	1	1.333472	I:	D:
333942	334991	-	3	1.348802	I:	D:
334972	336027	-	1	1.351310	I:	D:
336118	336855	+	1	1.358201	I:	D:
336981	337166	+	3	1.282210	I:	D:
337181	337438	+	2	1.314621	I:	D:
337617	338306	-	3	1.354528	I:	D:
338293	339585	-	1	1.308868	I:	D:
339774	341315	+	3	1.337724	I:	D:
341312	342253	+	2	1.344150	I:	D:
342266	343252	+	2	1.298249	I:	D:
343269	344045	+	3	1.330270	I:	D:
344093	345130	-	2	1.322808	I:	D:
345150	347693	-	3	1.323390	I:	D:
347787	348077	-	3	1.322831	I:	D:
348100	348531	-	1	1.303484	I:	D:
348774	349091	-	3	1.327243	I:	D:
349170	349490	-	3	1.283279	I:	D:
349907	352339	-	2	1.320796	I:	D:
352742	353524	-	2	1.332182	I:	D:
353635	354231	-	1	1.323264	I:	D:
354404	354826	+	2	1.284885	I:	D:
>Y5.M008_5
95	235	-	2	1.318061	I:	D:
681	992	-	3	1.302676	I:	D:
1178	1855	-	2	1.316707	I:	D:
2041	3312	-	1	1.301886	I:	D:
3324	3947	-	3	1.316573	I:	D:
3941	4972	-	2	1.319639	I:	D:
5042	5554	-	2	1.300416	I:	D:
5577	7667	-	3	1.325610	I:	D:
7730	8098	-	2	1.333004	I:	D:
8100	8336	+	3	1.318911	I:	D:
8639	8788	-	2	1.319588	I:	D:
8819	9505	-	2	1.299969	I:	D:
9709	11109	-	1	1.325809	I:	D:
11174	11824	+	2	1.323313	I:	D:
11814	12935	+	3	1.325550	I:	D:
13041	14069	-	3	1.340889	I:	D:
14142	15116	-	3	1.316734	I:	D:
15127	16635	-	1	1.305330	I:	D:
16745	17821	-	2	1.305697	I:	D:
17853	18296	-	3	1.315914	I:	D:
18344	19267	-	2	1.311222	I:	D:
19317	19478	-	3	1.300434	I:	D:
19624	20259	+	1	1.314323	I:	D:
20382	20888	-	3	1.312651	I:	D:
20906	21397	-	2	1.317673	I:	D:
21568	22365	+	1	1.329582	I:	D:
22422	23324	-	3	1.310566	I:	D:
23324	24106	-	2	1.330983	I:	D:
24129	25055	-	3	1.313967	I:	D:
25122	26939	-	3	1.343508	I:	D:
26905	27882	-	1	1.324217	I:	D:
27918	28115	-	3	1.345907	I:	D:
28154	28723	-	2	1.339615	I:	D:
28829	29443	-	2	1.328678	I:	D:
29440	30210	-	1	1.334020	I:	D:
30249	31190	-	3	1.309449	I:	D:
31304	31945	-	2	1.333943	I:	D:
32103	32630	-	3	1.327588	I:	D:
32635	32895	-	1	1.354207	I:	D:
33097	33522	+	1	1.325755	I:	D:
33676	35007	+	1	1.318519	I:	D:
35025	35588	+	3	1.307189	I:	D:
35700	37667	+	3	1.323064	I:	D:
37788	38759	-	3	1.315642	I:	D:
38704	38928	+	1	1.330016	I:	D:
39104	39661	-	2	1.336156	I:	D:
39892	40857	-	1	1.328133	I:	D:
41183	42667	-	2	1.332922	I:	D:
42672	44216	-	3	1.343116	I:	D:
44226	45158	-	3	1.326336	I:	D:
45161	46036	-	2	1.315872	I:	D:
46041	47501	-	3	1.327920	I:	D:
47613	48620	+	3	1.323313	I:	D:
48637	49059	-	1	1.351991	I:	D:
49089	49421	-	3	1.291166	I:	D:
49438	50451	-	1	1.343300	I:	D:
50529	50834	-	3	1.359324	I:	D:
51045	52463	-	3	1.322624	I:	D:
52491	53453	-	3	1.333945	I:	D:
53741	56134	-	2	1.331052	I:	D:
56152	57807	-	1	1.326974	I:	D:
57964	59238	-	1	1.335774	I:	D:
59272	60093	-	1	1.331983	I:	D:
60159	61901	-	3	1.322083	I:	D:
62140	62967	-	1	1.334565	I:	D:
63133	65103	-	1	1.326981	I:	D:
65238	66392	-	3	1.335903	I:	D:
66446	67453	-	2	1.325552	I:	D:
67470	67709	-	3	1.284403	I:	D:
67764	67895	+	3	1.360655	I:	D:
67905	69677	-	3	1.335955	I:	D:
69889	70563	+	1	1.304637	I:	D:
70616	70999	+	2	1.305838	I:	D:
71182	71478	+	1	1.384854	I:	D:
71507	74134	-	2	1.336089	I:	D:
74331	75530	-	3	1.319105	I:	D:
75534	77648	-	3	1.331057	I:	D:
77712	78647	-	3	1.320775	I:	D:
78644	79837	-	2	1.316177	I:	D:
79859	80203	-	2	1.323105	I:	D:
80366	81817	-	2	1.316680	I:	D:
81986	82606	-	2	1.319710	I:	D:
82674	83723	-	3	1.306957	I:	D:
83755	84813	-	1	1.320741	I:	D:
84827	85222	-	2	1.325936	I:	D:
85432	86544	-	1	1.322136	I:	D:
86742	87662	-	3	1.315645	I:	D:
87838	90246	-	1	1.322935	I:	D:
90304	92706	-	1	1.323711	I:	D:
92844	94223	-	3	1.336623	I:	D:
94420	97017	-	1	1.327114	I:	D:
97090	97773	+	1	1.320677	I:	D:
97803	98114	-	3	1.346460	I:	D:
98118	98876	-	3	1.294760	I:	D:
98910	100466	-	3	1.327016	I:	D:
100688	101326	+	2	1.348807	I:	D:
101329	101475	+	1	1.334840	I:	D:
101565	102467	+	3	1.368337	I:	D:
102622	103536	-	1	1.330567	I:	D:
103784	104788	-	2	1.336257	I:	D:
105227	106639	-	2	1.340495	I:	D:
106651	107289	-	1	1.335423	I:	D:
107294	108040	-	2	1.332811	I:	D:
109118	109966	-	2	1.327230	I:	D:
109995	110717	-	3	1.323409	I:	D:
111021	111980	-	3	1.324573	I:	D:
112033	112980	-	1	1.310830	I:	D:
112982	114184	-	2	1.326692	I:	D:
114186	114938	-	3	1.342642	I:	D:
115057	115794	-	1	1.349104	I:	D:
115805	116509	-	2	1.341571	I:	D:
116502	117335	-	3	1.318115	I:	D:
117335	118171	-	2	1.347996	I:	D:
118184	119122	-	2	1.336618	I:	D:
119185	120729	-	1	1.306588	I:	D:
120979	121308	+	1	1.340058	I:	D:
121390	122394	+	1	1.332221	I:	D:
122486	123874	-	2	1.327205	I:	D:
123973	126240	-	1	1.328614	I:	D:
126477	127703	+	3	1.328520	I:	D:
127796	129211	-	2	1.329511	I:	D:
129208	129417	-	1	1.328981	I:	D:
129437	130462	-	2	1.319568	I:	D:
130519	131160	-	1	1.324979	I:	D:
131315	131668	-	2	1.292428	I:	D:
131862	132647	+	3	1.337995	I:	D:
132863	133045	+	2	1.352905	I:	D:
133059	134453	+	3	1.320995	I:	D:
134558	136813	-	2	1.318153	I:	D:
136926	138542	-	3	1.321894	I:	D:
138597	139673	-	3	1.323513	I:	D:
139809	140780	+	3	1.335416	I:	D:
140858	141970	-	2	1.343862	I:	D:
142085	142546	-	2	1.294321	I:	D:
142718	143548	-	2	1.323924	I:	D:
143656	144819	+	1	1.312572	I:	D:
144836	145495	+	2	1.306840	I:	D:
145495	146157	+	1	1.320462	I:	D:
146159	147574	+	2	1.341232	I:	D:
147624	148640	-	3	1.323102	I:	D:
148845	150995	-	3	1.316198	I:	D:
151219	153867	-	1	1.321106	I:	D:
154092	155156	-	3	1.326801	I:	D:
155240	155854	-	2	1.332630	I:	D:
155876	156817	-	2	1.304722	I:	D:
156947	157489	-	2	1.301898	I:	D:
157603	158562	-	1	1.311018	I:	D:
158660	159253	-	2	1.307839	I:	D:
159343	159738	-	1	1.361716	I:	D:
159785	160168	-	2	1.348460	I:	D:
160893	161111	-	3	1.303801	I:	D:
161326	162006	-	1	1.315893	I:	D:
162084	163436	-	3	1.338176	I:	D:
163436	163876	-	2	1.327756	I:	D:
163903	164082	-	1	1.345309	I:	D:
164149	164658	-	1	1.302597	I:	D:
164674	165042	-	1	1.308331	I:	D:
165060	165602	-	3	1.319785	I:	D:
165828	166229	-	3	1.323509	I:	D:
166378	166563	-	1	1.353400	I:	D:
166575	167114	-	3	1.314280	I:	D:
167138	167449	-	2	1.303143	I:	D:
167464	167832	-	1	1.326471	I:	D:
167875	168150	-	1	1.327699	I:	D:
168202	168402	-	1	1.314303	I:	D:
168392	168829	-	2	1.318344	I:	D:
168829	169485	-	1	1.315960	I:	D:
169500	169886	-	3	1.360900	I:	D:
169918	170199	-	1	1.355156	I:	D:
170224	171066	-	1	1.348812	I:	D:
171225	171524	-	3	1.289465	I:	D:
171524	172144	-	2	1.321317	I:	D:
172175	172906	-	2	1.323432	I:	D:
173055	173372	-	3	1.337953	I:	D:
173654	173839	+	2	1.350939	I:	D:
173903	175351	-	2	1.296306	I:	D:
175531	177957	-	1	1.307667	I:	D:
178102	178623	-	1	1.323791	I:	D:
178607	179128	-	2	1.325642	I:	D:
179291	179437	-	2	1.342404	I:	D:
179580	179816	-	3	1.338913	I:	D:
179820	180023	-	3	1.319078	I:	D:
180037	181131	-	1	1.334714	I:	D:
181196	182329	-	2	1.336617	I:	D:
182485	183402	-	1	1.329108	I:	D:
183399	185390	-	3	1.344521	I:	D:
185387	186886	-	2	1.348710	I:	D:
186905	187822	-	2	1.331825	I:	D:
188000	188641	-	2	1.301850	I:	D:
188767	190185	-	1	1.319726	I:	D:
190384	191304	+	1	1.325841	I:	D:
191343	192728	-	3	1.338446	I:	D:
192725	194314	-	2	1.348675	I:	D:
194348	195190	-	2	1.333135	I:	D:
195205	196161	-	1	1.336457	I:	D:
196200	197633	-	3	1.300778	I:	D:
197936	198796	+	2	1.329415	I:	D:
198870	199316	-	3	1.312225	I:	D:
199350	200309	-	3	1.309517	I:	D:
200403	200585	-	3	1.352150	I:	D:
200750	201664	-	2	1.340885	I:	D:
201781	202686	-	1	1.309661	I:	D:
202725	203519	-	3	1.314811	I:	D:
203587	203859	-	1	1.320222	I:	D:
203886	204623	-	3	1.343639	I:	D:
204724	206217	-	1	1.333114	I:	D:
206349	207356	+	3	1.351345	I:	D:
207679	208035	+	1	1.326383	I:	D:
208032	209072	+	3	1.338202	I:	D:
209198	210619	+	2	1.319572	I:	D:
210659	212062	+	2	1.340937	I:	D:
212205	212423	+	3	1.345977	I:	D:
212576	212953	-	2	1.391835	I:	D:
213056	213205	+	2	1.323637	I:	D:
213263	215431	-	2	1.317832	I:	D:
215400	216128	-	3	1.304354	I:	D:
216170	216343	+	2	1.382427	I:	D:
216493	217191	-	1	1.333286	I:	D:
217124	218455	-	2	1.328633	I:	D:
218471	218980	-	2	1.331661	I:	D:
219161	220126	-	2	1.316122	I:	D:
220310	220963	-	2	1.336481	I:	D:
220992	221573	-	3	1.310892	I:	D:
221678	222280	-	2	1.337010	I:	D:
222407	222913	-	2	1.323773	I:	D:
223085	225286	-	2	1.331866	I:	D:
225700	225828	-	1	1.303936	I:	D:
225840	227276	-	3	1.348627	I:	D:
227473	228603	-	1	1.341523	I:	D:
228646	230004	-	1	1.345266	I:	D:
230023	231420	-	1	1.329251	I:	D:
231410	232126	-	2	1.344318	I:	D:
232126	233505	-	1	1.333110	I:	D:
233642	235081	-	2	1.335361	I:	D:
235110	235769	-	3	1.325700	I:	D:
235782	236504	-	3	1.330191	I:	D:
236576	237766	-	2	1.337006	I:	D:
237938	238969	-	2	1.335643	I:	D:
239035	240003	-	1	1.325268	I:	D:
240123	240998	+	3	1.317309	I:	D:
241022	241201	-	2	1.376198	I:	D:
241448	241912	-	2	1.326262	I:	D:
241992	243191	-	3	1.349715	I:	D:
243254	243430	-	2	1.373224	I:	D:
243775	245349	-	1	1.327403	I:	D:
245447	247216	-	2	1.325329	I:	D:
247235	248080	-	2	1.312949	I:	D:
248213	249532	-	2	1.335964	I:	D:
249590	250318	-	2	1.316005	I:	D:
250378	251235	+	1	1.320918	I:	D:
251232	253331	+	3	1.335523	I:	D:
253481	254566	+	2	1.333341	I:	D:
254682	256247	-	3	1.339886	I:	D:
256261	257223	-	1	1.320739	I:	D:
257216	258205	-	2	1.325685	I:	D:
258221	259129	-	2	1.322269	I:	D:
259142	260122	-	2	1.337825	I:	D:
260201	261844	-	2	1.316616	I:	D:
262090	262329	-	1	1.327866	I:	D:
262458	263003	-	3	1.326637	I:	D:
263009	263416	-	2	1.329905	I:	D:
264026	264694	-	2	1.321191	I:	D:
264695	264898	+	2	1.358049	I:	D:
264908	265957	+	2	1.325513	I:	D:
265958	268297	-	2	1.325276	I:	D:
268317	269162	-	3	1.324542	I:	D:
269166	270068	-	3	1.336380	I:	D:
270244	271590	-	1	1.300546	I:	D:
271747	272637	-	1	1.328246	I:	D:
272840	273772	-	2	1.357222	I:	D:
273759	275132	-	3	1.351856	I:	D:
275250	276089	-	3	1.343428	I:	D:
276167	276634	-	2	1.332298	I:	D:
276680	277885	-	2	1.319080	I:	D:
277997	278293	+	2	1.323610	I:	D:
278338	279831	-	1	1.331485	I:	D:
279855	280199	-	3	1.308461	I:	D:
280524	282023	-	3	1.318642	I:	D:
282109	283521	-	1	1.329152	I:	D:
283765	284325	+	1	1.329941	I:	D:
284337	284540	+	3	1.363502	I:	D:
284580	285485	-	3	1.347717	I:	D:
285676	287640	-	1	1.314333	I:	D:
287670	288155	-	3	1.300602	I:	D:
288274	289233	-	1	1.329632	I:	D:
289237	290013	-	1	1.321015	I:	D:
289997	290341	-	2	1.288063	I:	D:
290362	291348	-	1	1.335527	I:	D:
291366	293462	-	3	1.319357	I:	D:
293558	294343	-	2	1.337563	I:	D:
294353	295006	-	2	1.334367	I:	D:
295059	296444	-	3	1.347979	I:	D:
296454	297146	-	3	1.317908	I:	D:
297139	298194	-	1	1.312866	I:	D:
298281	299558	-	3	1.323033	I:	D:
299739	301031	-	3	1.306028	I:	D:
301255	301764	-	1	1.307751	I:	D:
301824	302435	-	3	1.350558	I:	D:
302694	302948	+	3	1.270881	I:	D:
303024	303701	-	3	1.312319	I:	D:
303779	305149	-	2	1.320025	I:	D:
305150	306916	-	2	1.325337	I:	D:
306939	307259	-	3	1.285961	I:	D:
307252	308223	-	1	1.320309	I:	D:
308239	308832	-	1	1.283992	I:	D:
308852	309328	-	2	1.327046	I:	D:
309325	311346	-	1	1.321820	I:	D:
311393	311701	-	2	1.279914	I:	D:
311969	312460	-	2	1.321022	I:	D:
312498	313667	-	3	1.340702	I:	D:
313667	314167	-	2	1.321955	I:	D:
314218	315219	-	1	1.334346	I:	D:
315248	316900	-	2	1.328397	I:	D:
317071	317706	-	1	1.334334	I:	D:
317703	319574	-	3	1.339731	I:	D:
320190	322115	-	3	1.324697	I:	D:
322176	322937	-	3	1.329706	I:	D:
322964	324355	-	2	1.330584	I:	D:
324598	325551	+	1	1.334534	I:	D:
325632	326504	-	3	1.321697	I:	D:
326533	326676	+	1	1.325312	I:	D:
326683	327273	+	1	1.311478	I:	D:
327277	328533	-	1	1.342300	I:	D:
328590	329483	-	3	1.356908	I:	D:
329500	330168	-	1	1.340090	I:	D:
330297	331697	+	3	1.334958	I:	D:
331729	332526	-	1	1.341703	I:	D:
>Y5.M008_6
3	128	+	3	1.340074	I:	D:
540	704	+	3	1.377989	I:	D:
806	1513	-	2	1.322374	I:	D:
1584	2612	-	3	1.332681	I:	D:
2669	3574	-	2	1.335267	I:	D:
3576	3815	-	3	1.356079	I:	D:
3818	5008	-	2	1.326845	I:	D:
5023	5460	-	1	1.321106	I:	D:
5488	6666	-	1	1.333663	I:	D:
6689	7402	-	2	1.334136	I:	D:
7547	8233	-	2	1.350305	I:	D:
8217	9107	-	3	1.318950	I:	D:
9135	10148	-	3	1.326450	I:	D:
10372	11238	-	1	1.328598	I:	D:
11258	12631	-	2	1.324550	I:	D:
12685	13524	-	1	1.337295	I:	D:
13537	14436	-	1	1.332780	I:	D:
14505	15830	-	3	1.303538	I:	D:
15827	16885	-	2	1.327682	I:	D:
17380	17568	-	1	1.294171	I:	D:
18082	18474	-	1	1.355283	I:	D:
18501	18929	-	3	1.320236	I:	D:
19035	19184	-	3	1.300112	I:	D:
19217	20554	-	2	1.322421	I:	D:
20561	21451	-	2	1.322433	I:	D:
21463	22389	-	1	1.316176	I:	D:
22464	24053	-	3	1.307222	I:	D:
24097	24849	-	1	1.318565	I:	D:
24853	26571	-	1	1.304465	I:	D:
26831	28141	+	2	1.334831	I:	D:
28232	28738	-	2	1.285920	I:	D:
28783	30165	-	1	1.328045	I:	D:
30483	31256	-	3	1.341127	I:	D:
31293	32117	-	3	1.336291	I:	D:
32110	32958	-	1	1.331563	I:	D:
32968	33825	-	1	1.327409	I:	D:
33934	34881	-	1	1.356804	I:	D:
34947	35465	-	3	1.319890	I:	D:
35488	36099	-	1	1.327443	I:	D:
36122	37114	-	2	1.338990	I:	D:
37107	38204	-	3	1.333229	I:	D:
38201	39838	-	2	1.326453	I:	D:
40026	41201	-	3	1.313990	I:	D:
41525	42637	+	2	1.324496	I:	D:
42768	43742	+	3	1.348891	I:	D:
43739	44239	+	2	1.330741	I:	D:
44326	45054	-	1	1.326408	I:	D:
45068	45676	-	2	1.320042	I:	D:
45866	46441	-	2	1.262408	I:	D:
46610	47134	-	2	1.330408	I:	D:
47218	47871	-	1	1.319460	I:	D:
47868	48719	-	3	1.322463	I:	D:
48723	49094	-	3	1.298234	I:	D:
49302	49568	+	3	1.288757	I:	D:
49909	50202	+	1	1.375021	I:	D:
50294	50560	+	2	1.283114	I:	D:
50622	50816	+	3	1.342518	I:	D:
51110	51328	-	2	1.344046	I:	D:
51439	51828	+	1	1.280751	I:	D:
51937	52446	+	1	1.349736	I:	D:
52576	53073	+	1	1.289576	I:	D:
53378	54529	+	2	1.313006	I:	D:
54670	55965	+	1	1.326851	I:	D:
56284	56727	-	1	1.369515	I:	D:
56831	57748	-	2	1.303540	I:	D:
57770	59167	-	2	1.328928	I:	D:
59180	60046	-	2	1.349604	I:	D:
60030	61010	-	3	1.315212	I:	D:
61294	61821	+	1	1.333977	I:	D:
62071	62253	-	1	1.346129	I:	D:
62360	64078	-	2	1.345511	I:	D:
64232	66919	-	2	1.321921	I:	D:
66939	69164	-	3	1.315847	I:	D:
69259	71127	-	1	1.331291	I:	D:
71210	72673	-	2	1.322323	I:	D:
72666	73901	-	3	1.331346	I:	D:
73927	74172	-	1	1.301600	I:	D:
74186	75496	-	2	1.305085	I:	D:
75764	76615	+	2	1.327865	I:	D:
76667	77005	-	2	1.310471	I:	D:
77002	77337	-	1	1.293465	I:	D:
77531	79645	-	2	1.323968	I:	D:
79811	80677	-	2	1.312632	I:	D:
80888	81652	+	2	1.336732	I:	D:
81722	83428	-	2	1.301390	I:	D:
83635	84981	-	1	1.325344	I:	D:
85227	86021	+	3	1.333491	I:	D:
86094	86651	-	3	1.317718	I:	D:
86717	87904	-	2	1.333659	I:	D:
88032	90149	-	3	1.328065	I:	D:
90159	90692	-	3	1.327057	I:	D:
90839	91258	-	2	1.376402	I:	D:
91495	93039	-	1	1.338472	I:	D:
93080	93307	+	2	1.375895	I:	D:
93418	94275	+	1	1.326103	I:	D:
94407	95540	-	3	1.310692	I:	D:
95571	96950	-	3	1.339426	I:	D:
97067	97759	+	2	1.361278	I:	D:
97861	98781	-	1	1.323844	I:	D:
98809	99669	-	1	1.333190	I:	D:
99823	100629	+	1	1.315230	I:	D:
100740	104213	-	3	1.332336	I:	D:
104438	105421	+	2	1.340277	I:	D:
105560	105847	-	2	1.293057	I:	D:
105894	107012	-	3	1.331121	I:	D:
107009	108283	-	2	1.334871	I:	D:
108489	109865	+	3	1.324107	I:	D:
110007	111170	+	3	1.339399	I:	D:
111184	112182	+	1	1.346465	I:	D:
112182	113366	+	3	1.327523	I:	D:
113623	115605	-	1	1.326173	I:	D:
116086	119802	-	1	1.321881	I:	D:
119817	123671	-	3	1.327489	I:	D:
124057	124446	-	1	1.237170	I:	D:
124528	125070	-	1	1.315003	I:	D:
125467	125892	-	1	1.307808	I:	D:
125873	126202	-	2	1.293068	I:	D:
126241	126867	-	1	1.322097	I:	D:
126992	127684	-	2	1.316761	I:	D:
127808	128233	-	2	1.320220	I:	D:
128280	128798	-	3	1.322544	I:	D:
128824	129024	-	1	1.301078	I:	D:
129118	129264	+	1	1.328904	I:	D:
129393	130778	-	3	1.343205	I:	D:
130750	131967	-	1	1.321738	I:	D:
132140	133279	+	2	1.322950	I:	D:
133281	134393	+	3	1.335760	I:	D:
134721	135044	-	3	1.352995	I:	D:
135055	135564	-	1	1.332297	I:	D:
135737	136756	-	2	1.304712	I:	D:
136768	137700	-	1	1.343024	I:	D:
137703	140153	-	3	1.329738	I:	D:
140181	140885	-	3	1.329606	I:	D:
140986	142032	-	1	1.300307	I:	D:
142275	142961	-	3	1.310900	I:	D:
143247	145460	-	3	1.307103	I:	D:
145478	147247	-	2	1.313075	I:	D:
147225	148421	-	3	1.340860	I:	D:
148502	149368	-	2	1.312579	I:	D:
149433	149837	-	3	1.322895	I:	D:
149847	150218	-	3	1.333187	I:	D:
150245	152671	-	2	1.321036	I:	D:
152781	153584	+	3	1.329653	I:	D:
153584	154375	+	2	1.308039	I:	D:
154440	155675	-	3	1.314216	I:	D:
155680	156588	-	1	1.314056	I:	D:
156603	157085	-	3	1.337701	I:	D:
157089	157709	-	3	1.302437	I:	D:
157726	158436	-	1	1.330078	I:	D:
158453	159193	-	2	1.349923	I:	D:
159174	159983	-	3	1.322673	I:	D:
160002	162071	-	3	1.319159	I:	D:
162075	163139	-	3	1.330793	I:	D:
163176	163943	-	3	1.336501	I:	D:
163966	164226	-	1	1.332029	I:	D:
164244	164906	-	3	1.328574	I:	D:
164899	165255	-	1	1.323261	I:	D:
165267	166580	-	3	1.301768	I:	D:
166608	167051	-	3	1.336249	I:	D:
167072	167431	-	2	1.288538	I:	D:
167508	168521	-	3	1.306205	I:	D:
168540	169304	-	3	1.336763	I:	D:
169319	170158	-	2	1.303921	I:	D:
170188	170382	-	1	1.276545	I:	D:
170474	171787	-	2	1.331555	I:	D:
171871	172245	-	1	1.310694	I:	D:
172274	172825	-	2	1.330525	I:	D:
172841	174010	-	2	1.333622	I:	D:
174073	174525	-	1	1.302512	I:	D:
174544	175845	-	1	1.326963	I:	D:
175861	176616	-	1	1.306955	I:	D:
176609	177616	-	2	1.307255	I:	D:
177603	179213	-	3	1.317448	I:	D:
179293	179613	-	1	1.313115	I:	D:
179625	179999	-	3	1.329224	I:	D:
180056	180793	-	2	1.342796	I:	D:
180859	181029	-	1	1.255638	I:	D:
181054	181539	-	1	1.300756	I:	D:
181545	185522	-	3	1.346324	I:	D:
185682	187163	-	3	1.302883	I:	D:
187380	188000	-	3	1.328463	I:	D:
188196	189668	+	3	1.301979	I:	D:
189908	190534	+	2	1.339552	I:	D:
190622	190969	-	2	1.301961	I:	D:
190956	192446	-	3	1.318624	I:	D:
192464	194548	+	2	1.326911	I:	D:
194573	195052	+	2	1.319757	I:	D:
195092	195904	+	2	1.339633	I:	D:
196017	197084	+	3	1.335849	I:	D:
197181	197498	+	3	1.343919	I:	D:
197498	197962	+	2	1.317296	I:	D:
197990	199585	+	2	1.319711	I:	D:
199605	200642	+	3	1.323546	I:	D:
200691	201296	+	3	1.323248	I:	D:
201330	201767	+	3	1.336561	I:	D:
201773	202000	+	2	1.304950	I:	D:
202109	202870	-	2	1.318581	I:	D:
203022	204266	-	3	1.349398	I:	D:
204263	205696	-	2	1.328509	I:	D:
205877	206623	+	2	1.324243	I:	D:
206678	208975	-	2	1.333457	I:	D:
209035	210129	-	1	1.314815	I:	D:
210175	211050	-	1	1.318862	I:	D:
211050	211892	-	3	1.323985	I:	D:
211967	213310	-	2	1.301809	I:	D:
213486	213950	-	3	1.347533	I:	D:
213981	215510	-	3	1.341774	I:	D:
215523	217676	-	3	1.350568	I:	D:
217879	219732	-	1	1.333324	I:	D:
219763	219969	+	1	1.383081	I:	D:
220036	220497	+	1	1.322774	I:	D:
220500	220859	+	3	1.349570	I:	D:
220934	222130	+	2	1.346758	I:	D:
222259	223125	-	1	1.324415	I:	D:
223160	224428	-	2	1.304383	I:	D:
224512	226065	-	1	1.341958	I:	D:
226173	226631	+	3	1.297421	I:	D:
226699	227292	-	1	1.342833	I:	D:
227404	228138	+	1	1.336335	I:	D:
228274	228696	-	1	1.333374	I:	D:
228934	230481	-	1	1.324425	I:	D:
230688	232070	-	3	1.334933	I:	D:
232409	232711	-	2	1.327001	I:	D:
232764	234290	-	3	1.333625	I:	D:
234208	236004	-	1	1.325690	I:	D:
236029	236190	-	1	1.376304	I:	D:
236193	237761	-	3	1.300197	I:	D:
237918	238265	-	3	1.321686	I:	D:
238278	238802	-	3	1.286152	I:	D:
238810	239085	-	1	1.294853	I:	D:
239092	239790	-	1	1.321745	I:	D:
239783	241009	-	2	1.304745	I:	D:
241182	242675	-	3	1.313380	I:	D:
242771	242938	-	2	1.279322	I:	D:
243429	244319	-	3	1.305158	I:	D:
244291	244707	-	1	1.337761	I:	D:
244762	245436	-	1	1.290841	I:	D:
245442	246068	-	3	1.300711	I:	D:
246078	247310	-	3	1.308014	I:	D:
247631	247774	-	2	1.297891	I:	D:
247885	248049	+	1	1.387157	I:	D:
248159	249217	-	2	1.318263	I:	D:
249429	249689	-	3	1.270502	I:	D:
249686	250645	-	2	1.348219	I:	D:
250669	251547	-	1	1.321762	I:	D:
251572	252477	-	1	1.325983	I:	D:
252743	254227	+	2	1.313193	I:	D:
254365	254505	+	1	1.346440	I:	D:
254574	255464	+	3	1.363209	I:	D:
255513	256349	-	3	1.308768	I:	D:
256462	257205	-	1	1.349123	I:	D:
257299	258795	-	1	1.326697	I:	D:
258888	259382	-	3	1.324840	I:	D:
259432	260364	-	1	1.322963	I:	D:
260363	260569	+	2	1.351065	I:	D:
260629	261360	-	1	1.330870	I:	D:
261435	261905	-	3	1.315029	I:	D:
261912	262739	-	3	1.339868	I:	D:
262769	263779	-	2	1.324423	I:	D:
263909	267382	-	2	1.330775	I:	D:
267485	267721	-	2	1.313722	I:	D:
267828	268649	-	3	1.336031	I:	D:
268739	269548	-	2	1.312621	I:	D:
269591	271054	-	2	1.336670	I:	D:
271099	271803	-	1	1.349442	I:	D:
271855	273045	-	1	1.325763	I:	D:
273110	273781	-	2	1.339641	I:	D:
273860	274540	-	2	1.334322	I:	D:
274544	275419	-	2	1.338910	I:	D:
275497	277056	-	1	1.337589	I:	D:
277067	277501	-	2	1.345257	I:	D:
277688	278632	-	2	1.351240	I:	D:
278799	279983	+	3	1.346128	I:	D:
280056	281249	-	3	1.332010	I:	D:
281268	282335	-	3	1.324339	I:	D:
282397	285090	-	1	1.330354	I:	D:
285105	285947	-	3	1.330466	I:	D:
285947	286831	-	2	1.325978	I:	D:
286973	288361	-	2	1.326916	I:	D:
288764	290920	+	2	1.339017	I:	D:
291097	291828	-	1	1.314833	I:	D:
292040	292774	+	2	1.329897	I:	D:
292972	293499	+	1	1.321181	I:	D:
293545	294273	+	1	1.331441	I:	D:
294482	295852	-	2	1.328326	I:	D:
295864	296919	-	1	1.332082	I:	D:
296976	298427	-	3	1.330222	I:	D:
298591	300477	-	1	1.313631	I:	D:
300462	300689	-	3	1.322815	I:	D:
301176	302660	-	3	1.321202	I:	D:
>Y5.M008_7
160	1053	-	1	1.327701	I:	D:
1071	2552	-	3	1.306109	I:	D:
2721	4688	-	3	1.324924	I:	D:
4696	5463	-	1	1.325601	I:	D:
5453	6631	-	2	1.334953	I:	D:
6640	8052	-	1	1.350067	I:	D:
8098	8631	-	1	1.325110	I:	D:
8660	9424	-	2	1.303893	I:	D:
9590	10255	+	2	1.329284	I:	D:
10252	10743	+	1	1.320518	I:	D:
10843	13029	-	1	1.308940	I:	D:
13132	13962	+	1	1.310475	I:	D:
14025	14564	+	3	1.315095	I:	D:
14837	15853	-	2	1.331201	I:	D:
15840	19019	-	3	1.344514	I:	D:
19039	19899	-	1	1.332652	I:	D:
19892	20821	-	2	1.325092	I:	D:
20879	22222	-	2	1.308307	I:	D:
22347	24143	+	3	1.335311	I:	D:
24157	25713	+	1	1.316880	I:	D:
25785	27026	-	3	1.331885	I:	D:
27185	28369	-	2	1.308869	I:	D:
28385	29557	-	2	1.310010	I:	D:
29662	30618	-	1	1.310615	I:	D:
30608	31294	-	2	1.336697	I:	D:
31372	32463	-	1	1.314627	I:	D:
32705	33430	-	2	1.322440	I:	D:
33574	33774	-	1	1.322398	I:	D:
33835	34617	-	1	1.322786	I:	D:
34887	35399	-	3	1.301663	I:	D:
35407	37212	-	1	1.335457	I:	D:
37233	38708	-	3	1.329149	I:	D:
38888	39733	+	2	1.345918	I:	D:
39759	40199	-	3	1.302644	I:	D:
40356	41498	-	3	1.315978	I:	D:
41620	42624	-	1	1.339426	I:	D:
42638	44134	-	2	1.308559	I:	D:
44185	45273	-	1	1.350942	I:	D:
45368	46366	-	2	1.322718	I:	D:
46347	48155	-	3	1.314680	I:	D:
48152	49765	-	2	1.325678	I:	D:
49907	50227	-	2	1.292815	I:	D:
50233	50553	-	1	1.281289	I:	D:
50570	51466	-	2	1.314096	I:	D:
51496	52803	-	1	1.329446	I:	D:
53043	54329	+	3	1.340463	I:	D:
54529	55383	-	1	1.312942	I:	D:
55416	56930	-	3	1.330686	I:	D:
57229	58416	-	1	1.322509	I:	D:
58510	59781	-	1	1.329795	I:	D:
59781	60785	-	3	1.342772	I:	D:
60782	62293	-	2	1.312562	I:	D:
62636	63559	+	2	1.338555	I:	D:
63560	64357	-	2	1.320456	I:	D:
64558	65703	-	1	1.325903	I:	D:
65716	66480	-	1	1.318641	I:	D:
66673	67203	-	1	1.310784	I:	D:
67218	68561	-	3	1.338547	I:	D:
68569	68835	-	1	1.308660	I:	D:
68843	69490	-	2	1.321627	I:	D:
69632	70123	-	2	1.333543	I:	D:
70139	70423	-	2	1.324433	I:	D:
70458	70739	-	3	1.344524	I:	D:
70752	71096	-	3	1.291807	I:	D:
71123	72334	-	2	1.327821	I:	D:
72350	73738	-	2	1.331402	I:	D:
73729	74250	-	1	1.335515	I:	D:
74416	75255	-	1	1.336780	I:	D:
75375	76169	-	3	1.333996	I:	D:
76189	78720	-	1	1.328918	I:	D:
78940	79677	+	1	1.335938	I:	D:
79739	80689	-	2	1.347627	I:	D:
80673	82589	-	3	1.326802	I:	D:
82774	84030	-	1	1.335525	I:	D:
84112	85512	-	1	1.325456	I:	D:
85635	86603	-	3	1.331318	I:	D:
86606	87397	-	2	1.332489	I:	D:
87379	87987	-	1	1.337298	I:	D:
88245	88976	+	3	1.335667	I:	D:
88989	89717	+	3	1.330242	I:	D:
89822	91051	-	2	1.328888	I:	D:
91129	91695	-	1	1.325652	I:	D:
91726	92505	-	1	1.329922	I:	D:
92525	94390	-	2	1.325013	I:	D:
94586	95431	-	2	1.327679	I:	D:
95476	96531	-	1	1.329711	I:	D:
96691	96954	+	1	1.295175	I:	D:
96961	98388	-	1	1.325601	I:	D:
98357	100006	-	2	1.330084	I:	D:
100003	100851	-	1	1.324921	I:	D:
101001	101252	-	3	1.334611	I:	D:
101330	102001	-	2	1.341988	I:	D:
102024	102785	-	3	1.320895	I:	D:
102790	103398	-	1	1.327603	I:	D:
103463	104956	-	2	1.309244	I:	D:
104953	105633	-	1	1.309629	I:	D:
105657	109256	-	3	1.309433	I:	D:
109266	109970	-	3	1.309333	I:	D:
110212	111465	-	1	1.339907	I:	D:
111523	112344	-	1	1.329542	I:	D:
112186	112557	+	1	1.351052	I:	D:
112660	113124	+	1	1.314865	I:	D:
113114	113602	+	2	1.339274	I:	D:
113804	114028	+	2	1.374067	I:	D:
114152	114298	-	2	1.326100	I:	D:
114410	115222	-	2	1.331860	I:	D:
115256	115720	-	2	1.303754	I:	D:
115785	118085	-	3	1.327521	I:	D:
118164	118406	-	3	1.318053	I:	D:
118531	119799	-	1	1.325855	I:	D:
119969	122212	+	2	1.335373	I:	D:
122304	124211	-	3	1.319941	I:	D:
124211	125971	-	2	1.318909	I:	D:
126017	126466	-	2	1.329502	I:	D:
126707	127204	-	2	1.326061	I:	D:
127231	127911	-	1	1.341047	I:	D:
127973	129304	-	2	1.344050	I:	D:
129294	130178	-	3	1.321749	I:	D:
130182	131693	-	3	1.333278	I:	D:
131778	132377	-	3	1.323761	I:	D:
132838	133116	+	1	1.370965	I:	D:
133139	133288	+	2	1.361809	I:	D:
133292	134467	-	2	1.336110	I:	D:
134624	138220	-	2	1.332520	I:	D:
138374	139564	-	2	1.318081	I:	D:
139595	141007	-	2	1.342205	I:	D:
141026	141499	-	2	1.322729	I:	D:
141496	142281	-	1	1.315914	I:	D:
142324	143259	-	1	1.325584	I:	D:
143276	144373	-	2	1.313325	I:	D:
144392	145063	-	2	1.324150	I:	D:
145056	145742	-	3	1.320605	I:	D:
145754	146632	-	2	1.336340	I:	D:
146650	148809	-	1	1.317155	I:	D:
148803	149546	-	3	1.324230	I:	D:
149559	150590	-	3	1.337347	I:	D:
150607	151965	-	1	1.341258	I:	D:
151958	152656	-	2	1.359387	I:	D:
152682	153653	-	3	1.329060	I:	D:
153655	154137	-	1	1.317650	I:	D:
154154	156391	-	2	1.341323	I:	D:
156417	157880	-	3	1.320814	I:	D:
158085	158777	-	3	1.329183	I:	D:
158879	159784	-	2	1.352158	I:	D:
160015	161052	-	1	1.310449	I:	D:
161077	161241	+	1	1.370787	I:	D:
161270	162013	-	2	1.323349	I:	D:
162168	163223	-	3	1.317737	I:	D:
163229	163690	-	2	1.319316	I:	D:
163730	164833	-	2	1.322531	I:	D:
164871	165848	-	3	1.334580	I:	D:
165862	166452	-	1	1.333533	I:	D:
166504	168939	-	1	1.334617	I:	D:
169058	170410	+	2	1.328595	I:	D:
170486	171118	-	2	1.324778	I:	D:
171477	172547	-	3	1.329785	I:	D:
172579	173010	-	1	1.319490	I:	D:
173007	174353	-	3	1.335165	I:	D:
174354	175061	-	3	1.319900	I:	D:
175214	176179	-	2	1.337720	I:	D:
176176	176598	-	1	1.351159	I:	D:
176761	177492	+	1	1.322112	I:	D:
177489	179270	+	3	1.313139	I:	D:
179298	180536	+	3	1.319713	I:	D:
180596	180991	+	2	1.330891	I:	D:
181075	181689	-	1	1.335161	I:	D:
181955	182611	+	2	1.330848	I:	D:
182690	183274	-	2	1.332996	I:	D:
183268	183780	-	1	1.366653	I:	D:
183780	184259	-	3	1.308139	I:	D:
184256	186538	-	2	1.323355	I:	D:
186560	186802	-	2	1.359977	I:	D:
186826	187092	-	1	1.343567	I:	D:
187094	187831	-	2	1.331018	I:	D:
187951	188079	-	1	1.311462	I:	D:
188212	189705	-	1	1.310656	I:	D:
189491	189958	+	2	1.360612	I:	D:
190108	190545	-	1	1.325347	I:	D:
190724	192508	-	2	1.349277	I:	D:
192585	193541	-	3	1.342051	I:	D:
193702	195705	-	1	1.332016	I:	D:
195854	196456	-	2	1.314758	I:	D:
196552	197733	-	1	1.320241	I:	D:
197681	198565	-	2	1.324338	I:	D:
198578	198802	-	2	1.337709	I:	D:
198819	200057	+	3	1.317787	I:	D:
200194	200673	+	1	1.326540	I:	D:
200670	201401	+	3	1.353443	I:	D:
201427	202293	+	1	1.339410	I:	D:
202290	203513	+	3	1.331346	I:	D:
203647	204849	-	1	1.328159	I:	D:
204955	206976	-	1	1.328765	I:	D:
207009	207983	-	3	1.332174	I:	D:
207962	208735	-	2	1.347857	I:	D:
208736	209179	-	2	1.328574	I:	D:
209176	210456	-	1	1.328897	I:	D:
210492	212555	-	3	1.327592	I:	D:
212682	212873	-	3	1.400640	I:	D:
212852	213853	+	2	1.319990	I:	D:
214066	216549	-	1	1.317893	I:	D:
216579	219050	-	3	1.319957	I:	D:
219155	220309	+	2	1.339033	I:	D:
220402	221811	-	1	1.330129	I:	D:
221927	224086	-	2	1.319552	I:	D:
224322	225353	+	3	1.323360	I:	D:
225548	228484	-	2	1.331831	I:	D:
228537	229874	-	3	1.325837	I:	D:
229871	232582	-	2	1.346012	I:	D:
232572	234185	-	3	1.314640	I:	D:
234202	235980	-	1	1.319812	I:	D:
236043	237563	-	3	1.345361	I:	D:
237800	239377	-	2	1.315513	I:	D:
239525	241570	-	2	1.339943	I:	D:
241636	242529	-	1	1.317423	I:	D:
242529	243470	-	3	1.342596	I:	D:
243560	245416	-	2	1.341802	I:	D:
245503	245676	+	1	1.313713	I:	D:
245831	246139	+	2	1.400292	I:	D:
246499	247005	-	1	1.343811	I:	D:
247014	247631	-	3	1.318747	I:	D:
247664	248809	-	2	1.342701	I:	D:
248945	249175	-	2	1.319637	I:	D:
249245	249433	-	2	1.369905	I:	D:
249688	250164	-	1	1.334817	I:	D:
250664	252043	+	2	1.333823	I:	D:
252068	253582	-	2	1.349566	I:	D:
253832	255064	+	2	1.330542	I:	D:
255201	255443	-	3	1.378811	I:	D:
255585	256667	-	3	1.328565	I:	D:
256713	257399	-	3	1.336266	I:	D:
257576	258496	-	2	1.335768	I:	D:
258553	259164	-	1	1.335853	I:	D:
259157	260950	-	2	1.328965	I:	D:
261045	261791	-	3	1.311899	I:	D:
261781	262473	-	1	1.322461	I:	D:
262492	263262	-	1	1.280511	I:	D:
263417	264244	-	2	1.311253	I:	D:
264277	265134	-	1	1.319178	I:	D:
265321	266652	+	1	1.324114	I:	D:
266741	267019	-	2	1.325091	I:	D:
267022	268059	-	1	1.329463	I:	D:
268227	269888	-	3	1.328778	I:	D:
269992	270828	+	1	1.353409	I:	D:
270889	273093	-	1	1.331020	I:	D:
273335	273856	-	2	1.338469	I:	D:
273861	274976	-	3	1.321093	I:	D:
274996	275997	-	1	1.321779	I:	D:
275998	276237	-	1	1.271490	I:	D:
276258	276668	-	3	1.319250	I:	D:
276682	278001	-	1	1.336885	I:	D:
278143	279687	+	1	1.335517	I:	D:
279768	280583	+	3	1.344172	I:	D:
280606	281985	-	1	1.337889	I:	D:
282177	282308	-	3	1.313977	I:	D:
282357	283535	-	3	1.340049	I:	D:
283620	285065	-	3	1.338444	I:	D:
285104	285256	-	2	1.341129	I:	D:
285285	286322	-	3	1.330882	I:	D:
>Y5.M008_8
1	192	+	1	1.393778	I:	D:
342	761	+	3	1.311288	I:	D:
792	1064	+	3	1.318008	I:	D:
1163	1339	+	2	1.301252	I:	D:
1440	2399	+	3	1.314325	I:	D:
2401	3792	+	1	1.319316	I:	D:
4040	5527	+	2	1.291810	I:	D:
5549	6256	+	2	1.296536	I:	D:
6690	7109	+	3	1.308340	I:	D:
7259	7795	-	2	1.339319	I:	D:
7828	8604	-	1	1.347836	I:	D:
8612	9643	-	2	1.347367	I:	D:
9800	10963	+	2	1.299932	I:	D:
11085	11231	+	3	1.305777	I:	D:
11440	11649	+	1	1.284777	I:	D:
11665	11886	+	1	1.342606	I:	D:
11955	14198	+	3	1.340400	I:	D:
14360	15898	+	2	1.332192	I:	D:
16418	19576	+	2	1.322522	I:	D:
19581	22076	+	3	1.317917	I:	D:
22086	22997	+	3	1.338030	I:	D:
23185	24201	+	1	1.341190	I:	D:
24308	25078	+	2	1.312486	I:	D:
25237	25518	+	1	1.323324	I:	D:
25542	26330	-	3	1.308699	I:	D:
26678	27997	+	2	1.303550	I:	D:
28038	28172	+	3	1.351904	I:	D:
28165	29472	+	1	1.336287	I:	D:
29487	30365	+	3	1.321542	I:	D:
30379	31206	+	1	1.323355	I:	D:
31214	32734	+	2	1.320841	I:	D:
32731	33834	+	1	1.323409	I:	D:
33852	34913	+	3	1.326887	I:	D:
34986	35528	-	3	1.326881	I:	D:
35562	35957	-	3	1.341930	I:	D:
36110	36238	+	2	1.406570	I:	D:
36527	37654	+	2	1.345222	I:	D:
38191	38400	+	1	1.308751	I:	D:
38531	39259	-	2	1.308313	I:	D:
39764	40051	+	2	1.332906	I:	D:
40210	42396	+	1	1.336262	I:	D:
42427	43215	+	1	1.312335	I:	D:
43253	44779	+	2	1.336995	I:	D:
44779	45408	+	1	1.330310	I:	D:
45424	45921	+	1	1.357705	I:	D:
46005	46214	+	3	1.315299	I:	D:
46452	47387	+	3	1.339417	I:	D:
47384	48658	+	2	1.339699	I:	D:
48897	49298	+	3	1.345446	I:	D:
49303	50538	+	1	1.323984	I:	D:
50581	50790	+	1	1.291851	I:	D:
50799	52169	+	3	1.329779	I:	D:
52365	53174	+	3	1.356104	I:	D:
53162	53596	+	2	1.347651	I:	D:
53602	54072	+	1	1.322196	I:	D:
54075	54911	+	3	1.326403	I:	D:
54951	55574	+	3	1.347668	I:	D:
55961	56551	+	2	1.324227	I:	D:
56626	57690	-	1	1.313180	I:	D:
57855	58664	+	3	1.291730	I:	D:
58735	59235	+	1	1.319531	I:	D:
59466	59708	-	3	1.333866	I:	D:
59905	61203	-	1	1.330480	I:	D:
61203	61910	-	3	1.332818	I:	D:
62089	64437	+	1	1.326977	I:	D:
64379	65281	+	2	1.345139	I:	D:
65278	66123	+	1	1.352751	I:	D:
66128	67684	+	2	1.337671	I:	D:
67681	68742	+	1	1.358129	I:	D:
68956	70026	+	1	1.354223	I:	D:
70298	70909	+	2	1.327031	I:	D:
70959	73226	+	3	1.332437	I:	D:
73334	74134	+	2	1.304031	I:	D:
74267	74782	+	2	1.342606	I:	D:
74806	76767	+	1	1.329071	I:	D:
76910	77671	+	2	1.342012	I:	D:
77668	78558	+	1	1.324812	I:	D:
78669	80039	+	3	1.329299	I:	D:
80048	80977	+	2	1.332841	I:	D:
81055	81537	-	1	1.324830	I:	D:
81705	82439	+	3	1.329622	I:	D:
82842	83747	+	3	1.326839	I:	D:
83776	84969	+	1	1.348663	I:	D:
84962	85819	+	2	1.324251	I:	D:
85827	86333	+	3	1.348836	I:	D:
86420	87490	+	2	1.354497	I:	D:
87493	88089	+	1	1.347230	I:	D:
88213	89409	+	1	1.330782	I:	D:
89399	91873	+	2	1.334450	I:	D:
92064	92306	+	3	1.279050	I:	D:
92437	94323	+	1	1.324629	I:	D:
94508	95014	-	2	1.342820	I:	D:
95027	95227	-	2	1.365562	I:	D:
95501	97147	+	2	1.347846	I:	D:
97210	98202	+	1	1.362676	I:	D:
98199	99014	+	3	1.363500	I:	D:
99028	99837	+	1	1.342678	I:	D:
99840	100523	+	3	1.361623	I:	D:
100520	101254	+	2	1.354195	I:	D:
101383	102783	+	1	1.335981	I:	D:
102823	104193	+	1	1.351255	I:	D:
104590	105420	-	1	1.337317	I:	D:
105645	106664	+	3	1.334722	I:	D:
106704	107327	+	3	1.354293	I:	D:
107362	108033	+	1	1.314421	I:	D:
108030	109139	+	3	1.319902	I:	D:
109253	109870	+	2	1.336403	I:	D:
109953	111437	+	3	1.341185	I:	D:
111540	113009	+	3	1.335267	I:	D:
113324	113533	+	2	1.381237	I:	D:
113625	113753	+	3	1.351781	I:	D:
113805	115223	+	3	1.319406	I:	D:
115412	115558	+	2	1.330794	I:	D:
115628	118105	-	2	1.342615	I:	D:
118298	118762	+	2	1.347764	I:	D:
118774	119253	+	1	1.310995	I:	D:
119247	119999	+	3	1.337731	I:	D:
120002	120853	+	2	1.322511	I:	D:
120883	121701	+	1	1.330322	I:	D:
121817	122470	+	2	1.330027	I:	D:
122629	123612	+	1	1.363348	I:	D:
123702	123872	-	3	1.292700	I:	D:
124097	126160	+	2	1.329421	I:	D:
126224	127351	+	2	1.324787	I:	D:
127907	128062	+	2	1.317731	I:	D:
128131	128484	+	1	1.304450	I:	D:
128614	129285	-	1	1.297990	I:	D:
129365	130282	+	2	1.320290	I:	D:
131378	132052	+	2	1.323099	I:	D:
132052	132552	+	1	1.340435	I:	D:
132602	132895	+	2	1.360878	I:	D:
132964	133680	+	1	1.360375	I:	D:
133819	134868	+	1	1.348437	I:	D:
134877	136244	+	3	1.344869	I:	D:
136313	137836	+	2	1.332221	I:	D:
137903	138538	+	2	1.347215	I:	D:
138540	139343	+	3	1.325388	I:	D:
139391	139579	+	2	1.361940	I:	D:
139647	139997	+	3	1.308409	I:	D:
140013	140474	+	3	1.355529	I:	D:
140518	140784	+	1	1.360446	I:	D:
140931	141236	-	3	1.333777	I:	D:
141220	141489	-	1	1.316802	I:	D:
141644	142072	+	2	1.332668	I:	D:
142092	142907	+	3	1.334437	I:	D:
143041	143850	-	1	1.332423	I:	D:
144030	146075	+	3	1.327916	I:	D:
146137	146583	+	1	1.283322	I:	D:
146597	147943	+	2	1.338547	I:	D:
148040	148693	-	2	1.335220	I:	D:
148931	149101	-	2	1.358900	I:	D:
149324	150736	+	2	1.311250	I:	D:
150898	152304	-	1	1.330248	I:	D:
152359	153072	-	1	1.329884	I:	D:
153150	155525	-	3	1.336707	I:	D:
155634	156989	+	3	1.339550	I:	D:
157053	157997	+	3	1.334461	I:	D:
158149	159546	+	1	1.338422	I:	D:
160010	160306	-	2	1.315528	I:	D:
>Y5.M008_9
133	330	+	1	1.269538	I:	D:
365	2887	+	2	1.339220	I:	D:
2947	3549	+	1	1.337029	I:	D:
3561	3710	-	3	1.342060	I:	D:
3715	4152	-	1	1.344548	I:	D:
4025	5158	-	2	1.349610	I:	D:
5518	6702	+	1	1.334777	I:	D:
6737	7588	+	2	1.317774	I:	D:
7764	9071	-	3	1.332070	I:	D:
8688	8996	+	3	1.407360	I:	D:
9064	10035	-	1	1.336544	I:	D:
10183	11589	+	1	1.337124	I:	D:
11654	12514	+	2	1.344138	I:	D:
12515	14845	+	2	1.342955	I:	D:
14977	16176	-	1	1.323161	I:	D:
16238	17143	-	2	1.311574	I:	D:
17513	18967	+	2	1.317219	I:	D:
18967	21687	+	1	1.324043	I:	D:
21671	22528	+	2	1.337191	I:	D:
22642	23727	-	1	1.325892	I:	D:
24013	25383	+	1	1.325568	I:	D:
25388	26455	+	2	1.331160	I:	D:
26553	27173	+	3	1.318282	I:	D:
27148	27390	+	1	1.283471	I:	D:
27512	28237	-	2	1.315339	I:	D:
28674	30245	+	3	1.301860	I:	D:
30742	31347	-	1	1.331975	I:	D:
31457	32440	+	2	1.336287	I:	D:
32451	33563	+	3	1.322803	I:	D:
33597	35108	+	3	1.307591	I:	D:
35139	38279	+	3	1.303678	I:	D:
38399	38707	+	2	1.281088	I:	D:
38802	38960	+	3	1.375106	I:	D:
39028	39717	-	1	1.334007	I:	D:
39704	40618	-	2	1.326277	I:	D:
40615	41625	-	1	1.305394	I:	D:
41845	44130	-	1	1.314415	I:	D:
44341	46923	+	1	1.329992	I:	D:
46960	49389	+	1	1.319718	I:	D:
49629	51023	+	3	1.331114	I:	D:
51051	52625	+	3	1.334447	I:	D:
52718	53857	-	2	1.326217	I:	D:
54213	55901	+	3	1.319472	I:	D:
55940	58750	+	2	1.318557	I:	D:
58822	59679	+	1	1.319680	I:	D:
59686	60318	+	1	1.299943	I:	D:
60382	61233	+	1	1.317573	I:	D:
61246	62205	+	1	1.323838	I:	D:
62456	62608	+	2	1.360061	I:	D:
62689	63483	+	1	1.301420	I:	D:
63548	64552	+	2	1.327430	I:	D:
64614	66005	+	3	1.329554	I:	D:
66238	67296	+	1	1.346963	I:	D:
67296	68921	+	3	1.338458	I:	D:
68939	70273	+	2	1.336801	I:	D:
70325	71437	+	2	1.341862	I:	D:
71487	73217	+	3	1.325471	I:	D:
73390	73665	+	1	1.307308	I:	D:
73838	74077	+	2	1.308541	I:	D:
74248	74532	+	1	1.329583	I:	D:
74536	74874	+	1	1.335553	I:	D:
74932	75261	+	1	1.349822	I:	D:
75378	76775	+	3	1.348895	I:	D:
76821	78260	+	3	1.350610	I:	D:
78253	78780	+	1	1.328632	I:	D:
78797	80623	+	2	1.328476	I:	D:
80660	82708	+	2	1.350069	I:	D:
82711	84627	+	1	1.318217	I:	D:
85801	88887	+	1	1.296906	I:	D:
88902	89162	+	3	1.372541	I:	D:
89309	91237	+	2	1.335117	I:	D:
91749	92147	-	3	1.361204	I:	D:
92368	93021	-	1	1.326211	I:	D:
93218	93640	+	2	1.316558	I:	D:
93644	94690	+	2	1.328613	I:	D:
94687	96645	+	1	1.329491	I:	D:
96768	97202	+	3	1.315500	I:	D:
97204	97512	+	1	1.336029	I:	D:
97531	98118	+	1	1.305796	I:	D:
98183	99877	+	2	1.339772	I:	D:
99892	101277	+	1	1.333793	I:	D:
101326	101964	+	1	1.319598	I:	D:
102044	102451	-	2	1.323816	I:	D:
102622	103500	+	1	1.321081	I:	D:
103714	104109	+	1	1.325414	I:	D:
104113	104970	+	1	1.313970	I:	D:
104972	105622	+	2	1.318273	I:	D:
105639	106310	+	3	1.332006	I:	D:
106427	107752	+	2	1.321100	I:	D:
107803	108801	+	1	1.346515	I:	D:
108940	109701	+	1	1.348909	I:	D:
109701	110765	+	3	1.349606	I:	D:
110689	111681	+	1	1.331231	I:	D:
111809	113755	+	2	1.357728	I:	D:
113865	114164	+	3	1.341650	I:	D:
114202	114468	+	1	1.304239	I:	D:
114514	116136	+	1	1.305467	I:	D:
116420	117205	+	2	1.353202	I:	D:
117328	119910	-	1	1.347942	I:	D:
119861	120856	-	2	1.336254	I:	D:
120819	121238	-	3	1.326888	I:	D:
121370	122089	+	2	1.334318	I:	D:
122082	123443	+	3	1.335469	I:	D:
123538	123810	+	1	1.397738	I:	D:
123836	123967	+	2	1.369502	I:	D:
124032	124379	-	3	1.358183	I:	D:
124376	126193	-	2	1.329705	I:	D:
126190	126582	-	1	1.296185	I:	D:
126584	127285	-	2	1.336355	I:	D:
127299	128963	-	3	1.343181	I:	D:
129298	130602	+	1	1.346924	I:	D:
130599	131180	+	3	1.355960	I:	D:
131201	131824	+	2	1.343191	I:	D:
131863	132432	-	1	1.358253	I:	D:
132590	133408	+	2	1.353710	I:	D:
133553	134548	+	2	1.334181	I:	D:
134652	136271	+	3	1.335469	I:	D:
136273	136911	+	1	1.352437	I:	D:
136941	137735	+	3	1.323756	I:	D:
137907	139016	+	3	1.318883	I:	D:
139140	140558	+	3	1.340598	I:	D:
140631	141608	-	3	1.370352	I:	D:
141700	142233	+	1	1.350370	I:	D:
142236	144404	+	3	1.345705	I:	D:
144525	144956	+	3	1.310207	I:	D:
145230	145358	+	3	1.355201	I:	D:
145532	149110	-	2	1.322201	I:	D:
149107	150429	-	1	1.341925	I:	D:
150675	152573	+	3	1.330497	I:	D:
152698	156273	+	1	1.329158	I:	D:
156318	156641	+	3	1.340708	I:	D:
156840	156974	+	3	1.333192	I:	D:
157208	157543	+	2	1.338343	I:	D:
157618	158106	+	1	1.277753	I:	D:
158758	159306	+	1	1.305349	I:	D:
>Y5.M008_10
1	240	+	1	1.336067	I:	D:
519	1382	-	3	1.337988	I:	D:
1533	2417	+	3	1.333166	I:	D:
2430	3635	+	3	1.339121	I:	D:
3663	4727	+	3	1.321162	I:	D:
4746	5330	-	3	1.307632	I:	D:
5358	6569	-	3	1.311539	I:	D:
6588	7310	-	3	1.330501	I:	D:
7375	8880	-	1	1.330148	I:	D:
8880	10019	-	3	1.315989	I:	D:
10338	12434	+	3	1.314401	I:	D:
12467	14191	+	2	1.333289	I:	D:
14243	15859	+	2	1.328670	I:	D:
15877	17490	+	1	1.328931	I:	D:
17545	18963	+	1	1.346104	I:	D:
18987	20087	+	3	1.322981	I:	D:
20071	23253	+	1	1.321111	I:	D:
23262	24461	+	3	1.324732	I:	D:
24663	25445	+	3	1.337657	I:	D:
25653	26048	+	3	1.301296	I:	D:
26082	27359	+	3	1.332175	I:	D:
27499	29061	-	1	1.331587	I:	D:
29265	30863	+	3	1.338404	I:	D:
30956	31651	+	2	1.330673	I:	D:
31700	32245	+	2	1.363038	I:	D:
32273	33082	+	2	1.332283	I:	D:
33191	33943	-	2	1.337958	I:	D:
34283	35632	+	2	1.331580	I:	D:
35637	36524	+	3	1.322580	I:	D:
36546	37349	+	3	1.323189	I:	D:
37330	38142	+	1	1.324858	I:	D:
38171	38875	+	2	1.333734	I:	D:
39012	40202	+	3	1.332723	I:	D:
40206	41564	+	3	1.327645	I:	D:
41686	42480	-	1	1.310814	I:	D:
42658	43449	+	1	1.327015	I:	D:
43514	44131	+	2	1.350082	I:	D:
44264	45343	-	2	1.327711	I:	D:
45390	46403	-	3	1.328393	I:	D:
46645	48231	+	1	1.338055	I:	D:
48256	48969	+	1	1.315033	I:	D:
48984	49535	+	3	1.313873	I:	D:
49620	50351	+	3	1.339122	I:	D:
50377	51162	+	1	1.321780	I:	D:
51169	52353	+	1	1.324490	I:	D:
52368	53405	+	3	1.338407	I:	D:
53469	54761	+	3	1.353736	I:	D:
54810	55718	+	3	1.347845	I:	D:
55705	56625	+	1	1.338460	I:	D:
56630	56761	+	2	1.365426	I:	D:
56774	57814	+	2	1.332527	I:	D:
57819	58484	+	3	1.360365	I:	D:
58481	59350	+	2	1.327554	I:	D:
59398	60102	+	1	1.363327	I:	D:
60163	61422	+	1	1.341446	I:	D:
61505	62137	+	2	1.327101	I:	D:
62343	63260	-	3	1.334365	I:	D:
63273	64055	-	3	1.340690	I:	D:
64116	64694	+	3	1.339541	I:	D:
64802	65188	+	2	1.335126	I:	D:
65359	65502	+	1	1.366088	I:	D:
65619	67049	+	3	1.338780	I:	D:
67036	69297	+	1	1.317185	I:	D:
69370	71085	+	1	1.331839	I:	D:
71157	73460	+	3	1.327121	I:	D:
73482	74102	+	3	1.354869	I:	D:
74116	75579	+	1	1.338077	I:	D:
75570	76820	+	3	1.307248	I:	D:
76877	78682	+	2	1.323033	I:	D:
78811	79113	+	1	1.374720	I:	D:
79285	80565	+	1	1.325284	I:	D:
80590	81024	+	1	1.326114	I:	D:
81048	81896	+	3	1.330874	I:	D:
81926	82417	+	2	1.323797	I:	D:
82448	82897	+	2	1.329082	I:	D:
83222	84940	+	2	1.323019	I:	D:
84960	85469	+	3	1.305264	I:	D:
85631	86677	+	2	1.336990	I:	D:
86832	88046	+	3	1.339930	I:	D:
88075	89922	+	1	1.329437	I:	D:
89947	90720	+	1	1.336144	I:	D:
90717	91592	+	3	1.335606	I:	D:
91623	93539	+	3	1.350828	I:	D:
93784	93981	+	1	1.355126	I:	D:
94001	95422	+	2	1.316990	I:	D:
95458	96744	+	1	1.344254	I:	D:
96846	98186	-	3	1.337786	I:	D:
98208	99155	-	3	1.302608	I:	D:
99158	99541	-	2	1.318618	I:	D:
99694	100890	-	1	1.307410	I:	D:
100929	102239	-	3	1.338376	I:	D:
102279	103484	-	3	1.325408	I:	D:
103516	104184	-	1	1.325580	I:	D:
104534	105865	+	2	1.336882	I:	D:
105895	108882	+	1	1.330464	I:	D:
108955	109770	+	1	1.357169	I:	D:
109799	111154	+	2	1.348025	I:	D:
111235	113805	+	1	1.334424	I:	D:
113970	114695	+	3	1.320204	I:	D:
114731	114949	+	2	1.384879	I:	D:
115027	115320	-	1	1.309644	I:	D:
115150	115536	+	1	1.362678	I:	D:
115688	116509	-	2	1.309101	I:	D:
116519	117913	-	2	1.341185	I:	D:
118348	119004	-	1	1.302065	I:	D:
119591	120136	-	2	1.318950	I:	D:
120215	121096	-	2	1.347365	I:	D:
121248	121706	-	3	1.306667	I:	D:
121830	122051	+	3	1.335161	I:	D:
122079	122678	+	3	1.318004	I:	D:
122666	123427	+	2	1.309119	I:	D:
123414	123902	+	3	1.339612	I:	D:
124140	124313	+	3	1.385438	I:	D:
124400	124582	+	2	1.259038	I:	D:
124584	124757	+	3	1.373496	I:	D:
124754	125443	+	2	1.351784	I:	D:
125443	126018	+	1	1.341386	I:	D:
126011	126307	+	2	1.375233	I:	D:
126298	126798	+	1	1.392350	I:	D:
126813	127577	+	3	1.361143	I:	D:
127574	127906	+	2	1.358519	I:	D:
128047	129189	+	1	1.329029	I:	D:
129200	129784	+	2	1.342820	I:	D:
129820	130407	+	1	1.343450	I:	D:
130573	130956	+	1	1.332086	I:	D:
131058	131411	+	3	1.374517	I:	D:
131413	131820	+	1	1.325653	I:	D:
131820	132227	+	3	1.316754	I:	D:
132414	132614	+	3	1.307880	I:	D:
132641	132808	+	2	1.326567	I:	D:
132798	133064	+	3	1.342429	I:	D:
133039	133479	+	1	1.360029	I:	D:
134205	134600	+	3	1.325065	I:	D:
>Y5.M008_11
185	370	-	2	1.338034	I:	D:
552	2249	-	3	1.315415	I:	D:
2251	2571	-	1	1.362089	I:	D:
2756	4039	+	2	1.338000	I:	D:
4188	5213	-	3	1.341955	I:	D:
5236	5376	+	1	1.338912	I:	D:
5380	5517	-	1	1.366716	I:	D:
5630	5776	+	2	1.313468	I:	D:
5986	6387	+	1	1.334415	I:	D:
6501	6872	-	3	1.337966	I:	D:
6962	7285	-	2	1.379320	I:	D:
7415	9331	-	2	1.333359	I:	D:
9342	10019	-	3	1.322752	I:	D:
10029	12002	-	3	1.333224	I:	D:
12125	13057	-	2	1.317594	I:	D:
13091	13513	-	2	1.336236	I:	D:
13524	14879	-	3	1.347731	I:	D:
14978	15391	-	2	1.314806	I:	D:
15471	17948	-	3	1.333694	I:	D:
17945	18430	-	2	1.336160	I:	D:
18575	19456	-	2	1.331698	I:	D:
19622	20476	+	2	1.348389	I:	D:
20502	21854	-	3	1.338646	I:	D:
22017	23327	-	3	1.336328	I:	D:
23317	23997	-	1	1.315399	I:	D:
24063	24731	-	3	1.313948	I:	D:
24735	25514	-	3	1.339225	I:	D:
25534	26394	-	1	1.358164	I:	D:
26387	27286	-	2	1.338840	I:	D:
27288	28268	-	3	1.302483	I:	D:
28541	30178	-	2	1.329005	I:	D:
30245	30625	-	2	1.318871	I:	D:
30633	31640	-	3	1.357176	I:	D:
31873	32340	+	1	1.331874	I:	D:
32417	32833	-	2	1.339287	I:	D:
32793	33458	-	3	1.325192	I:	D:
33671	34384	-	2	1.314585	I:	D:
34363	34818	-	1	1.353213	I:	D:
34815	35186	-	3	1.348492	I:	D:
35247	36608	-	3	1.330526	I:	D:
36759	38096	-	3	1.337831	I:	D:
38096	40303	-	2	1.330350	I:	D:
40406	43054	-	2	1.326330	I:	D:
43056	43337	+	3	1.369730	I:	D:
43466	43648	-	2	1.340053	I:	D:
43667	44560	-	2	1.309118	I:	D:
44564	45364	-	2	1.335389	I:	D:
45361	45684	-	1	1.318481	I:	D:
45931	46203	-	1	1.333657	I:	D:
46197	49892	-	3	1.325045	I:	D:
49889	53416	-	2	1.338431	I:	D:
53530	55803	+	1	1.346094	I:	D:
56060	56350	+	2	1.328843	I:	D:
56450	56710	+	2	1.294708	I:	D:
56884	58266	-	1	1.321115	I:	D:
58274	59188	-	2	1.303363	I:	D:
59273	60409	-	2	1.309621	I:	D:
60428	61480	-	2	1.307953	I:	D:
61557	62576	-	3	1.313772	I:	D:
62605	63735	-	1	1.308032	I:	D:
64045	65070	+	1	1.333035	I:	D:
65249	67372	-	2	1.325508	I:	D:
67436	68761	-	2	1.315629	I:	D:
69159	69779	-	3	1.327396	I:	D:
69792	70502	-	3	1.326900	I:	D:
70515	71273	-	3	1.313395	I:	D:
71279	72346	-	2	1.330889	I:	D:
72356	73240	-	2	1.323310	I:	D:
73357	74523	-	1	1.309221	I:	D:
74641	76086	-	1	1.337297	I:	D:
76103	76768	-	2	1.357543	I:	D:
76761	77618	-	3	1.369362	I:	D:
77615	78439	-	2	1.362398	I:	D:
78436	79143	-	1	1.335205	I:	D:
79299	79694	+	3	1.311272	I:	D:
79687	81495	+	1	1.329817	I:	D:
81544	82611	-	1	1.309515	I:	D:
82667	83443	-	2	1.311839	I:	D:
83592	83771	-	3	1.341268	I:	D:
83838	84605	-	3	1.327739	I:	D:
84855	86456	-	3	1.323574	I:	D:
86573	89119	-	2	1.322149	I:	D:
89272	90543	+	1	1.326471	I:	D:
90586	92193	-	1	1.323942	I:	D:
92371	92700	+	1	1.301320	I:	D:
92711	94171	-	2	1.326728	I:	D:
94568	95389	-	2	1.325133	I:	D:
95405	95611	-	2	1.296662	I:	D:
>Y5.M008_12
64	546	+	1	1.335962	I:	D:
658	1380	-	1	1.317398	I:	D:
1723	3003	+	1	1.329685	I:	D:
3059	3946	+	2	1.335500	I:	D:
4001	4750	+	2	1.307643	I:	D:
4756	5370	+	1	1.314883	I:	D:
5540	6856	+	2	1.335250	I:	D:
6979	8967	+	1	1.319690	I:	D:
9373	10809	+	1	1.313915	I:	D:
10824	11600	+	3	1.306786	I:	D:
11617	11985	+	1	1.296889	I:	D:
12007	13158	+	1	1.321287	I:	D:
13176	14591	+	3	1.326928	I:	D:
14689	16491	+	1	1.341238	I:	D:
16561	17457	+	1	1.325689	I:	D:
17482	18717	+	1	1.323832	I:	D:
18795	19454	+	3	1.316835	I:	D:
19467	20321	+	3	1.321862	I:	D:
20302	21378	+	1	1.312998	I:	D:
21552	22871	+	3	1.322614	I:	D:
22887	23819	+	3	1.332094	I:	D:
23819	24430	+	2	1.292428	I:	D:
24423	25109	+	3	1.337999	I:	D:
25123	25698	+	1	1.311094	I:	D:
25713	26522	+	3	1.346139	I:	D:
26713	27081	+	1	1.329643	I:	D:
27119	27610	+	2	1.329589	I:	D:
27643	28254	+	1	1.309776	I:	D:
28276	29271	+	1	1.319547	I:	D:
29375	29785	+	2	1.306441	I:	D:
29795	32242	+	2	1.349213	I:	D:
32256	33740	+	3	1.329595	I:	D:
33598	35133	+	1	1.327671	I:	D:
35136	35486	+	3	1.326832	I:	D:
35483	36436	+	2	1.337742	I:	D:
36459	36854	+	3	1.309929	I:	D:
36963	37103	+	3	1.342704	I:	D:
37296	37514	-	3	1.359016	I:	D:
37571	38176	-	2	1.305124	I:	D:
38332	40443	+	1	1.313462	I:	D:
40460	43132	+	2	1.317757	I:	D:
43311	43673	+	3	1.312214	I:	D:
43688	45349	+	2	1.302911	I:	D:
45360	47423	+	3	1.332722	I:	D:
47538	47765	+	3	1.308921	I:	D:
47883	48452	+	3	1.326689	I:	D:
48446	48937	+	2	1.335864	I:	D:
48941	49528	+	2	1.307051	I:	D:
49577	50545	-	2	1.368766	I:	D:
50699	52141	+	2	1.324324	I:	D:
52194	53042	+	3	1.353512	I:	D:
53126	54517	+	2	1.318129	I:	D:
54553	55272	+	1	1.317105	I:	D:
55287	57311	+	3	1.347913	I:	D:
57308	58069	+	2	1.341913	I:	D:
58091	58669	+	2	1.329557	I:	D:
58726	59760	+	1	1.342374	I:	D:
59778	60329	+	3	1.338010	I:	D:
60396	61664	+	3	1.331003	I:	D:
61661	62317	+	2	1.324319	I:	D:
62307	63605	+	3	1.317969	I:	D:
63636	64253	+	3	1.335296	I:	D:
64304	65587	+	2	1.319576	I:	D:
65969	66265	+	2	1.337118	I:	D:
66281	66670	+	2	1.357675	I:	D:
66754	67605	+	1	1.331163	I:	D:
67648	67950	+	1	1.361880	I:	D:
68304	70022	+	3	1.333983	I:	D:
70056	72110	+	3	1.320545	I:	D:
72123	72767	+	3	1.306960	I:	D:
72768	74765	+	3	1.328312	I:	D:
74874	76412	+	3	1.332768	I:	D:
76405	77106	+	1	1.339761	I:	D:
77213	78772	+	2	1.326720	I:	D:
78738	79445	+	3	1.328243	I:	D:
79512	80156	-	3	1.308991	I:	D:
80186	81556	-	2	1.342055	I:	D:
81755	81883	+	2	1.276000	I:	D:
81965	82969	+	2	1.332456	I:	D:
>Y5.M008_13
3	656	+	3	1.330631	I:	D:
717	1106	+	3	1.300017	I:	D:
1224	1706	+	3	1.330708	I:	D:
1737	2033	+	3	1.321981	I:	D:
2078	3220	+	2	1.352018	I:	D:
3443	4804	+	2	1.337715	I:	D:
5122	5787	+	1	1.328931	I:	D:
5940	7385	+	3	1.339865	I:	D:
7406	8017	+	2	1.332488	I:	D:
8310	9314	+	3	1.323745	I:	D:
9318	10196	+	3	1.340472	I:	D:
10198	10908	+	1	1.331594	I:	D:
10913	11764	+	2	1.331725	I:	D:
11871	12524	-	3	1.316863	I:	D:
12560	12700	+	2	1.343396	I:	D:
12774	13556	+	3	1.340788	I:	D:
13572	14099	-	3	1.329966	I:	D:
14147	16225	+	2	1.332608	I:	D:
16222	16836	+	1	1.346178	I:	D:
16911	18914	+	3	1.334299	I:	D:
18889	19605	+	1	1.323266	I:	D:
19895	21349	+	2	1.327622	I:	D:
21506	22918	+	2	1.342720	I:	D:
22964	23989	+	2	1.331834	I:	D:
24019	25176	+	1	1.341169	I:	D:
25289	28051	+	2	1.341557	I:	D:
28135	29490	+	1	1.340629	I:	D:
29537	30223	+	2	1.335116	I:	D:
30189	33566	+	3	1.328307	I:	D:
33597	34166	+	3	1.357528	I:	D:
34142	35161	+	2	1.329915	I:	D:
35215	36030	-	1	1.296305	I:	D:
36041	36874	+	2	1.343197	I:	D:
37238	38212	-	2	1.350852	I:	D:
38387	39109	+	2	1.320451	I:	D:
39134	41782	+	2	1.323904	I:	D:
41950	42813	-	1	1.324121	I:	D:
42872	44197	-	2	1.341596	I:	D:
44345	45760	+	2	1.322110	I:	D:
45847	47334	-	1	1.314114	I:	D:
47359	48840	-	1	1.339438	I:	D:
49134	50138	+	3	1.348234	I:	D:
50200	50457	+	1	1.338416	I:	D:
50438	50758	+	2	1.286968	I:	D:
50770	51846	+	1	1.334396	I:	D:
51881	53476	+	2	1.328041	I:	D:
53480	53833	+	2	1.291034	I:	D:
53881	54477	+	1	1.344193	I:	D:
54495	55625	+	3	1.349473	I:	D:
55907	56560	+	2	1.322814	I:	D:
56576	57412	+	2	1.316988	I:	D:
57400	58338	+	1	1.307436	I:	D:
58417	59208	-	1	1.341491	I:	D:
59330	62164	+	2	1.326205	I:	D:
62186	64474	+	2	1.332505	I:	D:
64478	65833	+	2	1.322494	I:	D:
66140	67153	+	2	1.337222	I:	D:
67278	69581	+	3	1.340212	I:	D:
69566	69883	+	2	1.340043	I:	D:
69947	70549	+	2	1.338748	I:	D:
70750	72156	+	1	1.342478	I:	D:
72323	72625	+	2	1.326293	I:	D:
72805	74061	+	1	1.336371	I:	D:
74138	75331	+	2	1.333741	I:	D:
75344	76165	+	2	1.318059	I:	D:
76213	76920	+	1	1.335269	I:	D:
76920	78251	+	3	1.337356	I:	D:
78497	81295	+	2	1.326579	I:	D:
>Y5.M008_14
188	517	-	2	1.299715	I:	D:
566	1921	-	2	1.301168	I:	D:
2155	2640	-	1	1.330192	I:	D:
2528	5293	-	2	1.302081	I:	D:
5435	6472	-	2	1.323751	I:	D:
6450	7313	-	3	1.319809	I:	D:
7593	9521	-	3	1.282215	I:	D:
9509	10027	-	2	1.299077	I:	D:
10020	11285	-	3	1.281542	I:	D:
12018	12938	-	3	1.303970	I:	D:
13070	13816	-	2	1.310419	I:	D:
13996	14424	+	1	1.348783	I:	D:
14605	15798	-	1	1.336096	I:	D:
16061	16999	-	2	1.350812	I:	D:
16992	18164	-	3	1.343376	I:	D:
18173	19972	-	2	1.329652	I:	D:
20036	21046	+	2	1.337527	I:	D:
21059	21199	+	2	1.364482	I:	D:
21217	21591	+	1	1.310963	I:	D:
21588	22292	+	3	1.337465	I:	D:
22286	23095	+	2	1.344278	I:	D:
23243	23575	-	2	1.360316	I:	D:
23566	24264	-	1	1.339003	I:	D:
24562	25509	-	1	1.337472	I:	D:
25572	27197	-	3	1.328917	I:	D:
27343	28791	-	1	1.346875	I:	D:
28794	29306	-	3	1.313139	I:	D:
29341	30201	-	1	1.352383	I:	D:
30198	31559	-	3	1.344544	I:	D:
31667	32263	+	2	1.357477	I:	D:
32310	33323	-	3	1.356510	I:	D:
33352	34593	-	1	1.331149	I:	D:
34611	37196	-	3	1.327554	I:	D:
>Y5.M008_15
1	156	+	1	1.346976	I:	D:
769	1044	-	1	1.307907	I:	D:
1061	1966	-	2	1.321019	I:	D:
2173	2889	-	1	1.297123	I:	D:
2923	3495	-	1	1.327314	I:	D:
3516	4361	-	3	1.328219	I:	D:
4444	6957	-	1	1.323995	I:	D:
6989	8926	-	2	1.331287	I:	D:
8938	10023	-	1	1.338616	I:	D:
10065	10295	-	3	1.303572	I:	D:
10423	11532	-	1	1.301803	I:	D:
11864	13234	-	2	1.327912	I:	D:
13736	13915	+	2	1.356451	I:	D:
13935	14276	+	3	1.327477	I:	D:
14282	14485	+	2	1.344936	I:	D:
14592	15860	+	3	1.340072	I:	D:
15901	16791	+	1	1.308534	I:	D:
16905	18281	+	3	1.328936	I:	D:
18247	20166	+	1	1.339505	I:	D:
20224	20946	+	1	1.327211	I:	D:
21005	21958	-	2	1.313401	I:	D:
22248	23018	+	3	1.308480	I:	D:
23018	23956	+	2	1.280871	I:	D:
23976	24527	+	3	1.283922	I:	D:
24550	25836	+	1	1.317514	I:	D:
25917	26792	+	3	1.323690	I:	D:
26810	27886	+	2	1.332183	I:	D:
27883	29070	+	1	1.318933	I:	D:
>Y5.M008_16
373	1218	-	1	1.326776	I:	D:
1461	3962	+	3	1.334059	I:	D:
3982	5004	+	1	1.327057	I:	D:
5016	5525	+	3	1.313044	I:	D:
5525	6826	+	2	1.339964	I:	D:
6961	9477	+	1	1.327723	I:	D:
10050	10190	+	3	1.389580	I:	D:
10544	11374	+	2	1.354885	I:	D:
11446	11868	-	1	1.323514	I:	D:
11865	12287	-	3	1.316489	I:	D:
12430	13026	-	1	1.333025	I:	D:
13166	14173	-	2	1.333880	I:	D:
14431	15774	+	1	1.320490	I:	D:
15834	18884	+	3	1.324856	I:	D:
18886	21720	+	1	1.332172	I:	D:
21742	23370	+	1	1.351555	I:	D:
23374	24852	+	1	1.342178	I:	D:
>Y5.M008_17
727	1527	+	1	1.339101	I:	D:
1531	2049	+	1	1.353234	I:	D:
2046	4325	+	3	1.342124	I:	D:
4427	4921	-	2	1.323667	I:	D:
5162	7414	+	2	1.330107	I:	D:
7592	8338	+	2	1.323597	I:	D:
8339	8497	+	2	1.370140	I:	D:
8581	8742	-	1	1.316766	I:	D:
8891	10384	+	2	1.356003	I:	D:
10549	11724	+	1	1.323954	I:	D:
11758	12597	+	1	1.320991	I:	D:
12776	13105	-	2	1.386126	I:	D:
13251	13715	+	3	1.331148	I:	D:
13808	16039	+	2	1.317834	I:	D:
16042	17901	+	1	1.322962	I:	D:
18136	18615	+	1	1.338219	I:	D:
>Y5.M008_18
1	162	+	1	1.322636	I:	D:
327	2033	-	3	1.364933	I:	D:
2119	2313	+	1	1.371440	I:	D:
2436	3143	+	3	1.317348	I:	D:
3200	3685	+	2	1.338963	I:	D:
3770	4702	-	2	1.314939	I:	D:
4879	5727	+	1	1.334878	I:	D:
5756	6223	+	2	1.304638	I:	D:
6543	7400	+	3	1.313010	I:	D:
7491	8252	+	3	1.338771	I:	D:
8341	9405	-	1	1.310889	I:	D:
9531	10079	+	3	1.303571	I:	D:
>Y5.M008_19
125	799	+	2	1.339910	I:	D:
969	2375	-	3	1.344351	I:	D:
2583	3032	-	3	1.355835	I:	D:
3085	3972	-	1	1.323048	I:	D:
3986	6271	-	2	1.335079	I:	D:
6319	7032	-	1	1.328993	I:	D:
7216	7359	+	1	1.351214	I:	D:
>Y5.M008_20
139	315	-	1	1.271653	I:	D:
487	1776	-	1	1.325758	I:	D:
1837	2193	-	1	1.297289	I:	D:
2471	2710	+	2	1.300132	I:	D:
2870	3007	+	2	1.321769	I:	D:
>Y5.M008_21
1	960	-	1	1.337621	I:	D:
968	1585	-	2	1.322328	I:	D:
1677	1970	-	3	1.334132	I:	D:
2168	3373	-	2	1.342485	I:	D:
