>YB4_23
1	1503	-	1	1.306824	I:	D:
1590	2447	-	3	1.300584	I:	D:
2348	4354	-	2	1.349704	I:	D:
4492	4734	+	1	1.346275	I:	D:
>YB4_86
117	1436	-	3	1.271418	I:	D:
1708	2175	+	1	1.235055	I:	D:
2352	2798	-	3	1.268996	I:	D:
3134	4564	-	2	1.255291	I:	D:
4683	4853	-	3	1.301822	I:	D:
5087	6313	-	2	1.280266	I:	D:
6449	6760	+	2	1.404071	I:	D:
6867	7694	+	3	1.259308	I:	D:
7970	10720	-	2	1.249113	I:	D:
10671	12284	+	3	1.248095	I:	D:
12388	13197	+	1	1.292848	I:	D:
13238	13753	-	2	1.269837	I:	D:
13924	15258	+	1	1.224515	I:	D:
15437	16267	+	2	1.264236	I:	D:
16413	17024	-	3	1.303315	I:	D:
17104	17826	-	1	1.275145	I:	D:
17839	18972	-	1	1.255442	I:	D:
19113	19808	-	3	1.256755	I:	D:
19888	20301	-	1	1.315711	I:	D:
20475	21524	+	3	1.267268	I:	D:
21592	22215	+	1	1.246038	I:	D:
22410	22940	+	3	1.353586	I:	D:
23108	23782	-	2	1.266714	I:	D:
23844	24032	-	3	1.308489	I:	D:
24147	24869	-	3	1.256480	I:	D:
24930	25667	-	3	1.287533	I:	D:
25787	26644	-	2	1.253567	I:	D:
26737	27540	-	1	1.271029	I:	D:
27553	28458	-	1	1.247725	I:	D:
28462	29388	-	1	1.265715	I:	D:
29390	30226	-	2	1.281457	I:	D:
30223	31023	-	1	1.309079	I:	D:
31234	32388	-	1	1.235687	I:	D:
32588	33607	-	2	1.313056	I:	D:
33801	34712	-	3	1.311645	I:	D:
34718	36136	-	2	1.267997	I:	D:
36234	37349	-	3	1.262238	I:	D:
37339	38859	-	1	1.295872	I:	D:
38869	40275	-	1	1.268983	I:	D:
40285	41304	-	1	1.278312	I:	D:
41308	42732	-	1	1.255793	I:	D:
42860	44725	-	2	1.274822	I:	D:
44743	45213	-	1	1.282433	I:	D:
45304	46269	-	1	1.297104	I:	D:
46290	46724	-	3	1.296725	I:	D:
47187	48128	-	3	1.292688	I:	D:
48131	49792	-	2	1.261848	I:	D:
49971	50309	-	3	1.277883	I:	D:
50566	52047	-	1	1.265122	I:	D:
52652	54130	-	2	1.266581	I:	D:
54278	55273	-	2	1.262078	I:	D:
55379	56620	-	2	1.231376	I:	D:
57131	58066	+	2	1.270020	I:	D:
>YB4_99
3	233	+	3	1.357907	I:	D:
221	1957	+	2	1.244429	I:	D:
1959	3962	+	3	1.234067	I:	D:
4074	4292	-	3	1.206264	I:	D:
4361	4597	+	2	1.262041	I:	D:
>YB4_625
286	1500	-	1	1.289975	I:	D:
1592	2416	-	2	1.207926	I:	D:
2406	3179	-	3	1.242122	I:	D:
3238	3720	-	1	1.281765	I:	D:
3778	4197	-	1	1.255926	I:	D:
4244	4429	-	2	1.242578	I:	D:
>YB4_674
79	1296	-	1	1.261193	I:	D:
1400	1927	-	2	1.272969	I:	D:
1935	2414	-	3	1.353534	I:	D:
2302	3540	-	1	1.249621	I:	D:
3648	4367	-	3	1.271780	I:	D:
>YB4_825
2	250	+	2	1.395920	I:	D:
263	505	-	2	1.320493	I:	D:
667	1272	+	1	1.213784	I:	D:
1291	1818	-	1	1.239430	I:	D:
2006	3112	+	2	1.272568	I:	D:
3195	3479	+	3	1.259218	I:	D:
3494	4180	+	2	1.272768	I:	D:
4153	4338	+	1	1.266865	I:	D:
>YB4_962
117	806	+	3	1.263796	I:	D:
803	2182	+	2	1.272734	I:	D:
2349	3023	+	3	1.302828	I:	D:
3093	4271	-	3	1.293991	I:	D:
>YB4_1189
1	759	+	1	1.313876	I:	D:
812	3304	+	2	1.259577	I:	D:
3347	4165	-	2	1.329547	I:	D:
>YB4_1408
1	1836	+	1	1.244285	I:	D:
2144	3349	+	2	1.249390	I:	D:
3481	4071	-	1	1.298624	I:	D:
>YB4_1808
196	1737	-	1	1.316690	I:	D:
1786	2595	+	1	1.337636	I:	D:
2678	3109	-	2	1.302187	I:	D:
3387	3854	+	3	1.387372	I:	D:
>YB4_1820
3	2603	-	3	1.226840	I:	D:
2605	3912	-	1	1.242070	I:	D:
>YB4_2331
220	2772	-	1	1.320807	I:	D:
2884	3630	-	1	1.315489	I:	D:
3709	6054	-	1	1.330204	I:	D:
6269	6490	-	2	1.322589	I:	D:
6796	7824	-	1	1.287239	I:	D:
7825	8916	-	1	1.291460	I:	D:
8919	9854	-	3	1.297003	I:	D:
9869	10906	-	2	1.288799	I:	D:
11064	12740	-	3	1.279462	I:	D:
13031	13285	-	2	1.312627	I:	D:
13450	15003	-	1	1.267565	I:	D:
15009	15737	-	3	1.267397	I:	D:
15769	16959	-	1	1.251512	I:	D:
17100	18125	-	3	1.265347	I:	D:
18319	19248	-	1	1.304377	I:	D:
19255	20175	-	1	1.273048	I:	D:
20277	20963	-	3	1.282370	I:	D:
21104	22069	-	2	1.286138	I:	D:
22242	23162	-	3	1.265139	I:	D:
23231	24082	-	2	1.315131	I:	D:
24075	25001	-	3	1.292563	I:	D:
25133	25960	-	2	1.261257	I:	D:
25961	27976	-	2	1.260296	I:	D:
27980	28936	-	2	1.271483	I:	D:
29094	30707	-	3	1.266335	I:	D:
31073	33013	-	2	1.308050	I:	D:
33020	34702	-	2	1.295580	I:	D:
34706	35206	-	2	1.336168	I:	D:
35339	38218	-	2	1.294397	I:	D:
38412	40565	+	3	1.314050	I:	D:
40654	41541	+	1	1.283909	I:	D:
41542	42813	+	1	1.309359	I:	D:
42894	44534	+	3	1.312610	I:	D:
44600	46840	-	2	1.288262	I:	D:
46892	47473	-	2	1.352634	I:	D:
47466	48107	-	3	1.348221	I:	D:
>YB4_2599
1	1383	+	1	1.234681	I:	D:
1515	3635	+	3	1.305972	I:	D:
>YB4_3986
1	843	+	1	1.278737	I:	D:
946	1227	+	1	1.344671	I:	D:
1199	1540	+	2	1.314597	I:	D:
1566	1889	+	3	1.254163	I:	D:
1952	2110	-	2	1.333345	I:	D:
2261	3016	+	2	1.308501	I:	D:
3023	3220	-	2	1.363156	I:	D:
>YB4_4448
1	237	+	1	1.237721	I:	D:
585	1634	-	3	1.334065	I:	D:
1711	3009	+	1	1.280022	I:	D:
>YB4_4975
1	255	+	1	1.232142	I:	D:
385	1362	-	1	1.277962	I:	D:
1482	2528	-	3	1.292804	I:	D:
2527	2721	+	1	1.369390	I:	D:
>YB4_5151
1	498	+	1	1.263315	I:	D:
700	1905	-	1	1.331176	I:	D:
2119	2943	-	1	1.274227	I:	D:
>YB4_5655
1	1191	+	1	1.233913	I:	D:
1195	2055	+	1	1.226434	I:	D:
2085	2600	+	3	1.281851	I:	D:
>YB4_6359
3	1055	-	3	1.232851	I:	D:
1526	2449	+	2	1.313827	I:	D:
2442	2627	+	3	1.255127	I:	D:
>YB4_6566
2	181	+	2	1.348046	I:	D:
381	1178	-	3	1.417373	I:	D:
1194	1436	+	3	1.330800	I:	D:
1476	2768	-	3	1.307203	I:	D:
2846	3421	-	2	1.294904	I:	D:
3422	4309	-	2	1.259291	I:	D:
4419	5984	-	3	1.316921	I:	D:
5996	6718	-	2	1.252216	I:	D:
6872	8083	-	2	1.320205	I:	D:
8083	8346	-	1	1.322708	I:	D:
8460	10259	-	3	1.335445	I:	D:
10256	11146	-	2	1.348815	I:	D:
11235	12581	-	3	1.264902	I:	D:
12694	12903	+	1	1.377242	I:	D:
13378	16809	+	1	1.342810	I:	D:
16876	17094	-	1	1.336683	I:	D:
17116	20313	-	1	1.284167	I:	D:
20512	21534	+	1	1.302368	I:	D:
21872	22246	-	2	1.345801	I:	D:
22435	25218	-	1	1.288911	I:	D:
25323	26288	-	3	1.279859	I:	D:
26374	27426	+	1	1.313744	I:	D:
27626	27880	-	2	1.391731	I:	D:
27870	28775	-	3	1.385786	I:	D:
28768	29568	-	1	1.386228	I:	D:
29703	30440	-	3	1.433302	I:	D:
30537	31106	-	3	1.325466	I:	D:
31151	31921	-	2	1.269136	I:	D:
32172	32510	-	3	1.365678	I:	D:
32531	32686	-	2	1.332110	I:	D:
33011	34363	+	2	1.306841	I:	D:
34379	36103	+	2	1.259926	I:	D:
36342	37445	+	3	1.262762	I:	D:
37455	38561	+	3	1.277774	I:	D:
38602	39111	+	1	1.262697	I:	D:
39199	41247	+	1	1.238245	I:	D:
41426	44167	+	2	1.221283	I:	D:
44727	45227	+	3	1.252229	I:	D:
45258	45614	+	3	1.279268	I:	D:
45645	46094	+	3	1.270174	I:	D:
46212	48050	+	3	1.227832	I:	D:
48475	52221	+	1	1.321346	I:	D:
52175	53860	+	2	1.273791	I:	D:
54089	55234	-	2	1.265241	I:	D:
55341	56012	-	3	1.270939	I:	D:
57194	57487	+	2	1.265216	I:	D:
57536	57988	+	2	1.272508	I:	D:
58061	58327	+	2	1.316588	I:	D:
58343	58882	+	2	1.236575	I:	D:
58970	59098	+	2	1.361763	I:	D:
59101	60498	+	1	1.247530	I:	D:
60592	61878	+	1	1.241110	I:	D:
61998	63302	+	3	1.235511	I:	D:
63324	64019	+	3	1.247415	I:	D:
64105	65976	+	1	1.279552	I:	D:
65996	66955	+	2	1.263462	I:	D:
67174	68613	+	1	1.251697	I:	D:
68615	71929	+	2	1.231617	I:	D:
72152	72934	-	2	1.284960	I:	D:
73243	73677	+	1	1.260281	I:	D:
73761	74249	+	3	1.273703	I:	D:
74322	75179	+	3	1.237324	I:	D:
75179	76006	+	2	1.226383	I:	D:
76203	76529	+	3	1.280588	I:	D:
76634	77074	+	2	1.328832	I:	D:
77590	84003	+	1	1.276578	I:	D:
84221	84685	+	2	1.258981	I:	D:
84721	85719	+	1	1.313074	I:	D:
85784	86203	+	2	1.261715	I:	D:
86294	87523	-	2	1.255850	I:	D:
87811	89481	+	1	1.240532	I:	D:
89639	90742	+	2	1.219745	I:	D:
90732	91433	+	3	1.233177	I:	D:
91559	92023	+	2	1.244372	I:	D:
92159	93379	+	2	1.266179	I:	D:
93434	93877	+	2	1.234281	I:	D:
94131	94862	+	3	1.257061	I:	D:
94871	95746	+	2	1.262776	I:	D:
95772	96518	+	3	1.244009	I:	D:
96522	97160	+	3	1.277863	I:	D:
97328	97951	+	2	1.244944	I:	D:
98325	98996	-	3	1.296813	I:	D:
98923	99102	+	1	1.262591	I:	D:
99173	99688	-	2	1.340823	I:	D:
99781	101190	-	1	1.232435	I:	D:
101181	102020	-	3	1.236566	I:	D:
102393	103022	-	3	1.217065	I:	D:
103248	104234	-	3	1.231723	I:	D:
104425	106047	-	1	1.226324	I:	D:
106037	106924	+	2	1.261842	I:	D:
106924	108567	+	1	1.279710	I:	D:
108592	109374	-	1	1.329831	I:	D:
109576	110787	+	1	1.316820	I:	D:
110790	112436	+	3	1.310614	I:	D:
112445	113641	+	2	1.335682	I:	D:
113720	114157	+	2	1.350372	I:	D:
114300	114977	+	3	1.255445	I:	D:
115513	116331	-	1	1.243110	I:	D:
116467	117219	+	1	1.267288	I:	D:
117251	119044	+	2	1.216321	I:	D:
119045	119746	+	2	1.226973	I:	D:
119999	121195	+	2	1.335112	I:	D:
121301	122074	-	2	1.204285	I:	D:
122640	124670	+	3	1.213395	I:	D:
125120	125515	+	2	1.301052	I:	D:
125696	128578	+	2	1.260901	I:	D:
128591	129208	+	2	1.257485	I:	D:
129208	129927	+	1	1.226056	I:	D:
129933	131021	+	3	1.240904	I:	D:
131029	131370	+	1	1.322423	I:	D:
131803	131970	+	1	1.375999	I:	D:
132158	132787	-	2	1.204410	I:	D:
132787	133929	-	1	1.240269	I:	D:
134060	135064	+	2	1.227592	I:	D:
135074	136261	+	2	1.254354	I:	D:
136248	137453	+	3	1.235693	I:	D:
137713	138426	+	1	1.234389	I:	D:
138435	141101	+	3	1.235226	I:	D:
141254	142459	+	2	1.237793	I:	D:
142710	143675	-	3	1.288238	I:	D:
143862	144545	+	3	1.262739	I:	D:
144654	146027	+	3	1.233330	I:	D:
146052	146885	+	3	1.232993	I:	D:
147022	147411	+	1	1.218791	I:	D:
147411	148166	+	3	1.253146	I:	D:
148239	149645	+	3	1.264112	I:	D:
149680	151212	-	1	1.358856	I:	D:
149992	151818	+	1	1.241678	I:	D:
151827	153089	+	3	1.255970	I:	D:
153636	155852	-	3	1.262298	I:	D:
156039	157034	+	3	1.251243	I:	D:
157039	158013	+	1	1.238664	I:	D:
158241	159251	+	3	1.243708	I:	D:
159509	160909	+	2	1.233109	I:	D:
160912	161748	+	1	1.237116	I:	D:
161741	162682	+	2	1.236128	I:	D:
162825	164315	+	3	1.235065	I:	D:
164437	164925	+	1	1.256988	I:	D:
165124	165963	+	1	1.409530	I:	D:
166032	167402	+	3	1.351382	I:	D:
167508	168488	+	3	1.401624	I:	D:
168612	169256	+	3	1.266589	I:	D:
169378	169602	+	1	1.374759	I:	D:
169615	171045	+	1	1.232275	I:	D:
171327	172838	-	3	1.283812	I:	D:
173030	173176	+	2	1.334075	I:	D:
173184	174572	+	3	1.304449	I:	D:
174679	176016	-	1	1.246074	I:	D:
176507	177934	+	2	1.241867	I:	D:
178026	179456	+	3	1.263711	I:	D:
179886	180797	+	3	1.257401	I:	D:
181146	182732	+	3	1.292638	I:	D:
182843	185611	-	2	1.220985	I:	D:
185822	186010	+	2	1.375594	I:	D:
186048	186728	+	3	1.238522	I:	D:
>YB4_6742
366	1115	+	3	1.256862	I:	D:
1224	2243	+	3	1.266016	I:	D:
>YB4_7323
2	163	+	2	1.185319	I:	D:
303	944	-	3	1.239212	I:	D:
1151	1960	-	2	1.226224	I:	D:
2094	2267	+	3	1.306370	I:	D:
>YB4_7688
113	1192	-	2	1.275188	I:	D:
1336	1536	-	1	1.336107	I:	D:
1712	2452	-	2	1.271795	I:	D:
>YB4_7763
202	459	+	1	1.313855	I:	D:
730	918	+	1	1.355299	I:	D:
930	1157	+	3	1.344762	I:	D:
1199	1432	+	2	1.333375	I:	D:
1558	1785	-	1	1.290746	I:	D:
1802	2440	-	2	1.269795	I:	D:
>YB4_7766
3	266	-	3	1.312940	I:	D:
432	1715	-	3	1.303431	I:	D:
1806	2438	-	3	1.219667	I:	D:
>YB4_8541
3	395	+	3	1.288789	I:	D:
403	744	+	1	1.292298	I:	D:
1111	2118	-	1	1.274325	I:	D:
>YB4_9264
1	1851	+	1	1.257317	I:	D:
>YB4_9594
66	1361	-	3	1.270753	I:	D:
1478	2461	-	2	1.287633	I:	D:
2795	4984	-	2	1.255624	I:	D:
4985	7774	-	2	1.278980	I:	D:
8220	10244	-	3	1.254082	I:	D:
10447	10947	-	1	1.272428	I:	D:
10987	11637	-	1	1.316113	I:	D:
11655	12392	-	3	1.292120	I:	D:
12395	13051	-	2	1.276684	I:	D:
13247	14671	-	2	1.286496	I:	D:
14675	15403	-	2	1.225848	I:	D:
15468	16358	-	3	1.259350	I:	D:
16447	17685	-	1	1.259535	I:	D:
17711	18406	-	2	1.256591	I:	D:
18535	19944	+	1	1.264336	I:	D:
20448	22889	-	3	1.299394	I:	D:
23229	23606	-	3	1.365355	I:	D:
23778	25061	-	3	1.244036	I:	D:
25173	25346	+	3	1.266949	I:	D:
25504	26274	-	1	1.264272	I:	D:
26348	26818	-	2	1.279327	I:	D:
26825	27763	-	2	1.247387	I:	D:
27861	28013	+	3	1.322361	I:	D:
28181	29098	-	2	1.286097	I:	D:
29088	29948	-	3	1.276160	I:	D:
30059	31660	-	2	1.258303	I:	D:
31730	32608	-	2	1.249522	I:	D:
32615	33676	-	2	1.279468	I:	D:
34356	34640	-	3	1.353031	I:	D:
34723	35103	-	1	1.316924	I:	D:
35079	35555	-	3	1.280193	I:	D:
35555	37615	-	2	1.317583	I:	D:
37692	38387	-	3	1.285546	I:	D:
38164	38382	-	1	1.250072	I:	D:
38384	38947	-	2	1.296436	I:	D:
38911	39144	-	1	1.289109	I:	D:
39155	39796	-	2	1.249355	I:	D:
39793	40719	-	1	1.286872	I:	D:
40692	42020	-	3	1.267673	I:	D:
42017	43669	-	2	1.290259	I:	D:
43666	44340	-	1	1.240651	I:	D:
44579	45847	-	2	1.259063	I:	D:
46002	48683	-	3	1.219464	I:	D:
49126	50586	+	1	1.242545	I:	D:
50789	51637	-	2	1.298926	I:	D:
51716	52483	-	2	1.289425	I:	D:
52527	53288	-	3	1.276695	I:	D:
53341	54423	-	1	1.243906	I:	D:
54750	57203	-	3	1.228380	I:	D:
57384	58460	-	3	1.233246	I:	D:
58606	58734	+	1	1.306439	I:	D:
58855	60507	+	1	1.257057	I:	D:
60713	62044	-	2	1.231719	I:	D:
62128	64440	-	1	1.283579	I:	D:
64590	65612	-	3	1.270283	I:	D:
66085	66213	+	1	1.356019	I:	D:
66312	66998	+	3	1.293967	I:	D:
67037	67387	-	2	1.403628	I:	D:
67318	67887	-	1	1.377331	I:	D:
67899	68390	+	3	1.292456	I:	D:
68491	69957	-	1	1.321856	I:	D:
70387	71235	-	1	1.302831	I:	D:
71235	72008	-	3	1.283778	I:	D:
72090	73124	-	3	1.257037	I:	D:
73319	73792	-	2	1.323465	I:	D:
73864	74238	-	1	1.316262	I:	D:
74419	75123	-	1	1.340776	I:	D:
75605	78643	+	2	1.222030	I:	D:
78767	79363	+	2	1.255435	I:	D:
79581	80591	-	3	1.321340	I:	D:
81005	81931	-	2	1.248899	I:	D:
82184	83161	+	2	1.232494	I:	D:
83295	84263	-	3	1.248030	I:	D:
84408	85172	-	3	1.249989	I:	D:
85175	87157	-	2	1.231629	I:	D:
87529	88248	-	1	1.268045	I:	D:
88353	89360	-	3	1.257364	I:	D:
89714	90349	-	2	1.248392	I:	D:
90504	91487	-	3	1.260330	I:	D:
91686	92519	-	3	1.267692	I:	D:
92533	93327	-	1	1.237228	I:	D:
93364	94287	-	1	1.235794	I:	D:
94492	95610	-	1	1.302531	I:	D:
95861	96853	-	2	1.233265	I:	D:
97059	97781	+	3	1.237828	I:	D:
97803	98393	-	3	1.274954	I:	D:
98471	99496	-	2	1.247041	I:	D:
99542	100405	-	2	1.259277	I:	D:
100560	104252	-	3	1.227948	I:	D:
104312	104977	-	2	1.251107	I:	D:
105041	106843	-	2	1.246316	I:	D:
106964	108319	-	2	1.229350	I:	D:
108444	108878	-	3	1.325424	I:	D:
109320	109859	-	3	1.281809	I:	D:
109972	110877	-	1	1.294905	I:	D:
110899	111384	-	1	1.292168	I:	D:
112231	112698	-	1	1.327945	I:	D:
112796	113512	-	2	1.260447	I:	D:
113585	114928	-	2	1.272355	I:	D:
114925	116112	-	1	1.281579	I:	D:
116284	117543	-	1	1.266218	I:	D:
117645	118589	-	3	1.256827	I:	D:
118682	119416	-	2	1.292516	I:	D:
119455	120846	-	1	1.291903	I:	D:
120958	122235	-	1	1.236570	I:	D:
122367	123818	-	3	1.249184	I:	D:
123589	124038	+	1	1.350946	I:	D:
124178	125212	+	2	1.332730	I:	D:
125414	126376	-	2	1.213342	I:	D:
126400	127407	-	1	1.305247	I:	D:
127492	128736	-	1	1.284741	I:	D:
128778	130214	-	3	1.336911	I:	D:
130492	131742	+	1	1.367389	I:	D:
131744	132394	+	2	1.384214	I:	D:
132542	133504	-	2	1.213520	I:	D:
133940	134089	+	2	1.272122	I:	D:
134197	135558	+	1	1.377499	I:	D:
135971	136486	+	2	1.338141	I:	D:
136663	137334	+	1	1.285093	I:	D:
137446	140985	-	1	1.252083	I:	D:
141175	141333	+	1	1.318054	I:	D:
141436	141909	-	1	1.294081	I:	D:
142780	143784	+	1	1.433211	I:	D:
143954	144157	+	2	1.389525	I:	D:
144679	145320	-	1	1.293051	I:	D:
145295	145453	+	2	1.311599	I:	D:
145551	146042	-	3	1.317465	I:	D:
146475	148256	-	3	1.266980	I:	D:
148401	148985	-	3	1.286992	I:	D:
149198	149749	+	2	1.230777	I:	D:
150124	151314	+	1	1.291357	I:	D:
151557	152609	-	3	1.270333	I:	D:
152898	153545	-	3	1.245121	I:	D:
153761	154474	+	2	1.242417	I:	D:
154586	156598	-	2	1.242146	I:	D:
156600	158288	-	3	1.237973	I:	D:
158505	159626	+	3	1.284303	I:	D:
159827	160354	-	2	1.296794	I:	D:
160536	160826	-	3	1.278520	I:	D:
161121	161642	+	3	1.270069	I:	D:
161684	162190	-	2	1.302110	I:	D:
162344	163561	-	2	1.275155	I:	D:
163828	164862	-	1	1.271917	I:	D:
165056	165757	+	2	1.257063	I:	D:
165872	167719	-	2	1.231276	I:	D:
167992	169149	+	1	1.270889	I:	D:
169488	169934	+	3	1.375281	I:	D:
169970	170848	+	2	1.253515	I:	D:
170982	172013	-	3	1.373075	I:	D:
>YB4_9649
2	454	+	2	1.250518	I:	D:
549	1424	-	3	1.300367	I:	D:
1876	2169	-	1	1.306121	I:	D:
>YB4_9936
1	1719	+	1	1.203958	I:	D:
1909	2133	-	1	1.232459	I:	D:
>YB4_11166
2	403	-	2	1.369163	I:	D:
664	1902	+	1	1.295014	I:	D:
2024	3088	+	2	1.294222	I:	D:
3100	4365	+	1	1.309513	I:	D:
4457	5590	-	2	1.295206	I:	D:
5654	5941	-	2	1.294073	I:	D:
5941	6180	-	1	1.281720	I:	D:
6713	7672	+	2	1.286966	I:	D:
7797	8648	-	3	1.316287	I:	D:
8623	9408	-	1	1.320710	I:	D:
9737	9982	-	2	1.289719	I:	D:
10034	10861	-	2	1.277814	I:	D:
10993	11739	+	1	1.297867	I:	D:
11852	13063	+	2	1.278699	I:	D:
13160	13639	-	2	1.321442	I:	D:
13681	16485	-	1	1.294145	I:	D:
16684	17109	+	1	1.284388	I:	D:
17146	17679	+	1	1.285610	I:	D:
17805	19103	+	3	1.259587	I:	D:
19192	19890	-	1	1.316113	I:	D:
19887	20768	-	3	1.280094	I:	D:
20792	21172	-	2	1.274431	I:	D:
21388	23001	+	1	1.248381	I:	D:
23158	23880	+	1	1.274415	I:	D:
23890	24570	+	1	1.261144	I:	D:
24621	25346	-	3	1.299610	I:	D:
25435	26337	-	1	1.264482	I:	D:
26496	27362	+	3	1.274215	I:	D:
27390	28772	-	3	1.272239	I:	D:
28964	29776	+	2	1.257276	I:	D:
29903	30304	-	2	1.243144	I:	D:
30533	30676	+	2	1.354350	I:	D:
30740	31444	+	2	1.266602	I:	D:
31501	31902	-	1	1.291300	I:	D:
31874	32362	+	2	1.254091	I:	D:
32422	32550	+	1	1.319039	I:	D:
32621	34624	+	2	1.258838	I:	D:
34718	35836	+	2	1.309159	I:	D:
35889	38381	+	3	1.268742	I:	D:
38422	39522	-	1	1.330355	I:	D:
39634	40233	-	1	1.263577	I:	D:
40329	41459	-	3	1.230688	I:	D:
41546	41887	-	2	1.271591	I:	D:
42074	42697	-	2	1.262513	I:	D:
43031	43351	+	2	1.389094	I:	D:
43636	45168	-	1	1.291748	I:	D:
45293	48067	-	2	1.300055	I:	D:
48335	49204	+	2	1.280467	I:	D:
49305	50000	-	3	1.238208	I:	D:
49997	50338	-	2	1.251501	I:	D:
50342	51295	-	2	1.256304	I:	D:
51507	52415	+	3	1.274251	I:	D:
52426	53322	+	1	1.267370	I:	D:
53478	54611	+	3	1.260927	I:	D:
54735	56069	+	3	1.248299	I:	D:
56130	56795	-	3	1.331090	I:	D:
56933	58243	-	2	1.246565	I:	D:
58425	58856	+	3	1.271354	I:	D:
59101	60066	+	1	1.291952	I:	D:
60146	62395	-	2	1.258941	I:	D:
62535	63446	-	3	1.282680	I:	D:
63544	64422	+	1	1.270286	I:	D:
64546	66105	+	1	1.277267	I:	D:
66305	66715	-	2	1.314592	I:	D:
66552	66893	+	3	1.395577	I:	D:
66920	68335	+	2	1.300624	I:	D:
68488	69396	+	1	1.204287	I:	D:
69820	70407	-	1	1.257953	I:	D:
70428	71318	-	3	1.216101	I:	D:
71464	72897	+	1	1.336600	I:	D:
72973	73200	+	1	1.381096	I:	D:
73228	73362	-	1	1.350132	I:	D:
73499	74323	+	2	1.401853	I:	D:
74566	75219	-	1	1.267465	I:	D:
75383	76603	+	2	1.292366	I:	D:
76612	77991	+	1	1.295545	I:	D:
78244	78435	+	1	1.290639	I:	D:
78502	79047	+	1	1.283593	I:	D:
79121	79957	+	2	1.288976	I:	D:
80079	80378	-	3	1.342654	I:	D:
80298	81746	+	3	1.290516	I:	D:
81824	82588	+	2	1.281800	I:	D:
82728	84485	+	3	1.260896	I:	D:
84566	87247	-	2	1.246812	I:	D:
87557	88396	-	2	1.270729	I:	D:
88516	89511	-	1	1.281402	I:	D:
89656	90369	+	1	1.283099	I:	D:
90366	91265	+	3	1.314946	I:	D:
91363	93270	+	1	1.265534	I:	D:
93271	94149	+	1	1.266057	I:	D:
94177	96636	-	1	1.286971	I:	D:
96738	98042	-	3	1.249245	I:	D:
98035	99789	-	1	1.291280	I:	D:
99877	100662	-	1	1.297915	I:	D:
100712	102142	-	2	1.332395	I:	D:
102161	102376	-	2	1.281519	I:	D:
102426	103025	-	3	1.277378	I:	D:
103116	103625	-	3	1.284225	I:	D:
103622	103918	-	2	1.279818	I:	D:
104265	105866	+	3	1.275488	I:	D:
105869	106684	+	2	1.269849	I:	D:
106685	107890	+	2	1.268043	I:	D:
108040	108510	+	1	1.312110	I:	D:
108757	109518	+	1	1.323425	I:	D:
109508	109831	+	2	1.277858	I:	D:
109982	111004	+	2	1.248593	I:	D:
111194	112336	+	2	1.330370	I:	D:
112435	113370	-	1	1.250560	I:	D:
113470	117216	-	1	1.228318	I:	D:
117401	118963	+	2	1.263889	I:	D:
119384	120625	+	2	1.352409	I:	D:
120753	122234	-	3	1.400115	I:	D:
122231	122890	-	2	1.426708	I:	D:
123564	124670	-	3	1.357377	I:	D:
124690	125622	-	1	1.345058	I:	D:
125881	127071	+	1	1.295666	I:	D:
127395	128144	-	3	1.262001	I:	D:
128359	129702	-	1	1.223662	I:	D:
129955	131121	+	1	1.251367	I:	D:
131392	132579	+	1	1.266331	I:	D:
132719	133600	+	2	1.262099	I:	D:
133610	134689	+	2	1.243067	I:	D:
134679	135539	+	3	1.259839	I:	D:
135540	136253	+	3	1.231693	I:	D:
136562	136825	-	2	1.321480	I:	D:
136840	137472	-	1	1.271030	I:	D:
137459	137779	-	2	1.263867	I:	D:
138064	138741	+	1	1.293653	I:	D:
138745	139542	+	1	1.282539	I:	D:
139573	140571	-	1	1.287619	I:	D:
140645	140791	-	2	1.382028	I:	D:
140848	144135	+	1	1.265717	I:	D:
144151	146511	+	1	1.263629	I:	D:
146596	147279	+	1	1.314214	I:	D:
147474	148340	+	3	1.245771	I:	D:
148692	150125	+	3	1.332886	I:	D:
150683	151252	+	2	1.291359	I:	D:
151285	151476	+	1	1.267484	I:	D:
151523	151882	+	2	1.283711	I:	D:
152155	152763	+	1	1.386249	I:	D:
154517	154708	-	2	1.326110	I:	D:
155498	155665	+	2	1.382413	I:	D:
156543	156830	-	3	1.384357	I:	D:
>YB4_11294
1	636	-	1	1.319148	I:	D:
1001	1651	-	2	1.252582	I:	D:
1866	2318	-	3	1.270472	I:	D:
2331	3269	-	3	1.254695	I:	D:
3269	4099	-	2	1.272119	I:	D:
4164	4847	-	3	1.246024	I:	D:
4973	6241	-	2	1.246744	I:	D:
6386	7858	-	2	1.267914	I:	D:
8237	9283	+	2	1.295035	I:	D:
9413	10396	+	2	1.284669	I:	D:
10525	12600	-	1	1.252394	I:	D:
12628	12777	+	1	1.358820	I:	D:
12910	13686	-	1	1.271285	I:	D:
13848	14501	-	3	1.254978	I:	D:
14736	15596	-	3	1.263355	I:	D:
15941	17389	+	2	1.292157	I:	D:
17468	18337	-	2	1.288855	I:	D:
18449	19738	-	2	1.299118	I:	D:
19819	21957	-	1	1.259727	I:	D:
21959	22507	-	2	1.267208	I:	D:
22655	24196	-	2	1.314363	I:	D:
24245	25054	+	2	1.335380	I:	D:
25136	25567	-	2	1.314579	I:	D:
25845	26312	+	3	1.401726	I:	D:
26356	26496	-	1	1.326531	I:	D:
>YB4_11368
1	3015	+	1	1.245147	I:	D:
3027	3506	+	3	1.278213	I:	D:
3519	6296	+	3	1.252298	I:	D:
6642	7640	-	3	1.313754	I:	D:
7992	8375	+	3	1.398296	I:	D:
8777	9511	+	2	1.294915	I:	D:
9885	12248	+	3	1.341956	I:	D:
12554	12760	+	2	1.296694	I:	D:
12763	14559	+	1	1.265917	I:	D:
14562	15788	+	3	1.361228	I:	D:
15792	16355	+	3	1.367779	I:	D:
16357	19449	+	1	1.266664	I:	D:
19482	20708	+	3	1.390424	I:	D:
20803	21543	+	1	1.400298	I:	D:
21823	21957	-	1	1.338537	I:	D:
22223	22381	+	2	1.364464	I:	D:
22450	23505	+	1	1.281600	I:	D:
23553	23768	+	3	1.316229	I:	D:
23856	24416	+	3	1.355342	I:	D:
24409	24993	+	1	1.356925	I:	D:
25229	25723	+	2	1.328171	I:	D:
>YB4_11410
211	1566	-	1	1.258661	I:	D:
1763	3157	-	2	1.255271	I:	D:
3508	4164	+	1	1.247445	I:	D:
4287	4664	-	3	1.227780	I:	D:
4963	7458	+	1	1.249292	I:	D:
7474	8133	+	1	1.240461	I:	D:
8534	9280	-	2	1.257313	I:	D:
9284	10363	-	2	1.267065	I:	D:
10962	11204	+	3	1.251086	I:	D:
11321	12205	-	2	1.265928	I:	D:
12285	13409	-	3	1.256987	I:	D:
13422	13820	-	3	1.254181	I:	D:
13847	14680	-	2	1.236109	I:	D:
14683	15468	-	1	1.222975	I:	D:
15478	15951	-	1	1.232858	I:	D:
16075	18816	-	1	1.305280	I:	D:
19043	19444	-	2	1.237705	I:	D:
19443	19835	+	3	1.360777	I:	D:
20589	20894	-	3	1.286516	I:	D:
20908	21276	-	1	1.287611	I:	D:
21395	21655	-	2	1.303281	I:	D:
21672	21887	-	3	1.241465	I:	D:
21887	22342	-	2	1.269014	I:	D:
22390	23100	-	1	1.292065	I:	D:
23107	23478	-	1	1.294684	I:	D:
23493	23753	-	3	1.307170	I:	D:
23786	24616	-	2	1.279911	I:	D:
24796	25083	-	1	1.228536	I:	D:
25084	25710	-	1	1.263346	I:	D:
25757	26377	-	2	1.281961	I:	D:
25973	26674	+	2	1.429686	I:	D:
26977	27774	-	1	1.239893	I:	D:
28276	28887	-	1	1.273558	I:	D:
28903	30387	-	1	1.249159	I:	D:
30489	31469	-	3	1.265508	I:	D:
31693	33294	-	1	1.263180	I:	D:
33359	34189	-	2	1.245209	I:	D:
34189	34998	-	1	1.231051	I:	D:
35079	35555	-	3	1.245467	I:	D:
35673	36128	-	3	1.270470	I:	D:
36385	37149	+	1	1.371653	I:	D:
37165	37926	+	1	1.336870	I:	D:
38026	38253	-	1	1.267428	I:	D:
38285	38905	-	2	1.307473	I:	D:
38944	40098	-	1	1.305036	I:	D:
40249	41412	-	1	1.299744	I:	D:
41504	43180	-	2	1.270783	I:	D:
43215	44558	-	3	1.253015	I:	D:
44569	44997	-	1	1.281237	I:	D:
45001	45444	-	1	1.255426	I:	D:
45448	46698	-	1	1.270688	I:	D:
46735	47508	-	1	1.259407	I:	D:
47539	48414	-	1	1.262121	I:	D:
48453	49397	-	3	1.262234	I:	D:
49400	49636	-	2	1.234464	I:	D:
49688	50647	-	2	1.296132	I:	D:
50824	51600	+	1	1.319408	I:	D:
51721	52392	-	1	1.296813	I:	D:
52319	52498	+	2	1.262591	I:	D:
52569	53084	-	3	1.340823	I:	D:
53169	53477	-	3	1.279902	I:	D:
53538	55637	-	3	1.248996	I:	D:
55657	56130	-	1	1.288508	I:	D:
56204	56581	-	2	1.324207	I:	D:
56851	57927	-	1	1.350642	I:	D:
57878	58621	-	2	1.369363	I:	D:
58707	63185	-	3	1.242617	I:	D:
63192	66683	-	3	1.242314	I:	D:
66971	67879	-	2	1.246830	I:	D:
68193	68570	-	3	1.260536	I:	D:
68673	69194	-	3	1.271300	I:	D:
69699	70835	-	3	1.292385	I:	D:
70929	71591	+	3	1.308266	I:	D:
71593	72156	-	1	1.304743	I:	D:
72160	73560	-	1	1.271562	I:	D:
73691	74887	-	2	1.263333	I:	D:
75011	77371	-	2	1.266096	I:	D:
77493	77813	-	3	1.348538	I:	D:
77855	78760	-	2	1.253524	I:	D:
79006	79569	+	1	1.221132	I:	D:
79715	81154	+	2	1.240783	I:	D:
81404	82189	+	2	1.288545	I:	D:
82350	83330	+	3	1.235994	I:	D:
83535	84458	+	3	1.252830	I:	D:
84451	85245	+	1	1.194081	I:	D:
85437	86204	+	3	1.286228	I:	D:
86299	88215	+	1	1.289235	I:	D:
88212	88922	+	3	1.306100	I:	D:
89048	89755	-	2	1.264191	I:	D:
89873	90307	-	2	1.278034	I:	D:
90422	90958	-	2	1.303358	I:	D:
90962	91300	-	2	1.314163	I:	D:
91893	93083	-	3	1.274065	I:	D:
93859	94731	-	1	1.402635	I:	D:
94844	96262	+	2	1.352993	I:	D:
96272	97672	+	2	1.317366	I:	D:
98507	99184	-	2	1.242026	I:	D:
99188	100108	-	2	1.246201	I:	D:
100252	101718	-	1	1.242131	I:	D:
101722	102216	-	1	1.253298	I:	D:
102206	102934	-	2	1.243135	I:	D:
102934	104001	-	1	1.258666	I:	D:
104360	104938	+	2	1.265735	I:	D:
104977	105399	-	1	1.294506	I:	D:
106704	108230	+	3	1.325539	I:	D:
108233	109009	+	2	1.322977	I:	D:
109407	110864	-	3	1.241997	I:	D:
111013	111534	-	1	1.341399	I:	D:
111531	111854	-	3	1.342546	I:	D:
112011	114653	-	3	1.233969	I:	D:
114840	115433	-	3	1.276232	I:	D:
115655	117223	-	2	1.313808	I:	D:
117566	119530	-	2	1.239332	I:	D:
119610	120080	-	3	1.252626	I:	D:
120187	120462	-	1	1.266280	I:	D:
120701	121597	-	2	1.316505	I:	D:
121600	121896	-	1	1.242126	I:	D:
122011	122457	-	1	1.232233	I:	D:
122461	123102	-	1	1.227798	I:	D:
123246	123971	-	3	1.230467	I:	D:
124026	124910	-	3	1.245390	I:	D:
124962	125915	-	3	1.253226	I:	D:
125981	127543	-	2	1.263773	I:	D:
127655	129442	-	2	1.252322	I:	D:
130102	131157	+	1	1.270119	I:	D:
131205	131420	+	3	1.310635	I:	D:
131873	133156	-	2	1.251200	I:	D:
133226	134206	-	2	1.243006	I:	D:
134288	135556	-	2	1.276380	I:	D:
135691	136761	-	1	1.270938	I:	D:
137019	137429	-	3	1.310441	I:	D:
137481	137927	-	3	1.279086	I:	D:
137958	138758	-	3	1.265988	I:	D:
138758	140620	-	2	1.286499	I:	D:
140659	141180	-	1	1.298085	I:	D:
141010	141459	+	1	1.352473	I:	D:
141721	141867	+	1	1.334075	I:	D:
141875	143263	+	2	1.304449	I:	D:
143397	145034	-	3	1.231502	I:	D:
145131	145424	-	3	1.230887	I:	D:
145848	148457	-	3	1.269544	I:	D:
147654	149117	+	3	1.233573	I:	D:
149258	149851	-	2	1.303477	I:	D:
>YB4_11589
102	668	+	3	1.253842	I:	D:
1033	2235	+	1	1.279613	I:	D:
2232	2477	+	3	1.179160	I:	D:
2564	2977	+	2	1.209191	I:	D:
2991	3296	+	3	1.195540	I:	D:
3300	4112	+	3	1.212422	I:	D:
4116	4427	+	3	1.227631	I:	D:
5199	5570	+	3	1.278787	I:	D:
5629	6144	-	1	1.290248	I:	D:
6141	6476	-	3	1.262759	I:	D:
6638	8713	-	2	1.243641	I:	D:
8732	8977	-	2	1.250978	I:	D:
9122	9337	-	2	1.309158	I:	D:
9385	10440	-	1	1.267914	I:	D:
10639	12396	-	1	1.253716	I:	D:
12397	14220	-	1	1.298148	I:	D:
14341	15339	+	1	1.318902	I:	D:
15637	17313	-	1	1.230876	I:	D:
17313	18827	-	3	1.220645	I:	D:
18827	19138	-	2	1.241624	I:	D:
19172	19348	-	2	1.320254	I:	D:
19465	20403	-	1	1.226817	I:	D:
20665	21150	-	1	1.383497	I:	D:
21187	22848	-	1	1.323108	I:	D:
22968	23312	-	3	1.325814	I:	D:
>YB4_11916
117	992	-	3	1.352871	I:	D:
992	1771	-	2	1.352832	I:	D:
1838	2389	-	2	1.326311	I:	D:
3327	3968	-	3	1.305881	I:	D:
3978	4667	-	3	1.279961	I:	D:
4999	7260	+	1	1.281350	I:	D:
7355	9781	+	2	1.231221	I:	D:
9889	11037	+	1	1.262658	I:	D:
11042	12169	+	2	1.232882	I:	D:
12260	14575	+	2	1.257012	I:	D:
14696	18088	+	2	1.274282	I:	D:
18177	18413	+	3	1.286152	I:	D:
18555	19955	-	3	1.287968	I:	D:
19952	20212	-	2	1.303653	I:	D:
>YB4_13485
325	945	+	1	1.322019	I:	D:
1088	1942	-	2	1.278900	I:	D:
2109	4700	-	3	1.262833	I:	D:
4815	5807	+	3	1.298312	I:	D:
5960	7417	+	2	1.241153	I:	D:
7558	8094	+	1	1.226107	I:	D:
8331	8888	+	3	1.251435	I:	D:
9365	10033	-	2	1.246849	I:	D:
10216	12186	-	1	1.301303	I:	D:
12231	12818	+	3	1.299785	I:	D:
12830	14137	+	2	1.269050	I:	D:
14171	14560	+	2	1.217072	I:	D:
14634	16172	+	3	1.262639	I:	D:
16182	16448	+	3	1.267322	I:	D:
16635	17000	+	3	1.265163	I:	D:
17120	18154	-	2	1.230823	I:	D:
18203	19315	-	2	1.273536	I:	D:
19315	19575	-	1	1.232787	I:	D:
19707	22163	-	3	1.277611	I:	D:
22206	22718	-	3	1.236595	I:	D:
22720	22968	-	1	1.212774	I:	D:
23190	23522	-	3	1.266850	I:	D:
23617	24222	+	1	1.214624	I:	D:
24287	25564	-	2	1.279418	I:	D:
25564	26286	-	1	1.251886	I:	D:
26579	27604	+	2	1.238391	I:	D:
27660	29036	+	3	1.233403	I:	D:
29040	29900	+	3	1.235731	I:	D:
29900	30445	+	2	1.267534	I:	D:
30532	30717	-	1	1.313369	I:	D:
31376	33268	+	2	1.216101	I:	D:
33271	34113	+	1	1.224674	I:	D:
34221	35186	+	3	1.231591	I:	D:
35259	35675	+	3	1.237345	I:	D:
36065	38365	+	2	1.227344	I:	D:
38630	39298	-	2	1.340278	I:	D:
39533	40204	+	2	1.332137	I:	D:
40491	43115	+	3	1.224437	I:	D:
43190	43978	-	2	1.346118	I:	D:
44159	45115	+	2	1.325603	I:	D:
45126	45548	+	3	1.329846	I:	D:
45596	46093	+	2	1.318862	I:	D:
46106	46933	+	2	1.297772	I:	D:
46930	47790	+	1	1.288052	I:	D:
47990	48190	+	2	1.299799	I:	D:
48398	49750	+	2	1.374203	I:	D:
49824	51311	-	3	1.264147	I:	D:
51554	52507	-	2	1.249861	I:	D:
52625	53287	-	2	1.259524	I:	D:
53475	56252	+	3	1.243631	I:	D:
56443	56871	+	1	1.277214	I:	D:
57077	58267	+	2	1.291357	I:	D:
58616	59605	+	2	1.262051	I:	D:
59624	60442	+	2	1.250847	I:	D:
60459	61379	+	3	1.254078	I:	D:
61449	61898	+	3	1.309004	I:	D:
63192	66548	+	3	1.244117	I:	D:
66596	67264	+	2	1.378755	I:	D:
67306	67458	-	1	1.329547	I:	D:
67895	68482	+	2	1.303648	I:	D:
68469	69668	+	3	1.334621	I:	D:
69850	69981	+	1	1.278370	I:	D:
70247	70885	+	2	1.262559	I:	D:
70882	71607	+	1	1.295553	I:	D:
71607	72329	+	3	1.303106	I:	D:
72389	72904	+	2	1.338141	I:	D:
73081	73752	+	1	1.285093	I:	D:
73835	74413	-	2	1.260423	I:	D:
74582	74821	+	2	1.401004	I:	D:
75022	75408	-	1	1.365701	I:	D:
75418	75663	-	1	1.355364	I:	D:
75882	76955	-	3	1.413416	I:	D:
77519	79486	-	2	1.254074	I:	D:
79619	82489	-	2	1.237941	I:	D:
82506	84305	-	3	1.273833	I:	D:
84302	84718	-	2	1.246900	I:	D:
84725	85738	-	2	1.236708	I:	D:
85735	87588	-	1	1.271743	I:	D:
87606	87758	-	3	1.341495	I:	D:
88139	90163	+	2	1.368082	I:	D:
90273	90785	+	3	1.422769	I:	D:
90840	91721	+	3	1.400885	I:	D:
91721	92557	+	2	1.405832	I:	D:
92554	93207	+	1	1.332867	I:	D:
93204	93863	+	3	1.374498	I:	D:
93969	94685	-	3	1.235810	I:	D:
94742	97282	+	2	1.270031	I:	D:
97304	97777	-	2	1.358312	I:	D:
98127	98447	+	3	1.207224	I:	D:
98461	99057	+	1	1.257762	I:	D:
99303	100208	+	3	1.319042	I:	D:
100256	102049	+	2	1.269989	I:	D:
102053	102991	+	2	1.274513	I:	D:
104347	105909	+	1	1.419902	I:	D:
>YB4_13784
1	480	+	1	1.216498	I:	D:
518	2926	-	2	1.322854	I:	D:
2910	3878	-	3	1.302333	I:	D:
3885	4856	-	3	1.262367	I:	D:
5017	5862	+	1	1.316670	I:	D:
5874	6641	+	3	1.281219	I:	D:
6848	7216	+	2	1.337133	I:	D:
7220	7834	+	2	1.346296	I:	D:
7897	8334	-	1	1.232819	I:	D:
8399	9649	-	2	1.223690	I:	D:
9650	10795	-	2	1.251610	I:	D:
10839	11936	-	3	1.234289	I:	D:
11938	13257	-	1	1.225745	I:	D:
13251	14357	-	3	1.233245	I:	D:
14394	15308	-	3	1.226233	I:	D:
15312	16334	-	3	1.218683	I:	D:
16692	19409	+	3	1.245324	I:	D:
19513	20655	+	1	1.291470	I:	D:
20763	21305	+	3	1.281538	I:	D:
21317	22621	+	2	1.251149	I:	D:
22737	23780	+	3	1.238565	I:	D:
23859	24800	+	3	1.279785	I:	D:
24806	25378	+	2	1.289275	I:	D:
25392	27461	+	3	1.273827	I:	D:
27471	28697	+	3	1.266813	I:	D:
28716	29645	+	3	1.272932	I:	D:
29656	31533	+	1	1.265301	I:	D:
31530	32342	+	3	1.296010	I:	D:
32410	32784	+	1	1.234816	I:	D:
32818	33075	+	1	1.302432	I:	D:
33160	34626	+	1	1.244987	I:	D:
34630	35307	+	1	1.305569	I:	D:
35307	35927	+	3	1.280431	I:	D:
35955	36410	+	3	1.253088	I:	D:
36629	37006	-	2	1.269353	I:	D:
36852	37727	+	3	1.272579	I:	D:
37871	39124	-	2	1.282986	I:	D:
39326	39667	+	2	1.237411	I:	D:
39671	39955	+	2	1.283549	I:	D:
39960	40481	+	3	1.277744	I:	D:
40492	41250	+	1	1.253222	I:	D:
41253	41816	+	3	1.272078	I:	D:
41876	42787	+	2	1.251016	I:	D:
42791	44887	+	2	1.239740	I:	D:
44922	45797	+	3	1.282663	I:	D:
46124	48874	+	2	1.229276	I:	D:
49086	49427	+	3	1.248029	I:	D:
49521	50309	+	3	1.296937	I:	D:
50499	50984	+	3	1.254681	I:	D:
50984	52507	+	2	1.284915	I:	D:
52504	53439	+	1	1.302875	I:	D:
53454	54791	+	3	1.239783	I:	D:
54866	55708	+	2	1.292631	I:	D:
55928	56656	+	2	1.236591	I:	D:
56702	57571	+	2	1.254110	I:	D:
57713	58411	+	2	1.268950	I:	D:
58414	58950	+	1	1.265725	I:	D:
58952	59746	+	2	1.290726	I:	D:
59749	60648	+	1	1.288257	I:	D:
60648	61835	+	3	1.274603	I:	D:
61861	63222	+	1	1.287420	I:	D:
63236	64318	+	2	1.286074	I:	D:
64337	66040	+	2	1.252196	I:	D:
66214	66729	+	1	1.338625	I:	D:
66906	67577	+	3	1.282731	I:	D:
67670	68434	-	2	1.251340	I:	D:
68523	71171	-	3	1.236262	I:	D:
71670	72278	+	3	1.328884	I:	D:
72547	72735	-	1	1.349309	I:	D:
73187	73771	+	2	1.263859	I:	D:
73776	74720	+	3	1.252451	I:	D:
74704	75993	+	1	1.237441	I:	D:
76086	76877	+	3	1.264100	I:	D:
76892	77800	+	2	1.260782	I:	D:
77908	78510	+	1	1.249715	I:	D:
78750	79058	+	3	1.282400	I:	D:
79059	79628	+	3	1.286196	I:	D:
79634	79915	+	2	1.263401	I:	D:
79916	81160	+	2	1.286365	I:	D:
81374	82087	+	2	1.335646	I:	D:
82084	84387	+	1	1.332738	I:	D:
84424	85428	+	1	1.299858	I:	D:
85562	85828	+	2	1.260393	I:	D:
85879	87735	+	1	1.256428	I:	D:
87740	88783	+	2	1.254364	I:	D:
88786	90018	+	1	1.312264	I:	D:
90077	91180	+	2	1.287982	I:	D:
91262	92410	+	2	1.286634	I:	D:
92420	93712	+	2	1.287150	I:	D:
93693	94679	+	3	1.276837	I:	D:
94676	95185	+	2	1.236696	I:	D:
95195	95572	+	2	1.256979	I:	D:
95585	96652	+	2	1.251337	I:	D:
96668	97417	+	2	1.292000	I:	D:
97556	97834	+	2	1.262090	I:	D:
97985	100231	+	2	1.230961	I:	D:
100693	101160	+	1	1.347076	I:	D:
101442	101867	+	3	1.244946	I:	D:
>YB4_14229
245	1156	+	2	1.333237	I:	D:
1289	1726	+	2	1.294475	I:	D:
1911	4115	-	3	1.252583	I:	D:
4132	4266	+	1	1.382004	I:	D:
4278	6236	+	3	1.276501	I:	D:
6334	7545	+	1	1.228023	I:	D:
7768	9588	+	1	1.248273	I:	D:
9787	10581	+	1	1.297547	I:	D:
10700	11542	-	2	1.253019	I:	D:
11630	13048	-	2	1.248148	I:	D:
13126	13413	-	1	1.222568	I:	D:
13810	14505	-	1	1.291655	I:	D:
14536	14787	-	1	1.346100	I:	D:
14797	15309	-	1	1.343361	I:	D:
15445	17667	+	1	1.369917	I:	D:
17673	18413	+	3	1.350636	I:	D:
18567	20375	+	3	1.337593	I:	D:
20562	20987	+	3	1.254437	I:	D:
21274	24102	+	1	1.238671	I:	D:
24204	25250	+	3	1.257327	I:	D:
25382	26272	+	2	1.257609	I:	D:
26481	27311	+	3	1.235942	I:	D:
27313	28254	+	1	1.230459	I:	D:
28706	29926	+	2	1.252604	I:	D:
29913	30833	+	3	1.245612	I:	D:
30969	33104	+	3	1.270760	I:	D:
33282	33887	+	3	1.298872	I:	D:
33993	34574	+	3	1.321720	I:	D:
34779	35630	+	3	1.299137	I:	D:
35641	36564	+	1	1.299349	I:	D:
36622	38025	+	1	1.259002	I:	D:
38170	39222	+	1	1.313937	I:	D:
39315	39674	+	3	1.296764	I:	D:
39809	40219	-	2	1.312837	I:	D:
40751	41668	+	2	1.248849	I:	D:
41658	42128	+	3	1.212775	I:	D:
42335	42838	+	2	1.269937	I:	D:
42928	43071	+	1	1.311964	I:	D:
43460	44752	-	2	1.294612	I:	D:
44792	45565	-	2	1.261228	I:	D:
46104	50798	+	3	1.241516	I:	D:
50804	52285	+	2	1.242939	I:	D:
52710	53417	+	3	1.274708	I:	D:
53615	54691	+	2	1.333457	I:	D:
54955	56358	+	1	1.253713	I:	D:
56491	56964	-	1	1.276774	I:	D:
57145	57417	-	1	1.234689	I:	D:
57456	57788	-	3	1.286292	I:	D:
57825	60164	-	3	1.242447	I:	D:
60656	62740	-	2	1.275753	I:	D:
62912	63874	-	2	1.298665	I:	D:
64455	66653	+	3	1.227302	I:	D:
67273	68034	+	1	1.352314	I:	D:
68311	68841	+	1	1.307324	I:	D:
68848	69714	+	1	1.309669	I:	D:
69814	71430	+	1	1.270597	I:	D:
71434	72816	+	1	1.260972	I:	D:
73073	74905	+	2	1.240353	I:	D:
74899	76710	+	1	1.251096	I:	D:
76713	77765	+	3	1.242790	I:	D:
77802	79145	+	3	1.250864	I:	D:
79360	79563	+	1	1.280304	I:	D:
80113	80355	+	1	1.347669	I:	D:
80506	82644	-	1	1.258449	I:	D:
81505	83628	+	1	1.287615	I:	D:
83794	84960	+	1	1.242375	I:	D:
85072	85713	-	1	1.297024	I:	D:
85688	85846	+	2	1.317609	I:	D:
85944	86435	-	3	1.319104	I:	D:
86480	86749	-	2	1.356318	I:	D:
87023	88066	+	2	1.269110	I:	D:
88203	89303	-	3	1.247863	I:	D:
89485	90423	-	1	1.213908	I:	D:
90677	91105	+	2	1.268057	I:	D:
91246	91611	-	1	1.250494	I:	D:
91935	92234	+	3	1.277270	I:	D:
92420	95608	+	2	1.254878	I:	D:
95612	99238	+	2	1.243196	I:	D:
99374	99559	+	2	1.317994	I:	D:
99627	99881	+	3	1.282277	I:	D:
99985	101184	+	1	1.393468	I:	D:
101424	105227	+	3	1.248341	I:	D:
105256	108720	+	1	1.256450	I:	D:
108796	109233	+	1	1.302440	I:	D:
109351	111336	+	1	1.248817	I:	D:
111474	111995	+	3	1.285648	I:	D:
112034	112615	+	2	1.268345	I:	D:
112678	113682	+	1	1.267990	I:	D:
113827	115494	+	1	1.240883	I:	D:
115672	116661	+	1	1.303913	I:	D:
116674	118014	-	1	1.285631	I:	D:
118074	119411	+	3	1.292134	I:	D:
119426	120445	-	2	1.400553	I:	D:
120461	120625	+	2	1.349528	I:	D:
120658	121644	-	1	1.378721	I:	D:
121854	122300	+	3	1.392060	I:	D:
122786	124309	-	2	1.305516	I:	D:
124324	127413	-	1	1.318773	I:	D:
127595	128134	-	2	1.335349	I:	D:
128137	129858	-	1	1.337527	I:	D:
130877	131170	-	2	1.280563	I:	D:
131352	131663	-	3	1.338993	I:	D:
132006	132275	+	3	1.338878	I:	D:
132369	134861	-	3	1.303369	I:	D:
135167	135760	-	2	1.265490	I:	D:
136000	136629	-	1	1.298923	I:	D:
136977	137609	+	3	1.267022	I:	D:
137612	138466	+	2	1.266798	I:	D:
138821	140344	+	2	1.253892	I:	D:
140444	140860	+	2	1.235765	I:	D:
140869	142632	+	1	1.265754	I:	D:
142746	144215	-	3	1.385683	I:	D:
142983	146837	+	3	1.309393	I:	D:
146847	147740	+	3	1.342088	I:	D:
147900	148307	-	3	1.283930	I:	D:
148526	148921	-	2	1.265515	I:	D:
149000	150916	-	2	1.258571	I:	D:
151237	152127	+	1	1.297861	I:	D:
152208	153299	-	3	1.248166	I:	D:
153491	153661	+	2	1.318617	I:	D:
153686	154789	-	2	1.243762	I:	D:
154826	156976	-	2	1.245366	I:	D:
157109	157678	+	2	1.303358	I:	D:
157735	158316	+	1	1.283042	I:	D:
158381	159598	+	2	1.235522	I:	D:
159931	161700	-	1	1.250815	I:	D:
161941	162789	+	1	1.254647	I:	D:
163226	164365	+	2	1.246453	I:	D:
164579	165337	+	2	1.244316	I:	D:
165451	165750	+	1	1.351281	I:	D:
165753	166061	+	3	1.357085	I:	D:
166155	167015	-	3	1.235913	I:	D:
167172	167834	+	3	1.254503	I:	D:
167889	169325	+	3	1.250225	I:	D:
169646	170584	+	2	1.247839	I:	D:
170609	171517	+	2	1.242623	I:	D:
171510	172436	+	3	1.236810	I:	D:
172433	173305	+	2	1.245744	I:	D:
173509	175368	+	1	1.230854	I:	D:
175375	176145	+	1	1.252196	I:	D:
176358	176747	+	3	1.327280	I:	D:
177168	179120	-	3	1.235864	I:	D:
179220	179438	-	3	1.236075	I:	D:
179502	179867	-	3	1.252111	I:	D:
180287	181477	-	2	1.370466	I:	D:
181827	182795	-	3	1.227158	I:	D:
182967	184055	+	3	1.253805	I:	D:
184220	184702	-	2	1.245587	I:	D:
184703	185305	-	2	1.272905	I:	D:
185541	186212	+	3	1.262183	I:	D:
186296	186838	+	2	1.276798	I:	D:
186856	187491	+	1	1.270119	I:	D:
187625	188311	-	2	1.248229	I:	D:
188351	189571	-	2	1.267293	I:	D:
189750	190913	-	3	1.223635	I:	D:
190983	192107	-	3	1.239670	I:	D:
192223	192411	-	1	1.358420	I:	D:
192436	192582	+	1	1.371319	I:	D:
192771	193421	+	3	1.272942	I:	D:
193423	194115	+	1	1.276315	I:	D:
194194	197856	+	1	1.264848	I:	D:
197923	200439	+	1	1.329543	I:	D:
201436	202404	+	1	1.269024	I:	D:
202428	205136	+	3	1.298237	I:	D:
205148	207511	+	2	1.249675	I:	D:
207605	209182	+	2	1.298132	I:	D:
209338	210012	+	1	1.415639	I:	D:
210647	212248	-	2	1.246222	I:	D:
212154	212456	+	3	1.312746	I:	D:
212574	213413	+	3	1.268314	I:	D:
213728	215311	-	2	1.255764	I:	D:
215494	216195	+	1	1.283676	I:	D:
216135	217064	+	3	1.246828	I:	D:
217316	218986	+	2	1.244923	I:	D:
219292	219933	+	1	1.267064	I:	D:
220107	220556	+	3	1.255670	I:	D:
220676	221530	+	2	1.234990	I:	D:
221608	221928	+	1	1.310922	I:	D:
222312	223361	-	3	1.224530	I:	D:
223523	224782	-	2	1.270738	I:	D:
225257	226195	+	2	1.265788	I:	D:
226484	226924	+	2	1.269659	I:	D:
227006	228511	+	2	1.254925	I:	D:
228591	229718	+	3	1.227744	I:	D:
229917	231416	-	3	1.262082	I:	D:
231448	232734	+	1	1.221000	I:	D:
232794	233393	-	3	1.262600	I:	D:
233511	233996	-	3	1.270627	I:	D:
234339	236192	+	3	1.252572	I:	D:
236723	239296	+	2	1.259656	I:	D:
239610	241010	+	3	1.276637	I:	D:
241018	241467	+	1	1.306545	I:	D:
241583	242473	-	2	1.234659	I:	D:
242610	243791	-	3	1.267891	I:	D:
244511	245371	-	2	1.342517	I:	D:
245533	247059	-	1	1.297776	I:	D:
247316	248320	-	2	1.251371	I:	D:
248339	249073	-	2	1.270467	I:	D:
249477	250289	+	3	1.312990	I:	D:
250676	250837	+	2	1.302132	I:	D:
250948	251382	-	1	1.239141	I:	D:
251375	252700	-	2	1.241416	I:	D:
252697	253968	-	1	1.223016	I:	D:
253968	255380	-	3	1.241824	I:	D:
255393	256193	-	3	1.221538	I:	D:
256418	256849	+	2	1.239435	I:	D:
256989	258803	+	3	1.311198	I:	D:
259004	260803	+	2	1.340830	I:	D:
260824	261843	-	1	1.254768	I:	D:
262100	263203	+	2	1.320192	I:	D:
263210	264250	+	2	1.298196	I:	D:
264325	265443	+	1	1.293656	I:	D:
265456	266523	+	1	1.290171	I:	D:
266524	269010	+	1	1.298508	I:	D:
269196	269402	+	3	1.397707	I:	D:
269703	269843	+	3	1.320127	I:	D:
269981	270433	-	2	1.375940	I:	D:
270770	271528	+	2	1.408632	I:	D:
271638	274025	+	3	1.380974	I:	D:
274153	275550	+	1	1.417070	I:	D:
276505	277596	+	1	1.410459	I:	D:
277743	278759	-	3	1.436692	I:	D:
278793	279890	-	3	1.433207	I:	D:
281218	281538	-	1	1.349430	I:	D:
281812	281955	-	1	1.346905	I:	D:
282037	282363	+	1	1.433859	I:	D:
282907	284907	+	1	1.423762	I:	D:
284909	287290	+	2	1.434992	I:	D:
287300	288865	+	2	1.418788	I:	D:
288865	289896	+	1	1.409570	I:	D:
291056	291955	+	2	1.214830	I:	D:
292002	292460	+	3	1.385397	I:	D:
292473	293492	+	3	1.233054	I:	D:
293507	294556	+	2	1.227926	I:	D:
>YB4_14667
3	137	-	3	1.254881	I:	D:
215	373	+	2	1.336358	I:	D:
494	1495	+	2	1.321075	I:	D:
1888	3015	+	1	1.281162	I:	D:
3511	4965	-	1	1.302670	I:	D:
4967	6316	-	2	1.275027	I:	D:
6326	6619	-	2	1.274221	I:	D:
6666	6992	-	3	1.294347	I:	D:
7112	9007	-	2	1.306341	I:	D:
9441	9572	-	3	1.203124	I:	D:
>YB4_15379
3	530	-	3	1.230508	I:	D:
1485	2402	-	3	1.224990	I:	D:
2430	3845	-	3	1.407412	I:	D:
5121	6065	-	3	1.434750	I:	D:
6083	7300	-	2	1.393044	I:	D:
7293	8498	-	3	1.382399	I:	D:
8510	9628	-	2	1.380930	I:	D:
9628	10698	-	1	1.375016	I:	D:
10738	11499	-	1	1.244984	I:	D:
11577	12167	-	3	1.283932	I:	D:
12492	14255	-	3	1.236415	I:	D:
14481	14912	-	3	1.283275	I:	D:
15319	16773	+	1	1.250246	I:	D:
16775	18121	+	2	1.249821	I:	D:
18125	18523	+	2	1.253051	I:	D:
18812	19900	+	2	1.244456	I:	D:
20006	21406	-	2	1.292365	I:	D:
21630	24326	-	3	1.241160	I:	D:
24614	26020	-	2	1.240091	I:	D:
26022	26654	-	3	1.218739	I:	D:
26806	28107	-	1	1.219480	I:	D:
28153	28296	+	1	1.373523	I:	D:
28420	31251	-	1	1.226930	I:	D:
31251	32165	-	3	1.240654	I:	D:
32321	33676	-	2	1.227959	I:	D:
33934	34341	-	1	1.298184	I:	D:
34345	35001	-	1	1.277087	I:	D:
35265	37232	-	3	1.242045	I:	D:
37229	38686	-	2	1.243523	I:	D:
38739	40856	-	3	1.275952	I:	D:
40978	41817	-	1	1.233461	I:	D:
41857	42360	-	1	1.249401	I:	D:
42360	42941	-	3	1.249451	I:	D:
42942	43724	-	3	1.232059	I:	D:
43727	44443	-	2	1.250207	I:	D:
44445	46217	-	3	1.246672	I:	D:
46222	47787	-	1	1.242347	I:	D:
47791	48444	-	1	1.249169	I:	D:
48455	49912	-	2	1.266029	I:	D:
49929	50852	-	3	1.249626	I:	D:
50870	52888	-	2	1.253322	I:	D:
52881	53498	-	3	1.302636	I:	D:
53577	55331	-	3	1.264363	I:	D:
55380	55799	-	3	1.305962	I:	D:
55876	56394	-	1	1.267305	I:	D:
56822	57145	+	2	1.301222	I:	D:
57204	57599	-	3	1.296656	I:	D:
57950	59308	-	2	1.263447	I:	D:
59385	60494	-	3	1.271487	I:	D:
60521	60772	-	2	1.261290	I:	D:
60792	61418	-	3	1.238873	I:	D:
61479	62468	-	3	1.254478	I:	D:
62599	63363	-	1	1.242388	I:	D:
63414	64577	-	3	1.249786	I:	D:
64733	66016	-	2	1.257468	I:	D:
66448	67518	-	1	1.253951	I:	D:
67522	68946	-	1	1.291023	I:	D:
69033	69908	-	3	1.244636	I:	D:
70113	70592	-	3	1.290850	I:	D:
70603	71865	-	1	1.247338	I:	D:
72077	73498	+	2	1.283282	I:	D:
73586	74548	+	2	1.269175	I:	D:
74636	75016	-	2	1.293410	I:	D:
75098	75676	-	2	1.265037	I:	D:
75834	77144	-	3	1.285422	I:	D:
77283	78566	-	3	1.268902	I:	D:
78738	79244	+	3	1.269096	I:	D:
79312	79947	-	1	1.291349	I:	D:
80524	80706	-	1	1.371205	I:	D:
80970	81185	-	3	1.311176	I:	D:
81233	82288	-	2	1.272371	I:	D:
82429	83595	-	1	1.270506	I:	D:
83911	84669	+	1	1.293797	I:	D:
>YB4_15571
519	653	-	3	1.351386	I:	D:
1178	1594	+	2	1.305574	I:	D:
1730	2686	+	2	1.305642	I:	D:
2791	3141	+	1	1.398971	I:	D:
3392	4954	+	2	1.298107	I:	D:
5000	5269	+	2	1.347135	I:	D:
5280	6617	+	3	1.312332	I:	D:
6692	7549	-	2	1.338038	I:	D:
7936	8061	-	1	1.377087	I:	D:
>YB4_15677
1	1005	+	1	1.273437	I:	D:
1018	1767	+	1	1.274408	I:	D:
1855	2352	+	1	1.302069	I:	D:
2373	3224	+	3	1.264479	I:	D:
3339	3758	-	3	1.253155	I:	D:
3805	4509	-	1	1.333526	I:	D:
4684	5067	+	1	1.305311	I:	D:
5094	5519	-	3	1.262531	I:	D:
5512	7017	-	1	1.273956	I:	D:
7190	7765	+	2	1.250931	I:	D:
>YB4_16039
197	1597	-	2	1.289475	I:	D:
1594	2514	-	1	1.339775	I:	D:
2836	3378	-	1	1.266825	I:	D:
3391	5976	-	1	1.268873	I:	D:
5934	7409	-	3	1.216026	I:	D:
7630	8910	+	1	1.239187	I:	D:
9223	10830	+	1	1.241903	I:	D:
10971	12695	+	3	1.293089	I:	D:
12828	14240	+	3	1.266094	I:	D:
14240	15013	+	2	1.279032	I:	D:
15010	16224	+	1	1.271837	I:	D:
16401	17174	-	3	1.263872	I:	D:
17171	17812	-	2	1.259617	I:	D:
17813	18328	-	2	1.282330	I:	D:
18325	19824	-	1	1.249418	I:	D:
19817	21040	-	2	1.290600	I:	D:
21037	22011	-	1	1.261732	I:	D:
22011	22967	-	3	1.271225	I:	D:
23009	23638	-	2	1.278797	I:	D:
23773	24321	-	1	1.259405	I:	D:
24318	25460	-	3	1.261177	I:	D:
25453	26835	-	1	1.268092	I:	D:
26832	28304	-	3	1.259245	I:	D:
28292	29035	-	2	1.262150	I:	D:
29035	30126	-	1	1.276523	I:	D:
30169	30858	-	1	1.238541	I:	D:
30851	32203	-	2	1.253265	I:	D:
32037	32828	-	3	1.247708	I:	D:
32851	33108	-	1	1.337039	I:	D:
33034	34266	+	1	1.260709	I:	D:
34312	34944	+	1	1.270759	I:	D:
34949	36520	+	2	1.289909	I:	D:
36543	37565	+	3	1.283036	I:	D:
37566	38882	+	3	1.303039	I:	D:
38906	39106	-	2	1.340290	I:	D:
39140	39751	-	2	1.274789	I:	D:
39868	41175	-	1	1.319938	I:	D:
41554	43047	-	1	1.276297	I:	D:
43150	44082	-	1	1.262149	I:	D:
44272	45204	-	1	1.266039	I:	D:
45279	46982	-	3	1.228505	I:	D:
47116	47379	-	1	1.275040	I:	D:
47910	49913	-	3	1.244848	I:	D:
50186	51043	+	2	1.303152	I:	D:
51103	52731	-	1	1.262830	I:	D:
52721	53524	-	2	1.290555	I:	D:
53578	54390	-	1	1.276104	I:	D:
54417	54656	-	3	1.291148	I:	D:
54659	55243	-	2	1.215389	I:	D:
55247	55609	-	2	1.231444	I:	D:
55634	56197	-	2	1.260349	I:	D:
56382	57512	-	3	1.242763	I:	D:
57644	58753	-	2	1.291554	I:	D:
58750	59283	-	1	1.298888	I:	D:
59292	59789	-	3	1.275124	I:	D:
59791	61224	-	1	1.295015	I:	D:
61217	61645	-	2	1.272048	I:	D:
61663	64410	-	1	1.237252	I:	D:
64764	66176	-	3	1.291102	I:	D:
66173	66964	-	2	1.262786	I:	D:
66966	67343	-	3	1.283045	I:	D:
67336	67923	-	1	1.283450	I:	D:
68019	69368	-	3	1.284484	I:	D:
69429	70676	-	3	1.308546	I:	D:
70708	71130	-	1	1.320383	I:	D:
71211	72506	-	3	1.299089	I:	D:
72589	73602	-	1	1.278959	I:	D:
73602	74141	-	3	1.282118	I:	D:
74442	77243	-	3	1.254624	I:	D:
77730	78812	+	3	1.246040	I:	D:
>YB4_16252
16	165	-	1	1.329145	I:	D:
389	1816	+	2	1.254022	I:	D:
1913	3427	+	2	1.239321	I:	D:
3506	4990	+	2	1.265404	I:	D:
5301	6929	+	3	1.281219	I:	D:
7044	7217	+	3	1.259797	I:	D:
>YB4_16311
202	723	+	1	1.256376	I:	D:
963	1598	-	3	1.322335	I:	D:
1623	2840	-	3	1.283593	I:	D:
3106	4140	-	1	1.279918	I:	D:
4334	5035	+	2	1.274774	I:	D:
5320	7152	-	1	1.216536	I:	D:
>YB4_16389
3	869	-	3	1.232660	I:	D:
882	1784	-	3	1.209316	I:	D:
1788	2108	-	3	1.244763	I:	D:
2130	4538	-	3	1.226414	I:	D:
4682	5395	-	2	1.217889	I:	D:
5392	7863	-	1	1.226681	I:	D:
7866	8522	-	3	1.224683	I:	D:
8522	9025	-	2	1.181200	I:	D:
9134	9850	-	2	1.216033	I:	D:
9853	10251	-	1	1.219866	I:	D:
10253	10603	-	2	1.284349	I:	D:
10606	10935	-	1	1.232404	I:	D:
10932	11189	-	3	1.205829	I:	D:
11281	11436	-	1	1.209826	I:	D:
11451	12332	-	3	1.194925	I:	D:
12336	12893	-	3	1.181488	I:	D:
13086	13289	-	3	1.207588	I:	D:
13286	14911	-	2	1.232830	I:	D:
14962	16428	-	1	1.207143	I:	D:
16476	17759	-	3	1.234582	I:	D:
17743	18174	-	1	1.202743	I:	D:
18415	18564	-	1	1.205706	I:	D:
18609	18800	-	3	1.262609	I:	D:
18839	19009	-	2	1.296204	I:	D:
19012	19524	-	1	1.219506	I:	D:
19527	19718	-	3	1.283938	I:	D:
19715	19924	-	2	1.246758	I:	D:
20181	20576	-	3	1.243962	I:	D:
20563	21237	-	1	1.219055	I:	D:
21275	21976	-	2	1.281495	I:	D:
21996	22481	-	3	1.179933	I:	D:
22550	22903	-	2	1.212311	I:	D:
22904	23476	-	2	1.208484	I:	D:
23478	24488	-	3	1.197458	I:	D:
24489	25772	-	3	1.167872	I:	D:
25760	26056	-	2	1.194995	I:	D:
26099	26575	-	2	1.253904	I:	D:
26653	27018	-	1	1.191365	I:	D:
27015	27413	-	3	1.214521	I:	D:
27690	27890	-	3	1.220986	I:	D:
27940	28278	-	1	1.197490	I:	D:
28307	28504	-	2	1.374040	I:	D:
28606	29286	+	1	1.258450	I:	D:
29346	30017	+	3	1.333661	I:	D:
30020	31534	+	2	1.232299	I:	D:
32066	32944	+	2	1.249863	I:	D:
33102	33545	+	3	1.267651	I:	D:
33548	33943	+	2	1.259714	I:	D:
34067	35404	+	2	1.228247	I:	D:
35505	35972	+	3	1.308180	I:	D:
36244	36972	+	1	1.259924	I:	D:
37421	40420	+	2	1.324247	I:	D:
40490	40789	-	2	1.252820	I:	D:
40948	41835	-	1	1.363080	I:	D:
42161	43525	-	2	1.221256	I:	D:
43634	46192	-	2	1.226703	I:	D:
46202	46990	-	2	1.269602	I:	D:
46990	47862	-	1	1.292431	I:	D:
48287	50374	+	2	1.246646	I:	D:
50559	51320	+	3	1.352651	I:	D:
51777	53954	-	3	1.243691	I:	D:
54000	55043	-	3	1.261002	I:	D:
55043	56119	-	2	1.255656	I:	D:
56620	57843	+	1	1.243263	I:	D:
57927	59027	+	3	1.261161	I:	D:
59175	60242	+	3	1.313371	I:	D:
60394	61647	+	1	1.281366	I:	D:
61762	62838	+	1	1.206938	I:	D:
62850	63233	+	3	1.322378	I:	D:
63243	63632	-	3	1.355587	I:	D:
63709	63927	+	1	1.358622	I:	D:
63950	64963	-	2	1.269895	I:	D:
65231	66829	+	2	1.233189	I:	D:
67448	67861	-	2	1.213394	I:	D:
68002	68205	+	1	1.227988	I:	D:
68207	69277	+	2	1.248046	I:	D:
69283	69708	+	1	1.320226	I:	D:
69712	71415	-	1	1.290148	I:	D:
71467	71685	-	1	1.350681	I:	D:
71710	72594	-	1	1.362794	I:	D:
72596	75658	-	2	1.221425	I:	D:
75660	76385	-	3	1.314037	I:	D:
>YB4_16411
330	1346	-	3	1.282338	I:	D:
1722	4730	+	3	1.276104	I:	D:
4734	5189	+	3	1.267416	I:	D:
5343	6806	+	3	1.266305	I:	D:
>YB4_16520
3	449	-	3	1.304304	I:	D:
525	2432	-	3	1.267327	I:	D:
2624	2995	+	2	1.257755	I:	D:
3081	4430	-	3	1.290049	I:	D:
4556	5470	-	2	1.275319	I:	D:
5580	6098	-	3	1.314259	I:	D:
6108	6899	-	3	1.286868	I:	D:
>YB4_16526
167	553	+	2	1.341188	I:	D:
601	1092	-	1	1.320298	I:	D:
1168	3075	-	1	1.261027	I:	D:
3267	3638	+	3	1.257755	I:	D:
3724	5073	-	1	1.301336	I:	D:
5199	6113	-	3	1.273606	I:	D:
6217	6735	-	1	1.296006	I:	D:
6745	7593	-	1	1.289184	I:	D:
7760	8518	+	2	1.271365	I:	D:
8639	10114	-	2	1.237194	I:	D:
10125	11042	-	3	1.229901	I:	D:
11042	14578	-	2	1.247465	I:	D:
14589	15314	-	3	1.282814	I:	D:
15318	15560	-	3	1.228981	I:	D:
15685	16704	-	1	1.259238	I:	D:
16792	16971	-	1	1.360030	I:	D:
17036	17590	-	2	1.285929	I:	D:
17590	18102	-	1	1.256622	I:	D:
18156	18653	-	3	1.262214	I:	D:
18646	19302	-	1	1.257512	I:	D:
19299	21476	-	3	1.278975	I:	D:
21487	23148	-	1	1.248445	I:	D:
23176	23565	-	1	1.286039	I:	D:
23966	25330	-	2	1.253605	I:	D:
25426	27477	-	1	1.271441	I:	D:
27527	28534	-	2	1.302930	I:	D:
28531	29463	-	1	1.270108	I:	D:
29479	30522	-	1	1.277293	I:	D:
30515	30925	-	2	1.265512	I:	D:
30937	33651	-	1	1.234332	I:	D:
33743	34990	-	2	1.241523	I:	D:
34992	35741	-	3	1.311128	I:	D:
35857	36429	+	1	1.292599	I:	D:
36534	39110	-	3	1.246312	I:	D:
39373	40884	-	1	1.270869	I:	D:
41078	41425	+	2	1.275485	I:	D:
41651	42643	-	2	1.271630	I:	D:
42738	44270	-	3	1.292828	I:	D:
44378	45805	-	2	1.263192	I:	D:
45961	46947	-	1	1.261460	I:	D:
47200	47865	-	1	1.263311	I:	D:
47869	48660	-	1	1.270434	I:	D:
48647	50416	-	2	1.270716	I:	D:
50406	51950	-	3	1.275563	I:	D:
51954	53381	-	3	1.262753	I:	D:
53378	55258	-	2	1.271918	I:	D:
55255	56160	-	1	1.254434	I:	D:
56157	58295	-	3	1.271315	I:	D:
58642	59262	-	1	1.315859	I:	D:
59264	60493	-	2	1.325276	I:	D:
60813	61022	+	3	1.387728	I:	D:
61102	61233	+	1	1.343828	I:	D:
61470	62480	-	3	1.386945	I:	D:
62525	64315	-	2	1.403827	I:	D:
64595	65536	-	2	1.394847	I:	D:
66038	67099	-	2	1.383949	I:	D:
67148	67987	-	2	1.352091	I:	D:
68043	69437	-	3	1.408988	I:	D:
69639	70694	+	3	1.281600	I:	D:
70742	70957	+	2	1.316229	I:	D:
70963	72327	-	1	1.420440	I:	D:
72590	73663	-	2	1.418325	I:	D:
73757	75214	-	2	1.240821	I:	D:
75229	75786	-	1	1.248177	I:	D:
>YB4_17040
1	342	+	1	1.244658	I:	D:
449	985	-	2	1.293293	I:	D:
939	1547	-	3	1.314906	I:	D:
1743	3029	-	3	1.311268	I:	D:
3179	4201	-	2	1.272218	I:	D:
4408	4923	-	1	1.229544	I:	D:
4968	5345	-	3	1.247631	I:	D:
5338	5883	-	1	1.276999	I:	D:
6050	6379	-	2	1.232171	I:	D:
>YB4_17054
3	239	-	3	1.182252	I:	D:
313	837	-	1	1.280130	I:	D:
1202	4768	+	2	1.223083	I:	D:
4768	5187	+	1	1.326007	I:	D:
5307	6218	+	3	1.273676	I:	D:
>YB4_17411
3	2153	-	3	1.269935	I:	D:
2159	2860	-	2	1.265453	I:	D:
3132	3770	+	3	1.321909	I:	D:
3956	5191	+	2	1.284163	I:	D:
5336	5914	-	2	1.316217	I:	D:
6250	6387	-	1	1.242398	I:	D:
6613	7638	-	1	1.245812	I:	D:
7813	9201	-	1	1.240943	I:	D:
9260	10822	+	2	1.267390	I:	D:
11026	11907	+	1	1.253684	I:	D:
12111	12374	-	3	1.412802	I:	D:
12477	13490	+	3	1.416547	I:	D:
13723	14355	-	1	1.368538	I:	D:
14387	15070	-	2	1.383174	I:	D:
15165	15755	-	3	1.252948	I:	D:
15794	16534	-	2	1.287942	I:	D:
16613	16834	-	2	1.283461	I:	D:
16885	17703	-	1	1.285879	I:	D:
17891	18751	-	2	1.297134	I:	D:
19097	19243	+	2	1.333274	I:	D:
19251	20639	+	3	1.310110	I:	D:
20762	21013	-	2	1.276819	I:	D:
21099	23150	-	3	1.258290	I:	D:
23702	24151	+	2	1.304176	I:	D:
24148	26514	+	1	1.241371	I:	D:
26514	28370	+	3	1.237439	I:	D:
29064	29255	+	3	1.280712	I:	D:
29425	30663	+	1	1.235575	I:	D:
30660	31448	+	3	1.257725	I:	D:
31472	32260	+	2	1.265534	I:	D:
32257	32526	+	1	1.358864	I:	D:
32861	33892	-	2	1.251831	I:	D:
34233	34745	+	3	1.268907	I:	D:
35233	36402	-	1	1.370243	I:	D:
36654	38030	-	3	1.260380	I:	D:
38127	39773	-	3	1.282498	I:	D:
40071	41063	-	3	1.311987	I:	D:
41177	41383	+	2	1.323841	I:	D:
41420	42829	-	2	1.295669	I:	D:
42819	43001	-	3	1.325551	I:	D:
43369	44574	-	1	1.251560	I:	D:
44942	46381	-	2	1.245725	I:	D:
46515	47588	-	3	1.256359	I:	D:
47918	48883	+	2	1.321696	I:	D:
49211	51412	-	2	1.275843	I:	D:
51402	52187	-	3	1.247280	I:	D:
52329	53318	+	3	1.270777	I:	D:
53808	54332	+	3	1.343683	I:	D:
54387	54746	+	3	1.383989	I:	D:
54803	55426	+	2	1.367337	I:	D:
55749	56693	-	3	1.254216	I:	D:
56942	57745	+	2	1.266739	I:	D:
57812	58972	-	2	1.252381	I:	D:
59102	60133	-	2	1.272945	I:	D:
60400	61677	+	1	1.257965	I:	D:
61668	63296	+	3	1.247674	I:	D:
63631	64566	-	1	1.236440	I:	D:
64620	65501	-	3	1.280345	I:	D:
65621	66145	-	2	1.226385	I:	D:
66209	66637	-	2	1.243746	I:	D:
66945	67934	-	3	1.300888	I:	D:
68259	68597	-	3	1.242047	I:	D:
68811	69815	-	3	1.281668	I:	D:
70172	71941	+	2	1.241914	I:	D:
72008	73447	+	2	1.253708	I:	D:
73725	74753	-	3	1.301098	I:	D:
75098	76546	+	2	1.270973	I:	D:
76779	77834	+	3	1.275589	I:	D:
77882	78097	+	2	1.313024	I:	D:
78188	79948	+	2	1.248040	I:	D:
80121	81122	-	3	1.306693	I:	D:
81407	83185	+	2	1.259941	I:	D:
83260	84681	+	1	1.247844	I:	D:
84979	85245	+	1	1.334995	I:	D:
85235	85540	+	2	1.366609	I:	D:
85652	86443	-	2	1.268441	I:	D:
86623	87675	+	1	1.274717	I:	D:
88002	88484	-	3	1.316138	I:	D:
88636	88767	+	1	1.371747	I:	D:
89269	89580	-	1	1.300894	I:	D:
90309	90611	-	3	1.384213	I:	D:
90994	91713	-	1	1.252465	I:	D:
91710	92447	-	3	1.270289	I:	D:
92447	97903	-	2	1.252814	I:	D:
97924	98610	-	1	1.214824	I:	D:
98689	99393	-	1	1.273915	I:	D:
99455	100024	-	2	1.276422	I:	D:
100219	100749	-	1	1.359796	I:	D:
100836	101027	-	3	1.309304	I:	D:
101035	102642	-	1	1.304512	I:	D:
102648	103451	-	3	1.322119	I:	D:
103819	104052	+	1	1.394411	I:	D:
104407	105597	-	1	1.298123	I:	D:
106398	106637	-	3	1.372588	I:	D:
106725	107264	-	3	1.331276	I:	D:
107314	107529	-	1	1.325629	I:	D:
107686	108534	-	1	1.323629	I:	D:
108540	108794	-	3	1.361438	I:	D:
109037	109819	+	2	1.365139	I:	D:
109848	111128	-	3	1.372838	I:	D:
111758	112186	-	2	1.371384	I:	D:
112439	112597	+	2	1.270931	I:	D:
112899	113408	+	3	1.394091	I:	D:
113423	113788	+	2	1.386571	I:	D:
113924	114397	-	2	1.256688	I:	D:
114595	115530	-	1	1.255140	I:	D:
115590	116471	-	3	1.322938	I:	D:
115659	117212	+	3	1.286654	I:	D:
117288	118457	-	3	1.268816	I:	D:
118575	119741	-	3	1.265858	I:	D:
119856	120587	-	3	1.315981	I:	D:
120772	121854	-	1	1.256862	I:	D:
121844	122644	-	2	1.264243	I:	D:
122735	123217	-	2	1.301228	I:	D:
123254	123535	-	2	1.281378	I:	D:
123535	123978	-	1	1.275626	I:	D:
124679	125317	+	2	1.372314	I:	D:
125327	125563	+	2	1.317078	I:	D:
125677	126762	-	1	1.254294	I:	D:
126889	127974	-	1	1.241204	I:	D:
127981	128679	-	1	1.238642	I:	D:
128695	129123	-	1	1.232519	I:	D:
129129	130208	-	3	1.235582	I:	D:
130301	131254	-	2	1.260141	I:	D:
131334	131918	-	3	1.256865	I:	D:
132236	133636	-	2	1.316741	I:	D:
133994	135103	-	2	1.325361	I:	D:
135114	135920	-	3	1.294797	I:	D:
136023	137714	-	3	1.247632	I:	D:
137705	138832	-	2	1.250490	I:	D:
138834	139517	-	3	1.262270	I:	D:
139737	140720	+	3	1.283589	I:	D:
140863	143457	-	1	1.250044	I:	D:
143512	144195	-	1	1.250796	I:	D:
144251	144607	-	2	1.287716	I:	D:
144614	145405	-	2	1.243705	I:	D:
145405	146022	-	1	1.263392	I:	D:
146130	146444	-	3	1.257597	I:	D:
146511	147815	-	3	1.235678	I:	D:
147972	148226	+	3	1.228022	I:	D:
148366	149724	-	1	1.257868	I:	D:
149993	150916	-	2	1.227541	I:	D:
151083	152036	-	3	1.241572	I:	D:
152374	153093	+	1	1.286826	I:	D:
153166	154098	+	1	1.252666	I:	D:
154168	154356	-	1	1.370205	I:	D:
154380	157280	-	3	1.247201	I:	D:
157374	157502	-	3	1.278101	I:	D:
157508	158551	-	2	1.271420	I:	D:
158738	159175	+	2	1.257333	I:	D:
159487	160530	-	1	1.257163	I:	D:
160540	161211	-	1	1.253803	I:	D:
161447	162178	-	2	1.239056	I:	D:
162260	163867	-	2	1.244054	I:	D:
164145	164786	+	3	1.275947	I:	D:
165198	167180	-	3	1.274669	I:	D:
167539	168657	+	1	1.264745	I:	D:
168675	169400	-	3	1.290401	I:	D:
169486	169725	-	1	1.309390	I:	D:
169885	170196	+	1	1.387860	I:	D:
170350	170895	-	1	1.399863	I:	D:
171458	172000	+	2	1.242366	I:	D:
172019	172804	+	2	1.217407	I:	D:
172788	174083	+	3	1.247037	I:	D:
174159	174533	-	3	1.240132	I:	D:
174546	174833	-	3	1.267768	I:	D:
174997	175620	+	1	1.247369	I:	D:
175822	176823	-	1	1.257575	I:	D:
176844	177605	-	3	1.288080	I:	D:
177802	179091	-	1	1.219980	I:	D:
179280	180140	-	3	1.222069	I:	D:
180143	180691	-	2	1.231958	I:	D:
180747	181313	-	3	1.271906	I:	D:
181279	181458	-	1	1.321810	I:	D:
181457	182368	+	2	1.296836	I:	D:
182528	182845	-	2	1.241447	I:	D:
182861	183088	-	2	1.278836	I:	D:
183085	183426	-	1	1.308816	I:	D:
183570	184352	-	3	1.228892	I:	D:
184356	185099	-	3	1.220969	I:	D:
185096	185848	-	2	1.255259	I:	D:
185878	186465	-	1	1.234524	I:	D:
186466	187581	-	1	1.252397	I:	D:
187583	189019	-	2	1.227885	I:	D:
189125	190840	-	2	1.235909	I:	D:
191010	191846	-	3	1.299806	I:	D:
191940	192776	-	3	1.293019	I:	D:
192766	193557	-	1	1.258098	I:	D:
193566	194036	-	3	1.284471	I:	D:
194053	194469	-	1	1.281490	I:	D:
194556	195617	-	3	1.229181	I:	D:
195678	196793	-	3	1.303468	I:	D:
196987	197700	-	1	1.307648	I:	D:
197685	198452	-	3	1.322033	I:	D:
198491	198979	-	2	1.310069	I:	D:
199146	199364	-	3	1.341388	I:	D:
199393	200331	-	1	1.324263	I:	D:
200460	200639	+	3	1.362064	I:	D:
200655	203183	-	3	1.248748	I:	D:
203388	204539	-	3	1.297383	I:	D:
204612	205619	+	3	1.243872	I:	D:
205851	207056	-	3	1.269800	I:	D:
207325	208386	+	1	1.244976	I:	D:
208531	208803	-	1	1.328544	I:	D:
209055	210341	+	3	1.360048	I:	D:
210334	211002	+	1	1.370807	I:	D:
211272	211652	-	3	1.330958	I:	D:
211853	213349	-	2	1.391493	I:	D:
213471	213986	-	3	1.406371	I:	D:
214146	215201	+	3	1.275589	I:	D:
215249	215464	+	2	1.313024	I:	D:
215470	216234	-	1	1.406414	I:	D:
216301	217089	-	1	1.379313	I:	D:
217086	217904	-	3	1.367057	I:	D:
217904	218824	-	2	1.378117	I:	D:
219526	219855	-	1	1.379165	I:	D:
219864	220403	-	3	1.380855	I:	D:
220521	222137	-	3	1.397450	I:	D:
222649	223419	+	1	1.372759	I:	D:
223432	223614	+	1	1.327761	I:	D:
223934	224314	-	2	1.352529	I:	D:
224367	224639	+	3	1.341649	I:	D:
224934	226511	+	3	1.270411	I:	D:
226640	228907	+	2	1.231756	I:	D:
229364	230563	-	2	1.260043	I:	D:
230632	231471	-	1	1.289173	I:	D:
231471	232325	-	3	1.272432	I:	D:
232413	233729	-	3	1.262979	I:	D:
234036	234755	-	3	1.287728	I:	D:
234839	234976	-	2	1.333796	I:	D:
234980	237430	+	2	1.296541	I:	D:
237545	238570	+	2	1.263965	I:	D:
238710	239615	+	3	1.247868	I:	D:
240605	242821	-	2	1.279623	I:	D:
242981	244870	-	2	1.249524	I:	D:
245685	248069	-	3	1.269337	I:	D:
248056	248562	-	1	1.321377	I:	D:
248575	249195	-	1	1.286144	I:	D:
249204	250349	-	3	1.300920	I:	D:
250352	251968	-	2	1.312172	I:	D:
251969	252520	-	2	1.359892	I:	D:
>YB4_17946
2	199	+	2	1.234930	I:	D:
400	3855	-	1	1.265694	I:	D:
4038	5303	+	3	1.260881	I:	D:
5409	5660	-	3	1.334390	I:	D:
>YB4_18094
3	647	+	3	1.226064	I:	D:
746	1825	+	2	1.232099	I:	D:
1831	2259	+	1	1.227807	I:	D:
2275	2973	+	1	1.232806	I:	D:
2980	4065	+	1	1.232574	I:	D:
4192	5274	+	1	1.242322	I:	D:
>YB4_18402
337	1596	+	1	1.258463	I:	D:
1969	2487	+	1	1.297362	I:	D:
2541	3776	-	3	1.378626	I:	D:
3788	4582	-	2	1.375317	I:	D:
4566	5348	-	3	1.289926	I:	D:
5345	8590	-	2	1.229092	I:	D:
8595	8819	-	3	1.220064	I:	D:
8976	9386	-	3	1.306031	I:	D:
9568	10170	+	1	1.260483	I:	D:
10376	11140	+	2	1.215019	I:	D:
11127	12083	+	3	1.214582	I:	D:
12294	12740	+	3	1.260228	I:	D:
12728	13999	+	2	1.227606	I:	D:
13996	14550	+	1	1.254623	I:	D:
14677	15288	+	1	1.322731	I:	D:
15521	16252	-	2	1.247823	I:	D:
16325	19051	-	2	1.210063	I:	D:
19064	19522	-	2	1.239191	I:	D:
19632	20633	-	3	1.219055	I:	D:
20636	21355	-	2	1.195655	I:	D:
21365	22966	-	2	1.230680	I:	D:
22969	25293	-	1	1.211818	I:	D:
25415	25840	-	2	1.264774	I:	D:
25853	26068	-	2	1.184923	I:	D:
26153	27856	-	2	1.213212	I:	D:
27967	28518	-	1	1.215158	I:	D:
28575	29108	-	3	1.223071	I:	D:
29310	30098	-	3	1.227432	I:	D:
30113	30628	-	2	1.308375	I:	D:
30634	30882	-	1	1.262090	I:	D:
30961	31179	-	1	1.359169	I:	D:
31918	32367	-	1	1.291537	I:	D:
32731	33033	-	1	1.249979	I:	D:
33213	34067	-	3	1.362910	I:	D:
34109	34765	-	2	1.360301	I:	D:
34795	34995	-	1	1.365873	I:	D:
35139	35699	+	3	1.287158	I:	D:
35783	36547	-	2	1.288512	I:	D:
36619	37317	-	1	1.306790	I:	D:
37321	38403	-	1	1.282599	I:	D:
38430	38987	+	3	1.280834	I:	D:
39465	39815	+	3	1.318927	I:	D:
39915	40445	+	3	1.291970	I:	D:
40626	41915	+	3	1.399115	I:	D:
42015	44255	-	3	1.247591	I:	D:
44301	46298	-	3	1.258896	I:	D:
46734	46964	+	3	1.324747	I:	D:
46974	47558	+	3	1.340823	I:	D:
47649	48332	-	3	1.310578	I:	D:
48094	52017	-	1	1.324818	I:	D:
52173	53177	-	3	1.288041	I:	D:
53475	54455	+	3	1.222978	I:	D:
54572	55720	-	2	1.289179	I:	D:
55717	56391	-	1	1.289613	I:	D:
56451	56627	+	3	1.345413	I:	D:
56671	57531	+	1	1.334821	I:	D:
57567	58529	+	3	1.266978	I:	D:
58756	60447	+	1	1.303625	I:	D:
60643	63924	+	1	1.288583	I:	D:
64084	64572	+	1	1.379252	I:	D:
>YB4_18736
1	618	-	1	1.305171	I:	D:
615	1289	-	3	1.334544	I:	D:
1371	1526	+	3	1.310104	I:	D:
1552	2421	+	1	1.322931	I:	D:
2445	3422	+	3	1.298981	I:	D:
3676	5148	+	1	1.284478	I:	D:
>YB4_18867
1	909	+	1	1.229013	I:	D:
1227	1784	+	3	1.282450	I:	D:
2057	2215	+	2	1.333596	I:	D:
2573	3907	-	2	1.268556	I:	D:
4243	4665	+	1	1.311653	I:	D:
4736	5074	+	2	1.303153	I:	D:
>YB4_18989
3	830	+	3	1.298348	I:	D:
1015	2397	+	1	1.292608	I:	D:
2443	3894	+	1	1.276096	I:	D:
3996	4991	+	3	1.319431	I:	D:
>YB4_19231
271	603	-	1	1.230880	I:	D:
613	915	-	1	1.248215	I:	D:
1077	2420	-	3	1.277237	I:	D:
2541	3941	-	3	1.281632	I:	D:
4245	4868	+	3	1.309468	I:	D:
>YB4_19297
3	398	+	3	1.293964	I:	D:
522	1052	+	3	1.378393	I:	D:
1160	1612	+	2	1.375057	I:	D:
1664	3019	+	2	1.249001	I:	D:
3147	4829	+	3	1.252160	I:	D:
>YB4_19510
455	757	+	2	1.258125	I:	D:
816	1589	+	3	1.240287	I:	D:
1579	2403	+	1	1.203679	I:	D:
2492	2911	+	2	1.356928	I:	D:
2980	4035	+	1	1.275589	I:	D:
4083	4298	+	3	1.313024	I:	D:
4389	4847	+	3	1.305165	I:	D:
5073	5732	+	3	1.296722	I:	D:
5820	6140	-	3	1.357303	I:	D:
6049	6621	+	1	1.199263	I:	D:
6713	7927	+	2	1.290661	I:	D:
8011	8274	-	1	1.378548	I:	D:
8291	9025	+	2	1.282513	I:	D:
9245	9670	+	2	1.318704	I:	D:
10134	10640	+	3	1.373868	I:	D:
>YB4_19511
93	470	-	3	1.249771	I:	D:
704	1366	-	2	1.345369	I:	D:
1332	1772	+	3	1.277000	I:	D:
1855	2139	+	1	1.259166	I:	D:
2154	3452	+	3	1.301572	I:	D:
3806	5140	-	2	1.244297	I:	D:
6812	8044	+	2	1.222504	I:	D:
8048	8908	+	2	1.232648	I:	D:
8908	9453	+	1	1.272398	I:	D:
9540	9725	-	3	1.311098	I:	D:
10384	12276	+	1	1.206162	I:	D:
>YB4_19589
318	1964	+	3	1.262575	I:	D:
1966	4743	+	1	1.274373	I:	D:
4743	6254	+	3	1.289237	I:	D:
6281	6778	+	2	1.239719	I:	D:
6806	8155	+	2	1.255846	I:	D:
8165	8803	+	2	1.274386	I:	D:
8816	9346	+	2	1.285383	I:	D:
9604	10752	+	1	1.266983	I:	D:
10764	11456	+	3	1.305583	I:	D:
11713	13263	+	1	1.260239	I:	D:
13265	14350	+	2	1.315857	I:	D:
14425	14742	+	1	1.323471	I:	D:
14788	16158	+	1	1.298530	I:	D:
16281	17096	+	3	1.312125	I:	D:
17147	17329	-	2	1.339263	I:	D:
17333	18385	+	2	1.303137	I:	D:
18418	18588	+	1	1.377985	I:	D:
18773	18943	+	2	1.368463	I:	D:
19074	19718	-	3	1.310110	I:	D:
19879	20331	+	1	1.339578	I:	D:
20383	20826	+	1	1.340342	I:	D:
20831	21274	+	2	1.321651	I:	D:
21745	23046	-	1	1.310101	I:	D:
23165	24103	+	2	1.317138	I:	D:
24258	24869	+	3	1.321849	I:	D:
24943	25809	-	1	1.328685	I:	D:
25987	27099	-	1	1.282785	I:	D:
27132	27662	-	3	1.299497	I:	D:
27703	28581	-	1	1.300667	I:	D:
28585	29019	-	1	1.281572	I:	D:
29086	29916	-	1	1.311251	I:	D:
30187	30915	+	1	1.239533	I:	D:
30912	31682	+	3	1.268515	I:	D:
31688	32497	+	2	1.240172	I:	D:
32490	32891	+	3	1.253008	I:	D:
32937	33599	+	3	1.251099	I:	D:
33626	35023	+	2	1.247237	I:	D:
35141	35479	+	2	1.421842	I:	D:
35788	37002	-	1	1.276228	I:	D:
37005	37724	-	3	1.243297	I:	D:
37721	38530	-	2	1.299123	I:	D:
38336	38503	+	2	1.332512	I:	D:
38527	39705	-	1	1.250582	I:	D:
39712	40383	-	1	1.244531	I:	D:
40402	41409	-	1	1.264984	I:	D:
41419	42102	-	1	1.258500	I:	D:
42095	43429	-	2	1.230999	I:	D:
43440	44882	-	3	1.270495	I:	D:
44885	45784	-	2	1.238500	I:	D:
45787	46515	-	1	1.260855	I:	D:
46519	47205	-	1	1.225544	I:	D:
47271	48200	-	3	1.247765	I:	D:
48223	48951	-	1	1.236942	I:	D:
48963	49784	-	3	1.225711	I:	D:
49869	50552	-	3	1.246135	I:	D:
50562	50858	-	3	1.226180	I:	D:
50845	52941	-	1	1.240691	I:	D:
53076	53354	+	3	1.356964	I:	D:
53436	54593	-	3	1.365692	I:	D:
55186	55974	-	1	1.262623	I:	D:
56267	56866	-	2	1.395366	I:	D:
56937	58232	-	3	1.385662	I:	D:
59615	60721	-	2	1.291231	I:	D:
60937	62727	-	1	1.419337	I:	D:
62980	63750	+	1	1.296060	I:	D:
63827	64036	+	2	1.264568	I:	D:
64084	64299	+	1	1.316229	I:	D:
64762	66150	-	1	1.343836	I:	D:
66179	66415	-	2	1.307107	I:	D:
66416	66673	+	2	1.359740	I:	D:
67053	67325	-	3	1.322402	I:	D:
67337	67795	-	2	1.341848	I:	D:
67825	67980	+	1	1.387539	I:	D:
68169	69269	-	3	1.353255	I:	D:
69461	69652	-	2	1.364978	I:	D:
69759	70202	-	3	1.399557	I:	D:
70526	71908	-	2	1.373641	I:	D:
72044	72967	-	2	1.424278	I:	D:
74355	75548	-	3	1.388133	I:	D:
75560	77020	-	2	1.244121	I:	D:
77035	78054	-	1	1.253581	I:	D:
78067	78966	-	1	1.227742	I:	D:
78970	79845	-	1	1.349446	I:	D:
79845	80624	-	3	1.349309	I:	D:
80691	81242	-	3	1.322825	I:	D:
81627	82073	-	3	1.405802	I:	D:
82180	82446	-	1	1.360117	I:	D:
>YB4_19593
389	808	-	2	1.246622	I:	D:
1298	1537	-	2	1.291045	I:	D:
1759	2160	+	1	1.308703	I:	D:
2329	2934	-	1	1.260459	I:	D:
3509	4633	-	2	1.278742	I:	D:
4769	6010	-	2	1.240799	I:	D:
6568	8970	+	1	1.260855	I:	D:
9084	10397	+	3	1.267452	I:	D:
10489	11046	+	1	1.265227	I:	D:
11043	11624	+	3	1.257367	I:	D:
11724	12725	+	3	1.255267	I:	D:
12805	12939	+	1	1.339091	I:	D:
13087	14118	-	1	1.283666	I:	D:
14111	15313	-	2	1.271460	I:	D:
15545	16525	+	2	1.229936	I:	D:
16681	16929	-	1	1.368833	I:	D:
16953	17207	-	3	1.292459	I:	D:
17386	17892	-	1	1.327314	I:	D:
18094	19233	-	1	1.318224	I:	D:
19354	20514	-	1	1.363913	I:	D:
20634	21524	-	3	1.388130	I:	D:
21566	21901	-	2	1.260456	I:	D:
21951	22217	-	3	1.251437	I:	D:
22260	23711	-	3	1.277158	I:	D:
23827	24531	-	1	1.296763	I:	D:
24596	25729	-	2	1.264833	I:	D:
25828	26745	+	1	1.257667	I:	D:
27154	29085	+	1	1.292876	I:	D:
29213	29341	+	2	1.306931	I:	D:
29487	30062	+	3	1.230491	I:	D:
30277	32028	+	1	1.271100	I:	D:
32021	32767	+	2	1.240429	I:	D:
32892	33722	-	3	1.279759	I:	D:
33723	34979	-	3	1.275307	I:	D:
35374	36507	+	1	1.272468	I:	D:
36606	36821	-	3	1.317047	I:	D:
36869	37924	-	2	1.283014	I:	D:
38010	39401	-	3	1.331003	I:	D:
39488	39910	-	2	1.279201	I:	D:
39943	40386	-	1	1.300316	I:	D:
40550	40873	-	2	1.317619	I:	D:
40876	42063	-	1	1.276290	I:	D:
42443	44752	+	2	1.262491	I:	D:
44763	45485	+	3	1.263606	I:	D:
45525	46244	+	3	1.241419	I:	D:
46534	47538	-	1	1.246553	I:	D:
47650	48810	-	1	1.319334	I:	D:
48926	49876	-	2	1.256978	I:	D:
50078	51331	-	2	1.261905	I:	D:
51359	53299	-	2	1.253925	I:	D:
53672	55558	-	2	1.428691	I:	D:
56001	57185	-	3	1.424254	I:	D:
57163	57444	-	1	1.409005	I:	D:
57545	58018	-	2	1.354013	I:	D:
57938	58882	+	2	1.275840	I:	D:
59021	60322	+	2	1.272556	I:	D:
60747	61874	-	3	1.436610	I:	D:
62155	63834	-	1	1.239666	I:	D:
64019	64723	-	2	1.299547	I:	D:
64716	64994	-	3	1.299271	I:	D:
65456	66253	+	2	1.277987	I:	D:
66310	67050	+	1	1.339999	I:	D:
67130	68647	-	2	1.347202	I:	D:
68654	69478	-	2	1.318306	I:	D:
69497	69925	-	2	1.334458	I:	D:
69928	70788	-	1	1.313017	I:	D:
70816	71616	-	1	1.322366	I:	D:
71738	72601	-	2	1.287886	I:	D:
72616	73584	-	1	1.284755	I:	D:
73647	74498	-	3	1.294347	I:	D:
74500	76083	-	1	1.312140	I:	D:
76093	77556	-	1	1.299543	I:	D:
77775	78518	-	3	1.351611	I:	D:
78669	79328	-	3	1.284089	I:	D:
79393	80322	-	1	1.280334	I:	D:
80472	82166	-	3	1.239736	I:	D:
82367	82942	-	2	1.276237	I:	D:
83118	84623	+	3	1.270058	I:	D:
84616	85041	+	1	1.281297	I:	D:
85070	85453	-	2	1.314120	I:	D:
85630	86334	+	1	1.332978	I:	D:
86381	86800	+	2	1.240920	I:	D:
86916	87668	-	3	1.267092	I:	D:
87681	89018	-	3	1.274035	I:	D:
89159	90019	-	2	1.259700	I:	D:
90167	91033	-	2	1.305557	I:	D:
91179	92198	-	3	1.330840	I:	D:
92289	93596	-	3	1.323561	I:	D:
93843	94043	-	3	1.318031	I:	D:
94231	95112	-	1	1.309739	I:	D:
95320	96630	-	1	1.261194	I:	D:
96906	97844	+	3	1.308117	I:	D:
97908	98393	+	3	1.262722	I:	D:
98469	99575	+	3	1.277872	I:	D:
99578	99988	+	2	1.322459	I:	D:
100050	100430	+	3	1.286768	I:	D:
100508	101305	-	2	1.278881	I:	D:
101388	101963	-	3	1.294707	I:	D:
101967	102395	-	3	1.243282	I:	D:
102516	103529	+	3	1.258922	I:	D:
103571	104380	+	2	1.305892	I:	D:
104387	104872	-	2	1.278120	I:	D:
104916	105497	-	3	1.303410	I:	D:
105500	106057	-	2	1.278370	I:	D:
106124	106705	-	2	1.347213	I:	D:
107132	109354	-	2	1.275482	I:	D:
109923	110390	-	3	1.318143	I:	D:
110491	111690	-	1	1.283279	I:	D:
111765	112877	-	3	1.297536	I:	D:
112881	113888	-	3	1.262210	I:	D:
113894	114127	-	2	1.247953	I:	D:
114232	114654	-	1	1.294215	I:	D:
114693	115958	-	3	1.287137	I:	D:
116301	116918	-	3	1.317686	I:	D:
116947	117585	-	1	1.340636	I:	D:
>YB4_19620
3	158	-	3	1.350637	I:	D:
248	1732	-	2	1.324841	I:	D:
1805	2698	-	2	1.305380	I:	D:
2709	3152	-	3	1.299104	I:	D:
3189	4499	+	3	1.275302	I:	D:
4751	5986	-	2	1.280669	I:	D:
5999	7282	-	2	1.268854	I:	D:
7371	7763	-	3	1.291567	I:	D:
7767	9221	-	3	1.246413	I:	D:
9221	9724	-	2	1.288541	I:	D:
9741	10130	-	3	1.259885	I:	D:
10136	11734	-	2	1.243601	I:	D:
11734	12210	-	1	1.259848	I:	D:
12200	12802	-	2	1.233324	I:	D:
12818	13012	-	2	1.273902	I:	D:
13137	13940	-	3	1.252860	I:	D:
13944	14255	-	3	1.296685	I:	D:
14536	15183	-	1	1.235236	I:	D:
15307	16848	-	1	1.269919	I:	D:
16862	17605	-	2	1.262526	I:	D:
17740	18186	-	1	1.308625	I:	D:
18452	19702	-	2	1.240756	I:	D:
20346	21413	-	3	1.235088	I:	D:
21704	23119	-	2	1.261395	I:	D:
23192	23977	-	2	1.249903	I:	D:
24000	25148	-	3	1.249169	I:	D:
25158	26084	-	3	1.272179	I:	D:
26341	27234	-	1	1.263953	I:	D:
27314	28183	-	2	1.280686	I:	D:
28358	29272	-	2	1.265501	I:	D:
29302	29880	-	1	1.253948	I:	D:
30071	31558	-	2	1.241471	I:	D:
31700	33157	-	2	1.241340	I:	D:
33400	34347	-	1	1.245219	I:	D:
34509	35750	+	3	1.284213	I:	D:
35807	36253	+	2	1.262543	I:	D:
36466	37827	-	1	1.319336	I:	D:
38102	38431	-	2	1.296424	I:	D:
38424	39248	-	3	1.256745	I:	D:
39575	40078	+	2	1.268755	I:	D:
40071	41885	+	3	1.235012	I:	D:
41878	43809	+	1	1.223364	I:	D:
44004	44882	-	3	1.280465	I:	D:
45116	45997	+	2	1.234907	I:	D:
46063	47319	+	1	1.220749	I:	D:
47387	48427	+	2	1.217118	I:	D:
48848	50995	+	2	1.229131	I:	D:
51232	51363	+	1	1.337850	I:	D:
51376	52080	-	1	1.253402	I:	D:
52404	53795	-	3	1.283580	I:	D:
53867	54142	-	2	1.277467	I:	D:
54218	54664	-	2	1.326824	I:	D:
54674	55384	-	2	1.289467	I:	D:
55733	56524	+	2	1.312649	I:	D:
56570	57397	-	2	1.268566	I:	D:
57473	60040	+	2	1.218070	I:	D:
60098	61315	-	2	1.288324	I:	D:
61437	62150	-	3	1.233053	I:	D:
62155	63780	-	1	1.238723	I:	D:
63894	64118	-	3	1.269764	I:	D:
64150	66177	-	1	1.237021	I:	D:
66336	67184	-	3	1.256249	I:	D:
67398	69698	+	3	1.231983	I:	D:
70007	70705	-	2	1.351878	I:	D:
70708	70884	-	1	1.314591	I:	D:
70975	72165	-	1	1.294196	I:	D:
72276	72647	-	3	1.306937	I:	D:
72649	78111	-	1	1.306203	I:	D:
78115	78762	-	1	1.285071	I:	D:
78860	79546	-	2	1.301046	I:	D:
79617	80039	-	3	1.302420	I:	D:
80897	81448	-	2	1.281067	I:	D:
81772	83631	-	1	1.238050	I:	D:
83632	85488	-	1	1.239665	I:	D:
85741	86193	+	1	1.326788	I:	D:
86335	86694	+	1	1.329108	I:	D:
86878	87228	-	1	1.382516	I:	D:
87233	98863	-	2	1.265425	I:	D:
98905	99174	+	1	1.369227	I:	D:
>YB4_19694
3	1097	-	3	1.271584	I:	D:
1260	3464	+	3	1.253352	I:	D:
3649	4086	-	1	1.290731	I:	D:
4219	5268	-	1	1.329011	I:	D:
5421	6245	-	3	1.319987	I:	D:
6338	6820	-	2	1.272579	I:	D:
6851	7792	-	2	1.276725	I:	D:
7825	8421	-	1	1.283668	I:	D:
8441	8845	-	2	1.301568	I:	D:
8860	9234	-	1	1.286628	I:	D:
9513	9731	-	3	1.311276	I:	D:
9836	10624	-	2	1.306542	I:	D:
10621	11247	-	1	1.271974	I:	D:
11266	12552	-	1	1.264721	I:	D:
12546	12995	-	3	1.268230	I:	D:
12999	13181	-	3	1.279146	I:	D:
13184	13708	-	2	1.261406	I:	D:
13723	14091	-	1	1.253251	I:	D:
14167	14703	-	1	1.266031	I:	D:
14737	15135	-	1	1.289878	I:	D:
15255	15440	-	3	1.321473	I:	D:
15520	16077	-	1	1.244606	I:	D:
16399	17775	-	1	1.300324	I:	D:
17970	19013	-	3	1.233281	I:	D:
19023	19817	-	3	1.274663	I:	D:
19919	20656	+	2	1.265262	I:	D:
20702	22069	-	2	1.250273	I:	D:
22079	22693	-	2	1.310621	I:	D:
22844	24046	-	2	1.241006	I:	D:
24248	25633	-	2	1.256156	I:	D:
25872	27086	-	3	1.242565	I:	D:
27364	28017	+	1	1.261737	I:	D:
28141	29124	+	1	1.298234	I:	D:
29425	29964	-	1	1.333132	I:	D:
30200	30784	-	2	1.357218	I:	D:
30777	31337	-	3	1.360107	I:	D:
31425	31649	-	3	1.301138	I:	D:
31701	32003	-	3	1.335510	I:	D:
32002	32604	+	1	1.350823	I:	D:
32674	32808	+	1	1.329479	I:	D:
32853	33011	-	3	1.364783	I:	D:
33277	33411	+	1	1.341093	I:	D:
33691	34335	-	1	1.402164	I:	D:
34526	35263	-	2	1.362071	I:	D:
35825	36520	-	2	1.264324	I:	D:
>YB4_19783
3	278	-	3	1.227615	I:	D:
816	1157	+	3	1.339107	I:	D:
1151	1939	+	2	1.277582	I:	D:
1939	2982	+	1	1.265516	I:	D:
3028	5205	+	1	1.246805	I:	D:
5718	5933	-	3	1.311176	I:	D:
5981	6190	-	2	1.255679	I:	D:
6283	7035	-	1	1.300999	I:	D:
7294	9381	-	1	1.253408	I:	D:
9806	10678	+	2	1.289032	I:	D:
10678	11466	+	1	1.272466	I:	D:
11476	14034	+	1	1.231657	I:	D:
14143	15507	+	1	1.228324	I:	D:
15833	16720	+	2	1.352143	I:	D:
16879	17178	+	1	1.255115	I:	D:
17248	20247	-	1	1.307823	I:	D:
20696	21424	-	2	1.258929	I:	D:
21696	22163	-	3	1.296522	I:	D:
22264	23601	-	1	1.236289	I:	D:
23725	24120	-	1	1.258948	I:	D:
24123	24566	-	3	1.263553	I:	D:
24724	25602	-	1	1.254531	I:	D:
26553	26768	+	3	1.377824	I:	D:
26850	27221	+	3	1.271904	I:	D:
27280	27795	-	1	1.287074	I:	D:
27792	28127	-	3	1.263601	I:	D:
28289	30364	-	2	1.244982	I:	D:
30383	30628	-	2	1.250413	I:	D:
30721	30987	-	1	1.325320	I:	D:
31035	32084	-	3	1.287810	I:	D:
32283	34040	-	3	1.253429	I:	D:
34041	35864	-	3	1.296561	I:	D:
35985	36983	+	3	1.316694	I:	D:
37281	38957	-	3	1.233162	I:	D:
38957	40471	-	2	1.225464	I:	D:
40471	40782	-	1	1.243940	I:	D:
40816	40992	-	1	1.318639	I:	D:
41109	42047	-	3	1.231048	I:	D:
42309	42458	-	3	1.325596	I:	D:
43067	44872	-	2	1.325993	I:	D:
44933	46600	-	2	1.217370	I:	D:
46593	50060	-	3	1.358145	I:	D:
50599	51420	-	1	1.240337	I:	D:
51631	52950	-	1	1.285771	I:	D:
53176	54480	-	1	1.241468	I:	D:
54485	55540	-	2	1.262244	I:	D:
55679	56812	-	2	1.357151	I:	D:
57028	58926	-	1	1.227203	I:	D:
58919	60748	-	2	1.247313	I:	D:
61010	62356	+	2	1.241794	I:	D:
62412	63260	+	3	1.271823	I:	D:
63319	65217	-	1	1.224383	I:	D:
67397	67906	-	2	1.390249	I:	D:
67764	68033	-	3	1.327527	I:	D:
68138	68455	-	2	1.252388	I:	D:
68494	68703	+	1	1.341670	I:	D:
68797	69540	-	1	1.277640	I:	D:
69685	70707	-	1	1.227695	I:	D:
70943	71977	+	2	1.245154	I:	D:
72233	72874	+	2	1.229103	I:	D:
73268	73960	-	2	1.328070	I:	D:
74502	75755	-	3	1.347318	I:	D:
75999	76202	-	3	1.360420	I:	D:
76419	78368	-	3	1.228878	I:	D:
78614	79204	-	2	1.247251	I:	D:
79217	81271	-	2	1.227644	I:	D:
81288	83111	-	3	1.253377	I:	D:
83445	86180	+	3	1.299597	I:	D:
86173	86877	+	1	1.298370	I:	D:
87167	87367	-	2	1.332492	I:	D:
87571	89901	-	1	1.251717	I:	D:
90025	90246	-	1	1.274281	I:	D:
90286	90528	-	1	1.285931	I:	D:
90720	90968	-	3	1.293720	I:	D:
91112	92899	-	2	1.228775	I:	D:
93365	93808	+	2	1.233872	I:	D:
93925	94707	+	1	1.239420	I:	D:
94718	95644	+	2	1.265017	I:	D:
95814	96047	-	3	1.321517	I:	D:
96064	96204	+	1	1.370739	I:	D:
96504	97235	-	3	1.264046	I:	D:
97285	98562	-	1	1.283666	I:	D:
99059	101884	-	2	1.244731	I:	D:
102130	103443	-	1	1.227910	I:	D:
103748	103963	-	2	1.274085	I:	D:
103986	104156	-	3	1.260232	I:	D:
104280	104990	-	3	1.255592	I:	D:
>YB4_19799
108	1238	-	3	1.248700	I:	D:
1454	1813	+	2	1.251186	I:	D:
1837	2718	+	1	1.278776	I:	D:
2715	3413	+	3	1.311409	I:	D:
3502	4800	-	1	1.258286	I:	D:
4926	5459	-	3	1.282938	I:	D:
5496	5921	-	3	1.279624	I:	D:
6087	7355	+	3	1.312557	I:	D:
7690	8922	+	1	1.276348	I:	D:
8964	9443	+	3	1.321091	I:	D:
9540	10751	-	3	1.274257	I:	D:
10864	11619	-	1	1.297875	I:	D:
11682	12587	+	3	1.289148	I:	D:
12639	12884	+	3	1.290532	I:	D:
13213	13998	+	1	1.327662	I:	D:
13973	14824	+	2	1.319948	I:	D:
14949	15908	-	3	1.286320	I:	D:
16441	16680	+	1	1.285095	I:	D:
16680	16967	+	3	1.294722	I:	D:
17031	18164	+	3	1.296477	I:	D:
18210	21491	-	3	1.283264	I:	D:
21687	23378	-	3	1.295988	I:	D:
23381	23533	-	2	1.365155	I:	D:
23605	24567	-	1	1.265135	I:	D:
24603	25463	-	3	1.327872	I:	D:
25507	25683	-	1	1.315639	I:	D:
25743	26417	+	3	1.292923	I:	D:
26414	27562	+	2	1.292625	I:	D:
27679	28659	-	1	1.229467	I:	D:
28957	29961	+	1	1.287199	I:	D:
30021	34040	+	3	1.321969	I:	D:
33802	34485	+	1	1.304764	I:	D:
34576	35160	-	1	1.326911	I:	D:
35170	35400	-	1	1.301376	I:	D:
35836	37833	+	1	1.259835	I:	D:
37879	40119	+	1	1.250444	I:	D:
40219	41508	-	1	1.378190	I:	D:
41689	42219	-	1	1.288851	I:	D:
42418	42978	-	1	1.280957	I:	D:
43005	44087	+	3	1.281643	I:	D:
44091	44789	+	3	1.304332	I:	D:
44861	45625	+	2	1.288012	I:	D:
45709	46269	-	1	1.281878	I:	D:
46413	46613	+	3	1.360525	I:	D:
46610	47299	+	2	1.347419	I:	D:
47287	48276	+	1	1.351135	I:	D:
48375	48677	+	3	1.256869	I:	D:
49041	49490	+	3	1.294223	I:	D:
49567	49800	+	1	1.365603	I:	D:
49914	50249	+	3	1.342534	I:	D:
50568	50828	+	3	1.354427	I:	D:
50942	51904	+	2	1.279288	I:	D:
52295	52828	+	2	1.289399	I:	D:
53567	53785	+	2	1.357372	I:	D:
53864	54112	+	2	1.262790	I:	D:
54118	54633	+	1	1.310517	I:	D:
54648	55436	+	3	1.237973	I:	D:
55638	56171	+	3	1.236647	I:	D:
56228	56779	+	2	1.227594	I:	D:
56890	58593	+	1	1.222177	I:	D:
58678	58893	+	1	1.200903	I:	D:
58906	59331	+	1	1.271962	I:	D:
59453	61777	+	2	1.222132	I:	D:
61780	63381	+	1	1.241377	I:	D:
63412	64110	+	1	1.208088	I:	D:
64113	65114	+	3	1.227531	I:	D:
65224	65505	+	1	1.304167	I:	D:
66367	66600	-	1	1.359606	I:	D:
66703	66876	+	1	1.309627	I:	D:
66884	67480	+	2	1.389085	I:	D:
67715	68089	-	2	1.368212	I:	D:
68356	68721	-	1	1.379422	I:	D:
68788	69084	-	1	1.359143	I:	D:
>YB4_19981
1	213	-	1	1.255939	I:	D:
578	1102	+	2	1.277049	I:	D:
1176	1724	+	3	1.226620	I:	D:
1727	2587	+	2	1.217395	I:	D:
2776	4065	+	1	1.213683	I:	D:
4262	5023	+	2	1.289434	I:	D:
5044	6045	+	1	1.254745	I:	D:
6247	6870	-	1	1.247683	I:	D:
7034	7321	+	2	1.262377	I:	D:
7334	7708	+	2	1.233195	I:	D:
7784	9079	-	2	1.246319	I:	D:
9063	9848	-	3	1.213581	I:	D:
9867	10409	-	3	1.240592	I:	D:
10996	11517	+	1	1.413616	I:	D:
11671	11982	-	1	1.396210	I:	D:
12142	12381	+	1	1.309729	I:	D:
12467	12829	+	2	1.352265	I:	D:
12816	13013	+	3	1.348590	I:	D:
13089	13316	+	3	1.320695	I:	D:
13334	13834	-	2	1.293265	I:	D:
13753	14517	-	1	1.268654	I:	D:
14876	16858	+	2	1.273773	I:	D:
17270	17911	-	2	1.273086	I:	D:
18189	19796	+	3	1.238695	I:	D:
19902	20609	+	3	1.227750	I:	D:
20845	21561	+	1	1.271920	I:	D:
21571	22623	+	1	1.263629	I:	D:
23438	24190	+	2	1.408719	I:	D:
24390	24827	-	3	1.259032	I:	D:
25014	26057	+	3	1.264607	I:	D:
26063	26191	+	2	1.272345	I:	D:
26285	29185	+	2	1.243111	I:	D:
29209	29397	+	1	1.383350	I:	D:
29467	30399	-	1	1.250630	I:	D:
30472	31191	-	1	1.290468	I:	D:
31529	32482	+	2	1.240749	I:	D:
32649	33572	+	3	1.223242	I:	D:
33841	35091	+	1	1.260052	I:	D:
35655	35864	+	3	1.300408	I:	D:
35972	36193	-	2	1.357393	I:	D:
36046	37173	+	1	1.392526	I:	D:
