>Y6.M043_1
3	329	+	3	1.376313	I:	D:
445	936	-	1	1.334572	I:	D:
1217	1618	-	2	1.329917	I:	D:
1802	2248	-	2	1.312134	I:	D:
2281	2457	+	1	1.395011	I:	D:
2832	4409	+	3	1.332718	I:	D:
4498	5850	-	1	1.343446	I:	D:
5847	6524	-	3	1.352338	I:	D:
6656	7636	-	2	1.336393	I:	D:
8044	8253	-	1	1.316790	I:	D:
8353	8697	-	1	1.363194	I:	D:
8631	8906	+	3	1.361753	I:	D:
9118	9414	-	1	1.327016	I:	D:
9622	9990	-	1	1.353014	I:	D:
10007	10159	-	2	1.293143	I:	D:
10245	11060	-	3	1.315569	I:	D:
11094	11990	+	3	1.322777	I:	D:
11987	12634	+	2	1.317562	I:	D:
12639	13091	+	3	1.306282	I:	D:
13123	13785	+	1	1.330239	I:	D:
13855	14295	+	1	1.347438	I:	D:
14306	14494	+	2	1.294177	I:	D:
>Y6.M043_2
2	751	-	2	1.335297	I:	D:
744	2405	-	3	1.314545	I:	D:
2405	5404	-	2	1.312318	I:	D:
5394	5621	-	3	1.297787	I:	D:
5804	6817	-	2	1.362996	I:	D:
6794	7186	+	2	1.342689	I:	D:
7426	8508	+	1	1.361721	I:	D:
>Y6.M043_3
1	357	-	1	1.360243	I:	D:
518	1183	-	2	1.324611	I:	D:
1176	1619	-	3	1.331224	I:	D:
1637	1942	-	2	1.290616	I:	D:
2044	3330	-	1	1.336937	I:	D:
3416	6034	-	2	1.312291	I:	D:
6145	6405	+	1	1.406034	I:	D:
6422	8191	-	2	1.323707	I:	D:
8257	8646	-	1	1.322615	I:	D:
8700	9458	-	3	1.334027	I:	D:
9421	10140	-	1	1.332037	I:	D:
10112	11404	-	2	1.329062	I:	D:
11468	12757	-	2	1.326516	I:	D:
12861	13070	-	3	1.334543	I:	D:
13355	13630	-	2	1.350624	I:	D:
13738	14343	-	1	1.324249	I:	D:
14498	14824	+	2	1.346533	I:	D:
14956	15579	+	1	1.361162	I:	D:
15653	16999	-	2	1.308182	I:	D:
17360	17923	-	2	1.299815	I:	D:
18028	18684	-	1	1.327680	I:	D:
18710	20542	-	2	1.328575	I:	D:
20576	20845	-	2	1.389680	I:	D:
20946	21209	-	3	1.307817	I:	D:
21428	22129	-	2	1.345169	I:	D:
22119	22646	-	3	1.296172	I:	D:
22752	22985	-	3	1.274951	I:	D:
23001	23261	-	3	1.308238	I:	D:
23315	24649	-	2	1.296888	I:	D:
24651	25046	-	3	1.280056	I:	D:
25456	26094	-	1	1.346179	I:	D:
26355	27461	-	3	1.315793	I:	D:
27485	28327	-	2	1.336052	I:	D:
28324	29481	-	1	1.326432	I:	D:
29571	29699	-	3	1.318961	I:	D:
29729	30379	+	2	1.347238	I:	D:
30460	31029	-	1	1.307534	I:	D:
31042	31905	-	1	1.340015	I:	D:
32332	32508	+	1	1.284686	I:	D:
32545	33132	-	1	1.350386	I:	D:
33462	34475	-	3	1.312138	I:	D:
34747	35883	+	1	1.339084	I:	D:
36038	37639	+	2	1.317206	I:	D:
37752	38033	+	3	1.378926	I:	D:
38078	39358	-	2	1.310334	I:	D:
39507	40466	+	3	1.319746	I:	D:
40504	41034	-	1	1.335879	I:	D:
>Y6.M043_4
2	985	+	2	1.318931	I:	D:
975	1874	+	3	1.330416	I:	D:
1985	2191	+	2	1.336470	I:	D:
2192	3691	-	2	1.310015	I:	D:
3816	4736	+	3	1.348363	I:	D:
4804	5346	+	1	1.338436	I:	D:
5379	6263	+	3	1.346129	I:	D:
6554	9184	-	2	1.289619	I:	D:
9371	9538	-	2	1.368165	I:	D:
9623	11011	+	2	1.316701	I:	D:
11048	12007	+	2	1.302603	I:	D:
12099	12713	+	3	1.327446	I:	D:
12732	16187	+	3	1.320533	I:	D:
16518	16778	-	3	1.311813	I:	D:
16976	17848	+	2	1.325925	I:	D:
17937	19076	+	3	1.325770	I:	D:
19087	19437	+	1	1.341291	I:	D:
19548	20336	+	3	1.332086	I:	D:
20362	20523	+	1	1.352494	I:	D:
20480	21682	+	2	1.349131	I:	D:
21742	23055	+	1	1.342023	I:	D:
23143	24009	+	1	1.330557	I:	D:
24339	24482	-	3	1.357959	I:	D:
24516	25085	+	3	1.340911	I:	D:
25425	27014	+	3	1.354080	I:	D:
27214	28668	+	1	1.320300	I:	D:
28739	29599	-	2	1.341257	I:	D:
30000	32339	+	3	1.333038	I:	D:
32388	33545	-	3	1.349609	I:	D:
33566	34342	-	2	1.304849	I:	D:
34515	35378	-	3	1.280750	I:	D:
35472	36305	-	3	1.352323	I:	D:
36505	37179	+	1	1.327693	I:	D:
37286	37954	+	2	1.323092	I:	D:
38044	38175	+	1	1.331324	I:	D:
38190	38549	+	3	1.304793	I:	D:
38866	39639	+	1	1.319467	I:	D:
39687	40835	+	3	1.323056	I:	D:
>Y6.M043_5
2	271	+	2	1.324214	I:	D:
313	1731	+	1	1.324293	I:	D:
1959	2648	-	3	1.314609	I:	D:
2923	3609	+	1	1.314429	I:	D:
3619	4143	+	1	1.335555	I:	D:
4157	5029	+	2	1.344586	I:	D:
5040	5852	+	3	1.316793	I:	D:
5849	7099	+	2	1.332231	I:	D:
7128	7940	+	3	1.314737	I:	D:
8043	8828	-	3	1.321325	I:	D:
8828	10771	-	2	1.316004	I:	D:
10994	12262	-	2	1.312763	I:	D:
12284	13459	-	2	1.319151	I:	D:
13475	14182	-	2	1.311522	I:	D:
14196	14822	-	3	1.320287	I:	D:
14835	15872	-	3	1.311317	I:	D:
15912	17324	-	3	1.328966	I:	D:
17410	18837	-	1	1.342396	I:	D:
18847	19569	-	1	1.282229	I:	D:
19566	20072	-	3	1.318619	I:	D:
20560	21189	+	1	1.326691	I:	D:
21365	22351	-	2	1.332323	I:	D:
22365	23645	-	3	1.325121	I:	D:
23878	25488	+	1	1.332633	I:	D:
25583	26080	+	2	1.311109	I:	D:
26087	27109	+	2	1.308577	I:	D:
27197	27595	+	2	1.359280	I:	D:
27778	28821	+	1	1.316247	I:	D:
28986	30632	+	3	1.337457	I:	D:
30767	31957	+	2	1.324258	I:	D:
32108	33445	+	2	1.315544	I:	D:
33497	33913	+	2	1.291088	I:	D:
34064	34555	+	2	1.336795	I:	D:
34572	34763	+	3	1.361637	I:	D:
34955	36265	+	2	1.324773	I:	D:
36290	37612	+	2	1.320690	I:	D:
37634	38302	+	2	1.308148	I:	D:
38315	39328	+	2	1.326928	I:	D:
39428	39616	-	2	1.362978	I:	D:
39863	40129	+	2	1.327839	I:	D:
>Y6.M043_6
3	338	+	3	1.320327	I:	D:
335	1588	+	2	1.331390	I:	D:
1585	1938	+	1	1.314727	I:	D:
1990	3231	-	1	1.340443	I:	D:
3234	4562	-	3	1.303426	I:	D:
4477	5166	-	1	1.352329	I:	D:
5189	5731	-	2	1.303687	I:	D:
5836	6006	+	1	1.359732	I:	D:
6208	6339	+	1	1.325541	I:	D:
6600	7490	-	3	1.323458	I:	D:
7497	8159	-	3	1.336458	I:	D:
8156	8929	-	2	1.318228	I:	D:
9023	9823	-	2	1.340460	I:	D:
9903	12257	-	3	1.318562	I:	D:
12434	12673	-	2	1.338715	I:	D:
12827	13177	+	2	1.339723	I:	D:
13270	13530	-	1	1.329533	I:	D:
13638	14831	-	3	1.317401	I:	D:
14897	15286	-	2	1.303051	I:	D:
15389	15520	+	2	1.351810	I:	D:
15558	16388	+	3	1.313040	I:	D:
16369	16605	+	1	1.367483	I:	D:
16608	17273	-	3	1.326531	I:	D:
17460	18002	+	3	1.341969	I:	D:
18102	18353	+	3	1.318438	I:	D:
18516	19583	-	3	1.321399	I:	D:
19756	20760	-	1	1.328842	I:	D:
20784	22061	-	3	1.327775	I:	D:
22075	23133	-	1	1.338463	I:	D:
23200	25188	-	1	1.299807	I:	D:
25262	25801	-	2	1.306089	I:	D:
25814	27166	-	2	1.336214	I:	D:
27156	28508	-	3	1.315794	I:	D:
28524	28970	-	3	1.282047	I:	D:
29008	30984	-	1	1.317662	I:	D:
31082	32992	-	2	1.296812	I:	D:
33047	33265	-	2	1.347304	I:	D:
33366	35435	-	3	1.338748	I:	D:
>Y6.M043_7
96	1868	-	3	1.303305	I:	D:
2024	3061	-	2	1.328217	I:	D:
3054	3506	-	3	1.341643	I:	D:
3494	3973	-	2	1.345711	I:	D:
3973	6543	-	1	1.307728	I:	D:
6740	7726	+	2	1.316936	I:	D:
7723	8163	+	1	1.317847	I:	D:
8199	9053	+	3	1.344483	I:	D:
9168	10838	+	3	1.311241	I:	D:
10960	12036	-	1	1.293732	I:	D:
12248	13351	-	2	1.339792	I:	D:
13370	14629	-	2	1.334708	I:	D:
14732	15853	-	2	1.319460	I:	D:
15899	16993	-	2	1.310614	I:	D:
17057	17905	-	2	1.311560	I:	D:
17991	18200	+	3	1.371793	I:	D:
18211	19566	-	1	1.326716	I:	D:
19580	21013	-	2	1.331264	I:	D:
21056	23275	-	2	1.319795	I:	D:
23400	23882	-	3	1.311628	I:	D:
23894	24817	-	2	1.345331	I:	D:
24830	25249	-	2	1.326122	I:	D:
25484	25936	-	2	1.277614	I:	D:
25933	26427	-	1	1.308944	I:	D:
26437	26985	-	1	1.327954	I:	D:
27011	28132	-	2	1.331339	I:	D:
28381	30048	+	1	1.313588	I:	D:
30065	30502	+	2	1.314542	I:	D:
30483	31184	+	3	1.332693	I:	D:
31235	31735	+	2	1.316205	I:	D:
31751	32383	+	2	1.302296	I:	D:
32639	33136	+	2	1.338421	I:	D:
33158	34039	+	2	1.304759	I:	D:
34269	35369	+	3	1.295943	I:	D:
>Y6.M043_8
2	535	-	2	1.344726	I:	D:
529	1245	-	1	1.324190	I:	D:
1250	1633	-	2	1.311177	I:	D:
1910	3184	-	2	1.299831	I:	D:
3191	3766	-	2	1.343206	I:	D:
3896	5311	-	2	1.312024	I:	D:
5405	5854	-	2	1.313888	I:	D:
6092	7462	-	2	1.327970	I:	D:
7955	8725	-	2	1.309311	I:	D:
8882	10114	-	2	1.326159	I:	D:
10568	11227	+	2	1.317285	I:	D:
11246	11452	+	2	1.340490	I:	D:
11500	12588	+	1	1.325349	I:	D:
12588	13343	+	3	1.320744	I:	D:
13343	13879	+	2	1.314770	I:	D:
13984	15741	-	1	1.322096	I:	D:
15896	17161	-	2	1.331520	I:	D:
17281	17763	-	1	1.318997	I:	D:
17898	18749	-	3	1.341461	I:	D:
19019	20695	+	2	1.328113	I:	D:
20706	22301	+	3	1.317812	I:	D:
22319	23581	+	2	1.311989	I:	D:
23596	24078	+	1	1.310187	I:	D:
24090	25160	+	3	1.316894	I:	D:
25262	25762	-	2	1.326427	I:	D:
26171	26563	-	2	1.307662	I:	D:
26627	26770	+	2	1.359920	I:	D:
26852	27493	+	2	1.316076	I:	D:
27583	28374	+	1	1.333525	I:	D:
28387	28686	-	1	1.351614	I:	D:
28866	29567	-	3	1.340708	I:	D:
29643	30758	-	3	1.321969	I:	D:
31002	32801	+	3	1.343210	I:	D:
33076	33270	+	1	1.309514	I:	D:
33285	33509	+	3	1.322904	I:	D:
33570	33710	-	3	1.327294	I:	D:
33718	34755	-	1	1.342867	I:	D:
34767	35315	-	3	1.357195	I:	D:
>Y6.M043_9
112	588	+	1	1.329463	I:	D:
720	2975	-	3	1.332409	I:	D:
3158	4273	-	2	1.313871	I:	D:
4454	5389	+	2	1.345951	I:	D:
5412	6281	+	3	1.316414	I:	D:
6435	6731	+	3	1.318265	I:	D:
6762	7226	+	3	1.310623	I:	D:
7266	7505	+	3	1.354945	I:	D:
7530	8858	+	3	1.315057	I:	D:
9012	10001	-	3	1.335889	I:	D:
10253	11050	-	2	1.341154	I:	D:
11128	11280	+	1	1.358283	I:	D:
11349	11993	-	3	1.355943	I:	D:
12070	12867	-	1	1.328194	I:	D:
13065	14141	-	3	1.292540	I:	D:
14141	14962	-	2	1.323856	I:	D:
14959	15768	-	1	1.318698	I:	D:
15765	17156	-	3	1.307514	I:	D:
18092	19588	-	2	1.323530	I:	D:
19902	20402	-	3	1.336816	I:	D:
20651	21220	-	2	1.350993	I:	D:
21247	21522	+	1	1.380011	I:	D:
21826	22059	-	1	1.344544	I:	D:
22025	23056	+	2	1.340151	I:	D:
23346	23819	+	3	1.334322	I:	D:
23905	24342	-	1	1.319034	I:	D:
24329	25300	-	2	1.329320	I:	D:
25471	26961	-	1	1.340655	I:	D:
26958	28430	-	3	1.326898	I:	D:
28580	29590	+	2	1.327692	I:	D:
29587	30981	+	1	1.322842	I:	D:
31011	32399	+	3	1.319398	I:	D:
32421	32816	+	3	1.349493	I:	D:
>Y6.M043_10
115	324	-	1	1.351476	I:	D:
463	963	+	1	1.356923	I:	D:
1032	2000	-	3	1.328972	I:	D:
1981	2499	-	1	1.332652	I:	D:
2844	3035	+	3	1.386730	I:	D:
3032	3781	+	2	1.341828	I:	D:
3785	4549	+	2	1.363264	I:	D:
4652	5260	-	2	1.340066	I:	D:
5483	5875	+	2	1.303696	I:	D:
5865	6605	+	3	1.340121	I:	D:
6657	7280	+	3	1.339210	I:	D:
7300	8448	+	1	1.305631	I:	D:
8462	8623	+	2	1.299232	I:	D:
8647	10392	+	1	1.326193	I:	D:
10488	11498	-	3	1.331121	I:	D:
11896	12963	-	1	1.333712	I:	D:
13043	13816	-	2	1.335495	I:	D:
13968	15050	-	3	1.321825	I:	D:
15156	16031	+	3	1.350268	I:	D:
16077	17015	+	3	1.346269	I:	D:
17061	17501	+	3	1.338023	I:	D:
17688	17888	+	3	1.357440	I:	D:
17923	18435	-	1	1.333086	I:	D:
18483	18980	-	3	1.346094	I:	D:
19182	19352	+	3	1.384721	I:	D:
20027	21400	+	2	1.302285	I:	D:
21549	22439	+	3	1.335576	I:	D:
22455	23303	+	3	1.326328	I:	D:
23795	25585	-	2	1.333120	I:	D:
25587	26411	-	3	1.312901	I:	D:
26447	28012	-	2	1.340512	I:	D:
28059	29627	-	3	1.336078	I:	D:
29934	30947	+	3	1.324431	I:	D:
>Y6.M043_11
2	322	+	2	1.352148	I:	D:
417	944	+	3	1.303334	I:	D:
948	1193	+	3	1.338063	I:	D:
1217	1426	-	2	1.364214	I:	D:
1730	2209	-	2	1.322738	I:	D:
2286	4682	-	3	1.331767	I:	D:
4722	5516	-	3	1.321114	I:	D:
5598	6920	-	3	1.308506	I:	D:
7536	8411	-	3	1.316571	I:	D:
8666	9634	-	2	1.320317	I:	D:
9673	9828	-	1	1.340544	I:	D:
9809	10684	+	2	1.319319	I:	D:
10784	11299	-	2	1.306292	I:	D:
11292	11768	-	3	1.325339	I:	D:
11910	12734	-	3	1.347167	I:	D:
12771	13760	-	3	1.326250	I:	D:
13770	14198	+	3	1.322537	I:	D:
14657	14974	+	2	1.305176	I:	D:
15026	15637	-	2	1.335841	I:	D:
15816	16778	+	3	1.322943	I:	D:
16819	17403	+	1	1.301099	I:	D:
17400	17969	+	3	1.313725	I:	D:
17994	18650	+	3	1.342600	I:	D:
18640	19425	+	1	1.320972	I:	D:
19467	19646	+	3	1.342808	I:	D:
19861	20808	-	1	1.301412	I:	D:
21006	22004	+	3	1.323713	I:	D:
22061	22579	-	2	1.303525	I:	D:
22835	23194	+	2	1.358725	I:	D:
23191	24321	+	1	1.324020	I:	D:
24323	24556	+	2	1.318023	I:	D:
24553	24801	+	1	1.353915	I:	D:
24883	25737	+	1	1.335447	I:	D:
25755	26177	+	3	1.354362	I:	D:
26335	26748	+	1	1.393537	I:	D:
27006	27545	-	3	1.298005	I:	D:
27542	27979	-	2	1.332666	I:	D:
28149	28826	+	3	1.341089	I:	D:
28879	29580	-	1	1.339326	I:	D:
>Y6.M043_12
56	1774	+	2	1.332597	I:	D:
1911	4040	+	3	1.316657	I:	D:
4221	4676	+	3	1.317964	I:	D:
4692	5108	+	3	1.306333	I:	D:
5154	5420	-	3	1.333855	I:	D:
5640	6215	+	3	1.327207	I:	D:
6393	7688	+	3	1.310425	I:	D:
7815	9068	+	3	1.337494	I:	D:
9071	9472	+	2	1.324071	I:	D:
9604	11118	+	1	1.334806	I:	D:
11246	12337	-	2	1.322574	I:	D:
12587	13357	+	2	1.369004	I:	D:
13431	13976	+	3	1.326016	I:	D:
13973	14563	+	2	1.347481	I:	D:
14826	16037	-	3	1.312995	I:	D:
16253	16843	+	2	1.331803	I:	D:
17086	18462	+	1	1.330707	I:	D:
18639	19991	+	3	1.338799	I:	D:
20385	21755	+	3	1.325905	I:	D:
21752	22894	+	2	1.329588	I:	D:
22898	23107	+	2	1.321239	I:	D:
23104	23454	+	1	1.318473	I:	D:
23471	23878	+	2	1.329429	I:	D:
24300	25580	+	3	1.325437	I:	D:
25570	25749	+	1	1.289403	I:	D:
25782	26474	-	3	1.319808	I:	D:
26586	26735	+	3	1.319750	I:	D:
26763	28781	-	3	1.317851	I:	D:
28774	28899	-	1	1.292795	I:	D:
>Y6.M043_13
2	217	-	2	1.326613	I:	D:
239	553	-	2	1.273561	I:	D:
577	1932	-	1	1.321266	I:	D:
1944	2213	-	3	1.336376	I:	D:
2416	3234	+	1	1.339187	I:	D:
3393	3875	+	3	1.329683	I:	D:
3872	5068	+	2	1.334101	I:	D:
5056	6183	+	1	1.343848	I:	D:
6193	7059	+	1	1.335823	I:	D:
7136	7738	+	2	1.309732	I:	D:
7880	11239	+	2	1.332002	I:	D:
11169	14735	+	3	1.324965	I:	D:
14908	15057	+	1	1.377736	I:	D:
15077	15580	+	2	1.305742	I:	D:
15609	15806	+	3	1.288566	I:	D:
15854	16210	+	2	1.310387	I:	D:
16286	17071	+	2	1.340185	I:	D:
17090	18337	+	2	1.328712	I:	D:
18354	20444	+	3	1.327597	I:	D:
20441	21757	+	2	1.335426	I:	D:
21761	22768	+	2	1.305032	I:	D:
22769	23485	+	2	1.308923	I:	D:
23472	24482	+	3	1.356457	I:	D:
24473	28048	+	2	1.315400	I:	D:
>Y6.M043_14
3	158	+	3	1.423155	I:	D:
253	639	+	1	1.328676	I:	D:
778	2649	+	1	1.315465	I:	D:
2847	3701	+	3	1.321173	I:	D:
3803	4621	+	2	1.316163	I:	D:
4637	4936	+	2	1.349244	I:	D:
5094	5303	-	3	1.287000	I:	D:
5308	6258	-	1	1.327613	I:	D:
6239	8218	-	2	1.340333	I:	D:
8277	10742	-	3	1.315517	I:	D:
10775	11650	-	2	1.317409	I:	D:
11699	11899	-	2	1.349084	I:	D:
11874	12647	-	3	1.318198	I:	D:
12706	14031	-	1	1.310081	I:	D:
14036	16981	-	2	1.326025	I:	D:
17235	19166	+	3	1.315084	I:	D:
19192	20403	+	1	1.307898	I:	D:
20534	21175	+	2	1.331107	I:	D:
21391	21615	+	1	1.347386	I:	D:
21759	21992	+	3	1.310261	I:	D:
22046	22897	-	2	1.327968	I:	D:
22989	23501	-	3	1.351695	I:	D:
23624	25168	-	2	1.329473	I:	D:
25488	26615	-	3	1.323127	I:	D:
26840	27007	-	2	1.297598	I:	D:
27098	27280	+	2	1.312701	I:	D:
>Y6.M043_15
2	163	-	2	1.330637	I:	D:
189	1499	-	3	1.335137	I:	D:
1492	2010	-	1	1.333560	I:	D:
2591	3610	+	2	1.310019	I:	D:
3657	6032	+	3	1.311786	I:	D:
6103	6348	+	1	1.298793	I:	D:
6462	6746	+	3	1.335784	I:	D:
6820	7614	+	1	1.326610	I:	D:
7700	8023	+	2	1.377904	I:	D:
8471	11125	+	2	1.328514	I:	D:
11301	11492	+	3	1.341262	I:	D:
11707	12033	+	1	1.311640	I:	D:
11915	12631	+	2	1.336146	I:	D:
12880	13719	+	1	1.352419	I:	D:
13878	15872	+	3	1.320174	I:	D:
15947	16747	-	2	1.357613	I:	D:
17178	18176	-	3	1.329067	I:	D:
18214	18444	-	1	1.357659	I:	D:
18534	18710	+	3	1.371672	I:	D:
18718	20133	-	1	1.321543	I:	D:
20150	20578	-	2	1.335744	I:	D:
21066	22118	-	3	1.316896	I:	D:
22147	22839	-	1	1.306098	I:	D:
22854	23786	-	3	1.326709	I:	D:
24053	25291	+	2	1.309675	I:	D:
>Y6.M043_16
188	886	+	2	1.347311	I:	D:
936	2426	-	3	1.319142	I:	D:
2430	3920	-	3	1.303962	I:	D:
3937	4638	-	1	1.309013	I:	D:
4639	5625	-	1	1.299515	I:	D:
5820	7397	+	3	1.321288	I:	D:
7542	8732	-	3	1.360089	I:	D:
9207	9959	-	3	1.334150	I:	D:
10049	10258	-	2	1.363038	I:	D:
10363	11319	-	1	1.334868	I:	D:
11338	11685	-	1	1.325825	I:	D:
11686	12126	-	1	1.341831	I:	D:
12126	12452	-	3	1.341447	I:	D:
12470	12832	-	2	1.306618	I:	D:
12906	13913	-	3	1.293981	I:	D:
13951	14298	-	1	1.343037	I:	D:
14449	15282	-	1	1.316082	I:	D:
15306	16445	-	3	1.310834	I:	D:
16471	17721	-	1	1.342369	I:	D:
17718	18215	-	3	1.300095	I:	D:
18554	20116	+	2	1.289047	I:	D:
20180	20470	-	2	1.321790	I:	D:
20684	20857	+	2	1.346894	I:	D:
21020	21298	+	2	1.273836	I:	D:
21498	21932	+	3	1.275733	I:	D:
21952	23217	+	1	1.325042	I:	D:
23285	24496	-	2	1.317940	I:	D:
24620	24856	-	2	1.297041	I:	D:
>Y6.M043_17
3	1283	-	3	1.303964	I:	D:
1480	1683	+	1	1.360439	I:	D:
1704	2540	+	3	1.318905	I:	D:
2592	3902	+	3	1.324071	I:	D:
3929	4618	+	2	1.318488	I:	D:
4650	6071	+	3	1.321998	I:	D:
6090	7055	+	3	1.318625	I:	D:
6979	7920	+	1	1.334280	I:	D:
7934	9136	+	2	1.299478	I:	D:
9136	9774	+	1	1.305776	I:	D:
9837	11165	+	3	1.318206	I:	D:
11168	11776	+	2	1.305022	I:	D:
12148	12813	+	1	1.315579	I:	D:
12800	14194	+	2	1.307809	I:	D:
14245	14691	-	1	1.371134	I:	D:
14787	15467	-	3	1.298046	I:	D:
15490	16572	-	1	1.322463	I:	D:
16585	17070	-	1	1.347660	I:	D:
17156	17398	+	2	1.297918	I:	D:
17403	17942	+	3	1.316480	I:	D:
17945	18457	+	2	1.310224	I:	D:
18758	19603	-	2	1.297478	I:	D:
19620	21134	-	3	1.309004	I:	D:
21418	21687	+	1	1.318953	I:	D:
>Y6.M043_18
1	642	-	1	1.317275	I:	D:
658	1752	-	1	1.305829	I:	D:
1782	3011	-	3	1.313697	I:	D:
3094	4839	-	1	1.308680	I:	D:
4864	5286	-	1	1.307440	I:	D:
5303	6118	-	2	1.323291	I:	D:
6111	7187	-	3	1.320279	I:	D:
7247	7597	-	2	1.362501	I:	D:
7783	7932	+	1	1.364932	I:	D:
7950	8213	+	3	1.265951	I:	D:
8251	8775	+	1	1.299983	I:	D:
8893	9318	+	1	1.317930	I:	D:
9382	10077	+	1	1.304093	I:	D:
10293	10799	+	3	1.290529	I:	D:
10840	11211	+	1	1.266768	I:	D:
11329	12054	-	1	1.341961	I:	D:
12120	12641	-	3	1.316983	I:	D:
12646	13260	-	1	1.343948	I:	D:
13483	13734	+	1	1.348783	I:	D:
13811	14989	-	2	1.312232	I:	D:
15013	15657	-	1	1.333585	I:	D:
16264	18738	+	1	1.321500	I:	D:
18851	20212	+	2	1.318991	I:	D:
20428	21270	+	1	1.329944	I:	D:
>Y6.M043_19
2	343	+	2	1.344673	I:	D:
446	706	+	2	1.363053	I:	D:
784	1740	-	1	1.336164	I:	D:
1980	3173	-	3	1.324997	I:	D:
3194	4039	-	2	1.332786	I:	D:
4055	4636	-	2	1.333895	I:	D:
4661	5383	-	2	1.327927	I:	D:
5397	6635	-	3	1.310214	I:	D:
6645	7079	-	3	1.366571	I:	D:
7092	8597	-	3	1.324100	I:	D:
8602	9687	-	1	1.326119	I:	D:
10097	10375	+	2	1.318035	I:	D:
10390	11841	+	1	1.329315	I:	D:
11862	13283	+	3	1.324370	I:	D:
13294	14610	+	1	1.320114	I:	D:
14797	16890	+	1	1.314593	I:	D:
17277	19016	+	3	1.332897	I:	D:
19252	20763	-	1	1.323450	I:	D:
20854	21009	-	1	1.277443	I:	D:
>Y6.M043_20
3	326	-	3	1.359184	I:	D:
270	464	+	3	1.333070	I:	D:
507	1544	+	3	1.311479	I:	D:
1598	1807	-	2	1.335052	I:	D:
1923	2303	-	3	1.322715	I:	D:
2568	2840	-	3	1.341198	I:	D:
2637	4886	+	3	1.310098	I:	D:
4935	5846	-	3	1.330228	I:	D:
5934	6341	-	3	1.303036	I:	D:
6434	8701	-	2	1.315129	I:	D:
9060	9839	+	3	1.337866	I:	D:
9966	11483	-	3	1.307077	I:	D:
11691	12488	-	3	1.328775	I:	D:
12769	14655	-	1	1.300448	I:	D:
14652	16385	-	3	1.300946	I:	D:
16587	17693	-	3	1.316953	I:	D:
17729	17860	+	2	1.362176	I:	D:
17893	18900	-	1	1.319684	I:	D:
19142	20500	+	2	1.315484	I:	D:
20497	20907	+	1	1.322726	I:	D:
>Y6.M043_21
564	1466	+	3	1.317804	I:	D:
1628	4066	+	2	1.336670	I:	D:
4217	4552	-	2	1.318233	I:	D:
4549	5265	-	1	1.333584	I:	D:
5371	5994	-	1	1.300398	I:	D:
6023	7219	-	2	1.336136	I:	D:
7402	8850	+	1	1.321430	I:	D:
9033	10064	+	3	1.333807	I:	D:
10177	10611	-	1	1.320179	I:	D:
10676	11638	-	2	1.345876	I:	D:
11879	13291	-	2	1.295007	I:	D:
13276	13959	-	1	1.306805	I:	D:
14020	14586	-	1	1.321156	I:	D:
14636	14779	+	2	1.371983	I:	D:
14812	15075	-	1	1.339008	I:	D:
15195	15380	+	3	1.345347	I:	D:
15556	15717	+	1	1.363581	I:	D:
15735	16568	-	3	1.329385	I:	D:
16565	17620	-	2	1.340225	I:	D:
17667	18974	-	3	1.331464	I:	D:
19043	19798	-	2	1.335855	I:	D:
>Y6.M043_22
3	134	+	3	1.310208	I:	D:
219	2291	+	3	1.323722	I:	D:
2380	3114	+	1	1.329411	I:	D:
3127	3531	+	1	1.312244	I:	D:
3594	3833	+	3	1.395489	I:	D:
3871	5184	+	1	1.321449	I:	D:
5185	6969	+	1	1.312127	I:	D:
7193	7399	-	2	1.338400	I:	D:
7689	7886	+	3	1.335050	I:	D:
7965	9143	-	3	1.315931	I:	D:
9214	10524	-	1	1.316550	I:	D:
10830	13094	+	3	1.307076	I:	D:
13274	13456	+	2	1.286856	I:	D:
13458	13982	+	3	1.321830	I:	D:
14196	15137	+	3	1.324120	I:	D:
15268	15405	+	1	1.332467	I:	D:
15621	15914	-	3	1.317292	I:	D:
16226	17593	+	2	1.318042	I:	D:
17633	18136	+	2	1.339930	I:	D:
18323	19627	+	2	1.333101	I:	D:
>Y6.M043_23
1	195	+	1	1.357655	I:	D:
255	1133	-	3	1.342677	I:	D:
1166	2518	-	2	1.310570	I:	D:
2500	2769	+	1	1.358699	I:	D:
2934	3443	-	3	1.343207	I:	D:
3455	3817	-	2	1.357242	I:	D:
3887	4879	+	2	1.327315	I:	D:
5269	5532	+	1	1.343133	I:	D:
5565	7580	+	3	1.320312	I:	D:
7703	7882	+	2	1.367390	I:	D:
8082	9902	+	3	1.343594	I:	D:
10129	10704	+	1	1.341517	I:	D:
10759	11208	-	1	1.330617	I:	D:
11481	11684	-	3	1.363610	I:	D:
11780	12040	+	2	1.330079	I:	D:
12085	12993	-	1	1.304084	I:	D:
13195	14187	+	1	1.302252	I:	D:
14162	14962	+	2	1.315176	I:	D:
14959	15633	+	1	1.326029	I:	D:
15943	16158	-	1	1.309758	I:	D:
16164	16643	-	3	1.332252	I:	D:
16814	18631	-	2	1.314116	I:	D:
18681	18914	+	3	1.380207	I:	D:
19010	19567	-	2	1.335618	I:	D:
>Y6.M043_24
3	428	-	3	1.310310	I:	D:
730	2613	+	1	1.335499	I:	D:
2632	3660	+	1	1.325094	I:	D:
3900	4229	-	3	1.358533	I:	D:
4229	4972	-	2	1.340035	I:	D:
5053	5298	-	1	1.334084	I:	D:
5301	7064	-	3	1.351069	I:	D:
7265	7606	-	2	1.303878	I:	D:
7661	8611	-	2	1.300858	I:	D:
8766	9392	-	3	1.331007	I:	D:
9419	9820	-	2	1.332455	I:	D:
9840	10208	-	3	1.313451	I:	D:
10301	10459	+	2	1.350985	I:	D:
10579	10797	-	1	1.306165	I:	D:
10811	11074	-	2	1.344296	I:	D:
11085	11834	-	3	1.327595	I:	D:
11836	12468	-	1	1.320941	I:	D:
12481	13785	-	1	1.319197	I:	D:
13826	14278	-	2	1.300653	I:	D:
14337	14522	-	3	1.305380	I:	D:
14538	15038	-	3	1.306016	I:	D:
15053	15412	-	2	1.317243	I:	D:
15432	15977	-	3	1.306545	I:	D:
15995	16393	-	2	1.315392	I:	D:
16422	16607	-	3	1.358914	I:	D:
16623	17162	-	3	1.297902	I:	D:
17179	17496	-	1	1.327815	I:	D:
17514	17882	-	3	1.325043	I:	D:
17907	18164	-	3	1.318437	I:	D:
18182	18388	-	2	1.300523	I:	D:
18388	18765	-	1	1.305778	I:	D:
18813	19526	-	3	1.327115	I:	D:
>Y6.M043_25
335	568	+	2	1.365183	I:	D:
828	2711	+	3	1.358514	I:	D:
3074	4252	+	2	1.329794	I:	D:
4342	4941	-	1	1.342154	I:	D:
4981	6273	-	1	1.318165	I:	D:
6273	7250	-	3	1.320751	I:	D:
7247	8755	-	2	1.324251	I:	D:
8752	9630	-	1	1.315171	I:	D:
9627	10103	-	3	1.315779	I:	D:
10100	11335	-	2	1.333795	I:	D:
11583	12029	+	3	1.321947	I:	D:
12051	13013	+	3	1.314641	I:	D:
13146	13283	-	3	1.340022	I:	D:
13721	14623	+	2	1.339512	I:	D:
14620	15507	+	1	1.336174	I:	D:
15492	17042	+	3	1.305723	I:	D:
17080	18102	+	1	1.321872	I:	D:
18095	18844	+	2	1.330050	I:	D:
18895	19065	+	1	1.374336	I:	D:
>Y6.M043_26
2	154	+	2	1.341657	I:	D:
183	1439	-	3	1.332013	I:	D:
1645	2586	-	1	1.325466	I:	D:
2714	3142	+	2	1.309438	I:	D:
3228	3797	+	3	1.328502	I:	D:
3807	4574	+	3	1.331081	I:	D:
4649	5992	+	2	1.328207	I:	D:
6051	7673	-	3	1.344572	I:	D:
7787	8098	-	2	1.310587	I:	D:
8164	8358	-	1	1.334264	I:	D:
8632	9102	-	1	1.391820	I:	D:
9225	10532	-	3	1.331872	I:	D:
10666	12027	-	1	1.289304	I:	D:
12369	12515	-	3	1.360040	I:	D:
12536	13921	+	2	1.314347	I:	D:
13952	14830	+	2	1.311799	I:	D:
14842	15723	+	1	1.331113	I:	D:
15768	16826	+	3	1.303945	I:	D:
16898	17698	+	2	1.328776	I:	D:
17710	18354	+	1	1.291921	I:	D:
>Y6.M043_27
1	666	+	1	1.325094	I:	D:
792	1430	-	3	1.317050	I:	D:
1460	3040	-	2	1.342920	I:	D:
3060	3680	-	3	1.324859	I:	D:
3749	4423	-	2	1.346394	I:	D:
4449	4634	+	3	1.348928	I:	D:
4717	5229	-	1	1.299001	I:	D:
5385	6761	-	3	1.348669	I:	D:
6817	8985	-	1	1.322584	I:	D:
8521	9153	+	1	1.371481	I:	D:
9444	9758	+	3	1.322311	I:	D:
9821	11095	-	2	1.298924	I:	D:
11144	12025	-	2	1.326667	I:	D:
12037	12783	-	1	1.326432	I:	D:
12776	13069	-	2	1.320094	I:	D:
13239	15677	+	3	1.317397	I:	D:
15695	16279	+	2	1.324390	I:	D:
16296	17594	+	3	1.320093	I:	D:
17852	18181	+	2	1.389903	I:	D:
>Y6.M043_28
2	295	+	2	1.336117	I:	D:
300	1226	+	3	1.318483	I:	D:
1291	2238	+	1	1.307692	I:	D:
2333	3586	+	2	1.339171	I:	D:
4103	5296	+	2	1.339953	I:	D:
5467	5934	+	1	1.331708	I:	D:
6029	6226	-	2	1.325431	I:	D:
6321	6548	+	3	1.328072	I:	D:
6611	7846	-	2	1.304921	I:	D:
8015	8860	+	2	1.332556	I:	D:
9250	10731	+	1	1.323878	I:	D:
10776	11450	-	3	1.336477	I:	D:
11663	11818	+	2	1.327106	I:	D:
11860	14151	-	1	1.312104	I:	D:
14232	14453	-	3	1.286286	I:	D:
14473	14682	-	1	1.296220	I:	D:
14913	16232	-	3	1.333245	I:	D:
16449	17096	+	3	1.338826	I:	D:
17283	17837	+	3	1.316414	I:	D:
17898	18104	+	3	1.351841	I:	D:
>Y6.M043_29
3	917	+	3	1.312676	I:	D:
988	1737	-	1	1.305837	I:	D:
1924	4542	-	1	1.305032	I:	D:
4964	8116	+	2	1.328885	I:	D:
8205	8465	+	3	1.347963	I:	D:
8471	10399	-	2	1.324804	I:	D:
10424	11590	-	2	1.344056	I:	D:
11597	12655	-	2	1.338944	I:	D:
12652	13548	-	1	1.338531	I:	D:
13776	14618	+	3	1.343484	I:	D:
14666	15172	-	2	1.326296	I:	D:
15169	15498	-	1	1.337463	I:	D:
15947	16393	+	2	1.325432	I:	D:
16455	17300	+	3	1.317155	I:	D:
17447	17917	+	2	1.337606	I:	D:
>Y6.M043_30
2	130	+	2	1.388388	I:	D:
372	539	+	3	1.341501	I:	D:
627	1853	-	3	1.318141	I:	D:
1857	2447	-	3	1.326518	I:	D:
2447	4234	-	2	1.335280	I:	D:
4485	4763	+	3	1.376872	I:	D:
4821	5237	-	3	1.330646	I:	D:
5439	6167	-	3	1.315549	I:	D:
6397	6528	+	1	1.326372	I:	D:
6552	6764	+	3	1.337134	I:	D:
6795	7253	-	3	1.331617	I:	D:
7365	8321	-	3	1.311043	I:	D:
8520	8663	+	3	1.373151	I:	D:
8669	9391	+	2	1.341939	I:	D:
9501	9767	+	3	1.317499	I:	D:
9963	11219	+	3	1.332475	I:	D:
11489	13447	-	2	1.347202	I:	D:
13541	15085	+	2	1.338161	I:	D:
15109	16587	+	1	1.320853	I:	D:
16757	17326	+	2	1.307681	I:	D:
>Y6.M043_31
270	428	+	3	1.364145	I:	D:
570	1967	+	3	1.309111	I:	D:
1979	2662	+	2	1.310148	I:	D:
2659	3000	+	1	1.344754	I:	D:
3079	3711	+	1	1.336365	I:	D:
3763	4179	-	1	1.333091	I:	D:
4176	4667	-	3	1.335398	I:	D:
5034	7292	+	3	1.323897	I:	D:
7296	8240	+	3	1.338714	I:	D:
8251	9756	+	1	1.321076	I:	D:
9869	10558	+	2	1.356299	I:	D:
10882	11505	+	1	1.336419	I:	D:
11506	12189	+	1	1.336606	I:	D:
12219	12704	+	3	1.301654	I:	D:
12869	14074	-	2	1.308560	I:	D:
14237	15439	+	2	1.347526	I:	D:
15461	16705	+	2	1.335504	I:	D:
16753	17025	-	1	1.349218	I:	D:
>Y6.M043_32
46	1311	+	1	1.324727	I:	D:
1608	1952	+	3	1.312300	I:	D:
2099	2668	+	2	1.324207	I:	D:
2690	3559	+	2	1.320118	I:	D:
3564	4538	+	3	1.326039	I:	D:
4617	6110	+	3	1.319153	I:	D:
6187	6450	+	1	1.342984	I:	D:
6471	7172	+	3	1.323659	I:	D:
7258	8706	+	1	1.287681	I:	D:
8746	9333	+	1	1.325811	I:	D:
9426	10943	+	3	1.321138	I:	D:
11152	11781	-	1	1.309880	I:	D:
12089	12745	+	2	1.315533	I:	D:
12954	13145	+	3	1.347102	I:	D:
13243	13584	+	1	1.355765	I:	D:
13662	15023	+	3	1.323754	I:	D:
15088	15675	-	1	1.319397	I:	D:
>Y6.M043_33
2	856	+	2	1.315057	I:	D:
1076	1213	+	2	1.381351	I:	D:
1539	1721	+	3	1.345365	I:	D:
1850	2110	+	2	1.323532	I:	D:
2439	2792	+	3	1.342677	I:	D:
2843	4492	+	2	1.310817	I:	D:
4648	6702	+	1	1.327919	I:	D:
6744	6896	+	3	1.304203	I:	D:
6975	7229	+	3	1.375685	I:	D:
8284	9438	+	1	1.328836	I:	D:
9490	10668	+	1	1.323250	I:	D:
10684	11931	+	1	1.315993	I:	D:
11945	12961	+	2	1.324221	I:	D:
13010	14188	+	2	1.348386	I:	D:
14532	14738	-	3	1.289476	I:	D:
14849	15250	+	2	1.340815	I:	D:
15375	15518	+	3	1.322354	I:	D:
>Y6.M043_34
3	617	+	3	1.300150	I:	D:
633	1103	+	3	1.327145	I:	D:
1131	2999	+	3	1.320202	I:	D:
3012	3833	+	3	1.319470	I:	D:
3833	4693	+	2	1.353596	I:	D:
4695	5174	+	3	1.322222	I:	D:
5192	6874	+	2	1.311884	I:	D:
7182	8417	+	3	1.317630	I:	D:
8539	10557	+	1	1.328756	I:	D:
10572	10841	+	3	1.304786	I:	D:
10853	12313	+	2	1.330898	I:	D:
12327	13769	+	3	1.316544	I:	D:
13825	14748	-	1	1.301587	I:	D:
>Y6.M043_35
83	823	+	2	1.310927	I:	D:
859	2046	+	1	1.319998	I:	D:
2516	3457	+	2	1.341372	I:	D:
3508	3996	-	1	1.339752	I:	D:
4112	4357	+	2	1.316890	I:	D:
4425	5915	+	3	1.328742	I:	D:
6011	6964	+	2	1.331452	I:	D:
6980	8179	+	2	1.340148	I:	D:
8176	10566	+	1	1.336490	I:	D:
10748	13279	-	2	1.320926	I:	D:
>Y6.M043_36
3	1232	-	3	1.328459	I:	D:
1309	2460	-	1	1.326726	I:	D:
2734	4020	+	1	1.329811	I:	D:
4153	4284	-	1	1.338112	I:	D:
4488	4616	+	3	1.366179	I:	D:
4779	5630	-	3	1.323735	I:	D:
5784	6323	-	3	1.289966	I:	D:
6345	6476	-	3	1.322506	I:	D:
6723	7121	-	3	1.339847	I:	D:
7210	7980	-	1	1.321194	I:	D:
7980	8525	-	3	1.331574	I:	D:
8522	9013	-	2	1.332500	I:	D:
9315	10979	-	3	1.312574	I:	D:
10984	11562	-	1	1.313176	I:	D:
11761	11949	+	1	1.357773	I:	D:
12009	12218	-	3	1.317544	I:	D:
12290	12466	-	2	1.383054	I:	D:
>Y6.M043_37
1	789	+	1	1.362507	I:	D:
789	1502	+	3	1.347587	I:	D:
1517	2269	+	2	1.338105	I:	D:
2312	2665	+	2	1.347211	I:	D:
2687	3526	+	2	1.321070	I:	D:
3635	4174	+	2	1.339591	I:	D:
4216	6159	+	1	1.308683	I:	D:
6254	8215	+	2	1.318660	I:	D:
8662	9159	+	1	1.334771	I:	D:
9226	9570	-	1	1.327783	I:	D:
9835	10050	+	1	1.301744	I:	D:
10186	10356	-	1	1.344594	I:	D:
10435	10641	+	1	1.382686	I:	D:
10676	11899	-	2	1.321071	I:	D:
12012	12656	-	3	1.342693	I:	D:
>Y6.M043_38
126	560	-	3	1.313428	I:	D:
595	888	-	1	1.279414	I:	D:
860	1405	-	2	1.355303	I:	D:
1421	1720	-	2	1.317446	I:	D:
1684	1917	+	1	1.374156	I:	D:
2021	2263	-	2	1.309629	I:	D:
2579	2854	-	2	1.297663	I:	D:
2898	3734	-	3	1.304034	I:	D:
3744	5480	-	3	1.345454	I:	D:
5557	6378	-	1	1.337132	I:	D:
6382	6753	-	1	1.300698	I:	D:
6836	7774	-	2	1.338598	I:	D:
7737	9233	-	3	1.330898	I:	D:
9217	9852	-	1	1.332943	I:	D:
9867	10325	-	3	1.312569	I:	D:
10339	12300	-	1	1.316928	I:	D:
>Y6.M043_39
3	329	-	3	1.319412	I:	D:
366	1502	-	3	1.321878	I:	D:
1515	2921	-	3	1.323015	I:	D:
2923	3519	-	1	1.332092	I:	D:
3528	4571	-	3	1.320967	I:	D:
4583	6775	-	2	1.328497	I:	D:
6899	7438	-	2	1.288293	I:	D:
7489	7827	-	1	1.316111	I:	D:
7847	10489	-	2	1.310019	I:	D:
10488	10745	+	3	1.341703	I:	D:
11016	12245	-	3	1.320869	I:	D:
>Y6.M043_40
3	617	+	3	1.338197	I:	D:
863	1624	-	2	1.334641	I:	D:
1653	2300	-	3	1.315977	I:	D:
3457	4350	+	1	1.324560	I:	D:
4351	4845	+	1	1.330235	I:	D:
5375	5530	+	2	1.347529	I:	D:
5664	6485	-	3	1.334447	I:	D:
6488	7603	-	2	1.339779	I:	D:
7785	9593	-	3	1.310793	I:	D:
10370	11455	+	2	1.364421	I:	D:
11466	11672	+	3	1.372940	I:	D:
>Y6.M043_41
1	735	+	1	1.345292	I:	D:
780	944	+	3	1.335220	I:	D:
1187	2842	+	2	1.351589	I:	D:
2932	3777	-	1	1.355346	I:	D:
3894	4826	-	3	1.326366	I:	D:
4866	5801	-	3	1.324800	I:	D:
5798	6553	-	2	1.344305	I:	D:
6701	7225	-	2	1.316182	I:	D:
7242	7703	-	3	1.336714	I:	D:
7926	8162	-	3	1.313120	I:	D:
8248	9594	-	1	1.326436	I:	D:
9612	10814	-	3	1.340616	I:	D:
10889	11335	-	2	1.329663	I:	D:
>Y6.M043_42
97	822	+	1	1.349616	I:	D:
989	1906	-	2	1.335554	I:	D:
2249	4186	+	2	1.329911	I:	D:
4318	5148	+	1	1.292449	I:	D:
5464	6126	+	1	1.315427	I:	D:
6131	6874	+	2	1.322135	I:	D:
6937	7848	+	1	1.334230	I:	D:
8020	9408	+	1	1.327669	I:	D:
9427	10452	+	1	1.317125	I:	D:
10445	11416	+	2	1.316205	I:	D:
>Y6.M043_43
64	495	-	1	1.367932	I:	D:
499	1116	+	1	1.310974	I:	D:
1204	1725	+	1	1.329279	I:	D:
1933	2913	-	1	1.357035	I:	D:
3177	3659	+	3	1.318997	I:	D:
3717	5219	+	3	1.319530	I:	D:
5263	6081	-	1	1.347623	I:	D:
6099	7013	-	3	1.323859	I:	D:
7109	7741	-	2	1.314194	I:	D:
7751	8803	-	2	1.322806	I:	D:
8894	10273	-	2	1.324419	I:	D:
10536	10724	+	3	1.366043	I:	D:
>Y6.M043_44
3	146	+	3	1.333574	I:	D:
147	1034	+	3	1.321667	I:	D:
1035	1898	+	3	1.325794	I:	D:
1899	2711	+	3	1.324912	I:	D:
3226	3552	+	1	1.327786	I:	D:
3673	4749	+	1	1.339688	I:	D:
4803	5576	+	3	1.318071	I:	D:
5617	6153	+	1	1.327329	I:	D:
6221	8497	+	2	1.311900	I:	D:
8539	8748	-	1	1.377850	I:	D:
8818	9021	-	1	1.375975	I:	D:
9509	9874	+	2	1.362547	I:	D:
9880	10305	-	1	1.378230	I:	D:
10343	10552	+	2	1.384383	I:	D:
>Y6.M043_45
179	1192	-	2	1.308904	I:	D:
1297	2115	-	1	1.321065	I:	D:
2385	4691	+	3	1.321933	I:	D:
4868	5773	+	2	1.342064	I:	D:
5862	5999	+	3	1.342591	I:	D:
6537	7604	+	3	1.308189	I:	D:
7904	8716	+	2	1.320467	I:	D:
8949	9092	+	3	1.327940	I:	D:
9348	10094	-	3	1.339686	I:	D:
>Y6.M043_46
153	1532	-	3	1.319837	I:	D:
1847	3226	+	2	1.344498	I:	D:
3205	3810	+	1	1.351943	I:	D:
3910	4038	+	1	1.379400	I:	D:
4275	4838	+	3	1.344419	I:	D:
4813	5553	+	1	1.335107	I:	D:
5585	6397	+	2	1.315071	I:	D:
6397	7593	+	1	1.325999	I:	D:
7593	8828	+	3	1.336698	I:	D:
8834	9025	+	2	1.329466	I:	D:
9080	9337	+	2	1.354559	I:	D:
9362	9514	+	2	1.332360	I:	D:
>Y6.M043_47
188	547	+	2	1.319058	I:	D:
617	1576	-	2	1.314699	I:	D:
1689	2207	-	3	1.347613	I:	D:
2303	3115	-	2	1.348384	I:	D:
3180	4457	-	3	1.302517	I:	D:
4473	5336	-	3	1.295460	I:	D:
5342	6124	-	2	1.311580	I:	D:
6325	6459	+	1	1.321070	I:	D:
6463	6666	+	1	1.345400	I:	D:
6735	7079	+	3	1.326525	I:	D:
7183	7983	-	1	1.319115	I:	D:
8106	8819	-	3	1.342995	I:	D:
8812	9261	-	1	1.337893	I:	D:
>Y6.M043_48
3	1253	-	3	1.327007	I:	D:
1297	3279	-	1	1.318343	I:	D:
3422	4636	-	2	1.319299	I:	D:
4814	6052	+	2	1.322486	I:	D:
6144	6884	+	3	1.356191	I:	D:
7048	7329	+	1	1.349021	I:	D:
7376	8269	-	2	1.306143	I:	D:
>Y6.M043_49
1	1284	-	1	1.313371	I:	D:
1311	3194	-	3	1.317530	I:	D:
3338	4210	+	2	1.343077	I:	D:
4299	4823	-	3	1.337674	I:	D:
5096	6307	+	2	1.298629	I:	D:
6596	8002	+	2	1.317341	I:	D:
8004	8537	+	3	1.326366	I:	D:
>Y6.M043_50
1	1839	-	1	1.327581	I:	D:
1860	2015	+	3	1.344972	I:	D:
2033	2623	-	2	1.327393	I:	D:
2670	4586	-	3	1.341694	I:	D:
4617	5321	-	3	1.344139	I:	D:
5323	5580	-	1	1.334417	I:	D:
5577	5822	-	3	1.322300	I:	D:
5957	7189	+	2	1.337234	I:	D:
7378	7524	+	1	1.329746	I:	D:
>Y6.M043_51
109	1575	+	1	1.326913	I:	D:
1581	1988	+	3	1.392703	I:	D:
2059	3018	-	1	1.325728	I:	D:
3093	4226	-	3	1.312084	I:	D:
4427	5128	+	2	1.320152	I:	D:
5182	5388	+	1	1.322462	I:	D:
5623	5868	+	1	1.350159	I:	D:
5947	6972	+	1	1.321448	I:	D:
7025	7156	+	2	1.290767	I:	D:
>Y6.M043_52
3	494	+	3	1.324869	I:	D:
560	1084	+	2	1.323167	I:	D:
1084	1872	+	1	1.309238	I:	D:
1889	2557	+	2	1.327207	I:	D:
2593	3048	-	1	1.378218	I:	D:
3119	3295	+	2	1.351260	I:	D:
3399	4364	-	3	1.318105	I:	D:
4381	6834	+	1	1.318804	I:	D:
>Y6.M043_53
3	191	+	3	1.296474	I:	D:
226	1653	+	1	1.305439	I:	D:
1960	2382	+	1	1.327303	I:	D:
2464	2883	+	1	1.320229	I:	D:
2889	3116	-	3	1.358910	I:	D:
3247	4200	-	1	1.340170	I:	D:
4245	4814	-	3	1.324343	I:	D:
4828	5679	-	1	1.334507	I:	D:
5745	6197	-	3	1.317926	I:	D:
6213	6401	+	3	1.365439	I:	D:
>Y6.M043_54
2	136	+	2	1.357990	I:	D:
177	1538	-	3	1.298191	I:	D:
1713	2789	+	3	1.342719	I:	D:
2789	3037	+	2	1.357522	I:	D:
3111	4766	+	3	1.325356	I:	D:
4781	5413	+	2	1.350866	I:	D:
5427	6212	+	3	1.344241	I:	D:
>Y6.M043_55
1	675	-	1	1.351195	I:	D:
749	2104	-	2	1.323099	I:	D:
2160	2354	+	3	1.337145	I:	D:
2976	3227	+	3	1.372825	I:	D:
3499	3648	+	1	1.343195	I:	D:
3678	3932	+	3	1.356762	I:	D:
4001	4876	-	2	1.327620	I:	D:
4821	5600	-	3	1.336598	I:	D:
5604	6227	-	3	1.344073	I:	D:
6287	7078	-	2	1.290123	I:	D:
7098	7730	-	3	1.315027	I:	D:
8645	9880	+	2	1.328380	I:	D:
9996	10235	+	3	1.344999	I:	D:
10328	11005	-	2	1.338065	I:	D:
11008	12504	-	1	1.334194	I:	D:
12516	14336	-	3	1.328143	I:	D:
14454	15074	+	3	1.352097	I:	D:
15071	15310	+	2	1.321185	I:	D:
15376	15504	+	1	1.318447	I:	D:
15614	16093	-	2	1.360270	I:	D:
16312	16512	-	1	1.325658	I:	D:
16563	17399	-	3	1.335586	I:	D:
17521	18030	+	1	1.353733	I:	D:
18439	18990	+	1	1.312767	I:	D:
19241	19624	+	2	1.312298	I:	D:
19649	20203	+	2	1.340764	I:	D:
20434	20865	-	1	1.314296	I:	D:
20880	21452	-	3	1.313672	I:	D:
21442	23184	-	1	1.332419	I:	D:
23273	24595	-	2	1.332221	I:	D:
24582	26189	-	3	1.326976	I:	D:
26254	26487	-	1	1.299192	I:	D:
26668	26805	+	1	1.388858	I:	D:
27117	27284	+	3	1.366950	I:	D:
28094	28492	+	2	1.351647	I:	D:
28645	29229	-	1	1.306333	I:	D:
29319	31454	-	3	1.338944	I:	D:
31851	34100	+	3	1.337250	I:	D:
34328	34918	+	2	1.352644	I:	D:
>Y6.M043_56
3	1982	+	3	1.320029	I:	D:
2145	2612	+	3	1.335524	I:	D:
2616	3692	+	3	1.338003	I:	D:
3664	4236	+	1	1.335631	I:	D:
4438	4599	-	1	1.340134	I:	D:
4659	5294	-	3	1.345252	I:	D:
5291	6169	-	2	1.319473	I:	D:
6253	8259	-	1	1.313621	I:	D:
8282	9007	-	2	1.334353	I:	D:
9015	10055	-	3	1.346986	I:	D:
10060	11379	-	1	1.356590	I:	D:
11381	12070	-	2	1.340839	I:	D:
12076	13002	-	1	1.340167	I:	D:
13023	13496	-	3	1.314218	I:	D:
13516	14676	-	1	1.341513	I:	D:
>Y6.M043_57
61	213	-	1	1.313588	I:	D:
456	821	-	3	1.321812	I:	D:
844	2232	-	1	1.349565	I:	D:
2229	2921	-	3	1.353611	I:	D:
2922	3515	-	3	1.320236	I:	D:
3774	4406	-	3	1.304673	I:	D:
>Y6.M043_58
1	339	-	1	1.348014	I:	D:
563	1447	-	2	1.334721	I:	D:
1656	3017	+	3	1.306709	I:	D:
3092	3958	+	2	1.316572	I:	D:
4038	4700	-	3	1.309998	I:	D:
4897	8469	-	1	1.298483	I:	D:
8947	9609	+	1	1.321858	I:	D:
9725	10252	+	2	1.309965	I:	D:
10305	10847	-	3	1.324694	I:	D:
11099	11398	+	2	1.280348	I:	D:
11470	14085	-	1	1.293623	I:	D:
14476	15213	+	1	1.341054	I:	D:
15246	15392	+	3	1.369777	I:	D:
15492	15722	+	3	1.351746	I:	D:
15801	17141	+	3	1.294048	I:	D:
17145	17648	+	3	1.299237	I:	D:
17805	18278	+	3	1.292830	I:	D:
18265	19131	+	1	1.276896	I:	D:
19131	20072	+	3	1.296522	I:	D:
20087	20977	+	2	1.311977	I:	D:
>Y6.M043_59
2	130	-	2	1.352114	I:	D:
151	486	-	1	1.352591	I:	D:
506	790	-	2	1.342781	I:	D:
814	1698	-	1	1.325500	I:	D:
1738	2031	-	1	1.287338	I:	D:
2031	2654	-	3	1.314997	I:	D:
2672	3307	-	2	1.294494	I:	D:
3372	3719	-	3	1.341782	I:	D:
3760	3972	-	1	1.397838	I:	D:
4107	5546	-	3	1.301593	I:	D:
5654	5914	+	2	1.301962	I:	D:
6281	6661	-	2	1.313295	I:	D:
6777	7601	-	3	1.307680	I:	D:
7634	7936	+	2	1.347038	I:	D:
8092	8319	-	1	1.267187	I:	D:
8367	9173	-	3	1.310380	I:	D:
9173	10033	-	2	1.307808	I:	D:
10053	11399	-	3	1.298405	I:	D:
11486	11917	-	2	1.302763	I:	D:
11943	12383	-	3	1.296344	I:	D:
12422	13657	-	2	1.311275	I:	D:
13677	14429	-	3	1.300404	I:	D:
14469	15467	-	3	1.331869	I:	D:
15731	16576	+	2	1.315828	I:	D:
16601	17113	+	2	1.319566	I:	D:
16941	17600	+	3	1.311765	I:	D:
17851	18678	-	1	1.325455	I:	D:
>Y6.M043_60
189	455	-	3	1.350917	I:	D:
661	1233	-	1	1.323559	I:	D:
1230	1790	-	3	1.360150	I:	D:
2181	2384	+	3	1.406390	I:	D:
2390	2950	-	2	1.379087	I:	D:
3233	4105	-	2	1.323276	I:	D:
4236	5648	-	3	1.326059	I:	D:
5632	6303	-	1	1.310722	I:	D:
6497	6826	+	2	1.352080	I:	D:
>Y6.M043_61
3	545	-	3	1.349072	I:	D:
582	1220	-	3	1.339009	I:	D:
1294	3291	-	1	1.317514	I:	D:
3288	3884	-	3	1.339648	I:	D:
3886	4569	-	1	1.314522	I:	D:
4566	5813	-	3	1.337005	I:	D:
5803	6687	-	1	1.306810	I:	D:
6972	8930	-	3	1.332234	I:	D:
9090	9569	-	3	1.350829	I:	D:
9623	10450	-	2	1.305074	I:	D:
10636	11808	-	1	1.311084	I:	D:
11833	12915	-	1	1.311353	I:	D:
13315	13827	+	1	1.317524	I:	D:
13947	14708	-	3	1.329966	I:	D:
14843	14974	-	2	1.381945	I:	D:
15323	15973	+	2	1.340200	I:	D:
>Y6.M043_62
1	243	+	1	1.305385	I:	D:
260	1144	+	2	1.339579	I:	D:
1164	2369	+	3	1.326572	I:	D:
2386	3045	+	1	1.321325	I:	D:
3101	3841	+	2	1.290860	I:	D:
3897	4337	-	3	1.309616	I:	D:
4385	5482	-	2	1.353486	I:	D:
5463	6752	-	3	1.341116	I:	D:
6736	7809	-	1	1.327953	I:	D:
7834	8844	-	1	1.308293	I:	D:
9089	9244	+	2	1.314069	I:	D:
9251	10240	+	2	1.363396	I:	D:
10173	10685	+	3	1.335120	I:	D:
10709	10906	+	2	1.286027	I:	D:
10910	11302	+	2	1.332555	I:	D:
11314	12462	+	1	1.334282	I:	D:
12467	12952	+	2	1.337887	I:	D:
12980	13555	+	2	1.340709	I:	D:
13577	14128	+	2	1.292143	I:	D:
14280	14594	+	3	1.304596	I:	D:
14604	14924	+	3	1.324396	I:	D:
14930	15208	+	2	1.304757	I:	D:
15281	16555	+	2	1.328361	I:	D:
16607	17275	-	2	1.327796	I:	D:
17304	18293	-	3	1.336053	I:	D:
18378	19346	-	3	1.332681	I:	D:
19549	20412	-	1	1.324755	I:	D:
20438	20836	-	2	1.338848	I:	D:
20864	21073	-	2	1.342335	I:	D:
21080	22213	-	2	1.360398	I:	D:
22388	22720	+	2	1.313408	I:	D:
22738	23913	+	1	1.318587	I:	D:
24006	24968	+	3	1.325917	I:	D:
24970	25479	+	1	1.327081	I:	D:
25559	25948	+	2	1.324851	I:	D:
25985	26290	+	2	1.323706	I:	D:
>Y6.M043_63
2	1465	+	2	1.317051	I:	D:
1499	2896	+	2	1.316082	I:	D:
2910	3509	+	3	1.309559	I:	D:
3651	4085	-	3	1.388769	I:	D:
4275	4625	-	3	1.312644	I:	D:
4649	5137	-	2	1.332593	I:	D:
5157	5978	-	3	1.326659	I:	D:
6135	7406	+	3	1.324850	I:	D:
7625	8881	-	2	1.299894	I:	D:
9004	9660	-	1	1.311827	I:	D:
9650	11503	-	2	1.333589	I:	D:
11564	12160	-	2	1.356050	I:	D:
12147	13082	-	3	1.349894	I:	D:
13551	14501	-	3	1.294711	I:	D:
14546	15415	-	2	1.312596	I:	D:
15440	16261	-	2	1.319238	I:	D:
16277	17200	-	2	1.335227	I:	D:
17203	17715	-	1	1.317170	I:	D:
17722	20583	-	1	1.325202	I:	D:
20610	21371	-	3	1.290182	I:	D:
21385	22140	-	1	1.325056	I:	D:
22140	22604	-	3	1.300919	I:	D:
22625	23323	-	2	1.325382	I:	D:
23301	24530	-	3	1.310216	I:	D:
24534	24773	-	3	1.313797	I:	D:
24792	25655	-	3	1.344920	I:	D:
>Y6.M043_64
3	1367	+	3	1.335866	I:	D:
1384	2073	+	1	1.356438	I:	D:
2077	3156	+	1	1.322065	I:	D:
3281	3466	+	2	1.301973	I:	D:
3486	3758	+	3	1.296394	I:	D:
4366	4992	+	1	1.314176	I:	D:
5109	5417	+	3	1.402180	I:	D:
5514	5687	-	3	1.312633	I:	D:
5909	8305	+	2	1.335252	I:	D:
8454	9398	+	3	1.340824	I:	D:
9805	10740	-	1	1.301980	I:	D:
10808	11089	+	2	1.314148	I:	D:
11212	11646	+	1	1.339995	I:	D:
11664	12494	+	3	1.330383	I:	D:
12464	13207	+	2	1.315754	I:	D:
13222	14526	+	1	1.331085	I:	D:
14657	15937	+	2	1.325409	I:	D:
16164	23585	+	3	1.343824	I:	D:
23745	24701	+	3	1.340414	I:	D:
>Y6.M043_65
3	1316	-	3	1.333624	I:	D:
1591	2097	+	1	1.333872	I:	D:
2254	3024	-	1	1.297434	I:	D:
3223	4782	+	1	1.330303	I:	D:
4931	6604	+	2	1.316754	I:	D:
6855	7607	+	3	1.332171	I:	D:
7649	8389	+	2	1.292768	I:	D:
8597	8977	-	2	1.338607	I:	D:
8990	10129	-	2	1.323019	I:	D:
10143	12890	-	3	1.303436	I:	D:
13171	13863	+	1	1.301493	I:	D:
13882	14880	+	1	1.313770	I:	D:
15684	15836	-	3	1.318418	I:	D:
16189	17208	+	1	1.340394	I:	D:
17641	19011	-	1	1.329247	I:	D:
19267	20592	-	1	1.331331	I:	D:
21273	22304	-	3	1.326653	I:	D:
22799	23098	-	2	1.371935	I:	D:
>Y6.M043_66
2	655	-	2	1.321384	I:	D:
648	1493	-	3	1.313105	I:	D:
1829	4696	-	2	1.342897	I:	D:
4715	6082	-	2	1.353518	I:	D:
5778	6266	+	3	1.343495	I:	D:
6284	7039	+	2	1.344684	I:	D:
7079	8269	-	2	1.323850	I:	D:
8408	9199	-	2	1.355235	I:	D:
9313	9903	-	1	1.316119	I:	D:
9900	10586	-	3	1.331161	I:	D:
10579	11151	-	1	1.305227	I:	D:
11148	12113	-	3	1.332854	I:	D:
12129	13472	-	3	1.326494	I:	D:
13604	13795	-	2	1.265461	I:	D:
13881	14441	-	3	1.333974	I:	D:
14604	16190	-	3	1.340541	I:	D:
16449	18269	+	3	1.319738	I:	D:
18708	19667	-	3	1.320020	I:	D:
19928	20359	-	2	1.333329	I:	D:
>Y6.M043_67
1	213	-	1	1.326692	I:	D:
217	2145	-	1	1.336389	I:	D:
2159	4783	-	2	1.324888	I:	D:
4800	5204	-	3	1.286392	I:	D:
5222	6706	-	2	1.334623	I:	D:
6973	7632	+	1	1.341603	I:	D:
7696	8898	-	1	1.320845	I:	D:
8968	9120	-	1	1.336888	I:	D:
9193	12042	-	1	1.328694	I:	D:
12047	14029	-	2	1.312483	I:	D:
14096	14233	+	2	1.327384	I:	D:
14434	14979	+	1	1.326669	I:	D:
14993	16675	+	2	1.332095	I:	D:
16741	17433	-	1	1.322522	I:	D:
17588	17764	-	2	1.391237	I:	D:
17823	18791	+	3	1.337841	I:	D:
18841	19977	+	1	1.334530	I:	D:
>Y6.M043_68
30	485	+	3	1.335493	I:	D:
501	1358	+	3	1.339425	I:	D:
1372	2304	+	1	1.346668	I:	D:
2395	5868	+	1	1.340862	I:	D:
5952	6962	+	3	1.325729	I:	D:
7148	8425	+	2	1.329687	I:	D:
8425	9705	+	1	1.321163	I:	D:
9719	10774	+	2	1.325839	I:	D:
10778	11635	+	2	1.315323	I:	D:
11656	11787	+	1	1.341255	I:	D:
11778	12533	+	3	1.297336	I:	D:
12630	13538	+	3	1.280789	I:	D:
13616	14533	+	2	1.321761	I:	D:
14773	15783	+	1	1.322605	I:	D:
15780	16970	+	3	1.327431	I:	D:
17164	17868	+	1	1.329058	I:	D:
17896	18450	+	1	1.292597	I:	D:
18452	19192	+	2	1.327959	I:	D:
19249	19953	+	1	1.318858	I:	D:
>Y6.M043_69
124	1872	+	1	1.327167	I:	D:
1977	2474	-	3	1.306434	I:	D:
2411	2770	-	2	1.356342	I:	D:
3138	3461	-	3	1.259034	I:	D:
3856	4074	-	1	1.358698	I:	D:
4413	5312	+	3	1.344678	I:	D:
5420	6526	+	2	1.329425	I:	D:
6700	7227	+	1	1.318486	I:	D:
7292	8665	-	2	1.342831	I:	D:
8749	8997	+	1	1.320474	I:	D:
9018	9455	+	3	1.343943	I:	D:
9459	10025	+	3	1.362798	I:	D:
10095	10574	-	3	1.326126	I:	D:
10674	10958	-	3	1.319193	I:	D:
10969	11481	-	1	1.322012	I:	D:
11559	11828	-	3	1.319632	I:	D:
12194	12913	-	2	1.358199	I:	D:
13600	13878	-	1	1.316763	I:	D:
14064	15053	-	3	1.341041	I:	D:
15523	17166	-	1	1.336235	I:	D:
17189	18034	-	2	1.346169	I:	D:
18046	19578	-	1	1.338659	I:	D:
>Y6.M043_70
334	474	-	1	1.373564	I:	D:
434	952	+	2	1.331141	I:	D:
1061	2632	+	2	1.339511	I:	D:
2847	4328	+	3	1.327426	I:	D:
4352	5767	+	2	1.348713	I:	D:
6023	6292	+	2	1.310757	I:	D:
6267	6491	+	3	1.316891	I:	D:
6677	7624	+	2	1.350003	I:	D:
7650	8786	+	3	1.343675	I:	D:
8767	10275	+	1	1.331365	I:	D:
10331	10480	-	2	1.344864	I:	D:
10737	12158	+	3	1.347061	I:	D:
12295	12870	+	1	1.318868	I:	D:
12934	13644	+	1	1.335900	I:	D:
13657	15045	+	1	1.346447	I:	D:
15297	15440	+	3	1.347565	I:	D:
15515	16516	+	2	1.329612	I:	D:
16517	17701	+	2	1.333752	I:	D:
17862	18173	-	3	1.301419	I:	D:
>Y6.M043_71
255	389	-	3	1.307928	I:	D:
425	1435	+	2	1.333095	I:	D:
1572	4535	-	3	1.321091	I:	D:
4543	5706	-	1	1.343521	I:	D:
5854	7284	+	1	1.327566	I:	D:
7376	8794	+	2	1.317311	I:	D:
8781	9743	+	3	1.320863	I:	D:
9805	10584	+	1	1.334877	I:	D:
10765	11019	+	1	1.323078	I:	D:
11137	11589	+	1	1.330083	I:	D:
11590	11970	-	1	1.284817	I:	D:
11963	12706	-	2	1.321939	I:	D:
12804	14315	+	3	1.339834	I:	D:
14308	15396	+	1	1.330404	I:	D:
15386	16558	+	2	1.322237	I:	D:
16621	17814	-	1	1.324546	I:	D:
>Y6.M043_72
112	1026	+	1	1.308645	I:	D:
1029	1613	+	3	1.330688	I:	D:
1614	1904	+	3	1.312959	I:	D:
1945	2562	+	1	1.355054	I:	D:
2555	3148	+	2	1.337899	I:	D:
3135	4235	+	3	1.315587	I:	D:
4314	5405	+	3	1.326164	I:	D:
5433	5801	+	3	1.308881	I:	D:
5802	8201	+	3	1.322759	I:	D:
8313	8489	+	3	1.360928	I:	D:
8575	9081	+	1	1.340405	I:	D:
9078	9938	+	3	1.338321	I:	D:
9954	10388	+	3	1.326311	I:	D:
10409	11488	+	2	1.321427	I:	D:
11597	12178	+	2	1.299710	I:	D:
12244	12675	+	1	1.286052	I:	D:
12823	13491	+	1	1.347556	I:	D:
13728	14909	+	3	1.315878	I:	D:
14961	15707	+	3	1.336605	I:	D:
15783	16163	+	3	1.347820	I:	D:
16202	16969	+	2	1.332017	I:	D:
>Y6.M043_73
3	749	-	3	1.339108	I:	D:
760	1689	-	1	1.329783	I:	D:
1682	2956	-	2	1.345941	I:	D:
2970	3836	-	3	1.324874	I:	D:
3830	4888	-	2	1.340427	I:	D:
4891	5445	-	1	1.350078	I:	D:
5675	6844	-	2	1.330567	I:	D:
6877	7674	-	1	1.338252	I:	D:
7748	8302	-	2	1.296663	I:	D:
8435	10942	-	2	1.342811	I:	D:
10972	12981	-	1	1.346314	I:	D:
13047	16508	-	3	1.333065	I:	D:
16531	16773	-	1	1.344008	I:	D:
>Y6.M043_74
73	246	+	1	1.310746	I:	D:
475	1083	+	1	1.326506	I:	D:
1187	1816	-	2	1.336563	I:	D:
1822	2019	-	1	1.338578	I:	D:
2179	2790	-	1	1.329891	I:	D:
3150	3944	-	3	1.320924	I:	D:
3962	4561	-	2	1.366892	I:	D:
4828	6267	-	1	1.331409	I:	D:
6506	7045	-	2	1.331789	I:	D:
7125	9035	-	3	1.346619	I:	D:
9343	9687	+	1	1.331853	I:	D:
9873	10895	-	3	1.349510	I:	D:
11189	12316	+	2	1.351105	I:	D:
12544	13584	+	1	1.322761	I:	D:
13620	15149	+	3	1.331514	I:	D:
15212	15643	-	2	1.343229	I:	D:
15831	16451	+	3	1.322258	I:	D:
>Y6.M043_75
79	321	-	1	1.314259	I:	D:
403	609	+	1	1.384516	I:	D:
743	1111	-	2	1.347851	I:	D:
1246	1737	-	1	1.311359	I:	D:
1748	2155	-	2	1.298798	I:	D:
2379	2723	+	3	1.325509	I:	D:
2756	3778	+	2	1.340714	I:	D:
3855	4055	+	3	1.302506	I:	D:
4203	4781	+	3	1.329805	I:	D:
4832	5311	+	2	1.333543	I:	D:
5435	7474	+	2	1.323285	I:	D:
7563	8717	+	3	1.355375	I:	D:
8776	10737	-	1	1.346359	I:	D:
10777	11373	-	1	1.333317	I:	D:
11333	11464	-	2	1.324519	I:	D:
11740	12783	+	1	1.345239	I:	D:
12960	14072	+	3	1.345027	I:	D:
14191	14850	-	1	1.298117	I:	D:
14878	15132	-	1	1.333162	I:	D:
>Y6.M043_76
3	1616	+	3	1.344214	I:	D:
1639	1992	+	1	1.292654	I:	D:
1996	2598	+	1	1.333887	I:	D:
2725	3180	+	1	1.340405	I:	D:
3637	4080	+	1	1.391304	I:	D:
4518	6521	+	3	1.335916	I:	D:
6741	6881	-	3	1.320061	I:	D:
7018	7647	+	1	1.339439	I:	D:
7644	8882	+	3	1.337242	I:	D:
9633	11312	+	3	1.340306	I:	D:
11373	12053	-	3	1.360792	I:	D:
12149	12313	-	2	1.313555	I:	D:
12587	12787	+	2	1.340505	I:	D:
>Y6.M043_77
107	454	+	2	1.300879	I:	D:
485	2077	+	2	1.335197	I:	D:
2265	2966	-	3	1.330998	I:	D:
3426	3758	+	3	1.336454	I:	D:
4037	5311	-	2	1.351759	I:	D:
6627	7301	-	3	1.349235	I:	D:
7337	9007	+	2	1.328987	I:	D:
9193	9588	+	1	1.358923	I:	D:
9726	10040	+	3	1.342258	I:	D:
10040	10699	+	2	1.345255	I:	D:
10710	11279	+	3	1.315956	I:	D:
11338	11616	-	1	1.357675	I:	D:
11861	12580	-	2	1.310079	I:	D:
>Y6.M043_78
2	133	+	2	1.365468	I:	D:
196	1140	+	1	1.332936	I:	D:
1248	1739	-	3	1.335469	I:	D:
1803	2858	-	3	1.317489	I:	D:
2855	3463	-	2	1.313359	I:	D:
3488	3931	-	2	1.351584	I:	D:
3953	4435	-	2	1.311844	I:	D:
4452	4784	-	3	1.338485	I:	D:
4812	5918	-	3	1.319640	I:	D:
5940	7121	-	3	1.365847	I:	D:
7154	8365	-	2	1.333875	I:	D:
8589	9557	-	3	1.341286	I:	D:
9892	10605	-	1	1.316315	I:	D:
10791	11765	-	3	1.337196	I:	D:
>Y6.M043_79
3	185	+	3	1.358561	I:	D:
310	744	-	1	1.329365	I:	D:
804	1196	-	3	1.372574	I:	D:
1299	1991	-	3	1.353145	I:	D:
2107	2277	-	1	1.319878	I:	D:
2338	2610	-	1	1.309041	I:	D:
2746	3195	+	1	1.313998	I:	D:
3256	3639	-	1	1.365163	I:	D:
4007	4150	+	2	1.334674	I:	D:
4360	5304	-	1	1.323470	I:	D:
5540	6919	+	2	1.322840	I:	D:
7244	7597	-	2	1.286872	I:	D:
7813	8598	+	1	1.327949	I:	D:
8638	9567	+	1	1.313119	I:	D:
>Y6.M043_80
57	2765	-	3	1.323014	I:	D:
2931	3239	-	3	1.358997	I:	D:
3329	4045	-	2	1.354273	I:	D:
4143	4568	-	3	1.322737	I:	D:
4902	5693	+	3	1.335694	I:	D:
5756	6475	+	2	1.342468	I:	D:
6518	7606	+	2	1.320381	I:	D:
7643	8899	+	2	1.337272	I:	D:
>Y6.M043_81
3	437	-	3	1.309135	I:	D:
448	936	-	1	1.338261	I:	D:
952	1404	-	1	1.345796	I:	D:
1617	1901	-	3	1.356917	I:	D:
1994	3016	+	2	1.337005	I:	D:
3041	3967	+	2	1.360526	I:	D:
4013	4714	-	2	1.332917	I:	D:
4870	7200	-	1	1.328563	I:	D:
7236	8003	-	3	1.331778	I:	D:
8206	8802	-	1	1.311523	I:	D:
>Y6.M043_82
2	373	-	2	1.326848	I:	D:
452	1279	-	2	1.324512	I:	D:
1301	2392	-	2	1.312067	I:	D:
2559	2762	+	3	1.364963	I:	D:
2804	3160	-	2	1.360139	I:	D:
3314	3520	+	2	1.338957	I:	D:
3562	3705	+	1	1.336538	I:	D:
4156	5493	+	1	1.309416	I:	D:
5547	5711	-	3	1.269002	I:	D:
5862	6968	+	3	1.319163	I:	D:
6991	7215	+	1	1.294160	I:	D:
7205	8098	+	2	1.342756	I:	D:
>Y6.M043_83
2	181	+	2	1.346394	I:	D:
209	424	+	2	1.361605	I:	D:
806	1168	+	2	1.360809	I:	D:
1439	1621	-	2	1.366962	I:	D:
1767	1967	+	3	1.303775	I:	D:
2045	3208	-	2	1.330429	I:	D:
3419	4354	+	2	1.348778	I:	D:
4541	4753	-	2	1.335428	I:	D:
4935	5702	-	3	1.350420	I:	D:
5806	6729	-	1	1.346994	I:	D:
6742	6900	-	1	1.324376	I:	D:
7114	7734	-	1	1.373043	I:	D:
>Y6.M043_84
3	212	-	3	1.363501	I:	D:
227	1390	-	2	1.308313	I:	D:
1391	2248	-	2	1.346192	I:	D:
2288	3232	-	2	1.330355	I:	D:
3332	3970	-	2	1.357277	I:	D:
4037	4840	-	2	1.317385	I:	D:
4854	5765	-	3	1.321961	I:	D:
>Y6.M043_85
244	1155	-	1	1.328191	I:	D:
1178	2065	-	2	1.346450	I:	D:
2062	3000	-	1	1.336847	I:	D:
3029	3370	-	2	1.331141	I:	D:
3423	5312	-	3	1.297631	I:	D:
>Y6.M043_86
250	570	+	1	1.362697	I:	D:
638	1630	-	2	1.307525	I:	D:
1855	3945	-	1	1.306766	I:	D:
4121	4756	-	2	1.328292	I:	D:
4807	5142	-	1	1.322006	I:	D:
5183	6502	-	2	1.329316	I:	D:
6579	7004	-	3	1.311867	I:	D:
7009	7353	-	1	1.329264	I:	D:
7712	8209	+	2	1.328138	I:	D:
8215	8757	+	1	1.330588	I:	D:
8804	9172	+	2	1.318545	I:	D:
9186	10973	+	3	1.317425	I:	D:
10990	12732	+	1	1.319901	I:	D:
12921	14258	+	3	1.342158	I:	D:
14548	14700	+	1	1.345565	I:	D:
14828	15289	-	2	1.311867	I:	D:
>Y6.M043_87
2	160	+	2	1.358372	I:	D:
234	1727	-	3	1.323095	I:	D:
1753	2526	-	1	1.310538	I:	D:
2532	3491	-	3	1.326399	I:	D:
3505	4452	-	1	1.329868	I:	D:
4496	5461	-	2	1.316279	I:	D:
5690	7504	+	2	1.306271	I:	D:
7605	8411	+	3	1.339192	I:	D:
8477	9268	-	2	1.316133	I:	D:
9337	10185	+	1	1.327046	I:	D:
10729	11466	+	1	1.377442	I:	D:
11590	11766	-	1	1.319449	I:	D:
>Y6.M043_88
3	551	-	3	1.324649	I:	D:
532	1311	-	1	1.340991	I:	D:
1274	1615	-	2	1.362600	I:	D:
1908	2117	+	3	1.333729	I:	D:
2208	2966	-	3	1.315529	I:	D:
3133	6864	-	1	1.317918	I:	D:
7060	8376	-	1	1.345283	I:	D:
8531	8761	+	2	1.304617	I:	D:
8774	9625	+	2	1.333288	I:	D:
9895	10524	+	1	1.344306	I:	D:
>Y6.M043_89
2	325	+	2	1.277092	I:	D:
431	1447	+	2	1.326069	I:	D:
1481	2368	+	2	1.295263	I:	D:
2525	3796	+	2	1.305945	I:	D:
3872	6028	+	2	1.298654	I:	D:
6046	6435	+	1	1.340677	I:	D:
6478	7980	+	1	1.294467	I:	D:
8117	9400	+	2	1.324017	I:	D:
>Y6.M043_90
2	1294	-	2	1.341912	I:	D:
1586	2011	-	2	1.299956	I:	D:
2066	2761	-	2	1.310999	I:	D:
2755	3666	-	1	1.315817	I:	D:
3679	4446	-	1	1.317030	I:	D:
4459	7659	-	1	1.308078	I:	D:
7662	8762	-	3	1.317911	I:	D:
8788	9216	-	1	1.312879	I:	D:
>Y6.M043_91
8	1108	-	2	1.314382	I:	D:
1238	2032	-	2	1.324231	I:	D:
2034	3773	-	3	1.331004	I:	D:
3838	4083	+	1	1.380690	I:	D:
4132	4278	+	1	1.347068	I:	D:
4294	5283	+	1	1.326440	I:	D:
5387	6073	-	2	1.300683	I:	D:
6339	7277	-	3	1.309562	I:	D:
7952	9118	-	2	1.324561	I:	D:
>Y6.M043_92
82	444	-	1	1.374018	I:	D:
599	1558	+	2	1.314628	I:	D:
1634	1786	+	2	1.315983	I:	D:
1894	2427	-	1	1.333500	I:	D:
2441	3841	-	2	1.324949	I:	D:
3997	5004	-	1	1.330606	I:	D:
5075	6403	-	2	1.319977	I:	D:
6633	7148	-	3	1.321394	I:	D:
7170	7700	-	3	1.344427	I:	D:
7707	7892	+	3	1.381870	I:	D:
>Y6.M043_93
45	1382	-	3	1.320246	I:	D:
1688	2839	-	2	1.329889	I:	D:
2888	3844	-	2	1.314042	I:	D:
4182	6029	+	3	1.319002	I:	D:
6093	6710	-	3	1.353149	I:	D:
>Y6.M043_94
54	1970	-	3	1.301878	I:	D:
2154	2288	+	3	1.355638	I:	D:
2365	3639	+	1	1.320241	I:	D:
3924	5180	+	3	1.324817	I:	D:
>Y6.M043_95
2	619	+	2	1.319234	I:	D:
638	2089	+	2	1.319330	I:	D:
2128	2751	+	1	1.293039	I:	D:
2861	4246	+	2	1.315801	I:	D:
4271	4561	+	2	1.270060	I:	D:
>Y6.M043_96
2	334	-	2	1.305464	I:	D:
357	1532	-	3	1.321306	I:	D:
1552	2409	-	1	1.278249	I:	D:
2495	3730	-	2	1.302435	I:	D:
3764	4420	-	2	1.327036	I:	D:
>Y6.M043_97
3	1271	+	3	1.319118	I:	D:
1512	2840	+	3	1.328140	I:	D:
>Y6.M043_98
1	420	-	1	1.324460	I:	D:
796	1284	+	1	1.341412	I:	D:
1329	1775	+	3	1.312036	I:	D:
1877	2257	+	2	1.306762	I:	D:
>Y6.M043_99
2	217	+	2	1.331636	I:	D:
232	492	+	1	1.329390	I:	D:
520	2232	+	1	1.314131	I:	D:
>Y6.M043_100
10	555	-	1	1.307237	I:	D:
524	1228	-	2	1.327606	I:	D:
1301	2386	-	2	1.317407	I:	D:
2694	3803	-	3	1.303562	I:	D:
3949	4674	-	1	1.341768	I:	D:
4678	5562	-	1	1.331587	I:	D:
5722	6201	-	1	1.321608	I:	D:
6270	8336	-	3	1.312330	I:	D:
8630	8917	+	2	1.353685	I:	D:
9007	10245	-	1	1.344455	I:	D:
>Y6.M043_101
2	793	+	2	1.324728	I:	D:
863	2125	+	2	1.339676	I:	D:
2225	2704	-	2	1.347529	I:	D:
3070	3303	-	1	1.350287	I:	D:
3303	3563	+	3	1.393150	I:	D:
3964	5400	+	1	1.336014	I:	D:
5849	6262	-	2	1.311436	I:	D:
6286	6627	-	1	1.355253	I:	D:
>Y6.M043_102
33	1010	-	3	1.323579	I:	D:
1093	1611	-	1	1.332517	I:	D:
1617	2531	-	3	1.351145	I:	D:
2712	3305	-	3	1.287559	I:	D:
3452	3727	-	2	1.284450	I:	D:
3724	4656	-	1	1.328907	I:	D:
4716	4964	+	3	1.373211	I:	D:
5575	5775	-	1	1.390330	I:	D:
5779	6036	+	1	1.342229	I:	D:
6464	6784	-	2	1.358629	I:	D:
>Y6.M043_103
10	705	-	1	1.341435	I:	D:
727	1047	-	1	1.319901	I:	D:
1347	2402	-	3	1.284946	I:	D:
2426	2914	-	2	1.309483	I:	D:
3074	3613	-	2	1.321767	I:	D:
3770	5374	-	2	1.334660	I:	D:
5720	6622	+	2	1.332019	I:	D:
>Y6.M043_104
121	387	+	1	1.310024	I:	D:
380	967	+	2	1.329096	I:	D:
982	1197	+	1	1.306455	I:	D:
1235	2671	+	2	1.344961	I:	D:
>Y6.M043_105
77	982	-	2	1.299806	I:	D:
1019	1924	-	2	1.302773	I:	D:
1967	2875	-	2	1.294778	I:	D:
3052	4053	-	1	1.313917	I:	D:
4084	4995	-	1	1.295592	I:	D:
5113	5379	-	1	1.377218	I:	D:
6007	6471	+	1	1.331315	I:	D:
>Y6.M043_106
275	1087	+	2	1.322423	I:	D:
1150	1317	+	1	1.346016	I:	D:
1482	2861	-	3	1.344053	I:	D:
3213	3473	+	3	1.346575	I:	D:
3477	4559	+	3	1.343640	I:	D:
4562	5026	+	2	1.359269	I:	D:
5446	6009	-	1	1.361184	I:	D:
6111	6308	+	3	1.333069	I:	D:
>Y6.M043_107
1	1254	-	1	1.330553	I:	D:
1282	1455	+	1	1.358275	I:	D:
1482	1652	+	3	1.391137	I:	D:
1965	3686	+	3	1.341869	I:	D:
3693	3989	+	3	1.341291	I:	D:
4015	5226	+	1	1.329711	I:	D:
5243	6205	+	2	1.338722	I:	D:
>Y6.M043_108
10	795	-	1	1.353405	I:	D:
879	1499	-	3	1.328226	I:	D:
1558	1761	-	1	1.330982	I:	D:
1910	3625	-	2	1.298472	I:	D:
3663	4835	-	3	1.321349	I:	D:
4880	5446	-	2	1.331468	I:	D:
5490	6194	-	3	1.340308	I:	D:
>Y6.M043_109
1	222	+	1	1.387002	I:	D:
365	1387	-	2	1.327585	I:	D:
1543	2142	+	1	1.323048	I:	D:
2142	2882	+	3	1.337052	I:	D:
2900	4372	+	2	1.337837	I:	D:
4407	4559	+	3	1.386677	I:	D:
>Y6.M043_110
120	695	+	3	1.353075	I:	D:
679	1854	+	1	1.339692	I:	D:
1893	3005	-	3	1.325578	I:	D:
3373	4065	+	1	1.312493	I:	D:
4111	5613	+	1	1.319123	I:	D:
>Y6.M043_111
3	482	+	3	1.320330	I:	D:
493	1221	+	1	1.327376	I:	D:
1211	1801	+	2	1.311158	I:	D:
1823	2428	+	2	1.335391	I:	D:
2498	2911	+	2	1.307329	I:	D:
3015	4193	+	3	1.326553	I:	D:
4208	4948	+	2	1.353619	I:	D:
4950	5324	+	3	1.358663	I:	D:
5429	5686	+	2	1.333585	I:	D:
>Y6.M043_112
3	419	+	3	1.388323	I:	D:
587	1018	-	2	1.333446	I:	D:
1283	1597	+	2	1.361308	I:	D:
1686	4100	-	3	1.325307	I:	D:
4115	4843	-	2	1.316542	I:	D:
5000	5650	-	2	1.320879	I:	D:
>Y6.M043_113
2	373	+	2	1.330370	I:	D:
370	951	+	1	1.319743	I:	D:
993	1604	+	3	1.326993	I:	D:
1601	2314	+	2	1.320742	I:	D:
2320	3087	+	1	1.328655	I:	D:
3103	3435	+	1	1.325433	I:	D:
3435	3758	+	3	1.310449	I:	D:
4005	4439	+	3	1.332597	I:	D:
4462	5559	+	1	1.304883	I:	D:
>Y6.M043_114
3	260	+	3	1.385557	I:	D:
263	892	+	2	1.344908	I:	D:
1165	2811	+	1	1.378321	I:	D:
2817	3713	+	3	1.341052	I:	D:
3850	5163	+	1	1.339295	I:	D:
5447	5581	-	2	1.318324	I:	D:
>Y6.M043_115
2	289	+	2	1.327446	I:	D:
328	639	+	1	1.332441	I:	D:
799	1266	-	1	1.340900	I:	D:
1511	2080	+	2	1.334453	I:	D:
2163	3401	+	3	1.345142	I:	D:
3518	3994	+	2	1.327447	I:	D:
4184	4717	+	2	1.337441	I:	D:
4798	5040	-	1	1.308326	I:	D:
5122	5292	-	1	1.301911	I:	D:
5414	5563	+	2	1.301460	I:	D:
>Y6.M043_116
361	1254	-	1	1.333042	I:	D:
1270	1866	-	1	1.344134	I:	D:
1958	3352	-	2	1.336570	I:	D:
3542	3931	+	2	1.352631	I:	D:
3976	4884	+	1	1.320734	I:	D:
4906	5370	+	1	1.313029	I:	D:
>Y6.M043_117
1	477	-	1	1.309783	I:	D:
493	1746	-	1	1.319503	I:	D:
1759	3156	-	1	1.335834	I:	D:
3280	5379	+	1	1.322249	I:	D:
>Y6.M043_118
1	834	+	1	1.349304	I:	D:
922	1953	+	1	1.332834	I:	D:
1967	2725	+	2	1.372228	I:	D:
2739	3299	+	3	1.345255	I:	D:
3253	3882	+	1	1.345603	I:	D:
3910	5163	+	1	1.353914	I:	D:
5251	5379	+	1	1.372994	I:	D:
5392	5865	+	1	1.325860	I:	D:
6038	6232	+	2	1.336455	I:	D:
6248	6634	+	2	1.336520	I:	D:
6643	6798	+	1	1.393112	I:	D:
6841	7362	+	1	1.292048	I:	D:
7442	7780	+	2	1.358090	I:	D:
7833	8996	+	3	1.331090	I:	D:
9030	9500	+	3	1.297237	I:	D:
9586	11568	-	1	1.350981	I:	D:
11642	13771	-	2	1.332184	I:	D:
13781	14158	-	2	1.348891	I:	D:
14642	15892	+	2	1.328345	I:	D:
15879	16607	+	3	1.347039	I:	D:
16834	17295	+	1	1.352185	I:	D:
17288	18676	+	2	1.340132	I:	D:
18689	19084	+	2	1.307883	I:	D:
19068	19403	+	3	1.329149	I:	D:
19420	19986	+	1	1.321044	I:	D:
19986	20648	+	3	1.329487	I:	D:
20654	21412	+	2	1.312557	I:	D:
21445	22023	+	1	1.307329	I:	D:
22032	23777	+	3	1.321124	I:	D:
23783	24919	+	2	1.343183	I:	D:
25208	25648	+	2	1.319537	I:	D:
25638	25907	+	3	1.272312	I:	D:
26239	26502	+	1	1.324466	I:	D:
26603	27823	+	2	1.338036	I:	D:
28309	28542	-	1	1.265778	I:	D:
28619	29341	-	2	1.349379	I:	D:
29569	30285	-	1	1.358706	I:	D:
30442	31284	-	1	1.353173	I:	D:
>Y6.M043_119
148	822	+	1	1.359015	I:	D:
876	1223	+	3	1.334786	I:	D:
1299	1439	+	3	1.345015	I:	D:
1650	1940	-	3	1.338574	I:	D:
1944	2513	-	3	1.361877	I:	D:
2502	2759	+	3	1.398819	I:	D:
3007	3822	-	1	1.374992	I:	D:
3842	4147	-	2	1.324890	I:	D:
4174	4719	-	1	1.321028	I:	D:
4889	5065	-	2	1.357370	I:	D:
5738	5959	-	2	1.307949	I:	D:
5980	6615	-	1	1.332266	I:	D:
7166	7402	-	2	1.342248	I:	D:
7417	7587	-	1	1.369786	I:	D:
7668	8213	+	3	1.353618	I:	D:
8283	8414	+	3	1.319392	I:	D:
8522	8710	-	2	1.386920	I:	D:
8986	9567	+	1	1.314321	I:	D:
9590	9727	+	2	1.355079	I:	D:
9754	10137	+	1	1.325843	I:	D:
10386	10805	+	3	1.342397	I:	D:
10866	11120	-	3	1.351291	I:	D:
11132	11332	-	2	1.331065	I:	D:
11528	12388	-	2	1.375926	I:	D:
12657	13319	+	3	1.356051	I:	D:
>Y6.M043_120
44	1021	+	2	1.312255	I:	D:
1024	1932	+	1	1.330231	I:	D:
1945	2514	+	1	1.315110	I:	D:
2595	2846	-	3	1.353666	I:	D:
3006	4229	-	3	1.354805	I:	D:
4477	5739	-	1	1.328294	I:	D:
5966	6520	-	2	1.355160	I:	D:
6693	6824	+	3	1.349929	I:	D:
7288	8052	+	1	1.316198	I:	D:
8168	10222	+	2	1.359432	I:	D:
10233	10424	+	3	1.360924	I:	D:
>Y6.M043_121
118	1383	+	1	1.321738	I:	D:
1704	2189	-	3	1.289509	I:	D:
2304	2666	-	3	1.290542	I:	D:
2872	3876	+	1	1.320521	I:	D:
4059	5303	+	3	1.329498	I:	D:
>Y6.M043_122
2	445	-	2	1.397246	I:	D:
625	1770	-	1	1.316852	I:	D:
1847	2002	-	2	1.342243	I:	D:
2059	2973	-	1	1.319832	I:	D:
3063	3563	-	3	1.322903	I:	D:
3742	4932	-	1	1.341537	I:	D:
5026	5172	+	1	1.359167	I:	D:
>Y6.M043_123
2	160	+	2	1.378525	I:	D:
175	795	+	1	1.361190	I:	D:
811	1464	+	1	1.333083	I:	D:
1550	2050	+	2	1.332726	I:	D:
2057	2356	-	2	1.343070	I:	D:
2409	2867	+	3	1.328662	I:	D:
2879	4042	+	2	1.319400	I:	D:
4061	5074	+	2	1.318150	I:	D:
>Y6.M043_124
2	208	-	2	1.354556	I:	D:
371	862	+	2	1.309802	I:	D:
1347	1841	-	3	1.391780	I:	D:
1984	3114	+	1	1.360561	I:	D:
3188	4075	+	2	1.328546	I:	D:
4322	5041	-	2	1.298301	I:	D:
>Y6.M043_125
163	1929	+	1	1.332794	I:	D:
2017	2757	+	1	1.330001	I:	D:
2773	2955	+	1	1.327245	I:	D:
3044	3316	-	2	1.323457	I:	D:
3408	3554	+	3	1.329192	I:	D:
3741	4943	-	3	1.324507	I:	D:
>Y6.M043_126
1	2145	+	1	1.313729	I:	D:
2879	3403	-	2	1.329874	I:	D:
3472	3780	+	1	1.325935	I:	D:
3813	4772	+	3	1.349243	I:	D:
>Y6.M043_127
3	1418	+	3	1.325669	I:	D:
1415	2125	+	2	1.327261	I:	D:
2122	2817	+	1	1.345724	I:	D:
2912	3256	+	2	1.390809	I:	D:
3363	3911	+	3	1.330110	I:	D:
3928	4209	-	1	1.342341	I:	D:
4236	4379	+	3	1.360650	I:	D:
4435	4758	+	1	1.355150	I:	D:
>Y6.M043_128
2	349	+	2	1.338376	I:	D:
327	1814	+	3	1.337656	I:	D:
1816	2397	+	1	1.316654	I:	D:
2483	3142	-	2	1.309039	I:	D:
3171	3797	-	3	1.323691	I:	D:
4192	4341	+	1	1.348595	I:	D:
4364	4669	+	2	1.336537	I:	D:
>Y6.M043_129
168	1139	+	3	1.310579	I:	D:
1167	1439	+	3	1.326034	I:	D:
1516	1764	+	1	1.339421	I:	D:
1859	3979	+	2	1.313443	I:	D:
4084	4326	-	1	1.354542	I:	D:
>Y6.M043_130
1	801	-	1	1.341341	I:	D:
798	2102	-	3	1.319005	I:	D:
2099	2734	-	2	1.301889	I:	D:
2734	3945	-	1	1.330391	I:	D:
4008	4307	-	3	1.299262	I:	D:
>Y6.M043_131
52	1452	+	1	1.312455	I:	D:
1686	2375	+	3	1.319911	I:	D:
2362	3381	+	1	1.328640	I:	D:
3561	4190	+	3	1.313450	I:	D:
>Y6.M043_132
3	668	-	3	1.366660	I:	D:
797	1189	+	2	1.431011	I:	D:
1218	1643	-	3	1.313710	I:	D:
1831	2166	+	1	1.348456	I:	D:
2163	2543	+	3	1.341707	I:	D:
2850	3458	+	3	1.317183	I:	D:
3565	4170	+	1	1.309526	I:	D:
4170	4904	+	3	1.356101	I:	D:
4919	6397	+	2	1.337367	I:	D:
6394	8190	+	1	1.312112	I:	D:
8187	9938	+	3	1.311404	I:	D:
9972	10334	+	3	1.340145	I:	D:
10340	10741	+	2	1.360347	I:	D:
10839	12251	-	3	1.344042	I:	D:
12360	12605	-	3	1.347500	I:	D:
12672	14849	-	3	1.331973	I:	D:
>Y6.M043_133
2	547	-	2	1.329378	I:	D:
562	1272	-	1	1.284561	I:	D:
1406	2068	-	2	1.348376	I:	D:
2229	2681	-	3	1.317577	I:	D:
2703	3107	-	3	1.296449	I:	D:
3155	4045	-	2	1.320216	I:	D:
4299	4559	-	3	1.327714	I:	D:
4618	6183	+	1	1.350900	I:	D:
6266	7249	-	2	1.310813	I:	D:
7395	8774	-	3	1.343017	I:	D:
9087	9296	+	3	1.322880	I:	D:
9445	9681	-	1	1.304835	I:	D:
9810	9977	-	3	1.316610	I:	D:
10399	10824	+	1	1.335588	I:	D:
11245	11529	+	1	1.366887	I:	D:
11559	11768	+	3	1.360276	I:	D:
11933	12883	+	2	1.335941	I:	D:
12880	13155	+	1	1.301433	I:	D:
13252	13572	+	1	1.328618	I:	D:
>Y6.M043_134
3	329	+	3	1.354274	I:	D:
547	693	+	1	1.343962	I:	D:
740	910	+	2	1.325656	I:	D:
1053	1190	+	3	1.233390	I:	D:
1379	1726	+	2	1.324658	I:	D:
1817	1993	+	2	1.354450	I:	D:
2347	2997	+	1	1.383244	I:	D:
3094	3867	-	1	1.313130	I:	D:
3924	4100	-	3	1.348240	I:	D:
>Y6.M043_135
3	602	+	3	1.317713	I:	D:
664	960	+	1	1.314617	I:	D:
1034	1996	-	2	1.324685	I:	D:
2121	2855	+	3	1.305539	I:	D:
2875	3333	+	1	1.350390	I:	D:
3514	4089	-	1	1.286300	I:	D:
>Y6.M043_136
3	710	+	3	1.332752	I:	D:
731	1405	+	2	1.333093	I:	D:
1706	3790	+	2	1.324572	I:	D:
>Y6.M043_137
375	1787	+	3	1.338469	I:	D:
1895	2284	+	2	1.322019	I:	D:
2286	3134	+	3	1.321208	I:	D:
3134	3754	+	2	1.319003	I:	D:
3781	3912	+	1	1.347682	I:	D:
>Y6.M043_138
7	798	-	1	1.313117	I:	D:
1026	2015	-	3	1.307666	I:	D:
2204	3406	-	2	1.312812	I:	D:
3490	3855	-	1	1.299826	I:	D:
>Y6.M043_139
3	269	-	3	1.388615	I:	D:
568	1284	+	1	1.332389	I:	D:
1526	1696	+	2	1.339088	I:	D:
1949	2101	-	2	1.293554	I:	D:
2253	3167	-	3	1.344312	I:	D:
3343	3744	-	1	1.393400	I:	D:
>Y6.M043_140
2	700	-	2	1.347519	I:	D:
716	1795	-	2	1.301817	I:	D:
1805	1999	-	2	1.303208	I:	D:
2079	2249	+	3	1.337806	I:	D:
2574	2930	+	3	1.336155	I:	D:
2975	3703	+	2	1.333863	I:	D:
>Y6.M043_141
95	1009	+	2	1.312757	I:	D:
1030	1938	+	1	1.319179	I:	D:
1961	2947	+	2	1.315395	I:	D:
3053	3700	+	2	1.334030	I:	D:
>Y6.M043_142
2	529	+	2	1.309194	I:	D:
522	2300	+	3	1.314038	I:	D:
2621	3313	+	2	1.326601	I:	D:
3386	3577	+	2	1.280011	I:	D:
>Y6.M043_143
1	648	+	1	1.343519	I:	D:
662	811	+	2	1.379434	I:	D:
820	1317	+	1	1.332441	I:	D:
1381	1683	+	1	1.368633	I:	D:
1825	2001	-	1	1.361727	I:	D:
2097	2258	+	3	1.309702	I:	D:
2401	3660	-	1	1.313735	I:	D:
>Y6.M043_144
1	459	-	1	1.314430	I:	D:
734	2290	+	2	1.325565	I:	D:
2337	2633	-	3	1.301543	I:	D:
2767	2943	-	1	1.336514	I:	D:
3187	3405	-	1	1.339060	I:	D:
>Y6.M043_145
3	293	-	3	1.336834	I:	D:
293	1147	-	2	1.324135	I:	D:
1220	2233	-	2	1.294512	I:	D:
2379	2816	-	3	1.337755	I:	D:
2835	4889	-	3	1.331665	I:	D:
4876	5265	-	1	1.313151	I:	D:
5346	5894	-	3	1.309353	I:	D:
6157	6369	+	1	1.355401	I:	D:
6423	7307	+	3	1.344686	I:	D:
7320	8579	-	3	1.323509	I:	D:
8814	8990	-	3	1.340990	I:	D:
8987	9382	-	2	1.342635	I:	D:
9469	9840	+	1	1.316111	I:	D:
10059	10196	+	3	1.368429	I:	D:
10236	10658	-	3	1.337418	I:	D:
10765	11019	-	1	1.328413	I:	D:
11033	11302	-	2	1.293654	I:	D:
11453	12487	-	2	1.314522	I:	D:
12741	12944	-	3	1.363274	I:	D:
12987	13853	-	3	1.321178	I:	D:
13863	14837	-	3	1.315218	I:	D:
14874	15197	-	3	1.289310	I:	D:
15288	16601	-	3	1.317282	I:	D:
16641	17078	-	3	1.343940	I:	D:
17100	17420	-	3	1.320467	I:	D:
17539	18135	-	1	1.318620	I:	D:
18128	18559	-	2	1.274007	I:	D:
18617	19420	-	2	1.295807	I:	D:
>Y6.M043_146
2	457	+	2	1.327805	I:	D:
454	1128	+	1	1.316430	I:	D:
1121	1714	+	2	1.318977	I:	D:
1765	2577	+	1	1.319085	I:	D:
2732	3640	-	2	1.332516	I:	D:
3727	4443	+	1	1.289396	I:	D:
4511	5443	-	2	1.344531	I:	D:
5613	6509	+	3	1.314991	I:	D:
6511	7422	+	1	1.309132	I:	D:
7549	9537	-	1	1.333915	I:	D:
9579	10109	-	3	1.328169	I:	D:
10106	11512	-	2	1.311001	I:	D:
11612	12832	-	2	1.302996	I:	D:
12938	13192	-	2	1.350285	I:	D:
13379	13660	+	2	1.374957	I:	D:
13703	14491	-	2	1.314364	I:	D:
>Y6.M043_147
127	2196	-	1	1.294435	I:	D:
2268	2402	+	3	1.364775	I:	D:
2576	2800	-	2	1.368606	I:	D:
2811	3734	+	3	1.338285	I:	D:
3795	5183	-	3	1.296012	I:	D:
5246	6130	+	2	1.319638	I:	D:
6138	6296	+	3	1.365656	I:	D:
6298	6507	-	1	1.351242	I:	D:
6686	6934	+	2	1.280397	I:	D:
6953	8311	-	2	1.314056	I:	D:
8365	8904	-	1	1.309422	I:	D:
9219	9359	+	3	1.330082	I:	D:
9458	10060	+	2	1.330563	I:	D:
10064	10531	+	2	1.280912	I:	D:
>Y6.M043_148
171	1343	-	3	1.293578	I:	D:
1346	3079	+	2	1.339520	I:	D:
3085	3231	-	1	1.382310	I:	D:
>Y6.M043_149
2	193	-	2	1.331667	I:	D:
407	2113	-	2	1.345377	I:	D:
2124	2315	+	3	1.352501	I:	D:
2356	2514	+	1	1.348312	I:	D:
2656	3318	+	1	1.330274	I:	D:
>Y6.M043_150
3	203	-	3	1.324683	I:	D:
313	1443	-	1	1.342317	I:	D:
1501	1722	-	1	1.342535	I:	D:
1842	2324	-	3	1.318019	I:	D:
2328	2819	-	3	1.328311	I:	D:
2700	3014	+	3	1.394561	I:	D:
3152	4393	+	2	1.316399	I:	D:
4433	4924	+	2	1.361743	I:	D:
4971	5846	-	3	1.327205	I:	D:
5993	7408	+	2	1.314026	I:	D:
7429	8694	+	1	1.320358	I:	D:
8834	10879	+	2	1.310203	I:	D:
11031	11876	+	3	1.284047	I:	D:
11963	13036	+	2	1.297741	I:	D:
13053	14018	+	3	1.291831	I:	D:
14037	15056	+	3	1.312652	I:	D:
15195	16112	-	3	1.309931	I:	D:
16102	16782	-	1	1.323756	I:	D:
>Y6.M043_151
1	1344	-	1	1.326613	I:	D:
1431	3824	-	3	1.295691	I:	D:
4188	5258	+	3	1.313650	I:	D:
5262	6149	+	3	1.335881	I:	D:
6305	7135	+	2	1.297564	I:	D:
7273	7992	+	1	1.315827	I:	D:
7979	8701	+	2	1.315752	I:	D:
8767	9234	+	1	1.319206	I:	D:
9437	11200	+	2	1.327873	I:	D:
11459	11743	-	2	1.305053	I:	D:
11830	14214	-	1	1.296962	I:	D:
>Y6.M043_152
3	1079	-	3	1.332185	I:	D:
1261	2436	-	1	1.321812	I:	D:
2423	3238	-	2	1.322646	I:	D:
3253	4344	-	1	1.317869	I:	D:
4341	6305	-	3	1.332628	I:	D:
6357	7706	-	3	1.333595	I:	D:
7772	8578	+	2	1.328294	I:	D:
8687	9628	+	2	1.344201	I:	D:
9677	9805	+	2	1.339975	I:	D:
9821	11356	+	2	1.310396	I:	D:
11441	11833	-	2	1.327751	I:	D:
>Y6.M043_153
3	1121	-	3	1.317448	I:	D:
1269	2003	-	3	1.310238	I:	D:
2022	3332	-	3	1.317109	I:	D:
3329	4060	-	2	1.305533	I:	D:
4096	4314	-	1	1.369205	I:	D:
4758	5447	+	3	1.328250	I:	D:
5596	6816	+	1	1.307720	I:	D:
6971	9007	+	2	1.327261	I:	D:
>Y6.M043_154
1	1479	+	1	1.317371	I:	D:
1529	2299	+	2	1.335163	I:	D:
2347	3063	-	1	1.360967	I:	D:
3098	3271	-	2	1.309397	I:	D:
3560	4732	-	2	1.302298	I:	D:
4886	5563	-	2	1.333855	I:	D:
5583	6506	-	3	1.317496	I:	D:
6546	6995	-	3	1.305468	I:	D:
6861	7157	+	3	1.346524	I:	D:
7159	7341	+	1	1.373387	I:	D:
7541	8686	-	2	1.319526	I:	D:
>Y6.M043_155
3	1391	-	3	1.322671	I:	D:
1609	2283	-	1	1.340991	I:	D:
2401	2565	+	1	1.352641	I:	D:
2701	3537	+	1	1.314272	I:	D:
3562	4089	+	1	1.333075	I:	D:
4422	4667	+	3	1.324721	I:	D:
4672	5694	+	1	1.323301	I:	D:
5698	6363	+	1	1.306877	I:	D:
>Y6.M043_156
3	335	+	3	1.328365	I:	D:
349	3225	+	1	1.330908	I:	D:
>Y6.M043_157
3	1160	-	3	1.349211	I:	D:
1224	2513	-	3	1.327029	I:	D:
2510	3178	-	2	1.318789	I:	D:
>Y6.M043_158
8	676	+	2	1.332195	I:	D:
965	1642	+	2	1.325268	I:	D:
1708	1839	+	1	1.327278	I:	D:
1873	2067	-	1	1.358139	I:	D:
2150	3139	+	2	1.363004	I:	D:
>Y6.M043_159
3	365	-	3	1.333082	I:	D:
352	573	-	1	1.289512	I:	D:
560	1777	-	2	1.336813	I:	D:
1777	2721	-	1	1.354497	I:	D:
2724	3131	-	3	1.318592	I:	D:
>Y6.M043_160
2	295	-	2	1.354889	I:	D:
522	1712	+	3	1.301801	I:	D:
1731	3038	+	3	1.312266	I:	D:
>Y6.M043_161
126	599	-	3	1.332639	I:	D:
723	2126	-	3	1.313832	I:	D:
2138	2758	-	2	1.316081	I:	D:
2755	3081	-	1	1.312912	I:	D:
>Y6.M043_162
3	185	+	3	1.336903	I:	D:
527	1813	+	2	1.326118	I:	D:
1826	2758	+	2	1.313240	I:	D:
>Y6.M043_163
1	468	-	1	1.339977	I:	D:
480	953	-	3	1.320517	I:	D:
961	1125	+	1	1.342039	I:	D:
1221	2474	+	3	1.340011	I:	D:
2718	3005	+	3	1.299908	I:	D:
>Y6.M043_164
30	422	+	3	1.320194	I:	D:
437	1450	+	2	1.321452	I:	D:
1453	1887	+	1	1.314296	I:	D:
2177	2416	+	2	1.327183	I:	D:
2552	2914	+	2	1.376940	I:	D:
>Y6.M043_165
69	461	-	3	1.342272	I:	D:
750	1625	+	3	1.322700	I:	D:
1649	2518	+	2	1.331971	I:	D:
2672	2896	+	2	1.324842	I:	D:
>Y6.M043_166
3	446	-	3	1.339017	I:	D:
481	1713	+	1	1.323671	I:	D:
1751	2239	+	2	1.339942	I:	D:
2319	2891	+	3	1.335911	I:	D:
>Y6.M043_167
3	290	-	3	1.316296	I:	D:
330	899	-	3	1.292295	I:	D:
859	1932	-	1	1.319803	I:	D:
2116	3420	+	1	1.326352	I:	D:
3680	3829	-	2	1.328593	I:	D:
>Y6.M043_168
2	787	+	2	1.319595	I:	D:
1013	2815	+	2	1.323412	I:	D:
>Y6.M043_169
951	2021	-	3	1.311914	I:	D:
2292	2999	-	3	1.354414	I:	D:
2999	6010	-	2	1.323097	I:	D:
>Y6.M043_170
3	902	-	3	1.313252	I:	D:
1087	2568	+	1	1.316836	I:	D:
>Y6.M043_171
2	1834	+	2	1.318184	I:	D:
1821	2600	+	3	1.336987	I:	D:
>Y6.M043_172
2	499	-	2	1.313852	I:	D:
752	1162	-	2	1.341216	I:	D:
1234	1581	-	1	1.298621	I:	D:
1653	2531	-	3	1.307788	I:	D:
>Y6.M043_173
107	1561	+	2	1.336741	I:	D:
1542	2426	+	3	1.356817	I:	D:
2555	3844	+	2	1.339478	I:	D:
3973	5163	+	1	1.316503	I:	D:
5260	6720	-	1	1.321107	I:	D:
6938	8386	-	2	1.302149	I:	D:
8391	9062	-	3	1.296064	I:	D:
9087	9890	-	3	1.327638	I:	D:
9775	10929	-	1	1.281832	I:	D:
11047	11523	-	1	1.322049	I:	D:
>Y6.M043_174
1	378	-	1	1.324445	I:	D:
390	1118	-	3	1.324214	I:	D:
1169	2128	-	2	1.328733	I:	D:
>Y6.M043_175
1	363	+	1	1.339050	I:	D:
414	617	+	3	1.334212	I:	D:
1040	1930	+	2	1.344826	I:	D:
2174	4690	+	2	1.356947	I:	D:
4703	6880	+	2	1.339531	I:	D:
7286	7735	-	2	1.293765	I:	D:
7703	7957	+	2	1.325335	I:	D:
8051	8197	+	2	1.299979	I:	D:
8208	8936	-	3	1.325363	I:	D:
10161	10685	-	3	1.327997	I:	D:
>Y6.M043_176
150	407	+	3	1.318925	I:	D:
513	1514	+	3	1.342111	I:	D:
1800	2462	-	3	1.319542	I:	D:
3510	5975	-	3	1.325907	I:	D:
6047	6640	-	2	1.347568	I:	D:
>Y6.M043_177
2	130	+	2	1.333603	I:	D:
137	688	-	2	1.343450	I:	D:
701	1336	-	2	1.343031	I:	D:
1320	2210	-	3	1.345243	I:	D:
>Y6.M043_178
3	392	-	3	1.347027	I:	D:
601	2082	-	1	1.333056	I:	D:
2330	3613	+	2	1.319217	I:	D:
3673	4284	-	1	1.326292	I:	D:
4281	8063	-	3	1.314603	I:	D:
8073	8438	-	3	1.313142	I:	D:
8587	9495	+	1	1.318234	I:	D:
9550	9681	+	1	1.359040	I:	D:
9781	9990	+	1	1.322059	I:	D:
10014	10598	+	3	1.337721	I:	D:
>Y6.M043_179
1	168	+	1	1.322222	I:	D:
188	943	+	2	1.322065	I:	D:
973	1440	+	1	1.330284	I:	D:
1718	2074	+	2	1.295597	I:	D:
>Y6.M043_180
1	333	+	1	1.320342	I:	D:
351	1520	+	3	1.313633	I:	D:
1560	2759	+	3	1.319316	I:	D:
2921	3742	+	2	1.337694	I:	D:
3821	4297	+	2	1.296399	I:	D:
4395	5894	+	3	1.326844	I:	D:
6170	7300	+	2	1.350633	I:	D:
7297	7833	+	1	1.324514	I:	D:
7949	8425	+	2	1.341239	I:	D:
8466	8984	+	3	1.327567	I:	D:
>Y6.M043_181
3	1748	-	3	1.306720	I:	D:
2102	2980	-	2	1.356031	I:	D:
3011	3250	+	2	1.365337	I:	D:
3397	3528	+	1	1.343184	I:	D:
3635	4207	-	2	1.331080	I:	D:
4280	4672	-	2	1.342775	I:	D:
5215	5679	-	1	1.343896	I:	D:
5694	5927	+	3	1.352751	I:	D:
6078	6926	-	3	1.343482	I:	D:
6923	7591	-	2	1.339316	I:	D:
7611	8792	-	3	1.353503	I:	D:
>Y6.M043_182
2	1012	-	2	1.329055	I:	D:
1112	1246	+	2	1.334771	I:	D:
1314	1778	-	3	1.368521	I:	D:
1794	1949	+	3	1.365350	I:	D:
2158	3462	-	1	1.328969	I:	D:
3477	4289	-	3	1.327338	I:	D:
4369	5016	-	1	1.342248	I:	D:
5010	5645	-	3	1.312406	I:	D:
5657	6910	-	2	1.339378	I:	D:
6922	7692	-	1	1.311737	I:	D:
7712	8347	-	2	1.336897	I:	D:
8349	8621	-	3	1.313587	I:	D:
>Y6.M043_183
113	820	+	2	1.346847	I:	D:
934	1509	-	1	1.316275	I:	D:
1531	2661	-	1	1.348351	I:	D:
2695	3720	-	1	1.322280	I:	D:
3840	4121	+	3	1.353142	I:	D:
4108	5187	+	1	1.322634	I:	D:
5230	7263	+	1	1.336081	I:	D:
7309	8148	+	1	1.336796	I:	D:
>Y6.M043_184
1	273	+	1	1.312238	I:	D:
378	1538	+	3	1.331113	I:	D:
1574	2605	+	2	1.311221	I:	D:
2611	3657	+	1	1.320390	I:	D:
3852	8033	+	3	1.321613	I:	D:
>Y6.M043_185
10	354	-	1	1.331661	I:	D:
312	1130	-	3	1.340556	I:	D:
1162	1563	-	1	1.332641	I:	D:
2006	2257	+	2	1.351807	I:	D:
2260	2526	+	1	1.338077	I:	D:
2532	3140	+	3	1.316423	I:	D:
3279	4430	-	3	1.351609	I:	D:
4506	4898	-	3	1.317759	I:	D:
5003	6097	-	2	1.343253	I:	D:
6196	7044	-	1	1.319526	I:	D:
7041	7841	-	3	1.346262	I:	D:
>Y6.M043_186
123	794	+	3	1.300902	I:	D:
852	2828	+	3	1.308965	I:	D:
3023	3391	+	2	1.327010	I:	D:
3438	3893	-	3	1.317276	I:	D:
3921	4298	-	3	1.266653	I:	D:
4311	5321	-	3	1.315440	I:	D:
5361	5810	-	3	1.276068	I:	D:
5995	6474	-	1	1.307218	I:	D:
6643	7209	-	1	1.320255	I:	D:
>Y6.M043_187
88	801	-	1	1.335899	I:	D:
868	2190	-	1	1.354176	I:	D:
2209	2802	-	1	1.333247	I:	D:
3063	3977	-	3	1.345222	I:	D:
4519	6252	-	1	1.350065	I:	D:
6404	6646	+	2	1.324514	I:	D:
>Y6.M043_188
1	348	+	1	1.318889	I:	D:
405	1031	+	3	1.309961	I:	D:
1083	3635	+	3	1.312540	I:	D:
3723	3968	+	3	1.364888	I:	D:
4175	5191	+	2	1.318157	I:	D:
5225	5452	+	2	1.337340	I:	D:
5464	6282	+	1	1.310738	I:	D:
6317	6628	+	2	1.348935	I:	D:
>Y6.M043_189
188	673	+	2	1.358428	I:	D:
1576	3141	+	1	1.349444	I:	D:
3180	3884	+	3	1.337303	I:	D:
4083	4331	+	3	1.325371	I:	D:
4328	6052	+	2	1.317636	I:	D:
6049	6711	+	1	1.333271	I:	D:
>Y6.M043_190
2	217	+	2	1.367908	I:	D:
403	774	-	1	1.292047	I:	D:
790	1821	-	1	1.323663	I:	D:
2741	4138	-	2	1.302723	I:	D:
4216	5769	-	1	1.329464	I:	D:
5874	6707	-	3	1.309938	I:	D:
>Y6.M043_191
3	512	-	3	1.366523	I:	D:
966	1328	+	3	1.398828	I:	D:
1339	2385	-	1	1.346108	I:	D:
2573	2776	-	2	1.334772	I:	D:
2856	3041	-	3	1.338956	I:	D:
3118	4371	-	1	1.325655	I:	D:
4481	4675	-	2	1.316656	I:	D:
5108	5404	+	2	1.356552	I:	D:
5468	6526	+	2	1.337905	I:	D:
>Y6.M043_192
2	1558	-	2	1.303089	I:	D:
1666	2154	-	1	1.314356	I:	D:
2254	2673	-	1	1.358943	I:	D:
>Y6.M043_193
2	307	+	2	1.294319	I:	D:
415	636	+	1	1.332881	I:	D:
822	1460	+	3	1.309933	I:	D:
1457	1825	+	2	1.320987	I:	D:
2059	5754	+	1	1.300303	I:	D:
>Y6.M043_194
1	345	+	1	1.306821	I:	D:
472	783	-	1	1.384449	I:	D:
902	2677	+	2	1.332274	I:	D:
2778	3866	+	3	1.291591	I:	D:
3930	4337	+	3	1.320901	I:	D:
4653	8441	+	3	1.289407	I:	D:
8457	11987	+	3	1.300175	I:	D:
>Y6.M043_195
229	405	+	1	1.340723	I:	D:
428	2845	+	2	1.328721	I:	D:
2976	3122	+	3	1.358707	I:	D:
3211	3381	+	1	1.379063	I:	D:
3427	5373	+	1	1.314462	I:	D:
5370	6038	+	3	1.312024	I:	D:
6169	9903	+	1	1.303191	I:	D:
>Y6.M043_196
165	380	-	3	1.333987	I:	D:
391	1236	-	1	1.328414	I:	D:
1238	2605	-	2	1.316762	I:	D:
2612	2974	-	2	1.361330	I:	D:
2987	3199	-	2	1.351916	I:	D:
3177	3491	-	3	1.312736	I:	D:
3488	4357	-	2	1.288366	I:	D:
4345	5580	+	1	1.310153	I:	D:
5698	6699	+	1	1.339248	I:	D:
>Y6.M043_197
1	546	+	1	1.307820	I:	D:
895	1221	+	1	1.353137	I:	D:
1218	2258	+	3	1.336950	I:	D:
>Y6.M043_198
3	1151	-	3	1.309663	I:	D:
1318	1584	-	1	1.311546	I:	D:
1731	2627	-	3	1.309292	I:	D:
2709	2999	-	3	1.307194	I:	D:
3130	3564	-	1	1.313014	I:	D:
3531	4295	-	3	1.333005	I:	D:
4585	6258	-	1	1.336266	I:	D:
6294	6959	-	3	1.314737	I:	D:
6993	7649	-	3	1.307751	I:	D:
7650	8399	-	3	1.331670	I:	D:
8396	9265	-	2	1.342213	I:	D:
9262	10119	-	1	1.334861	I:	D:
10201	10470	-	1	1.274348	I:	D:
11484	12113	-	3	1.346869	I:	D:
12368	13900	-	2	1.338186	I:	D:
13980	14396	-	3	1.346740	I:	D:
>Y6.M043_199
2	580	-	2	1.337873	I:	D:
626	1693	-	2	1.353268	I:	D:
2618	4549	-	2	1.310497	I:	D:
4536	6293	-	3	1.315771	I:	D:
6368	6793	-	2	1.329840	I:	D:
7227	7652	+	3	1.342981	I:	D:
8155	9672	-	1	1.318572	I:	D:
9695	10573	-	2	1.303831	I:	D:
>Y6.M043_200
3	521	+	3	1.369757	I:	D:
505	717	+	1	1.302329	I:	D:
742	3060	+	1	1.327736	I:	D:
3077	3835	+	2	1.296624	I:	D:
3851	4297	+	2	1.303611	I:	D:
>Y6.M043_201
3	617	-	3	1.282017	I:	D:
775	1017	-	1	1.352793	I:	D:
1061	2431	-	2	1.306428	I:	D:
2653	2898	-	1	1.361141	I:	D:
2928	4628	-	3	1.313218	I:	D:
4676	4807	+	2	1.373643	I:	D:
