>Y7.M032_1
327	1796	-	3	1.241995	I:	D:
2049	2939	-	3	1.238944	I:	D:
2921	3943	-	2	1.275575	I:	D:
3973	6045	-	1	1.233510	I:	D:
6576	6839	-	3	1.171532	I:	D:
>Y7.M032_2
3	770	-	3	1.218270	I:	D:
779	1390	-	2	1.222470	I:	D:
1410	2261	-	3	1.263208	I:	D:
>Y7.M032_3
2	622	+	2	1.322824	I:	D:
679	882	-	1	1.235014	I:	D:
1222	1842	+	1	1.253137	I:	D:
1839	2012	+	3	1.244295	I:	D:
2054	2218	+	2	1.253766	I:	D:
2136	2444	+	3	1.270490	I:	D:
2425	3327	+	1	1.272495	I:	D:
3317	4222	+	2	1.258244	I:	D:
4228	5496	+	1	1.275925	I:	D:
5474	6061	+	2	1.283776	I:	D:
6078	6722	+	3	1.205535	I:	D:
6691	7449	+	1	1.275124	I:	D:
7741	7893	+	1	1.368038	I:	D:
8343	8549	-	3	1.332885	I:	D:
8682	8882	-	3	1.271428	I:	D:
9412	10266	-	1	1.348902	I:	D:
>Y7.M032_4
741	2750	+	3	1.230025	I:	D:
3003	3473	+	3	1.250463	I:	D:
3536	5977	+	2	1.219978	I:	D:
6226	7602	+	1	1.248352	I:	D:
7602	8672	+	3	1.245784	I:	D:
8760	9842	+	3	1.244531	I:	D:
9939	10622	+	3	1.198229	I:	D:
10636	11115	+	1	1.223877	I:	D:
11496	13211	+	3	1.253327	I:	D:
13436	14917	+	2	1.231276	I:	D:
15232	15378	+	1	1.214829	I:	D:
15514	16911	+	1	1.225648	I:	D:
16914	17309	+	3	1.238284	I:	D:
17416	18174	+	1	1.278433	I:	D:
18178	18921	+	1	1.255090	I:	D:
18926	19453	+	2	1.237459	I:	D:
19514	20161	+	2	1.224842	I:	D:
20234	21427	+	2	1.296936	I:	D:
21641	21790	+	2	1.312783	I:	D:
21816	22037	+	3	1.270758	I:	D:
22057	22599	+	1	1.259393	I:	D:
22638	23063	+	3	1.282475	I:	D:
23138	23836	+	2	1.242089	I:	D:
24065	24568	+	2	1.251559	I:	D:
24649	25011	+	1	1.167236	I:	D:
25266	28973	+	3	1.262413	I:	D:
29015	32503	+	2	1.271985	I:	D:
32788	33213	+	1	1.303831	I:	D:
33336	33806	+	3	1.240001	I:	D:
33858	35924	+	3	1.280504	I:	D:
36021	37214	+	3	1.296936	I:	D:
37622	37933	+	2	1.268959	I:	D:
38023	38652	+	1	1.267921	I:	D:
38681	39304	+	2	1.259394	I:	D:
39304	39594	+	1	1.241027	I:	D:
39627	40457	+	3	1.279963	I:	D:
40493	40774	+	2	1.297531	I:	D:
40807	41142	+	1	1.287502	I:	D:
41165	41971	+	2	1.280537	I:	D:
42003	42434	+	3	1.281489	I:	D:
42436	42639	+	1	1.241735	I:	D:
42662	42916	+	2	1.302710	I:	D:
42943	43311	+	1	1.295692	I:	D:
43331	43639	+	2	1.234812	I:	D:
43665	44207	+	3	1.280122	I:	D:
44255	44440	+	2	1.370762	I:	D:
44473	44871	+	1	1.276821	I:	D:
44902	45444	+	1	1.252494	I:	D:
45479	45847	+	2	1.292578	I:	D:
45879	46388	+	3	1.287214	I:	D:
46403	46588	+	2	1.225655	I:	D:
46622	47065	+	2	1.246406	I:	D:
47110	48378	+	1	1.280738	I:	D:
48394	49044	+	1	1.257852	I:	D:
49044	49790	+	3	1.278574	I:	D:
49868	50086	+	2	1.295831	I:	D:
50385	50756	+	3	1.290548	I:	D:
50779	51177	+	1	1.286593	I:	D:
51211	51834	+	1	1.265339	I:	D:
51924	52871	+	3	1.249186	I:	D:
52892	53233	+	2	1.295658	I:	D:
53895	54728	+	3	1.240061	I:	D:
54716	55582	+	2	1.222005	I:	D:
55576	56373	+	1	1.291612	I:	D:
56385	57116	+	3	1.289987	I:	D:
57236	57667	+	2	1.285553	I:	D:
57695	58087	+	2	1.279205	I:	D:
58163	58882	+	2	1.255168	I:	D:
>Y7.M032_5
1	885	+	1	1.210906	I:	D:
953	1192	-	2	1.195429	I:	D:
1401	1748	+	3	1.217864	I:	D:
2231	5422	+	2	1.197054	I:	D:
5467	6273	-	1	1.233051	I:	D:
6426	8066	-	3	1.241589	I:	D:
8242	8787	-	1	1.215513	I:	D:
8816	9337	-	2	1.210532	I:	D:
9548	9781	+	2	1.233009	I:	D:
9787	10593	+	1	1.260078	I:	D:
10663	10839	+	1	1.193092	I:	D:
10884	11867	+	3	1.230402	I:	D:
12202	12996	+	1	1.231229	I:	D:
13041	14024	+	3	1.214051	I:	D:
13882	14694	+	1	1.291590	I:	D:
14833	16029	+	1	1.235453	I:	D:
15992	16525	+	2	1.250693	I:	D:
16552	17076	+	1	1.152387	I:	D:
17389	17535	-	1	1.268622	I:	D:
17605	17832	-	1	1.181389	I:	D:
17879	18094	-	2	1.251864	I:	D:
18206	18862	-	2	1.255301	I:	D:
19019	19273	+	2	1.253459	I:	D:
19496	22804	+	2	1.201600	I:	D:
22826	24814	+	2	1.235577	I:	D:
25086	25598	-	3	1.287846	I:	D:
25625	26320	-	2	1.220789	I:	D:
26659	28206	+	1	1.213700	I:	D:
28270	28533	+	1	1.240161	I:	D:
28757	29563	+	2	1.234748	I:	D:
30356	30874	+	2	1.222517	I:	D:
31151	31942	+	2	1.245349	I:	D:
31950	32774	+	3	1.229713	I:	D:
32780	33457	+	2	1.182713	I:	D:
33457	34071	+	1	1.218651	I:	D:
34081	34713	+	1	1.173160	I:	D:
34700	35341	+	2	1.166877	I:	D:
36254	36772	-	2	1.295627	I:	D:
36957	37217	+	3	1.292670	I:	D:
37228	38004	+	1	1.234969	I:	D:
38075	38776	+	2	1.165886	I:	D:
38751	39536	+	3	1.230089	I:	D:
39655	40197	+	1	1.176677	I:	D:
40229	40744	+	2	1.175718	I:	D:
40846	41094	-	1	1.246536	I:	D:
41141	41272	+	2	1.251474	I:	D:
41340	42014	-	3	1.243022	I:	D:
42128	44140	+	2	1.238204	I:	D:
44250	44705	+	3	1.225443	I:	D:
45024	45530	-	3	1.239888	I:	D:
45647	46105	-	2	1.235740	I:	D:
46549	46812	-	1	1.192458	I:	D:
47316	47696	+	3	1.208505	I:	D:
47686	48120	+	1	1.195761	I:	D:
48263	48391	-	2	1.236763	I:	D:
>Y7.M032_6
273	1049	-	3	1.223410	I:	D:
1049	1456	-	2	1.221103	I:	D:
1460	1777	-	2	1.224001	I:	D:
1796	2047	-	2	1.255002	I:	D:
2056	2343	-	1	1.220965	I:	D:
2413	4839	-	1	1.243791	I:	D:
4857	6758	-	3	1.267675	I:	D:
6759	7874	-	3	1.216499	I:	D:
7890	8096	-	3	1.198558	I:	D:
8216	9322	-	2	1.189336	I:	D:
9564	10886	-	3	1.216676	I:	D:
11745	12086	+	3	1.230749	I:	D:
12103	12369	+	1	1.280840	I:	D:
12461	12640	-	2	1.258486	I:	D:
13072	13701	+	1	1.183966	I:	D:
13812	15200	+	3	1.199007	I:	D:
15261	17159	+	3	1.237956	I:	D:
17149	17868	+	1	1.242412	I:	D:
18041	18826	+	2	1.232598	I:	D:
18884	19657	+	2	1.257816	I:	D:
19659	20534	+	3	1.200690	I:	D:
20556	21698	+	3	1.243598	I:	D:
22053	23345	+	3	1.186901	I:	D:
23450	24040	+	2	1.214723	I:	D:
24069	24332	+	3	1.282695	I:	D:
24347	24532	+	2	1.217900	I:	D:
24609	25811	+	3	1.261839	I:	D:
26097	26375	+	3	1.284946	I:	D:
26410	26856	+	1	1.303631	I:	D:
26876	27103	+	2	1.331230	I:	D:
27198	27518	+	3	1.234596	I:	D:
27526	28482	+	1	1.261087	I:	D:
28492	30483	+	1	1.215031	I:	D:
30484	30933	+	1	1.182091	I:	D:
30956	32284	+	2	1.232532	I:	D:
32286	32420	+	3	1.256193	I:	D:
32845	34131	+	1	1.230314	I:	D:
>Y7.M032_7
96	239	+	3	1.320882	I:	D:
421	1755	+	1	1.250644	I:	D:
2266	2718	+	1	1.233238	I:	D:
3260	4897	+	2	1.233022	I:	D:
4961	5305	+	2	1.209161	I:	D:
5317	5916	+	1	1.282065	I:	D:
5965	6174	+	1	1.137412	I:	D:
6292	7488	-	1	1.260984	I:	D:
7668	7898	+	3	1.208263	I:	D:
>Y7.M032_8
2	148	+	2	1.219845	I:	D:
383	1291	+	2	1.265014	I:	D:
1769	1897	+	2	1.336888	I:	D:
2099	3052	+	2	1.243294	I:	D:
3554	3682	+	2	1.270157	I:	D:
5227	6027	+	1	1.237259	I:	D:
6110	6532	+	2	1.289519	I:	D:
6534	6845	+	3	1.311194	I:	D:
6860	7210	+	2	1.327265	I:	D:
7910	8077	+	2	1.240169	I:	D:
>Y7.M032_9
2	541	+	2	1.284036	I:	D:
584	1447	-	2	1.200531	I:	D:
1739	2026	+	2	1.243465	I:	D:
>Y7.M032_10
3	506	-	3	1.229808	I:	D:
587	1033	-	2	1.222256	I:	D:
1309	1848	-	1	1.288413	I:	D:
1917	3221	-	3	1.233084	I:	D:
3270	3398	-	3	1.179797	I:	D:
3515	5284	-	2	1.232331	I:	D:
5287	5427	-	1	1.145392	I:	D:
5502	6074	-	3	1.250038	I:	D:
6168	6803	-	3	1.212409	I:	D:
6898	7662	-	1	1.240845	I:	D:
7786	7947	+	1	1.219742	I:	D:
8046	8249	+	3	1.207146	I:	D:
8510	9046	+	2	1.188899	I:	D:
9049	9915	-	1	1.241797	I:	D:
10036	10284	+	1	1.283128	I:	D:
10385	11758	-	2	1.214567	I:	D:
11845	12498	+	1	1.227888	I:	D:
12646	12981	-	1	1.152747	I:	D:
13157	13651	-	2	1.209481	I:	D:
14682	15329	-	3	1.230633	I:	D:
15497	18160	-	2	1.273229	I:	D:
18595	19401	-	1	1.216334	I:	D:
19677	20549	-	3	1.263528	I:	D:
21134	22657	-	2	1.205807	I:	D:
22906	24786	+	1	1.192325	I:	D:
25078	26466	-	1	1.246911	I:	D:
26836	27489	-	1	1.237761	I:	D:
27537	28298	-	3	1.216877	I:	D:
28322	29146	-	2	1.243500	I:	D:
29148	30062	-	3	1.261343	I:	D:
30287	31126	-	2	1.201476	I:	D:
31317	32288	-	3	1.216045	I:	D:
32290	33786	-	1	1.232913	I:	D:
33875	35500	-	2	1.221088	I:	D:
35535	36419	-	3	1.259872	I:	D:
36436	37419	-	1	1.264349	I:	D:
37589	38560	-	2	1.248374	I:	D:
38746	40530	-	1	1.210823	I:	D:
40554	41399	-	3	1.208139	I:	D:
41447	42049	-	2	1.231412	I:	D:
42276	42440	-	3	1.220989	I:	D:
42677	42895	+	2	1.206281	I:	D:
42912	44846	+	3	1.255459	I:	D:
44954	46033	-	2	1.216247	I:	D:
46370	47770	-	2	1.212923	I:	D:
48132	49757	-	3	1.253459	I:	D:
49907	51502	-	2	1.242913	I:	D:
51834	52211	-	3	1.208678	I:	D:
52445	53491	-	2	1.227260	I:	D:
53942	54334	-	2	1.185224	I:	D:
55668	56951	-	3	1.251723	I:	D:
56944	57624	-	1	1.184779	I:	D:
57813	58889	-	3	1.216975	I:	D:
59088	59609	+	3	1.193236	I:	D:
59659	61014	-	1	1.232756	I:	D:
61265	61876	-	2	1.258995	I:	D:
61876	64230	-	1	1.212061	I:	D:
64506	65753	-	3	1.228803	I:	D:
65773	66357	-	1	1.234045	I:	D:
66428	67714	-	2	1.205068	I:	D:
67839	68309	-	3	1.260290	I:	D:
68309	69658	-	2	1.248060	I:	D:
69881	71902	-	2	1.233581	I:	D:
72213	73559	+	3	1.265446	I:	D:
73606	74541	-	1	1.220367	I:	D:
74725	75045	-	1	1.261009	I:	D:
75425	77434	-	2	1.250353	I:	D:
77499	78266	-	3	1.245944	I:	D:
78366	79307	-	3	1.248448	I:	D:
79373	80041	-	2	1.240378	I:	D:
80292	80525	-	3	1.208016	I:	D:
81155	81361	-	2	1.181984	I:	D:
81646	83013	-	1	1.244417	I:	D:
83090	83611	-	2	1.239863	I:	D:
83960	85531	-	2	1.255168	I:	D:
85771	87531	-	1	1.248691	I:	D:
87550	88509	-	1	1.261085	I:	D:
88716	92288	-	3	1.233157	I:	D:
92481	93440	-	3	1.243750	I:	D:
93449	93874	-	2	1.241236	I:	D:
93940	95061	-	1	1.227909	I:	D:
95063	95920	-	2	1.255018	I:	D:
95939	96652	-	2	1.222251	I:	D:
96656	97570	-	2	1.238642	I:	D:
97751	98599	-	2	1.267446	I:	D:
98818	99687	+	1	1.270056	I:	D:
99819	101300	+	3	1.230814	I:	D:
101341	101481	-	1	1.237161	I:	D:
101599	102099	+	1	1.290234	I:	D:
102145	102372	+	1	1.175293	I:	D:
>Y7.M032_11
2	1306	-	2	1.256298	I:	D:
1674	3197	+	3	1.232080	I:	D:
3307	5007	-	1	1.231734	I:	D:
5378	6694	-	2	1.245417	I:	D:
6929	8383	-	2	1.223260	I:	D:
8730	9182	-	3	1.243364	I:	D:
9209	9712	-	2	1.250612	I:	D:
9729	11858	-	3	1.252136	I:	D:
12240	13004	-	3	1.221472	I:	D:
13177	14910	-	1	1.211164	I:	D:
15119	15847	+	2	1.212096	I:	D:
15904	16404	-	1	1.252141	I:	D:
16488	17345	-	3	1.207798	I:	D:
17778	18362	-	3	1.240311	I:	D:
18568	19206	-	1	1.250575	I:	D:
19411	21393	-	1	1.229279	I:	D:
21518	23563	-	2	1.253026	I:	D:
23578	24438	-	1	1.276545	I:	D:
24440	25726	-	2	1.243050	I:	D:
25768	27036	-	1	1.220732	I:	D:
27244	28242	+	1	1.225892	I:	D:
28450	28917	-	1	1.254729	I:	D:
28917	29705	-	3	1.248611	I:	D:
29835	30524	+	3	1.269401	I:	D:
30699	31238	-	3	1.267284	I:	D:
32052	33461	-	3	1.198353	I:	D:
33465	34592	-	3	1.216604	I:	D:
34604	35407	-	2	1.177430	I:	D:
35839	36261	-	1	1.202509	I:	D:
36568	37254	-	1	1.181257	I:	D:
37526	37993	-	2	1.211556	I:	D:
38117	38809	-	2	1.228465	I:	D:
38840	39355	-	2	1.180627	I:	D:
39423	41789	-	3	1.173007	I:	D:
41857	42354	-	1	1.192421	I:	D:
42482	43153	-	2	1.219936	I:	D:
43342	44256	-	1	1.258875	I:	D:
45049	45402	-	1	1.204060	I:	D:
45425	46231	-	2	1.224193	I:	D:
46215	46697	-	3	1.216728	I:	D:
46715	47197	-	2	1.234459	I:	D:
47207	47821	-	2	1.247563	I:	D:
47857	48885	-	1	1.232477	I:	D:
48907	51024	-	1	1.219365	I:	D:
51142	52896	-	1	1.199814	I:	D:
53072	54154	-	2	1.215732	I:	D:
54183	54446	-	3	1.235397	I:	D:
54450	55337	-	3	1.210712	I:	D:
55365	56126	-	3	1.223111	I:	D:
56148	56921	-	3	1.240833	I:	D:
56934	57647	-	3	1.214185	I:	D:
57663	59720	-	3	1.229594	I:	D:
59741	61564	-	2	1.234801	I:	D:
61570	61839	-	1	1.245608	I:	D:
61855	62523	-	1	1.216533	I:	D:
62552	62986	-	2	1.183788	I:	D:
63032	63760	-	2	1.217346	I:	D:
63763	64560	-	1	1.231026	I:	D:
64577	65425	-	2	1.237227	I:	D:
65465	65974	-	2	1.241774	I:	D:
65996	67171	-	2	1.198522	I:	D:
67187	67624	-	2	1.188163	I:	D:
67639	68946	-	1	1.253677	I:	D:
68943	69740	-	3	1.167659	I:	D:
69721	70779	-	1	1.233529	I:	D:
70801	72348	-	1	1.229126	I:	D:
72374	72718	-	2	1.199994	I:	D:
72722	73126	-	2	1.224165	I:	D:
73131	73454	-	3	1.237734	I:	D:
73817	74458	-	2	1.130836	I:	D:
74754	75716	-	3	1.216406	I:	D:
75726	77312	-	3	1.177587	I:	D:
77493	78452	-	3	1.220979	I:	D:
78561	80381	-	3	1.170246	I:	D:
80579	82810	-	2	1.168335	I:	D:
82889	83704	-	2	1.181988	I:	D:
83813	84130	-	2	1.106113	I:	D:
84147	85676	-	3	1.199657	I:	D:
85689	86069	-	3	1.238698	I:	D:
86079	86291	-	3	1.194281	I:	D:
86303	86674	-	2	1.187128	I:	D:
86688	87662	-	3	1.207897	I:	D:
87676	89001	-	1	1.240628	I:	D:
>Y7.M032_12
45	485	-	3	1.226511	I:	D:
742	1404	-	1	1.242328	I:	D:
1413	2714	-	3	1.205545	I:	D:
2827	3090	+	1	1.217005	I:	D:
3115	3744	-	1	1.217851	I:	D:
3770	5320	-	2	1.237536	I:	D:
5417	6130	-	2	1.207466	I:	D:
6143	6916	-	2	1.235876	I:	D:
7080	7442	+	3	1.234028	I:	D:
7777	8766	+	1	1.191370	I:	D:
8817	9494	-	3	1.251009	I:	D:
9728	12331	+	2	1.244414	I:	D:
12419	12781	-	2	1.241312	I:	D:
12794	13807	-	2	1.230490	I:	D:
13820	14260	-	2	1.214798	I:	D:
14265	14681	-	3	1.263420	I:	D:
14694	15281	-	3	1.234947	I:	D:
15365	16132	-	2	1.210055	I:	D:
16159	16587	-	1	1.237074	I:	D:
16601	16936	-	2	1.242135	I:	D:
17142	18767	-	3	1.240791	I:	D:
18901	19860	-	1	1.244264	I:	D:
20170	22401	+	1	1.291960	I:	D:
22835	23578	+	2	1.226549	I:	D:
23909	25090	-	2	1.238124	I:	D:
25123	26274	-	1	1.236457	I:	D:
27038	28045	+	2	1.241192	I:	D:
28102	28452	-	1	1.182895	I:	D:
28485	30527	-	3	1.222851	I:	D:
30634	31548	+	1	1.193350	I:	D:
31577	32242	-	2	1.190605	I:	D:
32694	32990	-	3	1.242193	I:	D:
33019	33435	-	1	1.242634	I:	D:
33440	33637	-	2	1.233070	I:	D:
33993	35936	-	3	1.233551	I:	D:
36038	36412	-	2	1.198250	I:	D:
36436	38562	-	1	1.247289	I:	D:
38609	39421	-	2	1.262626	I:	D:
39504	40880	-	3	1.225699	I:	D:
40909	41853	-	1	1.231343	I:	D:
41873	42643	-	2	1.228833	I:	D:
42703	44106	-	1	1.246728	I:	D:
44145	45026	-	3	1.248758	I:	D:
45062	45742	-	2	1.219779	I:	D:
45771	46643	-	3	1.240599	I:	D:
46720	47352	-	1	1.246162	I:	D:
47434	48435	-	1	1.222408	I:	D:
48537	49322	-	3	1.234945	I:	D:
49453	51375	-	1	1.268317	I:	D:
51550	52470	-	1	1.207632	I:	D:
52564	53706	-	1	1.202744	I:	D:
53716	55470	-	1	1.202795	I:	D:
55633	55833	+	1	1.201338	I:	D:
55837	56760	-	1	1.205357	I:	D:
57000	58700	-	3	1.234087	I:	D:
58790	59245	-	2	1.245148	I:	D:
59261	61639	-	2	1.222643	I:	D:
61823	63274	+	2	1.224319	I:	D:
63360	63707	-	3	1.208742	I:	D:
63739	64881	-	1	1.200900	I:	D:
65197	67608	-	1	1.217674	I:	D:
67706	68314	-	2	1.175114	I:	D:
68337	70727	-	3	1.227686	I:	D:
70744	71763	-	1	1.228140	I:	D:
72098	72895	-	2	1.209958	I:	D:
72898	73569	-	1	1.243896	I:	D:
73611	75026	-	3	1.259404	I:	D:
75206	75562	-	2	1.269948	I:	D:
75715	75909	-	1	1.254992	I:	D:
75937	76362	-	1	1.222746	I:	D:
76841	78250	+	2	1.234224	I:	D:
78297	80216	-	3	1.237601	I:	D:
80553	81155	-	3	1.228958	I:	D:
81277	82077	-	1	1.209771	I:	D:
82401	83336	-	3	1.264075	I:	D:
83336	84427	-	2	1.269784	I:	D:
84420	84926	-	3	1.215418	I:	D:
>Y7.M032_13
134	1369	-	2	1.214368	I:	D:
1356	2006	-	3	1.213228	I:	D:
2044	3081	-	1	1.194236	I:	D:
3326	3928	-	2	1.244185	I:	D:
4488	4703	-	3	1.185812	I:	D:
4845	6080	+	3	1.221868	I:	D:
6183	7856	+	3	1.222052	I:	D:
8283	9041	+	3	1.194313	I:	D:
9127	9546	+	1	1.230214	I:	D:
9763	11130	+	1	1.247711	I:	D:
11156	11869	-	2	1.188257	I:	D:
13095	14396	+	3	1.197146	I:	D:
14437	15183	+	1	1.204095	I:	D:
15249	16235	+	3	1.209738	I:	D:
16372	19524	+	1	1.202383	I:	D:
19538	20251	+	2	1.242381	I:	D:
20315	21064	+	2	1.198482	I:	D:
21529	22107	+	1	1.263384	I:	D:
22107	22964	+	3	1.226472	I:	D:
22961	23917	+	2	1.244950	I:	D:
24119	24910	+	2	1.200279	I:	D:
25029	26765	+	3	1.208910	I:	D:
27017	27859	+	2	1.241594	I:	D:
27894	28682	-	3	1.196869	I:	D:
28798	30108	+	1	1.251830	I:	D:
30289	30510	+	1	1.167371	I:	D:
30653	31522	+	2	1.210911	I:	D:
31727	32926	-	2	1.236628	I:	D:
33059	33535	-	2	1.187125	I:	D:
33666	34376	+	3	1.253368	I:	D:
34439	35110	-	2	1.232026	I:	D:
35171	36325	-	2	1.224472	I:	D:
37436	37564	-	2	1.262865	I:	D:
38440	38625	-	1	1.213764	I:	D:
38680	39351	-	1	1.250562	I:	D:
39610	39888	+	1	1.238057	I:	D:
39926	40564	-	2	1.236544	I:	D:
41050	42165	+	1	1.218601	I:	D:
43299	44498	-	3	1.223485	I:	D:
44733	45692	-	3	1.197726	I:	D:
45773	46747	-	2	1.258847	I:	D:
46762	47559	-	1	1.225325	I:	D:
47671	48507	-	1	1.207450	I:	D:
48538	49134	-	1	1.201545	I:	D:
49198	49848	-	1	1.220213	I:	D:
49866	50234	-	3	1.179243	I:	D:
50244	51458	-	3	1.208147	I:	D:
51469	52110	-	1	1.221651	I:	D:
52505	55114	-	2	1.215873	I:	D:
55427	55603	+	2	1.143709	I:	D:
55818	56987	-	3	1.235740	I:	D:
57216	57884	-	3	1.206148	I:	D:
58077	58700	+	3	1.240598	I:	D:
58857	59225	+	3	1.191185	I:	D:
59254	59574	-	1	1.222281	I:	D:
59692	59901	+	1	1.202015	I:	D:
59942	60289	-	2	1.221941	I:	D:
60355	60777	-	1	1.159114	I:	D:
62428	62694	-	1	1.189299	I:	D:
62696	63673	-	2	1.221444	I:	D:
63673	64194	-	1	1.207772	I:	D:
64264	66576	-	1	1.206178	I:	D:
66598	67302	-	1	1.214140	I:	D:
67304	68215	-	2	1.228134	I:	D:
68229	70019	-	3	1.206652	I:	D:
70071	70802	-	3	1.190357	I:	D:
70872	71756	-	3	1.210335	I:	D:
72311	73009	+	2	1.232218	I:	D:
73094	74050	+	2	1.221636	I:	D:
74370	75107	+	3	1.207423	I:	D:
75205	76446	-	1	1.243899	I:	D:
76691	76996	-	2	1.226412	I:	D:
77084	78481	-	2	1.239673	I:	D:
78812	80767	-	2	1.259108	I:	D:
80993	81607	-	2	1.223842	I:	D:
81689	82210	-	2	1.241100	I:	D:
82384	82662	+	1	1.207681	I:	D:
82984	84291	-	1	1.241901	I:	D:
>Y7.M032_14
3	479	-	3	1.233668	I:	D:
472	1338	-	1	1.255721	I:	D:
1514	1885	-	2	1.279471	I:	D:
1866	2150	-	3	1.299176	I:	D:
2172	3341	-	3	1.226936	I:	D:
3357	3944	-	3	1.251437	I:	D:
3969	4427	-	3	1.271350	I:	D:
4429	4824	-	1	1.262109	I:	D:
5100	5360	-	3	1.203856	I:	D:
5363	6757	-	2	1.285627	I:	D:
6773	7636	-	2	1.245676	I:	D:
7664	9166	-	2	1.240289	I:	D:
9182	9544	-	2	1.166874	I:	D:
9721	10275	-	1	1.203410	I:	D:
10319	10570	-	2	1.240049	I:	D:
10629	11333	-	3	1.295687	I:	D:
11336	11725	-	2	1.255472	I:	D:
11730	11957	-	3	1.272742	I:	D:
12437	13066	-	2	1.219921	I:	D:
13079	13531	-	2	1.264534	I:	D:
13628	14713	-	2	1.235406	I:	D:
14697	15431	-	3	1.267083	I:	D:
15569	16633	-	2	1.261679	I:	D:
16676	17530	-	2	1.225034	I:	D:
17541	18440	-	3	1.238475	I:	D:
18543	19127	-	3	1.279167	I:	D:
19242	19451	-	3	1.331693	I:	D:
19558	21057	-	1	1.240587	I:	D:
21381	22391	-	3	1.236976	I:	D:
22772	23674	-	2	1.200339	I:	D:
23812	25719	-	1	1.196634	I:	D:
26156	28240	-	2	1.228072	I:	D:
28287	28463	+	3	1.220128	I:	D:
28629	29549	-	3	1.221551	I:	D:
29757	30020	-	3	1.176788	I:	D:
30070	30564	-	1	1.231081	I:	D:
30565	30819	-	1	1.242336	I:	D:
30884	31183	-	2	1.258002	I:	D:
31189	31467	-	1	1.203936	I:	D:
31557	33011	-	3	1.240139	I:	D:
33121	34734	-	1	1.250326	I:	D:
34972	35511	-	1	1.247088	I:	D:
35612	36616	-	2	1.197384	I:	D:
36639	40028	-	3	1.225190	I:	D:
40046	40606	-	2	1.253973	I:	D:
40631	40804	+	2	1.157039	I:	D:
41683	42459	-	1	1.279417	I:	D:
42462	43541	-	3	1.271195	I:	D:
43778	44728	-	2	1.262024	I:	D:
44809	46185	-	1	1.255969	I:	D:
46472	46750	-	2	1.258661	I:	D:
46895	47776	-	2	1.231086	I:	D:
47952	49331	+	3	1.236439	I:	D:
49400	49981	-	2	1.218381	I:	D:
50632	51816	-	1	1.216755	I:	D:
51836	53077	-	2	1.211165	I:	D:
53146	54015	-	1	1.246130	I:	D:
54197	54727	-	2	1.234067	I:	D:
55383	56153	-	3	1.222773	I:	D:
56166	58103	-	3	1.260751	I:	D:
58589	59110	-	2	1.281418	I:	D:
59110	59685	-	1	1.274525	I:	D:
59813	61243	+	2	1.240572	I:	D:
61266	61694	+	3	1.260465	I:	D:
61757	62455	-	2	1.231747	I:	D:
62480	63313	-	2	1.214530	I:	D:
63314	64066	-	2	1.212332	I:	D:
64219	65106	-	1	1.223526	I:	D:
65103	66038	-	3	1.234551	I:	D:
66041	66730	-	2	1.236015	I:	D:
66854	68278	-	2	1.250534	I:	D:
>Y7.M032_15
3	983	-	3	1.183111	I:	D:
985	1545	-	1	1.162864	I:	D:
1696	2466	-	1	1.207387	I:	D:
2605	5532	-	1	1.203552	I:	D:
5590	6228	-	1	1.214472	I:	D:
6289	7149	-	1	1.188628	I:	D:
7322	8686	-	2	1.269710	I:	D:
8913	11216	-	3	1.225030	I:	D:
11238	11897	-	3	1.195082	I:	D:
11945	12946	-	2	1.222073	I:	D:
13077	13895	-	3	1.270799	I:	D:
13895	14824	-	2	1.221192	I:	D:
14892	16211	-	3	1.217221	I:	D:
16316	17272	-	2	1.208809	I:	D:
17445	19016	+	3	1.262017	I:	D:
19111	19974	-	1	1.215344	I:	D:
20135	20557	-	2	1.217758	I:	D:
20581	21891	-	1	1.220349	I:	D:
22133	22888	-	2	1.199914	I:	D:
22893	23909	-	3	1.281052	I:	D:
23899	24804	-	1	1.212560	I:	D:
25303	25950	-	1	1.268263	I:	D:
26177	27577	-	2	1.264713	I:	D:
28079	28477	+	2	1.232051	I:	D:
28563	30194	-	3	1.235873	I:	D:
30294	31655	-	3	1.238353	I:	D:
31803	33104	-	3	1.221809	I:	D:
33655	34965	+	1	1.277513	I:	D:
35018	36367	+	2	1.249475	I:	D:
36408	36611	-	3	1.215387	I:	D:
36664	38349	-	1	1.245549	I:	D:
38366	41680	-	2	1.251130	I:	D:
41796	42884	+	3	1.228537	I:	D:
43066	43401	+	1	1.211611	I:	D:
43505	43711	-	2	1.210126	I:	D:
43781	44860	-	2	1.208468	I:	D:
45016	46608	-	1	1.213140	I:	D:
47367	47900	+	3	1.254242	I:	D:
48010	49182	-	1	1.198943	I:	D:
49279	49533	-	1	1.240366	I:	D:
50588	53200	-	2	1.228268	I:	D:
53429	55426	-	2	1.228989	I:	D:
55850	56665	-	2	1.251918	I:	D:
56667	57200	-	3	1.249546	I:	D:
57496	57903	+	1	1.171800	I:	D:
57955	58572	-	1	1.241111	I:	D:
59015	59386	-	2	1.172463	I:	D:
59586	60236	-	3	1.221003	I:	D:
60360	62054	-	3	1.216146	I:	D:
62241	63053	+	3	1.221332	I:	D:
63287	64150	-	2	1.228597	I:	D:
64459	64710	-	1	1.255155	I:	D:
64854	65123	+	3	1.258588	I:	D:
65196	65516	+	3	1.226587	I:	D:
65838	67217	-	3	1.243248	I:	D:
67363	67980	-	1	1.193602	I:	D:
>Y7.M032_16
591	1187	+	3	1.228299	I:	D:
1204	1878	+	1	1.245166	I:	D:
1905	2981	+	3	1.228125	I:	D:
3046	3885	+	1	1.215891	I:	D:
3900	4388	+	3	1.258527	I:	D:
4400	7402	+	2	1.207334	I:	D:
7462	8142	+	1	1.210795	I:	D:
8173	8970	+	1	1.226245	I:	D:
8988	9272	+	3	1.214836	I:	D:
9337	10455	+	1	1.257322	I:	D:
10470	10883	+	3	1.271548	I:	D:
11057	12301	-	2	1.218017	I:	D:
12676	14520	+	1	1.266571	I:	D:
14523	15218	+	3	1.200139	I:	D:
15291	16694	+	3	1.184630	I:	D:
16814	17125	+	2	1.240839	I:	D:
17140	17457	+	1	1.242607	I:	D:
17471	17761	+	2	1.322614	I:	D:
17869	19155	+	1	1.218126	I:	D:
19174	19542	+	1	1.223834	I:	D:
19904	21238	+	2	1.218415	I:	D:
21314	22231	-	2	1.235364	I:	D:
22344	22982	-	3	1.170502	I:	D:
23101	23787	+	1	1.226182	I:	D:
23791	24363	+	1	1.184548	I:	D:
24481	24831	+	1	1.213813	I:	D:
25104	27527	+	3	1.239582	I:	D:
27720	28946	+	3	1.216184	I:	D:
29109	29489	+	3	1.215751	I:	D:
29726	30484	+	2	1.239996	I:	D:
30505	31386	+	1	1.235037	I:	D:
31577	32419	+	2	1.191373	I:	D:
32514	33809	-	3	1.209124	I:	D:
33889	34545	+	1	1.175533	I:	D:
34755	35675	+	3	1.196658	I:	D:
35823	37232	+	3	1.217287	I:	D:
37256	39142	+	2	1.190144	I:	D:
39158	39832	+	2	1.274697	I:	D:
40061	40924	+	2	1.221867	I:	D:
41259	41990	+	3	1.212637	I:	D:
41998	42894	-	1	1.245074	I:	D:
43047	43952	+	3	1.218762	I:	D:
43954	45120	+	1	1.192607	I:	D:
45205	46464	+	1	1.222112	I:	D:
46568	47479	+	2	1.182127	I:	D:
47587	47853	-	1	1.270739	I:	D:
48116	49072	+	2	1.220428	I:	D:
49084	50025	+	1	1.202202	I:	D:
50044	50334	+	1	1.144146	I:	D:
50504	52309	+	2	1.233165	I:	D:
52475	53791	+	2	1.231037	I:	D:
54268	55401	+	1	1.210509	I:	D:
55500	56519	+	3	1.206601	I:	D:
56538	57101	+	3	1.159339	I:	D:
57238	59076	+	1	1.211376	I:	D:
59177	60469	+	2	1.252158	I:	D:
>Y7.M032_17
114	503	+	3	1.223712	I:	D:
506	1006	+	2	1.198168	I:	D:
1030	1803	+	1	1.206426	I:	D:
1873	2328	+	1	1.277103	I:	D:
2337	3248	+	3	1.219359	I:	D:
3306	3968	+	3	1.258429	I:	D:
4067	5311	+	2	1.237826	I:	D:
5732	6751	+	2	1.183088	I:	D:
6822	8597	-	3	1.211079	I:	D:
8759	9589	+	2	1.212668	I:	D:
9593	10474	+	2	1.205756	I:	D:
10537	11154	+	1	1.218370	I:	D:
11156	11419	+	2	1.196888	I:	D:
11425	12624	+	1	1.201980	I:	D:
12710	15199	+	2	1.208925	I:	D:
15212	15652	+	2	1.220457	I:	D:
15667	16596	+	1	1.227885	I:	D:
16599	17342	+	3	1.203556	I:	D:
17365	18075	+	1	1.256525	I:	D:
18135	19463	+	3	1.212863	I:	D:
19471	20502	+	1	1.232690	I:	D:
20521	21270	+	1	1.182766	I:	D:
21283	23121	+	1	1.232859	I:	D:
23422	24306	+	1	1.209660	I:	D:
24308	24970	+	2	1.235401	I:	D:
24975	25616	+	3	1.222198	I:	D:
25676	26263	+	2	1.196200	I:	D:
26938	27126	-	1	1.374782	I:	D:
27496	27846	+	1	1.228596	I:	D:
27861	29486	+	3	1.216081	I:	D:
29598	31658	+	3	1.226395	I:	D:
31697	32251	+	2	1.218256	I:	D:
32253	32762	+	3	1.214077	I:	D:
32753	33277	+	2	1.170787	I:	D:
33291	34505	-	3	1.241363	I:	D:
34574	35842	-	2	1.211084	I:	D:
36125	37321	+	2	1.261559	I:	D:
37479	38006	+	3	1.234265	I:	D:
38020	38196	+	1	1.271430	I:	D:
38371	39378	+	1	1.206525	I:	D:
39737	40705	+	2	1.230538	I:	D:
40695	41216	+	3	1.230109	I:	D:
41221	41424	+	1	1.240472	I:	D:
41440	41826	+	1	1.281431	I:	D:
41841	43025	+	3	1.263296	I:	D:
43034	43618	+	2	1.199131	I:	D:
43633	44181	+	1	1.206355	I:	D:
44212	44847	+	1	1.152210	I:	D:
44971	45333	+	1	1.174016	I:	D:
45411	45923	+	3	1.207143	I:	D:
46012	46890	+	1	1.255022	I:	D:
47137	47310	-	1	1.205725	I:	D:
46862	48067	+	2	1.216320	I:	D:
48070	48285	+	1	1.139345	I:	D:
48288	49175	+	3	1.203356	I:	D:
49185	49622	+	3	1.220416	I:	D:
49954	51810	+	1	1.230735	I:	D:
51828	52640	+	3	1.241493	I:	D:
52681	54363	+	1	1.193690	I:	D:
54437	55465	+	2	1.172148	I:	D:
55605	56417	+	3	1.230505	I:	D:
56532	56675	+	3	1.222943	I:	D:
>Y7.M032_18
3	848	+	3	1.240246	I:	D:
977	2635	+	2	1.218580	I:	D:
2646	3395	+	3	1.195277	I:	D:
3516	4952	+	3	1.286582	I:	D:
5264	6361	-	2	1.216525	I:	D:
6583	7692	+	1	1.203476	I:	D:
7895	8689	+	2	1.175312	I:	D:
8700	9443	+	3	1.243666	I:	D:
9463	10398	+	1	1.285347	I:	D:
10772	11137	+	2	1.195375	I:	D:
11154	13133	+	3	1.240519	I:	D:
13288	14661	+	1	1.218382	I:	D:
14701	15669	+	1	1.281891	I:	D:
15686	17044	+	2	1.198463	I:	D:
17079	18209	+	3	1.260681	I:	D:
18224	19459	+	2	1.200910	I:	D:
19532	20794	+	2	1.235856	I:	D:
20955	21692	+	3	1.179280	I:	D:
21720	22397	+	3	1.192772	I:	D:
22398	23096	+	3	1.191627	I:	D:
23158	23511	+	1	1.290232	I:	D:
23617	24759	+	1	1.245673	I:	D:
25215	26057	+	3	1.259827	I:	D:
26081	26803	+	2	1.198923	I:	D:
26890	27663	+	1	1.237673	I:	D:
27821	28207	-	2	1.266645	I:	D:
28277	28921	+	2	1.235508	I:	D:
29196	30869	+	3	1.232613	I:	D:
30955	31218	+	1	1.226036	I:	D:
31238	31696	+	2	1.245984	I:	D:
31698	32408	+	3	1.229802	I:	D:
32425	33114	+	1	1.205507	I:	D:
33133	34416	+	1	1.220300	I:	D:
34499	35431	+	2	1.259598	I:	D:
35445	36377	+	3	1.260196	I:	D:
36380	36580	+	2	1.227789	I:	D:
36739	38067	+	1	1.221519	I:	D:
38082	39407	+	3	1.242927	I:	D:
39430	40035	+	1	1.237987	I:	D:
40064	41086	+	2	1.237333	I:	D:
41371	42843	+	1	1.213634	I:	D:
43307	44302	+	2	1.178116	I:	D:
44304	45008	+	3	1.200796	I:	D:
45054	45509	+	3	1.191331	I:	D:
45597	45854	+	3	1.256255	I:	D:
45867	46652	+	3	1.241473	I:	D:
46664	47188	+	2	1.188362	I:	D:
47609	50716	+	2	1.254878	I:	D:
50910	52682	+	3	1.259230	I:	D:
>Y7.M032_19
595	2067	-	1	1.239803	I:	D:
2432	3004	+	2	1.215878	I:	D:
3189	4016	+	3	1.252154	I:	D:
4125	4745	-	3	1.245017	I:	D:
5249	7162	-	2	1.219385	I:	D:
7180	8181	-	1	1.199548	I:	D:
8254	10017	-	1	1.216136	I:	D:
10204	10836	-	1	1.230797	I:	D:
11379	12029	-	3	1.230733	I:	D:
12172	12714	-	1	1.226401	I:	D:
12811	13512	-	1	1.236838	I:	D:
13536	14006	-	3	1.207998	I:	D:
14019	14528	-	3	1.231080	I:	D:
14546	16264	-	2	1.252288	I:	D:
16279	16641	-	1	1.209349	I:	D:
16657	16959	-	1	1.191563	I:	D:
17140	17604	-	1	1.268626	I:	D:
17684	18127	-	2	1.293509	I:	D:
18117	18905	-	3	1.202149	I:	D:
18945	19364	-	3	1.204751	I:	D:
19403	19537	-	2	1.232220	I:	D:
20178	20828	-	3	1.239176	I:	D:
21143	21688	-	2	1.226282	I:	D:
21961	22119	-	1	1.288906	I:	D:
22132	24321	-	1	1.242198	I:	D:
24464	25327	+	2	1.212578	I:	D:
25428	26801	-	3	1.239632	I:	D:
27191	28147	+	2	1.221483	I:	D:
28166	29635	+	2	1.230112	I:	D:
29926	30900	+	1	1.205997	I:	D:
31291	31815	-	1	1.203091	I:	D:
32202	33659	-	3	1.206721	I:	D:
34090	35301	-	1	1.223713	I:	D:
35779	36072	-	1	1.264079	I:	D:
36089	37756	-	2	1.223981	I:	D:
37749	39521	-	3	1.210706	I:	D:
39511	39912	-	1	1.238049	I:	D:
39925	40686	-	1	1.199110	I:	D:
40686	41687	-	3	1.260059	I:	D:
41677	42558	-	1	1.194644	I:	D:
42569	43150	-	2	1.206919	I:	D:
43154	43762	-	2	1.191134	I:	D:
43981	44715	+	1	1.216134	I:	D:
44800	45234	+	1	1.184914	I:	D:
45282	45614	-	3	1.196526	I:	D:
>Y7.M032_20
33	926	-	3	1.232249	I:	D:
946	1263	-	1	1.218934	I:	D:
1388	2632	-	2	1.232188	I:	D:
2619	3308	-	3	1.220054	I:	D:
3572	3751	-	2	1.163276	I:	D:
3835	4656	-	1	1.181342	I:	D:
4685	5371	-	2	1.178953	I:	D:
5607	6797	-	3	1.223503	I:	D:
6912	7061	+	3	1.201565	I:	D:
7074	8060	+	3	1.223918	I:	D:
8210	8905	+	2	1.212797	I:	D:
8906	9517	+	2	1.288162	I:	D:
9536	10105	-	2	1.231822	I:	D:
10313	11221	-	2	1.233586	I:	D:
11499	12635	+	3	1.228191	I:	D:
12776	13552	+	2	1.174820	I:	D:
13649	14227	+	2	1.211545	I:	D:
14480	16627	+	2	1.213297	I:	D:
16819	17226	-	1	1.191397	I:	D:
17371	17526	+	1	1.204506	I:	D:
17723	18820	-	2	1.225956	I:	D:
18837	19526	-	3	1.174426	I:	D:
19767	20915	-	3	1.200472	I:	D:
20933	22747	-	2	1.218551	I:	D:
22986	23765	-	3	1.224298	I:	D:
23794	24585	-	1	1.224678	I:	D:
24606	25178	-	3	1.231970	I:	D:
25207	25872	-	1	1.186177	I:	D:
25894	26634	-	1	1.191869	I:	D:
26624	27973	-	2	1.215723	I:	D:
27975	28559	-	3	1.245330	I:	D:
28831	29013	+	1	1.274127	I:	D:
29051	29359	-	2	1.236585	I:	D:
29464	29595	-	1	1.148066	I:	D:
29685	30380	-	3	1.217615	I:	D:
30406	31392	-	1	1.227177	I:	D:
31551	32348	-	3	1.247872	I:	D:
32676	33542	-	3	1.239434	I:	D:
34022	34711	-	2	1.233594	I:	D:
34714	35076	-	1	1.226821	I:	D:
35534	36934	-	2	1.187861	I:	D:
37077	37220	-	3	1.223922	I:	D:
38272	39663	-	1	1.193438	I:	D:
39798	40571	-	3	1.218169	I:	D:
40674	40928	-	3	1.256159	I:	D:
41140	42915	+	1	1.253818	I:	D:
42975	43580	-	3	1.224847	I:	D:
44066	45487	+	2	1.244739	I:	D:
>Y7.M032_21
3	317	-	3	1.250240	I:	D:
508	684	-	1	1.239979	I:	D:
882	1130	-	3	1.246511	I:	D:
1143	2069	-	3	1.202364	I:	D:
2541	2720	-	3	1.225084	I:	D:
2940	3557	-	3	1.204529	I:	D:
3573	4409	-	3	1.157272	I:	D:
4743	5417	-	3	1.214066	I:	D:
5922	6551	-	3	1.251971	I:	D:
6974	7414	-	2	1.235134	I:	D:
7520	7657	+	2	1.133248	I:	D:
7852	8739	+	1	1.232920	I:	D:
8765	8947	+	2	1.244172	I:	D:
8969	9682	+	2	1.228131	I:	D:
9904	10950	+	1	1.226707	I:	D:
10951	11130	+	1	1.221720	I:	D:
11132	11575	+	2	1.210683	I:	D:
11581	11763	+	1	1.244303	I:	D:
11776	12159	+	1	1.253073	I:	D:
12255	12452	+	3	1.177119	I:	D:
12663	12863	+	3	1.169322	I:	D:
12866	13486	+	2	1.243103	I:	D:
13488	13670	+	3	1.202664	I:	D:
13760	13987	+	2	1.142729	I:	D:
14013	14252	+	3	1.238121	I:	D:
14292	14507	+	3	1.221615	I:	D:
14541	15107	+	3	1.218508	I:	D:
15153	15527	+	3	1.188128	I:	D:
15602	15964	+	2	1.248381	I:	D:
15977	16456	+	2	1.213642	I:	D:
16750	17037	+	1	1.240906	I:	D:
17046	17390	+	3	1.265624	I:	D:
17553	18056	+	3	1.218230	I:	D:
18127	19710	+	1	1.223449	I:	D:
19712	20902	+	2	1.192601	I:	D:
20886	21683	+	3	1.232581	I:	D:
21707	22921	+	2	1.225797	I:	D:
22933	23238	+	1	1.184593	I:	D:
23210	23872	+	2	1.184008	I:	D:
23874	24305	+	3	1.216187	I:	D:
24315	24656	+	3	1.197228	I:	D:
24723	25445	+	3	1.260964	I:	D:
25555	26085	+	1	1.184138	I:	D:
26098	30225	+	1	1.208838	I:	D:
30230	30904	+	2	1.191901	I:	D:
30949	31245	+	1	1.231737	I:	D:
31308	31592	+	3	1.200194	I:	D:
31595	31978	+	2	1.154967	I:	D:
31997	35848	+	2	1.224296	I:	D:
35926	36075	+	1	1.133831	I:	D:
36097	36417	+	1	1.188749	I:	D:
36420	37205	+	3	1.226933	I:	D:
38139	38849	+	3	1.277599	I:	D:
39519	40739	+	3	1.173762	I:	D:
41236	41415	-	1	1.188276	I:	D:
>Y7.M032_22
3	1160	-	3	1.250609	I:	D:
1411	2460	-	1	1.209533	I:	D:
2797	3267	-	1	1.233834	I:	D:
3344	3970	-	2	1.271535	I:	D:
4189	6444	-	1	1.204582	I:	D:
6589	7494	-	1	1.249295	I:	D:
7558	7962	+	1	1.250227	I:	D:
8025	9020	-	3	1.220912	I:	D:
9087	9923	-	3	1.238890	I:	D:
10004	10564	-	2	1.204917	I:	D:
10643	11560	-	2	1.229027	I:	D:
11687	13354	-	2	1.218552	I:	D:
13396	14157	-	1	1.199984	I:	D:
14166	14699	-	3	1.221352	I:	D:
14720	15520	-	2	1.238437	I:	D:
15588	16886	-	3	1.229663	I:	D:
16889	17620	-	2	1.224201	I:	D:
17739	19010	+	3	1.259582	I:	D:
19043	20413	-	2	1.194641	I:	D:
20579	21934	-	2	1.232603	I:	D:
21970	22692	-	1	1.212636	I:	D:
22692	23021	-	3	1.228145	I:	D:
23221	24099	+	1	1.209241	I:	D:
24195	24680	-	3	1.169797	I:	D:
24713	25273	-	2	1.210097	I:	D:
25479	26240	-	3	1.194981	I:	D:
26373	27065	-	3	1.217693	I:	D:
27159	27965	-	3	1.220500	I:	D:
28007	28918	-	2	1.221117	I:	D:
28931	29659	-	2	1.222558	I:	D:
29745	29996	+	3	1.229365	I:	D:
30183	30512	+	3	1.220112	I:	D:
30626	33274	-	2	1.235042	I:	D:
33598	34194	-	1	1.217508	I:	D:
34329	35231	+	3	1.225123	I:	D:
35438	35962	-	2	1.253718	I:	D:
36438	37031	-	3	1.218913	I:	D:
37129	37881	-	1	1.213238	I:	D:
37899	39197	-	3	1.248620	I:	D:
39392	41650	-	2	1.244578	I:	D:
>Y7.M032_23
3	959	-	3	1.215494	I:	D:
1184	1612	-	2	1.213133	I:	D:
1636	1947	-	1	1.272210	I:	D:
2126	2830	-	2	1.220743	I:	D:
2922	6068	-	3	1.231329	I:	D:
6442	7176	-	1	1.181597	I:	D:
7245	8294	-	3	1.203584	I:	D:
8943	9200	-	3	1.329529	I:	D:
9358	9573	+	1	1.218948	I:	D:
9601	9834	+	1	1.212866	I:	D:
10020	10166	+	3	1.233636	I:	D:
10173	10700	+	3	1.221202	I:	D:
11150	11284	-	2	1.256893	I:	D:
12359	12874	-	2	1.208114	I:	D:
12945	13235	-	3	1.224730	I:	D:
13237	14223	-	1	1.215812	I:	D:
14226	14879	-	3	1.210325	I:	D:
14904	17183	-	3	1.187434	I:	D:
17170	17868	-	1	1.212755	I:	D:
18784	20631	-	1	1.186081	I:	D:
20981	21820	-	2	1.298520	I:	D:
21708	22634	-	3	1.256463	I:	D:
22679	23614	-	2	1.217035	I:	D:
23890	24687	-	1	1.221378	I:	D:
24751	24936	-	1	1.226891	I:	D:
25336	25737	+	1	1.166955	I:	D:
25767	26207	+	3	1.226858	I:	D:
26510	27652	-	2	1.255758	I:	D:
27826	29115	-	1	1.204858	I:	D:
29116	32916	-	1	1.176585	I:	D:
33173	34249	-	2	1.177409	I:	D:
34267	35760	-	1	1.205259	I:	D:
35882	36685	-	2	1.235565	I:	D:
36833	37663	-	2	1.208406	I:	D:
37857	41045	-	3	1.210852	I:	D:
>Y7.M032_24
186	860	-	3	1.259944	I:	D:
1134	2384	+	3	1.238522	I:	D:
2757	3980	+	3	1.228976	I:	D:
4267	4614	+	1	1.189153	I:	D:
4641	4832	+	3	1.227568	I:	D:
4882	5442	-	1	1.237563	I:	D:
5462	6262	-	2	1.268462	I:	D:
6411	7352	+	3	1.211726	I:	D:
7368	8372	+	3	1.166906	I:	D:
8639	8851	+	2	1.254034	I:	D:
8884	9111	-	1	1.189097	I:	D:
9260	9685	+	2	1.173173	I:	D:
9689	9919	+	2	1.228587	I:	D:
10047	10289	+	3	1.282290	I:	D:
10833	10970	-	3	1.265668	I:	D:
11545	12558	+	1	1.213626	I:	D:
12784	13242	-	1	1.193198	I:	D:
13444	14241	+	1	1.165625	I:	D:
14581	15591	-	1	1.267721	I:	D:
15770	16990	+	2	1.248227	I:	D:
17037	17684	-	3	1.233444	I:	D:
17681	19018	-	2	1.255909	I:	D:
19069	19863	-	1	1.228501	I:	D:
19972	21390	+	1	1.219271	I:	D:
21440	21649	+	2	1.188479	I:	D:
21676	23070	+	1	1.210929	I:	D:
23094	24008	-	3	1.207509	I:	D:
24206	24946	+	2	1.163511	I:	D:
25069	25251	+	1	1.160021	I:	D:
25396	26277	+	1	1.235236	I:	D:
26533	29187	+	1	1.213459	I:	D:
29195	29797	+	2	1.192877	I:	D:
29790	30341	+	3	1.216007	I:	D:
30346	32025	+	1	1.184218	I:	D:
32390	32608	+	2	1.187834	I:	D:
32863	33468	+	1	1.197204	I:	D:
33590	34315	+	2	1.231351	I:	D:
34527	35327	+	3	1.163944	I:	D:
35703	36359	+	3	1.213184	I:	D:
36473	36805	+	2	1.311187	I:	D:
36834	37814	+	3	1.287535	I:	D:
37814	38380	+	2	1.206357	I:	D:
38381	38773	+	2	1.183199	I:	D:
38827	39420	+	1	1.285332	I:	D:
39434	40009	+	2	1.244237	I:	D:
40026	40835	+	3	1.272720	I:	D:
>Y7.M032_25
2	265	-	2	1.223287	I:	D:
655	1599	-	1	1.232801	I:	D:
1781	2152	-	2	1.290387	I:	D:
2231	2923	-	2	1.248577	I:	D:
2932	3444	-	1	1.204934	I:	D:
3568	3795	-	1	1.272441	I:	D:
3823	4089	-	1	1.283341	I:	D:
4128	5480	-	3	1.232956	I:	D:
5477	5866	-	2	1.187706	I:	D:
5942	7357	-	2	1.183602	I:	D:
7593	11147	-	3	1.187313	I:	D:
11174	12244	-	2	1.227911	I:	D:
12862	13281	-	1	1.241379	I:	D:
13368	13925	-	3	1.221480	I:	D:
14128	14568	-	1	1.216452	I:	D:
14611	15114	-	1	1.179887	I:	D:
15111	15566	-	3	1.184856	I:	D:
15613	16035	-	1	1.246847	I:	D:
16057	16644	-	1	1.207892	I:	D:
16766	17122	-	2	1.237818	I:	D:
17145	18023	-	3	1.240533	I:	D:
18051	20519	-	3	1.207280	I:	D:
20544	22928	-	3	1.216786	I:	D:
23110	23760	-	1	1.229812	I:	D:
23839	25518	-	1	1.239253	I:	D:
25581	26210	-	3	1.228079	I:	D:
26243	27154	-	2	1.211550	I:	D:
27147	27824	-	3	1.214444	I:	D:
27917	28963	-	2	1.207157	I:	D:
29123	30448	-	2	1.226087	I:	D:
30472	31293	-	1	1.244505	I:	D:
31310	32482	-	2	1.220992	I:	D:
32501	33376	-	2	1.213479	I:	D:
33388	34002	-	1	1.222365	I:	D:
34058	34528	-	2	1.199362	I:	D:
34560	35657	-	3	1.278043	I:	D:
35662	36486	-	1	1.240280	I:	D:
36493	37185	-	1	1.197392	I:	D:
37201	38076	-	1	1.200997	I:	D:
38092	39252	-	1	1.247987	I:	D:
39345	40580	-	3	1.209091	I:	D:
>Y7.M032_26
458	1057	-	2	1.287368	I:	D:
1363	2703	-	1	1.276740	I:	D:
2703	3668	-	3	1.227374	I:	D:
3661	4446	-	1	1.240739	I:	D:
4469	6040	-	2	1.229847	I:	D:
6062	6919	-	2	1.271503	I:	D:
6922	7860	-	1	1.221947	I:	D:
7879	8832	-	1	1.229819	I:	D:
9486	10286	-	3	1.268534	I:	D:
10162	10695	-	1	1.263580	I:	D:
10706	11128	-	2	1.205631	I:	D:
11171	11977	-	2	1.266239	I:	D:
12038	12250	-	2	1.202436	I:	D:
12681	13103	+	3	1.183027	I:	D:
13116	13619	+	3	1.219751	I:	D:
14272	14436	-	1	1.167369	I:	D:
14875	15435	+	1	1.228618	I:	D:
15455	16051	+	2	1.256707	I:	D:
16072	17346	+	1	1.207260	I:	D:
17512	18102	-	1	1.268689	I:	D:
18220	18612	-	1	1.285056	I:	D:
18959	20785	-	2	1.248193	I:	D:
20829	22574	-	3	1.225058	I:	D:
22662	23108	-	3	1.186722	I:	D:
23300	24166	-	2	1.240641	I:	D:
24278	24910	-	2	1.202955	I:	D:
24930	25724	-	3	1.205071	I:	D:
25737	26534	-	3	1.239811	I:	D:
26758	27192	-	1	1.196892	I:	D:
27225	27944	-	3	1.225301	I:	D:
28385	28660	+	2	1.239214	I:	D:
28770	28925	-	3	1.183579	I:	D:
28985	30391	-	2	1.231979	I:	D:
30417	31805	-	3	1.241832	I:	D:
31992	32135	-	3	1.151010	I:	D:
32389	32754	-	1	1.201570	I:	D:
32838	33977	-	3	1.220679	I:	D:
34187	34870	+	2	1.213765	I:	D:
34998	35288	-	3	1.223590	I:	D:
35434	36165	-	1	1.226282	I:	D:
36169	37686	-	1	1.189088	I:	D:
>Y7.M032_27
396	2423	+	3	1.242324	I:	D:
2783	3727	+	2	1.213362	I:	D:
3775	3987	+	1	1.242553	I:	D:
3999	4658	+	3	1.219749	I:	D:
4829	5335	+	2	1.212307	I:	D:
5322	5912	+	3	1.214238	I:	D:
5944	8925	+	1	1.219608	I:	D:
9099	9464	+	3	1.188295	I:	D:
9510	9638	-	3	1.250870	I:	D:
9718	10515	-	1	1.217270	I:	D:
10956	12131	-	3	1.240424	I:	D:
12334	13461	+	1	1.227589	I:	D:
13490	14122	+	2	1.224960	I:	D:
14125	14658	+	1	1.250823	I:	D:
14675	15580	+	2	1.229958	I:	D:
15720	17705	+	3	1.180142	I:	D:
17940	18863	+	3	1.193471	I:	D:
19161	20513	+	3	1.238464	I:	D:
20513	21085	+	2	1.220128	I:	D:
21271	21945	-	1	1.202137	I:	D:
22116	23654	+	3	1.239239	I:	D:
23734	25113	-	1	1.242483	I:	D:
25188	25742	-	3	1.213879	I:	D:
26060	32056	+	2	1.218862	I:	D:
32946	33134	-	3	1.295424	I:	D:
33624	34169	-	3	1.234253	I:	D:
34215	34550	-	3	1.327057	I:	D:
34674	34886	+	3	1.358141	I:	D:
35312	36694	+	2	1.205682	I:	D:
36851	37285	-	2	1.198721	I:	D:
>Y7.M032_28
3	602	+	3	1.247296	I:	D:
649	1668	+	1	1.221294	I:	D:
1887	3167	-	3	1.215748	I:	D:
3292	3636	+	1	1.175928	I:	D:
3649	5193	+	1	1.239366	I:	D:
5197	6297	+	1	1.216465	I:	D:
6315	8408	+	3	1.243523	I:	D:
8535	9326	+	3	1.211106	I:	D:
9385	10665	+	1	1.229959	I:	D:
10998	11768	+	3	1.248232	I:	D:
11822	12754	+	2	1.234572	I:	D:
13538	13987	+	2	1.233103	I:	D:
14005	15189	+	1	1.236361	I:	D:
15236	15691	+	2	1.211985	I:	D:
15892	16968	+	1	1.203469	I:	D:
17490	20135	+	3	1.222689	I:	D:
20160	20417	+	3	1.201829	I:	D:
20428	22605	+	1	1.223329	I:	D:
22919	23344	+	2	1.218879	I:	D:
23412	23681	+	3	1.137043	I:	D:
23791	24684	+	1	1.205592	I:	D:
24777	25214	+	3	1.220599	I:	D:
25243	26022	-	1	1.227351	I:	D:
26187	27860	+	3	1.247232	I:	D:
27917	28252	+	2	1.179910	I:	D:
28315	28602	+	1	1.232882	I:	D:
28647	29135	-	3	1.243981	I:	D:
29370	29552	+	3	1.157397	I:	D:
29597	30757	+	2	1.213364	I:	D:
30895	31476	+	1	1.219755	I:	D:
31575	32165	+	3	1.256497	I:	D:
32183	32908	+	2	1.189893	I:	D:
32911	33444	+	1	1.195175	I:	D:
>Y7.M032_29
88	1140	-	1	1.212115	I:	D:
1159	1986	-	1	1.228555	I:	D:
2039	2770	-	2	1.237376	I:	D:
2912	3859	-	2	1.239171	I:	D:
3890	4921	-	2	1.214842	I:	D:
5358	6383	-	3	1.193550	I:	D:
6548	7411	-	2	1.240524	I:	D:
7830	8096	+	3	1.242708	I:	D:
8127	8699	+	3	1.226601	I:	D:
8864	9271	-	2	1.213551	I:	D:
9483	10109	+	3	1.195939	I:	D:
10165	12357	+	1	1.211903	I:	D:
12378	12626	-	3	1.335098	I:	D:
12778	13614	-	1	1.214137	I:	D:
13625	14263	-	2	1.226512	I:	D:
14676	16742	-	3	1.213334	I:	D:
16742	17620	-	2	1.254009	I:	D:
17750	18151	-	2	1.186964	I:	D:
18345	19118	-	3	1.263153	I:	D:
19312	20691	-	1	1.233752	I:	D:
20703	21593	-	3	1.212774	I:	D:
21806	22522	-	2	1.217032	I:	D:
22528	22986	-	1	1.233441	I:	D:
23009	24010	-	2	1.202446	I:	D:
24044	25336	-	2	1.204868	I:	D:
25349	25585	-	2	1.232381	I:	D:
25811	26800	+	2	1.218244	I:	D:
26928	27425	-	3	1.250181	I:	D:
27545	27988	-	2	1.248836	I:	D:
28015	28194	-	1	1.318178	I:	D:
28350	28748	-	3	1.239931	I:	D:
28810	30111	-	1	1.230493	I:	D:
30112	30864	-	1	1.225780	I:	D:
30873	31811	-	3	1.193776	I:	D:
>Y7.M032_30
249	422	-	3	1.187506	I:	D:
991	2511	-	1	1.254159	I:	D:
2532	3011	-	3	1.199291	I:	D:
3114	4088	-	3	1.245644	I:	D:
4166	4936	-	2	1.248982	I:	D:
4955	5641	-	2	1.253876	I:	D:
5767	6744	-	1	1.248891	I:	D:
6737	7714	-	2	1.252711	I:	D:
7943	9937	-	2	1.240049	I:	D:
9952	11337	-	1	1.231322	I:	D:
11516	11932	-	2	1.153386	I:	D:
12005	12814	-	2	1.243683	I:	D:
12820	13998	-	1	1.228474	I:	D:
14030	14548	-	2	1.237427	I:	D:
14573	15229	-	2	1.191504	I:	D:
15614	16294	-	2	1.222040	I:	D:
16278	17168	-	3	1.213949	I:	D:
17334	18884	-	3	1.220152	I:	D:
18980	19246	-	2	1.274444	I:	D:
19392	20252	-	3	1.238943	I:	D:
20605	30423	-	1	1.223218	I:	D:
>Y7.M032_31
2	727	+	2	1.215871	I:	D:
915	1145	-	3	1.179586	I:	D:
1250	2371	+	2	1.186031	I:	D:
2487	3323	-	3	1.219916	I:	D:
3476	4666	-	2	1.254110	I:	D:
5805	6104	-	3	1.271186	I:	D:
6618	6764	+	3	1.212810	I:	D:
6936	7103	-	3	1.219254	I:	D:
7249	7857	-	1	1.202575	I:	D:
8191	8340	-	1	1.241405	I:	D:
8361	10337	-	3	1.220876	I:	D:
10357	10569	-	1	1.229881	I:	D:
10968	11915	-	3	1.206520	I:	D:
12306	12830	-	3	1.243185	I:	D:
13007	13606	-	2	1.232468	I:	D:
13729	13857	-	1	1.163567	I:	D:
13930	14316	-	1	1.163308	I:	D:
14373	14801	-	3	1.241894	I:	D:
15112	16404	-	1	1.272685	I:	D:
16541	17251	-	2	1.205826	I:	D:
17266	18201	-	1	1.186297	I:	D:
18296	19366	-	2	1.225791	I:	D:
19369	19866	-	1	1.229809	I:	D:
20069	20662	-	2	1.215574	I:	D:
20890	21423	+	1	1.193164	I:	D:
21466	22107	-	1	1.235762	I:	D:
22353	23309	-	3	1.244206	I:	D:
23490	24146	-	3	1.223709	I:	D:
24393	24614	+	3	1.213334	I:	D:
24758	24985	+	2	1.228313	I:	D:
24989	25135	+	2	1.251844	I:	D:
25151	25405	-	2	1.209796	I:	D:
25414	26196	-	1	1.257461	I:	D:
26078	26740	-	2	1.243285	I:	D:
26743	27144	-	1	1.248822	I:	D:
27119	27907	-	2	1.249003	I:	D:
27928	28143	-	1	1.167525	I:	D:
29291	29497	-	2	1.257053	I:	D:
29548	29988	-	1	1.235784	I:	D:
>Y7.M032_32
259	1170	-	1	1.226048	I:	D:
1379	2302	-	2	1.186727	I:	D:
2615	3454	-	2	1.213976	I:	D:
3721	4275	+	1	1.230597	I:	D:
4434	4994	-	3	1.235511	I:	D:
5018	6658	-	2	1.228964	I:	D:
6784	7674	+	1	1.188829	I:	D:
7780	9009	-	1	1.242276	I:	D:
9384	10217	-	3	1.170985	I:	D:
10239	11201	-	3	1.224024	I:	D:
11582	12022	+	2	1.186781	I:	D:
12171	12791	-	3	1.217700	I:	D:
12884	13051	-	2	1.147456	I:	D:
13121	13663	-	2	1.229757	I:	D:
13666	14043	-	1	1.307229	I:	D:
14037	14321	-	3	1.206600	I:	D:
14423	14770	-	2	1.208644	I:	D:
15086	15265	-	2	1.158189	I:	D:
15387	16871	-	3	1.219118	I:	D:
17391	17639	+	3	1.225507	I:	D:
17641	18699	-	1	1.234879	I:	D:
18746	20449	-	2	1.202028	I:	D:
20454	22163	-	3	1.175405	I:	D:
22402	23181	-	1	1.206318	I:	D:
23225	24106	-	2	1.212298	I:	D:
24107	24478	-	2	1.204992	I:	D:
24823	25707	-	1	1.233127	I:	D:
26115	26726	-	3	1.258051	I:	D:
27170	28003	+	2	1.291075	I:	D:
28312	29274	+	1	1.211916	I:	D:
>Y7.M032_33
152	1390	-	2	1.208751	I:	D:
1747	2691	+	1	1.209309	I:	D:
2911	3129	+	1	1.319185	I:	D:
3204	3752	-	3	1.243995	I:	D:
4155	4562	+	3	1.188540	I:	D:
4669	5895	+	1	1.194634	I:	D:
5935	6741	-	1	1.246326	I:	D:
6843	6995	+	3	1.205121	I:	D:
7061	8287	+	2	1.248247	I:	D:
8480	9712	+	2	1.228464	I:	D:
9754	10101	-	1	1.227154	I:	D:
10409	11464	+	2	1.229619	I:	D:
11779	11943	+	1	1.167903	I:	D:
11962	12126	+	1	1.250016	I:	D:
12330	13868	+	3	1.249711	I:	D:
13918	15012	-	1	1.205402	I:	D:
15005	15394	-	2	1.196861	I:	D:
15680	16597	+	2	1.243261	I:	D:
16657	17919	+	1	1.250350	I:	D:
18145	18333	+	1	1.198594	I:	D:
18474	19187	+	3	1.207808	I:	D:
19338	19856	-	3	1.254180	I:	D:
20105	20917	+	2	1.230854	I:	D:
20985	21209	-	3	1.241337	I:	D:
21742	22257	+	1	1.236482	I:	D:
22430	22972	+	2	1.264153	I:	D:
23042	24067	+	2	1.252036	I:	D:
24283	24840	+	1	1.237604	I:	D:
24971	26176	-	2	1.226616	I:	D:
26208	26498	-	3	1.182517	I:	D:
26522	26995	+	2	1.155102	I:	D:
27005	27253	+	2	1.227178	I:	D:
27413	28276	+	2	1.228823	I:	D:
28327	28686	+	1	1.192219	I:	D:
28818	28946	-	3	1.202733	I:	D:
>Y7.M032_34
43	540	-	1	1.220864	I:	D:
772	2433	+	1	1.231437	I:	D:
2627	2815	+	2	1.302972	I:	D:
3190	4698	+	1	1.238728	I:	D:
4903	6018	+	1	1.234989	I:	D:
6038	6694	-	2	1.226439	I:	D:
7026	7466	+	3	1.214487	I:	D:
7565	8965	+	2	1.234765	I:	D:
9087	9782	+	3	1.200142	I:	D:
9871	11136	+	1	1.173315	I:	D:
11202	11915	+	3	1.199822	I:	D:
12310	14274	+	1	1.266592	I:	D:
14425	14985	+	1	1.271937	I:	D:
15002	16702	+	2	1.227927	I:	D:
16705	17535	+	1	1.259379	I:	D:
18076	19887	+	1	1.214282	I:	D:
20047	20526	+	1	1.208198	I:	D:
20817	21266	-	3	1.246529	I:	D:
21268	22029	-	1	1.287404	I:	D:
22174	23169	+	1	1.239168	I:	D:
23511	25136	+	3	1.229781	I:	D:
25178	26017	-	2	1.198647	I:	D:
26781	27320	+	3	1.228996	I:	D:
27337	27615	+	1	1.259161	I:	D:
>Y7.M032_35
524	2617	+	2	1.230159	I:	D:
2595	4547	+	3	1.196788	I:	D:
4671	5360	+	3	1.201202	I:	D:
5357	6649	+	2	1.187711	I:	D:
6724	7500	-	1	1.237026	I:	D:
7931	11110	+	2	1.207430	I:	D:
11245	11700	+	1	1.190043	I:	D:
11920	12888	+	1	1.185306	I:	D:
13111	14538	+	1	1.235326	I:	D:
14610	16028	+	3	1.259448	I:	D:
16293	17201	+	3	1.255792	I:	D:
17412	17849	+	3	1.230781	I:	D:
17861	18943	+	2	1.239502	I:	D:
19180	20115	+	1	1.220559	I:	D:
20542	22176	+	1	1.191682	I:	D:
22256	23248	+	2	1.220169	I:	D:
23365	24117	+	1	1.235987	I:	D:
24127	25062	+	1	1.238219	I:	D:
25325	25678	+	2	1.178597	I:	D:
26258	26701	+	2	1.189361	I:	D:
26866	27162	+	1	1.216385	I:	D:
27320	27448	+	2	1.255645	I:	D:
>Y7.M032_36
1	336	-	1	1.198678	I:	D:
368	874	-	2	1.248985	I:	D:
1212	1556	+	3	1.220430	I:	D:
1581	1793	-	3	1.223198	I:	D:
1867	2799	-	1	1.215838	I:	D:
2993	4114	-	2	1.258078	I:	D:
4510	7551	-	1	1.223537	I:	D:
7898	10351	-	2	1.220633	I:	D:
10689	11804	-	3	1.218269	I:	D:
12156	12635	-	3	1.208005	I:	D:
13029	14375	-	3	1.266010	I:	D:
14366	15100	-	2	1.220014	I:	D:
15486	17075	-	3	1.260771	I:	D:
17366	17587	+	2	1.283231	I:	D:
17631	19733	-	3	1.228609	I:	D:
19743	21710	-	3	1.235880	I:	D:
21903	23267	-	3	1.237452	I:	D:
23743	24507	+	1	1.154765	I:	D:
>Y7.M032_37
715	1518	+	1	1.251622	I:	D:
1515	2702	+	3	1.193333	I:	D:
2984	4330	+	2	1.213207	I:	D:
4598	6427	+	2	1.222586	I:	D:
6514	7248	+	1	1.212249	I:	D:
7294	8547	+	1	1.238133	I:	D:
9145	9822	+	1	1.185406	I:	D:
9963	10229	+	3	1.277999	I:	D:
10313	11332	+	2	1.259944	I:	D:
11405	11914	-	2	1.273880	I:	D:
12405	13598	+	3	1.240789	I:	D:
13732	15954	+	1	1.223567	I:	D:
15957	16733	+	3	1.191273	I:	D:
17348	17896	+	2	1.221759	I:	D:
18033	20702	+	3	1.218086	I:	D:
20839	21831	+	1	1.215201	I:	D:
21905	24046	+	2	1.210253	I:	D:
24067	24420	+	1	1.188175	I:	D:
>Y7.M032_38
386	1252	-	2	1.191525	I:	D:
1362	2477	-	3	1.273625	I:	D:
2616	3884	-	3	1.227508	I:	D:
4110	4547	-	3	1.226572	I:	D:
4676	6538	-	2	1.227728	I:	D:
6540	8963	-	3	1.229628	I:	D:
8971	10422	-	1	1.240906	I:	D:
10438	11568	-	1	1.236820	I:	D:
11571	12722	-	3	1.247431	I:	D:
12757	14769	-	1	1.255256	I:	D:
15062	16057	-	2	1.230733	I:	D:
16072	16494	-	1	1.211880	I:	D:
16707	18278	-	3	1.216262	I:	D:
18617	20179	-	2	1.254447	I:	D:
20344	23874	-	1	1.242576	I:	D:
>Y7.M032_39
51	1103	+	3	1.181916	I:	D:
1090	1629	+	1	1.198036	I:	D:
1641	1892	+	3	1.181185	I:	D:
2060	2521	+	2	1.207750	I:	D:
2551	3603	+	1	1.233979	I:	D:
3617	3892	+	2	1.265513	I:	D:
3882	4202	+	3	1.247199	I:	D:
4259	6163	+	2	1.210120	I:	D:
6185	6571	+	2	1.240945	I:	D:
6672	7556	+	3	1.203248	I:	D:
7549	8457	+	1	1.232788	I:	D:
8483	9427	+	2	1.229708	I:	D:
9519	9773	+	3	1.278874	I:	D:
9884	10738	+	2	1.256850	I:	D:
10895	13009	+	2	1.237202	I:	D:
13083	14453	+	3	1.198229	I:	D:
14493	14954	+	3	1.207931	I:	D:
15303	16043	+	3	1.237296	I:	D:
16159	17400	+	1	1.208411	I:	D:
17421	17666	+	3	1.227538	I:	D:
17796	18569	+	3	1.214482	I:	D:
18706	21096	+	1	1.229418	I:	D:
21100	22158	+	1	1.219150	I:	D:
22152	23486	+	3	1.206017	I:	D:
23473	24015	+	1	1.254428	I:	D:
>Y7.M032_40
34	1410	+	1	1.252186	I:	D:
1426	2547	+	1	1.176381	I:	D:
2581	3366	-	1	1.190115	I:	D:
3507	4025	-	3	1.297753	I:	D:
4044	4685	-	3	1.226357	I:	D:
4885	5862	+	1	1.221506	I:	D:
6006	6932	-	3	1.234396	I:	D:
7020	8126	-	3	1.215056	I:	D:
8146	8871	-	1	1.201404	I:	D:
8880	10040	-	3	1.219831	I:	D:
10062	11507	-	3	1.247206	I:	D:
11527	12240	-	1	1.241607	I:	D:
12251	13429	-	2	1.233443	I:	D:
13431	14837	-	3	1.245415	I:	D:
15000	16538	-	3	1.252471	I:	D:
16535	17638	-	2	1.244586	I:	D:
17713	18366	-	1	1.232735	I:	D:
18590	20215	-	2	1.239864	I:	D:
20380	21471	-	1	1.261699	I:	D:
21487	22089	-	1	1.201198	I:	D:
22263	22901	-	3	1.227160	I:	D:
>Y7.M032_41
59	355	+	2	1.252294	I:	D:
621	833	-	3	1.232387	I:	D:
862	1152	-	1	1.232343	I:	D:
1275	1796	-	3	1.212275	I:	D:
1781	2422	-	2	1.211373	I:	D:
2780	4483	+	2	1.211014	I:	D:
4627	5094	-	1	1.215676	I:	D:
5447	6712	-	2	1.219525	I:	D:
6729	7103	-	3	1.274287	I:	D:
7379	7969	-	2	1.243767	I:	D:
8328	8978	+	3	1.217038	I:	D:
9403	10218	-	1	1.174760	I:	D:
10375	12435	-	1	1.219615	I:	D:
12794	13090	-	2	1.214148	I:	D:
13336	13980	+	1	1.225781	I:	D:
14603	17788	+	2	1.229662	I:	D:
17920	18141	-	1	1.225848	I:	D:
18405	18923	-	3	1.232701	I:	D:
18978	19874	-	3	1.227649	I:	D:
20424	21251	-	3	1.233936	I:	D:
21660	22850	-	3	1.245550	I:	D:
>Y7.M032_42
2	196	-	2	1.147273	I:	D:
488	1018	-	2	1.216180	I:	D:
1351	3450	+	1	1.197634	I:	D:
3465	4436	+	3	1.212193	I:	D:
4550	5734	-	2	1.269399	I:	D:
6292	7644	+	1	1.270930	I:	D:
7733	9034	+	2	1.282705	I:	D:
9107	10291	-	2	1.228817	I:	D:
10536	11234	+	3	1.228015	I:	D:
11293	11730	-	1	1.203840	I:	D:
11735	12706	-	2	1.220571	I:	D:
12718	13197	-	1	1.222503	I:	D:
13211	14230	-	2	1.227483	I:	D:
14242	14775	-	1	1.232206	I:	D:
14900	15652	-	2	1.167640	I:	D:
15637	16128	-	1	1.226074	I:	D:
16195	16995	-	1	1.217733	I:	D:
16999	17808	-	1	1.274187	I:	D:
17588	17743	+	2	1.281384	I:	D:
17798	18382	-	2	1.197181	I:	D:
18388	19131	-	1	1.209182	I:	D:
19136	21409	-	2	1.240522	I:	D:
21411	21860	-	3	1.264228	I:	D:
21854	22648	-	2	1.227112	I:	D:
>Y7.M032_43
275	1108	-	2	1.225424	I:	D:
1327	1479	-	1	1.195324	I:	D:
1967	2659	-	2	1.214395	I:	D:
2889	3206	+	3	1.206681	I:	D:
3476	3730	+	2	1.120178	I:	D:
4025	4504	+	2	1.341485	I:	D:
4793	5437	+	2	1.198030	I:	D:
5443	6120	+	1	1.243142	I:	D:
6122	6307	+	2	1.201241	I:	D:
6648	7847	+	3	1.210099	I:	D:
7847	10972	+	2	1.167636	I:	D:
11393	11548	+	2	1.200813	I:	D:
11685	12218	-	3	1.202674	I:	D:
12470	12640	+	2	1.168018	I:	D:
12730	13335	+	1	1.226955	I:	D:
13433	14737	+	2	1.223041	I:	D:
14859	15812	+	3	1.212366	I:	D:
16040	16840	+	2	1.236436	I:	D:
17008	17709	+	1	1.230795	I:	D:
17747	18937	+	2	1.193795	I:	D:
19012	19701	+	1	1.198970	I:	D:
19702	22308	+	1	1.199380	I:	D:
>Y7.M032_44
35	1024	-	2	1.215613	I:	D:
1033	2091	-	1	1.237064	I:	D:
2206	3675	+	1	1.232269	I:	D:
3762	4556	+	3	1.265815	I:	D:
4592	5071	+	2	1.228450	I:	D:
5163	6176	+	3	1.199943	I:	D:
6180	6605	+	3	1.234886	I:	D:
6660	7052	+	3	1.249471	I:	D:
7054	7635	+	1	1.243164	I:	D:
7730	7990	+	2	1.246058	I:	D:
8014	8283	+	1	1.242650	I:	D:
8290	8742	+	1	1.186500	I:	D:
8808	9098	+	3	1.228317	I:	D:
9139	9426	+	1	1.237802	I:	D:
9702	10319	+	3	1.214962	I:	D:
10460	12274	+	2	1.246746	I:	D:
12797	13162	+	2	1.226238	I:	D:
13494	15140	+	3	1.295898	I:	D:
15326	15913	-	2	1.294034	I:	D:
16756	17178	+	1	1.247505	I:	D:
17382	18689	+	3	1.196387	I:	D:
18713	19885	+	2	1.236052	I:	D:
20081	20257	-	2	1.189909	I:	D:
20623	21642	+	1	1.239516	I:	D:
>Y7.M032_45
96	323	-	3	1.169883	I:	D:
406	1260	+	1	1.197271	I:	D:
1279	2424	+	1	1.215695	I:	D:
2487	3422	+	3	1.163238	I:	D:
3568	4182	+	1	1.185927	I:	D:
4202	5569	+	2	1.178944	I:	D:
5591	6289	+	2	1.223504	I:	D:
6289	7725	+	1	1.253412	I:	D:
7750	8487	+	1	1.223643	I:	D:
8516	8896	-	2	1.153957	I:	D:
8912	9568	-	2	1.194924	I:	D:
9707	11140	+	2	1.237712	I:	D:
11223	11834	-	3	1.206538	I:	D:
11979	13010	+	3	1.188001	I:	D:
13253	13750	+	2	1.201061	I:	D:
14052	16907	+	3	1.209085	I:	D:
16985	19096	+	2	1.199760	I:	D:
19113	20045	+	3	1.205957	I:	D:
20070	20375	+	3	1.203498	I:	D:
20611	21387	+	1	1.213821	I:	D:
>Y7.M032_46
2	211	+	2	1.280174	I:	D:
489	1184	+	3	1.206914	I:	D:
1381	3444	+	1	1.187685	I:	D:
3813	4691	+	3	1.198770	I:	D:
4830	6824	+	3	1.203018	I:	D:
6856	7617	+	1	1.210256	I:	D:
7684	8724	+	1	1.233463	I:	D:
9019	9294	+	1	1.268208	I:	D:
9355	9717	-	1	1.231230	I:	D:
9977	10732	+	2	1.285517	I:	D:
10756	12057	+	1	1.245259	I:	D:
12067	12336	+	1	1.265844	I:	D:
12355	12507	-	1	1.182880	I:	D:
12516	12743	-	3	1.183314	I:	D:
12850	13071	-	1	1.219576	I:	D:
13312	13563	+	1	1.224742	I:	D:
13851	14474	+	3	1.207899	I:	D:
14902	15507	+	1	1.179801	I:	D:
15616	16545	+	1	1.200641	I:	D:
16805	17356	+	2	1.241840	I:	D:
17353	17919	+	1	1.218708	I:	D:
18093	18422	+	3	1.233444	I:	D:
18619	19050	+	1	1.229467	I:	D:
19160	19762	-	2	1.201340	I:	D:
19911	20165	+	3	1.288789	I:	D:
>Y7.M032_47
2	1003	+	2	1.201229	I:	D:
1311	3182	+	3	1.213562	I:	D:
3691	4446	+	1	1.208693	I:	D:
4827	5519	+	3	1.223935	I:	D:
5516	6757	+	2	1.221452	I:	D:
6834	7517	+	3	1.230580	I:	D:
7510	9909	+	1	1.210779	I:	D:
9972	10244	-	3	1.201832	I:	D:
10435	11457	+	1	1.221322	I:	D:
11559	11822	+	3	1.201851	I:	D:
11974	12483	+	1	1.227804	I:	D:
12516	13343	+	3	1.209578	I:	D:
13344	13784	+	3	1.293149	I:	D:
13795	14286	+	1	1.244962	I:	D:
14343	15098	-	3	1.223782	I:	D:
15178	15906	-	1	1.238796	I:	D:
16115	17197	+	2	1.209115	I:	D:
17330	17779	-	2	1.288090	I:	D:
18040	18687	-	1	1.306217	I:	D:
>Y7.M032_48
1	246	+	1	1.218720	I:	D:
288	485	+	3	1.238224	I:	D:
552	815	+	3	1.172763	I:	D:
966	1424	+	3	1.228239	I:	D:
1509	2051	-	3	1.228745	I:	D:
2382	3998	-	3	1.221151	I:	D:
3979	5439	-	1	1.228646	I:	D:
6109	7158	+	1	1.197532	I:	D:
7294	8148	+	1	1.192617	I:	D:
8174	9166	+	2	1.203206	I:	D:
9168	10862	+	3	1.229842	I:	D:
11192	12100	+	2	1.244793	I:	D:
12296	12604	+	2	1.201132	I:	D:
12760	13749	+	1	1.203867	I:	D:
13890	14669	-	3	1.264223	I:	D:
15383	16066	-	2	1.206123	I:	D:
16415	16825	+	2	1.179337	I:	D:
17418	18758	+	3	1.261283	I:	D:
>Y7.M032_49
96	647	+	3	1.242376	I:	D:
781	1944	-	1	1.201128	I:	D:
2022	2906	-	3	1.259861	I:	D:
3209	4054	-	2	1.227360	I:	D:
4242	5060	-	3	1.234568	I:	D:
5120	8896	-	2	1.206926	I:	D:
8896	12339	-	1	1.215970	I:	D:
12329	13111	-	2	1.227783	I:	D:
13133	15343	-	2	1.217801	I:	D:
15343	17247	-	1	1.212000	I:	D:
17362	17541	-	1	1.145710	I:	D:
17595	18041	-	3	1.223765	I:	D:
18081	18212	+	3	1.402658	I:	D:
>Y7.M032_50
3	782	-	3	1.234231	I:	D:
1008	1238	-	3	1.253784	I:	D:
1279	3174	-	1	1.206284	I:	D:
3190	5064	-	1	1.227026	I:	D:
5195	5542	-	2	1.230083	I:	D:
5649	7646	-	3	1.222507	I:	D:
7665	8519	-	3	1.197477	I:	D:
8512	9039	-	1	1.245808	I:	D:
9482	10453	-	2	1.184616	I:	D:
10499	10867	-	2	1.233878	I:	D:
10884	12332	-	3	1.216752	I:	D:
12413	13822	-	2	1.234637	I:	D:
13978	14961	-	1	1.193577	I:	D:
15031	15588	-	1	1.188359	I:	D:
15895	17181	-	1	1.223188	I:	D:
17262	17927	-	3	1.200295	I:	D:
>Y7.M032_51
2	901	+	2	1.212169	I:	D:
1321	1938	+	1	1.253353	I:	D:
2112	2354	+	3	1.241661	I:	D:
2383	2847	+	1	1.276170	I:	D:
2908	3240	+	1	1.276554	I:	D:
3505	4173	+	1	1.181371	I:	D:
4184	4315	-	2	1.172681	I:	D:
4170	5438	+	3	1.186154	I:	D:
5455	6051	+	1	1.174863	I:	D:
6422	6634	+	2	1.206665	I:	D:
7247	7714	+	2	1.207054	I:	D:
7714	8430	+	1	1.226366	I:	D:
8420	8875	+	2	1.188991	I:	D:
8878	9894	+	1	1.221064	I:	D:
10107	10475	+	3	1.148664	I:	D:
10477	10809	+	1	1.222171	I:	D:
10936	12312	-	1	1.242687	I:	D:
12445	14358	-	1	1.218135	I:	D:
14482	15111	+	1	1.205210	I:	D:
15167	15337	-	2	1.380861	I:	D:
16292	17386	+	2	1.259613	I:	D:
>Y7.M032_52
40	1938	+	1	1.217401	I:	D:
2023	2400	-	1	1.236710	I:	D:
2555	3364	+	2	1.175544	I:	D:
3500	4189	+	2	1.258098	I:	D:
4197	5318	-	3	1.218307	I:	D:
5461	6789	+	1	1.231461	I:	D:
6807	7838	+	3	1.219541	I:	D:
7919	8476	+	2	1.155205	I:	D:
8638	9771	+	1	1.194579	I:	D:
9851	10186	-	2	1.178920	I:	D:
10370	11200	-	2	1.246204	I:	D:
11360	12532	+	2	1.226505	I:	D:
12653	12853	+	2	1.266059	I:	D:
13071	13475	+	3	1.241776	I:	D:
13498	14253	-	1	1.183134	I:	D:
14354	14782	-	2	1.213804	I:	D:
14978	15190	+	2	1.184526	I:	D:
15216	15671	-	3	1.214276	I:	D:
15896	16243	-	2	1.199132	I:	D:
16482	17072	+	3	1.193725	I:	D:
>Y7.M032_53
350	1600	-	2	1.245394	I:	D:
1809	2420	-	3	1.232711	I:	D:
2673	4316	-	3	1.225308	I:	D:
4413	4979	-	3	1.245603	I:	D:
5428	7092	+	1	1.258579	I:	D:
7151	8044	-	2	1.210372	I:	D:
8129	8770	-	2	1.229716	I:	D:
8827	10110	-	1	1.268634	I:	D:
10215	11819	-	3	1.196363	I:	D:
11950	12912	-	1	1.279268	I:	D:
13094	14092	+	2	1.225248	I:	D:
14965	15651	-	1	1.220261	I:	D:
15701	16711	-	2	1.231050	I:	D:
>Y7.M032_54
122	751	-	2	1.211766	I:	D:
771	3038	-	3	1.228998	I:	D:
3108	4484	-	3	1.236632	I:	D:
4874	5101	-	2	1.246377	I:	D:
5313	6623	-	3	1.263439	I:	D:
6725	8251	-	2	1.228733	I:	D:
8264	9007	-	2	1.225657	I:	D:
9172	10371	-	1	1.205885	I:	D:
10497	11504	-	3	1.260207	I:	D:
11570	12589	-	2	1.235259	I:	D:
12736	14082	-	1	1.204827	I:	D:
14262	15137	-	3	1.236211	I:	D:
15164	15868	-	2	1.185478	I:	D:
15897	16148	-	3	1.227035	I:	D:
16513	16710	-	1	1.230067	I:	D:
>Y7.M032_55
3	224	-	3	1.258323	I:	D:
418	2808	-	1	1.212250	I:	D:
2780	3502	-	2	1.250052	I:	D:
3508	3963	-	1	1.203887	I:	D:
4177	4902	+	1	1.223275	I:	D:
4951	6414	-	1	1.221146	I:	D:
6616	7554	-	1	1.224754	I:	D:
7654	8649	-	1	1.216269	I:	D:
8702	9946	-	2	1.230692	I:	D:
10344	10685	-	3	1.225598	I:	D:
10954	12009	-	1	1.205257	I:	D:
12328	13308	-	1	1.245378	I:	D:
13400	14773	-	2	1.182059	I:	D:
14776	15438	-	1	1.217732	I:	D:
>Y7.M032_56
190	444	+	1	1.246485	I:	D:
560	847	+	2	1.248686	I:	D:
1581	2576	-	3	1.275386	I:	D:
2724	4217	+	3	1.255017	I:	D:
4207	5475	+	1	1.213669	I:	D:
5505	5963	+	3	1.203513	I:	D:
5950	6753	+	1	1.197068	I:	D:
6816	6953	+	3	1.171712	I:	D:
7320	7712	+	3	1.153154	I:	D:
7770	8813	+	3	1.203607	I:	D:
8912	10336	+	2	1.158818	I:	D:
10401	10802	+	3	1.217342	I:	D:
11304	12746	+	3	1.182438	I:	D:
12825	15857	+	3	1.228924	I:	D:
15874	16047	-	1	1.157753	I:	D:
>Y7.M032_57
13	318	-	1	1.287017	I:	D:
595	1497	+	1	1.254305	I:	D:
1773	2312	+	3	1.175917	I:	D:
2390	3166	+	2	1.248146	I:	D:
3256	4386	+	1	1.218467	I:	D:
4446	5111	+	3	1.276386	I:	D:
5126	5710	+	2	1.243382	I:	D:
5733	6956	+	3	1.207551	I:	D:
6946	7806	+	1	1.229810	I:	D:
7821	8612	+	3	1.262553	I:	D:
8633	9658	+	2	1.199773	I:	D:
9707	10465	+	2	1.182012	I:	D:
11110	12504	+	1	1.249504	I:	D:
12574	12756	-	1	1.166505	I:	D:
12852	13196	-	3	1.197941	I:	D:
13198	13548	-	1	1.211903	I:	D:
13619	15535	-	2	1.236087	I:	D:
>Y7.M032_58
123	494	-	3	1.193466	I:	D:
766	1770	-	1	1.224215	I:	D:
1784	3280	-	2	1.207508	I:	D:
3290	4279	-	2	1.246016	I:	D:
4306	5469	-	1	1.230758	I:	D:
5686	7011	-	1	1.237797	I:	D:
7145	7324	-	2	1.186467	I:	D:
7502	8740	+	2	1.236135	I:	D:
9172	9867	-	1	1.201094	I:	D:
9947	10297	-	2	1.193806	I:	D:
10905	11090	-	3	1.108930	I:	D:
11160	12245	-	3	1.234833	I:	D:
12342	12560	-	3	1.159335	I:	D:
12654	13157	+	3	1.237697	I:	D:
13154	13669	+	2	1.236788	I:	D:
13832	15109	-	2	1.224373	I:	D:
15093	15755	-	3	1.233301	I:	D:
>Y7.M032_59
2	163	-	2	1.230110	I:	D:
607	1998	+	1	1.262225	I:	D:
2105	3187	-	2	1.228247	I:	D:
3530	4066	-	2	1.192195	I:	D:
4079	5224	-	2	1.219716	I:	D:
5396	5764	-	2	1.183182	I:	D:
5881	6492	-	1	1.195702	I:	D:
6702	8351	-	3	1.239297	I:	D:
8570	9496	+	2	1.229950	I:	D:
9610	10338	+	1	1.236620	I:	D:
10403	10567	+	2	1.178226	I:	D:
10595	11401	-	2	1.221792	I:	D:
11450	12160	-	2	1.223339	I:	D:
13306	13461	-	1	1.296692	I:	D:
13481	13732	+	2	1.273539	I:	D:
13797	14645	-	3	1.217768	I:	D:
15239	15490	+	2	1.304266	I:	D:
>Y7.M032_60
99	254	+	3	1.274206	I:	D:
484	1635	+	1	1.243572	I:	D:
1913	2923	+	2	1.257669	I:	D:
3076	4128	+	1	1.246892	I:	D:
4560	5240	+	3	1.197355	I:	D:
5251	5961	+	1	1.251828	I:	D:
5980	6636	+	1	1.210458	I:	D:
6648	7439	+	3	1.230594	I:	D:
7694	8605	+	2	1.213000	I:	D:
8649	9560	+	3	1.195169	I:	D:
9618	10796	+	3	1.241772	I:	D:
10820	11992	+	2	1.236368	I:	D:
12021	13481	+	3	1.239739	I:	D:
13462	14316	+	1	1.231007	I:	D:
14484	15389	+	3	1.268447	I:	D:
>Y7.M032_61
176	910	-	2	1.239288	I:	D:
1397	7381	+	2	1.192654	I:	D:
7450	11028	+	1	1.194866	I:	D:
11216	11794	+	2	1.223066	I:	D:
11787	11933	+	3	1.254513	I:	D:
11943	12851	+	3	1.285075	I:	D:
12921	13589	+	3	1.201208	I:	D:
13628	15043	+	2	1.191457	I:	D:
>Y7.M032_62
437	1030	-	2	1.224949	I:	D:
1409	2686	-	2	1.238938	I:	D:
2949	3407	+	3	1.199694	I:	D:
3578	4024	-	2	1.232849	I:	D:
4024	5388	-	1	1.222737	I:	D:
5672	6352	-	2	1.200643	I:	D:
6424	7614	-	1	1.239186	I:	D:
7751	8503	-	2	1.257288	I:	D:
8880	10205	-	3	1.210131	I:	D:
10298	11344	-	2	1.220599	I:	D:
11363	12394	-	2	1.224006	I:	D:
12424	13206	-	1	1.260928	I:	D:
13208	14038	-	2	1.271161	I:	D:
14504	14737	-	2	1.244873	I:	D:
>Y7.M032_63
224	1567	+	2	1.248529	I:	D:
1584	2801	+	3	1.238255	I:	D:
2917	3102	+	1	1.237819	I:	D:
3388	4047	-	1	1.262541	I:	D:
4209	5498	+	3	1.262583	I:	D:
5597	5884	+	2	1.196174	I:	D:
6069	6410	+	3	1.161474	I:	D:
6713	7006	+	2	1.253718	I:	D:
7027	7611	+	1	1.178320	I:	D:
7692	7985	+	3	1.223410	I:	D:
8200	8769	-	1	1.186455	I:	D:
9028	9597	+	1	1.190949	I:	D:
9620	11236	+	2	1.241014	I:	D:
11343	11588	+	3	1.176260	I:	D:
11769	13415	+	3	1.252648	I:	D:
13449	14288	+	3	1.220893	I:	D:
>Y7.M032_64
863	1261	+	2	1.222261	I:	D:
1403	1843	+	2	1.179742	I:	D:
1999	2664	-	1	1.266354	I:	D:
2958	3902	+	3	1.229007	I:	D:
3925	5208	+	1	1.243008	I:	D:
5238	5759	-	3	1.223489	I:	D:
6657	8663	+	3	1.251733	I:	D:
8788	9462	-	1	1.252343	I:	D:
9728	14026	+	2	1.228649	I:	D:
>Y7.M032_65
1242	1454	-	3	1.216220	I:	D:
1747	2025	-	1	1.214821	I:	D:
2041	2481	-	1	1.238799	I:	D:
2497	4845	-	1	1.214221	I:	D:
4891	5967	-	1	1.176855	I:	D:
5983	6894	-	1	1.199144	I:	D:
6918	8324	-	3	1.189966	I:	D:
8339	9067	-	2	1.218894	I:	D:
9391	9654	-	1	1.242955	I:	D:
9812	10351	+	2	1.287331	I:	D:
10451	10666	+	2	1.219766	I:	D:
10711	10938	+	1	1.243567	I:	D:
11023	11169	+	1	1.258408	I:	D:
11322	12179	+	3	1.230554	I:	D:
12260	12706	+	2	1.226165	I:	D:
12814	14292	-	1	1.230504	I:	D:
>Y7.M032_66
1	168	-	1	1.232332	I:	D:
264	635	-	3	1.155707	I:	D:
639	1004	-	3	1.164518	I:	D:
1116	2339	-	3	1.223586	I:	D:
2712	2936	-	3	1.222708	I:	D:
3247	4422	-	1	1.220464	I:	D:
4497	4652	-	3	1.262367	I:	D:
4671	5687	-	3	1.232168	I:	D:
5680	6918	-	1	1.227844	I:	D:
7332	8081	-	3	1.236371	I:	D:
8502	9326	-	3	1.194078	I:	D:
9468	10103	-	3	1.237063	I:	D:
10378	11121	-	1	1.226079	I:	D:
11436	12119	-	3	1.207134	I:	D:
12259	12642	-	1	1.187089	I:	D:
12757	13251	-	1	1.249279	I:	D:
>Y7.M032_67
364	861	-	1	1.178643	I:	D:
1064	2065	-	2	1.200562	I:	D:
2076	2642	-	3	1.222249	I:	D:
2806	3102	-	1	1.283536	I:	D:
3431	4174	-	2	1.227808	I:	D:
4570	5304	+	1	1.202302	I:	D:
5640	6449	-	3	1.240888	I:	D:
6983	7555	+	2	1.219585	I:	D:
7786	8532	+	1	1.199428	I:	D:
8745	9245	+	3	1.192506	I:	D:
9384	9608	-	3	1.197737	I:	D:
9658	10506	-	1	1.260182	I:	D:
10783	11151	+	1	1.213838	I:	D:
11223	12263	-	3	1.250867	I:	D:
12715	13242	+	1	1.240681	I:	D:
13308	13523	-	3	1.295133	I:	D:
13932	14135	+	3	1.245260	I:	D:
>Y7.M032_68
2	172	+	2	1.175871	I:	D:
711	1934	-	3	1.229843	I:	D:
2364	3044	-	3	1.207919	I:	D:
3148	4041	-	1	1.225163	I:	D:
5297	5986	+	2	1.282473	I:	D:
6094	6927	-	1	1.186241	I:	D:
6941	7270	-	2	1.158252	I:	D:
7311	7799	-	3	1.193732	I:	D:
8067	8726	+	3	1.247237	I:	D:
9135	12782	-	3	1.214325	I:	D:
13103	13486	-	2	1.206501	I:	D:
13567	13788	-	1	1.165004	I:	D:
>Y7.M032_69
3	455	+	3	1.241514	I:	D:
506	679	+	2	1.189831	I:	D:
769	1833	+	1	1.206119	I:	D:
1945	3504	+	1	1.230989	I:	D:
3605	3757	+	2	1.222928	I:	D:
3777	4940	+	3	1.190739	I:	D:
4955	5605	+	2	1.202062	I:	D:
5608	5865	+	1	1.258473	I:	D:
5878	6651	+	1	1.221619	I:	D:
6683	7054	+	2	1.221173	I:	D:
7063	8976	+	1	1.205511	I:	D:
9581	10285	+	2	1.232339	I:	D:
10254	11000	+	3	1.294622	I:	D:
11003	11749	+	2	1.251410	I:	D:
11764	12429	+	1	1.250257	I:	D:
12450	13784	+	3	1.217565	I:	D:
>Y7.M032_70
109	1098	-	1	1.198315	I:	D:
1516	2076	-	1	1.213930	I:	D:
2214	3239	-	3	1.251663	I:	D:
3258	4625	-	3	1.242647	I:	D:
4642	5205	-	1	1.231290	I:	D:
5481	6590	-	3	1.235710	I:	D:
6771	7619	+	3	1.212950	I:	D:
7886	8779	-	2	1.244256	I:	D:
8929	9834	-	1	1.198783	I:	D:
9924	10799	-	3	1.174744	I:	D:
10829	11692	-	2	1.199661	I:	D:
11698	12201	-	1	1.241633	I:	D:
12425	13051	+	2	1.196276	I:	D:
13164	14033	-	3	1.219802	I:	D:
>Y7.M032_71
391	1761	-	1	1.267537	I:	D:
1999	2787	+	1	1.283462	I:	D:
2787	3248	+	3	1.281251	I:	D:
3422	3874	-	2	1.236878	I:	D:
3887	4147	-	2	1.255304	I:	D:
4526	4774	+	2	1.161223	I:	D:
4898	5284	+	2	1.223173	I:	D:
5321	7111	-	2	1.258740	I:	D:
7326	8588	-	3	1.231208	I:	D:
8578	10050	-	1	1.222812	I:	D:
10065	10679	-	3	1.249387	I:	D:
10692	11141	-	3	1.216845	I:	D:
11151	13361	-	3	1.235038	I:	D:
13432	13890	-	1	1.248377	I:	D:
>Y7.M032_72
157	369	-	1	1.232682	I:	D:
380	868	-	2	1.204893	I:	D:
1348	1758	-	1	1.222704	I:	D:
1979	2656	-	2	1.215356	I:	D:
2870	3916	+	2	1.224811	I:	D:
3975	4580	-	3	1.266780	I:	D:
4628	5794	-	2	1.233700	I:	D:
6058	6732	-	1	1.200994	I:	D:
7046	7477	-	2	1.182541	I:	D:
7648	11868	+	1	1.219443	I:	D:
11914	12129	-	1	1.239385	I:	D:
12225	13145	-	3	1.174360	I:	D:
13585	13749	+	1	1.230496	I:	D:
>Y7.M032_73
44	628	-	2	1.204620	I:	D:
721	1698	-	1	1.250643	I:	D:
1915	3423	-	1	1.213488	I:	D:
3413	4318	-	2	1.234737	I:	D:
4349	5068	-	2	1.237940	I:	D:
5090	5881	-	2	1.238913	I:	D:
5904	6653	-	3	1.255714	I:	D:
6650	7375	-	2	1.275078	I:	D:
7372	8358	-	1	1.222095	I:	D:
8465	9220	-	2	1.254977	I:	D:
9222	9782	-	3	1.258727	I:	D:
9810	10130	-	3	1.272877	I:	D:
10415	11563	-	2	1.240154	I:	D:
11572	12156	-	1	1.210698	I:	D:
12180	13079	-	3	1.251515	I:	D:
13081	13707	-	1	1.228427	I:	D:
>Y7.M032_74
172	816	+	1	1.250925	I:	D:
930	1751	+	3	1.171153	I:	D:
1852	2760	+	1	1.237483	I:	D:
2810	4507	+	2	1.211940	I:	D:
4566	4910	+	3	1.232268	I:	D:
5006	6238	+	2	1.177688	I:	D:
6372	6632	+	3	1.203240	I:	D:
6686	8413	+	2	1.225471	I:	D:
8593	9615	+	1	1.217391	I:	D:
9839	9988	+	2	1.345150	I:	D:
10205	11209	+	2	1.231125	I:	D:
11281	11670	+	1	1.150463	I:	D:
11962	13161	+	1	1.283094	I:	D:
>Y7.M032_75
2	835	+	2	1.199493	I:	D:
974	2203	-	2	1.237948	I:	D:
2535	3362	+	3	1.197203	I:	D:
3736	4452	+	1	1.225178	I:	D:
4465	5511	+	1	1.226785	I:	D:
5552	8758	+	2	1.239599	I:	D:
8804	9541	-	2	1.211896	I:	D:
9760	10632	+	1	1.287104	I:	D:
10632	11297	+	3	1.239870	I:	D:
11316	12020	+	3	1.179884	I:	D:
12102	12599	+	3	1.221285	I:	D:
12609	12770	+	3	1.104553	I:	D:
>Y7.M032_76
3	1526	-	3	1.256586	I:	D:
1960	2169	+	1	1.232719	I:	D:
2190	2453	+	3	1.198911	I:	D:
2496	3068	+	3	1.186388	I:	D:
3647	4243	+	2	1.241342	I:	D:
4246	4374	+	1	1.214524	I:	D:
4381	5658	+	1	1.183479	I:	D:
6277	7242	+	1	1.265762	I:	D:
7245	7808	+	3	1.217842	I:	D:
7818	8507	+	3	1.208079	I:	D:
8732	9127	+	2	1.189503	I:	D:
9289	10281	+	1	1.199589	I:	D:
11217	11567	+	3	1.176410	I:	D:
11694	12830	+	3	1.222124	I:	D:
>Y7.M032_77
2	508	-	2	1.241068	I:	D:
527	1981	-	2	1.208324	I:	D:
2151	3029	+	3	1.218184	I:	D:
3065	4750	-	2	1.238528	I:	D:
5046	5549	-	3	1.209979	I:	D:
5599	6474	-	1	1.200362	I:	D:
6668	8629	-	2	1.234215	I:	D:
8729	12271	-	2	1.266323	I:	D:
>Y7.M032_78
389	1135	-	2	1.187878	I:	D:
1214	1687	-	2	1.237556	I:	D:
1809	2855	-	3	1.217842	I:	D:
3158	3910	+	2	1.219897	I:	D:
4574	4744	-	2	1.175355	I:	D:
4860	6170	-	3	1.252558	I:	D:
6393	6824	-	3	1.278967	I:	D:
7015	8808	-	1	1.190866	I:	D:
8922	10400	-	3	1.257677	I:	D:
10612	11991	+	1	1.247032	I:	D:
12069	12521	-	3	1.242485	I:	D:
>Y7.M032_79
2	223	+	2	1.197973	I:	D:
405	1793	-	3	1.247570	I:	D:
1804	2295	-	1	1.230089	I:	D:
2415	2600	-	3	1.193532	I:	D:
2680	3717	-	1	1.192060	I:	D:
3710	4426	-	2	1.186449	I:	D:
4439	4747	-	2	1.238124	I:	D:
5253	6764	-	3	1.182937	I:	D:
7062	8324	-	3	1.180477	I:	D:
8339	9634	-	2	1.179372	I:	D:
9618	10436	-	3	1.233126	I:	D:
10445	11326	-	2	1.215180	I:	D:
11326	12414	-	1	1.216993	I:	D:
>Y7.M032_80
57	1127	-	3	1.200709	I:	D:
1138	1914	-	1	1.244051	I:	D:
1970	2740	-	2	1.236046	I:	D:
2763	3236	-	3	1.204251	I:	D:
3271	3690	-	1	1.195597	I:	D:
3775	6552	-	1	1.183177	I:	D:
6760	7038	-	1	1.249677	I:	D:
7260	7823	-	3	1.235514	I:	D:
8161	8475	+	1	1.221771	I:	D:
8571	9062	-	3	1.171735	I:	D:
9345	11015	-	3	1.259989	I:	D:
11307	11786	-	3	1.197880	I:	D:
>Y7.M032_81
23	574	+	2	1.181539	I:	D:
634	1776	-	1	1.232900	I:	D:
2016	2456	-	3	1.221464	I:	D:
2764	4263	-	1	1.222092	I:	D:
4409	4807	-	2	1.268401	I:	D:
5225	5926	+	2	1.226854	I:	D:
5938	9072	+	1	1.190471	I:	D:
9155	9718	-	2	1.236595	I:	D:
10174	11526	+	1	1.229147	I:	D:
>Y7.M032_82
2	1144	-	2	1.267664	I:	D:
1414	2127	+	1	1.224671	I:	D:
2445	2678	-	3	1.185363	I:	D:
2697	2882	-	3	1.252340	I:	D:
3036	4565	+	3	1.199609	I:	D:
5113	5676	+	1	1.193625	I:	D:
5687	6352	+	2	1.215931	I:	D:
6499	7509	+	1	1.265739	I:	D:
7510	8301	+	1	1.254831	I:	D:
8315	9283	+	2	1.248937	I:	D:
9304	10107	+	1	1.244793	I:	D:
10205	10975	-	2	1.195643	I:	D:
>Y7.M032_83
210	761	-	3	1.226116	I:	D:
1052	1897	-	2	1.230633	I:	D:
1897	2697	-	1	1.252562	I:	D:
2697	3653	-	3	1.225037	I:	D:
4063	4650	+	1	1.223764	I:	D:
4772	5260	-	2	1.237946	I:	D:
5546	6217	+	2	1.219326	I:	D:
6241	8154	+	1	1.222746	I:	D:
8192	9007	-	2	1.211163	I:	D:
9497	10879	+	2	1.253621	I:	D:
>Y7.M032_84
447	1682	+	3	1.224089	I:	D:
1702	2997	+	1	1.246469	I:	D:
3106	4158	+	1	1.238031	I:	D:
4180	4740	+	1	1.217055	I:	D:
4744	5508	+	1	1.252900	I:	D:
5527	6129	+	1	1.175641	I:	D:
6432	7967	+	3	1.243721	I:	D:
7981	9384	+	1	1.242114	I:	D:
9386	10333	+	2	1.231068	I:	D:
10344	10880	+	3	1.193896	I:	D:
>Y7.M032_85
322	753	+	1	1.196215	I:	D:
903	2123	+	3	1.230412	I:	D:
2197	3192	+	1	1.215625	I:	D:
3425	4312	+	2	1.225640	I:	D:
4336	5097	+	1	1.209601	I:	D:
5315	7735	+	2	1.223254	I:	D:
7806	8378	-	3	1.218191	I:	D:
8544	9698	+	3	1.231636	I:	D:
10121	10312	-	2	1.203717	I:	D:
>Y7.M032_86
2	550	+	2	1.217408	I:	D:
553	1974	+	1	1.171248	I:	D:
2248	2724	+	1	1.168822	I:	D:
2803	3162	+	1	1.262651	I:	D:
3162	3533	+	3	1.249325	I:	D:
3916	4752	+	1	1.224946	I:	D:
5157	5576	+	3	1.212992	I:	D:
5915	8056	+	2	1.198612	I:	D:
8174	9016	+	2	1.196274	I:	D:
9243	9785	+	3	1.162555	I:	D:
9966	10199	+	3	1.288739	I:	D:
10343	10780	+	2	1.211938	I:	D:
>Y7.M032_87
196	1104	+	1	1.192792	I:	D:
1109	1504	+	2	1.217292	I:	D:
1504	2997	+	1	1.219051	I:	D:
3014	3973	+	2	1.235240	I:	D:
3985	4878	+	1	1.217515	I:	D:
5543	6136	+	2	1.263709	I:	D:
6199	6369	-	1	1.218686	I:	D:
6463	7572	-	1	1.229422	I:	D:
7923	8981	+	3	1.198366	I:	D:
9054	10250	+	3	1.215739	I:	D:
>Y7.M032_88
56	2761	-	2	1.217472	I:	D:
2988	3836	+	3	1.193138	I:	D:
3912	4472	-	3	1.278921	I:	D:
4474	5187	-	1	1.221713	I:	D:
5229	5900	-	3	1.160274	I:	D:
6098	6673	+	2	1.198980	I:	D:
6813	7010	-	3	1.245557	I:	D:
7346	8893	-	2	1.242165	I:	D:
8916	10088	-	3	1.248123	I:	D:
10155	10304	-	3	1.218557	I:	D:
>Y7.M032_89
3	587	-	3	1.162995	I:	D:
878	1663	-	2	1.240827	I:	D:
1871	2317	-	2	1.195962	I:	D:
2506	5796	-	1	1.203693	I:	D:
6029	6157	-	2	1.159661	I:	D:
6235	6843	-	1	1.211150	I:	D:
6935	7726	+	2	1.209823	I:	D:
7784	8335	+	2	1.235779	I:	D:
8534	10297	-	2	1.204897	I:	D:
>Y7.M032_90
152	2092	+	2	1.221248	I:	D:
2746	4965	+	1	1.215574	I:	D:
4958	6805	+	2	1.223701	I:	D:
7125	7607	+	3	1.265903	I:	D:
7623	8393	+	3	1.242016	I:	D:
8383	9228	+	1	1.260644	I:	D:
9247	9648	+	1	1.224944	I:	D:
9769	10098	+	1	1.187507	I:	D:
>Y7.M032_91
379	636	+	1	1.178176	I:	D:
799	1167	-	1	1.219114	I:	D:
1361	2122	+	2	1.216618	I:	D:
2222	2665	+	2	1.155621	I:	D:
2876	3196	+	2	1.233400	I:	D:
3507	4619	+	3	1.222291	I:	D:
4645	5973	-	1	1.247563	I:	D:
6438	7493	+	3	1.213352	I:	D:
7509	8885	+	3	1.197900	I:	D:
8895	10082	+	3	1.212843	I:	D:
>Y7.M032_92
99	1037	-	3	1.251198	I:	D:
1833	2834	+	3	1.228786	I:	D:
2849	3508	+	2	1.240191	I:	D:
3570	4385	+	3	1.196545	I:	D:
4413	4547	+	3	1.231075	I:	D:
4626	5219	+	3	1.214715	I:	D:
5514	6650	+	3	1.253466	I:	D:
6798	7070	+	3	1.157401	I:	D:
7357	7572	-	1	1.245710	I:	D:
7742	8356	+	2	1.223740	I:	D:
8499	9491	-	3	1.217895	I:	D:
>Y7.M032_93
1	270	-	1	1.257294	I:	D:
694	1194	+	1	1.175047	I:	D:
1364	2032	-	2	1.222473	I:	D:
2339	3775	-	2	1.207168	I:	D:
4069	5505	-	1	1.240301	I:	D:
5532	7430	-	3	1.225292	I:	D:
7533	8372	-	3	1.223151	I:	D:
8619	9698	-	3	1.243612	I:	D:
>Y7.M032_94
2	217	-	2	1.263206	I:	D:
349	573	-	1	1.206229	I:	D:
667	861	-	1	1.202708	I:	D:
983	2008	-	2	1.254620	I:	D:
2481	2621	+	3	1.141164	I:	D:
2926	3204	-	1	1.257666	I:	D:
3808	4545	+	1	1.256551	I:	D:
4744	5505	+	1	1.271583	I:	D:
5600	6427	+	2	1.199041	I:	D:
6480	7628	-	3	1.229361	I:	D:
8025	8189	+	3	1.251206	I:	D:
8422	9249	+	1	1.270858	I:	D:
9339	9560	-	3	1.223649	I:	D:
>Y7.M032_95
1	657	-	1	1.230146	I:	D:
935	1198	-	2	1.208419	I:	D:
1370	2995	-	2	1.194880	I:	D:
3015	3299	-	3	1.218864	I:	D:
3437	4930	-	2	1.234142	I:	D:
4947	5822	-	3	1.243588	I:	D:
6001	6669	+	1	1.228202	I:	D:
6993	7310	+	3	1.233137	I:	D:
7385	8410	-	2	1.243000	I:	D:
8546	9517	+	2	1.218279	I:	D:
>Y7.M032_96
76	333	-	1	1.231139	I:	D:
281	1003	-	2	1.183621	I:	D:
1135	2778	-	1	1.217776	I:	D:
3564	4004	-	3	1.252849	I:	D:
4209	4838	-	3	1.204520	I:	D:
5637	5963	-	3	1.263750	I:	D:
6313	7095	-	1	1.237801	I:	D:
7276	7749	-	1	1.223145	I:	D:
8176	8856	+	1	1.260397	I:	D:
9102	9542	-	3	1.269348	I:	D:
>Y7.M032_97
192	1412	-	3	1.254113	I:	D:
1835	3211	-	2	1.229163	I:	D:
3222	3659	-	3	1.177004	I:	D:
3941	4468	-	2	1.219261	I:	D:
4874	5299	+	2	1.250349	I:	D:
5363	6271	-	2	1.199510	I:	D:
6710	9526	+	2	1.190728	I:	D:
>Y7.M032_98
305	1039	+	2	1.198880	I:	D:
1049	2185	+	2	1.205805	I:	D:
2201	2950	+	2	1.199270	I:	D:
3127	3969	+	1	1.184720	I:	D:
4147	4428	+	1	1.193131	I:	D:
4514	5560	+	2	1.260524	I:	D:
5716	6216	+	1	1.180655	I:	D:
6396	6644	+	3	1.203521	I:	D:
6646	8007	+	1	1.215400	I:	D:
8223	9509	+	3	1.204569	I:	D:
>Y7.M032_99
3	506	-	3	1.147682	I:	D:
887	2179	-	2	1.241325	I:	D:
2544	2798	-	3	1.321138	I:	D:
2947	3609	+	1	1.242061	I:	D:
3696	3920	+	3	1.243111	I:	D:
3950	4177	+	2	1.186818	I:	D:
4242	4388	+	3	1.239795	I:	D:
4773	5762	-	3	1.233325	I:	D:
5785	6561	-	1	1.223161	I:	D:
6545	7087	-	2	1.209439	I:	D:
7400	7573	-	2	1.241001	I:	D:
8482	9285	-	1	1.298011	I:	D:
9146	9436	-	2	1.263773	I:	D:
>Y7.M032_100
218	1063	+	2	1.194180	I:	D:
1101	1940	+	3	1.237424	I:	D:
1983	2483	-	3	1.229193	I:	D:
2610	3398	+	3	1.222044	I:	D:
3629	5044	+	2	1.212414	I:	D:
5077	5706	-	1	1.228135	I:	D:
5766	6191	-	3	1.207115	I:	D:
6331	7857	-	1	1.182721	I:	D:
8040	8984	+	3	1.225669	I:	D:
>Y7.M032_101
43	1245	-	1	1.210857	I:	D:
1394	1825	+	2	1.224364	I:	D:
2028	2321	+	3	1.286059	I:	D:
2540	2812	-	2	1.229063	I:	D:
2909	3991	-	2	1.238845	I:	D:
4081	4680	-	1	1.203761	I:	D:
4682	6466	-	2	1.248859	I:	D:
6498	7751	-	3	1.236411	I:	D:
7996	8187	-	1	1.224368	I:	D:
8173	8886	+	1	1.220432	I:	D:
>Y7.M032_102
2	691	-	2	1.215443	I:	D:
822	1061	+	3	1.219286	I:	D:
1089	1607	-	3	1.177378	I:	D:
1822	2169	-	1	1.207607	I:	D:
2635	3963	+	1	1.202650	I:	D:
4127	4861	-	2	1.199084	I:	D:
4861	5751	-	1	1.220281	I:	D:
5944	6372	+	1	1.250036	I:	D:
6517	7002	+	1	1.208757	I:	D:
7216	8259	+	1	1.232652	I:	D:
8338	8931	-	1	1.237918	I:	D:
>Y7.M032_103
1	210	-	1	1.244808	I:	D:
587	1180	-	2	1.222639	I:	D:
1485	5627	-	3	1.205016	I:	D:
5768	5896	+	2	1.149388	I:	D:
6053	6694	-	2	1.215110	I:	D:
6856	8526	-	1	1.213836	I:	D:
>Y7.M032_104
57	1016	-	3	1.172243	I:	D:
1073	1828	-	2	1.231734	I:	D:
1825	2847	-	1	1.233838	I:	D:
2831	3790	-	2	1.257361	I:	D:
3993	4313	-	3	1.271904	I:	D:
4512	5105	+	3	1.227140	I:	D:
5409	6365	-	3	1.246695	I:	D:
6623	7252	+	2	1.208688	I:	D:
7299	7610	-	3	1.235194	I:	D:
8031	8789	-	3	1.216334	I:	D:
>Y7.M032_105
23	487	-	2	1.222421	I:	D:
816	1667	-	3	1.245556	I:	D:
1983	3734	+	3	1.212880	I:	D:
3857	4678	+	2	1.225396	I:	D:
5086	5439	-	1	1.245330	I:	D:
5518	5793	-	1	1.241170	I:	D:
6072	7250	-	3	1.258358	I:	D:
7437	7637	+	3	1.212881	I:	D:
7831	8739	-	1	1.206346	I:	D:
>Y7.M032_106
3	212	-	3	1.249257	I:	D:
233	1123	-	2	1.220662	I:	D:
1116	1985	-	3	1.239554	I:	D:
2149	2598	-	1	1.232423	I:	D:
2576	4063	-	2	1.224181	I:	D:
4604	4747	-	2	1.189697	I:	D:
4830	5555	-	3	1.289788	I:	D:
5822	6349	-	2	1.192109	I:	D:
6375	7712	-	3	1.221112	I:	D:
7795	8565	+	1	1.181724	I:	D:
>Y7.M032_107
1	579	+	1	1.227822	I:	D:
1383	2483	+	3	1.219859	I:	D:
2484	3140	+	3	1.246555	I:	D:
3157	4353	+	1	1.225692	I:	D:
4403	4864	+	2	1.238683	I:	D:
5096	6481	+	2	1.180519	I:	D:
6511	6969	+	1	1.221202	I:	D:
7667	8584	+	2	1.206239	I:	D:
>Y7.M032_108
3	845	-	3	1.233379	I:	D:
976	1794	+	1	1.246732	I:	D:
1830	3608	-	3	1.219678	I:	D:
3734	4015	-	2	1.138817	I:	D:
4087	4293	-	1	1.151784	I:	D:
4351	5025	-	1	1.211788	I:	D:
5140	6678	-	1	1.255008	I:	D:
6928	7974	-	1	1.247802	I:	D:
>Y7.M032_109
86	379	-	2	1.243497	I:	D:
458	1579	-	2	1.262663	I:	D:
1658	2125	-	2	1.275319	I:	D:
2153	3178	-	2	1.244689	I:	D:
3355	4371	-	1	1.232312	I:	D:
4389	4865	-	3	1.227936	I:	D:
4984	5493	-	1	1.254392	I:	D:
5644	6246	-	1	1.216719	I:	D:
6400	6720	+	1	1.233490	I:	D:
6857	7177	+	2	1.315587	I:	D:
7314	7961	-	3	1.231844	I:	D:
8174	8467	-	2	1.264993	I:	D:
>Y7.M032_110
406	1935	+	1	1.209000	I:	D:
1938	3386	+	3	1.194377	I:	D:
3423	4031	+	3	1.199784	I:	D:
4057	4641	+	1	1.177269	I:	D:
4654	5286	+	1	1.159289	I:	D:
5352	7991	+	3	1.202290	I:	D:
>Y7.M032_111
1	1080	-	1	1.201587	I:	D:
2048	2578	+	2	1.211614	I:	D:
2582	3643	+	2	1.195241	I:	D:
4233	4439	+	3	1.160374	I:	D:
4470	4658	-	3	1.275626	I:	D:
6029	6904	-	2	1.240161	I:	D:
7012	8202	-	1	1.225074	I:	D:
>Y7.M032_112
3	311	-	3	1.187357	I:	D:
609	971	+	3	1.270754	I:	D:
1010	1579	-	2	1.229633	I:	D:
1780	3039	-	1	1.219372	I:	D:
3032	4174	-	2	1.232399	I:	D:
4162	5331	-	1	1.230050	I:	D:
5369	5962	-	2	1.205862	I:	D:
5973	7739	-	3	1.220909	I:	D:
7765	8148	-	1	1.188808	I:	D:
>Y7.M032_113
1	657	-	1	1.240589	I:	D:
668	2176	-	2	1.218553	I:	D:
2193	2786	-	3	1.213425	I:	D:
2780	3850	-	2	1.230551	I:	D:
3844	5211	-	1	1.249130	I:	D:
5223	5606	-	3	1.237610	I:	D:
5613	6119	-	3	1.230625	I:	D:
6331	7743	-	1	1.245513	I:	D:
>Y7.M032_114
370	687	-	1	1.250503	I:	D:
907	3291	-	1	1.212916	I:	D:
3303	3668	-	3	1.275216	I:	D:
3888	4184	-	3	1.221757	I:	D:
4320	5258	-	3	1.205839	I:	D:
5407	6273	-	1	1.255955	I:	D:
6536	7126	-	2	1.255891	I:	D:
7482	7769	-	3	1.240908	I:	D:
>Y7.M032_115
307	441	+	1	1.224272	I:	D:
853	1359	+	1	1.204326	I:	D:
1419	1655	-	3	1.218813	I:	D:
1669	2676	+	1	1.241542	I:	D:
2758	3063	+	1	1.280559	I:	D:
3477	4829	-	3	1.221857	I:	D:
5071	5403	-	1	1.243985	I:	D:
5858	6541	+	2	1.184681	I:	D:
6753	7550	+	3	1.204904	I:	D:
>Y7.M032_116
606	2432	+	3	1.249556	I:	D:
3308	4243	+	2	1.253373	I:	D:
4266	5255	+	3	1.241399	I:	D:
5357	7216	-	2	1.209389	I:	D:
7321	7584	+	1	1.193390	I:	D:
>Y7.M032_117
7	1344	-	1	1.259916	I:	D:
1553	2572	-	2	1.193665	I:	D:
2734	4266	-	1	1.255650	I:	D:
4270	5733	-	1	1.246093	I:	D:
6087	6500	-	3	1.221060	I:	D:
6518	7264	-	2	1.244809	I:	D:
7297	7479	-	1	1.240020	I:	D:
>Y7.M032_118
2	256	+	2	1.318555	I:	D:
296	1543	-	2	1.221706	I:	D:
1663	2274	+	1	1.202172	I:	D:
2420	4915	+	2	1.222825	I:	D:
4991	5182	-	2	1.199708	I:	D:
5292	5612	+	3	1.200959	I:	D:
5636	5803	+	2	1.147650	I:	D:
6126	7181	-	3	1.212445	I:	D:
>Y7.M032_119
25	618	-	1	1.247979	I:	D:
1161	1580	-	3	1.230446	I:	D:
1598	2527	-	2	1.212659	I:	D:
2680	2850	+	1	1.404350	I:	D:
2882	3364	-	2	1.238624	I:	D:
3650	4675	-	2	1.239281	I:	D:
4666	4956	-	1	1.240523	I:	D:
5417	7294	-	2	1.199601	I:	D:
>Y7.M032_120
3	329	+	3	1.188409	I:	D:
472	1140	+	1	1.269358	I:	D:
1622	2503	+	2	1.213963	I:	D:
2626	3759	-	1	1.180930	I:	D:
3916	5538	+	1	1.211462	I:	D:
5710	6858	+	1	1.211385	I:	D:
>Y7.M032_121
1	126	-	1	1.240291	I:	D:
485	1468	-	2	1.201023	I:	D:
1516	1767	-	1	1.248777	I:	D:
2017	2421	-	1	1.259762	I:	D:
2445	2780	-	3	1.215088	I:	D:
3120	3461	-	3	1.214526	I:	D:
3400	3597	-	1	1.196125	I:	D:
3689	4537	-	2	1.218987	I:	D:
4744	6120	-	1	1.207852	I:	D:
6265	6696	-	1	1.175694	I:	D:
6932	7087	-	2	1.183404	I:	D:
>Y7.M032_122
29	1303	-	2	1.232823	I:	D:
1604	4240	-	2	1.227641	I:	D:
4359	4703	-	3	1.197271	I:	D:
4933	5637	-	1	1.192354	I:	D:
5655	6599	-	3	1.230958	I:	D:
6936	7136	+	3	1.174080	I:	D:
>Y7.M032_123
102	1076	+	3	1.259414	I:	D:
1118	2176	-	2	1.164891	I:	D:
2476	3480	+	1	1.221437	I:	D:
3493	4380	+	1	1.218221	I:	D:
4383	5159	+	3	1.226414	I:	D:
5220	5951	+	3	1.197422	I:	D:
5954	7141	+	2	1.198117	I:	D:
>Y7.M032_124
3	386	+	3	1.191635	I:	D:
400	1683	+	1	1.198800	I:	D:
2295	3059	+	3	1.183734	I:	D:
3712	4398	+	1	1.243823	I:	D:
4446	5327	+	3	1.264526	I:	D:
5352	5993	+	3	1.244065	I:	D:
5993	6424	+	2	1.190832	I:	D:
>Y7.M032_125
3	4985	-	3	1.209875	I:	D:
5496	6323	+	3	1.221307	I:	D:
>Y7.M032_126
3	1361	-	3	1.231466	I:	D:
1580	2248	-	2	1.169400	I:	D:
2314	4476	-	1	1.238802	I:	D:
4850	5677	-	2	1.255388	I:	D:
5842	6264	-	1	1.219033	I:	D:
>Y7.M032_127
119	1243	+	2	1.225453	I:	D:
1449	1973	+	3	1.148616	I:	D:
2186	2758	+	2	1.220776	I:	D:
2936	3358	-	2	1.235696	I:	D:
3969	4823	+	3	1.221399	I:	D:
4835	5635	+	2	1.216060	I:	D:
5646	5999	+	3	1.173060	I:	D:
>Y7.M032_128
3	1094	-	3	1.238699	I:	D:
1294	2127	-	1	1.248040	I:	D:
2184	2399	-	3	1.194821	I:	D:
2649	3053	+	3	1.215350	I:	D:
3138	3656	+	3	1.177019	I:	D:
3868	4335	-	1	1.191751	I:	D:
4462	4836	-	1	1.214513	I:	D:
4985	5380	+	2	1.181659	I:	D:
5794	6126	+	1	1.191409	I:	D:
>Y7.M032_129
1	453	+	1	1.235049	I:	D:
592	900	+	1	1.158498	I:	D:
918	1283	+	3	1.212321	I:	D:
1283	1567	+	2	1.220063	I:	D:
1667	2635	+	2	1.180230	I:	D:
2836	5286	+	1	1.240739	I:	D:
5386	5748	+	1	1.233678	I:	D:
5820	6044	+	3	1.229964	I:	D:
>Y7.M032_130
2	913	+	2	1.258361	I:	D:
1192	1701	+	1	1.192630	I:	D:
1937	3310	+	2	1.250915	I:	D:
3317	3817	+	2	1.231655	I:	D:
3875	5536	+	2	1.223770	I:	D:
5619	5831	+	3	1.179141	I:	D:
>Y7.M032_131
447	1463	+	3	1.216844	I:	D:
1492	2496	+	1	1.254900	I:	D:
2493	3524	+	3	1.264120	I:	D:
3524	4330	+	2	1.223199	I:	D:
4421	5791	+	2	1.280116	I:	D:
>Y7.M032_132
3	674	-	3	1.247337	I:	D:
813	1568	-	3	1.235100	I:	D:
1776	3053	+	3	1.245363	I:	D:
3059	3415	+	2	1.219733	I:	D:
3756	4124	+	3	1.258296	I:	D:
4124	4501	+	2	1.257349	I:	D:
4706	5350	-	2	1.186729	I:	D:
>Y7.M032_133
404	2446	+	2	1.197394	I:	D:
2740	4152	+	1	1.272018	I:	D:
4174	5316	+	1	1.215961	I:	D:
>Y7.M032_134
210	923	+	3	1.265097	I:	D:
990	1898	+	3	1.223392	I:	D:
1974	2675	+	3	1.236099	I:	D:
2896	3453	+	1	1.234551	I:	D:
3456	3659	+	3	1.219434	I:	D:
3695	4438	+	2	1.267667	I:	D:
4455	5234	+	3	1.247723	I:	D:
>Y7.M032_135
912	2174	+	3	1.258377	I:	D:
2143	4116	+	1	1.235362	I:	D:
4308	4586	+	3	1.304808	I:	D:
5046	5417	+	3	1.188511	I:	D:
>Y7.M032_136
641	2068	+	2	1.231148	I:	D:
2216	2590	+	2	1.152381	I:	D:
3017	3976	+	2	1.231257	I:	D:
4099	4845	-	1	1.251216	I:	D:
5009	5269	+	2	1.211339	I:	D:
>Y7.M032_137
113	526	-	2	1.187360	I:	D:
527	796	-	2	1.197442	I:	D:
825	1145	-	3	1.190455	I:	D:
1157	1579	-	2	1.197688	I:	D:
1616	2272	-	2	1.246780	I:	D:
2781	3512	-	3	1.254909	I:	D:
3827	4990	-	2	1.165366	I:	D:
>Y7.M032_138
578	832	-	2	1.131107	I:	D:
942	2216	-	3	1.241512	I:	D:
2221	4863	-	1	1.236041	I:	D:
>Y7.M032_139
187	504	-	1	1.215568	I:	D:
491	1531	-	2	1.203461	I:	D:
1816	2310	+	1	1.203703	I:	D:
2559	3044	-	3	1.200746	I:	D:
3351	3884	-	3	1.233155	I:	D:
3934	4251	-	1	1.201890	I:	D:
4296	5168	-	3	1.235342	I:	D:
>Y7.M032_140
177	1505	-	3	1.220979	I:	D:
2028	2939	+	3	1.246131	I:	D:
2941	4245	+	1	1.215337	I:	D:
4409	5062	+	2	1.213808	I:	D:
>Y7.M032_141
1	861	+	1	1.216791	I:	D:
863	1699	+	2	1.261560	I:	D:
1867	2478	+	1	1.267829	I:	D:
2478	3530	+	3	1.205873	I:	D:
3662	4642	+	2	1.199244	I:	D:
>Y7.M032_142
850	1314	+	1	1.195096	I:	D:
>Y7.M032_143
1	126	-	1	1.322807	I:	D:
167	988	-	2	1.243841	I:	D:
1184	2065	+	2	1.219822	I:	D:
2247	2513	-	3	1.286548	I:	D:
2805	4727	-	3	1.232482	I:	D:
>Y7.M032_144
1	717	+	1	1.205796	I:	D:
923	4174	+	2	1.231867	I:	D:
>Y7.M032_145
75	683	-	3	1.240493	I:	D:
700	1602	-	1	1.248780	I:	D:
1595	2287	-	2	1.265173	I:	D:
2332	3291	-	1	1.224614	I:	D:
>Y7.M032_146
42	200	-	3	1.228720	I:	D:
855	1508	-	3	1.228544	I:	D:
1630	2001	+	1	1.268679	I:	D:
2028	2261	+	3	1.173360	I:	D:
2344	2499	+	1	1.183424	I:	D:
2616	2807	-	3	1.262785	I:	D:
>Y7.M032_147
2	712	+	2	1.236514	I:	D:
789	2417	+	3	1.224086	I:	D:
>Y7.M032_148
2	1003	+	2	1.228199	I:	D:
1020	2369	+	3	1.253540	I:	D:
>Y7.M032_149
166	1170	-	1	1.218957	I:	D:
1286	2197	-	2	1.237715	I:	D:
>Y7.M032_150
193	1233	-	1	1.203985	I:	D:
1531	1857	+	1	1.209299	I:	D:
>Y7.M032_151
50	463	+	2	1.219663	I:	D:
471	1058	+	3	1.287283	I:	D:
1164	1640	+	3	1.327539	I:	D:
1641	1811	+	3	1.206609	I:	D:
2183	2368	+	2	1.277543	I:	D:
2453	2629	+	2	1.227282	I:	D:
2823	3113	+	3	1.207176	I:	D:
3521	4768	+	2	1.241845	I:	D:
5995	6153	+	1	1.249459	I:	D:
6436	8586	+	1	1.193501	I:	D:
8589	9206	+	3	1.191347	I:	D:
9443	10054	+	2	1.279556	I:	D:
10169	10354	+	2	1.289338	I:	D:
>Y7.M032_152
75	575	-	3	1.163271	I:	D:
801	2522	+	3	1.226558	I:	D:
2915	3769	+	2	1.210481	I:	D:
3872	5668	+	2	1.263449	I:	D:
5933	6730	+	2	1.179286	I:	D:
>Y7.M032_153
1	1656	+	1	1.228691	I:	D:
1634	2146	+	2	1.180158	I:	D:
>Y7.M032_154
92	907	-	2	1.240188	I:	D:
900	1772	-	3	1.220635	I:	D:
1932	3257	-	3	1.244402	I:	D:
3266	3688	-	2	1.246861	I:	D:
3690	4172	-	3	1.230048	I:	D:
4178	5410	-	2	1.224526	I:	D:
5423	6181	-	2	1.230781	I:	D:
6187	7137	-	1	1.221264	I:	D:
7130	8071	-	2	1.251896	I:	D:
8087	8317	-	2	1.208059	I:	D:
8427	9404	-	3	1.233964	I:	D:
9476	9613	-	2	1.262498	I:	D:
9844	10149	+	1	1.221716	I:	D:
>Y7.M032_155
3	911	-	3	1.238159	I:	D:
927	2468	-	3	1.224051	I:	D:
2517	3107	-	3	1.199040	I:	D:
3091	4314	-	1	1.227934	I:	D:
4404	7166	-	3	1.219336	I:	D:
7401	7622	-	3	1.268620	I:	D:
>Y7.M032_156
544	1767	-	1	1.219841	I:	D:
1974	4250	+	3	1.249924	I:	D:
4449	4634	+	3	1.253827	I:	D:
4749	5117	+	3	1.161488	I:	D:
>Y7.M032_157
161	1078	+	2	1.218734	I:	D:
1081	2445	+	1	1.246389	I:	D:
2573	3505	+	2	1.250668	I:	D:
3512	4129	+	2	1.167986	I:	D:
4152	4607	+	3	1.194087	I:	D:
4788	4949	+	3	1.166645	I:	D:
4962	5222	+	3	1.171749	I:	D:
5254	5568	+	1	1.144003	I:	D:
5593	6156	+	1	1.192060	I:	D:
6173	6976	+	2	1.200806	I:	D:
7009	7581	+	1	1.188210	I:	D:
7598	8128	+	2	1.220606	I:	D:
8143	9726	+	1	1.209030	I:	D:
9830	10258	+	2	1.176055	I:	D:
10275	12515	+	3	1.223733	I:	D:
12533	14473	+	2	1.224314	I:	D:
14560	14886	+	1	1.283798	I:	D:
15078	15290	+	3	1.162180	I:	D:
15362	16630	+	2	1.198334	I:	D:
16650	17756	+	3	1.224917	I:	D:
17767	18783	+	1	1.195003	I:	D:
18818	20584	+	2	1.223473	I:	D:
20631	21587	+	3	1.170524	I:	D:
21647	24808	+	2	1.223139	I:	D:
24827	26992	+	2	1.211375	I:	D:
27086	28162	+	2	1.232879	I:	D:
>Y7.M032_158
1	168	-	1	1.247592	I:	D:
435	2177	-	3	1.216183	I:	D:
2312	4342	-	2	1.223221	I:	D:
4344	5090	-	3	1.248484	I:	D:
5104	6483	-	1	1.192429	I:	D:
6508	6855	-	1	1.268859	I:	D:
6923	8143	-	2	1.196988	I:	D:
8260	8976	-	1	1.203834	I:	D:
9035	10324	-	2	1.260465	I:	D:
>Y7.M032_159
218	538	+	2	1.179559	I:	D:
573	1976	-	3	1.223253	I:	D:
1966	2640	-	1	1.234740	I:	D:
2765	4069	+	2	1.258702	I:	D:
4406	4702	-	2	1.213935	I:	D:
5434	6090	-	1	1.259113	I:	D:
>Y7.M032_160
317	1150	-	2	1.203699	I:	D:
1316	2686	+	2	1.237117	I:	D:
2707	3468	+	1	1.239538	I:	D:
3487	5409	+	1	1.239184	I:	D:
>Y7.M032_161
433	726	+	1	1.174486	I:	D:
719	1108	+	2	1.218545	I:	D:
1388	2206	+	2	1.253416	I:	D:
