>YB3_260
1	249	-	1	1.368976	I:	D:
305	712	+	2	1.321243	I:	D:
757	2016	+	1	1.310147	I:	D:
2098	3183	+	1	1.303233	I:	D:
3299	4225	+	2	1.337889	I:	D:
4487	5644	+	2	1.285243	I:	D:
5650	6405	+	1	1.319247	I:	D:
6422	7606	+	2	1.310771	I:	D:
7758	8438	+	3	1.331214	I:	D:
8435	11284	+	2	1.323948	I:	D:
11462	12697	-	2	1.329836	I:	D:
12708	13526	-	3	1.328985	I:	D:
13905	14276	+	3	1.320875	I:	D:
14294	15214	+	2	1.301522	I:	D:
15201	17360	+	3	1.313391	I:	D:
17686	18555	+	1	1.309096	I:	D:
18586	19824	+	1	1.325588	I:	D:
19867	20730	+	1	1.329882	I:	D:
20734	21555	-	1	1.348338	I:	D:
21793	23124	+	1	1.306741	I:	D:
23152	23706	+	1	1.364646	I:	D:
23753	24706	+	2	1.315204	I:	D:
24737	25354	+	2	1.288552	I:	D:
25439	26275	+	2	1.297711	I:	D:
26440	26766	-	1	1.322936	I:	D:
26803	27597	-	1	1.328176	I:	D:
27922	28617	+	1	1.344600	I:	D:
28811	29758	+	2	1.294239	I:	D:
29815	30282	+	1	1.293429	I:	D:
30308	31330	+	2	1.288555	I:	D:
31332	31805	+	3	1.296008	I:	D:
31848	33152	+	3	1.315716	I:	D:
33359	36895	+	2	1.325080	I:	D:
37119	38093	+	3	1.298777	I:	D:
38324	38896	+	2	1.273442	I:	D:
39090	39491	+	3	1.299285	I:	D:
39618	40412	+	3	1.305718	I:	D:
40650	41657	+	3	1.320358	I:	D:
41907	42929	+	3	1.307722	I:	D:
42964	43260	+	1	1.308201	I:	D:
43282	44397	+	1	1.321618	I:	D:
44384	44722	+	2	1.324855	I:	D:
44746	45708	+	1	1.344700	I:	D:
45798	46274	+	3	1.250156	I:	D:
46298	48259	+	2	1.318420	I:	D:
>YB3_3666
490	627	-	1	1.196405	I:	D:
786	1118	+	3	1.313831	I:	D:
1305	2471	+	3	1.307217	I:	D:
2474	3091	+	2	1.304527	I:	D:
3066	3548	+	3	1.301426	I:	D:
4809	5771	+	3	1.279948	I:	D:
5777	6175	+	2	1.285599	I:	D:
6351	6551	+	3	1.266888	I:	D:
6712	7563	+	1	1.290200	I:	D:
7601	7939	+	2	1.357902	I:	D:
7940	8590	+	2	1.336436	I:	D:
8920	9048	+	1	1.317315	I:	D:
9172	9522	+	1	1.259070	I:	D:
9605	10300	+	2	1.261538	I:	D:
10331	10480	+	2	1.217223	I:	D:
10565	11425	+	2	1.248190	I:	D:
11796	11930	+	3	1.187359	I:	D:
11963	12634	+	2	1.322925	I:	D:
12631	13647	+	1	1.339192	I:	D:
13837	14604	+	1	1.364407	I:	D:
14597	16627	+	2	1.310509	I:	D:
17119	18522	+	1	1.314747	I:	D:
18828	19268	+	3	1.270554	I:	D:
19271	19951	+	2	1.292843	I:	D:
20063	20611	+	2	1.283920	I:	D:
20774	21856	-	2	1.291865	I:	D:
21878	22111	+	2	1.273246	I:	D:
22443	23909	+	3	1.339973	I:	D:
23950	24411	+	1	1.329607	I:	D:
24586	25332	+	1	1.321440	I:	D:
25334	26230	+	2	1.322101	I:	D:
26393	27340	+	2	1.349747	I:	D:
27330	28199	+	3	1.342140	I:	D:
28177	29055	+	1	1.313432	I:	D:
29084	29761	+	2	1.344269	I:	D:
29796	31469	+	3	1.300699	I:	D:
31515	32270	+	3	1.293024	I:	D:
32467	33324	+	1	1.298952	I:	D:
33547	34347	+	1	1.299815	I:	D:
34244	35131	+	2	1.311795	I:	D:
35244	35915	+	3	1.322721	I:	D:
35960	36163	+	2	1.271463	I:	D:
>YB3_5768
1	699	-	1	1.285141	I:	D:
729	1481	-	3	1.297241	I:	D:
1506	2885	-	3	1.277969	I:	D:
3041	3898	+	2	1.290802	I:	D:
4002	5297	-	3	1.306034	I:	D:
5513	6820	+	2	1.284312	I:	D:
7011	7634	+	3	1.298348	I:	D:
7733	8731	+	2	1.304599	I:	D:
8776	9189	+	1	1.262231	I:	D:
9273	11798	+	3	1.335369	I:	D:
11801	13180	+	2	1.337324	I:	D:
13110	14621	+	3	1.308946	I:	D:
14770	15204	+	1	1.336789	I:	D:
15208	16152	+	1	1.301831	I:	D:
16246	16569	+	1	1.314937	I:	D:
16824	18104	+	3	1.293104	I:	D:
18139	19539	+	1	1.280935	I:	D:
19566	19913	+	3	1.273002	I:	D:
19916	21037	+	2	1.303452	I:	D:
21053	21454	+	2	1.262790	I:	D:
21821	22006	+	2	1.321443	I:	D:
22226	22585	+	2	1.273841	I:	D:
22642	24342	+	1	1.286215	I:	D:
24415	26469	+	1	1.326889	I:	D:
26482	26712	+	1	1.330132	I:	D:
26792	28150	+	2	1.341912	I:	D:
28347	29843	+	3	1.289346	I:	D:
29931	30455	+	3	1.277519	I:	D:
30463	31278	+	1	1.331905	I:	D:
31302	32987	+	3	1.330383	I:	D:
33058	33207	+	1	1.230477	I:	D:
33209	35848	+	2	1.298955	I:	D:
36034	36210	+	1	1.338246	I:	D:
36310	36570	+	1	1.331714	I:	D:
36598	37794	+	1	1.313639	I:	D:
37827	38897	+	3	1.329839	I:	D:
38887	39396	+	1	1.280137	I:	D:
39520	39906	+	1	1.326987	I:	D:
39991	40434	+	1	1.363215	I:	D:
40456	41721	+	1	1.309582	I:	D:
41718	43394	+	3	1.328731	I:	D:
43479	44327	+	3	1.311091	I:	D:
44340	45500	+	3	1.304505	I:	D:
45530	45772	+	2	1.253843	I:	D:
45753	46346	+	3	1.303421	I:	D:
46447	47694	+	1	1.306696	I:	D:
47707	49389	+	1	1.302137	I:	D:
49400	50857	+	2	1.328340	I:	D:
50888	53557	+	2	1.321429	I:	D:
53576	55552	+	2	1.308405	I:	D:
55567	56547	+	1	1.293372	I:	D:
56577	57854	+	3	1.306677	I:	D:
57988	58260	+	1	1.345466	I:	D:
58283	58984	+	2	1.343277	I:	D:
59013	60032	+	3	1.261436	I:	D:
60044	60886	+	2	1.296833	I:	D:
60904	61437	+	1	1.295713	I:	D:
61421	64255	+	2	1.315678	I:	D:
64289	65080	+	2	1.310204	I:	D:
65219	66031	+	2	1.306618	I:	D:
66073	66360	+	1	1.259380	I:	D:
66401	67561	+	2	1.327901	I:	D:
67650	68045	+	3	1.310693	I:	D:
68112	69515	+	3	1.295130	I:	D:
69534	70250	+	3	1.267756	I:	D:
70340	70876	+	2	1.280944	I:	D:
70955	72052	+	2	1.277391	I:	D:
72209	72769	+	2	1.313218	I:	D:
72791	73795	+	2	1.314073	I:	D:
73910	74440	+	2	1.313517	I:	D:
74574	75209	+	3	1.285763	I:	D:
75215	75913	+	2	1.286525	I:	D:
76068	77591	+	3	1.280914	I:	D:
77768	79021	-	2	1.307178	I:	D:
79087	79572	-	1	1.270204	I:	D:
79759	80379	+	1	1.319094	I:	D:
80529	80885	-	3	1.274967	I:	D:
80931	81524	-	3	1.281240	I:	D:
81653	82270	-	2	1.341996	I:	D:
82328	82633	-	2	1.308800	I:	D:
82751	84061	-	2	1.304040	I:	D:
84273	84563	-	3	1.285126	I:	D:
84568	84897	-	1	1.307992	I:	D:
84927	85235	-	3	1.288592	I:	D:
85376	85957	-	2	1.298726	I:	D:
85962	87194	-	3	1.287362	I:	D:
87215	88303	-	2	1.300389	I:	D:
88336	88980	-	1	1.315817	I:	D:
89026	90327	-	1	1.283495	I:	D:
90379	91023	-	1	1.303944	I:	D:
91072	92262	-	1	1.305870	I:	D:
92375	93640	-	2	1.276386	I:	D:
93643	94179	-	1	1.297168	I:	D:
94137	95291	-	3	1.326517	I:	D:
95307	95882	-	3	1.304110	I:	D:
95879	97849	-	2	1.338643	I:	D:
97936	98661	-	1	1.276973	I:	D:
98677	100050	-	1	1.301882	I:	D:
100074	100874	-	3	1.333446	I:	D:
100961	101845	-	2	1.323767	I:	D:
101892	103091	+	3	1.322632	I:	D:
103217	103861	-	2	1.287926	I:	D:
103858	104376	-	1	1.300469	I:	D:
104377	104940	-	1	1.267929	I:	D:
104968	105978	-	1	1.313700	I:	D:
106000	106659	-	1	1.294727	I:	D:
106659	107984	-	3	1.298046	I:	D:
108127	108969	+	1	1.295455	I:	D:
109145	110128	-	2	1.295423	I:	D:
110125	110562	-	1	1.330050	I:	D:
110555	110839	-	2	1.274529	I:	D:
110952	112511	-	3	1.279445	I:	D:
112532	113218	-	2	1.286470	I:	D:
113247	114131	-	3	1.309196	I:	D:
114230	114790	-	2	1.276316	I:	D:
114932	115279	-	2	1.287412	I:	D:
115416	116063	-	3	1.322740	I:	D:
116205	116720	-	3	1.305870	I:	D:
116745	119123	-	3	1.283073	I:	D:
119120	120229	-	2	1.294734	I:	D:
120447	120677	-	3	1.276263	I:	D:
120699	120944	-	3	1.294049	I:	D:
120980	122335	-	2	1.287291	I:	D:
122356	122700	-	1	1.275489	I:	D:
122895	124889	-	3	1.290707	I:	D:
125081	126298	-	2	1.296663	I:	D:
126415	127350	-	1	1.286328	I:	D:
127352	130930	-	2	1.287968	I:	D:
130947	131657	-	3	1.296157	I:	D:
131893	132126	-	1	1.248383	I:	D:
132292	133308	-	1	1.289975	I:	D:
133785	134309	-	3	1.319332	I:	D:
134488	135687	-	1	1.300744	I:	D:
135937	136938	-	1	1.301116	I:	D:
137104	137241	-	1	1.247751	I:	D:
137472	138026	-	3	1.307316	I:	D:
138124	139416	-	1	1.306370	I:	D:
139712	141076	-	2	1.300964	I:	D:
141127	141399	-	1	1.256531	I:	D:
141476	142273	-	2	1.298598	I:	D:
142333	144540	-	1	1.300987	I:	D:
144584	145174	-	2	1.283435	I:	D:
145223	147907	-	2	1.294575	I:	D:
147981	148349	-	3	1.304511	I:	D:
148699	149730	-	1	1.302018	I:	D:
149743	151083	-	1	1.309477	I:	D:
151395	151754	+	3	1.312222	I:	D:
152225	153664	-	2	1.310542	I:	D:
153756	154838	-	3	1.297187	I:	D:
154976	155764	-	2	1.306393	I:	D:
156037	157305	+	1	1.327447	I:	D:
157398	159080	-	3	1.292303	I:	D:
159112	159564	-	1	1.314944	I:	D:
159584	160435	-	2	1.332449	I:	D:
160482	161288	-	3	1.304066	I:	D:
161278	163164	-	1	1.318885	I:	D:
163185	164093	-	3	1.286554	I:	D:
164086	164295	-	1	1.211940	I:	D:
164309	165505	-	2	1.323800	I:	D:
165558	165956	-	3	1.257712	I:	D:
166027	166413	-	1	1.277980	I:	D:
166488	167072	-	3	1.278619	I:	D:
167088	167612	-	3	1.283066	I:	D:
167690	168271	-	2	1.314825	I:	D:
168283	169449	-	1	1.332485	I:	D:
169533	169913	-	3	1.332762	I:	D:
169926	170120	-	3	1.313965	I:	D:
170150	170671	-	2	1.337011	I:	D:
170641	171537	-	1	1.357318	I:	D:
171710	174418	-	2	1.308229	I:	D:
174446	175147	-	2	1.316304	I:	D:
175267	176586	+	1	1.328484	I:	D:
176711	177580	+	2	1.333887	I:	D:
177725	179035	-	2	1.300311	I:	D:
179035	180081	-	1	1.324931	I:	D:
180097	180249	-	1	1.218689	I:	D:
180322	181119	-	1	1.303362	I:	D:
181342	182184	-	1	1.314167	I:	D:
182274	183590	-	3	1.295960	I:	D:
183800	184831	+	2	1.316843	I:	D:
185025	185294	+	3	1.348045	I:	D:
185501	186034	-	2	1.278677	I:	D:
186053	186850	-	2	1.296014	I:	D:
186918	188201	-	3	1.287319	I:	D:
188638	190191	-	1	1.281062	I:	D:
190320	190823	-	3	1.304270	I:	D:
190975	192060	-	1	1.293999	I:	D:
192506	192976	-	2	1.342093	I:	D:
193193	193753	-	2	1.284408	I:	D:
193812	195140	-	3	1.297007	I:	D:
195339	196295	-	3	1.309223	I:	D:
196333	198660	-	1	1.321948	I:	D:
198641	199711	-	2	1.322807	I:	D:
199711	200661	-	1	1.328657	I:	D:
200746	202239	-	1	1.341349	I:	D:
202241	202666	-	2	1.247995	I:	D:
202656	203882	-	3	1.303144	I:	D:
203894	204973	-	2	1.290999	I:	D:
204997	206403	-	1	1.319340	I:	D:
206451	207200	-	3	1.284924	I:	D:
207281	207724	-	2	1.330601	I:	D:
207787	209142	-	1	1.350408	I:	D:
209903	210037	-	2	1.306961	I:	D:
210479	210733	-	2	1.381042	I:	D:
210806	212416	-	2	1.311977	I:	D:
212552	213178	-	2	1.251714	I:	D:
213263	214582	-	2	1.198048	I:	D:
214579	215232	-	1	1.251124	I:	D:
215279	215434	+	2	1.208824	I:	D:
>YB3_5973
539	1732	-	2	1.300110	I:	D:
1733	2560	-	2	1.301943	I:	D:
2553	3950	-	3	1.297372	I:	D:
3989	4234	+	2	1.246638	I:	D:
4319	5497	-	2	1.307129	I:	D:
5529	6686	-	3	1.309982	I:	D:
6689	7426	-	2	1.281441	I:	D:
7454	8446	-	2	1.278097	I:	D:
8480	9931	-	2	1.289590	I:	D:
9968	10573	-	2	1.289344	I:	D:
10680	11456	-	3	1.291240	I:	D:
11728	12594	+	1	1.347613	I:	D:
12810	15110	-	3	1.314578	I:	D:
15743	16804	-	2	1.274129	I:	D:
16906	17547	+	1	1.297744	I:	D:
17699	18277	-	2	1.315162	I:	D:
18368	18793	-	2	1.320083	I:	D:
18955	19920	+	1	1.319918	I:	D:
19969	20706	-	1	1.312614	I:	D:
20770	22512	-	1	1.307872	I:	D:
22539	23213	-	3	1.286536	I:	D:
23385	23963	-	3	1.330036	I:	D:
23975	24454	-	2	1.311889	I:	D:
24746	24997	-	2	1.329461	I:	D:
25060	25440	-	1	1.299583	I:	D:
25671	25829	-	3	1.288954	I:	D:
26300	26776	-	2	1.314363	I:	D:
26812	28959	-	1	1.305899	I:	D:
29066	29323	-	2	1.253558	I:	D:
29443	30984	-	1	1.289016	I:	D:
31156	31953	-	1	1.303921	I:	D:
32222	33415	-	2	1.280025	I:	D:
33608	34708	-	2	1.303513	I:	D:
34836	36533	-	3	1.311054	I:	D:
36826	37662	+	1	1.311144	I:	D:
37899	39032	-	3	1.326474	I:	D:
39165	40721	+	3	1.371348	I:	D:
41042	41338	-	2	1.265787	I:	D:
41343	41591	-	3	1.309522	I:	D:
41987	42169	-	2	1.206039	I:	D:
42208	43167	-	1	1.333468	I:	D:
43205	45172	-	2	1.291229	I:	D:
45273	45971	-	3	1.342833	I:	D:
46326	47243	-	3	1.308785	I:	D:
47621	49066	-	2	1.285840	I:	D:
49162	50460	-	1	1.325609	I:	D:
50634	51623	-	3	1.312036	I:	D:
51925	52197	+	1	1.312772	I:	D:
52277	53251	-	2	1.301497	I:	D:
53279	55684	-	2	1.329852	I:	D:
55716	56639	-	3	1.336909	I:	D:
56629	58143	-	1	1.314559	I:	D:
58136	58825	-	2	1.301121	I:	D:
58846	59625	-	1	1.300587	I:	D:
59843	62581	+	2	1.327785	I:	D:
62642	64027	+	2	1.301926	I:	D:
64296	64523	-	3	1.256086	I:	D:
64576	64707	-	1	1.259683	I:	D:
65041	65919	+	1	1.297761	I:	D:
65952	66512	+	3	1.315689	I:	D:
66636	68948	-	3	1.304302	I:	D:
69189	71165	-	3	1.324578	I:	D:
71190	72185	-	3	1.255811	I:	D:
72202	72570	-	1	1.304479	I:	D:
72692	72985	-	2	1.273028	I:	D:
72990	73766	-	3	1.302557	I:	D:
73754	74338	-	2	1.292873	I:	D:
74696	76357	-	2	1.301205	I:	D:
76890	78212	-	3	1.315888	I:	D:
78245	79354	-	2	1.338866	I:	D:
79351	80286	-	1	1.296140	I:	D:
80427	80891	-	3	1.304135	I:	D:
81485	83200	-	2	1.295692	I:	D:
83417	83917	-	2	1.313333	I:	D:
83964	84383	-	3	1.302587	I:	D:
84399	84623	-	3	1.333941	I:	D:
84889	86925	-	1	1.316708	I:	D:
87158	88168	-	2	1.304854	I:	D:
88183	88887	-	1	1.282147	I:	D:
89022	91088	-	3	1.282383	I:	D:
91175	91843	-	2	1.301987	I:	D:
91855	93855	-	1	1.327892	I:	D:
93938	94633	-	2	1.295290	I:	D:
94745	95833	-	2	1.301685	I:	D:
95986	96576	-	1	1.328500	I:	D:
96596	98530	-	2	1.317507	I:	D:
98551	100326	-	1	1.301373	I:	D:
100615	100815	+	1	1.322354	I:	D:
100946	103543	-	2	1.301819	I:	D:
103765	104442	-	1	1.320741	I:	D:
104408	104995	-	2	1.318632	I:	D:
104997	105740	-	3	1.298310	I:	D:
105863	106285	-	2	1.333762	I:	D:
106528	107295	-	1	1.291152	I:	D:
107464	108552	-	1	1.306486	I:	D:
108686	110131	-	2	1.318013	I:	D:
110350	114735	-	1	1.326285	I:	D:
114779	115513	-	2	1.278743	I:	D:
115609	117198	-	1	1.295259	I:	D:
117220	117786	-	1	1.308543	I:	D:
117950	119116	-	2	1.289172	I:	D:
119169	121121	-	3	1.312720	I:	D:
121255	121530	-	1	1.269916	I:	D:
121684	122412	-	1	1.293094	I:	D:
122457	122810	-	3	1.295949	I:	D:
122921	125572	-	2	1.308860	I:	D:
125723	126169	-	2	1.334495	I:	D:
126298	129045	-	1	1.320952	I:	D:
129116	129787	-	2	1.287988	I:	D:
130145	130696	-	2	1.332011	I:	D:
130810	131418	-	1	1.272663	I:	D:
131422	131685	-	1	1.275295	I:	D:
131756	132067	-	2	1.298211	I:	D:
132070	132843	-	1	1.304942	I:	D:
132864	134051	-	3	1.316602	I:	D:
134137	134784	-	1	1.283266	I:	D:
134799	135617	-	3	1.291464	I:	D:
135646	136215	-	1	1.332338	I:	D:
136212	137627	-	3	1.311320	I:	D:
138310	139002	-	1	1.282646	I:	D:
139032	139271	+	3	1.395074	I:	D:
139382	140074	-	2	1.306044	I:	D:
140109	141017	-	3	1.312801	I:	D:
141050	142951	-	2	1.336464	I:	D:
142985	143929	-	2	1.329041	I:	D:
143987	144676	-	2	1.294006	I:	D:
144809	146116	-	2	1.316989	I:	D:
146235	147779	-	3	1.320722	I:	D:
147922	148935	-	1	1.314352	I:	D:
148994	149419	-	2	1.274881	I:	D:
149419	150171	-	1	1.335700	I:	D:
150168	150968	-	3	1.296378	I:	D:
151081	152310	-	1	1.273461	I:	D:
152387	154822	-	2	1.295928	I:	D:
155076	155237	-	3	1.373755	I:	D:
155584	157335	-	1	1.283758	I:	D:
157393	158436	-	1	1.288630	I:	D:
158503	159588	-	1	1.282945	I:	D:
159585	160601	-	3	1.272240	I:	D:
160673	161785	-	2	1.296185	I:	D:
161864	163318	-	2	1.298262	I:	D:
163321	164568	-	1	1.267378	I:	D:
164589	165671	-	3	1.239880	I:	D:
165717	166820	-	3	1.267340	I:	D:
166919	167698	-	2	1.288707	I:	D:
167714	169141	-	2	1.318161	I:	D:
169261	171099	-	1	1.298045	I:	D:
171308	172717	-	2	1.300706	I:	D:
172911	173075	-	3	1.240121	I:	D:
173104	173346	-	1	1.298302	I:	D:
173359	174231	-	1	1.308934	I:	D:
174457	174645	-	1	1.298160	I:	D:
174777	175253	-	3	1.234758	I:	D:
175407	175772	-	3	1.307060	I:	D:
175777	175917	+	1	1.325444	I:	D:
176159	177088	-	2	1.313037	I:	D:
177120	177863	-	3	1.286052	I:	D:
178485	179273	+	3	1.325847	I:	D:
179270	180088	+	2	1.333856	I:	D:
180232	180735	+	1	1.288113	I:	D:
180941	182935	+	2	1.287718	I:	D:
183011	183715	+	2	1.298423	I:	D:
183850	184161	+	1	1.379770	I:	D:
184252	184809	+	1	1.275302	I:	D:
184987	185430	-	1	1.305310	I:	D:
185433	185942	-	3	1.343707	I:	D:
185935	186807	-	1	1.302495	I:	D:
186917	187438	-	2	1.319007	I:	D:
187506	187955	-	3	1.345269	I:	D:
188304	189080	-	3	1.336912	I:	D:
189220	189903	-	1	1.322217	I:	D:
190084	190338	+	1	1.340614	I:	D:
190417	191466	+	1	1.312360	I:	D:
191574	192659	-	3	1.300716	I:	D:
192822	193742	+	3	1.317071	I:	D:
193759	194187	+	1	1.291659	I:	D:
194395	194709	-	1	1.332166	I:	D:
194930	196333	+	2	1.358600	I:	D:
196360	196917	-	1	1.378722	I:	D:
197084	197878	+	2	1.359027	I:	D:
197880	199052	+	3	1.340915	I:	D:
199080	200156	+	3	1.340340	I:	D:
200144	200644	+	2	1.379760	I:	D:
200887	202320	+	1	1.369024	I:	D:
202430	202633	+	2	1.365017	I:	D:
202741	203739	+	1	1.358540	I:	D:
203726	204598	+	2	1.373279	I:	D:
204615	205691	+	3	1.353325	I:	D:
205760	206677	+	2	1.342711	I:	D:
206720	208066	+	2	1.349030	I:	D:
208076	209131	+	2	1.352550	I:	D:
209134	210387	+	1	1.376221	I:	D:
210583	211458	+	1	1.366349	I:	D:
>YB3_9297
612	1499	-	3	1.351725	I:	D:
1503	2261	-	3	1.337664	I:	D:
2296	3195	-	1	1.302975	I:	D:
3210	3794	-	3	1.295323	I:	D:
3781	4623	-	1	1.333332	I:	D:
4759	6072	-	1	1.335543	I:	D:
6100	6843	-	1	1.331522	I:	D:
6857	7603	-	2	1.336404	I:	D:
7704	8966	-	3	1.318917	I:	D:
9034	10329	-	1	1.328830	I:	D:
10576	11145	+	1	1.337129	I:	D:
11149	12240	-	1	1.297791	I:	D:
12260	14545	-	2	1.308517	I:	D:
14614	15030	-	1	1.287796	I:	D:
15731	15886	-	2	1.337734	I:	D:
15987	17039	-	3	1.312601	I:	D:
17076	18656	-	3	1.310131	I:	D:
18722	19123	-	2	1.355983	I:	D:
19156	19626	-	1	1.306074	I:	D:
19641	20495	-	3	1.350356	I:	D:
20598	22220	-	3	1.314682	I:	D:
22245	22553	+	3	1.327578	I:	D:
22749	23894	-	3	1.306748	I:	D:
23962	24804	-	1	1.319669	I:	D:
24701	25936	-	2	1.313604	I:	D:
25994	27010	-	2	1.316326	I:	D:
27055	27549	-	1	1.323097	I:	D:
27701	27958	+	2	1.289511	I:	D:
28169	29245	+	2	1.315394	I:	D:
29249	29740	-	2	1.339885	I:	D:
29764	30342	-	1	1.385346	I:	D:
30398	31333	-	2	1.323408	I:	D:
31427	32374	-	2	1.296473	I:	D:
32472	33662	-	3	1.319236	I:	D:
33721	34665	-	1	1.351099	I:	D:
34665	35561	-	3	1.316284	I:	D:
35567	36487	-	2	1.312438	I:	D:
36515	37462	-	2	1.321859	I:	D:
37449	38402	-	3	1.317346	I:	D:
38537	40411	-	2	1.336883	I:	D:
40494	41072	-	3	1.305093	I:	D:
41204	42943	-	2	1.327518	I:	D:
42985	44619	-	1	1.331877	I:	D:
44789	45463	-	2	1.297133	I:	D:
45447	46550	-	3	1.310467	I:	D:
46680	47912	-	3	1.284732	I:	D:
47918	48874	-	2	1.282741	I:	D:
48945	49139	-	3	1.274459	I:	D:
49139	50266	-	2	1.256186	I:	D:
50572	51300	-	1	1.299212	I:	D:
51497	51973	-	2	1.320843	I:	D:
52019	52450	-	2	1.315239	I:	D:
52700	53113	-	2	1.335869	I:	D:
53319	54713	-	3	1.302795	I:	D:
54746	55705	-	2	1.293461	I:	D:
55741	57759	-	1	1.282497	I:	D:
57759	58241	-	3	1.264286	I:	D:
58316	58543	-	2	1.273879	I:	D:
58616	59302	-	2	1.323552	I:	D:
59846	60427	+	2	1.351313	I:	D:
60570	61805	+	3	1.335425	I:	D:
62130	63281	-	3	1.317593	I:	D:
63413	63697	-	2	1.305119	I:	D:
63861	68939	-	3	1.270061	I:	D:
69353	69535	+	2	1.220489	I:	D:
69612	70553	-	3	1.331878	I:	D:
71001	72344	-	3	1.331863	I:	D:
72511	73536	-	1	1.313002	I:	D:
73968	74945	-	3	1.320045	I:	D:
75127	78708	-	1	1.331635	I:	D:
78721	79281	-	1	1.326369	I:	D:
79442	80107	-	2	1.327227	I:	D:
80475	81311	+	3	1.339082	I:	D:
81409	82524	-	1	1.330035	I:	D:
82521	83795	-	3	1.298296	I:	D:
84008	85387	+	2	1.313891	I:	D:
85691	86818	+	2	1.335518	I:	D:
86832	87830	+	3	1.335785	I:	D:
88071	89267	+	3	1.322384	I:	D:
89982	90155	-	3	1.227768	I:	D:
90474	90635	+	3	1.282422	I:	D:
90874	92085	-	1	1.291413	I:	D:
92674	94665	-	1	1.295431	I:	D:
94716	97760	-	3	1.291215	I:	D:
97878	102332	-	3	1.300923	I:	D:
102374	103078	-	2	1.297886	I:	D:
103068	104600	-	3	1.311034	I:	D:
104737	105333	-	1	1.339012	I:	D:
105333	105683	-	3	1.281077	I:	D:
105683	107383	-	2	1.337075	I:	D:
107562	107795	-	3	1.437257	I:	D:
108012	109340	-	3	1.309010	I:	D:
109412	110131	-	2	1.323891	I:	D:
110139	110822	-	3	1.331309	I:	D:
110836	111711	-	1	1.311146	I:	D:
111713	112114	-	2	1.299090	I:	D:
112490	113035	+	2	1.341777	I:	D:
113624	114712	-	2	1.334834	I:	D:
114803	115693	-	2	1.334840	I:	D:
115735	116511	-	1	1.336911	I:	D:
116498	119089	-	2	1.344368	I:	D:
119098	119574	-	1	1.306664	I:	D:
119608	120678	-	1	1.331343	I:	D:
120702	122093	-	3	1.346371	I:	D:
122215	122826	-	1	1.344341	I:	D:
122826	124655	-	3	1.316829	I:	D:
124988	127087	-	2	1.316975	I:	D:
127111	129048	+	1	1.342708	I:	D:
129417	129623	-	3	1.351658	I:	D:
129810	130646	-	3	1.322528	I:	D:
130819	131043	-	1	1.311092	I:	D:
131200	132021	-	1	1.332622	I:	D:
132805	134076	+	1	1.335404	I:	D:
134472	135122	-	3	1.322705	I:	D:
135399	136904	+	3	1.329018	I:	D:
137159	137629	-	2	1.308906	I:	D:
137663	139243	-	2	1.302544	I:	D:
139356	142565	-	3	1.303025	I:	D:
142868	144799	-	2	1.332801	I:	D:
145034	145996	+	2	1.352066	I:	D:
146183	147157	-	2	1.328438	I:	D:
147181	148137	-	1	1.294486	I:	D:
148225	149286	-	1	1.307600	I:	D:
149615	150232	-	2	1.277391	I:	D:
150359	150967	-	2	1.257098	I:	D:
151061	152077	-	2	1.291997	I:	D:
152439	152609	-	3	1.315957	I:	D:
152904	154937	+	3	1.308745	I:	D:
155100	155381	+	3	1.339732	I:	D:
155400	155954	-	3	1.261164	I:	D:
156269	157195	-	2	1.342738	I:	D:
157216	158694	-	1	1.283413	I:	D:
158926	160221	-	1	1.279349	I:	D:
160361	160909	-	2	1.265993	I:	D:
161291	162223	-	2	1.258257	I:	D:
162225	163004	-	3	1.275185	I:	D:
163757	164401	-	2	1.259323	I:	D:
164426	165466	-	2	1.260949	I:	D:
165621	166574	+	3	1.319368	I:	D:
167000	167719	-	2	1.293479	I:	D:
167859	169745	-	3	1.328966	I:	D:
169880	171253	-	2	1.289172	I:	D:
171491	172438	-	2	1.288222	I:	D:
172504	173739	-	1	1.295811	I:	D:
173757	174002	-	3	1.317840	I:	D:
174009	174350	-	3	1.322247	I:	D:
174515	174649	-	2	1.349717	I:	D:
175011	176441	+	3	1.307396	I:	D:
176803	177906	+	1	1.256873	I:	D:
177922	178152	+	1	1.281170	I:	D:
178224	179288	+	3	1.307671	I:	D:
179290	181212	+	1	1.317158	I:	D:
181258	183855	+	1	1.305324	I:	D:
183977	184819	+	2	1.310323	I:	D:
184961	185512	+	2	1.291771	I:	D:
>YB3_9433
355	2325	-	1	1.321259	I:	D:
2325	4067	-	3	1.309121	I:	D:
4341	5252	+	3	1.347034	I:	D:
5388	5864	-	3	1.307179	I:	D:
5971	10425	-	1	1.330709	I:	D:
10462	11517	-	1	1.310178	I:	D:
11536	13020	-	1	1.307287	I:	D:
13011	14177	-	3	1.304169	I:	D:
14214	15026	-	3	1.333908	I:	D:
15030	15764	-	3	1.305250	I:	D:
15966	16517	-	3	1.272599	I:	D:
16580	17287	-	2	1.283685	I:	D:
17371	18312	-	1	1.315916	I:	D:
18486	20183	-	3	1.276834	I:	D:
20618	21703	-	2	1.274283	I:	D:
21807	22535	-	3	1.287079	I:	D:
22751	23311	-	2	1.295479	I:	D:
23410	24030	-	1	1.281174	I:	D:
24045	24359	-	3	1.294612	I:	D:
24396	26003	-	3	1.306480	I:	D:
26057	26815	-	2	1.307901	I:	D:
26851	27165	-	1	1.313142	I:	D:
27170	27661	-	2	1.301768	I:	D:
27689	28318	-	2	1.274256	I:	D:
28348	28833	-	1	1.265090	I:	D:
28837	30924	-	1	1.279321	I:	D:
30926	32116	-	2	1.324218	I:	D:
32109	32870	-	3	1.309412	I:	D:
32893	33771	-	1	1.323790	I:	D:
33774	35105	-	3	1.297245	I:	D:
35105	37162	-	2	1.298145	I:	D:
37220	38344	-	2	1.313585	I:	D:
38346	39122	-	3	1.306709	I:	D:
39141	39404	-	3	1.292625	I:	D:
39423	40328	-	3	1.310479	I:	D:
40228	40602	-	1	1.289758	I:	D:
40602	40964	-	3	1.267899	I:	D:
41079	42377	-	3	1.302155	I:	D:
42381	43364	-	3	1.309065	I:	D:
43424	43948	-	2	1.296797	I:	D:
44017	44829	-	1	1.295166	I:	D:
44829	45647	-	3	1.290492	I:	D:
45933	47264	-	3	1.294073	I:	D:
47375	47809	-	2	1.306506	I:	D:
47873	48430	-	2	1.277641	I:	D:
48486	49844	-	3	1.278438	I:	D:
49908	50681	-	3	1.294357	I:	D:
50699	51151	-	2	1.290864	I:	D:
51241	52626	-	1	1.304658	I:	D:
52706	53344	-	2	1.274223	I:	D:
53532	54557	-	3	1.299443	I:	D:
54583	56190	-	1	1.301471	I:	D:
56208	56540	-	3	1.289584	I:	D:
56608	57093	-	1	1.292555	I:	D:
57158	57601	-	2	1.274718	I:	D:
57803	58573	-	2	1.295668	I:	D:
58741	60816	-	1	1.314465	I:	D:
60905	62032	-	2	1.327672	I:	D:
62029	63672	-	1	1.351433	I:	D:
64071	65048	-	3	1.306813	I:	D:
65065	65928	-	1	1.312684	I:	D:
66076	67224	-	1	1.292133	I:	D:
67240	69102	-	1	1.315451	I:	D:
69253	69891	-	1	1.322474	I:	D:
70090	71352	-	1	1.313140	I:	D:
71353	71994	-	1	1.335736	I:	D:
72018	72407	-	3	1.268463	I:	D:
72451	72795	-	1	1.321623	I:	D:
72818	74488	-	2	1.302396	I:	D:
74512	74778	-	1	1.205903	I:	D:
74808	75239	-	3	1.325582	I:	D:
75247	75585	-	1	1.263738	I:	D:
75669	76361	-	3	1.286452	I:	D:
76394	77227	-	2	1.314670	I:	D:
77589	78065	-	3	1.341234	I:	D:
78229	79038	-	1	1.296099	I:	D:
79190	81664	-	2	1.294269	I:	D:
81680	82576	-	2	1.306769	I:	D:
82581	83819	-	3	1.321364	I:	D:
83950	85638	-	1	1.327773	I:	D:
85632	87629	-	3	1.323275	I:	D:
87968	89131	-	2	1.279318	I:	D:
89131	90234	-	1	1.295899	I:	D:
90405	92096	-	3	1.298357	I:	D:
92151	93821	-	3	1.289341	I:	D:
94006	95088	-	1	1.295903	I:	D:
95155	95406	+	1	1.369890	I:	D:
95439	95723	-	3	1.265028	I:	D:
95859	96995	-	3	1.332827	I:	D:
97026	98132	-	3	1.312901	I:	D:
98219	100003	-	2	1.318568	I:	D:
100132	100314	-	1	1.348146	I:	D:
100702	101379	-	1	1.230844	I:	D:
101397	101702	-	3	1.306149	I:	D:
101714	102523	-	2	1.278039	I:	D:
102546	106820	-	3	1.274490	I:	D:
107463	108881	-	3	1.336253	I:	D:
109105	109710	-	1	1.252009	I:	D:
109812	110123	-	3	1.349036	I:	D:
110238	110639	-	3	1.272480	I:	D:
110629	111081	-	1	1.289426	I:	D:
111427	112770	-	1	1.324378	I:	D:
112804	113508	-	1	1.294887	I:	D:
113634	117281	-	3	1.308865	I:	D:
117475	118920	+	1	1.323545	I:	D:
119052	119951	-	3	1.295860	I:	D:
120199	121956	-	1	1.294119	I:	D:
122389	123216	+	1	1.337841	I:	D:
123329	124564	-	2	1.297491	I:	D:
124554	126368	-	3	1.326867	I:	D:
126355	127161	-	1	1.328937	I:	D:
127228	127965	-	1	1.299498	I:	D:
128167	128994	-	1	1.347223	I:	D:
129200	129355	+	2	1.399609	I:	D:
129439	130641	-	1	1.303624	I:	D:
130794	131516	-	3	1.303638	I:	D:
131519	132676	-	2	1.338919	I:	D:
132679	134031	-	1	1.315580	I:	D:
134152	135909	-	1	1.337092	I:	D:
135993	137903	-	3	1.296572	I:	D:
137937	138455	-	3	1.313264	I:	D:
138472	139407	-	1	1.336850	I:	D:
139444	139986	-	1	1.346958	I:	D:
140216	141313	+	2	1.292848	I:	D:
141475	142134	-	1	1.293841	I:	D:
142222	143097	-	1	1.341986	I:	D:
143113	145107	-	1	1.312548	I:	D:
145124	145855	-	2	1.321739	I:	D:
145970	147037	-	2	1.340171	I:	D:
147076	148386	-	1	1.325706	I:	D:
148417	149376	-	1	1.306656	I:	D:
149379	149861	-	3	1.294508	I:	D:
149885	152113	-	2	1.335050	I:	D:
152103	153608	-	3	1.312111	I:	D:
153634	155310	-	1	1.285533	I:	D:
155419	158229	-	1	1.310385	I:	D:
158364	159452	-	3	1.325701	I:	D:
159456	159653	-	3	1.324814	I:	D:
159733	159954	-	1	1.312999	I:	D:
160017	161609	-	3	1.311704	I:	D:
161657	161785	+	2	1.259208	I:	D:
161966	162334	+	2	1.364132	I:	D:
162387	162536	+	3	1.324331	I:	D:
163181	163495	+	2	1.320037	I:	D:
165492	165770	-	3	1.253200	I:	D:
165909	166901	-	3	1.273084	I:	D:
166928	167437	-	2	1.276736	I:	D:
167472	169970	-	3	1.270604	I:	D:
170052	170777	-	3	1.281288	I:	D:
170761	171639	-	1	1.312283	I:	D:
171653	173422	-	2	1.283230	I:	D:
173507	174229	-	2	1.273255	I:	D:
174605	174742	-	2	1.243425	I:	D:
174804	175142	-	3	1.263953	I:	D:
175171	175914	-	1	1.269244	I:	D:
176446	178083	-	1	1.279532	I:	D:
178136	178591	-	2	1.311603	I:	D:
178730	179668	-	2	1.282768	I:	D:
179680	179892	-	1	1.265463	I:	D:
179907	180710	+	3	1.345902	I:	D:
180746	180934	+	2	1.327686	I:	D:
181413	181682	-	3	1.269799	I:	D:
182297	182548	-	2	1.296195	I:	D:
>YB3_9519
363	1262	+	3	1.276620	I:	D:
1338	1850	+	3	1.266289	I:	D:
1901	3766	+	2	1.242732	I:	D:
3763	4368	+	1	1.285544	I:	D:
4384	5148	+	1	1.281724	I:	D:
5167	5841	+	1	1.332900	I:	D:
5954	6088	-	2	1.186484	I:	D:
6262	10560	-	1	1.309068	I:	D:
10746	11762	+	3	1.323301	I:	D:
11908	13338	+	1	1.285222	I:	D:
13633	14127	+	1	1.323587	I:	D:
14800	16029	+	1	1.296308	I:	D:
16098	17270	+	3	1.299878	I:	D:
17347	19083	-	1	1.324750	I:	D:
19312	20190	+	1	1.309392	I:	D:
20284	20916	+	1	1.268601	I:	D:
20919	21308	+	3	1.300373	I:	D:
21431	22663	+	2	1.322967	I:	D:
22979	23299	+	2	1.171051	I:	D:
>YB3_9704
1	168	+	1	1.271202	I:	D:
187	615	+	1	1.298018	I:	D:
643	789	-	1	1.268759	I:	D:
763	987	+	1	1.304388	I:	D:
1115	1297	+	2	1.348597	I:	D:
1360	2781	+	1	1.297218	I:	D:
2847	3371	+	3	1.310281	I:	D:
3493	3795	+	1	1.290965	I:	D:
4420	6165	+	1	1.318735	I:	D:
6267	6560	+	3	1.277264	I:	D:
6575	8020	+	2	1.308370	I:	D:
8036	9466	+	2	1.312925	I:	D:
9885	10271	-	3	1.340140	I:	D:
10469	11350	+	2	1.305415	I:	D:
11393	12820	+	2	1.324356	I:	D:
13017	13676	+	3	1.301584	I:	D:
13819	15249	+	1	1.298513	I:	D:
15669	15827	+	3	1.368888	I:	D:
16441	16761	+	1	1.349069	I:	D:
16764	17546	+	3	1.345170	I:	D:
17646	18200	+	3	1.303392	I:	D:
18309	18977	+	3	1.311062	I:	D:
19019	20437	+	2	1.289101	I:	D:
20422	20877	+	1	1.330902	I:	D:
20901	21641	+	3	1.310806	I:	D:
21638	22249	+	2	1.327496	I:	D:
22382	22537	-	2	1.357991	I:	D:
22854	23720	-	3	1.339637	I:	D:
24009	24143	-	3	1.214375	I:	D:
24277	24438	-	1	1.344961	I:	D:
24664	25971	+	1	1.300501	I:	D:
26057	26260	-	2	1.319268	I:	D:
26443	27969	+	1	1.320458	I:	D:
27962	29194	+	2	1.321315	I:	D:
29463	29687	+	3	1.229341	I:	D:
29811	30578	+	3	1.299333	I:	D:
30596	31102	+	2	1.300261	I:	D:
31171	31935	+	1	1.300045	I:	D:
32056	32931	+	1	1.315677	I:	D:
33032	34705	+	2	1.311119	I:	D:
34728	35465	+	3	1.337720	I:	D:
35458	37443	+	1	1.313548	I:	D:
37537	37734	+	1	1.271688	I:	D:
37915	38784	+	1	1.309165	I:	D:
38969	41128	+	2	1.345062	I:	D:
41303	42307	-	2	1.321337	I:	D:
42428	43906	+	2	1.309471	I:	D:
44176	45915	+	1	1.327764	I:	D:
46161	47033	+	3	1.305648	I:	D:
47055	47231	+	3	1.327142	I:	D:
47325	47945	-	3	1.345760	I:	D:
47947	48384	-	1	1.324080	I:	D:
48381	48524	-	3	1.354187	I:	D:
48895	49608	+	1	1.307186	I:	D:
49862	50959	-	2	1.327375	I:	D:
51087	52034	+	3	1.308783	I:	D:
52210	52497	+	1	1.277005	I:	D:
52578	54218	+	3	1.268723	I:	D:
54427	55779	+	1	1.371826	I:	D:
55881	57713	+	3	1.285574	I:	D:
57744	58256	+	3	1.312487	I:	D:
58435	59895	+	1	1.294682	I:	D:
60240	60824	+	3	1.272625	I:	D:
61003	61365	+	1	1.294532	I:	D:
61366	62103	+	1	1.313431	I:	D:
62173	63972	+	1	1.300293	I:	D:
63989	65008	+	2	1.306249	I:	D:
65038	65799	+	1	1.317976	I:	D:
66208	66732	-	1	1.338173	I:	D:
66994	69120	+	1	1.314690	I:	D:
69117	70436	+	3	1.296242	I:	D:
70474	71397	+	1	1.282159	I:	D:
71462	72769	+	2	1.309889	I:	D:
72793	73602	+	1	1.333345	I:	D:
73602	74540	+	3	1.289752	I:	D:
74668	75555	+	1	1.296269	I:	D:
76108	77040	+	1	1.345003	I:	D:
77115	77990	+	3	1.350492	I:	D:
78005	78811	+	2	1.298897	I:	D:
78905	79753	+	2	1.327532	I:	D:
79865	80515	+	2	1.288573	I:	D:
80653	82446	+	1	1.304314	I:	D:
82504	83220	+	1	1.281273	I:	D:
83220	84587	+	3	1.318357	I:	D:
84769	86166	+	1	1.338207	I:	D:
86380	87147	+	1	1.336252	I:	D:
87271	87462	-	1	1.260020	I:	D:
87670	88113	+	1	1.252683	I:	D:
88494	89783	-	3	1.287626	I:	D:
89925	90068	+	3	1.198569	I:	D:
90333	90491	+	3	1.264999	I:	D:
90516	90659	+	3	1.242731	I:	D:
91012	91707	+	1	1.305026	I:	D:
91800	91997	+	3	1.272550	I:	D:
92064	92291	+	3	1.315481	I:	D:
92369	92521	+	2	1.307800	I:	D:
92688	93362	-	3	1.308068	I:	D:
93454	93954	+	1	1.298086	I:	D:
93885	95120	+	3	1.316736	I:	D:
95416	96099	+	1	1.287556	I:	D:
96144	96296	+	3	1.255166	I:	D:
96347	96841	+	2	1.335086	I:	D:
96844	97161	+	1	1.335087	I:	D:
97308	99395	+	3	1.312638	I:	D:
99559	100104	+	1	1.298190	I:	D:
100198	101223	+	1	1.290903	I:	D:
101217	101813	+	3	1.294263	I:	D:
101829	103118	+	3	1.303809	I:	D:
103191	104471	+	3	1.303570	I:	D:
104618	105091	-	2	1.341221	I:	D:
105221	108556	+	2	1.329738	I:	D:
108559	112320	+	1	1.325334	I:	D:
112453	114048	+	1	1.311419	I:	D:
114081	116111	+	3	1.333741	I:	D:
116136	117827	+	3	1.308508	I:	D:
118375	118668	+	1	1.282562	I:	D:
118714	120069	+	1	1.308594	I:	D:
120427	121215	+	1	1.332762	I:	D:
121348	123813	+	1	1.355772	I:	D:
123961	124890	+	1	1.332448	I:	D:
124956	126386	+	3	1.307759	I:	D:
126414	127364	+	3	1.348664	I:	D:
127364	128299	+	2	1.333567	I:	D:
128435	132187	+	2	1.306795	I:	D:
132536	132832	+	2	1.340855	I:	D:
132863	133450	+	2	1.328742	I:	D:
133508	133930	+	2	1.316168	I:	D:
134259	134468	+	3	1.302228	I:	D:
134532	134750	+	3	1.285724	I:	D:
134855	137341	+	2	1.284411	I:	D:
137465	137596	+	2	1.365157	I:	D:
137611	138069	+	1	1.338894	I:	D:
138269	138580	+	2	1.244978	I:	D:
138612	140702	+	3	1.296801	I:	D:
140865	141563	+	3	1.301490	I:	D:
141620	143902	+	2	1.295879	I:	D:
144118	145899	-	1	1.303359	I:	D:
146235	147488	+	3	1.293280	I:	D:
147589	148185	+	1	1.304146	I:	D:
148157	148792	+	2	1.333021	I:	D:
148808	150616	+	2	1.330304	I:	D:
150642	152384	+	3	1.316238	I:	D:
152467	153708	+	1	1.342353	I:	D:
153825	154217	+	3	1.281989	I:	D:
154201	155166	+	1	1.272349	I:	D:
155272	155829	+	1	1.299365	I:	D:
155826	156869	+	3	1.293014	I:	D:
156993	158000	-	3	1.335539	I:	D:
158103	159368	+	3	1.354976	I:	D:
159618	160112	+	3	1.300422	I:	D:
160156	160353	+	1	1.280564	I:	D:
160396	160752	+	1	1.330412	I:	D:
160962	162023	+	3	1.290131	I:	D:
162349	164856	+	1	1.316988	I:	D:
164881	165195	+	1	1.235927	I:	D:
165334	166752	+	1	1.337166	I:	D:
>YB3_11061
254	673	+	2	1.266727	I:	D:
1226	1597	+	2	1.328056	I:	D:
1629	2645	+	3	1.264316	I:	D:
2668	4995	+	1	1.278824	I:	D:
5227	5985	+	1	1.233558	I:	D:
6154	6324	+	1	1.295503	I:	D:
6356	6913	+	2	1.298894	I:	D:
6975	7658	+	3	1.320227	I:	D:
7745	8950	+	2	1.337020	I:	D:
8965	9165	+	1	1.229366	I:	D:
9205	9852	+	1	1.307006	I:	D:
9878	10729	+	2	1.297452	I:	D:
10754	10906	+	2	1.206031	I:	D:
10916	11941	+	2	1.324507	I:	D:
11959	12549	+	1	1.303964	I:	D:
12582	13319	+	3	1.325303	I:	D:
13340	14026	+	2	1.325968	I:	D:
14065	14883	+	1	1.306784	I:	D:
15023	15466	-	2	1.327952	I:	D:
15547	16074	-	1	1.299911	I:	D:
16267	18675	+	1	1.320995	I:	D:
18868	19704	+	1	1.314821	I:	D:
19716	22016	+	3	1.315855	I:	D:
22104	22733	+	3	1.340988	I:	D:
22739	24163	+	2	1.314305	I:	D:
24314	25240	+	2	1.293859	I:	D:
25432	26805	-	1	1.313792	I:	D:
27155	28507	+	2	1.300893	I:	D:
28636	29268	+	1	1.292886	I:	D:
29342	31135	+	2	1.313447	I:	D:
31398	32870	+	3	1.303608	I:	D:
33227	34306	+	2	1.314374	I:	D:
34438	35679	+	1	1.289026	I:	D:
35712	36479	+	3	1.346474	I:	D:
36644	37636	+	2	1.292129	I:	D:
37834	38061	+	1	1.257389	I:	D:
38090	39028	+	2	1.308715	I:	D:
39033	40001	+	3	1.305842	I:	D:
40071	40835	+	3	1.302660	I:	D:
40835	42067	+	2	1.306739	I:	D:
42163	42621	+	1	1.269061	I:	D:
42705	43127	+	3	1.308035	I:	D:
43188	44543	+	3	1.301694	I:	D:
44588	46375	+	2	1.327439	I:	D:
46517	47389	+	2	1.330996	I:	D:
47552	48778	-	2	1.312125	I:	D:
49078	50124	+	1	1.297915	I:	D:
50267	51493	+	2	1.298020	I:	D:
51544	52449	+	1	1.296677	I:	D:
52464	53645	+	3	1.290155	I:	D:
53663	54928	+	2	1.301665	I:	D:
55048	55488	+	1	1.357861	I:	D:
55576	55836	+	1	1.416187	I:	D:
55961	57175	+	2	1.338233	I:	D:
57814	58020	+	1	1.381129	I:	D:
58181	58861	+	2	1.301186	I:	D:
59084	60115	+	2	1.304975	I:	D:
60138	61544	+	3	1.298913	I:	D:
61605	61949	+	3	1.296209	I:	D:
62430	62594	+	3	1.269013	I:	D:
62614	63660	+	1	1.332896	I:	D:
63719	65113	+	2	1.326094	I:	D:
65398	65556	+	1	1.326939	I:	D:
65564	65929	+	2	1.329105	I:	D:
66091	66456	+	1	1.308417	I:	D:
66562	67140	+	1	1.326818	I:	D:
67450	69837	+	1	1.333390	I:	D:
70031	71530	+	2	1.319247	I:	D:
71568	73052	+	3	1.323674	I:	D:
73089	73760	+	3	1.274005	I:	D:
73761	74918	+	3	1.314847	I:	D:
74938	76797	+	1	1.337456	I:	D:
76859	78046	+	2	1.294980	I:	D:
78089	79144	+	2	1.274085	I:	D:
79155	79793	+	3	1.311220	I:	D:
79937	80632	+	2	1.268953	I:	D:
80665	81327	+	1	1.316934	I:	D:
81564	82178	+	3	1.306712	I:	D:
82238	82780	+	2	1.332608	I:	D:
82894	83298	+	1	1.350118	I:	D:
83468	85174	+	2	1.326463	I:	D:
85283	85714	+	2	1.293943	I:	D:
85797	86153	-	3	1.358370	I:	D:
86325	87602	+	3	1.298087	I:	D:
87980	88579	-	2	1.338936	I:	D:
88597	88968	+	1	1.366245	I:	D:
89050	90672	+	1	1.305623	I:	D:
90811	91143	-	1	1.265651	I:	D:
91163	91486	-	2	1.315097	I:	D:
91517	92524	+	2	1.366482	I:	D:
92499	94376	+	3	1.333050	I:	D:
94402	95664	+	1	1.283652	I:	D:
95703	96515	+	3	1.268492	I:	D:
96516	98123	+	3	1.307102	I:	D:
98153	98467	+	2	1.276458	I:	D:
98557	98727	+	1	1.298787	I:	D:
98846	99700	-	2	1.334082	I:	D:
100027	100566	+	1	1.322140	I:	D:
100780	103200	+	1	1.314700	I:	D:
103344	103607	-	3	1.287532	I:	D:
103617	104249	-	3	1.296819	I:	D:
104689	104847	+	1	1.327692	I:	D:
104885	106171	+	2	1.333272	I:	D:
106209	107195	+	3	1.306795	I:	D:
107215	108315	+	1	1.288578	I:	D:
108397	109974	+	1	1.320376	I:	D:
110100	112574	+	3	1.303004	I:	D:
112660	113073	+	1	1.271820	I:	D:
113131	114588	+	1	1.358314	I:	D:
114625	115260	+	1	1.291248	I:	D:
115320	117011	+	3	1.344294	I:	D:
117004	117873	+	1	1.332229	I:	D:
>YB3_11210
161	1366	-	2	1.265318	I:	D:
1390	2040	-	1	1.297130	I:	D:
2298	3377	+	3	1.355079	I:	D:
3367	3690	+	1	1.369760	I:	D:
3811	4404	+	1	1.331352	I:	D:
4343	5239	+	2	1.364181	I:	D:
5807	6016	+	2	1.322883	I:	D:
6058	6342	-	1	1.295901	I:	D:
6431	7207	+	2	1.289130	I:	D:
7385	7633	+	2	1.273700	I:	D:
7766	7933	+	2	1.303746	I:	D:
7961	8767	+	2	1.260437	I:	D:
9062	9658	+	2	1.273385	I:	D:
9712	10194	+	1	1.270980	I:	D:
10350	11006	+	3	1.254879	I:	D:
11023	11538	+	1	1.285370	I:	D:
11680	11940	+	1	1.267438	I:	D:
12054	12335	+	3	1.243962	I:	D:
12335	15358	+	2	1.243564	I:	D:
15552	15890	+	3	1.253159	I:	D:
16196	16954	+	2	1.271100	I:	D:
17123	17935	+	2	1.274756	I:	D:
18406	18852	-	1	1.323432	I:	D:
18943	20355	-	1	1.294266	I:	D:
20431	20814	-	1	1.320682	I:	D:
21141	21656	+	3	1.306068	I:	D:
22215	24698	+	3	1.286083	I:	D:
24945	26735	-	3	1.289731	I:	D:
27667	29403	+	1	1.313157	I:	D:
29450	29611	+	2	1.298236	I:	D:
29906	30769	-	2	1.323674	I:	D:
30913	32670	+	1	1.317535	I:	D:
32645	34378	+	2	1.327073	I:	D:
34517	35575	+	2	1.348150	I:	D:
35689	36237	+	1	1.324870	I:	D:
36252	37670	+	3	1.337752	I:	D:
37959	38552	+	3	1.258627	I:	D:
38530	39114	+	1	1.291591	I:	D:
39236	39571	-	2	1.307514	I:	D:
39688	40863	+	1	1.310410	I:	D:
40860	41435	+	3	1.284138	I:	D:
41440	42552	+	1	1.264605	I:	D:
42931	44850	+	1	1.321598	I:	D:
44966	45811	+	2	1.282163	I:	D:
45934	47118	+	1	1.327696	I:	D:
47180	48199	+	2	1.307081	I:	D:
48296	49774	+	2	1.303127	I:	D:
49960	52152	-	1	1.337819	I:	D:
52493	54472	+	2	1.328569	I:	D:
54533	55288	+	2	1.309522	I:	D:
55305	56486	+	3	1.351927	I:	D:
56581	58119	+	1	1.332471	I:	D:
58150	58947	+	1	1.319519	I:	D:
59120	59839	+	2	1.318000	I:	D:
60013	61323	+	1	1.312195	I:	D:
61475	62824	+	2	1.345840	I:	D:
62877	63668	+	3	1.357347	I:	D:
63980	64606	+	2	1.351840	I:	D:
64933	66264	+	1	1.344247	I:	D:
66526	67503	+	1	1.330187	I:	D:
67540	68715	+	1	1.331562	I:	D:
68784	70628	+	3	1.319099	I:	D:
70974	71420	+	3	1.323506	I:	D:
71442	72773	+	3	1.327676	I:	D:
73036	74640	+	1	1.314650	I:	D:
74770	75423	-	1	1.330216	I:	D:
75820	76413	+	1	1.286559	I:	D:
76696	78801	+	1	1.315257	I:	D:
78909	80078	+	3	1.310101	I:	D:
80170	81645	+	1	1.340567	I:	D:
81638	82279	+	2	1.373531	I:	D:
82280	83026	+	2	1.336319	I:	D:
83039	83812	-	2	1.323685	I:	D:
83926	84873	+	1	1.346628	I:	D:
85147	86154	-	1	1.307577	I:	D:
86550	87215	+	3	1.316730	I:	D:
87335	88123	+	2	1.318970	I:	D:
88580	89527	-	2	1.328356	I:	D:
89694	90434	-	3	1.290691	I:	D:
90421	91953	-	1	1.300428	I:	D:
92107	92640	+	1	1.327224	I:	D:
92740	93906	+	1	1.332130	I:	D:
93955	95673	+	1	1.317139	I:	D:
95693	97462	+	2	1.321580	I:	D:
97470	98174	+	3	1.311198	I:	D:
98322	99935	+	3	1.312611	I:	D:
100089	100706	+	3	1.273814	I:	D:
100703	102322	+	2	1.279693	I:	D:
102368	103123	+	2	1.290034	I:	D:
103162	103998	+	1	1.319535	I:	D:
103985	104548	+	2	1.280508	I:	D:
104558	105370	+	2	1.305355	I:	D:
105375	106196	+	3	1.317959	I:	D:
106336	108498	+	1	1.308699	I:	D:
108817	109635	+	1	1.345994	I:	D:
109713	111803	+	3	1.321136	I:	D:
112110	119375	+	3	1.285491	I:	D:
120083	121501	+	2	1.317088	I:	D:
121736	122122	+	2	1.319961	I:	D:
122134	123363	-	1	1.321697	I:	D:
123520	124032	+	1	1.339455	I:	D:
124179	125048	+	3	1.315658	I:	D:
125165	125722	+	2	1.323933	I:	D:
125761	126507	+	1	1.374205	I:	D:
126682	127104	+	1	1.352307	I:	D:
127117	128022	+	1	1.314512	I:	D:
128143	130425	+	1	1.306112	I:	D:
130587	131021	-	3	1.297453	I:	D:
131031	131972	-	3	1.321077	I:	D:
131969	133270	-	2	1.309125	I:	D:
133455	134360	+	3	1.317101	I:	D:
134377	135294	-	1	1.323602	I:	D:
135646	137763	+	1	1.298093	I:	D:
137911	138873	+	1	1.306972	I:	D:
139006	139602	-	1	1.303940	I:	D:
139879	142419	+	1	1.302974	I:	D:
142419	145235	+	3	1.315007	I:	D:
145616	146260	-	2	1.297082	I:	D:
146562	146915	+	3	1.372887	I:	D:
147054	147425	+	3	1.322169	I:	D:
147487	148188	+	1	1.331138	I:	D:
148215	149009	+	3	1.312989	I:	D:
149087	150427	+	2	1.320353	I:	D:
150475	151164	+	1	1.335548	I:	D:
151191	152228	+	3	1.315975	I:	D:
152344	153165	+	1	1.340193	I:	D:
153182	155191	+	2	1.304829	I:	D:
155972	156385	+	2	1.363073	I:	D:
156403	157599	+	1	1.331562	I:	D:
157703	158410	+	2	1.317577	I:	D:
158410	159255	+	1	1.348726	I:	D:
159344	159712	+	2	1.295190	I:	D:
159918	160979	+	3	1.323136	I:	D:
160994	162148	+	2	1.313434	I:	D:
162207	162629	+	3	1.289496	I:	D:
162632	163666	+	2	1.306388	I:	D:
163708	164586	+	1	1.328745	I:	D:
164567	165856	+	2	1.316893	I:	D:
165891	166157	+	3	1.271966	I:	D:
166276	168003	+	1	1.289503	I:	D:
168174	169892	+	3	1.297361	I:	D:
169923	171347	+	3	1.290571	I:	D:
171502	173202	+	1	1.342140	I:	D:
173262	174191	+	3	1.305562	I:	D:
174227	174985	+	2	1.299937	I:	D:
175006	175704	+	1	1.329203	I:	D:
175893	177890	-	3	1.321440	I:	D:
178283	179629	+	2	1.317120	I:	D:
179911	181449	+	1	1.315163	I:	D:
181418	182689	+	2	1.335884	I:	D:
182711	182851	+	2	1.258614	I:	D:
182854	184248	+	1	1.317152	I:	D:
184383	184811	+	3	1.340758	I:	D:
184813	185244	+	1	1.298198	I:	D:
185246	185983	+	2	1.371166	I:	D:
186044	186697	+	2	1.350910	I:	D:
186691	187104	+	1	1.300003	I:	D:
187131	188990	+	3	1.341633	I:	D:
189126	189581	+	3	1.317215	I:	D:
189607	190407	+	1	1.312636	I:	D:
190585	191640	+	1	1.349690	I:	D:
191731	192090	+	1	1.351401	I:	D:
192319	195084	-	1	1.330546	I:	D:
195238	195879	+	1	1.321292	I:	D:
195892	196251	-	1	1.268452	I:	D:
196302	197870	+	3	1.312130	I:	D:
198004	199500	+	1	1.310660	I:	D:
199512	200375	+	3	1.303526	I:	D:
200586	202538	+	3	1.335646	I:	D:
202669	203685	+	1	1.289421	I:	D:
203676	205232	+	3	1.321510	I:	D:
205385	207175	+	2	1.328624	I:	D:
207358	207675	-	1	1.262145	I:	D:
207752	209581	-	2	1.300612	I:	D:
210060	210701	+	3	1.333301	I:	D:
210790	210969	-	1	1.352711	I:	D:
210981	211139	+	3	1.306376	I:	D:
211181	212068	+	2	1.294337	I:	D:
212142	212918	+	3	1.292779	I:	D:
213043	213945	-	1	1.339611	I:	D:
214141	215016	+	1	1.297399	I:	D:
215016	216803	+	3	1.317152	I:	D:
216945	218111	-	3	1.301523	I:	D:
218463	219392	+	3	1.329469	I:	D:
219858	220736	-	3	1.334750	I:	D:
221120	222436	+	2	1.336241	I:	D:
222451	222681	+	1	1.289934	I:	D:
222713	223810	+	2	1.334357	I:	D:
223848	224018	+	3	1.356351	I:	D:
224033	225205	+	2	1.366645	I:	D:
225189	226130	+	3	1.339040	I:	D:
226355	226516	-	2	1.353255	I:	D:
226735	228573	+	1	1.324156	I:	D:
228877	231060	+	1	1.327730	I:	D:
231118	232425	-	1	1.308477	I:	D:
232812	233504	-	3	1.334887	I:	D:
233769	234443	+	3	1.322287	I:	D:
234430	235245	+	1	1.343927	I:	D:
235251	235388	+	3	1.305100	I:	D:
235267	236742	+	1	1.312425	I:	D:
236919	237992	+	3	1.312816	I:	D:
237997	241209	+	1	1.300481	I:	D:
241418	242428	+	2	1.287133	I:	D:
242494	243525	+	1	1.291180	I:	D:
243809	245527	+	2	1.319882	I:	D:
245878	247179	+	1	1.339782	I:	D:
247455	248132	+	3	1.304857	I:	D:
248242	249351	-	1	1.330496	I:	D:
249635	252361	+	2	1.306542	I:	D:
252376	253092	+	1	1.326342	I:	D:
253182	253484	+	3	1.288589	I:	D:
253765	254430	+	1	1.277809	I:	D:
254564	255250	+	2	1.277914	I:	D:
255276	256214	+	3	1.306591	I:	D:
256549	258174	+	1	1.311728	I:	D:
258388	259830	+	1	1.291056	I:	D:
260018	260794	-	2	1.334971	I:	D:
260785	261588	-	1	1.333979	I:	D:
261725	262507	-	2	1.305949	I:	D:
262736	262951	+	2	1.294012	I:	D:
262981	264006	+	1	1.330603	I:	D:
264228	264449	-	3	1.330049	I:	D:
264721	265149	+	1	1.317645	I:	D:
265214	266587	+	2	1.307397	I:	D:
266704	267648	+	1	1.313543	I:	D:
267897	268703	+	3	1.342116	I:	D:
268725	269570	+	3	1.328598	I:	D:
269673	270641	+	3	1.294436	I:	D:
270638	271504	+	2	1.292959	I:	D:
271782	272090	+	3	1.319270	I:	D:
272105	272467	+	2	1.312272	I:	D:
272507	275179	+	2	1.316444	I:	D:
275709	277181	+	3	1.326986	I:	D:
277197	277763	+	3	1.321660	I:	D:
277763	278497	+	2	1.307085	I:	D:
278748	279188	-	3	1.295894	I:	D:
279603	280361	+	3	1.340326	I:	D:
280455	281324	-	3	1.328058	I:	D:
281521	283251	+	1	1.311448	I:	D:
283416	284558	+	3	1.296538	I:	D:
284634	284969	+	3	1.349788	I:	D:
284989	285489	+	1	1.304260	I:	D:
285609	286823	+	3	1.301580	I:	D:
286846	287061	+	1	1.449815	I:	D:
287642	288556	-	2	1.297516	I:	D:
288827	289381	+	2	1.280222	I:	D:
289399	290481	+	1	1.315714	I:	D:
290587	290808	+	1	1.313389	I:	D:
291015	292427	-	3	1.310233	I:	D:
292445	292960	-	2	1.315065	I:	D:
292957	293874	-	1	1.330913	I:	D:
293878	295029	-	1	1.279194	I:	D:
295312	296808	+	1	1.323776	I:	D:
297023	297226	+	2	1.343135	I:	D:
297368	297547	+	2	1.413671	I:	D:
297647	299338	+	2	1.288329	I:	D:
299348	300238	+	2	1.293373	I:	D:
300272	301351	+	2	1.309419	I:	D:
301490	301840	+	2	1.349812	I:	D:
302080	303234	+	1	1.281509	I:	D:
303245	304372	+	2	1.248051	I:	D:
304377	305765	+	3	1.297709	I:	D:
305855	306916	+	2	1.275086	I:	D:
306921	307664	+	3	1.294757	I:	D:
307692	308906	+	3	1.285814	I:	D:
308917	310062	+	1	1.273217	I:	D:
310086	311060	+	3	1.272323	I:	D:
311087	312184	+	2	1.297231	I:	D:
312206	313747	+	2	1.288204	I:	D:
313772	314776	+	2	1.307400	I:	D:
314784	316331	+	3	1.294314	I:	D:
316328	317293	+	2	1.284460	I:	D:
317295	318131	+	3	1.308522	I:	D:
318337	318552	+	1	1.327822	I:	D:
318839	319936	-	2	1.338026	I:	D:
320292	321599	+	3	1.331507	I:	D:
321651	323159	+	3	1.287375	I:	D:
323211	323720	+	3	1.294250	I:	D:
323818	325305	+	1	1.289655	I:	D:
325445	326494	+	2	1.327449	I:	D:
326770	327321	+	1	1.319276	I:	D:
327473	328774	+	2	1.294825	I:	D:
328798	329385	+	1	1.286112	I:	D:
329904	331439	+	3	1.325041	I:	D:
331498	332364	+	1	1.317296	I:	D:
332440	333699	+	1	1.301886	I:	D:
333715	334932	+	1	1.300029	I:	D:
334929	336086	+	3	1.319456	I:	D:
336214	337080	+	1	1.328965	I:	D:
337097	339703	+	2	1.332826	I:	D:
339729	341159	+	3	1.294887	I:	D:
341205	342875	+	3	1.328048	I:	D:
342968	343909	+	2	1.302001	I:	D:
344008	344142	+	1	1.262186	I:	D:
344418	348959	+	3	1.299888	I:	D:
349050	350534	+	3	1.333596	I:	D:
350820	351245	+	3	1.314181	I:	D:
351376	352665	+	1	1.260894	I:	D:
352840	353421	+	1	1.277489	I:	D:
353659	354930	+	1	1.296696	I:	D:
354934	357282	+	1	1.306983	I:	D:
357304	357891	+	1	1.318387	I:	D:
358097	358333	+	2	1.330244	I:	D:
358358	358978	+	2	1.293519	I:	D:
359026	359217	-	1	1.320113	I:	D:
359805	360605	+	3	1.314477	I:	D:
360630	361595	+	3	1.305255	I:	D:
361982	363340	+	2	1.309094	I:	D:
363372	365612	+	3	1.300612	I:	D:
365717	367438	+	2	1.317472	I:	D:
367435	368460	+	1	1.299826	I:	D:
368582	369871	-	2	1.346452	I:	D:
369903	370355	-	3	1.276344	I:	D:
370468	370749	-	1	1.262165	I:	D:
370887	372791	-	3	1.302974	I:	D:
372942	374579	+	3	1.302262	I:	D:
374580	375263	+	3	1.349507	I:	D:
375256	377712	+	1	1.309750	I:	D:
377831	378478	+	2	1.325737	I:	D:
378505	379128	+	1	1.305043	I:	D:
379125	380756	+	3	1.316024	I:	D:
380756	381940	+	2	1.291997	I:	D:
382075	382431	+	1	1.331121	I:	D:
382506	383405	+	3	1.286579	I:	D:
383392	384153	+	1	1.350558	I:	D:
384175	384819	+	1	1.303601	I:	D:
384848	385354	+	2	1.306106	I:	D:
385386	386411	+	3	1.305420	I:	D:
386491	387987	-	1	1.329042	I:	D:
388137	389093	+	3	1.328722	I:	D:
389162	389944	+	2	1.325971	I:	D:
389960	391015	+	2	1.327580	I:	D:
391213	392478	+	1	1.307251	I:	D:
392570	393055	+	2	1.301748	I:	D:
393084	393218	+	3	1.405005	I:	D:
393776	394603	-	2	1.340519	I:	D:
394769	394933	-	2	1.329262	I:	D:
394982	396469	+	2	1.291365	I:	D:
396875	397975	+	2	1.301257	I:	D:
397993	398634	+	1	1.287006	I:	D:
398825	400711	+	2	1.290261	I:	D:
400905	402035	+	3	1.318962	I:	D:
402165	402806	+	3	1.298354	I:	D:
402941	404233	-	2	1.302780	I:	D:
404237	405076	-	2	1.317311	I:	D:
405385	408360	+	1	1.301646	I:	D:
408389	409366	+	2	1.307202	I:	D:
409382	410122	+	2	1.347228	I:	D:
410216	411043	+	2	1.324590	I:	D:
411156	411761	+	3	1.317982	I:	D:
411912	413300	+	3	1.327978	I:	D:
413316	415124	+	3	1.291711	I:	D:
415235	416473	+	2	1.336140	I:	D:
416551	417873	+	1	1.319650	I:	D:
417879	421436	+	3	1.305531	I:	D:
421468	422532	+	1	1.321258	I:	D:
422529	423350	+	3	1.313227	I:	D:
423359	424846	+	2	1.303017	I:	D:
424943	425962	+	2	1.308881	I:	D:
425986	428412	+	1	1.292424	I:	D:
428449	429480	+	1	1.307882	I:	D:
430084	432099	+	1	1.293069	I:	D:
>YB3_12038
3	140	+	3	1.450381	I:	D:
1086	1967	+	3	1.298480	I:	D:
2004	3350	+	3	1.299734	I:	D:
3369	3953	+	3	1.275778	I:	D:
3958	4155	+	1	1.270988	I:	D:
4262	4549	+	2	1.289072	I:	D:
4598	5047	+	2	1.303896	I:	D:
5066	5329	+	2	1.331321	I:	D:
5632	7686	+	1	1.317742	I:	D:
7729	8175	+	1	1.257948	I:	D:
8199	9539	+	3	1.327668	I:	D:
9682	9852	-	1	1.317446	I:	D:
10032	10253	+	3	1.305392	I:	D:
10459	11397	-	1	1.317030	I:	D:
11630	13327	+	2	1.308897	I:	D:
13218	13976	+	3	1.323660	I:	D:
14381	16075	+	2	1.326836	I:	D:
16203	16943	+	3	1.313510	I:	D:
17036	18091	+	2	1.311260	I:	D:
18150	18611	+	3	1.326465	I:	D:
18654	19082	+	3	1.339772	I:	D:
19088	19573	+	2	1.346096	I:	D:
19599	20087	-	3	1.318688	I:	D:
20292	20555	+	3	1.305533	I:	D:
20539	20955	+	1	1.324521	I:	D:
20960	21688	+	2	1.336792	I:	D:
21730	21987	+	1	1.281617	I:	D:
22046	22597	+	2	1.281714	I:	D:
22585	23133	+	1	1.324759	I:	D:
23169	24677	+	3	1.311394	I:	D:
24702	25586	+	3	1.307688	I:	D:
25652	27055	+	2	1.309339	I:	D:
27110	27514	+	2	1.310191	I:	D:
27563	28369	+	2	1.318449	I:	D:
28478	29635	+	2	1.319704	I:	D:
29649	32186	+	3	1.318576	I:	D:
32194	34434	+	1	1.333632	I:	D:
34572	35021	-	3	1.287751	I:	D:
35152	35883	-	1	1.325083	I:	D:
35923	36978	-	1	1.322869	I:	D:
37112	38275	+	2	1.281040	I:	D:
38277	39944	+	3	1.320133	I:	D:
40301	41152	-	2	1.369873	I:	D:
41536	42108	+	1	1.312597	I:	D:
42259	42498	+	1	1.281889	I:	D:
42622	42921	+	1	1.341562	I:	D:
42990	43397	+	3	1.362177	I:	D:
43398	43724	+	3	1.294720	I:	D:
43817	44941	+	2	1.352688	I:	D:
44994	46556	+	3	1.328409	I:	D:
46559	47098	+	2	1.311247	I:	D:
47128	48987	+	1	1.298914	I:	D:
49361	51475	+	2	1.325453	I:	D:
51528	52457	+	3	1.318177	I:	D:
52457	53164	+	2	1.344630	I:	D:
53477	54196	+	2	1.322233	I:	D:
54255	54869	-	3	1.320712	I:	D:
55136	56107	+	2	1.351636	I:	D:
56113	56613	+	1	1.294687	I:	D:
56610	57770	+	3	1.330942	I:	D:
57801	58277	+	3	1.324606	I:	D:
58300	58794	+	1	1.339889	I:	D:
59003	60421	-	2	1.315936	I:	D:
60439	61152	-	1	1.298518	I:	D:
61168	63543	-	1	1.313747	I:	D:
63822	65051	+	3	1.321613	I:	D:
65153	66094	+	2	1.320756	I:	D:
66109	67914	+	1	1.334880	I:	D:
68460	68660	-	3	1.339522	I:	D:
68693	68890	+	2	1.290082	I:	D:
68928	71693	+	3	1.332270	I:	D:
71690	72901	+	2	1.340922	I:	D:
72917	76909	+	2	1.357052	I:	D:
77149	77559	-	1	1.375116	I:	D:
77332	78453	+	1	1.298333	I:	D:
78544	79395	-	1	1.318311	I:	D:
79724	80182	+	2	1.321819	I:	D:
80470	80748	+	1	1.272288	I:	D:
80738	81874	+	2	1.285018	I:	D:
81926	82597	+	2	1.271040	I:	D:
82641	83117	+	3	1.378142	I:	D:
83026	83325	+	1	1.358793	I:	D:
83479	84225	+	1	1.310270	I:	D:
84348	85358	-	3	1.304481	I:	D:
85565	85990	+	2	1.357771	I:	D:
86118	86294	+	3	1.243695	I:	D:
86354	87409	+	2	1.314866	I:	D:
87486	87932	+	3	1.388243	I:	D:
87949	88452	+	1	1.348815	I:	D:
88547	88798	-	2	1.419391	I:	D:
88957	90288	+	1	1.331632	I:	D:
90318	90611	+	3	1.274519	I:	D:
90665	92122	+	2	1.312646	I:	D:
92139	93569	+	3	1.345482	I:	D:
93655	96102	+	1	1.327376	I:	D:
96150	96287	+	3	1.392073	I:	D:
>YB3_13282
86	820	+	2	1.378744	I:	D:
969	1175	-	3	1.321226	I:	D:
1403	1549	-	2	1.276043	I:	D:
1937	2152	-	2	1.313375	I:	D:
2167	2868	-	1	1.313310	I:	D:
3115	4050	-	1	1.284012	I:	D:
4227	5216	-	3	1.335691	I:	D:
5497	6489	-	1	1.312055	I:	D:
6749	7180	+	2	1.295862	I:	D:
7303	8082	+	1	1.332446	I:	D:
8132	8611	-	2	1.332327	I:	D:
8806	10047	-	1	1.321172	I:	D:
10034	13687	-	2	1.310003	I:	D:
13988	15307	+	2	1.327957	I:	D:
15471	17060	-	3	1.284172	I:	D:
17060	17863	-	2	1.294772	I:	D:
17891	18676	-	2	1.322230	I:	D:
18701	20134	-	2	1.301534	I:	D:
20292	20708	-	3	1.325051	I:	D:
20804	21472	-	2	1.285622	I:	D:
21781	22563	-	1	1.326437	I:	D:
23077	23841	-	1	1.319190	I:	D:
24063	26726	-	3	1.297009	I:	D:
26836	27570	-	1	1.343569	I:	D:
27596	28897	-	2	1.300596	I:	D:
29021	29731	-	2	1.290049	I:	D:
30048	31982	+	3	1.306309	I:	D:
32135	32923	-	2	1.294556	I:	D:
32982	33542	-	3	1.301444	I:	D:
33733	36051	-	1	1.298450	I:	D:
36081	37175	-	3	1.307334	I:	D:
37644	38819	+	3	1.288348	I:	D:
38988	40976	-	3	1.277206	I:	D:
41517	42395	-	3	1.308720	I:	D:
42399	43064	-	3	1.320227	I:	D:
43185	43394	-	3	1.217503	I:	D:
43921	44667	-	1	1.274492	I:	D:
46342	47172	+	1	1.273002	I:	D:
47172	48377	+	3	1.240339	I:	D:
48992	50179	-	2	1.267841	I:	D:
51208	52596	-	1	1.254635	I:	D:
53016	53930	+	3	1.276484	I:	D:
54116	54901	-	2	1.277571	I:	D:
55115	56671	-	2	1.318260	I:	D:
56722	57369	-	1	1.278323	I:	D:
58213	59688	+	1	1.309225	I:	D:
59753	60328	+	2	1.250864	I:	D:
60340	61896	+	1	1.315435	I:	D:
61985	62167	+	2	1.222552	I:	D:
62268	63260	-	3	1.290152	I:	D:
63438	64064	+	3	1.301762	I:	D:
64171	65454	+	1	1.294608	I:	D:
65642	67831	+	2	1.304101	I:	D:
67840	68244	+	1	1.244350	I:	D:
68246	70021	+	2	1.314865	I:	D:
70126	71205	-	1	1.297846	I:	D:
71352	72491	-	3	1.290724	I:	D:
72604	74427	-	1	1.313624	I:	D:
74450	75298	-	2	1.319269	I:	D:
75295	76635	-	1	1.323210	I:	D:
76722	77972	-	3	1.287612	I:	D:
78328	80067	-	1	1.322583	I:	D:
80064	81599	-	3	1.303314	I:	D:
81841	82848	-	1	1.290638	I:	D:
82892	84079	-	2	1.311002	I:	D:
84102	84533	-	3	1.288373	I:	D:
84550	86076	-	1	1.330960	I:	D:
86093	86881	-	2	1.306513	I:	D:
86906	88459	-	2	1.307123	I:	D:
88533	88943	-	3	1.281866	I:	D:
89025	89192	-	3	1.220214	I:	D:
89222	91054	-	2	1.308250	I:	D:
91313	92779	-	2	1.294761	I:	D:
92842	94143	-	1	1.271382	I:	D:
94311	94775	-	3	1.287261	I:	D:
94982	96310	-	2	1.307910	I:	D:
96773	97135	-	2	1.365527	I:	D:
97187	99091	-	2	1.305327	I:	D:
99128	99346	-	2	1.294530	I:	D:
99677	100246	-	2	1.271508	I:	D:
100236	100685	-	3	1.317871	I:	D:
100868	102148	-	2	1.293158	I:	D:
102315	103991	-	3	1.309381	I:	D:
104398	105273	+	1	1.319334	I:	D:
105317	106480	+	2	1.304178	I:	D:
106731	109955	-	3	1.282753	I:	D:
110033	111394	-	2	1.347258	I:	D:
111590	112498	+	2	1.311140	I:	D:
112728	113639	-	3	1.331383	I:	D:
113906	114316	-	2	1.291476	I:	D:
114359	115165	-	2	1.305855	I:	D:
115266	115481	-	3	1.226689	I:	D:
115533	115850	-	3	1.278119	I:	D:
115862	116113	-	2	1.220063	I:	D:
116204	117070	-	2	1.297419	I:	D:
117115	118347	-	1	1.302335	I:	D:
118531	119559	+	1	1.341469	I:	D:
119552	120310	+	2	1.313824	I:	D:
120311	121747	-	2	1.337840	I:	D:
122557	122964	+	1	1.327360	I:	D:
123090	123233	+	3	1.271906	I:	D:
123603	124061	-	3	1.293058	I:	D:
124236	124769	-	3	1.290832	I:	D:
124871	125809	-	2	1.340259	I:	D:
125999	126613	-	2	1.289823	I:	D:
126651	126794	-	3	1.342027	I:	D:
126980	128302	-	2	1.310841	I:	D:
128423	129292	-	2	1.312534	I:	D:
129574	131289	-	1	1.305810	I:	D:
131291	132244	-	2	1.299681	I:	D:
132367	132681	-	1	1.313905	I:	D:
132665	134386	-	2	1.300210	I:	D:
134505	135566	-	3	1.315227	I:	D:
135566	136435	-	2	1.322083	I:	D:
136454	137374	-	2	1.335476	I:	D:
137355	138395	-	3	1.317003	I:	D:
138589	139986	-	1	1.314094	I:	D:
140007	141005	-	3	1.303835	I:	D:
141128	142381	-	2	1.324183	I:	D:
142695	143639	+	3	1.300827	I:	D:
143827	145014	-	1	1.349792	I:	D:
145130	146959	-	2	1.359325	I:	D:
146970	147641	-	3	1.313254	I:	D:
147666	149258	-	3	1.337374	I:	D:
149435	150007	-	2	1.331377	I:	D:
150107	150799	-	2	1.302527	I:	D:
150792	151157	-	3	1.314917	I:	D:
151516	152703	-	1	1.309646	I:	D:
152826	153893	-	3	1.308452	I:	D:
153916	155199	-	1	1.326854	I:	D:
155319	156647	+	3	1.343163	I:	D:
156971	157534	-	2	1.316897	I:	D:
157566	158468	-	3	1.340855	I:	D:
158562	160112	-	3	1.328804	I:	D:
160193	162010	-	2	1.329900	I:	D:
162012	163742	-	3	1.323475	I:	D:
163892	164467	-	2	1.319068	I:	D:
164498	166255	-	2	1.317745	I:	D:
166284	167126	-	3	1.307607	I:	D:
167175	167918	-	3	1.322185	I:	D:
168074	170209	-	2	1.279083	I:	D:
170515	171009	-	1	1.316811	I:	D:
171134	172810	-	2	1.300729	I:	D:
173122	173946	-	1	1.314154	I:	D:
174030	174578	-	3	1.317259	I:	D:
174598	175455	-	1	1.296012	I:	D:
175568	176878	-	2	1.322786	I:	D:
176955	178031	-	3	1.290985	I:	D:
178065	178436	-	3	1.273567	I:	D:
178444	180336	-	1	1.275248	I:	D:
180614	181795	-	2	1.311363	I:	D:
181886	182599	-	2	1.301613	I:	D:
183005	184132	-	2	1.304212	I:	D:
184268	185287	+	2	1.326007	I:	D:
185296	185859	-	1	1.298016	I:	D:
185856	186431	-	3	1.301877	I:	D:
186542	187420	+	2	1.301612	I:	D:
187515	188429	-	3	1.300594	I:	D:
188447	189421	-	2	1.307502	I:	D:
189462	189662	-	3	1.363236	I:	D:
189818	190003	-	2	1.330200	I:	D:
190083	190271	-	3	1.387161	I:	D:
190458	191825	+	3	1.314577	I:	D:
192091	192813	-	1	1.278605	I:	D:
192890	193297	-	2	1.296500	I:	D:
193525	194463	-	1	1.270257	I:	D:
194829	195569	-	3	1.336705	I:	D:
195707	196609	-	2	1.297656	I:	D:
196653	197417	-	3	1.309599	I:	D:
197433	198983	-	3	1.306814	I:	D:
199054	200712	-	1	1.315826	I:	D:
200734	202572	-	1	1.329969	I:	D:
202565	203662	-	2	1.303277	I:	D:
203880	204263	+	3	1.331757	I:	D:
204326	205081	-	2	1.286753	I:	D:
205099	206730	-	1	1.305460	I:	D:
206808	207065	-	3	1.278507	I:	D:
207200	209161	-	2	1.295621	I:	D:
209254	210168	-	1	1.300247	I:	D:
210494	211483	+	2	1.313960	I:	D:
211591	212646	-	1	1.289730	I:	D:
212771	213517	-	2	1.310198	I:	D:
213528	214286	-	3	1.295651	I:	D:
214540	216252	-	1	1.321474	I:	D:
216283	218088	-	1	1.321286	I:	D:
218275	218889	-	1	1.314072	I:	D:
219159	219359	-	3	1.303518	I:	D:
219790	220590	+	1	1.302059	I:	D:
220838	221179	-	2	1.269411	I:	D:
221531	222937	-	2	1.290584	I:	D:
222985	223386	-	1	1.277096	I:	D:
223610	224071	-	2	1.342584	I:	D:
224352	226106	-	3	1.335307	I:	D:
226106	227035	-	2	1.319939	I:	D:
227124	228986	-	3	1.314570	I:	D:
228986	230713	-	2	1.327686	I:	D:
230997	233666	+	3	1.320383	I:	D:
233720	233857	+	2	1.373516	I:	D:
233901	234668	+	3	1.308178	I:	D:
235033	235584	+	1	1.338662	I:	D:
235809	236474	-	3	1.318664	I:	D:
236625	239540	-	3	1.308831	I:	D:
239649	240872	-	3	1.315063	I:	D:
240857	241567	-	2	1.321827	I:	D:
241938	243032	+	3	1.345639	I:	D:
243059	243547	+	2	1.326732	I:	D:
243705	244913	-	3	1.301636	I:	D:
244955	246199	-	2	1.314558	I:	D:
246536	248023	-	2	1.349297	I:	D:
248215	249183	-	1	1.303249	I:	D:
249211	250143	-	1	1.307961	I:	D:
250247	252064	-	2	1.307146	I:	D:
252099	252749	-	3	1.284718	I:	D:
252775	254286	-	1	1.291165	I:	D:
254316	254822	-	3	1.260748	I:	D:
254904	256241	-	3	1.312743	I:	D:
256262	257311	-	2	1.304254	I:	D:
257341	258117	-	1	1.286848	I:	D:
258170	259108	-	2	1.318493	I:	D:
259186	260214	-	1	1.298197	I:	D:
260250	261320	-	3	1.274120	I:	D:
261472	261657	-	1	1.293322	I:	D:
261857	263935	+	2	1.310743	I:	D:
264114	266099	-	3	1.303855	I:	D:
266184	268022	-	3	1.323372	I:	D:
268250	270025	-	2	1.312848	I:	D:
270006	271199	-	3	1.295740	I:	D:
271214	272392	-	2	1.311089	I:	D:
272398	273477	-	1	1.296219	I:	D:
273479	273889	-	2	1.225066	I:	D:
273936	275519	-	3	1.315746	I:	D:
275520	276587	-	3	1.312199	I:	D:
276609	277883	-	3	1.296084	I:	D:
277932	278756	-	3	1.302953	I:	D:
278804	280093	-	2	1.325303	I:	D:
280227	281522	-	3	1.322604	I:	D:
281872	282777	+	1	1.318176	I:	D:
282965	283984	+	2	1.346055	I:	D:
284072	284677	+	2	1.348253	I:	D:
284730	287516	-	3	1.312409	I:	D:
287561	289180	-	2	1.327332	I:	D:
289487	290968	+	2	1.293765	I:	D:
291126	292127	-	3	1.301871	I:	D:
292139	292375	-	2	1.331441	I:	D:
292408	292992	-	1	1.307874	I:	D:
293041	293466	-	1	1.253110	I:	D:
293574	294413	-	3	1.325472	I:	D:
294624	295043	+	3	1.317925	I:	D:
295283	295621	+	2	1.318691	I:	D:
295625	296596	+	2	1.325208	I:	D:
296624	297370	+	2	1.289344	I:	D:
297523	298500	-	1	1.253803	I:	D:
298566	299420	-	3	1.297497	I:	D:
299622	300482	-	3	1.301765	I:	D:
300644	301279	-	2	1.284599	I:	D:
301269	301487	-	3	1.276203	I:	D:
301651	303141	+	1	1.318523	I:	D:
303364	304341	-	1	1.294936	I:	D:
304375	306357	-	1	1.307392	I:	D:
306438	307988	-	3	1.311783	I:	D:
308269	309678	+	1	1.322612	I:	D:
309836	310480	-	2	1.296686	I:	D:
310622	312247	+	2	1.299914	I:	D:
312413	312787	-	2	1.306612	I:	D:
312901	313968	-	1	1.294768	I:	D:
314216	314926	-	2	1.307011	I:	D:
315058	315441	-	1	1.303345	I:	D:
315458	318448	-	2	1.308161	I:	D:
318459	319613	-	3	1.327867	I:	D:
319616	320284	-	2	1.307603	I:	D:
320293	320886	-	1	1.298785	I:	D:
321016	321618	-	1	1.265151	I:	D:
321740	322489	-	2	1.273993	I:	D:
322495	323181	-	1	1.303868	I:	D:
323330	324181	-	2	1.308885	I:	D:
324195	324608	-	3	1.307387	I:	D:
324615	324830	-	3	1.301984	I:	D:
324933	325799	-	3	1.302499	I:	D:
326190	326948	-	3	1.284716	I:	D:
327082	327717	-	1	1.328276	I:	D:
327719	328585	-	2	1.300408	I:	D:
328770	329648	+	3	1.340397	I:	D:
329860	330450	-	1	1.261152	I:	D:
330447	330611	-	3	1.190770	I:	D:
330679	330828	-	1	1.259966	I:	D:
330869	331507	-	2	1.334120	I:	D:
331776	332330	-	3	1.329734	I:	D:
332353	332724	-	1	1.347499	I:	D:
332714	333607	-	2	1.321029	I:	D:
333939	334097	-	3	1.287966	I:	D:
334172	335338	+	2	1.306311	I:	D:
335511	337088	-	3	1.328408	I:	D:
337103	338485	-	2	1.317819	I:	D:
338472	340865	-	3	1.337525	I:	D:
340865	342232	-	2	1.322383	I:	D:
342304	343890	-	1	1.326410	I:	D:
343913	344482	-	2	1.291974	I:	D:
344731	347682	-	1	1.341564	I:	D:
347688	349538	-	3	1.336283	I:	D:
349566	351065	-	3	1.299125	I:	D:
351145	351504	-	1	1.317342	I:	D:
351555	353714	-	3	1.326887	I:	D:
353704	354519	-	1	1.364816	I:	D:
354537	354713	-	3	1.246886	I:	D:
355070	355447	-	2	1.317742	I:	D:
355551	355970	-	3	1.304690	I:	D:
>YB3_14722
1	201	+	1	1.235148	I:	D:
284	463	+	2	1.251152	I:	D:
503	742	+	2	1.286422	I:	D:
758	1003	+	2	1.321732	I:	D:
1070	2122	+	2	1.323717	I:	D:
2174	3364	+	2	1.308752	I:	D:
3496	4128	+	1	1.278028	I:	D:
4499	4738	-	2	1.292701	I:	D:
5162	6082	+	2	1.270650	I:	D:
6085	6930	+	1	1.314913	I:	D:
7005	7523	+	3	1.291080	I:	D:
7567	8130	+	1	1.336885	I:	D:
8157	8669	+	3	1.314644	I:	D:
8688	9095	+	3	1.286407	I:	D:
9181	11436	+	1	1.329374	I:	D:
11515	13236	+	1	1.332559	I:	D:
13320	15056	+	3	1.306681	I:	D:
15142	15282	+	1	1.275238	I:	D:
15329	16588	+	2	1.315135	I:	D:
16791	17972	+	3	1.318320	I:	D:
18289	19647	+	1	1.314197	I:	D:
19711	20343	+	1	1.343044	I:	D:
20447	21235	+	2	1.305475	I:	D:
21450	21848	+	3	1.361403	I:	D:
22011	22352	+	3	1.480653	I:	D:
22473	22811	+	3	1.436373	I:	D:
22885	23658	+	1	1.304838	I:	D:
23691	24923	+	3	1.312101	I:	D:
24948	25514	+	3	1.332283	I:	D:
25758	26153	+	3	1.350939	I:	D:
26276	26821	+	2	1.310482	I:	D:
27158	28516	+	2	1.312743	I:	D:
28658	30190	-	2	1.344878	I:	D:
30248	31195	+	2	1.307797	I:	D:
31323	32423	+	3	1.337314	I:	D:
32457	33158	+	3	1.298339	I:	D:
33225	34610	+	3	1.292990	I:	D:
34632	36101	+	3	1.311267	I:	D:
36191	36643	+	2	1.314076	I:	D:
37088	38209	+	2	1.340777	I:	D:
38210	38932	+	2	1.331515	I:	D:
38945	40138	+	2	1.312968	I:	D:
40242	40709	+	3	1.297363	I:	D:
40803	42200	+	3	1.303964	I:	D:
42238	43002	-	1	1.320037	I:	D:
43240	43377	+	1	1.310450	I:	D:
43515	45827	+	3	1.308910	I:	D:
45830	47680	+	2	1.310079	I:	D:
47684	47968	+	2	1.318902	I:	D:
48131	49027	-	2	1.314101	I:	D:
49312	50514	+	1	1.360331	I:	D:
50570	52909	+	2	1.299353	I:	D:
53220	53777	+	3	1.304357	I:	D:
53817	54782	+	3	1.297307	I:	D:
54886	55230	+	1	1.324385	I:	D:
55458	56435	+	3	1.314593	I:	D:
56516	56875	+	2	1.293500	I:	D:
56878	57189	+	1	1.325687	I:	D:
57533	58801	+	2	1.339336	I:	D:
59062	59673	-	1	1.333553	I:	D:
60279	60983	+	3	1.356580	I:	D:
61218	63470	+	3	1.312876	I:	D:
63695	63901	-	2	1.326050	I:	D:
>YB3_15261
1	210	-	1	1.298379	I:	D:
493	1086	+	1	1.294722	I:	D:
1224	2513	+	3	1.368748	I:	D:
2676	4250	-	3	1.327017	I:	D:
4888	6450	-	1	1.318128	I:	D:
6638	9472	-	2	1.325495	I:	D:
9625	11625	-	1	1.335147	I:	D:
11867	13303	-	2	1.296703	I:	D:
13333	14526	-	1	1.311410	I:	D:
14733	15641	-	3	1.297753	I:	D:
15631	16317	-	1	1.309273	I:	D:
16336	17460	-	1	1.289620	I:	D:
17588	18703	-	2	1.294139	I:	D:
18877	19551	-	1	1.307675	I:	D:
19733	19909	+	2	1.302131	I:	D:
20050	21018	-	1	1.316218	I:	D:
21009	21386	-	3	1.256806	I:	D:
21559	22383	-	1	1.324884	I:	D:
22736	23158	-	2	1.269494	I:	D:
23227	23724	-	1	1.328156	I:	D:
23773	24669	-	1	1.310879	I:	D:
25076	25618	+	2	1.282542	I:	D:
25694	26032	+	2	1.302194	I:	D:
26140	26796	-	1	1.274432	I:	D:
26810	27010	-	2	1.284028	I:	D:
27060	27773	-	3	1.280703	I:	D:
27748	28329	-	1	1.270603	I:	D:
28408	29136	-	1	1.297278	I:	D:
29632	29775	-	1	1.305844	I:	D:
29902	30048	-	1	1.306277	I:	D:
30091	30900	-	1	1.315196	I:	D:
31206	31730	+	3	1.312446	I:	D:
31883	32680	-	2	1.321353	I:	D:
32677	33762	-	1	1.317965	I:	D:
34157	34459	-	2	1.285957	I:	D:
34673	35536	+	2	1.272259	I:	D:
35573	36580	+	2	1.285696	I:	D:
36797	38932	+	2	1.298990	I:	D:
39020	39613	-	2	1.290916	I:	D:
39730	40596	-	1	1.298794	I:	D:
40707	41255	-	3	1.339151	I:	D:
41320	41799	-	1	1.313138	I:	D:
41835	42776	-	3	1.319901	I:	D:
42856	43041	-	1	1.310969	I:	D:
43022	45235	-	2	1.307883	I:	D:
45522	46208	-	3	1.311769	I:	D:
46520	47305	+	2	1.327511	I:	D:
47435	48442	-	2	1.332076	I:	D:
48744	49196	-	3	1.308155	I:	D:
49243	49386	-	1	1.290354	I:	D:
49693	50994	-	1	1.306430	I:	D:
51004	51492	-	1	1.289024	I:	D:
51495	52538	-	3	1.313755	I:	D:
52662	55175	-	3	1.317172	I:	D:
55383	56300	+	3	1.334375	I:	D:
56362	56544	+	1	1.346740	I:	D:
56732	58753	-	2	1.303932	I:	D:
58866	59084	-	3	1.302344	I:	D:
59346	59789	+	3	1.361975	I:	D:
59806	60405	+	1	1.331538	I:	D:
>YB3_15458
411	608	+	3	1.401065	I:	D:
920	1657	-	2	1.337096	I:	D:
1654	2736	-	1	1.296959	I:	D:
2868	3452	-	3	1.286377	I:	D:
3456	4385	-	3	1.340800	I:	D:
4399	4836	-	1	1.323755	I:	D:
4839	5540	-	3	1.332830	I:	D:
5542	5979	-	1	1.311676	I:	D:
5992	6564	-	1	1.301852	I:	D:
6671	8989	-	2	1.308866	I:	D:
9259	9732	-	1	1.305913	I:	D:
9764	11083	-	2	1.290715	I:	D:
11224	12459	-	1	1.292134	I:	D:
12536	12985	-	2	1.305702	I:	D:
13114	13284	+	1	1.397331	I:	D:
13460	13612	+	2	1.346762	I:	D:
13672	15291	-	1	1.324843	I:	D:
15334	15810	-	1	1.299894	I:	D:
15868	16992	-	1	1.311912	I:	D:
17303	19870	-	2	1.299312	I:	D:
20177	20707	-	2	1.279992	I:	D:
21340	22080	+	1	1.324019	I:	D:
22102	23268	-	1	1.326084	I:	D:
23582	25072	+	2	1.327878	I:	D:
25282	26463	-	1	1.338422	I:	D:
27155	28450	-	2	1.317601	I:	D:
28481	29956	-	2	1.301972	I:	D:
30073	30696	-	1	1.280960	I:	D:
30689	31234	-	2	1.309033	I:	D:
31374	32165	+	3	1.336435	I:	D:
32186	33235	+	2	1.308859	I:	D:
33308	34636	-	2	1.319893	I:	D:
34754	36019	-	2	1.301377	I:	D:
36145	38412	-	1	1.306677	I:	D:
38541	39728	-	3	1.322512	I:	D:
39830	41008	-	2	1.331158	I:	D:
41390	43123	-	2	1.284327	I:	D:
43178	44440	-	2	1.291920	I:	D:
44957	45397	+	2	1.288867	I:	D:
45423	45593	-	3	1.318694	I:	D:
45673	45948	-	1	1.275069	I:	D:
46066	46485	-	1	1.353873	I:	D:
46527	46700	+	3	1.311030	I:	D:
46934	48613	-	2	1.244037	I:	D:
48625	49482	-	1	1.271314	I:	D:
49274	49417	+	2	1.294348	I:	D:
49472	50275	-	2	1.322402	I:	D:
50337	51170	-	3	1.301598	I:	D:
51285	51833	-	3	1.299747	I:	D:
52024	52227	-	1	1.257802	I:	D:
52477	52731	-	1	1.253723	I:	D:
52721	52951	-	2	1.256337	I:	D:
52878	53228	-	3	1.316580	I:	D:
53272	53511	+	1	1.304935	I:	D:
53528	56659	-	2	1.264027	I:	D:
56661	57905	-	3	1.273052	I:	D:
57898	58776	-	1	1.271921	I:	D:
58780	60468	-	1	1.255830	I:	D:
60461	60814	-	2	1.250395	I:	D:
60979	62328	-	1	1.326046	I:	D:
62581	63582	-	1	1.316129	I:	D:
63591	63827	-	3	1.301479	I:	D:
63979	64410	+	1	1.289547	I:	D:
64468	65523	+	1	1.303234	I:	D:
65707	66111	-	1	1.320962	I:	D:
66143	66571	-	2	1.288514	I:	D:
66887	67624	-	2	1.349239	I:	D:
67953	68756	-	3	1.334228	I:	D:
68789	69697	-	2	1.328289	I:	D:
69700	70584	-	1	1.301884	I:	D:
70819	71370	-	1	1.292021	I:	D:
71449	72417	-	1	1.292392	I:	D:
72568	73161	-	1	1.323510	I:	D:
73182	73577	-	3	1.314902	I:	D:
73617	73991	-	3	1.291931	I:	D:
74549	74767	-	2	1.295272	I:	D:
74801	75064	-	2	1.277249	I:	D:
75085	75840	-	1	1.322626	I:	D:
75848	76492	-	2	1.282506	I:	D:
76571	77890	-	2	1.298059	I:	D:
77892	78332	-	3	1.297439	I:	D:
78361	78558	-	1	1.264211	I:	D:
78595	79104	-	1	1.284477	I:	D:
79127	79495	-	2	1.266007	I:	D:
79515	80057	-	3	1.284013	I:	D:
80140	80535	-	1	1.291030	I:	D:
80709	80894	-	3	1.374489	I:	D:
80914	81453	-	1	1.295555	I:	D:
81475	81789	-	1	1.291055	I:	D:
81801	82169	-	3	1.290074	I:	D:
82218	82475	-	3	1.293114	I:	D:
82523	82723	-	2	1.269508	I:	D:
82713	83150	-	3	1.305408	I:	D:
83150	83809	-	2	1.288629	I:	D:
83842	84228	-	1	1.338866	I:	D:
84258	84533	-	3	1.336132	I:	D:
84597	85439	-	3	1.329452	I:	D:
85502	85801	-	2	1.275727	I:	D:
85801	86421	-	1	1.309904	I:	D:
86450	87085	-	2	1.302418	I:	D:
87342	87656	-	3	1.309769	I:	D:
88101	90017	-	3	1.323645	I:	D:
90057	92246	-	3	1.328237	I:	D:
92576	93475	+	2	1.354484	I:	D:
93555	94715	-	3	1.299522	I:	D:
94784	95905	-	2	1.315239	I:	D:
95947	96426	-	1	1.285468	I:	D:
97403	98089	-	2	1.297006	I:	D:
99004	99954	-	1	1.273711	I:	D:
100067	101185	-	2	1.258266	I:	D:
101517	101990	+	3	1.256453	I:	D:
102097	103290	-	1	1.313938	I:	D:
103601	105763	-	2	1.299083	I:	D:
105788	106258	-	2	1.312768	I:	D:
106539	107000	-	3	1.343480	I:	D:
107263	110967	-	1	1.301123	I:	D:
110985	114965	-	3	1.298027	I:	D:
115000	115137	-	1	1.263719	I:	D:
115257	115622	-	3	1.211789	I:	D:
115722	116216	-	3	1.281704	I:	D:
116709	117404	-	3	1.292229	I:	D:
117587	118012	-	2	1.279334	I:	D:
118084	118617	-	1	1.321297	I:	D:
118633	118836	-	1	1.275582	I:	D:
119374	120705	+	1	1.312025	I:	D:
120954	121331	-	3	1.288199	I:	D:
121383	122777	-	3	1.317147	I:	D:
122936	124075	-	2	1.326611	I:	D:
124258	125424	+	1	1.330362	I:	D:
125440	127365	-	1	1.305205	I:	D:
127514	128692	+	2	1.336247	I:	D:
128776	129948	-	1	1.308185	I:	D:
129991	131160	-	1	1.284811	I:	D:
131197	132066	-	1	1.294310	I:	D:
132102	133052	-	3	1.308495	I:	D:
133170	133571	-	3	1.271095	I:	D:
133552	133935	-	1	1.284507	I:	D:
134136	135035	-	3	1.277815	I:	D:
135099	136616	-	3	1.263337	I:	D:
136681	137595	-	1	1.258156	I:	D:
137619	138692	-	3	1.253631	I:	D:
138745	139782	-	1	1.246096	I:	D:
139819	141027	-	1	1.248709	I:	D:
141061	142191	-	1	1.234759	I:	D:
142202	143035	-	2	1.265524	I:	D:
143043	143960	-	3	1.255017	I:	D:
143950	145011	-	1	1.246322	I:	D:
145047	146414	-	3	1.299453	I:	D:
146472	147377	-	3	1.306458	I:	D:
147390	148403	-	3	1.285712	I:	D:
148543	149676	-	1	1.264984	I:	D:
149775	150746	+	3	1.310455	I:	D:
150747	151805	-	3	1.276377	I:	D:
151824	152978	-	3	1.287931	I:	D:
153003	153974	-	3	1.291002	I:	D:
154022	154834	-	2	1.323931	I:	D:
155052	155864	-	3	1.319264	I:	D:
156096	156572	-	3	1.307409	I:	D:
156642	157019	-	3	1.271009	I:	D:
157107	159251	-	3	1.283789	I:	D:
159263	159700	-	2	1.288743	I:	D:
159927	160151	-	3	1.277935	I:	D:
160153	160626	-	1	1.276467	I:	D:
160650	162260	-	3	1.300780	I:	D:
162302	163912	-	2	1.298637	I:	D:
163972	165906	-	1	1.292411	I:	D:
166071	166583	-	3	1.316234	I:	D:
166596	166946	-	3	1.285899	I:	D:
167060	167482	-	2	1.343704	I:	D:
167511	168257	-	3	1.349452	I:	D:
168250	170514	-	1	1.315734	I:	D:
170598	171005	-	3	1.309004	I:	D:
171049	171864	-	1	1.304697	I:	D:
171885	172658	-	3	1.298565	I:	D:
172680	173672	-	3	1.281421	I:	D:
174185	175366	-	2	1.305469	I:	D:
175765	176907	+	1	1.309597	I:	D:
176961	177137	-	3	1.346561	I:	D:
177313	178800	-	1	1.334393	I:	D:
179010	179264	-	3	1.319758	I:	D:
179328	179783	-	3	1.333885	I:	D:
180089	181846	-	2	1.307416	I:	D:
182286	182735	-	3	1.326485	I:	D:
182945	183583	-	2	1.314494	I:	D:
184127	184795	-	2	1.325928	I:	D:
184819	185712	-	1	1.314796	I:	D:
185917	187470	-	1	1.341578	I:	D:
187568	188395	+	2	1.332822	I:	D:
188520	189128	+	3	1.287862	I:	D:
189244	190656	-	1	1.324844	I:	D:
190811	192421	-	2	1.319810	I:	D:
192552	193028	-	3	1.320071	I:	D:
193082	194437	-	2	1.318808	I:	D:
194463	195203	-	3	1.309626	I:	D:
195312	196613	-	3	1.354110	I:	D:
196635	199541	-	3	1.317574	I:	D:
199565	201937	-	2	1.313300	I:	D:
201977	203662	-	2	1.318373	I:	D:
203883	205466	-	3	1.334547	I:	D:
205499	206617	-	2	1.303441	I:	D:
206874	207380	-	3	1.317671	I:	D:
207462	207608	-	3	1.229259	I:	D:
207686	208492	-	2	1.313226	I:	D:
208966	209862	-	1	1.254453	I:	D:
209878	211110	-	1	1.320551	I:	D:
211163	212101	-	2	1.313726	I:	D:
212197	213282	-	1	1.292529	I:	D:
213294	214382	-	3	1.335451	I:	D:
214405	216288	-	1	1.345962	I:	D:
216291	217367	-	3	1.324349	I:	D:
217371	218093	-	3	1.329263	I:	D:
218127	219329	-	3	1.327186	I:	D:
219369	220811	-	3	1.337538	I:	D:
220860	221909	-	3	1.344790	I:	D:
222118	223374	+	1	1.317108	I:	D:
223594	225582	-	1	1.335063	I:	D:
225617	227014	-	2	1.313498	I:	D:
227148	227696	-	3	1.357000	I:	D:
227851	228414	-	1	1.303982	I:	D:
228682	231567	-	1	1.317391	I:	D:
232100	233539	-	2	1.326576	I:	D:
233738	234847	-	2	1.341420	I:	D:
234973	235632	-	1	1.333550	I:	D:
235653	236042	-	3	1.269298	I:	D:
236149	236853	-	1	1.293579	I:	D:
236868	238376	-	3	1.318882	I:	D:
238645	239955	-	1	1.319534	I:	D:
240199	241728	-	1	1.321203	I:	D:
241963	242523	-	1	1.351204	I:	D:
243164	244390	+	2	1.308459	I:	D:
244669	245301	+	1	1.341165	I:	D:
245466	245645	-	3	1.345535	I:	D:
245726	246406	-	2	1.307096	I:	D:
246438	247400	-	3	1.298290	I:	D:
247647	249032	+	3	1.330299	I:	D:
249262	250842	+	1	1.307846	I:	D:
251320	251571	-	1	1.475158	I:	D:
251696	252400	-	2	1.287720	I:	D:
252990	253235	+	3	1.328702	I:	D:
253239	254042	+	3	1.381504	I:	D:
254151	255215	+	3	1.324279	I:	D:
255438	256256	-	3	1.294116	I:	D:
256364	257338	-	2	1.311724	I:	D:
257415	259889	-	3	1.302989	I:	D:
260123	261427	-	2	1.295333	I:	D:
261486	262247	-	3	1.270254	I:	D:
262476	263849	-	3	1.286105	I:	D:
263921	264367	-	2	1.269277	I:	D:
264484	265080	-	1	1.311463	I:	D:
265298	266230	-	2	1.305192	I:	D:
266305	268488	-	1	1.303807	I:	D:
268511	269917	-	2	1.295325	I:	D:
269931	270365	-	3	1.278585	I:	D:
270622	271083	-	1	1.276144	I:	D:
271134	272273	-	3	1.346568	I:	D:
272343	272696	-	3	1.389291	I:	D:
272873	276091	-	2	1.319005	I:	D:
276565	277962	-	1	1.318779	I:	D:
278174	279073	-	2	1.332861	I:	D:
279077	280021	-	2	1.319687	I:	D:
280014	280931	-	3	1.324125	I:	D:
281016	281768	-	3	1.331232	I:	D:
281845	281985	-	1	1.230197	I:	D:
282094	284388	-	1	1.344336	I:	D:
284388	284933	-	3	1.351463	I:	D:
284996	285787	-	2	1.333817	I:	D:
286027	287094	+	1	1.314144	I:	D:
287104	288105	+	1	1.362006	I:	D:
288105	288902	+	3	1.353023	I:	D:
288985	290229	+	1	1.346709	I:	D:
290240	291703	-	2	1.300929	I:	D:
291834	292862	-	3	1.318997	I:	D:
293091	293528	+	3	1.295243	I:	D:
293717	296083	-	2	1.283148	I:	D:
296171	298258	-	2	1.314927	I:	D:
298643	299278	+	2	1.319715	I:	D:
299453	300376	-	2	1.316602	I:	D:
300400	301152	-	1	1.326260	I:	D:
301142	302053	-	2	1.319093	I:	D:
302119	303114	-	1	1.314084	I:	D:
303129	303599	-	3	1.308503	I:	D:
303658	304254	-	1	1.303075	I:	D:
304242	305906	-	3	1.294340	I:	D:
>YB3_17642
1	321	+	1	1.332051	I:	D:
261	1442	+	3	1.325784	I:	D:
1652	1861	+	2	1.278859	I:	D:
1863	2318	+	3	1.285641	I:	D:
2318	3067	+	2	1.303295	I:	D:
3194	3601	+	2	1.293172	I:	D:
3684	4916	+	3	1.262350	I:	D:
5204	5752	+	2	1.300450	I:	D:
5786	5944	-	2	1.289099	I:	D:
6249	6518	+	3	1.286694	I:	D:
6518	6763	+	2	1.340674	I:	D:
6865	7302	+	1	1.315115	I:	D:
7312	7782	+	1	1.305774	I:	D:
7983	8963	+	3	1.307437	I:	D:
8963	9853	+	2	1.334525	I:	D:
10269	11798	+	3	1.312695	I:	D:
12215	13396	+	2	1.293436	I:	D:
13550	14563	+	2	1.349515	I:	D:
14596	15729	+	1	1.316059	I:	D:
15744	16376	+	3	1.317627	I:	D:
16370	17527	+	2	1.322534	I:	D:
17613	17894	+	3	1.344179	I:	D:
17839	18360	+	1	1.342670	I:	D:
18357	19424	+	3	1.310463	I:	D:
19428	20147	+	3	1.334364	I:	D:
20144	20926	+	2	1.313923	I:	D:
21012	22202	+	3	1.318220	I:	D:
22199	24700	+	2	1.324725	I:	D:
24694	25233	+	1	1.327190	I:	D:
25220	25990	+	2	1.352640	I:	D:
26024	26491	+	2	1.318860	I:	D:
26493	27080	+	3	1.319213	I:	D:
27220	28239	+	1	1.309255	I:	D:
28322	29434	+	2	1.327493	I:	D:
29569	31086	+	1	1.325094	I:	D:
31128	31814	-	3	1.321423	I:	D:
32114	33469	+	2	1.321201	I:	D:
33512	33745	+	2	1.311516	I:	D:
33820	35565	+	1	1.319117	I:	D:
35697	35870	+	3	1.258125	I:	D:
35797	36090	+	1	1.383043	I:	D:
36080	36871	+	2	1.295248	I:	D:
36973	37842	+	1	1.289142	I:	D:
37895	38308	+	2	1.283547	I:	D:
38446	38640	+	1	1.389636	I:	D:
38687	39151	+	2	1.272886	I:	D:
39175	40413	+	1	1.270924	I:	D:
40419	40709	+	3	1.333715	I:	D:
40699	41007	+	1	1.275934	I:	D:
41064	43988	+	3	1.308628	I:	D:
44074	44448	+	1	1.309899	I:	D:
44462	45415	+	2	1.319087	I:	D:
45439	46347	+	1	1.327321	I:	D:
46379	47305	+	2	1.329013	I:	D:
47533	47799	+	1	1.270153	I:	D:
48012	50096	+	3	1.301145	I:	D:
50152	50637	+	1	1.306163	I:	D:
50832	52196	+	3	1.313549	I:	D:
52266	53009	+	3	1.272018	I:	D:
53283	54047	+	3	1.326704	I:	D:
54050	54607	+	2	1.335702	I:	D:
54781	56187	-	1	1.321499	I:	D:
56209	57213	-	1	1.326112	I:	D:
57796	59310	+	1	1.319354	I:	D:
59576	61063	+	2	1.311615	I:	D:
61330	61920	+	1	1.323873	I:	D:
62072	62413	-	2	1.287414	I:	D:
62558	62686	+	2	1.307345	I:	D:
62789	63133	-	2	1.294135	I:	D:
63294	64658	-	3	1.341425	I:	D:
64670	65404	-	2	1.310374	I:	D:
65627	66739	-	2	1.309276	I:	D:
67062	70946	+	3	1.303832	I:	D:
71360	73090	+	2	1.279435	I:	D:
73145	74023	+	2	1.297685	I:	D:
74047	75429	+	1	1.299945	I:	D:
75671	76300	-	2	1.278774	I:	D:
76531	77181	+	1	1.299147	I:	D:
77345	78790	+	2	1.272627	I:	D:
78807	79655	+	3	1.285577	I:	D:
79659	80027	+	3	1.279557	I:	D:
80074	81225	+	1	1.285700	I:	D:
81474	82907	+	3	1.318635	I:	D:
83106	85073	+	3	1.288993	I:	D:
85206	86186	+	3	1.317245	I:	D:
86439	87053	+	3	1.313139	I:	D:
87074	88492	+	2	1.305965	I:	D:
88496	89203	+	2	1.305890	I:	D:
89219	90085	+	2	1.322334	I:	D:
90054	91139	+	3	1.278669	I:	D:
91356	92111	-	3	1.338096	I:	D:
92425	93252	+	1	1.294977	I:	D:
94056	94196	+	3	1.337436	I:	D:
94628	95947	+	2	1.318510	I:	D:
95961	96932	+	3	1.320940	I:	D:
96934	97596	+	1	1.284234	I:	D:
97589	98254	+	2	1.320019	I:	D:
98271	98843	+	3	1.330939	I:	D:
98859	99653	+	3	1.369370	I:	D:
99853	102456	+	1	1.276088	I:	D:
102471	103787	+	3	1.274273	I:	D:
104230	104451	+	1	1.332097	I:	D:
104503	104712	+	1	1.232044	I:	D:
104951	105361	+	2	1.330559	I:	D:
106003	106986	+	1	1.313600	I:	D:
107236	111111	+	1	1.303698	I:	D:
111493	112560	+	1	1.307634	I:	D:
112619	114226	+	2	1.293732	I:	D:
114424	115086	+	1	1.296962	I:	D:
115202	116422	-	2	1.322887	I:	D:
116831	118270	+	2	1.310863	I:	D:
118386	120218	+	3	1.308167	I:	D:
120441	121130	+	3	1.299552	I:	D:
121240	122724	+	1	1.332677	I:	D:
122771	123292	+	2	1.352911	I:	D:
123298	123711	+	1	1.303991	I:	D:
123823	124353	+	1	1.315250	I:	D:
124392	125702	-	3	1.283708	I:	D:
