>Y7.M002_1
1	171	+	1	1.399389	I:	D:
463	3357	-	1	1.259539	I:	D:
3789	5822	+	3	1.289614	I:	D:
6010	6993	+	1	1.258784	I:	D:
7560	8987	+	3	1.290173	I:	D:
9061	9990	+	1	1.271273	I:	D:
9987	10895	+	3	1.268885	I:	D:
10939	11562	+	1	1.253246	I:	D:
11799	13262	-	3	1.265419	I:	D:
13294	13956	+	1	1.306467	I:	D:
13995	16082	+	3	1.271922	I:	D:
16079	17794	+	2	1.282258	I:	D:
17836	19860	+	1	1.296654	I:	D:
19921	20058	+	1	1.396974	I:	D:
20075	20332	+	2	1.347861	I:	D:
20606	21241	-	2	1.296455	I:	D:
21390	21533	+	3	1.369827	I:	D:
21606	21947	+	3	1.325193	I:	D:
22183	23172	+	1	1.314042	I:	D:
23329	24684	-	1	1.309509	I:	D:
24687	25667	-	3	1.303278	I:	D:
25909	26712	-	1	1.296444	I:	D:
26879	27406	-	2	1.241420	I:	D:
27549	28583	-	3	1.296849	I:	D:
28915	29277	-	1	1.315947	I:	D:
29295	29429	-	3	1.305644	I:	D:
29550	31223	+	3	1.287023	I:	D:
31785	32909	+	3	1.254634	I:	D:
33048	34307	+	3	1.295361	I:	D:
34307	34792	+	2	1.305633	I:	D:
34810	34968	-	1	1.350096	I:	D:
35068	37185	+	1	1.247093	I:	D:
37239	39953	+	3	1.243128	I:	D:
40029	40565	+	3	1.265533	I:	D:
40949	42295	-	2	1.239344	I:	D:
42537	43040	+	3	1.282286	I:	D:
43400	43618	+	2	1.370086	I:	D:
43830	44606	+	3	1.332370	I:	D:
44925	45908	+	3	1.292745	I:	D:
46027	47349	-	1	1.265439	I:	D:
47499	48194	-	3	1.264671	I:	D:
48280	48456	+	1	1.389221	I:	D:
49020	49397	-	3	1.397796	I:	D:
50158	52914	-	1	1.264380	I:	D:
53093	55015	+	2	1.293181	I:	D:
55193	56821	+	2	1.266884	I:	D:
56942	58042	-	2	1.247169	I:	D:
58170	58550	+	3	1.287479	I:	D:
58662	59099	-	3	1.298743	I:	D:
59454	61898	+	3	1.237705	I:	D:
62162	62383	-	2	1.303581	I:	D:
62414	62560	+	2	1.353233	I:	D:
62570	63364	+	2	1.307964	I:	D:
63742	65157	+	1	1.296691	I:	D:
65366	65860	-	2	1.245576	I:	D:
65977	66780	+	1	1.264741	I:	D:
66784	67875	+	1	1.289446	I:	D:
68109	68756	+	3	1.240217	I:	D:
68793	68948	+	3	1.385894	I:	D:
68968	71055	-	1	1.259008	I:	D:
71052	71996	-	3	1.278147	I:	D:
71993	73459	-	2	1.253276	I:	D:
73456	74967	-	1	1.283936	I:	D:
74964	76535	-	3	1.259551	I:	D:
76574	77089	-	2	1.297548	I:	D:
77117	77824	-	2	1.252154	I:	D:
78033	80435	+	3	1.264005	I:	D:
80726	82003	-	2	1.309672	I:	D:
81993	82652	-	3	1.323542	I:	D:
82657	82821	-	1	1.348125	I:	D:
82962	84032	+	3	1.292274	I:	D:
84129	85112	+	3	1.268734	I:	D:
>Y7.M002_2
1	1365	+	1	1.243069	I:	D:
1381	1647	+	1	1.321791	I:	D:
1678	2712	-	1	1.286455	I:	D:
2941	3219	-	1	1.238191	I:	D:
3603	5420	-	3	1.292060	I:	D:
5562	6602	-	3	1.251143	I:	D:
6958	8010	-	1	1.251330	I:	D:
8318	9667	-	2	1.253539	I:	D:
10120	11721	-	1	1.263987	I:	D:
10060	11949	+	1	1.380472	I:	D:
12053	12865	-	2	1.240507	I:	D:
12910	13788	-	1	1.274202	I:	D:
13874	15160	-	2	1.269327	I:	D:
15500	17377	+	2	1.287626	I:	D:
17493	18149	-	3	1.281939	I:	D:
18338	19852	-	2	1.252807	I:	D:
20077	21162	-	1	1.264442	I:	D:
21464	21655	-	2	1.242013	I:	D:
21744	21887	-	3	1.274391	I:	D:
>Y7.M002_3
4	1371	-	1	1.281582	I:	D:
1646	3634	+	2	1.262679	I:	D:
4014	6545	+	3	1.293938	I:	D:
6787	7797	-	1	1.296521	I:	D:
8079	9527	+	3	1.248086	I:	D:
9926	11008	+	2	1.321538	I:	D:
11588	12091	+	2	1.318274	I:	D:
12088	13104	+	1	1.304815	I:	D:
13327	15657	-	1	1.265435	I:	D:
15654	18353	-	3	1.256358	I:	D:
18662	19729	+	2	1.245475	I:	D:
19940	21226	+	2	1.267260	I:	D:
>Y7.M002_4
1	144	-	1	1.281627	I:	D:
377	1000	-	2	1.318805	I:	D:
1008	1265	+	3	1.373148	I:	D:
1283	1720	+	2	1.338218	I:	D:
1966	2601	-	1	1.322416	I:	D:
2614	3900	-	1	1.329759	I:	D:
3834	5273	-	3	1.323446	I:	D:
5497	5973	-	1	1.297246	I:	D:
6327	6635	-	3	1.336452	I:	D:
6705	6878	-	3	1.341757	I:	D:
6875	7024	-	2	1.309342	I:	D:
7009	8409	+	1	1.288110	I:	D:
8627	10393	-	2	1.293184	I:	D:
10497	11063	-	3	1.299600	I:	D:
11170	11361	-	1	1.389067	I:	D:
>Y7.M002_5
139	2208	+	1	1.272944	I:	D:
2307	3866	-	3	1.342016	I:	D:
4145	5059	+	2	1.334232	I:	D:
5094	5504	+	3	1.290560	I:	D:
5626	7131	+	1	1.296643	I:	D:
7242	8015	-	3	1.268825	I:	D:
8074	9357	-	1	1.292948	I:	D:
9559	11214	+	1	1.274863	I:	D:
11404	12384	+	1	1.296208	I:	D:
12381	13301	+	3	1.304211	I:	D:
13298	14083	+	2	1.274194	I:	D:
14095	14874	+	1	1.312029	I:	D:
14999	15133	-	2	1.363242	I:	D:
15314	16324	+	2	1.262829	I:	D:
16350	17585	+	3	1.285478	I:	D:
17803	20598	+	1	1.275665	I:	D:
20626	22551	+	1	1.311360	I:	D:
22640	23203	+	2	1.293102	I:	D:
23254	23847	+	1	1.309864	I:	D:
24045	25472	-	3	1.279477	I:	D:
25491	27074	+	3	1.295155	I:	D:
27180	29264	+	3	1.293593	I:	D:
29625	30818	+	3	1.282053	I:	D:
31007	31996	+	2	1.257243	I:	D:
32213	34201	+	2	1.281555	I:	D:
34283	34417	+	2	1.342487	I:	D:
34707	35294	-	3	1.304056	I:	D:
35594	36250	+	2	1.269604	I:	D:
36237	36911	+	3	1.290475	I:	D:
36904	37740	+	1	1.248013	I:	D:
37750	38721	+	1	1.264112	I:	D:
38976	39998	+	3	1.262296	I:	D:
40038	40916	+	3	1.275568	I:	D:
41058	42119	+	3	1.251502	I:	D:
42125	42784	+	2	1.278258	I:	D:
42847	44025	+	1	1.288849	I:	D:
44402	44875	+	2	1.298555	I:	D:
45015	45272	+	3	1.290619	I:	D:
45456	46427	+	3	1.281782	I:	D:
46441	46635	+	1	1.377248	I:	D:
46902	47339	-	3	1.296498	I:	D:
47638	48372	+	1	1.296300	I:	D:
48397	49518	+	1	1.266385	I:	D:
49521	50993	+	3	1.298892	I:	D:
51083	52999	-	2	1.289822	I:	D:
53171	54160	+	2	1.307331	I:	D:
54224	54721	+	2	1.264360	I:	D:
54705	55874	+	3	1.273052	I:	D:
55880	56359	+	2	1.328678	I:	D:
56637	58712	+	3	1.298188	I:	D:
58729	59826	+	1	1.320160	I:	D:
60020	61015	+	2	1.293011	I:	D:
61069	61764	+	1	1.274669	I:	D:
61768	62931	+	1	1.287955	I:	D:
63047	63988	+	2	1.274643	I:	D:
64021	65436	+	1	1.273503	I:	D:
65592	66854	-	3	1.263365	I:	D:
66954	67988	-	3	1.241505	I:	D:
68007	69521	-	3	1.271049	I:	D:
69784	71418	+	1	1.338464	I:	D:
71415	71642	+	3	1.287683	I:	D:
71763	75497	-	3	1.253222	I:	D:
75606	76358	-	3	1.247574	I:	D:
76495	77757	-	1	1.278675	I:	D:
77784	78965	+	3	1.310327	I:	D:
79098	80123	-	3	1.256572	I:	D:
80125	80430	+	1	1.366372	I:	D:
80585	81625	+	2	1.284308	I:	D:
82064	82354	+	2	1.391324	I:	D:
82370	82741	+	2	1.307257	I:	D:
82747	83217	+	1	1.288892	I:	D:
83248	85377	+	1	1.256203	I:	D:
85547	86746	+	2	1.264632	I:	D:
86928	87491	+	3	1.243593	I:	D:
87514	87957	+	1	1.299543	I:	D:
88045	89262	+	1	1.277702	I:	D:
89255	92635	+	2	1.254997	I:	D:
92638	93579	+	1	1.305274	I:	D:
93652	94239	+	1	1.308216	I:	D:
94387	96246	-	1	1.255767	I:	D:
96459	96743	+	3	1.262682	I:	D:
96921	98135	+	3	1.285222	I:	D:
98150	100381	+	2	1.310918	I:	D:
100460	101170	+	2	1.271621	I:	D:
101267	102229	+	2	1.280534	I:	D:
102367	103041	-	1	1.290748	I:	D:
103127	104719	+	2	1.271894	I:	D:
104763	106346	+	3	1.304410	I:	D:
106479	107309	+	3	1.300865	I:	D:
107398	107589	+	1	1.282236	I:	D:
107589	109055	+	3	1.310329	I:	D:
109196	109996	-	2	1.298960	I:	D:
109993	110352	-	1	1.294789	I:	D:
110499	110780	-	3	1.248771	I:	D:
110934	113369	-	3	1.310572	I:	D:
113512	114954	-	1	1.268745	I:	D:
115071	116552	-	3	1.301124	I:	D:
116549	116872	-	2	1.352247	I:	D:
117027	117593	-	3	1.276660	I:	D:
117590	118609	-	2	1.301358	I:	D:
118606	119673	-	1	1.299654	I:	D:
119674	120201	-	1	1.309902	I:	D:
120198	121151	-	3	1.313435	I:	D:
121148	122215	-	2	1.294332	I:	D:
122234	122944	-	2	1.315717	I:	D:
123113	123799	+	2	1.307845	I:	D:
124076	125692	+	2	1.226024	I:	D:
125823	126329	-	3	1.336697	I:	D:
126220	127095	+	1	1.299245	I:	D:
127099	127830	+	1	1.294364	I:	D:
127842	129671	+	3	1.302847	I:	D:
129830	130219	+	2	1.287976	I:	D:
130223	131404	+	2	1.291839	I:	D:
131480	132496	-	2	1.299347	I:	D:
132638	135223	+	2	1.249944	I:	D:
135325	136650	-	1	1.292644	I:	D:
136834	138372	+	1	1.317025	I:	D:
138482	139894	+	2	1.274082	I:	D:
140044	140802	+	1	1.274749	I:	D:
140976	142412	-	3	1.248859	I:	D:
142529	143920	+	2	1.285434	I:	D:
143965	145764	+	1	1.258501	I:	D:
145923	147476	+	3	1.282093	I:	D:
147473	148237	+	2	1.265109	I:	D:
148414	148548	+	1	1.331090	I:	D:
148689	149486	+	3	1.272183	I:	D:
149526	150365	+	3	1.294354	I:	D:
150365	151042	+	2	1.262942	I:	D:
151049	152191	+	2	1.278027	I:	D:
152547	153080	-	3	1.342782	I:	D:
153344	155926	-	2	1.274895	I:	D:
155986	157380	+	1	1.295893	I:	D:
157462	159051	+	1	1.285228	I:	D:
159142	160800	+	1	1.283095	I:	D:
160905	161525	+	3	1.252592	I:	D:
161528	162229	+	2	1.259498	I:	D:
162345	163688	+	3	1.300924	I:	D:
164013	164333	-	3	1.395195	I:	D:
164405	165775	+	2	1.298835	I:	D:
165899	166570	-	2	1.303210	I:	D:
166575	167504	-	3	1.289083	I:	D:
167563	169485	-	1	1.273222	I:	D:
169572	170942	-	3	1.328815	I:	D:
170939	172468	-	2	1.317201	I:	D:
172468	172920	-	1	1.296531	I:	D:
173093	174055	-	2	1.292377	I:	D:
174298	175611	+	1	1.234827	I:	D:
175878	176429	+	3	1.247319	I:	D:
176544	178160	+	3	1.297240	I:	D:
178160	178978	+	2	1.299425	I:	D:
178987	180006	+	1	1.295179	I:	D:
180139	180930	+	1	1.295155	I:	D:
>Y7.M002_6
358	1071	-	1	1.257692	I:	D:
1153	2928	+	1	1.287909	I:	D:
3021	3656	+	3	1.287767	I:	D:
3882	4652	-	3	1.328547	I:	D:
4664	4966	-	2	1.296134	I:	D:
5257	5910	-	1	1.300796	I:	D:
6191	7312	+	2	1.279440	I:	D:
7347	7832	+	3	1.337838	I:	D:
7906	8469	-	1	1.345977	I:	D:
8497	8835	-	1	1.399315	I:	D:
8950	11589	+	1	1.282342	I:	D:
11700	11837	+	3	1.311332	I:	D:
11920	12843	+	1	1.266608	I:	D:
12959	13654	-	2	1.237867	I:	D:
13683	14633	-	3	1.259919	I:	D:
14635	15453	-	1	1.278667	I:	D:
15529	16491	-	1	1.270402	I:	D:
16491	17909	-	3	1.284963	I:	D:
17913	18338	-	3	1.257969	I:	D:
18338	19351	-	2	1.275520	I:	D:
19561	22737	-	1	1.296786	I:	D:
22747	23586	-	1	1.289994	I:	D:
23616	25922	-	3	1.244784	I:	D:
26084	26641	-	2	1.276107	I:	D:
26733	27788	-	3	1.287895	I:	D:
27900	28751	-	3	1.273698	I:	D:
28857	30113	-	3	1.264160	I:	D:
30350	30811	-	2	1.292086	I:	D:
31010	32557	-	2	1.263798	I:	D:
32559	37256	-	3	1.249892	I:	D:
37439	38860	+	2	1.290175	I:	D:
38906	40030	+	2	1.304745	I:	D:
40027	41526	+	1	1.304595	I:	D:
41543	42340	+	2	1.279819	I:	D:
42494	43699	-	2	1.306337	I:	D:
43699	45579	-	1	1.262155	I:	D:
45736	45996	+	1	1.272840	I:	D:
46094	46843	-	2	1.315950	I:	D:
47034	48161	-	3	1.261420	I:	D:
48524	48697	+	2	1.381579	I:	D:
48723	49136	-	3	1.279700	I:	D:
49222	49590	-	1	1.315086	I:	D:
49587	50030	-	3	1.329343	I:	D:
50558	51154	-	2	1.231626	I:	D:
51440	52435	+	2	1.319453	I:	D:
52652	52822	+	2	1.363440	I:	D:
52825	53004	+	1	1.237695	I:	D:
53018	53248	+	2	1.308430	I:	D:
53359	53607	+	1	1.353616	I:	D:
53613	56129	+	3	1.338580	I:	D:
56195	57187	-	2	1.315337	I:	D:
57153	57293	-	3	1.345599	I:	D:
57324	59507	-	3	1.317133	I:	D:
59510	60034	-	2	1.300512	I:	D:
59941	60174	-	1	1.355614	I:	D:
60486	60695	+	3	1.360358	I:	D:
60673	61329	+	1	1.327536	I:	D:
61404	62687	+	3	1.349504	I:	D:
63057	63272	+	3	1.357377	I:	D:
63342	64709	-	3	1.352399	I:	D:
64955	66400	-	2	1.246519	I:	D:
66401	66706	-	2	1.237645	I:	D:
66710	67855	-	2	1.265174	I:	D:
68092	70128	+	1	1.287414	I:	D:
70332	71330	-	3	1.283088	I:	D:
71323	72744	-	1	1.281943	I:	D:
72794	73339	-	2	1.300855	I:	D:
73336	74475	-	1	1.302617	I:	D:
74515	74850	-	1	1.266602	I:	D:
74935	75753	-	1	1.298645	I:	D:
76007	76873	+	2	1.290300	I:	D:
77021	78265	+	2	1.279918	I:	D:
78463	79050	-	1	1.293562	I:	D:
79194	79745	-	3	1.294645	I:	D:
79751	81025	-	2	1.275364	I:	D:
81022	81801	-	1	1.253091	I:	D:
81820	83043	-	1	1.293577	I:	D:
83049	84545	-	3	1.286914	I:	D:
84726	86408	-	3	1.329489	I:	D:
86555	88216	-	2	1.265023	I:	D:
88349	93607	-	2	1.271465	I:	D:
94014	94463	-	3	1.278140	I:	D:
94484	96112	-	2	1.295769	I:	D:
96120	97313	-	3	1.297662	I:	D:
97334	97831	+	2	1.323895	I:	D:
97834	99018	-	1	1.297413	I:	D:
99015	99488	-	3	1.353779	I:	D:
99499	102177	-	1	1.257563	I:	D:
102267	102503	-	3	1.279732	I:	D:
102503	102886	-	2	1.279924	I:	D:
102982	103665	-	1	1.315264	I:	D:
103710	104075	+	3	1.316768	I:	D:
104203	104829	-	1	1.270485	I:	D:
105108	105944	-	3	1.301847	I:	D:
105944	107158	-	2	1.280783	I:	D:
107165	107563	-	2	1.247215	I:	D:
107683	110400	-	1	1.309820	I:	D:
110531	111112	+	2	1.264529	I:	D:
111170	112561	+	2	1.267782	I:	D:
112672	114507	-	1	1.331458	I:	D:
114786	116015	-	3	1.244976	I:	D:
116104	117774	-	1	1.272828	I:	D:
117972	120449	-	3	1.263643	I:	D:
120906	122468	+	3	1.257696	I:	D:
122510	122746	+	2	1.396104	I:	D:
122892	124232	-	3	1.299491	I:	D:
124459	124599	+	1	1.346563	I:	D:
124672	125841	+	1	1.314800	I:	D:
125958	128081	-	3	1.285609	I:	D:
128164	128823	-	1	1.296384	I:	D:
128830	129738	-	1	1.293934	I:	D:
129800	132652	-	2	1.311152	I:	D:
132642	133406	-	3	1.260023	I:	D:
133586	134605	+	2	1.330422	I:	D:
134954	135754	-	2	1.420952	I:	D:
>Y7.M002_7
1	132	-	1	1.346012	I:	D:
487	1014	-	1	1.400245	I:	D:
1225	1473	+	1	1.400452	I:	D:
1496	2158	-	2	1.322658	I:	D:
2243	3070	-	2	1.281088	I:	D:
3115	3936	-	1	1.314758	I:	D:
3969	5228	-	3	1.312781	I:	D:
5485	5688	+	1	1.296941	I:	D:
5805	5933	-	3	1.326359	I:	D:
5984	6220	+	2	1.313926	I:	D:
6635	8233	-	2	1.276438	I:	D:
8250	9233	-	3	1.285060	I:	D:
9273	11384	-	3	1.292142	I:	D:
11387	12055	-	2	1.332060	I:	D:
12141	13616	-	3	1.262574	I:	D:
13784	14668	-	2	1.270079	I:	D:
14800	15888	+	1	1.315110	I:	D:
16085	16978	+	2	1.302864	I:	D:
16981	17817	+	1	1.293900	I:	D:
17854	18351	-	1	1.299937	I:	D:
18360	18956	-	3	1.278685	I:	D:
19094	21349	+	2	1.284425	I:	D:
21365	22093	+	2	1.278140	I:	D:
22113	23189	+	3	1.290786	I:	D:
23203	23925	-	1	1.353268	I:	D:
23973	24779	-	3	1.319822	I:	D:
24846	25286	+	3	1.334206	I:	D:
25287	26819	-	3	1.313332	I:	D:
26816	29917	-	2	1.321453	I:	D:
29951	30250	-	2	1.333470	I:	D:
30490	31944	+	1	1.309728	I:	D:
32127	32348	-	3	1.314046	I:	D:
32017	33447	+	1	1.302959	I:	D:
33462	35306	+	3	1.339457	I:	D:
35337	35690	+	3	1.290886	I:	D:
35793	37691	-	3	1.279451	I:	D:
37359	38300	+	3	1.303585	I:	D:
38427	38906	-	3	1.252869	I:	D:
38949	39356	-	3	1.269298	I:	D:
39408	40868	-	3	1.318189	I:	D:
40902	41477	-	3	1.302329	I:	D:
41701	42696	-	1	1.282662	I:	D:
42724	43290	-	1	1.281277	I:	D:
43299	43862	-	3	1.325523	I:	D:
43941	45239	-	3	1.258492	I:	D:
45377	48925	-	2	1.292584	I:	D:
48915	49532	-	3	1.285590	I:	D:
49602	50162	-	3	1.324429	I:	D:
50223	53489	-	3	1.291469	I:	D:
53538	54863	+	3	1.323310	I:	D:
55004	55231	-	2	1.326362	I:	D:
55231	57690	-	1	1.273245	I:	D:
57839	58174	-	2	1.276924	I:	D:
58171	58968	-	1	1.305295	I:	D:
59221	60072	+	1	1.359288	I:	D:
60175	60645	-	1	1.260328	I:	D:
61132	61938	-	1	1.281333	I:	D:
61967	62923	-	2	1.306652	I:	D:
62920	64491	-	1	1.298562	I:	D:
64618	65805	-	1	1.320962	I:	D:
66163	66960	+	1	1.327230	I:	D:
67095	68558	-	3	1.259880	I:	D:
68645	71191	-	2	1.313093	I:	D:
71216	72619	-	2	1.306883	I:	D:
72671	72910	+	2	1.353747	I:	D:
73036	73872	+	1	1.319332	I:	D:
73869	74657	+	3	1.275019	I:	D:
74798	76870	-	2	1.275944	I:	D:
76977	77687	-	3	1.284482	I:	D:
78038	79327	-	2	1.236672	I:	D:
79489	80301	-	1	1.299323	I:	D:
80518	81264	-	1	1.303970	I:	D:
81337	82173	-	1	1.294760	I:	D:
82294	82884	-	1	1.248828	I:	D:
82922	83518	-	2	1.304612	I:	D:
83530	84447	-	1	1.283499	I:	D:
83803	85941	+	1	1.313733	I:	D:
86046	87062	+	3	1.279252	I:	D:
87273	88100	-	3	1.302542	I:	D:
88159	88398	-	1	1.296983	I:	D:
88404	88649	+	3	1.400679	I:	D:
>Y7.M002_8
2	175	+	2	1.256833	I:	D:
423	1517	-	3	1.241766	I:	D:
1535	2335	-	2	1.268369	I:	D:
2380	3723	-	1	1.290066	I:	D:
3901	6510	+	1	1.320376	I:	D:
6587	7333	+	2	1.290152	I:	D:
>Y7.M002_9
72	680	-	3	1.357538	I:	D:
687	1835	-	3	1.308465	I:	D:
1916	2236	-	2	1.294537	I:	D:
2267	3763	-	2	1.273254	I:	D:
3794	4993	-	2	1.283090	I:	D:
5105	5275	-	2	1.298994	I:	D:
5615	5845	-	2	1.363849	I:	D:
5965	6258	-	1	1.239255	I:	D:
6512	7711	-	2	1.298165	I:	D:
7810	8433	-	1	1.321573	I:	D:
8432	9190	+	2	1.298917	I:	D:
9288	9470	+	3	1.299669	I:	D:
9647	10336	+	2	1.320117	I:	D:
10431	10697	-	3	1.268356	I:	D:
10694	14314	-	2	1.272447	I:	D:
14323	15714	-	1	1.294253	I:	D:
15978	16358	-	3	1.251155	I:	D:
16470	16991	-	3	1.251886	I:	D:
17399	18787	+	2	1.234717	I:	D:
18945	19838	-	3	1.290935	I:	D:
20220	20999	-	3	1.260737	I:	D:
21041	22036	-	2	1.275014	I:	D:
22036	22989	-	1	1.248918	I:	D:
23168	24298	-	2	1.254715	I:	D:
24620	25324	-	2	1.250328	I:	D:
25405	26790	-	1	1.277228	I:	D:
26823	26972	-	3	1.350644	I:	D:
26977	27684	-	1	1.228594	I:	D:
27745	28953	-	1	1.267488	I:	D:
29059	30192	-	1	1.266887	I:	D:
30369	31709	-	3	1.267876	I:	D:
31702	33180	-	1	1.228960	I:	D:
33329	34018	-	2	1.284933	I:	D:
34060	34887	-	1	1.261094	I:	D:
34975	35991	-	1	1.242492	I:	D:
36072	37610	-	3	1.289863	I:	D:
37773	38636	-	3	1.262385	I:	D:
38744	40954	-	2	1.289738	I:	D:
41066	41626	-	2	1.259356	I:	D:
41810	44479	-	2	1.245313	I:	D:
44708	44977	-	2	1.281368	I:	D:
45109	45888	-	1	1.288165	I:	D:
46081	47898	-	1	1.270362	I:	D:
48061	48519	-	1	1.332231	I:	D:
48840	58172	-	3	1.251312	I:	D:
58257	59921	-	3	1.249141	I:	D:
59921	61831	-	2	1.268452	I:	D:
62060	62653	+	2	1.217108	I:	D:
62687	63586	-	2	1.295150	I:	D:
63667	65766	-	1	1.289061	I:	D:
65852	66631	+	2	1.305096	I:	D:
66829	67521	-	1	1.241594	I:	D:
67536	67967	-	3	1.253476	I:	D:
68182	68979	-	1	1.255963	I:	D:
69004	69231	-	1	1.232877	I:	D:
69567	70790	-	3	1.276124	I:	D:
70912	72045	-	1	1.280153	I:	D:
72126	73817	-	3	1.241396	I:	D:
74010	74261	-	3	1.249973	I:	D:
74302	74610	-	1	1.265534	I:	D:
74763	77576	-	3	1.268647	I:	D:
78082	79287	-	1	1.264008	I:	D:
79108	80361	+	1	1.285972	I:	D:
80409	81914	-	3	1.277489	I:	D:
81911	82636	-	2	1.264039	I:	D:
82765	83514	-	1	1.277903	I:	D:
83514	84164	-	3	1.297454	I:	D:
84284	84649	-	2	1.261407	I:	D:
84991	86688	-	1	1.230281	I:	D:
87103	88110	-	1	1.288277	I:	D:
88871	90172	-	2	1.297212	I:	D:
90336	91604	-	3	1.280411	I:	D:
91678	93000	-	1	1.266517	I:	D:
93286	94050	+	1	1.256755	I:	D:
94197	94871	+	3	1.236149	I:	D:
95039	95473	-	2	1.290162	I:	D:
95622	96692	+	3	1.271668	I:	D:
96892	97218	-	1	1.280848	I:	D:
97336	97830	+	1	1.311260	I:	D:
97830	98600	+	3	1.272331	I:	D:
98615	99241	+	2	1.279040	I:	D:
99358	99552	+	1	1.301296	I:	D:
99875	100702	+	2	1.272710	I:	D:
100740	100919	-	3	1.354770	I:	D:
100961	102832	+	2	1.254282	I:	D:
102862	103410	+	1	1.246071	I:	D:
103811	104350	-	2	1.389434	I:	D:
104544	106724	-	3	1.270405	I:	D:
106831	107646	-	1	1.305901	I:	D:
107656	109329	+	1	1.286178	I:	D:
109501	111150	+	1	1.261168	I:	D:
111276	112310	-	3	1.321615	I:	D:
112739	113188	+	2	1.236530	I:	D:
113191	113424	+	1	1.266665	I:	D:
113446	114033	+	1	1.272659	I:	D:
114167	115096	+	2	1.282880	I:	D:
115147	115749	-	1	1.292190	I:	D:
115794	118484	-	3	1.308681	I:	D:
118878	119072	-	3	1.309678	I:	D:
119368	121368	-	1	1.303134	I:	D:
121753	123081	+	1	1.287652	I:	D:
123378	124112	-	3	1.275880	I:	D:
123978	124928	+	3	1.326886	I:	D:
125165	126493	+	2	1.239507	I:	D:
126573	127586	+	3	1.257263	I:	D:
127943	129133	-	2	1.258445	I:	D:
129252	129926	-	3	1.286035	I:	D:
130096	131301	-	1	1.281854	I:	D:
131301	132527	-	3	1.297049	I:	D:
132646	133551	+	1	1.282794	I:	D:
133642	134790	-	1	1.303034	I:	D:
134971	136299	-	1	1.272374	I:	D:
136594	137592	-	1	1.234230	I:	D:
137797	138687	-	1	1.291316	I:	D:
139176	140507	-	3	1.261517	I:	D:
140924	142102	-	2	1.282588	I:	D:
142544	143233	-	2	1.265016	I:	D:
143314	144717	-	1	1.266757	I:	D:
144846	144977	+	3	1.369708	I:	D:
145066	145887	+	1	1.291177	I:	D:
146008	147531	-	1	1.306253	I:	D:
148013	149542	-	2	1.234868	I:	D:
149602	149850	+	1	1.378304	I:	D:
149852	150949	-	2	1.327555	I:	D:
150433	150600	-	1	1.355196	I:	D:
150667	150840	-	1	1.307589	I:	D:
150949	151320	+	1	1.320710	I:	D:
151476	152504	-	3	1.308406	I:	D:
152671	153330	-	1	1.279226	I:	D:
153314	153478	+	2	1.299412	I:	D:
153780	155204	+	3	1.269893	I:	D:
155382	155918	-	3	1.259087	I:	D:
156094	156441	+	1	1.258749	I:	D:
156807	158324	-	3	1.259459	I:	D:
158430	160022	-	3	1.268837	I:	D:
160155	160712	-	3	1.314260	I:	D:
160904	162553	-	2	1.220716	I:	D:
162897	163157	+	3	1.208910	I:	D:
163386	164423	+	3	1.271713	I:	D:
164555	165709	-	2	1.282264	I:	D:
165706	166365	-	1	1.310085	I:	D:
166434	169514	-	3	1.276397	I:	D:
169640	170719	-	2	1.299461	I:	D:
170746	171072	+	1	1.375760	I:	D:
171128	172306	+	2	1.243689	I:	D:
172394	173536	-	2	1.246350	I:	D:
173782	176085	+	1	1.270780	I:	D:
176312	178873	-	2	1.291734	I:	D:
179086	179994	-	1	1.240656	I:	D:
179991	180938	-	3	1.262010	I:	D:
181089	182468	-	3	1.255429	I:	D:
182659	183675	-	1	1.264382	I:	D:
183944	185020	-	2	1.251292	I:	D:
185104	187221	-	1	1.266745	I:	D:
187323	188909	+	3	1.255534	I:	D:
188906	190564	+	2	1.302975	I:	D:
190708	192618	-	1	1.255997	I:	D:
192817	194412	+	1	1.291500	I:	D:
194512	195144	-	1	1.293619	I:	D:
195147	196229	-	3	1.405213	I:	D:
196426	197136	-	1	1.401637	I:	D:
197256	197867	+	3	1.390660	I:	D:
197902	198282	+	1	1.359798	I:	D:
198488	199582	+	2	1.249458	I:	D:
199829	200395	-	2	1.219440	I:	D:
200480	201241	-	2	1.266584	I:	D:
201487	202089	-	1	1.251143	I:	D:
202200	204776	-	3	1.284450	I:	D:
205049	205645	+	2	1.284573	I:	D:
205692	206675	+	3	1.255995	I:	D:
206877	208028	-	3	1.277310	I:	D:
208184	208573	-	2	1.302266	I:	D:
208736	209104	-	2	1.298873	I:	D:
209108	209395	-	2	1.224507	I:	D:
209608	210132	-	1	1.327119	I:	D:
210132	210863	-	3	1.338062	I:	D:
210878	211867	-	2	1.302354	I:	D:
211848	212870	-	3	1.307296	I:	D:
212960	213298	-	2	1.416614	I:	D:
213477	215711	+	3	1.255864	I:	D:
215722	216960	+	1	1.309863	I:	D:
216950	217705	+	2	1.265319	I:	D:
218040	218681	+	3	1.267692	I:	D:
218798	219925	-	2	1.267445	I:	D:
220246	220413	-	1	1.347889	I:	D:
220466	223879	-	2	1.318781	I:	D:
223989	229571	-	3	1.285163	I:	D:
229978	231951	-	1	1.308874	I:	D:
232082	232900	-	2	1.291026	I:	D:
232920	234014	-	3	1.276102	I:	D:
234129	235523	-	3	1.265165	I:	D:
235940	236959	+	2	1.300133	I:	D:
236962	238818	-	1	1.273768	I:	D:
238850	239017	+	2	1.378399	I:	D:
239021	239269	-	2	1.236434	I:	D:
239427	240185	-	3	1.240548	I:	D:
240251	241759	-	2	1.277804	I:	D:
241761	243335	-	3	1.275864	I:	D:
243629	245455	-	2	1.316828	I:	D:
245650	245988	-	1	1.249369	I:	D:
245990	247618	-	2	1.293260	I:	D:
247778	249040	-	2	1.257896	I:	D:
249099	250016	+	3	1.287494	I:	D:
250321	251352	+	1	1.282163	I:	D:
251755	253500	-	1	1.294865	I:	D:
253580	253870	-	2	1.362135	I:	D:
253938	255017	-	3	1.379742	I:	D:
255032	255163	-	2	1.315609	I:	D:
255377	255886	+	2	1.232232	I:	D:
256774	257010	+	1	1.289730	I:	D:
257171	258442	-	2	1.280991	I:	D:
258837	261584	+	3	1.252848	I:	D:
261581	263773	+	2	1.256167	I:	D:
263770	264423	+	1	1.303631	I:	D:
264563	265120	-	2	1.257149	I:	D:
265177	265998	-	1	1.276729	I:	D:
266001	267260	-	3	1.270585	I:	D:
267347	268702	-	2	1.279656	I:	D:
268719	269990	-	3	1.295846	I:	D:
270336	270998	-	3	1.253728	I:	D:
271088	272851	-	2	1.259969	I:	D:
272888	273022	-	2	1.365471	I:	D:
273244	274779	-	1	1.291365	I:	D:
274778	275725	+	2	1.306273	I:	D:
276010	277842	-	1	1.261503	I:	D:
277844	279811	-	2	1.253478	I:	D:
280117	280611	-	1	1.288138	I:	D:
280729	281694	-	1	1.302138	I:	D:
282250	282444	+	1	1.209344	I:	D:
282572	283285	+	2	1.281203	I:	D:
283374	284288	+	3	1.252785	I:	D:
284415	285929	-	3	1.272943	I:	D:
>Y7.M002_10
3	170	+	3	1.390232	I:	D:
269	919	+	2	1.331191	I:	D:
873	1445	+	3	1.295785	I:	D:
2096	2665	+	2	1.346751	I:	D:
2797	4497	-	1	1.330864	I:	D:
4637	4810	-	2	1.326311	I:	D:
5128	6123	-	1	1.281303	I:	D:
6429	7814	+	3	1.338690	I:	D:
8045	10648	+	2	1.330372	I:	D:
10779	11786	+	3	1.416045	I:	D:
11836	12795	-	1	1.311391	I:	D:
12858	14024	+	3	1.395553	I:	D:
14014	15777	+	1	1.387666	I:	D:
15846	18875	-	3	1.340432	I:	D:
18879	20129	-	3	1.370003	I:	D:
20203	21456	-	1	1.299228	I:	D:
21459	22298	-	3	1.325247	I:	D:
22432	24318	+	1	1.302800	I:	D:
24379	25623	-	1	1.317339	I:	D:
25695	28286	-	3	1.360605	I:	D:
28477	29502	+	1	1.297292	I:	D:
29917	30390	-	1	1.249419	I:	D:
30591	31649	+	3	1.308569	I:	D:
31920	32876	+	3	1.245222	I:	D:
32942	34393	+	2	1.243110	I:	D:
34514	35491	+	2	1.265488	I:	D:
35668	36681	-	1	1.263858	I:	D:
36946	37233	+	1	1.251954	I:	D:
37290	37949	+	3	1.288033	I:	D:
38010	38258	+	3	1.269420	I:	D:
38278	38724	+	1	1.253998	I:	D:
39332	39544	-	2	1.386157	I:	D:
39587	40315	+	2	1.256179	I:	D:
40523	40816	+	2	1.327625	I:	D:
40847	40999	-	2	1.305441	I:	D:
41079	41465	+	3	1.328492	I:	D:
41525	42658	-	2	1.298638	I:	D:
42809	43273	+	2	1.352941	I:	D:
43508	44332	+	2	1.258086	I:	D:
44421	45281	+	3	1.273587	I:	D:
45420	48218	+	3	1.255523	I:	D:
48373	49257	-	1	1.306448	I:	D:
49430	50764	+	2	1.265833	I:	D:
50999	51223	-	2	1.371925	I:	D:
51212	54172	+	2	1.290530	I:	D:
54179	54328	+	2	1.390523	I:	D:
54353	60448	+	2	1.300595	I:	D:
60701	61363	+	2	1.291519	I:	D:
61637	62587	+	2	1.319290	I:	D:
62980	63276	+	1	1.260734	I:	D:
63278	64807	+	2	1.257943	I:	D:
64833	66329	+	3	1.250676	I:	D:
66640	67743	+	1	1.285476	I:	D:
67743	68054	+	3	1.293523	I:	D:
68314	69903	+	1	1.276554	I:	D:
70101	72353	+	3	1.268681	I:	D:
72821	73297	+	2	1.282193	I:	D:
73322	73735	+	2	1.258999	I:	D:
73834	75963	+	1	1.305534	I:	D:
76136	78922	-	2	1.256497	I:	D:
79051	80613	-	1	1.264817	I:	D:
80656	81321	-	1	1.329800	I:	D:
81458	82219	-	2	1.283320	I:	D:
82394	83152	+	2	1.275233	I:	D:
83308	83874	-	1	1.271985	I:	D:
83931	84383	-	3	1.398825	I:	D:
84433	84927	-	1	1.252107	I:	D:
85072	87360	-	1	1.260404	I:	D:
87395	88564	+	2	1.313432	I:	D:
88747	90591	+	1	1.272815	I:	D:
90763	91857	+	1	1.297398	I:	D:
92083	93489	-	1	1.285195	I:	D:
94047	95081	+	3	1.298914	I:	D:
95553	96362	+	3	1.282053	I:	D:
96419	96646	+	2	1.215815	I:	D:
96703	97224	+	1	1.243803	I:	D:
97254	98081	+	3	1.279105	I:	D:
98153	99781	+	2	1.269478	I:	D:
99785	100705	+	2	1.285066	I:	D:
100714	102195	+	1	1.264420	I:	D:
102195	102473	+	3	1.284226	I:	D:
102654	103358	+	3	1.277978	I:	D:
103419	104399	-	3	1.310425	I:	D:
104457	105683	+	3	1.296327	I:	D:
105683	106681	+	2	1.288462	I:	D:
106785	107753	+	3	1.260164	I:	D:
107858	108496	-	2	1.294974	I:	D:
108730	108894	+	1	1.371672	I:	D:
108976	109365	+	1	1.232825	I:	D:
109480	111072	+	1	1.294498	I:	D:
111104	112894	+	2	1.256890	I:	D:
112900	114480	+	1	1.268903	I:	D:
114501	116000	+	3	1.269320	I:	D:
116198	117202	+	2	1.271800	I:	D:
117199	118671	+	1	1.290303	I:	D:
118748	119866	+	2	1.297661	I:	D:
120124	121761	+	1	1.253835	I:	D:
121799	122497	+	2	1.287490	I:	D:
122571	124088	+	3	1.251332	I:	D:
124409	126232	-	2	1.282463	I:	D:
126451	126609	+	1	1.362349	I:	D:
126644	126835	-	2	1.357899	I:	D:
126902	131101	+	2	1.300344	I:	D:
131139	131297	+	3	1.363600	I:	D:
131465	132340	+	2	1.235145	I:	D:
132454	133197	+	1	1.274422	I:	D:
133433	135061	+	2	1.279098	I:	D:
135345	135677	+	3	1.265627	I:	D:
>Y7.M002_11
373	624	+	1	1.328284	I:	D:
630	1409	-	3	1.289168	I:	D:
1626	2006	-	3	1.263990	I:	D:
2136	2840	+	3	1.288378	I:	D:
3175	4521	+	1	1.268842	I:	D:
4891	6651	+	1	1.268217	I:	D:
6750	8123	+	3	1.267449	I:	D:
8284	9339	-	1	1.287359	I:	D:
9520	10530	-	1	1.265917	I:	D:
10873	11727	+	1	1.265581	I:	D:
11724	12566	+	3	1.279420	I:	D:
12824	13462	-	2	1.279912	I:	D:
13609	13755	+	1	1.269677	I:	D:
13893	14495	+	3	1.369271	I:	D:
14876	17152	-	2	1.256575	I:	D:
17396	19003	-	2	1.298861	I:	D:
19245	20489	+	3	1.257849	I:	D:
20723	22126	+	2	1.267880	I:	D:
22123	23022	+	1	1.263291	I:	D:
23047	25110	+	1	1.307272	I:	D:
25163	25999	+	2	1.270162	I:	D:
26426	27223	+	2	1.257861	I:	D:
27362	28390	+	2	1.289440	I:	D:
28460	28633	+	2	1.321263	I:	D:
29357	33643	+	2	1.337045	I:	D:
33791	35314	+	2	1.257958	I:	D:
35621	36712	+	2	1.306888	I:	D:
36714	37826	+	3	1.316668	I:	D:
38154	38456	-	3	1.357487	I:	D:
38584	38943	+	1	1.307407	I:	D:
38991	39341	+	3	1.297333	I:	D:
39516	39653	-	3	1.353993	I:	D:
39988	40854	-	1	1.323242	I:	D:
41012	41848	-	2	1.296111	I:	D:
41845	42699	-	1	1.272719	I:	D:
42990	43895	+	3	1.305294	I:	D:
43983	45413	-	3	1.309424	I:	D:
45627	46796	-	3	1.332605	I:	D:
46927	48501	-	1	1.303537	I:	D:
48630	49292	+	3	1.262371	I:	D:
49562	50776	-	2	1.342496	I:	D:
51187	52113	+	1	1.278938	I:	D:
52425	52748	+	3	1.232394	I:	D:
53136	53933	+	3	1.251254	I:	D:
54289	56151	+	1	1.235809	I:	D:
56154	56828	+	3	1.252769	I:	D:
56896	57927	+	1	1.258185	I:	D:
57933	58598	+	3	1.282111	I:	D:
58863	59150	+	3	1.319970	I:	D:
59237	59464	+	2	1.383664	I:	D:
59477	60169	+	2	1.270211	I:	D:
60528	61214	-	3	1.255093	I:	D:
61335	61502	-	3	1.374614	I:	D:
61769	62098	+	2	1.284969	I:	D:
62418	63482	+	3	1.268101	I:	D:
63541	64011	-	1	1.310897	I:	D:
63756	63953	-	3	1.329268	I:	D:
63995	64570	-	2	1.321646	I:	D:
64808	66670	+	2	1.253080	I:	D:
66971	69139	+	2	1.287325	I:	D:
69162	70034	+	3	1.307926	I:	D:
70175	73237	-	2	1.268861	I:	D:
73598	75157	+	2	1.248777	I:	D:
75520	76644	-	1	1.288621	I:	D:
76939	78246	+	1	1.263456	I:	D:
78508	79452	+	1	1.282222	I:	D:
79506	80408	+	3	1.267655	I:	D:
80514	81446	+	3	1.294046	I:	D:
81382	83580	+	1	1.304660	I:	D:
83649	84461	+	3	1.281437	I:	D:
84752	86074	+	2	1.301290	I:	D:
86168	87184	-	2	1.300476	I:	D:
87317	89773	-	2	1.306668	I:	D:
89885	91195	-	2	1.292862	I:	D:
91442	93694	+	2	1.293892	I:	D:
94018	95199	+	1	1.294507	I:	D:
95397	96218	-	3	1.294414	I:	D:
96330	96518	-	3	1.326706	I:	D:
97036	98133	-	1	1.267624	I:	D:
98533	100395	+	1	1.272182	I:	D:
100426	102213	+	1	1.282829	I:	D:
102407	103129	+	2	1.287994	I:	D:
103287	105731	+	3	1.297928	I:	D:
105817	107049	-	1	1.282761	I:	D:
107293	108714	+	1	1.298324	I:	D:
108808	111168	+	1	1.276314	I:	D:
111290	112246	+	2	1.293635	I:	D:
112479	114656	+	3	1.292694	I:	D:
114858	115742	+	3	1.275914	I:	D:
115867	116658	+	1	1.303206	I:	D:
116777	117961	-	2	1.261043	I:	D:
117958	119283	-	1	1.279620	I:	D:
119499	121967	+	3	1.322235	I:	D:
122016	122378	+	3	1.395037	I:	D:
>Y7.M002_12
2	493	+	2	1.327823	I:	D:
805	1584	-	1	1.301679	I:	D:
1595	2017	-	2	1.305191	I:	D:
2088	2549	+	3	1.363248	I:	D:
2616	3230	-	3	1.375301	I:	D:
3237	4073	-	3	1.316813	I:	D:
4070	4924	-	2	1.295498	I:	D:
4937	6286	-	2	1.294948	I:	D:
6473	7486	+	2	1.371783	I:	D:
7918	9759	-	1	1.300856	I:	D:
10347	12872	-	3	1.241735	I:	D:
12957	13199	-	3	1.313769	I:	D:
13625	16054	+	2	1.254876	I:	D:
16047	16601	+	3	1.248985	I:	D:
17561	17770	-	2	1.287888	I:	D:
17597	25303	+	2	1.275583	I:	D:
25368	26972	+	3	1.303698	I:	D:
27053	28036	+	2	1.329987	I:	D:
28056	28808	+	3	1.339798	I:	D:
28819	29268	+	1	1.399638	I:	D:
29325	29666	+	3	1.323178	I:	D:
29708	31102	+	2	1.284202	I:	D:
31180	32274	+	1	1.285266	I:	D:
32304	33755	-	3	1.285799	I:	D:
33752	34504	-	2	1.304181	I:	D:
34788	35915	+	3	1.250958	I:	D:
36279	37688	+	3	1.274004	I:	D:
38075	39076	-	2	1.265444	I:	D:
39156	40466	+	3	1.252068	I:	D:
40956	41243	-	3	1.344636	I:	D:
41282	41599	-	2	1.318928	I:	D:
41787	42695	-	3	1.275771	I:	D:
43020	46139	-	3	1.268878	I:	D:
46546	49542	+	1	1.257902	I:	D:
49721	50182	-	2	1.374229	I:	D:
>Y7.M002_13
2	274	+	2	1.406396	I:	D:
434	643	+	2	1.331473	I:	D:
808	1389	-	1	1.294038	I:	D:
1637	2440	-	2	1.294749	I:	D:
3072	5144	-	3	1.286966	I:	D:
4963	5703	+	1	1.311255	I:	D:
5818	8250	+	1	1.275985	I:	D:
8458	9669	-	1	1.303469	I:	D:
9868	11160	+	1	1.280922	I:	D:
11175	12110	+	3	1.282210	I:	D:
12149	13033	+	2	1.308873	I:	D:
13435	15255	+	1	1.273956	I:	D:
15469	16734	+	1	1.259380	I:	D:
16981	17736	-	1	1.294952	I:	D:
17859	18026	+	3	1.284254	I:	D:
18067	18945	+	1	1.305882	I:	D:
>Y7.M002_14
376	1872	+	1	1.291297	I:	D:
2243	4102	-	2	1.274002	I:	D:
>Y7.M002_15
3	1943	+	3	1.296211	I:	D:
1945	3084	+	1	1.294907	I:	D:
3084	4670	+	3	1.319187	I:	D:
4667	6118	+	2	1.301564	I:	D:
6575	6730	+	2	1.348227	I:	D:
7018	8322	+	1	1.313593	I:	D:
8390	9754	+	2	1.294531	I:	D:
9834	10820	+	3	1.265637	I:	D:
10886	11524	+	2	1.300294	I:	D:
11579	12286	+	2	1.304874	I:	D:
12356	14518	+	2	1.269888	I:	D:
14864	15313	+	2	1.267991	I:	D:
15334	15825	+	1	1.260216	I:	D:
15909	18356	-	3	1.300688	I:	D:
18669	19070	+	3	1.262951	I:	D:
19239	20369	-	3	1.285271	I:	D:
20525	21856	+	2	1.308026	I:	D:
21929	22969	+	2	1.279241	I:	D:
23009	23980	+	2	1.348919	I:	D:
24334	27063	+	1	1.257773	I:	D:
27540	27848	+	3	1.309810	I:	D:
27866	28507	+	2	1.283145	I:	D:
28514	29179	+	2	1.287878	I:	D:
29185	29481	+	1	1.263027	I:	D:
29518	30348	+	1	1.293016	I:	D:
30364	30642	+	1	1.295150	I:	D:
30659	31018	+	2	1.271130	I:	D:
31021	31824	+	1	1.255880	I:	D:
31833	32252	+	3	1.300314	I:	D:
32279	32509	+	2	1.248993	I:	D:
32509	32769	+	1	1.307365	I:	D:
32861	33229	+	2	1.273306	I:	D:
33231	33566	+	3	1.232831	I:	D:
33563	34135	+	2	1.260505	I:	D:
34137	34322	+	3	1.328085	I:	D:
34409	34807	+	2	1.273373	I:	D:
34825	35364	+	1	1.273452	I:	D:
35364	35735	+	3	1.237322	I:	D:
35759	36457	+	2	1.268851	I:	D:
36457	36639	+	1	1.261086	I:	D:
36642	37088	+	3	1.250800	I:	D:
37332	38669	+	3	1.275241	I:	D:
38778	39338	+	3	1.243293	I:	D:
39526	39744	+	1	1.299106	I:	D:
40017	40394	+	3	1.269007	I:	D:
40479	40877	+	3	1.295959	I:	D:
40958	41956	+	2	1.272801	I:	D:
42045	42527	+	3	1.253161	I:	D:
42555	43550	+	3	1.303131	I:	D:
44234	45118	-	2	1.315625	I:	D:
45196	46248	+	1	1.249128	I:	D:
46462	49314	+	1	1.264622	I:	D:
49423	49926	+	1	1.250466	I:	D:
49910	50977	+	2	1.281613	I:	D:
51023	52249	+	2	1.261226	I:	D:
52461	53909	-	3	1.296258	I:	D:
54007	54636	+	1	1.268399	I:	D:
55164	55862	-	3	1.221311	I:	D:
56031	57227	-	3	1.287433	I:	D:
57309	58664	-	3	1.325031	I:	D:
58667	59473	-	2	1.282255	I:	D:
59744	61420	-	2	1.241091	I:	D:
61743	63824	+	3	1.260175	I:	D:
63852	64718	+	3	1.296317	I:	D:
64773	65885	-	3	1.272298	I:	D:
65346	67301	+	3	1.253857	I:	D:
68163	69221	+	3	1.308020	I:	D:
69275	70276	+	2	1.337245	I:	D:
70392	71843	+	3	1.278124	I:	D:
71880	72440	+	3	1.326495	I:	D:
72720	73790	+	3	1.305817	I:	D:
73978	75471	+	1	1.276351	I:	D:
75696	77060	+	3	1.278071	I:	D:
77094	77876	+	3	1.316759	I:	D:
77894	78580	-	2	1.273942	I:	D:
78577	80193	-	1	1.317961	I:	D:
80307	82238	+	3	1.338919	I:	D:
82241	82816	+	2	1.314927	I:	D:
83029	83676	-	1	1.324893	I:	D:
83755	85902	-	1	1.313867	I:	D:
86061	87248	-	3	1.282742	I:	D:
87584	89260	+	2	1.237772	I:	D:
89561	90610	-	2	1.348309	I:	D:
90880	92274	+	1	1.289180	I:	D:
92381	93181	+	2	1.319829	I:	D:
93290	93424	+	2	1.355346	I:	D:
93569	94678	+	2	1.319004	I:	D:
94831	95571	+	1	1.250751	I:	D:
95759	97639	-	2	1.290537	I:	D:
97882	98562	-	1	1.220275	I:	D:
98754	99935	+	3	1.286250	I:	D:
100059	100313	-	3	1.293898	I:	D:
100335	101477	-	3	1.292268	I:	D:
101660	102601	+	2	1.310628	I:	D:
102723	103478	+	3	1.314870	I:	D:
103641	104675	+	3	1.267803	I:	D:
104767	105180	-	1	1.258737	I:	D:
105308	106219	+	2	1.304525	I:	D:
106277	106942	+	2	1.294765	I:	D:
106947	107444	+	3	1.274224	I:	D:
107939	108949	-	2	1.254844	I:	D:
109122	110015	+	3	1.299663	I:	D:
110327	110608	-	2	1.383078	I:	D:
110772	112928	+	3	1.308656	I:	D:
112925	113839	+	2	1.312067	I:	D:
113836	115716	+	1	1.317583	I:	D:
115713	117146	+	3	1.289135	I:	D:
117148	118692	+	1	1.307649	I:	D:
118689	120503	+	3	1.300021	I:	D:
120655	121317	+	1	1.278223	I:	D:
121407	122072	+	3	1.287628	I:	D:
122065	124302	+	1	1.299485	I:	D:
124413	125639	+	3	1.244786	I:	D:
125846	126769	-	2	1.279615	I:	D:
126824	128362	+	2	1.293556	I:	D:
128362	129585	+	1	1.288884	I:	D:
129665	131110	+	2	1.290140	I:	D:
131115	132209	+	3	1.324912	I:	D:
132196	132759	+	1	1.286216	I:	D:
132756	134858	+	3	1.257873	I:	D:
134858	135496	+	2	1.285762	I:	D:
135560	136438	+	2	1.272186	I:	D:
136519	138060	+	1	1.285013	I:	D:
138057	138608	+	3	1.305892	I:	D:
138615	139538	-	3	1.301342	I:	D:
139637	139852	+	2	1.351544	I:	D:
140068	141744	-	1	1.276329	I:	D:
141903	142826	-	3	1.324885	I:	D:
142977	143402	-	3	1.274608	I:	D:
142998	144449	+	3	1.319190	I:	D:
144678	145121	-	3	1.363120	I:	D:
145316	146815	+	2	1.314879	I:	D:
147114	148394	-	3	1.277046	I:	D:
148628	149974	+	2	1.249842	I:	D:
150026	150238	+	2	1.365154	I:	D:
150248	151942	+	2	1.328089	I:	D:
152075	153091	-	2	1.318216	I:	D:
153452	154726	+	2	1.298535	I:	D:
154827	155870	+	3	1.290014	I:	D:
155870	156763	+	2	1.305658	I:	D:
156840	158471	+	3	1.312505	I:	D:
158534	160522	+	2	1.305687	I:	D:
160865	161494	+	2	1.296933	I:	D:
161692	163212	-	1	1.255476	I:	D:
163382	164608	+	2	1.277242	I:	D:
164842	165054	+	1	1.288595	I:	D:
165072	165263	+	3	1.382966	I:	D:
165299	166387	+	2	1.274283	I:	D:
166397	167320	+	2	1.282878	I:	D:
167457	168695	+	3	1.278006	I:	D:
168759	169688	+	3	1.246991	I:	D:
169691	170818	+	2	1.280966	I:	D:
170815	171636	+	1	1.267976	I:	D:
171636	172340	+	3	1.254703	I:	D:
172412	173074	+	2	1.291922	I:	D:
173071	174231	+	1	1.281348	I:	D:
174336	175880	+	3	1.251393	I:	D:
176154	176804	+	3	1.280405	I:	D:
176853	177752	+	3	1.273673	I:	D:
177806	179212	+	2	1.288052	I:	D:
179358	181193	+	3	1.252892	I:	D:
181449	182150	+	3	1.327082	I:	D:
182206	184287	-	1	1.271187	I:	D:
184441	185220	+	1	1.243474	I:	D:
185473	186765	+	1	1.279615	I:	D:
186876	187865	+	3	1.247655	I:	D:
187875	188354	+	3	1.289751	I:	D:
188484	188615	+	3	1.299506	I:	D:
188799	189929	+	3	1.251656	I:	D:
189979	191280	+	1	1.288226	I:	D:
191280	192203	+	3	1.318195	I:	D:
192303	193691	+	3	1.313361	I:	D:
193834	194313	+	1	1.278442	I:	D:
194444	195391	+	2	1.262804	I:	D:
195702	196067	+	3	1.285118	I:	D:
196348	197286	+	1	1.265511	I:	D:
197332	198315	+	1	1.241587	I:	D:
198328	199122	+	1	1.254368	I:	D:
199314	201206	+	3	1.263720	I:	D:
201218	201970	+	2	1.329875	I:	D:
202185	203477	+	3	1.263461	I:	D:
203609	204616	-	2	1.336535	I:	D:
204850	205179	+	1	1.271627	I:	D:
>Y7.M002_16
119	1258	+	2	1.330896	I:	D:
1261	2655	+	1	1.334804	I:	D:
2664	3899	+	3	1.371214	I:	D:
3914	4708	+	2	1.369579	I:	D:
4705	5829	+	1	1.356952	I:	D:
5826	6923	+	3	1.348273	I:	D:
6920	8038	+	2	1.385289	I:	D:
8041	9078	+	1	1.409807	I:	D:
9155	10573	+	2	1.384751	I:	D:
10671	11078	+	3	1.334297	I:	D:
11253	11900	+	3	1.368290	I:	D:
11833	12075	+	1	1.339217	I:	D:
12098	12295	-	2	1.351096	I:	D:
12570	13187	+	3	1.378243	I:	D:
13342	13488	+	1	1.389444	I:	D:
13495	13881	-	1	1.387864	I:	D:
13880	14251	+	2	1.379475	I:	D:
14337	14762	-	3	1.314240	I:	D:
15103	16560	+	1	1.344066	I:	D:
16564	17295	+	1	1.342710	I:	D:
17494	17916	-	1	1.254956	I:	D:
18351	19775	+	3	1.290630	I:	D:
20086	20562	-	1	1.302330	I:	D:
20571	20702	+	3	1.352938	I:	D:
20717	20857	-	2	1.339295	I:	D:
21062	21688	+	2	1.323765	I:	D:
21698	22555	+	2	1.379386	I:	D:
22501	22791	+	1	1.343447	I:	D:
23125	23727	-	1	1.342154	I:	D:
23960	25378	+	2	1.378292	I:	D:
25385	26119	+	2	1.392914	I:	D:
27073	27435	-	1	1.351448	I:	D:
27719	28450	+	2	1.362594	I:	D:
28460	28906	+	2	1.312551	I:	D:
29039	33325	+	2	1.375482	I:	D:
33631	34647	-	1	1.318780	I:	D:
34862	36307	+	2	1.294871	I:	D:
36485	37372	+	2	1.305724	I:	D:
37369	38190	+	1	1.309831	I:	D:
38203	40902	+	1	1.296509	I:	D:
41055	42560	-	3	1.275275	I:	D:
42676	43305	-	1	1.317523	I:	D:
43336	43842	-	1	1.276082	I:	D:
44093	44293	-	2	1.282162	I:	D:
44283	44933	-	3	1.253277	I:	D:
45058	49449	+	1	1.267567	I:	D:
49454	49657	-	2	1.366342	I:	D:
49979	50794	+	2	1.311251	I:	D:
50806	51801	+	1	1.300033	I:	D:
51815	53191	+	2	1.311275	I:	D:
53184	54788	+	3	1.299763	I:	D:
54785	55849	+	2	1.301517	I:	D:
55854	56900	+	3	1.305366	I:	D:
56903	58003	+	2	1.323646	I:	D:
58068	59225	+	3	1.307359	I:	D:
59354	62386	-	2	1.258636	I:	D:
62446	62598	-	1	1.378438	I:	D:
63030	63530	+	3	1.279129	I:	D:
63652	64650	-	1	1.289550	I:	D:
64898	65371	-	2	1.296411	I:	D:
65454	66074	+	3	1.293142	I:	D:
66206	67054	+	2	1.286588	I:	D:
67188	68276	+	3	1.275923	I:	D:
68332	68736	+	1	1.247918	I:	D:
68846	70081	+	2	1.289275	I:	D:
70155	72680	+	3	1.298445	I:	D:
72813	73853	+	3	1.257449	I:	D:
74026	74769	+	1	1.312310	I:	D:
74643	75911	+	3	1.313574	I:	D:
76083	76808	+	3	1.282637	I:	D:
76910	79213	+	2	1.294698	I:	D:
79407	80543	+	3	1.274639	I:	D:
80667	81815	-	3	1.271905	I:	D:
81988	82809	+	1	1.291358	I:	D:
82815	84065	+	3	1.266173	I:	D:
84097	85347	+	1	1.261794	I:	D:
85360	85509	+	1	1.337737	I:	D:
85548	85736	+	3	1.216218	I:	D:
86019	86291	+	3	1.254265	I:	D:
86358	87722	+	3	1.263752	I:	D:
87751	87891	+	1	1.339262	I:	D:
88086	88751	-	3	1.275559	I:	D:
88771	89715	+	1	1.319305	I:	D:
89767	90414	+	1	1.327438	I:	D:
90509	94138	+	2	1.258366	I:	D:
94230	98243	+	3	1.256011	I:	D:
98447	99124	+	2	1.295349	I:	D:
99292	99984	-	1	1.286321	I:	D:
100083	100958	-	3	1.276979	I:	D:
100955	103438	-	2	1.308792	I:	D:
103435	104655	-	1	1.313139	I:	D:
104745	106082	-	3	1.284547	I:	D:
106143	112178	-	3	1.299705	I:	D:
112287	113714	-	3	1.303763	I:	D:
113896	114207	-	1	1.394195	I:	D:
114128	118273	+	2	1.291389	I:	D:
118270	122403	+	1	1.290941	I:	D:
122552	123916	+	2	1.303887	I:	D:
123835	124755	+	1	1.257656	I:	D:
124885	125178	-	1	1.292880	I:	D:
125313	128282	+	3	1.301710	I:	D:
128716	129675	+	1	1.279868	I:	D:
129855	131966	+	3	1.281834	I:	D:
132162	134771	+	3	1.266876	I:	D:
135000	135809	+	3	1.325042	I:	D:
136082	136252	-	2	1.359184	I:	D:
136299	138251	-	3	1.357148	I:	D:
138786	139616	+	3	1.314002	I:	D:
139668	142028	-	3	1.318258	I:	D:
142074	142622	-	3	1.288475	I:	D:
142619	143095	-	2	1.299772	I:	D:
143138	143350	-	2	1.291852	I:	D:
143366	144493	-	2	1.319524	I:	D:
144745	147423	-	1	1.345425	I:	D:
147432	148823	-	3	1.355950	I:	D:
149143	149454	+	1	1.298995	I:	D:
149497	149784	+	1	1.304647	I:	D:
149881	150351	+	1	1.353070	I:	D:
150409	152211	+	1	1.326574	I:	D:
152247	153752	+	3	1.349687	I:	D:
153836	154993	+	2	1.330860	I:	D:
155070	156122	+	3	1.345031	I:	D:
156220	156648	+	1	1.325511	I:	D:
156620	157762	+	2	1.331825	I:	D:
157762	158796	+	1	1.357726	I:	D:
158796	162722	+	3	1.300884	I:	D:
162908	164290	+	2	1.271084	I:	D:
164354	165010	+	2	1.239371	I:	D:
165491	167068	+	2	1.303150	I:	D:
167293	167568	+	1	1.403039	I:	D:
>Y7.M002_17
345	2435	+	3	1.276556	I:	D:
2577	3653	+	3	1.301343	I:	D:
3903	5234	-	3	1.325406	I:	D:
5287	5415	+	1	1.368271	I:	D:
5481	6335	+	3	1.288248	I:	D:
6376	7182	+	1	1.303146	I:	D:
7193	8635	-	2	1.337499	I:	D:
8671	10212	+	1	1.315885	I:	D:
10231	10554	-	1	1.249057	I:	D:
10856	11872	+	2	1.357252	I:	D:
12081	14012	+	3	1.288638	I:	D:
14318	15985	+	2	1.312793	I:	D:
16494	17885	+	3	1.318367	I:	D:
18035	19132	-	2	1.367084	I:	D:
19446	21809	-	3	1.336997	I:	D:
21802	22863	-	1	1.333730	I:	D:
23143	23325	+	1	1.337498	I:	D:
23496	24371	+	3	1.339933	I:	D:
24409	24852	-	1	1.316692	I:	D:
24846	25325	-	3	1.369874	I:	D:
25436	26692	-	2	1.314713	I:	D:
26695	27696	-	1	1.351663	I:	D:
27763	28866	-	1	1.334723	I:	D:
28863	29921	-	3	1.351607	I:	D:
29921	31216	-	2	1.405104	I:	D:
31252	32049	-	1	1.334454	I:	D:
>Y7.M002_18
79	504	-	1	1.292299	I:	D:
617	1228	+	2	1.312343	I:	D:
1268	3154	+	2	1.290047	I:	D:
3295	4827	-	1	1.289652	I:	D:
4983	6203	-	3	1.266113	I:	D:
6350	7468	+	2	1.252056	I:	D:
7618	8208	+	1	1.308173	I:	D:
8272	8487	+	1	1.358121	I:	D:
8494	8637	+	1	1.315041	I:	D:
8722	8913	-	1	1.285597	I:	D:
9212	10594	+	2	1.267680	I:	D:
10597	11004	+	1	1.254056	I:	D:
11032	11844	+	1	1.305796	I:	D:
11947	13077	+	1	1.345874	I:	D:
13150	13578	-	1	1.394793	I:	D:
13665	14927	+	3	1.320213	I:	D:
15418	15822	+	1	1.256510	I:	D:
15881	16135	+	2	1.381493	I:	D:
16139	17815	+	2	1.286715	I:	D:
17840	18832	+	2	1.337053	I:	D:
18705	19553	+	3	1.293599	I:	D:
19795	20745	+	1	1.271121	I:	D:
20658	21632	+	3	1.316084	I:	D:
21727	24699	+	1	1.255980	I:	D:
24874	25665	+	1	1.321854	I:	D:
25662	27413	+	3	1.320463	I:	D:
27447	28424	+	3	1.305423	I:	D:
28426	29058	+	1	1.296892	I:	D:
29133	29942	+	3	1.278302	I:	D:
29952	30527	+	3	1.298248	I:	D:
30576	31619	+	3	1.288794	I:	D:
31906	32646	+	1	1.315113	I:	D:
32965	33915	+	1	1.294715	I:	D:
34077	34766	-	3	1.330110	I:	D:
35207	35671	+	2	1.310011	I:	D:
35730	36776	+	3	1.275044	I:	D:
36828	37595	+	3	1.292413	I:	D:
37709	38839	-	2	1.262306	I:	D:
38988	39440	+	3	1.308539	I:	D:
39537	40565	+	3	1.289867	I:	D:
40623	40805	-	3	1.346268	I:	D:
41034	41750	+	3	1.268926	I:	D:
41855	42757	+	2	1.294351	I:	D:
43008	43880	+	3	1.280202	I:	D:
44026	44802	+	1	1.308311	I:	D:
44795	46213	+	2	1.320586	I:	D:
46338	47342	-	3	1.291144	I:	D:
47438	47620	+	2	1.366396	I:	D:
47653	49254	-	1	1.270175	I:	D:
49481	50086	+	2	1.296555	I:	D:
50110	50487	+	1	1.324813	I:	D:
51240	52889	+	3	1.296671	I:	D:
52892	53674	+	2	1.269884	I:	D:
53674	57132	+	1	1.296885	I:	D:
57136	58338	+	1	1.352463	I:	D:
58418	61405	+	2	1.301688	I:	D:
61402	63711	+	1	1.312785	I:	D:
63778	64722	+	1	1.315434	I:	D:
64722	65654	+	3	1.316940	I:	D:
65747	66754	+	2	1.283380	I:	D:
66884	68089	+	2	1.247895	I:	D:
68218	69012	+	1	1.313438	I:	D:
69128	69385	+	2	1.257190	I:	D:
69406	70332	+	1	1.328564	I:	D:
70501	72036	+	1	1.310866	I:	D:
72141	72362	+	3	1.283200	I:	D:
72598	72996	+	1	1.306320	I:	D:
73035	73262	+	3	1.316353	I:	D:
73346	73606	+	2	1.321348	I:	D:
73695	74798	-	3	1.255138	I:	D:
74892	77000	-	3	1.261973	I:	D:
77393	78526	+	2	1.320162	I:	D:
78580	79728	+	1	1.297724	I:	D:
79895	80686	-	2	1.317076	I:	D:
80886	81770	+	3	1.263084	I:	D:
81866	82657	-	2	1.335953	I:	D:
83063	83257	-	2	1.400217	I:	D:
83265	83627	+	3	1.343432	I:	D:
83695	83868	+	1	1.310152	I:	D:
83877	84140	+	3	1.326947	I:	D:
84211	84438	+	1	1.308289	I:	D:
84512	84961	+	2	1.326498	I:	D:
85060	85683	+	1	1.338366	I:	D:
85789	86157	+	1	1.335394	I:	D:
86509	87231	-	1	1.299886	I:	D:
87343	87690	-	1	1.302449	I:	D:
87786	90386	-	3	1.313951	I:	D:
90407	90724	-	2	1.355758	I:	D:
90738	92648	-	3	1.317179	I:	D:
92795	94225	-	2	1.306620	I:	D:
94603	95016	+	1	1.325618	I:	D:
95120	97249	-	2	1.296728	I:	D:
97246	98019	-	1	1.297656	I:	D:
98130	99068	+	3	1.292837	I:	D:
99387	101015	-	3	1.278998	I:	D:
100963	102312	-	1	1.332139	I:	D:
102348	103271	-	3	1.277063	I:	D:
103273	104466	-	1	1.289265	I:	D:
104517	105140	-	3	1.310828	I:	D:
105215	105616	-	2	1.261798	I:	D:
105673	106746	-	1	1.319748	I:	D:
106758	107375	-	3	1.337281	I:	D:
107420	108001	-	2	1.311193	I:	D:
108008	108763	-	2	1.263613	I:	D:
108879	109541	-	3	1.312288	I:	D:
109650	111683	-	3	1.269740	I:	D:
111840	112667	-	3	1.322594	I:	D:
112674	113006	-	3	1.305453	I:	D:
113006	113977	-	2	1.331001	I:	D:
113983	114585	-	1	1.315082	I:	D:
114599	115450	-	2	1.292211	I:	D:
115496	115759	-	2	1.252196	I:	D:
115792	116457	-	1	1.281901	I:	D:
116492	117526	-	2	1.305312	I:	D:
117570	118451	-	3	1.289995	I:	D:
118469	120562	-	2	1.296759	I:	D:
120608	122164	-	2	1.302357	I:	D:
122161	122568	-	1	1.321801	I:	D:
122637	123407	-	3	1.297471	I:	D:
123527	124708	-	2	1.323415	I:	D:
124726	125715	-	1	1.308758	I:	D:
125764	126318	-	1	1.252381	I:	D:
126369	127118	-	3	1.286946	I:	D:
127304	128155	-	2	1.241836	I:	D:
128229	129215	-	3	1.262314	I:	D:
129321	129806	-	3	1.323754	I:	D:
129809	131854	-	2	1.303767	I:	D:
131958	132611	-	3	1.365770	I:	D:
132993	133187	+	3	1.391972	I:	D:
133317	134408	-	3	1.287703	I:	D:
134430	135176	-	3	1.303910	I:	D:
135173	135754	-	2	1.274046	I:	D:
135751	137064	-	1	1.290304	I:	D:
137218	138525	-	1	1.265548	I:	D:
138787	140274	+	1	1.273908	I:	D:
140396	141700	+	2	1.318232	I:	D:
141900	142505	-	3	1.305693	I:	D:
142671	143555	-	3	1.324397	I:	D:
143611	144330	-	1	1.312807	I:	D:
144503	145441	+	2	1.293483	I:	D:
145529	146443	-	2	1.295202	I:	D:
146552	147082	-	2	1.330190	I:	D:
147415	147609	+	1	1.356602	I:	D:
147620	148153	+	2	1.337424	I:	D:
148354	148578	+	1	1.291782	I:	D:
148626	149183	+	3	1.292080	I:	D:
149335	151254	-	1	1.312485	I:	D:
151401	151640	+	3	1.381913	I:	D:
151699	151866	+	1	1.332317	I:	D:
151863	152108	+	3	1.275513	I:	D:
152142	152270	+	3	1.378460	I:	D:
152296	152427	+	1	1.317712	I:	D:
152737	153114	+	1	1.285530	I:	D:
153111	154043	+	3	1.298105	I:	D:
154040	154756	+	2	1.293878	I:	D:
154852	155511	-	1	1.285359	I:	D:
155544	157250	-	3	1.288736	I:	D:
157259	158401	-	2	1.322224	I:	D:
158466	159929	+	3	1.288968	I:	D:
159990	160670	+	3	1.267011	I:	D:
160790	161551	-	2	1.295519	I:	D:
161583	162608	-	3	1.275200	I:	D:
162624	164387	-	3	1.267635	I:	D:
164472	165779	-	3	1.266467	I:	D:
165950	167794	+	2	1.306145	I:	D:
167892	168695	-	3	1.318338	I:	D:
168708	169217	-	3	1.345740	I:	D:
169250	170737	-	2	1.261550	I:	D:
170847	172085	-	3	1.262778	I:	D:
172181	172696	-	2	1.265819	I:	D:
172696	173664	-	1	1.257926	I:	D:
173714	175009	-	2	1.283477	I:	D:
174999	175955	-	3	1.284591	I:	D:
175966	177138	-	1	1.288688	I:	D:
177135	178229	-	3	1.310199	I:	D:
178375	179103	-	1	1.319279	I:	D:
179128	181737	-	1	1.265588	I:	D:
181745	182812	-	2	1.249979	I:	D:
182878	183750	-	1	1.307907	I:	D:
183881	184021	+	2	1.328455	I:	D:
184306	184848	+	1	1.283447	I:	D:
185000	185203	+	2	1.336822	I:	D:
185440	185619	-	1	1.352838	I:	D:
185970	186599	+	3	1.323264	I:	D:
186649	186993	-	1	1.336877	I:	D:
187095	187265	+	3	1.341595	I:	D:
187416	188852	-	3	1.261314	I:	D:
188947	189120	+	1	1.366213	I:	D:
189201	189983	-	3	1.265182	I:	D:
190088	191569	-	2	1.304206	I:	D:
191676	192278	-	3	1.275781	I:	D:
192430	193797	+	1	1.274901	I:	D:
193931	194773	-	2	1.305266	I:	D:
194775	196280	-	3	1.301648	I:	D:
196375	196986	-	1	1.287145	I:	D:
197267	198436	-	2	1.290881	I:	D:
198483	201212	-	3	1.304689	I:	D:
201284	204607	-	2	1.294945	I:	D:
204716	206902	+	2	1.322245	I:	D:
207041	208447	+	2	1.286673	I:	D:
208493	208702	+	2	1.293759	I:	D:
208805	209614	+	2	1.283476	I:	D:
209692	210894	-	1	1.289616	I:	D:
211012	211779	-	1	1.263953	I:	D:
212023	213045	-	1	1.264294	I:	D:
213256	214023	+	1	1.265668	I:	D:
214148	214465	-	2	1.254284	I:	D:
214525	216894	-	1	1.302914	I:	D:
216988	217632	-	1	1.275022	I:	D:
217988	221830	-	2	1.305935	I:	D:
221852	222142	-	2	1.348797	I:	D:
222151	222876	-	1	1.291700	I:	D:
222931	223923	-	1	1.305283	I:	D:
223977	224456	-	3	1.288165	I:	D:
224493	225224	-	3	1.287732	I:	D:
225623	225820	-	2	1.307931	I:	D:
225924	228077	-	3	1.364715	I:	D:
228121	228444	+	1	1.358579	I:	D:
228582	228911	+	3	1.387571	I:	D:
229016	229192	-	2	1.357720	I:	D:
229214	229351	+	2	1.385195	I:	D:
229355	229609	-	2	1.372872	I:	D:
229640	230347	-	2	1.352460	I:	D:
230600	230842	+	2	1.404426	I:	D:
230906	231058	+	2	1.383874	I:	D:
231071	232855	+	2	1.351006	I:	D:
233142	233492	-	3	1.318559	I:	D:
233572	233805	-	1	1.342337	I:	D:
233721	235202	+	3	1.308241	I:	D:
235464	235970	+	3	1.284039	I:	D:
236551	237225	+	1	1.308079	I:	D:
237450	239426	-	3	1.396722	I:	D:
239437	241701	-	1	1.392406	I:	D:
242027	243103	-	2	1.302068	I:	D:
243230	244096	-	2	1.304447	I:	D:
243893	244342	+	2	1.381526	I:	D:
244649	244891	-	2	1.337493	I:	D:
245260	245652	-	1	1.323678	I:	D:
245661	246158	-	3	1.324191	I:	D:
246184	246519	-	1	1.341474	I:	D:
246594	247376	+	3	1.325962	I:	D:
247689	248444	+	3	1.305240	I:	D:
248518	248784	+	1	1.328477	I:	D:
248870	249082	-	2	1.298669	I:	D:
249041	249271	+	2	1.331010	I:	D:
249614	250711	-	2	1.390227	I:	D:
250782	251390	-	3	1.398607	I:	D:
251543	254200	-	2	1.398566	I:	D:
254975	255892	-	2	1.420580	I:	D:
255885	256754	-	3	1.412501	I:	D:
257399	258112	-	2	1.342626	I:	D:
258279	259046	+	3	1.330419	I:	D:
259191	260552	-	3	1.231220	I:	D:
260605	261900	-	1	1.298915	I:	D:
261893	262525	-	2	1.370115	I:	D:
262719	263600	-	3	1.299450	I:	D:
263720	266095	-	2	1.266883	I:	D:
266283	266477	-	3	1.295722	I:	D:
266524	268221	-	1	1.290232	I:	D:
268299	269567	-	3	1.291016	I:	D:
269580	270380	+	3	1.297721	I:	D:
270577	271422	+	1	1.253615	I:	D:
271510	272328	+	1	1.255992	I:	D:
272330	273010	+	2	1.255529	I:	D:
273173	273382	+	2	1.358468	I:	D:
273513	273923	+	3	1.317936	I:	D:
274072	274392	-	1	1.377213	I:	D:
274438	275004	-	1	1.300320	I:	D:
274967	275266	-	2	1.324668	I:	D:
275890	276054	-	1	1.359791	I:	D:
276057	276362	+	3	1.355731	I:	D:
276619	279288	+	1	1.283005	I:	D:
279438	280475	-	3	1.331895	I:	D:
280596	280940	+	3	1.237628	I:	D:
281060	283381	-	2	1.287638	I:	D:
283535	284011	-	2	1.295513	I:	D:
284011	284322	-	1	1.294922	I:	D:
284454	285509	+	3	1.329029	I:	D:
285512	286738	-	2	1.313465	I:	D:
286824	289511	+	3	1.295193	I:	D:
289644	294257	-	3	1.330892	I:	D:
294287	294502	-	2	1.344457	I:	D:
294504	295055	-	3	1.283944	I:	D:
295158	296681	+	3	1.339985	I:	D:
296504	297895	+	2	1.356678	I:	D:
298078	300447	-	1	1.269882	I:	D:
300094	300492	+	1	1.342239	I:	D:
300572	301948	-	2	1.269833	I:	D:
302110	302766	-	1	1.322573	I:	D:
302877	304067	+	3	1.320508	I:	D:
304209	306419	+	3	1.313736	I:	D:
306514	307218	-	1	1.294401	I:	D:
307240	307842	+	1	1.325353	I:	D:
307992	309044	-	3	1.291865	I:	D:
309304	312186	-	1	1.251835	I:	D:
312393	313052	-	3	1.282145	I:	D:
313666	314346	-	1	1.346617	I:	D:
314350	315534	-	1	1.279085	I:	D:
315790	316053	-	1	1.321282	I:	D:
316111	316623	-	1	1.298727	I:	D:
316684	317250	-	1	1.337282	I:	D:
317258	317938	-	2	1.267013	I:	D:
318006	320837	-	3	1.291847	I:	D:
321002	322048	-	2	1.275468	I:	D:
322032	323486	-	3	1.277942	I:	D:
323592	324089	-	3	1.377738	I:	D:
324114	324308	-	3	1.377536	I:	D:
324346	325341	-	1	1.311641	I:	D:
325559	326392	-	2	1.278503	I:	D:
326548	327372	-	1	1.279840	I:	D:
326545	328887	+	1	1.323964	I:	D:
328875	329576	+	3	1.287342	I:	D:
329628	331739	+	3	1.308811	I:	D:
331784	332446	-	2	1.302268	I:	D:
332443	333804	-	1	1.311477	I:	D:
334026	335024	+	3	1.305523	I:	D:
335054	336313	+	2	1.300125	I:	D:
336300	337586	+	3	1.309037	I:	D:
337639	338697	-	1	1.321866	I:	D:
338845	339492	+	1	1.280252	I:	D:
339535	340914	+	1	1.314925	I:	D:
341003	343705	-	2	1.269585	I:	D:
343775	346315	-	2	1.306790	I:	D:
346398	346946	-	3	1.299462	I:	D:
346982	348247	-	2	1.302659	I:	D:
348247	348993	-	1	1.298397	I:	D:
349020	349850	-	3	1.285617	I:	D:
349968	350828	-	3	1.305801	I:	D:
350909	352918	-	2	1.277674	I:	D:
352939	353904	-	1	1.315013	I:	D:
353922	354848	-	3	1.289141	I:	D:
355147	356799	-	1	1.265089	I:	D:
357026	358675	-	2	1.290920	I:	D:
358812	359738	-	3	1.326230	I:	D:
359917	360174	+	1	1.311414	I:	D:
360179	361219	-	2	1.306705	I:	D:
361213	362193	-	1	1.313402	I:	D:
362261	362827	-	2	1.338701	I:	D:
363034	364965	-	1	1.258582	I:	D:
365183	366541	-	2	1.287692	I:	D:
366632	367528	-	2	1.328252	I:	D:
367596	368435	-	3	1.292269	I:	D:
368523	369476	-	3	1.334604	I:	D:
369629	370012	-	2	1.280963	I:	D:
370063	370257	-	1	1.297339	I:	D:
370276	371079	-	1	1.285263	I:	D:
371286	372035	+	3	1.339396	I:	D:
372243	373298	+	3	1.261637	I:	D:
373413	373919	+	3	1.290650	I:	D:
373940	374953	-	2	1.314255	I:	D:
375055	376065	+	1	1.275779	I:	D:
376407	376655	-	3	1.340745	I:	D:
376652	377371	-	2	1.318455	I:	D:
377353	378906	+	1	1.307913	I:	D:
378968	379966	+	2	1.304483	I:	D:
379977	380114	-	3	1.365996	I:	D:
380159	381730	-	2	1.279598	I:	D:
381877	383478	+	1	1.285842	I:	D:
383480	384001	+	2	1.295064	I:	D:
384105	385814	-	3	1.289097	I:	D:
385819	386991	-	1	1.314670	I:	D:
386993	388084	-	2	1.325827	I:	D:
388254	389885	-	3	1.288454	I:	D:
390216	391418	+	3	1.300529	I:	D:
391446	392345	+	3	1.252437	I:	D:
392478	393803	+	3	1.318083	I:	D:
394717	395973	+	1	1.272939	I:	D:
396063	396905	-	3	1.310199	I:	D:
397154	398719	-	2	1.287936	I:	D:
398841	400085	-	3	1.290533	I:	D:
400147	401235	-	1	1.313522	I:	D:
401369	402811	-	2	1.291600	I:	D:
402896	403993	-	2	1.301172	I:	D:
404075	405640	-	2	1.304721	I:	D:
405656	406534	-	2	1.320018	I:	D:
406568	408316	-	2	1.294871	I:	D:
408370	408825	-	1	1.314626	I:	D:
408828	409859	-	3	1.324590	I:	D:
409859	410374	-	2	1.316001	I:	D:
410639	412918	+	2	1.285847	I:	D:
412929	414128	+	3	1.291629	I:	D:
414314	414790	-	2	1.318960	I:	D:
414816	415133	-	3	1.329454	I:	D:
415283	415999	+	2	1.288186	I:	D:
416116	417051	-	1	1.323152	I:	D:
417367	418329	-	1	1.268130	I:	D:
418530	419990	-	3	1.278798	I:	D:
420020	420763	+	2	1.329877	I:	D:
420760	424860	+	1	1.308375	I:	D:
424970	426046	-	2	1.325215	I:	D:
426053	427123	-	2	1.315869	I:	D:
427225	427941	-	1	1.336254	I:	D:
428666	429313	+	2	1.327854	I:	D:
429306	430484	+	3	1.333212	I:	D:
430663	431313	+	1	1.319396	I:	D:
431404	432645	-	1	1.291730	I:	D:
432766	433695	+	1	1.310058	I:	D:
433448	435217	+	2	1.336110	I:	D:
435341	436792	-	2	1.287607	I:	D:
436789	437514	-	1	1.262642	I:	D:
437641	438288	-	1	1.276331	I:	D:
438385	439167	-	1	1.274043	I:	D:
439167	439766	-	3	1.255397	I:	D:
439826	441001	-	2	1.253075	I:	D:
440998	442398	-	1	1.253909	I:	D:
442505	446095	-	2	1.290142	I:	D:
446130	447068	-	3	1.301887	I:	D:
447065	447613	-	2	1.294668	I:	D:
447635	449332	-	2	1.272738	I:	D:
449336	449617	-	2	1.333691	I:	D:
449711	450190	-	2	1.283279	I:	D:
450221	451465	-	2	1.263699	I:	D:
451643	452872	-	2	1.298824	I:	D:
452902	454377	-	1	1.267350	I:	D:
454459	455070	-	1	1.274206	I:	D:
455083	456051	-	1	1.306289	I:	D:
456059	457105	-	2	1.267552	I:	D:
457152	457988	-	3	1.329769	I:	D:
458001	460376	-	3	1.324855	I:	D:
460398	461672	-	3	1.277827	I:	D:
461792	462235	-	2	1.319473	I:	D:
462751	463413	-	1	1.335899	I:	D:
463426	464244	-	1	1.301369	I:	D:
464500	466305	+	1	1.291653	I:	D:
466349	468292	+	2	1.287600	I:	D:
468328	470142	+	1	1.352813	I:	D:
470332	471201	+	1	1.277828	I:	D:
471331	472083	+	1	1.276569	I:	D:
472152	472994	+	3	1.274843	I:	D:
473062	473427	+	1	1.254410	I:	D:
473528	474571	+	2	1.290262	I:	D:
474772	476184	+	1	1.267306	I:	D:
476331	477887	+	3	1.267050	I:	D:
478116	479036	+	3	1.298966	I:	D:
479204	480424	+	2	1.305588	I:	D:
480614	481891	+	2	1.324882	I:	D:
481953	482744	-	3	1.294742	I:	D:
482750	483478	-	2	1.313746	I:	D:
483569	485281	-	2	1.311610	I:	D:
485375	486571	-	2	1.279545	I:	D:
486659	487837	-	2	1.293928	I:	D:
487929	489494	-	3	1.307091	I:	D:
489898	490953	-	1	1.321353	I:	D:
490950	491303	-	3	1.341933	I:	D:
491179	491532	-	1	1.333615	I:	D:
491538	492338	-	3	1.298254	I:	D:
492328	492747	-	1	1.303621	I:	D:
492744	493097	-	3	1.323780	I:	D:
493293	494423	+	3	1.373280	I:	D:
494549	494941	-	2	1.299478	I:	D:
495267	496502	-	3	1.356174	I:	D:
496905	497321	-	3	1.248072	I:	D:
497417	498319	-	2	1.315320	I:	D:
498377	499954	+	2	1.284297	I:	D:
499977	501485	-	3	1.315201	I:	D:
501429	503150	+	3	1.301574	I:	D:
503211	503435	+	3	1.223038	I:	D:
503564	504490	-	2	1.306124	I:	D:
504583	505248	+	1	1.301111	I:	D:
505365	506264	-	3	1.264497	I:	D:
506363	507139	+	2	1.294901	I:	D:
507222	507386	+	3	1.252755	I:	D:
507531	509180	+	3	1.290876	I:	D:
509310	510248	-	3	1.295266	I:	D:
510315	511253	+	3	1.288554	I:	D:
511267	512283	+	1	1.299523	I:	D:
512484	513710	+	3	1.282607	I:	D:
513829	514515	+	1	1.330599	I:	D:
515832	516023	+	3	1.380858	I:	D:
516964	517131	+	1	1.343081	I:	D:
517964	518254	-	2	1.391587	I:	D:
518289	519320	-	3	1.377995	I:	D:
519317	519994	-	2	1.372231	I:	D:
520120	521052	-	1	1.287567	I:	D:
521045	522811	-	2	1.331902	I:	D:
522808	523737	-	1	1.358371	I:	D:
523747	526188	-	1	1.321122	I:	D:
526309	529620	-	1	1.264878	I:	D:
529665	529859	+	3	1.391004	I:	D:
530024	531472	-	2	1.250143	I:	D:
531791	532801	-	2	1.288942	I:	D:
532920	533126	+	3	1.337959	I:	D:
533178	535235	-	3	1.263545	I:	D:
535249	537198	-	1	1.273327	I:	D:
537101	537823	-	2	1.322325	I:	D:
537977	540223	-	2	1.255988	I:	D:
540480	541058	+	3	1.296671	I:	D:
541651	542067	-	1	1.340488	I:	D:
542264	543658	-	2	1.291589	I:	D:
543754	546426	-	1	1.296116	I:	D:
546617	547915	-	2	1.262549	I:	D:
548249	549295	+	2	1.296121	I:	D:
549609	549740	-	3	1.362182	I:	D:
550149	550502	-	3	1.340849	I:	D:
550527	550913	-	3	1.262125	I:	D:
550926	552026	-	3	1.287759	I:	D:
552271	554613	-	1	1.264758	I:	D:
554787	555422	-	3	1.300979	I:	D:
555470	556669	-	2	1.320670	I:	D:
557018	557236	-	2	1.336460	I:	D:
557732	559075	-	2	1.303980	I:	D:
559445	560770	-	2	1.273152	I:	D:
561122	561748	+	2	1.304551	I:	D:
561769	563895	-	1	1.279181	I:	D:
564291	564920	-	3	1.322808	I:	D:
565101	566396	-	3	1.302244	I:	D:
566660	570481	-	2	1.276480	I:	D:
570561	571418	-	3	1.270232	I:	D:
571667	572380	-	2	1.314645	I:	D:
572515	574914	-	1	1.267589	I:	D:
575239	576519	+	1	1.278459	I:	D:
576522	576806	+	3	1.259946	I:	D:
577069	578073	-	1	1.316066	I:	D:
578111	578323	-	2	1.352426	I:	D:
578481	579155	+	3	1.340773	I:	D:
579152	581524	+	2	1.369275	I:	D:
581773	582231	+	1	1.374905	I:	D:
582228	582962	+	3	1.300473	I:	D:
582969	583952	-	3	1.303507	I:	D:
584088	585293	-	3	1.289650	I:	D:
585426	585899	-	3	1.320517	I:	D:
586041	587090	+	3	1.315157	I:	D:
587205	589265	+	3	1.344041	I:	D:
589410	590357	+	3	1.354249	I:	D:
590558	590713	+	2	1.345995	I:	D:
590811	591278	+	3	1.253756	I:	D:
591442	591873	-	1	1.304203	I:	D:
591893	592126	+	2	1.357731	I:	D:
592207	593514	+	1	1.296029	I:	D:
593582	593872	+	2	1.363361	I:	D:
>Y7.M002_19
221	472	+	2	1.337263	I:	D:
493	681	+	1	1.346756	I:	D:
874	1401	+	1	1.340450	I:	D:
1414	1767	+	1	1.314918	I:	D:
1719	2387	+	3	1.317111	I:	D:
2409	2729	+	3	1.303558	I:	D:
2743	3285	+	1	1.311679	I:	D:
3592	4248	+	1	1.325974	I:	D:
4420	4698	+	1	1.339129	I:	D:
4792	4977	+	1	1.355964	I:	D:
4995	5378	+	3	1.312203	I:	D:
5746	6819	+	1	1.290457	I:	D:
6892	7035	+	1	1.310746	I:	D:
7022	7432	+	2	1.306734	I:	D:
7593	7739	+	3	1.385880	I:	D:
7871	8785	+	2	1.338154	I:	D:
8745	9008	+	3	1.335642	I:	D:
9013	9300	+	1	1.336733	I:	D:
9290	9688	+	2	1.339909	I:	D:
9685	10140	+	1	1.309467	I:	D:
10143	10373	+	3	1.288304	I:	D:
10395	11021	+	3	1.329459	I:	D:
11151	11507	+	3	1.370794	I:	D:
11617	11970	+	1	1.284003	I:	D:
12003	12152	-	3	1.324896	I:	D:
11970	13622	+	3	1.307739	I:	D:
13631	14866	+	2	1.331467	I:	D:
14784	15389	+	3	1.335512	I:	D:
15394	16602	+	1	1.310403	I:	D:
16620	16916	+	3	1.305220	I:	D:
16903	17274	+	1	1.291438	I:	D:
17452	18009	+	1	1.349940	I:	D:
18015	18578	+	3	1.306010	I:	D:
18657	19049	+	3	1.275524	I:	D:
19232	22747	+	2	1.294101	I:	D:
22747	23625	+	1	1.345711	I:	D:
23629	24744	+	1	1.320404	I:	D:
24757	25647	+	1	1.315773	I:	D:
25652	25810	+	2	1.373316	I:	D:
25873	26277	+	1	1.344747	I:	D:
26247	27707	+	3	1.353812	I:	D:
27692	29425	+	2	1.339322	I:	D:
29422	29952	+	1	1.316857	I:	D:
29966	30259	+	2	1.307931	I:	D:
30280	31287	+	1	1.306712	I:	D:
31330	31776	+	1	1.296410	I:	D:
31926	32414	+	3	1.315330	I:	D:
32486	33121	-	2	1.332273	I:	D:
33277	33525	+	1	1.338040	I:	D:
33601	33801	+	1	1.341748	I:	D:
33861	34151	+	3	1.358842	I:	D:
34210	35247	+	1	1.349833	I:	D:
>Y7.M002_20
62	223	-	2	1.374323	I:	D:
262	1650	-	1	1.308727	I:	D:
1667	1981	-	2	1.321627	I:	D:
2194	3543	-	1	1.293673	I:	D:
3563	4804	-	2	1.305829	I:	D:
5195	5587	-	2	1.355736	I:	D:
6400	8217	-	1	1.263451	I:	D:
8434	9675	+	1	1.251349	I:	D:
9740	10900	+	2	1.262592	I:	D:
10964	12130	+	2	1.245442	I:	D:
12151	13065	+	1	1.244788	I:	D:
13094	14164	+	2	1.255100	I:	D:
14638	15918	+	1	1.240491	I:	D:
15934	16281	+	1	1.250681	I:	D:
16377	17351	+	3	1.242521	I:	D:
17869	18117	+	1	1.360595	I:	D:
>Y7.M002_21
664	912	+	1	1.318011	I:	D:
1051	2355	-	1	1.275781	I:	D:
2485	3456	-	1	1.291443	I:	D:
3685	3843	-	1	1.359742	I:	D:
3869	4864	+	2	1.280645	I:	D:
4924	5211	+	1	1.384255	I:	D:
5309	5458	+	2	1.296580	I:	D:
5857	6303	+	1	1.299040	I:	D:
6266	6832	+	2	1.318039	I:	D:
>Y7.M002_22
324	1403	-	3	1.323659	I:	D:
1476	3527	-	3	1.280246	I:	D:
>Y7.M002_23
2	664	+	2	1.261759	I:	D:
774	1427	+	3	1.243281	I:	D:
1408	1719	+	1	1.230426	I:	D:
1716	2624	+	3	1.253081	I:	D:
>Y7.M002_24
1	546	+	1	1.295299	I:	D:
575	796	-	2	1.347147	I:	D:
925	1224	+	1	1.317595	I:	D:
1239	2639	+	3	1.303077	I:	D:
2841	3992	+	3	1.351764	I:	D:
>Y7.M002_25
3	5924	-	3	1.285753	I:	D:
5423	5779	-	2	1.249394	I:	D:
5778	6581	+	3	1.335633	I:	D:
6631	6846	-	1	1.250799	I:	D:
6848	10069	-	2	1.294602	I:	D:
10072	10353	-	1	1.312732	I:	D:
10350	12449	-	3	1.282885	I:	D:
12645	13418	-	3	1.261519	I:	D:
13408	13686	-	1	1.242791	I:	D:
13696	15432	-	1	1.271920	I:	D:
15425	15793	-	2	1.222028	I:	D:
15796	18177	-	1	1.273263	I:	D:
18188	18610	-	2	1.300894	I:	D:
18631	19500	-	1	1.287008	I:	D:
>Y7.M002_26
489	1319	+	3	1.285262	I:	D:
1276	2202	+	1	1.303284	I:	D:
2215	2490	+	1	1.314996	I:	D:
2524	2709	+	1	1.337485	I:	D:
2779	3672	+	1	1.336674	I:	D:
3721	4083	+	1	1.303361	I:	D:
4076	4387	+	2	1.275186	I:	D:
4489	4989	+	1	1.282157	I:	D:
4986	6821	+	3	1.287356	I:	D:
>Y7.M002_27
87	1394	-	3	1.368842	I:	D:
1608	2399	-	3	1.322983	I:	D:
2807	3304	-	2	1.362084	I:	D:
>Y7.M002_28
343	2061	-	1	1.317627	I:	D:
2353	2694	+	1	1.338338	I:	D:
>Y7.M002_29
2	184	+	2	1.360329	I:	D:
227	733	-	2	1.289076	I:	D:
820	957	+	1	1.353654	I:	D:
1069	2589	-	1	1.299361	I:	D:
2738	6409	-	2	1.335625	I:	D:
6799	7998	-	1	1.303373	I:	D:
7923	8384	-	3	1.298361	I:	D:
>Y7.M002_30
2	1114	+	2	1.266324	I:	D:
1170	2072	+	3	1.304873	I:	D:
>Y7.M002_31
180	911	-	3	1.289113	I:	D:
898	1308	+	1	1.321098	I:	D:
1669	1917	-	1	1.307131	I:	D:
2019	2321	-	3	1.349445	I:	D:
2438	3871	+	2	1.352763	I:	D:
3957	4673	+	3	1.369017	I:	D:
