>YB2_716
19	2325	-	1	1.321403	I:	D:
2595	3533	+	3	1.336990	I:	D:
3610	5490	-	1	1.341164	I:	D:
5531	6967	-	2	1.343087	I:	D:
7129	8271	-	1	1.321602	I:	D:
8283	9440	-	3	1.301652	I:	D:
9629	10786	-	2	1.350769	I:	D:
11030	12376	-	2	1.328502	I:	D:
12473	13390	-	2	1.321734	I:	D:
13818	15164	-	3	1.356066	I:	D:
15208	15387	-	1	1.354063	I:	D:
15418	16353	+	1	1.356320	I:	D:
16375	17067	-	1	1.326048	I:	D:
17068	18675	-	1	1.322361	I:	D:
18696	20201	-	3	1.316720	I:	D:
20242	21255	-	1	1.305121	I:	D:
21257	22312	-	2	1.338872	I:	D:
22315	23838	-	1	1.311037	I:	D:
23934	25013	-	3	1.301783	I:	D:
25162	26661	-	1	1.318931	I:	D:
26677	27786	-	1	1.322416	I:	D:
28008	29081	-	3	1.333539	I:	D:
29093	29641	-	2	1.308090	I:	D:
29848	31380	+	1	1.336042	I:	D:
31469	31726	-	2	1.324663	I:	D:
31978	33204	-	1	1.319209	I:	D:
33285	34502	-	3	1.318253	I:	D:
34524	35162	-	3	1.319129	I:	D:
35718	35972	-	3	1.323387	I:	D:
36057	37052	-	3	1.333510	I:	D:
37052	37999	-	2	1.316985	I:	D:
38341	39687	-	1	1.341017	I:	D:
39766	40830	-	1	1.337689	I:	D:
40840	41622	-	1	1.312596	I:	D:
41679	43124	-	3	1.343061	I:	D:
43156	45018	-	1	1.327605	I:	D:
45036	47453	-	3	1.349261	I:	D:
47477	48262	-	2	1.341575	I:	D:
48252	48893	-	3	1.312614	I:	D:
48935	49534	-	2	1.308446	I:	D:
49557	50630	-	3	1.318825	I:	D:
50666	51412	-	2	1.294520	I:	D:
51586	52284	-	1	1.312457	I:	D:
>YB2_1019
281	880	-	2	1.297442	I:	D:
935	1537	-	2	1.301502	I:	D:
1850	2086	+	2	1.298538	I:	D:
2389	3603	+	1	1.342446	I:	D:
>YB2_1054
1	153	+	1	1.334665	I:	D:
368	1522	+	2	1.352019	I:	D:
1515	2297	+	3	1.346243	I:	D:
2323	3537	+	1	1.298267	I:	D:
>YB2_1830
342	665	+	3	1.370755	I:	D:
778	1734	+	1	1.308274	I:	D:
1731	2627	+	3	1.320968	I:	D:
2633	3706	+	2	1.310163	I:	D:
3819	4853	-	3	1.345908	I:	D:
5191	6558	+	1	1.317501	I:	D:
6627	7010	+	3	1.300358	I:	D:
7139	10678	+	2	1.328032	I:	D:
10684	12318	+	1	1.301150	I:	D:
12334	13587	+	1	1.331527	I:	D:
13626	14537	+	3	1.323868	I:	D:
14550	15617	+	3	1.321798	I:	D:
15675	17006	+	3	1.331271	I:	D:
17079	17213	-	3	1.336299	I:	D:
17254	18342	+	1	1.335201	I:	D:
18541	19215	+	1	1.318429	I:	D:
19142	19819	+	2	1.307376	I:	D:
19836	21167	+	3	1.325063	I:	D:
21439	21696	+	1	1.337442	I:	D:
21871	22260	-	1	1.321381	I:	D:
22299	23039	-	3	1.314121	I:	D:
23041	23859	-	1	1.330899	I:	D:
23872	24705	-	1	1.340375	I:	D:
24721	25602	-	1	1.315898	I:	D:
25679	27004	-	2	1.322152	I:	D:
27166	29058	+	1	1.329367	I:	D:
29033	30163	+	2	1.321975	I:	D:
30218	31174	+	2	1.316968	I:	D:
31280	32617	-	2	1.310681	I:	D:
32638	33099	-	1	1.328829	I:	D:
33099	33914	-	3	1.307662	I:	D:
34046	34960	-	2	1.337801	I:	D:
35192	35401	+	2	1.286542	I:	D:
35408	35689	+	2	1.314381	I:	D:
35740	37941	+	1	1.322339	I:	D:
38201	38362	+	2	1.342158	I:	D:
38394	38540	+	3	1.305672	I:	D:
38580	38942	+	3	1.315626	I:	D:
39087	40751	-	3	1.336008	I:	D:
40748	42487	-	2	1.334433	I:	D:
42734	43633	+	2	1.314967	I:	D:
43808	44830	+	2	1.326955	I:	D:
44939	45799	+	2	1.320428	I:	D:
45879	47231	+	3	1.313766	I:	D:
47653	47832	+	1	1.330344	I:	D:
>YB2_1928
5	199	-	2	1.307648	I:	D:
296	1588	-	2	1.348486	I:	D:
2019	2162	+	3	1.352970	I:	D:
2517	3188	-	3	1.327731	I:	D:
3276	4010	-	3	1.355829	I:	D:
4081	4284	-	1	1.356129	I:	D:
4377	4853	-	3	1.316872	I:	D:
4984	5373	-	1	1.314859	I:	D:
5744	7087	-	2	1.330909	I:	D:
7050	7268	-	3	1.346637	I:	D:
7255	9330	-	1	1.349513	I:	D:
9343	9732	-	1	1.351499	I:	D:
9792	12845	-	3	1.329704	I:	D:
12867	13112	-	3	1.384023	I:	D:
13247	13696	-	2	1.332996	I:	D:
13719	14132	-	3	1.322531	I:	D:
14150	14509	-	2	1.346146	I:	D:
14506	15027	-	1	1.363250	I:	D:
15024	15314	-	3	1.388892	I:	D:
15376	15690	-	1	1.349114	I:	D:
15942	16871	-	3	1.320733	I:	D:
16880	17500	-	2	1.301748	I:	D:
17639	17890	+	2	1.354829	I:	D:
18162	19823	-	3	1.345544	I:	D:
19858	21237	-	1	1.334678	I:	D:
21250	22680	-	1	1.358595	I:	D:
22670	23467	-	2	1.323306	I:	D:
23548	23925	-	1	1.313361	I:	D:
24484	24984	-	1	1.325100	I:	D:
24998	25357	-	2	1.313820	I:	D:
25780	26205	-	1	1.367075	I:	D:
26211	26441	-	3	1.408166	I:	D:
26446	26691	-	1	1.374629	I:	D:
27034	27372	-	1	1.290354	I:	D:
27395	27721	-	2	1.346232	I:	D:
27696	27851	-	3	1.358826	I:	D:
27854	29488	-	2	1.372142	I:	D:
29478	30341	-	3	1.361018	I:	D:
30354	30764	-	3	1.385020	I:	D:
30818	31570	-	2	1.344556	I:	D:
31584	31742	-	3	1.378114	I:	D:
31753	32184	-	1	1.359010	I:	D:
32207	33103	-	2	1.344949	I:	D:
33119	34000	-	2	1.325209	I:	D:
34018	34671	-	1	1.345626	I:	D:
34825	35124	-	1	1.322520	I:	D:
35316	35537	-	3	1.355945	I:	D:
35547	35786	-	3	1.366403	I:	D:
35892	36254	+	3	1.320186	I:	D:
36420	37160	-	3	1.327832	I:	D:
37253	37846	+	2	1.337186	I:	D:
38070	38270	-	3	1.272783	I:	D:
38403	39233	+	3	1.310552	I:	D:
39283	39702	+	1	1.329358	I:	D:
39869	41128	+	2	1.350833	I:	D:
41221	41391	+	1	1.313696	I:	D:
41599	42450	-	1	1.301636	I:	D:
42679	42915	+	1	1.312753	I:	D:
43295	43612	+	2	1.290865	I:	D:
43609	44331	+	1	1.303223	I:	D:
44321	45070	+	2	1.364448	I:	D:
45141	46103	+	3	1.326776	I:	D:
46272	47474	+	3	1.323690	I:	D:
47490	47633	-	3	1.380720	I:	D:
>YB2_2123
3	1142	-	3	1.311774	I:	D:
1304	1576	+	2	1.368339	I:	D:
1674	2363	-	3	1.333907	I:	D:
2360	3856	-	2	1.307582	I:	D:
4031	5470	-	2	1.336517	I:	D:
5487	6092	-	3	1.300225	I:	D:
6170	6844	-	2	1.357236	I:	D:
7097	8008	-	2	1.305972	I:	D:
8058	11006	-	3	1.307027	I:	D:
11069	11275	+	2	1.441795	I:	D:
11332	12171	-	1	1.338860	I:	D:
12214	13443	-	1	1.324441	I:	D:
13458	14105	-	3	1.315606	I:	D:
14092	14811	-	1	1.301454	I:	D:
14757	16754	-	3	1.323247	I:	D:
16771	17061	-	1	1.270615	I:	D:
17054	17506	-	2	1.327784	I:	D:
17726	17986	-	2	1.294575	I:	D:
18034	19488	-	1	1.323605	I:	D:
19548	19814	+	3	1.317871	I:	D:
19820	19978	+	2	1.362115	I:	D:
20078	21268	-	2	1.327178	I:	D:
21334	22488	-	1	1.316352	I:	D:
22488	23237	-	3	1.307067	I:	D:
23247	24203	-	3	1.294022	I:	D:
24219	25067	-	3	1.341470	I:	D:
25400	26509	-	2	1.305524	I:	D:
26592	28448	-	3	1.341345	I:	D:
28458	29873	-	3	1.304058	I:	D:
30084	31307	-	3	1.338275	I:	D:
31345	32751	-	1	1.324121	I:	D:
32833	33615	-	1	1.320749	I:	D:
33771	34583	-	3	1.338358	I:	D:
34757	34924	-	2	1.398661	I:	D:
34994	36262	+	2	1.325452	I:	D:
36500	36745	-	2	1.359846	I:	D:
37327	38400	-	1	1.285801	I:	D:
38480	39496	-	2	1.339770	I:	D:
39533	41068	-	2	1.307911	I:	D:
41109	42410	-	3	1.309616	I:	D:
42520	43968	-	1	1.324705	I:	D:
44002	45012	-	1	1.310620	I:	D:
45009	46628	-	3	1.324091	I:	D:
>YB2_2499
671	1813	+	2	1.307106	I:	D:
1820	2215	-	2	1.328562	I:	D:
2212	3738	-	1	1.339445	I:	D:
3964	5106	-	1	1.308244	I:	D:
5224	6129	-	1	1.315636	I:	D:
6222	6926	-	3	1.321164	I:	D:
6956	7576	-	2	1.312046	I:	D:
7686	8663	-	3	1.326388	I:	D:
8878	9918	-	1	1.336616	I:	D:
10064	10903	-	2	1.340990	I:	D:
10988	12355	-	2	1.343043	I:	D:
12576	12773	+	3	1.316745	I:	D:
12807	13946	-	3	1.314191	I:	D:
13972	14520	-	1	1.311386	I:	D:
14652	15461	-	3	1.335116	I:	D:
15458	16204	-	2	1.325871	I:	D:
16252	17322	-	1	1.291720	I:	D:
17403	18161	-	3	1.349515	I:	D:
18174	19664	-	3	1.322998	I:	D:
19836	20444	-	3	1.305821	I:	D:
20540	22993	-	2	1.354238	I:	D:
23055	24002	-	3	1.333970	I:	D:
23999	25468	-	2	1.332925	I:	D:
25470	26339	-	3	1.312091	I:	D:
26373	27047	-	3	1.323696	I:	D:
27550	29037	+	1	1.320789	I:	D:
29120	30538	+	2	1.323810	I:	D:
30734	32278	-	2	1.323754	I:	D:
32525	33277	-	2	1.316850	I:	D:
33373	34593	-	1	1.312367	I:	D:
34711	35742	-	1	1.326768	I:	D:
35920	36870	+	1	1.343112	I:	D:
36946	37647	-	1	1.320583	I:	D:
37762	38277	+	1	1.312617	I:	D:
38297	39184	+	2	1.301937	I:	D:
39531	40247	-	3	1.327235	I:	D:
40249	41688	-	1	1.334739	I:	D:
41814	42713	+	3	1.334940	I:	D:
42849	44237	+	3	1.322701	I:	D:
44286	45344	-	3	1.344094	I:	D:
45408	45641	-	3	1.302311	I:	D:
45653	46960	-	2	1.347211	I:	D:
47005	47481	-	1	1.340357	I:	D:
47507	48901	-	2	1.313246	I:	D:
49072	49413	-	1	1.268781	I:	D:
49489	51822	-	1	1.324555	I:	D:
52014	52847	-	3	1.325842	I:	D:
52863	53741	-	3	1.340305	I:	D:
53812	55248	-	1	1.311724	I:	D:
55611	56228	+	3	1.305476	I:	D:
56493	59081	+	3	1.331323	I:	D:
59084	59572	+	2	1.363108	I:	D:
59683	61065	-	1	1.317804	I:	D:
61081	61320	-	1	1.340204	I:	D:
61473	64460	-	3	1.321351	I:	D:
64802	66133	-	2	1.315482	I:	D:
66381	67034	+	3	1.335060	I:	D:
67083	67409	+	3	1.328548	I:	D:
67514	68290	+	2	1.310959	I:	D:
68338	69654	+	1	1.337785	I:	D:
69754	70947	+	1	1.313142	I:	D:
71068	72021	+	1	1.299037	I:	D:
72040	73368	+	1	1.328270	I:	D:
73523	74326	-	2	1.322524	I:	D:
74982	75776	-	3	1.329360	I:	D:
75793	76056	-	1	1.328995	I:	D:
76270	77700	-	1	1.320054	I:	D:
77784	77918	-	3	1.331854	I:	D:
77926	80058	-	1	1.324969	I:	D:
80137	91548	-	1	1.318459	I:	D:
91721	93466	-	2	1.335307	I:	D:
93505	94884	-	1	1.327284	I:	D:
94923	95363	-	3	1.303740	I:	D:
95552	97045	+	2	1.332617	I:	D:
97086	97877	+	3	1.347703	I:	D:
97855	98637	+	1	1.341203	I:	D:
98747	100204	-	2	1.324053	I:	D:
100307	100795	-	2	1.315346	I:	D:
101014	102357	-	1	1.314157	I:	D:
102478	103713	-	1	1.321767	I:	D:
103732	104601	-	1	1.306335	I:	D:
104497	105048	+	1	1.317550	I:	D:
105202	107778	-	1	1.312489	I:	D:
107886	108194	-	3	1.319538	I:	D:
108457	109710	+	1	1.317475	I:	D:
109810	110811	-	1	1.313259	I:	D:
110808	111833	-	3	1.316236	I:	D:
112083	113069	-	3	1.305649	I:	D:
113350	114639	+	1	1.328810	I:	D:
114797	116044	-	2	1.316503	I:	D:
116288	116467	+	2	1.389572	I:	D:
116476	116631	-	1	1.348567	I:	D:
117171	118379	-	3	1.333982	I:	D:
118612	120012	-	1	1.315545	I:	D:
120500	120730	-	2	1.399753	I:	D:
120763	121107	+	1	1.433682	I:	D:
121206	121532	+	3	1.427794	I:	D:
121895	122272	+	2	1.433049	I:	D:
122329	122790	+	1	1.420170	I:	D:
122812	123300	+	1	1.423078	I:	D:
123774	124016	+	3	1.413911	I:	D:
124140	124328	+	3	1.410151	I:	D:
124392	124766	+	3	1.421805	I:	D:
124907	125806	-	2	1.346022	I:	D:
125803	126747	-	1	1.340290	I:	D:
126826	127464	-	1	1.334904	I:	D:
127479	128186	-	3	1.338950	I:	D:
128183	129250	-	2	1.316683	I:	D:
129243	129854	-	3	1.313537	I:	D:
129870	131429	-	3	1.321527	I:	D:
131426	134122	-	2	1.323993	I:	D:
134338	135285	-	1	1.329532	I:	D:
135310	136260	-	1	1.335686	I:	D:
136257	137786	-	3	1.311123	I:	D:
137904	139016	-	3	1.291508	I:	D:
139099	140040	-	1	1.328198	I:	D:
140207	140875	+	2	1.310384	I:	D:
140900	141898	+	2	1.322436	I:	D:
141931	143736	+	1	1.341117	I:	D:
143714	145270	+	2	1.330667	I:	D:
145332	146846	-	3	1.320879	I:	D:
146862	148136	-	3	1.326088	I:	D:
148192	149175	-	1	1.291974	I:	D:
149481	150284	+	3	1.316338	I:	D:
150539	151855	-	2	1.336633	I:	D:
152072	153214	-	2	1.310372	I:	D:
153274	154479	-	1	1.331999	I:	D:
154538	155512	-	2	1.309002	I:	D:
155675	156889	-	2	1.328558	I:	D:
156963	158264	-	3	1.337233	I:	D:
158261	158977	-	2	1.334709	I:	D:
159282	160523	+	3	1.316674	I:	D:
160603	161544	-	1	1.324271	I:	D:
161561	162787	-	2	1.314232	I:	D:
163089	164711	+	3	1.323322	I:	D:
164725	165729	-	1	1.312573	I:	D:
165744	166559	-	3	1.308482	I:	D:
166597	167376	-	1	1.329294	I:	D:
167610	168773	+	3	1.317336	I:	D:
168824	169612	+	2	1.309689	I:	D:
169694	172114	-	2	1.327067	I:	D:
172144	173187	-	1	1.327497	I:	D:
173318	173458	+	2	1.382235	I:	D:
173829	174791	+	3	1.318218	I:	D:
174814	175749	-	1	1.330974	I:	D:
175928	177295	+	2	1.337507	I:	D:
177344	181936	-	2	1.327707	I:	D:
182014	182634	-	1	1.327918	I:	D:
182668	183042	-	1	1.334310	I:	D:
183050	183862	-	2	1.332367	I:	D:
183866	184561	-	2	1.291510	I:	D:
184558	185190	-	1	1.307603	I:	D:
185205	186173	-	3	1.317903	I:	D:
186189	186965	-	3	1.373235	I:	D:
186995	187576	-	2	1.290664	I:	D:
187677	187829	-	3	1.300622	I:	D:
188051	189187	-	2	1.319326	I:	D:
189211	189957	-	1	1.322318	I:	D:
189989	191494	-	2	1.343729	I:	D:
191518	192624	-	1	1.341379	I:	D:
192621	193313	-	3	1.358761	I:	D:
193303	194622	-	1	1.354467	I:	D:
194570	196291	-	2	1.325089	I:	D:
196288	197958	-	1	1.319942	I:	D:
197955	199520	-	3	1.336578	I:	D:
200156	200341	+	2	1.374224	I:	D:
200515	200991	-	1	1.314134	I:	D:
201071	203254	-	2	1.334253	I:	D:
203531	203782	-	2	1.335339	I:	D:
203962	204927	-	1	1.309467	I:	D:
204950	205924	-	2	1.314807	I:	D:
205942	206727	-	1	1.326226	I:	D:
206720	207352	-	2	1.321009	I:	D:
207354	207932	-	3	1.369051	I:	D:
207964	208422	-	1	1.334477	I:	D:
208426	208986	-	1	1.370830	I:	D:
208988	209578	-	2	1.329086	I:	D:
>YB2_2914
524	1606	+	2	1.361045	I:	D:
1725	5087	-	3	1.324396	I:	D:
5088	5606	-	3	1.322434	I:	D:
5800	6951	+	1	1.357215	I:	D:
6998	7171	+	2	1.268185	I:	D:
7627	8214	+	1	1.311188	I:	D:
8207	9988	+	2	1.331481	I:	D:
9991	11634	+	1	1.329492	I:	D:
11692	13038	-	1	1.323819	I:	D:
13129	13557	-	1	1.296593	I:	D:
13746	16574	-	3	1.334249	I:	D:
16706	18451	-	2	1.310079	I:	D:
18448	19428	-	1	1.330412	I:	D:
19440	20555	-	3	1.320623	I:	D:
20548	22080	-	1	1.323707	I:	D:
22234	23502	-	1	1.308229	I:	D:
23676	23960	-	3	1.316992	I:	D:
24108	24344	+	3	1.382532	I:	D:
24632	26506	-	2	1.310483	I:	D:
26734	27195	+	1	1.336761	I:	D:
27370	28119	-	1	1.316909	I:	D:
28109	28810	-	2	1.323974	I:	D:
28849	29718	-	1	1.293780	I:	D:
29843	30679	-	2	1.311465	I:	D:
30701	31327	-	2	1.305557	I:	D:
31428	32204	-	3	1.318956	I:	D:
32229	32402	-	3	1.332484	I:	D:
32401	32634	+	1	1.285120	I:	D:
32794	34362	+	1	1.282602	I:	D:
34530	34703	+	3	1.364849	I:	D:
34830	34997	+	3	1.319059	I:	D:
35448	35642	-	3	1.352966	I:	D:
35679	37211	-	3	1.328402	I:	D:
38268	40823	-	3	1.320347	I:	D:
40834	41541	-	1	1.322561	I:	D:
41765	42856	-	2	1.325593	I:	D:
42849	43736	-	3	1.309872	I:	D:
>YB2_3057
138	1658	-	3	1.330018	I:	D:
1673	2212	-	2	1.326288	I:	D:
2209	2715	-	1	1.291554	I:	D:
2812	3093	-	1	1.304584	I:	D:
3159	3920	-	3	1.341410	I:	D:
3943	4365	-	1	1.330961	I:	D:
4404	4835	-	3	1.333232	I:	D:
5054	5746	+	2	1.317066	I:	D:
5748	6680	+	3	1.322508	I:	D:
6814	7455	+	1	1.320971	I:	D:
7575	8414	-	3	1.313461	I:	D:
8559	9875	-	3	1.323120	I:	D:
9875	10621	-	2	1.332986	I:	D:
10761	11360	-	3	1.341590	I:	D:
11357	12589	-	2	1.342455	I:	D:
12619	13485	-	1	1.348210	I:	D:
13511	14497	-	2	1.348685	I:	D:
14569	16230	-	1	1.322043	I:	D:
16310	16510	+	2	1.378903	I:	D:
16569	17360	-	3	1.340877	I:	D:
17511	18044	+	3	1.370505	I:	D:
18090	18359	-	3	1.368787	I:	D:
18413	18871	-	2	1.350117	I:	D:
18919	19206	-	1	1.316750	I:	D:
19388	20422	-	2	1.318889	I:	D:
20639	21595	-	2	1.316815	I:	D:
21628	22758	-	1	1.302416	I:	D:
22910	24187	-	2	1.317845	I:	D:
24243	25472	-	3	1.314141	I:	D:
25640	27460	+	2	1.328896	I:	D:
27664	28419	-	1	1.327835	I:	D:
28432	29505	-	1	1.319370	I:	D:
29573	30487	-	2	1.315417	I:	D:
30586	32175	-	1	1.328158	I:	D:
32242	32880	-	1	1.312802	I:	D:
33087	33509	-	3	1.334644	I:	D:
33588	34613	-	3	1.342792	I:	D:
34802	36199	-	2	1.330629	I:	D:
36240	37463	-	3	1.331052	I:	D:
37650	37931	+	3	1.367768	I:	D:
37958	38884	-	2	1.332241	I:	D:
39072	39932	+	3	1.309859	I:	D:
39989	41302	+	2	1.312730	I:	D:
41409	41993	+	3	1.328195	I:	D:
42259	43251	+	1	1.325155	I:	D:
>YB2_3199
144	488	+	3	1.310128	I:	D:
750	1607	+	3	1.324191	I:	D:
1714	2109	+	1	1.317057	I:	D:
2166	2516	+	3	1.311459	I:	D:
2734	3909	-	1	1.345785	I:	D:
3906	4754	-	3	1.340222	I:	D:
5331	6374	-	3	1.341489	I:	D:
6377	7504	-	2	1.337027	I:	D:
7519	9129	-	1	1.315653	I:	D:
9184	10500	-	1	1.334043	I:	D:
10551	11333	+	3	1.338776	I:	D:
11574	12719	-	3	1.312352	I:	D:
12762	13664	-	3	1.315466	I:	D:
13683	14978	-	3	1.338406	I:	D:
15071	15358	+	2	1.338087	I:	D:
15425	16363	+	2	1.337983	I:	D:
16468	17967	-	1	1.318512	I:	D:
18450	22640	-	3	1.337167	I:	D:
22656	22967	-	3	1.382919	I:	D:
23119	23760	-	1	1.347647	I:	D:
23757	24368	-	3	1.349518	I:	D:
24358	24708	-	1	1.352339	I:	D:
24695	25315	-	2	1.323214	I:	D:
25443	25970	-	3	1.315462	I:	D:
26007	28157	-	3	1.325118	I:	D:
28283	28510	-	2	1.323591	I:	D:
28577	30997	-	2	1.334617	I:	D:
31018	32061	-	1	1.329351	I:	D:
32534	33424	-	2	1.356544	I:	D:
33601	34968	+	1	1.341548	I:	D:
34990	36084	-	1	1.323077	I:	D:
36124	36294	-	1	1.305906	I:	D:
36419	37411	-	2	1.319113	I:	D:
37646	38695	-	2	1.332850	I:	D:
38714	39067	-	2	1.368659	I:	D:
39083	40588	-	2	1.326043	I:	D:
41100	41768	-	3	1.375649	I:	D:
41774	42271	-	2	1.309467	I:	D:
>YB2_3252
1	141	-	1	1.264623	I:	D:
365	523	-	2	1.334312	I:	D:
1119	1274	+	3	1.273081	I:	D:
1382	4180	-	2	1.294114	I:	D:
4291	4779	-	1	1.245294	I:	D:
4837	5157	-	1	1.293917	I:	D:
5282	5497	-	2	1.281199	I:	D:
5723	6112	+	2	1.293134	I:	D:
6230	8095	+	2	1.315923	I:	D:
8092	8880	+	1	1.315569	I:	D:
8840	9256	+	2	1.296554	I:	D:
9243	10163	+	3	1.305565	I:	D:
10166	11080	+	2	1.307379	I:	D:
11167	11385	-	1	1.343338	I:	D:
11540	12442	-	2	1.344529	I:	D:
12446	13435	-	2	1.340696	I:	D:
13447	14028	-	1	1.365812	I:	D:
14285	14635	+	2	1.381832	I:	D:
14715	14960	+	3	1.337136	I:	D:
14965	16323	+	1	1.333242	I:	D:
16325	18334	+	2	1.337070	I:	D:
18564	19319	+	3	1.320039	I:	D:
19519	21333	-	1	1.341545	I:	D:
21324	22097	-	3	1.355263	I:	D:
22123	22734	-	1	1.329906	I:	D:
22784	23584	-	2	1.354999	I:	D:
23797	24399	+	1	1.344535	I:	D:
24498	27008	-	3	1.332657	I:	D:
27016	27711	-	1	1.310279	I:	D:
27818	29428	-	2	1.347385	I:	D:
29432	29596	+	2	1.356020	I:	D:
29695	30384	-	1	1.321436	I:	D:
30530	31888	-	2	1.338339	I:	D:
31938	32384	-	3	1.281777	I:	D:
32479	34527	-	1	1.317921	I:	D:
34720	40836	-	1	1.308954	I:	D:
41135	42208	+	2	1.336752	I:	D:
42286	42642	+	1	1.378333	I:	D:
>YB2_3340
3	653	-	3	1.300617	I:	D:
829	1887	-	1	1.315179	I:	D:
1900	2871	-	1	1.326421	I:	D:
2864	4690	-	2	1.319201	I:	D:
4690	6327	-	1	1.307074	I:	D:
6344	8518	-	2	1.321050	I:	D:
8523	9767	-	3	1.331943	I:	D:
9886	10860	-	1	1.347105	I:	D:
10982	11521	-	2	1.326697	I:	D:
11547	12332	-	3	1.352433	I:	D:
12335	12895	-	2	1.295943	I:	D:
12898	13998	-	1	1.322502	I:	D:
14000	15487	-	2	1.323297	I:	D:
15472	16788	-	1	1.336089	I:	D:
16775	17584	-	2	1.319972	I:	D:
17586	19127	-	3	1.336762	I:	D:
19165	20358	-	1	1.346131	I:	D:
20488	21327	-	1	1.311734	I:	D:
21345	22664	-	3	1.305362	I:	D:
22894	23475	-	1	1.308145	I:	D:
23631	24179	+	3	1.316031	I:	D:
24223	25089	-	1	1.313770	I:	D:
25378	29151	-	1	1.315877	I:	D:
29481	30959	+	3	1.320745	I:	D:
31118	32365	-	2	1.318673	I:	D:
32603	34585	+	2	1.313094	I:	D:
34710	35312	-	3	1.337930	I:	D:
35314	35865	-	1	1.275602	I:	D:
35899	36834	-	1	1.328161	I:	D:
36831	37844	-	3	1.336732	I:	D:
37914	38789	+	3	1.308935	I:	D:
38843	41308	-	2	1.339561	I:	D:
41450	41692	-	2	1.282054	I:	D:
41955	42386	-	3	1.335133	I:	D:
>YB2_3548
137	514	-	2	1.332604	I:	D:
880	1164	+	1	1.328189	I:	D:
1371	1523	-	3	1.362382	I:	D:
1727	2176	-	2	1.332318	I:	D:
2336	2890	+	2	1.324985	I:	D:
3020	3157	+	2	1.277333	I:	D:
3154	5172	+	1	1.320781	I:	D:
5169	5639	+	3	1.316619	I:	D:
5640	5957	+	3	1.307987	I:	D:
5972	7063	+	2	1.311420	I:	D:
7110	7973	+	3	1.302688	I:	D:
7988	9172	+	2	1.314390	I:	D:
9273	10640	-	3	1.331339	I:	D:
10822	11760	-	1	1.321854	I:	D:
11875	12936	-	1	1.324884	I:	D:
12956	13090	+	2	1.290811	I:	D:
13146	13814	-	3	1.315750	I:	D:
13816	14535	-	1	1.334747	I:	D:
14696	15040	+	2	1.322061	I:	D:
15129	15764	+	3	1.340772	I:	D:
15859	16926	-	1	1.332391	I:	D:
17187	18473	+	3	1.306001	I:	D:
18569	19195	+	2	1.322176	I:	D:
19228	20556	+	1	1.313246	I:	D:
20650	22962	+	1	1.322159	I:	D:
22959	23591	+	3	1.297170	I:	D:
23742	24260	-	3	1.309904	I:	D:
24520	28095	+	1	1.335752	I:	D:
28165	29388	+	1	1.337329	I:	D:
29385	30200	+	3	1.307979	I:	D:
30203	30673	+	2	1.327990	I:	D:
30874	31092	-	1	1.373612	I:	D:
31322	33964	+	2	1.322961	I:	D:
34092	35000	+	3	1.335683	I:	D:
35050	36354	+	1	1.316462	I:	D:
36494	37801	+	2	1.321455	I:	D:
38017	38361	+	1	1.329816	I:	D:
38372	38833	+	2	1.311896	I:	D:
38839	39558	+	1	1.321109	I:	D:
39584	39865	+	2	1.316858	I:	D:
39862	40509	+	1	1.332514	I:	D:
40499	40936	+	2	1.355863	I:	D:
40982	41428	+	2	1.354873	I:	D:
41517	41861	+	3	1.314871	I:	D:
>YB2_3602
114	1022	-	3	1.319494	I:	D:
1079	1288	-	2	1.318653	I:	D:
1351	3048	-	1	1.332065	I:	D:
>YB2_3809
490	1287	-	1	1.299318	I:	D:
1528	2631	+	1	1.314680	I:	D:
2650	4380	+	1	1.316987	I:	D:
4370	5875	+	2	1.341726	I:	D:
5859	6266	+	3	1.280844	I:	D:
6287	6667	+	2	1.305759	I:	D:
6799	7095	+	1	1.317569	I:	D:
7322	7573	+	2	1.319319	I:	D:
7464	8381	+	3	1.331803	I:	D:
8395	9666	+	1	1.332377	I:	D:
9681	9923	+	3	1.299014	I:	D:
9923	11851	+	2	1.320577	I:	D:
11909	12910	+	2	1.360325	I:	D:
12933	13424	+	3	1.321422	I:	D:
13421	13858	+	2	1.325198	I:	D:
13872	15290	+	3	1.325734	I:	D:
15447	15866	+	3	1.327760	I:	D:
15873	16421	+	3	1.336432	I:	D:
16491	17585	-	3	1.318942	I:	D:
17669	18475	+	2	1.314948	I:	D:
18477	19013	+	3	1.326667	I:	D:
19068	19205	+	3	1.329485	I:	D:
19280	19414	-	2	1.308407	I:	D:
19432	19860	+	1	1.358477	I:	D:
20109	21047	+	3	1.301321	I:	D:
21127	22059	+	1	1.328568	I:	D:
22056	22958	+	3	1.337871	I:	D:
22991	23752	+	2	1.315551	I:	D:
23832	24488	+	3	1.323924	I:	D:
24736	25389	+	1	1.298995	I:	D:
25617	26366	-	3	1.341751	I:	D:
26415	27137	-	3	1.333924	I:	D:
27148	27306	-	1	1.375677	I:	D:
27360	27884	+	3	1.314163	I:	D:
27985	30270	+	1	1.315583	I:	D:
30331	30972	+	1	1.324497	I:	D:
31011	32471	+	3	1.320496	I:	D:
32555	33820	+	2	1.317257	I:	D:
33878	35674	+	2	1.322686	I:	D:
35919	37622	+	3	1.319071	I:	D:
37924	38898	+	1	1.329603	I:	D:
39008	40408	+	2	1.323574	I:	D:
40427	41602	+	2	1.321225	I:	D:
41810	42169	+	2	1.339538	I:	D:
42237	42455	+	3	1.279499	I:	D:
42478	44352	+	1	1.328578	I:	D:
44624	44791	-	2	1.370992	I:	D:
44953	45624	+	1	1.315829	I:	D:
45646	46281	+	1	1.327832	I:	D:
46298	46912	+	2	1.323638	I:	D:
47128	48012	-	1	1.356432	I:	D:
48043	48654	-	1	1.324939	I:	D:
48686	49102	-	2	1.305282	I:	D:
49274	50377	-	2	1.294426	I:	D:
50406	51197	-	3	1.324704	I:	D:
51197	52039	-	2	1.340597	I:	D:
52032	53108	-	3	1.316557	I:	D:
53172	53807	-	3	1.324912	I:	D:
54012	55070	+	3	1.344542	I:	D:
55075	56187	+	1	1.332281	I:	D:
56192	56632	+	2	1.319673	I:	D:
56714	58096	+	2	1.314143	I:	D:
58272	59153	+	3	1.335833	I:	D:
59408	62035	+	2	1.325185	I:	D:
62369	63346	+	2	1.325601	I:	D:
63371	64330	+	2	1.342482	I:	D:
64347	65213	+	3	1.341604	I:	D:
65270	66934	+	2	1.328752	I:	D:
66956	68077	+	2	1.332650	I:	D:
68067	69047	+	3	1.341970	I:	D:
69117	70517	+	3	1.303615	I:	D:
70600	71250	+	1	1.316936	I:	D:
71341	71967	-	1	1.307932	I:	D:
72067	72486	-	1	1.359727	I:	D:
72601	73587	-	1	1.347843	I:	D:
73584	74360	-	3	1.320592	I:	D:
74726	75679	+	2	1.294911	I:	D:
75692	76354	+	2	1.310195	I:	D:
76357	78162	+	1	1.331851	I:	D:
78175	78627	+	1	1.308062	I:	D:
78655	79062	+	1	1.320585	I:	D:
79062	80435	+	3	1.346779	I:	D:
80483	81994	+	2	1.324058	I:	D:
81991	83364	+	1	1.327564	I:	D:
83386	84240	+	1	1.332305	I:	D:
84250	84966	+	1	1.313986	I:	D:
84983	86263	+	2	1.315013	I:	D:
86554	87429	+	1	1.300172	I:	D:
87565	88242	+	1	1.318165	I:	D:
88273	89037	+	1	1.326271	I:	D:
89208	89852	-	3	1.316828	I:	D:
90075	91211	+	3	1.318042	I:	D:
91215	92117	+	3	1.338268	I:	D:
92157	93002	+	3	1.341996	I:	D:
93047	94381	+	2	1.321559	I:	D:
94593	96323	+	3	1.340736	I:	D:
96298	97677	+	1	1.338302	I:	D:
97800	98480	+	3	1.341007	I:	D:
98640	100337	+	3	1.316482	I:	D:
100432	101025	+	1	1.329429	I:	D:
101164	101922	+	1	1.314783	I:	D:
102049	103926	+	1	1.319006	I:	D:
104027	105958	+	2	1.332305	I:	D:
105960	107111	+	3	1.327799	I:	D:
107246	109885	+	2	1.342617	I:	D:
110012	110908	+	2	1.319451	I:	D:
111005	111478	+	2	1.317844	I:	D:
111517	114315	+	1	1.317308	I:	D:
114370	115896	+	1	1.331850	I:	D:
115871	116677	+	2	1.310979	I:	D:
116863	117978	+	1	1.319662	I:	D:
118070	118591	+	2	1.317674	I:	D:
118593	119888	+	3	1.336583	I:	D:
120119	120604	+	2	1.343719	I:	D:
120641	121648	+	2	1.321658	I:	D:
121756	122946	-	1	1.340134	I:	D:
123038	123694	+	2	1.323446	I:	D:
123707	125032	+	2	1.339999	I:	D:
125067	125213	+	3	1.323334	I:	D:
125286	126239	+	3	1.310817	I:	D:
126318	127187	+	3	1.270729	I:	D:
127267	128241	-	1	1.342404	I:	D:
128464	129084	+	1	1.314756	I:	D:
129077	130444	+	2	1.325545	I:	D:
130632	133223	+	3	1.313115	I:	D:
133378	133641	+	1	1.313793	I:	D:
133718	134908	+	2	1.338115	I:	D:
134920	136308	+	1	1.332823	I:	D:
136295	136816	+	2	1.310143	I:	D:
136806	137120	+	3	1.319499	I:	D:
137117	137617	+	2	1.338039	I:	D:
137571	138191	+	3	1.308173	I:	D:
138713	140362	+	2	1.332667	I:	D:
140401	140763	+	1	1.298499	I:	D:
140803	141249	+	1	1.307954	I:	D:
141270	141734	+	3	1.351097	I:	D:
141800	142549	+	2	1.321775	I:	D:
142600	143754	+	1	1.329274	I:	D:
143789	145057	+	2	1.298725	I:	D:
145242	146807	+	3	1.328949	I:	D:
146809	148947	+	1	1.322448	I:	D:
149196	149951	+	3	1.350203	I:	D:
149932	150522	+	1	1.362066	I:	D:
150519	151526	+	3	1.332181	I:	D:
151638	152147	+	3	1.316982	I:	D:
152144	153694	+	2	1.328736	I:	D:
153744	155558	+	3	1.325833	I:	D:
155755	156459	+	1	1.306663	I:	D:
156449	157597	+	2	1.323941	I:	D:
157616	160213	+	2	1.328938	I:	D:
160213	161175	+	1	1.348414	I:	D:
161153	162073	+	2	1.337759	I:	D:
162074	163360	+	2	1.334870	I:	D:
163363	164481	+	1	1.345040	I:	D:
164494	165387	+	1	1.348146	I:	D:
165881	166552	-	2	1.345359	I:	D:
166686	167099	-	3	1.318903	I:	D:
167130	167324	+	3	1.295425	I:	D:
167395	167853	+	1	1.316418	I:	D:
167917	168657	-	1	1.338370	I:	D:
168710	169687	-	2	1.346673	I:	D:
169794	170030	-	3	1.342995	I:	D:
170057	171682	+	2	1.331628	I:	D:
171696	173267	+	3	1.320425	I:	D:
173285	174412	+	2	1.339252	I:	D:
174420	175283	+	3	1.320568	I:	D:
175368	176924	-	3	1.318506	I:	D:
177102	177755	+	3	1.331750	I:	D:
177796	178494	-	1	1.344030	I:	D:
178545	179270	+	3	1.326193	I:	D:
179337	179681	+	3	1.317847	I:	D:
179686	180198	+	1	1.331707	I:	D:
180340	182082	+	1	1.330437	I:	D:
182092	182307	-	1	1.315179	I:	D:
182341	182997	+	1	1.329570	I:	D:
182994	183230	+	3	1.332634	I:	D:
183262	184218	+	1	1.351203	I:	D:
184329	185726	+	3	1.308259	I:	D:
185878	187023	+	1	1.295917	I:	D:
187065	187649	+	3	1.305803	I:	D:
187642	188439	+	1	1.329934	I:	D:
188443	190089	+	1	1.331377	I:	D:
190109	191191	-	2	1.336660	I:	D:
191322	191717	+	3	1.291780	I:	D:
191889	193856	+	3	1.341974	I:	D:
193914	195170	+	3	1.330148	I:	D:
195208	195441	-	1	1.383577	I:	D:
195559	196323	-	1	1.328709	I:	D:
196491	197093	-	3	1.329917	I:	D:
197108	197770	-	2	1.327149	I:	D:
197764	198501	-	1	1.345851	I:	D:
198560	199456	-	2	1.310050	I:	D:
199549	200280	-	1	1.325253	I:	D:
200626	202122	+	1	1.312127	I:	D:
>YB2_4043
1	726	+	1	1.328342	I:	D:
788	1858	+	2	1.322305	I:	D:
1953	7097	-	3	1.288003	I:	D:
7579	8523	+	1	1.314497	I:	D:
8541	9584	+	3	1.311500	I:	D:
9639	10520	-	3	1.317491	I:	D:
10533	12131	-	3	1.324854	I:	D:
12135	13043	-	3	1.303395	I:	D:
13128	14468	-	3	1.326954	I:	D:
14769	15191	-	3	1.350795	I:	D:
15275	17710	-	2	1.328062	I:	D:
17917	19092	-	1	1.315520	I:	D:
19452	20771	-	3	1.330734	I:	D:
20944	21375	-	1	1.285541	I:	D:
21389	22006	-	2	1.339382	I:	D:
22205	22513	-	2	1.332072	I:	D:
22642	23328	+	1	1.317855	I:	D:
23437	23586	+	1	1.360859	I:	D:
23667	24182	-	3	1.330851	I:	D:
24216	24548	-	3	1.342709	I:	D:
24921	26291	+	3	1.355916	I:	D:
26459	27367	-	2	1.347927	I:	D:
27364	27711	-	1	1.306135	I:	D:
27931	28284	-	1	1.298150	I:	D:
28298	28897	-	2	1.313052	I:	D:
28913	29533	-	2	1.323280	I:	D:
29559	29852	-	3	1.339710	I:	D:
29900	31189	-	2	1.317117	I:	D:
31307	31597	-	2	1.339999	I:	D:
31601	31942	-	2	1.314136	I:	D:
31954	32382	-	1	1.337835	I:	D:
32442	33881	-	3	1.339860	I:	D:
33895	35250	-	1	1.325263	I:	D:
35263	36453	-	1	1.315984	I:	D:
36453	37199	-	3	1.292816	I:	D:
37257	39122	-	3	1.340791	I:	D:
39372	39959	-	3	1.314495	I:	D:
40061	40363	-	2	1.327997	I:	D:
>YB2_5688
59	187	+	2	1.321079	I:	D:
457	1011	+	1	1.324760	I:	D:
1120	2694	+	1	1.353718	I:	D:
2829	4016	+	3	1.314644	I:	D:
4055	4492	+	2	1.304124	I:	D:
4489	5565	+	1	1.332051	I:	D:
5562	6869	+	3	1.322489	I:	D:
6962	7783	+	2	1.311181	I:	D:
7858	8727	+	1	1.300533	I:	D:
8841	11738	+	3	1.332482	I:	D:
11741	12877	+	2	1.325699	I:	D:
13250	14086	+	2	1.319186	I:	D:
14111	14824	+	2	1.323170	I:	D:
15256	15480	+	1	1.379827	I:	D:
15884	16246	+	2	1.311096	I:	D:
16251	16952	+	3	1.332572	I:	D:
17117	18901	+	2	1.322182	I:	D:
19082	19999	+	2	1.322867	I:	D:
20032	20817	+	1	1.320599	I:	D:
20885	21787	+	2	1.307093	I:	D:
21844	22524	+	1	1.311014	I:	D:
22545	22694	+	3	1.294716	I:	D:
22710	23177	+	3	1.352724	I:	D:
23174	23497	+	2	1.325449	I:	D:
23575	25656	+	1	1.313605	I:	D:
25715	27580	+	2	1.327896	I:	D:
27570	29477	+	3	1.316043	I:	D:
29521	30516	+	1	1.327761	I:	D:
30643	32043	-	1	1.309150	I:	D:
32655	34073	-	3	1.320312	I:	D:
34520	36130	+	2	1.323038	I:	D:
>YB2_6144
154	1968	+	1	1.324812	I:	D:
2044	3255	+	1	1.335824	I:	D:
3401	3706	-	2	1.321941	I:	D:
3707	4414	-	2	1.342960	I:	D:
4524	5534	-	3	1.321806	I:	D:
5711	6655	+	2	1.302743	I:	D:
6739	8127	+	1	1.327753	I:	D:
8157	9002	+	3	1.345334	I:	D:
9087	9743	+	3	1.309197	I:	D:
9856	10377	+	1	1.333818	I:	D:
10519	11538	+	1	1.328625	I:	D:
11789	12730	-	2	1.320437	I:	D:
12827	13711	-	2	1.337008	I:	D:
13839	15116	+	3	1.302572	I:	D:
15218	15493	-	2	1.305555	I:	D:
15675	16889	+	3	1.317561	I:	D:
17073	17540	+	3	1.297152	I:	D:
17576	18754	+	2	1.302925	I:	D:
18836	19066	+	2	1.311267	I:	D:
19050	19385	+	3	1.336630	I:	D:
19372	22281	+	1	1.326041	I:	D:
22328	22711	+	2	1.323909	I:	D:
22708	23676	+	1	1.328366	I:	D:
23677	24615	+	1	1.336602	I:	D:
24615	25568	+	3	1.321592	I:	D:
25674	25940	+	3	1.326693	I:	D:
26212	28329	+	1	1.317114	I:	D:
28347	29795	+	3	1.320782	I:	D:
29799	31673	+	3	1.337275	I:	D:
31651	32220	+	1	1.319269	I:	D:
32310	32633	+	3	1.286038	I:	D:
32853	33533	+	3	1.310615	I:	D:
33530	35053	+	2	1.306885	I:	D:
35354	35524	-	2	1.342857	I:	D:
>YB2_6462
3	698	-	3	1.322870	I:	D:
801	2573	-	3	1.322651	I:	D:
>YB2_7030
200	568	-	2	1.307429	I:	D:
642	1937	-	3	1.324923	I:	D:
2083	2928	-	1	1.312693	I:	D:
2974	3591	-	1	1.305768	I:	D:
3726	4376	-	3	1.346792	I:	D:
4373	5038	-	2	1.302512	I:	D:
5041	5919	-	1	1.322004	I:	D:
5957	6091	-	2	1.363482	I:	D:
6116	8326	-	2	1.311152	I:	D:
8320	9066	-	1	1.337556	I:	D:
9068	10132	-	2	1.325277	I:	D:
10148	11533	-	2	1.313383	I:	D:
11549	12256	-	2	1.352722	I:	D:
12314	13258	-	2	1.311799	I:	D:
13290	13781	-	3	1.291779	I:	D:
13808	16123	-	2	1.343830	I:	D:
16304	17761	-	2	1.330201	I:	D:
17779	20055	-	1	1.317724	I:	D:
20122	21177	-	1	1.330584	I:	D:
21209	22462	-	2	1.321984	I:	D:
22529	23653	-	2	1.320374	I:	D:
23819	24685	+	2	1.338061	I:	D:
24694	25788	-	1	1.313985	I:	D:
26032	26778	-	1	1.324516	I:	D:
26932	29184	-	1	1.337882	I:	D:
29566	30099	+	1	1.310335	I:	D:
30099	30428	+	3	1.322995	I:	D:
30592	31167	-	1	1.312451	I:	D:
31182	33563	-	3	1.321311	I:	D:
>YB2_7324
1	432	+	1	1.298374	I:	D:
657	1538	+	3	1.302577	I:	D:
1540	2112	+	1	1.291957	I:	D:
2128	2265	+	1	1.378960	I:	D:
2447	2686	+	2	1.349567	I:	D:
2717	3466	+	2	1.324421	I:	D:
3530	4633	+	2	1.341468	I:	D:
4646	5626	+	2	1.369721	I:	D:
5601	5987	+	3	1.376868	I:	D:
6020	6544	+	2	1.349161	I:	D:
6661	7197	+	1	1.347813	I:	D:
7293	7592	+	3	1.297535	I:	D:
7723	8379	-	1	1.344414	I:	D:
8401	9561	-	1	1.328831	I:	D:
9665	10858	+	2	1.303439	I:	D:
10986	11687	+	3	1.312950	I:	D:
11748	12356	+	3	1.327971	I:	D:
12393	13154	+	3	1.317389	I:	D:
13241	13921	+	2	1.328177	I:	D:
13957	14799	+	1	1.321251	I:	D:
14911	16023	-	1	1.329136	I:	D:
16466	17692	+	2	1.318407	I:	D:
17716	18447	+	1	1.326162	I:	D:
18444	19796	+	3	1.341782	I:	D:
19949	20698	+	2	1.317148	I:	D:
21030	21629	+	3	1.314147	I:	D:
21653	22450	+	2	1.330129	I:	D:
22492	23718	+	1	1.315542	I:	D:
23733	25112	+	3	1.319087	I:	D:
25139	25873	+	2	1.337800	I:	D:
26069	26227	+	2	1.271405	I:	D:
26599	27540	-	1	1.354850	I:	D:
27561	28439	-	3	1.337807	I:	D:
28524	29075	-	3	1.305082	I:	D:
29283	30467	+	3	1.313252	I:	D:
30489	31670	+	3	1.330915	I:	D:
31757	32968	+	2	1.327053	I:	D:
>YB2_8746
222	899	-	3	1.317725	I:	D:
934	2016	-	1	1.316397	I:	D:
2253	2453	-	3	1.321673	I:	D:
2768	2935	+	2	1.368466	I:	D:
3025	3747	+	1	1.354843	I:	D:
3854	4777	-	2	1.314110	I:	D:
5000	6640	-	2	1.324598	I:	D:
6883	9921	+	1	1.331718	I:	D:
10010	10444	-	2	1.297779	I:	D:
10527	10823	-	3	1.319128	I:	D:
11038	11988	+	1	1.320659	I:	D:
12036	13079	+	3	1.323188	I:	D:
13096	13245	+	1	1.401349	I:	D:
13476	14300	-	3	1.331716	I:	D:
14609	17110	+	2	1.320955	I:	D:
17133	18155	+	3	1.304927	I:	D:
18168	18671	+	3	1.305070	I:	D:
18668	19969	+	2	1.323697	I:	D:
20207	21100	+	2	1.324885	I:	D:
21142	22086	-	1	1.331527	I:	D:
22086	22787	-	3	1.342587	I:	D:
22891	23652	-	1	1.324227	I:	D:
23716	24621	-	1	1.329221	I:	D:
24623	25657	-	2	1.337606	I:	D:
25638	27158	-	3	1.301008	I:	D:
27247	28359	-	1	1.300861	I:	D:
28405	28560	+	1	1.311757	I:	D:
29001	29372	-	3	1.342060	I:	D:
29401	29541	-	1	1.336588	I:	D:
29542	30525	-	1	1.360483	I:	D:
>YB2_10152
3	425	-	3	1.308029	I:	D:
453	1145	-	3	1.317259	I:	D:
1600	1746	+	1	1.378930	I:	D:
1917	2426	+	3	1.320138	I:	D:
2535	3284	+	3	1.312110	I:	D:
3379	4260	+	1	1.313240	I:	D:
4387	4584	-	1	1.312859	I:	D:
4794	5369	+	3	1.341579	I:	D:
5426	5860	-	2	1.335933	I:	D:
5876	6658	-	2	1.346821	I:	D:
6634	7245	+	1	1.343294	I:	D:
7377	8054	+	3	1.304984	I:	D:
8133	8837	+	3	1.310027	I:	D:
8864	9343	+	2	1.325051	I:	D:
9548	10570	+	2	1.348123	I:	D:
10588	11118	+	1	1.340092	I:	D:
11134	11328	+	1	1.342510	I:	D:
11342	11728	+	2	1.349450	I:	D:
11741	12922	+	2	1.340476	I:	D:
12979	13704	+	1	1.296437	I:	D:
13580	14236	+	2	1.316066	I:	D:
14252	15055	+	2	1.308777	I:	D:
15138	15518	+	3	1.279511	I:	D:
15665	16156	+	2	1.288287	I:	D:
16157	17440	+	2	1.333205	I:	D:
17443	17676	+	1	1.281156	I:	D:
17669	18580	+	2	1.300591	I:	D:
18594	20456	+	3	1.324923	I:	D:
20496	21320	+	3	1.310522	I:	D:
21341	22180	+	2	1.334479	I:	D:
22211	22663	+	2	1.301492	I:	D:
22716	24374	+	3	1.319374	I:	D:
24385	25830	+	1	1.345576	I:	D:
26097	26927	+	3	1.305644	I:	D:
27070	27993	+	1	1.325038	I:	D:
>YB2_11792
264	965	-	3	1.322489	I:	D:
989	2005	-	2	1.320565	I:	D:
>YB2_11924
392	1534	+	2	1.310625	I:	D:
1613	2065	-	2	1.323484	I:	D:
2178	3140	-	3	1.306100	I:	D:
3652	5982	-	1	1.334243	I:	D:
5987	6454	-	2	1.329140	I:	D:
6451	7245	-	1	1.340051	I:	D:
7397	8986	-	2	1.334505	I:	D:
8983	10344	-	1	1.331855	I:	D:
10348	12579	-	1	1.326811	I:	D:
12657	13343	-	3	1.303918	I:	D:
13399	14394	-	1	1.332924	I:	D:
14411	15046	-	2	1.312270	I:	D:
15261	16364	+	3	1.323627	I:	D:
16432	16614	+	1	1.375400	I:	D:
16855	17199	+	1	1.387710	I:	D:
17300	17806	-	2	1.367446	I:	D:
18005	18832	+	2	1.310874	I:	D:
18884	19390	+	2	1.287547	I:	D:
19640	20629	+	2	1.343156	I:	D:
20662	21240	-	1	1.306264	I:	D:
21364	22158	-	1	1.316652	I:	D:
22270	23541	-	1	1.301765	I:	D:
23780	24727	-	2	1.315660	I:	D:
>YB2_11926
292	1533	-	1	1.315101	I:	D:
1588	1932	-	1	1.341573	I:	D:
1976	2191	+	2	1.362298	I:	D:
2382	3866	+	3	1.336853	I:	D:
3856	5400	+	1	1.341952	I:	D:
5535	6599	+	3	1.321821	I:	D:
6626	7132	+	2	1.319519	I:	D:
7125	8417	+	3	1.331767	I:	D:
8433	9176	+	3	1.319588	I:	D:
9213	9536	+	3	1.328248	I:	D:
9613	10254	-	1	1.346680	I:	D:
10251	10931	-	3	1.349328	I:	D:
10938	12179	-	3	1.315101	I:	D:
12121	12453	+	1	1.316816	I:	D:
12557	14743	-	2	1.327092	I:	D:
15040	16881	-	1	1.314169	I:	D:
16913	17458	-	2	1.320995	I:	D:
17476	18852	-	1	1.341812	I:	D:
19005	20405	-	3	1.341083	I:	D:
20533	20850	-	1	1.312732	I:	D:
20870	21202	-	2	1.332762	I:	D:
21218	21532	-	2	1.344015	I:	D:
21609	22832	-	3	1.348479	I:	D:
22977	24434	+	3	1.312399	I:	D:
24577	24720	+	1	1.319270	I:	D:
>YB2_11946
334	1158	-	1	1.294274	I:	D:
1258	3636	-	1	1.323315	I:	D:
3486	4595	-	3	1.330054	I:	D:
4577	6124	-	2	1.363561	I:	D:
6357	7112	-	3	1.343854	I:	D:
7134	8648	-	3	1.346849	I:	D:
8819	9835	-	2	1.311606	I:	D:
10050	11627	-	3	1.343990	I:	D:
11655	11798	-	3	1.368375	I:	D:
12010	12603	+	1	1.296021	I:	D:
12624	13451	-	3	1.332613	I:	D:
13581	14843	-	3	1.359313	I:	D:
14925	15119	+	3	1.334899	I:	D:
15289	17064	+	1	1.319587	I:	D:
17157	17729	-	3	1.311647	I:	D:
17805	18095	-	3	1.311161	I:	D:
18159	20120	-	3	1.319738	I:	D:
20289	21626	-	3	1.338630	I:	D:
21706	22884	-	1	1.312449	I:	D:
22968	23681	-	3	1.324266	I:	D:
23957	24478	-	2	1.314699	I:	D:
>YB2_12021
1	1272	+	1	1.320101	I:	D:
1545	2924	+	3	1.319088	I:	D:
2979	3302	+	3	1.370486	I:	D:
3253	4401	+	1	1.325044	I:	D:
4398	7676	+	3	1.313272	I:	D:
7831	8595	+	1	1.328870	I:	D:
8675	9346	+	2	1.334295	I:	D:
9330	10046	+	3	1.331480	I:	D:
10058	10930	-	2	1.311546	I:	D:
11073	11612	+	3	1.303701	I:	D:
11624	12064	-	2	1.293643	I:	D:
12069	13223	-	3	1.310439	I:	D:
13351	13773	-	1	1.351241	I:	D:
14005	15237	-	1	1.311472	I:	D:
15344	16033	-	2	1.307177	I:	D:
16203	17057	+	3	1.324179	I:	D:
17093	19357	+	2	1.318052	I:	D:
19347	21527	+	3	1.315605	I:	D:
21684	22250	+	3	1.317283	I:	D:
22528	23367	+	1	1.309919	I:	D:
>YB2_12071
266	2797	-	2	1.312838	I:	D:
3016	4929	-	1	1.323154	I:	D:
5010	6095	-	3	1.332164	I:	D:
6116	6364	-	2	1.284076	I:	D:
6393	7511	-	3	1.285313	I:	D:
7792	9210	-	1	1.310947	I:	D:
9279	9536	+	3	1.350625	I:	D:
9641	9775	+	2	1.327047	I:	D:
9855	10199	+	3	1.353284	I:	D:
10208	10429	+	2	1.375152	I:	D:
10470	11786	+	3	1.311672	I:	D:
11801	12586	+	2	1.322290	I:	D:
12677	14056	+	2	1.320807	I:	D:
14093	15976	+	2	1.342698	I:	D:
16040	16774	+	2	1.321923	I:	D:
16952	17941	+	2	1.303968	I:	D:
18014	18847	-	2	1.319020	I:	D:
19020	19970	-	3	1.341324	I:	D:
20176	20979	+	1	1.315185	I:	D:
20979	21905	+	3	1.306399	I:	D:
21931	22452	+	1	1.306723	I:	D:
>YB2_12097
2	190	+	2	1.366631	I:	D:
464	1030	+	2	1.302184	I:	D:
1145	2773	-	2	1.306834	I:	D:
2782	3717	-	1	1.316784	I:	D:
3961	4692	+	1	1.311662	I:	D:
4932	5558	-	3	1.347555	I:	D:
5597	6091	-	2	1.338473	I:	D:
6168	6797	-	3	1.340460	I:	D:
6918	7574	-	3	1.320100	I:	D:
7789	8001	+	1	1.385790	I:	D:
8082	8597	-	3	1.354925	I:	D:
8695	8841	-	1	1.352383	I:	D:
9038	9430	-	2	1.334631	I:	D:
9455	9883	-	2	1.318060	I:	D:
10190	10936	-	2	1.337472	I:	D:
11056	11856	-	1	1.331533	I:	D:
11859	12725	-	3	1.313800	I:	D:
12735	13598	-	3	1.294850	I:	D:
13805	15238	-	2	1.325600	I:	D:
15283	15492	+	1	1.359146	I:	D:
15507	16043	-	3	1.308967	I:	D:
16212	17174	-	3	1.296692	I:	D:
17286	17879	-	3	1.313659	I:	D:
17905	18309	-	1	1.337136	I:	D:
18397	18765	-	1	1.341730	I:	D:
19005	19223	-	3	1.311173	I:	D:
19253	19999	-	2	1.317598	I:	D:
20003	20647	-	2	1.316417	I:	D:
20742	22058	-	3	1.334208	I:	D:
22058	22348	-	2	1.318666	I:	D:
>YB2_12133
2	2458	+	2	1.305569	I:	D:
3126	3641	+	3	1.300150	I:	D:
3658	4692	+	1	1.300297	I:	D:
4686	5279	+	3	1.327067	I:	D:
5290	6564	+	1	1.312661	I:	D:
6827	7603	+	2	1.328120	I:	D:
7638	9335	+	3	1.319725	I:	D:
9543	10511	+	3	1.327879	I:	D:
10537	10707	+	1	1.379591	I:	D:
10715	11689	-	2	1.354995	I:	D:
11707	12546	-	1	1.351196	I:	D:
12559	13440	-	1	1.343506	I:	D:
13521	14879	-	3	1.317608	I:	D:
15173	15883	-	2	1.313463	I:	D:
15987	16940	-	3	1.321276	I:	D:
17031	17864	-	3	1.333666	I:	D:
17944	18951	-	1	1.359998	I:	D:
19146	20057	+	3	1.348003	I:	D:
20110	20775	+	1	1.341170	I:	D:
20830	21627	+	1	1.314220	I:	D:
21732	22001	-	3	1.334137	I:	D:
>YB2_12156
1	1158	-	1	1.314671	I:	D:
1170	1463	-	3	1.292039	I:	D:
1555	2889	-	1	1.309278	I:	D:
3100	3237	-	1	1.389255	I:	D:
3396	4553	+	3	1.331308	I:	D:
4814	5275	-	2	1.303529	I:	D:
5392	6156	-	1	1.302526	I:	D:
6198	7142	-	3	1.334202	I:	D:
7218	8258	-	3	1.323309	I:	D:
8336	9670	-	2	1.308750	I:	D:
9799	10713	-	1	1.338885	I:	D:
10799	11656	-	2	1.321118	I:	D:
11779	12186	-	1	1.337112	I:	D:
12202	13398	-	1	1.341333	I:	D:
13572	14744	-	3	1.317947	I:	D:
14774	16063	-	2	1.329223	I:	D:
16169	17362	-	2	1.304948	I:	D:
17638	18342	+	1	1.318389	I:	D:
18447	19691	-	3	1.315765	I:	D:
19717	20208	-	1	1.328059	I:	D:
20261	21514	-	2	1.314497	I:	D:
21519	21704	-	3	1.335338	I:	D:
>YB2_12174
137	1357	-	2	1.322406	I:	D:
1395	1577	-	3	1.288210	I:	D:
1765	2589	+	1	1.323708	I:	D:
2691	3320	+	3	1.312933	I:	D:
3496	4227	-	1	1.322808	I:	D:
4233	6305	-	3	1.328979	I:	D:
6469	7527	-	1	1.318960	I:	D:
7550	8635	-	2	1.324088	I:	D:
8815	11052	-	1	1.310595	I:	D:
11071	13002	-	1	1.324778	I:	D:
13271	13414	-	2	1.349316	I:	D:
13417	14745	-	1	1.334511	I:	D:
14935	15258	+	1	1.298739	I:	D:
15274	15495	-	1	1.308741	I:	D:
15619	16782	-	1	1.322576	I:	D:
16802	17074	-	2	1.310550	I:	D:
17127	17642	-	3	1.299950	I:	D:
17656	18309	-	1	1.305148	I:	D:
18356	19744	-	2	1.334776	I:	D:
19737	20408	-	3	1.314081	I:	D:
20422	21144	-	1	1.328679	I:	D:
21131	22930	-	2	1.310058	I:	D:
22914	24386	-	3	1.343437	I:	D:
24367	25788	-	1	1.340130	I:	D:
25793	26932	-	2	1.338873	I:	D:
27025	27660	-	1	1.315180	I:	D:
27688	28365	-	1	1.327617	I:	D:
28721	29314	-	2	1.304383	I:	D:
29429	31375	+	2	1.310002	I:	D:
31432	31701	+	1	1.364589	I:	D:
31807	32994	-	1	1.326578	I:	D:
33008	34714	-	2	1.334921	I:	D:
34769	36163	-	2	1.321847	I:	D:
36311	37222	+	2	1.327788	I:	D:
37346	38719	-	2	1.322324	I:	D:
38943	40316	-	3	1.303547	I:	D:
40329	41645	-	3	1.307127	I:	D:
41661	42380	-	3	1.299568	I:	D:
42429	43136	-	3	1.334100	I:	D:
43133	44422	-	2	1.306593	I:	D:
44419	45078	-	1	1.326933	I:	D:
45130	46410	-	1	1.322805	I:	D:
46576	47118	-	1	1.333563	I:	D:
47122	48537	+	1	1.338175	I:	D:
48641	49738	-	2	1.324676	I:	D:
49809	50867	-	3	1.324766	I:	D:
50869	51654	-	1	1.324140	I:	D:
51657	53708	-	3	1.341197	I:	D:
53709	55133	-	3	1.314837	I:	D:
55151	56572	-	2	1.317428	I:	D:
56648	57622	+	2	1.364507	I:	D:
57637	58332	-	1	1.304971	I:	D:
58377	58868	-	3	1.302746	I:	D:
58869	59480	-	3	1.328501	I:	D:
59663	59866	+	2	1.306186	I:	D:
59955	62012	-	3	1.316150	I:	D:
62009	62890	-	2	1.307205	I:	D:
63017	63727	-	2	1.311486	I:	D:
63764	65491	-	2	1.289715	I:	D:
65505	65861	-	3	1.302914	I:	D:
66028	66213	+	1	1.379466	I:	D:
66322	66459	-	1	1.345408	I:	D:
66522	66932	-	3	1.287976	I:	D:
66985	68043	-	1	1.319420	I:	D:
68056	68436	-	1	1.339062	I:	D:
68451	69788	-	3	1.305452	I:	D:
69844	71085	-	1	1.325260	I:	D:
71089	71631	-	1	1.313634	I:	D:
71615	72979	-	2	1.307205	I:	D:
73066	73344	-	1	1.303592	I:	D:
73404	74048	-	3	1.309309	I:	D:
74065	74943	-	1	1.297584	I:	D:
75029	76330	-	2	1.331773	I:	D:
76409	77341	-	2	1.343201	I:	D:
77364	78536	-	3	1.338125	I:	D:
78533	79483	-	2	1.348260	I:	D:
79535	83632	-	2	1.324272	I:	D:
83650	85347	-	1	1.306574	I:	D:
85546	87291	+	1	1.324924	I:	D:
87298	87543	+	1	1.348844	I:	D:
87752	90400	-	2	1.322511	I:	D:
90625	91365	-	1	1.325147	I:	D:
91508	91990	-	2	1.322304	I:	D:
92012	93613	-	2	1.333622	I:	D:
93847	95328	-	1	1.322378	I:	D:
95379	96089	-	3	1.304194	I:	D:
96104	96862	-	2	1.309941	I:	D:
96864	97934	-	3	1.320236	I:	D:
97943	98824	-	2	1.329816	I:	D:
98942	100171	-	2	1.309647	I:	D:
100333	101367	-	1	1.323046	I:	D:
101371	102012	-	1	1.329401	I:	D:
102206	103534	-	2	1.312281	I:	D:
103770	105221	-	3	1.319863	I:	D:
105224	105370	-	2	1.361816	I:	D:
105531	106718	-	3	1.333949	I:	D:
106843	107694	-	1	1.339640	I:	D:
107752	108093	-	1	1.360106	I:	D:
108114	108761	-	3	1.302921	I:	D:
108762	109634	-	3	1.312295	I:	D:
109649	110398	-	2	1.343748	I:	D:
110454	110819	-	3	1.323173	I:	D:
110957	112264	-	2	1.299543	I:	D:
112296	113219	-	3	1.334723	I:	D:
113216	115891	-	2	1.321724	I:	D:
116029	117531	-	1	1.320437	I:	D:
117623	118210	-	2	1.326589	I:	D:
118243	119490	-	1	1.313251	I:	D:
119536	119757	-	1	1.283965	I:	D:
119802	120665	-	3	1.316672	I:	D:
120868	122496	-	1	1.328069	I:	D:
122493	123869	-	3	1.336903	I:	D:
123887	124303	-	2	1.363954	I:	D:
124380	126095	-	3	1.337541	I:	D:
126150	127331	-	3	1.331119	I:	D:
127328	127825	-	2	1.324573	I:	D:
127825	128853	-	1	1.333406	I:	D:
128862	130100	-	3	1.338220	I:	D:
130097	130393	-	2	1.361838	I:	D:
130533	131519	+	3	1.363631	I:	D:
131608	131829	-	1	1.315365	I:	D:
131829	132983	-	3	1.316500	I:	D:
133084	133296	-	1	1.270515	I:	D:
133478	135454	-	2	1.315934	I:	D:
135454	136146	-	1	1.306996	I:	D:
136220	137500	-	2	1.311339	I:	D:
137625	138983	-	3	1.333010	I:	D:
139175	139960	-	2	1.296702	I:	D:
139994	140410	-	2	1.293160	I:	D:
140411	142414	-	2	1.298397	I:	D:
142438	143970	-	1	1.297481	I:	D:
144322	145485	-	1	1.331784	I:	D:
145508	146419	-	2	1.340384	I:	D:
146440	147354	-	1	1.324368	I:	D:
147305	148078	-	2	1.340533	I:	D:
148075	148686	-	1	1.332566	I:	D:
148738	149313	-	1	1.328748	I:	D:
149307	150368	-	3	1.345766	I:	D:
150396	150677	-	3	1.359413	I:	D:
150890	151210	+	2	1.320519	I:	D:
151377	151643	-	3	1.331449	I:	D:
151669	152094	-	1	1.331953	I:	D:
152373	152867	-	3	1.305928	I:	D:
>YB2_12203
1	606	+	1	1.318661	I:	D:
701	901	+	2	1.360533	I:	D:
965	3325	-	2	1.321020	I:	D:
3494	5017	-	2	1.340099	I:	D:
5204	6706	-	2	1.324232	I:	D:
6755	7603	-	2	1.313996	I:	D:
7619	9949	-	2	1.326970	I:	D:
10151	11233	+	2	1.341907	I:	D:
11263	12282	-	1	1.346261	I:	D:
12507	13766	-	3	1.320407	I:	D:
13779	14543	-	3	1.308241	I:	D:
14610	15263	-	3	1.343481	I:	D:
15266	15460	-	2	1.286478	I:	D:
15496	15714	-	1	1.379794	I:	D:
15802	16653	-	1	1.328160	I:	D:
16653	17741	-	3	1.354483	I:	D:
17747	18898	-	2	1.303435	I:	D:
19382	20725	-	2	1.343127	I:	D:
>YB2_12392
1	753	+	1	1.326933	I:	D:
847	1308	+	1	1.322349	I:	D:
1382	2239	+	2	1.332441	I:	D:
2255	3652	+	2	1.327927	I:	D:
3670	4074	+	1	1.332940	I:	D:
4250	5359	+	2	1.315147	I:	D:
5381	6064	+	2	1.314805	I:	D:
6235	6951	+	1	1.324540	I:	D:
6951	7907	+	3	1.356307	I:	D:
7922	8626	+	2	1.316770	I:	D:
8631	9059	+	3	1.315954	I:	D:
9060	10394	+	3	1.357155	I:	D:
10310	11491	+	2	1.334322	I:	D:
11537	12097	+	2	1.309088	I:	D:
12333	13835	+	3	1.322952	I:	D:
13838	15103	+	2	1.323998	I:	D:
15100	15477	+	1	1.327118	I:	D:
15680	16174	+	2	1.342623	I:	D:
16176	17945	+	3	1.322486	I:	D:
17982	18221	+	3	1.363600	I:	D:
18444	18599	+	3	1.348695	I:	D:
18760	18906	+	1	1.384150	I:	D:
>YB2_12473
267	1316	+	3	1.335654	I:	D:
1570	2865	-	1	1.322649	I:	D:
3014	3874	+	2	1.315770	I:	D:
3900	4706	+	3	1.309313	I:	D:
4728	5435	+	3	1.323615	I:	D:
5468	5665	-	2	1.272735	I:	D:
5795	6013	+	2	1.348914	I:	D:
6147	7577	+	3	1.329872	I:	D:
7639	8466	+	1	1.308356	I:	D:
8713	9741	+	1	1.308825	I:	D:
9743	10246	+	2	1.317628	I:	D:
10243	11553	+	1	1.321462	I:	D:
11883	14018	+	3	1.347308	I:	D:
14153	15364	+	2	1.345563	I:	D:
15383	16939	+	2	1.326761	I:	D:
16980	18164	+	3	1.339955	I:	D:
>YB2_12655
281	1327	+	2	1.338808	I:	D:
1376	3346	+	2	1.331112	I:	D:
3564	4442	+	3	1.332956	I:	D:
4558	5745	-	1	1.318978	I:	D:
5786	7147	-	2	1.334574	I:	D:
7245	7397	-	3	1.339368	I:	D:
7413	7910	-	3	1.327899	I:	D:
8168	9790	-	2	1.320132	I:	D:
10063	10770	+	1	1.315430	I:	D:
10787	11515	+	2	1.319028	I:	D:
11518	12696	+	1	1.313740	I:	D:
12733	13185	-	1	1.336260	I:	D:
13182	13985	-	3	1.337710	I:	D:
14110	15027	-	1	1.330360	I:	D:
15225	16385	+	3	1.312410	I:	D:
16605	16754	+	3	1.301560	I:	D:
16842	18209	+	3	1.321690	I:	D:
18223	18810	+	1	1.305060	I:	D:
18881	19759	+	2	1.317398	I:	D:
19896	20030	+	3	1.339627	I:	D:
20112	20258	+	3	1.289754	I:	D:
20434	20898	+	1	1.285722	I:	D:
21177	22586	-	3	1.308265	I:	D:
22362	22553	+	3	1.340426	I:	D:
22586	23314	-	2	1.322890	I:	D:
23353	24900	-	1	1.338100	I:	D:
25111	25878	+	1	1.321489	I:	D:
25924	26814	+	1	1.301290	I:	D:
26882	27598	+	2	1.331793	I:	D:
27582	28295	+	3	1.331206	I:	D:
28292	29044	+	2	1.311509	I:	D:
29131	30360	+	1	1.321247	I:	D:
30388	31587	+	1	1.319774	I:	D:
31662	33002	+	3	1.326940	I:	D:
33087	33401	+	3	1.331677	I:	D:
33404	34318	+	2	1.319614	I:	D:
34324	34836	-	1	1.346629	I:	D:
34928	35065	+	2	1.363447	I:	D:
35070	36218	+	3	1.315839	I:	D:
36286	36807	+	1	1.344807	I:	D:
36827	38323	+	2	1.329977	I:	D:
38588	39940	-	2	1.358088	I:	D:
40089	40505	-	3	1.295901	I:	D:
40591	42003	-	1	1.327703	I:	D:
42121	42360	+	1	1.367425	I:	D:
42518	43627	-	2	1.327014	I:	D:
43956	47519	+	3	1.324858	I:	D:
47537	48658	+	2	1.312590	I:	D:
48669	50477	+	3	1.309599	I:	D:
50540	51433	+	2	1.302019	I:	D:
51448	52791	+	1	1.326289	I:	D:
52872	53975	+	3	1.310489	I:	D:
53969	54625	+	2	1.331860	I:	D:
54662	55750	+	2	1.323447	I:	D:
55781	56158	+	2	1.302591	I:	D:
56301	56555	+	3	1.335427	I:	D:
56652	58031	+	3	1.324544	I:	D:
58360	58878	+	1	1.311895	I:	D:
59513	59647	+	2	1.347663	I:	D:
59654	60337	-	2	1.308939	I:	D:
60760	61494	+	1	1.313723	I:	D:
61630	61815	-	1	1.285882	I:	D:
61874	62440	-	2	1.322563	I:	D:
62492	62620	+	2	1.376802	I:	D:
62685	63734	+	3	1.327058	I:	D:
63808	64515	+	1	1.304097	I:	D:
64543	64770	+	1	1.261677	I:	D:
64773	65396	-	3	1.339129	I:	D:
65542	66600	+	1	1.308038	I:	D:
66637	67059	+	1	1.329474	I:	D:
67157	67606	-	2	1.321571	I:	D:
67735	67878	+	1	1.320233	I:	D:
67900	71760	+	1	1.326539	I:	D:
71780	75619	+	2	1.324574	I:	D:
75895	76314	+	1	1.364722	I:	D:
76499	77005	+	2	1.313621	I:	D:
77048	79165	+	2	1.319121	I:	D:
79285	80478	+	1	1.335382	I:	D:
80640	81266	+	3	1.314477	I:	D:
81304	82188	-	1	1.327762	I:	D:
82286	83002	-	2	1.330635	I:	D:
83404	85140	+	1	1.324167	I:	D:
85309	86526	+	1	1.315755	I:	D:
86570	87313	+	2	1.335254	I:	D:
87382	87987	+	1	1.341753	I:	D:
87994	88635	+	1	1.334919	I:	D:
88949	90214	+	2	1.320146	I:	D:
90305	91204	+	2	1.333383	I:	D:
91204	91830	+	1	1.330229	I:	D:
92030	93532	+	2	1.318697	I:	D:
93544	94365	+	1	1.323094	I:	D:
94427	94807	+	2	1.303001	I:	D:
94858	96003	+	1	1.325354	I:	D:
96068	97480	+	2	1.329860	I:	D:
97694	98176	+	2	1.345171	I:	D:
98350	100584	-	1	1.314834	I:	D:
100640	101377	+	2	1.305518	I:	D:
101502	102860	+	3	1.313051	I:	D:
103103	104443	+	2	1.322415	I:	D:
104494	105492	+	1	1.312792	I:	D:
105489	106157	+	3	1.353520	I:	D:
106516	107544	+	1	1.306138	I:	D:
107544	108047	+	3	1.328488	I:	D:
108044	109351	+	2	1.319168	I:	D:
109485	109619	+	3	1.325947	I:	D:
109736	110722	+	2	1.322157	I:	D:
110733	112745	+	3	1.347621	I:	D:
112742	114043	+	2	1.342861	I:	D:
114089	114697	+	2	1.314171	I:	D:
114694	115182	+	1	1.304951	I:	D:
115212	115739	+	3	1.327083	I:	D:
115836	116375	+	3	1.363793	I:	D:
116475	118007	+	3	1.318881	I:	D:
118106	119527	-	2	1.335700	I:	D:
119796	119936	+	3	1.336170	I:	D:
120017	120925	+	2	1.335657	I:	D:
121301	123271	+	2	1.337645	I:	D:
123273	124058	+	3	1.313537	I:	D:
124366	125526	+	1	1.330235	I:	D:
125602	126591	+	1	1.312339	I:	D:
126651	126953	+	3	1.352659	I:	D:
126994	127974	+	1	1.330045	I:	D:
127967	129151	+	2	1.340420	I:	D:
129193	130089	+	1	1.333700	I:	D:
130207	131349	+	1	1.305629	I:	D:
131405	131599	+	2	1.352764	I:	D:
131600	132256	+	2	1.353828	I:	D:
132413	132679	+	2	1.306720	I:	D:
132747	133052	-	3	1.373030	I:	D:
133260	135053	+	3	1.316714	I:	D:
>YB2_12886
1	921	+	1	1.310704	I:	D:
980	2881	+	2	1.325772	I:	D:
2865	3818	+	3	1.342580	I:	D:
3895	4197	+	1	1.314484	I:	D:
4256	5077	+	2	1.337115	I:	D:
5093	6580	+	2	1.329855	I:	D:
6934	7686	+	1	1.309393	I:	D:
7683	8603	+	3	1.310940	I:	D:
8690	10543	+	2	1.341322	I:	D:
11050	11550	-	1	1.333534	I:	D:
11868	12035	+	3	1.343277	I:	D:
12037	13680	+	1	1.316364	I:	D:
13744	15054	-	1	1.353459	I:	D:
>YB2_13070
494	751	-	2	1.352007	I:	D:
862	2607	-	1	1.317560	I:	D:
3312	5141	+	3	1.325929	I:	D:
5211	5849	-	3	1.303232	I:	D:
6006	6920	-	3	1.321336	I:	D:
6917	7438	-	2	1.336138	I:	D:
7435	8616	-	1	1.308557	I:	D:
8626	9141	-	1	1.321475	I:	D:
9173	9871	-	2	1.289218	I:	D:
9902	11302	-	2	1.319261	I:	D:
11534	11953	-	2	1.290790	I:	D:
12043	13017	-	1	1.322420	I:	D:
13017	13412	-	3	1.340917	I:	D:
13432	14223	-	1	1.328451	I:	D:
>YB2_13174
3	194	-	3	1.313428	I:	D:
288	1940	-	3	1.336118	I:	D:
1934	3013	-	2	1.320364	I:	D:
3183	4310	-	3	1.314554	I:	D:
4745	6208	-	2	1.314150	I:	D:
6234	7718	-	3	1.326297	I:	D:
7715	8281	-	2	1.320280	I:	D:
8457	10211	-	3	1.318096	I:	D:
10424	10561	-	2	1.291836	I:	D:
10685	11095	+	2	1.325646	I:	D:
11127	11369	+	3	1.313568	I:	D:
11399	13231	-	2	1.317069	I:	D:
>YB2_13270
3	404	-	3	1.316266	I:	D:
406	585	-	1	1.351997	I:	D:
683	1474	-	2	1.335520	I:	D:
1577	2242	-	2	1.326151	I:	D:
2261	5194	-	2	1.323195	I:	D:
5187	5720	-	3	1.348203	I:	D:
5720	6562	-	2	1.322474	I:	D:
6591	7286	-	3	1.357727	I:	D:
7469	7720	-	2	1.302650	I:	D:
7767	9062	-	3	1.309883	I:	D:
9109	10077	-	1	1.308918	I:	D:
10088	12118	-	2	1.316630	I:	D:
12168	12680	-	3	1.305371	I:	D:
12772	12999	-	1	1.288978	I:	D:
13024	13272	-	1	1.338096	I:	D:
>YB2_13439
2	202	-	2	1.438345	I:	D:
744	2255	+	3	1.317183	I:	D:
2382	2702	+	3	1.313276	I:	D:
2852	3520	+	2	1.315273	I:	D:
3638	4870	-	2	1.321223	I:	D:
5156	6226	+	2	1.326589	I:	D:
6252	6716	+	3	1.327228	I:	D:
6770	8005	+	2	1.298488	I:	D:
8099	8989	+	2	1.307819	I:	D:
8982	10220	+	3	1.311622	I:	D:
10398	11582	+	3	1.303750	I:	D:
11754	13463	+	3	1.328523	I:	D:
13467	14543	+	3	1.309278	I:	D:
14626	14904	-	1	1.348308	I:	D:
14927	16288	+	2	1.305131	I:	D:
16395	17348	+	3	1.319463	I:	D:
17388	18398	+	3	1.319845	I:	D:
18439	19305	+	1	1.350378	I:	D:
19305	20144	+	3	1.333757	I:	D:
20167	21606	+	1	1.314879	I:	D:
21603	23393	+	3	1.323338	I:	D:
23419	24489	+	1	1.326094	I:	D:
24486	26234	+	3	1.337644	I:	D:
26206	26982	+	1	1.319517	I:	D:
26991	27362	-	3	1.312170	I:	D:
27373	28056	-	1	1.293702	I:	D:
28110	28907	-	3	1.296654	I:	D:
28909	29817	-	1	1.350766	I:	D:
30089	32221	+	2	1.325365	I:	D:
32329	34047	-	1	1.332851	I:	D:
34044	34406	-	3	1.337993	I:	D:
34433	35914	-	2	1.347175	I:	D:
35911	36210	-	1	1.320716	I:	D:
36542	38080	-	2	1.337257	I:	D:
38073	38615	-	3	1.325597	I:	D:
38686	38994	-	1	1.341450	I:	D:
39041	39259	-	2	1.354509	I:	D:
39319	39831	+	1	1.383690	I:	D:
39847	40695	+	1	1.329809	I:	D:
41009	41371	-	2	1.354626	I:	D:
41558	42025	+	2	1.298975	I:	D:
42029	42520	+	2	1.319555	I:	D:
42566	43087	+	2	1.304995	I:	D:
43092	44093	+	3	1.307057	I:	D:
44101	45369	+	1	1.322162	I:	D:
45452	45877	-	2	1.340575	I:	D:
45931	49407	+	1	1.327191	I:	D:
49411	53208	+	1	1.316097	I:	D:
53332	54162	-	1	1.329086	I:	D:
54398	54910	+	2	1.307291	I:	D:
54907	55404	+	1	1.323364	I:	D:
55437	56348	+	3	1.329415	I:	D:
56413	57303	+	1	1.318989	I:	D:
57303	58691	+	3	1.317749	I:	D:
58890	60347	+	3	1.321611	I:	D:
60480	61433	-	3	1.321408	I:	D:
61518	62150	-	3	1.341152	I:	D:
62697	64082	+	3	1.321330	I:	D:
64357	65436	+	1	1.321527	I:	D:
65452	66429	+	1	1.332051	I:	D:
66537	67739	+	3	1.322847	I:	D:
67853	68896	+	2	1.338553	I:	D:
69041	69757	+	2	1.318288	I:	D:
70023	70832	+	3	1.322934	I:	D:
70858	71709	+	1	1.313604	I:	D:
71711	72139	+	2	1.295489	I:	D:
72163	72816	+	1	1.333528	I:	D:
72809	73552	+	2	1.301208	I:	D:
73601	74596	+	2	1.300756	I:	D:
74699	74953	+	2	1.347788	I:	D:
75283	76434	+	1	1.304077	I:	D:
76575	77036	+	3	1.322084	I:	D:
77258	79225	-	2	1.315424	I:	D:
79327	80886	+	1	1.306954	I:	D:
81097	82092	+	1	1.317122	I:	D:
82252	84339	+	1	1.313094	I:	D:
84358	84993	+	1	1.330733	I:	D:
85162	86247	+	1	1.310320	I:	D:
86327	87991	+	2	1.328028	I:	D:
88033	89715	+	1	1.328810	I:	D:
90035	91117	+	2	1.319719	I:	D:
91133	92296	+	2	1.317587	I:	D:
92354	93592	+	2	1.324081	I:	D:
93640	94761	-	1	1.332157	I:	D:
94899	96092	+	3	1.314359	I:	D:
96238	97041	-	1	1.314067	I:	D:
97231	99168	+	1	1.320515	I:	D:
99168	99701	+	3	1.334526	I:	D:
99875	100594	+	2	1.329252	I:	D:
100822	101544	+	1	1.318825	I:	D:
102057	102239	+	3	1.336731	I:	D:
102448	102759	+	1	1.357852	I:	D:
102780	103415	+	3	1.328311	I:	D:
103502	104671	+	2	1.314563	I:	D:
104685	106202	+	3	1.331321	I:	D:
106233	106838	+	3	1.291629	I:	D:
106835	107332	+	2	1.315881	I:	D:
107699	107935	+	2	1.394156	I:	D:
108275	108916	+	2	1.304333	I:	D:
108947	109105	-	2	1.376315	I:	D:
109286	109738	+	2	1.336724	I:	D:
109854	110027	-	3	1.354261	I:	D:
110051	111802	+	2	1.321496	I:	D:
112012	113259	+	1	1.320514	I:	D:
113365	117690	-	1	1.329177	I:	D:
117922	118863	+	1	1.313006	I:	D:
118899	119771	+	3	1.330348	I:	D:
119900	120478	+	2	1.303246	I:	D:
>YB2_13552
178	2748	+	1	1.313176	I:	D:
2974	3993	+	1	1.315105	I:	D:
4213	4656	+	1	1.326311	I:	D:
4712	5953	+	2	1.298192	I:	D:
6059	6469	-	2	1.328376	I:	D:
6611	8767	+	2	1.307398	I:	D:
8757	9182	+	3	1.332403	I:	D:
9182	9928	+	2	1.330446	I:	D:
9965	10420	+	2	1.316044	I:	D:
10563	10805	+	3	1.346301	I:	D:
10947	11858	+	3	1.334939	I:	D:
>YB2_13615
1	525	-	1	1.315013	I:	D:
613	759	-	1	1.302458	I:	D:
839	1996	+	2	1.315309	I:	D:
2010	5132	+	3	1.325664	I:	D:
5168	6370	+	2	1.310809	I:	D:
6387	7724	+	3	1.317514	I:	D:
8048	8866	+	2	1.352100	I:	D:
8968	9837	-	1	1.358056	I:	D:
9987	11765	+	3	1.328732	I:	D:
>YB2_13912
137	1402	-	2	1.312237	I:	D:
1802	3184	-	2	1.350798	I:	D:
3190	3606	-	1	1.303400	I:	D:
3765	6275	-	3	1.312212	I:	D:
6320	7339	-	2	1.332776	I:	D:
7332	7940	-	3	1.313711	I:	D:
7942	8331	-	1	1.324839	I:	D:
8450	9253	-	2	1.353796	I:	D:
9295	10401	-	1	1.331704	I:	D:
10533	10790	-	3	1.278948	I:	D:
>YB2_13940
148	840	+	1	1.302879	I:	D:
929	1942	+	2	1.321306	I:	D:
2124	3824	+	3	1.305277	I:	D:
3865	4899	+	1	1.336506	I:	D:
5081	6517	+	2	1.322553	I:	D:
6510	10424	+	3	1.319629	I:	D:
10513	10728	+	1	1.341160	I:	D:
>YB2_13987
256	1176	+	1	1.299172	I:	D:
1260	2027	+	3	1.287838	I:	D:
2195	2743	+	2	1.345409	I:	D:
2981	4348	-	2	1.345602	I:	D:
4323	4796	-	3	1.320618	I:	D:
5032	6009	+	1	1.317609	I:	D:
6033	6638	+	3	1.322458	I:	D:
6859	7122	-	1	1.314588	I:	D:
7449	8354	+	3	1.337085	I:	D:
8402	9298	+	2	1.349886	I:	D:
9423	10604	+	3	1.337722	I:	D:
>YB2_14036
2	913	+	2	1.307193	I:	D:
1156	2133	+	1	1.344766	I:	D:
2391	2894	+	3	1.296029	I:	D:
2965	4152	+	1	1.343931	I:	D:
4842	4997	+	3	1.307832	I:	D:
5498	5629	+	2	1.350503	I:	D:
5622	10442	+	3	1.301252	I:	D:
>YB2_14054
186	1058	+	3	1.337002	I:	D:
1175	1438	+	2	1.285386	I:	D:
1649	2479	+	2	1.330127	I:	D:
2639	3823	+	2	1.320457	I:	D:
3820	4329	+	1	1.339842	I:	D:
4319	5152	+	2	1.338451	I:	D:
5152	6345	+	1	1.338529	I:	D:
6396	6923	+	3	1.336163	I:	D:
7077	7937	+	3	1.317849	I:	D:
7960	9282	+	1	1.330372	I:	D:
9545	9688	+	2	1.359092	I:	D:
9872	10138	+	2	1.349863	I:	D:
10239	10382	-	3	1.367492	I:	D:
>YB2_14449
2	160	+	2	1.398065	I:	D:
198	1205	+	3	1.359168	I:	D:
1263	1811	+	3	1.326553	I:	D:
1860	3275	+	3	1.317955	I:	D:
3260	3745	+	2	1.297835	I:	D:
3749	4495	+	2	1.308095	I:	D:
4527	5429	+	3	1.321301	I:	D:
5475	6548	+	3	1.312341	I:	D:
6595	6933	+	1	1.355949	I:	D:
6953	7447	+	2	1.335060	I:	D:
7440	7973	+	3	1.304493	I:	D:
8035	8511	+	1	1.331350	I:	D:
8566	9630	+	1	1.335872	I:	D:
9671	10615	+	2	1.343922	I:	D:
10681	11247	+	1	1.315895	I:	D:
11659	14829	-	1	1.317725	I:	D:
14986	15408	+	1	1.335585	I:	D:
15426	17147	+	3	1.325503	I:	D:
17214	18635	+	3	1.341750	I:	D:
18637	19542	+	1	1.318280	I:	D:
19662	21593	+	3	1.325233	I:	D:
21590	23266	+	2	1.328868	I:	D:
23373	24020	-	3	1.271285	I:	D:
24291	24575	+	3	1.280613	I:	D:
24689	26311	+	2	1.299459	I:	D:
26504	28291	+	2	1.319630	I:	D:
28616	29692	+	2	1.318658	I:	D:
29812	30312	+	1	1.302148	I:	D:
30309	31583	+	3	1.332219	I:	D:
31676	32479	+	2	1.324381	I:	D:
32521	33603	+	1	1.315301	I:	D:
33637	34884	+	1	1.331201	I:	D:
35016	35795	+	3	1.326138	I:	D:
36011	36745	+	2	1.316619	I:	D:
36835	38316	+	1	1.313197	I:	D:
38393	42277	+	2	1.327842	I:	D:
42282	44024	-	3	1.339191	I:	D:
44124	46244	-	3	1.359872	I:	D:
46241	46486	-	2	1.373537	I:	D:
46657	47148	+	1	1.312269	I:	D:
47184	47321	-	3	1.304167	I:	D:
47356	48810	+	1	1.312401	I:	D:
49050	49535	+	3	1.316532	I:	D:
49733	51226	+	2	1.334184	I:	D:
51272	52177	-	2	1.334801	I:	D:
52329	53078	+	3	1.331475	I:	D:
53151	54296	+	3	1.319050	I:	D:
54419	55054	+	2	1.397323	I:	D:
55160	56392	+	2	1.324713	I:	D:
56663	57682	+	2	1.305947	I:	D:
57801	58814	+	3	1.326065	I:	D:
58818	58961	+	3	1.270236	I:	D:
58976	59980	+	2	1.324315	I:	D:
60190	60366	+	1	1.343941	I:	D:
60407	61192	+	2	1.344950	I:	D:
61176	61934	+	3	1.317288	I:	D:
61967	63022	+	2	1.296008	I:	D:
63271	64080	+	1	1.318032	I:	D:
64129	65445	+	1	1.313547	I:	D:
65462	66442	-	2	1.334795	I:	D:
66659	67828	-	2	1.310043	I:	D:
67919	69283	-	2	1.324625	I:	D:
69482	70636	-	2	1.334146	I:	D:
70557	71246	-	3	1.315327	I:	D:
71558	71866	+	2	1.318021	I:	D:
71885	72016	+	2	1.315820	I:	D:
72046	73104	+	1	1.308433	I:	D:
73110	73598	+	3	1.316274	I:	D:
73598	74665	+	2	1.326062	I:	D:
74672	75637	+	2	1.318502	I:	D:
75811	76683	+	1	1.297277	I:	D:
76779	77447	+	3	1.319306	I:	D:
77470	78582	+	1	1.321524	I:	D:
78602	79564	+	2	1.341457	I:	D:
79745	79921	+	2	1.371507	I:	D:
80128	80502	+	1	1.314194	I:	D:
80507	81532	+	2	1.324221	I:	D:
81633	82253	+	3	1.313683	I:	D:
82321	83154	+	1	1.330146	I:	D:
83167	84339	+	1	1.336146	I:	D:
84449	84733	-	2	1.344724	I:	D:
85255	86211	+	1	1.322103	I:	D:
86251	86871	+	1	1.323091	I:	D:
86925	88346	+	3	1.319129	I:	D:
88343	89980	+	2	1.334146	I:	D:
90169	90414	+	1	1.331109	I:	D:
90713	91207	+	2	1.311547	I:	D:
91237	91434	+	1	1.329351	I:	D:
91464	91820	+	3	1.331755	I:	D:
92039	93394	-	2	1.350531	I:	D:
93661	94239	-	1	1.314086	I:	D:
94344	94757	-	3	1.330925	I:	D:
94823	94954	+	2	1.407892	I:	D:
95160	95513	+	3	1.343020	I:	D:
95518	97356	-	1	1.329656	I:	D:
97353	98903	-	3	1.328760	I:	D:
99106	99333	+	1	1.302610	I:	D:
99607	100527	+	1	1.324136	I:	D:
>YB2_14992
1	1065	+	1	1.317013	I:	D:
1059	2852	+	3	1.331122	I:	D:
2962	4389	-	1	1.339543	I:	D:
4490	5842	-	2	1.319008	I:	D:
5915	6970	-	2	1.322399	I:	D:
7227	8144	-	3	1.343839	I:	D:
8146	10122	-	1	1.314154	I:	D:
10098	10934	-	3	1.350429	I:	D:
10943	11995	-	2	1.318920	I:	D:
12072	13043	-	3	1.299383	I:	D:
13214	14305	-	2	1.331733	I:	D:
14643	16385	-	3	1.308447	I:	D:
16811	17725	+	2	1.343988	I:	D:
17729	18910	-	2	1.325512	I:	D:
19070	19963	-	2	1.321674	I:	D:
19994	21088	-	2	1.291982	I:	D:
21085	21678	-	1	1.346256	I:	D:
21700	21939	-	1	1.315966	I:	D:
21949	22263	-	1	1.299959	I:	D:
22278	22580	-	3	1.305934	I:	D:
22594	22890	-	1	1.320074	I:	D:
22891	23211	-	1	1.321554	I:	D:
23243	23551	-	2	1.295676	I:	D:
23653	23907	-	1	1.301456	I:	D:
23900	28498	-	2	1.324917	I:	D:
28512	29564	-	3	1.311501	I:	D:
29618	29869	-	2	1.343372	I:	D:
30018	32525	-	3	1.335682	I:	D:
32763	34748	+	3	1.315178	I:	D:
34942	35820	+	1	1.324391	I:	D:
35820	36731	+	3	1.345767	I:	D:
36782	37357	-	2	1.320831	I:	D:
37395	38729	-	3	1.324044	I:	D:
38779	39306	-	1	1.304480	I:	D:
39381	39614	-	3	1.312339	I:	D:
39611	40942	-	2	1.347655	I:	D:
41058	42017	-	3	1.327100	I:	D:
42065	42784	+	2	1.320083	I:	D:
42781	43107	+	1	1.342652	I:	D:
43206	43973	-	3	1.313402	I:	D:
44011	44481	-	1	1.308725	I:	D:
44654	45247	-	2	1.335265	I:	D:
45259	45714	-	1	1.314916	I:	D:
45701	46243	-	2	1.334557	I:	D:
46274	47248	-	2	1.314527	I:	D:
47291	48454	-	2	1.350535	I:	D:
48636	49037	-	3	1.316488	I:	D:
49153	50046	-	1	1.355703	I:	D:
50080	50226	-	1	1.352308	I:	D:
50306	52699	+	2	1.329819	I:	D:
52938	53570	-	3	1.334212	I:	D:
53616	54404	-	3	1.344325	I:	D:
54406	55431	-	1	1.321734	I:	D:
55547	56113	-	2	1.353719	I:	D:
56110	57576	-	1	1.323171	I:	D:
57671	57856	+	2	1.391185	I:	D:
57995	59467	-	2	1.323337	I:	D:
59683	61035	-	1	1.313205	I:	D:
61128	62333	-	3	1.328464	I:	D:
62348	63250	-	2	1.328540	I:	D:
63288	63962	-	3	1.357389	I:	D:
64001	65089	-	2	1.317786	I:	D:
65288	66400	-	2	1.321416	I:	D:
66628	67476	-	1	1.303029	I:	D:
67590	68423	-	3	1.323715	I:	D:
68439	69155	-	3	1.333997	I:	D:
69284	69625	-	2	1.369757	I:	D:
69731	71221	-	2	1.317364	I:	D:
71410	72339	+	1	1.327110	I:	D:
72527	73303	-	2	1.316036	I:	D:
73296	74579	-	3	1.325499	I:	D:
74687	74902	+	2	1.413486	I:	D:
74966	76330	-	2	1.320023	I:	D:
76337	77746	-	2	1.318399	I:	D:
77926	78894	-	1	1.316376	I:	D:
79043	80455	+	2	1.320522	I:	D:
80561	81994	-	2	1.313292	I:	D:
82158	84317	-	3	1.299505	I:	D:
84618	85829	-	3	1.318054	I:	D:
85966	86472	-	1	1.332404	I:	D:
86652	89699	-	3	1.311276	I:	D:
89703	90839	-	3	1.302615	I:	D:
90878	91495	-	2	1.332130	I:	D:
91722	92300	-	3	1.320518	I:	D:
92489	93976	-	2	1.334001	I:	D:
93991	95259	-	1	1.307673	I:	D:
>YB2_15373
200	1225	+	2	1.336029	I:	D:
1240	1416	-	1	1.394592	I:	D:
1629	2756	+	3	1.347568	I:	D:
2737	3408	+	1	1.341935	I:	D:
3464	4696	+	2	1.324405	I:	D:
4736	5203	+	2	1.303669	I:	D:
5296	5967	-	1	1.305439	I:	D:
6345	7031	+	3	1.330943	I:	D:
7126	8061	+	1	1.314572	I:	D:
8109	8573	+	3	1.332313	I:	D:
8777	9823	+	2	1.308709	I:	D:
9823	10302	+	1	1.337383	I:	D:
10306	11610	+	1	1.328889	I:	D:
11827	12834	+	1	1.339762	I:	D:
12889	14775	+	1	1.323641	I:	D:
14792	15871	+	2	1.336782	I:	D:
15881	16657	+	2	1.306489	I:	D:
16644	17453	+	3	1.297730	I:	D:
17493	19151	+	3	1.334449	I:	D:
19664	20260	+	2	1.335786	I:	D:
20421	21836	-	3	1.332792	I:	D:
21866	22870	-	2	1.340127	I:	D:
23110	24594	+	1	1.325227	I:	D:
24809	25567	+	2	1.335511	I:	D:
25701	26351	+	3	1.317926	I:	D:
26431	27462	+	1	1.329179	I:	D:
27605	28645	+	2	1.321999	I:	D:
28794	28934	+	3	1.353665	I:	D:
28963	29694	+	1	1.333929	I:	D:
29747	30520	-	2	1.323417	I:	D:
30513	31454	-	3	1.333372	I:	D:
31488	32711	-	3	1.307154	I:	D:
33070	33708	+	1	1.314340	I:	D:
33785	34558	+	2	1.322112	I:	D:
34570	35178	-	1	1.314837	I:	D:
35203	35538	-	1	1.341131	I:	D:
35575	36366	-	1	1.322226	I:	D:
36466	37863	+	1	1.339132	I:	D:
37987	39177	+	1	1.326550	I:	D:
39277	40761	+	1	1.321481	I:	D:
41035	41568	+	1	1.329672	I:	D:
41591	42208	+	2	1.340399	I:	D:
42297	43574	-	3	1.339091	I:	D:
43600	44751	-	1	1.310544	I:	D:
45027	46049	-	3	1.319648	I:	D:
46257	48761	-	3	1.349150	I:	D:
48927	50246	+	3	1.316006	I:	D:
50400	51092	+	3	1.337471	I:	D:
51099	53246	+	3	1.322046	I:	D:
53440	55533	+	1	1.317790	I:	D:
55642	56589	-	1	1.326066	I:	D:
56860	57801	+	1	1.332540	I:	D:
57815	58669	+	2	1.316548	I:	D:
58671	60701	+	3	1.328123	I:	D:
60748	62367	+	1	1.291680	I:	D:
62387	63373	+	2	1.317196	I:	D:
63375	64655	+	3	1.320657	I:	D:
64717	65610	+	1	1.284745	I:	D:
65620	66525	+	1	1.305678	I:	D:
66555	66782	-	3	1.353088	I:	D:
66864	68045	+	3	1.319099	I:	D:
68380	70692	+	1	1.319844	I:	D:
70747	72087	+	1	1.317766	I:	D:
72090	73088	+	3	1.303448	I:	D:
73153	74061	-	1	1.317629	I:	D:
74172	75425	+	3	1.321484	I:	D:
75426	76997	-	3	1.358401	I:	D:
77022	77369	+	3	1.316950	I:	D:
77489	77626	+	2	1.365607	I:	D:
77709	80123	+	3	1.329401	I:	D:
80332	81120	+	1	1.315928	I:	D:
81348	83114	+	3	1.301138	I:	D:
83257	84738	-	1	1.332266	I:	D:
84890	85177	-	2	1.319472	I:	D:
85191	85676	-	3	1.309353	I:	D:
85742	85885	+	2	1.293094	I:	D:
85993	86193	+	1	1.373724	I:	D:
86373	87551	+	3	1.308751	I:	D:
87640	87876	-	1	1.289957	I:	D:
87999	88856	-	3	1.329887	I:	D:
89079	90941	+	3	1.333536	I:	D:
>YB2_15829
3	221	-	3	1.293399	I:	D:
232	621	-	1	1.310927	I:	D:
628	2121	-	1	1.311751	I:	D:
2188	3768	-	1	1.319733	I:	D:
3783	7154	-	3	1.318616	I:	D:
7138	7848	-	1	1.318723	I:	D:
7841	9199	-	2	1.324502	I:	D:
9206	9913	-	2	1.322068	I:	D:
9946	11481	-	1	1.320169	I:	D:
11478	12422	-	3	1.333335	I:	D:
12409	13062	-	1	1.344087	I:	D:
13062	14708	-	3	1.315655	I:	D:
14708	15601	-	2	1.324646	I:	D:
15730	17442	-	1	1.316235	I:	D:
17691	17984	-	3	1.301084	I:	D:
18024	18584	-	3	1.332645	I:	D:
18625	19887	-	1	1.332204	I:	D:
20007	21239	-	3	1.309654	I:	D:
21325	22257	-	1	1.291865	I:	D:
22280	25843	-	2	1.299811	I:	D:
25834	26532	-	1	1.304782	I:	D:
26603	26833	-	2	1.260716	I:	D:
26859	27884	-	3	1.308113	I:	D:
27931	28104	+	1	1.350481	I:	D:
28254	28781	-	3	1.341159	I:	D:
28857	30053	-	3	1.327478	I:	D:
30156	31151	-	3	1.322123	I:	D:
31310	31642	-	2	1.300418	I:	D:
31913	33427	-	2	1.315326	I:	D:
33583	34899	+	1	1.345488	I:	D:
35028	36146	-	3	1.320806	I:	D:
36165	36806	-	3	1.316310	I:	D:
36826	37458	-	1	1.320703	I:	D:
37471	38835	-	1	1.313581	I:	D:
38908	39180	-	1	1.306420	I:	D:
39263	40060	-	2	1.336719	I:	D:
40057	40686	-	1	1.325906	I:	D:
40753	43500	-	1	1.317776	I:	D:
43530	43874	-	3	1.340249	I:	D:
44033	44203	-	2	1.341241	I:	D:
44300	45109	-	2	1.336440	I:	D:
45084	46064	-	3	1.332432	I:	D:
46165	47586	-	1	1.296781	I:	D:
47702	49219	-	2	1.319896	I:	D:
49295	49576	-	2	1.311610	I:	D:
49648	50406	-	1	1.329055	I:	D:
50485	51258	-	1	1.348725	I:	D:
51264	51614	-	3	1.288015	I:	D:
51607	51879	-	1	1.351470	I:	D:
51931	52158	-	1	1.336597	I:	D:
52584	53786	-	3	1.342743	I:	D:
53927	54055	+	2	1.333672	I:	D:
54185	55504	-	2	1.340154	I:	D:
55581	55835	-	3	1.293230	I:	D:
55848	56231	-	3	1.308220	I:	D:
56228	57091	-	2	1.317332	I:	D:
57078	57785	-	3	1.324420	I:	D:
57786	58238	-	3	1.317022	I:	D:
58235	58624	-	2	1.315838	I:	D:
58636	59619	-	1	1.305889	I:	D:
59634	60308	-	3	1.333592	I:	D:
60319	62652	-	1	1.327575	I:	D:
62828	63235	-	2	1.287485	I:	D:
63251	63697	-	2	1.304856	I:	D:
63705	64772	-	3	1.319626	I:	D:
64775	65233	-	2	1.317977	I:	D:
65243	65641	-	2	1.313386	I:	D:
65641	66003	-	1	1.352614	I:	D:
65990	66364	-	2	1.335067	I:	D:
66375	66722	-	3	1.288789	I:	D:
66736	67668	-	1	1.325978	I:	D:
67683	68360	-	3	1.302163	I:	D:
68684	70132	-	2	1.336411	I:	D:
70110	71504	-	3	1.325005	I:	D:
71520	73277	-	3	1.335531	I:	D:
73556	74116	-	2	1.341329	I:	D:
74120	74680	-	2	1.324349	I:	D:
74680	75018	-	1	1.309470	I:	D:
75015	75392	-	3	1.311279	I:	D:
75500	75826	-	2	1.323971	I:	D:
75786	76316	-	3	1.354968	I:	D:
76336	76980	-	1	1.312628	I:	D:
76980	77222	-	3	1.363111	I:	D:
77323	77703	-	1	1.314592	I:	D:
77715	77984	-	3	1.329928	I:	D:
77986	78159	-	1	1.363836	I:	D:
78199	78339	-	1	1.285942	I:	D:
78427	78750	-	1	1.356782	I:	D:
78761	79717	-	2	1.339139	I:	D:
79721	81673	-	2	1.333367	I:	D:
81760	82101	-	1	1.342088	I:	D:
82183	82527	+	1	1.318895	I:	D:
83024	85663	-	2	1.295397	I:	D:
>YB2_15901
108	1397	+	3	1.316774	I:	D:
1500	2957	-	3	1.317833	I:	D:
3138	3974	-	3	1.328154	I:	D:
4077	5807	+	3	1.327443	I:	D:
5888	6193	+	2	1.393688	I:	D:
6249	7088	+	3	1.325632	I:	D:
>YB2_16156
166	465	-	1	1.328541	I:	D:
465	1085	-	3	1.330777	I:	D:
1114	1794	-	1	1.335767	I:	D:
1928	2245	-	2	1.343309	I:	D:
2717	4087	-	2	1.317952	I:	D:
4242	5234	+	3	1.337635	I:	D:
5274	6173	-	3	1.359548	I:	D:
6506	7123	-	2	1.333436	I:	D:
7242	7520	-	3	1.315444	I:	D:
7594	8724	-	1	1.340071	I:	D:
8728	10182	-	1	1.322827	I:	D:
10883	11404	-	2	1.331253	I:	D:
11505	13292	+	3	1.365238	I:	D:
13316	14710	-	2	1.317123	I:	D:
14723	16108	-	2	1.340250	I:	D:
16212	17939	-	3	1.323097	I:	D:
17987	19405	-	2	1.341079	I:	D:
19534	20520	-	1	1.342557	I:	D:
20513	22738	-	2	1.332388	I:	D:
22728	23705	-	3	1.325185	I:	D:
23702	24658	-	2	1.336647	I:	D:
24670	25803	-	1	1.350816	I:	D:
25805	26776	-	2	1.328841	I:	D:
26830	28836	-	1	1.326458	I:	D:
29105	30487	+	2	1.321447	I:	D:
30668	31105	+	2	1.366075	I:	D:
31140	31976	-	3	1.332980	I:	D:
32072	32386	+	2	1.330302	I:	D:
32522	33451	+	2	1.354177	I:	D:
33578	34495	-	2	1.335947	I:	D:
34497	35390	-	3	1.334094	I:	D:
35512	35778	-	1	1.270781	I:	D:
35904	36986	-	3	1.304051	I:	D:
37049	37768	-	2	1.309284	I:	D:
37813	39603	-	1	1.297516	I:	D:
39696	40757	-	3	1.275823	I:	D:
40778	41785	-	2	1.289525	I:	D:
41787	42995	-	3	1.305349	I:	D:
43022	44077	-	2	1.300856	I:	D:
44001	44930	-	3	1.292182	I:	D:
44981	45715	-	2	1.274931	I:	D:
45737	47164	-	2	1.316599	I:	D:
47200	48327	-	1	1.306047	I:	D:
48324	49658	-	3	1.315083	I:	D:
49719	50924	-	3	1.337587	I:	D:
50921	52513	-	2	1.311197	I:	D:
52644	54311	-	3	1.284408	I:	D:
54490	55680	-	1	1.304726	I:	D:
55803	57596	-	3	1.300835	I:	D:
57943	58155	-	1	1.351208	I:	D:
58370	58744	-	2	1.280107	I:	D:
58848	59348	-	3	1.314782	I:	D:
59700	60395	-	3	1.335884	I:	D:
60463	60888	-	1	1.330937	I:	D:
60969	61484	-	3	1.311246	I:	D:
61507	61758	-	1	1.288699	I:	D:
61785	61967	-	3	1.379221	I:	D:
62120	62836	-	2	1.371495	I:	D:
62912	65200	-	2	1.327603	I:	D:
65298	66350	-	3	1.318162	I:	D:
66370	66639	+	1	1.339690	I:	D:
67021	67431	-	1	1.310787	I:	D:
67646	67846	+	2	1.363803	I:	D:
68069	68926	+	2	1.349533	I:	D:
68945	69829	+	2	1.338705	I:	D:
70025	71089	+	2	1.323181	I:	D:
71158	71370	+	1	1.397358	I:	D:
71398	73134	-	1	1.323654	I:	D:
73240	75003	-	1	1.334204	I:	D:
75191	76507	-	2	1.326220	I:	D:
76534	77229	-	1	1.326837	I:	D:
77340	79280	-	3	1.337662	I:	D:
79356	80408	-	3	1.341076	I:	D:
80579	82462	-	2	1.344028	I:	D:
82579	82731	+	1	1.382028	I:	D:
82738	83637	-	1	1.311861	I:	D:
>YB2_16474
3	251	-	3	1.322270	I:	D:
364	2529	-	1	1.316707	I:	D:
2566	2724	-	1	1.281224	I:	D:
3186	3335	-	3	1.284724	I:	D:
3359	3505	+	2	1.353349	I:	D:
3509	3637	+	2	1.354521	I:	D:
3795	4793	-	3	1.328354	I:	D:
4806	6347	-	3	1.324158	I:	D:
>YB2_16495
224	1246	-	2	1.322986	I:	D:
1292	2485	-	2	1.307216	I:	D:
2533	3831	-	1	1.319017	I:	D:
4127	5506	-	2	1.324171	I:	D:
5646	6770	-	3	1.319151	I:	D:
6916	7071	+	1	1.283491	I:	D:
7089	7796	+	3	1.320981	I:	D:
7806	7964	+	3	1.364764	I:	D:
8025	8312	+	3	1.352372	I:	D:
8330	9202	-	2	1.357145	I:	D:
9338	10516	-	2	1.315113	I:	D:
10516	11655	-	1	1.336494	I:	D:
11669	12928	-	2	1.327737	I:	D:
12925	13785	-	1	1.336423	I:	D:
13823	15271	-	2	1.333861	I:	D:
15413	15619	-	2	1.376759	I:	D:
15802	16434	+	1	1.325270	I:	D:
16431	17021	+	3	1.357455	I:	D:
17085	17435	+	3	1.313432	I:	D:
17499	17819	-	3	1.337553	I:	D:
17853	18284	-	3	1.370247	I:	D:
18306	18611	-	3	1.340376	I:	D:
18702	19025	-	3	1.351346	I:	D:
19203	19493	-	3	1.304157	I:	D:
19493	21403	-	2	1.328235	I:	D:
21390	23060	-	3	1.328313	I:	D:
23250	23912	-	3	1.310665	I:	D:
23986	24141	-	1	1.346011	I:	D:
24189	24617	-	3	1.266859	I:	D:
24607	25824	-	1	1.327858	I:	D:
25826	26911	-	2	1.311390	I:	D:
26948	28354	-	2	1.331947	I:	D:
28444	29220	-	1	1.320353	I:	D:
29587	29889	-	1	1.397706	I:	D:
29859	30458	-	3	1.335444	I:	D:
30632	31444	-	2	1.331035	I:	D:
31484	32038	-	2	1.310507	I:	D:
32212	33993	-	1	1.345299	I:	D:
34015	34413	-	1	1.314624	I:	D:
34410	35402	-	3	1.330788	I:	D:
35399	36715	-	2	1.332606	I:	D:
36732	37418	-	3	1.317351	I:	D:
37507	38445	-	1	1.316717	I:	D:
38466	39512	-	3	1.334434	I:	D:
39746	41248	+	2	1.340351	I:	D:
41365	41985	-	1	1.323654	I:	D:
42103	42498	-	1	1.314163	I:	D:
42515	43648	-	2	1.321397	I:	D:
43635	43913	-	3	1.329929	I:	D:
44128	44982	-	1	1.326601	I:	D:
44984	45883	-	2	1.295136	I:	D:
45912	46805	-	3	1.298290	I:	D:
46850	48001	-	2	1.334294	I:	D:
48035	49411	-	2	1.318695	I:	D:
49433	50356	-	2	1.330898	I:	D:
50353	51201	-	1	1.344318	I:	D:
51207	52097	-	3	1.343792	I:	D:
52218	52400	+	3	1.296807	I:	D:
52419	54323	+	3	1.339164	I:	D:
54345	54491	+	3	1.394054	I:	D:
54663	54842	-	3	1.327179	I:	D:
54872	55075	-	2	1.387655	I:	D:
55282	55716	+	1	1.298910	I:	D:
55777	55947	-	1	1.356611	I:	D:
55968	56858	-	3	1.309155	I:	D:
56923	58407	-	1	1.351911	I:	D:
58550	59305	-	2	1.299645	I:	D:
59323	60354	-	1	1.332484	I:	D:
60299	62029	-	2	1.338076	I:	D:
62065	63156	-	1	1.294694	I:	D:
63159	64031	-	3	1.329624	I:	D:
64142	64978	+	2	1.334540	I:	D:
65080	65760	+	1	1.325510	I:	D:
65999	66946	-	2	1.296968	I:	D:
67129	68133	+	1	1.333580	I:	D:
68147	69967	+	2	1.311416	I:	D:
70120	71349	-	1	1.327717	I:	D:
71342	73207	-	2	1.321070	I:	D:
73204	74820	-	1	1.314067	I:	D:
74910	76148	-	3	1.304793	I:	D:
76428	76565	-	3	1.315176	I:	D:
76629	77735	-	3	1.306645	I:	D:
77836	78660	-	1	1.337397	I:	D:
78650	79480	-	2	1.333231	I:	D:
79513	80145	-	1	1.339901	I:	D:
80322	80699	-	3	1.331406	I:	D:
>YB2_16743
240	2225	-	3	1.310070	I:	D:
2289	3194	-	3	1.310198	I:	D:
3408	4268	-	3	1.331015	I:	D:
4477	5142	+	1	1.357084	I:	D:
5219	6238	-	2	1.331760	I:	D:
6296	6757	-	2	1.348827	I:	D:
6916	7845	+	1	1.309894	I:	D:
7920	8471	-	3	1.336189	I:	D:
8622	9530	-	3	1.357824	I:	D:
9520	10728	-	1	1.319244	I:	D:
10783	11814	-	1	1.322190	I:	D:
11852	12559	-	2	1.334615	I:	D:
12546	13322	-	3	1.311014	I:	D:
13328	14344	-	2	1.324331	I:	D:
14356	15252	-	1	1.321133	I:	D:
15295	16533	-	1	1.314283	I:	D:
16541	16747	+	2	1.319575	I:	D:
16803	17966	-	3	1.337282	I:	D:
18168	19157	+	3	1.319478	I:	D:
19234	19449	-	1	1.375831	I:	D:
19452	22670	-	3	1.320459	I:	D:
22670	23743	-	2	1.318695	I:	D:
24023	27949	-	2	1.306671	I:	D:
28034	33433	-	2	1.301148	I:	D:
33748	34845	+	1	1.321777	I:	D:
34848	35240	+	3	1.346973	I:	D:
35265	35921	+	3	1.331709	I:	D:
36075	36824	-	3	1.322603	I:	D:
36821	38005	-	2	1.343103	I:	D:
38022	39344	-	3	1.318053	I:	D:
39376	39876	-	1	1.316407	I:	D:
39905	41263	-	2	1.308704	I:	D:
41274	42848	-	3	1.321329	I:	D:
42970	44649	+	1	1.332122	I:	D:
44694	45269	+	3	1.336062	I:	D:
45387	46022	+	3	1.292723	I:	D:
46106	47356	+	2	1.347725	I:	D:
47424	48314	-	3	1.332437	I:	D:
48437	48796	+	2	1.343946	I:	D:
48821	49603	-	2	1.339981	I:	D:
49663	50109	-	1	1.320412	I:	D:
50266	51501	-	1	1.315803	I:	D:
51609	52451	-	3	1.326364	I:	D:
52482	53030	-	3	1.361761	I:	D:
53233	54666	-	1	1.339369	I:	D:
54792	55649	-	3	1.320494	I:	D:
55716	56642	+	3	1.354416	I:	D:
56657	57298	-	2	1.342715	I:	D:
57448	59472	-	1	1.307152	I:	D:
59777	61384	+	2	1.326690	I:	D:
61494	61697	+	3	1.299587	I:	D:
61700	63022	-	2	1.317233	I:	D:
63169	64674	-	1	1.317401	I:	D:
64668	66449	-	3	1.336258	I:	D:
66594	68045	+	3	1.320452	I:	D:
68175	69068	+	3	1.317023	I:	D:
69071	69916	+	2	1.337191	I:	D:
70047	70790	-	3	1.321102	I:	D:
70790	71581	-	2	1.324666	I:	D:
71607	72530	-	3	1.319270	I:	D:
72813	73715	-	3	1.303394	I:	D:
73755	74636	-	3	1.329213	I:	D:
74826	76088	+	3	1.332046	I:	D:
76326	77759	-	3	1.324002	I:	D:
77804	78670	-	2	1.302723	I:	D:
>YB2_16896
210	578	-	3	1.384812	I:	D:
593	1033	+	2	1.374495	I:	D:
1103	1435	-	2	1.322867	I:	D:
1571	1705	+	2	1.255025	I:	D:
1784	2110	+	2	1.324102	I:	D:
2295	3347	+	3	1.308509	I:	D:
3595	4623	+	1	1.305728	I:	D:
4633	5025	+	1	1.282050	I:	D:
5044	6084	+	1	1.330504	I:	D:
>YB2_17234
609	1559	+	3	1.342991	I:	D:
1587	2279	-	3	1.312352	I:	D:
2282	3403	-	2	1.321926	I:	D:
3474	5003	-	3	1.330249	I:	D:
5019	5708	-	3	1.326267	I:	D:
>YB2_17440
3	1019	-	3	1.314960	I:	D:
1102	2727	-	1	1.299638	I:	D:
2746	4953	-	1	1.364663	I:	D:
5235	6479	-	3	1.332934	I:	D:
7348	7488	-	1	1.386151	I:	D:
7565	9076	-	2	1.319926	I:	D:
9200	9610	-	2	1.291490	I:	D:
9753	11627	-	3	1.317348	I:	D:
11659	12777	-	1	1.345536	I:	D:
12793	13854	-	1	1.306090	I:	D:
14041	14700	+	1	1.327457	I:	D:
14740	15672	+	1	1.336922	I:	D:
15716	18181	-	2	1.320289	I:	D:
18156	19055	-	3	1.320138	I:	D:
19048	19422	-	1	1.339465	I:	D:
19741	20205	-	1	1.314065	I:	D:
20484	21326	-	3	1.335521	I:	D:
21468	21647	+	3	1.295210	I:	D:
21962	22753	-	2	1.347848	I:	D:
22769	23344	-	2	1.333116	I:	D:
23358	24038	-	3	1.340191	I:	D:
24051	24659	-	3	1.283698	I:	D:
24656	25597	-	2	1.334983	I:	D:
25613	26938	-	2	1.326531	I:	D:
27109	27951	-	1	1.332442	I:	D:
27944	29677	-	2	1.331887	I:	D:
29695	30717	-	1	1.323024	I:	D:
30714	33863	-	3	1.336345	I:	D:
33885	35672	-	3	1.311609	I:	D:
35793	36350	-	3	1.321190	I:	D:
36502	37890	-	1	1.319321	I:	D:
37949	38449	-	2	1.327318	I:	D:
38474	38926	-	2	1.329501	I:	D:
39130	39897	+	1	1.317121	I:	D:
39915	40043	-	3	1.283891	I:	D:
40093	40422	-	1	1.297663	I:	D:
40446	40577	-	3	1.320749	I:	D:
41155	42558	-	1	1.310321	I:	D:
42634	43080	-	1	1.294194	I:	D:
43119	44723	-	3	1.321018	I:	D:
44842	46035	-	1	1.319101	I:	D:
46119	46886	+	3	1.317023	I:	D:
47017	48072	-	1	1.331694	I:	D:
48069	48500	-	3	1.337717	I:	D:
48691	49467	+	1	1.326706	I:	D:
49555	50574	-	1	1.316249	I:	D:
50590	52086	-	1	1.331113	I:	D:
52243	53157	+	1	1.317783	I:	D:
53194	53934	-	1	1.316520	I:	D:
53947	54774	-	1	1.360453	I:	D:
54969	56273	-	3	1.303696	I:	D:
56475	57209	-	3	1.338289	I:	D:
57206	58471	-	2	1.353438	I:	D:
58558	59853	-	1	1.335905	I:	D:
59867	61423	-	2	1.319653	I:	D:
61486	62454	-	1	1.325354	I:	D:
62520	64286	-	3	1.334192	I:	D:
64357	66639	-	1	1.327045	I:	D:
66698	67162	-	2	1.331188	I:	D:
67167	68120	-	3	1.339053	I:	D:
68120	68545	-	2	1.312836	I:	D:
68784	69668	-	3	1.332461	I:	D:
69784	70881	-	1	1.303851	I:	D:
71037	71435	-	3	1.336251	I:	D:
71565	71942	-	3	1.308642	I:	D:
71951	72880	-	2	1.318034	I:	D:
72870	73640	-	3	1.303807	I:	D:
>YB2_17535
456	671	-	3	1.362906	I:	D:
908	1822	+	2	1.266177	I:	D:
1883	2740	+	2	1.247716	I:	D:
2793	3686	+	3	1.263460	I:	D:
3688	5610	+	1	1.264137	I:	D:
>YB2_17539
69	1835	-	3	1.326833	I:	D:
1836	2429	-	3	1.305558	I:	D:
2437	2745	-	1	1.314302	I:	D:
2747	3181	-	2	1.307549	I:	D:
3212	5128	-	2	1.317411	I:	D:
5156	5608	-	2	1.312952	I:	D:
>YB2_17581
1	564	+	1	1.323250	I:	D:
591	1268	+	3	1.319887	I:	D:
1303	2052	-	1	1.301720	I:	D:
2459	3841	+	2	1.341698	I:	D:
3826	4413	+	1	1.341472	I:	D:
4495	4755	+	1	1.299430	I:	D:
5017	6726	+	1	1.312590	I:	D:
6776	8272	+	2	1.321644	I:	D:
8359	9078	+	1	1.326423	I:	D:
9229	9423	-	1	1.349716	I:	D:
9449	9931	+	2	1.343330	I:	D:
10095	10337	+	3	1.337663	I:	D:
10524	10910	-	3	1.275744	I:	D:
11096	11347	+	2	1.291799	I:	D:
11550	12320	+	3	1.311341	I:	D:
12327	13532	+	3	1.318600	I:	D:
13544	13705	+	2	1.400232	I:	D:
13774	13929	-	1	1.375236	I:	D:
13973	15445	-	2	1.335638	I:	D:
15601	16737	+	1	1.326965	I:	D:
16936	17085	+	1	1.353930	I:	D:
17104	17511	+	1	1.357568	I:	D:
17798	19000	+	2	1.323797	I:	D:
19292	20212	+	2	1.299881	I:	D:
20444	20983	+	2	1.342582	I:	D:
21060	22238	+	3	1.348042	I:	D:
22352	23635	+	2	1.334868	I:	D:
23740	24684	+	1	1.323856	I:	D:
24828	25961	-	3	1.333507	I:	D:
26070	27476	-	3	1.335385	I:	D:
27481	28191	-	1	1.316761	I:	D:
28226	30901	-	2	1.334980	I:	D:
30963	32288	+	3	1.318272	I:	D:
32349	33293	+	3	1.312479	I:	D:
33303	34667	+	3	1.331103	I:	D:
34748	35881	+	2	1.328755	I:	D:
35938	36093	-	1	1.320033	I:	D:
36121	37200	+	1	1.309995	I:	D:
37304	37861	+	2	1.320176	I:	D:
37858	39144	+	1	1.326261	I:	D:
39172	40566	+	1	1.325373	I:	D:
40589	40747	+	2	1.351412	I:	D:
40800	41009	+	3	1.354423	I:	D:
41132	41773	+	2	1.315300	I:	D:
41845	42990	+	1	1.350943	I:	D:
43354	43554	+	1	1.345003	I:	D:
43566	45005	+	3	1.343619	I:	D:
45007	46311	+	1	1.320824	I:	D:
46466	47398	+	2	1.340934	I:	D:
47530	48225	-	1	1.335579	I:	D:
48457	50286	+	1	1.312816	I:	D:
50424	51614	-	3	1.335704	I:	D:
51835	53013	+	1	1.301473	I:	D:
53035	53739	+	1	1.313493	I:	D:
53740	54234	+	1	1.320231	I:	D:
54323	54526	+	2	1.330360	I:	D:
54637	55881	+	1	1.316290	I:	D:
56130	56498	+	3	1.322187	I:	D:
56669	57514	+	2	1.316457	I:	D:
57573	58721	-	3	1.355804	I:	D:
58856	59611	+	2	1.318354	I:	D:
59809	61422	+	1	1.315881	I:	D:
61442	62776	+	2	1.310894	I:	D:
62790	63275	+	3	1.274370	I:	D:
63369	65624	-	3	1.344366	I:	D:
65849	66790	+	2	1.300544	I:	D:
66983	67957	+	2	1.319607	I:	D:
67950	68585	+	3	1.317775	I:	D:
68740	71097	-	1	1.337066	I:	D:
71258	71872	-	2	1.340735	I:	D:
>YB2_17667
2	778	+	2	1.310725	I:	D:
812	1150	+	2	1.317942	I:	D:
1147	2055	+	1	1.344484	I:	D:
2156	2380	+	2	1.347455	I:	D:
2542	2796	-	1	1.290170	I:	D:
3055	3306	+	1	1.363498	I:	D:
3316	3444	+	1	1.354046	I:	D:
3482	3625	+	2	1.420282	I:	D:
4173	5414	+	3	1.324807	I:	D:
>YB2_17745
135	881	-	3	1.344141	I:	D:
967	1767	-	1	1.335775	I:	D:
1770	2636	-	3	1.314848	I:	D:
2646	3509	-	3	1.293708	I:	D:
3674	4942	-	2	1.318274	I:	D:
4988	5131	+	2	1.330526	I:	D:
5135	5461	-	2	1.314492	I:	D:
>YB2_17931
1	642	-	1	1.332041	I:	D:
647	958	-	2	1.282418	I:	D:
1196	2419	-	2	1.352956	I:	D:
2760	3422	+	3	1.314060	I:	D:
3905	4102	-	2	1.321059	I:	D:
4208	5122	+	2	1.319902	I:	D:
>YB2_17974
3	941	-	3	1.323910	I:	D:
928	2760	-	1	1.308489	I:	D:
2763	3485	-	3	1.337173	I:	D:
3843	4766	+	3	1.328215	I:	D:
4760	5191	+	2	1.310685	I:	D:
>YB2_18161
3	140	-	3	1.332794	I:	D:
164	424	+	2	1.392423	I:	D:
483	1865	-	3	1.367507	I:	D:
1843	2295	-	1	1.350860	I:	D:
2626	4524	-	1	1.353959	I:	D:
4484	5065	-	2	1.354880	I:	D:
5043	5645	-	3	1.336004	I:	D:
5642	6301	-	2	1.356326	I:	D:
6312	6974	-	3	1.345202	I:	D:
6955	7167	-	1	1.323490	I:	D:
7167	7661	-	3	1.331292	I:	D:
7771	8040	-	1	1.329444	I:	D:
8048	8356	-	2	1.347267	I:	D:
8372	8587	-	2	1.289839	I:	D:
8849	9571	-	2	1.323214	I:	D:
9593	9784	-	2	1.290722	I:	D:
10006	10431	+	1	1.301284	I:	D:
10443	10874	+	3	1.356480	I:	D:
10924	11469	+	1	1.320913	I:	D:
11628	12593	+	3	1.323917	I:	D:
12669	13073	+	3	1.321509	I:	D:
13092	14195	+	3	1.332880	I:	D:
14308	14685	+	1	1.318947	I:	D:
14878	15078	+	1	1.411131	I:	D:
15271	16722	-	1	1.329388	I:	D:
16858	21510	-	1	1.322311	I:	D:
21516	22643	-	3	1.308509	I:	D:
22646	23698	-	2	1.327554	I:	D:
23768	24919	-	2	1.323942	I:	D:
24990	25790	-	3	1.329405	I:	D:
25813	26532	-	1	1.320539	I:	D:
26610	27161	-	3	1.298845	I:	D:
27255	27956	-	3	1.316444	I:	D:
28031	28792	-	2	1.339871	I:	D:
29028	30491	+	3	1.305835	I:	D:
30565	33603	-	1	1.318447	I:	D:
33642	34727	-	3	1.305620	I:	D:
34867	35829	-	1	1.351476	I:	D:
36062	36730	+	2	1.338294	I:	D:
36878	38827	-	2	1.321763	I:	D:
39138	41084	-	3	1.332374	I:	D:
41222	41923	-	2	1.318257	I:	D:
42114	42674	+	3	1.302987	I:	D:
42681	43211	-	3	1.297720	I:	D:
43319	44344	-	2	1.316859	I:	D:
44725	45996	+	1	1.312985	I:	D:
46061	46894	+	2	1.335426	I:	D:
47051	48187	+	2	1.328852	I:	D:
48267	49832	-	3	1.339990	I:	D:
49884	50732	-	3	1.339032	I:	D:
50749	51636	-	1	1.328346	I:	D:
51723	53066	-	3	1.313173	I:	D:
53219	54988	-	2	1.327513	I:	D:
54985	55716	-	1	1.322669	I:	D:
55885	57183	-	1	1.325624	I:	D:
57212	58351	-	2	1.328519	I:	D:
58400	58960	-	2	1.341280	I:	D:
58977	59600	-	3	1.328773	I:	D:
59831	60112	-	2	1.305379	I:	D:
60159	60956	-	3	1.339336	I:	D:
60981	61511	-	3	1.320835	I:	D:
61617	61883	-	3	1.370491	I:	D:
61956	62327	-	3	1.296179	I:	D:
62355	62717	-	3	1.274008	I:	D:
62721	63392	-	3	1.313708	I:	D:
63550	63927	-	1	1.325055	I:	D:
64420	65031	-	1	1.308425	I:	D:
65129	65686	-	2	1.307666	I:	D:
66519	67472	-	3	1.291152	I:	D:
67495	68196	-	1	1.315134	I:	D:
>YB2_18495
280	1605	-	1	1.320175	I:	D:
1794	3233	-	3	1.314918	I:	D:
3247	4716	-	1	1.320109	I:	D:
4728	4982	-	3	1.282811	I:	D:
>YB2_18558
3	353	-	3	1.315061	I:	D:
422	1651	-	2	1.330352	I:	D:
1737	2741	-	3	1.341051	I:	D:
2742	3740	-	3	1.317538	I:	D:
3751	4659	-	1	1.316586	I:	D:
4665	5630	-	3	1.319733	I:	D:
5627	5803	-	2	1.366723	I:	D:
5838	7472	-	3	1.311313	I:	D:
7752	9725	+	3	1.343220	I:	D:
9733	11880	-	1	1.333360	I:	D:
12150	13652	-	3	1.326892	I:	D:
13701	14324	-	3	1.303601	I:	D:
14321	15847	-	2	1.341811	I:	D:
15990	16919	+	3	1.329614	I:	D:
17072	17269	+	2	1.383359	I:	D:
17733	18836	+	3	1.294617	I:	D:
18869	19612	+	2	1.335740	I:	D:
19614	20249	+	3	1.347776	I:	D:
20329	20892	-	1	1.348411	I:	D:
20952	21257	-	3	1.335171	I:	D:
21258	21689	-	3	1.375682	I:	D:
21943	22281	+	1	1.353480	I:	D:
22450	23304	-	1	1.326444	I:	D:
23308	23901	-	1	1.274318	I:	D:
24052	25542	+	1	1.338505	I:	D:
25661	27376	-	2	1.329291	I:	D:
27574	27852	+	1	1.398235	I:	D:
28123	30939	+	1	1.325250	I:	D:
30896	31324	+	2	1.321553	I:	D:
31433	32068	-	2	1.291295	I:	D:
32103	32687	-	3	1.331987	I:	D:
32715	34391	-	3	1.314116	I:	D:
34687	34890	+	1	1.369035	I:	D:
34935	36422	-	3	1.325246	I:	D:
36542	38047	-	2	1.324615	I:	D:
38152	39054	-	1	1.356808	I:	D:
39262	41559	+	1	1.311309	I:	D:
41725	44673	-	1	1.324997	I:	D:
44679	46529	-	3	1.324136	I:	D:
46507	48687	-	1	1.317086	I:	D:
48704	49645	-	2	1.318829	I:	D:
49717	49884	-	1	1.324394	I:	D:
50016	50219	+	3	1.382546	I:	D:
50275	50439	+	1	1.324766	I:	D:
50436	51344	+	3	1.344064	I:	D:
51371	51547	-	2	1.352424	I:	D:
51551	52264	-	2	1.358085	I:	D:
52507	53454	-	1	1.305230	I:	D:
53461	54507	-	1	1.337809	I:	D:
54512	55492	-	2	1.327249	I:	D:
55516	56490	-	1	1.343629	I:	D:
56522	57346	-	2	1.332721	I:	D:
57343	58221	-	1	1.339392	I:	D:
58268	59647	-	2	1.310596	I:	D:
59775	61658	+	3	1.315234	I:	D:
61648	63174	+	1	1.338547	I:	D:
63271	64485	+	1	1.328199	I:	D:
64567	64698	+	1	1.316484	I:	D:
64753	65598	+	1	1.309766	I:	D:
>YB2_18693
157	858	+	1	1.294083	I:	D:
855	1523	+	3	1.329275	I:	D:
1520	1825	+	2	1.274524	I:	D:
1880	3223	+	2	1.269160	I:	D:
3298	3588	+	1	1.396782	I:	D:
4049	4882	-	2	1.294798	I:	D:
>YB2_19135
2	601	-	2	1.342475	I:	D:
675	1205	-	3	1.346044	I:	D:
1260	2069	-	3	1.334309	I:	D:
2062	2709	-	1	1.343865	I:	D:
2854	3144	+	1	1.289304	I:	D:
3838	4215	-	1	1.371719	I:	D:
4247	5152	-	2	1.343089	I:	D:
5278	8319	+	1	1.326484	I:	D:
8604	9407	+	3	1.336739	I:	D:
9823	11298	-	1	1.327242	I:	D:
11321	12151	-	2	1.342249	I:	D:
12166	13056	-	1	1.330010	I:	D:
13072	14439	-	1	1.315069	I:	D:
14684	16399	+	2	1.341370	I:	D:
16374	17918	+	3	1.323818	I:	D:
17930	19042	+	2	1.352760	I:	D:
19306	20583	-	1	1.309405	I:	D:
20756	21103	-	2	1.310489	I:	D:
21112	22347	-	1	1.310950	I:	D:
22429	23604	-	1	1.322589	I:	D:
23873	25978	-	2	1.322461	I:	D:
26165	27025	+	2	1.341869	I:	D:
27137	27700	-	2	1.321852	I:	D:
27716	28858	-	2	1.323799	I:	D:
29042	30913	-	2	1.302248	I:	D:
31053	31646	-	3	1.277219	I:	D:
31652	32698	-	2	1.306181	I:	D:
32990	33466	+	2	1.323932	I:	D:
33689	36025	-	2	1.317806	I:	D:
36438	36935	-	3	1.351079	I:	D:
37037	37546	-	2	1.319558	I:	D:
37604	39301	-	2	1.316978	I:	D:
39350	39556	+	2	1.393735	I:	D:
39780	40739	-	3	1.313106	I:	D:
40752	42002	-	3	1.321172	I:	D:
42207	43025	-	3	1.344912	I:	D:
43012	43863	-	1	1.344247	I:	D:
43879	45039	-	1	1.316012	I:	D:
45032	45709	-	2	1.322602	I:	D:
45907	46191	-	1	1.331058	I:	D:
46573	46701	-	1	1.340182	I:	D:
46734	46910	-	3	1.392439	I:	D:
47244	48995	-	3	1.315994	I:	D:
49083	49880	-	3	1.329564	I:	D:
49999	50196	-	1	1.300711	I:	D:
50306	50899	-	2	1.305879	I:	D:
50967	51770	-	3	1.328289	I:	D:
51928	52644	-	1	1.311239	I:	D:
52760	53500	+	2	1.348731	I:	D:
53630	53851	+	2	1.366721	I:	D:
54056	56497	-	2	1.313791	I:	D:
56565	57215	-	3	1.357232	I:	D:
57337	58218	-	1	1.317168	I:	D:
58388	60958	-	2	1.309528	I:	D:
61066	61668	-	1	1.288781	I:	D:
>YB2_19332
64	453	-	1	1.347787	I:	D:
553	1221	-	1	1.309865	I:	D:
1401	1640	-	3	1.294101	I:	D:
1723	1998	-	1	1.293193	I:	D:
2099	2479	-	2	1.310554	I:	D:
2546	3163	-	2	1.326915	I:	D:
3175	4548	-	1	1.326108	I:	D:
>YB2_20144
3	230	-	3	1.285204	I:	D:
52	909	+	1	1.301021	I:	D:
1160	1873	-	2	1.295181	I:	D:
1875	2684	-	3	1.287396	I:	D:
2971	4209	-	1	1.296903	I:	D:
