>YB1_104
2	577	+	2	1.324026	I:	D:
598	1584	+	1	1.338244	I:	D:
1584	2858	+	3	1.322371	I:	D:
>YB1_121
2	2977	+	2	1.328496	I:	D:
>YB1_185
1	204	-	1	1.324302	I:	D:
269	1453	-	2	1.320531	I:	D:
1450	2121	-	1	1.352253	I:	D:
2295	2468	+	3	1.327954	I:	D:
2554	2907	-	1	1.350468	I:	D:
>YB1_195
3	431	-	3	1.307271	I:	D:
441	1367	-	3	1.328333	I:	D:
1482	1715	-	3	1.263414	I:	D:
1826	2956	-	2	1.314220	I:	D:
>YB1_264
1	282	-	1	1.328215	I:	D:
387	1766	+	3	1.320509	I:	D:
1868	2050	-	2	1.313855	I:	D:
2085	3116	+	3	1.333171	I:	D:
3140	4129	+	2	1.327651	I:	D:
4132	5319	+	1	1.330547	I:	D:
5300	5515	+	2	1.323586	I:	D:
5818	6306	-	1	1.319611	I:	D:
6340	7437	-	1	1.315070	I:	D:
7556	8098	-	2	1.280466	I:	D:
8217	8714	-	3	1.357991	I:	D:
8930	9616	+	2	1.332979	I:	D:
9689	10498	-	2	1.346112	I:	D:
10680	11474	+	3	1.346300	I:	D:
11489	13672	+	2	1.339736	I:	D:
13687	15237	+	1	1.338673	I:	D:
15323	16888	-	2	1.346587	I:	D:
16988	18250	-	2	1.341226	I:	D:
18414	19943	+	3	1.324731	I:	D:
20225	20899	+	2	1.337332	I:	D:
20948	21991	+	2	1.322082	I:	D:
22019	24772	+	2	1.338450	I:	D:
24789	25136	+	3	1.365470	I:	D:
25209	25916	-	3	1.347144	I:	D:
25906	26547	-	1	1.347839	I:	D:
26986	28296	+	1	1.303988	I:	D:
28387	29286	+	1	1.325619	I:	D:
29299	30138	+	1	1.326423	I:	D:
30157	32433	+	1	1.340162	I:	D:
32459	33376	+	2	1.353613	I:	D:
33389	34720	+	2	1.338195	I:	D:
34828	36009	-	1	1.328587	I:	D:
36192	37037	+	3	1.334460	I:	D:
37104	37310	-	3	1.312856	I:	D:
37452	37904	-	3	1.330466	I:	D:
37882	38301	-	1	1.331908	I:	D:
38509	38730	+	1	1.369401	I:	D:
38708	39256	+	2	1.325924	I:	D:
39410	39604	-	2	1.356843	I:	D:
39654	40217	+	3	1.344020	I:	D:
40264	41730	-	1	1.312998	I:	D:
41821	42282	-	1	1.360870	I:	D:
>YB1_380
3	197	+	3	1.357766	I:	D:
517	1362	-	1	1.391807	I:	D:
1755	1898	+	3	1.369993	I:	D:
2151	2591	+	3	1.257980	I:	D:
2753	2905	-	2	1.243874	I:	D:
>YB1_491
1	219	+	1	1.309478	I:	D:
229	1467	+	1	1.331561	I:	D:
1472	1888	+	2	1.312460	I:	D:
1898	2326	+	2	1.324658	I:	D:
2340	2870	+	3	1.324185	I:	D:
>YB1_537
138	2030	+	3	1.323479	I:	D:
2104	2853	+	1	1.319722	I:	D:
>YB1_663
3	179	+	3	1.306140	I:	D:
219	1355	+	3	1.354519	I:	D:
1501	1815	+	1	1.290782	I:	D:
1885	2556	+	1	1.329989	I:	D:
2569	2778	+	1	1.321034	I:	D:
>YB1_1006
3	146	+	3	1.320389	I:	D:
337	1431	+	1	1.347964	I:	D:
1666	2739	+	1	1.354716	I:	D:
>YB1_1283
84	782	-	3	1.346017	I:	D:
822	1403	+	3	1.363866	I:	D:
1459	1905	-	1	1.275396	I:	D:
1962	2600	-	3	1.353927	I:	D:
2759	4078	+	2	1.345142	I:	D:
4093	5457	+	1	1.364764	I:	D:
5587	6657	-	1	1.364812	I:	D:
6809	8275	+	2	1.335066	I:	D:
8302	8514	-	1	1.315925	I:	D:
8655	9998	+	3	1.359744	I:	D:
10014	10511	+	3	1.330640	I:	D:
10595	11938	+	2	1.345877	I:	D:
11952	12629	+	3	1.358173	I:	D:
12704	12880	+	2	1.302680	I:	D:
12877	13779	+	1	1.348701	I:	D:
13922	15466	+	2	1.339276	I:	D:
15666	16160	-	3	1.324254	I:	D:
16299	16493	+	3	1.345314	I:	D:
16496	17608	+	2	1.321117	I:	D:
17574	17918	+	3	1.296638	I:	D:
18032	19066	+	2	1.307608	I:	D:
19134	19373	+	3	1.336988	I:	D:
19567	19794	+	1	1.354530	I:	D:
19957	21450	+	1	1.299851	I:	D:
21455	21829	+	2	1.312477	I:	D:
22024	22236	+	1	1.278454	I:	D:
22253	22870	+	2	1.286923	I:	D:
22878	24077	+	3	1.285617	I:	D:
24120	25013	+	3	1.307327	I:	D:
25033	25545	+	1	1.318452	I:	D:
25681	26571	+	1	1.284412	I:	D:
27109	27507	+	1	1.364362	I:	D:
27501	27842	+	3	1.408064	I:	D:
27985	29037	+	1	1.366873	I:	D:
29092	29601	+	1	1.371009	I:	D:
29957	30862	-	2	1.338586	I:	D:
31145	33469	+	2	1.331403	I:	D:
33495	35120	+	3	1.287084	I:	D:
35212	36120	+	1	1.303878	I:	D:
36133	37035	+	1	1.306274	I:	D:
37052	37738	+	2	1.351263	I:	D:
>YB1_1288
46	1875	-	1	1.346185	I:	D:
1929	2360	+	3	1.339637	I:	D:
>YB1_1412
3	2048	+	3	1.352652	I:	D:
2261	2638	+	2	1.337520	I:	D:
>YB1_1788
2	601	-	2	1.322253	I:	D:
735	1220	-	3	1.337284	I:	D:
1233	1862	-	3	1.308732	I:	D:
1905	2333	-	3	1.335284	I:	D:
2345	3448	-	2	1.341813	I:	D:
3457	4155	-	1	1.341639	I:	D:
4276	5625	-	1	1.303658	I:	D:
5686	6429	-	1	1.341739	I:	D:
6629	7327	-	2	1.290750	I:	D:
7473	7718	+	3	1.327552	I:	D:
7769	8509	-	2	1.350520	I:	D:
8577	9800	-	3	1.358276	I:	D:
9892	11253	+	1	1.343181	I:	D:
11326	12933	-	1	1.332259	I:	D:
13110	13601	-	3	1.311319	I:	D:
13617	14552	-	3	1.289290	I:	D:
14639	15706	+	2	1.313917	I:	D:
15708	16268	-	3	1.324335	I:	D:
16285	16692	-	1	1.316384	I:	D:
16848	17546	+	3	1.337657	I:	D:
17553	18215	-	3	1.352132	I:	D:
18313	19593	-	1	1.318635	I:	D:
19612	20034	-	1	1.342572	I:	D:
20019	20468	-	3	1.361730	I:	D:
20465	21298	-	2	1.355828	I:	D:
21321	22691	-	3	1.329639	I:	D:
22704	22871	-	3	1.279123	I:	D:
22885	24102	-	1	1.329114	I:	D:
24092	24859	-	2	1.343351	I:	D:
24856	26061	-	1	1.346645	I:	D:
26030	27052	-	2	1.350034	I:	D:
27049	27726	-	1	1.354986	I:	D:
27854	28468	+	2	1.314468	I:	D:
28529	29227	-	2	1.357755	I:	D:
29244	30029	-	3	1.335991	I:	D:
30199	31563	+	1	1.337271	I:	D:
31585	33498	+	1	1.330309	I:	D:
33611	34912	-	2	1.356913	I:	D:
35006	35842	+	2	1.336032	I:	D:
>YB1_1799
3	341	-	3	1.301690	I:	D:
544	3495	+	1	1.317167	I:	D:
3615	3986	-	3	1.320731	I:	D:
4181	4573	+	2	1.341745	I:	D:
4644	5684	+	3	1.341199	I:	D:
5710	6648	+	1	1.338782	I:	D:
6645	7397	+	3	1.306688	I:	D:
7435	8439	+	1	1.302322	I:	D:
8450	8611	+	2	1.365742	I:	D:
8636	9562	+	2	1.329902	I:	D:
9577	9909	-	1	1.285990	I:	D:
10151	12010	+	2	1.346030	I:	D:
12015	15446	+	3	1.336233	I:	D:
15639	17621	+	3	1.342132	I:	D:
17650	18600	+	1	1.332634	I:	D:
18615	19490	+	3	1.322341	I:	D:
19539	21227	+	3	1.310279	I:	D:
21327	24212	+	3	1.344303	I:	D:
24313	25320	+	1	1.326556	I:	D:
25574	26800	+	2	1.322052	I:	D:
26814	27878	+	3	1.343287	I:	D:
27875	28633	+	2	1.330625	I:	D:
28716	29366	-	3	1.319771	I:	D:
29465	30835	-	2	1.339431	I:	D:
30994	31815	+	1	1.330679	I:	D:
31805	32275	+	2	1.317363	I:	D:
32272	34560	+	1	1.331370	I:	D:
34706	36112	+	2	1.323048	I:	D:
>YB1_1889
2	142	-	2	1.303009	I:	D:
191	415	-	2	1.317173	I:	D:
431	1345	-	2	1.331721	I:	D:
1463	1897	-	2	1.349505	I:	D:
1979	2317	-	2	1.305419	I:	D:
>YB1_2160
172	1221	+	1	1.298108	I:	D:
1242	2147	+	3	1.343523	I:	D:
2152	2460	+	1	1.342738	I:	D:
>YB1_2319
1	708	-	1	1.313985	I:	D:
647	1609	-	2	1.348861	I:	D:
1733	2422	-	2	1.329537	I:	D:
>YB1_2403
2	466	+	2	1.351681	I:	D:
492	1562	+	3	1.327931	I:	D:
1582	3846	+	1	1.307343	I:	D:
3878	4906	+	2	1.332815	I:	D:
5254	5838	+	1	1.344814	I:	D:
6154	7557	+	1	1.319355	I:	D:
7561	9399	+	1	1.317063	I:	D:
9544	10560	+	1	1.338161	I:	D:
10646	10816	+	2	1.294120	I:	D:
10847	11959	+	2	1.344890	I:	D:
11972	12496	+	2	1.337095	I:	D:
12282	12758	+	3	1.310155	I:	D:
12868	13404	+	1	1.295378	I:	D:
13624	14526	+	1	1.338254	I:	D:
14789	15760	+	2	1.344250	I:	D:
15838	16107	-	1	1.319690	I:	D:
16195	17577	-	1	1.357629	I:	D:
17769	19265	+	3	1.316768	I:	D:
19258	19947	+	1	1.320645	I:	D:
20114	21811	+	2	1.312228	I:	D:
21843	23132	+	3	1.342232	I:	D:
23129	24949	+	2	1.337801	I:	D:
24954	26477	+	3	1.340369	I:	D:
26595	27881	+	3	1.285839	I:	D:
27893	28777	+	2	1.331584	I:	D:
28777	29622	+	1	1.331841	I:	D:
29721	30599	-	3	1.309652	I:	D:
30898	32457	+	1	1.327948	I:	D:
32556	32888	+	3	1.360876	I:	D:
33315	34433	+	3	1.299496	I:	D:
>YB1_2563
91	891	+	1	1.336281	I:	D:
1219	2238	+	1	1.308441	I:	D:
>YB1_2753
2	268	+	2	1.323523	I:	D:
277	543	+	1	1.348967	I:	D:
600	1925	+	3	1.355155	I:	D:
2124	2330	+	3	1.405442	I:	D:
>YB1_2776
21	503	-	3	1.350072	I:	D:
565	1905	-	1	1.357237	I:	D:
2014	2256	-	1	1.337831	I:	D:
>YB1_3062
2	445	+	2	1.315934	I:	D:
464	2266	+	2	1.348309	I:	D:
>YB1_3114
2	514	+	2	1.315769	I:	D:
579	1133	+	3	1.341597	I:	D:
1228	2256	+	1	1.336063	I:	D:
>YB1_3129
132	848	-	3	1.350598	I:	D:
861	1442	-	3	1.320265	I:	D:
1481	3973	-	2	1.335741	I:	D:
4001	5926	-	2	1.337692	I:	D:
5970	7052	-	3	1.348529	I:	D:
7075	7284	-	1	1.290302	I:	D:
7296	8408	-	3	1.288224	I:	D:
8440	8640	-	1	1.349426	I:	D:
8687	10045	-	2	1.309566	I:	D:
10619	10753	+	2	1.319369	I:	D:
10816	10956	+	1	1.313133	I:	D:
11005	11376	+	1	1.330892	I:	D:
11608	12885	+	1	1.322211	I:	D:
12903	13700	+	3	1.302643	I:	D:
13797	15170	+	3	1.339296	I:	D:
15206	17089	+	2	1.349814	I:	D:
17102	17824	+	2	1.344652	I:	D:
18002	19036	+	2	1.320194	I:	D:
19040	19903	+	2	1.322556	I:	D:
19938	21410	+	3	1.312399	I:	D:
21412	22917	+	1	1.274780	I:	D:
23011	23964	-	1	1.303831	I:	D:
23947	24177	+	1	1.283696	I:	D:
24232	25002	+	1	1.298143	I:	D:
24999	25940	+	3	1.304524	I:	D:
25960	26484	+	1	1.291536	I:	D:
26510	27796	+	2	1.310891	I:	D:
27810	28697	+	3	1.330349	I:	D:
29610	30488	+	3	1.291585	I:	D:
30489	31289	+	3	1.306086	I:	D:
31279	32187	+	1	1.286633	I:	D:
32275	32475	+	1	1.295610	I:	D:
>YB1_3329
405	950	+	3	1.331587	I:	D:
1189	1800	+	1	1.334049	I:	D:
1802	2698	+	2	1.373218	I:	D:
2721	3275	+	3	1.323360	I:	D:
3444	4754	+	3	1.267151	I:	D:
4789	5370	+	1	1.322883	I:	D:
5455	6759	+	1	1.307836	I:	D:
6791	9103	+	2	1.320592	I:	D:
9127	9744	+	1	1.333958	I:	D:
9749	10945	+	2	1.349922	I:	D:
10932	11783	+	3	1.351910	I:	D:
11768	12628	+	2	1.338237	I:	D:
12621	13421	+	3	1.317706	I:	D:
13439	14197	+	2	1.344977	I:	D:
14236	14412	+	1	1.368016	I:	D:
14614	15054	-	1	1.398934	I:	D:
15255	15518	+	3	1.304330	I:	D:
15596	15967	-	2	1.305710	I:	D:
16143	16343	-	3	1.288070	I:	D:
16618	17901	+	1	1.318294	I:	D:
17941	18870	+	1	1.303667	I:	D:
18886	19662	+	1	1.338683	I:	D:
19662	20564	+	3	1.311639	I:	D:
20627	21373	+	2	1.300865	I:	D:
21394	21546	+	1	1.311190	I:	D:
21635	22108	+	2	1.347013	I:	D:
22108	22428	+	1	1.318730	I:	D:
22453	23043	+	1	1.321901	I:	D:
23036	25084	+	2	1.320573	I:	D:
25158	25661	+	3	1.299971	I:	D:
25690	26715	+	1	1.293229	I:	D:
26781	27410	+	3	1.332683	I:	D:
27435	28718	+	3	1.298618	I:	D:
28636	30192	+	1	1.337003	I:	D:
30267	30638	+	3	1.302866	I:	D:
30657	31634	+	3	1.338665	I:	D:
>YB1_3384
337	678	-	1	1.371412	I:	D:
1270	2043	-	1	1.324785	I:	D:
2209	3591	+	1	1.353849	I:	D:
3578	3889	+	2	1.353439	I:	D:
3902	4270	+	2	1.355628	I:	D:
4295	5584	+	2	1.326656	I:	D:
5587	6153	+	1	1.328280	I:	D:
6211	7086	+	1	1.353821	I:	D:
7116	7994	-	3	1.339197	I:	D:
8018	10297	-	2	1.324983	I:	D:
10463	11221	+	2	1.312610	I:	D:
11124	11765	+	3	1.340341	I:	D:
11746	11979	+	1	1.361866	I:	D:
12040	12765	+	1	1.356635	I:	D:
12859	13962	-	1	1.313412	I:	D:
14255	14851	+	2	1.362424	I:	D:
15187	15672	-	1	1.395538	I:	D:
15705	16760	-	3	1.326786	I:	D:
17049	18425	+	3	1.325927	I:	D:
18449	19321	+	2	1.337283	I:	D:
19375	20181	+	1	1.330873	I:	D:
20218	21564	+	1	1.353463	I:	D:
21551	23386	+	2	1.355532	I:	D:
23482	23616	-	1	1.313711	I:	D:
23726	23893	+	2	1.276357	I:	D:
24316	24852	+	1	1.325519	I:	D:
24912	25436	+	3	1.321977	I:	D:
25475	26833	+	2	1.304526	I:	D:
26912	27859	+	2	1.318456	I:	D:
27856	28737	+	1	1.331553	I:	D:
28827	30869	+	3	1.364413	I:	D:
31000	31137	-	1	1.309623	I:	D:
>YB1_3917
3	917	-	3	1.328570	I:	D:
922	1512	-	1	1.310774	I:	D:
1523	2476	-	2	1.314554	I:	D:
2513	3646	-	2	1.314210	I:	D:
3818	4657	-	2	1.323468	I:	D:
4793	5656	+	2	1.356033	I:	D:
5710	6759	+	1	1.325485	I:	D:
6778	13101	-	1	1.316269	I:	D:
13098	13376	-	3	1.347482	I:	D:
13498	15294	-	1	1.320226	I:	D:
15305	16105	-	2	1.342605	I:	D:
16364	18268	-	2	1.337011	I:	D:
18297	19658	-	3	1.344724	I:	D:
19675	20256	-	1	1.331676	I:	D:
20399	22501	-	2	1.316004	I:	D:
22505	23650	-	2	1.291073	I:	D:
23810	24268	+	2	1.298418	I:	D:
24325	24777	-	1	1.309687	I:	D:
24780	25601	-	3	1.345716	I:	D:
25665	26363	-	3	1.324989	I:	D:
26390	28048	-	2	1.349383	I:	D:
28050	29543	-	3	1.353603	I:	D:
29666	30325	-	2	1.325284	I:	D:
>YB1_3928
1	1107	+	1	1.329802	I:	D:
1226	1690	+	2	1.304643	I:	D:
1730	2917	+	2	1.303047	I:	D:
2927	3205	+	2	1.329557	I:	D:
3192	3506	+	3	1.319056	I:	D:
3528	6326	+	3	1.309544	I:	D:
6378	6773	+	3	1.312765	I:	D:
6754	7722	+	1	1.311406	I:	D:
7719	8642	+	3	1.334789	I:	D:
8653	9570	+	1	1.333067	I:	D:
9582	9710	+	3	1.340524	I:	D:
9771	10610	+	3	1.341948	I:	D:
10812	11228	+	3	1.325901	I:	D:
11370	11636	+	3	1.324506	I:	D:
11816	13909	+	2	1.308397	I:	D:
13925	14887	+	2	1.342014	I:	D:
14894	15382	+	2	1.320504	I:	D:
15392	15910	+	2	1.316478	I:	D:
15977	17245	+	2	1.331272	I:	D:
17306	17716	-	2	1.302379	I:	D:
17856	19430	+	3	1.336452	I:	D:
19453	21366	+	1	1.349836	I:	D:
21318	21854	+	3	1.358082	I:	D:
21861	22862	+	3	1.332929	I:	D:
23025	23981	+	3	1.342108	I:	D:
24050	25552	-	2	1.312510	I:	D:
25582	27063	-	1	1.329911	I:	D:
27325	28323	+	1	1.343514	I:	D:
28354	29382	+	1	1.300630	I:	D:
29382	29885	+	3	1.325429	I:	D:
29902	30363	+	1	1.323453	I:	D:
>YB1_4201
1	3285	+	1	1.331733	I:	D:
3440	4933	+	2	1.320266	I:	D:
4930	6075	+	1	1.331764	I:	D:
6068	10168	+	2	1.325045	I:	D:
10172	11473	+	2	1.328440	I:	D:
11483	12760	-	2	1.347511	I:	D:
12784	14160	+	1	1.322119	I:	D:
14247	14969	+	3	1.334039	I:	D:
14988	16271	+	3	1.329244	I:	D:
16314	17489	+	3	1.312415	I:	D:
17700	18860	+	3	1.332580	I:	D:
19136	21733	+	2	1.325528	I:	D:
21747	21920	+	3	1.325852	I:	D:
22061	22729	+	2	1.341447	I:	D:
22744	23739	+	1	1.346534	I:	D:
23775	24605	+	3	1.342433	I:	D:
24595	26616	+	1	1.336154	I:	D:
26626	27477	+	1	1.357519	I:	D:
27551	29197	+	2	1.355669	I:	D:
29212	29415	+	1	1.367572	I:	D:
>YB1_4362
1	177	+	1	1.300961	I:	D:
257	1894	-	2	1.316990	I:	D:
>YB1_4431
26	322	-	2	1.307810	I:	D:
630	1373	+	3	1.318961	I:	D:
1467	2867	-	3	1.331140	I:	D:
3097	4473	-	1	1.317033	I:	D:
4487	5515	-	2	1.326139	I:	D:
5562	6965	-	3	1.313495	I:	D:
7166	8458	-	2	1.324805	I:	D:
8649	11240	-	3	1.332813	I:	D:
11319	12050	-	3	1.348138	I:	D:
12051	13334	-	3	1.329939	I:	D:
13390	14016	-	1	1.332658	I:	D:
14159	14914	-	2	1.338538	I:	D:
14898	15848	-	3	1.315763	I:	D:
15912	16397	-	3	1.316273	I:	D:
16416	17204	-	3	1.332734	I:	D:
17194	18219	-	1	1.336985	I:	D:
18221	19315	-	2	1.319379	I:	D:
19293	20369	-	3	1.359481	I:	D:
20368	20571	+	1	1.347776	I:	D:
20603	21433	-	2	1.360639	I:	D:
21438	22034	-	3	1.362435	I:	D:
22237	24024	-	1	1.294780	I:	D:
24230	24475	-	2	1.300378	I:	D:
24492	24791	-	3	1.328818	I:	D:
24794	24976	-	2	1.291596	I:	D:
25467	26330	+	3	1.330609	I:	D:
26334	27362	+	3	1.327394	I:	D:
27366	27644	+	3	1.322666	I:	D:
27651	28769	+	3	1.329416	I:	D:
28916	29167	+	2	1.295701	I:	D:
>YB1_4796
3	173	-	3	1.275805	I:	D:
177	521	-	3	1.304812	I:	D:
673	1932	+	1	1.343725	I:	D:
2300	2875	+	2	1.367490	I:	D:
3195	3524	-	3	1.324011	I:	D:
3620	4543	+	2	1.344345	I:	D:
4611	4973	-	3	1.349942	I:	D:
4986	6350	-	3	1.321113	I:	D:
6381	6653	-	3	1.276705	I:	D:
6710	7507	-	2	1.345249	I:	D:
7494	8096	-	3	1.311503	I:	D:
8130	10775	-	3	1.315862	I:	D:
10806	11627	-	3	1.348775	I:	D:
11724	13277	-	3	1.324084	I:	D:
13383	14294	-	3	1.343076	I:	D:
14416	16530	-	1	1.327806	I:	D:
16505	17407	-	2	1.328047	I:	D:
17404	17775	-	1	1.306463	I:	D:
18031	18981	-	1	1.342847	I:	D:
18994	20310	-	1	1.308989	I:	D:
20523	20960	-	3	1.310898	I:	D:
20954	21880	-	2	1.326735	I:	D:
21962	22477	-	2	1.346532	I:	D:
22478	23608	+	2	1.332054	I:	D:
23646	24422	+	3	1.339124	I:	D:
24679	24951	+	1	1.347895	I:	D:
25402	27132	-	1	1.338036	I:	D:
27265	27411	+	1	1.386439	I:	D:
>YB1_4809
5	1000	-	2	1.322334	I:	D:
1069	4452	-	1	1.307589	I:	D:
4463	5167	-	2	1.335004	I:	D:
5191	5772	-	1	1.363684	I:	D:
5853	6524	+	3	1.344293	I:	D:
6530	6781	+	2	1.259645	I:	D:
6778	7005	+	1	1.326484	I:	D:
7211	8263	-	2	1.332999	I:	D:
8326	9927	-	1	1.314492	I:	D:
9969	10163	-	3	1.332422	I:	D:
10213	10884	-	1	1.311505	I:	D:
10899	12272	-	3	1.314199	I:	D:
12272	14038	-	2	1.319334	I:	D:
14059	14379	-	1	1.329766	I:	D:
14372	15349	-	2	1.336932	I:	D:
15371	15970	-	2	1.290845	I:	D:
16011	16487	-	3	1.311526	I:	D:
16484	18520	-	2	1.323512	I:	D:
18560	18970	-	2	1.300725	I:	D:
19099	20343	-	1	1.290220	I:	D:
20429	21481	-	2	1.358523	I:	D:
21528	22205	-	3	1.326232	I:	D:
23308	24450	-	1	1.304554	I:	D:
24504	27077	-	3	1.318170	I:	D:
>YB1_4832
3	251	-	3	1.298836	I:	D:
248	1033	-	2	1.333611	I:	D:
1037	2644	-	2	1.345582	I:	D:
2641	4104	-	1	1.337071	I:	D:
4187	4480	+	2	1.402993	I:	D:
4771	5148	+	1	1.336983	I:	D:
5141	5422	+	2	1.316872	I:	D:
5427	6506	-	3	1.331113	I:	D:
6522	7064	-	3	1.305616	I:	D:
7048	8388	-	1	1.319713	I:	D:
8449	8733	-	1	1.279482	I:	D:
8730	9368	-	3	1.314058	I:	D:
9361	9633	-	1	1.323168	I:	D:
9648	10526	-	3	1.311467	I:	D:
10698	12446	+	3	1.321182	I:	D:
12576	13049	-	3	1.320079	I:	D:
13090	13548	-	1	1.330103	I:	D:
13552	13743	-	1	1.357826	I:	D:
13758	14525	-	3	1.368753	I:	D:
14512	14934	-	1	1.335001	I:	D:
14938	16122	-	1	1.338991	I:	D:
16361	16741	-	2	1.332345	I:	D:
16871	17413	+	2	1.318171	I:	D:
17449	18222	+	1	1.323342	I:	D:
18326	20236	+	2	1.341005	I:	D:
20251	20679	-	1	1.320036	I:	D:
20872	21912	-	1	1.313105	I:	D:
21848	22798	+	2	1.344115	I:	D:
22839	23582	+	3	1.331283	I:	D:
23631	24308	-	3	1.343115	I:	D:
24417	26738	-	3	1.302355	I:	D:
>YB1_4839
1	1752	-	1	1.321197	I:	D:
1770	3914	-	3	1.302513	I:	D:
4091	4693	+	2	1.346855	I:	D:
4760	5242	-	2	1.310453	I:	D:
5305	5733	-	1	1.379866	I:	D:
5821	6579	+	1	1.342653	I:	D:
6638	7840	-	2	1.323329	I:	D:
7851	8024	-	3	1.298961	I:	D:
8052	9062	-	3	1.313722	I:	D:
9079	9522	-	1	1.327723	I:	D:
9600	10724	-	3	1.305942	I:	D:
10734	10979	-	3	1.335962	I:	D:
11070	13640	-	3	1.311545	I:	D:
13810	20244	-	1	1.307326	I:	D:
20664	21194	-	3	1.285304	I:	D:
21432	21827	-	3	1.343068	I:	D:
21960	22718	-	3	1.310771	I:	D:
22765	23655	-	1	1.312041	I:	D:
23718	24290	-	3	1.301323	I:	D:
24329	24955	-	2	1.353205	I:	D:
25206	26645	+	3	1.319574	I:	D:
>YB1_4914
3	527	+	3	1.325677	I:	D:
653	1096	+	2	1.329645	I:	D:
1275	1697	+	3	1.316027	I:	D:
1729	2361	+	1	1.371778	I:	D:
2760	3698	+	3	1.341060	I:	D:
3699	4538	+	3	1.338592	I:	D:
4538	6133	+	2	1.322921	I:	D:
6145	6930	+	1	1.332815	I:	D:
6923	7879	+	2	1.351895	I:	D:
7897	8814	+	1	1.332386	I:	D:
9216	14177	+	3	1.304126	I:	D:
14600	17386	+	2	1.305002	I:	D:
17396	18322	+	2	1.333642	I:	D:
18324	19217	+	3	1.342737	I:	D:
19190	20866	+	2	1.341325	I:	D:
20839	22182	+	1	1.347257	I:	D:
22248	23108	+	3	1.331433	I:	D:
23201	25468	+	2	1.341649	I:	D:
>YB1_4962
3	680	-	3	1.345059	I:	D:
694	2523	-	1	1.341074	I:	D:
2645	3934	+	2	1.336180	I:	D:
4020	6419	-	3	1.332366	I:	D:
6445	8931	-	1	1.327416	I:	D:
8938	10221	-	1	1.326479	I:	D:
10224	11138	-	3	1.315275	I:	D:
11151	12419	-	3	1.308509	I:	D:
12444	13259	-	3	1.323309	I:	D:
13363	13668	-	1	1.340007	I:	D:
13665	14369	-	3	1.333954	I:	D:
14453	14716	-	2	1.310253	I:	D:
14739	16022	-	3	1.291319	I:	D:
16000	16908	-	1	1.318702	I:	D:
16969	18003	-	1	1.318223	I:	D:
18000	18431	-	3	1.316169	I:	D:
18523	19236	-	1	1.359159	I:	D:
19233	21461	-	3	1.324461	I:	D:
21496	22491	-	1	1.311206	I:	D:
22580	24679	-	2	1.349862	I:	D:
>YB1_4987
2	262	+	2	1.329908	I:	D:
255	2099	+	3	1.316135	I:	D:
2117	4492	-	2	1.375375	I:	D:
4512	5579	-	3	1.387599	I:	D:
5601	6584	-	3	1.355664	I:	D:
6918	7994	+	3	1.323987	I:	D:
7991	10171	+	2	1.335330	I:	D:
10273	11637	+	1	1.324606	I:	D:
11683	12231	+	1	1.322669	I:	D:
12316	12873	+	1	1.307313	I:	D:
13107	13988	+	3	1.328140	I:	D:
14042	14218	+	2	1.406718	I:	D:
14230	15135	+	1	1.285070	I:	D:
15179	16306	-	2	1.298543	I:	D:
16508	17347	+	2	1.354555	I:	D:
17340	19292	+	3	1.334799	I:	D:
19299	20861	+	3	1.328167	I:	D:
20905	21849	+	1	1.335939	I:	D:
22161	22559	-	3	1.307401	I:	D:
22631	23551	+	2	1.314767	I:	D:
23565	24101	+	3	1.318825	I:	D:
24169	24363	-	1	1.290356	I:	D:
>YB1_5007
54	911	+	3	1.361493	I:	D:
1296	1577	+	3	1.320257	I:	D:
1639	2454	+	1	1.333355	I:	D:
2457	3074	+	3	1.336852	I:	D:
3090	3905	+	3	1.316859	I:	D:
3941	4696	+	2	1.336683	I:	D:
4993	6342	+	1	1.349772	I:	D:
6346	6885	+	1	1.318772	I:	D:
6943	8169	+	1	1.306840	I:	D:
8214	8648	+	3	1.319121	I:	D:
8664	9896	+	3	1.351252	I:	D:
10027	11952	+	1	1.335000	I:	D:
12060	12785	+	3	1.331801	I:	D:
12803	13714	+	2	1.340006	I:	D:
13723	14613	+	1	1.336992	I:	D:
14592	15551	+	3	1.350075	I:	D:
15548	15808	+	2	1.321206	I:	D:
15896	16714	-	2	1.344096	I:	D:
16849	18228	+	1	1.315282	I:	D:
18321	19433	+	3	1.298602	I:	D:
19837	20154	+	1	1.311523	I:	D:
20296	20925	+	1	1.329203	I:	D:
20955	21575	+	3	1.318899	I:	D:
21575	21874	+	2	1.265368	I:	D:
21985	22848	+	1	1.339375	I:	D:
22863	23144	+	3	1.319454	I:	D:
23167	23553	+	1	1.349762	I:	D:
23565	24089	+	3	1.294537	I:	D:
>YB1_5019
2	1105	-	2	1.316502	I:	D:
1145	2836	-	2	1.335417	I:	D:
3253	4437	-	1	1.336062	I:	D:
4434	5732	-	3	1.331930	I:	D:
5725	6537	-	1	1.336229	I:	D:
6573	7355	-	3	1.308720	I:	D:
7439	7984	-	2	1.360741	I:	D:
7999	8946	-	1	1.322934	I:	D:
9059	10321	-	2	1.313931	I:	D:
10314	11678	-	3	1.300421	I:	D:
11712	12383	-	3	1.329359	I:	D:
12385	13578	-	1	1.306109	I:	D:
13590	13838	-	3	1.252199	I:	D:
13835	15541	-	2	1.286021	I:	D:
15561	18248	-	3	1.299408	I:	D:
18251	18688	-	2	1.352989	I:	D:
18741	19451	-	3	1.287584	I:	D:
19481	20077	-	2	1.303735	I:	D:
20231	21712	+	2	1.333827	I:	D:
21937	22323	-	1	1.295985	I:	D:
22320	23084	-	3	1.335449	I:	D:
23081	23467	-	2	1.321882	I:	D:
23477	23878	-	2	1.348304	I:	D:
>YB1_5099
1	498	+	1	1.315020	I:	D:
470	2692	+	2	1.328815	I:	D:
2767	3432	-	1	1.376376	I:	D:
3435	4715	-	3	1.345854	I:	D:
4733	5701	-	2	1.353356	I:	D:
5860	6540	+	1	1.336853	I:	D:
6537	7472	+	3	1.327825	I:	D:
7504	8250	+	1	1.333084	I:	D:
8243	10777	+	2	1.326037	I:	D:
10929	12569	-	3	1.308693	I:	D:
12727	15009	-	1	1.318117	I:	D:
15111	15908	+	3	1.349494	I:	D:
15917	16960	-	2	1.320017	I:	D:
16986	17912	-	3	1.312703	I:	D:
17909	18736	-	2	1.321986	I:	D:
18738	19172	-	3	1.356007	I:	D:
19244	20569	-	2	1.348235	I:	D:
20659	20904	+	1	1.379807	I:	D:
21061	21261	+	1	1.351388	I:	D:
21137	21622	+	2	1.387577	I:	D:
21690	22112	+	3	1.370475	I:	D:
22207	22401	+	1	1.424142	I:	D:
22547	22945	-	2	1.321655	I:	D:
>YB1_5108
1	294	+	1	1.341152	I:	D:
355	1314	+	1	1.328312	I:	D:
1325	2698	+	2	1.317971	I:	D:
2828	3919	+	2	1.341037	I:	D:
3969	5243	+	3	1.348214	I:	D:
5255	6226	+	2	1.313124	I:	D:
6335	7591	+	2	1.298869	I:	D:
7691	8563	-	2	1.348029	I:	D:
8895	9890	+	3	1.358595	I:	D:
9905	10630	+	2	1.323907	I:	D:
10774	11742	+	1	1.315314	I:	D:
11756	11962	+	2	1.322436	I:	D:
12052	12810	-	1	1.317513	I:	D:
12991	13650	+	1	1.305933	I:	D:
13686	14711	+	3	1.314909	I:	D:
14861	15883	+	2	1.329414	I:	D:
15958	16212	+	1	1.354033	I:	D:
16269	17378	+	3	1.340786	I:	D:
17380	18069	+	1	1.335138	I:	D:
18207	18986	+	3	1.326261	I:	D:
19099	19359	+	1	1.328852	I:	D:
19375	21918	+	1	1.317969	I:	D:
21946	22482	+	1	1.348160	I:	D:
22489	22830	+	1	1.308237	I:	D:
>YB1_5118
75	947	-	3	1.354540	I:	D:
1022	1834	-	2	1.310093	I:	D:
1973	2653	+	2	1.336186	I:	D:
2650	3567	+	1	1.336312	I:	D:
3685	4368	+	1	1.327948	I:	D:
4365	7019	+	3	1.330267	I:	D:
7184	7387	+	2	1.391322	I:	D:
7495	8520	+	1	1.332878	I:	D:
8589	9383	-	3	1.323252	I:	D:
9574	9837	+	1	1.301945	I:	D:
9934	10953	+	1	1.300373	I:	D:
11048	11503	-	2	1.328944	I:	D:
11635	12189	+	1	1.335488	I:	D:
12227	12388	+	2	1.359457	I:	D:
12408	13127	+	3	1.314340	I:	D:
13152	14336	+	3	1.325816	I:	D:
14418	15458	+	3	1.332079	I:	D:
15464	16354	+	2	1.326437	I:	D:
16417	17847	+	1	1.340822	I:	D:
18468	18938	+	3	1.338941	I:	D:
19227	19418	+	3	1.372234	I:	D:
19685	21079	+	2	1.322903	I:	D:
21329	22576	+	2	1.319301	I:	D:
>YB1_5159
99	851	+	3	1.322335	I:	D:
886	2244	-	1	1.323657	I:	D:
2311	3798	-	1	1.332475	I:	D:
3818	4654	-	2	1.313499	I:	D:
4703	5881	-	2	1.326808	I:	D:
6116	7177	-	2	1.297716	I:	D:
7237	8028	-	1	1.316223	I:	D:
8004	8801	-	3	1.335386	I:	D:
8909	9049	-	2	1.276419	I:	D:
9065	10216	-	2	1.304536	I:	D:
10207	11382	-	1	1.330348	I:	D:
11385	12209	-	3	1.314275	I:	D:
12431	13492	+	2	1.328148	I:	D:
13547	14038	-	2	1.312376	I:	D:
14053	14904	-	1	1.317757	I:	D:
15030	15593	+	3	1.349621	I:	D:
15635	16594	-	2	1.352099	I:	D:
16615	17562	-	1	1.329828	I:	D:
17562	18647	-	3	1.324970	I:	D:
18647	20167	-	2	1.317159	I:	D:
20322	21530	-	3	1.297115	I:	D:
21641	22186	-	2	1.315533	I:	D:
>YB1_5174
189	791	+	3	1.341901	I:	D:
826	1113	+	1	1.316173	I:	D:
1126	1341	+	1	1.383754	I:	D:
1319	2803	+	2	1.338865	I:	D:
2843	3676	+	2	1.331986	I:	D:
3768	4787	+	3	1.369241	I:	D:
4803	6590	+	3	1.344199	I:	D:
6675	7799	+	3	1.307184	I:	D:
7811	8518	+	2	1.325377	I:	D:
8505	9287	+	3	1.331177	I:	D:
9323	10060	+	2	1.349560	I:	D:
10345	11256	+	1	1.323266	I:	D:
11278	13194	+	1	1.307737	I:	D:
13230	13487	+	3	1.274039	I:	D:
13511	15169	+	2	1.311238	I:	D:
15282	16025	+	3	1.322339	I:	D:
16173	17555	+	3	1.315438	I:	D:
17585	18427	+	2	1.322356	I:	D:
18427	19269	+	1	1.341860	I:	D:
19384	20913	+	1	1.321346	I:	D:
20888	21991	+	2	1.327246	I:	D:
>YB1_5183
57	779	+	3	1.315019	I:	D:
782	1666	+	2	1.322352	I:	D:
1697	2449	+	2	1.344071	I:	D:
2446	3288	+	1	1.334015	I:	D:
3317	4549	+	2	1.318155	I:	D:
4600	5214	+	1	1.346215	I:	D:
5318	6304	+	2	1.311255	I:	D:
6327	7268	+	3	1.332905	I:	D:
7268	8071	+	2	1.310508	I:	D:
8139	9449	+	3	1.330191	I:	D:
9585	9863	+	3	1.362140	I:	D:
9868	11211	+	1	1.313908	I:	D:
11328	11555	+	3	1.309796	I:	D:
11959	13926	+	1	1.313567	I:	D:
13971	14231	+	3	1.352809	I:	D:
14293	14496	+	1	1.313525	I:	D:
14480	14701	+	2	1.316396	I:	D:
14788	17040	+	1	1.332065	I:	D:
17088	17261	-	3	1.367104	I:	D:
17333	19942	+	2	1.313511	I:	D:
19963	21096	+	1	1.332411	I:	D:
21086	21853	+	2	1.336714	I:	D:
>YB1_5227
2	235	+	2	1.374467	I:	D:
265	492	+	1	1.351374	I:	D:
699	3125	+	3	1.346580	I:	D:
3171	4007	+	3	1.360401	I:	D:
4485	6917	+	3	1.341113	I:	D:
6980	9316	+	2	1.352068	I:	D:
9408	10838	+	3	1.326255	I:	D:
10987	12603	+	1	1.363879	I:	D:
12663	12815	+	3	1.303886	I:	D:
12832	15291	+	1	1.350454	I:	D:
15361	17832	+	1	1.339461	I:	D:
17888	18028	+	2	1.316076	I:	D:
18047	18520	+	2	1.355431	I:	D:
18525	19172	+	3	1.364300	I:	D:
19221	19388	+	3	1.323815	I:	D:
19536	19673	+	3	1.344194	I:	D:
20073	20801	+	3	1.301487	I:	D:
21053	21247	+	2	1.300929	I:	D:
>YB1_5232
65	622	-	2	1.292247	I:	D:
555	692	-	3	1.271881	I:	D:
793	1584	+	1	1.330842	I:	D:
1727	3355	-	2	1.323208	I:	D:
3448	3984	-	1	1.291048	I:	D:
4106	5041	+	2	1.352288	I:	D:
5058	5897	+	3	1.353603	I:	D:
6004	6648	+	1	1.325641	I:	D:
6697	7713	-	1	1.333632	I:	D:
7714	8766	-	1	1.350665	I:	D:
8760	9479	-	3	1.340168	I:	D:
9492	10316	-	3	1.323916	I:	D:
10352	10720	-	2	1.339359	I:	D:
10723	12003	-	1	1.337671	I:	D:
12021	13442	-	3	1.332117	I:	D:
13557	14138	-	3	1.306413	I:	D:
14294	15730	-	2	1.322721	I:	D:
16053	21443	-	3	1.301300	I:	D:
>YB1_5269
3	635	+	3	1.353400	I:	D:
698	1405	+	2	1.340491	I:	D:
1439	1699	+	2	1.276383	I:	D:
2082	2897	+	3	1.304525	I:	D:
3262	3756	+	1	1.343839	I:	D:
3827	4189	-	2	1.285326	I:	D:
4231	4938	-	1	1.342900	I:	D:
4935	6461	-	3	1.324902	I:	D:
6603	6749	+	3	1.355344	I:	D:
6765	8408	+	3	1.342644	I:	D:
8565	9116	+	3	1.343201	I:	D:
9237	10154	+	3	1.344616	I:	D:
10164	10520	+	3	1.341915	I:	D:
10632	11174	-	3	1.359259	I:	D:
11171	11572	-	2	1.327149	I:	D:
11613	11816	-	3	1.373345	I:	D:
11991	13337	+	3	1.331403	I:	D:
13340	13693	+	2	1.323274	I:	D:
13790	14392	-	2	1.304605	I:	D:
14422	15357	-	1	1.292796	I:	D:
15374	16393	-	2	1.315091	I:	D:
16473	17369	-	3	1.305796	I:	D:
17576	17818	+	2	1.328141	I:	D:
17821	18432	+	1	1.304292	I:	D:
18663	19715	+	3	1.329874	I:	D:
19774	20931	-	1	1.335106	I:	D:
>YB1_5301
1	168	+	1	1.417744	I:	D:
318	533	+	3	1.331222	I:	D:
867	1571	-	3	1.321934	I:	D:
1598	2770	-	2	1.311587	I:	D:
2817	4076	-	3	1.325561	I:	D:
4249	4923	+	1	1.366760	I:	D:
4932	5291	+	3	1.425903	I:	D:
5620	6558	-	1	1.292439	I:	D:
6546	7385	-	3	1.300429	I:	D:
7455	8123	-	3	1.294846	I:	D:
8340	9440	-	3	1.346805	I:	D:
9437	10036	-	2	1.332302	I:	D:
10067	10423	-	2	1.283526	I:	D:
10435	12087	-	1	1.338809	I:	D:
12109	13188	-	1	1.322460	I:	D:
13444	14178	-	1	1.344177	I:	D:
14216	14455	-	2	1.299167	I:	D:
14657	16306	-	2	1.307147	I:	D:
16329	17174	-	3	1.329850	I:	D:
17175	18089	-	3	1.339647	I:	D:
18104	19330	-	2	1.299624	I:	D:
19358	20479	-	2	1.306070	I:	D:
>YB1_5387
1	1395	+	1	1.331625	I:	D:
1455	2243	+	3	1.325370	I:	D:
2255	2524	+	2	1.344374	I:	D:
2554	3684	+	1	1.329073	I:	D:
3681	4076	+	3	1.324204	I:	D:
4135	5118	+	1	1.326012	I:	D:
5240	5659	+	2	1.298791	I:	D:
5772	5996	-	3	1.330097	I:	D:
6138	7625	+	3	1.315047	I:	D:
7662	8357	+	3	1.336972	I:	D:
8378	8956	+	2	1.297165	I:	D:
8966	9718	+	2	1.353256	I:	D:
9739	10836	+	1	1.340038	I:	D:
10849	11382	+	1	1.318174	I:	D:
11379	12293	+	3	1.347367	I:	D:
12399	13034	+	3	1.325908	I:	D:
13120	13893	-	1	1.324374	I:	D:
14006	15310	+	2	1.330109	I:	D:
15307	15759	+	1	1.310941	I:	D:
15986	17050	+	2	1.316288	I:	D:
17107	17562	+	1	1.384053	I:	D:
17833	18429	+	1	1.419625	I:	D:
18648	19127	-	3	1.367095	I:	D:
19243	19506	+	1	1.293389	I:	D:
>YB1_5397
1	417	-	1	1.384793	I:	D:
569	1738	+	2	1.345879	I:	D:
1760	2854	+	2	1.333361	I:	D:
2808	3146	+	3	1.338611	I:	D:
3170	5167	+	2	1.332837	I:	D:
5256	5534	-	3	1.311126	I:	D:
5764	6645	+	1	1.325106	I:	D:
6730	7491	+	1	1.328673	I:	D:
7508	8389	+	2	1.329427	I:	D:
8437	10347	+	1	1.340094	I:	D:
10385	11365	+	2	1.323340	I:	D:
11466	11897	-	3	1.310969	I:	D:
12003	12899	+	3	1.329451	I:	D:
12928	16371	+	1	1.336906	I:	D:
16374	19430	+	3	1.324742	I:	D:
>YB1_5420
3	311	-	3	1.278125	I:	D:
435	2093	+	3	1.337633	I:	D:
2126	2719	+	2	1.357951	I:	D:
2726	3229	+	2	1.313621	I:	D:
3485	4777	+	2	1.313933	I:	D:
5068	6255	+	1	1.310266	I:	D:
6497	10246	+	2	1.319578	I:	D:
10253	12256	+	2	1.345996	I:	D:
12511	12996	+	1	1.291262	I:	D:
13076	13450	+	2	1.221526	I:	D:
13645	15111	+	1	1.323070	I:	D:
15213	19154	+	3	1.320438	I:	D:
>YB1_5556
1	531	-	1	1.319511	I:	D:
702	1589	+	3	1.330976	I:	D:
1633	2517	-	1	1.355724	I:	D:
2511	2885	+	3	1.316766	I:	D:
3042	3353	+	3	1.315092	I:	D:
3386	4147	+	2	1.332350	I:	D:
4171	5400	-	1	1.340553	I:	D:
5552	7819	+	2	1.314600	I:	D:
7823	9250	+	2	1.334229	I:	D:
9496	9945	+	1	1.292283	I:	D:
10089	11054	+	3	1.306746	I:	D:
11062	13179	-	1	1.324754	I:	D:
13428	13658	+	3	1.345424	I:	D:
13845	15458	+	3	1.345331	I:	D:
15460	17757	+	1	1.332671	I:	D:
>YB1_5576
166	642	-	1	1.309676	I:	D:
769	1656	-	1	1.332138	I:	D:
1722	3323	-	3	1.320472	I:	D:
3402	4514	-	3	1.323391	I:	D:
4531	4902	-	1	1.311890	I:	D:
4976	6853	-	2	1.350334	I:	D:
6920	7456	-	2	1.315956	I:	D:
7473	7700	-	3	1.288600	I:	D:
8019	8855	-	3	1.321710	I:	D:
8888	9235	-	2	1.325044	I:	D:
9306	9545	-	3	1.328623	I:	D:
9712	10284	+	1	1.306087	I:	D:
10450	10977	+	1	1.371284	I:	D:
10990	11436	-	1	1.336835	I:	D:
11476	11670	-	1	1.308570	I:	D:
11663	12940	-	2	1.333565	I:	D:
12959	14092	-	2	1.356884	I:	D:
14089	15153	-	1	1.320505	I:	D:
15158	15967	-	2	1.325006	I:	D:
16085	17503	+	2	1.337523	I:	D:
>YB1_5577
85	330	-	1	1.330665	I:	D:
337	1728	-	1	1.328156	I:	D:
1718	2695	-	2	1.314198	I:	D:
2703	4031	-	3	1.316696	I:	D:
4216	6594	+	1	1.324086	I:	D:
6609	7313	+	3	1.318291	I:	D:
7310	8731	+	2	1.330445	I:	D:
8760	9260	-	3	1.314536	I:	D:
9271	10263	-	1	1.326658	I:	D:
10393	11103	-	1	1.353381	I:	D:
11100	11753	-	3	1.346510	I:	D:
11750	13513	-	2	1.335461	I:	D:
13579	14865	-	1	1.317488	I:	D:
15051	17204	-	3	1.330590	I:	D:
17379	17543	+	3	1.325407	I:	D:
>YB1_5606
3	425	+	3	1.340496	I:	D:
415	1143	+	1	1.341143	I:	D:
1140	2099	+	3	1.328289	I:	D:
2352	2618	+	3	1.391638	I:	D:
2750	3124	+	2	1.337044	I:	D:
3631	3888	-	1	1.380140	I:	D:
3962	4489	-	2	1.372484	I:	D:
4569	5243	+	3	1.338788	I:	D:
5240	6160	+	2	1.348904	I:	D:
6259	7935	+	1	1.321498	I:	D:
8028	9194	+	3	1.334640	I:	D:
9301	10041	+	1	1.341560	I:	D:
10138	11367	+	1	1.327019	I:	D:
11523	12695	+	3	1.350887	I:	D:
12698	13501	+	2	1.331909	I:	D:
13527	14261	+	3	1.340656	I:	D:
14290	14487	+	1	1.329273	I:	D:
14589	14876	+	3	1.289886	I:	D:
14945	15397	+	2	1.344881	I:	D:
15432	15695	+	3	1.366709	I:	D:
15701	17278	+	2	1.309040	I:	D:
>YB1_5631
9	608	+	3	1.302734	I:	D:
614	1291	+	2	1.330861	I:	D:
1288	2943	+	1	1.320275	I:	D:
2996	3613	-	2	1.330300	I:	D:
3618	5006	-	3	1.334919	I:	D:
5021	6787	-	2	1.335565	I:	D:
6780	7367	-	3	1.308500	I:	D:
7384	7692	-	1	1.310592	I:	D:
7706	8137	-	2	1.301645	I:	D:
8176	10131	-	1	1.326526	I:	D:
10150	11190	-	1	1.331380	I:	D:
11195	11554	-	2	1.317384	I:	D:
11661	11822	+	3	1.328248	I:	D:
11856	12509	+	3	1.346414	I:	D:
12571	12720	+	1	1.350540	I:	D:
12790	13680	-	1	1.338595	I:	D:
13864	15108	+	1	1.315261	I:	D:
15175	16383	-	1	1.341997	I:	D:
16394	16753	-	2	1.289516	I:	D:
>YB1_5632
1	402	+	1	1.301745	I:	D:
406	1308	-	1	1.326338	I:	D:
1768	2007	-	1	1.366660	I:	D:
2090	2278	-	2	1.295832	I:	D:
2392	2721	-	1	1.370209	I:	D:
3155	5275	-	2	1.296728	I:	D:
5291	5782	-	2	1.297103	I:	D:
5981	6421	-	2	1.346042	I:	D:
6617	8110	-	2	1.299052	I:	D:
8153	8995	-	2	1.330136	I:	D:
9016	9975	-	1	1.332488	I:	D:
10203	12116	+	3	1.361689	I:	D:
12103	13329	+	1	1.354979	I:	D:
13377	16931	-	3	1.316200	I:	D:
>YB1_5686
3	251	+	3	1.330441	I:	D:
331	957	-	1	1.301569	I:	D:
966	1691	-	3	1.331754	I:	D:
1927	3738	+	1	1.340992	I:	D:
3827	4729	-	2	1.328608	I:	D:
4824	5414	+	3	1.335086	I:	D:
5475	5675	+	3	1.381531	I:	D:
5728	6471	-	1	1.318597	I:	D:
6614	8722	-	2	1.339303	I:	D:
9099	10913	-	3	1.315231	I:	D:
10938	11459	-	3	1.335400	I:	D:
11452	12840	-	1	1.348117	I:	D:
12848	14350	-	2	1.345952	I:	D:
14457	14759	-	3	1.267614	I:	D:
14710	15198	-	1	1.352546	I:	D:
15202	15486	-	1	1.320176	I:	D:
15559	15798	-	1	1.334652	I:	D:
15909	16184	-	3	1.266340	I:	D:
16361	16657	-	2	1.290386	I:	D:
>YB1_5700
1	447	+	1	1.347255	I:	D:
551	850	-	2	1.333641	I:	D:
881	2083	-	2	1.335286	I:	D:
2099	3568	-	2	1.319586	I:	D:
3735	4094	-	3	1.313935	I:	D:
4107	4529	-	3	1.271253	I:	D:
4526	4774	-	2	1.341867	I:	D:
4883	5311	-	2	1.361133	I:	D:
5308	5862	-	1	1.345252	I:	D:
6075	6674	-	3	1.316691	I:	D:
6754	8124	-	1	1.337719	I:	D:
8121	8795	-	3	1.340840	I:	D:
9162	9425	+	3	1.295325	I:	D:
9529	10731	-	1	1.301785	I:	D:
10776	11222	-	3	1.341519	I:	D:
11215	11724	-	1	1.319533	I:	D:
11910	12293	-	3	1.343799	I:	D:
12329	13879	-	2	1.346396	I:	D:
14082	15104	+	3	1.340635	I:	D:
15220	16428	-	1	1.353375	I:	D:
>YB1_5721
218	3823	-	2	1.317334	I:	D:
3823	4986	-	1	1.326955	I:	D:
5201	6469	+	2	1.340821	I:	D:
6569	7636	-	2	1.346185	I:	D:
7643	8923	-	2	1.328491	I:	D:
8925	10067	-	3	1.330406	I:	D:
10081	10893	-	1	1.334676	I:	D:
10895	11602	-	2	1.323140	I:	D:
11668	12222	-	1	1.281718	I:	D:
12264	12959	-	3	1.305026	I:	D:
13178	14557	-	2	1.324790	I:	D:
14671	15693	-	1	1.301311	I:	D:
15730	16377	-	1	1.317124	I:	D:
>YB1_5755
84	1553	-	3	1.312366	I:	D:
1586	3223	+	2	1.354973	I:	D:
3241	4002	+	1	1.331086	I:	D:
4100	4960	-	2	1.304814	I:	D:
4986	5615	-	3	1.290288	I:	D:
5651	7336	-	2	1.313405	I:	D:
7358	7963	-	2	1.358921	I:	D:
8183	8806	-	2	1.337401	I:	D:
8837	10813	-	2	1.319027	I:	D:
10987	11664	-	1	1.299043	I:	D:
11891	12508	-	2	1.319717	I:	D:
12649	13224	-	1	1.310393	I:	D:
13250	14194	-	2	1.278861	I:	D:
14468	16129	-	2	1.314132	I:	D:
>YB1_5831
1	1311	+	1	1.348857	I:	D:
1371	1553	+	3	1.365704	I:	D:
2096	2983	+	2	1.369531	I:	D:
3095	3685	+	2	1.387342	I:	D:
3703	4599	+	1	1.351014	I:	D:
4601	6694	+	2	1.332147	I:	D:
6940	7743	+	1	1.314739	I:	D:
8017	8322	+	1	1.278327	I:	D:
8387	10009	+	2	1.276209	I:	D:
10130	10630	+	2	1.290093	I:	D:
10690	12144	+	1	1.291324	I:	D:
12315	13052	+	3	1.340454	I:	D:
13147	14007	-	1	1.342067	I:	D:
14141	14695	-	2	1.360658	I:	D:
14692	15084	-	1	1.311750	I:	D:
15243	15554	+	3	1.297404	I:	D:
>YB1_5866
1	486	+	1	1.296839	I:	D:
688	2637	+	1	1.326872	I:	D:
2713	3702	-	1	1.321093	I:	D:
3878	5056	-	2	1.362365	I:	D:
5178	5402	-	3	1.317656	I:	D:
5539	6066	+	1	1.344680	I:	D:
6287	6436	+	2	1.282679	I:	D:
6601	7995	+	1	1.337503	I:	D:
8216	9364	+	2	1.338043	I:	D:
9361	10233	+	1	1.324699	I:	D:
10230	11156	+	3	1.331492	I:	D:
11180	12586	+	2	1.310570	I:	D:
12609	13343	+	3	1.327287	I:	D:
13387	14100	-	1	1.362506	I:	D:
14340	15371	+	3	1.322313	I:	D:
>YB1_5882
3	2237	+	3	1.324196	I:	D:
2275	3207	+	1	1.355599	I:	D:
3222	3731	+	3	1.317961	I:	D:
3765	4067	+	3	1.318557	I:	D:
4081	4443	+	1	1.340927	I:	D:
4456	6177	+	1	1.315433	I:	D:
6193	6699	+	1	1.332961	I:	D:
6712	7191	+	1	1.319984	I:	D:
7213	7905	+	1	1.336896	I:	D:
7929	8537	+	3	1.329210	I:	D:
8540	9331	+	2	1.343601	I:	D:
9427	10758	+	1	1.329861	I:	D:
10788	11339	+	3	1.328815	I:	D:
11353	12567	+	1	1.325963	I:	D:
12639	13373	+	3	1.288645	I:	D:
13509	15245	+	3	1.308133	I:	D:
>YB1_5895
3	704	+	3	1.373927	I:	D:
760	1446	+	1	1.319775	I:	D:
1574	2683	+	2	1.326506	I:	D:
2728	3414	+	1	1.325027	I:	D:
3404	4321	+	2	1.311280	I:	D:
4429	5625	+	1	1.312845	I:	D:
5700	6335	+	3	1.349492	I:	D:
6323	6904	+	2	1.348361	I:	D:
6906	7529	+	3	1.358127	I:	D:
7533	8735	+	3	1.338880	I:	D:
8862	9113	+	3	1.275944	I:	D:
9139	11127	+	1	1.323746	I:	D:
11225	12310	+	2	1.311173	I:	D:
12320	12970	+	2	1.259219	I:	D:
13090	14967	+	1	1.292510	I:	D:
>YB1_5920
243	626	+	3	1.386530	I:	D:
757	1935	+	1	1.328308	I:	D:
1948	4407	+	1	1.320842	I:	D:
4428	5543	+	3	1.330524	I:	D:
5540	6853	+	2	1.328736	I:	D:
6927	8330	-	3	1.328943	I:	D:
8347	9537	-	1	1.345707	I:	D:
9767	9904	+	2	1.341912	I:	D:
9958	11349	+	1	1.326503	I:	D:
11362	12420	+	1	1.344123	I:	D:
12417	13943	+	3	1.346577	I:	D:
14046	14945	+	3	1.338520	I:	D:
>YB1_6002
2	517	+	2	1.313929	I:	D:
537	1424	+	3	1.354124	I:	D:
1541	2776	-	2	1.324969	I:	D:
2794	4410	-	1	1.292084	I:	D:
4415	5272	-	2	1.331618	I:	D:
5285	5761	-	2	1.316325	I:	D:
5864	6358	-	2	1.311445	I:	D:
6378	7382	-	3	1.315445	I:	D:
7477	8232	-	1	1.310275	I:	D:
8387	8866	+	2	1.326341	I:	D:
8929	10254	-	1	1.323308	I:	D:
10241	11077	-	2	1.356441	I:	D:
11091	11711	-	3	1.309385	I:	D:
11716	11964	-	1	1.369258	I:	D:
12185	13129	-	2	1.337334	I:	D:
13134	13727	-	3	1.331715	I:	D:
13752	14501	-	3	1.317036	I:	D:
>YB1_6028
37	573	-	1	1.351114	I:	D:
606	1451	-	3	1.314748	I:	D:
1473	2423	-	3	1.336210	I:	D:
2511	3764	-	3	1.314104	I:	D:
3852	5300	-	3	1.318491	I:	D:
5284	6672	-	1	1.330849	I:	D:
6694	7125	-	1	1.307000	I:	D:
7156	8559	-	1	1.322981	I:	D:
8556	9431	-	3	1.311156	I:	D:
9428	9700	-	2	1.301861	I:	D:
9736	10368	-	1	1.284979	I:	D:
10396	11289	-	1	1.300443	I:	D:
11303	12559	-	2	1.314492	I:	D:
12593	14338	-	2	1.320882	I:	D:
>YB1_6042
1	1341	+	1	1.337222	I:	D:
1375	2433	-	1	1.320213	I:	D:
2940	5588	+	3	1.319025	I:	D:
5606	7687	+	2	1.326922	I:	D:
7836	9143	+	3	1.330065	I:	D:
9289	10761	+	1	1.325431	I:	D:
10886	11221	+	2	1.333269	I:	D:
11234	11677	+	2	1.339245	I:	D:
11686	12399	+	1	1.334634	I:	D:
12575	12967	-	2	1.357111	I:	D:
13087	13809	-	1	1.345570	I:	D:
13819	14259	-	1	1.320623	I:	D:
>YB1_6119
88	1251	-	1	1.301328	I:	D:
1322	1870	-	2	1.348522	I:	D:
2008	3039	+	1	1.332612	I:	D:
3273	4205	+	3	1.310566	I:	D:
4228	4698	-	1	1.348510	I:	D:
4695	5480	-	3	1.328696	I:	D:
5522	6394	-	2	1.310527	I:	D:
6406	9603	-	1	1.315655	I:	D:
9603	10706	-	3	1.331715	I:	D:
11223	12299	+	3	1.322476	I:	D:
12299	13831	+	2	1.323139	I:	D:
>YB1_6158
3	431	-	3	1.340172	I:	D:
737	1972	+	2	1.339677	I:	D:
2099	3634	+	2	1.357250	I:	D:
3658	4659	+	1	1.349668	I:	D:
4687	5901	+	1	1.291352	I:	D:
5940	7052	+	3	1.305923	I:	D:
7087	7839	-	1	1.311297	I:	D:
8170	9162	+	1	1.296909	I:	D:
9186	9839	+	3	1.302522	I:	D:
9858	10136	-	3	1.314160	I:	D:
10224	11102	+	3	1.346418	I:	D:
11145	11681	-	3	1.325375	I:	D:
11825	11977	+	2	1.298344	I:	D:
12281	13288	+	2	1.351140	I:	D:
13396	13632	+	1	1.322933	I:	D:
>YB1_6170
3	740	-	3	1.311322	I:	D:
805	2814	-	1	1.329105	I:	D:
2912	4879	-	2	1.342854	I:	D:
4908	6824	-	3	1.329547	I:	D:
6837	7082	-	3	1.331871	I:	D:
7186	7890	-	1	1.339144	I:	D:
7887	9041	-	3	1.338974	I:	D:
9052	10317	-	1	1.344968	I:	D:
10314	11180	-	3	1.326930	I:	D:
11300	12349	-	2	1.342591	I:	D:
12362	13078	-	2	1.340389	I:	D:
13183	13524	-	1	1.316755	I:	D:
>YB1_6177
3	686	-	3	1.341033	I:	D:
962	2158	+	2	1.317873	I:	D:
2162	3778	+	2	1.334987	I:	D:
3778	4194	+	1	1.318557	I:	D:
4315	4791	+	1	1.324386	I:	D:
4791	5804	+	3	1.345452	I:	D:
5817	6173	+	3	1.327637	I:	D:
6497	7633	+	2	1.337130	I:	D:
7650	7997	+	3	1.311059	I:	D:
8023	8478	+	1	1.335377	I:	D:
8503	9072	+	1	1.326673	I:	D:
9074	10486	+	2	1.343405	I:	D:
10509	11936	+	3	1.322028	I:	D:
11997	13364	+	3	1.320578	I:	D:
>YB1_6181
1	405	+	1	1.324571	I:	D:
802	3420	+	1	1.309715	I:	D:
3504	4646	-	3	1.310671	I:	D:
4854	6428	+	3	1.343915	I:	D:
6509	7561	-	2	1.325247	I:	D:
7599	8573	-	3	1.319705	I:	D:
8560	10395	-	1	1.331141	I:	D:
10418	12028	-	2	1.332998	I:	D:
12145	13473	-	1	1.318104	I:	D:
>YB1_6241
1	429	-	1	1.329038	I:	D:
426	1937	-	3	1.309551	I:	D:
1942	2787	-	1	1.351217	I:	D:
2784	3686	-	3	1.337311	I:	D:
3628	5931	-	1	1.313105	I:	D:
6087	6773	+	3	1.338438	I:	D:
6773	8077	+	2	1.330585	I:	D:
8518	8886	-	1	1.303334	I:	D:
9049	10140	-	1	1.335512	I:	D:
10185	11387	-	3	1.314545	I:	D:
11439	12299	-	3	1.349309	I:	D:
12280	13140	-	1	1.335887	I:	D:
>YB1_6259
2	418	+	2	1.309943	I:	D:
633	2207	+	3	1.314280	I:	D:
2246	3190	+	2	1.340624	I:	D:
3202	4008	+	1	1.342458	I:	D:
4010	4831	+	2	1.338894	I:	D:
4828	5526	+	1	1.338886	I:	D:
5626	6138	-	1	1.329369	I:	D:
6142	7071	-	1	1.359201	I:	D:
7209	7790	+	3	1.342147	I:	D:
7812	8456	+	3	1.310257	I:	D:
8630	9250	+	2	1.320493	I:	D:
9285	10763	+	3	1.312675	I:	D:
10776	12245	+	3	1.319780	I:	D:
12341	13060	+	2	1.344289	I:	D:
>YB1_6301
2	148	+	2	1.342922	I:	D:
195	701	+	3	1.341618	I:	D:
722	1051	+	2	1.351339	I:	D:
1055	1210	+	2	1.320162	I:	D:
1348	2673	+	1	1.339494	I:	D:
2679	4148	-	3	1.332993	I:	D:
4324	5208	+	1	1.344410	I:	D:
5263	6174	+	1	1.326858	I:	D:
6377	6682	+	2	1.272087	I:	D:
6689	7015	+	2	1.317493	I:	D:
7020	7310	+	3	1.311149	I:	D:
7385	8677	+	2	1.303750	I:	D:
8697	8987	+	3	1.287889	I:	D:
9014	9652	+	2	1.331276	I:	D:
9642	10250	+	3	1.320047	I:	D:
10243	10596	+	1	1.280978	I:	D:
10689	11315	-	3	1.310444	I:	D:
11528	11848	+	2	1.338103	I:	D:
11930	12886	+	2	1.336075	I:	D:
>YB1_6329
123	2300	+	3	1.329145	I:	D:
2391	3329	-	3	1.346572	I:	D:
3410	4003	-	2	1.335096	I:	D:
4075	4851	-	1	1.335560	I:	D:
4978	5454	-	1	1.338976	I:	D:
5550	8420	+	3	1.333623	I:	D:
8610	10145	+	3	1.306854	I:	D:
10238	11572	+	2	1.307859	I:	D:
11648	11848	+	2	1.380383	I:	D:
12294	12518	-	3	1.334549	I:	D:
12578	12751	-	2	1.365069	I:	D:
>YB1_6380
8	664	-	2	1.346937	I:	D:
733	1695	+	1	1.336716	I:	D:
1767	2879	-	3	1.294715	I:	D:
3177	3443	+	3	1.319206	I:	D:
3531	4340	-	3	1.273505	I:	D:
4367	6079	-	2	1.326058	I:	D:
6207	6416	-	3	1.300935	I:	D:
6814	7590	+	1	1.313933	I:	D:
7646	7846	-	2	1.286950	I:	D:
8066	8236	+	2	1.350392	I:	D:
8327	8791	-	2	1.350733	I:	D:
9117	10424	+	3	1.335122	I:	D:
10468	11796	-	1	1.326500	I:	D:
11816	12262	-	2	1.284061	I:	D:
12259	12465	-	1	1.269981	I:	D:
>YB1_6385
3	3230	+	3	1.322077	I:	D:
3294	4295	+	3	1.317925	I:	D:
4321	5169	+	1	1.346353	I:	D:
5336	6100	+	2	1.336966	I:	D:
6124	6504	-	1	1.309655	I:	D:
6637	6771	+	1	1.319327	I:	D:
6875	7315	+	2	1.340378	I:	D:
7317	8252	+	3	1.289772	I:	D:
8329	9501	+	1	1.331861	I:	D:
9545	10534	+	2	1.321877	I:	D:
10540	11346	+	1	1.347726	I:	D:
11359	11694	+	1	1.331787	I:	D:
11698	12477	+	1	1.319535	I:	D:
>YB1_6389
73	621	-	1	1.336196	I:	D:
683	1612	-	2	1.334778	I:	D:
1622	2488	-	2	1.345229	I:	D:
2481	3473	-	3	1.352407	I:	D:
3561	5219	-	3	1.320328	I:	D:
5413	6054	-	1	1.294337	I:	D:
6188	6502	+	2	1.346304	I:	D:
6505	7050	+	1	1.321918	I:	D:
7061	9538	+	2	1.304753	I:	D:
9450	9839	+	3	1.318820	I:	D:
9896	10966	-	2	1.340546	I:	D:
11130	12419	-	3	1.326789	I:	D:
>YB1_6403
1	390	+	1	1.328225	I:	D:
563	691	+	2	1.351296	I:	D:
387	1151	+	3	1.351014	I:	D:
1144	2019	+	1	1.333196	I:	D:
2006	3241	+	2	1.342426	I:	D:
3407	4762	+	2	1.351404	I:	D:
4821	5528	+	3	1.326435	I:	D:
5588	8254	+	2	1.337525	I:	D:
8274	8501	+	3	1.351191	I:	D:
8603	9211	+	2	1.361538	I:	D:
9297	9689	+	3	1.313746	I:	D:
9708	10301	+	3	1.322430	I:	D:
10341	11300	+	3	1.289700	I:	D:
11392	11928	+	1	1.294037	I:	D:
12033	12428	+	3	1.332684	I:	D:
>YB1_6472
1	537	-	1	1.314370	I:	D:
568	1263	-	1	1.350986	I:	D:
1352	2941	-	2	1.342635	I:	D:
2935	4137	-	1	1.344017	I:	D:
4145	5437	-	2	1.319565	I:	D:
5425	6390	-	1	1.308077	I:	D:
6391	8346	-	1	1.318536	I:	D:
8353	8754	-	1	1.315465	I:	D:
8770	11028	-	1	1.314812	I:	D:
11164	12126	-	1	1.312869	I:	D:
>YB1_6480
2	181	+	2	1.330488	I:	D:
217	1944	+	1	1.333398	I:	D:
1956	2852	+	3	1.327385	I:	D:
2902	3567	-	1	1.296312	I:	D:
3768	4514	+	3	1.324565	I:	D:
4514	5431	+	2	1.311292	I:	D:
5517	6446	+	3	1.330707	I:	D:
6882	7205	+	3	1.320163	I:	D:
7198	7485	+	1	1.298106	I:	D:
7658	7801	-	2	1.334236	I:	D:
7893	8105	+	3	1.309282	I:	D:
8161	8379	+	1	1.325304	I:	D:
8427	10619	+	3	1.316952	I:	D:
10701	10868	+	3	1.346128	I:	D:
10887	11246	+	3	1.341108	I:	D:
11296	12081	-	1	1.354320	I:	D:
>YB1_6546
312	854	-	3	1.314094	I:	D:
959	2182	-	2	1.306026	I:	D:
2237	2386	-	2	1.332993	I:	D:
2591	3823	-	2	1.311829	I:	D:
3827	4273	-	2	1.363733	I:	D:
4292	6175	-	2	1.318636	I:	D:
6279	7805	-	3	1.323598	I:	D:
7802	9091	-	2	1.352708	I:	D:
9096	10190	-	3	1.326120	I:	D:
10180	10698	-	1	1.328498	I:	D:
10767	11804	-	3	1.341554	I:	D:
>YB1_6553
1	2148	-	1	1.312330	I:	D:
2206	3720	-	1	1.322202	I:	D:
3751	4614	-	1	1.318733	I:	D:
4616	5518	-	2	1.325582	I:	D:
5594	6943	-	2	1.293593	I:	D:
7010	8992	-	2	1.336803	I:	D:
9473	10525	-	2	1.326531	I:	D:
10659	11672	-	3	1.336379	I:	D:
>YB1_6605
53	1396	-	2	1.344243	I:	D:
1507	2376	-	1	1.293592	I:	D:
2478	3761	+	3	1.324255	I:	D:
3795	4556	+	3	1.336692	I:	D:
4589	6019	+	2	1.322284	I:	D:
6043	7827	-	1	1.313706	I:	D:
7932	9947	-	3	1.332406	I:	D:
9937	10590	-	1	1.305779	I:	D:
10602	11561	-	3	1.298929	I:	D:
>YB1_6630
92	961	-	2	1.349991	I:	D:
1062	2489	+	3	1.341792	I:	D:
2504	2860	+	2	1.303361	I:	D:
2913	4058	-	3	1.314115	I:	D:
4052	5260	-	2	1.314202	I:	D:
5427	7091	-	3	1.313144	I:	D:
7246	8148	+	1	1.345743	I:	D:
8268	9656	-	3	1.343740	I:	D:
9737	9964	-	2	1.254863	I:	D:
10107	11486	-	3	1.312807	I:	D:
>YB1_6648
2	808	-	2	1.327986	I:	D:
951	2228	-	3	1.308693	I:	D:
2319	3596	-	3	1.327028	I:	D:
3703	5142	-	1	1.316699	I:	D:
5220	5996	-	3	1.321891	I:	D:
6010	7257	-	1	1.341869	I:	D:
7269	10805	-	3	1.330600	I:	D:
10959	11405	+	3	1.327698	I:	D:
>YB1_6681
2	622	+	2	1.297316	I:	D:
661	1317	+	1	1.342848	I:	D:
1330	2478	+	1	1.337808	I:	D:
2535	3554	-	3	1.342942	I:	D:
3568	4077	-	1	1.327174	I:	D:
4129	5022	-	1	1.354458	I:	D:
5059	5883	-	1	1.340950	I:	D:
5876	6841	-	2	1.329159	I:	D:
6882	7253	-	3	1.327407	I:	D:
7566	8864	-	3	1.355372	I:	D:
8861	9733	-	2	1.344841	I:	D:
9709	10419	-	1	1.357943	I:	D:
10416	10877	-	3	1.340347	I:	D:
10968	11279	+	3	1.405759	I:	D:
>YB1_6724
1	1071	+	1	1.333367	I:	D:
1123	1692	+	1	1.303218	I:	D:
1802	2476	+	2	1.322400	I:	D:
2473	4938	+	1	1.328160	I:	D:
5104	5475	+	1	1.335146	I:	D:
5479	6330	+	1	1.330595	I:	D:
6327	6977	+	3	1.337889	I:	D:
7078	7782	-	1	1.325763	I:	D:
8051	9409	+	2	1.333379	I:	D:
9580	10875	+	1	1.345263	I:	D:
10894	11130	+	1	1.307890	I:	D:
>YB1_6727
201	866	-	3	1.363102	I:	D:
876	1535	-	3	1.322731	I:	D:
1532	2407	-	2	1.337485	I:	D:
2412	2792	-	3	1.286428	I:	D:
3015	3599	+	3	1.333854	I:	D:
4019	4330	+	2	1.299833	I:	D:
4856	5098	+	2	1.308723	I:	D:
5379	5867	-	3	1.293602	I:	D:
5881	7236	-	1	1.329979	I:	D:
7275	8168	+	3	1.345285	I:	D:
8232	10682	-	3	1.351809	I:	D:
10698	11120	-	3	1.312841	I:	D:
>YB1_6730
1	648	+	1	1.340860	I:	D:
1093	1311	-	1	1.317850	I:	D:
1408	2028	+	1	1.317307	I:	D:
2059	2733	+	1	1.335171	I:	D:
2745	3320	+	3	1.316111	I:	D:
3440	5173	+	2	1.325862	I:	D:
5273	6454	+	2	1.339469	I:	D:
6555	6995	+	3	1.358224	I:	D:
7290	7442	+	3	1.309071	I:	D:
7611	7943	+	3	1.367331	I:	D:
7989	8531	+	3	1.319015	I:	D:
8528	9709	+	2	1.330075	I:	D:
9706	10305	+	1	1.325091	I:	D:
10346	10825	+	2	1.342117	I:	D:
10945	11118	-	1	1.407944	I:	D:
>YB1_6757
2	1630	+	2	1.326396	I:	D:
1578	2690	+	3	1.331291	I:	D:
2756	3295	+	2	1.356315	I:	D:
3308	3754	+	2	1.359685	I:	D:
3870	5549	+	3	1.324620	I:	D:
5581	7011	+	1	1.345001	I:	D:
7174	7536	+	1	1.324040	I:	D:
7505	8269	+	2	1.319210	I:	D:
8289	9302	+	3	1.317628	I:	D:
9319	10062	+	1	1.337689	I:	D:
10337	10519	+	2	1.297674	I:	D:
10584	10802	+	3	1.316862	I:	D:
>YB1_6766
2	568	-	2	1.336449	I:	D:
568	1245	-	1	1.321907	I:	D:
1918	2871	-	1	1.330554	I:	D:
2864	3871	-	2	1.327984	I:	D:
3876	4874	-	3	1.335656	I:	D:
4882	5835	-	1	1.325109	I:	D:
6020	7702	-	2	1.307919	I:	D:
7883	9559	-	2	1.321132	I:	D:
9587	10057	-	2	1.304320	I:	D:
10061	11005	-	2	1.327657	I:	D:
>YB1_6772
2	382	+	2	1.325682	I:	D:
514	2562	+	1	1.298727	I:	D:
2761	3132	+	1	1.343175	I:	D:
3290	3829	+	2	1.331617	I:	D:
3874	4524	+	1	1.326839	I:	D:
4594	5346	+	1	1.347303	I:	D:
5312	5935	+	2	1.312425	I:	D:
5954	6790	-	2	1.345548	I:	D:
6832	7335	-	1	1.343780	I:	D:
7507	8346	+	1	1.347116	I:	D:
8833	9591	+	1	1.340291	I:	D:
9608	10972	+	2	1.364453	I:	D:
>YB1_6788
208	777	-	1	1.312852	I:	D:
781	1533	-	1	1.320702	I:	D:
1603	2409	-	1	1.340121	I:	D:
2402	3754	-	2	1.333493	I:	D:
3840	5042	-	3	1.331855	I:	D:
5114	5704	-	2	1.347346	I:	D:
5825	7360	-	2	1.335544	I:	D:
7437	7613	-	3	1.296510	I:	D:
7816	9711	-	1	1.320678	I:	D:
9704	10903	-	2	1.322920	I:	D:
>YB1_6812
3	371	-	3	1.353408	I:	D:
765	1613	+	3	1.337570	I:	D:
1698	3836	-	3	1.324691	I:	D:
3851	5395	-	2	1.319223	I:	D:
5508	6275	-	3	1.346038	I:	D:
6397	8484	-	1	1.321286	I:	D:
8475	8798	-	3	1.262442	I:	D:
9272	10549	-	2	1.321574	I:	D:
10651	10818	-	1	1.364031	I:	D:
>YB1_6843
1	165	-	1	1.278324	I:	D:
158	2326	-	2	1.314812	I:	D:
2320	2796	-	1	1.331150	I:	D:
3419	3553	-	2	1.296558	I:	D:
3559	4950	-	1	1.365152	I:	D:
4978	6195	-	1	1.331493	I:	D:
6255	7574	-	3	1.323267	I:	D:
7584	8252	-	3	1.312430	I:	D:
8416	9453	+	1	1.313737	I:	D:
9526	10293	-	1	1.335665	I:	D:
10314	10724	-	3	1.302818	I:	D:
>YB1_6909
3	182	-	3	1.315625	I:	D:
170	1534	-	2	1.342892	I:	D:
1538	2470	-	2	1.329003	I:	D:
2467	2946	-	1	1.336138	I:	D:
2968	5199	-	1	1.344667	I:	D:
5196	6668	-	3	1.320970	I:	D:
6776	7543	-	2	1.339883	I:	D:
7581	8534	-	3	1.334833	I:	D:
8531	8869	-	2	1.346518	I:	D:
8954	9187	-	2	1.329461	I:	D:
9433	10239	-	1	1.306735	I:	D:
10254	10394	-	3	1.292059	I:	D:
>YB1_6961
98	1348	+	2	1.289539	I:	D:
1355	2860	+	2	1.337963	I:	D:
2953	4350	+	1	1.348945	I:	D:
4373	5641	+	2	1.333274	I:	D:
5728	6642	+	1	1.349142	I:	D:
6763	8499	+	1	1.308523	I:	D:
8681	10108	+	2	1.306620	I:	D:
10148	10288	-	2	1.338091	I:	D:
>YB1_6964
13	258	+	1	1.374163	I:	D:
274	2529	-	1	1.308890	I:	D:
2627	3955	-	2	1.347458	I:	D:
4005	4214	-	3	1.316519	I:	D:
4230	4754	-	3	1.340964	I:	D:
4829	5758	-	2	1.327465	I:	D:
5776	6828	-	1	1.314286	I:	D:
6839	7630	-	2	1.343457	I:	D:
7627	8484	-	1	1.340948	I:	D:
8481	9599	-	3	1.322264	I:	D:
9807	9989	+	3	1.325914	I:	D:
10146	10280	-	3	1.306790	I:	D:
>YB1_7034
3	1421	-	3	1.335210	I:	D:
1529	3643	-	2	1.316003	I:	D:
3698	4180	-	2	1.325007	I:	D:
4211	5152	-	2	1.350455	I:	D:
5171	5701	-	2	1.315540	I:	D:
5848	6018	-	1	1.281388	I:	D:
6030	7127	-	3	1.308761	I:	D:
7161	7814	-	3	1.335770	I:	D:
7814	8470	-	2	1.332731	I:	D:
8476	9354	-	1	1.327579	I:	D:
9505	10065	-	1	1.306453	I:	D:
>YB1_7045
3	491	-	3	1.322305	I:	D:
484	981	-	1	1.352793	I:	D:
1158	2942	+	3	1.326805	I:	D:
2939	4696	+	2	1.333180	I:	D:
4747	7386	-	1	1.307509	I:	D:
7449	8255	-	3	1.336898	I:	D:
8248	9432	-	1	1.333714	I:	D:
9425	10027	-	2	1.353537	I:	D:
>YB1_7056
3	1310	-	3	1.321733	I:	D:
1313	1555	-	2	1.309433	I:	D:
1612	2946	-	1	1.331915	I:	D:
2983	7254	-	1	1.321665	I:	D:
7451	8992	-	2	1.308608	I:	D:
9192	9914	-	3	1.316015	I:	D:
>YB1_7067
1	435	+	1	1.324387	I:	D:
534	1403	-	3	1.305064	I:	D:
1548	6029	-	3	1.332229	I:	D:
6049	7101	-	1	1.315075	I:	D:
7115	8257	-	2	1.300468	I:	D:
8261	9544	-	2	1.322713	I:	D:
9750	9953	+	3	1.298246	I:	D:
>YB1_7079
2	2017	-	2	1.308226	I:	D:
2181	2600	-	3	1.363163	I:	D:
2775	4406	+	3	1.313307	I:	D:
4441	5337	-	1	1.319007	I:	D:
5490	6560	+	3	1.318915	I:	D:
6576	8186	+	3	1.302696	I:	D:
8266	9153	-	1	1.319941	I:	D:
9432	9899	-	3	1.306543	I:	D:
>YB1_7131
1	375	+	1	1.298286	I:	D:
372	1784	+	3	1.353792	I:	D:
1813	2712	-	1	1.301177	I:	D:
2730	3269	-	3	1.326945	I:	D:
3254	3898	-	2	1.359682	I:	D:
3888	4745	-	3	1.337718	I:	D:
4923	5624	+	3	1.320155	I:	D:
5632	6252	-	1	1.310900	I:	D:
6391	7725	-	1	1.337584	I:	D:
7854	9767	-	3	1.338004	I:	D:
>YB1_7139
1	480	-	1	1.282167	I:	D:
493	2001	-	1	1.313127	I:	D:
2157	3551	-	3	1.304247	I:	D:
3748	5871	-	1	1.330538	I:	D:
6056	8386	-	2	1.335171	I:	D:
8569	9654	-	1	1.296729	I:	D:
>YB1_7211
135	2549	-	3	1.313760	I:	D:
2564	2803	-	2	1.389705	I:	D:
2912	4567	-	2	1.326293	I:	D:
4782	6869	-	3	1.316086	I:	D:
7062	8159	+	3	1.336727	I:	D:
8174	9448	+	2	1.344220	I:	D:
>YB1_7227
2	883	-	2	1.334932	I:	D:
880	1584	-	1	1.327389	I:	D:
1811	5029	+	2	1.310192	I:	D:
5112	6026	+	3	1.342975	I:	D:
6097	6564	-	1	1.304844	I:	D:
6589	7176	-	1	1.338313	I:	D:
7182	7844	-	3	1.321941	I:	D:
7857	8324	-	3	1.316437	I:	D:
8321	9094	-	2	1.325758	I:	D:
9264	9488	+	3	1.307220	I:	D:
>YB1_7280
214	357	+	1	1.375895	I:	D:
723	2234	+	3	1.358817	I:	D:
2492	2692	+	2	1.264568	I:	D:
2842	4374	+	1	1.345035	I:	D:
4427	4963	-	2	1.314812	I:	D:
5114	6433	+	2	1.311261	I:	D:
6430	7164	+	1	1.311964	I:	D:
7441	8361	+	1	1.335664	I:	D:
8593	9369	+	1	1.339059	I:	D:
>YB1_7284
2	1411	+	2	1.304972	I:	D:
1430	1855	+	2	1.321758	I:	D:
2003	3607	-	2	1.305001	I:	D:
4455	5417	+	3	1.348311	I:	D:
5535	5957	-	3	1.323962	I:	D:
6140	6841	+	2	1.313145	I:	D:
7047	7691	+	3	1.335777	I:	D:
7793	8773	+	2	1.309704	I:	D:
8773	9354	+	1	1.322444	I:	D:
>YB1_7288
167	736	+	2	1.333431	I:	D:
794	1807	+	2	1.298350	I:	D:
2119	3156	+	1	1.331570	I:	D:
3184	4152	+	1	1.327309	I:	D:
4164	5093	+	3	1.334860	I:	D:
5135	6583	+	2	1.289450	I:	D:
6674	9334	+	2	1.327473	I:	D:
>YB1_7299
2	1810	+	2	1.334849	I:	D:
1807	2451	+	1	1.352163	I:	D:
2523	3182	+	3	1.327554	I:	D:
3246	4217	+	3	1.357624	I:	D:
4211	4729	+	2	1.338084	I:	D:
4754	4948	+	2	1.334227	I:	D:
4961	5347	+	2	1.319923	I:	D:
5392	6579	+	1	1.320592	I:	D:
6610	6909	+	1	1.319593	I:	D:
6906	7379	+	3	1.321031	I:	D:
7392	8114	+	3	1.298651	I:	D:
8131	9321	+	1	1.324209	I:	D:
>YB1_7311
1	252	+	1	1.330595	I:	D:
258	893	+	3	1.317906	I:	D:
976	1128	+	1	1.275557	I:	D:
1207	1512	+	1	1.282345	I:	D:
1633	2187	+	1	1.291117	I:	D:
2363	2839	+	2	1.309790	I:	D:
2829	3152	+	3	1.322016	I:	D:
3266	3403	+	2	1.268777	I:	D:
3537	4073	+	3	1.302499	I:	D:
4262	4921	+	2	1.354424	I:	D:
4946	6388	+	2	1.322343	I:	D:
6565	7650	+	1	1.318357	I:	D:
7818	9290	+	3	1.352780	I:	D:
>YB1_7333
45	695	-	3	1.330189	I:	D:
692	1171	-	2	1.316646	I:	D:
1355	3688	+	2	1.331648	I:	D:
3709	4599	+	1	1.316603	I:	D:
4682	5233	+	2	1.314106	I:	D:
5226	5642	+	3	1.351065	I:	D:
5740	7083	-	1	1.348575	I:	D:
7059	7733	-	3	1.336220	I:	D:
7807	8541	-	1	1.338189	I:	D:
8546	9241	-	2	1.354823	I:	D:
>YB1_7376
2	289	-	2	1.317554	I:	D:
366	2603	-	3	1.311695	I:	D:
2630	3994	-	2	1.320985	I:	D:
4076	4339	-	2	1.365796	I:	D:
4370	4744	-	2	1.341637	I:	D:
4809	6941	-	3	1.315999	I:	D:
7154	8452	+	2	1.314057	I:	D:
8457	9143	+	3	1.320921	I:	D:
>YB1_7411
3	251	+	3	1.273535	I:	D:
289	807	+	1	1.308865	I:	D:
899	2161	+	2	1.340089	I:	D:
2276	3109	-	2	1.324489	I:	D:
3169	4158	+	1	1.354243	I:	D:
4409	4915	+	2	1.308119	I:	D:
5005	5550	+	1	1.348413	I:	D:
5587	5760	+	1	1.349735	I:	D:
6155	8134	+	2	1.317654	I:	D:
8252	9064	+	2	1.352289	I:	D:
>YB1_7421
1	501	-	1	1.289587	I:	D:
515	1462	-	2	1.338121	I:	D:
1459	2865	-	1	1.355815	I:	D:
2938	4092	-	1	1.333331	I:	D:
4270	4542	+	1	1.333212	I:	D:
4583	5005	+	2	1.313073	I:	D:
5065	5421	-	1	1.315949	I:	D:
5464	5661	-	1	1.291426	I:	D:
5692	6186	-	1	1.299864	I:	D:
6354	6497	-	3	1.345481	I:	D:
6522	6656	-	3	1.276114	I:	D:
6693	8048	+	3	1.332344	I:	D:
8158	8475	-	1	1.350831	I:	D:
8534	9034	-	2	1.326235	I:	D:
>YB1_7422
3	218	+	3	1.325626	I:	D:
303	1103	-	3	1.340006	I:	D:
1344	1532	+	3	1.286660	I:	D:
1539	2369	+	3	1.313454	I:	D:
2473	3666	+	1	1.298875	I:	D:
3718	4467	+	1	1.289928	I:	D:
4570	5502	-	1	1.357172	I:	D:
5655	7166	+	3	1.322792	I:	D:
7361	8173	+	2	1.276903	I:	D:
8190	8882	+	3	1.316155	I:	D:
8893	9030	+	1	1.308296	I:	D:
>YB1_7429
1	348	+	1	1.307507	I:	D:
556	978	+	1	1.323198	I:	D:
1203	3194	+	3	1.323828	I:	D:
3191	4495	+	2	1.345745	I:	D:
4512	5174	+	3	1.322704	I:	D:
5193	6248	+	3	1.350844	I:	D:
6263	6886	+	2	1.312060	I:	D:
6916	7770	+	1	1.337387	I:	D:
7941	9020	+	3	1.336748	I:	D:
>YB1_7444
115	783	+	1	1.334949	I:	D:
840	1148	-	3	1.314836	I:	D:
1244	2137	-	2	1.323180	I:	D:
2492	2653	+	2	1.302053	I:	D:
2739	3335	+	3	1.306511	I:	D:
3364	3576	+	1	1.270209	I:	D:
3610	4110	+	1	1.264100	I:	D:
4091	4594	+	2	1.304307	I:	D:
4600	5898	+	1	1.317838	I:	D:
5935	6090	+	1	1.272484	I:	D:
6111	6293	+	3	1.355480	I:	D:
6433	7005	+	1	1.313174	I:	D:
7020	8411	+	3	1.312351	I:	D:
8435	8845	+	2	1.302050	I:	D:
>YB1_7471
1	642	+	1	1.312617	I:	D:
655	1479	+	1	1.316168	I:	D:
1513	2691	+	1	1.357744	I:	D:
2703	4082	+	3	1.362326	I:	D:
4103	5617	+	2	1.353876	I:	D:
5761	7545	+	1	1.319544	I:	D:
7558	8913	+	1	1.329164	I:	D:
>YB1_7502
2	733	-	2	1.351197	I:	D:
740	1312	-	2	1.337176	I:	D:
1321	2211	-	1	1.323437	I:	D:
2289	2735	-	3	1.310078	I:	D:
3081	3632	-	3	1.327164	I:	D:
3610	3831	-	1	1.280197	I:	D:
3847	4701	-	1	1.316232	I:	D:
4783	5304	-	1	1.328115	I:	D:
5354	5848	-	2	1.318592	I:	D:
5851	6870	-	1	1.331303	I:	D:
6863	8092	-	2	1.331016	I:	D:
8106	8387	-	3	1.336788	I:	D:
8421	8831	-	3	1.358469	I:	D:
>YB1_7534
149	892	-	2	1.371093	I:	D:
892	1797	-	1	1.325295	I:	D:
1810	4764	-	1	1.314183	I:	D:
4889	5551	-	2	1.343866	I:	D:
5901	7193	+	3	1.326484	I:	D:
7295	8767	-	2	1.312292	I:	D:
>YB1_7703
282	797	-	3	1.314463	I:	D:
828	1310	-	3	1.231858	I:	D:
1583	1879	+	2	1.343416	I:	D:
1872	2423	+	3	1.352306	I:	D:
2597	3184	+	2	1.341921	I:	D:
3187	3882	+	1	1.317514	I:	D:
3860	4654	+	2	1.327374	I:	D:
4647	4910	+	3	1.310417	I:	D:
5012	6619	+	2	1.325231	I:	D:
6715	8085	+	1	1.335389	I:	D:
8107	8376	+	1	1.318791	I:	D:
>YB1_7763
2	157	+	2	1.306082	I:	D:
274	2775	+	1	1.334298	I:	D:
2797	4179	+	1	1.325404	I:	D:
4186	5001	+	1	1.327814	I:	D:
5054	6262	-	2	1.305631	I:	D:
6345	8198	+	3	1.333832	I:	D:
>YB1_7781
135	524	-	3	1.346302	I:	D:
566	1714	-	2	1.331424	I:	D:
1733	3211	-	2	1.337362	I:	D:
3295	3984	-	1	1.316543	I:	D:
4107	6017	+	3	1.311647	I:	D:
6061	7269	-	1	1.318322	I:	D:
7291	7956	-	1	1.323072	I:	D:
7976	8221	-	2	1.304441	I:	D:
>YB1_7882
201	1325	+	3	1.348115	I:	D:
1355	2440	-	2	1.279596	I:	D:
2421	3272	-	3	1.321798	I:	D:
3293	3961	-	2	1.337382	I:	D:
3982	5229	-	1	1.331603	I:	D:
5241	6173	-	3	1.333193	I:	D:
6344	6577	+	2	1.311136	I:	D:
6625	8004	-	1	1.314402	I:	D:
>YB1_7915
1	678	+	1	1.322093	I:	D:
743	1360	-	2	1.316523	I:	D:
1560	1913	+	3	1.365784	I:	D:
1910	2296	+	2	1.337897	I:	D:
2109	2729	+	3	1.361726	I:	D:
2726	3553	+	2	1.325470	I:	D:
3583	3768	+	1	1.326038	I:	D:
3836	4039	+	2	1.268247	I:	D:
4108	4335	+	1	1.404762	I:	D:
4421	4798	+	2	1.351245	I:	D:
4885	6063	-	1	1.340645	I:	D:
6342	7637	+	3	1.307324	I:	D:
7663	7914	+	1	1.322628	I:	D:
>YB1_7928
2	424	+	2	1.355807	I:	D:
430	1047	+	1	1.349147	I:	D:
1056	2036	+	3	1.338649	I:	D:
2033	2572	+	2	1.339524	I:	D:
2585	3115	+	2	1.361043	I:	D:
3243	3629	+	3	1.384825	I:	D:
3655	4602	+	1	1.316756	I:	D:
4628	5800	+	2	1.303156	I:	D:
5974	7260	+	1	1.336267	I:	D:
7264	7890	+	1	1.358472	I:	D:
>YB1_7931
3	2579	+	3	1.313047	I:	D:
2595	3467	+	3	1.324092	I:	D:
3677	4888	-	2	1.336476	I:	D:
5067	5969	+	3	1.308739	I:	D:
6059	7117	-	2	1.349354	I:	D:
7114	7884	-	1	1.300190	I:	D:
>YB1_8040
86	511	-	2	1.320082	I:	D:
685	3147	-	1	1.309399	I:	D:
3171	6314	-	3	1.309594	I:	D:
6944	7354	-	2	1.312987	I:	D:
7356	7547	-	3	1.326604	I:	D:
>YB1_8049
206	958	+	2	1.345151	I:	D:
1153	1302	+	1	1.316882	I:	D:
1325	1528	+	2	1.290546	I:	D:
1546	2067	+	1	1.313844	I:	D:
2161	2586	+	1	1.279409	I:	D:
2654	3349	+	2	1.302210	I:	D:
3644	4453	+	2	1.324138	I:	D:
4465	7683	+	1	1.324810	I:	D:
>YB1_8111
3	188	+	3	1.362213	I:	D:
326	556	-	2	1.309140	I:	D:
948	1211	+	3	1.319162	I:	D:
1242	1799	+	3	1.339480	I:	D:
1796	2296	+	2	1.327871	I:	D:
2320	2982	+	1	1.287878	I:	D:
3556	4044	+	1	1.369776	I:	D:
4068	5519	+	3	1.324296	I:	D:
5551	6261	+	1	1.356067	I:	D:
6314	7132	+	2	1.323619	I:	D:
7146	7583	+	3	1.357232	I:	D:
>YB1_8143
9	770	+	3	1.328451	I:	D:
826	1119	+	1	1.311361	I:	D:
1123	1557	+	1	1.329357	I:	D:
1656	1922	+	3	1.270965	I:	D:
1950	3617	+	3	1.321197	I:	D:
3620	3961	+	2	1.319943	I:	D:
3977	4465	+	2	1.302719	I:	D:
4462	5115	+	1	1.335569	I:	D:
5117	6355	+	2	1.353088	I:	D:
6454	6639	-	1	1.309230	I:	D:
6778	7521	-	1	1.355231	I:	D:
>YB1_8148
3	434	+	3	1.322081	I:	D:
512	2785	+	2	1.333564	I:	D:
2813	3286	+	2	1.320988	I:	D:
3307	3543	+	1	1.305822	I:	D:
3637	4398	+	1	1.317493	I:	D:
4565	5473	+	2	1.314243	I:	D:
5486	6805	+	2	1.342411	I:	D:
6802	7515	+	1	1.302478	I:	D:
>YB1_8169
1	1179	-	1	1.337466	I:	D:
1256	2320	-	2	1.310567	I:	D:
2663	3442	-	2	1.329259	I:	D:
3471	4958	-	3	1.317754	I:	D:
4973	5818	-	2	1.316627	I:	D:
5961	7475	-	3	1.325205	I:	D:
>YB1_8182
2	568	+	2	1.335764	I:	D:
571	1239	+	1	1.315529	I:	D:
1259	2023	-	2	1.357538	I:	D:
2175	3701	+	3	1.343313	I:	D:
3878	5158	+	2	1.336985	I:	D:
5163	6281	+	3	1.336671	I:	D:
6251	6844	+	2	1.320504	I:	D:
6943	7161	-	1	1.268216	I:	D:
>YB1_8184
2	505	-	2	1.311647	I:	D:
507	1904	-	3	1.346356	I:	D:
1919	3898	-	2	1.342051	I:	D:
3891	4622	-	3	1.319825	I:	D:
4615	5733	-	1	1.324628	I:	D:
5771	6535	-	2	1.340654	I:	D:
6540	7235	-	3	1.320183	I:	D:
7232	7456	-	2	1.303099	I:	D:
>YB1_8288
3	140	-	3	1.303005	I:	D:
157	585	-	1	1.282489	I:	D:
719	1753	-	2	1.346054	I:	D:
1934	2248	+	2	1.312190	I:	D:
2264	3196	+	2	1.317090	I:	D:
3243	4490	-	3	1.316429	I:	D:
4885	6225	+	1	1.336429	I:	D:
6222	6944	+	3	1.341432	I:	D:
7103	7297	+	2	1.375299	I:	D:
>YB1_8399
2	703	-	2	1.334135	I:	D:
715	1389	-	1	1.318578	I:	D:
1433	3193	-	2	1.322249	I:	D:
3292	3816	-	1	1.292520	I:	D:
3962	6493	-	2	1.319247	I:	D:
6609	7130	-	3	1.321966	I:	D:
>YB1_8414
1	150	-	1	1.273902	I:	D:
152	1750	-	2	1.354613	I:	D:
1829	1990	-	2	1.302918	I:	D:
2007	2399	-	3	1.360795	I:	D:
2417	2794	-	2	1.390873	I:	D:
2809	3204	-	1	1.341181	I:	D:
3334	3708	+	1	1.436103	I:	D:
3804	4310	-	3	1.319875	I:	D:
4487	4864	-	2	1.338229	I:	D:
4774	5589	+	1	1.341841	I:	D:
5617	5853	-	1	1.323666	I:	D:
6056	6406	+	2	1.318215	I:	D:
6412	6951	+	1	1.309005	I:	D:
>YB1_8415
2	565	-	2	1.294520	I:	D:
585	1436	-	3	1.340323	I:	D:
1462	2403	-	1	1.322338	I:	D:
2565	3620	-	3	1.337736	I:	D:
3753	4949	+	3	1.323421	I:	D:
4933	5757	+	1	1.330926	I:	D:
5757	7106	+	3	1.333649	I:	D:
>YB1_8431
205	2262	-	1	1.344856	I:	D:
2403	4052	-	3	1.295103	I:	D:
4070	4426	-	2	1.290649	I:	D:
4602	4790	+	3	1.350772	I:	D:
4849	4995	-	1	1.371113	I:	D:
5049	5471	-	3	1.281509	I:	D:
5485	6396	-	1	1.352062	I:	D:
6401	6736	-	2	1.366859	I:	D:
6730	7071	-	1	1.308639	I:	D:
>YB1_8616
63	992	-	3	1.335831	I:	D:
1607	1918	-	2	1.368174	I:	D:
1987	4005	-	1	1.324313	I:	D:
4002	4766	-	3	1.339616	I:	D:
4895	5887	-	2	1.369216	I:	D:
5884	6573	-	1	1.330987	I:	D:
6671	6799	-	2	1.285152	I:	D:
>YB1_8618
1	759	-	1	1.341060	I:	D:
773	1663	-	2	1.329283	I:	D:
1651	2151	-	1	1.310949	I:	D:
2141	3370	-	2	1.323578	I:	D:
3858	4604	+	3	1.325419	I:	D:
4606	4908	+	1	1.288306	I:	D:
4933	5709	+	1	1.360108	I:	D:
5706	6797	+	3	1.326980	I:	D:
>YB1_8633
390	1976	+	3	1.336513	I:	D:
2211	2588	+	3	1.365571	I:	D:
2614	4308	-	1	1.334419	I:	D:
4442	5278	+	2	1.360505	I:	D:
5373	6770	+	3	1.337182	I:	D:
>YB1_8719
3	344	-	3	1.321801	I:	D:
372	2390	-	3	1.324641	I:	D:
2405	3577	-	2	1.343105	I:	D:
3765	4778	-	3	1.325460	I:	D:
4812	5120	-	3	1.319961	I:	D:
5194	6255	-	1	1.339623	I:	D:
6345	6632	-	3	1.306235	I:	D:
>YB1_8744
2	142	-	2	1.326671	I:	D:
201	578	-	3	1.328078	I:	D:
724	1512	-	1	1.333985	I:	D:
1526	2101	-	2	1.321902	I:	D:
2114	2815	-	2	1.326492	I:	D:
2817	3428	-	3	1.289301	I:	D:
3425	4384	-	2	1.329192	I:	D:
4397	5719	-	2	1.330793	I:	D:
5776	6600	-	1	1.334458	I:	D:
>YB1_8752
76	888	-	1	1.346997	I:	D:
1002	4037	+	3	1.331392	I:	D:
4049	6103	+	2	1.336988	I:	D:
>YB1_8785
1	468	+	1	1.329394	I:	D:
627	1544	+	3	1.340023	I:	D:
1580	2566	+	2	1.292259	I:	D:
2576	3316	+	2	1.318634	I:	D:
3319	4473	+	1	1.330222	I:	D:
4491	5669	+	3	1.313317	I:	D:
5727	5960	-	3	1.262883	I:	D:
6127	6546	+	1	1.323064	I:	D:
>YB1_8815
83	223	+	2	1.302407	I:	D:
318	1565	+	3	1.336290	I:	D:
1626	2651	+	3	1.303197	I:	D:
2626	3393	+	1	1.348479	I:	D:
3396	3983	+	3	1.344865	I:	D:
4102	5790	-	1	1.342737	I:	D:
5802	6527	-	3	1.330311	I:	D:
>YB1_8821
1	807	+	1	1.334230	I:	D:
808	1614	+	1	1.319443	I:	D:
1617	2477	+	3	1.344476	I:	D:
2488	2946	+	1	1.320999	I:	D:
2966	4204	+	2	1.319739	I:	D:
4468	5928	+	1	1.336885	I:	D:
6134	6514	+	2	1.284802	I:	D:
>YB1_8930
81	1334	-	3	1.310690	I:	D:
1352	3193	-	2	1.306326	I:	D:
3210	4595	-	3	1.304997	I:	D:
4864	5967	+	1	1.312362	I:	D:
6055	6339	-	1	1.292182	I:	D:
>YB1_8951
84	1127	+	3	1.309008	I:	D:
1124	2239	+	2	1.339700	I:	D:
2290	2577	+	1	1.293715	I:	D:
2643	4025	-	3	1.344763	I:	D:
4060	4482	-	1	1.303347	I:	D:
4460	4780	+	2	1.359532	I:	D:
4942	5991	+	1	1.358568	I:	D:
>YB1_9120
1	318	+	1	1.289050	I:	D:
419	1699	+	2	1.348475	I:	D:
1902	2129	+	3	1.328022	I:	D:
2145	3392	+	3	1.321356	I:	D:
3493	4875	+	1	1.313401	I:	D:
4902	5030	+	3	1.354263	I:	D:
5134	5979	+	1	1.315055	I:	D:
>YB1_9140
3	1421	+	3	1.343513	I:	D:
1430	2758	+	2	1.326535	I:	D:
2742	4193	+	3	1.333971	I:	D:
4339	4791	+	1	1.343341	I:	D:
4878	6068	+	3	1.344413	I:	D:
>YB1_9143
2	1447	-	2	1.295271	I:	D:
1554	2534	-	3	1.345161	I:	D:
2610	3938	-	3	1.344027	I:	D:
3941	5380	-	2	1.325607	I:	D:
5796	6014	+	3	1.388158	I:	D:
>YB1_9167
1	1134	+	1	1.328244	I:	D:
1210	2523	+	1	1.335115	I:	D:
2501	3073	+	2	1.303204	I:	D:
3076	3558	+	1	1.339905	I:	D:
3576	4391	+	3	1.313327	I:	D:
4395	5231	+	3	1.324664	I:	D:
5234	5932	+	2	1.335222	I:	D:
>YB1_9205
2	661	+	2	1.332666	I:	D:
670	1311	+	1	1.350089	I:	D:
1317	2327	+	3	1.336033	I:	D:
2406	3242	-	3	1.328756	I:	D:
3643	3975	+	1	1.305144	I:	D:
3979	4161	+	1	1.306937	I:	D:
4219	5136	+	1	1.319166	I:	D:
5176	5946	+	1	1.316729	I:	D:
>YB1_9266
3	2639	-	3	1.318770	I:	D:
2630	3340	-	2	1.323469	I:	D:
3430	3660	-	1	1.267936	I:	D:
3672	4700	-	3	1.329504	I:	D:
4792	5328	-	1	1.320100	I:	D:
5693	5920	-	2	1.382706	I:	D:
>YB1_9312
93	1043	-	3	1.346836	I:	D:
1112	1375	-	2	1.371843	I:	D:
1377	2876	-	3	1.319101	I:	D:
2893	4356	-	1	1.324561	I:	D:
4442	5362	-	2	1.313918	I:	D:
5408	5857	-	2	1.340934	I:	D:
>YB1_9406
2	391	+	2	1.345352	I:	D:
379	2118	+	1	1.332351	I:	D:
2129	3193	+	2	1.337380	I:	D:
3338	3679	+	2	1.318317	I:	D:
3736	4110	+	1	1.298686	I:	D:
4254	5702	+	3	1.319478	I:	D:
>YB1_9444
1	492	+	1	1.340337	I:	D:
512	787	+	2	1.325336	I:	D:
1149	1313	+	3	1.307038	I:	D:
1416	1667	-	3	1.332659	I:	D:
1736	2023	+	2	1.334028	I:	D:
2051	3982	+	2	1.337233	I:	D:
3995	4780	+	2	1.332411	I:	D:
4823	5701	+	2	1.318514	I:	D:
>YB1_9554
134	772	+	2	1.337780	I:	D:
774	1385	+	3	1.333761	I:	D:
1429	2718	+	1	1.324021	I:	D:
2736	4082	+	3	1.351366	I:	D:
4107	4757	+	3	1.318818	I:	D:
4796	5590	-	2	1.336867	I:	D:
>YB1_9579
1	504	+	1	1.341301	I:	D:
575	1516	-	2	1.303654	I:	D:
1509	2456	-	3	1.308325	I:	D:
2476	4410	-	1	1.328871	I:	D:
4543	5574	-	1	1.317835	I:	D:
>YB1_9601
144	1577	-	3	1.325122	I:	D:
1568	2254	-	2	1.335003	I:	D:
2251	3012	-	1	1.365967	I:	D:
3009	3788	-	3	1.362058	I:	D:
3775	4488	-	1	1.331748	I:	D:
4596	5549	-	3	1.345154	I:	D:
>YB1_9654
2	478	+	2	1.323064	I:	D:
549	1862	-	3	1.346574	I:	D:
1880	2749	-	2	1.330837	I:	D:
2817	4313	-	3	1.333056	I:	D:
4604	5503	-	2	1.363974	I:	D:
>YB1_9793
1	219	-	1	1.346248	I:	D:
209	658	-	2	1.331922	I:	D:
841	1854	+	1	1.334937	I:	D:
1967	2734	+	2	1.344444	I:	D:
2724	4937	+	3	1.340318	I:	D:
4942	5367	-	1	1.353694	I:	D:
>YB1_9816
3	1517	+	3	1.353583	I:	D:
1583	2563	+	2	1.330073	I:	D:
2644	2922	-	1	1.283352	I:	D:
3134	4045	+	2	1.340617	I:	D:
4086	5327	+	3	1.328588	I:	D:
>YB1_9821
1	2442	+	1	1.321419	I:	D:
2471	3601	+	2	1.326806	I:	D:
3775	4683	+	1	1.311679	I:	D:
4683	5339	+	3	1.337323	I:	D:
>YB1_9851
2	448	+	2	1.352262	I:	D:
476	1933	+	2	1.332731	I:	D:
1921	2460	+	1	1.340551	I:	D:
2479	3738	+	1	1.297013	I:	D:
3772	5313	+	1	1.308251	I:	D:
>YB1_9882
3	149	+	3	1.323527	I:	D:
212	1030	-	2	1.330474	I:	D:
1017	2237	-	3	1.343200	I:	D:
2258	2449	+	2	1.332152	I:	D:
2784	3392	+	3	1.349298	I:	D:
3457	4668	-	1	1.309116	I:	D:
4691	5290	-	2	1.315476	I:	D:
>YB1_9916
2	1537	+	2	1.318717	I:	D:
1634	2047	+	2	1.282411	I:	D:
2188	3192	+	1	1.356402	I:	D:
3215	3568	+	2	1.324510	I:	D:
3582	4820	+	3	1.350011	I:	D:
4868	5212	-	2	1.326371	I:	D:
>YB1_9942
3	224	-	3	1.318290	I:	D:
240	1127	-	3	1.348605	I:	D:
1344	5015	+	3	1.309857	I:	D:
>YB1_10045
3	1034	+	3	1.319907	I:	D:
1180	1422	+	1	1.337402	I:	D:
1437	2093	+	3	1.345057	I:	D:
2264	3025	+	2	1.319210	I:	D:
3022	3840	+	1	1.345281	I:	D:
3978	5126	+	3	1.314447	I:	D:
>YB1_10057
2	130	+	2	1.330218	I:	D:
261	1025	-	3	1.323520	I:	D:
1145	2830	-	2	1.314680	I:	D:
3152	4117	-	2	1.306595	I:	D:
4320	5129	+	3	1.368887	I:	D:
>YB1_10076
3	554	-	3	1.343898	I:	D:
593	1774	-	2	1.327453	I:	D:
1787	3277	-	2	1.330027	I:	D:
3296	3757	-	2	1.303797	I:	D:
3826	4881	-	1	1.311489	I:	D:
4977	5114	-	3	1.330131	I:	D:
>YB1_10133
3	350	-	3	1.337872	I:	D:
355	2268	-	1	1.349533	I:	D:
2265	2948	-	3	1.322892	I:	D:
2941	3657	-	1	1.307425	I:	D:
3657	5066	-	3	1.337996	I:	D:
>YB1_10150
94	441	-	1	1.350264	I:	D:
456	1475	-	3	1.326455	I:	D:
1505	1918	-	2	1.318768	I:	D:
2148	2627	-	3	1.321791	I:	D:
2641	3186	-	1	1.300761	I:	D:
3203	3946	-	2	1.328074	I:	D:
4011	5048	-	3	1.300904	I:	D:
>YB1_10184
1	444	-	1	1.310851	I:	D:
554	1873	-	2	1.367299	I:	D:
1986	2456	+	3	1.347781	I:	D:
2463	3665	+	3	1.315739	I:	D:
3707	4150	+	2	1.292226	I:	D:
4150	5028	+	1	1.335693	I:	D:
>YB1_10216
3	1364	+	3	1.348460	I:	D:
1576	1737	+	1	1.318281	I:	D:
1900	2793	+	1	1.334985	I:	D:
2817	3650	+	3	1.333293	I:	D:
3681	5003	+	3	1.341443	I:	D:
>YB1_10278
3	932	-	3	1.331657	I:	D:
1017	1235	-	3	1.320769	I:	D:
1403	2776	+	2	1.321515	I:	D:
2788	4230	+	1	1.336151	I:	D:
4311	4946	-	3	1.322076	I:	D:
>YB1_10418
99	323	+	3	1.279262	I:	D:
334	540	+	1	1.326012	I:	D:
742	1137	-	1	1.323722	I:	D:
1241	1459	+	2	1.345819	I:	D:
1492	1809	+	1	1.302907	I:	D:
1986	2222	+	3	1.372940	I:	D:
2224	2397	+	1	1.249805	I:	D:
2433	2561	+	3	1.314219	I:	D:
2668	2853	+	1	1.284799	I:	D:
3003	3224	+	3	1.332773	I:	D:
3342	3536	+	3	1.343031	I:	D:
3726	4484	+	3	1.366621	I:	D:
4485	4814	+	3	1.404927	I:	D:
>YB1_10454
2	589	-	2	1.350431	I:	D:
590	1372	-	2	1.328628	I:	D:
1402	2982	-	1	1.319640	I:	D:
3013	3879	-	1	1.347484	I:	D:
3876	4787	-	3	1.338494	I:	D:
>YB1_10476
2	1027	-	2	1.335445	I:	D:
1041	1931	-	3	1.316019	I:	D:
1921	2145	-	1	1.290009	I:	D:
2147	3358	-	2	1.324507	I:	D:
3355	3762	-	1	1.297489	I:	D:
3863	4243	-	2	1.303898	I:	D:
4357	4776	-	1	1.302007	I:	D:
>YB1_10496
3	401	+	3	1.305562	I:	D:
434	712	+	2	1.336868	I:	D:
752	2608	-	2	1.344980	I:	D:
2620	3198	-	1	1.310017	I:	D:
3226	4095	-	1	1.334295	I:	D:
4223	4759	-	2	1.345030	I:	D:
>YB1_10561
255	539	-	3	1.266002	I:	D:
587	1039	-	2	1.321979	I:	D:
1243	3213	-	1	1.305532	I:	D:
3242	3724	-	2	1.259757	I:	D:
3917	4708	-	2	1.354579	I:	D:
>YB1_10653
1	198	+	1	1.322727	I:	D:
211	477	+	1	1.351196	I:	D:
479	1129	+	2	1.327692	I:	D:
1140	1829	+	3	1.320545	I:	D:
1839	3266	+	3	1.324131	I:	D:
3279	4229	+	3	1.329230	I:	D:
4222	4647	+	1	1.347479	I:	D:
>YB1_10736
2	922	+	2	1.337941	I:	D:
996	1439	-	3	1.344808	I:	D:
1647	2237	-	3	1.322476	I:	D:
2368	3783	-	1	1.309964	I:	D:
3810	4595	-	3	1.312845	I:	D:
>YB1_10749
39	1430	+	3	1.329339	I:	D:
1559	2233	+	2	1.332213	I:	D:
2206	3444	+	1	1.320266	I:	D:
3539	4588	+	2	1.319947	I:	D:
>YB1_10760
131	1024	-	2	1.335591	I:	D:
1149	2513	+	3	1.352250	I:	D:
2694	4577	+	3	1.347402	I:	D:
>YB1_10921
2	781	+	2	1.330221	I:	D:
795	1112	+	3	1.291242	I:	D:
1123	1392	+	1	1.312106	I:	D:
1414	2817	+	1	1.306583	I:	D:
2887	3531	-	1	1.312359	I:	D:
3621	4445	+	3	1.308306	I:	D:
>YB1_10977
109	276	+	1	1.312195	I:	D:
461	1414	+	2	1.309442	I:	D:
1418	2515	+	2	1.322741	I:	D:
2626	3642	+	1	1.315431	I:	D:
3730	4428	-	1	1.335356	I:	D:
>YB1_10990
3	632	+	3	1.322452	I:	D:
725	1324	-	2	1.344282	I:	D:
1317	2570	-	3	1.335923	I:	D:
2583	3353	-	3	1.318409	I:	D:
3390	4025	-	3	1.338756	I:	D:
4025	4219	-	2	1.293536	I:	D:
>YB1_11016
58	1977	+	1	1.333785	I:	D:
1988	4234	+	2	1.321407	I:	D:
4265	4405	+	2	1.330856	I:	D:
>YB1_11205
187	2943	+	1	1.330704	I:	D:
2983	3585	-	1	1.303433	I:	D:
3827	4288	+	2	1.331893	I:	D:
>YB1_11240
2	187	-	2	1.302832	I:	D:
359	2941	-	2	1.316016	I:	D:
2943	3341	-	3	1.358234	I:	D:
3434	4264	-	2	1.363505	I:	D:
>YB1_11274
2	772	+	2	1.328028	I:	D:
886	1305	+	1	1.324315	I:	D:
1513	4242	+	1	1.338928	I:	D:
>YB1_11315
42	761	-	3	1.341783	I:	D:
739	1038	+	1	1.410232	I:	D:
1192	2208	-	1	1.358754	I:	D:
2518	3852	-	1	1.308696	I:	D:
4023	4214	-	3	1.376016	I:	D:
>YB1_11368
83	526	+	2	1.336210	I:	D:
537	953	+	3	1.335987	I:	D:
1066	1314	+	1	1.331182	I:	D:
1382	2311	+	2	1.334799	I:	D:
2308	3333	+	1	1.325332	I:	D:
3352	4044	+	1	1.335658	I:	D:
>YB1_11426
2	859	+	2	1.342200	I:	D:
856	1230	+	1	1.399263	I:	D:
1235	2056	+	2	1.369950	I:	D:
2189	3427	+	2	1.313159	I:	D:
3472	4149	-	1	1.309213	I:	D:
>YB1_11541
41	832	-	2	1.319557	I:	D:
950	2908	+	2	1.326844	I:	D:
2905	3729	+	1	1.344868	I:	D:
3738	3908	+	3	1.367791	I:	D:
3905	4069	+	2	1.325888	I:	D:
>YB1_11557
88	567	-	1	1.319178	I:	D:
730	1005	-	1	1.361614	I:	D:
1188	1907	-	3	1.326976	I:	D:
1932	4061	+	3	1.316528	I:	D:
>YB1_11562
452	1192	+	2	1.311021	I:	D:
1452	2672	-	3	1.339841	I:	D:
2843	3193	+	2	1.346935	I:	D:
3195	3887	+	3	1.331775	I:	D:
3900	4055	+	3	1.263534	I:	D:
>YB1_11595
42	1067	-	3	1.318733	I:	D:
1149	1760	-	3	1.330211	I:	D:
1774	4041	-	1	1.309744	I:	D:
>YB1_11899
131	412	-	2	1.346487	I:	D:
531	2342	-	3	1.322197	I:	D:
2530	3882	-	1	1.349588	I:	D:
>YB1_12014
12	1073	+	3	1.321841	I:	D:
1103	1378	+	2	1.317372	I:	D:
1410	2030	+	3	1.320107	I:	D:
2076	2681	-	3	1.324742	I:	D:
2827	3069	-	1	1.292165	I:	D:
3119	3826	-	2	1.325852	I:	D:
>YB1_12020
3	374	-	3	1.267398	I:	D:
433	954	-	1	1.325741	I:	D:
1092	1280	-	3	1.330040	I:	D:
1501	3144	-	1	1.345997	I:	D:
3166	3825	-	1	1.362454	I:	D:
>YB1_12212
2	1282	+	2	1.330632	I:	D:
1343	2665	-	2	1.332197	I:	D:
2864	3721	+	2	1.329129	I:	D:
>YB1_12394
258	599	-	3	1.390349	I:	D:
620	1651	-	2	1.375326	I:	D:
1764	2795	+	3	1.322093	I:	D:
2792	3427	+	2	1.361798	I:	D:
>YB1_12420
2	499	+	2	1.325976	I:	D:
550	1200	+	1	1.316358	I:	D:
1254	1835	+	3	1.324256	I:	D:
1839	3314	+	3	1.330355	I:	D:
3339	3623	+	3	1.357800	I:	D:
>YB1_12441
88	867	+	1	1.321346	I:	D:
886	3507	+	1	1.332077	I:	D:
3546	4637	+	3	1.311647	I:	D:
4639	5418	+	1	1.316882	I:	D:
5529	7022	+	3	1.338905	I:	D:
7122	7307	-	3	1.352394	I:	D:
7313	8077	-	2	1.358023	I:	D:
7682	7972	+	2	1.333343	I:	D:
8074	8799	-	1	1.342825	I:	D:
8796	9554	-	3	1.336377	I:	D:
9716	10423	+	2	1.330783	I:	D:
10427	11845	+	2	1.348249	I:	D:
11941	12612	+	1	1.347905	I:	D:
12648	12989	+	3	1.354154	I:	D:
12788	13603	+	2	1.336813	I:	D:
13722	14477	+	3	1.340282	I:	D:
14474	16384	+	2	1.327947	I:	D:
16390	17241	-	1	1.346619	I:	D:
17371	17511	+	1	1.317048	I:	D:
17589	18098	-	3	1.294631	I:	D:
18110	19828	-	2	1.322216	I:	D:
20014	21048	+	1	1.328195	I:	D:
21049	21543	+	1	1.341887	I:	D:
21577	22509	+	1	1.347457	I:	D:
22512	23447	+	3	1.346886	I:	D:
23483	24325	+	2	1.309444	I:	D:
24336	25040	+	3	1.342379	I:	D:
25085	26128	+	2	1.340549	I:	D:
26142	26504	+	3	1.311300	I:	D:
26527	27327	+	1	1.347621	I:	D:
27324	27779	+	3	1.346109	I:	D:
27811	28998	+	1	1.325301	I:	D:
29021	29668	+	2	1.333432	I:	D:
29757	30896	+	3	1.323944	I:	D:
30913	31308	+	1	1.321964	I:	D:
31390	32214	+	1	1.331894	I:	D:
32330	33205	+	2	1.329849	I:	D:
33207	33773	+	3	1.344037	I:	D:
33770	34690	+	2	1.313866	I:	D:
34872	35831	+	3	1.355724	I:	D:
35834	36145	+	2	1.336409	I:	D:
36162	37664	+	3	1.330348	I:	D:
37668	38663	+	3	1.309220	I:	D:
38688	39755	+	3	1.326519	I:	D:
39777	40556	+	3	1.341084	I:	D:
40575	41300	-	3	1.320197	I:	D:
41456	42103	+	2	1.356601	I:	D:
42045	42356	+	3	1.344867	I:	D:
42349	44100	+	1	1.325869	I:	D:
44097	45761	+	3	1.332721	I:	D:
45807	46403	-	3	1.320181	I:	D:
46577	48106	+	2	1.322427	I:	D:
48225	48422	+	3	1.392586	I:	D:
48496	50112	+	1	1.329828	I:	D:
50294	52459	+	2	1.316540	I:	D:
>YB1_12506
3	2246	-	3	1.340840	I:	D:
2353	3573	-	1	1.354110	I:	D:
3613	5076	+	1	1.336212	I:	D:
5081	7390	+	2	1.340700	I:	D:
7519	9063	-	1	1.334399	I:	D:
9041	10849	-	2	1.345868	I:	D:
11003	12361	+	2	1.314466	I:	D:
12383	13294	+	2	1.330014	I:	D:
13300	14145	+	1	1.327015	I:	D:
14188	15591	+	1	1.304883	I:	D:
15868	16734	+	1	1.323214	I:	D:
16810	17784	-	1	1.354905	I:	D:
18112	18399	+	1	1.348438	I:	D:
18609	19256	+	3	1.334943	I:	D:
19253	20614	+	2	1.352436	I:	D:
20611	21582	+	1	1.348535	I:	D:
21597	22454	-	3	1.354580	I:	D:
22677	23540	+	3	1.325658	I:	D:
23571	24374	+	3	1.305033	I:	D:
24415	25056	+	1	1.327111	I:	D:
25068	25850	+	3	1.321505	I:	D:
25980	27074	+	3	1.357310	I:	D:
27076	27981	+	1	1.335851	I:	D:
28020	28451	+	3	1.304324	I:	D:
28498	29940	+	1	1.337918	I:	D:
29998	30345	+	1	1.325382	I:	D:
30457	30981	+	1	1.340789	I:	D:
31052	32269	+	2	1.334498	I:	D:
32256	32894	+	3	1.313792	I:	D:
32907	33956	+	3	1.313035	I:	D:
33990	34568	+	3	1.319201	I:	D:
34568	35173	+	2	1.341608	I:	D:
35170	35889	+	1	1.333193	I:	D:
36072	36659	+	3	1.338182	I:	D:
36656	36988	+	2	1.371007	I:	D:
36985	37311	+	1	1.310818	I:	D:
37426	38046	+	1	1.353549	I:	D:
38110	38682	+	1	1.303039	I:	D:
38782	39231	+	1	1.308334	I:	D:
39281	41074	-	2	1.354645	I:	D:
41113	42453	+	1	1.343397	I:	D:
42542	43822	+	2	1.303713	I:	D:
43895	46072	-	2	1.337601	I:	D:
46072	48627	-	1	1.341203	I:	D:
48718	49026	+	1	1.339452	I:	D:
49404	50324	+	3	1.287354	I:	D:
50351	51223	+	2	1.338359	I:	D:
51216	52094	+	3	1.334811	I:	D:
52104	52367	+	3	1.317452	I:	D:
>YB1_12543
1	726	-	1	1.320750	I:	D:
755	2440	-	2	1.320065	I:	D:
2460	3572	-	3	1.323309	I:	D:
>YB1_12682
1	612	+	1	1.332346	I:	D:
702	3032	-	3	1.343536	I:	D:
3053	4939	-	2	1.325767	I:	D:
5063	5281	-	2	1.259506	I:	D:
5472	5753	+	3	1.401704	I:	D:
5750	6022	+	2	1.373636	I:	D:
6312	6497	-	3	1.275670	I:	D:
6614	6838	-	2	1.304454	I:	D:
7074	7358	+	3	1.325289	I:	D:
7380	8267	+	3	1.343243	I:	D:
8308	9291	-	1	1.350734	I:	D:
9326	9553	-	2	1.325362	I:	D:
9567	9851	-	3	1.310544	I:	D:
10115	10537	-	2	1.268980	I:	D:
10674	10943	+	3	1.338054	I:	D:
10968	11330	-	3	1.310689	I:	D:
11394	12389	+	3	1.361318	I:	D:
12480	12779	+	3	1.342992	I:	D:
12805	13455	-	1	1.324197	I:	D:
13467	14147	-	3	1.318579	I:	D:
14161	14889	-	1	1.324477	I:	D:
14905	15543	-	1	1.328761	I:	D:
15540	16346	-	3	1.349205	I:	D:
16358	17347	-	2	1.354953	I:	D:
17347	19359	-	1	1.318129	I:	D:
19359	20054	-	3	1.318520	I:	D:
20044	24054	-	1	1.308380	I:	D:
24054	24224	-	3	1.328692	I:	D:
24265	24423	-	1	1.326594	I:	D:
24444	24887	-	3	1.329749	I:	D:
24920	25741	-	2	1.310437	I:	D:
25742	26077	-	2	1.294956	I:	D:
26074	26466	-	1	1.316931	I:	D:
26456	26776	-	2	1.357179	I:	D:
26782	27051	-	1	1.329236	I:	D:
27053	28231	-	2	1.313581	I:	D:
28250	28921	-	2	1.315381	I:	D:
28908	30173	-	3	1.338004	I:	D:
30178	31965	-	1	1.322990	I:	D:
31983	32525	-	3	1.312972	I:	D:
32568	32987	-	3	1.361909	I:	D:
33156	33446	-	3	1.403178	I:	D:
33506	33982	-	2	1.331580	I:	D:
33988	34356	-	1	1.370554	I:	D:
34523	34690	-	2	1.331235	I:	D:
34856	35674	-	2	1.344435	I:	D:
35851	36018	-	1	1.324335	I:	D:
36051	36608	-	3	1.316400	I:	D:
37044	37238	-	3	1.334304	I:	D:
37251	37511	-	3	1.326980	I:	D:
37573	37785	-	1	1.331732	I:	D:
37782	37982	-	3	1.317638	I:	D:
37986	39098	-	3	1.355657	I:	D:
39114	39587	-	3	1.362132	I:	D:
39598	40632	-	1	1.362910	I:	D:
40733	41092	-	2	1.351582	I:	D:
41264	41692	-	2	1.339634	I:	D:
41848	42273	-	1	1.379342	I:	D:
42430	42894	-	1	1.376980	I:	D:
43007	43219	-	2	1.329164	I:	D:
43232	43444	-	2	1.354599	I:	D:
43431	44255	-	3	1.356887	I:	D:
44543	44692	-	2	1.299763	I:	D:
44709	44906	-	3	1.351050	I:	D:
45139	45642	-	1	1.294202	I:	D:
45688	45843	+	1	1.305187	I:	D:
46099	46326	+	1	1.285793	I:	D:
46477	46713	-	1	1.305298	I:	D:
46873	47286	+	1	1.289728	I:	D:
47291	47731	+	2	1.301812	I:	D:
47768	48676	+	2	1.314188	I:	D:
48781	49173	+	1	1.314720	I:	D:
49731	49886	+	3	1.362011	I:	D:
49918	51351	+	1	1.338135	I:	D:
51407	51724	+	2	1.342008	I:	D:
>YB1_12707
1	468	+	1	1.289097	I:	D:
597	2114	-	3	1.305931	I:	D:
2129	3271	-	2	1.337102	I:	D:
3290	3511	-	2	1.317458	I:	D:
>YB1_12806
1	417	-	1	1.326942	I:	D:
674	997	-	2	1.355081	I:	D:
994	1473	-	1	1.338105	I:	D:
1418	1732	-	2	1.353150	I:	D:
1735	2706	-	1	1.354152	I:	D:
2768	3469	+	2	1.345089	I:	D:
>YB1_12873
12	596	-	3	1.332601	I:	D:
589	1194	-	1	1.329200	I:	D:
1187	1573	-	2	1.320882	I:	D:
1596	2369	-	3	1.341777	I:	D:
2370	2918	-	3	1.318477	I:	D:
2932	3435	-	1	1.316528	I:	D:
>YB1_12876
3	134	-	3	1.337280	I:	D:
141	1466	-	3	1.305823	I:	D:
1429	2811	-	1	1.334048	I:	D:
2963	3433	+	2	1.346114	I:	D:
>YB1_13060
2	421	+	2	1.355108	I:	D:
418	1290	+	1	1.324795	I:	D:
1614	2699	+	3	1.322849	I:	D:
2739	3368	+	3	1.334563	I:	D:
>YB1_13195
2	1102	+	2	1.307087	I:	D:
1202	1771	+	2	1.347177	I:	D:
1954	2838	+	1	1.334640	I:	D:
2912	3319	-	2	1.326012	I:	D:
>YB1_13280
1	1062	+	1	1.309386	I:	D:
1157	2080	+	2	1.322965	I:	D:
2273	3283	+	2	1.330256	I:	D:
>YB1_13656
3	920	+	3	1.344674	I:	D:
1135	1317	+	1	1.388143	I:	D:
1414	2712	+	1	1.362024	I:	D:
2922	3143	+	3	1.304368	I:	D:
>YB1_13841
3	818	-	3	1.344011	I:	D:
821	1522	-	2	1.364864	I:	D:
1657	1875	-	1	1.289190	I:	D:
1908	2063	-	3	1.344768	I:	D:
2115	3083	-	3	1.362181	I:	D:
>YB1_13868
128	2098	-	2	1.312333	I:	D:
2328	3071	+	3	1.315620	I:	D:
>YB1_13869
2	235	-	2	1.320451	I:	D:
232	615	-	1	1.361188	I:	D:
795	2051	+	3	1.309018	I:	D:
2174	3070	-	2	1.356839	I:	D:
