>YA1_41
1149	1316	+	3	1.159251	I:	D:
1451	4078	-	2	1.241558	I:	D:
4143	4757	-	3	1.235924	I:	D:
4784	5491	-	2	1.262467	I:	D:
5509	6777	-	1	1.242681	I:	D:
6782	7345	-	2	1.214922	I:	D:
7532	8590	+	2	1.200861	I:	D:
8764	9615	+	1	1.221920	I:	D:
9710	10510	-	2	1.226413	I:	D:
10690	12096	-	1	1.228803	I:	D:
12292	13848	-	1	1.243769	I:	D:
14222	14869	+	2	1.204800	I:	D:
14872	16482	+	1	1.173460	I:	D:
16559	17644	+	2	1.233326	I:	D:
18280	19467	-	1	1.197634	I:	D:
19497	20270	-	3	1.155871	I:	D:
20395	21219	-	1	1.230932	I:	D:
21286	22593	-	1	1.242068	I:	D:
22627	23472	-	1	1.161357	I:	D:
23665	24687	-	1	1.249556	I:	D:
24760	25491	-	1	1.205428	I:	D:
25702	27930	-	1	1.249725	I:	D:
28289	29032	-	2	1.219322	I:	D:
29034	29564	-	3	1.211420	I:	D:
29566	30657	-	1	1.248326	I:	D:
30677	31663	-	2	1.260979	I:	D:
31660	32358	-	1	1.235591	I:	D:
32363	33373	-	2	1.271754	I:	D:
33360	34400	-	3	1.242630	I:	D:
34416	35186	-	3	1.252525	I:	D:
35569	35727	-	1	1.269804	I:	D:
35774	36172	-	2	1.195108	I:	D:
36190	36606	-	1	1.255322	I:	D:
36697	37149	-	1	1.213760	I:	D:
37170	37910	-	3	1.258459	I:	D:
38800	39450	+	1	1.262923	I:	D:
39680	40639	+	2	1.254739	I:	D:
40925	41797	-	2	1.237933	I:	D:
41946	43373	-	3	1.230907	I:	D:
43657	44022	-	1	1.273214	I:	D:
44401	44676	-	1	1.242602	I:	D:
44822	45226	+	2	1.237146	I:	D:
45374	46261	-	2	1.293463	I:	D:
46545	46892	-	3	1.302446	I:	D:
46898	47476	-	2	1.209896	I:	D:
47507	49237	-	2	1.213894	I:	D:
49247	49945	-	2	1.253619	I:	D:
49955	51691	-	2	1.226904	I:	D:
51695	52372	-	2	1.241121	I:	D:
52411	54954	-	1	1.194702	I:	D:
54979	55608	-	1	1.222510	I:	D:
55686	56483	-	3	1.221450	I:	D:
56898	57677	-	3	1.208503	I:	D:
57942	58376	-	3	1.233390	I:	D:
58412	59611	-	2	1.205497	I:	D:
59701	60708	-	1	1.210941	I:	D:
61017	61883	-	3	1.254429	I:	D:
62212	63213	+	1	1.271940	I:	D:
63194	64114	+	2	1.253730	I:	D:
64107	65573	+	3	1.234522	I:	D:
65587	66564	+	1	1.274562	I:	D:
66586	67896	+	1	1.251554	I:	D:
67886	68341	+	2	1.198985	I:	D:
68351	68728	+	2	1.242088	I:	D:
68772	69047	-	3	1.200363	I:	D:
69040	69345	-	1	1.267516	I:	D:
69402	69530	+	3	1.180807	I:	D:
69556	69942	-	1	1.193954	I:	D:
70368	70508	+	3	1.075415	I:	D:
70800	71684	+	3	1.253416	I:	D:
71898	72695	-	3	1.239823	I:	D:
72804	72968	+	3	1.358711	I:	D:
73017	73286	-	3	1.259789	I:	D:
73279	73587	-	1	1.245051	I:	D:
73610	77005	-	2	1.231476	I:	D:
77102	80014	-	2	1.231284	I:	D:
80458	83670	-	1	1.227934	I:	D:
83770	84003	-	1	1.219524	I:	D:
84032	84325	-	2	1.277545	I:	D:
84868	85770	-	1	1.226457	I:	D:
85923	86435	-	3	1.213368	I:	D:
86544	87011	+	3	1.273947	I:	D:
87027	88796	+	3	1.261873	I:	D:
88809	89921	+	3	1.249532	I:	D:
90085	91638	+	1	1.262187	I:	D:
91690	92589	-	1	1.207757	I:	D:
92611	93393	-	1	1.248928	I:	D:
93407	94189	-	2	1.272590	I:	D:
94206	95729	-	3	1.236077	I:	D:
95719	96135	-	1	1.203484	I:	D:
96145	96627	-	1	1.272773	I:	D:
96629	97339	-	2	1.203329	I:	D:
97826	99115	+	2	1.254042	I:	D:
99250	99795	+	1	1.215765	I:	D:
99808	100470	+	1	1.252609	I:	D:
100572	101192	+	3	1.254645	I:	D:
101234	101680	+	2	1.216631	I:	D:
101705	102601	-	2	1.220873	I:	D:
102634	103527	-	1	1.243982	I:	D:
103624	104784	-	1	1.256438	I:	D:
104805	105083	-	3	1.222339	I:	D:
105129	106106	-	3	1.258605	I:	D:
106436	107224	+	2	1.259766	I:	D:
107242	107970	+	1	1.253442	I:	D:
108292	109638	+	1	1.203175	I:	D:
109760	110971	-	2	1.252499	I:	D:
110988	112073	-	3	1.259556	I:	D:
112372	112905	+	1	1.244102	I:	D:
112965	113792	+	3	1.242293	I:	D:
113809	114066	+	1	1.340401	I:	D:
114257	125053	-	2	1.260983	I:	D:
125073	125714	-	3	1.244014	I:	D:
125978	126898	-	2	1.283801	I:	D:
127606	128595	+	1	1.216797	I:	D:
128674	129444	-	1	1.205549	I:	D:
129456	130760	-	3	1.250361	I:	D:
130795	131877	-	1	1.255901	I:	D:
131893	132711	-	1	1.259477	I:	D:
132701	133582	-	2	1.306663	I:	D:
133802	134152	+	2	1.208227	I:	D:
134230	137199	-	1	1.235260	I:	D:
137299	137532	-	1	1.219524	I:	D:
137561	137854	-	2	1.277545	I:	D:
138431	138895	-	2	1.257649	I:	D:
139126	139809	+	1	1.172022	I:	D:
139901	140371	-	2	1.200568	I:	D:
140565	140759	+	3	1.252539	I:	D:
140850	141635	-	3	1.286884	I:	D:
141814	142851	-	1	1.240107	I:	D:
142826	143791	-	2	1.201249	I:	D:
144235	145167	+	1	1.195161	I:	D:
145181	145795	+	2	1.201840	I:	D:
145788	146456	+	3	1.204815	I:	D:
146505	147902	-	3	1.279321	I:	D:
147923	148228	-	2	1.183748	I:	D:
148271	149584	-	2	1.287991	I:	D:
149594	150559	-	2	1.266293	I:	D:
150559	150879	-	1	1.227040	I:	D:
151135	152241	+	1	1.230885	I:	D:
152414	152890	+	2	1.264509	I:	D:
152976	153527	+	3	1.265728	I:	D:
153655	154806	-	1	1.259596	I:	D:
155278	156093	-	1	1.262433	I:	D:
156115	157452	-	1	1.234521	I:	D:
157445	158131	-	2	1.191715	I:	D:
158121	159104	-	3	1.269548	I:	D:
159158	160138	-	2	1.205712	I:	D:
160217	160807	-	2	1.190030	I:	D:
160823	161971	-	2	1.228481	I:	D:
161982	163307	-	3	1.241037	I:	D:
163386	164180	-	3	1.243849	I:	D:
164209	165438	-	1	1.236021	I:	D:
165454	167211	-	1	1.235141	I:	D:
167238	168032	-	3	1.253210	I:	D:
168034	168999	-	1	1.271660	I:	D:
169071	170213	-	3	1.242660	I:	D:
170228	170650	-	2	1.223965	I:	D:
170663	170974	-	2	1.209980	I:	D:
171006	173003	-	3	1.224882	I:	D:
173142	174626	-	3	1.231860	I:	D:
174752	175747	-	2	1.204904	I:	D:
176226	177488	+	3	1.221016	I:	D:
178098	179645	+	3	1.293866	I:	D:
179642	181312	+	2	1.266856	I:	D:
181334	182173	+	2	1.317440	I:	D:
182207	183106	+	2	1.272332	I:	D:
183203	184204	-	2	1.270920	I:	D:
184222	184806	-	1	1.264588	I:	D:
184810	185421	-	1	1.285099	I:	D:
185421	185954	-	3	1.236985	I:	D:
185944	186888	-	1	1.275742	I:	D:
186925	188235	-	1	1.238065	I:	D:
188334	188894	-	3	1.243096	I:	D:
189025	190233	-	1	1.284499	I:	D:
190253	192640	-	2	1.234506	I:	D:
192655	193671	-	1	1.284160	I:	D:
193721	194179	-	2	1.279903	I:	D:
194200	194970	-	1	1.236888	I:	D:
194996	197506	-	2	1.250733	I:	D:
197618	199525	-	2	1.260691	I:	D:
199791	200345	-	3	1.257237	I:	D:
200287	201423	-	1	1.253695	I:	D:
201446	201652	-	2	1.195008	I:	D:
201836	203626	-	2	1.232712	I:	D:
204475	204609	+	1	1.289980	I:	D:
204693	205043	+	3	1.307568	I:	D:
205282	205899	+	1	1.272052	I:	D:
205903	206676	+	1	1.184140	I:	D:
206686	208056	+	1	1.264486	I:	D:
208128	209978	+	3	1.272834	I:	D:
210116	210754	+	2	1.266372	I:	D:
210910	212406	-	1	1.237534	I:	D:
212701	215652	+	1	1.240647	I:	D:
215655	216413	+	3	1.241825	I:	D:
216472	216762	+	1	1.241045	I:	D:
216774	217622	+	3	1.199003	I:	D:
217655	217945	+	2	1.253290	I:	D:
218810	220114	+	2	1.267154	I:	D:
220077	220892	+	3	1.280384	I:	D:
220998	222533	+	3	1.287251	I:	D:
222555	222971	+	3	1.222828	I:	D:
223238	223930	-	2	1.206486	I:	D:
223944	224357	-	3	1.217496	I:	D:
224510	225565	-	2	1.227412	I:	D:
225567	235205	-	3	1.222004	I:	D:
235227	236876	-	3	1.244814	I:	D:
236907	237074	+	3	1.147769	I:	D:
237335	237607	-	2	1.230075	I:	D:
237776	238051	-	2	1.122701	I:	D:
238438	239073	+	1	1.288371	I:	D:
>YA1_52
247	957	-	1	1.210744	I:	D:
976	1395	+	1	1.200971	I:	D:
1579	2946	-	1	1.257406	I:	D:
2978	3469	-	2	1.282662	I:	D:
3616	4110	+	1	1.165688	I:	D:
4261	5973	-	1	1.278595	I:	D:
5986	6525	-	1	1.214554	I:	D:
6542	7609	-	2	1.244169	I:	D:
8115	9617	-	3	1.247169	I:	D:
9747	10289	-	3	1.232009	I:	D:
10468	11325	-	1	1.231389	I:	D:
11767	12948	+	1	1.226882	I:	D:
12983	14179	+	2	1.247703	I:	D:
14194	15708	+	1	1.297982	I:	D:
15838	19215	-	1	1.265917	I:	D:
19747	20061	-	1	1.330299	I:	D:
20616	21365	-	3	1.218226	I:	D:
21370	22191	-	1	1.303069	I:	D:
22201	23067	-	1	1.267452	I:	D:
23138	24016	-	2	1.199868	I:	D:
24136	24666	-	1	1.174309	I:	D:
24825	25235	+	3	1.172293	I:	D:
25578	30173	-	3	1.217939	I:	D:
30197	31897	-	2	1.237490	I:	D:
32373	32981	-	3	1.196631	I:	D:
33222	33842	+	3	1.258586	I:	D:
33947	35362	-	2	1.264701	I:	D:
35434	36348	-	1	1.254248	I:	D:
36691	39513	-	1	1.200580	I:	D:
39928	41103	-	1	1.208984	I:	D:
41105	42562	-	2	1.248505	I:	D:
42565	44022	-	1	1.239130	I:	D:
44032	45369	-	1	1.195139	I:	D:
45573	46724	+	3	1.187779	I:	D:
47459	47953	+	2	1.204882	I:	D:
47953	48336	+	1	1.192831	I:	D:
48342	50537	+	3	1.230151	I:	D:
50549	51307	+	2	1.231907	I:	D:
51326	51622	+	2	1.181986	I:	D:
52267	53451	+	1	1.274425	I:	D:
53492	54565	+	2	1.245551	I:	D:
54638	55966	-	2	1.236272	I:	D:
55995	57548	-	3	1.268672	I:	D:
57692	58429	-	2	1.235382	I:	D:
58538	59893	-	2	1.258824	I:	D:
60096	61652	-	3	1.248712	I:	D:
61671	62552	-	3	1.243688	I:	D:
62552	62815	-	2	1.208950	I:	D:
62886	63641	-	3	1.229723	I:	D:
63821	64990	-	2	1.274160	I:	D:
65008	66414	-	1	1.276545	I:	D:
66578	67489	+	2	1.245304	I:	D:
67638	69017	+	3	1.224057	I:	D:
69219	70151	+	3	1.241557	I:	D:
70170	71072	+	3	1.235337	I:	D:
71114	72469	+	2	1.274597	I:	D:
72538	72822	-	1	1.193122	I:	D:
72823	73158	-	1	1.310068	I:	D:
73165	73560	-	1	1.287093	I:	D:
73752	74789	-	3	1.251922	I:	D:
74799	75737	-	3	1.238758	I:	D:
75751	76704	-	1	1.275015	I:	D:
76710	78206	-	3	1.254136	I:	D:
78272	79270	-	2	1.216398	I:	D:
79309	80322	-	1	1.231116	I:	D:
80575	81279	+	1	1.229199	I:	D:
81289	81792	+	1	1.192454	I:	D:
81805	81975	-	1	1.294425	I:	D:
82081	85197	-	1	1.257835	I:	D:
85622	86965	-	2	1.292469	I:	D:
87059	87448	-	2	1.232620	I:	D:
87680	87898	-	2	1.190840	I:	D:
88063	88752	+	1	1.245908	I:	D:
88859	90193	-	2	1.322584	I:	D:
90224	90940	-	2	1.252565	I:	D:
90953	91966	-	2	1.265469	I:	D:
92005	92400	-	1	1.240047	I:	D:
92626	93546	+	1	1.256212	I:	D:
93862	95265	-	1	1.189107	I:	D:
95292	97196	-	3	1.210704	I:	D:
97207	98235	-	1	1.242504	I:	D:
98228	99253	-	2	1.243212	I:	D:
99243	102953	-	3	1.248026	I:	D:
102973	104061	-	1	1.257435	I:	D:
104078	104854	-	2	1.246734	I:	D:
104637	104819	+	3	1.251023	I:	D:
104851	105879	-	1	1.267129	I:	D:
105883	106758	-	1	1.238132	I:	D:
106844	108838	-	2	1.222403	I:	D:
109570	110502	+	1	1.195395	I:	D:
110782	111009	-	1	1.261027	I:	D:
111526	112278	+	1	1.171712	I:	D:
112372	116112	-	1	1.245565	I:	D:
116166	117026	-	3	1.198033	I:	D:
117072	117965	-	3	1.226481	I:	D:
118773	120767	+	3	1.231088	I:	D:
120789	121865	+	3	1.316867	I:	D:
121867	122664	+	1	1.226862	I:	D:
122675	123562	+	2	1.220613	I:	D:
124127	126118	+	2	1.238333	I:	D:
126162	126944	-	3	1.241890	I:	D:
126949	127950	-	1	1.306893	I:	D:
127962	129020	-	3	1.220860	I:	D:
129045	130703	-	3	1.205455	I:	D:
130708	131361	-	1	1.246694	I:	D:
131367	131534	-	3	1.221725	I:	D:
132374	132793	+	2	1.176556	I:	D:
133641	134966	-	3	1.248701	I:	D:
134969	135943	-	2	1.230180	I:	D:
135933	136718	-	3	1.226968	I:	D:
136728	138284	-	3	1.216054	I:	D:
138308	139132	-	2	1.278272	I:	D:
139134	140111	-	3	1.276094	I:	D:
140589	141071	-	3	1.196425	I:	D:
141297	142448	-	3	1.198823	I:	D:
142514	143629	-	2	1.249274	I:	D:
143639	144091	-	2	1.244395	I:	D:
144109	145197	-	1	1.272719	I:	D:
145197	145490	-	3	1.205427	I:	D:
145494	145742	-	3	1.233898	I:	D:
145747	146337	-	1	1.246889	I:	D:
146330	146953	-	2	1.218630	I:	D:
146940	147704	-	3	1.244424	I:	D:
147717	149162	-	3	1.256665	I:	D:
149180	149695	-	2	1.219363	I:	D:
149750	150034	-	2	1.235613	I:	D:
150048	150500	-	3	1.182429	I:	D:
150511	151164	-	1	1.231342	I:	D:
151180	152040	-	1	1.245120	I:	D:
152050	153414	-	1	1.280271	I:	D:
153430	154857	-	1	1.268461	I:	D:
154956	156350	-	3	1.228499	I:	D:
156347	156928	-	2	1.253053	I:	D:
156903	157352	-	3	1.256749	I:	D:
157359	157700	-	3	1.250541	I:	D:
158007	158225	-	3	1.265859	I:	D:
158566	158736	-	1	1.323804	I:	D:
158892	159671	-	3	1.206504	I:	D:
159895	160254	-	1	1.205456	I:	D:
160254	161333	-	3	1.281304	I:	D:
161350	162390	-	1	1.270963	I:	D:
162383	163978	-	2	1.239733	I:	D:
164025	165206	-	3	1.227282	I:	D:
165594	165824	-	3	1.138100	I:	D:
166101	167231	+	3	1.284370	I:	D:
167442	168488	-	3	1.236854	I:	D:
168469	170715	-	1	1.251575	I:	D:
170715	170918	-	3	1.195576	I:	D:
171325	172467	-	1	1.233022	I:	D:
172659	173009	-	3	1.230676	I:	D:
173055	173261	-	3	1.245726	I:	D:
173305	173727	-	1	1.195347	I:	D:
174052	174552	-	1	1.282262	I:	D:
174539	174745	-	2	1.187597	I:	D:
174879	175340	+	3	1.239130	I:	D:
175393	176109	-	1	1.254961	I:	D:
176134	177138	-	1	1.222881	I:	D:
177313	177507	-	1	1.224495	I:	D:
178155	178355	-	3	1.220112	I:	D:
178438	179412	-	1	1.266079	I:	D:
179419	180258	-	1	1.294736	I:	D:
180268	181719	-	1	1.240190	I:	D:
181796	182173	-	2	1.234404	I:	D:
182296	182970	-	1	1.253913	I:	D:
182996	184756	-	2	1.257258	I:	D:
184824	185243	-	3	1.229764	I:	D:
185244	186095	-	3	1.205226	I:	D:
186196	187011	-	1	1.249964	I:	D:
187068	188522	-	3	1.252442	I:	D:
188670	189506	-	3	1.218604	I:	D:
189711	190565	+	3	1.254189	I:	D:
190591	191214	+	1	1.287344	I:	D:
191227	191421	+	1	1.194880	I:	D:
191465	192172	-	2	1.230013	I:	D:
192172	193398	-	1	1.258976	I:	D:
193481	194275	-	2	1.263020	I:	D:
194722	195033	-	1	1.281264	I:	D:
195127	195912	-	1	1.273956	I:	D:
196110	196934	+	3	1.266376	I:	D:
196934	197413	+	2	1.213937	I:	D:
197613	198599	+	3	1.220808	I:	D:
198742	199290	+	1	1.196370	I:	D:
199318	200214	+	1	1.222757	I:	D:
200257	200640	-	1	1.233713	I:	D:
200812	201354	-	1	1.238007	I:	D:
201626	202225	+	2	1.273139	I:	D:
202286	205069	+	2	1.249414	I:	D:
205113	205760	-	3	1.245267	I:	D:
205775	206965	-	2	1.257769	I:	D:
206985	207695	-	3	1.250420	I:	D:
207706	208104	-	1	1.268861	I:	D:
208116	208913	-	3	1.240859	I:	D:
209427	210311	+	3	1.231281	I:	D:
210277	211416	+	1	1.225574	I:	D:
211413	211949	+	3	1.228491	I:	D:
211882	212577	+	1	1.234465	I:	D:
212632	212811	-	1	1.160411	I:	D:
212822	213184	-	2	1.235617	I:	D:
213208	213639	-	1	1.188985	I:	D:
213930	224105	-	3	1.243187	I:	D:
224119	224733	-	1	1.222837	I:	D:
225304	226743	-	1	1.232666	I:	D:
226944	228599	+	3	1.235078	I:	D:
228609	229331	+	3	1.180391	I:	D:
229328	230566	+	2	1.284370	I:	D:
230802	232307	-	3	1.230653	I:	D:
232917	234290	-	3	1.277064	I:	D:
234341	234838	-	2	1.280834	I:	D:
234893	235363	-	2	1.221659	I:	D:
235350	235481	-	3	1.317301	I:	D:
>YA1_1053
83	1132	-	2	1.152546	I:	D:
1162	2373	-	1	1.190980	I:	D:
2468	2860	-	2	1.199194	I:	D:
3260	3547	-	2	1.161180	I:	D:
3593	4915	-	2	1.244610	I:	D:
4926	5708	-	3	1.188353	I:	D:
5709	7031	-	3	1.243599	I:	D:
8008	9252	-	1	1.263708	I:	D:
9252	10079	-	3	1.278546	I:	D:
10559	11110	-	2	1.221504	I:	D:
11217	11891	-	3	1.298567	I:	D:
11899	13062	-	1	1.286496	I:	D:
13064	15340	-	2	1.284420	I:	D:
15340	20196	-	1	1.253273	I:	D:
20215	22149	-	1	1.266144	I:	D:
22377	22520	-	3	1.227489	I:	D:
22899	25289	-	3	1.251185	I:	D:
25473	26501	+	3	1.233264	I:	D:
26841	28076	-	3	1.265010	I:	D:
28091	28732	-	2	1.282835	I:	D:
28893	31655	+	3	1.233372	I:	D:
31676	32005	+	2	1.299048	I:	D:
32035	32745	+	1	1.219978	I:	D:
32897	34975	-	2	1.209945	I:	D:
35194	35472	-	1	1.165350	I:	D:
35497	36060	-	1	1.255982	I:	D:
36353	36979	-	2	1.240768	I:	D:
37033	37611	-	1	1.214683	I:	D:
37700	37966	-	2	1.264628	I:	D:
38559	38705	-	3	1.216628	I:	D:
38762	39652	-	2	1.197846	I:	D:
40045	40800	-	1	1.287604	I:	D:
40826	41647	-	2	1.207314	I:	D:
41663	42220	-	2	1.254974	I:	D:
42359	43768	-	2	1.253926	I:	D:
43781	44776	-	2	1.247160	I:	D:
44788	45054	-	1	1.261739	I:	D:
45071	45781	-	2	1.231618	I:	D:
45840	46460	-	3	1.278845	I:	D:
46469	46747	-	2	1.199362	I:	D:
46797	47219	-	3	1.272100	I:	D:
47220	47588	-	3	1.266645	I:	D:
47585	49405	-	2	1.286081	I:	D:
49428	49940	-	3	1.271744	I:	D:
49963	50625	-	1	1.218913	I:	D:
50641	52305	-	1	1.254159	I:	D:
52367	53152	-	2	1.239872	I:	D:
53266	54372	-	1	1.259596	I:	D:
54534	54719	-	3	1.182433	I:	D:
54757	56442	+	1	1.222491	I:	D:
56411	57091	+	2	1.227631	I:	D:
57107	57940	+	2	1.226951	I:	D:
58074	60821	-	3	1.251786	I:	D:
61387	62532	-	1	1.202204	I:	D:
62726	63847	-	2	1.241106	I:	D:
63980	65389	+	2	1.211567	I:	D:
65408	65782	+	2	1.168790	I:	D:
66415	66627	-	1	1.184073	I:	D:
67303	67662	-	1	1.223685	I:	D:
67759	71967	-	1	1.219479	I:	D:
73011	73661	+	3	1.243144	I:	D:
73728	74705	+	3	1.226354	I:	D:
74708	75034	+	2	1.195562	I:	D:
75161	75823	-	2	1.207586	I:	D:
75839	76048	-	2	1.181507	I:	D:
76098	76415	-	3	1.249310	I:	D:
76730	77581	-	2	1.232412	I:	D:
77598	79415	-	3	1.241790	I:	D:
79438	80298	-	1	1.253050	I:	D:
80379	82148	-	3	1.223743	I:	D:
82311	83429	+	3	1.245094	I:	D:
83407	84000	+	1	1.208067	I:	D:
83990	84670	+	2	1.216891	I:	D:
84864	85745	+	3	1.226311	I:	D:
86186	86920	+	2	1.176980	I:	D:
86963	88162	+	2	1.240473	I:	D:
88327	90201	-	1	1.214912	I:	D:
90622	91407	-	1	1.226740	I:	D:
91672	92448	+	1	1.206608	I:	D:
92594	93508	-	2	1.207696	I:	D:
93652	95007	-	1	1.239950	I:	D:
95029	95289	-	1	1.254078	I:	D:
95292	96305	-	3	1.279110	I:	D:
96614	97147	-	2	1.264088	I:	D:
97177	98514	-	1	1.252736	I:	D:
98589	100688	-	3	1.227030	I:	D:
101018	101425	-	2	1.242941	I:	D:
101472	101663	-	3	1.347802	I:	D:
101774	102352	-	2	1.178634	I:	D:
102619	104934	+	1	1.231156	I:	D:
105022	105852	-	1	1.270899	I:	D:
105896	106318	-	2	1.230401	I:	D:
106500	107468	-	3	1.245595	I:	D:
107576	109063	-	2	1.260534	I:	D:
109578	111638	+	3	1.258775	I:	D:
111650	112090	+	2	1.240517	I:	D:
112106	113191	+	2	1.268593	I:	D:
113272	113589	+	1	1.165974	I:	D:
113980	114501	-	1	1.323332	I:	D:
115026	115799	-	3	1.233555	I:	D:
115888	116628	-	1	1.197235	I:	D:
116977	118254	+	1	1.264046	I:	D:
118732	119037	-	1	1.286273	I:	D:
119228	119509	-	2	1.237680	I:	D:
119987	120250	-	2	1.290051	I:	D:
120254	121480	-	2	1.212340	I:	D:
121486	123033	-	1	1.257267	I:	D:
123161	124348	-	2	1.243247	I:	D:
124365	125753	-	3	1.273578	I:	D:
126122	127846	+	2	1.265512	I:	D:
127877	128494	+	2	1.228833	I:	D:
128746	129243	+	1	1.192907	I:	D:
129394	130464	-	1	1.246164	I:	D:
130497	132023	-	3	1.236949	I:	D:
132221	133273	+	2	1.236416	I:	D:
133565	134167	+	2	1.272607	I:	D:
134392	134664	+	1	1.256861	I:	D:
134689	135234	+	1	1.198618	I:	D:
135462	136625	-	3	1.263019	I:	D:
136778	137191	-	2	1.278455	I:	D:
137326	138018	-	1	1.294893	I:	D:
138549	140030	-	3	1.245316	I:	D:
140059	141471	-	1	1.226243	I:	D:
141530	141886	-	2	1.206305	I:	D:
141898	142233	-	1	1.261129	I:	D:
142284	142751	-	3	1.268979	I:	D:
142782	144704	-	3	1.238750	I:	D:
144802	146715	+	1	1.213062	I:	D:
146726	149308	+	2	1.233741	I:	D:
149435	149686	-	2	1.212479	I:	D:
149706	150647	-	3	1.224851	I:	D:
150661	151371	-	1	1.259594	I:	D:
151364	152134	-	2	1.274966	I:	D:
152399	153775	+	2	1.293161	I:	D:
154127	155443	-	2	1.229513	I:	D:
155706	156296	-	3	1.255957	I:	D:
156302	157066	-	2	1.250779	I:	D:
157101	158882	-	3	1.274268	I:	D:
158879	159952	-	2	1.265796	I:	D:
159965	160555	-	2	1.245774	I:	D:
160768	161541	-	1	1.294836	I:	D:
161560	161985	-	1	1.262598	I:	D:
162015	162839	-	3	1.238517	I:	D:
162853	165030	-	1	1.243578	I:	D:
165372	167084	-	3	1.215557	I:	D:
167098	167868	-	1	1.253108	I:	D:
168067	168879	+	1	1.243784	I:	D:
168972	170255	+	3	1.218948	I:	D:
170564	170863	-	2	1.222885	I:	D:
170865	172217	-	3	1.241814	I:	D:
172237	173517	-	1	1.262488	I:	D:
173803	175143	-	1	1.258593	I:	D:
175145	175942	-	2	1.248556	I:	D:
176127	177752	-	3	1.267175	I:	D:
178145	180127	-	2	1.242414	I:	D:
180541	184059	+	1	1.228100	I:	D:
184396	185841	+	1	1.238393	I:	D:
185925	187055	+	3	1.284370	I:	D:
187576	188814	+	1	1.248841	I:	D:
188897	189496	+	2	1.241574	I:	D:
189608	191371	+	2	1.203976	I:	D:
191563	192348	+	1	1.219644	I:	D:
192361	193875	+	1	1.226070	I:	D:
193899	196280	+	3	1.229673	I:	D:
196323	198287	+	3	1.246695	I:	D:
198314	199459	+	2	1.206049	I:	D:
199479	200648	+	3	1.235703	I:	D:
200672	202051	+	2	1.255807	I:	D:
202090	203250	-	1	1.259461	I:	D:
203251	204120	-	1	1.266076	I:	D:
204132	205070	-	3	1.164706	I:	D:
205092	205931	-	3	1.191916	I:	D:
205949	207046	-	2	1.208220	I:	D:
207027	207446	-	3	1.172434	I:	D:
207462	208871	-	3	1.230526	I:	D:
208868	210022	-	2	1.168776	I:	D:
210015	211124	-	3	1.179789	I:	D:
211180	212214	-	1	1.176265	I:	D:
212229	213467	-	3	1.228939	I:	D:
213490	214584	-	1	1.260794	I:	D:
214581	216344	-	3	1.163637	I:	D:
216338	217600	-	2	1.165553	I:	D:
217612	218412	-	1	1.212509	I:	D:
218412	219092	-	3	1.300444	I:	D:
219112	221265	-	1	1.239706	I:	D:
221723	222928	-	2	1.249083	I:	D:
222946	223608	-	1	1.235367	I:	D:
223663	224757	-	1	1.190852	I:	D:
224777	225499	-	2	1.211225	I:	D:
225510	226274	-	3	1.221513	I:	D:
226253	226909	-	2	1.184874	I:	D:
226920	227783	-	3	1.200214	I:	D:
227801	228565	-	2	1.176731	I:	D:
228555	229709	-	3	1.188342	I:	D:
229690	230823	-	1	1.211854	I:	D:
231179	232339	-	2	1.259263	I:	D:
232340	233767	-	2	1.225447	I:	D:
234005	234355	-	2	1.159144	I:	D:
234589	234750	-	1	1.183532	I:	D:
235338	236114	-	3	1.167264	I:	D:
236101	237339	-	1	1.193932	I:	D:
237317	237796	-	2	1.136894	I:	D:
237806	238900	-	2	1.186627	I:	D:
238938	239687	-	3	1.214645	I:	D:
239705	240892	-	2	1.218189	I:	D:
240893	241981	-	2	1.226035	I:	D:
242081	242866	-	2	1.194379	I:	D:
242863	243978	-	1	1.227342	I:	D:
244167	244904	-	3	1.172293	I:	D:
245281	246159	+	1	1.224327	I:	D:
246795	248045	+	3	1.258531	I:	D:
248094	248885	+	3	1.220564	I:	D:
249076	250110	+	1	1.223700	I:	D:
250209	251600	-	3	1.304593	I:	D:
251684	252145	-	2	1.253238	I:	D:
252322	252498	-	1	1.336446	I:	D:
252551	254746	-	2	1.241283	I:	D:
254754	254984	-	3	1.191396	I:	D:
255086	255307	-	2	1.204599	I:	D:
255535	256377	-	1	1.213700	I:	D:
256586	257377	-	2	1.250641	I:	D:
257370	258218	-	3	1.274542	I:	D:
258255	259175	-	3	1.220832	I:	D:
259340	260236	-	2	1.239365	I:	D:
260549	261064	-	2	1.256081	I:	D:
261101	261502	-	2	1.198951	I:	D:
261590	262804	-	2	1.224298	I:	D:
262815	263408	-	3	1.265948	I:	D:
263459	263773	-	2	1.202574	I:	D:
263857	264822	-	1	1.269757	I:	D:
264839	265795	-	2	1.228408	I:	D:
265815	266714	-	3	1.242220	I:	D:
266936	267484	+	2	1.231093	I:	D:
267515	268549	+	2	1.232205	I:	D:
268554	269906	+	3	1.229023	I:	D:
270044	270601	+	2	1.210246	I:	D:
270670	271224	-	1	1.229586	I:	D:
271258	272625	-	1	1.287795	I:	D:
272795	274033	-	2	1.219031	I:	D:
274050	275264	-	3	1.289891	I:	D:
275505	276809	-	3	1.255099	I:	D:
276833	277705	-	2	1.197186	I:	D:
277713	278819	-	3	1.284656	I:	D:
278833	279273	-	1	1.264002	I:	D:
279286	280509	-	1	1.249675	I:	D:
280525	281613	-	1	1.254537	I:	D:
281614	282690	-	1	1.246365	I:	D:
282700	283233	-	1	1.211232	I:	D:
283252	284433	-	1	1.252261	I:	D:
284446	285540	-	1	1.265665	I:	D:
285643	286587	-	1	1.206820	I:	D:
286578	287810	-	3	1.273865	I:	D:
287831	288250	-	2	1.268465	I:	D:
288261	290861	-	3	1.232715	I:	D:
290885	291610	-	2	1.262462	I:	D:
291621	294308	-	3	1.214577	I:	D:
294312	296936	-	3	1.260701	I:	D:
296949	297929	-	3	1.251883	I:	D:
298454	300367	-	2	1.242175	I:	D:
300394	304077	-	1	1.252995	I:	D:
304220	304534	-	2	1.249372	I:	D:
304641	306254	-	3	1.220676	I:	D:
306435	307127	-	3	1.207095	I:	D:
307550	308047	-	2	1.222619	I:	D:
308044	308679	-	1	1.299981	I:	D:
308788	309411	-	1	1.240944	I:	D:
309528	309740	-	3	1.268207	I:	D:
309923	310585	+	2	1.229235	I:	D:
310594	311280	+	1	1.277271	I:	D:
311532	312110	-	3	1.250735	I:	D:
312121	312855	-	1	1.278364	I:	D:
312818	314173	-	2	1.250826	I:	D:
314200	315522	-	1	1.298564	I:	D:
315709	316917	-	1	1.236627	I:	D:
317026	317802	+	1	1.223126	I:	D:
317871	318437	-	3	1.231165	I:	D:
318478	319326	-	1	1.229344	I:	D:
319329	319664	-	3	1.213451	I:	D:
319898	320983	-	2	1.235246	I:	D:
321263	321829	-	2	1.198417	I:	D:
321831	322004	-	3	1.114541	I:	D:
322148	323212	-	2	1.235148	I:	D:
323790	324590	-	3	1.240798	I:	D:
324898	325026	+	1	1.226675	I:	D:
325101	326180	-	3	1.222060	I:	D:
326483	327838	+	2	1.234751	I:	D:
327845	329302	+	2	1.283154	I:	D:
329379	330896	-	3	1.241912	I:	D:
330963	334031	-	3	1.206230	I:	D:
334147	334485	-	1	1.217736	I:	D:
334521	334796	-	3	1.260035	I:	D:
334923	335171	-	3	1.193211	I:	D:
335184	335474	-	3	1.161199	I:	D:
335487	337178	-	3	1.250322	I:	D:
337154	338263	-	2	1.287909	I:	D:
338253	340697	-	3	1.280386	I:	D:
340658	341770	-	2	1.301160	I:	D:
341773	345183	-	1	1.237036	I:	D:
345521	346105	-	2	1.237687	I:	D:
346396	347001	-	1	1.255843	I:	D:
347001	348749	-	3	1.205093	I:	D:
348930	349673	-	3	1.219111	I:	D:
349673	350827	-	2	1.208911	I:	D:
351082	352293	-	1	1.240475	I:	D:
352344	354254	-	3	1.222323	I:	D:
354765	355700	-	3	1.206850	I:	D:
356124	357437	-	3	1.268442	I:	D:
357510	359219	-	3	1.239430	I:	D:
359279	361339	-	2	1.287427	I:	D:
361422	362171	-	3	1.196289	I:	D:
362231	362737	-	2	1.230433	I:	D:
362763	363374	-	3	1.256644	I:	D:
363387	364163	-	3	1.286123	I:	D:
364423	365910	-	1	1.217356	I:	D:
366503	367540	-	2	1.240823	I:	D:
367692	368735	-	3	1.239181	I:	D:
369163	370371	+	1	1.273389	I:	D:
370411	371607	+	1	1.269484	I:	D:
371607	372785	+	3	1.227606	I:	D:
372840	373601	-	3	1.275398	I:	D:
373755	373985	-	3	1.232039	I:	D:
374306	374857	-	2	1.237531	I:	D:
374965	375693	-	1	1.260313	I:	D:
375674	376684	-	2	1.252348	I:	D:
376650	377504	-	3	1.225828	I:	D:
377535	377990	-	3	1.221505	I:	D:
378026	378409	-	2	1.249406	I:	D:
378675	379475	-	3	1.262190	I:	D:
379559	380206	-	2	1.248225	I:	D:
380379	380885	-	3	1.286961	I:	D:
380911	381762	-	1	1.232910	I:	D:
381759	383060	-	3	1.271042	I:	D:
383072	383980	-	2	1.237485	I:	D:
384543	388022	+	3	1.207546	I:	D:
388130	389104	-	2	1.257263	I:	D:
389144	390337	-	2	1.246376	I:	D:
390725	391450	-	2	1.249257	I:	D:
391475	392779	-	2	1.282403	I:	D:
392897	393205	-	2	1.200410	I:	D:
393449	395290	-	2	1.207277	I:	D:
395320	396693	-	1	1.186875	I:	D:
396869	398308	-	2	1.219553	I:	D:
398322	401606	-	3	1.211717	I:	D:
401807	403471	-	2	1.221083	I:	D:
403631	404995	-	2	1.241767	I:	D:
405015	406547	-	3	1.274105	I:	D:
406566	407294	-	3	1.258740	I:	D:
407328	408902	-	3	1.236681	I:	D:
409076	409795	+	2	1.233615	I:	D:
410085	410888	-	3	1.221963	I:	D:
410901	411917	-	3	1.261129	I:	D:
411918	412703	-	3	1.287478	I:	D:
412696	413544	-	1	1.270904	I:	D:
413522	414352	-	2	1.268564	I:	D:
414383	415369	-	2	1.237015	I:	D:
415983	418049	+	3	1.234494	I:	D:
418626	419030	-	3	1.218225	I:	D:
419041	419457	-	1	1.217453	I:	D:
419596	420309	-	1	1.188126	I:	D:
420463	420735	-	1	1.228137	I:	D:
420778	420981	-	1	1.218806	I:	D:
421253	423058	-	2	1.222965	I:	D:
423083	424750	-	2	1.237947	I:	D:
424756	425436	-	1	1.251995	I:	D:
425548	426399	-	1	1.241230	I:	D:
426632	427507	+	2	1.276482	I:	D:
427525	428367	+	1	1.333414	I:	D:
428499	429182	+	3	1.247866	I:	D:
429246	429938	+	3	1.203034	I:	D:
430268	431458	+	2	1.248729	I:	D:
431498	432247	+	2	1.183217	I:	D:
432259	433011	+	1	1.194742	I:	D:
433286	434434	-	2	1.221224	I:	D:
435035	436126	+	2	1.208393	I:	D:
436511	437398	-	2	1.226577	I:	D:
437400	437618	-	3	1.211003	I:	D:
437649	438197	-	3	1.232690	I:	D:
438210	439241	-	3	1.266949	I:	D:
439241	440359	-	2	1.231786	I:	D:
440362	441438	-	1	1.246634	I:	D:
441563	442096	-	2	1.213616	I:	D:
442111	442533	-	1	1.228949	I:	D:
442546	442863	-	1	1.213706	I:	D:
442865	443314	-	2	1.311375	I:	D:
443381	443812	-	2	1.224455	I:	D:
443790	444860	-	3	1.216191	I:	D:
444915	445967	-	3	1.220306	I:	D:
445957	447219	-	1	1.255356	I:	D:
447231	448541	-	3	1.229003	I:	D:
448786	449475	+	1	1.171071	I:	D:
449568	450233	-	3	1.219084	I:	D:
450251	450898	-	2	1.207983	I:	D:
450920	451576	-	2	1.239365	I:	D:
451585	452964	-	1	1.271770	I:	D:
453108	454544	-	3	1.237050	I:	D:
454541	455206	-	2	1.281019	I:	D:
455236	455814	-	1	1.265939	I:	D:
455830	458217	-	1	1.223380	I:	D:
458301	458498	-	3	1.222690	I:	D:
458981	459724	+	2	1.211775	I:	D:
459762	461123	+	3	1.264559	I:	D:
461294	462475	-	2	1.247593	I:	D:
462493	464028	-	1	1.234458	I:	D:
464299	466074	-	1	1.185660	I:	D:
466190	467290	-	2	1.206168	I:	D:
467465	467854	-	2	1.191929	I:	D:
467864	468673	-	2	1.268258	I:	D:
468688	469686	-	1	1.224365	I:	D:
469712	470542	-	2	1.256341	I:	D:
470629	471369	-	1	1.198914	I:	D:
471391	474075	-	1	1.235724	I:	D:
474176	476242	-	2	1.250412	I:	D:
476400	478016	+	3	1.260953	I:	D:
478101	479078	-	3	1.231859	I:	D:
479484	479789	-	3	1.295829	I:	D:
479798	483991	-	2	1.252351	I:	D:
484818	485132	-	3	1.329402	I:	D:
485316	485759	-	3	1.347720	I:	D:
486343	486732	-	1	1.253769	I:	D:
486796	487836	-	1	1.201915	I:	D:
487829	488767	-	2	1.230673	I:	D:
488754	489476	-	3	1.230575	I:	D:
489493	490773	-	1	1.258478	I:	D:
490818	491744	-	3	1.215993	I:	D:
491764	493041	-	1	1.328708	I:	D:
493187	495700	-	2	1.219895	I:	D:
495738	496289	-	3	1.259612	I:	D:
496282	497496	-	1	1.244770	I:	D:
497516	498019	-	2	1.250417	I:	D:
498024	500186	-	3	1.233293	I:	D:
500190	500789	-	3	1.265208	I:	D:
501302	502405	-	2	1.225593	I:	D:
502559	504271	-	2	1.239393	I:	D:
504292	505599	-	1	1.263954	I:	D:
505990	506517	+	1	1.241593	I:	D:
506596	508710	+	1	1.195647	I:	D:
508731	510173	+	3	1.190049	I:	D:
510214	511065	+	1	1.204696	I:	D:
511058	513676	+	2	1.228567	I:	D:
513700	514611	+	1	1.229694	I:	D:
514627	515367	+	1	1.215122	I:	D:
515733	516863	-	3	1.264492	I:	D:
517118	517684	+	2	1.187167	I:	D:
517773	518522	+	3	1.201986	I:	D:
518825	519352	+	2	1.210875	I:	D:
519420	520163	+	3	1.228031	I:	D:
520190	520816	-	2	1.210678	I:	D:
521119	521853	+	1	1.223788	I:	D:
521873	522310	-	2	1.233679	I:	D:
522312	522935	-	3	1.249760	I:	D:
522901	523311	-	1	1.174840	I:	D:
523534	524865	+	1	1.260590	I:	D:
524875	525627	+	1	1.206796	I:	D:
525676	526140	+	1	1.210452	I:	D:
526199	527143	-	2	1.279396	I:	D:
527156	528334	-	2	1.270778	I:	D:
528351	528653	-	3	1.305987	I:	D:
528653	529228	-	2	1.242506	I:	D:
529292	530008	-	2	1.246945	I:	D:
530022	531593	-	3	1.277030	I:	D:
531630	532865	-	3	1.276556	I:	D:
532868	534046	-	2	1.275885	I:	D:
534169	534801	-	1	1.214086	I:	D:
534828	536315	-	3	1.232960	I:	D:
536748	537224	+	3	1.199008	I:	D:
537296	537706	-	2	1.269777	I:	D:
537788	538594	-	2	1.219518	I:	D:
538711	538956	+	1	1.278395	I:	D:
539104	540033	+	1	1.252635	I:	D:
540185	540967	+	2	1.208471	I:	D:
541111	542139	-	1	1.271918	I:	D:
542177	543262	-	2	1.238673	I:	D:
543292	544110	-	1	1.263145	I:	D:
544097	544879	-	2	1.290168	I:	D:
544899	545360	-	3	1.247449	I:	D:
545393	545818	-	2	1.249745	I:	D:
546029	547282	+	2	1.201480	I:	D:
547346	548524	-	2	1.277054	I:	D:
548696	549319	-	2	1.274577	I:	D:
549440	550489	+	2	1.238088	I:	D:
550585	552096	+	1	1.236544	I:	D:
552307	552897	+	1	1.199718	I:	D:
552943	553452	-	1	1.214300	I:	D:
553706	555100	-	2	1.255324	I:	D:
555220	556533	-	1	1.246279	I:	D:
556637	557908	-	2	1.274530	I:	D:
558191	558550	+	2	1.229311	I:	D:
558578	560161	+	2	1.208881	I:	D:
560355	561287	-	3	1.237551	I:	D:
561314	562675	-	2	1.285328	I:	D:
562679	564250	-	2	1.254104	I:	D:
564504	565907	+	3	1.212269	I:	D:
566040	567182	-	3	1.262615	I:	D:
567192	567896	-	3	1.244740	I:	D:
567905	568576	-	2	1.229311	I:	D:
568597	569484	-	1	1.257745	I:	D:
569500	570480	-	1	1.265031	I:	D:
570490	571695	-	1	1.281712	I:	D:
572389	573582	+	1	1.273087	I:	D:
573750	574316	+	3	1.222251	I:	D:
574503	574904	-	3	1.262139	I:	D:
574880	575212	-	2	1.252475	I:	D:
575559	576368	-	3	1.236539	I:	D:
576515	577366	-	2	1.222936	I:	D:
577576	578556	-	1	1.230312	I:	D:
578566	580002	-	1	1.220195	I:	D:
580013	580810	-	2	1.252697	I:	D:
580832	581185	-	2	1.252481	I:	D:
581273	581983	-	2	1.220201	I:	D:
582053	583318	-	2	1.292394	I:	D:
583323	583832	-	3	1.306274	I:	D:
583851	584864	-	3	1.246527	I:	D:
584893	585567	-	1	1.249757	I:	D:
585584	585784	-	2	1.187901	I:	D:
585798	586223	-	3	1.264116	I:	D:
586235	586690	-	2	1.217590	I:	D:
586700	587521	-	2	1.278409	I:	D:
587532	588395	-	3	1.252073	I:	D:
588417	589091	-	3	1.251085	I:	D:
589096	590382	-	1	1.204196	I:	D:
590379	591188	-	3	1.251929	I:	D:
591211	592047	-	1	1.226351	I:	D:
592031	593854	-	2	1.256211	I:	D:
593864	594349	-	2	1.295600	I:	D:
594373	594681	-	1	1.197219	I:	D:
594694	596568	-	1	1.228013	I:	D:
596642	598483	-	2	1.272029	I:	D:
598486	598902	-	1	1.241949	I:	D:
598914	599804	-	3	1.200182	I:	D:
599881	600993	-	1	1.230551	I:	D:
601166	601879	-	2	1.231626	I:	D:
602289	603311	-	3	1.292795	I:	D:
603322	603942	-	1	1.220211	I:	D:
604315	605937	-	1	1.199167	I:	D:
605930	606805	-	2	1.241562	I:	D:
606808	607077	-	1	1.257870	I:	D:
607104	608828	-	3	1.217175	I:	D:
609106	611217	+	1	1.270645	I:	D:
611334	612062	+	3	1.242169	I:	D:
612116	612415	+	2	1.234976	I:	D:
612469	612990	-	1	1.273452	I:	D:
613123	613890	-	1	1.231728	I:	D:
613923	614705	-	3	1.206061	I:	D:
614738	615385	-	2	1.288015	I:	D:
615375	616382	-	3	1.275772	I:	D:
616686	617975	+	3	1.186851	I:	D:
618151	619908	-	1	1.260512	I:	D:
619935	621719	-	3	1.256979	I:	D:
621757	622251	-	1	1.260919	I:	D:
>YA1_1703
281	1417	-	2	1.196353	I:	D:
1515	1907	-	3	1.240058	I:	D:
1922	3091	-	2	1.246426	I:	D:
3173	4279	-	2	1.229854	I:	D:
4319	5539	-	2	1.231589	I:	D:
5898	6953	-	3	1.214767	I:	D:
7124	8317	-	2	1.254640	I:	D:
8372	9724	-	2	1.273906	I:	D:
9748	10938	-	1	1.234079	I:	D:
11238	12686	+	3	1.212731	I:	D:
12867	13997	+	3	1.284370	I:	D:
14373	16481	+	3	1.269636	I:	D:
16556	17746	-	2	1.260944	I:	D:
17762	19123	-	2	1.271195	I:	D:
19444	20436	-	1	1.266116	I:	D:
20447	22564	-	2	1.264106	I:	D:
22561	23139	-	1	1.265880	I:	D:
23389	24324	-	1	1.200861	I:	D:
24327	25178	-	3	1.224343	I:	D:
25199	26341	-	2	1.247075	I:	D:
26353	27354	-	1	1.214574	I:	D:
27424	28161	-	1	1.187499	I:	D:
28241	29695	-	2	1.260683	I:	D:
29745	31442	-	3	1.255972	I:	D:
31476	32198	-	3	1.213405	I:	D:
32645	32920	+	2	1.206776	I:	D:
32973	33497	-	3	1.233891	I:	D:
33514	34533	-	1	1.236524	I:	D:
34595	34870	-	2	1.228910	I:	D:
34969	36138	-	1	1.268554	I:	D:
36217	37089	-	1	1.234904	I:	D:
37079	37558	-	2	1.300935	I:	D:
37663	39483	-	1	1.197271	I:	D:
39555	40178	-	3	1.204502	I:	D:
40168	41187	-	1	1.238978	I:	D:
41410	42381	-	1	1.249782	I:	D:
42583	43713	-	1	1.216702	I:	D:
43751	44221	-	2	1.281301	I:	D:
45043	54927	+	1	1.230559	I:	D:
54962	55501	-	2	1.225092	I:	D:
55610	56302	-	2	1.272851	I:	D:
56571	57317	-	3	1.247487	I:	D:
57319	58047	-	1	1.276405	I:	D:
58047	58805	-	3	1.302201	I:	D:
58807	59721	-	1	1.329531	I:	D:
59723	61216	-	2	1.251862	I:	D:
61813	62568	+	1	1.223776	I:	D:
62581	63642	+	1	1.255954	I:	D:
63652	64803	+	1	1.256376	I:	D:
64903	65598	-	1	1.304976	I:	D:
65595	67037	-	3	1.259835	I:	D:
67040	67633	-	2	1.329506	I:	D:
67651	68259	-	1	1.256120	I:	D:
68555	68989	+	2	1.262618	I:	D:
69394	69588	-	1	1.117265	I:	D:
69883	70785	-	1	1.265729	I:	D:
70958	71566	+	2	1.233355	I:	D:
71634	72398	-	3	1.223942	I:	D:
72405	73754	-	3	1.296300	I:	D:
73932	74807	-	3	1.305377	I:	D:
74831	75871	-	2	1.255387	I:	D:
75896	77164	-	2	1.280369	I:	D:
77377	77736	-	1	1.232872	I:	D:
77833	81981	-	1	1.221550	I:	D:
82585	83040	-	1	1.221190	I:	D:
83037	84071	-	3	1.323249	I:	D:
84214	84435	-	1	1.218976	I:	D:
84468	86318	-	3	1.261649	I:	D:
86328	86807	-	3	1.248325	I:	D:
86917	87312	-	1	1.233131	I:	D:
87320	87754	-	2	1.207582	I:	D:
87741	87884	-	3	1.149684	I:	D:
87977	90325	-	2	1.245374	I:	D:
90322	90720	-	1	1.260683	I:	D:
90771	91196	-	3	1.181039	I:	D:
91216	91926	-	1	1.254876	I:	D:
91941	92390	-	3	1.212041	I:	D:
92737	93141	-	1	1.231623	I:	D:
93144	94544	-	3	1.269375	I:	D:
94563	95414	-	3	1.259479	I:	D:
95429	96931	-	2	1.254760	I:	D:
96962	97384	-	2	1.194474	I:	D:
97483	97989	-	1	1.204087	I:	D:
98044	98316	-	1	1.233043	I:	D:
98351	99157	-	2	1.346739	I:	D:
99183	99560	-	3	1.268628	I:	D:
99890	100597	-	2	1.232635	I:	D:
100613	101968	-	2	1.253298	I:	D:
101965	102480	-	1	1.285171	I:	D:
102483	103916	-	3	1.245950	I:	D:
103997	104419	-	2	1.214349	I:	D:
104429	105355	-	2	1.230869	I:	D:
105468	105818	-	3	1.259895	I:	D:
106124	106573	+	2	1.295391	I:	D:
106586	107098	+	2	1.219843	I:	D:
107121	107819	+	3	1.261135	I:	D:
107866	108426	-	1	1.237781	I:	D:
>YA1_5183
253	405	+	1	1.206458	I:	D:
544	726	+	1	1.280791	I:	D:
731	1330	+	2	1.219868	I:	D:
1402	1827	+	1	1.242135	I:	D:
1860	2642	+	3	1.224521	I:	D:
2806	3318	+	1	1.203472	I:	D:
3407	3772	+	2	1.135233	I:	D:
4013	7513	+	2	1.248462	I:	D:
7634	11596	+	2	1.245696	I:	D:
11665	12543	+	1	1.202612	I:	D:
12552	12791	+	3	1.240146	I:	D:
12793	13350	+	1	1.226674	I:	D:
13361	13576	+	2	1.177338	I:	D:
13644	14564	+	3	1.195068	I:	D:
14655	16658	+	3	1.240473	I:	D:
16807	17397	+	1	1.214268	I:	D:
17660	18796	+	2	1.211035	I:	D:
19126	20130	+	1	1.190800	I:	D:
20175	21167	+	3	1.209735	I:	D:
21201	23054	+	3	1.284953	I:	D:
23072	24040	+	2	1.262901	I:	D:
24057	24962	+	3	1.239354	I:	D:
25054	25509	+	1	1.235409	I:	D:
25553	26425	+	2	1.221902	I:	D:
26453	27127	+	2	1.231844	I:	D:
27463	29709	+	1	1.207436	I:	D:
29742	30698	-	3	1.236098	I:	D:
30709	31866	-	1	1.254057	I:	D:
31910	32203	-	2	1.205839	I:	D:
32368	34278	+	1	1.210932	I:	D:
34359	36389	+	3	1.240769	I:	D:
36452	36925	+	2	1.192220	I:	D:
36959	37237	+	2	1.180370	I:	D:
37271	38638	+	2	1.257415	I:	D:
38769	39563	+	3	1.223562	I:	D:
39567	40526	+	3	1.217699	I:	D:
41082	42503	+	3	1.213088	I:	D:
42595	43902	+	1	1.220879	I:	D:
44061	44582	+	3	1.218506	I:	D:
44666	45520	+	2	1.174141	I:	D:
45592	46494	-	1	1.221779	I:	D:
46678	48063	+	1	1.200756	I:	D:
48209	49624	+	2	1.246406	I:	D:
49641	50849	+	3	1.190465	I:	D:
50886	51308	-	3	1.210333	I:	D:
51301	52206	-	1	1.263703	I:	D:
52223	53044	-	2	1.237671	I:	D:
53561	56287	+	2	1.209440	I:	D:
56319	56477	+	3	1.170254	I:	D:
56599	56865	+	1	1.145321	I:	D:
57363	60140	+	3	1.235855	I:	D:
60264	61445	+	3	1.213340	I:	D:
61742	63724	+	2	1.197513	I:	D:
63740	65068	+	2	1.280317	I:	D:
65088	65969	+	3	1.239883	I:	D:
66104	68410	-	2	1.232364	I:	D:
68464	68595	+	1	1.229901	I:	D:
68573	70480	+	2	1.220313	I:	D:
70618	70986	+	1	1.268406	I:	D:
71011	71481	+	1	1.234169	I:	D:
71540	73621	+	2	1.238343	I:	D:
73713	74897	+	3	1.289707	I:	D:
74983	75576	+	1	1.278532	I:	D:
75661	76479	+	1	1.234126	I:	D:
76512	77441	+	3	1.214767	I:	D:
77530	78378	+	1	1.233474	I:	D:
78375	79472	+	3	1.200558	I:	D:
79491	80294	+	3	1.237495	I:	D:
80288	81952	+	2	1.237642	I:	D:
81955	82740	+	1	1.245873	I:	D:
82744	83637	+	1	1.223568	I:	D:
83827	85533	+	1	1.243917	I:	D:
85646	86164	-	2	1.205723	I:	D:
86201	87541	-	2	1.260198	I:	D:
87754	88047	+	1	1.206503	I:	D:
89400	89672	+	3	1.189821	I:	D:
89750	90172	-	2	1.197382	I:	D:
90212	90409	-	2	1.223120	I:	D:
90475	100155	-	1	1.240922	I:	D:
100169	100729	-	2	1.220471	I:	D:
101137	101607	-	1	1.188083	I:	D:
101739	102686	-	3	1.231854	I:	D:
102865	103749	-	1	1.244190	I:	D:
104018	104569	+	2	1.196242	I:	D:
104572	104748	+	1	1.169321	I:	D:
104753	106348	+	2	1.217006	I:	D:
106361	107062	+	2	1.228756	I:	D:
107092	107541	+	1	1.263012	I:	D:
107567	108043	+	2	1.220351	I:	D:
108056	108508	+	2	1.231242	I:	D:
108505	108942	+	1	1.172944	I:	D:
108950	109552	+	2	1.206876	I:	D:
109545	110132	+	3	1.185485	I:	D:
110350	111345	+	1	1.178434	I:	D:
111329	112126	+	2	1.184026	I:	D:
112197	113888	+	3	1.215219	I:	D:
113909	114907	+	2	1.285951	I:	D:
114915	115388	+	3	1.239574	I:	D:
115408	115794	+	1	1.208999	I:	D:
115974	117683	-	3	1.243616	I:	D:
117835	119187	+	1	1.262916	I:	D:
119227	120411	+	1	1.239850	I:	D:
120442	121914	+	1	1.246744	I:	D:
121951	123540	+	1	1.233962	I:	D:
123989	124753	+	2	1.269104	I:	D:
124775	125944	+	2	1.269053	I:	D:
125959	126624	+	1	1.261445	I:	D:
126668	127963	+	2	1.311251	I:	D:
127972	129039	+	1	1.251305	I:	D:
129055	130242	+	1	1.228460	I:	D:
130459	130860	-	1	1.262616	I:	D:
131065	131565	-	1	1.230206	I:	D:
131747	132820	-	2	1.244968	I:	D:
133200	134201	+	3	1.259874	I:	D:
134213	135322	+	2	1.287623	I:	D:
135359	136378	+	2	1.270065	I:	D:
136402	137673	+	1	1.283433	I:	D:
137654	138535	+	2	1.241090	I:	D:
138751	139653	-	1	1.277411	I:	D:
140203	141636	+	1	1.211010	I:	D:
141656	143062	+	2	1.240345	I:	D:
143457	143897	+	3	1.245314	I:	D:
144768	145490	-	3	1.219746	I:	D:
145503	147329	-	3	1.197989	I:	D:
147906	148955	+	3	1.163547	I:	D:
148965	149876	+	3	1.209931	I:	D:
149889	150629	+	3	1.184952	I:	D:
150672	151043	+	3	1.179457	I:	D:
151034	152530	+	2	1.197382	I:	D:
152543	153493	+	2	1.313893	I:	D:
153523	154446	+	1	1.185758	I:	D:
154436	154957	+	2	1.295281	I:	D:
155127	156179	+	3	1.205390	I:	D:
156195	157085	+	3	1.261839	I:	D:
157051	157827	+	1	1.232516	I:	D:
158008	158829	+	1	1.235123	I:	D:
159199	160056	+	1	1.198510	I:	D:
160117	161460	-	1	1.266555	I:	D:
161482	162669	-	1	1.227395	I:	D:
162855	164300	+	3	1.239057	I:	D:
164354	164923	-	2	1.176749	I:	D:
164941	166995	-	1	1.217299	I:	D:
167002	168627	-	1	1.250647	I:	D:
169397	171250	+	2	1.192322	I:	D:
171270	171647	+	3	1.200774	I:	D:
171644	172315	+	2	1.223853	I:	D:
172328	173470	+	2	1.216893	I:	D:
173534	174367	-	2	1.204630	I:	D:
174385	175716	-	1	1.269601	I:	D:
176022	176561	+	3	1.231544	I:	D:
176564	177640	+	2	1.224888	I:	D:
177649	178305	+	1	1.252567	I:	D:
178323	179516	+	3	1.236640	I:	D:
179631	180572	+	3	1.234624	I:	D:
180586	181299	+	1	1.216197	I:	D:
181316	181675	+	2	1.196706	I:	D:
181951	182475	+	1	1.200964	I:	D:
182492	183106	+	2	1.187421	I:	D:
183200	183955	+	2	1.220733	I:	D:
183961	185493	+	1	1.215321	I:	D:
185653	185790	+	1	1.242352	I:	D:
185938	187422	+	1	1.287331	I:	D:
187653	188003	+	3	1.201025	I:	D:
188057	189250	+	2	1.261120	I:	D:
189670	190602	+	1	1.213022	I:	D:
190734	191831	+	3	1.235645	I:	D:
191859	192410	+	3	1.254687	I:	D:
192447	192629	+	3	1.305575	I:	D:
192791	193801	+	2	1.215719	I:	D:
193810	194802	+	1	1.233458	I:	D:
194869	195783	+	1	1.211023	I:	D:
195830	196054	+	2	1.138494	I:	D:
196087	197376	+	1	1.240364	I:	D:
197387	198094	+	2	1.215991	I:	D:
198081	199121	+	3	1.237569	I:	D:
199102	200571	+	1	1.213835	I:	D:
200583	201077	+	3	1.198962	I:	D:
201086	202477	+	2	1.238033	I:	D:
202467	203516	+	3	1.233183	I:	D:
204173	205177	+	2	1.261744	I:	D:
205196	206272	+	2	1.251742	I:	D:
206525	208108	-	2	1.246356	I:	D:
208251	210014	-	3	1.262231	I:	D:
210129	210326	-	3	1.196763	I:	D:
210643	211998	+	1	1.263880	I:	D:
212345	212983	+	2	1.189274	I:	D:
212991	213950	+	3	1.171759	I:	D:
213962	214708	+	2	1.217177	I:	D:
214728	215699	+	3	1.211657	I:	D:
215724	216188	+	3	1.282312	I:	D:
216191	217474	+	2	1.298385	I:	D:
217489	218640	+	1	1.231047	I:	D:
218686	219216	-	1	1.236350	I:	D:
219598	221112	+	1	1.191087	I:	D:
221355	222185	+	3	1.243069	I:	D:
222188	223135	+	2	1.213694	I:	D:
223153	224523	+	1	1.273656	I:	D:
224779	226272	+	1	1.238523	I:	D:
226262	226933	+	2	1.214790	I:	D:
227005	227241	-	1	1.247466	I:	D:
227274	227585	-	3	1.190143	I:	D:
227582	228238	-	2	1.229951	I:	D:
228388	229050	+	1	1.253240	I:	D:
229080	229871	+	3	1.251693	I:	D:
229879	230151	+	1	1.182153	I:	D:
230213	230785	-	2	1.194890	I:	D:
231029	232642	+	2	1.274335	I:	D:
232690	233772	-	1	1.225474	I:	D:
233943	235415	-	3	1.225395	I:	D:
235468	236280	-	1	1.215764	I:	D:
236328	237836	-	3	1.292467	I:	D:
237833	239065	-	2	1.206002	I:	D:
239068	240489	-	1	1.204217	I:	D:
240973	241338	+	1	1.199563	I:	D:
241357	241563	+	1	1.218744	I:	D:
241603	242955	-	1	1.269028	I:	D:
243277	244281	+	1	1.210049	I:	D:
244304	245707	+	2	1.218493	I:	D:
245708	246229	+	2	1.185229	I:	D:
246241	247134	+	1	1.248845	I:	D:
247135	247893	+	1	1.262476	I:	D:
247909	248727	+	1	1.230899	I:	D:
248749	249117	+	1	1.225503	I:	D:
249120	249584	+	3	1.179521	I:	D:
249722	250708	+	2	1.227601	I:	D:
250769	252292	+	2	1.243280	I:	D:
252433	253011	+	1	1.203599	I:	D:
253089	253634	+	3	1.249210	I:	D:
253710	255074	+	3	1.229817	I:	D:
255078	256055	+	3	1.204691	I:	D:
256180	256830	+	1	1.212211	I:	D:
256830	257267	+	3	1.229688	I:	D:
257292	258083	+	3	1.246177	I:	D:
258242	259270	-	2	1.238157	I:	D:
259376	260323	+	2	1.231377	I:	D:
260517	261554	+	3	1.179224	I:	D:
261670	263172	+	1	1.232689	I:	D:
263189	264208	+	2	1.241344	I:	D:
264400	265320	+	1	1.237924	I:	D:
265469	266416	+	2	1.157830	I:	D:
266407	267162	+	1	1.216589	I:	D:
267210	268052	+	3	1.211276	I:	D:
268224	269831	+	3	1.253599	I:	D:
269959	271458	+	1	1.215718	I:	D:
271445	272581	+	2	1.209236	I:	D:
272643	273635	+	3	1.228776	I:	D:
273689	277060	+	2	1.202308	I:	D:
277216	278925	+	1	1.281996	I:	D:
278955	280280	+	3	1.261119	I:	D:
280323	280691	-	3	1.261406	I:	D:
280729	280881	-	1	1.228086	I:	D:
280970	282238	-	2	1.217591	I:	D:
282255	283157	-	3	1.238242	I:	D:
283176	284702	-	3	1.249165	I:	D:
284748	286637	-	3	1.255481	I:	D:
286710	287732	-	3	1.205845	I:	D:
287755	288801	-	1	1.237481	I:	D:
288806	289963	-	2	1.232526	I:	D:
290206	290886	-	1	1.210440	I:	D:
291338	292051	+	2	1.252714	I:	D:
292127	294907	+	2	1.213604	I:	D:
294925	296691	+	1	1.207911	I:	D:
296992	298170	-	1	1.166506	I:	D:
298439	299590	+	2	1.212622	I:	D:
299590	299955	+	1	1.221604	I:	D:
299990	300355	+	2	1.211347	I:	D:
300377	300661	+	2	1.195530	I:	D:
300675	301388	+	3	1.273097	I:	D:
301410	302048	+	3	1.277063	I:	D:
302072	303175	+	2	1.275800	I:	D:
303189	303938	+	3	1.222301	I:	D:
303940	304596	+	1	1.241887	I:	D:
304765	308181	+	1	1.244981	I:	D:
308248	308661	+	1	1.242456	I:	D:
308701	310053	+	1	1.236121	I:	D:
310101	310496	+	3	1.201241	I:	D:
310522	310695	-	1	1.247670	I:	D:
310550	311068	+	2	1.189033	I:	D:
311079	311303	+	3	1.187217	I:	D:
311316	311714	+	3	1.170491	I:	D:
311893	312597	+	1	1.229543	I:	D:
312852	313322	+	3	1.198502	I:	D:
313326	314825	+	3	1.210352	I:	D:
314844	316703	+	3	1.241136	I:	D:
316748	317290	+	2	1.203424	I:	D:
317528	318799	+	2	1.243109	I:	D:
319037	319750	+	2	1.267559	I:	D:
319813	321261	-	1	1.264816	I:	D:
321491	321934	-	2	1.221132	I:	D:
322350	322547	+	3	1.134616	I:	D:
322764	323492	+	3	1.239760	I:	D:
323538	324512	+	3	1.199009	I:	D:
324521	324949	+	2	1.223519	I:	D:
324961	326439	+	1	1.267332	I:	D:
326496	328229	-	3	1.181006	I:	D:
328245	328964	-	3	1.214801	I:	D:
329066	330055	-	2	1.238809	I:	D:
330115	331635	-	1	1.245686	I:	D:
331635	332828	-	3	1.205428	I:	D:
333003	334172	+	3	1.218898	I:	D:
334313	334615	-	2	1.143475	I:	D:
334647	335099	-	3	1.239023	I:	D:
335296	336582	+	1	1.221732	I:	D:
336649	337551	+	1	1.209091	I:	D:
337640	338158	+	2	1.179656	I:	D:
338166	338558	+	3	1.226152	I:	D:
338562	338909	+	3	1.149483	I:	D:
338937	340502	+	3	1.190694	I:	D:
340628	341419	+	2	1.216323	I:	D:
341425	342363	+	1	1.191048	I:	D:
342379	343038	+	1	1.256142	I:	D:
343069	344280	+	1	1.210745	I:	D:
344280	344981	+	3	1.215282	I:	D:
345000	346280	+	3	1.242228	I:	D:
346492	346806	+	1	1.191242	I:	D:
346813	348159	+	1	1.243570	I:	D:
348202	348465	+	1	1.232448	I:	D:
348606	350771	+	3	1.212037	I:	D:
350835	353180	+	3	1.210683	I:	D:
353183	355984	+	2	1.247872	I:	D:
355993	356448	+	1	1.286677	I:	D:
356462	357331	+	2	1.270125	I:	D:
357387	359459	+	3	1.221045	I:	D:
359524	360555	+	1	1.314192	I:	D:
360571	361131	+	1	1.232923	I:	D:
361138	361998	+	1	1.225707	I:	D:
362043	362816	-	3	1.218474	I:	D:
363077	364081	+	2	1.192541	I:	D:
364105	364587	+	1	1.250091	I:	D:
364601	365908	+	2	1.262358	I:	D:
365953	366783	+	1	1.247421	I:	D:
366817	367590	+	1	1.240340	I:	D:
367637	369268	-	2	1.210988	I:	D:
369357	369917	-	3	1.221989	I:	D:
370121	370939	+	2	1.232930	I:	D:
371268	371606	-	3	1.156340	I:	D:
371936	372499	-	2	1.134559	I:	D:
373064	373288	+	2	1.114844	I:	D:
373333	374058	+	1	1.224605	I:	D:
374269	375405	-	1	1.218022	I:	D:
375688	377220	+	1	1.248605	I:	D:
377245	378426	+	1	1.233479	I:	D:
378549	378836	+	3	1.049138	I:	D:
378918	380021	-	3	1.199367	I:	D:
380197	380793	-	1	1.194376	I:	D:
381537	382037	+	3	1.203527	I:	D:
382071	382652	+	3	1.174704	I:	D:
382670	392746	+	2	1.241330	I:	D:
392831	393115	+	2	1.155863	I:	D:
393579	394877	+	3	1.292172	I:	D:
394913	396448	+	2	1.254517	I:	D:
396460	398490	+	1	1.266130	I:	D:
398514	399779	+	3	1.230540	I:	D:
399943	400335	+	1	1.218791	I:	D:
400421	400837	-	2	1.184612	I:	D:
400953	401879	+	3	1.265310	I:	D:
401997	403319	-	3	1.263996	I:	D:
403335	404912	-	3	1.218573	I:	D:
405026	405373	-	2	1.188449	I:	D:
405523	405900	-	1	1.202373	I:	D:
405917	407254	-	2	1.222529	I:	D:
407385	409145	-	3	1.216967	I:	D:
409423	410745	+	1	1.213399	I:	D:
410773	412125	+	1	1.282833	I:	D:
412265	413362	+	2	1.274138	I:	D:
413368	415950	+	1	1.252623	I:	D:
416081	417688	-	2	1.267360	I:	D:
417731	418912	-	2	1.233455	I:	D:
418951	420468	-	1	1.236452	I:	D:
420780	421466	-	3	1.235473	I:	D:
421490	422266	-	2	1.213813	I:	D:
422433	422768	-	3	1.199106	I:	D:
422827	424155	-	1	1.227590	I:	D:
424136	424801	-	2	1.218481	I:	D:
424794	429158	-	3	1.195755	I:	D:
429293	430324	-	2	1.197027	I:	D:
430495	431865	-	1	1.265052	I:	D:
431883	433283	-	3	1.229551	I:	D:
433532	433903	+	2	1.219814	I:	D:
433900	434571	+	1	1.288671	I:	D:
434604	434918	-	3	1.194154	I:	D:
435090	436034	+	3	1.240034	I:	D:
436092	436664	-	3	1.290833	I:	D:
436686	438026	-	3	1.234049	I:	D:
438119	440083	-	2	1.257696	I:	D:
440111	442702	-	2	1.217633	I:	D:
442712	443317	-	2	1.226145	I:	D:
443530	444072	-	1	1.201759	I:	D:
444096	444662	-	3	1.200744	I:	D:
444659	445111	-	2	1.237615	I:	D:
445123	445875	-	1	1.179990	I:	D:
445928	446947	-	2	1.252726	I:	D:
447216	447677	-	3	1.205308	I:	D:
447850	449814	+	1	1.225609	I:	D:
449922	451700	+	3	1.235235	I:	D:
451697	452173	+	2	1.201690	I:	D:
452283	452987	-	3	1.214490	I:	D:
453188	453730	-	2	1.198684	I:	D:
453734	454489	-	2	1.252457	I:	D:
454491	455555	-	3	1.228448	I:	D:
455583	455825	-	3	1.242053	I:	D:
455874	456548	-	3	1.168274	I:	D:
456577	457488	-	1	1.208644	I:	D:
457513	458709	-	1	1.222579	I:	D:
458744	460114	-	2	1.228041	I:	D:
460419	461918	-	3	1.240625	I:	D:
461995	462933	-	1	1.283077	I:	D:
462946	464124	-	1	1.269615	I:	D:
464141	464443	-	2	1.305987	I:	D:
464443	465018	-	1	1.242506	I:	D:
465240	466850	-	3	1.216814	I:	D:
467313	467879	+	3	1.223743	I:	D:
468105	469730	+	3	1.206580	I:	D:
470035	471225	+	1	1.204940	I:	D:
471244	471999	+	1	1.250773	I:	D:
472019	472777	+	2	1.239169	I:	D:
472786	473076	+	1	1.154292	I:	D:
473197	474549	+	1	1.233206	I:	D:
474707	476929	-	2	1.235495	I:	D:
476938	477903	-	1	1.213579	I:	D:
477905	478924	-	2	1.219572	I:	D:
478927	479655	-	1	1.229966	I:	D:
479652	480587	-	3	1.195702	I:	D:
480828	482219	+	3	1.249418	I:	D:
482229	482870	-	3	1.206671	I:	D:
482860	484257	-	1	1.190546	I:	D:
484487	486190	+	2	1.212052	I:	D:
486273	486920	+	3	1.221249	I:	D:
486926	488032	+	2	1.199444	I:	D:
488088	488621	+	3	1.202014	I:	D:
488679	489950	+	3	1.253569	I:	D:
489968	490114	+	2	1.176811	I:	D:
490127	491254	+	2	1.257588	I:	D:
491274	491951	+	3	1.179139	I:	D:
491955	493100	+	3	1.227657	I:	D:
493126	493551	+	1	1.263675	I:	D:
493662	494600	+	3	1.189786	I:	D:
494697	495017	+	3	1.122805	I:	D:
495290	495892	+	2	1.254159	I:	D:
495896	496906	+	2	1.254137	I:	D:
496930	497757	+	1	1.204975	I:	D:
497781	498911	+	3	1.201316	I:	D:
499034	499582	+	2	1.247895	I:	D:
499579	502431	+	1	1.182918	I:	D:
502428	502769	+	3	1.194693	I:	D:
502808	503419	+	2	1.235487	I:	D:
503428	503865	+	1	1.210875	I:	D:
503876	504811	+	2	1.198111	I:	D:
504820	506220	+	1	1.218870	I:	D:
506226	507680	+	3	1.223404	I:	D:
507705	508511	+	3	1.205673	I:	D:
508528	508977	+	1	1.168778	I:	D:
509004	510344	+	3	1.260273	I:	D:
510364	511584	+	1	1.241118	I:	D:
511685	513376	-	2	1.247738	I:	D:
513405	514823	-	3	1.230425	I:	D:
514816	515964	-	1	1.212115	I:	D:
516266	516862	-	2	1.213842	I:	D:
516886	518229	-	1	1.206327	I:	D:
518342	518998	+	2	1.246710	I:	D:
519311	520417	+	2	1.224584	I:	D:
520602	521264	+	3	1.201408	I:	D:
521286	522677	+	3	1.178414	I:	D:
522733	523227	-	1	1.236851	I:	D:
523229	523984	-	2	1.273335	I:	D:
524017	524751	-	1	1.220243	I:	D:
524899	526215	-	1	1.263795	I:	D:
526443	527309	-	3	1.244486	I:	D:
527732	529288	+	2	1.228290	I:	D:
529738	530142	+	1	1.244875	I:	D:
530177	531322	+	2	1.216986	I:	D:
531372	532157	+	3	1.204063	I:	D:
532189	533199	+	1	1.198245	I:	D:
533481	535307	+	3	1.240940	I:	D:
535376	537115	+	2	1.237781	I:	D:
537899	538051	+	2	1.424243	I:	D:
542435	543172	+	2	1.250003	I:	D:
543260	544198	+	2	1.209333	I:	D:
544220	545173	+	2	1.228403	I:	D:
545221	546096	-	1	1.202606	I:	D:
546213	546794	+	3	1.250787	I:	D:
546782	547345	+	2	1.272977	I:	D:
547494	548363	-	3	1.253980	I:	D:
548777	549745	+	2	1.230887	I:	D:
549809	551020	+	2	1.223732	I:	D:
551443	551712	+	1	1.165199	I:	D:
551867	552343	+	2	1.196700	I:	D:
552393	552590	+	3	1.198837	I:	D:
552881	554815	+	2	1.238907	I:	D:
554898	555761	+	3	1.225779	I:	D:
556075	557322	+	1	1.168120	I:	D:
557355	558431	+	3	1.235952	I:	D:
558473	559105	+	2	1.252895	I:	D:
559102	560325	+	1	1.251694	I:	D:
560380	560925	-	1	1.251054	I:	D:
561312	562259	+	3	1.232659	I:	D:
562276	562911	+	1	1.234364	I:	D:
562953	564203	-	3	1.230113	I:	D:
564454	565086	-	1	1.277825	I:	D:
565137	565595	-	3	1.249847	I:	D:
565788	567320	+	3	1.224563	I:	D:
567339	567707	-	3	1.242836	I:	D:
567760	568710	+	1	1.213994	I:	D:
568719	569123	+	3	1.262872	I:	D:
569133	570257	+	3	1.245596	I:	D:
570245	571399	+	2	1.232059	I:	D:
571377	572036	+	3	1.195012	I:	D:
572067	572720	+	3	1.203520	I:	D:
572803	574341	-	1	1.236088	I:	D:
574504	574653	-	1	1.318329	I:	D:
574702	575277	-	1	1.249436	I:	D:
575280	576155	-	3	1.237733	I:	D:
576326	577714	+	2	1.193681	I:	D:
577910	578665	-	2	1.289132	I:	D:
578681	579295	-	2	1.211993	I:	D:
579325	580101	-	1	1.269093	I:	D:
580212	580952	+	3	1.235599	I:	D:
580977	582584	+	3	1.233573	I:	D:
582834	583541	-	3	1.231997	I:	D:
583650	584189	-	3	1.238885	I:	D:
584199	585632	-	3	1.235090	I:	D:
585773	586486	+	2	1.217133	I:	D:
586504	587157	+	1	1.215559	I:	D:
587269	589527	-	1	1.237664	I:	D:
589750	591234	+	1	1.252097	I:	D:
591273	592202	+	3	1.227570	I:	D:
592330	592848	+	1	1.181361	I:	D:
592924	594099	+	1	1.204020	I:	D:
594283	594426	-	1	1.141403	I:	D:
594767	595873	+	2	1.210572	I:	D:
596162	597235	+	2	1.253184	I:	D:
597380	598042	+	2	1.200218	I:	D:
598059	599447	+	3	1.186067	I:	D:
599662	600300	+	1	1.201830	I:	D:
600345	601616	+	3	1.228154	I:	D:
601772	602842	+	2	1.198199	I:	D:
602876	605956	+	2	1.259765	I:	D:
605974	606363	+	1	1.281775	I:	D:
606538	607626	+	1	1.197265	I:	D:
607630	610671	+	1	1.246398	I:	D:
610687	611547	+	1	1.219243	I:	D:
611579	612442	-	2	1.219709	I:	D:
612684	613850	+	3	1.258310	I:	D:
613926	614792	-	3	1.251113	I:	D:
615066	615488	+	3	1.253112	I:	D:
615647	615916	+	2	1.240170	I:	D:
615948	617306	+	3	1.250522	I:	D:
617575	618927	+	1	1.256247	I:	D:
619035	620540	+	3	1.174643	I:	D:
621745	622158	+	1	1.332226	I:	D:
622320	622559	+	3	1.319554	I:	D:
622784	622975	+	2	1.269107	I:	D:
623108	626449	+	2	1.242838	I:	D:
626458	626763	+	1	1.299277	I:	D:
627086	627661	-	2	1.219632	I:	D:
627793	629238	-	1	1.213898	I:	D:
629268	630725	-	3	1.216498	I:	D:
630752	631042	-	2	1.261410	I:	D:
631067	631777	-	2	1.253664	I:	D:
631755	632189	-	3	1.230864	I:	D:
632275	633897	-	1	1.210498	I:	D:
633920	634966	-	2	1.223913	I:	D:
634998	635453	-	3	1.238072	I:	D:
635560	636660	-	1	1.187274	I:	D:
636811	637263	+	1	1.209726	I:	D:
637311	638570	-	3	1.258015	I:	D:
638610	639077	-	3	1.201206	I:	D:
639117	639971	-	3	1.285056	I:	D:
640164	641354	+	3	1.192617	I:	D:
641458	642420	+	1	1.240964	I:	D:
642426	643796	+	3	1.197405	I:	D:
643793	645670	+	2	1.198842	I:	D:
645691	646266	+	1	1.209666	I:	D:
646869	649937	+	3	1.242555	I:	D:
649938	650534	+	3	1.234971	I:	D:
650553	651044	+	3	1.204377	I:	D:
652036	653397	+	1	1.263564	I:	D:
653401	654510	+	1	1.180966	I:	D:
654470	655489	+	2	1.166727	I:	D:
655490	655921	+	2	1.190800	I:	D:
656082	656300	+	3	1.138557	I:	D:
656644	656781	+	1	1.077787	I:	D:
656836	657939	+	1	1.175369	I:	D:
657943	659253	+	1	1.198306	I:	D:
659234	660445	+	2	1.182691	I:	D:
660456	661391	+	3	1.159980	I:	D:
661384	662466	+	1	1.188908	I:	D:
662484	663884	+	3	1.134181	I:	D:
663905	665305	+	2	1.194164	I:	D:
665307	666494	+	3	1.250573	I:	D:
666491	667246	+	2	1.189885	I:	D:
667233	668234	+	3	1.187696	I:	D:
668231	669385	+	2	1.189651	I:	D:
669382	670086	+	1	1.182704	I:	D:
670083	671051	+	3	1.163996	I:	D:
671036	671995	+	2	1.161605	I:	D:
672022	673737	+	1	1.203331	I:	D:
673737	674753	+	3	1.143617	I:	D:
674896	675267	+	1	1.237056	I:	D:
675419	676192	+	2	1.262109	I:	D:
676204	677265	+	1	1.252304	I:	D:
677273	678403	+	2	1.153526	I:	D:
678415	679326	+	1	1.157551	I:	D:
679323	681059	+	3	1.175808	I:	D:
681291	681659	-	3	1.302946	I:	D:
682008	682337	-	3	1.247646	I:	D:
682817	683389	+	2	1.182796	I:	D:
683443	683784	+	1	1.208027	I:	D:
683789	684100	+	2	1.251101	I:	D:
684126	684371	+	3	1.212840	I:	D:
684402	684656	+	3	1.163779	I:	D:
684761	685336	-	2	1.280007	I:	D:
685345	686217	-	1	1.222758	I:	D:
686515	687297	-	1	1.193052	I:	D:
687382	687741	-	1	1.249445	I:	D:
687775	690435	-	1	1.234756	I:	D:
690472	691062	-	1	1.252487	I:	D:
691083	693392	-	3	1.210565	I:	D:
693406	694656	-	1	1.241846	I:	D:
694668	695243	-	3	1.243248	I:	D:
695359	696645	-	1	1.191666	I:	D:
696660	698378	-	3	1.224844	I:	D:
698387	698734	-	2	1.195283	I:	D:
698773	701007	-	1	1.184690	I:	D:
701028	701480	-	3	1.216096	I:	D:
701548	702633	-	1	1.194845	I:	D:
702663	703223	-	3	1.238550	I:	D:
703712	704131	+	2	1.175035	I:	D:
704177	705592	+	2	1.216831	I:	D:
705619	707091	+	1	1.206312	I:	D:
707279	708523	+	2	1.242780	I:	D:
708645	708914	+	3	1.211933	I:	D:
708950	709822	+	2	1.229846	I:	D:
709848	711392	+	3	1.211617	I:	D:
711635	712789	+	2	1.230165	I:	D:
712862	713617	+	2	1.184969	I:	D:
713783	714934	+	2	1.256466	I:	D:
715039	715248	+	1	1.121385	I:	D:
715600	716778	+	1	1.207344	I:	D:
716823	717110	-	3	1.176622	I:	D:
717170	720508	-	2	1.219582	I:	D:
720508	721389	-	1	1.206273	I:	D:
721641	722816	+	3	1.222139	I:	D:
722911	723462	+	1	1.204055	I:	D:
723557	724285	-	2	1.198084	I:	D:
724432	725538	-	1	1.235593	I:	D:
725604	729833	-	3	1.239759	I:	D:
729889	730227	-	1	1.215504	I:	D:
730255	730980	-	1	1.232368	I:	D:
731126	731950	+	2	1.185267	I:	D:
731966	732598	+	2	1.202487	I:	D:
732624	732881	+	3	1.215509	I:	D:
732886	733323	+	1	1.213252	I:	D:
733389	734651	+	3	1.249570	I:	D:
734711	735667	-	2	1.193617	I:	D:
735990	737327	+	3	1.142308	I:	D:
737545	740118	-	1	1.254507	I:	D:
740851	741492	+	1	1.244860	I:	D:
741523	743448	+	1	1.227889	I:	D:
743469	744350	+	3	1.216393	I:	D:
744420	745289	+	3	1.264510	I:	D:
745384	746553	-	1	1.261476	I:	D:
746626	748173	-	1	1.232247	I:	D:
748567	749739	-	1	1.274166	I:	D:
749758	751320	-	1	1.213031	I:	D:
751357	752535	-	1	1.251749	I:	D:
752567	754141	-	2	1.215679	I:	D:
754692	756077	-	3	1.271052	I:	D:
756134	756385	-	2	1.230086	I:	D:
756679	757428	-	1	1.269546	I:	D:
757456	758544	-	1	1.270989	I:	D:
758618	758821	-	2	1.311383	I:	D:
758992	759369	+	1	1.272100	I:	D:
759387	761429	+	3	1.273745	I:	D:
761548	761808	-	1	1.226001	I:	D:
761918	762883	-	2	1.256499	I:	D:
763186	763836	+	1	1.294989	I:	D:
764094	764546	-	3	1.179428	I:	D:
764559	765911	-	3	1.247949	I:	D:
766092	766376	+	3	1.194238	I:	D:
766393	768012	+	1	1.189392	I:	D:
768080	769267	-	2	1.238808	I:	D:
769598	771334	+	2	1.239918	I:	D:
771354	772430	+	3	1.227349	I:	D:
772445	773122	+	2	1.194226	I:	D:
773137	773685	+	1	1.211700	I:	D:
773688	774689	+	3	1.250585	I:	D:
774791	776146	+	2	1.262747	I:	D:
776380	776790	-	1	1.211327	I:	D:
776908	777675	+	1	1.320113	I:	D:
777675	778133	+	3	1.255602	I:	D:
778157	778450	-	2	1.175277	I:	D:
778667	780085	+	2	1.232443	I:	D:
780126	780578	-	3	1.205655	I:	D:
780718	781266	+	1	1.190685	I:	D:
781480	782610	-	1	1.264492	I:	D:
782775	785777	-	3	1.190369	I:	D:
785787	787664	-	3	1.186542	I:	D:
787669	789807	-	1	1.135051	I:	D:
789795	790508	-	3	1.180486	I:	D:
790511	793729	-	2	1.203366	I:	D:
794007	795362	-	3	1.230886	I:	D:
795433	795987	-	1	1.148361	I:	D:
795997	796362	-	1	1.114974	I:	D:
796508	796906	-	2	1.184031	I:	D:
796888	797196	-	1	1.134390	I:	D:
797424	797729	-	3	1.214775	I:	D:
798042	798239	-	3	1.255235	I:	D:
798430	798759	+	1	1.324216	I:	D:
798816	800051	-	3	1.218247	I:	D:
800179	801297	-	1	1.235527	I:	D:
801323	802126	-	2	1.272391	I:	D:
802129	803853	-	1	1.253846	I:	D:
803854	804837	-	1	1.260038	I:	D:
804862	805893	-	1	1.223591	I:	D:
806075	806503	+	2	1.272553	I:	D:
806753	808168	-	2	1.273693	I:	D:
808187	809665	-	2	1.259330	I:	D:
809717	809866	+	2	1.175288	I:	D:
809972	811465	-	2	1.219381	I:	D:
811840	812835	+	1	1.198473	I:	D:
812865	814784	+	3	1.199476	I:	D:
814917	815759	+	3	1.212124	I:	D:
816781	818274	-	1	1.214029	I:	D:
818282	819370	-	2	1.169579	I:	D:
819370	820335	-	1	1.208115	I:	D:
820756	821034	+	1	1.187206	I:	D:
821463	822254	+	3	1.219373	I:	D:
822882	823478	+	3	1.271941	I:	D:
823509	824048	+	3	1.319044	I:	D:
824066	824986	+	2	1.234815	I:	D:
824990	825763	+	2	1.225940	I:	D:
825767	826210	+	2	1.237482	I:	D:
826250	827554	+	2	1.209549	I:	D:
827728	828927	+	1	1.224035	I:	D:
828946	830385	+	1	1.262972	I:	D:
830514	831350	+	3	1.203215	I:	D:
831500	832741	+	2	1.265057	I:	D:
832901	834475	+	2	1.245245	I:	D:
834504	834965	+	3	1.215809	I:	D:
835042	835923	+	1	1.195909	I:	D:
836001	836420	+	3	1.190782	I:	D:
836593	837165	-	1	1.242119	I:	D:
837172	837747	-	1	1.232504	I:	D:
837860	838759	+	2	1.238991	I:	D:
838816	840135	-	1	1.236662	I:	D:
840161	841279	-	2	1.193042	I:	D:
841290	841967	-	3	1.224281	I:	D:
841991	842698	-	2	1.238273	I:	D:
842749	844320	-	1	1.234705	I:	D:
844478	845764	-	2	1.199418	I:	D:
845963	846397	+	2	1.228168	I:	D:
846436	847824	+	1	1.250743	I:	D:
847902	849143	+	3	1.214330	I:	D:
849319	850662	+	1	1.245094	I:	D:
850677	851345	+	3	1.219444	I:	D:
851374	853260	+	1	1.235574	I:	D:
853263	853964	+	3	1.206564	I:	D:
853981	858414	+	1	1.193997	I:	D:
858430	860511	+	1	1.225255	I:	D:
860541	861020	+	3	1.176393	I:	D:
861041	862060	+	2	1.234496	I:	D:
862134	862727	+	3	1.264939	I:	D:
862758	864029	+	3	1.220604	I:	D:
864109	864486	+	1	1.215363	I:	D:
864560	865537	+	2	1.207000	I:	D:
865712	866824	+	2	1.239051	I:	D:
866821	867639	+	1	1.208774	I:	D:
867666	868199	+	3	1.148947	I:	D:
868381	868545	-	1	1.224702	I:	D:
868763	868912	+	2	1.135769	I:	D:
868905	869378	+	3	1.191824	I:	D:
869388	869855	+	3	1.241104	I:	D:
869870	870802	+	2	1.224405	I:	D:
870826	871674	+	1	1.206349	I:	D:
871708	872157	+	1	1.200375	I:	D:
872171	872626	+	2	1.183287	I:	D:
872832	873275	+	3	1.184895	I:	D:
873307	874581	+	1	1.236909	I:	D:
874661	875272	+	2	1.232587	I:	D:
875269	876117	+	1	1.174227	I:	D:
876132	876644	+	3	1.211354	I:	D:
876743	878923	+	2	1.235597	I:	D:
878942	880114	+	2	1.266361	I:	D:
880372	881010	-	1	1.227238	I:	D:
881126	883018	-	2	1.198599	I:	D:
883111	884445	-	1	1.244319	I:	D:
884613	885911	+	3	1.230300	I:	D:
885915	886559	+	3	1.209788	I:	D:
886621	887196	-	1	1.185057	I:	D:
887209	888600	-	1	1.187569	I:	D:
888716	888970	-	2	1.184049	I:	D:
889091	889441	-	2	1.166577	I:	D:
889460	889864	-	2	1.188629	I:	D:
889851	890204	-	3	1.223097	I:	D:
890219	890503	-	2	1.222673	I:	D:
890793	891698	-	3	1.233124	I:	D:
891704	891970	-	2	1.261964	I:	D:
892039	893052	-	1	1.216549	I:	D:
893509	893751	-	1	1.150792	I:	D:
893885	894877	-	2	1.270738	I:	D:
894954	895283	-	3	1.187198	I:	D:
895286	895729	-	2	1.244271	I:	D:
895802	896002	-	2	1.183127	I:	D:
896013	896816	-	3	1.230391	I:	D:
897015	897293	-	3	1.237624	I:	D:
897565	897963	-	1	1.205894	I:	D:
897950	898105	-	2	1.191300	I:	D:
898216	898431	-	1	1.199378	I:	D:
898615	899115	+	1	1.165508	I:	D:
899128	899544	+	1	1.183443	I:	D:
899704	900408	+	1	1.135650	I:	D:
900421	901209	+	1	1.195654	I:	D:
901305	901436	-	3	1.186705	I:	D:
901619	901840	+	2	1.158446	I:	D:
902194	902427	+	1	1.129721	I:	D:
902437	903531	+	1	1.237577	I:	D:
903806	904285	+	2	1.184582	I:	D:
904308	904763	+	3	1.229837	I:	D:
904793	904993	+	2	1.271945	I:	D:
905123	905899	+	2	1.240229	I:	D:
905886	907196	+	3	1.237347	I:	D:
907199	909328	+	2	1.218573	I:	D:
909441	909995	+	3	1.261517	I:	D:
909988	911022	+	1	1.197592	I:	D:
911024	911389	+	2	1.212388	I:	D:
911395	912366	+	1	1.212730	I:	D:
912410	912790	+	2	1.286232	I:	D:
912797	913276	+	2	1.237634	I:	D:
913290	913826	+	3	1.215453	I:	D:
913887	914510	+	3	1.230558	I:	D:
914514	917339	+	3	1.204338	I:	D:
918142	918552	+	1	1.194212	I:	D:
918549	920117	+	3	1.233230	I:	D:
920110	921042	+	1	1.256980	I:	D:
921058	922629	+	1	1.190890	I:	D:
922640	923356	+	2	1.191897	I:	D:
923368	923937	+	1	1.222880	I:	D:
923951	924439	+	2	1.241171	I:	D:
924443	924868	+	2	1.261422	I:	D:
925238	925387	+	2	1.197906	I:	D:
925625	925978	+	2	1.172237	I:	D:
926434	926811	+	1	1.261234	I:	D:
926844	927008	+	3	1.186957	I:	D:
927693	928421	+	3	1.176075	I:	D:
928565	930091	+	2	1.152164	I:	D:
930354	931553	-	3	1.243241	I:	D:
931553	932416	-	2	1.262847	I:	D:
932431	933390	-	1	1.208054	I:	D:
933715	935553	+	1	1.201557	I:	D:
935797	936720	-	1	1.273822	I:	D:
936900	937265	-	3	1.218744	I:	D:
937275	938159	-	3	1.252508	I:	D:
938274	939827	-	3	1.244399	I:	D:
940263	942017	+	3	1.187417	I:	D:
942087	942443	+	3	1.172126	I:	D:
942777	943703	+	3	1.216195	I:	D:
943851	944177	-	3	1.254726	I:	D:
944268	945071	+	3	1.226744	I:	D:
945075	945836	+	3	1.226827	I:	D:
945871	946263	+	1	1.311909	I:	D:
946461	947606	-	3	1.216584	I:	D:
947730	949118	-	3	1.234026	I:	D:
949756	950409	+	1	1.175823	I:	D:
950644	951822	+	1	1.250085	I:	D:
951877	953484	+	1	1.266281	I:	D:
953711	954340	+	2	1.287358	I:	D:
954353	955030	+	2	1.240158	I:	D:
955037	955189	+	2	1.148406	I:	D:
955217	957718	+	2	1.224646	I:	D:
957796	958989	-	1	1.211165	I:	D:
959595	962057	+	3	1.216309	I:	D:
962118	962789	-	3	1.203561	I:	D:
962807	963190	-	2	1.172970	I:	D:
963572	964636	+	2	1.241383	I:	D:
964661	967867	+	2	1.231131	I:	D:
968039	969163	+	2	1.224700	I:	D:
969719	970531	+	2	1.198322	I:	D:
970792	972198	-	1	1.255688	I:	D:
972657	973862	-	3	1.203861	I:	D:
974247	975047	+	3	1.232844	I:	D:
975150	975602	+	3	1.196142	I:	D:
975700	976032	-	1	1.257920	I:	D:
976029	976727	-	3	1.266162	I:	D:
976927	978318	+	1	1.249174	I:	D:
978465	980831	+	3	1.238448	I:	D:
980824	981981	+	1	1.199974	I:	D:
982316	983899	+	2	1.199206	I:	D:
984038	984994	+	2	1.226871	I:	D:
984994	986658	+	1	1.205391	I:	D:
986724	988058	+	3	1.230838	I:	D:
988055	990325	+	2	1.231463	I:	D:
990446	990709	+	2	1.238505	I:	D:
990832	991911	+	1	1.235788	I:	D:
992286	993818	+	3	1.221311	I:	D:
993993	994919	+	3	1.288926	I:	D:
994934	995818	+	2	1.277549	I:	D:
995841	996842	+	3	1.251557	I:	D:
996842	997843	+	2	1.246251	I:	D:
998083	998679	+	1	1.271941	I:	D:
998710	999249	+	1	1.306244	I:	D:
999467	1000939	+	2	1.210903	I:	D:
1001246	1002871	-	2	1.243400	I:	D:
1003092	1004051	+	3	1.229062	I:	D:
1004038	1005198	+	1	1.225174	I:	D:
1005210	1005773	+	3	1.217500	I:	D:
1005843	1006580	+	3	1.242391	I:	D:
1006663	1007187	-	1	1.255245	I:	D:
1007307	1009673	-	3	1.222557	I:	D:
1009889	1010272	+	2	1.204149	I:	D:
1010300	1011196	+	2	1.257624	I:	D:
1011255	1011593	-	3	1.256976	I:	D:
1011677	1012885	-	2	1.243178	I:	D:
1012927	1013649	-	1	1.242625	I:	D:
1013962	1014609	+	1	1.190601	I:	D:
1015108	1015842	+	1	1.258997	I:	D:
1016750	1020382	+	2	1.222475	I:	D:
1020764	1022767	+	2	1.231888	I:	D:
1022781	1024154	+	3	1.190237	I:	D:
1024430	1025881	+	2	1.266109	I:	D:
1026043	1026603	-	1	1.251268	I:	D:
1026716	1026916	+	2	1.119943	I:	D:
1027002	1027382	-	3	1.219565	I:	D:
1027635	1030223	+	3	1.238554	I:	D:
1030243	1032282	+	1	1.243840	I:	D:
1032307	1032774	+	1	1.251561	I:	D:
1032779	1033492	+	2	1.279306	I:	D:
1033502	1035028	+	2	1.230934	I:	D:
1035069	1036589	+	3	1.237802	I:	D:
1036958	1038139	+	2	1.223389	I:	D:
1038243	1039019	+	3	1.212274	I:	D:
1039116	1039955	+	3	1.203316	I:	D:
1040302	1042068	+	1	1.221746	I:	D:
1042304	1042984	+	2	1.213040	I:	D:
1043333	1043593	+	2	1.205582	I:	D:
1043672	1044178	+	2	1.191486	I:	D:
1044247	1044567	-	1	1.256629	I:	D:
1044687	1045157	-	3	1.184141	I:	D:
1045281	1046711	+	3	1.194248	I:	D:
1046979	1047662	-	3	1.182436	I:	D:
1047884	1048780	+	2	1.186814	I:	D:
1048808	1050031	+	2	1.240255	I:	D:
1050089	1050520	-	2	1.221510	I:	D:
1050541	1051197	-	1	1.240833	I:	D:
1051452	1051940	-	3	1.226337	I:	D:
1051990	1052376	-	1	1.168863	I:	D:
1052385	1052843	-	3	1.238664	I:	D:
1053076	1053702	+	1	1.246649	I:	D:
1053725	1054651	+	2	1.225542	I:	D:
1054741	1056048	+	1	1.223770	I:	D:
1056325	1057065	+	1	1.243001	I:	D:
1057152	1057376	+	3	1.273604	I:	D:
1057442	1058671	+	2	1.274534	I:	D:
1058689	1059936	+	1	1.253486	I:	D:
1059964	1061751	+	1	1.242058	I:	D:
1062093	1063829	+	3	1.215567	I:	D:
1064055	1064909	+	3	1.254340	I:	D:
1064903	1066693	+	2	1.224356	I:	D:
1066704	1067699	+	3	1.195696	I:	D:
1067726	1069213	+	2	1.226244	I:	D:
1069219	1070136	+	1	1.264754	I:	D:
1070192	1070653	+	2	1.221890	I:	D:
1070717	1071445	+	2	1.220159	I:	D:
1071557	1071847	+	2	1.228441	I:	D:
1071974	1075063	+	2	1.212914	I:	D:
1075122	1076981	+	3	1.190997	I:	D:
1077050	1077250	-	2	1.156351	I:	D:
1077323	1078225	-	2	1.183223	I:	D:
1078578	1079264	+	3	1.251346	I:	D:
1079332	1080687	-	1	1.279531	I:	D:
1080681	1082480	-	3	1.247783	I:	D:
1082754	1083962	+	3	1.229153	I:	D:
1084186	1084875	+	1	1.234483	I:	D:
1084887	1085834	+	3	1.200037	I:	D:
1085791	1086564	+	1	1.236013	I:	D:
1086564	1087262	+	3	1.209030	I:	D:
1087320	1088183	+	3	1.202166	I:	D:
1088610	1088990	+	3	1.216673	I:	D:
1089124	1090749	-	1	1.220978	I:	D:
1090770	1091444	-	3	1.225022	I:	D:
1091448	1092086	-	3	1.221455	I:	D:
1092079	1092435	-	1	1.241900	I:	D:
1092993	1093703	-	3	1.235734	I:	D:
1093882	1094406	+	1	1.223074	I:	D:
1094416	1095213	+	1	1.187901	I:	D:
1095295	1095549	+	1	1.167545	I:	D:
1095572	1095811	+	2	1.132944	I:	D:
1095820	1096392	+	1	1.194457	I:	D:
1096393	1097121	+	1	1.280174	I:	D:
1097118	1097654	+	3	1.224018	I:	D:
1097696	1098259	+	2	1.233093	I:	D:
1098281	1102621	+	2	1.252182	I:	D:
1102630	1103547	+	1	1.280125	I:	D:
1103625	1103903	+	3	1.135511	I:	D:
>YA1_5384
1	144	+	1	1.213617	I:	D:
678	4166	+	3	1.248440	I:	D:
4185	4478	+	3	1.222990	I:	D:
4838	5269	-	2	1.279795	I:	D:
5288	5683	-	2	1.258269	I:	D:
5931	7400	+	3	1.285903	I:	D:
7632	9083	+	3	1.262197	I:	D:
9086	9364	+	2	1.302371	I:	D:
9369	10670	+	3	1.287287	I:	D:
10683	12038	+	3	1.303567	I:	D:
12050	12286	+	2	1.234117	I:	D:
12508	13671	+	1	1.220563	I:	D:
13817	14392	-	2	1.270883	I:	D:
14417	14989	-	2	1.279914	I:	D:
15134	15916	+	2	1.299626	I:	D:
16091	16984	+	2	1.295889	I:	D:
16924	17361	+	1	1.220818	I:	D:
17443	18192	-	1	1.250698	I:	D:
18343	19683	+	1	1.273225	I:	D:
19970	20722	+	2	1.285230	I:	D:
20857	21795	-	1	1.203483	I:	D:
22544	23446	+	2	1.278873	I:	D:
23439	24434	+	3	1.345063	I:	D:
24436	25215	+	1	1.292575	I:	D:
25646	26275	+	2	1.286330	I:	D:
26272	26682	+	1	1.215720	I:	D:
26692	27369	+	1	1.230016	I:	D:
27429	27785	+	3	1.212551	I:	D:
28188	28958	+	3	1.208915	I:	D:
29009	29233	+	2	1.097589	I:	D:
29419	30042	+	1	1.250823	I:	D:
30104	30631	-	2	1.233201	I:	D:
30651	32681	-	3	1.206321	I:	D:
33267	33860	+	3	1.187756	I:	D:
33988	35988	-	1	1.211918	I:	D:
36822	37682	+	3	1.236051	I:	D:
37712	38749	+	2	1.303111	I:	D:
38736	39497	+	3	1.240025	I:	D:
39508	39753	+	1	1.265760	I:	D:
40065	40376	-	3	1.194559	I:	D:
40490	41671	-	2	1.230998	I:	D:
41703	42548	-	3	1.233656	I:	D:
42818	43531	+	2	1.241304	I:	D:
43641	43778	-	3	1.146285	I:	D:
44388	44624	-	3	1.214342	I:	D:
44800	45210	+	1	1.214339	I:	D:
45223	45828	+	1	1.255551	I:	D:
45830	46411	+	2	1.136981	I:	D:
46426	47919	-	1	1.225358	I:	D:
48070	48762	-	1	1.204772	I:	D:
48759	49460	-	3	1.238922	I:	D:
49470	49661	-	3	1.242359	I:	D:
49667	50653	-	2	1.235495	I:	D:
50673	50894	-	3	1.194337	I:	D:
51188	51412	+	2	1.159708	I:	D:
51517	52110	+	1	1.211298	I:	D:
52641	52814	+	3	1.218149	I:	D:
52820	52993	-	2	1.159418	I:	D:
53074	53901	+	1	1.160335	I:	D:
54064	54222	-	1	1.239164	I:	D:
54466	54933	-	1	1.236165	I:	D:
54946	55143	-	1	1.182088	I:	D:
55156	55326	-	1	1.138287	I:	D:
55361	55531	-	2	1.190991	I:	D:
55564	55776	-	1	1.121317	I:	D:
55937	56323	+	2	1.168473	I:	D:
56371	56982	+	1	1.180679	I:	D:
57065	57325	+	2	1.243263	I:	D:
57384	57578	+	3	1.226734	I:	D:
57592	58617	+	1	1.179537	I:	D:
58589	59623	+	2	1.163012	I:	D:
59632	61146	+	1	1.159996	I:	D:
61177	62274	+	1	1.178298	I:	D:
62288	63073	+	2	1.164380	I:	D:
63088	64266	+	1	1.185763	I:	D:
64279	64803	+	1	1.132007	I:	D:
64816	65562	-	1	1.151689	I:	D:
65802	65975	+	3	1.279248	I:	D:
66063	66296	+	3	1.271901	I:	D:
66306	66848	+	3	1.233394	I:	D:
66930	67193	+	3	1.175412	I:	D:
67204	68226	+	1	1.218850	I:	D:
68331	68897	+	3	1.252627	I:	D:
69010	69468	+	1	1.202403	I:	D:
69449	71206	+	2	1.243765	I:	D:
71206	71421	+	1	1.244013	I:	D:
71513	72955	+	2	1.237785	I:	D:
72939	74030	+	3	1.190074	I:	D:
74020	74355	+	1	1.206025	I:	D:
74368	75384	+	1	1.233428	I:	D:
75415	75678	+	1	1.159352	I:	D:
75680	75832	+	2	1.241403	I:	D:
75829	75978	+	1	1.161601	I:	D:
75980	76552	+	2	1.188110	I:	D:
76549	77016	+	1	1.140449	I:	D:
77029	77313	+	1	1.127082	I:	D:
77393	78733	+	2	1.241539	I:	D:
78753	79280	+	3	1.198841	I:	D:
79289	79624	+	2	1.185067	I:	D:
79802	80044	+	2	1.186326	I:	D:
79960	82560	+	1	1.199655	I:	D:
82550	82756	+	2	1.223974	I:	D:
82783	83811	+	1	1.208404	I:	D:
83808	84314	+	3	1.264181	I:	D:
84709	85026	+	1	1.158699	I:	D:
85016	86110	+	2	1.206568	I:	D:
86184	86741	+	3	1.191815	I:	D:
86738	87760	+	2	1.211937	I:	D:
87770	88123	+	2	1.208623	I:	D:
88426	88710	-	1	1.203418	I:	D:
88716	88949	-	3	1.211032	I:	D:
88976	89254	-	2	1.238617	I:	D:
89260	89583	-	1	1.259262	I:	D:
89666	90652	+	2	1.264561	I:	D:
90967	91515	+	1	1.203393	I:	D:
91592	91855	+	2	1.209754	I:	D:
91875	92150	+	3	1.171036	I:	D:
92424	93587	+	3	1.237966	I:	D:
93580	93891	+	1	1.188839	I:	D:
94080	94358	+	3	1.249713	I:	D:
94641	95492	+	3	1.187200	I:	D:
95598	95792	+	3	1.185531	I:	D:
95802	96107	+	3	1.212932	I:	D:
96337	96963	-	1	1.195576	I:	D:
97062	97613	-	3	1.177555	I:	D:
98025	98606	-	3	1.245642	I:	D:
99552	100484	-	3	1.238905	I:	D:
100505	102028	-	2	1.228250	I:	D:
102380	103099	+	2	1.207959	I:	D:
103325	105847	+	2	1.260306	I:	D:
106273	106590	+	1	1.272368	I:	D:
106640	107449	-	2	1.181106	I:	D:
107584	108093	-	1	1.246117	I:	D:
108244	108990	+	1	1.235780	I:	D:
109651	110667	+	1	1.242813	I:	D:
110680	111141	+	1	1.270528	I:	D:
111296	112102	-	2	1.275720	I:	D:
112192	112773	-	1	1.235702	I:	D:
113131	114186	-	1	1.236722	I:	D:
114341	115189	+	2	1.209676	I:	D:
115286	115432	+	2	1.187891	I:	D:
115523	116251	+	2	1.258413	I:	D:
116252	117841	+	2	1.258726	I:	D:
117855	119303	+	3	1.261564	I:	D:
119831	120055	+	2	1.208264	I:	D:
120153	120713	+	3	1.205665	I:	D:
120727	130893	+	1	1.252774	I:	D:
131215	132345	-	1	1.264492	I:	D:
132506	133444	-	2	1.212771	I:	D:
133738	135090	+	1	1.277044	I:	D:
135124	136299	+	1	1.284089	I:	D:
136414	137394	+	1	1.266567	I:	D:
137398	138744	+	1	1.225865	I:	D:
138792	139130	+	3	1.259892	I:	D:
139756	140487	+	1	1.210251	I:	D:
140489	141403	+	2	1.221792	I:	D:
141416	143272	+	2	1.262042	I:	D:
143715	148907	+	3	1.210697	I:	D:
149213	149623	-	2	1.236812	I:	D:
149934	150428	+	3	1.202133	I:	D:
150441	151340	+	3	1.183629	I:	D:
151462	152529	+	1	1.222389	I:	D:
152590	154266	-	1	1.210276	I:	D:
154745	155386	+	2	1.206426	I:	D:
155414	156415	+	2	1.238068	I:	D:
156430	157308	+	1	1.246159	I:	D:
157329	157643	+	3	1.182353	I:	D:
158196	159761	+	3	1.274267	I:	D:
159821	161164	+	2	1.241219	I:	D:
161333	161734	+	2	1.191603	I:	D:
161750	163180	+	2	1.183734	I:	D:
163704	165275	+	3	1.227161	I:	D:
165425	165826	-	2	1.213020	I:	D:
166043	167770	+	2	1.242385	I:	D:
168069	169139	-	3	1.282666	I:	D:
169155	169487	-	3	1.290255	I:	D:
169762	170640	-	1	1.212292	I:	D:
170657	171583	-	2	1.288097	I:	D:
171561	173072	-	3	1.241317	I:	D:
173082	173489	-	3	1.220928	I:	D:
173476	174399	-	1	1.230235	I:	D:
174399	175364	-	3	1.241750	I:	D:
175696	176520	+	1	1.255507	I:	D:
176547	176831	+	3	1.173884	I:	D:
176990	177400	+	2	1.196270	I:	D:
177604	178920	+	1	1.293868	I:	D:
179175	180542	+	3	1.306427	I:	D:
180546	183221	+	3	1.237694	I:	D:
183224	186295	+	2	1.224701	I:	D:
186749	187201	-	2	1.144354	I:	D:
187432	188523	-	1	1.226374	I:	D:
188545	189573	-	1	1.208624	I:	D:
189648	190889	-	3	1.253766	I:	D:
191030	191797	+	2	1.254097	I:	D:
191798	192319	+	2	1.179097	I:	D:
193097	193708	+	2	1.316200	I:	D:
193717	194802	+	1	1.253536	I:	D:
194849	195124	-	2	1.163153	I:	D:
195311	196138	+	2	1.240080	I:	D:
196347	196547	+	3	1.209631	I:	D:
196631	196801	+	2	1.142460	I:	D:
197954	198202	+	2	1.156528	I:	D:
198434	198781	-	2	1.195012	I:	D:
198811	199773	-	1	1.231150	I:	D:
199815	200132	-	3	1.238716	I:	D:
200455	201246	+	1	1.225865	I:	D:
201724	201957	+	1	1.286429	I:	D:
201987	202598	-	3	1.195411	I:	D:
202802	202996	-	2	1.248580	I:	D:
203209	204081	-	1	1.173044	I:	D:
204303	204965	+	3	1.150936	I:	D:
205006	205398	-	1	1.183433	I:	D:
205778	207232	+	2	1.260867	I:	D:
207480	208205	-	3	1.229356	I:	D:
208223	208618	-	2	1.228790	I:	D:
208621	209241	-	1	1.281464	I:	D:
209269	209847	-	1	1.211964	I:	D:
209992	211260	+	1	1.241403	I:	D:
211312	213345	+	1	1.218013	I:	D:
213368	214339	+	2	1.316698	I:	D:
214374	214505	-	3	1.257746	I:	D:
214339	215130	+	1	1.237190	I:	D:
215127	216023	+	3	1.215920	I:	D:
216395	217663	+	2	1.223708	I:	D:
217697	219727	+	2	1.239820	I:	D:
219755	220726	+	2	1.279095	I:	D:
220726	221517	+	1	1.286967	I:	D:
221514	222404	+	3	1.215214	I:	D:
222661	223023	-	1	1.276975	I:	D:
223176	224132	+	3	1.241762	I:	D:
224356	224658	+	1	1.297669	I:	D:
224957	226822	+	2	1.272256	I:	D:
226947	228554	+	3	1.255701	I:	D:
228676	229167	-	1	1.213293	I:	D:
229207	229572	-	1	1.186570	I:	D:
229636	230049	-	1	1.234196	I:	D:
230049	230552	-	3	1.234945	I:	D:
230864	232924	+	2	1.245496	I:	D:
233143	235503	-	1	1.243868	I:	D:
235643	236401	+	2	1.230652	I:	D:
236432	237817	+	2	1.219656	I:	D:
237828	238277	+	3	1.200263	I:	D:
238565	239800	-	2	1.295529	I:	D:
239811	241064	-	3	1.268915	I:	D:
241505	241696	-	2	1.150958	I:	D:
241693	243321	-	1	1.247126	I:	D:
243331	244437	-	1	1.207718	I:	D:
244427	245395	-	2	1.220635	I:	D:
245411	246370	-	2	1.239336	I:	D:
246370	247086	-	1	1.227688	I:	D:
247083	247895	-	3	1.255219	I:	D:
247913	248875	-	2	1.259709	I:	D:
249080	250261	+	2	1.244108	I:	D:
250679	252400	-	2	1.261253	I:	D:
252440	254014	-	2	1.245277	I:	D:
254088	254255	+	3	1.233555	I:	D:
254270	255691	-	2	1.222954	I:	D:
255902	257329	-	2	1.225147	I:	D:
257473	257991	+	1	1.254556	I:	D:
258010	258798	+	1	1.224654	I:	D:
258856	259377	+	1	1.196372	I:	D:
260102	260284	+	2	1.261658	I:	D:
260322	260720	+	3	1.192531	I:	D:
262383	264584	+	3	1.290944	I:	D:
264584	265678	+	2	1.287415	I:	D:
265757	268864	+	2	1.341752	I:	D:
268878	269624	+	3	1.254993	I:	D:
269995	271200	-	1	1.190856	I:	D:
271635	272765	-	3	1.264492	I:	D:
272859	274268	-	3	1.262355	I:	D:
274454	275317	+	2	1.261375	I:	D:
275611	276438	+	1	1.306248	I:	D:
276454	278427	+	1	1.336100	I:	D:
278504	279871	+	2	1.279511	I:	D:
279886	280659	+	1	1.292919	I:	D:
280861	281223	+	1	1.308939	I:	D:
281576	282469	+	2	1.256100	I:	D:
282456	283262	+	3	1.287226	I:	D:
283373	283612	+	2	1.332532	I:	D:
283688	284038	+	2	1.314903	I:	D:
284108	284290	+	2	1.268937	I:	D:
284872	288132	+	1	1.241329	I:	D:
288141	288446	+	3	1.227329	I:	D:
289222	292626	+	1	1.240979	I:	D:
292642	292935	+	1	1.254451	I:	D:
293675	295009	+	2	1.218276	I:	D:
>YA1_5668
2	145	+	2	1.400509	I:	D:
556	1482	+	1	1.254654	I:	D:
1751	3103	+	2	1.258520	I:	D:
3211	4716	+	1	1.179890	I:	D:
5921	6334	+	2	1.323509	I:	D:
6496	6735	+	1	1.298496	I:	D:
6873	7151	+	3	1.287577	I:	D:
7284	10631	+	3	1.243928	I:	D:
10640	10945	+	2	1.297164	I:	D:
11581	14184	+	1	1.245175	I:	D:
14202	14564	+	3	1.167200	I:	D:
14940	15278	+	3	1.202190	I:	D:
15271	15540	+	1	1.205056	I:	D:
15665	16207	-	2	1.291460	I:	D:
16435	16947	+	1	1.215825	I:	D:
17005	18600	+	1	1.223477	I:	D:
19001	19438	+	2	1.178541	I:	D:
19467	20819	+	3	1.252299	I:	D:
21010	21591	+	1	1.252388	I:	D:
22008	23438	+	3	1.263723	I:	D:
23448	23948	+	3	1.231653	I:	D:
24092	25465	+	2	1.233802	I:	D:
25482	26648	+	3	1.272673	I:	D:
26944	27351	-	1	1.447245	I:	D:
27471	27623	+	3	1.403380	I:	D:
31959	32507	+	3	1.214535	I:	D:
32580	33866	+	3	1.232198	I:	D:
33920	35008	+	2	1.301506	I:	D:
35078	36385	+	2	1.227959	I:	D:
36391	37458	+	1	1.234228	I:	D:
37462	38817	+	1	1.249923	I:	D:
38817	39668	+	3	1.253899	I:	D:
39680	40546	+	2	1.228849	I:	D:
40574	41269	+	2	1.230720	I:	D:
41259	41762	+	3	1.225168	I:	D:
42269	42775	+	2	1.292541	I:	D:
42788	43882	+	2	1.216450	I:	D:
43982	44266	+	2	1.181539	I:	D:
44302	44526	+	1	1.189523	I:	D:
45047	45742	+	2	1.181318	I:	D:
45826	47223	-	1	1.233465	I:	D:
47430	49040	+	3	1.210154	I:	D:
49077	50372	+	3	1.273634	I:	D:
50712	51026	-	3	1.257760	I:	D:
51127	53472	+	1	1.251599	I:	D:
53448	54149	+	3	1.222363	I:	D:
54158	54988	+	2	1.260654	I:	D:
55001	56245	+	2	1.196211	I:	D:
56463	57665	+	3	1.248197	I:	D:
57653	58033	+	2	1.320929	I:	D:
58033	59064	+	1	1.235844	I:	D:
59064	59975	+	3	1.246332	I:	D:
60239	62125	+	2	1.219585	I:	D:
62822	63793	+	2	1.271502	I:	D:
63786	64634	+	3	1.201788	I:	D:
65140	66324	+	1	1.291251	I:	D:
66499	67227	+	1	1.222952	I:	D:
67571	67945	+	2	1.264326	I:	D:
68190	68501	+	3	1.279387	I:	D:
68691	69317	+	3	1.255925	I:	D:
69348	69980	+	3	1.256945	I:	D:
69980	70267	+	2	1.217600	I:	D:
70321	71151	+	1	1.290694	I:	D:
71176	71454	+	1	1.314482	I:	D:
71477	71839	+	2	1.279557	I:	D:
71857	72513	+	1	1.272695	I:	D:
72516	72938	+	3	1.280890	I:	D:
72938	73120	+	2	1.269620	I:	D:
73172	73423	+	2	1.237841	I:	D:
73454	73822	+	2	1.264871	I:	D:
73845	74186	+	3	1.237634	I:	D:
74205	74756	+	3	1.258980	I:	D:
74779	75066	+	1	1.291545	I:	D:
75093	75488	+	3	1.249009	I:	D:
75514	76071	+	1	1.226555	I:	D:
76101	76469	+	3	1.252754	I:	D:
76495	76998	+	1	1.211304	I:	D:
77011	77196	+	1	1.338756	I:	D:
77198	77677	+	2	1.222779	I:	D:
77715	78995	+	3	1.327194	I:	D:
79106	79330	+	2	1.203507	I:	D:
79430	80443	+	2	1.236435	I:	D:
80502	81008	-	3	1.216897	I:	D:
81148	81627	+	1	1.229678	I:	D:
81736	82407	+	1	1.239668	I:	D:
82438	83202	+	1	1.269683	I:	D:
83283	83504	+	3	1.259449	I:	D:
83816	84172	+	2	1.267960	I:	D:
84236	84625	+	2	1.238661	I:	D:
84689	85276	+	2	1.257871	I:	D:
85304	86281	+	2	1.237578	I:	D:
86307	86657	+	3	1.241020	I:	D:
86873	87073	+	2	1.208426	I:	D:
87161	88033	-	2	1.202579	I:	D:
87831	87965	+	3	1.266640	I:	D:
88030	88644	-	1	1.232744	I:	D:
88899	89642	+	3	1.197635	I:	D:
89706	90599	+	3	1.181470	I:	D:
90672	91391	+	3	1.232090	I:	D:
91409	91975	+	2	1.171710	I:	D:
92188	92880	+	1	1.257258	I:	D:
92873	93697	+	2	1.250119	I:	D:
93761	94912	+	2	1.239014	I:	D:
94929	95600	+	3	1.217020	I:	D:
95604	96635	+	3	1.232477	I:	D:
96783	98168	+	3	1.211982	I:	D:
98229	99983	+	3	1.198403	I:	D:
100235	102010	+	2	1.244750	I:	D:
102035	103279	+	2	1.241401	I:	D:
103362	104222	+	3	1.190054	I:	D:
104219	104998	+	2	1.214218	I:	D:
105010	105573	+	1	1.185616	I:	D:
