>Y7.M028_1
52	966	+	1	1.323942	I:	D:
988	1449	-	1	1.337922	I:	D:
1579	3330	+	1	1.320578	I:	D:
3429	4304	+	3	1.301094	I:	D:
4288	5145	+	1	1.326911	I:	D:
5145	6401	+	3	1.334971	I:	D:
6428	6820	+	2	1.295143	I:	D:
6828	8006	+	3	1.283136	I:	D:
8872	9564	+	1	1.305905	I:	D:
9569	9928	+	2	1.289449	I:	D:
10013	12364	+	2	1.297595	I:	D:
12383	13477	+	2	1.303041	I:	D:
13497	16904	+	3	1.297139	I:	D:
16940	17917	+	2	1.274822	I:	D:
17976	19688	+	3	1.316496	I:	D:
19697	21871	+	2	1.315168	I:	D:
21955	22731	+	1	1.318970	I:	D:
22743	23477	+	3	1.323946	I:	D:
23498	24103	+	2	1.316343	I:	D:
24211	25950	+	1	1.317011	I:	D:
25991	26995	+	2	1.298325	I:	D:
27034	28218	+	1	1.370191	I:	D:
28288	29865	+	1	1.294894	I:	D:
30073	30969	+	1	1.319506	I:	D:
31012	32040	+	1	1.350150	I:	D:
32043	32984	+	3	1.330790	I:	D:
33076	33684	+	1	1.320917	I:	D:
33899	35716	+	2	1.318307	I:	D:
35727	36680	+	3	1.321164	I:	D:
36716	38119	+	2	1.346911	I:	D:
38135	39244	+	2	1.317898	I:	D:
39237	40154	+	3	1.325242	I:	D:
40256	41668	+	2	1.329149	I:	D:
41699	43399	+	2	1.287329	I:	D:
43506	44402	-	3	1.351210	I:	D:
44546	45475	+	2	1.341948	I:	D:
45508	46830	+	1	1.349126	I:	D:
46868	48370	+	2	1.331106	I:	D:
48375	48518	-	3	1.298966	I:	D:
48801	49754	+	3	1.339463	I:	D:
49765	50502	+	1	1.367093	I:	D:
50524	51708	+	1	1.360962	I:	D:
51754	52941	+	1	1.349419	I:	D:
53022	53255	-	3	1.270360	I:	D:
53412	54740	+	3	1.350660	I:	D:
54798	55061	+	3	1.335396	I:	D:
55061	55501	+	2	1.358976	I:	D:
55516	55776	+	1	1.262694	I:	D:
55783	56250	+	1	1.336388	I:	D:
56269	57936	+	1	1.349982	I:	D:
58114	58779	+	1	1.360700	I:	D:
58781	60019	+	2	1.341162	I:	D:
60055	60747	+	1	1.312535	I:	D:
60863	61954	+	2	1.322454	I:	D:
62059	62676	+	1	1.338523	I:	D:
62645	63739	+	2	1.309905	I:	D:
63971	65524	+	2	1.359576	I:	D:
65541	66635	+	3	1.332754	I:	D:
66652	68748	+	1	1.314702	I:	D:
68813	69595	+	2	1.307026	I:	D:
69661	69969	+	1	1.281936	I:	D:
70084	70368	+	1	1.293155	I:	D:
70408	72030	+	1	1.281493	I:	D:
72146	72637	+	2	1.294748	I:	D:
72773	74227	+	2	1.300223	I:	D:
74455	75483	+	1	1.299318	I:	D:
75541	76260	+	1	1.323826	I:	D:
76339	77622	+	1	1.290725	I:	D:
77663	78160	+	2	1.316172	I:	D:
78651	78791	+	3	1.294116	I:	D:
>Y7.M028_2
1	474	+	1	1.337577	I:	D:
493	663	+	1	1.417917	I:	D:
715	882	-	1	1.307574	I:	D:
915	1442	+	3	1.299280	I:	D:
2366	2509	+	2	1.297594	I:	D:
2517	3038	+	3	1.331891	I:	D:
3110	4456	+	2	1.336038	I:	D:
4514	5035	+	2	1.360757	I:	D:
5065	6222	-	1	1.370368	I:	D:
6209	7351	-	2	1.371580	I:	D:
7366	8298	-	1	1.345251	I:	D:
8409	9575	+	3	1.334471	I:	D:
9572	10219	+	2	1.341834	I:	D:
10247	11641	+	2	1.350869	I:	D:
11643	12590	+	3	1.342241	I:	D:
12595	12972	+	1	1.316350	I:	D:
12978	13811	+	3	1.341583	I:	D:
14272	15519	+	1	1.324367	I:	D:
15588	16676	+	3	1.327855	I:	D:
16792	17172	+	1	1.271634	I:	D:
17207	18526	+	2	1.336067	I:	D:
18520	19944	+	1	1.343181	I:	D:
19981	21048	+	1	1.329141	I:	D:
21193	22665	+	1	1.332135	I:	D:
22756	24546	-	1	1.338884	I:	D:
24728	25285	+	2	1.340033	I:	D:
25282	27648	+	1	1.345230	I:	D:
27822	28700	-	3	1.354581	I:	D:
28810	29511	+	1	1.334015	I:	D:
29666	33433	+	2	1.322723	I:	D:
33476	33694	+	2	1.314723	I:	D:
33825	35159	+	3	1.313836	I:	D:
35531	35701	+	2	1.395982	I:	D:
35897	36457	+	2	1.347276	I:	D:
36499	37050	+	1	1.326506	I:	D:
37136	38140	+	2	1.309369	I:	D:
38259	38966	+	3	1.333217	I:	D:
39016	41046	+	1	1.332384	I:	D:
41059	41259	+	1	1.424883	I:	D:
41394	42107	+	3	1.343555	I:	D:
42112	43500	+	1	1.306261	I:	D:
43485	43928	+	3	1.324006	I:	D:
43941	44738	+	3	1.328346	I:	D:
44787	45413	+	3	1.322136	I:	D:
45502	46563	+	1	1.327748	I:	D:
46840	47931	+	1	1.326226	I:	D:
47949	48998	+	3	1.318336	I:	D:
49323	50654	+	3	1.357914	I:	D:
50800	52473	+	1	1.328492	I:	D:
52533	53930	+	3	1.326011	I:	D:
54098	54442	-	2	1.278326	I:	D:
54652	56214	+	1	1.326706	I:	D:
56349	57647	+	3	1.315215	I:	D:
57751	57900	+	1	1.318015	I:	D:
58105	58410	-	1	1.346261	I:	D:
58497	59000	+	3	1.294417	I:	D:
58985	59752	+	2	1.350595	I:	D:
59882	60205	-	2	1.389395	I:	D:
60204	62141	+	3	1.318013	I:	D:
62216	62554	+	2	1.373392	I:	D:
62760	64106	+	3	1.323604	I:	D:
64111	65043	+	1	1.336551	I:	D:
65282	65506	+	2	1.300860	I:	D:
65879	67006	+	2	1.300713	I:	D:
67073	67954	+	2	1.346674	I:	D:
67947	68720	+	3	1.334741	I:	D:
68866	69381	+	1	1.308691	I:	D:
69443	70831	+	2	1.362923	I:	D:
70961	72310	+	2	1.353294	I:	D:
72357	73220	+	3	1.329001	I:	D:
73515	74009	+	3	1.294854	I:	D:
74042	74239	+	2	1.285304	I:	D:
74276	74632	+	2	1.312908	I:	D:
74693	75172	-	2	1.322830	I:	D:
75260	76015	+	2	1.335341	I:	D:
76058	76585	+	2	1.302003	I:	D:
76798	78429	-	1	1.323243	I:	D:
78684	79541	+	3	1.323554	I:	D:
79613	80617	+	2	1.329690	I:	D:
80680	81324	-	1	1.310254	I:	D:
81669	82592	+	3	1.293965	I:	D:
82599	84029	+	3	1.308829	I:	D:
84116	84397	+	2	1.355818	I:	D:
84683	85993	+	2	1.336181	I:	D:
86009	87019	+	2	1.315733	I:	D:
87101	88513	+	2	1.343153	I:	D:
88736	89845	+	2	1.338790	I:	D:
89924	90670	+	2	1.326441	I:	D:
90894	91631	-	3	1.327724	I:	D:
91782	92267	+	3	1.330058	I:	D:
92309	92644	-	2	1.351706	I:	D:
92613	93113	-	3	1.341514	I:	D:
93191	93511	+	2	1.383004	I:	D:
93589	94257	-	1	1.324902	I:	D:
94418	94783	+	2	1.316188	I:	D:
94785	96134	+	3	1.319349	I:	D:
96215	96460	+	2	1.318371	I:	D:
96485	96715	+	2	1.273156	I:	D:
96796	97359	+	1	1.300711	I:	D:
97374	98189	+	3	1.322350	I:	D:
98293	98640	+	1	1.304781	I:	D:
98759	99418	+	2	1.326771	I:	D:
99439	100287	+	1	1.304857	I:	D:
100329	100895	+	3	1.322455	I:	D:
100888	101547	+	1	1.323090	I:	D:
101612	101992	+	2	1.340915	I:	D:
102002	102835	+	2	1.329470	I:	D:
102850	103746	+	1	1.314396	I:	D:
104116	105225	+	1	1.348596	I:	D:
105258	105794	+	3	1.347077	I:	D:
105944	106126	-	2	1.294043	I:	D:
106119	106631	-	3	1.337131	I:	D:
106624	106908	-	1	1.322119	I:	D:
107336	107707	+	2	1.305976	I:	D:
107807	108109	+	2	1.295632	I:	D:
108163	108477	-	1	1.309827	I:	D:
108495	108890	-	3	1.339789	I:	D:
108988	110163	+	1	1.304473	I:	D:
110180	110389	+	2	1.327911	I:	D:
110421	111509	+	3	1.303094	I:	D:
111510	112268	+	3	1.303118	I:	D:
112271	113623	+	2	1.271278	I:	D:
113637	114233	+	3	1.292340	I:	D:
114280	115032	+	1	1.274566	I:	D:
115206	116543	+	3	1.270304	I:	D:
116791	117723	+	1	1.324050	I:	D:
117806	118054	+	2	1.306003	I:	D:
118068	118994	+	3	1.306208	I:	D:
119079	119234	+	3	1.279824	I:	D:
119311	120126	+	1	1.316061	I:	D:
120151	120444	+	1	1.302260	I:	D:
120441	121340	+	3	1.320230	I:	D:
121435	121941	+	1	1.361408	I:	D:
122060	124480	-	2	1.314677	I:	D:
124757	125389	+	2	1.320066	I:	D:
125359	126405	+	1	1.289219	I:	D:
126398	127456	+	2	1.331591	I:	D:
127546	127713	+	1	1.315678	I:	D:
127716	129551	+	3	1.345912	I:	D:
129735	129911	+	3	1.281971	I:	D:
130207	131058	-	1	1.356059	I:	D:
131042	131818	-	2	1.353937	I:	D:
131932	132573	+	1	1.325314	I:	D:
132718	134115	+	1	1.315319	I:	D:
134209	135294	+	1	1.313235	I:	D:
135526	137799	+	1	1.356394	I:	D:
137839	139905	+	1	1.360613	I:	D:
139921	140598	+	1	1.356656	I:	D:
140621	141496	+	2	1.362691	I:	D:
141640	141936	+	1	1.350129	I:	D:
142068	143021	+	3	1.335569	I:	D:
143055	144239	+	3	1.340194	I:	D:
144276	144455	+	3	1.361383	I:	D:
144663	146282	+	3	1.363233	I:	D:
146426	146902	+	2	1.321189	I:	D:
147107	148636	+	2	1.338916	I:	D:
148821	150809	+	3	1.324470	I:	D:
150978	151409	+	3	1.311128	I:	D:
151601	152965	-	2	1.338057	I:	D:
153299	153970	+	2	1.352091	I:	D:
153977	154201	+	2	1.316512	I:	D:
154205	155644	+	2	1.303046	I:	D:
155659	156444	+	1	1.310823	I:	D:
156466	156837	+	1	1.291513	I:	D:
156882	158036	+	3	1.333802	I:	D:
158063	159478	+	2	1.316631	I:	D:
159765	160820	+	3	1.346625	I:	D:
160875	162107	+	3	1.337250	I:	D:
162140	162796	+	2	1.331544	I:	D:
162878	163735	+	2	1.303362	I:	D:
163716	164801	+	3	1.298814	I:	D:
165033	166355	+	3	1.329996	I:	D:
166383	167333	+	3	1.336121	I:	D:
167333	167914	+	2	1.295673	I:	D:
167932	168651	+	1	1.344302	I:	D:
168666	169241	+	3	1.319711	I:	D:
169255	170046	+	1	1.340706	I:	D:
170051	170509	+	2	1.359596	I:	D:
170552	170989	+	2	1.338485	I:	D:
171672	172673	-	3	1.338480	I:	D:
172678	172824	-	1	1.289598	I:	D:
172836	173201	+	3	1.313116	I:	D:
173212	173703	+	1	1.363073	I:	D:
173714	174328	+	2	1.334808	I:	D:
174345	175346	+	3	1.341515	I:	D:
175418	175825	+	2	1.305563	I:	D:
175905	178052	+	3	1.338826	I:	D:
178061	179533	+	2	1.338808	I:	D:
179448	180902	+	3	1.331213	I:	D:
180975	181298	+	3	1.321607	I:	D:
181300	182331	+	1	1.332707	I:	D:
182412	182801	+	3	1.301936	I:	D:
182831	183025	+	2	1.351445	I:	D:
183114	183302	+	3	1.323778	I:	D:
183424	183807	+	1	1.299974	I:	D:
183836	185518	+	2	1.284794	I:	D:
185709	187742	+	3	1.328472	I:	D:
187911	189152	+	3	1.325996	I:	D:
189471	189677	-	3	1.297402	I:	D:
189817	190095	-	1	1.294714	I:	D:
190236	191453	+	3	1.309610	I:	D:
191607	191822	+	3	1.366689	I:	D:
192066	193949	-	3	1.316253	I:	D:
193971	194849	+	3	1.365926	I:	D:
194936	195688	+	2	1.310391	I:	D:
195699	196277	+	3	1.327786	I:	D:
196396	197754	+	1	1.341300	I:	D:
197880	199211	+	3	1.349320	I:	D:
199221	200615	+	3	1.333286	I:	D:
200826	201881	+	3	1.323769	I:	D:
201885	202493	+	3	1.322073	I:	D:
202577	204130	+	2	1.305036	I:	D:
204330	204872	+	3	1.301566	I:	D:
204937	205476	+	1	1.359411	I:	D:
205578	206903	-	3	1.367745	I:	D:
207040	207504	+	1	1.350472	I:	D:
207571	208767	+	1	1.314543	I:	D:
208845	209288	+	3	1.281573	I:	D:
209304	210389	+	3	1.332872	I:	D:
210437	211273	+	2	1.307505	I:	D:
211424	212437	+	2	1.312690	I:	D:
212530	213723	+	1	1.302734	I:	D:
213743	214492	+	2	1.307196	I:	D:
214588	216126	+	1	1.310672	I:	D:
216255	216941	+	3	1.330620	I:	D:
216938	217957	+	2	1.338192	I:	D:
218012	218893	+	2	1.358087	I:	D:
218952	220949	+	3	1.350338	I:	D:
220966	221664	+	1	1.365922	I:	D:
221759	222430	+	2	1.327839	I:	D:
222562	223083	+	1	1.334542	I:	D:
223212	224231	+	3	1.320226	I:	D:
224555	224827	-	2	1.271387	I:	D:
225003	225995	+	3	1.317825	I:	D:
226096	227307	+	1	1.335034	I:	D:
227323	229359	+	1	1.338185	I:	D:
229385	231625	+	2	1.329956	I:	D:
231631	232467	+	1	1.355336	I:	D:
232658	233125	+	2	1.310432	I:	D:
233156	234355	+	2	1.298070	I:	D:
234366	234644	+	3	1.335824	I:	D:
234631	234954	+	1	1.323813	I:	D:
234969	237512	+	3	1.322578	I:	D:
237525	237911	+	3	1.314730	I:	D:
237901	238872	+	1	1.328894	I:	D:
238876	239775	+	1	1.322461	I:	D:
239793	240716	+	3	1.330367	I:	D:
240846	241112	+	3	1.334068	I:	D:
241157	241297	+	2	1.300100	I:	D:
241452	243539	+	3	1.320859	I:	D:
243590	243721	+	2	1.324516	I:	D:
243985	244938	+	1	1.354734	I:	D:
244935	245453	+	3	1.372614	I:	D:
245471	245665	+	2	1.353633	I:	D:
245692	246111	+	1	1.342201	I:	D:
246120	247388	+	3	1.331051	I:	D:
247408	247845	+	1	1.319799	I:	D:
247820	248464	+	2	1.333538	I:	D:
248472	249158	+	3	1.309389	I:	D:
249285	250889	+	3	1.321292	I:	D:
250997	251380	+	2	1.274550	I:	D:
251381	251779	+	2	1.297012	I:	D:
251793	253007	+	3	1.351814	I:	D:
253047	253274	+	3	1.297363	I:	D:
253294	254166	+	1	1.318554	I:	D:
254182	256044	+	1	1.323625	I:	D:
256060	256869	+	1	1.312881	I:	D:
256876	257715	+	1	1.323741	I:	D:
257720	258169	+	2	1.314913	I:	D:
258178	259851	+	1	1.306922	I:	D:
259946	261010	+	2	1.325479	I:	D:
261129	261917	+	3	1.304182	I:	D:
261987	263423	+	3	1.320095	I:	D:
263455	264324	+	1	1.318735	I:	D:
264335	264979	+	2	1.346301	I:	D:
265009	267399	+	1	1.315974	I:	D:
267456	268463	+	3	1.340422	I:	D:
268626	270137	+	3	1.343714	I:	D:
270310	272973	+	1	1.317927	I:	D:
272966	273313	+	2	1.338392	I:	D:
273642	274892	+	3	1.314284	I:	D:
275057	276010	-	2	1.350567	I:	D:
276000	276701	-	3	1.330598	I:	D:
276795	277331	+	3	1.331326	I:	D:
277482	279203	+	3	1.356901	I:	D:
279207	279776	+	3	1.310072	I:	D:
279770	280261	+	2	1.324941	I:	D:
280267	280989	+	1	1.301252	I:	D:
280997	281947	-	2	1.385979	I:	D:
282055	283503	+	1	1.325808	I:	D:
283524	284900	+	3	1.338969	I:	D:
284902	285615	+	1	1.338891	I:	D:
285602	287590	+	2	1.365769	I:	D:
287654	288430	+	2	1.369105	I:	D:
288533	289108	+	2	1.318137	I:	D:
289134	290156	+	3	1.343036	I:	D:
289976	290686	+	2	1.324861	I:	D:
290745	291998	+	3	1.329733	I:	D:
292004	292639	+	2	1.329504	I:	D:
292674	293987	+	3	1.307046	I:	D:
294020	294607	+	2	1.341316	I:	D:
294624	295907	+	3	1.321859	I:	D:
295918	296166	-	1	1.401970	I:	D:
296007	296306	+	3	1.303276	I:	D:
296337	297281	+	3	1.335843	I:	D:
297283	298572	+	1	1.329127	I:	D:
298892	300256	+	2	1.365314	I:	D:
300431	300928	+	2	1.332355	I:	D:
300928	301767	+	1	1.317710	I:	D:
301889	302545	+	2	1.351759	I:	D:
302604	303344	+	3	1.313223	I:	D:
303341	304852	+	2	1.337404	I:	D:
304981	307110	+	1	1.310909	I:	D:
307438	308154	+	1	1.308119	I:	D:
308151	309326	+	3	1.321264	I:	D:
309329	312007	+	2	1.340104	I:	D:
312007	312801	+	1	1.352172	I:	D:
313144	313917	+	1	1.309952	I:	D:
313990	314841	-	1	1.340495	I:	D:
315259	317889	+	1	1.331399	I:	D:
317882	318646	+	2	1.321220	I:	D:
318866	319180	+	2	1.315094	I:	D:
319155	320174	+	3	1.318672	I:	D:
320370	321278	-	3	1.294453	I:	D:
321330	322235	-	3	1.361483	I:	D:
322456	323139	+	1	1.328171	I:	D:
323139	324299	+	3	1.321788	I:	D:
324585	326450	+	3	1.345061	I:	D:
326434	327168	+	1	1.317451	I:	D:
327254	327736	+	2	1.299095	I:	D:
327953	329284	+	2	1.307474	I:	D:
329363	329809	+	2	1.311444	I:	D:
329799	330587	+	3	1.332404	I:	D:
330789	331097	+	3	1.278908	I:	D:
331113	331442	+	3	1.282341	I:	D:
331448	331729	+	2	1.303490	I:	D:
331833	333113	+	3	1.310413	I:	D:
333159	333452	+	3	1.276613	I:	D:
333472	334077	+	1	1.362333	I:	D:
334119	334706	+	3	1.319822	I:	D:
334708	335061	+	1	1.258219	I:	D:
335251	335868	-	1	1.329589	I:	D:
336039	336518	+	3	1.315799	I:	D:
336832	338016	+	1	1.321845	I:	D:
338149	338793	-	1	1.297459	I:	D:
338875	339693	-	1	1.345209	I:	D:
339776	340282	-	2	1.319595	I:	D:
340330	341085	-	1	1.301327	I:	D:
341088	341648	-	3	1.306271	I:	D:
341674	342372	-	1	1.272824	I:	D:
342410	343786	-	2	1.300750	I:	D:
343799	344755	-	2	1.316056	I:	D:
344839	345039	+	1	1.327898	I:	D:
345157	346152	-	1	1.295372	I:	D:
346136	346531	-	2	1.303504	I:	D:
346544	347668	-	2	1.306088	I:	D:
347665	347877	-	1	1.316222	I:	D:
347889	348680	-	3	1.331300	I:	D:
348662	349252	-	2	1.301986	I:	D:
349270	352221	-	1	1.302341	I:	D:
352202	352720	-	2	1.327104	I:	D:
352724	353602	-	2	1.313412	I:	D:
353602	354630	-	1	1.315996	I:	D:
354667	355359	-	1	1.316357	I:	D:
355421	355681	-	2	1.353914	I:	D:
355827	357458	-	3	1.328977	I:	D:
357490	358719	-	1	1.334503	I:	D:
358757	360040	-	2	1.318942	I:	D:
360082	360378	-	1	1.334768	I:	D:
360372	361316	-	3	1.313156	I:	D:
361318	363423	-	1	1.330053	I:	D:
363427	366075	-	1	1.316044	I:	D:
366103	366561	-	1	1.331850	I:	D:
366631	368076	-	1	1.313513	I:	D:
368125	368307	-	1	1.252468	I:	D:
368328	368903	-	3	1.317773	I:	D:
368881	369102	-	1	1.261712	I:	D:
369133	369504	-	1	1.288618	I:	D:
369551	370372	-	2	1.331374	I:	D:
370376	372046	-	2	1.330254	I:	D:
372092	372586	-	2	1.302365	I:	D:
372583	373599	-	1	1.308571	I:	D:
373603	374868	-	1	1.337991	I:	D:
374881	375153	-	1	1.321364	I:	D:
375232	377271	-	1	1.327584	I:	D:
377447	378496	-	2	1.319715	I:	D:
378697	379104	+	1	1.327232	I:	D:
379197	380084	-	3	1.327546	I:	D:
380214	380693	-	3	1.316706	I:	D:
380814	382856	-	3	1.311897	I:	D:
383141	384433	-	2	1.308741	I:	D:
384535	385422	-	1	1.320303	I:	D:
385632	386822	-	3	1.307821	I:	D:
387247	387507	-	1	1.293862	I:	D:
>Y7.M028_3
1	828	-	1	1.304394	I:	D:
1210	1809	-	1	1.297395	I:	D:
2262	4694	-	3	1.308226	I:	D:
5302	5835	-	1	1.307063	I:	D:
5959	6138	+	1	1.314348	I:	D:
6212	7087	-	2	1.270291	I:	D:
7211	8272	-	2	1.308237	I:	D:
8405	9169	+	2	1.293173	I:	D:
9169	9513	+	1	1.303598	I:	D:
9530	11359	-	2	1.295822	I:	D:
11481	12245	-	3	1.305353	I:	D:
12238	12765	-	1	1.274608	I:	D:
12912	14654	-	3	1.291171	I:	D:
14960	15247	+	2	1.297518	I:	D:
15303	15557	-	3	1.304345	I:	D:
15560	15820	-	2	1.286572	I:	D:
15832	21051	-	1	1.269218	I:	D:
21502	21783	+	1	1.397000	I:	D:
21854	22978	+	2	1.327240	I:	D:
23003	23320	+	2	1.272597	I:	D:
23354	23638	+	2	1.281654	I:	D:
23671	24102	+	1	1.332445	I:	D:
24234	24584	-	3	1.320281	I:	D:
24769	24966	-	1	1.312255	I:	D:
25026	27002	-	3	1.298949	I:	D:
27140	27931	-	2	1.271432	I:	D:
27944	29284	-	2	1.294284	I:	D:
29343	29576	-	3	1.258181	I:	D:
29698	30570	-	1	1.304113	I:	D:
30585	31421	-	3	1.285270	I:	D:
31429	31839	-	1	1.314241	I:	D:
31852	32295	-	1	1.283796	I:	D:
32308	33192	-	1	1.277588	I:	D:
33195	34076	-	3	1.281300	I:	D:
34111	35460	-	1	1.284816	I:	D:
35569	37269	-	1	1.289696	I:	D:
37276	38019	-	1	1.312724	I:	D:
38219	39646	-	2	1.282306	I:	D:
40123	44247	-	1	1.339031	I:	D:
44263	44811	-	1	1.326209	I:	D:
44826	44999	-	3	1.287245	I:	D:
45101	45319	-	2	1.285046	I:	D:
45491	45670	-	2	1.247669	I:	D:
45746	47203	-	2	1.307086	I:	D:
47214	48080	-	3	1.302329	I:	D:
48067	49197	-	1	1.317005	I:	D:
49215	49697	-	3	1.298401	I:	D:
49831	50100	+	1	1.325164	I:	D:
50136	50963	-	3	1.319868	I:	D:
51040	52623	-	1	1.289243	I:	D:
52708	53223	+	1	1.314296	I:	D:
53348	54190	+	2	1.297585	I:	D:
54204	54944	+	3	1.307412	I:	D:
54966	57251	-	3	1.313736	I:	D:
57358	57984	-	1	1.282285	I:	D:
58161	59969	-	3	1.291759	I:	D:
60055	60615	-	1	1.319870	I:	D:
60602	60964	-	2	1.298345	I:	D:
61162	62316	+	1	1.306506	I:	D:
62328	63149	+	3	1.278725	I:	D:
63169	63600	+	1	1.296808	I:	D:
63635	63871	-	2	1.282637	I:	D:
63868	64026	-	1	1.241302	I:	D:
64380	64559	-	3	1.347553	I:	D:
64563	65090	-	3	1.326075	I:	D:
65179	66366	-	1	1.307023	I:	D:
66392	67387	-	2	1.308992	I:	D:
67547	69103	-	2	1.309601	I:	D:
69081	70334	+	3	1.349932	I:	D:
70489	71853	-	1	1.313160	I:	D:
71884	72183	-	1	1.287146	I:	D:
72211	73008	-	1	1.328154	I:	D:
73030	73620	-	1	1.298131	I:	D:
73633	76248	-	1	1.314767	I:	D:
76626	76958	-	3	1.321224	I:	D:
76970	77101	+	2	1.317575	I:	D:
77290	77688	-	1	1.266582	I:	D:
77925	78371	+	3	1.331850	I:	D:
78522	78668	+	3	1.368247	I:	D:
78680	82243	-	2	1.301891	I:	D:
82542	83222	-	3	1.266492	I:	D:
83269	84546	-	1	1.304760	I:	D:
84543	85265	-	3	1.351591	I:	D:
85327	85458	-	1	1.299293	I:	D:
85492	86934	-	1	1.314075	I:	D:
86957	87829	-	2	1.353617	I:	D:
88054	92298	+	1	1.339472	I:	D:
92621	93631	-	2	1.310104	I:	D:
93672	94364	-	3	1.315507	I:	D:
94382	94516	-	2	1.270983	I:	D:
94639	95181	-	1	1.321979	I:	D:
95181	96503	-	3	1.308494	I:	D:
96686	96934	-	2	1.270154	I:	D:
96939	97559	-	3	1.300640	I:	D:
97596	98477	-	3	1.312026	I:	D:
98604	100343	+	3	1.333491	I:	D:
100365	100565	-	3	1.368559	I:	D:
100848	101054	-	3	1.334330	I:	D:
101146	101397	+	1	1.372818	I:	D:
101407	101631	+	1	1.409444	I:	D:
101693	102982	-	2	1.317456	I:	D:
103020	104150	-	3	1.312665	I:	D:
104272	104868	+	1	1.307536	I:	D:
104885	105802	+	2	1.319224	I:	D:
105816	106262	+	3	1.319799	I:	D:
106291	106425	-	1	1.345811	I:	D:
106452	106697	+	3	1.410911	I:	D:
106761	107447	-	3	1.307403	I:	D:
107451	107954	-	3	1.329939	I:	D:
108026	109183	-	2	1.313317	I:	D:
109325	110797	-	2	1.315262	I:	D:
110983	111870	+	1	1.310714	I:	D:
111884	112645	+	2	1.313725	I:	D:
112760	114193	-	2	1.327600	I:	D:
114486	115772	-	3	1.318024	I:	D:
115800	116675	-	3	1.296189	I:	D:
116768	118738	-	2	1.314176	I:	D:
118781	119617	-	2	1.294957	I:	D:
119833	120720	+	1	1.317046	I:	D:
120797	121807	-	2	1.315590	I:	D:
121839	122492	-	3	1.336873	I:	D:
122495	123823	-	2	1.305382	I:	D:
123984	125159	+	3	1.308317	I:	D:
125240	126673	-	2	1.296703	I:	D:
126776	127939	-	2	1.308007	I:	D:
127942	129024	-	1	1.302534	I:	D:
129061	130755	-	1	1.322069	I:	D:
130770	132443	-	3	1.338700	I:	D:
132524	133609	-	2	1.301946	I:	D:
133706	134140	-	2	1.324480	I:	D:
133995	134831	-	3	1.347911	I:	D:
134904	137156	-	3	1.324247	I:	D:
137460	137768	-	3	1.301192	I:	D:
137859	138992	-	3	1.337902	I:	D:
139012	140670	-	1	1.301999	I:	D:
140797	141894	+	1	1.339144	I:	D:
142030	143697	-	1	1.324670	I:	D:
143737	144531	-	1	1.308757	I:	D:
144551	145246	-	2	1.310552	I:	D:
145261	146370	-	1	1.300450	I:	D:
146410	148188	-	1	1.328929	I:	D:
148673	149167	-	2	1.322774	I:	D:
149178	150935	-	3	1.347142	I:	D:
150965	151984	-	2	1.305382	I:	D:
152421	154262	-	3	1.324036	I:	D:
154272	155801	-	3	1.305201	I:	D:
155862	156341	-	3	1.356381	I:	D:
156338	157498	-	2	1.322477	I:	D:
157623	158480	-	3	1.323297	I:	D:
158614	160065	-	1	1.319465	I:	D:
160099	161559	-	1	1.321171	I:	D:
161751	162434	-	3	1.320620	I:	D:
162447	163097	-	3	1.326045	I:	D:
163168	164025	-	1	1.306894	I:	D:
164133	164912	-	3	1.324799	I:	D:
164887	166176	-	1	1.327641	I:	D:
166192	169488	-	1	1.319392	I:	D:
169563	170705	+	3	1.336752	I:	D:
170833	171177	-	1	1.304446	I:	D:
171262	173190	-	1	1.329242	I:	D:
173183	174040	-	2	1.312665	I:	D:
174093	175109	-	3	1.338288	I:	D:
175106	175780	-	2	1.313704	I:	D:
176011	176697	-	1	1.326925	I:	D:
176902	177057	-	1	1.309396	I:	D:
177226	180426	-	1	1.322307	I:	D:
180426	181538	-	3	1.309403	I:	D:
181758	183062	-	3	1.330966	I:	D:
183164	184432	+	2	1.351028	I:	D:
184492	184704	+	1	1.346920	I:	D:
184806	185843	-	3	1.319873	I:	D:
185852	186994	-	2	1.320859	I:	D:
187004	187810	-	2	1.333559	I:	D:
187803	188525	-	3	1.309106	I:	D:
188638	189189	-	1	1.269609	I:	D:
189224	189919	-	2	1.310500	I:	D:
190049	190642	-	2	1.301467	I:	D:
190727	193015	-	2	1.349354	I:	D:
193012	193479	-	1	1.350395	I:	D:
193483	194295	-	1	1.340164	I:	D:
194499	194795	+	3	1.369510	I:	D:
194804	196882	-	2	1.346076	I:	D:
196952	198322	-	2	1.341174	I:	D:
198448	199020	-	1	1.316424	I:	D:
199116	199748	-	3	1.320798	I:	D:
200293	200820	+	1	1.360604	I:	D:
200949	202340	+	3	1.322601	I:	D:
202789	204300	-	1	1.339736	I:	D:
204392	204817	-	2	1.280067	I:	D:
204933	205133	-	3	1.248240	I:	D:
205380	206300	-	3	1.288280	I:	D:
206334	207203	-	3	1.303629	I:	D:
207317	208498	-	2	1.318130	I:	D:
208745	210271	-	2	1.336790	I:	D:
210284	214819	-	2	1.323219	I:	D:
214946	215941	-	2	1.325169	I:	D:
216017	216508	-	2	1.324741	I:	D:
216523	217077	-	1	1.320055	I:	D:
217213	218157	-	1	1.333037	I:	D:
218180	218878	-	2	1.381702	I:	D:
218891	219787	-	2	1.342093	I:	D:
219801	220850	-	3	1.347112	I:	D:
220863	221621	-	3	1.358258	I:	D:
221667	222557	-	3	1.315394	I:	D:
222618	223586	-	3	1.348817	I:	D:
223595	224560	-	2	1.357977	I:	D:
224557	225048	-	1	1.347717	I:	D:
225065	226291	-	2	1.362465	I:	D:
226294	227319	-	1	1.335410	I:	D:
227451	228542	-	3	1.345669	I:	D:
228826	229443	-	1	1.331282	I:	D:
229567	231201	-	1	1.333460	I:	D:
231424	232149	+	1	1.341772	I:	D:
232275	233504	-	3	1.322620	I:	D:
233578	237225	-	1	1.329946	I:	D:
237480	238451	+	3	1.342009	I:	D:
238619	238798	-	2	1.328755	I:	D:
239029	239868	+	1	1.321578	I:	D:
239955	240167	+	3	1.314052	I:	D:
240290	240892	-	2	1.317726	I:	D:
241025	242314	-	2	1.336068	I:	D:
242211	243275	-	3	1.322990	I:	D:
243241	244665	-	1	1.342076	I:	D:
244668	245495	-	3	1.334161	I:	D:
245503	246846	-	1	1.332160	I:	D:
247080	248528	+	3	1.319854	I:	D:
248633	249865	-	2	1.328147	I:	D:
249947	251008	-	2	1.326275	I:	D:
251244	252482	-	3	1.318553	I:	D:
252590	253786	-	2	1.324956	I:	D:
253810	255690	-	1	1.298902	I:	D:
255746	256390	-	2	1.260725	I:	D:
256394	257449	-	2	1.316974	I:	D:
257681	260230	-	2	1.325828	I:	D:
260370	260504	-	3	1.267879	I:	D:
260536	261378	+	1	1.332719	I:	D:
261581	262972	-	2	1.287244	I:	D:
263017	263274	+	1	1.307210	I:	D:
263743	265062	-	1	1.314246	I:	D:
265122	265898	-	3	1.307830	I:	D:
266106	266735	-	3	1.332520	I:	D:
266747	268393	-	2	1.318237	I:	D:
268589	269287	+	2	1.295222	I:	D:
269559	271514	-	3	1.338437	I:	D:
271527	272405	-	3	1.304485	I:	D:
272435	273193	-	2	1.310896	I:	D:
273409	274005	+	1	1.278332	I:	D:
274171	275325	-	1	1.316345	I:	D:
275331	277097	-	3	1.294325	I:	D:
277150	277791	-	1	1.315172	I:	D:
277840	277989	+	1	1.372037	I:	D:
278054	278938	-	2	1.311585	I:	D:
279103	279666	-	1	1.295183	I:	D:
279739	280257	-	1	1.316224	I:	D:
280259	281041	-	2	1.294704	I:	D:
281316	283316	+	3	1.327699	I:	D:
283457	284116	-	2	1.308764	I:	D:
284113	284304	-	1	1.300614	I:	D:
284365	284736	-	1	1.308730	I:	D:
284772	284951	+	3	1.364229	I:	D:
284975	286489	-	2	1.331931	I:	D:
286502	287107	-	2	1.310658	I:	D:
287240	287368	+	2	1.318898	I:	D:
287417	289624	-	2	1.335558	I:	D:
289789	290814	-	1	1.308646	I:	D:
290953	291465	-	1	1.297180	I:	D:
291493	293214	-	1	1.326840	I:	D:
293804	294943	+	2	1.297972	I:	D:
294945	296060	+	3	1.315802	I:	D:
296166	297356	-	3	1.339491	I:	D:
297367	297855	-	1	1.317021	I:	D:
297924	298772	-	3	1.332454	I:	D:
298805	299236	-	2	1.335773	I:	D:
299333	300700	-	2	1.343758	I:	D:
300829	302115	-	1	1.304885	I:	D:
302320	302586	+	1	1.409289	I:	D:
302777	304588	-	2	1.308080	I:	D:
304647	305912	-	3	1.307322	I:	D:
305903	307408	-	2	1.329167	I:	D:
307456	308079	-	1	1.328052	I:	D:
308084	310429	-	2	1.335455	I:	D:
310462	310986	-	1	1.311893	I:	D:
311087	312847	-	2	1.335384	I:	D:
312957	315122	-	3	1.311956	I:	D:
315150	316547	-	3	1.317883	I:	D:
316794	316928	+	3	1.346357	I:	D:
316974	317348	-	3	1.330752	I:	D:
317423	317968	-	2	1.335867	I:	D:
318129	318575	+	3	1.281838	I:	D:
318696	319334	+	3	1.328814	I:	D:
319279	319833	+	1	1.346348	I:	D:
319913	320290	+	2	1.335281	I:	D:
320547	321590	-	3	1.286035	I:	D:
321607	324987	-	1	1.331811	I:	D:
324991	325575	-	1	1.312098	I:	D:
325721	326155	+	2	1.311722	I:	D:
326198	326461	-	2	1.287181	I:	D:
326488	327162	-	1	1.340029	I:	D:
327250	328026	-	1	1.317912	I:	D:
328154	329761	-	2	1.327148	I:	D:
329800	330540	-	1	1.314085	I:	D:
330506	331390	-	2	1.351970	I:	D:
331586	332869	-	2	1.304600	I:	D:
333007	333783	-	1	1.316428	I:	D:
333831	334913	-	3	1.332992	I:	D:
334926	336281	-	3	1.296997	I:	D:
336291	337247	-	3	1.323353	I:	D:
337313	339064	-	2	1.325776	I:	D:
339106	340986	-	1	1.319751	I:	D:
340995	341546	-	3	1.319585	I:	D:
341590	342525	-	1	1.342360	I:	D:
342537	342977	-	3	1.303829	I:	D:
343228	343485	-	1	1.316656	I:	D:
343539	344378	-	3	1.316046	I:	D:
344521	345705	-	1	1.334701	I:	D:
345830	346120	+	2	1.376428	I:	D:
346390	347001	+	1	1.325362	I:	D:
>Y7.M028_4
406	1692	-	1	1.317830	I:	D:
1733	2014	+	2	1.359379	I:	D:
2084	3589	-	2	1.310739	I:	D:
3610	4104	-	1	1.294777	I:	D:
4108	5493	-	1	1.326603	I:	D:
5821	6411	+	1	1.327027	I:	D:
6592	6861	+	1	1.333229	I:	D:
7363	8232	-	1	1.349745	I:	D:
8232	9215	-	3	1.308963	I:	D:
9290	9448	-	2	1.322971	I:	D:
9467	10312	+	2	1.321522	I:	D:
10435	12390	-	1	1.309568	I:	D:
12631	12795	+	1	1.382103	I:	D:
12907	13089	+	1	1.383346	I:	D:
13279	13419	-	1	1.383524	I:	D:
13540	14019	-	1	1.318278	I:	D:
14093	14716	-	2	1.314607	I:	D:
14740	15894	-	1	1.321645	I:	D:
16142	16441	-	2	1.331010	I:	D:
16486	16704	+	1	1.332500	I:	D:
16733	17263	-	2	1.319940	I:	D:
17538	19649	-	3	1.318039	I:	D:
19858	20739	-	1	1.302872	I:	D:
21431	22804	-	2	1.333137	I:	D:
22809	23759	-	3	1.312676	I:	D:
23854	24117	-	1	1.346882	I:	D:
24134	25012	-	2	1.344721	I:	D:
25022	25903	-	2	1.324733	I:	D:
25905	26816	-	3	1.317099	I:	D:
27029	28315	+	2	1.309170	I:	D:
28481	28756	-	2	1.332266	I:	D:
29195	29977	-	2	1.339877	I:	D:
30044	30238	+	2	1.301274	I:	D:
30250	30714	-	1	1.299602	I:	D:
30842	31666	+	2	1.314436	I:	D:
31680	33140	-	3	1.310342	I:	D:
33234	35927	-	3	1.297615	I:	D:
35924	37069	-	2	1.305645	I:	D:
37249	38682	-	1	1.294795	I:	D:
38837	39775	+	2	1.314256	I:	D:
39864	41216	-	3	1.292370	I:	D:
41326	41484	-	1	1.245268	I:	D:
41625	42818	-	3	1.320550	I:	D:
42948	45065	-	3	1.320570	I:	D:
45083	45646	-	2	1.325388	I:	D:
45811	46230	-	1	1.361271	I:	D:
46504	47265	+	1	1.333286	I:	D:
47351	48040	-	2	1.314703	I:	D:
48033	49529	-	3	1.310820	I:	D:
49661	50929	-	2	1.314824	I:	D:
51169	52461	-	1	1.303293	I:	D:
52734	53228	-	3	1.298584	I:	D:
53331	53741	-	3	1.323468	I:	D:
53994	54383	-	3	1.338756	I:	D:
54483	54917	-	3	1.324732	I:	D:
54941	56791	-	2	1.321129	I:	D:
56788	57402	-	1	1.305455	I:	D:
57415	58710	-	1	1.323261	I:	D:
58722	60452	-	3	1.329073	I:	D:
60466	60987	-	1	1.329894	I:	D:
61000	61560	-	1	1.265504	I:	D:
61899	62411	-	3	1.351882	I:	D:
62664	63830	-	3	1.340720	I:	D:
63830	64321	-	2	1.310880	I:	D:
64349	65233	-	2	1.334294	I:	D:
65333	66850	-	2	1.321624	I:	D:
66988	68736	-	1	1.341222	I:	D:
68798	69151	-	2	1.410783	I:	D:
69210	69683	-	3	1.334057	I:	D:
69696	70718	-	3	1.318119	I:	D:
70754	72193	-	2	1.342777	I:	D:
72229	73566	-	1	1.291015	I:	D:
73715	73846	+	2	1.321449	I:	D:
73861	74874	+	1	1.322871	I:	D:
74942	76003	+	2	1.328016	I:	D:
76022	76150	+	2	1.331471	I:	D:
76229	77035	-	2	1.309360	I:	D:
77068	78228	-	1	1.319977	I:	D:
78249	78482	-	3	1.283996	I:	D:
78637	80199	-	1	1.327881	I:	D:
80741	80899	+	2	1.372516	I:	D:
81446	81931	+	2	1.331737	I:	D:
82054	83409	-	1	1.282032	I:	D:
83475	85907	-	3	1.309251	I:	D:
85908	87059	-	3	1.335818	I:	D:
87192	89834	-	3	1.305058	I:	D:
89886	90581	-	3	1.312785	I:	D:
90810	91157	+	3	1.354006	I:	D:
91250	92635	-	2	1.327343	I:	D:
92639	93517	-	2	1.323366	I:	D:
93727	94500	-	1	1.345554	I:	D:
94502	95488	-	2	1.323660	I:	D:
95647	97593	-	1	1.315930	I:	D:
98221	98874	-	1	1.290190	I:	D:
98936	99997	-	2	1.316274	I:	D:
100129	100833	-	1	1.326320	I:	D:
100948	101838	-	1	1.300269	I:	D:
101868	101999	+	3	1.332208	I:	D:
102012	102947	-	3	1.326939	I:	D:
102952	103959	-	1	1.332562	I:	D:
103966	104994	-	1	1.326339	I:	D:
104999	106051	-	2	1.301460	I:	D:
106292	107092	-	2	1.325369	I:	D:
107171	108151	-	2	1.327767	I:	D:
108225	108734	-	3	1.333276	I:	D:
108904	110706	+	1	1.331014	I:	D:
110756	114127	-	2	1.323840	I:	D:
114075	114764	-	3	1.325774	I:	D:
114797	116260	-	2	1.334429	I:	D:
116377	116904	-	1	1.354949	I:	D:
116908	118407	+	1	1.347245	I:	D:
118470	119090	+	3	1.350278	I:	D:
119117	119479	-	2	1.283444	I:	D:
119630	120235	-	2	1.352252	I:	D:
120236	120943	-	2	1.316632	I:	D:
121036	121602	+	1	1.326096	I:	D:
121781	122398	-	2	1.286747	I:	D:
122574	123092	-	3	1.322865	I:	D:
123104	125089	-	2	1.315519	I:	D:
125496	125678	-	3	1.315731	I:	D:
125822	126982	-	2	1.345312	I:	D:
127020	129563	-	3	1.330562	I:	D:
129827	130021	-	2	1.294989	I:	D:
130057	130914	-	1	1.329846	I:	D:
131023	131892	-	1	1.329761	I:	D:
131895	132566	-	3	1.338936	I:	D:
132579	133415	-	3	1.323089	I:	D:
133459	134850	-	1	1.324763	I:	D:
134919	135596	-	3	1.325987	I:	D:
135755	136918	-	2	1.344947	I:	D:
137085	138125	+	3	1.344112	I:	D:
138260	139129	-	2	1.319851	I:	D:
139131	139805	-	3	1.322295	I:	D:
139837	141243	-	1	1.311706	I:	D:
141376	142374	-	1	1.319974	I:	D:
142438	143871	-	1	1.331575	I:	D:
143875	145185	-	1	1.328450	I:	D:
145211	145588	-	2	1.301363	I:	D:
145641	146732	-	3	1.316129	I:	D:
146771	148018	-	2	1.317703	I:	D:
148493	150445	-	2	1.335129	I:	D:
>Y7.M028_5
2	127	+	2	1.371358	I:	D:
179	457	-	2	1.295405	I:	D:
471	668	-	3	1.305667	I:	D:
876	1034	+	3	1.367683	I:	D:
1056	1262	+	3	1.331327	I:	D:
1290	1805	+	3	1.331833	I:	D:
1868	2293	+	2	1.319276	I:	D:
2441	3133	+	2	1.312887	I:	D:
3243	3389	+	3	1.279420	I:	D:
3684	4361	+	3	1.298997	I:	D:
4309	5472	+	1	1.322393	I:	D:
6132	6668	+	3	1.293243	I:	D:
6734	7132	+	2	1.254788	I:	D:
7483	8457	+	1	1.305017	I:	D:
8653	9537	+	1	1.314679	I:	D:
9569	9859	+	2	1.300986	I:	D:
9879	10871	+	3	1.340057	I:	D:
10974	11153	+	3	1.340794	I:	D:
11174	15046	+	2	1.326982	I:	D:
15061	18735	+	1	1.319477	I:	D:
18965	19249	+	2	1.311550	I:	D:
19269	19481	+	3	1.316383	I:	D:
19495	19713	+	1	1.302886	I:	D:
19747	21933	+	1	1.318673	I:	D:
22351	24729	+	1	1.331586	I:	D:
24754	25458	+	1	1.319954	I:	D:
25491	26903	+	3	1.321349	I:	D:
26965	28245	+	1	1.306881	I:	D:
28355	29296	+	2	1.326114	I:	D:
29401	30870	+	1	1.320650	I:	D:
>Y7.M028_6
288	7652	-	3	1.302148	I:	D:
7917	9671	-	3	1.322202	I:	D:
9696	9839	+	3	1.359524	I:	D:
9948	10181	-	3	1.309470	I:	D:
10191	10655	-	3	1.284575	I:	D:
10642	12867	-	1	1.329388	I:	D:
12889	13131	-	1	1.303766	I:	D:
13226	14548	-	2	1.329663	I:	D:
14652	15767	-	3	1.307177	I:	D:
15929	16771	+	2	1.342797	I:	D:
16781	17362	-	2	1.300561	I:	D:
17452	18036	-	1	1.343219	I:	D:
18315	19493	-	3	1.327058	I:	D:
19518	20231	-	3	1.327142	I:	D:
20446	20673	+	1	1.350804	I:	D:
20680	20808	-	1	1.255446	I:	D:
20845	22200	+	1	1.326790	I:	D:
22313	22735	+	2	1.386611	I:	D:
22855	24288	-	1	1.326316	I:	D:
24285	24986	-	3	1.297596	I:	D:
24973	25794	-	1	1.326032	I:	D:
26103	26606	-	3	1.302918	I:	D:
26669	27466	-	2	1.324985	I:	D:
27648	28022	+	3	1.330280	I:	D:
28124	29269	-	2	1.303273	I:	D:
29601	30164	-	3	1.306926	I:	D:
30180	31736	-	3	1.332638	I:	D:
31881	32384	-	3	1.325534	I:	D:
32545	33993	-	1	1.323491	I:	D:
33995	35407	-	2	1.325452	I:	D:
35535	36182	-	3	1.333936	I:	D:
36350	36682	+	2	1.308065	I:	D:
36821	37213	-	2	1.307112	I:	D:
37239	37667	-	3	1.296633	I:	D:
37894	39201	-	1	1.336516	I:	D:
39185	39325	-	2	1.336682	I:	D:
39359	40717	-	2	1.354701	I:	D:
40724	41269	-	2	1.307441	I:	D:
41373	42596	-	3	1.320349	I:	D:
42615	42998	+	3	1.392208	I:	D:
43067	43690	-	2	1.306469	I:	D:
43734	44885	-	3	1.318032	I:	D:
44933	45769	-	2	1.343030	I:	D:
45808	46719	-	1	1.294323	I:	D:
46782	47243	-	3	1.283971	I:	D:
47250	48755	-	3	1.330063	I:	D:
48805	49722	-	1	1.316677	I:	D:
49796	50485	-	2	1.283037	I:	D:
50766	51497	+	3	1.299210	I:	D:
51592	52470	-	1	1.326802	I:	D:
52595	53695	-	2	1.307258	I:	D:
53886	54545	-	3	1.328918	I:	D:
54538	55203	-	1	1.304349	I:	D:
55203	56081	-	3	1.312202	I:	D:
56088	58202	-	3	1.321089	I:	D:
58196	58939	-	2	1.318788	I:	D:
58917	59987	-	3	1.341252	I:	D:
59980	61290	-	1	1.339585	I:	D:
61358	62065	-	2	1.365678	I:	D:
62142	63092	-	3	1.330646	I:	D:
63094	63567	-	1	1.313054	I:	D:
63589	65817	-	1	1.353437	I:	D:
65818	67281	-	1	1.313869	I:	D:
67408	68625	+	1	1.318145	I:	D:
68662	68934	+	1	1.321098	I:	D:
68979	69941	-	3	1.324988	I:	D:
70052	71239	-	2	1.340044	I:	D:
71230	73824	-	1	1.316663	I:	D:
73975	74427	-	1	1.279910	I:	D:
74787	74933	+	3	1.343087	I:	D:
75057	75698	-	3	1.314189	I:	D:
75759	75953	+	3	1.291707	I:	D:
75960	76709	-	3	1.326690	I:	D:
76703	77839	-	2	1.327521	I:	D:
78004	78192	-	1	1.283679	I:	D:
78290	78457	-	2	1.296681	I:	D:
78459	78602	-	3	1.379260	I:	D:
78630	78791	-	3	1.329758	I:	D:
78810	79169	-	3	1.337881	I:	D:
79309	79893	-	1	1.331270	I:	D:
79907	81268	-	2	1.313614	I:	D:
81561	81821	-	3	1.297920	I:	D:
81874	83220	-	1	1.348007	I:	D:
83210	83665	-	2	1.341083	I:	D:
83906	84568	-	2	1.321628	I:	D:
84588	85259	-	3	1.330222	I:	D:
85391	86278	-	2	1.312507	I:	D:
86467	87513	+	1	1.339825	I:	D:
87665	88516	-	2	1.314429	I:	D:
88592	89236	-	2	1.310176	I:	D:
89404	89790	-	1	1.292959	I:	D:
89947	90699	-	1	1.346908	I:	D:
90783	92117	-	3	1.334476	I:	D:
92189	92590	+	2	1.392042	I:	D:
92839	93804	-	1	1.356252	I:	D:
93788	95734	-	2	1.326423	I:	D:
95802	96503	-	3	1.346484	I:	D:
96684	97745	-	3	1.323342	I:	D:
97928	99034	-	2	1.337047	I:	D:
99226	99678	-	1	1.295529	I:	D:
99665	99847	-	2	1.341830	I:	D:
100096	100710	-	1	1.317070	I:	D:
100695	101777	-	3	1.348876	I:	D:
102045	103460	+	3	1.345754	I:	D:
103615	103788	+	1	1.369144	I:	D:
103790	104137	-	2	1.328100	I:	D:
104248	104430	-	1	1.341494	I:	D:
104656	105060	-	1	1.322381	I:	D:
104996	105358	-	2	1.311563	I:	D:
105429	105581	-	3	1.365375	I:	D:
105600	106067	-	3	1.293512	I:	D:
106118	107578	-	2	1.330548	I:	D:
107599	107769	+	1	1.300619	I:	D:
107800	108075	-	1	1.340721	I:	D:
108410	108613	-	2	1.358885	I:	D:
109210	112038	-	1	1.322456	I:	D:
112043	112738	-	2	1.336190	I:	D:
112809	113750	-	3	1.335470	I:	D:
113787	114452	-	3	1.334390	I:	D:
114471	115817	-	3	1.351255	I:	D:
115931	116887	-	2	1.353251	I:	D:
116980	118308	-	1	1.334385	I:	D:
118248	119144	-	3	1.326124	I:	D:
119243	119641	+	2	1.374673	I:	D:
119695	120153	-	1	1.326067	I:	D:
120154	120444	-	1	1.283647	I:	D:
120473	122233	-	2	1.351264	I:	D:
122244	123248	-	3	1.315787	I:	D:
123264	124649	-	3	1.345196	I:	D:
124687	126138	-	1	1.296987	I:	D:
126194	128161	-	2	1.320869	I:	D:
128109	128855	-	3	1.341358	I:	D:
128848	130026	-	1	1.317614	I:	D:
130035	131441	-	3	1.352062	I:	D:
131462	131950	-	2	1.321120	I:	D:
131950	132774	-	1	1.300901	I:	D:
132849	133397	+	3	1.353795	I:	D:
133478	135538	-	2	1.297174	I:	D:
135814	139152	-	1	1.314216	I:	D:
139175	139879	-	2	1.335685	I:	D:
140244	140408	+	3	1.369335	I:	D:
140607	142040	-	3	1.308907	I:	D:
142043	143512	-	2	1.310017	I:	D:
143526	143819	-	3	1.281189	I:	D:
143878	145005	-	1	1.333677	I:	D:
145066	146469	-	1	1.311926	I:	D:
146373	146816	+	3	1.378153	I:	D:
146925	147191	+	3	1.336624	I:	D:
147311	147628	-	2	1.393507	I:	D:
147833	148399	-	2	1.308892	I:	D:
148454	149095	-	2	1.342019	I:	D:
149155	149469	+	1	1.337642	I:	D:
149417	149692	+	2	1.322438	I:	D:
149762	151066	+	2	1.347109	I:	D:
151285	152967	-	1	1.322497	I:	D:
153191	154078	-	2	1.330200	I:	D:
154115	155560	-	2	1.323231	I:	D:
155571	156437	-	3	1.344970	I:	D:
156439	157398	-	1	1.330702	I:	D:
157585	158583	-	1	1.284288	I:	D:
158595	159278	-	3	1.287442	I:	D:
159291	160172	-	3	1.263731	I:	D:
160197	161192	-	3	1.293893	I:	D:
161223	162719	-	3	1.274299	I:	D:
162804	163853	-	3	1.285394	I:	D:
163920	165233	-	3	1.279337	I:	D:
165237	165908	-	3	1.295554	I:	D:
165901	167199	-	1	1.293351	I:	D:
167223	168173	-	3	1.278794	I:	D:
168190	170733	-	1	1.331639	I:	D:
170754	171437	-	3	1.341017	I:	D:
171648	173138	-	3	1.311969	I:	D:
173176	174345	-	1	1.318971	I:	D:
174573	175538	+	3	1.347927	I:	D:
175549	176946	-	1	1.345281	I:	D:
177244	177771	+	1	1.335611	I:	D:
177910	179385	-	1	1.339041	I:	D:
179628	179912	-	3	1.346227	I:	D:
180159	180401	-	3	1.289917	I:	D:
180415	181125	-	1	1.298440	I:	D:
181155	181760	-	3	1.311280	I:	D:
181784	183046	-	2	1.295519	I:	D:
183150	184154	-	3	1.323079	I:	D:
184241	185254	-	2	1.325546	I:	D:
185393	186178	-	2	1.329403	I:	D:
186195	186740	-	3	1.321052	I:	D:
186836	187696	-	2	1.310162	I:	D:
187650	188960	-	3	1.353454	I:	D:
188973	189911	-	3	1.337172	I:	D:
189945	191096	-	3	1.311150	I:	D:
191146	191961	-	1	1.344559	I:	D:
192029	193960	-	2	1.335851	I:	D:
193985	195028	-	2	1.317497	I:	D:
195388	195597	-	1	1.366680	I:	D:
196061	198133	-	2	1.338122	I:	D:
198176	199096	-	2	1.338728	I:	D:
199121	200017	-	2	1.310978	I:	D:
200175	201008	-	3	1.309724	I:	D:
201093	202121	-	3	1.322592	I:	D:
202183	202347	-	1	1.309594	I:	D:
202587	203612	-	3	1.343576	I:	D:
203747	204772	-	2	1.302727	I:	D:
205074	205586	-	3	1.365160	I:	D:
205590	206282	-	3	1.302696	I:	D:
206330	207550	-	2	1.320127	I:	D:
207620	208822	-	2	1.331893	I:	D:
208897	209685	-	1	1.315342	I:	D:
209701	209931	+	1	1.346187	I:	D:
210010	210825	+	1	1.340415	I:	D:
210960	211124	-	3	1.349723	I:	D:
211138	211998	-	1	1.274119	I:	D:
212057	212869	-	2	1.343489	I:	D:
212862	213830	-	3	1.339110	I:	D:
213924	214376	-	3	1.338364	I:	D:
214448	215233	-	2	1.340151	I:	D:
215514	216119	-	3	1.317863	I:	D:
216121	217536	-	1	1.345224	I:	D:
217647	218660	-	3	1.314887	I:	D:
218789	219823	-	2	1.310670	I:	D:
220002	221654	-	3	1.324914	I:	D:
221651	223384	-	2	1.330805	I:	D:
223359	224378	-	3	1.323361	I:	D:
224412	225437	-	3	1.331870	I:	D:
225628	226947	-	1	1.306794	I:	D:
227076	227516	-	3	1.310002	I:	D:
227532	228095	-	3	1.342600	I:	D:
228292	228933	-	1	1.288585	I:	D:
228950	230332	-	2	1.324184	I:	D:
230640	232718	-	3	1.311047	I:	D:
232823	233155	-	2	1.267854	I:	D:
233312	233713	-	2	1.353934	I:	D:
233734	234096	-	1	1.305905	I:	D:
234109	234270	-	1	1.327432	I:	D:
234285	234494	-	3	1.338943	I:	D:
234556	236739	-	1	1.324659	I:	D:
236810	237028	-	2	1.307918	I:	D:
237086	237295	-	2	1.315612	I:	D:
237550	237930	+	1	1.323373	I:	D:
238008	238529	+	3	1.325459	I:	D:
238645	239766	-	1	1.308329	I:	D:
240512	240802	-	2	1.280028	I:	D:
240867	242186	-	3	1.355601	I:	D:
242293	242436	+	1	1.280539	I:	D:
242455	243255	+	1	1.337675	I:	D:
243432	244646	-	3	1.317879	I:	D:
244651	245499	-	1	1.325108	I:	D:
245529	246077	-	3	1.326812	I:	D:
246134	247465	-	2	1.326169	I:	D:
247546	248745	-	1	1.313621	I:	D:
248880	250016	+	3	1.325653	I:	D:
250019	250732	+	2	1.342761	I:	D:
250941	251420	-	3	1.360737	I:	D:
251462	253786	-	2	1.309920	I:	D:
253931	254800	+	2	1.364524	I:	D:
254854	256662	-	1	1.325884	I:	D:
256930	258375	+	1	1.319609	I:	D:
258486	259376	-	3	1.320002	I:	D:
259879	260178	+	1	1.330084	I:	D:
260759	261457	-	2	1.335877	I:	D:
261468	263012	-	3	1.353938	I:	D:
263137	264795	-	1	1.332698	I:	D:
264788	264973	-	2	1.349048	I:	D:
>Y7.M028_7
44	184	-	2	1.285924	I:	D:
1072	1791	-	1	1.327705	I:	D:
1830	2858	-	3	1.317292	I:	D:
2869	3777	-	1	1.342486	I:	D:
3787	4023	-	1	1.312984	I:	D:
4191	4631	-	3	1.319473	I:	D:
4625	5659	-	2	1.331760	I:	D:
5652	6386	-	3	1.350149	I:	D:
6374	6880	-	2	1.328293	I:	D:
6941	7309	+	2	1.319374	I:	D:
7868	8497	-	2	1.345608	I:	D:
8859	10478	-	3	1.297158	I:	D:
10586	11497	-	2	1.338729	I:	D:
11632	13788	-	1	1.324337	I:	D:
13995	14597	+	3	1.321522	I:	D:
14661	15581	+	3	1.345162	I:	D:
15609	16430	+	3	1.366043	I:	D:
16549	17217	+	1	1.337745	I:	D:
17260	17475	-	1	1.334623	I:	D:
17494	17787	-	1	1.314203	I:	D:
17880	18146	-	3	1.331528	I:	D:
18202	19080	-	1	1.290869	I:	D:
19164	20999	-	3	1.283000	I:	D:
21035	21805	-	2	1.323001	I:	D:
21827	23137	-	2	1.299550	I:	D:
23158	25380	-	1	1.261943	I:	D:
25398	25709	-	3	1.266637	I:	D:
25993	27438	+	1	1.323086	I:	D:
27569	28723	-	2	1.328289	I:	D:
28735	28920	+	1	1.339385	I:	D:
29160	29573	+	3	1.288609	I:	D:
29699	31675	-	2	1.304626	I:	D:
31711	33081	-	1	1.332083	I:	D:
33165	34358	-	3	1.327572	I:	D:
34486	36024	-	1	1.343483	I:	D:
36110	36331	-	2	1.328948	I:	D:
36657	37676	+	3	1.363760	I:	D:
37794	38540	-	3	1.326428	I:	D:
38530	39219	-	1	1.324857	I:	D:
39242	40042	-	2	1.253229	I:	D:
40162	40989	-	1	1.321923	I:	D:
41005	41835	-	1	1.298717	I:	D:
41825	42406	-	2	1.297509	I:	D:
42599	43768	+	2	1.313142	I:	D:
43899	44654	-	3	1.281900	I:	D:
44987	47608	-	2	1.308100	I:	D:
47740	49476	-	1	1.341754	I:	D:
49470	51302	-	3	1.334580	I:	D:
51660	52196	-	3	1.273105	I:	D:
52287	53255	-	3	1.288755	I:	D:
53276	53869	-	2	1.311638	I:	D:
53936	54331	-	2	1.328093	I:	D:
54364	54747	-	1	1.329955	I:	D:
55286	55504	-	2	1.302497	I:	D:
55517	55765	-	2	1.282625	I:	D:
55791	56555	-	3	1.329291	I:	D:
56560	57204	-	1	1.310245	I:	D:
57265	58581	-	1	1.320457	I:	D:
58581	59021	-	3	1.313759	I:	D:
59051	59230	-	2	1.255544	I:	D:
59245	59754	-	1	1.273119	I:	D:
59769	60137	-	3	1.294153	I:	D:
60155	60697	-	2	1.284968	I:	D:
60824	61225	-	2	1.300564	I:	D:
61238	61423	-	2	1.345510	I:	D:
61435	61974	-	1	1.292897	I:	D:
61998	62309	-	3	1.275279	I:	D:
62325	62693	-	3	1.312595	I:	D:
62713	62967	-	1	1.276611	I:	D:
63198	63635	-	3	1.308932	I:	D:
63638	64291	-	2	1.304544	I:	D:
64303	64689	-	1	1.323362	I:	D:
64716	64997	-	3	1.335591	I:	D:
65021	65863	-	2	1.324098	I:	D:
65921	66226	-	2	1.262072	I:	D:
66226	66846	-	1	1.302103	I:	D:
66876	67556	-	3	1.309307	I:	D:
67632	68042	-	3	1.339691	I:	D:
68635	68847	+	1	1.343481	I:	D:
69093	69965	+	3	1.312528	I:	D:
70636	71550	+	1	1.313958	I:	D:
71640	72245	+	3	1.317718	I:	D:
72346	72828	-	1	1.319771	I:	D:
72849	73646	-	3	1.318615	I:	D:
73880	74125	-	2	1.319098	I:	D:
74153	74605	-	2	1.317019	I:	D:
74608	74907	-	1	1.299999	I:	D:
74925	76772	-	3	1.310744	I:	D:
76965	78380	-	3	1.325912	I:	D:
78917	79951	+	2	1.314844	I:	D:
80056	80643	+	1	1.296002	I:	D:
80777	81013	-	2	1.353426	I:	D:
81016	81219	-	1	1.272858	I:	D:
81270	82367	-	3	1.337577	I:	D:
82461	83600	-	3	1.342972	I:	D:
83841	84749	-	3	1.313214	I:	D:
84749	86677	-	2	1.337282	I:	D:
86678	88111	-	2	1.322601	I:	D:
88130	89008	-	2	1.352249	I:	D:
89338	89943	-	1	1.302871	I:	D:
90070	90729	-	1	1.337710	I:	D:
90899	91609	-	2	1.333519	I:	D:
91788	92312	-	3	1.341599	I:	D:
92527	93591	-	1	1.346870	I:	D:
93858	94121	+	3	1.308261	I:	D:
94197	95624	-	3	1.343347	I:	D:
95587	97167	-	1	1.315464	I:	D:
97133	97885	-	2	1.351141	I:	D:
98179	98538	+	1	1.329803	I:	D:
98531	99223	+	2	1.340921	I:	D:
99251	99847	+	2	1.315457	I:	D:
99884	100015	+	2	1.315351	I:	D:
100033	100341	+	1	1.340536	I:	D:
100421	101263	-	2	1.333605	I:	D:
101502	102749	+	3	1.349865	I:	D:
102706	104085	+	1	1.362030	I:	D:
104379	104543	+	3	1.371481	I:	D:
104730	105383	-	3	1.354556	I:	D:
105560	106726	-	2	1.343095	I:	D:
107073	107354	-	3	1.314755	I:	D:
107493	108623	-	3	1.330976	I:	D:
108929	109060	-	2	1.334063	I:	D:
109944	111929	-	3	1.339732	I:	D:
112095	112688	-	3	1.286103	I:	D:
112859	113296	-	2	1.325551	I:	D:
113298	113663	-	3	1.329299	I:	D:
113645	114205	+	2	1.365456	I:	D:
114287	115543	-	2	1.339526	I:	D:
115597	116007	-	1	1.359422	I:	D:
116214	116345	+	3	1.301889	I:	D:
116436	116654	+	3	1.313849	I:	D:
116852	119005	-	2	1.319821	I:	D:
119015	121717	-	2	1.344713	I:	D:
121720	122265	-	1	1.326587	I:	D:
122402	123562	-	2	1.340227	I:	D:
123544	124863	-	1	1.336962	I:	D:
124857	125687	-	3	1.326180	I:	D:
125731	126039	-	1	1.333867	I:	D:
126042	127088	-	3	1.339295	I:	D:
127124	128170	-	2	1.358021	I:	D:
128170	128379	-	1	1.309952	I:	D:
128381	130720	-	2	1.360470	I:	D:
130769	131848	-	2	1.331536	I:	D:
131852	133132	-	2	1.344377	I:	D:
132891	133037	+	3	1.385523	I:	D:
133129	133890	-	1	1.342328	I:	D:
134625	135953	-	3	1.353200	I:	D:
136244	136909	-	2	1.338426	I:	D:
136946	138316	-	2	1.332582	I:	D:
138543	139640	-	3	1.330268	I:	D:
139814	140224	-	2	1.342476	I:	D:
140221	141114	-	1	1.359642	I:	D:
141602	142843	-	2	1.334761	I:	D:
143183	144256	+	2	1.329865	I:	D:
144486	145976	-	3	1.334744	I:	D:
146025	147551	-	3	1.331588	I:	D:
147532	149229	-	1	1.306889	I:	D:
149226	150461	-	3	1.336454	I:	D:
150754	151839	-	1	1.329206	I:	D:
151931	152308	-	2	1.331128	I:	D:
152312	153604	-	2	1.328586	I:	D:
153607	155043	-	1	1.314131	I:	D:
155203	155913	-	1	1.338436	I:	D:
155954	157456	-	2	1.317939	I:	D:
157565	158134	-	2	1.339411	I:	D:
158638	159021	+	1	1.311070	I:	D:
159094	160158	-	1	1.327973	I:	D:
160237	160971	-	1	1.271895	I:	D:
161020	161703	-	1	1.327173	I:	D:
161706	162563	-	3	1.283265	I:	D:
162720	163154	-	3	1.310958	I:	D:
163154	163516	-	2	1.298202	I:	D:
163788	164963	-	3	1.315617	I:	D:
165067	165987	-	1	1.328325	I:	D:
166026	166550	-	3	1.343070	I:	D:
166840	167748	-	1	1.324759	I:	D:
167794	169182	-	1	1.329792	I:	D:
169757	171400	+	2	1.349473	I:	D:
171842	172498	-	2	1.328171	I:	D:
172571	173440	-	2	1.345290	I:	D:
173605	174387	+	1	1.306568	I:	D:
174618	174935	+	3	1.384545	I:	D:
174985	175266	-	1	1.361612	I:	D:
175289	175477	-	2	1.306523	I:	D:
175450	175635	-	1	1.383171	I:	D:
175757	176761	+	2	1.353556	I:	D:
176792	177727	+	2	1.315377	I:	D:
177893	179281	+	2	1.336437	I:	D:
179328	180275	-	3	1.361647	I:	D:
180301	181524	-	1	1.356957	I:	D:
181745	181960	-	2	1.262835	I:	D:
182020	182541	-	1	1.317364	I:	D:
182561	182851	-	2	1.337288	I:	D:
182968	183192	-	1	1.303374	I:	D:
183262	184035	-	1	1.343783	I:	D:
184042	185643	-	1	1.349852	I:	D:
185655	186224	-	3	1.332700	I:	D:
186242	187279	-	2	1.326645	I:	D:
187272	188225	-	3	1.316090	I:	D:
188212	190077	-	1	1.312454	I:	D:
190091	191797	-	2	1.321536	I:	D:
191907	193559	-	3	1.299584	I:	D:
193578	195152	-	3	1.323370	I:	D:
195172	196518	-	1	1.297819	I:	D:
196728	198425	-	3	1.325107	I:	D:
198886	199530	-	1	1.356856	I:	D:
199544	200017	-	2	1.331652	I:	D:
200050	201267	-	1	1.344116	I:	D:
201286	201939	-	1	1.356202	I:	D:
201924	203057	-	3	1.361638	I:	D:
203595	204518	-	3	1.354574	I:	D:
204555	205112	-	3	1.362095	I:	D:
205109	205564	-	2	1.350788	I:	D:
205658	206428	-	2	1.368292	I:	D:
206445	207167	-	3	1.326836	I:	D:
207164	209179	-	2	1.328152	I:	D:
209195	211189	-	2	1.268168	I:	D:
211215	212024	-	3	1.273137	I:	D:
212080	212946	-	1	1.333486	I:	D:
213185	213886	-	2	1.357825	I:	D:
213910	214251	-	1	1.297575	I:	D:
214265	215719	-	2	1.304010	I:	D:
215878	216282	-	1	1.352701	I:	D:
216325	218088	-	1	1.350854	I:	D:
218214	219374	+	3	1.273547	I:	D:
219468	220595	+	3	1.306382	I:	D:
220613	221689	-	2	1.294477	I:	D:
221705	222934	-	2	1.278521	I:	D:
223196	223870	-	2	1.289637	I:	D:
223873	224346	-	1	1.295398	I:	D:
224349	225806	-	3	1.283452	I:	D:
225821	228484	-	2	1.292716	I:	D:
228496	229713	-	1	1.291989	I:	D:
229716	230801	-	3	1.293691	I:	D:
230827	231033	-	1	1.256230	I:	D:
231255	233381	-	3	1.342583	I:	D:
233351	234025	-	2	1.356994	I:	D:
234111	234386	-	3	1.294004	I:	D:
234482	234610	-	2	1.307397	I:	D:
234639	235061	-	3	1.357513	I:	D:
235279	235935	-	1	1.335742	I:	D:
235932	236258	-	3	1.300433	I:	D:
236464	237132	-	1	1.326767	I:	D:
237154	237717	-	1	1.354888	I:	D:
237841	238833	-	1	1.348181	I:	D:
238836	239915	-	3	1.349666	I:	D:
240131	244237	-	2	1.324914	I:	D:
244227	245369	-	3	1.346506	I:	D:
245369	246853	-	2	1.343307	I:	D:
247214	248164	-	2	1.319352	I:	D:
248457	249320	+	3	1.322220	I:	D:
249369	250043	+	3	1.340539	I:	D:
250261	250512	-	1	1.254508	I:	D:
250541	251023	-	2	1.328694	I:	D:
251169	251987	-	3	1.300941	I:	D:
252004	252786	-	1	1.290741	I:	D:
252849	253208	+	3	1.319275	I:	D:
253350	254105	-	3	1.309585	I:	D:
254269	254784	-	1	1.269552	I:	D:
254781	255932	-	3	1.296965	I:	D:
>Y7.M028_8
188	2626	-	2	1.341869	I:	D:
2796	3452	-	3	1.320061	I:	D:
3458	5332	-	2	1.352334	I:	D:
5612	5848	+	2	1.314963	I:	D:
5924	7501	+	2	1.347391	I:	D:
7913	8545	-	2	1.367564	I:	D:
8551	9105	-	1	1.337362	I:	D:
9247	10257	-	1	1.341232	I:	D:
10326	11141	-	3	1.314455	I:	D:
11146	11793	-	1	1.307714	I:	D:
11999	12913	-	2	1.325634	I:	D:
12929	13180	-	2	1.340586	I:	D:
13206	14381	-	3	1.332990	I:	D:
14394	15539	-	3	1.332451	I:	D:
15543	16697	-	3	1.329920	I:	D:
16932	17378	-	3	1.334733	I:	D:
17407	18741	-	1	1.318844	I:	D:
18796	19728	-	1	1.298204	I:	D:
20032	20517	-	1	1.271701	I:	D:
20617	21582	-	1	1.346028	I:	D:
21727	22485	-	1	1.328927	I:	D:
22482	23225	-	3	1.336950	I:	D:
23259	24134	-	3	1.289252	I:	D:
24205	24636	-	1	1.314150	I:	D:
24664	25701	-	1	1.335464	I:	D:
25756	26790	-	1	1.327818	I:	D:
26894	27418	-	2	1.295561	I:	D:
27850	28431	-	1	1.310135	I:	D:
28433	29362	-	2	1.301058	I:	D:
29489	30901	-	2	1.323931	I:	D:
30917	32965	-	2	1.328844	I:	D:
32989	34263	-	1	1.309364	I:	D:
34600	35628	+	1	1.302659	I:	D:
35943	36635	+	3	1.333699	I:	D:
36726	37271	+	3	1.285368	I:	D:
37294	37452	+	1	1.242366	I:	D:
37457	37879	+	2	1.271157	I:	D:
38374	38808	-	1	1.338680	I:	D:
38933	39478	-	2	1.321598	I:	D:
39642	40856	-	3	1.339848	I:	D:
41040	42233	-	3	1.329557	I:	D:
42432	43058	-	3	1.311992	I:	D:
43058	43963	-	2	1.331764	I:	D:
44128	45396	-	1	1.345175	I:	D:
45486	45656	-	3	1.287610	I:	D:
45693	46337	-	3	1.323573	I:	D:
46334	46939	-	2	1.305636	I:	D:
47063	47494	-	2	1.297831	I:	D:
47711	49393	-	2	1.324601	I:	D:
49460	49639	+	2	1.319920	I:	D:
49674	50141	-	3	1.339110	I:	D:
50138	50650	-	2	1.331070	I:	D:
50675	54019	-	2	1.302284	I:	D:
54221	54757	-	2	1.311580	I:	D:
54759	55871	-	3	1.303211	I:	D:
55906	56874	-	1	1.287624	I:	D:
56972	58105	-	2	1.292890	I:	D:
58142	59050	-	2	1.271459	I:	D:
59055	60557	-	3	1.294526	I:	D:
60558	61607	-	3	1.297175	I:	D:
61848	62615	-	3	1.339721	I:	D:
62768	63061	-	2	1.385462	I:	D:
63086	63415	-	2	1.361136	I:	D:
63463	64116	-	1	1.320507	I:	D:
64224	64787	-	3	1.347512	I:	D:
64805	65779	-	2	1.331346	I:	D:
66101	68278	-	2	1.334599	I:	D:
68331	70562	-	3	1.339066	I:	D:
70571	71950	-	2	1.357723	I:	D:
71950	73434	-	1	1.327893	I:	D:
73566	74531	-	3	1.318726	I:	D:
74531	74959	-	2	1.281700	I:	D:
74986	76002	-	1	1.328133	I:	D:
76042	77373	-	1	1.349735	I:	D:
77390	78364	-	2	1.316357	I:	D:
78354	79034	-	3	1.315380	I:	D:
79031	79264	-	2	1.285533	I:	D:
79369	79497	-	1	1.301332	I:	D:
79608	80477	-	3	1.279804	I:	D:
80507	80839	-	2	1.323195	I:	D:
80861	81571	-	2	1.323500	I:	D:
81781	84531	-	1	1.335662	I:	D:
84740	85603	+	2	1.309753	I:	D:
85825	86577	+	1	1.357729	I:	D:
86602	86958	-	1	1.350544	I:	D:
86971	87975	-	1	1.358100	I:	D:
88024	88482	-	1	1.334711	I:	D:
88486	88902	-	1	1.367856	I:	D:
88862	89536	-	2	1.337108	I:	D:
89542	89718	-	1	1.348523	I:	D:
89793	90506	-	3	1.329907	I:	D:
90485	90940	-	2	1.325016	I:	D:
90941	91252	-	2	1.337924	I:	D:
91336	92700	-	1	1.324079	I:	D:
92874	94214	-	3	1.349244	I:	D:
94201	96405	-	1	1.329622	I:	D:
96469	99129	-	1	1.329573	I:	D:
99528	100472	-	3	1.338888	I:	D:
100503	101306	-	3	1.344808	I:	D:
101351	101926	-	2	1.346260	I:	D:
102118	102981	-	1	1.332586	I:	D:
103197	104267	+	3	1.363080	I:	D:
104331	105563	+	3	1.357561	I:	D:
105595	106089	+	1	1.349183	I:	D:
106866	107588	-	3	1.344157	I:	D:
107694	108350	-	3	1.317292	I:	D:
108356	108817	-	2	1.323965	I:	D:
108869	109969	-	2	1.324904	I:	D:
110072	111772	-	2	1.342210	I:	D:
111785	113119	-	2	1.334694	I:	D:
113151	113579	-	3	1.330823	I:	D:
113589	114074	-	3	1.300411	I:	D:
114103	115341	-	1	1.327482	I:	D:
115357	116106	-	1	1.318012	I:	D:
116109	117056	-	3	1.333952	I:	D:
117049	117987	-	1	1.318244	I:	D:
118021	118248	-	1	1.256447	I:	D:
118348	119325	-	1	1.351643	I:	D:
119490	119843	-	3	1.287401	I:	D:
119884	120705	-	1	1.296219	I:	D:
120698	121474	-	2	1.325683	I:	D:
121455	121706	-	3	1.325388	I:	D:
122089	122679	-	1	1.328509	I:	D:
122666	123163	-	2	1.297549	I:	D:
123278	123793	+	2	1.342427	I:	D:
123807	124871	+	3	1.370337	I:	D:
124891	125760	-	1	1.337575	I:	D:
125781	126452	-	3	1.358764	I:	D:
126574	127791	+	1	1.328228	I:	D:
127810	127980	+	1	1.326743	I:	D:
128098	129036	-	1	1.341723	I:	D:
129295	130236	+	1	1.311478	I:	D:
130347	130556	-	3	1.357761	I:	D:
130649	130849	-	2	1.382217	I:	D:
130905	131120	-	3	1.428077	I:	D:
131301	131783	-	3	1.334097	I:	D:
131806	132417	-	1	1.309734	I:	D:
132419	133591	-	2	1.319203	I:	D:
133734	133940	-	3	1.292550	I:	D:
134206	134682	-	1	1.323381	I:	D:
134841	136952	-	3	1.306789	I:	D:
137149	138015	-	1	1.292831	I:	D:
138102	138911	-	3	1.352850	I:	D:
138908	139765	-	2	1.326372	I:	D:
139752	140630	-	3	1.303522	I:	D:
140638	141198	-	1	1.332434	I:	D:
141226	141765	-	1	1.294785	I:	D:
142179	143096	-	3	1.315352	I:	D:
143177	143434	-	2	1.313325	I:	D:
143427	144332	-	3	1.331207	I:	D:
144341	145222	-	2	1.339524	I:	D:
145224	146141	-	3	1.312763	I:	D:
146305	147627	+	1	1.323643	I:	D:
147652	148395	-	1	1.290087	I:	D:
148556	148813	-	2	1.336049	I:	D:
148929	149702	-	3	1.336565	I:	D:
149959	150660	-	1	1.317505	I:	D:
150675	151436	-	3	1.322329	I:	D:
151531	152067	-	1	1.327611	I:	D:
152185	153219	-	1	1.323420	I:	D:
153284	154624	-	2	1.325648	I:	D:
154727	155746	-	2	1.311238	I:	D:
156054	156836	+	3	1.325356	I:	D:
156938	157384	+	2	1.311556	I:	D:
157568	158047	-	2	1.323571	I:	D:
158126	158917	+	2	1.337679	I:	D:
159135	159764	-	3	1.359650	I:	D:
159778	161292	-	1	1.309487	I:	D:
161319	162167	-	3	1.343309	I:	D:
162169	163053	-	1	1.333763	I:	D:
163150	164520	-	1	1.306333	I:	D:
164587	166536	-	1	1.329353	I:	D:
166844	167890	-	2	1.340682	I:	D:
168054	169520	+	3	1.346990	I:	D:
170976	172439	-	3	1.307499	I:	D:
172516	173991	-	1	1.324175	I:	D:
174220	174537	-	1	1.301258	I:	D:
174665	175483	-	2	1.341015	I:	D:
175523	176437	-	2	1.324620	I:	D:
176661	176855	+	3	1.362456	I:	D:
176913	177305	-	3	1.278501	I:	D:
177315	177614	-	3	1.241769	I:	D:
177617	178159	-	2	1.265741	I:	D:
178335	179426	-	3	1.260931	I:	D:
179427	180155	-	3	1.243831	I:	D:
180315	182111	-	3	1.266027	I:	D:
182446	182586	-	1	1.295998	I:	D:
182591	183070	-	2	1.287837	I:	D:
>Y7.M028_9
18	296	-	3	1.402891	I:	D:
347	481	-	2	1.312047	I:	D:
593	856	-	2	1.338610	I:	D:
945	1196	+	3	1.334856	I:	D:
1248	1700	-	3	1.311654	I:	D:
1697	2647	-	2	1.330742	I:	D:
2837	4666	-	2	1.313564	I:	D:
4787	5134	-	2	1.304393	I:	D:
5330	7069	-	2	1.361543	I:	D:
7154	8929	-	2	1.332474	I:	D:
8952	9866	-	3	1.317845	I:	D:
9889	10065	+	1	1.296267	I:	D:
10081	10983	+	1	1.357583	I:	D:
11078	11713	-	2	1.336931	I:	D:
11786	12478	+	2	1.306119	I:	D:
12753	13529	-	3	1.346279	I:	D:
13530	13964	-	3	1.300999	I:	D:
14152	14745	-	1	1.310578	I:	D:
14793	16019	-	3	1.334132	I:	D:
16032	16820	-	3	1.323568	I:	D:
16865	17545	-	2	1.326865	I:	D:
17551	17748	-	1	1.281825	I:	D:
18165	18479	-	3	1.292874	I:	D:
18501	18755	-	3	1.315641	I:	D:
18964	20082	-	1	1.324198	I:	D:
20513	21280	+	2	1.315125	I:	D:
21300	22613	+	3	1.343738	I:	D:
22832	23818	-	2	1.317310	I:	D:
24054	25778	-	3	1.358916	I:	D:
25882	26505	-	1	1.341065	I:	D:
26502	26762	-	3	1.307679	I:	D:
26899	27426	-	1	1.340517	I:	D:
27453	27926	-	3	1.315013	I:	D:
27955	28575	-	1	1.301070	I:	D:
28643	29023	-	2	1.308577	I:	D:
29104	29370	+	1	1.329884	I:	D:
29632	30114	+	1	1.310336	I:	D:
30104	30697	+	2	1.301192	I:	D:
30844	31272	+	1	1.314605	I:	D:
31416	31553	+	3	1.355221	I:	D:
31932	32948	-	3	1.300498	I:	D:
33295	35394	-	1	1.278763	I:	D:
35379	36920	-	3	1.310128	I:	D:
37289	38635	-	2	1.311999	I:	D:
38747	39301	-	2	1.291175	I:	D:
39330	40535	-	3	1.295628	I:	D:
40541	40876	-	2	1.389183	I:	D:
40981	41328	+	1	1.378033	I:	D:
41371	42225	+	1	1.346075	I:	D:
42366	43796	-	3	1.334049	I:	D:
43842	45785	-	3	1.324526	I:	D:
45988	47037	-	1	1.341832	I:	D:
47182	48888	-	1	1.345527	I:	D:
48888	50768	-	3	1.344115	I:	D:
50920	51762	+	1	1.368486	I:	D:
51781	52029	-	1	1.331366	I:	D:
52035	53120	-	3	1.339073	I:	D:
53110	53487	-	1	1.285447	I:	D:
53617	53931	-	1	1.349818	I:	D:
53928	55511	-	3	1.353202	I:	D:
55707	56033	+	3	1.310061	I:	D:
56193	57197	-	3	1.328935	I:	D:
57266	58729	-	2	1.336480	I:	D:
58832	59230	-	2	1.397270	I:	D:
59333	60448	-	2	1.309328	I:	D:
60624	62021	-	3	1.338753	I:	D:
62157	62327	-	3	1.311692	I:	D:
62371	63228	+	1	1.327558	I:	D:
63361	64785	-	1	1.351163	I:	D:
64792	65349	-	1	1.363524	I:	D:
65346	65912	-	3	1.336988	I:	D:
66166	67275	+	1	1.312710	I:	D:
67770	67976	-	3	1.322966	I:	D:
68030	68182	-	2	1.263955	I:	D:
68325	68486	-	3	1.289459	I:	D:
68612	70396	-	2	1.318077	I:	D:
70604	71416	-	2	1.286433	I:	D:
71434	72321	-	1	1.264129	I:	D:
72456	73373	-	3	1.298230	I:	D:
73520	75691	-	2	1.286960	I:	D:
75700	76809	-	1	1.298163	I:	D:
76829	77662	-	2	1.299163	I:	D:
77662	78552	-	1	1.292826	I:	D:
78609	79943	-	3	1.276277	I:	D:
80094	80951	-	3	1.283628	I:	D:
81013	81468	-	1	1.255307	I:	D:
81482	82192	-	2	1.269232	I:	D:
>Y7.M028_10
351	1223	+	3	1.347096	I:	D:
1317	2039	+	3	1.326857	I:	D:
2064	2408	+	3	1.356461	I:	D:
2023	3282	+	1	1.334092	I:	D:
3518	4216	+	2	1.334830	I:	D:
4231	6543	+	1	1.321244	I:	D:
6918	7793	+	3	1.311358	I:	D:
7925	9826	+	2	1.283310	I:	D:
9838	11298	+	1	1.296523	I:	D:
11331	11582	+	3	1.304214	I:	D:
11583	11840	+	3	1.341519	I:	D:
11937	13130	+	3	1.316612	I:	D:
13262	14113	+	2	1.322950	I:	D:
14196	14720	+	3	1.366346	I:	D:
14740	15441	+	1	1.347860	I:	D:
15527	16441	-	2	1.355432	I:	D:
16627	17478	+	1	1.321087	I:	D:
17577	18188	+	3	1.262476	I:	D:
18304	19263	+	1	1.295077	I:	D:
19518	20351	+	3	1.345232	I:	D:
20451	21725	+	3	1.324733	I:	D:
21725	22216	+	2	1.308877	I:	D:
22238	23725	+	2	1.307796	I:	D:
24004	25614	+	1	1.297361	I:	D:
25689	25841	+	3	1.368340	I:	D:
25952	27325	+	2	1.316719	I:	D:
27441	28265	+	3	1.332685	I:	D:
28516	29682	+	1	1.318724	I:	D:
29719	32139	+	1	1.309485	I:	D:
32196	33179	+	3	1.311790	I:	D:
33160	33954	+	1	1.319397	I:	D:
33983	35008	+	2	1.327742	I:	D:
35325	36464	+	3	1.337900	I:	D:
36530	37288	+	2	1.347629	I:	D:
37290	38333	+	3	1.333087	I:	D:
38326	39054	+	1	1.346388	I:	D:
39051	41216	+	3	1.322263	I:	D:
41216	42658	+	2	1.336180	I:	D:
42679	43767	+	1	1.330869	I:	D:
43764	44333	+	3	1.324987	I:	D:
44305	45111	+	1	1.360107	I:	D:
45214	45615	+	1	1.352218	I:	D:
45639	46331	+	3	1.356694	I:	D:
46162	47142	+	1	1.359416	I:	D:
47280	47501	+	3	1.347246	I:	D:
47591	48637	+	2	1.356655	I:	D:
48619	50187	+	1	1.335807	I:	D:
50324	50992	+	2	1.337525	I:	D:
51006	51911	+	3	1.350146	I:	D:
52152	52847	+	3	1.362872	I:	D:
52880	53764	-	2	1.366275	I:	D:
53944	54255	+	1	1.291483	I:	D:
54644	57331	+	2	1.313102	I:	D:
57420	58625	+	3	1.312981	I:	D:
58646	59776	+	2	1.351931	I:	D:
59780	60880	+	2	1.336327	I:	D:
61301	62602	-	2	1.347940	I:	D:
62592	63686	-	3	1.314849	I:	D:
63980	66055	+	2	1.315357	I:	D:
66198	67553	+	3	1.321987	I:	D:
67571	69016	+	2	1.341860	I:	D:
69088	70749	+	1	1.307221	I:	D:
70794	71732	+	3	1.339235	I:	D:
71797	73053	-	1	1.329888	I:	D:
73154	73576	-	2	1.286537	I:	D:
74180	76609	+	2	1.326545	I:	D:
76810	77001	+	1	1.314659	I:	D:
77064	77597	+	3	1.316643	I:	D:
77688	77837	+	3	1.296276	I:	D:
78003	78695	-	3	1.344471	I:	D:
78797	79972	+	2	1.294458	I:	D:
79973	83176	+	2	1.321212	I:	D:
83301	84914	-	3	1.324755	I:	D:
84978	86471	-	3	1.325177	I:	D:
86478	86645	+	3	1.335273	I:	D:
86707	88722	+	1	1.305333	I:	D:
88755	89423	+	3	1.333365	I:	D:
89588	91441	+	2	1.336654	I:	D:
91493	92422	+	2	1.319535	I:	D:
92437	93366	+	1	1.293360	I:	D:
93529	96192	-	1	1.317096	I:	D:
96345	97010	+	3	1.321226	I:	D:
97118	97654	-	2	1.286273	I:	D:
97789	98400	-	1	1.350695	I:	D:
98499	98654	+	3	1.274885	I:	D:
98672	100495	-	2	1.316715	I:	D:
100611	101282	+	3	1.332977	I:	D:
101314	102267	+	1	1.309617	I:	D:
102400	103158	+	1	1.302110	I:	D:
103203	105155	+	3	1.310123	I:	D:
105273	105617	+	3	1.292890	I:	D:
105749	106537	+	2	1.311981	I:	D:
106670	109237	+	2	1.318785	I:	D:
109503	110441	+	3	1.307884	I:	D:
110455	111678	+	1	1.310611	I:	D:
111706	112914	+	1	1.305685	I:	D:
112938	113345	-	3	1.298825	I:	D:
113460	113903	-	3	1.341834	I:	D:
114045	114590	+	3	1.283835	I:	D:
114763	116049	+	1	1.269703	I:	D:
>Y7.M028_11
403	1815	-	1	1.343868	I:	D:
1900	2829	-	1	1.323808	I:	D:
3025	3270	-	1	1.269796	I:	D:
3421	5667	-	1	1.326344	I:	D:
5696	6133	-	2	1.268882	I:	D:
6354	8330	-	3	1.327934	I:	D:
8257	10005	-	1	1.334926	I:	D:
10072	10524	-	1	1.304105	I:	D:
10554	10703	+	3	1.276313	I:	D:
10743	11396	+	3	1.287029	I:	D:
11428	11823	-	1	1.271195	I:	D:
11807	12532	-	2	1.314557	I:	D:
12777	13025	+	3	1.338474	I:	D:
13136	14128	+	2	1.332295	I:	D:
14208	14414	-	3	1.328678	I:	D:
14473	14730	-	1	1.268601	I:	D:
14755	14922	-	1	1.341316	I:	D:
15059	16411	-	2	1.356792	I:	D:
16411	17700	-	1	1.328702	I:	D:
17719	18675	-	1	1.326350	I:	D:
18868	19071	-	1	1.325814	I:	D:
19083	19373	-	3	1.282474	I:	D:
19407	19769	-	3	1.303702	I:	D:
19838	20254	-	2	1.331273	I:	D:
20707	22122	-	1	1.328550	I:	D:
22237	22449	-	1	1.313987	I:	D:
22461	22625	-	3	1.320590	I:	D:
22686	23099	-	3	1.304314	I:	D:
23253	24341	+	3	1.326867	I:	D:
24502	25035	-	1	1.324080	I:	D:
25268	27088	-	2	1.341699	I:	D:
27120	28082	-	3	1.350576	I:	D:
28082	28819	-	2	1.337157	I:	D:
28837	30675	-	1	1.325222	I:	D:
30799	32181	-	1	1.325605	I:	D:
32233	33858	-	1	1.305383	I:	D:
34076	34273	+	2	1.282061	I:	D:
34478	35218	-	2	1.309178	I:	D:
35237	35680	-	2	1.283969	I:	D:
35696	37027	-	2	1.315742	I:	D:
37046	37615	-	2	1.295839	I:	D:
37615	39363	-	1	1.323248	I:	D:
39474	39950	-	3	1.310157	I:	D:
40004	40576	-	2	1.327221	I:	D:
40614	45098	-	3	1.334780	I:	D:
45148	46209	-	1	1.307174	I:	D:
46369	46827	-	1	1.313998	I:	D:
46941	47174	-	3	1.321763	I:	D:
47355	47714	+	3	1.292535	I:	D:
47722	48453	-	1	1.311992	I:	D:
48453	49793	-	3	1.327929	I:	D:
49800	50759	-	3	1.304873	I:	D:
50867	51091	-	2	1.331062	I:	D:
51164	52195	-	2	1.320462	I:	D:
52212	52724	-	3	1.342312	I:	D:
52737	53792	-	3	1.307560	I:	D:
53802	54989	-	3	1.322808	I:	D:
55032	55943	-	3	1.332620	I:	D:
56004	57080	-	3	1.304109	I:	D:
57099	57962	-	3	1.304655	I:	D:
57934	58860	-	1	1.331562	I:	D:
58971	59204	-	3	1.306360	I:	D:
59275	60615	-	1	1.313792	I:	D:
60877	62025	+	1	1.300529	I:	D:
62027	62950	+	2	1.356100	I:	D:
62953	63465	+	1	1.316910	I:	D:
63635	64741	-	2	1.333555	I:	D:
64741	66555	-	1	1.323751	I:	D:
66598	67578	-	1	1.311882	I:	D:
67635	69827	-	3	1.348515	I:	D:
69831	70751	-	3	1.325975	I:	D:
70768	72156	-	1	1.335602	I:	D:
72188	72877	-	2	1.316095	I:	D:
72893	73660	-	2	1.317061	I:	D:
73725	74162	-	3	1.357760	I:	D:
74228	75403	-	2	1.308508	I:	D:
75407	76348	-	2	1.288405	I:	D:
76377	77630	-	3	1.304680	I:	D:
77721	78167	-	3	1.318227	I:	D:
78261	79301	-	3	1.317036	I:	D:
79708	81090	-	1	1.331391	I:	D:
81083	81418	-	2	1.288398	I:	D:
81699	83069	-	3	1.310829	I:	D:
83529	84755	+	3	1.305426	I:	D:
84811	85773	-	1	1.333735	I:	D:
86056	86238	+	1	1.299445	I:	D:
86251	86511	+	1	1.291001	I:	D:
86989	88803	-	1	1.331061	I:	D:
88805	91252	-	2	1.317291	I:	D:
91299	91796	-	3	1.338492	I:	D:
91983	92429	-	3	1.312011	I:	D:
92445	93338	-	3	1.350856	I:	D:
93533	93877	+	2	1.304351	I:	D:
94003	94323	-	1	1.268518	I:	D:
94408	95202	-	1	1.323867	I:	D:
95306	95785	-	2	1.333374	I:	D:
95813	96316	-	2	1.293413	I:	D:
96404	96928	-	2	1.302206	I:	D:
97451	98104	-	2	1.321356	I:	D:
98364	99560	+	3	1.309993	I:	D:
99617	99820	+	2	1.307580	I:	D:
100020	101693	+	3	1.322765	I:	D:
>Y7.M028_12
147	332	+	3	1.308400	I:	D:
439	873	+	1	1.279773	I:	D:
1027	1968	+	1	1.363698	I:	D:
2028	2519	+	3	1.300284	I:	D:
2688	3884	-	3	1.335435	I:	D:
4155	5051	+	3	1.267528	I:	D:
5305	6708	+	1	1.334131	I:	D:
6975	8735	-	3	1.299892	I:	D:
8929	11010	+	1	1.294312	I:	D:
11075	11788	-	2	1.285649	I:	D:
11927	13252	-	2	1.335620	I:	D:
13398	14336	-	3	1.349208	I:	D:
14323	15555	-	1	1.318266	I:	D:
15548	16549	-	2	1.316634	I:	D:
16748	16945	+	2	1.279599	I:	D:
17062	18051	+	1	1.312359	I:	D:
19377	20252	-	3	1.347036	I:	D:
20255	21541	-	2	1.304501	I:	D:
21556	22095	-	1	1.283906	I:	D:
22097	23005	-	2	1.264515	I:	D:
23023	23787	-	1	1.278761	I:	D:
24213	24365	+	3	1.271114	I:	D:
24717	25436	-	3	1.280312	I:	D:
25582	27504	-	1	1.320971	I:	D:
27470	28882	-	2	1.297296	I:	D:
29200	30081	-	1	1.291018	I:	D:
30096	31172	-	3	1.322663	I:	D:
31191	31403	-	3	1.351447	I:	D:
31411	31749	-	1	1.360931	I:	D:
31893	32027	-	3	1.232988	I:	D:
32117	33514	+	2	1.315471	I:	D:
33635	33871	+	2	1.310249	I:	D:
33933	34964	+	3	1.250458	I:	D:
35060	35269	+	2	1.264276	I:	D:
35274	36344	+	3	1.359262	I:	D:
36355	38286	+	1	1.334947	I:	D:
38344	40884	+	1	1.330450	I:	D:
41034	41876	+	3	1.341237	I:	D:
41879	42430	+	2	1.348162	I:	D:
42427	43137	+	1	1.337316	I:	D:
43242	43649	+	3	1.279852	I:	D:
43792	44730	+	1	1.354378	I:	D:
45123	46211	+	3	1.332769	I:	D:
>Y7.M028_13
239	547	+	2	1.292173	I:	D:
810	974	+	3	1.302062	I:	D:
1004	1132	+	2	1.260580	I:	D:
1145	2587	+	2	1.337826	I:	D:
2658	3437	-	3	1.373419	I:	D:
3430	4290	-	1	1.320046	I:	D:
4306	4710	-	1	1.348436	I:	D:
4810	5652	+	1	1.305650	I:	D:
5681	5926	+	2	1.319813	I:	D:
5923	6342	+	1	1.309017	I:	D:
6364	6828	+	1	1.333705	I:	D:
6874	7140	+	1	1.344921	I:	D:
7368	8276	+	3	1.315632	I:	D:
8419	9453	+	1	1.321916	I:	D:
9459	11525	+	3	1.323648	I:	D:
11528	11977	+	2	1.274022	I:	D:
11991	13331	+	3	1.334531	I:	D:
13814	14050	+	2	1.359152	I:	D:
14139	15440	+	3	1.310800	I:	D:
15453	16247	+	3	1.341840	I:	D:
16468	16914	+	1	1.341779	I:	D:
16911	17855	+	3	1.306820	I:	D:
17929	18921	+	1	1.324029	I:	D:
18994	19974	+	1	1.324999	I:	D:
20065	20397	+	1	1.319939	I:	D:
20398	21168	+	1	1.314479	I:	D:
21259	22215	+	1	1.324842	I:	D:
22363	22845	+	1	1.276596	I:	D:
22870	24801	+	1	1.319120	I:	D:
25051	25320	+	1	1.315612	I:	D:
25310	25537	+	2	1.338730	I:	D:
25552	25935	+	1	1.331226	I:	D:
26140	26430	+	1	1.354215	I:	D:
26435	26734	+	2	1.270907	I:	D:
26764	27060	+	1	1.256902	I:	D:
27100	28152	-	1	1.304699	I:	D:
28298	29200	+	2	1.309701	I:	D:
29197	29445	+	1	1.286130	I:	D:
29498	30442	+	2	1.283288	I:	D:
31112	31546	+	2	1.310954	I:	D:
31587	31787	+	3	1.308438	I:	D:
32127	32492	+	3	1.295513	I:	D:
32492	34219	+	2	1.323147	I:	D:
34258	36132	+	1	1.323317	I:	D:
36206	36598	+	2	1.287420	I:	D:
36595	36933	+	1	1.320261	I:	D:
37021	37230	+	1	1.289497	I:	D:
37324	37494	+	1	1.332406	I:	D:
37531	38766	+	1	1.331211	I:	D:
38946	39404	+	3	1.298952	I:	D:
39632	39817	+	2	1.322643	I:	D:
39949	41124	-	1	1.342391	I:	D:
41121	41969	-	3	1.341398	I:	D:
42250	42657	+	1	1.284368	I:	D:
42733	43680	+	1	1.356837	I:	D:
43839	44162	-	3	1.290016	I:	D:
44629	45783	+	1	1.295257	I:	D:
>Y7.M028_14
1	717	+	1	1.322461	I:	D:
902	1141	+	2	1.283225	I:	D:
1172	2512	+	2	1.334523	I:	D:
2526	3173	+	3	1.306419	I:	D:
3177	3737	+	3	1.289731	I:	D:
3828	6527	+	3	1.313157	I:	D:
6520	7221	+	1	1.307845	I:	D:
7527	7988	+	3	1.332741	I:	D:
8101	8952	+	1	1.300960	I:	D:
9023	10675	+	2	1.311304	I:	D:
10810	11721	+	1	1.339946	I:	D:
12237	13070	+	3	1.302075	I:	D:
13129	13773	+	1	1.329184	I:	D:
13779	14513	+	3	1.317085	I:	D:
14763	14897	+	3	1.384214	I:	D:
14935	15912	+	1	1.357369	I:	D:
16124	17620	+	2	1.324801	I:	D:
>Y7.M028_15
1	1677	-	1	1.330241	I:	D:
1703	2185	-	2	1.315920	I:	D:
2199	4538	-	3	1.323165	I:	D:
4519	4911	-	1	1.328154	I:	D:
4993	5373	+	1	1.339230	I:	D:
5402	6238	-	2	1.335767	I:	D:
6328	6693	-	1	1.297338	I:	D:
6727	8523	-	1	1.328430	I:	D:
8510	8713	-	2	1.323658	I:	D:
8741	9715	-	2	1.320719	I:	D:
9721	10605	-	1	1.333563	I:	D:
10580	11938	-	2	1.335673	I:	D:
12016	12354	-	1	1.295670	I:	D:
12351	13337	-	3	1.300754	I:	D:
13733	14056	-	2	1.278285	I:	D:
14060	15055	-	2	1.319757	I:	D:
15193	16080	-	1	1.255806	I:	D:
16083	16619	-	3	1.260201	I:	D:
>Y7.M028_16
1	1569	-	1	1.318012	I:	D:
1683	1928	-	3	1.293822	I:	D:
2016	2354	+	3	1.359932	I:	D:
2528	3148	+	2	1.315865	I:	D:
3352	5091	-	1	1.319215	I:	D:
5093	6847	-	2	1.323810	I:	D:
6959	7642	-	2	1.301737	I:	D:
7670	8185	+	2	1.332983	I:	D:
8252	9742	-	2	1.317080	I:	D:
9754	10491	-	1	1.333363	I:	D:
10491	11075	-	3	1.323042	I:	D:
11268	12257	+	3	1.327706	I:	D:
12319	12459	-	1	1.330576	I:	D:
12472	13566	-	1	1.305214	I:	D:
13118	14359	-	2	1.328220	I:	D:
14308	14688	-	1	1.351282	I:	D:
14815	14949	-	1	1.410164	I:	D:
>Y7.M028_17
2	301	+	2	1.334009	I:	D:
440	673	-	2	1.322070	I:	D:
716	1390	-	2	1.326602	I:	D:
1402	1788	-	1	1.364687	I:	D:
1860	2039	-	3	1.336454	I:	D:
2051	4354	-	2	1.340691	I:	D:
4416	4859	-	3	1.283726	I:	D:
5141	5452	-	2	1.315606	I:	D:
>Y7.M028_18
126	752	-	3	1.320868	I:	D:
821	1657	-	2	1.326200	I:	D:
1670	2407	-	2	1.335713	I:	D:
2400	3311	-	3	1.318157	I:	D:
3316	4305	-	1	1.320986	I:	D:
4292	4879	-	2	1.351370	I:	D:
4872	6383	-	3	1.338821	I:	D:
6386	7735	-	2	1.318637	I:	D:
7896	8924	-	3	1.330141	I:	D:
9066	9758	-	3	1.312685	I:	D:
9776	10027	+	2	1.360114	I:	D:
10048	10290	+	1	1.319770	I:	D:
10688	11167	-	2	1.310322	I:	D:
11246	12127	-	2	1.276075	I:	D:
12303	13367	+	3	1.343742	I:	D:
13443	13997	-	3	1.326443	I:	D:
14020	14430	-	1	1.285734	I:	D:
14531	15361	+	2	1.350813	I:	D:
15369	15968	-	3	1.336923	I:	D:
16021	16254	-	1	1.338070	I:	D:
16329	17072	-	3	1.306116	I:	D:
17062	17466	-	1	1.328333	I:	D:
17484	17966	-	3	1.343915	I:	D:
18008	18832	-	2	1.353944	I:	D:
18960	20618	-	3	1.330487	I:	D:
20716	21984	-	1	1.324365	I:	D:
21921	22613	-	3	1.333708	I:	D:
22624	23835	-	1	1.351187	I:	D:
23832	24749	-	3	1.348576	I:	D:
25070	25720	+	2	1.331852	I:	D:
26164	26652	-	1	1.335898	I:	D:
26665	27309	-	1	1.308355	I:	D:
27382	28443	-	1	1.313395	I:	D:
28524	29264	-	3	1.316379	I:	D:
29362	31692	-	1	1.331679	I:	D:
32029	32262	-	1	1.320698	I:	D:
32789	33589	+	2	1.317259	I:	D:
33697	33921	-	1	1.315970	I:	D:
34344	35255	-	3	1.325610	I:	D:
35269	35940	+	1	1.340112	I:	D:
36159	36701	+	3	1.326011	I:	D:
37053	37811	-	3	1.325872	I:	D:
37992	39104	+	3	1.306766	I:	D:
39315	40391	-	3	1.283058	I:	D:
40544	40759	-	2	1.338618	I:	D:
40800	41462	-	3	1.340570	I:	D:
41579	41839	-	2	1.338305	I:	D:
41907	42812	-	3	1.326434	I:	D:
42966	43931	-	3	1.339807	I:	D:
44015	46558	-	2	1.318458	I:	D:
46564	49719	-	1	1.326497	I:	D:
50246	50386	+	2	1.315458	I:	D:
50616	50978	-	3	1.321250	I:	D:
51035	52507	-	2	1.337852	I:	D:
52539	52718	-	3	1.310256	I:	D:
52713	53636	+	3	1.326735	I:	D:
53738	53884	+	2	1.363319	I:	D:
>Y7.M028_19
116	553	-	2	1.314455	I:	D:
580	993	-	1	1.327178	I:	D:
990	1274	-	3	1.282427	I:	D:
1370	2080	+	2	1.298248	I:	D:
2191	3945	+	1	1.336820	I:	D:
3950	4675	+	2	1.354944	I:	D:
4675	6228	+	1	1.359764	I:	D:
6295	6927	-	1	1.309751	I:	D:
6953	10099	-	2	1.334200	I:	D:
10222	11655	-	1	1.328538	I:	D:
11799	12764	-	3	1.317432	I:	D:
12850	13500	-	1	1.363806	I:	D:
13529	14104	-	2	1.333944	I:	D:
14240	15928	-	2	1.342463	I:	D:
16046	17647	-	2	1.317867	I:	D:
17779	18027	-	1	1.312285	I:	D:
18049	18363	-	1	1.346964	I:	D:
18640	19077	-	1	1.328174	I:	D:
19147	19413	-	1	1.319591	I:	D:
19493	20821	-	2	1.304060	I:	D:
20802	21680	-	3	1.333519	I:	D:
21728	22972	-	2	1.324286	I:	D:
22973	23368	-	2	1.293130	I:	D:
23427	24155	-	3	1.342450	I:	D:
24145	26361	-	1	1.319153	I:	D:
26385	27392	-	3	1.302080	I:	D:
27580	30423	-	1	1.338373	I:	D:
30446	32398	-	2	1.324521	I:	D:
>Y7.M028_20
8	451	-	2	1.318897	I:	D:
438	671	-	3	1.252713	I:	D:
913	1110	-	1	1.247047	I:	D:
1157	1627	-	2	1.311431	I:	D:
1750	4374	-	1	1.311241	I:	D:
4551	5939	-	3	1.308979	I:	D:
6062	7264	-	2	1.320554	I:	D:
7323	8384	-	3	1.326322	I:	D:
8502	9884	+	3	1.331745	I:	D:
10018	11172	-	1	1.309962	I:	D:
11187	12725	-	3	1.310069	I:	D:
12883	13197	-	1	1.286354	I:	D:
13213	13344	-	1	1.288374	I:	D:
13419	13736	-	3	1.261275	I:	D:
13810	14754	-	1	1.311108	I:	D:
14788	15018	-	1	1.282582	I:	D:
15046	16098	-	1	1.299011	I:	D:
16117	17397	-	1	1.306095	I:	D:
17470	17850	-	1	1.331792	I:	D:
18317	19690	-	2	1.320165	I:	D:
19938	21338	-	3	1.334728	I:	D:
21413	22159	-	2	1.375872	I:	D:
22350	23246	-	3	1.315426	I:	D:
23280	26201	-	3	1.314696	I:	D:
26210	26428	+	2	1.336231	I:	D:
26437	28077	-	1	1.334336	I:	D:
28205	28423	-	2	1.369068	I:	D:
28568	32110	-	2	1.324972	I:	D:
32297	33877	-	2	1.324543	I:	D:
33892	34278	-	1	1.250607	I:	D:
34300	34677	-	1	1.316888	I:	D:
34927	36384	-	1	1.329911	I:	D:
36462	36629	-	3	1.323092	I:	D:
36722	37255	-	2	1.290862	I:	D:
37403	38668	+	2	1.331042	I:	D:
38825	38989	-	2	1.343596	I:	D:
39285	40289	-	3	1.319066	I:	D:
40301	41425	-	2	1.319013	I:	D:
41686	43668	-	1	1.316512	I:	D:
43862	44602	-	2	1.341948	I:	D:
44700	45524	-	3	1.339967	I:	D:
45521	46384	-	2	1.327864	I:	D:
46415	47269	-	2	1.300886	I:	D:
47347	47865	-	1	1.298661	I:	D:
48018	49691	-	3	1.302502	I:	D:
49788	50435	-	3	1.291082	I:	D:
50632	51426	-	1	1.285930	I:	D:
51729	52370	+	3	1.316866	I:	D:
52437	53027	-	3	1.315456	I:	D:
53109	53381	-	3	1.331660	I:	D:
53493	54029	-	3	1.331654	I:	D:
54254	54988	+	2	1.342117	I:	D:
55094	55888	-	2	1.320526	I:	D:
55904	56638	-	2	1.329772	I:	D:
56816	57265	-	2	1.327322	I:	D:
57353	57601	-	2	1.326798	I:	D:
57767	57952	-	2	1.329027	I:	D:
58018	58947	-	1	1.294086	I:	D:
59080	59709	-	1	1.282202	I:	D:
59797	60930	-	1	1.312449	I:	D:
60962	61174	+	2	1.357579	I:	D:
61223	62020	+	2	1.317224	I:	D:
62184	62492	-	3	1.314008	I:	D:
62599	63492	-	1	1.327676	I:	D:
63527	64084	-	2	1.310378	I:	D:
64179	65069	+	3	1.342161	I:	D:
65132	66517	-	2	1.345514	I:	D:
66653	67651	-	2	1.334719	I:	D:
67747	69120	-	1	1.347708	I:	D:
69210	70118	+	3	1.339967	I:	D:
70123	71145	-	1	1.322634	I:	D:
71171	71551	-	2	1.358943	I:	D:
71553	72536	-	3	1.319622	I:	D:
72878	74440	-	2	1.329417	I:	D:
74433	75002	-	3	1.314919	I:	D:
>Y7.M028_21
83	250	-	2	1.315209	I:	D:
550	693	+	1	1.291200	I:	D:
1063	1974	-	1	1.288526	I:	D:
2149	3489	+	1	1.303838	I:	D:
3889	4020	-	1	1.322937	I:	D:
4277	5122	-	2	1.313672	I:	D:
5154	7346	-	3	1.334403	I:	D:
7576	8676	-	1	1.339675	I:	D:
8749	9720	-	1	1.318986	I:	D:
9731	11230	-	2	1.290182	I:	D:
11250	12200	-	3	1.318828	I:	D:
12300	13457	-	3	1.300369	I:	D:
13583	13714	-	2	1.248715	I:	D:
13973	16348	+	2	1.326202	I:	D:
16484	17383	-	2	1.335851	I:	D:
17547	18386	-	3	1.341944	I:	D:
18386	19327	-	2	1.329892	I:	D:
19363	20661	-	1	1.303547	I:	D:
20781	22124	-	3	1.327672	I:	D:
22051	23829	-	1	1.333374	I:	D:
23826	25418	-	3	1.322791	I:	D:
25682	27169	-	2	1.323203	I:	D:
27272	29809	-	2	1.320069	I:	D:
29907	30242	-	3	1.332916	I:	D:
30463	31626	+	1	1.315776	I:	D:
31981	33474	-	1	1.340764	I:	D:
33891	34262	-	3	1.327433	I:	D:
34280	36148	-	2	1.324906	I:	D:
36274	36492	-	1	1.285469	I:	D:
36536	36691	+	2	1.359420	I:	D:
36729	37046	-	3	1.395271	I:	D:
37135	38286	-	1	1.319744	I:	D:
38482	39693	+	1	1.367239	I:	D:
39834	41111	+	3	1.322913	I:	D:
41155	41415	+	1	1.353983	I:	D:
41446	42210	+	1	1.338583	I:	D:
42474	42866	+	3	1.313872	I:	D:
42974	43813	+	2	1.336138	I:	D:
43817	44800	+	2	1.349238	I:	D:
44871	47213	-	3	1.338650	I:	D:
47388	47945	-	3	1.312057	I:	D:
47981	49021	-	2	1.332108	I:	D:
49087	49806	+	1	1.364564	I:	D:
49950	52103	-	3	1.326098	I:	D:
52115	53242	-	2	1.321611	I:	D:
53344	54510	-	1	1.314767	I:	D:
54533	55756	-	2	1.322825	I:	D:
55813	56571	-	1	1.304200	I:	D:
56596	57441	-	1	1.273407	I:	D:
57516	58178	-	3	1.315789	I:	D:
58384	59004	-	1	1.336115	I:	D:
>Y7.M028_22
2	130	+	2	1.330400	I:	D:
240	1118	-	3	1.317388	I:	D:
1190	2077	-	2	1.327443	I:	D:
2332	3279	+	1	1.339100	I:	D:
3431	4249	-	2	1.340462	I:	D:
4269	5639	-	3	1.331868	I:	D:
5655	6719	-	3	1.343316	I:	D:
6737	8191	-	2	1.335903	I:	D:
8296	9030	-	1	1.334211	I:	D:
9216	9635	+	3	1.332975	I:	D:
9649	11211	+	1	1.315377	I:	D:
11247	12122	+	3	1.338209	I:	D:
12125	12802	+	2	1.295689	I:	D:
12889	13539	+	1	1.323191	I:	D:
13541	14260	+	2	1.339913	I:	D:
14271	15179	+	3	1.305571	I:	D:
15238	15486	+	1	1.270047	I:	D:
15572	19048	+	2	1.334002	I:	D:
19129	20109	+	1	1.316847	I:	D:
20147	21097	+	2	1.338346	I:	D:
21106	21561	+	1	1.316233	I:	D:
21594	22079	-	3	1.302317	I:	D:
22284	23420	+	3	1.292987	I:	D:
23594	24244	-	2	1.353224	I:	D:
24423	25118	+	3	1.335912	I:	D:
25221	25484	+	3	1.364305	I:	D:
25700	26869	-	2	1.332844	I:	D:
27133	27858	+	1	1.331454	I:	D:
27891	29435	+	3	1.336702	I:	D:
29562	29792	+	3	1.288185	I:	D:
30084	31445	+	3	1.347415	I:	D:
31594	33141	+	1	1.322307	I:	D:
>Y7.M028_23
2	1294	-	2	1.340138	I:	D:
1375	4053	-	1	1.341089	I:	D:
4022	5038	-	2	1.343652	I:	D:
5317	6639	-	1	1.316417	I:	D:
6644	7318	-	2	1.323785	I:	D:
7335	7988	-	3	1.284011	I:	D:
7992	8741	-	3	1.330642	I:	D:
8778	9641	-	3	1.350934	I:	D:
9634	10509	-	1	1.351705	I:	D:
10511	11422	-	2	1.285727	I:	D:
11758	12618	+	1	1.353119	I:	D:
12672	12824	+	3	1.366941	I:	D:
12835	14199	-	1	1.317210	I:	D:
14255	15280	-	2	1.296544	I:	D:
15295	15567	-	1	1.305548	I:	D:
15630	16739	-	3	1.308271	I:	D:
16902	17549	-	3	1.343926	I:	D:
17551	17712	-	1	1.272081	I:	D:
17867	18808	-	2	1.320312	I:	D:
19015	20232	+	1	1.343032	I:	D:
20338	21186	-	1	1.329931	I:	D:
21339	22688	-	3	1.336607	I:	D:
22781	24181	-	2	1.303441	I:	D:
24381	25250	-	3	1.328904	I:	D:
25579	26271	-	1	1.337295	I:	D:
26302	27621	-	1	1.327689	I:	D:
27751	28140	-	1	1.319689	I:	D:
28282	28815	+	1	1.332283	I:	D:
>Y7.M028_24
3	1676	-	3	1.306062	I:	D:
1775	2257	-	2	1.281386	I:	D:
2476	3432	-	1	1.331462	I:	D:
3686	4462	-	2	1.325915	I:	D:
4496	4894	-	2	1.307871	I:	D:
4830	5810	-	3	1.313873	I:	D:
5828	6823	-	2	1.313092	I:	D:
6873	7805	-	3	1.301404	I:	D:
7809	8243	-	3	1.350002	I:	D:
8398	9192	-	1	1.339554	I:	D:
>Y7.M028_25
165	3992	-	3	1.289996	I:	D:
4110	4958	-	3	1.372274	I:	D:
4959	5393	-	3	1.273917	I:	D:
5423	7183	-	2	1.303502	I:	D:
7186	8277	-	1	1.313620	I:	D:
8421	8573	-	3	1.337672	I:	D:
>Y7.M028_26
248	769	-	2	1.320696	I:	D:
940	1482	-	1	1.327661	I:	D:
1658	5086	-	2	1.301635	I:	D:
5139	5363	-	3	1.306258	I:	D:
5221	6264	+	1	1.340729	I:	D:
6590	7063	+	2	1.312150	I:	D:
>Y7.M028_27
313	1050	+	1	1.290764	I:	D:
1172	2479	-	2	1.298540	I:	D:
3158	3427	+	2	1.339367	I:	D:
3436	3801	+	1	1.373954	I:	D:
3863	4225	+	2	1.350263	I:	D:
4475	5044	+	2	1.318522	I:	D:
5031	6005	+	3	1.304629	I:	D:
>Y7.M028_28
271	1452	+	1	1.351184	I:	D:
1574	2941	-	2	1.348945	I:	D:
2941	3354	-	1	1.287910	I:	D:
3411	5846	-	3	1.318789	I:	D:
5867	6238	-	2	1.340315	I:	D:
6387	7661	-	3	1.308624	I:	D:
7683	8309	-	3	1.317255	I:	D:
8303	9328	-	2	1.310261	I:	D:
9377	9898	-	2	1.288671	I:	D:
9932	11974	-	2	1.324205	I:	D:
11975	12367	-	2	1.320253	I:	D:
12846	12998	-	3	1.254759	I:	D:
13019	13714	-	2	1.291226	I:	D:
13885	16068	-	1	1.335151	I:	D:
16065	18617	-	3	1.324257	I:	D:
18798	19700	-	3	1.312199	I:	D:
19700	20482	-	2	1.322448	I:	D:
20568	21494	-	3	1.304817	I:	D:
21631	22806	-	1	1.294523	I:	D:
22840	24006	-	1	1.306107	I:	D:
24034	24942	-	1	1.301524	I:	D:
24932	25618	-	2	1.311714	I:	D:
25635	26723	-	3	1.304001	I:	D:
26937	27674	-	3	1.318157	I:	D:
27697	27915	-	1	1.310876	I:	D:
27719	28264	+	2	1.378497	I:	D:
28401	28613	-	3	1.347105	I:	D:
28674	29639	-	3	1.295611	I:	D:
29643	30431	-	3	1.312127	I:	D:
30428	30799	-	2	1.325167	I:	D:
30992	34657	-	2	1.320504	I:	D:
34660	37998	-	1	1.326016	I:	D:
38059	38916	-	1	1.315562	I:	D:
38980	39183	-	1	1.327843	I:	D:
39372	39683	-	3	1.363147	I:	D:
39902	41170	-	2	1.326746	I:	D:
41202	41723	-	3	1.265858	I:	D:
41746	42414	-	1	1.337498	I:	D:
42454	43215	-	1	1.309877	I:	D:
43229	43834	-	2	1.330077	I:	D:
43923	45428	-	3	1.317763	I:	D:
45425	46108	-	2	1.302879	I:	D:
46142	46288	+	2	1.328124	I:	D:
>Y7.M028_29
28	609	+	1	1.300715	I:	D:
636	1895	+	3	1.311611	I:	D:
1899	4319	+	3	1.321806	I:	D:
4366	4956	+	1	1.344354	I:	D:
5344	6273	+	1	1.328488	I:	D:
6278	8656	+	2	1.320497	I:	D:
8779	9639	+	1	1.333532	I:	D:
9779	9910	+	2	1.327384	I:	D:
>Y7.M028_30
248	475	-	2	1.370063	I:	D:
513	662	-	3	1.266682	I:	D:
947	1648	-	2	1.307619	I:	D:
1641	4340	-	3	1.316463	I:	D:
4431	4991	-	3	1.288579	I:	D:
4995	5642	-	3	1.306679	I:	D:
5656	6996	-	1	1.338215	I:	D:
7062	7256	+	3	1.344816	I:	D:
7270	7680	-	1	1.270277	I:	D:
7701	8204	-	3	1.298061	I:	D:
8333	9334	-	2	1.304787	I:	D:
>Y7.M028_31
2	166	+	2	1.324536	I:	D:
211	465	+	1	1.230027	I:	D:
539	883	+	2	1.286593	I:	D:
960	2309	+	3	1.284843	I:	D:
2312	3433	+	2	1.281048	I:	D:
3696	3890	+	3	1.310921	I:	D:
4246	4656	+	1	1.312343	I:	D:
4682	5902	+	2	1.249332	I:	D:
5921	6508	+	2	1.246138	I:	D:
6994	8538	+	1	1.374104	I:	D:
8535	8771	+	3	1.394769	I:	D:
>Y7.M028_32
3	1067	-	3	1.329010	I:	D:
1070	2257	-	2	1.319277	I:	D:
2284	2511	-	1	1.344129	I:	D:
2662	3183	-	1	1.366212	I:	D:
3777	4247	-	3	1.301864	I:	D:
4460	4639	-	2	1.289345	I:	D:
4733	5095	+	2	1.288081	I:	D:
5277	5618	-	3	1.283579	I:	D:
5677	6099	-	1	1.261045	I:	D:
>Y7.M028_33
2	235	+	2	1.287623	I:	D:
473	1738	+	2	1.299265	I:	D:
1931	2110	-	2	1.324094	I:	D:
2175	2837	+	3	1.312197	I:	D:
2840	3367	+	2	1.304466	I:	D:
3689	4903	-	2	1.346687	I:	D:
4929	5123	+	3	1.293506	I:	D:
>Y7.M028_34
1	4938	-	1	1.298790	I:	D:
>Y7.M028_35
3	2126	-	3	1.322685	I:	D:
2123	2797	-	2	1.321763	I:	D:
2910	4160	-	3	1.338586	I:	D:
4157	4798	-	2	1.329573	I:	D:
>Y7.M028_36
120	344	+	3	1.359119	I:	D:
311	1600	+	2	1.314555	I:	D:
1616	1801	+	2	1.313703	I:	D:
1891	2121	+	1	1.328277	I:	D:
2093	3742	+	2	1.328814	I:	D:
>Y7.M028_37
1	1581	-	1	1.309193	I:	D:
1943	2857	-	2	1.318976	I:	D:
2875	3609	-	1	1.345641	I:	D:
>Y7.M028_38
122	370	+	2	1.270388	I:	D:
358	1143	+	1	1.308995	I:	D:
1133	2032	+	2	1.299695	I:	D:
2123	2377	+	2	1.290295	I:	D:
>Y7.M028_39
139	516	-	1	1.270890	I:	D:
640	999	+	1	1.326866	I:	D:
1058	3001	+	2	1.309160	I:	D:
2955	3287	+	3	1.272696	I:	D:
>Y7.M028_40
1	1110	-	1	1.354824	I:	D:
1103	2452	-	2	1.374484	I:	D:
2806	3222	-	1	1.327087	I:	D:
>Y7.M028_41
1	459	+	1	1.336012	I:	D:
864	1532	+	3	1.367427	I:	D:
1533	2096	+	3	1.317100	I:	D:
>Y7.M028_42
2	145	+	2	1.327458	I:	D:
1327	2022	+	1	1.354730	I:	D:
>Y7.M028_43
1	1158	-	1	1.334390	I:	D:
1106	1363	-	2	1.271776	I:	D:
1380	1538	-	3	1.297382	I:	D:
1737	2792	-	3	1.362359	I:	D:
>Y7.M028_44
1	252	+	1	1.313328	I:	D:
366	560	+	3	1.299824	I:	D:
585	1712	+	3	1.319561	I:	D:
1715	2407	+	2	1.315362	I:	D:
2449	3141	+	1	1.351850	I:	D:
3170	3325	+	2	1.320415	I:	D:
3319	3648	+	1	1.333852	I:	D:
3879	4964	+	3	1.319704	I:	D:
4987	5553	+	1	1.342129	I:	D:
5528	6133	+	2	1.332984	I:	D:
6136	6768	+	1	1.335702	I:	D:
6781	7119	+	1	1.320630	I:	D:
7177	8088	+	1	1.331988	I:	D:
8124	9086	+	3	1.328740	I:	D:
9092	10306	+	2	1.339494	I:	D:
10311	10460	-	3	1.372400	I:	D:
10463	10909	-	2	1.314914	I:	D:
10958	12499	+	2	1.325521	I:	D:
12555	13139	+	3	1.319079	I:	D:
13275	14240	+	3	1.329793	I:	D:
14415	14774	-	3	1.321047	I:	D:
>Y7.M028_45
1	1038	+	1	1.330588	I:	D:
1038	1385	+	3	1.348580	I:	D:
1415	2581	+	2	1.348312	I:	D:
>Y7.M028_46
207	1073	+	3	1.366576	I:	D:
1057	2205	+	1	1.371910	I:	D:
2266	2463	+	1	1.352090	I:	D:
>Y7.M028_47
237	611	-	3	1.302690	I:	D:
753	920	+	3	1.403070	I:	D:
923	1858	-	2	1.342205	I:	D:
2011	2229	+	1	1.324531	I:	D:
>Y7.M028_48
3	182	-	3	1.302975	I:	D:
570	1976	+	3	1.352405	I:	D:
>Y7.M028_49
2	1414	+	2	1.302542	I:	D:
1497	1637	+	3	1.303316	I:	D:
1644	2042	+	3	1.282543	I:	D:
>Y7.M028_50
203	2323	+	2	1.341909	I:	D:
2248	2625	+	1	1.318584	I:	D:
3012	3905	+	3	1.215440	I:	D:
4514	5458	+	2	1.326649	I:	D:
