>YB3_536
111	626	-	3	1.321448	I:	D:
736	1140	-	1	1.305826	I:	D:
1486	1899	-	1	1.243922	I:	D:
2398	2625	-	1	1.402509	I:	D:
2789	3646	-	2	1.330958	I:	D:
>YB3_1172
1	138	+	1	1.266633	I:	D:
234	1646	+	3	1.334896	I:	D:
1699	1899	+	1	1.365168	I:	D:
1913	2800	-	2	1.312778	I:	D:
2814	3314	-	3	1.319853	I:	D:
3586	5166	+	1	1.316899	I:	D:
5292	6056	+	3	1.337264	I:	D:
6090	6899	-	3	1.350772	I:	D:
7167	8198	+	3	1.331582	I:	D:
8286	9506	+	3	1.317572	I:	D:
9602	10357	+	2	1.311968	I:	D:
10380	11921	+	3	1.322571	I:	D:
12028	12912	-	1	1.341672	I:	D:
13089	14864	+	3	1.324546	I:	D:
14879	15748	+	2	1.331860	I:	D:
15801	17219	+	3	1.332965	I:	D:
17216	18172	+	2	1.335280	I:	D:
18182	20572	+	2	1.359855	I:	D:
20702	21568	+	2	1.348620	I:	D:
21653	22462	+	2	1.332018	I:	D:
22572	23903	-	3	1.337121	I:	D:
24023	24985	-	2	1.308763	I:	D:
25154	26347	-	2	1.327493	I:	D:
26439	27755	-	3	1.335562	I:	D:
27787	28995	-	1	1.326177	I:	D:
29024	29695	-	2	1.327420	I:	D:
29912	31243	+	2	1.326824	I:	D:
31397	34384	+	2	1.335976	I:	D:
34538	34777	+	2	1.354576	I:	D:
34761	37439	+	3	1.338897	I:	D:
37555	38178	-	1	1.330420	I:	D:
38342	40702	+	2	1.338961	I:	D:
40825	41220	+	1	1.298836	I:	D:
41327	42730	+	2	1.342780	I:	D:
42858	43274	-	3	1.339126	I:	D:
43315	43644	-	1	1.326901	I:	D:
43967	44200	+	2	1.337600	I:	D:
>YB3_1800
3	317	-	3	1.283475	I:	D:
807	1733	+	3	1.330309	I:	D:
1749	2534	+	3	1.335410	I:	D:
2534	3439	+	2	1.300489	I:	D:
>YB3_2604
3	914	+	3	1.334587	I:	D:
919	2736	+	1	1.353288	I:	D:
2757	5840	-	3	1.360105	I:	D:
5830	7647	-	1	1.350608	I:	D:
7792	8577	-	1	1.339083	I:	D:
8801	9640	-	2	1.347664	I:	D:
9650	10198	-	2	1.358848	I:	D:
10229	11560	-	2	1.359504	I:	D:
11690	12553	-	2	1.348495	I:	D:
12726	13589	+	3	1.373586	I:	D:
13813	15849	-	1	1.327203	I:	D:
16014	16472	-	3	1.365094	I:	D:
16569	16754	+	3	1.348404	I:	D:
16840	17592	-	1	1.333105	I:	D:
17398	17532	+	1	1.323407	I:	D:
17592	18389	-	3	1.328741	I:	D:
18438	19313	-	3	1.325513	I:	D:
19349	19483	+	2	1.312262	I:	D:
19515	20399	-	3	1.313639	I:	D:
20396	21256	-	2	1.348647	I:	D:
21410	22651	+	2	1.335058	I:	D:
22717	24168	-	1	1.350002	I:	D:
24277	25041	-	1	1.331745	I:	D:
25101	25964	-	3	1.342334	I:	D:
26350	28437	-	1	1.325830	I:	D:
28438	28734	-	1	1.292332	I:	D:
28954	29217	-	1	1.321011	I:	D:
29296	29733	-	1	1.310527	I:	D:
29858	30034	-	2	1.370004	I:	D:
30055	32070	-	1	1.324688	I:	D:
32131	32358	-	1	1.286496	I:	D:
32546	33607	-	2	1.349095	I:	D:
33634	34449	-	1	1.325040	I:	D:
34666	35007	+	1	1.298284	I:	D:
35007	35912	+	3	1.341942	I:	D:
36043	36996	-	1	1.341546	I:	D:
36980	38878	-	2	1.313234	I:	D:
38937	39308	-	3	1.311658	I:	D:
>YB3_5344
199	1281	-	1	1.323949	I:	D:
1278	2048	-	3	1.317211	I:	D:
2177	3400	-	2	1.328663	I:	D:
3541	4464	-	1	1.327423	I:	D:
4489	5190	-	1	1.323448	I:	D:
5253	6935	-	3	1.304903	I:	D:
6942	8465	-	3	1.327220	I:	D:
8809	10272	+	1	1.313879	I:	D:
10383	11399	-	3	1.326981	I:	D:
11749	12837	-	1	1.327818	I:	D:
12856	13095	+	1	1.379417	I:	D:
13325	14143	+	2	1.305864	I:	D:
14392	15201	+	1	1.309265	I:	D:
15378	15569	-	3	1.344765	I:	D:
15626	16477	-	2	1.328304	I:	D:
16672	17649	-	1	1.333912	I:	D:
18004	18924	-	1	1.302498	I:	D:
19144	19875	-	1	1.309121	I:	D:
20213	20401	-	2	1.325224	I:	D:
20555	21178	-	2	1.316036	I:	D:
21221	21385	+	2	1.300084	I:	D:
21645	21845	-	3	1.304319	I:	D:
22071	22220	+	3	1.309144	I:	D:
22383	24197	+	3	1.348872	I:	D:
24281	26749	-	2	1.306193	I:	D:
26749	29907	-	1	1.314415	I:	D:
29942	30124	+	2	1.374987	I:	D:
30366	30524	-	3	1.286009	I:	D:
31149	31562	-	3	1.324631	I:	D:
31618	31800	+	1	1.328172	I:	D:
>YB3_6287
1	1479	+	1	1.307315	I:	D:
1548	2786	+	3	1.331225	I:	D:
3026	3877	+	2	1.338571	I:	D:
3893	4768	+	2	1.346338	I:	D:
4817	5674	+	2	1.364512	I:	D:
5690	6544	+	2	1.351182	I:	D:
6561	7445	+	3	1.352964	I:	D:
7508	9274	-	2	1.324822	I:	D:
9354	11030	-	3	1.348926	I:	D:
11240	12556	-	2	1.332201	I:	D:
12570	13313	-	3	1.355358	I:	D:
13398	15260	-	3	1.340620	I:	D:
15380	16423	-	2	1.320449	I:	D:
16556	18436	-	2	1.338692	I:	D:
18569	19996	-	2	1.316912	I:	D:
19983	21401	-	3	1.329553	I:	D:
21401	22264	-	2	1.333221	I:	D:
22261	23253	-	1	1.334540	I:	D:
23290	24006	-	1	1.336737	I:	D:
24057	24287	-	3	1.378588	I:	D:
24412	25656	-	1	1.336186	I:	D:
25646	26332	-	2	1.331260	I:	D:
26458	28644	-	1	1.332487	I:	D:
28779	29648	-	3	1.321802	I:	D:
29794	31290	-	1	1.325031	I:	D:
31502	32317	+	2	1.350496	I:	D:
32367	32600	+	3	1.347146	I:	D:
33235	33432	-	1	1.294720	I:	D:
33459	33845	+	3	1.386540	I:	D:
33886	35898	-	1	1.353132	I:	D:
35901	36296	-	3	1.314442	I:	D:
37556	38767	-	2	1.345849	I:	D:
38805	40016	-	3	1.344801	I:	D:
40013	40879	-	2	1.356921	I:	D:
40876	41610	-	1	1.351684	I:	D:
41680	42699	-	1	1.322298	I:	D:
42703	43461	-	1	1.356031	I:	D:
43625	45178	-	2	1.330427	I:	D:
45213	45995	-	3	1.349314	I:	D:
45997	46581	-	1	1.300375	I:	D:
46646	47737	-	2	1.320704	I:	D:
47831	49225	-	2	1.321169	I:	D:
49252	50202	-	1	1.361226	I:	D:
50352	51908	+	3	1.316690	I:	D:
52040	52768	-	2	1.365503	I:	D:
52861	53616	-	1	1.367623	I:	D:
53785	54456	+	1	1.330122	I:	D:
54835	55770	-	1	1.346698	I:	D:
55742	56710	-	2	1.337571	I:	D:
56710	59277	-	1	1.353024	I:	D:
59313	60431	-	3	1.324294	I:	D:
60433	61194	-	1	1.313529	I:	D:
61305	63473	-	3	1.334671	I:	D:
63475	65040	-	1	1.337286	I:	D:
65166	66440	-	3	1.326483	I:	D:
66523	67659	-	1	1.337754	I:	D:
67656	68396	-	3	1.325811	I:	D:
68512	69003	-	1	1.367894	I:	D:
69042	70574	-	3	1.337428	I:	D:
70790	70969	-	2	1.331746	I:	D:
70990	73581	-	1	1.318383	I:	D:
73755	74603	-	3	1.312213	I:	D:
74725	75720	-	1	1.341717	I:	D:
75988	77415	-	1	1.340155	I:	D:
77451	77990	-	3	1.336761	I:	D:
78230	79441	+	2	1.325976	I:	D:
79747	80541	-	1	1.315977	I:	D:
80548	81909	-	1	1.338380	I:	D:
81915	82865	-	3	1.326216	I:	D:
82924	84246	-	1	1.337169	I:	D:
84417	86924	+	3	1.333699	I:	D:
86948	87658	+	2	1.325589	I:	D:
87663	89069	+	3	1.328280	I:	D:
89164	90180	+	1	1.339771	I:	D:
90238	91545	+	1	1.321546	I:	D:
91694	92638	-	2	1.325803	I:	D:
92675	93964	-	2	1.329246	I:	D:
94034	95173	-	2	1.333176	I:	D:
95350	95949	-	1	1.337977	I:	D:
96040	96960	-	1	1.311401	I:	D:
97041	98294	-	3	1.354213	I:	D:
98546	99448	+	2	1.319774	I:	D:
99570	100952	+	3	1.338918	I:	D:
101342	102244	-	2	1.357386	I:	D:
102284	103009	-	2	1.332688	I:	D:
103106	104599	-	2	1.340403	I:	D:
104642	106327	-	2	1.324928	I:	D:
106551	106808	-	3	1.343592	I:	D:
106942	107538	-	1	1.357046	I:	D:
107511	108944	-	3	1.362961	I:	D:
109158	109901	+	3	1.319406	I:	D:
109908	110189	+	3	1.385052	I:	D:
110227	111585	+	1	1.339151	I:	D:
111616	111831	+	1	1.351879	I:	D:
112236	112397	-	3	1.336486	I:	D:
112443	112847	-	3	1.380688	I:	D:
112923	114230	-	3	1.351071	I:	D:
114329	114529	-	2	1.308896	I:	D:
114838	116946	+	1	1.329047	I:	D:
116993	117238	+	2	1.332818	I:	D:
117311	118057	+	2	1.346269	I:	D:
118149	118349	+	3	1.369923	I:	D:
118426	119151	+	1	1.351196	I:	D:
119153	119953	-	2	1.334108	I:	D:
119950	120516	-	1	1.373882	I:	D:
120723	121379	-	3	1.357334	I:	D:
121407	122714	-	3	1.329715	I:	D:
123067	123765	-	1	1.354467	I:	D:
123801	123941	-	3	1.304538	I:	D:
123959	124429	-	2	1.368057	I:	D:
124680	126404	-	3	1.335305	I:	D:
126645	127370	-	3	1.319491	I:	D:
127396	129162	-	1	1.353495	I:	D:
129225	130100	-	3	1.334606	I:	D:
130105	130878	-	1	1.326983	I:	D:
131020	133044	-	1	1.327818	I:	D:
133295	135133	+	2	1.341446	I:	D:
135224	135505	+	2	1.328604	I:	D:
135664	136503	-	1	1.321147	I:	D:
136478	137941	-	2	1.341429	I:	D:
137904	139016	-	3	1.339442	I:	D:
139575	140123	-	3	1.328889	I:	D:
140249	140860	-	2	1.355284	I:	D:
140865	142814	-	3	1.335841	I:	D:
142841	146416	-	2	1.331585	I:	D:
146688	147386	-	3	1.343523	I:	D:
147473	148225	-	2	1.322171	I:	D:
148426	149787	+	1	1.344505	I:	D:
149881	151284	+	1	1.325853	I:	D:
151342	152787	-	1	1.317804	I:	D:
152798	153148	-	2	1.297470	I:	D:
153224	154462	-	2	1.328510	I:	D:
154469	154792	-	2	1.352764	I:	D:
154832	156745	-	2	1.359468	I:	D:
156990	157271	-	3	1.296144	I:	D:
157349	158470	-	2	1.334781	I:	D:
158467	159873	-	1	1.330384	I:	D:
160123	161514	+	1	1.325805	I:	D:
161608	162726	+	1	1.342479	I:	D:
162731	164620	+	2	1.340763	I:	D:
164720	165949	-	2	1.323348	I:	D:
166013	166720	+	2	1.368495	I:	D:
166787	167053	+	2	1.329764	I:	D:
167081	167797	+	2	1.319944	I:	D:
168039	168338	-	3	1.357168	I:	D:
168385	168576	-	1	1.308807	I:	D:
168846	170831	-	3	1.328035	I:	D:
170969	171682	-	2	1.338488	I:	D:
171697	172389	-	1	1.334310	I:	D:
172401	173453	-	3	1.327685	I:	D:
173469	174314	-	3	1.308580	I:	D:
174316	175143	-	1	1.333351	I:	D:
175259	175579	-	2	1.321143	I:	D:
175591	177087	-	1	1.314199	I:	D:
177115	177570	-	1	1.301047	I:	D:
177600	178703	-	3	1.342136	I:	D:
179156	179446	-	2	1.371012	I:	D:
179636	180403	-	2	1.361621	I:	D:
180624	181316	-	3	1.323258	I:	D:
181620	181871	+	3	1.341987	I:	D:
181987	184971	+	1	1.341276	I:	D:
185322	185642	+	3	1.353904	I:	D:
185639	186439	+	2	1.347690	I:	D:
186646	186843	+	1	1.334948	I:	D:
186872	187711	-	2	1.347628	I:	D:
187792	190473	+	1	1.335019	I:	D:
190631	191905	-	2	1.333684	I:	D:
192188	193222	+	2	1.314651	I:	D:
193233	193736	+	3	1.324763	I:	D:
194033	194341	-	2	1.397128	I:	D:
194515	194916	-	1	1.377140	I:	D:
195031	197280	-	1	1.348085	I:	D:
197299	198342	-	1	1.321600	I:	D:
198504	199382	+	3	1.334559	I:	D:
199385	200119	-	2	1.338835	I:	D:
200199	200507	-	3	1.318080	I:	D:
200529	200813	+	3	1.379303	I:	D:
200880	201926	-	3	1.335844	I:	D:
202229	202390	+	2	1.359781	I:	D:
202496	202978	+	2	1.330369	I:	D:
203262	204596	-	3	1.322764	I:	D:
204626	205087	-	2	1.348219	I:	D:
205088	206011	-	2	1.326780	I:	D:
206083	207000	-	1	1.338019	I:	D:
>YB3_7278
203	2050	+	2	1.327022	I:	D:
2267	2689	-	2	1.327248	I:	D:
2804	2962	+	2	1.364684	I:	D:
3168	4922	+	3	1.333807	I:	D:
5044	6672	+	1	1.341594	I:	D:
6674	8452	+	2	1.340039	I:	D:
8442	9755	+	3	1.333944	I:	D:
9913	10809	+	1	1.333825	I:	D:
10833	12080	+	3	1.337148	I:	D:
12096	13430	+	3	1.333592	I:	D:
13530	14576	-	3	1.318994	I:	D:
14782	15537	-	1	1.333065	I:	D:
15641	16714	+	2	1.358114	I:	D:
16718	17845	-	2	1.342745	I:	D:
18205	19305	+	1	1.331847	I:	D:
19333	19815	+	1	1.347684	I:	D:
19812	21113	+	3	1.333623	I:	D:
21181	21888	+	1	1.330755	I:	D:
21907	22245	+	1	1.344480	I:	D:
22256	23473	+	2	1.348322	I:	D:
23489	24289	+	2	1.330353	I:	D:
24302	25720	+	2	1.337259	I:	D:
25735	26520	+	1	1.346771	I:	D:
26711	27493	-	2	1.345695	I:	D:
27477	28124	-	3	1.312326	I:	D:
>YB3_7637
767	1027	-	2	1.304451	I:	D:
1048	1380	-	1	1.340025	I:	D:
1436	3967	-	2	1.305286	I:	D:
4055	5968	-	2	1.311102	I:	D:
5999	7084	-	2	1.323667	I:	D:
7081	7290	-	1	1.305574	I:	D:
7314	8429	-	3	1.304332	I:	D:
8465	8731	-	2	1.375670	I:	D:
8751	10130	-	3	1.300916	I:	D:
10745	11089	+	2	1.358223	I:	D:
11094	11330	+	3	1.391207	I:	D:
11350	12657	+	1	1.311629	I:	D:
12670	13740	+	1	1.315286	I:	D:
13915	15303	+	1	1.307915	I:	D:
15350	17233	+	2	1.329969	I:	D:
17297	18031	+	2	1.328544	I:	D:
18937	19302	-	1	1.292861	I:	D:
19375	20355	-	1	1.321311	I:	D:
20834	21625	+	2	1.325167	I:	D:
21628	22725	+	1	1.298774	I:	D:
22756	23277	+	1	1.316217	I:	D:
23553	26165	+	3	1.317899	I:	D:
26241	26633	+	3	1.338399	I:	D:
26635	26835	+	1	1.328425	I:	D:
26861	26995	+	2	1.330395	I:	D:
27029	27265	+	2	1.348203	I:	D:
27299	27652	+	2	1.387460	I:	D:
27702	28730	+	3	1.303960	I:	D:
28808	29722	+	2	1.335697	I:	D:
29719	30984	+	1	1.326609	I:	D:
31013	32026	+	2	1.347841	I:	D:
32044	33144	+	1	1.327377	I:	D:
33169	34140	+	1	1.323602	I:	D:
34178	34831	+	2	1.313197	I:	D:
34847	35614	+	2	1.320392	I:	D:
35700	36935	+	3	1.352157	I:	D:
37075	38706	+	1	1.312799	I:	D:
38803	40680	+	1	1.324826	I:	D:
40891	42225	+	1	1.322855	I:	D:
42341	43027	-	2	1.326623	I:	D:
42998	43330	+	2	1.405848	I:	D:
43579	43710	+	1	1.328795	I:	D:
44337	45263	-	3	1.314386	I:	D:
45511	46389	+	1	1.328894	I:	D:
47060	47221	-	2	1.292377	I:	D:
47368	48228	+	1	1.330013	I:	D:
48245	49030	+	2	1.345872	I:	D:
49030	49953	+	1	1.345223	I:	D:
50011	50973	+	1	1.334577	I:	D:
51023	51319	+	2	1.332708	I:	D:
51348	51503	+	3	1.302259	I:	D:
51979	53553	-	1	1.334642	I:	D:
53739	54536	+	3	1.333929	I:	D:
54708	55523	+	3	1.328086	I:	D:
55628	56353	-	2	1.335936	I:	D:
56459	57493	-	2	1.343795	I:	D:
57617	58648	-	2	1.322288	I:	D:
58734	59387	-	3	1.321754	I:	D:
59534	60295	-	2	1.339935	I:	D:
60342	61919	-	3	1.328270	I:	D:
62039	63040	+	2	1.352915	I:	D:
63063	64478	+	3	1.328396	I:	D:
64536	65957	-	3	1.324230	I:	D:
65984	66133	+	2	1.395682	I:	D:
66581	67642	+	2	1.329716	I:	D:
67669	67875	+	1	1.338002	I:	D:
68061	69020	-	3	1.316087	I:	D:
69031	70152	-	1	1.318779	I:	D:
70224	70352	+	3	1.331885	I:	D:
70409	71227	-	2	1.348915	I:	D:
71211	71984	-	3	1.363383	I:	D:
71988	73049	-	3	1.332307	I:	D:
73042	73719	-	1	1.347478	I:	D:
73806	74621	-	3	1.343669	I:	D:
74643	77054	-	3	1.333487	I:	D:
77058	77729	-	3	1.376597	I:	D:
77758	78618	-	1	1.328245	I:	D:
78745	81201	-	1	1.320210	I:	D:
81283	84417	-	1	1.335766	I:	D:
84634	84765	+	1	1.359202	I:	D:
84815	86158	-	2	1.355689	I:	D:
86214	87818	+	3	1.330607	I:	D:
87901	89196	-	1	1.318716	I:	D:
89710	90276	-	1	1.400997	I:	D:
90343	91569	-	1	1.339110	I:	D:
91584	92441	-	3	1.325750	I:	D:
92568	94064	-	3	1.337392	I:	D:
94118	96127	-	2	1.310432	I:	D:
96313	97524	-	1	1.334743	I:	D:
97584	98090	-	3	1.362049	I:	D:
98294	99451	-	2	1.334616	I:	D:
99442	100893	-	1	1.346032	I:	D:
100919	101761	-	2	1.346827	I:	D:
101758	102951	-	1	1.351039	I:	D:
102972	103793	-	3	1.332101	I:	D:
103897	104997	-	1	1.307439	I:	D:
105059	105850	-	2	1.327823	I:	D:
105826	106635	-	1	1.336125	I:	D:
106660	106857	+	1	1.344937	I:	D:
106870	107892	+	1	1.339679	I:	D:
108082	108567	-	1	1.302124	I:	D:
108590	109210	-	2	1.311434	I:	D:
109427	112471	-	2	1.317889	I:	D:
112475	113602	-	2	1.318867	I:	D:
113636	114274	-	2	1.335989	I:	D:
114402	115004	-	3	1.330591	I:	D:
115072	116031	-	1	1.342613	I:	D:
116201	116512	+	2	1.322819	I:	D:
116524	119091	+	1	1.335118	I:	D:
119176	119442	-	1	1.341408	I:	D:
119536	120186	-	1	1.347950	I:	D:
120283	121443	-	1	1.308042	I:	D:
121503	122396	-	3	1.345286	I:	D:
122393	123589	-	2	1.353273	I:	D:
123525	124505	-	3	1.350974	I:	D:
124522	124845	-	1	1.359442	I:	D:
124879	125868	-	1	1.330853	I:	D:
125971	127143	-	1	1.339042	I:	D:
127382	128173	-	2	1.354291	I:	D:
128170	130146	-	1	1.350804	I:	D:
130369	131142	+	1	1.348433	I:	D:
131149	131568	-	1	1.367830	I:	D:
131880	133436	+	3	1.344273	I:	D:
133443	133775	-	3	1.331425	I:	D:
133806	135326	-	3	1.326830	I:	D:
135521	136027	-	2	1.343136	I:	D:
136116	136610	+	3	1.311718	I:	D:
136586	136969	+	2	1.347181	I:	D:
137007	137402	-	3	1.355082	I:	D:
137416	137664	-	1	1.330380	I:	D:
137744	139045	-	2	1.342262	I:	D:
139042	141051	-	1	1.354609	I:	D:
141062	142108	-	2	1.354482	I:	D:
142122	143285	-	3	1.343310	I:	D:
143351	143992	-	2	1.350795	I:	D:
143995	145608	-	1	1.349732	I:	D:
145626	147107	-	3	1.333163	I:	D:
147147	147464	-	3	1.367671	I:	D:
147511	148125	+	1	1.332537	I:	D:
148341	149366	+	3	1.318708	I:	D:
149360	150502	+	2	1.317010	I:	D:
150590	151504	-	2	1.333650	I:	D:
151622	152770	-	2	1.333121	I:	D:
152866	154230	+	1	1.325840	I:	D:
154335	154751	+	3	1.391510	I:	D:
154922	155344	-	2	1.348207	I:	D:
155353	155823	-	1	1.326477	I:	D:
155891	156205	-	2	1.387912	I:	D:
156186	156341	-	3	1.283942	I:	D:
156470	157597	-	2	1.344139	I:	D:
157605	159158	-	3	1.331385	I:	D:
159273	160130	-	3	1.313177	I:	D:
160203	161543	-	3	1.344866	I:	D:
161546	163264	-	2	1.343224	I:	D:
163278	164333	-	3	1.314133	I:	D:
164373	165413	-	3	1.333494	I:	D:
165426	166208	-	3	1.346396	I:	D:
166208	167035	-	2	1.356627	I:	D:
168111	169865	-	3	1.332226	I:	D:
169887	170081	-	3	1.343475	I:	D:
170082	170972	+	3	1.360097	I:	D:
171001	171429	-	1	1.343986	I:	D:
171431	172831	-	2	1.329692	I:	D:
172840	173730	-	1	1.334784	I:	D:
173697	175235	-	3	1.338856	I:	D:
175255	175761	-	1	1.342010	I:	D:
175754	176251	-	2	1.313528	I:	D:
176271	176495	-	3	1.311285	I:	D:
176525	177211	-	2	1.337523	I:	D:
177504	178385	-	3	1.342186	I:	D:
178554	179222	+	3	1.318757	I:	D:
179268	180149	+	3	1.333448	I:	D:
180667	182202	-	1	1.348487	I:	D:
182220	182396	-	3	1.346778	I:	D:
182578	183675	+	1	1.311199	I:	D:
183677	183820	-	2	1.315214	I:	D:
184017	186935	+	3	1.322964	I:	D:
187024	187152	-	1	1.251683	I:	D:
187165	188313	-	1	1.314762	I:	D:
188421	189791	-	3	1.318584	I:	D:
189928	190614	+	1	1.329696	I:	D:
190626	192401	-	3	1.333825	I:	D:
192391	194139	-	1	1.337903	I:	D:
194136	195002	-	3	1.354641	I:	D:
195033	195311	-	3	1.348124	I:	D:
195326	196267	-	2	1.340875	I:	D:
196292	196660	-	2	1.319451	I:	D:
196685	197311	-	2	1.337062	I:	D:
>YB3_8181
557	1771	-	2	1.305258	I:	D:
2180	2647	-	2	1.309277	I:	D:
2648	3853	-	2	1.317970	I:	D:
3873	4508	-	3	1.340650	I:	D:
4493	5644	-	2	1.328429	I:	D:
5945	6832	-	2	1.312321	I:	D:
6783	9644	-	3	1.332763	I:	D:
9791	11314	-	2	1.347340	I:	D:
11434	13392	-	1	1.343272	I:	D:
13389	15449	-	3	1.345099	I:	D:
15460	16098	-	1	1.325854	I:	D:
16142	18196	-	2	1.327541	I:	D:
18225	19952	-	3	1.334085	I:	D:
20363	20581	-	2	1.338610	I:	D:
20735	21652	-	2	1.364553	I:	D:
21669	23621	-	3	1.333923	I:	D:
23645	24418	-	2	1.359735	I:	D:
24600	24728	+	3	1.369250	I:	D:
24820	25857	-	1	1.339478	I:	D:
25898	26905	-	2	1.321363	I:	D:
>YB3_8676
220	756	+	1	1.330469	I:	D:
870	1829	+	3	1.353552	I:	D:
1890	2582	-	3	1.325098	I:	D:
2584	3705	-	1	1.341177	I:	D:
3745	5328	-	1	1.344605	I:	D:
5340	6032	-	3	1.331492	I:	D:
6311	7639	-	2	1.309693	I:	D:
7669	8676	-	1	1.335664	I:	D:
8921	9646	+	2	1.335824	I:	D:
9742	11163	-	1	1.350703	I:	D:
11376	12299	-	3	1.326479	I:	D:
12513	12995	+	3	1.337501	I:	D:
13121	14425	+	2	1.340798	I:	D:
14910	15569	-	3	1.340770	I:	D:
15652	15780	+	1	1.346989	I:	D:
15879	16901	+	3	1.348678	I:	D:
17085	17396	+	3	1.317824	I:	D:
17401	18423	+	1	1.344042	I:	D:
18439	20373	+	1	1.331264	I:	D:
20412	20852	+	3	1.324571	I:	D:
20852	21160	+	2	1.311215	I:	D:
21208	21789	+	1	1.326161	I:	D:
21790	23556	+	1	1.335136	I:	D:
23568	24944	+	3	1.340573	I:	D:
24956	25579	+	2	1.325784	I:	D:
25723	25998	+	1	1.319897	I:	D:
26002	26241	+	1	1.320155	I:	D:
26355	26642	+	3	1.342366	I:	D:
26659	27003	+	1	1.343795	I:	D:
27082	27345	+	1	1.314353	I:	D:
27394	28902	+	1	1.355676	I:	D:
28915	30357	+	1	1.360282	I:	D:
30375	30905	+	3	1.347331	I:	D:
30958	32784	+	1	1.329941	I:	D:
33197	35314	+	2	1.343017	I:	D:
35797	36135	+	1	1.345673	I:	D:
36407	36586	+	2	1.371042	I:	D:
36637	37491	-	1	1.336028	I:	D:
37725	39773	+	3	1.322598	I:	D:
39795	40241	+	3	1.287406	I:	D:
40370	41728	+	2	1.327653	I:	D:
41843	42541	+	2	1.349490	I:	D:
42576	44303	+	3	1.348296	I:	D:
44411	45106	+	2	1.322830	I:	D:
45115	47472	+	1	1.340292	I:	D:
47552	48307	-	2	1.315072	I:	D:
48457	50424	-	1	1.329993	I:	D:
50426	51766	-	2	1.343364	I:	D:
51796	52035	-	1	1.326357	I:	D:
52164	52517	-	3	1.335755	I:	D:
52887	53459	+	3	1.364640	I:	D:
53572	54573	+	1	1.360926	I:	D:
54566	55768	+	2	1.346453	I:	D:
55746	56615	+	3	1.337263	I:	D:
56676	57902	+	3	1.347247	I:	D:
57944	58141	+	2	1.300596	I:	D:
58141	60078	+	1	1.340482	I:	D:
60107	61171	+	2	1.376056	I:	D:
61171	61674	+	1	1.361456	I:	D:
61693	62094	+	1	1.327328	I:	D:
62072	63523	+	2	1.344635	I:	D:
63532	64935	-	1	1.321244	I:	D:
65553	65786	+	3	1.361002	I:	D:
66078	67580	-	3	1.327152	I:	D:
67675	69453	-	1	1.334106	I:	D:
69663	71009	+	3	1.329119	I:	D:
71127	72020	+	3	1.327133	I:	D:
72023	72868	+	2	1.329323	I:	D:
72912	73835	+	3	1.346111	I:	D:
74052	74945	+	3	1.326630	I:	D:
74977	77202	+	1	1.339948	I:	D:
77259	78275	+	3	1.358320	I:	D:
78486	78914	+	3	1.337016	I:	D:
78911	79459	+	2	1.362923	I:	D:
79466	80536	-	2	1.334461	I:	D:
80672	80890	+	2	1.327235	I:	D:
80925	81353	+	3	1.348421	I:	D:
81518	82486	+	2	1.311160	I:	D:
82514	83449	+	2	1.329561	I:	D:
83439	84341	+	3	1.336232	I:	D:
84372	85133	+	3	1.328813	I:	D:
85167	85829	+	3	1.321608	I:	D:
85898	86551	-	2	1.303830	I:	D:
86779	87528	-	1	1.335159	I:	D:
87534	88679	-	3	1.315577	I:	D:
89134	90492	+	1	1.320052	I:	D:
90557	90859	+	2	1.325409	I:	D:
90888	91781	+	3	1.327708	I:	D:
91788	92639	+	3	1.330498	I:	D:
92716	94266	+	1	1.347563	I:	D:
94282	95274	+	1	1.351369	I:	D:
95278	95841	+	1	1.319043	I:	D:
96013	96528	+	1	1.347472	I:	D:
96521	98257	+	2	1.332689	I:	D:
98247	100130	+	3	1.322946	I:	D:
100328	102613	+	2	1.320615	I:	D:
102626	103267	+	2	1.357414	I:	D:
103289	104836	+	2	1.343536	I:	D:
104950	106215	+	1	1.319795	I:	D:
106499	108292	+	2	1.321059	I:	D:
108460	108819	+	1	1.344705	I:	D:
108830	109066	+	2	1.314906	I:	D:
109105	111030	+	1	1.339623	I:	D:
111189	111758	-	3	1.355910	I:	D:
111751	112167	-	1	1.317598	I:	D:
112312	113427	-	1	1.308134	I:	D:
113477	114586	-	2	1.308509	I:	D:
114621	115412	-	3	1.342424	I:	D:
115412	116251	-	2	1.334594	I:	D:
116244	117320	-	3	1.312683	I:	D:
117386	117919	-	2	1.329376	I:	D:
118148	119206	+	2	1.362447	I:	D:
119209	120324	+	1	1.357710	I:	D:
120321	120767	+	3	1.325220	I:	D:
120784	121614	+	1	1.341083	I:	D:
121636	122754	+	1	1.358905	I:	D:
122861	123385	+	2	1.344339	I:	D:
123433	124362	+	1	1.341108	I:	D:
124373	124621	+	2	1.398188	I:	D:
124643	127333	+	2	1.319783	I:	D:
127504	128049	-	1	1.344521	I:	D:
128280	129269	+	3	1.343109	I:	D:
129337	130752	-	1	1.348910	I:	D:
130774	132201	-	1	1.334736	I:	D:
132355	132900	-	1	1.341974	I:	D:
133011	133439	-	3	1.335500	I:	D:
133667	134626	+	2	1.340350	I:	D:
134640	135494	+	3	1.345472	I:	D:
135515	137164	+	2	1.329629	I:	D:
137197	138186	+	1	1.361342	I:	D:
138183	139190	+	3	1.355666	I:	D:
139187	139909	+	2	1.336619	I:	D:
139944	140921	+	3	1.346804	I:	D:
140921	141751	+	2	1.337458	I:	D:
141884	142609	+	2	1.334346	I:	D:
142615	143475	-	1	1.336873	I:	D:
143589	144380	-	3	1.350833	I:	D:
144617	145378	+	2	1.315699	I:	D:
145396	146043	+	1	1.312770	I:	D:
146091	146642	+	3	1.340779	I:	D:
146911	147348	+	1	1.320828	I:	D:
147345	148787	+	3	1.341560	I:	D:
148784	150292	+	2	1.343518	I:	D:
150310	151989	+	1	1.338134	I:	D:
152084	152800	+	2	1.325753	I:	D:
152836	154116	+	1	1.331328	I:	D:
154197	154739	-	3	1.323924	I:	D:
154847	155128	-	2	1.312195	I:	D:
155343	155561	-	3	1.341951	I:	D:
155652	156248	-	3	1.353776	I:	D:
156301	156501	-	1	1.349308	I:	D:
156513	156938	-	3	1.340341	I:	D:
157167	158042	+	3	1.318818	I:	D:
158059	158718	+	1	1.330302	I:	D:
158729	159499	+	2	1.335395	I:	D:
159701	160327	+	2	1.325863	I:	D:
160489	162126	+	1	1.315286	I:	D:
162123	162803	+	3	1.348437	I:	D:
162833	163588	+	2	1.331330	I:	D:
163614	165437	+	3	1.331549	I:	D:
165468	167390	+	3	1.343792	I:	D:
167380	168528	+	1	1.356223	I:	D:
168567	171296	+	3	1.349477	I:	D:
171395	172291	+	2	1.341460	I:	D:
172329	172793	+	3	1.319766	I:	D:
172819	175305	+	1	1.338810	I:	D:
175364	176854	+	2	1.341022	I:	D:
176854	177642	+	1	1.318375	I:	D:
177811	178944	+	1	1.314474	I:	D:
179083	179607	+	1	1.314877	I:	D:
179607	180899	+	3	1.332397	I:	D:
180942	181463	+	3	1.342353	I:	D:
181474	182493	+	1	1.349226	I:	D:
182518	183222	+	1	1.344996	I:	D:
183277	184401	+	1	1.344394	I:	D:
184414	185202	+	1	1.333732	I:	D:
185335	186741	+	1	1.323116	I:	D:
186744	188171	+	3	1.338051	I:	D:
>YB3_8988
3	863	-	3	1.337562	I:	D:
860	1573	-	2	1.331540	I:	D:
1589	2977	-	2	1.334665	I:	D:
3024	4343	-	3	1.330643	I:	D:
4480	5259	-	1	1.356064	I:	D:
5521	6582	+	1	1.339971	I:	D:
6572	7504	+	2	1.325814	I:	D:
7520	8341	+	2	1.315952	I:	D:
8379	9704	+	3	1.320244	I:	D:
9743	10321	+	2	1.351631	I:	D:
10318	11595	+	1	1.333072	I:	D:
11625	12020	-	3	1.400546	I:	D:
12404	13828	-	2	1.356548	I:	D:
13821	14648	-	3	1.340344	I:	D:
14675	15466	-	2	1.350869	I:	D:
15471	16232	-	3	1.348627	I:	D:
16387	16851	-	1	1.324735	I:	D:
17213	20587	-	2	1.322555	I:	D:
20595	21077	-	3	1.339383	I:	D:
21211	22206	-	1	1.350221	I:	D:
22263	22667	-	3	1.281876	I:	D:
22654	22947	-	1	1.303304	I:	D:
22965	24071	-	3	1.335072	I:	D:
24068	24661	-	2	1.338072	I:	D:
24681	26216	-	3	1.326991	I:	D:
26385	30161	-	3	1.333667	I:	D:
30472	31950	+	1	1.323623	I:	D:
32036	33283	-	2	1.335135	I:	D:
33476	34951	-	2	1.343679	I:	D:
35154	35759	-	3	1.345027	I:	D:
35769	36419	-	3	1.319515	I:	D:
36550	37425	+	1	1.326843	I:	D:
37436	39883	-	2	1.349718	I:	D:
40024	40269	-	1	1.308670	I:	D:
40562	41224	-	2	1.336339	I:	D:
41256	41945	-	3	1.342894	I:	D:
41952	43190	-	3	1.325545	I:	D:
43365	43874	-	3	1.333981	I:	D:
43905	45044	-	3	1.324119	I:	D:
45327	45866	-	3	1.335008	I:	D:
45874	46095	-	1	1.352570	I:	D:
46198	46359	-	1	1.295018	I:	D:
46420	47808	-	1	1.354324	I:	D:
47914	48399	-	1	1.318137	I:	D:
48459	50972	-	3	1.322229	I:	D:
50989	52029	-	1	1.349596	I:	D:
52013	52684	-	2	1.334938	I:	D:
52714	53109	-	1	1.331691	I:	D:
53318	54343	-	2	1.336201	I:	D:
54369	55487	-	3	1.350074	I:	D:
55676	57526	+	2	1.350076	I:	D:
57534	58736	-	3	1.324557	I:	D:
58918	60480	-	1	1.328154	I:	D:
60540	62843	-	3	1.366690	I:	D:
62992	64356	-	1	1.347767	I:	D:
64680	64838	-	3	1.382345	I:	D:
64965	65339	-	3	1.354707	I:	D:
65398	66918	-	1	1.350126	I:	D:
66995	67381	-	2	1.307433	I:	D:
67618	69471	-	1	1.339583	I:	D:
69503	70861	-	2	1.328719	I:	D:
70883	72037	-	2	1.339423	I:	D:
72086	73381	-	2	1.347029	I:	D:
73494	76037	-	3	1.329503	I:	D:
76012	76911	-	1	1.341118	I:	D:
76877	77374	-	2	1.342076	I:	D:
77469	77972	+	3	1.337997	I:	D:
78045	78410	+	3	1.349352	I:	D:
78631	78792	+	1	1.393245	I:	D:
78809	80311	-	2	1.325172	I:	D:
80304	81395	-	3	1.335528	I:	D:
81388	83001	-	1	1.306250	I:	D:
83144	84382	-	2	1.323107	I:	D:
84810	86414	-	3	1.322513	I:	D:
86648	87112	-	2	1.318406	I:	D:
87219	88124	-	3	1.338760	I:	D:
88571	89401	-	2	1.309757	I:	D:
89464	90354	-	1	1.349778	I:	D:
90472	91338	-	1	1.337496	I:	D:
91498	92403	+	1	1.337863	I:	D:
92434	92826	+	1	1.339627	I:	D:
92957	94615	+	2	1.349805	I:	D:
94612	95145	+	1	1.369440	I:	D:
94905	95300	+	3	1.378765	I:	D:
95352	96131	-	3	1.342247	I:	D:
96217	97017	-	1	1.339501	I:	D:
97033	97608	-	1	1.321314	I:	D:
97622	98299	-	2	1.338945	I:	D:
98312	98920	-	2	1.317721	I:	D:
98917	99858	-	1	1.335543	I:	D:
99874	101199	-	1	1.341696	I:	D:
101467	102093	-	1	1.350219	I:	D:
102130	105324	-	1	1.344428	I:	D:
105346	107133	-	1	1.313375	I:	D:
107227	107784	-	1	1.322930	I:	D:
107897	108418	-	2	1.345008	I:	D:
108437	108928	-	2	1.337726	I:	D:
109076	109834	+	2	1.347370	I:	D:
110071	110331	-	1	1.348956	I:	D:
110448	111335	-	3	1.314363	I:	D:
111409	112074	-	1	1.347424	I:	D:
112077	113093	-	3	1.330644	I:	D:
113188	113328	+	1	1.353466	I:	D:
113470	114873	-	1	1.334064	I:	D:
114914	115360	-	2	1.322457	I:	D:
115416	117020	-	3	1.328605	I:	D:
117177	118376	-	3	1.330685	I:	D:
118473	119240	+	3	1.331072	I:	D:
119442	120221	+	3	1.312649	I:	D:
120347	121330	+	2	1.314818	I:	D:
121417	122157	-	1	1.322290	I:	D:
122195	123043	-	2	1.367125	I:	D:
123223	124575	-	1	1.320818	I:	D:
124741	125472	-	1	1.325817	I:	D:
125481	126707	-	3	1.363121	I:	D:
126876	128378	-	3	1.345211	I:	D:
128392	129750	-	1	1.331348	I:	D:
129792	130760	-	3	1.335699	I:	D:
130839	132602	-	3	1.346518	I:	D:
132666	134894	-	3	1.325886	I:	D:
134977	135498	-	1	1.338756	I:	D:
135545	136489	-	2	1.355474	I:	D:
136489	136914	-	1	1.329510	I:	D:
137179	138051	-	1	1.336450	I:	D:
138129	139781	-	3	1.338088	I:	D:
139838	140647	-	2	1.333253	I:	D:
140634	141374	-	3	1.338975	I:	D:
141404	143260	-	2	1.324208	I:	D:
143285	144292	-	2	1.353649	I:	D:
144414	145460	-	3	1.338226	I:	D:
145573	146037	-	1	1.329779	I:	D:
146061	146969	-	3	1.351400	I:	D:
146966	147307	-	2	1.300749	I:	D:
147414	147788	-	3	1.302112	I:	D:
147834	149000	-	3	1.330964	I:	D:
149214	149405	-	3	1.315870	I:	D:
149592	150098	-	3	1.316456	I:	D:
150123	150602	-	3	1.309288	I:	D:
150604	151416	-	1	1.311085	I:	D:
151624	153417	-	1	1.355754	I:	D:
153501	154631	-	3	1.350203	I:	D:
154615	155718	-	1	1.361691	I:	D:
155598	156347	-	3	1.354894	I:	D:
156460	156774	-	1	1.307341	I:	D:
156788	157612	-	2	1.337174	I:	D:
157627	158886	-	1	1.339461	I:	D:
158917	160323	-	1	1.331436	I:	D:
160408	161475	+	1	1.347078	I:	D:
161499	162416	-	3	1.309587	I:	D:
162431	163168	-	2	1.324529	I:	D:
163840	164292	-	1	1.325664	I:	D:
164367	166799	-	3	1.327547	I:	D:
166832	167851	-	2	1.327915	I:	D:
167905	168174	+	1	1.411555	I:	D:
168437	169351	+	2	1.338842	I:	D:
169674	169868	+	3	1.375068	I:	D:
170019	170927	-	3	1.361044	I:	D:
171433	172593	-	1	1.345949	I:	D:
172761	174623	-	3	1.312576	I:	D:
174662	175252	-	2	1.303849	I:	D:
175259	176305	-	2	1.302679	I:	D:
176669	177580	+	2	1.345762	I:	D:
177660	178841	-	3	1.337633	I:	D:
178979	180976	-	2	1.325871	I:	D:
181066	181242	-	1	1.359182	I:	D:
181510	181671	-	1	1.353887	I:	D:
181696	182514	-	1	1.315023	I:	D:
182674	183651	-	1	1.346188	I:	D:
183687	184001	-	3	1.312687	I:	D:
184387	185037	-	1	1.361013	I:	D:
185145	185765	-	3	1.323426	I:	D:
185853	186377	+	3	1.333156	I:	D:
186380	187309	+	2	1.319073	I:	D:
>YB3_9416
329	502	+	2	1.316291	I:	D:
508	1425	+	1	1.314146	I:	D:
1425	2726	+	3	1.341028	I:	D:
2711	3565	+	2	1.329264	I:	D:
3583	4137	+	1	1.332598	I:	D:
4205	5623	+	2	1.336008	I:	D:
5865	8054	+	3	1.342870	I:	D:
8087	8596	+	2	1.347939	I:	D:
8735	9556	+	2	1.344524	I:	D:
9653	10048	-	2	1.329746	I:	D:
10290	11228	+	3	1.315742	I:	D:
11260	12387	+	1	1.309873	I:	D:
12418	13944	+	1	1.325349	I:	D:
13948	15051	+	1	1.316624	I:	D:
15065	16018	+	2	1.322865	I:	D:
16055	16801	+	2	1.338337	I:	D:
16804	18246	+	1	1.339967	I:	D:
18252	19007	+	3	1.350542	I:	D:
19014	20237	+	3	1.336392	I:	D:
20263	21456	+	1	1.307670	I:	D:
21620	22468	+	2	1.321541	I:	D:
22574	23194	+	2	1.321602	I:	D:
23220	24704	+	3	1.327783	I:	D:
24717	26186	+	3	1.322773	I:	D:
26305	28041	-	1	1.333194	I:	D:
28057	28812	-	1	1.329210	I:	D:
29138	30496	+	2	1.323464	I:	D:
30590	31501	+	2	1.328049	I:	D:
31511	32350	+	2	1.327995	I:	D:
32366	33880	+	2	1.349675	I:	D:
33966	34151	-	3	1.322100	I:	D:
34441	35274	+	1	1.345215	I:	D:
35286	36710	+	3	1.346516	I:	D:
36734	38527	+	2	1.334844	I:	D:
38662	39252	-	1	1.348294	I:	D:
39442	40710	+	1	1.342763	I:	D:
40880	41458	+	2	1.320296	I:	D:
41519	41950	-	2	1.324875	I:	D:
42088	43041	+	1	1.326298	I:	D:
43058	43954	+	2	1.331390	I:	D:
44109	45389	+	3	1.339978	I:	D:
45518	46162	-	2	1.342867	I:	D:
46210	47067	-	1	1.349799	I:	D:
47133	47324	-	3	1.310114	I:	D:
47372	47545	+	2	1.339989	I:	D:
47533	50607	+	1	1.344586	I:	D:
50630	51922	+	2	1.360177	I:	D:
52077	53777	+	3	1.326770	I:	D:
53885	54898	+	2	1.347909	I:	D:
54882	55910	+	3	1.362808	I:	D:
55907	56854	+	2	1.353224	I:	D:
56869	57741	+	1	1.344749	I:	D:
58096	58359	+	1	1.366639	I:	D:
58372	58794	+	1	1.326398	I:	D:
58816	59577	+	1	1.329482	I:	D:
59626	59907	+	1	1.314393	I:	D:
59950	60456	+	1	1.298645	I:	D:
60453	60992	+	3	1.333254	I:	D:
61007	62527	+	2	1.332666	I:	D:
62549	63406	+	2	1.337466	I:	D:
63505	64902	+	1	1.337406	I:	D:
64921	65325	+	1	1.342304	I:	D:
65470	66564	+	1	1.339997	I:	D:
66579	67256	+	3	1.331612	I:	D:
67319	71335	-	2	1.332959	I:	D:
71672	73129	+	2	1.344101	I:	D:
73133	74395	+	2	1.344713	I:	D:
74842	75171	+	1	1.347714	I:	D:
75266	75760	+	2	1.352885	I:	D:
75766	77616	+	1	1.346822	I:	D:
77658	79274	+	3	1.339822	I:	D:
79455	80348	+	3	1.356539	I:	D:
80345	81220	+	2	1.325291	I:	D:
81217	82044	+	1	1.345078	I:	D:
82067	83437	+	2	1.320871	I:	D:
83474	84403	+	2	1.357089	I:	D:
84400	85287	+	1	1.352000	I:	D:
85476	85643	+	3	1.357124	I:	D:
85680	86366	+	3	1.355552	I:	D:
86366	87145	+	2	1.355213	I:	D:
87334	89013	+	1	1.351408	I:	D:
89010	89603	+	3	1.327776	I:	D:
89641	90129	+	1	1.307114	I:	D:
90126	91295	+	3	1.323069	I:	D:
91301	91810	+	2	1.321819	I:	D:
91919	93178	+	2	1.328594	I:	D:
93240	95207	+	3	1.350227	I:	D:
95224	95520	+	1	1.286953	I:	D:
95536	96273	+	1	1.341921	I:	D:
96364	96981	-	1	1.307939	I:	D:
96984	97304	-	3	1.298191	I:	D:
97319	98716	-	2	1.325671	I:	D:
98846	99904	+	2	1.370183	I:	D:
100186	100398	+	1	1.352030	I:	D:
100510	101457	+	1	1.324837	I:	D:
101454	102371	+	3	1.342181	I:	D:
102391	103464	+	1	1.321433	I:	D:
103587	104888	-	3	1.335366	I:	D:
104893	105390	-	1	1.340459	I:	D:
105406	106437	-	1	1.341374	I:	D:
106457	107824	+	2	1.347043	I:	D:
107802	109688	+	3	1.323708	I:	D:
109657	110406	+	1	1.335704	I:	D:
110538	111890	+	3	1.324963	I:	D:
111915	112862	+	3	1.341256	I:	D:
112859	113713	+	2	1.340068	I:	D:
113735	115783	+	2	1.342839	I:	D:
115780	117189	+	1	1.332094	I:	D:
117387	118211	+	3	1.344831	I:	D:
118208	118669	+	2	1.356349	I:	D:
118672	119403	+	1	1.336368	I:	D:
119403	120266	+	3	1.336086	I:	D:
120388	121296	+	1	1.320477	I:	D:
121302	122324	+	3	1.329310	I:	D:
122439	123299	+	3	1.331262	I:	D:
123361	124713	+	1	1.331542	I:	D:
124850	126541	+	2	1.338847	I:	D:
126720	127310	+	3	1.346852	I:	D:
127324	128136	+	1	1.367282	I:	D:
128223	129320	+	3	1.335964	I:	D:
129338	129901	+	2	1.348579	I:	D:
130112	130600	+	2	1.314302	I:	D:
130659	132473	-	3	1.327067	I:	D:
132492	133502	-	3	1.355736	I:	D:
133513	135144	+	1	1.355873	I:	D:
135146	136042	+	2	1.346355	I:	D:
136124	137635	-	2	1.356329	I:	D:
137781	138791	+	3	1.367224	I:	D:
138799	139758	+	1	1.336512	I:	D:
139777	140496	+	1	1.336712	I:	D:
140503	141798	+	1	1.342131	I:	D:
141819	142775	+	3	1.349784	I:	D:
142813	143217	+	1	1.328183	I:	D:
143219	144877	+	2	1.344868	I:	D:
144907	145554	+	1	1.329817	I:	D:
145573	146385	+	1	1.331034	I:	D:
146392	146991	+	1	1.361637	I:	D:
147090	147461	-	3	1.341495	I:	D:
147510	148094	-	3	1.355403	I:	D:
148091	148684	-	2	1.326257	I:	D:
148854	149747	+	3	1.353464	I:	D:
150229	151305	+	1	1.346860	I:	D:
151306	152064	+	1	1.324157	I:	D:
152092	152874	+	1	1.334770	I:	D:
152886	154406	+	3	1.338455	I:	D:
154417	155682	+	1	1.340359	I:	D:
155688	156974	+	3	1.346650	I:	D:
156979	157740	+	1	1.330345	I:	D:
157765	158940	+	1	1.332146	I:	D:
159026	160522	+	2	1.319629	I:	D:
160515	164537	+	3	1.332302	I:	D:
164568	165368	+	3	1.331160	I:	D:
165392	166462	+	2	1.336478	I:	D:
166476	167051	+	3	1.351804	I:	D:
167095	167745	+	1	1.330448	I:	D:
167735	168520	+	2	1.354911	I:	D:
168560	170917	+	2	1.348353	I:	D:
171002	172819	+	2	1.329745	I:	D:
172857	174329	+	3	1.347183	I:	D:
174343	175140	+	1	1.333706	I:	D:
175152	175358	-	3	1.385634	I:	D:
175137	176198	+	3	1.356453	I:	D:
176285	177631	+	2	1.342356	I:	D:
177655	178497	+	1	1.348506	I:	D:
178500	179483	+	3	1.339758	I:	D:
179486	180427	-	2	1.353348	I:	D:
180616	181590	-	1	1.341951	I:	D:
181834	182976	+	1	1.340826	I:	D:
183112	183246	+	1	1.327462	I:	D:
>YB3_9460
317	493	+	2	1.348754	I:	D:
521	1390	-	2	1.293526	I:	D:
1407	2024	-	3	1.357778	I:	D:
1978	2700	-	1	1.326203	I:	D:
2747	3997	-	2	1.337912	I:	D:
4045	4431	-	1	1.334334	I:	D:
4440	4634	-	3	1.317089	I:	D:
4661	5191	-	2	1.356934	I:	D:
5205	6176	-	3	1.365252	I:	D:
6267	6746	-	3	1.339165	I:	D:
6743	7240	-	2	1.332508	I:	D:
7246	8079	-	1	1.342624	I:	D:
8076	8837	-	3	1.356557	I:	D:
8840	9169	-	2	1.342660	I:	D:
9169	9915	-	1	1.337663	I:	D:
10322	11032	-	2	1.338637	I:	D:
11091	11834	-	3	1.335578	I:	D:
11924	12352	-	2	1.335316	I:	D:
12590	13990	+	2	1.336730	I:	D:
14688	14885	+	3	1.322549	I:	D:
15023	15904	-	2	1.330883	I:	D:
15907	16671	-	1	1.317484	I:	D:
16748	17257	-	2	1.320295	I:	D:
17335	17499	+	1	1.362764	I:	D:
17525	17698	-	2	1.355214	I:	D:
17892	19535	+	3	1.324586	I:	D:
20232	20501	+	3	1.309072	I:	D:
20498	20644	+	2	1.361806	I:	D:
20811	22448	+	3	1.346942	I:	D:
22538	22828	+	2	1.345240	I:	D:
22967	23341	+	2	1.320819	I:	D:
23398	23745	+	1	1.321368	I:	D:
24059	32758	-	2	1.321310	I:	D:
33164	34336	+	2	1.356273	I:	D:
34339	35517	-	1	1.347162	I:	D:
35555	36094	-	2	1.332182	I:	D:
36312	37274	-	3	1.353925	I:	D:
37438	38286	-	1	1.319697	I:	D:
38319	39188	-	3	1.330452	I:	D:
39233	40612	-	2	1.332002	I:	D:
40782	41723	+	3	1.348910	I:	D:
41847	42755	-	3	1.338761	I:	D:
42872	44179	-	2	1.336408	I:	D:
44176	44679	-	1	1.320474	I:	D:
44681	45703	-	2	1.312693	I:	D:
45805	46644	-	1	1.325715	I:	D:
46641	48080	-	3	1.333438	I:	D:
48210	48428	-	3	1.349299	I:	D:
48604	48804	+	1	1.329587	I:	D:
48824	49531	-	2	1.326600	I:	D:
49631	50452	-	2	1.317529	I:	D:
50482	51324	-	1	1.345097	I:	D:
51577	52815	+	1	1.323647	I:	D:
52812	53756	+	3	1.358920	I:	D:
53797	54048	+	1	1.379134	I:	D:
54056	54253	+	2	1.369512	I:	D:
54561	55913	-	3	1.340745	I:	D:
56043	56612	+	3	1.309983	I:	D:
56694	57437	-	3	1.338529	I:	D:
57463	58689	-	1	1.317214	I:	D:
58994	59140	-	2	1.350537	I:	D:
59230	60303	+	1	1.333921	I:	D:
60374	61216	-	2	1.332291	I:	D:
61308	62012	-	3	1.341350	I:	D:
61963	62676	-	1	1.360277	I:	D:
62803	63993	-	1	1.335018	I:	D:
64231	66000	+	1	1.345566	I:	D:
66005	66250	-	2	1.343125	I:	D:
66363	67325	+	3	1.320936	I:	D:
67359	67589	+	3	1.356179	I:	D:
67647	68669	+	3	1.322574	I:	D:
68690	69346	+	2	1.329058	I:	D:
69454	71193	-	1	1.316521	I:	D:
71438	72586	-	2	1.330652	I:	D:
72733	73305	-	1	1.327914	I:	D:
73379	75604	-	2	1.329471	I:	D:
75594	77801	-	3	1.336442	I:	D:
77838	78641	-	3	1.329744	I:	D:
78809	79444	+	2	1.321110	I:	D:
79556	80788	+	2	1.325410	I:	D:
81143	81271	+	2	1.346230	I:	D:
81290	82867	+	2	1.326490	I:	D:
82881	84149	+	3	1.326473	I:	D:
84163	85557	+	1	1.333807	I:	D:
87004	88326	+	1	1.335857	I:	D:
88383	89228	+	3	1.322890	I:	D:
89569	90246	-	1	1.354914	I:	D:
90255	90965	-	3	1.351322	I:	D:
90998	93208	-	2	1.347765	I:	D:
93205	94110	-	1	1.326274	I:	D:
94169	95029	-	2	1.326098	I:	D:
95051	98266	-	2	1.330974	I:	D:
98270	99403	-	2	1.344001	I:	D:
99400	101283	-	1	1.328389	I:	D:
101321	103522	-	2	1.339020	I:	D:
103550	104926	-	2	1.330749	I:	D:
104952	107657	-	3	1.337304	I:	D:
107654	108100	-	2	1.321823	I:	D:
108181	109185	-	1	1.346584	I:	D:
109325	110821	-	2	1.322656	I:	D:
110937	111431	-	3	1.299986	I:	D:
111558	113876	+	3	1.356463	I:	D:
113975	115603	+	2	1.330158	I:	D:
115621	116547	+	1	1.345021	I:	D:
116716	117903	+	1	1.321855	I:	D:
117930	118100	+	3	1.369590	I:	D:
118197	118520	+	3	1.391470	I:	D:
118639	119979	-	1	1.335492	I:	D:
120377	120946	-	2	1.334581	I:	D:
121062	121838	-	3	1.322304	I:	D:
121881	122870	-	3	1.346975	I:	D:
122933	123973	-	2	1.336582	I:	D:
123970	126996	-	1	1.353079	I:	D:
126993	128243	-	3	1.351907	I:	D:
128509	129339	+	1	1.332053	I:	D:
129361	133215	-	1	1.334364	I:	D:
133196	136684	-	2	1.346815	I:	D:
136740	137186	+	3	1.330793	I:	D:
137327	139717	-	2	1.341369	I:	D:
139888	141150	-	1	1.340477	I:	D:
141159	142196	-	3	1.349437	I:	D:
142199	142717	-	2	1.313406	I:	D:
142798	143298	-	1	1.352074	I:	D:
143317	143778	-	1	1.311740	I:	D:
143805	143966	-	3	1.338223	I:	D:
144025	144393	-	1	1.323707	I:	D:
144520	144849	+	1	1.351133	I:	D:
144906	147038	-	3	1.331739	I:	D:
147192	148598	-	3	1.335972	I:	D:
148720	149412	-	1	1.367066	I:	D:
149443	150072	-	1	1.313659	I:	D:
150076	150876	-	1	1.301844	I:	D:
150879	151754	-	3	1.357027	I:	D:
151904	152314	+	2	1.337938	I:	D:
152383	152655	+	1	1.331792	I:	D:
152656	152811	+	1	1.303008	I:	D:
153037	154275	-	1	1.323620	I:	D:
154268	155158	-	2	1.303778	I:	D:
155213	156439	-	2	1.324040	I:	D:
156453	156917	-	3	1.340968	I:	D:
156980	158023	-	2	1.335197	I:	D:
158269	159501	+	1	1.324677	I:	D:
159915	160613	-	3	1.337871	I:	D:
160689	161369	-	3	1.330563	I:	D:
161447	162781	-	2	1.324518	I:	D:
162840	164138	-	3	1.339170	I:	D:
164154	164999	-	3	1.334249	I:	D:
165015	165941	-	3	1.338525	I:	D:
165945	166979	-	3	1.321550	I:	D:
166995	167927	-	3	1.321981	I:	D:
167952	169028	-	3	1.337384	I:	D:
169546	170025	+	1	1.349079	I:	D:
170156	171160	-	2	1.321101	I:	D:
171246	173324	-	3	1.358011	I:	D:
173406	174221	-	3	1.313554	I:	D:
174205	174993	-	1	1.323765	I:	D:
175015	175521	-	1	1.324131	I:	D:
175525	176715	-	1	1.337753	I:	D:
176756	177199	-	2	1.303236	I:	D:
177523	177696	-	1	1.321425	I:	D:
177770	178393	-	2	1.314077	I:	D:
178420	179472	-	1	1.351935	I:	D:
179544	179864	-	3	1.325123	I:	D:
179886	181403	-	3	1.335845	I:	D:
181740	181892	+	3	1.426484	I:	D:
>YB3_9515
372	1901	+	3	1.333718	I:	D:
1920	3209	+	3	1.344716	I:	D:
3248	3895	+	2	1.353724	I:	D:
4059	4796	+	3	1.326605	I:	D:
4914	5807	-	3	1.333829	I:	D:
5947	6114	+	1	1.331572	I:	D:
6038	7570	+	2	1.338838	I:	D:
7572	8495	+	3	1.339752	I:	D:
8495	9352	+	2	1.338484	I:	D:
9388	10893	+	1	1.316913	I:	D:
10907	12904	+	2	1.339427	I:	D:
12888	13841	+	3	1.361928	I:	D:
14027	14155	+	2	1.329108	I:	D:
14256	15695	+	3	1.345921	I:	D:
15695	17011	+	2	1.362678	I:	D:
17101	17469	+	1	1.336413	I:	D:
17622	18197	+	3	1.358459	I:	D:
18214	19044	+	1	1.351773	I:	D:
19085	20170	+	2	1.342454	I:	D:
20151	20906	+	3	1.325212	I:	D:
21036	22619	+	3	1.322380	I:	D:
22644	23978	+	3	1.337299	I:	D:
24060	25106	-	3	1.352938	I:	D:
25429	25629	-	1	1.353332	I:	D:
25822	26121	-	1	1.338207	I:	D:
26124	26315	-	3	1.349743	I:	D:
26404	27066	-	1	1.333166	I:	D:
27099	27278	-	3	1.372054	I:	D:
27403	28179	+	1	1.343983	I:	D:
28192	28941	-	1	1.336251	I:	D:
29198	29530	+	2	1.339827	I:	D:
29720	30292	+	2	1.325743	I:	D:
30464	31918	+	2	1.327959	I:	D:
31991	32788	+	2	1.316423	I:	D:
32879	33154	-	2	1.343410	I:	D:
33317	33568	+	2	1.295301	I:	D:
33777	33995	+	3	1.293366	I:	D:
34230	34388	-	3	1.342466	I:	D:
34464	34877	-	3	1.342964	I:	D:
34900	35958	-	1	1.332684	I:	D:
36158	37834	-	2	1.352111	I:	D:
37870	39012	-	1	1.326213	I:	D:
39313	40644	+	1	1.322272	I:	D:
40691	41620	+	2	1.330904	I:	D:
41633	42463	+	2	1.324307	I:	D:
42465	44009	-	3	1.330905	I:	D:
44006	45757	-	2	1.319550	I:	D:
46230	51689	+	3	1.319671	I:	D:
51895	52935	+	1	1.342478	I:	D:
53033	53422	+	2	1.352834	I:	D:
53609	54343	+	2	1.333975	I:	D:
54340	55203	+	1	1.344736	I:	D:
55259	56878	+	2	1.346120	I:	D:
57085	58371	+	1	1.334187	I:	D:
58373	58684	+	2	1.325007	I:	D:
58681	59862	+	1	1.355069	I:	D:
59899	61353	+	1	1.326006	I:	D:
61463	62170	-	2	1.322595	I:	D:
62198	63010	+	2	1.341221	I:	D:
63025	64020	+	1	1.349684	I:	D:
64073	64288	+	2	1.359609	I:	D:
64412	64699	+	2	1.334919	I:	D:
64747	65223	+	1	1.356077	I:	D:
65266	65535	+	1	1.379794	I:	D:
65801	65935	+	2	1.354625	I:	D:
66071	67603	+	2	1.328664	I:	D:
67722	68168	+	3	1.374178	I:	D:
68203	69108	+	1	1.369377	I:	D:
69273	69734	+	3	1.304080	I:	D:
69852	70400	+	3	1.332810	I:	D:
70426	70590	-	1	1.410458	I:	D:
71090	71884	-	2	1.324735	I:	D:
71947	72681	+	1	1.311148	I:	D:
72824	73303	+	2	1.361735	I:	D:
73323	74621	+	3	1.328468	I:	D:
74718	75485	+	3	1.345666	I:	D:
75643	76554	+	1	1.347247	I:	D:
76573	77280	+	1	1.342439	I:	D:
77284	77487	+	1	1.308287	I:	D:
77524	78303	-	1	1.384369	I:	D:
78478	79545	+	1	1.334437	I:	D:
79582	80007	+	1	1.323055	I:	D:
80092	80544	-	1	1.328704	I:	D:
80686	84786	+	1	1.333378	I:	D:
84806	88657	+	2	1.332055	I:	D:
88731	89648	-	3	1.348771	I:	D:
89694	91112	-	3	1.359516	I:	D:
91331	91765	-	2	1.288513	I:	D:
91915	92826	-	1	1.340155	I:	D:
92823	93629	-	3	1.333978	I:	D:
93743	94243	+	2	1.379713	I:	D:
94419	94946	+	3	1.322166	I:	D:
94989	97106	+	3	1.324527	I:	D:
97207	98400	+	1	1.345389	I:	D:
99132	99950	-	3	1.345351	I:	D:
99999	100910	-	3	1.364326	I:	D:
101113	101991	+	1	1.339314	I:	D:
102112	103848	+	1	1.320490	I:	D:
103903	104676	+	1	1.332310	I:	D:
104894	105592	+	2	1.331816	I:	D:
105603	106508	+	3	1.342348	I:	D:
106595	107461	+	2	1.342385	I:	D:
107541	108263	-	3	1.347984	I:	D:
108336	109259	+	3	1.334304	I:	D:
109532	110923	+	2	1.332937	I:	D:
110990	111886	+	2	1.340607	I:	D:
111901	112725	+	1	1.327697	I:	D:
112874	113074	+	2	1.375200	I:	D:
113180	114391	+	2	1.334871	I:	D:
114705	116174	+	3	1.325149	I:	D:
116192	117019	+	2	1.334572	I:	D:
117052	117444	+	1	1.325472	I:	D:
117495	118640	+	3	1.324873	I:	D:
118681	120093	+	1	1.329809	I:	D:
120294	121910	+	3	1.337888	I:	D:
121907	122983	+	2	1.324870	I:	D:
123007	124458	+	1	1.344515	I:	D:
124572	125876	+	3	1.339196	I:	D:
125898	127433	+	3	1.329532	I:	D:
127447	128463	+	1	1.333608	I:	D:
128530	129615	+	1	1.300083	I:	D:
129685	130596	+	1	1.340038	I:	D:
130605	132029	-	3	1.340218	I:	D:
132050	133393	+	2	1.339933	I:	D:
133423	134559	-	1	1.343507	I:	D:
134757	136364	+	3	1.335940	I:	D:
136424	136915	-	2	1.361789	I:	D:
137114	137320	-	2	1.345344	I:	D:
137395	138780	+	1	1.337994	I:	D:
138856	138999	+	1	1.329381	I:	D:
139052	140149	+	2	1.341068	I:	D:
140195	141175	+	2	1.351259	I:	D:
141214	142437	+	1	1.334487	I:	D:
142452	143696	+	3	1.356571	I:	D:
143704	144162	+	1	1.370520	I:	D:
144074	145228	+	2	1.327504	I:	D:
145225	145842	+	1	1.347776	I:	D:
145982	147541	+	2	1.321449	I:	D:
147717	148712	+	3	1.339484	I:	D:
148831	150954	+	1	1.335510	I:	D:
150956	151591	+	2	1.340662	I:	D:
151770	152867	+	3	1.332776	I:	D:
152903	154570	+	2	1.343601	I:	D:
154613	156295	+	2	1.327239	I:	D:
156563	157654	+	2	1.333313	I:	D:
157651	158814	+	1	1.327286	I:	D:
158984	160222	+	2	1.346157	I:	D:
160176	160991	+	3	1.371272	I:	D:
161601	162785	+	3	1.349328	I:	D:
162886	163689	-	1	1.326464	I:	D:
163801	165897	+	1	1.349428	I:	D:
165898	166410	+	1	1.347630	I:	D:
166545	167264	+	3	1.345777	I:	D:
167375	168109	+	2	1.341505	I:	D:
168281	168412	-	2	1.317397	I:	D:
168430	168627	+	1	1.365529	I:	D:
168663	168800	+	3	1.372369	I:	D:
168800	169132	+	2	1.372213	I:	D:
169322	169876	+	2	1.341873	I:	D:
169893	171068	+	3	1.333451	I:	D:
171076	172515	+	1	1.349419	I:	D:
172522	173142	+	1	1.335125	I:	D:
173164	173664	+	1	1.344599	I:	D:
173986	175821	+	1	1.349512	I:	D:
175870	177243	+	1	1.329802	I:	D:
>YB3_9554
252	794	+	3	1.323064	I:	D:
1042	1797	+	1	1.290332	I:	D:
2232	3464	+	3	1.317451	I:	D:
3603	4844	-	3	1.299555	I:	D:
5243	5407	+	2	1.411970	I:	D:
5428	6306	-	1	1.335616	I:	D:
6433	7092	-	1	1.319913	I:	D:
7127	7738	-	2	1.330875	I:	D:
7819	9303	-	1	1.305762	I:	D:
9300	10028	-	3	1.327581	I:	D:
10199	11488	-	2	1.322889	I:	D:
11488	12519	-	1	1.311444	I:	D:
12578	14206	-	2	1.318031	I:	D:
14207	15202	-	2	1.326844	I:	D:
15205	15693	-	1	1.325559	I:	D:
15712	16959	-	1	1.339693	I:	D:
16956	17639	-	3	1.311575	I:	D:
17687	18349	-	2	1.326709	I:	D:
18411	19985	-	3	1.318294	I:	D:
19967	21022	-	2	1.320467	I:	D:
21212	22348	-	2	1.324565	I:	D:
22353	22745	-	3	1.314905	I:	D:
>YB3_9762
45	1538	-	3	1.316882	I:	D:
1583	2065	-	2	1.309201	I:	D:
2282	3244	-	2	1.328532	I:	D:
3234	3653	-	3	1.327744	I:	D:
3657	4631	-	3	1.321429	I:	D:
4710	8195	-	3	1.325434	I:	D:
8311	8565	-	1	1.307748	I:	D:
8602	9561	-	1	1.354536	I:	D:
9584	10450	-	2	1.322773	I:	D:
10488	11399	-	3	1.349222	I:	D:
11425	12357	-	1	1.333581	I:	D:
12439	14361	-	1	1.343658	I:	D:
14376	14888	-	3	1.331213	I:	D:
15089	15238	-	2	1.270929	I:	D:
15409	15624	+	1	1.332944	I:	D:
15715	16587	+	1	1.337629	I:	D:
16912	20466	-	1	1.332798	I:	D:
>YB3_9866
229	360	-	1	1.314368	I:	D:
379	1116	-	1	1.339825	I:	D:
1117	2151	-	1	1.330825	I:	D:
2155	3066	-	1	1.351319	I:	D:
3207	3449	-	3	1.369275	I:	D:
3612	4061	-	3	1.343796	I:	D:
4093	4854	-	1	1.335159	I:	D:
4851	5279	-	3	1.319965	I:	D:
5269	7425	-	1	1.325560	I:	D:
7595	8014	+	2	1.315473	I:	D:
8086	9327	-	1	1.322563	I:	D:
9375	9818	-	3	1.322023	I:	D:
9989	11005	-	2	1.328697	I:	D:
11222	13792	-	2	1.314982	I:	D:
14191	14427	-	1	1.308474	I:	D:
14439	15035	+	3	1.309501	I:	D:
15124	16290	-	1	1.334236	I:	D:
16305	17219	-	3	1.341811	I:	D:
17433	18185	+	3	1.326797	I:	D:
18356	18808	+	2	1.331105	I:	D:
18906	19361	-	3	1.369432	I:	D:
>YB3_10246
1	258	-	1	1.290323	I:	D:
278	709	-	2	1.323495	I:	D:
1077	2684	+	3	1.348653	I:	D:
2732	3268	+	2	1.362390	I:	D:
3275	3529	+	2	1.366905	I:	D:
3534	4556	+	3	1.352669	I:	D:
4877	6499	+	2	1.321643	I:	D:
6584	7567	+	2	1.338831	I:	D:
7567	8427	+	1	1.336593	I:	D:
8442	9422	+	3	1.344468	I:	D:
9412	10383	+	1	1.331864	I:	D:
10460	11782	+	2	1.349791	I:	D:
11789	13729	+	2	1.350690	I:	D:
13726	14013	+	1	1.351379	I:	D:
14042	14725	+	2	1.351023	I:	D:
14908	15897	+	1	1.344211	I:	D:
>YB3_10380
3	302	+	3	1.385047	I:	D:
681	1115	+	3	1.317605	I:	D:
1129	2832	+	1	1.312631	I:	D:
2855	3562	+	2	1.320777	I:	D:
3584	4465	+	2	1.333883	I:	D:
4462	6519	+	1	1.328611	I:	D:
6536	7051	+	2	1.326552	I:	D:
7199	7402	+	2	1.307511	I:	D:
7586	7837	+	2	1.329770	I:	D:
7841	8095	+	2	1.340400	I:	D:
8439	9644	-	3	1.353142	I:	D:
9804	9998	+	3	1.297968	I:	D:
10097	12016	+	2	1.323514	I:	D:
12031	14265	+	1	1.335941	I:	D:
14420	15505	+	2	1.330423	I:	D:
15550	16614	+	1	1.340449	I:	D:
16875	18944	+	3	1.333988	I:	D:
18941	19732	+	2	1.337439	I:	D:
19832	20461	-	2	1.316473	I:	D:
20560	21399	-	1	1.312283	I:	D:
21558	21755	+	3	1.330084	I:	D:
21768	21905	+	3	1.355561	I:	D:
22028	22414	+	2	1.345400	I:	D:
22436	25183	+	2	1.327891	I:	D:
25204	25812	+	1	1.346453	I:	D:
25809	26606	+	3	1.342036	I:	D:
26668	26946	+	1	1.316272	I:	D:
26979	28343	+	3	1.323746	I:	D:
28355	28990	+	2	1.356726	I:	D:
29020	30282	+	1	1.331224	I:	D:
30311	31597	-	2	1.360123	I:	D:
31812	33299	+	3	1.327736	I:	D:
33390	33722	+	3	1.317063	I:	D:
33912	34907	+	3	1.325605	I:	D:
34926	36122	+	3	1.326274	I:	D:
36197	36769	+	2	1.359719	I:	D:
36773	36955	+	2	1.403344	I:	D:
37134	38258	+	3	1.308948	I:	D:
38337	39434	+	3	1.319190	I:	D:
39427	40335	+	1	1.329768	I:	D:
40350	41867	+	3	1.324634	I:	D:
42061	43308	+	1	1.332275	I:	D:
43362	44786	+	3	1.316747	I:	D:
44981	45733	+	2	1.314125	I:	D:
45789	46562	+	3	1.329386	I:	D:
46688	47797	+	2	1.312567	I:	D:
47829	49373	+	3	1.329384	I:	D:
49373	50215	+	2	1.342404	I:	D:
50233	51777	+	1	1.323080	I:	D:
51770	52840	+	2	1.322043	I:	D:
52842	53777	+	3	1.328909	I:	D:
53826	54533	+	3	1.325342	I:	D:
54559	55254	+	1	1.315447	I:	D:
55274	55711	+	2	1.334295	I:	D:
55723	56913	+	1	1.324656	I:	D:
57066	58085	+	3	1.336616	I:	D:
58115	58348	+	2	1.265495	I:	D:
58407	59105	+	3	1.329661	I:	D:
59096	62656	+	2	1.321837	I:	D:
62693	63628	+	2	1.310104	I:	D:
63710	64942	+	2	1.321181	I:	D:
64963	66219	+	1	1.351183	I:	D:
66248	66820	+	2	1.339997	I:	D:
66830	67126	+	2	1.313040	I:	D:
67238	68119	+	2	1.322213	I:	D:
68137	69612	+	1	1.328246	I:	D:
69609	70271	+	3	1.351343	I:	D:
70268	71245	+	2	1.354469	I:	D:
71236	72792	+	1	1.349356	I:	D:
72840	74189	+	3	1.338382	I:	D:
74186	74833	+	2	1.321852	I:	D:
74817	78248	+	3	1.334312	I:	D:
78193	79812	+	1	1.337274	I:	D:
79916	81388	+	2	1.324579	I:	D:
81409	81774	+	1	1.306972	I:	D:
81808	83181	+	1	1.314935	I:	D:
83270	83512	+	2	1.329549	I:	D:
83541	83768	+	3	1.305540	I:	D:
83841	84350	+	3	1.315789	I:	D:
84365	86410	+	2	1.332021	I:	D:
86429	87406	+	2	1.328658	I:	D:
87457	88761	+	1	1.329442	I:	D:
88848	89099	+	3	1.296336	I:	D:
89149	89844	+	1	1.355074	I:	D:
89877	90722	+	3	1.326768	I:	D:
90719	91252	+	2	1.336280	I:	D:
91245	94178	+	3	1.325425	I:	D:
94204	94866	+	1	1.342338	I:	D:
94985	95776	+	2	1.347635	I:	D:
95792	96049	+	2	1.356489	I:	D:
96051	97172	+	3	1.325141	I:	D:
97194	97589	+	3	1.333752	I:	D:
97589	98560	+	2	1.331227	I:	D:
98650	99069	+	1	1.311864	I:	D:
99197	100603	+	2	1.321175	I:	D:
100647	101348	+	3	1.326078	I:	D:
101384	101905	+	2	1.330305	I:	D:
102027	103115	+	3	1.331597	I:	D:
103170	103703	+	3	1.329337	I:	D:
103700	104611	+	2	1.343273	I:	D:
104722	105423	+	1	1.327343	I:	D:
105651	107459	+	3	1.346480	I:	D:
107537	107848	+	2	1.367232	I:	D:
108413	108679	+	2	1.349055	I:	D:
108966	110030	+	3	1.318425	I:	D:
110039	110470	-	2	1.334230	I:	D:
110484	111101	-	3	1.353520	I:	D:
111204	111515	-	3	1.343908	I:	D:
111713	112327	+	2	1.322483	I:	D:
112445	112795	-	2	1.298143	I:	D:
112792	113394	-	1	1.328487	I:	D:
113427	114032	-	3	1.337252	I:	D:
114048	114344	-	3	1.324460	I:	D:
114402	115691	-	3	1.313530	I:	D:
115822	116112	-	1	1.334099	I:	D:
116116	116457	-	1	1.329477	I:	D:
116469	116777	-	3	1.308868	I:	D:
116896	117978	-	1	1.354744	I:	D:
117982	118512	-	1	1.329277	I:	D:
118818	120257	-	3	1.321822	I:	D:
120271	121392	-	1	1.324996	I:	D:
121396	121629	-	1	1.287149	I:	D:
121626	122837	-	3	1.332523	I:	D:
122837	123586	-	2	1.315307	I:	D:
123583	125457	-	1	1.339664	I:	D:
125871	126125	-	3	1.306784	I:	D:
126489	127709	-	3	1.336602	I:	D:
127724	128506	-	2	1.321793	I:	D:
128680	129564	+	1	1.349174	I:	D:
129587	129769	-	2	1.371621	I:	D:
129849	130127	-	3	1.309942	I:	D:
130422	130679	-	3	1.353642	I:	D:
130689	131837	-	3	1.340642	I:	D:
131873	132598	-	2	1.346982	I:	D:
133124	133303	+	2	1.430729	I:	D:
133356	134276	-	3	1.322478	I:	D:
134296	136101	-	1	1.354554	I:	D:
136852	136977	+	1	1.391987	I:	D:
>YB3_10587
1	537	+	1	1.311896	I:	D:
568	1506	+	1	1.309531	I:	D:
1853	2734	+	2	1.339106	I:	D:
3052	3273	+	1	1.372026	I:	D:
3305	3481	+	2	1.329812	I:	D:
3632	4108	+	2	1.345476	I:	D:
4199	5992	+	2	1.332975	I:	D:
6082	7197	+	1	1.350511	I:	D:
7194	8255	+	3	1.357814	I:	D:
8369	10306	+	2	1.354801	I:	D:
10386	11249	-	3	1.315975	I:	D:
11512	11841	+	1	1.357297	I:	D:
11935	14520	+	1	1.341025	I:	D:
14525	15505	+	2	1.335840	I:	D:
15508	15954	+	1	1.337755	I:	D:
15979	16602	+	1	1.342565	I:	D:
16625	17344	+	2	1.341465	I:	D:
17397	18392	+	3	1.304970	I:	D:
18420	18875	+	3	1.307567	I:	D:
18939	20024	+	3	1.329439	I:	D:
20194	20394	+	1	1.341606	I:	D:
20421	20687	+	3	1.292622	I:	D:
20984	21562	+	2	1.315133	I:	D:
21575	22402	+	2	1.332012	I:	D:
22407	24476	+	3	1.347751	I:	D:
25354	26829	-	1	1.311931	I:	D:
27023	27766	+	2	1.340924	I:	D:
27797	28546	-	2	1.335391	I:	D:
28718	29419	+	2	1.316566	I:	D:
29449	30048	+	1	1.317637	I:	D:
30145	30864	+	1	1.334440	I:	D:
30883	31683	+	1	1.341648	I:	D:
31734	32894	+	3	1.330831	I:	D:
32899	33948	+	1	1.327866	I:	D:
33966	35039	+	3	1.332903	I:	D:
35044	39669	+	1	1.337658	I:	D:
39804	41162	+	3	1.328713	I:	D:
41589	41981	+	3	1.344319	I:	D:
41988	43094	+	3	1.316623	I:	D:
43128	43961	+	3	1.335814	I:	D:
44000	44866	+	2	1.329159	I:	D:
44875	45357	+	1	1.322609	I:	D:
45388	46719	+	1	1.308379	I:	D:
46772	47413	-	2	1.316148	I:	D:
47675	47944	+	2	1.358358	I:	D:
47972	49135	+	2	1.349362	I:	D:
49166	49504	-	2	1.350101	I:	D:
49677	50921	+	3	1.324848	I:	D:
50947	52908	+	1	1.338464	I:	D:
52927	53268	+	1	1.322770	I:	D:
53435	53644	+	2	1.396320	I:	D:
53644	54219	+	1	1.358607	I:	D:
54273	54932	-	3	1.340079	I:	D:
55122	56141	+	3	1.340671	I:	D:
56190	56543	+	3	1.339959	I:	D:
56679	57314	+	3	1.349556	I:	D:
57392	60094	-	2	1.337521	I:	D:
60301	60951	+	1	1.352854	I:	D:
61048	62886	+	1	1.322570	I:	D:
63137	63775	+	2	1.356970	I:	D:
63908	64408	+	2	1.314554	I:	D:
64430	64753	-	2	1.392798	I:	D:
64760	65683	+	2	1.328905	I:	D:
65749	66507	+	1	1.313490	I:	D:
66626	66958	+	2	1.354190	I:	D:
67110	67487	+	3	1.357775	I:	D:
67621	69057	+	1	1.329211	I:	D:
69074	69973	+	2	1.326199	I:	D:
70122	71399	+	3	1.336966	I:	D:
71403	71987	-	3	1.322630	I:	D:
72010	73221	-	1	1.330224	I:	D:
73242	73964	-	3	1.328558	I:	D:
74012	75517	-	2	1.351445	I:	D:
75517	76611	-	1	1.321802	I:	D:
76900	78996	+	1	1.336030	I:	D:
79046	80758	+	2	1.332621	I:	D:
80793	82373	+	3	1.342394	I:	D:
82723	84330	+	1	1.339974	I:	D:
84341	84493	+	2	1.357355	I:	D:
84527	85837	+	2	1.355277	I:	D:
85965	87149	+	3	1.339301	I:	D:
87246	87509	-	3	1.363253	I:	D:
87522	88427	-	3	1.344923	I:	D:
88427	88768	-	2	1.297219	I:	D:
88952	90853	+	2	1.320775	I:	D:
91387	93366	-	1	1.321358	I:	D:
93542	94207	+	2	1.321368	I:	D:
94209	94358	+	3	1.389700	I:	D:
94367	94591	+	2	1.346054	I:	D:
94593	96179	+	3	1.329730	I:	D:
96176	97366	+	2	1.335603	I:	D:
97452	97814	+	3	1.356973	I:	D:
97822	98772	+	1	1.314480	I:	D:
98732	100111	+	2	1.336260	I:	D:
100216	101349	+	1	1.317939	I:	D:
101346	102212	+	3	1.326015	I:	D:
102369	102926	+	3	1.328838	I:	D:
102927	103424	+	3	1.332250	I:	D:
103438	104136	+	1	1.318388	I:	D:
105190	106626	+	1	1.343600	I:	D:
106674	107471	+	3	1.342343	I:	D:
107468	108115	+	2	1.326545	I:	D:
108128	110071	+	2	1.348189	I:	D:
110080	110871	+	1	1.344518	I:	D:
110897	111988	+	2	1.338272	I:	D:
112096	113193	+	1	1.331733	I:	D:
113295	114425	-	3	1.338678	I:	D:
114587	115141	+	2	1.359619	I:	D:
115241	116491	+	2	1.328325	I:	D:
116532	117248	-	3	1.315777	I:	D:
117555	118796	+	3	1.335105	I:	D:
118848	119375	+	3	1.341596	I:	D:
119372	121666	+	2	1.332267	I:	D:
121663	124029	+	1	1.330401	I:	D:
124108	124503	+	1	1.336211	I:	D:
124517	125599	+	2	1.343379	I:	D:
125767	126543	+	1	1.361118	I:	D:
126575	127489	+	2	1.337779	I:	D:
128194	128604	+	1	1.317094	I:	D:
128783	128998	-	2	1.346557	I:	D:
129069	129242	+	3	1.372783	I:	D:
129280	129972	-	1	1.349121	I:	D:
130176	130361	+	3	1.330785	I:	D:
>YB3_10770
763	915	+	1	1.324274	I:	D:
990	1454	-	3	1.307004	I:	D:
1535	3751	-	2	1.342576	I:	D:
3831	4082	-	3	1.312669	I:	D:
4203	5234	-	3	1.342247	I:	D:
5611	6750	+	1	1.335918	I:	D:
6911	7903	-	2	1.314970	I:	D:
7930	8715	-	1	1.318636	I:	D:
8708	9331	-	2	1.339867	I:	D:
9472	9930	-	1	1.333111	I:	D:
9986	11476	-	2	1.337793	I:	D:
11529	12359	-	3	1.306247	I:	D:
12574	13896	-	1	1.356831	I:	D:
13932	15608	-	3	1.328487	I:	D:
15614	16066	-	2	1.306493	I:	D:
16121	16960	-	2	1.356266	I:	D:
16981	17808	-	1	1.314739	I:	D:
17827	19740	-	1	1.335465	I:	D:
19770	20681	-	3	1.327193	I:	D:
20674	20901	-	1	1.283754	I:	D:
20916	22181	-	3	1.339238	I:	D:
22203	22685	-	3	1.318971	I:	D:
22891	23271	-	1	1.301654	I:	D:
23642	24220	-	2	1.312978	I:	D:
24580	25590	-	1	1.337226	I:	D:
25618	26310	-	1	1.327669	I:	D:
26361	26501	+	3	1.345877	I:	D:
26601	38885	-	3	1.338565	I:	D:
39224	40354	-	2	1.338164	I:	D:
40373	41566	-	2	1.316047	I:	D:
41586	42797	-	3	1.324243	I:	D:
42766	43533	-	1	1.352046	I:	D:
43536	44897	-	3	1.322573	I:	D:
45061	46650	-	1	1.339798	I:	D:
46754	47548	-	2	1.361955	I:	D:
47545	48561	-	1	1.355222	I:	D:
48612	49646	-	3	1.319741	I:	D:
49668	49889	+	3	1.398865	I:	D:
49988	50950	-	2	1.345823	I:	D:
50990	52633	-	2	1.338026	I:	D:
52649	53485	-	2	1.337192	I:	D:
53485	54372	-	1	1.348123	I:	D:
54397	55500	-	1	1.337996	I:	D:
55735	57129	-	1	1.324795	I:	D:
57227	60445	-	2	1.343636	I:	D:
60480	61634	-	3	1.339766	I:	D:
61654	64713	-	1	1.352002	I:	D:
64887	65828	+	3	1.336016	I:	D:
65932	67740	+	1	1.325749	I:	D:
67856	69346	-	2	1.351575	I:	D:
69562	71184	-	1	1.309809	I:	D:
71230	71514	-	1	1.321838	I:	D:
71713	73143	-	1	1.347073	I:	D:
73294	74112	+	1	1.345000	I:	D:
74253	74915	+	3	1.297866	I:	D:
74967	75842	-	3	1.337378	I:	D:
75888	77288	-	3	1.349411	I:	D:
77419	79131	-	1	1.328977	I:	D:
79326	80030	+	3	1.336768	I:	D:
80027	80368	+	2	1.329836	I:	D:
80622	80933	-	3	1.345581	I:	D:
81116	82060	-	2	1.356628	I:	D:
82139	83200	-	2	1.328650	I:	D:
83216	83689	-	2	1.327669	I:	D:
83715	84125	-	3	1.316683	I:	D:
84122	84652	-	2	1.338524	I:	D:
84664	84996	-	1	1.353671	I:	D:
85009	86067	-	1	1.308866	I:	D:
86085	87053	-	3	1.331092	I:	D:
87077	87820	-	2	1.320285	I:	D:
87835	88290	-	1	1.321715	I:	D:
88275	89684	-	3	1.316744	I:	D:
89723	90271	-	2	1.338627	I:	D:
90348	91274	-	3	1.372824	I:	D:
91511	91681	+	2	1.391030	I:	D:
91896	92318	+	3	1.310567	I:	D:
92379	94304	-	3	1.319603	I:	D:
94308	95228	-	3	1.322341	I:	D:
95403	96278	-	3	1.331847	I:	D:
96496	97161	+	1	1.317683	I:	D:
97241	98278	-	2	1.340042	I:	D:
98306	98791	-	2	1.355121	I:	D:
98907	99839	+	3	1.315989	I:	D:
99973	103191	-	1	1.323510	I:	D:
103191	104264	-	3	1.331006	I:	D:
104521	104991	-	1	1.321268	I:	D:
105102	105884	-	3	1.341971	I:	D:
105881	107068	-	2	1.341904	I:	D:
107084	108406	-	2	1.323440	I:	D:
108403	109794	-	1	1.322701	I:	D:
109807	111396	-	1	1.328958	I:	D:
111598	113145	+	1	1.341010	I:	D:
113161	114411	-	1	1.353492	I:	D:
114512	115090	-	2	1.336758	I:	D:
115219	117234	-	1	1.350683	I:	D:
117275	118483	-	2	1.349849	I:	D:
118499	119335	-	2	1.326562	I:	D:
119351	120430	-	2	1.329721	I:	D:
120508	121860	-	1	1.320043	I:	D:
122126	123985	+	2	1.345939	I:	D:
123982	124692	+	1	1.331288	I:	D:
>YB3_10794
22	198	+	1	1.348475	I:	D:
346	2115	-	1	1.324600	I:	D:
2329	3225	+	1	1.360541	I:	D:
3269	4048	+	2	1.331359	I:	D:
4062	4499	+	3	1.346656	I:	D:
4620	5519	+	3	1.325470	I:	D:
5543	6175	+	2	1.316501	I:	D:
6265	6549	+	1	1.301026	I:	D:
6652	8028	+	1	1.327056	I:	D:
8012	8554	+	2	1.297425	I:	D:
8556	9815	+	3	1.332526	I:	D:
9831	11138	+	3	1.332146	I:	D:
11179	11499	+	1	1.352113	I:	D:
11501	12445	+	2	1.332603	I:	D:
12476	12883	+	2	1.302706	I:	D:
>YB3_10829
366	3212	-	3	1.345083	I:	D:
3285	3569	-	3	1.339643	I:	D:
3694	5583	-	1	1.320202	I:	D:
5767	6516	-	1	1.330659	I:	D:
6506	7198	-	2	1.321094	I:	D:
7380	8222	-	3	1.298755	I:	D:
8360	9211	-	2	1.323893	I:	D:
9242	9883	-	2	1.309416	I:	D:
10108	10830	-	1	1.327941	I:	D:
10827	11159	-	3	1.317182	I:	D:
11156	12553	-	2	1.349954	I:	D:
12566	12988	-	2	1.321866	I:	D:
13043	13390	-	2	1.376681	I:	D:
13611	14105	+	3	1.327606	I:	D:
14109	14666	+	3	1.337456	I:	D:
14702	15079	+	2	1.329471	I:	D:
15094	16884	+	1	1.330302	I:	D:
16902	18647	+	3	1.330673	I:	D:
18750	21308	-	3	1.328865	I:	D:
21280	21990	-	1	1.333916	I:	D:
22139	24511	-	2	1.323768	I:	D:
24558	25436	-	3	1.354361	I:	D:
25606	26772	-	1	1.338039	I:	D:
26769	28703	-	3	1.344434	I:	D:
28940	30358	-	2	1.339010	I:	D:
30355	31440	-	1	1.317949	I:	D:
31522	32520	-	1	1.352569	I:	D:
32517	33509	-	3	1.334468	I:	D:
33524	34432	-	2	1.326558	I:	D:
34440	35372	-	3	1.338229	I:	D:
35447	37066	-	2	1.333695	I:	D:
37199	37624	-	2	1.369493	I:	D:
37631	38566	-	2	1.323624	I:	D:
38573	39628	-	2	1.328345	I:	D:
39639	40571	-	3	1.341131	I:	D:
40568	41518	-	2	1.336111	I:	D:
41522	43504	-	2	1.323910	I:	D:
43691	44383	-	2	1.348654	I:	D:
44467	45918	-	1	1.342125	I:	D:
46013	47191	-	2	1.324293	I:	D:
47195	49198	-	2	1.346897	I:	D:
49201	49470	-	1	1.346174	I:	D:
49671	50528	+	3	1.350417	I:	D:
50554	50928	-	1	1.339326	I:	D:
51096	51506	+	3	1.383989	I:	D:
51503	51775	+	2	1.316308	I:	D:
52278	53081	-	3	1.333332	I:	D:
53094	53537	-	3	1.316204	I:	D:
53548	55494	-	1	1.339728	I:	D:
55561	55728	-	1	1.355928	I:	D:
55818	56048	-	3	1.361443	I:	D:
56356	56643	-	1	1.289663	I:	D:
56660	57457	-	2	1.350670	I:	D:
57511	57816	+	1	1.334234	I:	D:
57835	59169	-	1	1.350461	I:	D:
59179	59700	-	1	1.345377	I:	D:
59690	60838	-	2	1.355193	I:	D:
60835	61236	-	1	1.346692	I:	D:
61246	61554	-	1	1.339684	I:	D:
61547	62572	-	2	1.335806	I:	D:
62578	63300	-	1	1.357279	I:	D:
63310	65346	-	1	1.322679	I:	D:
65352	65498	-	3	1.347135	I:	D:
65513	65938	-	2	1.321540	I:	D:
65946	66416	-	3	1.333353	I:	D:
66427	67782	-	1	1.325429	I:	D:
67889	68080	+	2	1.353757	I:	D:
68122	68547	+	1	1.332094	I:	D:
68578	68793	-	1	1.316379	I:	D:
68771	69226	-	2	1.340278	I:	D:
69223	69720	-	1	1.345080	I:	D:
69725	70126	-	2	1.353663	I:	D:
70116	70637	-	3	1.359335	I:	D:
70650	70955	-	3	1.310378	I:	D:
70968	72017	-	3	1.330974	I:	D:
72029	72538	-	2	1.344253	I:	D:
72535	73758	-	1	1.324879	I:	D:
74055	74288	-	3	1.340804	I:	D:
74291	75790	-	2	1.345264	I:	D:
75787	77238	-	1	1.338669	I:	D:
77480	78781	-	2	1.347205	I:	D:
78756	79238	-	3	1.315670	I:	D:
79315	79491	-	1	1.306000	I:	D:
79545	79673	+	3	1.345707	I:	D:
79880	80314	-	2	1.360655	I:	D:
80388	80651	-	3	1.389368	I:	D:
80680	80865	-	1	1.363609	I:	D:
80878	81384	-	1	1.364269	I:	D:
81806	82255	-	2	1.346599	I:	D:
82320	82568	-	3	1.357230	I:	D:
82565	83086	-	2	1.361436	I:	D:
83392	85599	-	1	1.345937	I:	D:
85613	87202	-	2	1.345722	I:	D:
87202	87654	-	1	1.323084	I:	D:
87669	88796	-	3	1.339662	I:	D:
88797	90068	-	3	1.330714	I:	D:
90261	90482	-	3	1.345406	I:	D:
90505	90717	-	1	1.360011	I:	D:
90792	90938	+	3	1.295843	I:	D:
90984	91178	-	3	1.327708	I:	D:
91184	91384	-	2	1.361673	I:	D:
91575	92000	+	3	1.320580	I:	D:
92013	92450	+	3	1.317510	I:	D:
92493	93764	+	3	1.310594	I:	D:
93939	95417	+	3	1.341206	I:	D:
95371	95961	+	1	1.320861	I:	D:
95969	96556	-	2	1.358812	I:	D:
96569	97306	-	2	1.343531	I:	D:
97315	98430	-	1	1.315611	I:	D:
98631	100358	-	3	1.342083	I:	D:
100463	100945	-	2	1.362583	I:	D:
101057	102538	-	2	1.335083	I:	D:
102575	102796	-	2	1.314048	I:	D:
102816	104231	-	3	1.356032	I:	D:
104228	105196	-	2	1.347878	I:	D:
105193	105822	-	1	1.381078	I:	D:
105846	106631	+	3	1.329500	I:	D:
106636	109443	+	1	1.321405	I:	D:
109436	109750	+	2	1.347058	I:	D:
109830	110369	-	3	1.303071	I:	D:
110390	110971	-	2	1.347678	I:	D:
110991	112715	-	3	1.327152	I:	D:
112978	114408	-	1	1.326439	I:	D:
114505	116055	-	1	1.342022	I:	D:
116133	117023	-	3	1.356913	I:	D:
117144	119414	+	3	1.316967	I:	D:
119494	119637	-	1	1.300125	I:	D:
119702	120178	-	2	1.360647	I:	D:
120225	120485	-	3	1.318804	I:	D:
120529	122367	-	1	1.331840	I:	D:
122410	123039	-	1	1.364758	I:	D:
>YB3_11540
223	1098	+	1	1.344283	I:	D:
1172	1324	+	2	1.336201	I:	D:
1352	3151	-	2	1.329575	I:	D:
3196	4773	-	1	1.337406	I:	D:
4974	5255	+	3	1.321687	I:	D:
5351	5560	-	2	1.372300	I:	D:
5577	6146	+	3	1.348592	I:	D:
6161	7012	+	2	1.325879	I:	D:
7087	8667	-	1	1.373478	I:	D:
8824	10008	+	1	1.328014	I:	D:
10041	10478	+	3	1.305589	I:	D:
10475	11551	+	2	1.349282	I:	D:
11548	12630	+	1	1.334539	I:	D:
12787	13623	+	1	1.305338	I:	D:
13756	14580	+	1	1.320286	I:	D:
14577	17306	+	3	1.340912	I:	D:
17349	18473	+	3	1.355966	I:	D:
18598	19440	+	1	1.326171	I:	D:
19464	20177	+	3	1.320942	I:	D:
20194	20931	-	1	1.358846	I:	D:
21124	21486	+	1	1.331753	I:	D:
21491	22195	+	2	1.343745	I:	D:
22296	24701	+	3	1.342653	I:	D:
24722	25558	+	2	1.338119	I:	D:
25892	26179	+	2	1.325016	I:	D:
26198	27199	+	2	1.326532	I:	D:
27201	27485	+	3	1.341343	I:	D:
27503	27799	+	2	1.323057	I:	D:
27835	28146	+	1	1.314868	I:	D:
28172	29542	+	2	1.338134	I:	D:
29572	32127	+	1	1.333781	I:	D:
32158	33084	+	1	1.342644	I:	D:
33101	33451	+	2	1.326990	I:	D:
33466	33927	+	1	1.357455	I:	D:
33930	35072	+	3	1.338645	I:	D:
35069	35773	+	2	1.357892	I:	D:
35758	36600	+	1	1.317923	I:	D:
36606	36911	+	3	1.344430	I:	D:
36905	37174	+	2	1.330777	I:	D:
37201	37839	+	1	1.323025	I:	D:
37852	38598	+	1	1.332091	I:	D:
38634	40265	+	3	1.329804	I:	D:
40277	40927	+	2	1.342265	I:	D:
41012	41296	+	2	1.325015	I:	D:
41399	42568	-	2	1.319902	I:	D:
42616	43980	-	1	1.326408	I:	D:
44176	44484	+	1	1.321121	I:	D:
44750	45070	-	2	1.334240	I:	D:
45176	45376	+	2	1.325414	I:	D:
45517	46575	+	1	1.333542	I:	D:
46581	47069	+	3	1.337633	I:	D:
47073	48128	+	3	1.354758	I:	D:
48133	48657	+	1	1.351623	I:	D:
48713	49603	+	2	1.299848	I:	D:
49631	50308	+	2	1.338825	I:	D:
50298	51449	+	3	1.347112	I:	D:
51451	52395	+	1	1.346191	I:	D:
52392	53531	+	3	1.342623	I:	D:
53536	54297	+	1	1.341156	I:	D:
54310	54897	-	1	1.346444	I:	D:
54931	55767	-	1	1.364141	I:	D:
55806	56357	+	3	1.348753	I:	D:
56341	57372	+	1	1.326716	I:	D:
57398	58036	+	2	1.341928	I:	D:
58047	58871	+	3	1.342223	I:	D:
58884	60035	+	3	1.348159	I:	D:
60098	60388	+	2	1.372760	I:	D:
60854	61684	+	2	1.352081	I:	D:
61711	62334	+	1	1.338285	I:	D:
62318	63694	+	2	1.344597	I:	D:
63678	65318	+	3	1.340178	I:	D:
65423	65737	+	2	1.390990	I:	D:
66047	66541	+	2	1.317388	I:	D:
66573	66770	+	3	1.342958	I:	D:
66800	67156	+	2	1.329504	I:	D:
67179	67340	-	3	1.354746	I:	D:
67381	67671	+	1	1.367383	I:	D:
68196	69410	+	3	1.316097	I:	D:
69463	70710	+	1	1.345518	I:	D:
70842	71897	+	3	1.337248	I:	D:
71986	74244	+	1	1.326779	I:	D:
74262	75152	+	3	1.325814	I:	D:
75156	76010	+	3	1.327208	I:	D:
76081	77478	+	1	1.312479	I:	D:
77529	78839	+	3	1.328103	I:	D:
78907	79680	+	1	1.319814	I:	D:
79707	81380	+	3	1.335582	I:	D:
81527	82897	-	2	1.333605	I:	D:
83467	83613	+	1	1.318923	I:	D:
84113	85948	-	2	1.335154	I:	D:
85948	87639	-	1	1.325945	I:	D:
87696	87923	+	3	1.301307	I:	D:
88158	89183	+	3	1.343197	I:	D:
89348	89491	+	2	1.373838	I:	D:
89499	90059	+	3	1.321606	I:	D:
90198	91697	+	3	1.354973	I:	D:
91858	93045	+	1	1.318871	I:	D:
93280	93717	+	1	1.310457	I:	D:
93714	94790	+	3	1.328935	I:	D:
94929	95120	+	3	1.379422	I:	D:
94787	96100	+	2	1.331979	I:	D:
96203	97024	+	2	1.315059	I:	D:
97140	97979	+	3	1.308263	I:	D:
98039	98305	+	2	1.358167	I:	D:
98399	101173	+	2	1.331879	I:	D:
101175	102311	+	3	1.327923	I:	D:
102721	103557	+	1	1.325726	I:	D:
103576	104289	+	1	1.323363	I:	D:
104321	105181	-	2	1.346721	I:	D:
105202	105723	+	1	1.330964	I:	D:
105728	106429	+	2	1.332158	I:	D:
>YB3_12202
1	1224	-	1	1.360332	I:	D:
1889	2500	+	2	1.289856	I:	D:
2619	2897	+	3	1.320544	I:	D:
2931	3278	+	3	1.287316	I:	D:
3332	3526	+	2	1.439917	I:	D:
3684	4898	+	3	1.283777	I:	D:
5174	5311	+	2	1.313503	I:	D:
5872	6072	+	1	1.269474	I:	D:
6154	7344	+	1	1.307568	I:	D:
7440	8654	-	3	1.349097	I:	D:
>YB3_14080
191	1093	-	2	1.293150	I:	D:
1098	1730	-	3	1.338475	I:	D:
1786	2202	-	1	1.304147	I:	D:
2218	2376	-	1	1.327750	I:	D:
2401	3546	-	1	1.321173	I:	D:
3548	5059	-	2	1.323630	I:	D:
5063	6001	-	2	1.284861	I:	D:
6016	7290	-	1	1.323709	I:	D:
7268	8374	-	2	1.295459	I:	D:
8601	9782	+	3	1.338857	I:	D:
9960	10943	-	3	1.311193	I:	D:
10962	11975	-	3	1.312520	I:	D:
11979	13070	-	3	1.305463	I:	D:
13067	14218	-	2	1.320038	I:	D:
14226	15644	-	3	1.335212	I:	D:
15651	15878	-	3	1.349743	I:	D:
15982	16662	-	1	1.342050	I:	D:
16697	17746	-	2	1.346912	I:	D:
17730	18491	-	3	1.333093	I:	D:
18495	19241	-	3	1.310703	I:	D:
19278	20000	-	3	1.361601	I:	D:
19997	20521	-	2	1.343022	I:	D:
20763	21245	-	3	1.337892	I:	D:
21388	21540	-	1	1.281849	I:	D:
21641	23032	-	2	1.326589	I:	D:
22602	22757	+	3	1.390089	I:	D:
23032	23922	-	1	1.339019	I:	D:
24010	24921	-	1	1.350308	I:	D:
25038	25535	-	3	1.342263	I:	D:
25539	26114	-	3	1.344050	I:	D:
26297	27721	-	2	1.339117	I:	D:
27838	28761	+	1	1.346573	I:	D:
29016	29171	+	3	1.349579	I:	D:
29271	30938	-	3	1.328466	I:	D:
31027	31479	-	1	1.313592	I:	D:
31586	31843	-	2	1.310875	I:	D:
31900	32184	-	1	1.296096	I:	D:
32287	32862	+	1	1.347822	I:	D:
32879	34651	+	2	1.345576	I:	D:
34686	36494	+	3	1.331283	I:	D:
36500	38833	-	2	1.340883	I:	D:
38833	39300	-	1	1.372716	I:	D:
39300	40139	-	3	1.349591	I:	D:
40186	41631	-	1	1.346226	I:	D:
41631	42989	-	3	1.340722	I:	D:
42993	45251	-	3	1.366169	I:	D:
45385	46149	-	1	1.313812	I:	D:
46217	47233	-	2	1.344384	I:	D:
47256	47945	-	3	1.353130	I:	D:
48081	49178	+	3	1.349726	I:	D:
49190	49801	-	2	1.364781	I:	D:
50037	50618	-	3	1.315714	I:	D:
50632	51429	-	1	1.337316	I:	D:
51442	52788	-	1	1.334288	I:	D:
52826	54262	-	2	1.324033	I:	D:
54369	55223	-	3	1.344774	I:	D:
55240	56181	-	1	1.322917	I:	D:
56525	60799	+	2	1.342098	I:	D:
60873	62123	-	3	1.331362	I:	D:
62233	63957	-	1	1.338130	I:	D:
63998	65365	-	2	1.354384	I:	D:
65396	65530	-	2	1.300886	I:	D:
65557	66051	+	1	1.327310	I:	D:
66070	66225	+	1	1.381309	I:	D:
66430	67857	+	1	1.333050	I:	D:
67914	68123	-	3	1.393608	I:	D:
68354	68965	-	2	1.341388	I:	D:
69199	69360	+	1	1.381984	I:	D:
>YB3_14559
58	402	+	1	1.360061	I:	D:
422	1882	+	2	1.314254	I:	D:
2122	2355	+	1	1.395989	I:	D:
2377	3741	-	1	1.341099	I:	D:
3861	4562	-	3	1.352161	I:	D:
4555	5640	-	1	1.349067	I:	D:
5637	6284	-	3	1.321087	I:	D:
6303	7676	-	3	1.356143	I:	D:
7819	8649	-	1	1.361846	I:	D:
8909	10315	-	2	1.342802	I:	D:
10452	10580	+	3	1.350572	I:	D:
10654	11910	+	1	1.323645	I:	D:
11925	13106	+	3	1.350320	I:	D:
13121	14470	+	2	1.332536	I:	D:
14489	15118	+	2	1.325087	I:	D:
15284	15502	+	2	1.368615	I:	D:
15495	15797	+	3	1.349129	I:	D:
15797	16414	+	2	1.310931	I:	D:
16477	16806	-	1	1.283530	I:	D:
16919	17971	-	2	1.329191	I:	D:
17983	23538	-	1	1.324168	I:	D:
23658	25064	-	3	1.329063	I:	D:
25153	26277	-	1	1.340627	I:	D:
26365	26541	-	1	1.356857	I:	D:
26769	28004	-	3	1.333769	I:	D:
28079	29392	+	2	1.353155	I:	D:
29379	30386	+	3	1.358774	I:	D:
30477	33104	-	3	1.325849	I:	D:
33318	33488	-	3	1.363192	I:	D:
33508	34695	-	1	1.325669	I:	D:
35164	37020	-	1	1.339261	I:	D:
37116	38408	-	3	1.319785	I:	D:
38575	41055	-	1	1.332586	I:	D:
41274	42437	-	3	1.363297	I:	D:
42554	43066	-	2	1.317741	I:	D:
43122	44018	-	3	1.299809	I:	D:
44018	44785	-	2	1.330630	I:	D:
45031	46086	+	1	1.343603	I:	D:
46165	46332	+	1	1.370065	I:	D:
46605	46784	-	3	1.324621	I:	D:
47012	48139	-	2	1.339754	I:	D:
48242	49006	-	2	1.337240	I:	D:
49044	50915	-	3	1.350079	I:	D:
50939	52318	-	2	1.330592	I:	D:
52406	53200	-	2	1.333732	I:	D:
53212	54534	-	1	1.317086	I:	D:
54549	54746	+	3	1.390375	I:	D:
54780	55124	-	3	1.357999	I:	D:
55516	56133	-	1	1.339272	I:	D:
56213	56431	-	2	1.330673	I:	D:
56500	57918	+	1	1.326212	I:	D:
57941	58132	+	2	1.366840	I:	D:
58198	59316	+	1	1.311443	I:	D:
59317	59601	+	1	1.319729	I:	D:
59621	60706	+	2	1.342355	I:	D:
60740	62656	+	2	1.329761	I:	D:
62692	65202	+	1	1.320232	I:	D:
>YB3_14642
338	2191	-	2	1.342635	I:	D:
2329	5841	-	1	1.337980	I:	D:
5921	7990	-	2	1.343369	I:	D:
7987	9114	-	1	1.331413	I:	D:
9104	11470	-	2	1.353408	I:	D:
11431	12546	-	1	1.336574	I:	D:
12643	13506	+	1	1.341157	I:	D:
13530	13775	+	3	1.312945	I:	D:
13985	15586	+	2	1.330415	I:	D:
15586	17430	+	1	1.342186	I:	D:
17427	18914	+	3	1.349389	I:	D:
18977	21412	-	2	1.344132	I:	D:
21436	22308	-	1	1.326428	I:	D:
22318	23244	-	1	1.342991	I:	D:
23372	23617	-	2	1.294447	I:	D:
23715	24869	-	3	1.330117	I:	D:
24886	26061	-	1	1.332168	I:	D:
26167	26436	-	1	1.369353	I:	D:
26645	26818	-	2	1.343136	I:	D:
26949	27377	+	3	1.310632	I:	D:
27445	27726	+	1	1.316362	I:	D:
27768	28496	-	3	1.335989	I:	D:
28502	28759	-	2	1.330512	I:	D:
28868	29449	-	2	1.318015	I:	D:
29553	31967	-	3	1.331956	I:	D:
32094	32255	+	3	1.405278	I:	D:
32368	33369	-	1	1.321036	I:	D:
33373	34716	-	1	1.330434	I:	D:
34737	37115	-	3	1.340567	I:	D:
37245	37409	+	3	1.355603	I:	D:
37412	38116	-	2	1.345471	I:	D:
38205	38732	-	3	1.344186	I:	D:
38771	38986	-	2	1.331871	I:	D:
39283	39609	-	1	1.342674	I:	D:
39629	40321	-	2	1.327951	I:	D:
40554	41126	-	3	1.343877	I:	D:
41136	41522	-	3	1.341781	I:	D:
41548	42042	-	1	1.352128	I:	D:
42072	42764	-	3	1.371538	I:	D:
42945	43595	+	3	1.357278	I:	D:
43677	43841	-	3	1.344689	I:	D:
43930	46023	-	1	1.326496	I:	D:
46353	47372	+	3	1.339725	I:	D:
47407	48537	+	1	1.336615	I:	D:
48559	49851	+	1	1.349301	I:	D:
49851	50363	+	3	1.317349	I:	D:
50442	51929	-	3	1.332022	I:	D:
51946	53022	-	1	1.326636	I:	D:
53147	54544	-	2	1.362476	I:	D:
54617	55435	+	2	1.333573	I:	D:
55793	56509	-	2	1.320958	I:	D:
56502	57893	-	3	1.314407	I:	D:
58247	58420	-	2	1.304736	I:	D:
58475	58690	-	2	1.325206	I:	D:
58942	59280	+	1	1.344070	I:	D:
59390	59929	+	2	1.345302	I:	D:
60230	60868	-	2	1.322762	I:	D:
60891	61403	-	3	1.338484	I:	D:
61845	62951	+	3	1.316124	I:	D:
62966	63889	+	2	1.326210	I:	D:
63882	64655	+	3	1.315687	I:	D:
>YB3_15242
178	1311	-	1	1.356004	I:	D:
1308	2495	-	3	1.333334	I:	D:
2509	4146	-	1	1.318280	I:	D:
4228	4899	-	1	1.362586	I:	D:
5129	5257	+	2	1.342225	I:	D:
>YB3_15511
3	278	+	3	1.304678	I:	D:
621	959	+	3	1.334468	I:	D:
1133	2038	-	2	1.344923	I:	D:
2038	2379	-	1	1.297219	I:	D:
2587	2856	+	1	1.306203	I:	D:
2914	4329	+	1	1.342447	I:	D:
4341	6479	+	3	1.321082	I:	D:
6480	7079	+	3	1.313173	I:	D:
7066	7662	+	1	1.308623	I:	D:
7776	8309	+	3	1.347991	I:	D:
8533	9897	-	1	1.332856	I:	D:
9890	10342	-	2	1.348243	I:	D:
10499	11476	+	2	1.312842	I:	D:
11491	12054	+	1	1.336905	I:	D:
12111	12374	-	3	1.337621	I:	D:
12605	13666	+	2	1.347605	I:	D:
13795	15060	+	1	1.340278	I:	D:
15115	16929	+	1	1.334118	I:	D:
16954	18150	+	1	1.350239	I:	D:
18167	19666	+	2	1.342431	I:	D:
19672	19977	-	1	1.334857	I:	D:
19978	20685	-	1	1.356222	I:	D:
20703	21710	-	3	1.335036	I:	D:
21905	22390	+	2	1.348827	I:	D:
22402	23352	+	1	1.314029	I:	D:
23396	24793	+	2	1.342345	I:	D:
24851	25033	+	2	1.325081	I:	D:
25056	25889	+	3	1.350094	I:	D:
25889	26572	+	2	1.346491	I:	D:
26724	27230	+	3	1.345057	I:	D:
27259	28278	+	1	1.326548	I:	D:
28381	28650	+	1	1.314221	I:	D:
28701	29621	-	3	1.318687	I:	D:
29686	30990	+	1	1.329807	I:	D:
31042	31527	+	1	1.333910	I:	D:
31586	31714	+	2	1.314043	I:	D:
32069	32353	+	2	1.341942	I:	D:
32589	33866	+	3	1.331007	I:	D:
33945	34220	-	3	1.319610	I:	D:
34293	35426	+	3	1.342318	I:	D:
35588	36727	+	2	1.351002	I:	D:
36837	37358	+	3	1.323198	I:	D:
37380	38564	+	3	1.326569	I:	D:
38582	38857	+	2	1.340735	I:	D:
38844	39179	+	3	1.338944	I:	D:
39166	42033	+	1	1.334116	I:	D:
42073	42453	+	1	1.334876	I:	D:
42454	43422	+	1	1.334834	I:	D:
43423	44379	+	1	1.358440	I:	D:
44376	45317	+	3	1.340315	I:	D:
45458	45724	+	2	1.324809	I:	D:
45918	48011	+	3	1.327795	I:	D:
48103	49551	+	1	1.337738	I:	D:
49553	51469	+	2	1.342260	I:	D:
51439	51999	+	1	1.335964	I:	D:
52328	52648	+	2	1.319940	I:	D:
52853	53533	+	2	1.314548	I:	D:
53530	55053	+	1	1.321124	I:	D:
55186	56481	+	1	1.328978	I:	D:
56680	57246	+	1	1.317849	I:	D:
57250	57822	+	1	1.326331	I:	D:
57838	58710	+	1	1.327033	I:	D:
58783	58911	+	1	1.331119	I:	D:
58949	59143	+	2	1.320539	I:	D:
>YB3_16130
176	955	-	2	1.299019	I:	D:
1081	1812	+	1	1.329435	I:	D:
1895	4180	-	2	1.328780	I:	D:
4491	4982	-	3	1.316063	I:	D:
5011	6708	-	1	1.328800	I:	D:
6850	7953	-	1	1.336808	I:	D:
7994	9460	-	2	1.366124	I:	D:
9480	10337	-	3	1.319542	I:	D:
10375	12120	-	1	1.337588	I:	D:
12195	13574	-	3	1.307506	I:	D:
13614	14444	-	3	1.330021	I:	D:
14459	15358	-	2	1.339251	I:	D:
15380	17122	-	2	1.320429	I:	D:
17167	18267	-	1	1.340956	I:	D:
18300	18596	-	3	1.349057	I:	D:
18658	20043	-	1	1.336101	I:	D:
20180	20803	-	2	1.351787	I:	D:
21022	23406	-	1	1.337476	I:	D:
23491	23832	-	1	1.364773	I:	D:
23945	25678	-	2	1.318683	I:	D:
25698	27155	-	3	1.358176	I:	D:
27271	28173	-	1	1.311655	I:	D:
28188	28979	-	3	1.328649	I:	D:
29019	29936	-	3	1.329757	I:	D:
30033	32129	-	3	1.347082	I:	D:
32163	32852	-	3	1.336630	I:	D:
32915	34705	-	2	1.350843	I:	D:
34928	35665	+	2	1.316838	I:	D:
35887	36909	+	1	1.332200	I:	D:
36987	37820	-	3	1.344965	I:	D:
37922	38290	-	2	1.327394	I:	D:
38287	39168	-	1	1.345347	I:	D:
39165	39989	-	3	1.352786	I:	D:
39986	40750	-	2	1.349996	I:	D:
40800	40964	-	3	1.313025	I:	D:
41152	41454	-	1	1.333588	I:	D:
41465	42286	-	2	1.355838	I:	D:
42455	43258	+	2	1.333929	I:	D:
43242	44000	+	3	1.328538	I:	D:
44037	45560	-	3	1.319684	I:	D:
45603	46928	-	3	1.314846	I:	D:
47142	48509	-	3	1.359747	I:	D:
48567	48809	+	3	1.388901	I:	D:
48830	49354	+	2	1.379542	I:	D:
49472	50119	+	2	1.357447	I:	D:
50123	51415	-	2	1.379640	I:	D:
51402	52514	-	3	1.348846	I:	D:
52522	53133	-	1	1.326693	I:	D:
53221	53607	-	1	1.330103	I:	D:
53891	54448	-	2	1.324555	I:	D:
55364	55492	-	2	1.379255	I:	D:
>YB3_16243
3	209	-	3	1.336810	I:	D:
292	1302	-	1	1.317557	I:	D:
1457	1624	+	2	1.313302	I:	D:
1748	3241	+	2	1.328388	I:	D:
3238	4383	+	1	1.333992	I:	D:
4376	5602	+	2	1.314578	I:	D:
5599	8475	+	1	1.326544	I:	D:
8479	9762	+	1	1.316494	I:	D:
9817	11205	-	1	1.324170	I:	D:
11085	11486	+	3	1.385594	I:	D:
11527	12378	-	1	1.334692	I:	D:
12460	12999	+	1	1.336776	I:	D:
13220	14254	+	2	1.344241	I:	D:
14260	16116	+	1	1.344270	I:	D:
16118	17275	+	2	1.342904	I:	D:
17338	18672	+	1	1.340821	I:	D:
18732	18989	+	3	1.373329	I:	D:
19128	21020	-	3	1.338952	I:	D:
21020	22744	-	2	1.331866	I:	D:
22970	25852	+	2	1.330678	I:	D:
25910	26551	+	2	1.339778	I:	D:
26553	27029	+	3	1.310777	I:	D:
27033	27311	+	3	1.338865	I:	D:
27358	28719	+	1	1.313755	I:	D:
28752	30389	+	3	1.345674	I:	D:
30457	30624	-	1	1.383041	I:	D:
30750	31505	+	3	1.346478	I:	D:
31556	32518	+	2	1.308103	I:	D:
32522	33271	+	2	1.327030	I:	D:
33287	34441	+	2	1.345124	I:	D:
34477	35658	+	1	1.331869	I:	D:
35722	35955	-	1	1.309869	I:	D:
36094	37467	+	1	1.348787	I:	D:
37562	37822	+	2	1.302369	I:	D:
38131	38601	+	1	1.321066	I:	D:
38603	38881	+	2	1.317787	I:	D:
38912	40957	+	2	1.331262	I:	D:
40991	41545	+	2	1.336817	I:	D:
41549	42202	+	2	1.343192	I:	D:
42212	43438	+	2	1.336701	I:	D:
43458	44282	+	3	1.342664	I:	D:
44313	47261	+	3	1.339448	I:	D:
47278	48192	+	1	1.311751	I:	D:
48207	48857	+	3	1.357635	I:	D:
48899	49666	+	2	1.341625	I:	D:
49721	51109	+	2	1.333606	I:	D:
51282	52814	+	3	1.316531	I:	D:
52811	53500	+	2	1.311978	I:	D:
53759	54757	+	2	1.344851	I:	D:
54893	55165	+	2	1.300565	I:	D:
>YB3_16714
34	2349	-	1	1.330036	I:	D:
2525	3694	+	2	1.335274	I:	D:
3745	3888	-	1	1.358812	I:	D:
3997	4530	+	1	1.322030	I:	D:
4539	5426	-	3	1.328562	I:	D:
5423	6244	-	2	1.342369	I:	D:
6252	7679	-	3	1.320268	I:	D:
7728	8555	-	3	1.331230	I:	D:
8545	9420	-	1	1.328235	I:	D:
9442	10404	-	1	1.328613	I:	D:
10538	11350	-	2	1.326178	I:	D:
11485	12246	-	1	1.332376	I:	D:
12375	12854	-	3	1.318454	I:	D:
12898	14505	-	1	1.337023	I:	D:
14605	16086	-	1	1.328387	I:	D:
16140	16850	-	3	1.317831	I:	D:
16865	17623	-	2	1.330344	I:	D:
17623	18684	-	1	1.328538	I:	D:
18695	19576	-	2	1.337569	I:	D:
19660	20868	-	1	1.318229	I:	D:
21034	22044	-	1	1.347932	I:	D:
22077	22709	-	3	1.345737	I:	D:
22728	24056	-	3	1.316004	I:	D:
24072	25487	-	3	1.333646	I:	D:
25722	26906	+	3	1.330781	I:	D:
26975	27826	-	2	1.354501	I:	D:
27862	28203	-	1	1.347816	I:	D:
28200	28856	-	3	1.330632	I:	D:
28857	29774	-	3	1.327404	I:	D:
29818	30396	-	1	1.343899	I:	D:
30452	30817	-	2	1.349094	I:	D:
30914	32197	-	2	1.315349	I:	D:
32300	33223	-	2	1.338045	I:	D:
33230	35899	-	2	1.324203	I:	D:
35902	37410	-	1	1.331814	I:	D:
37508	38086	-	2	1.316225	I:	D:
38107	39351	-	1	1.328559	I:	D:
39391	39612	-	1	1.324544	I:	D:
39628	40491	-	1	1.330641	I:	D:
40577	42220	-	2	1.352435	I:	D:
42243	43547	-	3	1.364611	I:	D:
43554	43958	-	3	1.361607	I:	D:
44040	45746	-	3	1.340625	I:	D:
45866	46363	-	2	1.322897	I:	D:
46369	47364	-	1	1.329667	I:	D:
47372	48595	-	2	1.358742	I:	D:
48622	48924	-	1	1.344963	I:	D:
49032	49994	+	3	1.352044	I:	D:
50273	51001	-	2	1.293075	I:	D:
51110	51358	-	2	1.318327	I:	D:
51393	51659	-	3	1.332022	I:	D:
51967	52137	+	1	1.364643	I:	D:
52320	52538	-	3	1.328264	I:	D:
>YB3_17916
122	316	-	2	1.451406	I:	D:
370	717	-	1	1.286026	I:	D:
751	1029	-	1	1.319093	I:	D:
1148	1759	-	2	1.284959	I:	D:
2424	3704	+	3	1.366643	I:	D:
3803	3934	-	2	1.272949	I:	D:
4113	4313	+	3	1.332942	I:	D:
4321	4854	+	1	1.338044	I:	D:
7273	7431	+	1	1.346156	I:	D:
7659	8387	+	3	1.325456	I:	D:
8488	8838	-	1	1.302734	I:	D:
9269	9754	-	2	1.265632	I:	D:
